
Gurobi 9.5.0 (linux64) logging started Thu Mar 24 19:04:31 2022

Set parameter LogFile to value "/local_workspace/chenrui/LogFiles/TKP_U76_DWcuts.log"
Gurobi Optimizer version 9.5.0 build v9.5.0rc5 (linux64)
Thread count: 56 physical cores, 56 logical processors, using up to 4 threads
Optimize a model with 1032 rows, 1000 columns and 42546 nonzeros
Model fingerprint: 0x7d5c4826
Variable types: 0 continuous, 1000 integer (1000 binary)
Coefficient statistics:
  Matrix range     [4e-13, 1e+02]
  Objective range  [1e+00, 1e+02]
  Bounds range     [1e+00, 1e+00]
  RHS range        [5e+02, 1e+03]
Found heuristic solution: objective -17120.00000
Presolve removed 559 rows and 0 columns
Presolve time: 0.05s
Presolved: 473 rows, 1000 columns, 20057 nonzeros
Variable types: 0 continuous, 1000 integer (1000 binary)
Found heuristic solution: objective -25783.00000

Root relaxation: objective -3.023698e+04, 623 iterations, 0.01 seconds (0.01 work units)

    Nodes    |    Current Node    |     Objective Bounds      |     Work
 Expl Unexpl |  Obj  Depth IntInf | Incumbent    BestBd   Gap | It/Node Time

     0     0 -30236.985    0   53 -25783.000 -30236.985  17.3%     -    0s
H    0     0                    -29080.00028 -30236.985  3.98%     -    0s
H    0     0                    -29741.00000 -30236.985  1.67%     -    0s
H    0     0                    -29793.00000 -30236.985  1.49%     -    0s
H    0     0                    -29797.00000 -30236.985  1.48%     -    0s
H    0     0                    -29867.00000 -30236.985  1.24%     -    0s
H    0     0                    -29913.00000 -30236.985  1.08%     -    0s
H    0     0                    -29955.00000 -30236.985  0.94%     -    0s
     0     0 -30236.985    0   84 -29955.000 -30236.985  0.94%     -    0s
H    0     0                    -30024.00000 -30236.985  0.71%     -    0s
     0     0 -30236.985    0   73 -30024.000 -30236.985  0.71%     -    0s
H    0     0                    -30051.00000 -30236.985  0.62%     -    0s
     0     0 -30236.985    0   95 -30051.000 -30236.985  0.62%     -    0s
     0     0 -30236.985    0   92 -30051.000 -30236.985  0.62%     -    0s
H    0     0                    -30061.00000 -30236.985  0.59%     -    0s
     0     0 -30236.985    0   92 -30061.000 -30236.985  0.59%     -    0s
     0     0 -30236.985    0   92 -30061.000 -30236.985  0.59%     -    0s
H    0     0                    -30083.00000 -30236.985  0.51%     -    0s
     0     2 -30236.985    0   79 -30083.000 -30236.985  0.51%     -    0s
H   31    35                    -30102.00000 -30236.985  0.45%   101    0s
H  155   155                    -30104.00000 -30236.985  0.44%  36.9    0s
H  281   269                    -30107.00000 -30236.985  0.43%  32.0    0s
H  403   367                    -30109.00000 -30236.985  0.43%  34.8    1s
H  406   360                    -30116.00000 -30236.985  0.40%  36.0    1s
H  801   700                    -30123.00000 -30236.985  0.38%  38.5    1s
H 1052   835                    -30127.00000 -30236.985  0.37%  39.0    1s
H 1054   796                    -30137.00000 -30236.985  0.33%  38.9    2s
H 1161   821                    -30141.00000 -30236.984  0.32%  40.7    2s
H 1698   981                    -30142.00000 -30236.984  0.32%  32.2    3s
H 2154  1171                    -30144.00000 -30236.984  0.31%  28.4    3s
  7499  5058 -30222.941   46   86 -30144.000 -30236.984  0.31%  19.2    5s
H10528  7608                    -30145.00000 -30236.984  0.31%  18.4    5s
 21262 14428 -30193.688   76   92 -30145.000 -30236.981  0.31%  15.8   11s
H21274 13714                    -30156.00000 -30234.283  0.26%  15.8   12s
 21295 13728 -30228.374   33  166 -30156.000 -30231.059  0.25%  15.8   15s
 21334 13754 -30225.682   28  185 -30156.000 -30225.682  0.23%  15.7   20s
 21364 13774 -30156.000  110  177 -30156.000 -30223.608  0.22%  15.7   25s
 21423 13814 -30201.091   32  144 -30156.000 -30222.229  0.22%  18.2   30s
 21458 13838 -30199.828   58  215 -30156.000 -30221.034  0.22%  18.2   35s
 21481 13853 -30219.460   49  244 -30156.000 -30219.460  0.21%  18.2   40s
 21529 13886 -30188.117  194  238 -30156.000 -30219.084  0.21%  19.6   45s
 21552 13901 -30156.163   40  239 -30156.000 -30218.147  0.21%  19.5   50s
 21604 13937 -30156.000   91  235 -30156.000 -30217.321  0.20%  20.3   55s
 21650 13969 -30208.964   39  143 -30156.000 -30216.837  0.20%  21.0   60s
 21692 13997 -30215.675   43  262 -30156.000 -30215.675  0.20%  20.9   65s
 21751 14039 -30166.049   87  269 -30156.000 -30215.282  0.20%  21.9   70s
 21792 14067 -30214.878   43  269 -30156.000 -30214.878  0.20%  22.2   75s
 21837 14099 -30177.276  119  259 -30156.000 -30214.263  0.19%  22.4   80s
 21880 14128 -30172.263  187  249 -30156.000 -30213.900  0.19%  22.8   85s
 21933 14166 -30163.513   77  255 -30156.000 -30213.866  0.19%  23.4   90s
 22027 14239 -30206.907  162  196 -30156.000 -30212.915  0.19%  24.7   95s
 23521 14963 -30196.173  169  208 -30156.000 -30211.166  0.18%  32.1  100s
 25296 15541 -30200.977  163  188 -30156.000 -30209.256  0.18%  41.5  105s
 27113 16285 -30159.184  171  157 -30156.000 -30208.395  0.17%  50.3  110s
 28279 16701 -30167.483  173  213 -30156.000 -30207.914  0.17%  54.6  115s
 29920 17407 -30176.812  177  198 -30156.000 -30207.140  0.17%  62.2  120s
 31372 18093 -30193.027  167  225 -30156.000 -30206.827  0.17%  69.4  125s
 33436 18884 -30191.913  177  120 -30156.000 -30206.285  0.17%  75.0  130s
 35631 19620 -30172.275  181  185 -30156.000 -30205.926  0.17%  81.1  136s
 37153 20020 -30175.140  178  170 -30156.000 -30205.607  0.16%  86.6  141s
 38711 20544 -30189.062  171  214 -30156.000 -30205.319  0.16%  92.0  146s
 40492 21143 -30202.544  160  238 -30156.000 -30204.970  0.16%  96.1  151s
H41121 20597                    -30156.00000 -30204.848  0.16%  97.8  153s
 42261 20773 -30182.978  166  202 -30156.000 -30204.598  0.16%   100  156s
 42573 21372     cutoff  186      -30156.000 -30204.585  0.16%   101  160s
 44859 21946     cutoff  188      -30156.000 -30204.345  0.16%   108  166s
 45675 22245 -30198.500  161  226 -30156.000 -30204.242  0.16%   110  171s
 47050 22675 -30188.564  168  170 -30156.000 -30204.088  0.16%   113  175s
 49019 23214 -30175.699  193  169 -30156.000 -30203.848  0.16%   118  181s
 50521 23691 -30182.051  174  205 -30156.000 -30203.715  0.16%   120  185s
 52482 24242 -30175.723  170  222 -30156.000 -30203.504  0.16%   123  190s
 54202 24665 -30192.541  176  203 -30156.000 -30203.323  0.16%   126  196s
 55377 25186 -30158.457  171  180 -30156.000 -30203.181  0.16%   128  200s
 56768 25670 -30195.050  172  178 -30156.000 -30203.058  0.16%   130  206s
 58105 26035 -30178.398  178  194 -30156.000 -30202.955  0.16%   132  210s
 60072 26593     cutoff  193      -30156.000 -30202.771  0.16%   134  215s
 61918 27103 -30167.029  166  217 -30156.000 -30202.638  0.15%   137  221s
 63696 28155 -30191.402  164  208 -30156.000 -30202.483  0.15%   139  226s
 65017 29011 -30170.342  183  183 -30156.000 -30202.370  0.15%   139  230s
 66764 30135 -30192.815  171  182 -30156.000 -30202.276  0.15%   141  235s
 68422 31204 -30182.979  169  213 -30156.000 -30202.143  0.15%   143  240s
 70176 32227 -30172.630  188  165 -30156.000 -30201.994  0.15%   144  245s
 71808 33361     cutoff  174      -30156.000 -30201.890  0.15%   146  250s
 73718 34436 -30185.853  172  192 -30156.000 -30201.791  0.15%   148  256s
 75590 35443 -30199.177  166  202 -30156.000 -30201.674  0.15%   149  261s
 76696 36006 -30193.177  171  217 -30156.000 -30201.611  0.15%   150  267s
 77693 36717     cutoff  184      -30156.000 -30201.562  0.15%   151  271s
 78817 37496 -30172.707  169  171 -30156.000 -30201.503  0.15%   152  275s
 80674 38510 -30169.095  170  197 -30156.000 -30201.396  0.15%   153  281s
 81967 39283 -30190.060  171  182 -30156.000 -30201.336  0.15%   154  285s
 83746 40464 -30178.038  175  195 -30156.000 -30201.248  0.15%   156  291s
 85432 41476 -30179.870  182  209 -30156.000 -30201.166  0.15%   157  296s
 86518 42097     cutoff  179      -30156.000 -30201.111  0.15%   158  300s
 88471 42995 -30174.414  189  154 -30156.000 -30201.033  0.15%   159  306s
 89203 43721 -30165.188  195  118 -30156.000 -30201.007  0.15%   160  310s
 90991 44777 -30185.524  176  190 -30156.000 -30200.946  0.15%   161  316s
 92046 45436 -30191.221  168  196 -30156.000 -30200.881  0.15%   162  320s
 93961 46378 -30160.163  172  194 -30156.000 -30200.801  0.15%   163  326s
 94983 47135 -30179.336  183  179 -30156.000 -30200.764  0.15%   164  330s
 96564 48089     cutoff  182      -30156.000 -30200.711  0.15%   165  336s
 97819 48878 -30160.725  173  213 -30156.000 -30200.659  0.15%   165  340s
 99793 50023     cutoff  168      -30156.000 -30200.597  0.15%   166  346s
 101090 50731 -30167.368  176  190 -30156.000 -30200.548  0.15%   167  350s
 103008 51794 -30176.766  210  115 -30156.000 -30200.464  0.15%   167  355s
 104819 52983     cutoff  198      -30156.000 -30200.401  0.15%   168  361s
 106619 53959 -30178.481  176  202 -30156.000 -30200.347  0.15%   168  366s
 107741 54585 -30188.149  170  204 -30156.000 -30200.300  0.15%   169  370s
 108986 55256 -30176.117  185  204 -30156.000 -30200.259  0.15%   169  376s
 110163 56001 -30190.739  171  204 -30156.000 -30200.215  0.15%   170  380s
 112064 57180 -30191.008  170  217 -30156.000 -30200.145  0.15%   171  385s
 113862 58074 -30177.530  187  151 -30156.000 -30200.097  0.15%   171  391s
 114875 58695 -30189.560  169  212 -30156.000 -30200.067  0.15%   172  395s
 116491 59734 -30198.260  168  185 -30156.000 -30200.019  0.15%   174  401s
 117715 60290 -30160.336  194  120 -30156.000 -30199.974  0.15%   174  405s
 119501 61395 -30188.369  171  187 -30156.000 -30199.906  0.15%   174  410s
 121100 62390 -30190.557  182  207 -30156.000 -30199.863  0.15%   175  416s
 122244 63115 -30163.680  180  177 -30156.000 -30199.832  0.15%   176  420s
 124229 64276 -30194.318  175  202 -30156.000 -30199.773  0.15%   176  426s
 125965 65171 -30186.778  174  185 -30156.000 -30199.724  0.14%   177  431s
 126987 65781 -30192.840  177  207 -30156.000 -30199.683  0.14%   177  435s
 128216 66559 -30192.784  173  201 -30156.000 -30199.627  0.14%   178  440s
 130010 67500 -30159.761  177  197 -30156.000 -30199.572  0.14%   178  446s
 131109 68197 -30164.493  186  178 -30156.000 -30199.542  0.14%   179  450s
 132866 69237 -30184.329  173  179 -30156.000 -30199.483  0.14%   180  457s
 134076 69839     cutoff  176      -30156.000 -30199.449  0.14%   180  461s
 135412 70483 -30174.044  184  119 -30156.000 -30199.409  0.14%   180  465s
 137220 71416 -30177.724  174  198 -30156.000 -30199.359  0.14%   181  471s
 138388 72187 -30160.187  188  190 -30156.000 -30199.331  0.14%   182  476s
 139781 72898 -30161.182  163  216 -30156.000 -30199.275  0.14%   182  480s
 141006 73365 -30182.176  175  205 -30156.000 -30199.234  0.14%   182  485s
 142332 74360 -30167.632  192  145 -30156.000 -30199.201  0.14%   183  491s
 143522 75036     cutoff  203      -30156.000 -30199.165  0.14%   183  496s
 144736 75850 -30165.163  191  164 -30156.000 -30199.147  0.14%   183  500s
 146598 76932     cutoff  178      -30156.000 -30199.090  0.14%   184  506s
 147882 77643 -30170.368  186  137 -30156.000 -30199.047  0.14%   184  510s
 149614 78572 -30164.332  182  173 -30156.000 -30199.007  0.14%   185  516s
 150758 79282 -30189.752  167  227 -30156.000 -30198.957  0.14%   185  520s
 152417 80286 -30168.633  181  157 -30156.000 -30198.917  0.14%   186  526s
 153609 80907     cutoff  185      -30156.000 -30198.884  0.14%   186  530s
 155434 81886 -30195.975  173  216 -30156.000 -30198.833  0.14%   186  536s
 156576 82471 -30175.276  197  179 -30156.000 -30198.804  0.14%   187  540s
 158270 83497 -30191.335  171  202 -30156.000 -30198.764  0.14%   187  546s
 159447 84236 -30196.712  168  199 -30156.000 -30198.721  0.14%   187  550s
 161269 85220 -30189.783  168  202 -30156.000 -30198.684  0.14%   188  556s
 162438 85971 -30182.971  170  203 -30156.000 -30198.647  0.14%   188  560s
 164160 87043 -30182.711  187  146 -30156.000 -30198.607  0.14%   189  567s
 165420 87673 -30169.295  189  130 -30156.000 -30198.582  0.14%   189  571s
 166510 88269     cutoff  175      -30156.000 -30198.569  0.14%   190  575s
 168159 89093 -30184.239  171  198 -30156.000 -30198.540  0.14%   190  581s
 169455 89742 -30171.276  176  154 -30156.000 -30198.503  0.14%   190  585s
 171086 90806 -30180.173  172  208 -30156.000 -30198.456  0.14%   190  590s
 172927 91807 -30184.614  168  197 -30156.000 -30198.412  0.14%   190  596s
 174021 92369 -30169.925  189  153 -30156.000 -30198.391  0.14%   191  600s

Cutting planes:
  Gomory: 16
  Cover: 195
  MIR: 426
  StrongCG: 188
  Flow cover: 192
  Zero half: 5
  RLT: 9

Explored 174498 nodes (33308111 simplex iterations) in 600.01 seconds (1518.95 work units)
Thread count was 4 (of 56 available processors)

Solution count 10: -30156 -30156 -30145 ... -30116

Time limit reached
Best objective -3.015600000000e+04, best bound -3.019800000000e+04, gap 0.1393%
