
Gurobi 9.5.0 (linux64) logging started Fri Mar 25 04:05:09 2022

Set parameter LogFile to value "/local_workspace/chenrui/LogFiles/TKP_U95_objLB.log"
Gurobi Optimizer version 9.5.0 build v9.5.0rc5 (linux64)
Thread count: 56 physical cores, 56 logical processors, using up to 4 threads
Optimize a model with 1001 rows, 1000 columns and 52025 nonzeros
Model fingerprint: 0xf518edf1
Variable types: 0 continuous, 1000 integer (1000 binary)
Coefficient statistics:
  Matrix range     [1e+00, 1e+02]
  Objective range  [1e+00, 1e+02]
  Bounds range     [1e+00, 1e+00]
  RHS range        [5e+02, 3e+04]
Found heuristic solution: objective -16388.00000
Presolve added 0 rows and 1 columns
Presolve removed 536 rows and 0 columns
Presolve time: 0.06s
Presolved: 465 rows, 1001 columns, 24946 nonzeros
Variable types: 0 continuous, 1001 integer (1000 binary)
Found heuristic solution: objective -22761.00000

Root relaxation: objective -2.716800e+04, 278 iterations, 0.01 seconds (0.01 work units)

    Nodes    |    Current Node    |     Objective Bounds      |     Work
 Expl Unexpl |  Obj  Depth IntInf | Incumbent    BestBd   Gap | It/Node Time

     0     0 -27168.000    0   47 -22761.000 -27168.000  19.4%     -    0s
H    0     0                    -25931.00000 -27168.000  4.77%     -    0s
H    0     0                    -26545.00000 -27168.000  2.35%     -    0s
H    0     0                    -26703.00000 -27168.000  1.74%     -    0s
H    0     0                    -26749.00000 -27168.000  1.57%     -    0s
     0     0 -27168.000    0   67 -26749.000 -27168.000  1.57%     -    0s
H    0     0                    -26809.00000 -27168.000  1.34%     -    0s
H    0     0                    -26901.00000 -27168.000  0.99%     -    0s
     0     0 -27168.000    0   53 -26901.000 -27168.000  0.99%     -    0s
H    0     0                    -26925.00000 -27168.000  0.90%     -    0s
H    0     0                    -26961.00000 -27168.000  0.77%     -    0s
     0     0 -27168.000    0   42 -26961.000 -27168.000  0.77%     -    0s
     0     0 -27168.000    0   46 -26961.000 -27168.000  0.77%     -    0s
H    0     0                    -26978.00000 -27168.000  0.70%     -    0s
     0     0 -27168.000    0   41 -26978.000 -27168.000  0.70%     -    0s
     0     0 -27168.000    0   34 -26978.000 -27168.000  0.70%     -    0s
H    0     0                    -26996.00000 -27168.000  0.64%     -    0s
H    0     0                    -27001.00000 -27168.000  0.62%     -    0s
     0     0 -27168.000    0   42 -27001.000 -27168.000  0.62%     -    0s
     0     0 -27168.000    0   37 -27001.000 -27168.000  0.62%     -    0s
H    0     0                    -27038.00012 -27168.000  0.48%     -    0s
     0     2 -27168.000    0   37 -27038.000 -27168.000  0.48%     -    0s
H   31    36                    -27054.00000 -27168.000  0.42%  72.3    1s
H   33    36                    -27059.00000 -27168.000  0.40%  68.9    1s
H   34    36                    -27069.00000 -27168.000  0.37%  67.1    1s
H  115   117                    -27085.00000 -27168.000  0.31%  33.9    1s
H  261   270                    -27090.00000 -27168.000  0.29%  26.8    1s
H  880   868                    -27097.00000 -27168.000  0.26%  32.7    1s
H  978   916                    -27104.00000 -27168.000  0.24%  36.0    2s
H 1296  1177                    -27114.00000 -27168.000  0.20%  36.1    2s
  1795  1770 -27168.000   80   65 -27114.000 -27168.000  0.20%  33.1    5s
H 1949  1659                    -27117.00000 -27168.000  0.19%  31.8    5s
 18088 13862     cutoff  160      -27117.000 -27168.000  0.19%  13.7   10s
 33484 24393 -27153.798   88   64 -27117.000 -27168.000  0.19%  12.4   15s
 60090 42496 -27130.458  138   36 -27117.000 -27168.000  0.19%  11.7   20s
 86978 58521 -27166.164  107   47 -27117.000 -27168.000  0.19%  11.2   25s
 109237 72874     cutoff  141      -27117.000 -27168.000  0.19%  11.1   30s
 130705 87371     cutoff  113      -27117.000 -27168.000  0.19%  10.8   35s
 168115 107555 -27142.563  141   39 -27117.000 -27168.000  0.19%  10.4   40s
 197566 121185 -27167.044  124   40 -27117.000 -27168.000  0.19%  10.1   45s
 224582 135066 -27167.472  140   37 -27117.000 -27168.000  0.19%  10.1   50s
 250032 147840 -27168.000  125   30 -27117.000 -27168.000  0.19%   9.9   55s
 272192 158648 -27168.000  122   48 -27117.000 -27168.000  0.19%   9.9   60s
 297267 169930 -27168.000  114   41 -27117.000 -27168.000  0.19%   9.8   65s
 323353 180626 -27155.444  135   35 -27117.000 -27168.000  0.19%   9.8   70s
 352048 193738     cutoff  141      -27117.000 -27168.000  0.19%   9.8   75s
 376927 204983 -27168.000  130   41 -27117.000 -27168.000  0.19%   9.8   80s
 400447 219422 -27168.000  123   39 -27117.000 -27168.000  0.19%   9.9   85s
 427772 234838 -27168.000  121   43 -27117.000 -27168.000  0.19%   9.9   90s
 451234 246224 -27168.000  129   47 -27117.000 -27168.000  0.19%   9.9   95s
 479538 260168 -27168.000  127   34 -27117.000 -27168.000  0.19%  10.0  100s
 506738 274185     cutoff  134      -27117.000 -27168.000  0.19%  10.0  105s
 529089 286046 -27168.000   99   50 -27117.000 -27168.000  0.19%  10.0  110s
 558020 303958     cutoff  114      -27117.000 -27168.000  0.19%  10.0  115s
 584092 317740 -27166.381  129   47 -27117.000 -27168.000  0.19%  10.0  120s
 615199 334358 -27168.000  104   33 -27117.000 -27168.000  0.19%  10.0  125s
 632970 346624 -27152.539  149   40 -27117.000 -27168.000  0.19%   9.9  130s
 665628 363284 -27168.000  148   41 -27117.000 -27168.000  0.19%  10.0  135s
 690150 375682 -27168.000  120   37 -27117.000 -27168.000  0.19%  10.0  140s
 717856 390561 -27162.924  109   61 -27117.000 -27168.000  0.19%  10.0  145s
 747008 406287 -27168.000  119   50 -27117.000 -27168.000  0.19%  10.0  150s
 767511 418297     cutoff  119      -27117.000 -27168.000  0.19%  10.0  155s
 794247 432536 -27168.000  133   36 -27117.000 -27168.000  0.19%  10.0  160s
 821079 447129 -27168.000  132   37 -27117.000 -27168.000  0.19%  10.1  165s
 848060 459538 -27168.000  115   45 -27117.000 -27168.000  0.19%  10.0  170s
 877403 474352     cutoff  118      -27117.000 -27168.000  0.19%  10.0  175s
 902258 487558 -27168.000  106   33 -27117.000 -27168.000  0.19%  10.1  180s
H909149 490071                    -27118.00000 -27168.000  0.18%  10.0  181s
 926144 499248 -27138.072  141   40 -27118.000 -27168.000  0.18%  10.0  185s
 954368 514048 -27162.875  149   43 -27118.000 -27168.000  0.18%  10.0  190s
 979101 527300 -27127.320  134   44 -27118.000 -27168.000  0.18%  10.0  195s
 1002254 538285     cutoff  128      -27118.000 -27168.000  0.18%  10.0  200s
 1028360 550457     cutoff  135      -27118.000 -27168.000  0.18%  10.1  205s
 1054413 563383 -27167.123  127   50 -27118.000 -27168.000  0.18%  10.1  210s
 1078481 573760 -27168.000  117   56 -27118.000 -27168.000  0.18%  10.1  215s
 1100913 585094     cutoff  117      -27118.000 -27168.000  0.18%  10.1  220s
 1122969 595337 -27135.037  128   50 -27118.000 -27168.000  0.18%  10.2  225s
 1150406 606971 -27151.837  146   43 -27118.000 -27168.000  0.18%  10.2  230s
 1176312 617704 -27155.660  134   53 -27118.000 -27168.000  0.18%  10.1  235s
 1201895 628660 -27168.000  116   43 -27118.000 -27168.000  0.18%  10.1  240s
 1228891 641864     cutoff  117      -27118.000 -27168.000  0.18%  10.1  245s
 1256456 654483 -27128.989  143   32 -27118.000 -27168.000  0.18%  10.1  250s
 1277757 667051 -27164.170  146   37 -27118.000 -27168.000  0.18%  10.2  255s
 1301883 680454     cutoff  116      -27118.000 -27168.000  0.18%  10.2  260s
 1321567 690660 -27168.000  122   35 -27118.000 -27168.000  0.18%  10.3  265s
 1347113 704787 -27168.000  109   44 -27118.000 -27168.000  0.18%  10.3  270s
 1375187 720938 -27168.000  126   50 -27118.000 -27168.000  0.18%  10.3  275s
 1398770 731869 -27151.396  141   41 -27118.000 -27168.000  0.18%  10.3  280s
 1420819 741945     cutoff  127      -27118.000 -27168.000  0.18%  10.3  285s
 1446216 756519 -27160.855  126   42 -27118.000 -27168.000  0.18%  10.3  290s
 1467275 768937 -27168.000  114   39 -27118.000 -27168.000  0.18%  10.4  295s
 1488545 781007 -27158.685  145   35 -27118.000 -27168.000  0.18%  10.4  300s
 1513377 793916 -27168.000  114   39 -27118.000 -27168.000  0.18%  10.4  305s
H1529827 797060                    -27121.00000 -27168.000  0.17%  10.4  308s
 1539774 803890 -27168.000   47   52 -27121.000 -27168.000  0.17%  10.4  310s
 1562595 820222 -27168.000  105   59 -27121.000 -27168.000  0.17%  10.5  315s
 1586593 835928 -27168.000  103   39 -27121.000 -27168.000  0.17%  10.5  320s
 1610530 847837 -27154.587  140   45 -27121.000 -27168.000  0.17%  10.5  325s
 1635207 860821 -27138.493   95   63 -27121.000 -27168.000  0.17%  10.5  330s
 1658013 873452     cutoff  134      -27121.000 -27168.000  0.17%  10.5  335s
 1685165 886728 -27138.135  127   45 -27121.000 -27168.000  0.17%  10.6  340s
 1706568 896886 -27150.423  111   41 -27121.000 -27168.000  0.17%  10.6  345s
 1733052 908515 -27167.855  112   41 -27121.000 -27168.000  0.17%  10.5  350s
 1754413 917362 -27166.619  118   50 -27121.000 -27168.000  0.17%  10.5  355s
 1785127 928307 -27131.743  128   39 -27121.000 -27168.000  0.17%  10.5  360s
 1806564 937167 -27137.049  102   57 -27121.000 -27168.000  0.17%  10.5  365s
 1831003 947603 -27137.943  117   56 -27121.000 -27168.000  0.17%  10.5  370s
 1853467 959860 -27158.337  137   50 -27121.000 -27168.000  0.17%  10.6  375s
 1880738 977589 -27168.000  127   53 -27121.000 -27168.000  0.17%  10.6  380s
 1901122 990399 -27168.000   82   54 -27121.000 -27168.000  0.17%  10.6  385s
 1920516 1001664 -27152.452  102   60 -27121.000 -27168.000  0.17%  10.6  390s
 1941606 1013652 -27164.197  130   50 -27121.000 -27168.000  0.17%  10.7  395s
 1961108 1025567 -27168.000   90   52 -27121.000 -27168.000  0.17%  10.7  400s
 1979751 1036321 -27168.000  113   34 -27121.000 -27168.000  0.17%  10.7  405s
 2002402 1049405 -27168.000   88   50 -27121.000 -27168.000  0.17%  10.8  410s
 2022726 1059861 -27156.691   93   66 -27121.000 -27168.000  0.17%  10.8  415s
 2045600 1072436 -27168.000  101   52 -27121.000 -27168.000  0.17%  10.9  420s
 2068325 1085419 -27168.000   86   47 -27121.000 -27168.000  0.17%  10.9  425s
 2091526 1098065 -27157.678  113   56 -27121.000 -27168.000  0.17%  10.9  430s
 2119094 1111990 -27123.323  143   37 -27121.000 -27168.000  0.17%  10.9  435s
 2146288 1125704 -27155.118  133   37 -27121.000 -27168.000  0.17%  10.9  440s
 2171957 1137856 -27152.979  131   42 -27121.000 -27168.000  0.17%  10.8  445s
 2194177 1148935 -27151.559  150   42 -27121.000 -27168.000  0.17%  10.8  450s
 2215061 1159320 -27154.955  112   50 -27121.000 -27168.000  0.17%  10.8  455s
 2244670 1174018     cutoff  115      -27121.000 -27168.000  0.17%  10.8  460s
 2267048 1184410 -27168.000  117   32 -27121.000 -27168.000  0.17%  10.8  465s
 2292282 1195884 -27160.015  125   47 -27121.000 -27168.000  0.17%  10.8  470s
 2316090 1206834 -27168.000  119   53 -27121.000 -27168.000  0.17%  10.8  475s
 2338032 1217503 -27163.354  116   57 -27121.000 -27168.000  0.17%  10.9  480s
 2360794 1228550     cutoff  116      -27121.000 -27168.000  0.17%  10.9  485s
 2383026 1238403 -27168.000  117   45 -27121.000 -27168.000  0.17%  10.9  490s
 2405660 1247578 -27159.571  132   45 -27121.000 -27168.000  0.17%  10.9  495s
 2432407 1257408     cutoff  121      -27121.000 -27168.000  0.17%  10.9  500s
 2453614 1268557 -27168.000  103   44 -27121.000 -27168.000  0.17%  10.9  505s
 2477874 1282510 -27168.000  101   31 -27121.000 -27168.000  0.17%  10.9  510s
 2503734 1297132 -27146.422  106   60 -27121.000 -27168.000  0.17%  10.9  515s
 2529891 1312436 -27168.000  116   42 -27121.000 -27168.000  0.17%  10.9  520s
 2543187 1320035 -27164.271  143   45 -27121.000 -27168.000  0.17%  10.9  525s
 2569490 1334571     cutoff  130      -27121.000 -27168.000  0.17%  11.0  530s
 2597099 1349088 -27168.000  131   38 -27121.000 -27168.000  0.17%  11.0  535s
 2619984 1361774 -27162.004  151   48 -27121.000 -27168.000  0.17%  11.0  540s
 2641845 1373989 -27152.048  147   41 -27121.000 -27168.000  0.17%  11.0  545s
 2670759 1389498 -27148.138  129   53 -27121.000 -27168.000  0.17%  11.0  550s
 2691933 1401389 -27163.066  127   57 -27121.000 -27168.000  0.17%  11.0  555s
 2713832 1412785 -27168.000  120   42 -27121.000 -27168.000  0.17%  11.0  560s
 2738373 1426542     cutoff  101      -27121.000 -27168.000  0.17%  11.0  565s
 2764942 1441428 -27125.390  146   33 -27121.000 -27168.000  0.17%  11.0  570s
 2788109 1453512     cutoff  153      -27121.000 -27168.000  0.17%  11.0  575s
 2816435 1467408 -27168.000  126   51 -27121.000 -27168.000  0.17%  11.0  580s
 2836406 1477539 -27168.000  143   34 -27121.000 -27168.000  0.17%  11.0  585s
 2861577 1488747 -27147.575  124   52 -27121.000 -27168.000  0.17%  11.0  590s
 2885555 1497211 -27168.000  115   45 -27121.000 -27168.000  0.17%  11.0  595s
 2905177 1505151 -27168.000  109   49 -27121.000 -27168.000  0.17%  11.0  600s

Cutting planes:
  Gomory: 2
  Cover: 32
  MIR: 40
  StrongCG: 27
  Flow cover: 12
  Zero half: 1
  RLT: 2

Explored 2905217 nodes (32061428 simplex iterations) in 600.00 seconds (951.05 work units)
Thread count was 4 (of 56 available processors)

Solution count 10: -27121 -27118 -27117 ... -27059

Time limit reached
Best objective -2.712100000000e+04, best bound -2.716800000000e+04, gap 0.1733%
