
Gurobi 9.5.0 (linux64) logging started Fri Mar 25 00:07:13 2022

Set parameter LogFile to value "/local_workspace/chenrui/LogFiles/TKP_U87_objLB.log"
Gurobi Optimizer version 9.5.0 build v9.5.0rc5 (linux64)
Thread count: 56 physical cores, 56 logical processors, using up to 4 threads
Optimize a model with 1001 rows, 1000 columns and 45766 nonzeros
Model fingerprint: 0x19b0b510
Variable types: 0 continuous, 1000 integer (1000 binary)
Coefficient statistics:
  Matrix range     [1e+00, 1e+02]
  Objective range  [1e+00, 1e+02]
  Bounds range     [1e+00, 1e+00]
  RHS range        [5e+02, 3e+04]
Found heuristic solution: objective -17546.00000
Presolve removed 547 rows and 0 columns
Presolve time: 0.05s
Presolved: 454 rows, 1000 columns, 21681 nonzeros
Variable types: 0 continuous, 1000 integer (1000 binary)
Found heuristic solution: objective -24021.00000

Root relaxation: objective -2.863400e+04, 355 iterations, 0.01 seconds (0.01 work units)

    Nodes    |    Current Node    |     Objective Bounds      |     Work
 Expl Unexpl |  Obj  Depth IntInf | Incumbent    BestBd   Gap | It/Node Time

     0     0 -28634.000    0   46 -24021.000 -28634.000  19.2%     -    0s
H    0     0                    -27117.00000 -28634.000  5.59%     -    0s
H    0     0                    -27983.00000 -28634.000  2.33%     -    0s
H    0     0                    -28095.00000 -28634.000  1.92%     -    0s
H    0     0                    -28130.00000 -28634.000  1.79%     -    0s
     0     0 -28634.000    0   84 -28130.000 -28634.000  1.79%     -    0s
H    0     0                    -28267.00000 -28634.000  1.30%     -    0s
     0     0 -28634.000    0   59 -28267.000 -28634.000  1.30%     -    0s
H    0     0                    -28329.00000 -28634.000  1.08%     -    0s
H    0     0                    -28359.00000 -28634.000  0.97%     -    0s
H    0     0                    -28383.00000 -28634.000  0.88%     -    0s
H    0     0                    -28420.00000 -28634.000  0.75%     -    0s
H    0     0                    -28474.00000 -28634.000  0.56%     -    0s
     0     0 -28634.000    0   41 -28474.000 -28634.000  0.56%     -    0s
     0     0 -28634.000    0   55 -28474.000 -28634.000  0.56%     -    0s
     0     0 -28634.000    0   38 -28474.000 -28634.000  0.56%     -    0s
H    0     0                    -28493.00000 -28634.000  0.49%     -    0s
     0     0 -28634.000    0   51 -28493.000 -28634.000  0.49%     -    0s
H    0     0                    -28512.00000 -28634.000  0.43%     -    0s
     0     0 -28634.000    0   40 -28512.000 -28634.000  0.43%     -    0s
     0     0 -28634.000    0   37 -28512.000 -28634.000  0.43%     -    0s
H    0     0                    -28529.00000 -28634.000  0.37%     -    0s
H    0     0                    -28539.00000 -28634.000  0.33%     -    0s
     0     2 -28634.000    0   37 -28539.000 -28634.000  0.33%     -    0s
H   33    36                    -28545.00000 -28634.000  0.31%  95.0    0s
H   66   115                    -28558.00002 -28634.000  0.27%  61.0    0s
H  127   286                    -28569.00000 -28634.000  0.23%  38.0    0s
H 7140  5047                    -28583.00000 -28634.000  0.18%  12.7    4s
  8962  7023 -28634.000  141   52 -28583.000 -28634.000  0.18%  11.8    5s
 21382 17007 -28634.000  116   50 -28583.000 -28634.000  0.18%  10.7   10s
 44342 33481 -28634.000  122   40 -28583.000 -28634.000  0.18%  10.6   15s
 63520 47865 -28634.000  119   58 -28583.000 -28634.000  0.18%  10.5   20s
 99651 74588 -28634.000  100   46 -28583.000 -28634.000  0.18%  10.6   25s
 125274 93401 -28621.387  114   63 -28583.000 -28634.000  0.18%  10.7   30s
 152056 110587 -28634.000  130   55 -28583.000 -28634.000  0.18%  11.0   35s
 183338 132073 -28589.169  105   63 -28583.000 -28634.000  0.18%  11.3   40s
 214165 156745 -28612.612  140   56 -28583.000 -28634.000  0.18%  11.1   45s
 242970 180306 -28628.837   88   71 -28583.000 -28634.000  0.18%  11.0   50s
H269685 200529                    -28584.00000 -28634.000  0.17%  10.9   53s
 278673 207757 -28634.000   91   49 -28584.000 -28634.000  0.17%  10.9   55s
 305209 228529 -28619.441  167   50 -28584.000 -28634.000  0.17%  10.9   60s
 331445 248058 -28627.399  109   60 -28584.000 -28634.000  0.17%  10.9   65s
 361478 270530 -28624.921   89   70 -28584.000 -28634.000  0.17%  10.9   70s
 389906 290669 -28634.000  120   57 -28584.000 -28634.000  0.17%  10.9   75s
 425772 315153 -28634.000  100   48 -28584.000 -28634.000  0.17%  11.0   80s
 447423 330567 -28634.000   97   58 -28584.000 -28634.000  0.17%  11.0   85s
 480786 351227 -28623.356  163   39 -28584.000 -28634.000  0.17%  10.9   91s
 513478 369752     cutoff  126      -28584.000 -28634.000  0.17%  10.7   95s
 544238 391323 -28619.779  177   47 -28584.000 -28634.000  0.17%  10.7  100s
 570684 409755     cutoff   99      -28584.000 -28634.000  0.17%  10.7  105s
 604998 434827     cutoff  115      -28584.000 -28634.000  0.17%  10.7  110s
 632504 453677 -28634.000   95   55 -28584.000 -28634.000  0.17%  10.7  115s
 661284 473345 -28634.000  105   45 -28584.000 -28634.000  0.17%  10.8  120s
 687948 493317 -28634.000  104   47 -28584.000 -28634.000  0.17%  10.8  125s
 719489 512163 -28632.649  178   40 -28584.000 -28634.000  0.17%  10.7  130s
 751977 523020 -28607.438  208   29 -28584.000 -28634.000  0.17%  10.7  135s
 781469 532474     cutoff  143      -28584.000 -28634.000  0.17%  10.8  140s
 812477 550387 -28634.000  103   46 -28584.000 -28634.000  0.17%  10.8  145s
 837394 564690 -28604.291  132   50 -28584.000 -28634.000  0.17%  10.9  150s
 864624 580376 -28596.986  140   60 -28584.000 -28634.000  0.17%  11.0  155s
 893710 599085 -28634.000  136   48 -28584.000 -28634.000  0.17%  11.0  160s
 920129 615259 -28607.165  141   57 -28584.000 -28634.000  0.17%  11.0  165s
 948318 633837 -28614.250  136   50 -28584.000 -28634.000  0.17%  11.0  170s
 976315 653595 -28634.000   71   46 -28584.000 -28634.000  0.17%  11.0  175s
 1006041 672955 -28634.000  129   49 -28584.000 -28634.000  0.17%  11.0  180s
 1039662 691816 -28607.294  126   52 -28584.000 -28634.000  0.17%  11.0  185s
 1074659 712575 -28630.636  144   50 -28584.000 -28634.000  0.17%  10.9  190s
 1108512 730332 -28630.863  153   48 -28584.000 -28634.000  0.17%  10.9  195s
 1136284 746695 -28634.000  139   49 -28584.000 -28634.000  0.17%  10.9  200s
 1165525 765386 -28634.000  148   43 -28584.000 -28634.000  0.17%  10.9  205s
 1196294 784177 -28624.705  142   57 -28584.000 -28634.000  0.17%  10.9  210s
 1220814 798925 -28634.000  128   45 -28584.000 -28634.000  0.17%  10.9  215s
 1250988 815919 -28634.000  116   37 -28584.000 -28634.000  0.17%  11.0  220s
 1274890 829573 -28634.000  132   57 -28584.000 -28634.000  0.17%  11.0  225s
 1306387 849423 -28605.900  165   39 -28584.000 -28634.000  0.17%  11.0  230s
 1331868 864516 -28617.730  139   51 -28584.000 -28634.000  0.17%  11.0  235s
 1359451 881374 -28634.000  124   40 -28584.000 -28634.000  0.17%  11.1  240s
 1387235 899244     cutoff  146      -28584.000 -28634.000  0.17%  11.1  245s
 1416321 918985     cutoff  153      -28584.000 -28634.000  0.17%  11.1  250s
 1447933 938363 -28634.000  131   40 -28584.000 -28634.000  0.17%  11.1  255s
 1474292 953741 -28634.000  142   55 -28584.000 -28634.000  0.17%  11.1  260s
 1500262 967853 -28634.000  115   46 -28584.000 -28634.000  0.17%  11.1  265s
 1531532 987203 -28634.000  128   47 -28584.000 -28634.000  0.17%  11.1  270s
 1557989 1002075 -28633.281  156   59 -28584.000 -28634.000  0.17%  11.2  275s
 1587370 1018680 -28634.000  141   42 -28584.000 -28634.000  0.17%  11.2  280s
 1615409 1035341 -28634.000  132   54 -28584.000 -28634.000  0.17%  11.2  285s
 1645739 1055979 -28634.000  120   40 -28584.000 -28634.000  0.17%  11.2  290s
 1668603 1070765     cutoff  100      -28584.000 -28634.000  0.17%  11.2  295s
 1695417 1088505 -28634.000  111   53 -28584.000 -28634.000  0.17%  11.2  300s
 1721823 1102247 -28634.000  118   38 -28584.000 -28634.000  0.17%  11.3  305s
 1749787 1118390 -28609.126  152   53 -28584.000 -28634.000  0.17%  11.3  310s
 1781610 1139082 -28634.000  113   47 -28584.000 -28634.000  0.17%  11.3  315s
 1810754 1157022 -28634.000  136   49 -28584.000 -28634.000  0.17%  11.3  320s
 1838331 1174359     cutoff  137      -28584.000 -28634.000  0.17%  11.3  325s
 1867517 1189221 -28626.218  158   43 -28584.000 -28634.000  0.17%  11.3  330s
 1896285 1206477 -28634.000   81   48 -28584.000 -28634.000  0.17%  11.3  335s
 1931896 1227928 -28620.600   84   71 -28584.000 -28634.000  0.17%  11.3  340s
 1958883 1244487 -28624.436  128   54 -28584.000 -28634.000  0.17%  11.3  345s
 1985373 1263572 -28634.000   74   45 -28584.000 -28634.000  0.17%  11.3  350s
 2009332 1280695 -28634.000  115   64 -28584.000 -28634.000  0.17%  11.3  355s
 2037351 1300624 -28634.000   83   42 -28584.000 -28634.000  0.17%  11.3  360s
 2066622 1321613 -28614.614  119   50 -28584.000 -28634.000  0.17%  11.3  365s
 2094903 1342651 -28634.000  105   50 -28584.000 -28634.000  0.17%  11.3  370s
 2122737 1362579 -28634.000  111   43 -28584.000 -28634.000  0.17%  11.3  375s
 2149788 1383790 -28613.358  141   53 -28584.000 -28634.000  0.17%  11.3  380s
 2183872 1402981 -28634.000  103   43 -28584.000 -28634.000  0.17%  11.4  385s
 2207160 1417475 -28634.000   71   44 -28584.000 -28634.000  0.17%  11.4  390s
 2234637 1435184 -28634.000  113   57 -28584.000 -28634.000  0.17%  11.4  395s
 2256685 1448611     cutoff  144      -28584.000 -28634.000  0.17%  11.4  400s
 2285606 1465117 -28634.000  127   48 -28584.000 -28634.000  0.17%  11.4  405s
 2312112 1479969 -28609.253  123   54 -28584.000 -28634.000  0.17%  11.4  410s
 2338224 1494678 -28634.000  118   37 -28584.000 -28634.000  0.17%  11.5  415s
 2364091 1509099 -28634.000  139   55 -28584.000 -28634.000  0.17%  11.5  420s
 2389609 1523524 -28589.233   95   61 -28584.000 -28634.000  0.17%  11.5  425s
 2417840 1540781 -28634.000   98   54 -28584.000 -28634.000  0.17%  11.5  430s
 2440956 1556011 -28634.000  131   58 -28584.000 -28634.000  0.17%  11.5  435s
 2468754 1573927 -28598.816  167   39 -28584.000 -28634.000  0.17%  11.5  440s
 2501251 1591129 -28634.000  102   47 -28584.000 -28634.000  0.17%  11.6  445s
 2527718 1603932 -28610.564  146   56 -28584.000 -28634.000  0.17%  11.6  450s
 2552624 1618081     cutoff  115      -28584.000 -28634.000  0.17%  11.6  455s
 2576445 1633367 -28618.604  135   67 -28584.000 -28634.000  0.17%  11.6  460s
 2601204 1647921     cutoff  140      -28584.000 -28634.000  0.17%  11.6  465s
 2624116 1660193     cutoff  112      -28584.000 -28634.000  0.17%  11.7  470s
 2661653 1686348 -28634.000  110   47 -28584.000 -28634.000  0.17%  11.7  475s
 2684537 1700652     cutoff  137      -28584.000 -28634.000  0.17%  11.7  480s
 2715177 1718509 -28614.489  125   60 -28584.000 -28634.000  0.17%  11.7  485s
 2734358 1730065 -28613.290  171   44 -28584.000 -28634.000  0.17%  11.7  490s
 2762822 1746766 -28594.094   99   59 -28584.000 -28634.000  0.17%  11.7  495s
 2795927 1768236 -28634.000   86   41 -28584.000 -28634.000  0.17%  11.7  500s
 2819218 1784807 -28634.000   90   50 -28584.000 -28634.000  0.17%  11.7  505s
 2851044 1805826 -28634.000   85   55 -28584.000 -28634.000  0.17%  11.7  510s
 2876250 1821720 -28634.000  114   50 -28584.000 -28634.000  0.17%  11.7  515s
 2906324 1839766 -28634.000  135   56 -28584.000 -28634.000  0.17%  11.7  520s
 2931734 1854408 -28634.000  122   56 -28584.000 -28634.000  0.17%  11.7  525s
 2965735 1875440 -28634.000  127   46 -28584.000 -28634.000  0.17%  11.7  530s
 2987045 1888202 -28634.000  123   44 -28584.000 -28634.000  0.17%  11.7  535s
 3021419 1908977 -28634.000  129   57 -28584.000 -28634.000  0.17%  11.7  540s
 3048912 1925675     cutoff  155      -28584.000 -28634.000  0.17%  11.7  545s
 3078193 1941717     cutoff  155      -28584.000 -28634.000  0.17%  11.7  550s
 3105012 1958187     cutoff  181      -28584.000 -28634.000  0.17%  11.7  555s
 3138120 1978078     cutoff  166      -28584.000 -28634.000  0.17%  11.7  560s
 3168424 1994340 -28634.000  121   50 -28584.000 -28634.000  0.17%  11.7  565s
 3198825 2012098 -28634.000  143   42 -28584.000 -28634.000  0.17%  11.7  570s
 3217489 2022852 -28608.424  156   50 -28584.000 -28634.000  0.17%  11.7  575s
 3247660 2040190 -28631.722  156   49 -28584.000 -28634.000  0.17%  11.7  580s
 3280050 2059486 -28607.845  139   51 -28584.000 -28634.000  0.17%  11.7  585s
 3308190 2073584 -28634.000  119   50 -28584.000 -28634.000  0.17%  11.7  590s
 3332555 2088532     cutoff  135      -28584.000 -28634.000  0.17%  11.7  595s
 3361455 2108117     cutoff  161      -28584.000 -28634.000  0.17%  11.7  600s

Cutting planes:
  Gomory: 5
  Cover: 19
  MIR: 15
  StrongCG: 14
  Flow cover: 7
  RLT: 3

Explored 3361669 nodes (39261110 simplex iterations) in 600.00 seconds (929.28 work units)
Thread count was 4 (of 56 available processors)

Solution count 10: -28584 -28583 -28569 ... -28474

Time limit reached
Best objective -2.858400000000e+04, best bound -2.863400000000e+04, gap 0.1749%
