
Gurobi 9.5.0 (linux64) logging started Fri Mar 25 02:28:36 2022

Set parameter LogFile to value "/local_workspace/chenrui/LogFiles/TKP_U91_DWcuts.log"
Gurobi Optimizer version 9.5.0 build v9.5.0rc5 (linux64)
Thread count: 56 physical cores, 56 logical processors, using up to 4 threads
Optimize a model with 1032 rows, 1000 columns and 53795 nonzeros
Model fingerprint: 0x8fee1c1c
Variable types: 0 continuous, 1000 integer (1000 binary)
Coefficient statistics:
  Matrix range     [2e-11, 1e+02]
  Objective range  [1e+00, 1e+02]
  Bounds range     [1e+00, 1e+00]
  RHS range        [1e+02, 1e+03]
Found heuristic solution: objective -17862.00000
Presolve removed 558 rows and 0 columns
Presolve time: 0.08s
Presolved: 474 rows, 1000 columns, 25317 nonzeros
Variable types: 0 continuous, 1000 integer (999 binary)
Found heuristic solution: objective -24007.00000

Root relaxation: objective -2.778873e+04, 602 iterations, 0.01 seconds (0.01 work units)

    Nodes    |    Current Node    |     Objective Bounds      |     Work
 Expl Unexpl |  Obj  Depth IntInf | Incumbent    BestBd   Gap | It/Node Time

     0     0 -27788.732    0   47 -24007.000 -27788.732  15.8%     -    0s
H    0     0                    -24942.00000 -27788.732  11.4%     -    0s
H    0     0                    -26635.00000 -27788.732  4.33%     -    0s
H    0     0                    -27282.00000 -27788.732  1.86%     -    0s
H    0     0                    -27312.00000 -27788.732  1.75%     -    0s
H    0     0                    -27320.00000 -27788.732  1.72%     -    0s
H    0     0                    -27331.00000 -27788.732  1.67%     -    0s
     0     0 -27788.732    0   83 -27331.000 -27788.732  1.67%     -    0s
H    0     0                    -27442.00000 -27788.732  1.26%     -    0s
H    0     0                    -27492.00000 -27788.732  1.08%     -    0s
     0     0 -27788.732    0   78 -27492.000 -27788.732  1.08%     -    0s
H    0     0                    -27540.00000 -27788.732  0.90%     -    0s
     0     0 -27788.732    0   76 -27540.000 -27788.732  0.90%     -    0s
H    0     0                    -27545.00000 -27788.732  0.88%     -    0s
H    0     0                    -27617.00000 -27788.732  0.62%     -    0s
     0     0 -27788.732    0   67 -27617.000 -27788.732  0.62%     -    0s
H    0     0                    -27618.00000 -27788.732  0.62%     -    0s
H    0     0                    -27650.00000 -27788.732  0.50%     -    0s
     0     0 -27788.732    0   97 -27650.000 -27788.732  0.50%     -    0s
     0     0 -27788.732    0   97 -27650.000 -27788.732  0.50%     -    0s
H    0     0                    -27662.00000 -27788.732  0.46%     -    0s
     0     2 -27788.732    0   96 -27662.000 -27788.732  0.46%     -    0s
H   32    36                    -27700.00000 -27788.732  0.32%  83.4    0s
H  114   115                    -27703.00000 -27788.732  0.31%  41.8    0s
H  987   937                    -27712.00000 -27788.732  0.28%  45.9    2s
H 1106   891                    -27713.00000 -27788.732  0.27%  45.0    2s
  3109  1951 -27722.051   30   69 -27713.000 -27788.732  0.27%  38.2    5s
H 3376  2006                    -27715.00000 -27788.732  0.27%  38.0    5s
 16015 11133     cutoff   40      -27715.000 -27788.732  0.27%  31.2   10s
 20805 13881 -27779.962   23   97 -27715.000 -27788.732  0.27%  31.3   17s
 20819 13890 -27776.680   27   93 -27715.000 -27788.729  0.27%  31.3   20s
 20843 13906 -27738.628   42  102 -27715.000 -27788.018  0.26%  31.2   25s
 20874 13927 -27761.412   33  129 -27715.000 -27786.886  0.26%  31.2   30s
 20907 13949 -27771.057   42  118 -27715.000 -27786.226  0.26%  31.1   35s
H20913 13253                    -27723.00000 -27786.121  0.23%  31.1   36s
 20960 13285 -27763.748   39  168 -27723.000 -27785.936  0.23%  32.8   40s
 20978 13297 -27723.000   83  176 -27723.000 -27785.929  0.23%  32.8   45s
H20984 12635                    -27726.00000 -27785.928  0.22%  32.8   46s
 20995 12643 -27754.921   52  189 -27726.000 -27785.928  0.22%  32.8   50s
 21034 12670 -27751.446   48  179 -27726.000 -27785.875  0.22%  33.1   55s
 21078 12700 -27726.000   83  191 -27726.000 -27785.776  0.22%  33.4   60s
 21114 12726 -27763.324   44  196 -27726.000 -27785.760  0.22%  33.5   65s
 21463 12936 -27773.828  116  113 -27726.000 -27785.396  0.21%  33.7   70s
 25506 14397 -27738.372  120  137 -27726.000 -27783.044  0.21%  36.2   75s
 30269 16067 -27766.915  103  145 -27726.000 -27780.513  0.20%  40.8   80s
 34402 16804     cutoff   93      -27726.000 -27779.274  0.19%  44.4   85s
 39642 18884 -27738.598   99  154 -27726.000 -27778.806  0.19%  47.0   90s
 44773 20439 -27763.613   93  164 -27726.000 -27778.576  0.19%  49.2   95s
 48784 21409 -27742.343  105  135 -27726.000 -27778.204  0.19%  51.3  100s
 50029 21811 -27766.429  103   95 -27726.000 -27778.115  0.19%  52.3  105s
 53423 22966 -27769.051  109   94 -27726.000 -27777.733  0.19%  54.9  110s
 57885 24227     cutoff  100      -27726.000 -27777.427  0.19%  57.1  115s
 61715 26058 -27733.251  113  100 -27726.000 -27777.059  0.18%  59.4  120s
 65122 28130 -27762.591  117  130 -27726.000 -27776.788  0.18%  61.6  125s
 68164 30010     cutoff  115      -27726.000 -27776.608  0.18%  63.3  130s
 71994 32380 -27761.860  111  104 -27726.000 -27776.432  0.18%  64.7  135s
 75465 34423 -27766.435   90  161 -27726.000 -27776.263  0.18%  65.8  140s
 78712 36680 -27765.994  102  172 -27726.000 -27776.091  0.18%  66.9  145s
 82194 38801 -27769.736  103  112 -27726.000 -27775.911  0.18%  68.3  150s
 86252 41226 -27772.777  102  106 -27726.000 -27775.815  0.18%  69.3  155s
 89647 43220 -27752.442  104  155 -27726.000 -27775.661  0.18%  70.3  160s
 93547 45488 -27765.434   95  120 -27726.000 -27775.561  0.18%  71.5  165s
 96281 47404 -27773.926   87  181 -27726.000 -27775.491  0.18%  72.8  170s
 99214 49279 -27761.657  110  120 -27726.000 -27775.412  0.18%  74.0  176s
 101800 50850 -27765.431  106  146 -27726.000 -27775.348  0.18%  74.7  180s
 104020 52098 -27764.035   97  127 -27726.000 -27775.286  0.18%  75.3  185s
 107221 54140 -27757.659   94  128 -27726.000 -27775.221  0.18%  76.4  190s
 110147 55758 -27742.826  118  122 -27726.000 -27775.157  0.18%  77.4  195s
 112302 57184 -27735.242  110  122 -27726.000 -27775.104  0.18%  78.4  200s
 112964 57421     cutoff  110      -27726.000 -27775.092  0.18%  78.5  205s
 115689 59090     cutoff  122      -27726.000 -27775.008  0.18%  79.5  210s
 118448 60839 -27760.874  104   99 -27726.000 -27774.918  0.18%  80.4  215s
 121169 62549 -27736.178  113  106 -27726.000 -27774.880  0.18%  81.4  220s
 124319 64683 -27752.003   88  157 -27726.000 -27774.843  0.18%  82.2  225s
 128058 66824 -27771.255  101  124 -27726.000 -27774.791  0.18%  82.6  230s
 131252 68670 -27739.590  100  148 -27726.000 -27774.729  0.18%  83.4  235s
 134148 70332 -27733.462  115  110 -27726.000 -27774.668  0.18%  83.9  240s
 136668 72041 -27745.489  116  119 -27726.000 -27774.621  0.18%  84.5  245s
 139743 73950 -27742.523  103  106 -27726.000 -27774.567  0.18%  85.3  250s
 142823 75703 -27741.641  104  156 -27726.000 -27774.512  0.17%  86.0  255s
 146057 77618 -27753.363  113  116 -27726.000 -27774.441  0.17%  86.6  260s
 149422 79494     cutoff  118      -27726.000 -27774.369  0.17%  87.1  265s
 151309 80586 -27746.795   99  110 -27726.000 -27774.334  0.17%  87.5  271s
 153987 82209     cutoff  117      -27726.000 -27774.276  0.17%  87.8  275s
 157154 84196 -27755.058  111  114 -27726.000 -27774.235  0.17%  88.3  280s
 160600 86201 -27764.902  104  140 -27726.000 -27774.201  0.17%  88.8  285s
 163560 87964 -27754.668   99  119 -27726.000 -27774.160  0.17%  89.3  290s
 166266 89600 -27767.554  113  149 -27726.000 -27774.130  0.17%  89.8  295s
 169129 91169 -27751.700  114   83 -27726.000 -27774.087  0.17%  90.3  300s
 171676 92785 -27755.528  107  138 -27726.000 -27774.049  0.17%  90.8  305s
 175198 94962 -27771.363   98  138 -27726.000 -27774.001  0.17%  91.1  310s
 178023 96574     cutoff  116      -27726.000 -27773.971  0.17%  91.6  315s
 181066 98575 -27757.618  115  130 -27726.000 -27773.930  0.17%  92.1  320s
 184188 100358 -27762.448  108  140 -27726.000 -27773.888  0.17%  92.4  325s
 187121 101941 -27736.641  126  124 -27726.000 -27773.849  0.17%  92.7  330s
 189857 103697 -27748.766  120  140 -27726.000 -27773.806  0.17%  93.2  335s
 192703 105299 -27763.579  109  126 -27726.000 -27773.761  0.17%  93.6  340s
 195883 107229     cutoff   92      -27726.000 -27773.712  0.17%  94.0  345s
 198734 108842 -27738.938  128  124 -27726.000 -27773.674  0.17%  94.5  350s
 201659 110545 -27728.751  114  116 -27726.000 -27773.646  0.17%  94.7  355s
 204588 112597 -27761.700  115  107 -27726.000 -27773.612  0.17%  95.1  360s
 207048 114114     cutoff   98      -27726.000 -27773.587  0.17%  95.2  365s
 210337 115819     cutoff  118      -27726.000 -27773.550  0.17%  95.3  370s
 213274 117443     cutoff  103      -27726.000 -27773.509  0.17%  95.6  381s
 214784 118342 -27728.214   97  140 -27726.000 -27773.484  0.17%  95.8  385s
 217715 120288 -27768.223  102  123 -27726.000 -27773.437  0.17%  96.1  390s
 220733 122017 -27767.301   93  174 -27726.000 -27773.398  0.17%  96.4  395s
 223744 123810 -27749.956  122  104 -27726.000 -27773.356  0.17%  96.8  400s
 226087 125177 -27740.412  114   99 -27726.000 -27773.334  0.17%  97.0  405s
 229040 127030     cutoff  107      -27726.000 -27773.302  0.17%  97.4  410s
 232253 128855 -27734.820  121  125 -27726.000 -27773.267  0.17%  97.8  415s
 234569 130238 -27755.961  118  112 -27726.000 -27773.239  0.17%  97.9  420s
 237776 132133 -27764.219  106  110 -27726.000 -27773.197  0.17%  98.1  425s
 240799 133746 -27768.110  105  154 -27726.000 -27773.168  0.17%  98.5  430s
 243285 135545 -27749.653  127  124 -27726.000 -27773.149  0.17%  98.9  435s
 246289 137231 -27729.571  111  114 -27726.000 -27773.123  0.17%  99.4  440s
 248802 138788 -27765.648   95  134 -27726.000 -27773.103  0.17%   100  445s
 251795 140494 -27766.089  105  144 -27726.000 -27773.072  0.17%   100  450s
 254533 142054 -27752.391   94  135 -27726.000 -27773.050  0.17%   100  455s
 257369 143668 -27749.566   92  142 -27726.000 -27773.024  0.17%   100  460s
 260351 145444 -27742.629  125   95 -27726.000 -27773.002  0.17%   101  466s
 262820 146772 -27739.879  126  101 -27726.000 -27772.987  0.17%   101  470s
 265440 148331 -27749.475   99  142 -27726.000 -27772.961  0.17%   101  475s
 268356 150147 -27749.504  120   90 -27726.000 -27772.944  0.17%   102  480s
 271616 151974     cutoff  121      -27726.000 -27772.909  0.17%   102  485s
 274381 153568     cutoff  117      -27726.000 -27772.885  0.17%   102  490s
 277330 155163 -27748.129  120  131 -27726.000 -27772.857  0.17%   102  495s
 280169 156870 -27758.138  112  123 -27726.000 -27772.839  0.17%   102  500s
 282977 158426 -27761.526  101  131 -27726.000 -27772.821  0.17%   103  506s
 285427 159861 -27768.986  101  127 -27726.000 -27772.806  0.17%   103  510s
 288260 161552     cutoff  106      -27726.000 -27772.786  0.17%   103  515s
 290736 162986 -27728.681  117  117 -27726.000 -27772.767  0.17%   103  520s
 293668 164722 -27761.029   97  127 -27726.000 -27772.747  0.17%   103  525s
 296518 166511 -27762.636  106  140 -27726.000 -27772.734  0.17%   104  531s
 298887 167834     cutoff  114      -27726.000 -27772.719  0.17%   104  535s
 301300 169193 -27732.479  112  109 -27726.000 -27772.704  0.17%   104  540s
 303864 170670     cutoff   95      -27726.000 -27772.690  0.17%   104  545s
 306297 172053 -27760.375  107  116 -27726.000 -27772.675  0.17%   104  550s
 309333 173774     cutoff  118      -27726.000 -27772.652  0.17%   105  555s
 311109 174657     cutoff  114      -27726.000 -27772.638  0.17%   105  560s
H311207 174145                    -27727.00000 -27772.638  0.16%   105  560s
 313542 175552 -27758.711  104  146 -27727.000 -27772.618  0.16%   105  565s
 316546 177124     cutoff  113      -27727.000 -27772.596  0.16%   105  570s
 318864 178541     cutoff  111      -27727.000 -27772.579  0.16%   105  575s
 321832 180304 -27755.522  104  163 -27727.000 -27772.561  0.16%   105  580s
 324416 181551 -27760.449  109   96 -27727.000 -27772.542  0.16%   105  585s
 327036 183275     cutoff  124      -27727.000 -27772.524  0.16%   106  591s
 329753 184791 -27758.592  107  139 -27727.000 -27772.506  0.16%   106  595s
 332609 186223 -27771.730   99  117 -27727.000 -27772.485  0.16%   106  600s

Cutting planes:
  Gomory: 33
  Cover: 244
  MIR: 404
  StrongCG: 253
  Flow cover: 252
  Zero half: 9
  RLT: 24

Explored 332807 nodes (35214283 simplex iterations) in 600.01 seconds (1474.65 work units)
Thread count was 4 (of 56 available processors)

Solution count 10: -27727 -27726 -27723 ... -27650

Time limit reached
Best objective -2.772700000000e+04, best bound -2.777200000000e+04, gap 0.1623%
