
Gurobi 9.5.0 (linux64) logging started Fri Mar 25 03:23:56 2022

Set parameter LogFile to value "/local_workspace/chenrui/LogFiles/TKP_U93_objLB.log"
Gurobi Optimizer version 9.5.0 build v9.5.0rc5 (linux64)
Thread count: 56 physical cores, 56 logical processors, using up to 4 threads
Optimize a model with 1001 rows, 1000 columns and 50675 nonzeros
Model fingerprint: 0x97114368
Variable types: 0 continuous, 1000 integer (1000 binary)
Coefficient statistics:
  Matrix range     [1e+00, 1e+02]
  Objective range  [1e+00, 1e+02]
  Bounds range     [1e+00, 1e+00]
  RHS range        [5e+02, 3e+04]
Found heuristic solution: objective -15296.00000
Presolve added 0 rows and 5 columns
Presolve removed 543 rows and 0 columns
Presolve time: 0.06s
Presolved: 458 rows, 1005 columns, 23533 nonzeros
Variable types: 0 continuous, 1005 integer (1000 binary)
Found heuristic solution: objective -22991.00000

Root relaxation: objective -2.783900e+04, 275 iterations, 0.00 seconds (0.00 work units)

    Nodes    |    Current Node    |     Objective Bounds      |     Work
 Expl Unexpl |  Obj  Depth IntInf | Incumbent    BestBd   Gap | It/Node Time

     0     0 -27839.000    0   39 -22991.000 -27839.000  21.1%     -    0s
H    0     0                    -26749.00000 -27839.000  4.07%     -    0s
H    0     0                    -27083.00000 -27839.000  2.79%     -    0s
H    0     0                    -27127.00000 -27839.000  2.62%     -    0s
H    0     0                    -27174.00000 -27839.000  2.45%     -    0s
     0     0 -27839.000    0   71 -27174.000 -27839.000  2.45%     -    0s
H    0     0                    -27529.00000 -27839.000  1.13%     -    0s
H    0     0                    -27598.00000 -27839.000  0.87%     -    0s
     0     0 -27839.000    0   54 -27598.000 -27839.000  0.87%     -    0s
     0     0 -27839.000    0   49 -27598.000 -27839.000  0.87%     -    0s
H    0     0                    -27627.00000 -27839.000  0.77%     -    0s
     0     0 -27839.000    0   50 -27627.000 -27839.000  0.77%     -    0s
H    0     0                    -27658.00000 -27839.000  0.65%     -    0s
H    0     0                    -27678.00000 -27839.000  0.58%     -    0s
H    0     0                    -27688.00000 -27839.000  0.55%     -    0s
     0     0 -27839.000    0   43 -27688.000 -27839.000  0.55%     -    0s
     0     0 -27839.000    0   43 -27688.000 -27839.000  0.55%     -    0s
     0     2 -27839.000    0   43 -27688.000 -27839.000  0.55%     -    0s
H   31    36                    -27701.00000 -27839.000  0.50%  82.0    0s
H   80    85                    -27707.00000 -27839.000  0.48%  45.6    0s
H   81    85                    -27718.00000 -27839.000  0.44%  45.1    0s
H  309   388                    -27722.00000 -27839.000  0.42%  24.3    0s
H  917   889                    -27742.00000 -27839.000  0.35%  24.8    1s
H  919   886                    -27744.00000 -27839.000  0.34%  24.9    1s
H 1094   963                    -27747.00000 -27839.000  0.33%  26.1    1s
H 1421  1178                    -27751.00000 -27839.000  0.32%  26.5    2s
H 7873  5980                    -27754.00000 -27839.000  0.31%  14.4    4s
  8082  6226 -27839.000   61   58 -27754.000 -27839.000  0.31%  14.4    5s
H17287 13601                    -27759.00000 -27839.000  0.29%  12.0    6s
H17288 13592                    -27760.00000 -27839.000  0.28%  12.0    6s
 21410 17990 -27839.000   95   50 -27760.000 -27839.000  0.28%  11.7   10s
H27215 21935                    -27766.00000 -27839.000  0.26%  11.6   10s
H31770 25148                    -27768.00000 -27839.000  0.26%  11.3   12s
 45003 35817 -27839.000  102   50 -27768.000 -27839.000  0.26%  11.5   15s
H45227 31332                    -27807.00000 -27839.000  0.12%  11.5   16s
H50570 31973                    -27817.00000 -27839.000  0.08%  11.8   19s
 52147 33533 -27839.000  121   47 -27817.000 -27839.000  0.08%  12.1   20s
 73574 47817 -27839.000  119   53 -27817.000 -27839.000  0.08%  14.2   25s
 95526 62728     cutoff  109      -27817.000 -27839.000  0.08%  15.6   30s
 118246 77259     cutoff  120      -27817.000 -27839.000  0.08%  16.3   35s
 137913 90745     cutoff  136      -27817.000 -27839.000  0.08%  16.7   40s
 155263 102123 -27839.000   94   49 -27817.000 -27839.000  0.08%  16.9   45s
 179885 117544 -27839.000   85   65 -27817.000 -27839.000  0.08%  17.3   50s
 198711 128395 -27839.000  124   51 -27817.000 -27839.000  0.08%  17.5   55s
 213517 138766     cutoff  102      -27817.000 -27839.000  0.08%  17.7   60s
 231710 148258 -27839.000  136   51 -27817.000 -27839.000  0.08%  17.9   65s
 249081 159015 -27839.000   95   36 -27817.000 -27839.000  0.08%  18.1   70s
 266841 168648 -27839.000  140   41 -27817.000 -27839.000  0.08%  18.2   75s
 287569 180392 -27839.000  151   46 -27817.000 -27839.000  0.08%  18.3   80s
 305898 190782 -27839.000   96   33 -27817.000 -27839.000  0.08%  18.3   85s
 320943 200501 -27830.260   99   57 -27817.000 -27839.000  0.08%  18.4   90s
 343564 214654 -27839.000  118   49 -27817.000 -27839.000  0.08%  18.5   95s
 361636 225652 -27839.000   94   30 -27817.000 -27839.000  0.08%  18.5  100s
 379856 236652 -27839.000   99   58 -27817.000 -27839.000  0.08%  18.5  105s
 401931 249806     cutoff  133      -27817.000 -27839.000  0.08%  18.6  110s
 422317 262853 -27839.000  106   50 -27817.000 -27839.000  0.08%  18.6  115s
 437765 272349 -27839.000   84   50 -27817.000 -27839.000  0.08%  18.6  120s
 459212 286625 -27839.000   88   52 -27817.000 -27839.000  0.08%  18.6  125s
 478827 299059 -27822.679  124   66 -27817.000 -27839.000  0.08%  18.6  130s
 497257 310673 -27839.000  114   51 -27817.000 -27839.000  0.08%  18.5  135s
 523794 327004 -27839.000  123   47 -27817.000 -27839.000  0.08%  18.4  140s
 542131 337787     cutoff  117      -27817.000 -27839.000  0.08%  18.4  145s
 562980 350467 -27839.000  110   51 -27817.000 -27839.000  0.08%  18.4  150s
 584300 362274 -27827.230  125   44 -27817.000 -27839.000  0.08%  18.4  155s
 603570 372150 -27832.598  128   48 -27817.000 -27839.000  0.08%  18.4  160s
 624268 383991     cutoff  116      -27817.000 -27839.000  0.08%  18.4  165s
 642312 396201     cutoff   95      -27817.000 -27839.000  0.08%  18.3  170s
 664750 410766     cutoff  106      -27817.000 -27839.000  0.08%  18.2  175s
 682591 422500 -27839.000  122   42 -27817.000 -27839.000  0.08%  18.2  180s
 701660 434936 -27839.000   90   46 -27817.000 -27839.000  0.08%  18.2  185s
 726872 450758     cutoff  129      -27817.000 -27839.000  0.08%  18.1  190s
 751947 466793 -27839.000   92   31 -27817.000 -27839.000  0.08%  18.1  195s
 776598 482870 -27839.000   96   30 -27817.000 -27839.000  0.08%  18.0  200s
 798461 496523 -27839.000   94   47 -27817.000 -27839.000  0.08%  18.0  205s
 818032 508245 -27839.000  149   39 -27817.000 -27839.000  0.08%  18.0  210s
 832814 515726 -27839.000   98   49 -27817.000 -27839.000  0.08%  18.0  215s
 858826 530182 -27839.000  114   50 -27817.000 -27839.000  0.08%  18.0  220s
 876598 540402 -27839.000  102   69 -27817.000 -27839.000  0.08%  18.0  225s
 898603 553315     cutoff   96      -27817.000 -27839.000  0.08%  18.0  230s
 912158 561444 -27839.000  107   57 -27817.000 -27839.000  0.08%  18.0  235s
 936544 575307     cutoff  119      -27817.000 -27839.000  0.08%  18.0  240s
 955381 586319 -27839.000   94   41 -27817.000 -27839.000  0.08%  18.0  245s
 974091 596810 -27839.000  112   47 -27817.000 -27839.000  0.08%  18.0  250s
 995175 608331 -27839.000  107   47 -27817.000 -27839.000  0.08%  18.0  255s
 1012809 618633 -27839.000   97   57 -27817.000 -27839.000  0.08%  18.0  260s
 1036181 633416 -27839.000  126   50 -27817.000 -27839.000  0.08%  18.0  265s
 1056959 645189 -27839.000  116   45 -27817.000 -27839.000  0.08%  18.0  270s
 1076434 656609 -27839.000  106   50 -27817.000 -27839.000  0.08%  18.0  275s
 1096092 668117 -27839.000  101   36 -27817.000 -27839.000  0.08%  18.0  280s
 1115044 680199 -27839.000   95   33 -27817.000 -27839.000  0.08%  17.9  285s
 1137594 694073 -27839.000   95   41 -27817.000 -27839.000  0.08%  17.9  290s
 1160363 708503     cutoff  150      -27817.000 -27839.000  0.08%  17.9  295s
 1179826 720875     cutoff  123      -27817.000 -27839.000  0.08%  17.9  300s
 1204053 735735 -27827.453  107   53 -27817.000 -27839.000  0.08%  17.9  305s
 1221278 746430 -27839.000   87   56 -27817.000 -27839.000  0.08%  17.8  310s
 1244558 761508     cutoff  156      -27817.000 -27839.000  0.08%  17.8  315s
 1269148 777223     cutoff  121      -27817.000 -27839.000  0.08%  17.8  320s
 1287330 788143 -27839.000  112   42 -27817.000 -27839.000  0.08%  17.8  325s
 1305473 798507     cutoff  115      -27817.000 -27839.000  0.08%  17.8  330s
 1325573 810063     cutoff  120      -27817.000 -27839.000  0.08%  17.8  335s
 1343640 821084 -27839.000   97   48 -27817.000 -27839.000  0.08%  17.8  340s
 1360373 831296     cutoff  126      -27817.000 -27839.000  0.08%  17.9  345s
 1380215 842588     cutoff  111      -27817.000 -27839.000  0.08%  17.9  350s
 1397707 853072 -27839.000  112   42 -27817.000 -27839.000  0.08%  17.9  355s
 1416352 865314 -27839.000   87   48 -27817.000 -27839.000  0.08%  17.8  360s
 1437148 877843 -27839.000  130   47 -27817.000 -27839.000  0.08%  17.8  365s
 1458025 890106 -27839.000   98   38 -27817.000 -27839.000  0.08%  17.8  370s
 1479860 903190 -27839.000  116   50 -27817.000 -27839.000  0.08%  17.8  375s
 1499437 914917 -27839.000  128   49 -27817.000 -27839.000  0.08%  17.8  380s
 1520622 926768 -27839.000   95   49 -27817.000 -27839.000  0.08%  17.9  385s
 1536958 935293 -27839.000  116   49 -27817.000 -27839.000  0.08%  17.9  390s
 1561404 946629 -27839.000  107   36 -27817.000 -27839.000  0.08%  17.9  395s
 1579636 955658 -27839.000  114   48 -27817.000 -27839.000  0.08%  17.9  400s
 1599561 966597 -27826.929   92   46 -27817.000 -27839.000  0.08%  17.9  405s
 1618715 977841 -27839.000   97   45 -27817.000 -27839.000  0.08%  17.9  410s
 1636026 987634 -27839.000  102   52 -27817.000 -27839.000  0.08%  17.9  415s
 1659006 1001642 -27839.000  134   45 -27817.000 -27839.000  0.08%  17.9  420s
 1680076 1013986 -27839.000   99   50 -27817.000 -27839.000  0.08%  17.9  425s
 1697529 1023990 -27821.224  107   45 -27817.000 -27839.000  0.08%  17.9  430s
 1715935 1035708 -27839.000  121   53 -27817.000 -27839.000  0.08%  17.9  435s
 1732452 1044962 -27839.000  127   51 -27817.000 -27839.000  0.08%  17.9  440s
 1752637 1055343 -27839.000  103   56 -27817.000 -27839.000  0.08%  17.9  445s
 1774817 1066781     cutoff  133      -27817.000 -27839.000  0.08%  18.0  450s
 1792567 1076262     cutoff  123      -27817.000 -27839.000  0.08%  17.9  455s
 1806096 1082887 -27839.000  111   32 -27817.000 -27839.000  0.08%  18.0  460s
 1830906 1095918     cutoff  117      -27817.000 -27839.000  0.08%  17.9  465s
 1851750 1106856 -27839.000  106   55 -27817.000 -27839.000  0.08%  17.9  470s
 1868828 1116345 -27839.000  125   36 -27817.000 -27839.000  0.08%  18.0  475s
 1889451 1126560     cutoff  117      -27817.000 -27839.000  0.08%  18.0  480s
 1908462 1136891 -27823.780  111   51 -27817.000 -27839.000  0.08%  18.0  485s
 1932432 1149710 -27824.085  130   46 -27817.000 -27839.000  0.08%  18.0  490s
 1947333 1157129 -27839.000  123   42 -27817.000 -27839.000  0.08%  18.0  495s
 1968717 1168995 -27839.000   97   48 -27817.000 -27839.000  0.08%  18.0  500s
 1986566 1179546 -27839.000  100   51 -27817.000 -27839.000  0.08%  18.0  505s
 2004070 1189571 -27839.000  116   47 -27817.000 -27839.000  0.08%  18.0  510s
 2025014 1201205 -27836.734  118   50 -27817.000 -27839.000  0.08%  18.0  515s
 2043097 1212169 -27839.000  112   54 -27817.000 -27839.000  0.08%  18.0  520s
 2061200 1221736 -27839.000  103   36 -27817.000 -27839.000  0.08%  18.0  525s
 2081670 1233412 -27839.000  128   43 -27817.000 -27839.000  0.08%  18.0  530s
 2098252 1242222 -27839.000  101   52 -27817.000 -27839.000  0.08%  18.0  535s
 2114954 1251777     cutoff  120      -27817.000 -27839.000  0.08%  18.1  540s
 2134675 1262663     cutoff  113      -27817.000 -27839.000  0.08%  18.1  545s
 2154670 1274032 -27839.000  101   40 -27817.000 -27839.000  0.08%  18.1  550s
 2170852 1283195 -27839.000   97   39 -27817.000 -27839.000  0.08%  18.1  555s
 2194015 1296401 -27839.000  121   59 -27817.000 -27839.000  0.08%  18.1  560s
 2212836 1306735 -27839.000  100   42 -27817.000 -27839.000  0.08%  18.1  565s
 2228284 1314990 -27839.000  105   59 -27817.000 -27839.000  0.08%  18.2  570s
 2248564 1326615 -27839.000  108   39 -27817.000 -27839.000  0.08%  18.2  575s
 2266385 1336647 -27839.000  127   52 -27817.000 -27839.000  0.08%  18.2  580s
 2283460 1346094 -27827.121   90   66 -27817.000 -27839.000  0.08%  18.2  585s
 2306936 1360351 -27839.000  108   41 -27817.000 -27839.000  0.08%  18.2  590s
 2323271 1370421 -27839.000   80   31 -27817.000 -27839.000  0.08%  18.2  595s
 2340291 1380274 -27833.501  126   48 -27817.000 -27839.000  0.08%  18.2  600s

Cutting planes:
  Gomory: 7
  Cover: 28
  MIR: 34
  StrongCG: 21
  Flow cover: 23
  Zero half: 1
  RLT: 1

Explored 2340403 nodes (42518949 simplex iterations) in 600.00 seconds (1057.55 work units)
Thread count was 4 (of 56 available processors)

Solution count 10: -27817 -27807 -27768 ... -27744

Time limit reached
Best objective -2.781700000000e+04, best bound -2.783900000000e+04, gap 0.0791%
