
Gurobi 9.5.0 (linux64) logging started Fri Apr  1 06:55:19 2022

Set parameter LogFile to value "/local_workspace/chenrui/LogFiles/MKAP/MKAP_10_100_25_6_DWcutsT1.log"
Gurobi Optimizer version 9.5.0 build v9.5.0rc5 (linux64)
Thread count: 56 physical cores, 56 logical processors, using up to 4 threads
Optimize a model with 860 rows, 1250 columns and 4970 nonzeros
Model fingerprint: 0xebca6c15
Variable types: 0 continuous, 1250 integer (1250 binary)
Coefficient statistics:
  Matrix range     [1e+00, 4e+03]
  Objective range  [3e+00, 1e+03]
  Bounds range     [1e+00, 1e+00]
  RHS range        [1e+00, 1e+00]
Found heuristic solution: objective 0.0000000
Presolve removed 27 rows and 0 columns
Presolve time: 0.01s
Presolved: 833 rows, 1250 columns, 4365 nonzeros
Variable types: 0 continuous, 1250 integer (1250 binary)
Found heuristic solution: objective -1254.000000

Root relaxation: objective -2.406900e+04, 2024 iterations, 0.03 seconds (0.03 work units)

    Nodes    |    Current Node    |     Objective Bounds      |     Work
 Expl Unexpl |  Obj  Depth IntInf | Incumbent    BestBd   Gap | It/Node Time

     0     0 -24069.001    0   83 -1254.0000 -24069.001  1819%     -    0s
H    0     0                    -18715.00000 -24069.001  28.6%     -    0s
H    0     0                    -21994.00000 -24069.001  9.43%     -    0s
     0     0 -24069.001    0   54 -21994.000 -24069.001  9.43%     -    0s
H    0     0                    -23650.00000 -24069.001  1.77%     -    0s
H    0     0                    -24066.00000 -24069.001  0.01%     -    0s
H    0     0                    -24069.00000 -24069.001  0.00%     -    0s
     0     0 -24069.001    0   54 -24069.000 -24069.001  0.00%     -    0s

Cutting planes:
  Gomory: 15
  Cover: 24
  Clique: 62
  StrongCG: 1

Explored 1 nodes (2119 simplex iterations) in 0.08 seconds (0.05 work units)
Thread count was 4 (of 56 available processors)

Solution count 7: -24069 -24066 -23650 ... 0
No other solutions better than -24069

Optimal solution found (tolerance 1.00e-04)
Best objective -2.406900000000e+04, best bound -2.406900000000e+04, gap 0.0000%
