
Gurobi 9.5.0 (linux64) logging started Fri Apr  1 03:01:27 2022

Set parameter LogFile to value "/local_workspace/chenrui/LogFiles/MKAP/MKAP_20_200_25_3_DWcutsT1.log"
Gurobi Optimizer version 9.5.0 build v9.5.0rc5 (linux64)
Thread count: 56 physical cores, 56 logical processors, using up to 4 threads
Optimize a model with 1720 rows, 4500 columns and 17994 nonzeros
Model fingerprint: 0x4ac36dc0
Variable types: 0 continuous, 4500 integer (4500 binary)
Coefficient statistics:
  Matrix range     [2e-13, 4e+03]
  Objective range  [1e+00, 1e+03]
  Bounds range     [1e+00, 1e+00]
  RHS range        [5e-13, 1e+02]
Warning: Model contains large matrix coefficient range
         Consider reformulating model or setting NumericFocus parameter
         to avoid numerical issues.
Found heuristic solution: objective 0.0000000
Presolve removed 2 rows and 0 columns
Presolve time: 0.05s
Presolved: 1718 rows, 4500 columns, 17504 nonzeros
Variable types: 0 continuous, 4500 integer (4500 binary)
Found heuristic solution: objective -3585.000000

Root relaxation: objective -7.089051e+04, 10551 iterations, 0.44 seconds (0.43 work units)

    Nodes    |    Current Node    |     Objective Bounds      |     Work
 Expl Unexpl |  Obj  Depth IntInf | Incumbent    BestBd   Gap | It/Node Time

     0     0 -70890.509    0  207 -3585.0000 -70890.509  1877%     -    0s
H    0     0                    -48408.00000 -70890.509  46.4%     -    0s
H    0     0                    -57135.00000 -70890.509  24.1%     -    0s
H    0     0                    -62027.00000 -70890.509  14.3%     -    0s
H    0     0                    -68244.00000 -70890.509  3.88%     -    0s
     0     0 -70890.509    0  327 -68244.000 -70890.509  3.88%     -    0s
     0     0 -70890.509    0  269 -68244.000 -70890.509  3.88%     -    0s
H    0     0                    -68411.00000 -70890.509  3.62%     -    1s
     0     0 -70890.509    0  242 -68411.000 -70890.509  3.62%     -    1s
     0     0 -70890.509    0  263 -68411.000 -70890.509  3.62%     -    1s
     0     0 -70890.509    0  258 -68411.000 -70890.509  3.62%     -    1s
     0     0 -70890.509    0  256 -68411.000 -70890.509  3.62%     -    2s
     0     2 -70890.509    0  256 -68411.000 -70890.509  3.62%     -    2s
    15    20 -70890.509    5  195 -68411.000 -70890.509  3.62%   346    5s
H   30    35                    -69152.00000 -70890.509  2.51%   258    5s
H   42    45                    -69311.00000 -70890.509  2.28%   251    6s
H   59    66                    -70005.00000 -70890.509  1.26%   242    6s
H   60    66                    -70696.00000 -70890.509  0.28%   247    6s
H  100   101                    -70750.00000 -70890.509  0.20%   231    7s
H  176   148                    -70770.00000 -70890.509  0.17%   225    8s
   274   266 -70788.137   45  161 -70770.000 -70890.509  0.17%   214   10s
H  443   349                    -70774.00000 -70890.509  0.16%   169   11s
H  522   254                    -70839.00000 -70890.509  0.07%   151   12s
   773   265 -70871.509   35  144 -70839.000 -70890.509  0.07%   166   15s
  1172   484 -70856.374   65  125 -70839.000 -70890.509  0.07%   186   20s
  7737  2973 -70850.228   94   40 -70839.000 -70890.363  0.07%  27.3   25s
 18430  2644     cutoff   80      -70839.000 -70867.483  0.04%  29.9   30s

Explored 29104 nodes (1114136 simplex iterations) in 33.16 seconds (46.12 work units)
Thread count was 4 (of 56 available processors)

Solution count 10: -70839 -70774 -70770 ... -68244

Optimal solution found (tolerance 1.00e-04)
Best objective -7.083900000000e+04, best bound -7.084600000000e+04, gap 0.0099%
