
Gurobi 9.5.0 (linux64) logging started Fri Apr  1 05:58:01 2022

Set parameter LogFile to value "/local_workspace/chenrui/LogFiles/MKAP/MKAP_20_200_10_5_DWcutsT2.log"
Gurobi Optimizer version 9.5.0 build v9.5.0rc5 (linux64)
Thread count: 56 physical cores, 56 logical processors, using up to 4 threads
Optimize a model with 1119 rows, 4200 columns and 23060 nonzeros
Model fingerprint: 0x670784f2
Variable types: 0 continuous, 4200 integer (4200 binary)
Coefficient statistics:
  Matrix range     [1e-13, 3e+03]
  Objective range  [1e+00, 1e+03]
  Bounds range     [1e+00, 1e+00]
  RHS range        [2e-13, 1e+00]
Warning: Model contains large matrix coefficient range
         Consider reformulating model or setting NumericFocus parameter
         to avoid numerical issues.
Found heuristic solution: objective 0.0000000
Presolve removed 110 rows and 12 columns
Presolve time: 0.04s
Presolved: 1009 rows, 4188 columns, 20946 nonzeros
Variable types: 0 continuous, 4188 integer (4188 binary)
Found heuristic solution: objective -43236.00000

Root relaxation: objective -8.049612e+04, 6112 iterations, 0.25 seconds (0.29 work units)

    Nodes    |    Current Node    |     Objective Bounds      |     Work
 Expl Unexpl |  Obj  Depth IntInf | Incumbent    BestBd   Gap | It/Node Time

     0     0 -80496.120    0  122 -43236.000 -80496.120  86.2%     -    0s
H    0     0                    -72875.00000 -80496.120  10.5%     -    0s
H    0     0                    -78075.00000 -80496.120  3.10%     -    0s
H    0     0                    -78285.00000 -80496.120  2.82%     -    0s
     0     0 -80496.120    0  274 -78285.000 -80496.120  2.82%     -    0s
     0     0 -80496.120    0  256 -78285.000 -80496.120  2.82%     -    1s
     0     0 -80496.120    0  224 -78285.000 -80496.120  2.82%     -    1s
     0     0 -80496.120    0  234 -78285.000 -80496.120  2.82%     -    1s
     0     0 -80496.120    0  173 -78285.000 -80496.120  2.82%     -    2s
     0     0 -80496.120    0  169 -78285.000 -80496.120  2.82%     -    2s
     0     2 -80496.120    0  161 -78285.000 -80496.120  2.82%     -    2s
H   30    33                    -78428.00000 -80496.120  2.64%   471    3s
H  107   191                    -78595.00000 -80496.120  2.42%   265    4s
   588   598 -80496.113   11  158 -78595.000 -80496.120  2.42%  85.5    5s
H 1157   988                    -78634.00000 -80496.120  2.37%  73.3    7s
H 1157   938                    -78744.00000 -80496.120  2.23%  73.3    7s
  1165   943 -80437.170   31  286 -78744.000 -80496.120  2.23%  72.8   10s
  1214  1004 -80496.120   20  143 -78744.000 -80496.120  2.23%  96.4   15s
H 1379  1114                    -78745.00000 -80496.120  2.22%   101   17s
  2678  2250 -79847.847  190   70 -78745.000 -80496.120  2.22%  81.8   20s
H 4364  2737                    -78788.00000 -80496.120  2.17%  61.9   22s
  6860  5274 -80496.120   40  149 -78788.000 -80496.120  2.17%  51.3   25s
 11532  8877 -80355.731   94   96 -78788.000 -80496.120  2.17%  44.0   31s
 16031 13013 -79892.396   47  121 -78788.000 -80496.120  2.17%  42.4   35s
H16749 11597                    -79023.00000 -80496.120  1.86%  42.1   36s
H17400 11659                    -79102.00000 -80496.120  1.76%  42.1   36s
H19124 12770                    -79193.00000 -80496.120  1.65%  41.4   38s
H19401 11769                    -79339.00000 -80496.120  1.46%  41.1   38s
 20770 12638 -80493.762   31  152 -79339.000 -80496.120  1.46%  40.4   54s
 21107 14324 -80495.162   36  146 -79339.000 -80496.120  1.46%  40.9   55s
 26424 17309 -80395.018   43  145 -79339.000 -80496.120  1.46%  40.0   60s
H27160 17360                    -79353.00000 -80496.120  1.44%  40.1   61s
 30611 20478 -80495.257   48  180 -79353.000 -80496.120  1.44%  40.2   65s
 33622 23105 -79747.790  110   84 -79353.000 -80496.120  1.44%  40.5   70s
 36540 25718 -80494.553   28  153 -79353.000 -80496.120  1.44%  41.0   75s
 39638 27867 -80280.129   67  133 -79353.000 -80496.120  1.44%  40.9   80s
H39848 26037                    -79433.00000 -80496.120  1.34%  41.3   81s
 41026 27285 -80495.185   34  161 -79433.000 -80496.120  1.34%  42.2   85s
 44256 29896 -79593.745   50   77 -79433.000 -80496.120  1.34%  42.1   90s
 47362 32272 -80496.108   38  140 -79433.000 -80496.120  1.34%  42.6   95s
 50265 34861 -79754.985   72   85 -79433.000 -80496.120  1.34%  43.8  100s
 53079 37202 -80495.997   38  142 -79433.000 -80496.120  1.34%  44.2  105s
 56561 40046 -80455.689   44  125 -79433.000 -80496.120  1.34%  44.7  110s
 59430 42488 -79594.061  187   33 -79433.000 -80496.120  1.34%  45.2  115s
 62545 44626 -80283.259   29  151 -79433.000 -80496.120  1.34%  45.4  120s
H64862 46005                    -79440.00000 -80496.120  1.33%  46.3  127s
 66868 48189 -79972.579   31  118 -79440.000 -80496.120  1.33%  46.1  130s
H69191 46530                    -79498.00000 -80496.120  1.26%  46.7  133s
 69859 47550 -79815.193   63  114 -79498.000 -80496.120  1.26%  46.9  135s
H71607 46623                    -79546.00000 -80496.120  1.19%  46.8  137s
H72614 47069                    -79548.00000 -80496.120  1.19%  46.8  138s
H73948 47453                    -79558.00003 -80496.120  1.18%  46.8  139s
 74220 48025 -79853.895   49  119 -79558.000 -80496.120  1.18%  46.8  140s
 76842 49744 -80308.869   65  174 -79558.000 -80496.120  1.18%  47.2  145s
 79471 51810 -80477.597   33  151 -79558.000 -80496.120  1.18%  47.7  150s
 81811 53912 -80181.987   61  111 -79558.000 -80496.120  1.18%  48.2  155s
H83771 52843                    -79596.00000 -80496.120  1.13%  48.2  158s
 85159 53836 -80082.173   49  128 -79596.000 -80496.120  1.13%  48.2  160s
H86629 54210                    -79604.00000 -80496.120  1.12%  48.6  162s
H87666 50401                    -79677.00000 -80496.120  1.03%  48.6  163s
 88042 50424 -79964.697   67   91 -79677.000 -80496.120  1.03%  48.7  165s
 91908 53919 -79794.473   82  102 -79677.000 -80496.120  1.03%  49.2  170s
H93389 51947                    -79725.00000 -80496.120  0.97%  49.1  172s
 94779 53565 -80492.083   56  133 -79725.000 -80496.120  0.97%  49.2  175s
 98986 56056 -80244.691   54  134 -79725.000 -80496.120  0.97%  49.4  180s
 102766 59253 -79905.058   92  101 -79725.000 -80496.120  0.97%  49.5  185s
 107117 62305 -80192.457   89  100 -79725.000 -80496.120  0.97%  49.5  190s
 110213 64974 -80190.145   52  118 -79725.000 -80496.120  0.97%  49.6  195s
 113388 67210 -80389.372   25  185 -79725.000 -80496.120  0.97%  50.1  200s
 118446 70879 -80154.129   35  111 -79725.000 -80496.120  0.97%  49.9  205s
 122700 74283 -80452.084   62  141 -79725.000 -80496.120  0.97%  50.0  210s
 126497 77258 -80021.569   66  103 -79725.000 -80496.120  0.97%  50.1  215s
 131203 80218 -80269.233   49  123 -79725.000 -80496.120  0.97%  50.0  220s
 134100 82401 -80496.120   30  168 -79725.000 -80496.120  0.97%  50.3  225s
 136194 84078 -80478.900   47  149 -79725.000 -80496.120  0.97%  50.6  230s
 138372 86365 -80432.077   72  139 -79725.000 -80496.120  0.97%  51.0  236s
 141292 87893 -80135.753   60  125 -79725.000 -80496.120  0.97%  51.2  240s
 143096 89425 -79745.003  104   68 -79725.000 -80496.120  0.97%  51.4  245s
 146005 91434 -80326.154   72  113 -79725.000 -80496.120  0.97%  51.7  250s
 148053 93131 -80429.991   66  154 -79725.000 -80496.120  0.97%  52.0  255s
 149746 94772 -80052.082   87   98 -79725.000 -80496.120  0.97%  52.3  260s
 152484 96636 -80496.120   50  154 -79725.000 -80496.120  0.97%  52.5  265s
 155341 98943 -80496.026   40  158 -79725.000 -80496.120  0.97%  52.7  271s
 158144 100800 -80245.931   67  165 -79725.000 -80496.120  0.97%  53.0  275s
 159890 102448 infeasible   99      -79725.000 -80496.120  0.97%  53.1  280s
H160777 96975                    -79766.00000 -80496.120  0.92%  53.2  281s
H161291 94354                    -79789.00000 -80496.120  0.89%  53.2  282s
 163044 95723     cutoff  117      -79789.000 -80496.120  0.89%  53.4  285s
 166413 98067 -80362.175   54  148 -79789.000 -80496.120  0.89%  53.8  290s
 169652 100376 -80337.679   58  132 -79789.000 -80496.120  0.89%  53.9  295s
 173292 103306 -80130.547   72  112 -79789.000 -80496.120  0.89%  54.1  300s
 176766 105728 -80310.075   70  154 -79789.000 -80496.120  0.89%  54.3  305s
 179095 108003 -80496.120   48  145 -79789.000 -80496.120  0.89%  54.6  311s
 183139 110413 -79836.126   83  115 -79789.000 -80496.120  0.89%  54.9  315s
 185942 112659 -80086.160   78  105 -79789.000 -80496.120  0.89%  55.2  320s
 189022 114525 -80158.485   52  132 -79789.000 -80496.120  0.89%  55.2  325s
 192780 117381 -80291.405   71  155 -79789.000 -80496.120  0.89%  55.4  330s
 193600 117998 -80377.756   73  135 -79789.000 -80496.120  0.89%  55.5  335s
 196603 120315 -80495.841   61  163 -79789.000 -80496.120  0.89%  55.6  340s
 197973 121650 -80262.620   63  132 -79789.000 -80496.120  0.89%  55.9  345s
 200967 123758 -80307.029   69  144 -79789.000 -80496.120  0.89%  56.1  350s
 204191 126021 -80496.120   43  159 -79789.000 -80496.120  0.89%  56.2  355s
 206661 128064 -80423.176   56  178 -79789.000 -80496.120  0.89%  56.4  361s
 208989 129724 -80496.090   32  177 -79789.000 -80496.120  0.89%  56.5  365s
 211794 131523 -79835.458   80   92 -79789.000 -80496.120  0.89%  56.5  370s
 214888 134014 -80223.820   72  145 -79789.000 -80496.120  0.89%  56.6  375s
 217800 136031 -79877.941   91   84 -79789.000 -80496.120  0.89%  56.8  380s
 219899 137525 -80496.118   59  167 -79789.000 -80496.120  0.89%  56.8  385s
 222360 139593 -80217.793   54  121 -79789.000 -80496.120  0.89%  57.1  390s
 225074 141300 -80286.045   52  165 -79789.000 -80496.120  0.89%  57.3  395s
 227046 142932 -79940.212   71  128 -79789.000 -80496.120  0.89%  57.5  400s
 229338 144504 -80493.791   43  169 -79789.000 -80496.120  0.89%  57.7  405s
 231999 146484 -80211.885   55  120 -79789.000 -80496.120  0.89%  57.8  410s
 234578 148242 -80230.312   61  126 -79789.000 -80496.120  0.89%  58.1  415s
 237864 150705 -80493.791   48  160 -79789.000 -80496.120  0.89%  58.2  420s
 240556 152672 -80144.001   65  114 -79789.000 -80496.120  0.89%  58.3  425s
 242493 154074 -79848.259   96   82 -79789.000 -80496.120  0.89%  58.4  430s
 244859 156097 -80284.597   54  112 -79789.000 -80496.120  0.89%  58.6  435s
 247155 157523 -80493.304   53  137 -79789.000 -80496.120  0.89%  58.7  440s
 249096 159103 -80464.970   55  151 -79789.000 -80496.120  0.89%  59.0  445s
 251341 160288 -80421.487   60  142 -79789.000 -80496.120  0.89%  59.2  450s
 251449 162587 -79995.074   79  125 -79789.000 -80496.120  0.89%  59.2  456s
 256302 164277 -80496.120   27  165 -79789.000 -80496.120  0.89%  59.5  461s
 258554 166247 -80496.089   27  170 -79789.000 -80496.120  0.89%  59.5  466s
H259073 159452                    -79812.00000 -80496.120  0.86%  59.6  466s
 262235 162142 -80480.918   57  150 -79812.000 -80496.120  0.86%  59.5  471s
 264277 163462 -79852.445   75   67 -79812.000 -80496.120  0.86%  59.5  475s
 267803 165788 -80015.984  113   65 -79812.000 -80496.120  0.86%  59.4  480s
 270049 167528 -80109.525   69  101 -79812.000 -80496.120  0.86%  59.6  485s
 272630 171338 -80493.608   50  154 -79812.000 -80496.120  0.86%  59.6  493s
 275856 172042 -80255.664   56  144 -79812.000 -80496.120  0.86%  59.7  495s
 277880 173294 -80496.120   41  151 -79812.000 -80496.120  0.86%  59.7  500s
 280461 175247 -80080.198   50  116 -79812.000 -80496.120  0.86%  60.0  505s
 283280 177421 -80221.472   70  105 -79812.000 -80496.120  0.86%  60.2  511s
 285672 179127 -80141.068   66  154 -79812.000 -80496.120  0.86%  60.2  515s
 289101 181739 -80496.120   43  159 -79812.000 -80496.120  0.86%  60.3  520s
 292195 183511 -79992.403   75   99 -79812.000 -80496.120  0.86%  60.2  525s
 294944 185608 -79828.140   90   82 -79812.000 -80496.120  0.86%  60.2  530s
 297170 187410 -80496.120   53  144 -79812.000 -80496.120  0.86%  60.3  535s
 301146 190269 -80422.762   53  180 -79812.000 -80496.120  0.86%  60.2  540s
 302999 191821 -80019.015   53  124 -79812.000 -80496.120  0.86%  60.2  545s
 307453 194953 -80331.418   55  115 -79812.000 -80496.120  0.86%  60.0  550s
 311924 198350 -80085.979   71  125 -79812.000 -80496.120  0.86%  59.8  555s
 314580 200613 -80080.264  102   76 -79812.000 -80496.120  0.86%  59.8  560s
 318624 203366 -80265.871   57  112 -79812.000 -80496.120  0.86%  59.7  565s
 322345 205906 -79843.057  108   70 -79812.000 -80496.120  0.86%  59.6  570s
 325588 208424 -79993.219  105   63 -79812.000 -80496.120  0.86%  59.6  575s
 328141 210402 -80236.191   80  102 -79812.000 -80496.120  0.86%  59.6  580s
 330848 212399 -80026.152   66  113 -79812.000 -80496.120  0.86%  59.7  585s
 332403 213376 -80319.829   50  145 -79812.000 -80496.120  0.86%  59.7  590s
 335530 215342 -80496.090   39  181 -79812.000 -80496.120  0.86%  59.8  595s
 339031 217517 -80196.510   89   91 -79812.000 -80496.120  0.86%  59.8  600s

Cutting planes:
  Cover: 130
  Clique: 95
  MIR: 17
  StrongCG: 23
  Flow cover: 25
  Zero half: 1
  RLT: 3

Explored 339035 nodes (20304328 simplex iterations) in 600.00 seconds (834.18 work units)
Thread count was 4 (of 56 available processors)

Solution count 10: -79812 -79789 -79766 ... -79546

Time limit reached
Best objective -7.981200000000e+04, best bound -8.049600000000e+04, gap 0.8570%
