
Gurobi 9.5.0 (linux64) logging started Wed Mar 30 01:18:20 2022

Set parameter LogFile to value "/local_workspace/chenrui/LogFiles/MKAP/MKAP_20_300_25_5_objLB.log"
Gurobi Optimizer version 9.5.0 build v9.5.0rc5 (linux64)
Thread count: 56 physical cores, 56 logical processors, using up to 4 threads
Optimize a model with 821 rows, 6500 columns and 19000 nonzeros
Model fingerprint: 0x084dbad7
Variable types: 0 continuous, 6500 integer (6500 binary)
Coefficient statistics:
  Matrix range     [1e+00, 4e+03]
  Objective range  [1e+00, 1e+03]
  Bounds range     [1e+00, 1e+00]
  RHS range        [1e+00, 1e+05]
Found heuristic solution: objective 0.0000000
Presolve removed 20 rows and 20 columns
Presolve time: 0.03s
Presolved: 801 rows, 6480 columns, 18960 nonzeros
Variable types: 0 continuous, 6480 integer (6480 binary)
Found heuristic solution: objective -61512.00000

Root relaxation: objective -1.105620e+05, 996 iterations, 0.01 seconds (0.02 work units)

    Nodes    |    Current Node    |     Objective Bounds      |     Work
 Expl Unexpl |  Obj  Depth IntInf | Incumbent    BestBd   Gap | It/Node Time

     0     0 -110562.00    0   72 -61512.000 -110562.00  79.7%     -    0s
H    0     0                    -96486.00000 -110562.00  14.6%     -    0s
H    0     0                    -100528.0000 -110562.00  10.0%     -    0s
H    0     0                    -102049.0000 -110562.00  8.34%     -    0s
     0     0 -110562.00    0  220 -102049.00 -110562.00  8.34%     -    0s
H    0     0                    -106798.0000 -110562.00  3.52%     -    0s
     0     0 -110562.00    0  215 -106798.00 -110562.00  3.52%     -    0s
     0     0 -110562.00    0   33 -106798.00 -110562.00  3.52%     -    1s
H    0     0                    -107171.0000 -110562.00  3.16%     -    1s
     0     0 -110562.00    0   57 -107171.00 -110562.00  3.16%     -    1s
     0     0 -110562.00    0   63 -107171.00 -110562.00  3.16%     -    1s
     0     0 -110562.00    0   57 -107171.00 -110562.00  3.16%     -    1s
     0     2 -110562.00    0   50 -107171.00 -110562.00  3.16%     -    1s
H   57    98                    -108171.0000 -110562.00  2.21%   354    2s
H  123   216                    -108175.0000 -110562.00  2.21%   208    3s
H 1116  1049                    -108220.0000 -110562.00  2.16%  68.8    4s
H 1165  1043                    -108846.0000 -110562.00  1.58%  69.5    4s
  1169  1044 -110562.00   61   57 -108846.00 -110562.00  1.58%  69.6    5s
H 1170   992                    -108891.0000 -110562.00  1.53%  69.5    5s
  1187  1008 -110562.00   13   84 -108891.00 -110562.00  1.53%  97.5   10s
H 1207   971                    -108929.0000 -110562.00  1.50%  96.6   10s
H 1240   947                    -109066.0000 -110562.00  1.37%  95.9   11s
H 1845  1341                    -109113.0000 -110562.00  1.33%  89.7   17s
  4071  1280 -109932.80  125   30 -109113.00 -110562.00  1.33%  55.4   20s
  7311  1886     cutoff  136      -109113.00 -110562.00  1.33%  43.8   25s
H10384  3075                    -109444.0006 -110562.00  1.02%  38.1   27s
 15964  3870 -110562.00  108   47 -109444.00 -110562.00  1.02%  45.2   30s
 21096  4435 -110562.00   91   53 -109444.00 -110562.00  1.02%  53.7   40s
H23760  4531                    -109563.0000 -110562.00  0.91%  56.5   44s
 24226  4527     cutoff  113      -109563.00 -110562.00  0.91%  57.0   45s
H26519  4662                    -109769.0000 -110562.00  0.72%  58.1   47s
 32550  6027 -110482.84  116   24 -109769.00 -110562.00  0.72%  50.2   50s
H32645  5934                    -109828.0000 -110562.00  0.67%  50.2   50s
 37311  5974 -110562.00  107   45 -109828.00 -110562.00  0.67%  52.3   59s
H37363  5674                    -109933.0000 -110562.00  0.57%  52.3   59s
 37523  5678 -110562.00  105   39 -109933.00 -110562.00  0.57%  52.4   60s
H37526  5674                    -109934.0000 -110562.00  0.57%  52.4   60s
 38913  5695 -110562.00   75   44 -109934.00 -110562.00  0.57%  53.9   65s
 52519  6606     cutoff  121      -109934.00 -110562.00  0.57%  44.3   70s
H52521  6412                    -109986.0000 -110562.00  0.52%  44.3   70s
 68520  6724 -110562.00  100   41 -109986.00 -110562.00  0.52%  36.5   75s
 89775  7702 infeasible  114      -109986.00 -110562.00  0.52%  31.1   80s
H91372  7501                    -110036.0000 -110562.00  0.48%  30.9   82s
 99407  8949 -110526.51  120   28 -110036.00 -110562.00  0.48%  29.8   85s
 111396 10198     cutoff  129      -110036.00 -110562.00  0.48%  28.9   90s
 120981 10697 -110562.00  118   44 -110036.00 -110562.00  0.48%  30.1   95s
 129109 11009 infeasible   94      -110036.00 -110562.00  0.48%  30.3  100s
 138711 11388 -110562.00   90   43 -110036.00 -110562.00  0.48%  30.3  105s
 154242 12641 -110533.23  127   39 -110036.00 -110562.00  0.48%  29.5  110s
 172112 14724 infeasible  119      -110036.00 -110562.00  0.48%  28.4  115s
 187375 15267 -110562.00  121   37 -110036.00 -110562.00  0.48%  27.8  120s
 201693 15738 -110562.00  124   45 -110036.00 -110562.00  0.48%  27.8  125s
 211150 16233 infeasible  141      -110036.00 -110562.00  0.48%  27.8  130s
 226841 16989 -110562.00  118   35 -110036.00 -110562.00  0.48%  27.7  135s
 244750 17260     cutoff  121      -110036.00 -110562.00  0.48%  27.2  140s
 259097 17592     cutoff  129      -110036.00 -110562.00  0.48%  27.0  145s
 270437 17733     cutoff  107      -110036.00 -110562.00  0.48%  27.3  150s
 284139 18010 infeasible  125      -110036.00 -110562.00  0.48%  27.5  155s
H290476 18071                    -110043.0000 -110562.00  0.47%  27.5  157s
 292877 18081 -110562.00  113   45 -110043.00 -110562.00  0.47%  27.5  162s
 293277 18075 infeasible  123      -110043.00 -110562.00  0.47%  27.5  165s
 307052 18358 infeasible  130      -110043.00 -110562.00  0.47%  27.8  170s
 317660 19028 infeasible  122      -110043.00 -110562.00  0.47%  27.6  175s
 338822 19442     cutoff  115      -110043.00 -110562.00  0.47%  27.2  180s
 349637 19523 -110562.00  120   42 -110043.00 -110562.00  0.47%  27.2  185s
 364230 19575 infeasible  114      -110043.00 -110562.00  0.47%  27.2  190s
H377400 19516                    -110091.0000 -110562.00  0.43%  27.1  194s
 379393 19507 infeasible  130      -110091.00 -110562.00  0.43%  27.1  195s
H385191 19389                    -110114.0000 -110562.00  0.41%  27.1  199s
 386694 19301 -110562.00  120   39 -110114.00 -110562.00  0.41%  27.2  200s
 397968 19724     cutoff  104      -110114.00 -110562.00  0.41%  27.2  207s
 398652 20004 -110562.00  119   29 -110114.00 -110562.00  0.41%  27.2  210s
 415202 20042     cutoff  135      -110114.00 -110562.00  0.41%  26.9  215s
 430910 19788 infeasible  125      -110114.00 -110562.00  0.41%  26.9  220s
 441884 19751     cutoff  125      -110114.00 -110562.00  0.41%  27.1  225s
 452979 19350 infeasible  126      -110114.00 -110562.00  0.41%  27.4  230s
 460477 19373 -110562.00  115   39 -110114.00 -110562.00  0.41%  27.4  235s
H469502 18936                    -110154.0000 -110562.00  0.37%  27.4  238s
H471145 17120                    -110293.0000 -110562.00  0.24%  27.4  239s
 471150 17061 infeasible  124      -110293.00 -110562.00  0.24%  27.4  240s
 479838 16940 infeasible  134      -110293.00 -110562.00  0.24%  27.4  245s
 495022 16485 -110562.00  119   39 -110293.00 -110562.00  0.24%  27.3  251s
 506196 15862 -110562.00  124   45 -110293.00 -110562.00  0.24%  27.3  255s
 521424 15437     cutoff  146      -110293.00 -110562.00  0.24%  27.4  260s
 536516 16092 infeasible  123      -110293.00 -110562.00  0.24%  27.6  265s
H541122 15174                    -110347.0000 -110562.00  0.19%  27.7  268s
 541574 15183     cutoff  121      -110347.00 -110562.00  0.19%  27.7  272s
 543218 15132 -110562.00  121   47 -110347.00 -110562.00  0.19%  27.7  275s
 554166 15025     cutoff  129      -110347.00 -110562.00  0.19%  27.9  280s
 566489 15114 -110562.00  118   46 -110347.00 -110562.00  0.19%  28.2  285s
 577919 15687 -110562.00  115   50 -110347.00 -110562.00  0.19%  28.5  290s
 585266 16188 -110562.00  119   38 -110347.00 -110562.00  0.19%  28.6  295s
 601218 16538 infeasible  121      -110347.00 -110562.00  0.19%  28.6  300s
 617530 16670 infeasible  123      -110347.00 -110562.00  0.19%  28.6  305s
 632745 16827 -110562.00  119   39 -110347.00 -110562.00  0.19%  28.6  310s
 646055 17226     cutoff  129      -110347.00 -110562.00  0.19%  28.6  315s
 662331 17109 -110562.00  127   36 -110347.00 -110562.00  0.19%  28.5  320s
 666413 17165 -110562.00  114   40 -110347.00 -110562.00  0.19%  28.5  328s
 670666 17287 -110562.00  119   38 -110347.00 -110562.00  0.19%  28.5  330s
 686349 17199 -110562.00  108   38 -110347.00 -110562.00  0.19%  28.5  335s
 703936 17436     cutoff  142      -110347.00 -110562.00  0.19%  28.5  340s
 714313 17248     cutoff  120      -110347.00 -110562.00  0.19%  28.5  345s
 729824 16527     cutoff  105      -110347.00 -110562.00  0.19%  28.5  350s
 738778 16707     cutoff  118      -110347.00 -110562.00  0.19%  28.6  355s
 754596 17504     cutoff  124      -110347.00 -110562.00  0.19%  28.7  360s
 768810 18238 -110562.00  129   39 -110347.00 -110562.00  0.19%  28.8  366s
 778270 18324     cutoff  130      -110347.00 -110562.00  0.19%  28.9  370s
 793233 19218 -110562.00  125   41 -110347.00 -110562.00  0.19%  29.1  375s
 802836 19496 -110562.00  129   38 -110347.00 -110562.00  0.19%  29.1  380s
 818296 19391     cutoff  120      -110347.00 -110562.00  0.19%  29.2  385s
H822433 18482                    -110391.0000 -110562.00  0.15%  29.3  386s
 823594 18440 -110562.00  126   41 -110391.00 -110562.00  0.15%  29.3  390s
 834637 18736 -110562.00  124   38 -110391.00 -110562.00  0.15%  29.4  395s
 841385 18894     cutoff  128      -110391.00 -110562.00  0.15%  29.5  401s
 850270 19233 -110562.00  122   45 -110391.00 -110562.00  0.15%  29.5  408s
 853081 19208     cutoff  134      -110391.00 -110562.00  0.15%  29.6  410s
 867484 19214 infeasible  122      -110391.00 -110562.00  0.15%  29.7  415s
 881730 19484 -110562.00  127   33 -110391.00 -110562.00  0.15%  29.8  420s
 897071 19945 -110562.00  128   35 -110391.00 -110562.00  0.15%  29.8  425s
H902974 19579                    -110413.0000 -110562.00  0.13%  29.8  428s
 904138 19566 -110562.00  131   33 -110413.00 -110562.00  0.13%  29.8  430s
 921614 20322 -110562.00  125   34 -110413.00 -110562.00  0.13%  29.8  435s
 928666 20496     cutoff  109      -110413.00 -110562.00  0.13%  29.9  440s
 940728 20728     cutoff  127      -110413.00 -110562.00  0.13%  29.9  445s
 954314 20870 -110562.00  129   37 -110413.00 -110562.00  0.13%  29.9  450s
 971267 20680     cutoff  123      -110413.00 -110562.00  0.13%  29.9  456s
 980050 21079 -110562.00  120   36 -110413.00 -110562.00  0.13%  29.9  462s
 989514 21087     cutoff  130      -110413.00 -110562.00  0.13%  30.0  465s
 997364 20861 -110562.00  130   42 -110413.00 -110562.00  0.13%  30.0  470s
 1014411 21139 -110562.00  120   40 -110413.00 -110562.00  0.13%  30.0  475s
 1027493 21442 -110562.00  128   37 -110413.00 -110562.00  0.13%  30.1  480s
 1041218 21776 -110562.00  120   38 -110413.00 -110562.00  0.13%  30.1  485s
 1052535 22300     cutoff  129      -110413.00 -110562.00  0.13%  30.1  490s
 1068779 22557 -110562.00  120   43 -110413.00 -110562.00  0.13%  30.1  495s
 1079101 22710 -110562.00  120   43 -110413.00 -110562.00  0.13%  30.2  500s
 1092836 23031     cutoff  117      -110413.00 -110562.00  0.13%  30.2  505s
 1102407 23665 -110562.00  121   36 -110413.00 -110562.00  0.13%  30.2  510s
 1118254 24495 -110562.00  122   41 -110413.00 -110562.00  0.13%  30.2  515s
 1125474 24673     cutoff  134      -110413.00 -110562.00  0.13%  30.2  520s
 1141587 25335     cutoff  122      -110413.00 -110562.00  0.13%  30.3  525s
 1154133 25698 -110562.00  123   40 -110413.00 -110562.00  0.13%  30.3  531s
 1166846 25831 -110562.00  134   40 -110413.00 -110562.00  0.13%  30.4  535s
 1181682 25925 -110562.00  125   43 -110413.00 -110562.00  0.13%  30.4  540s
 1192945 26098 -110562.00  123   43 -110413.00 -110562.00  0.13%  30.4  545s
 1203848 26584 -110562.00  132   40 -110413.00 -110562.00  0.13%  30.4  550s
 1218525 26841 -110562.00  128   40 -110413.00 -110562.00  0.13%  30.4  555s
 1230810 27168     cutoff  140      -110413.00 -110562.00  0.13%  30.5  560s
 1242191 26826 -110562.00  127   43 -110413.00 -110562.00  0.13%  30.5  565s
 1257328 27497 -110562.00  122   44 -110413.00 -110562.00  0.13%  30.5  570s
 1265638 27304 -110562.00  128   43 -110413.00 -110562.00  0.13%  30.5  575s
 1279732 27307 -110562.00  122   43 -110413.00 -110562.00  0.13%  30.6  580s
 1291520 27227     cutoff  133      -110413.00 -110562.00  0.13%  30.6  585s
 1306239 25697     cutoff  125      -110413.00 -110562.00  0.13%  30.7  591s
 1315396 25176 -110562.00  125   37 -110413.00 -110562.00  0.13%  30.7  595s
 1331508 25740     cutoff  128      -110413.00 -110562.00  0.13%  30.8  600s

Cutting planes:
  Gomory: 44
  Lift-and-project: 2
  Cover: 214
  Clique: 383
  MIR: 28
  StrongCG: 61
  Flow cover: 101
  Zero half: 18
  RLT: 2

Explored 1332046 nodes (40982929 simplex iterations) in 600.00 seconds (1162.91 work units)
Thread count was 4 (of 56 available processors)

Solution count 10: -110413 -110391 -110347 ... -109986

Time limit reached
Best objective -1.104130000000e+05, best bound -1.105620000000e+05, gap 0.1349%
