
Gurobi 9.5.0 (linux64) logging started Tue Mar 29 18:21:04 2022

Set parameter LogFile to value "/local_workspace/chenrui/LogFiles/MKAP/MKAP_20_100_25_3_original.log"
Gurobi Optimizer version 9.5.0 build v9.5.0rc5 (linux64)
Thread count: 56 physical cores, 56 logical processors, using up to 4 threads
Optimize a model with 620 rows, 2500 columns and 5000 nonzeros
Model fingerprint: 0x88f7fd3c
Variable types: 0 continuous, 2500 integer (2500 binary)
Coefficient statistics:
  Matrix range     [1e+00, 1e+03]
  Objective range  [1e+01, 1e+03]
  Bounds range     [1e+00, 1e+00]
  RHS range        [1e+00, 1e+00]
Found heuristic solution: objective 0.0000000
Presolve removed 33 rows and 36 columns
Presolve time: 0.01s
Presolved: 587 rows, 2464 columns, 4928 nonzeros
Variable types: 0 continuous, 2464 integer (2464 binary)
Found heuristic solution: objective -15727.00000

Root relaxation: objective -3.918063e+04, 1875 iterations, 0.02 seconds (0.01 work units)

    Nodes    |    Current Node    |     Objective Bounds      |     Work
 Expl Unexpl |  Obj  Depth IntInf | Incumbent    BestBd   Gap | It/Node Time

     0     0 -39180.634    0   88 -15727.000 -39180.634   149%     -    0s
H    0     0                    -26385.00000 -39180.634  48.5%     -    0s
H    0     0                    -30685.00000 -39180.634  27.7%     -    0s
H    0     0                    -30723.00000 -39180.634  27.5%     -    0s
H    0     0                    -30814.00000 -39180.634  27.2%     -    0s
H    0     0                    -31504.00000 -39180.634  24.4%     -    0s
     0     0 -39080.160    0  124 -31504.000 -39080.160  24.0%     -    0s
H    0     0                    -33163.00000 -39080.160  17.8%     -    0s
     0     0 -39078.560    0  110 -33163.000 -39078.560  17.8%     -    0s
     0     0 -38908.133    0  146 -33163.000 -38908.133  17.3%     -    0s
     0     0 -38907.568    0  149 -33163.000 -38907.568  17.3%     -    0s
     0     0 -38907.568    0  151 -33163.000 -38907.568  17.3%     -    0s
     0     0 -38737.205    0  161 -33163.000 -38737.205  16.8%     -    0s
H    0     0                    -33318.00000 -38737.205  16.3%     -    0s
     0     0 -38730.339    0  161 -33318.000 -38730.339  16.2%     -    0s
     0     0 -38730.156    0  166 -33318.000 -38730.156  16.2%     -    0s
H    0     0                    -33765.00000 -38394.981  13.7%     -    0s
     0     0 -38394.981    0  167 -33765.000 -38394.981  13.7%     -    0s
     0     0 -38376.888    0  165 -33765.000 -38376.888  13.7%     -    0s
     0     0 -38345.461    0  147 -33765.000 -38345.461  13.6%     -    0s
     0     0 -38342.922    0  164 -33765.000 -38342.922  13.6%     -    0s
     0     0 -38341.664    0  175 -33765.000 -38341.664  13.6%     -    0s
     0     0 -38159.667    0  150 -33765.000 -38159.667  13.0%     -    0s
     0     0 -38153.574    0  153 -33765.000 -38153.574  13.0%     -    0s
     0     0 -38152.191    0  146 -33765.000 -38152.191  13.0%     -    0s
     0     0 -37721.884    0  154 -33765.000 -37721.884  11.7%     -    0s
     0     0 -37708.148    0  174 -33765.000 -37708.148  11.7%     -    0s
     0     0 -37699.965    0  181 -33765.000 -37699.965  11.7%     -    0s
H    0     0                    -33961.00000 -37699.904  11.0%     -    0s
     0     0 -37699.904    0  179 -33961.000 -37699.904  11.0%     -    0s
     0     0 -37432.589    0  180 -33961.000 -37432.589  10.2%     -    0s
     0     0 -37423.697    0  163 -33961.000 -37423.697  10.2%     -    0s
     0     0 -37420.255    0  173 -33961.000 -37420.255  10.2%     -    0s
     0     0 -37188.458    0  199 -33961.000 -37188.458  9.50%     -    0s
     0     0 -37172.368    0  186 -33961.000 -37172.368  9.46%     -    0s
     0     0 -37172.023    0  186 -33961.000 -37172.023  9.46%     -    0s
     0     0 -36928.972    0  191 -33961.000 -36928.972  8.74%     -    0s
H    0     0                    -33974.00000 -36928.972  8.70%     -    0s
     0     0 -36915.683    0  181 -33974.000 -36915.683  8.66%     -    0s
     0     0 -36913.478    0  180 -33974.000 -36913.478  8.65%     -    0s
     0     0 -36705.757    0  166 -33974.000 -36705.757  8.04%     -    0s
     0     0 -36693.480    0  167 -33974.000 -36693.480  8.00%     -    0s
     0     0 -36687.325    0  166 -33974.000 -36687.325  7.99%     -    0s
     0     0 -36553.806    0  180 -33974.000 -36553.806  7.59%     -    0s
     0     0 -36510.509    0  144 -33974.000 -36510.509  7.47%     -    0s
     0     0 -36483.991    0  160 -33974.000 -36483.991  7.39%     -    0s
     0     0 -36483.859    0  174 -33974.000 -36483.859  7.39%     -    0s
     0     0 -36456.567    0  179 -33974.000 -36456.567  7.31%     -    0s
     0     0 -36449.678    0  186 -33974.000 -36449.678  7.29%     -    0s
     0     0 -36346.439    0  177 -33974.000 -36346.439  6.98%     -    0s
     0     0 -36327.704    0  153 -33974.000 -36327.704  6.93%     -    0s
     0     0 -36325.983    0  165 -33974.000 -36325.983  6.92%     -    0s
     0     0 -36266.862    0  169 -33974.000 -36266.862  6.75%     -    0s
     0     0 -36266.862    0  134 -33974.000 -36266.862  6.75%     -    1s
H    0     0                    -34313.00000 -36266.862  5.69%     -    1s
     0     2 -36266.862    0  134 -34313.000 -36266.862  5.69%     -    1s
H   65    76                    -34377.00000 -36210.766  5.33%  43.8    1s
H  987   866                    -34616.00000 -36179.234  4.52%  27.2    2s
H 1065   866                    -34680.00000 -35479.835  2.31%  27.0    4s
  1086   881 -34935.525   35  172 -34680.000 -34935.525  0.74%  36.6    5s

Cutting planes:
  Gomory: 18
  Lift-and-project: 1
  Cover: 57
  Clique: 6
  MIR: 18
  StrongCG: 4
  Flow cover: 9
  Zero half: 2

Explored 1162 nodes (58380 simplex iterations) in 6.15 seconds (5.34 work units)
Thread count was 4 (of 56 available processors)

Solution count 10: -34680 -34616 -34377 ... -33163
No other solutions better than -34680

Optimal solution found (tolerance 1.00e-04)
Best objective -3.468000000000e+04, best bound -3.468000000000e+04, gap 0.0000%
