
Gurobi 9.5.0 (linux64) logging started Wed Mar 30 01:52:06 2022

Set parameter LogFile to value "/local_workspace/chenrui/LogFiles/MKAP/MKAP_10_200_25_6_original.log"
Gurobi Optimizer version 9.5.0 build v9.5.0rc5 (linux64)
Thread count: 56 physical cores, 56 logical processors, using up to 4 threads
Optimize a model with 460 rows, 2250 columns and 4500 nonzeros
Model fingerprint: 0x67069a1a
Variable types: 0 continuous, 2250 integer (2250 binary)
Coefficient statistics:
  Matrix range     [1e+00, 6e+03]
  Objective range  [1e+01, 1e+03]
  Bounds range     [1e+00, 1e+00]
  RHS range        [1e+00, 1e+00]
Found heuristic solution: objective 0.0000000
Presolve removed 10 rows and 10 columns
Presolve time: 0.01s
Presolved: 450 rows, 2240 columns, 4480 nonzeros
Variable types: 0 continuous, 2240 integer (2240 binary)
Found heuristic solution: objective -37283.00000

Root relaxation: objective -6.847194e+04, 1325 iterations, 0.01 seconds (0.01 work units)

    Nodes    |    Current Node    |     Objective Bounds      |     Work
 Expl Unexpl |  Obj  Depth IntInf | Incumbent    BestBd   Gap | It/Node Time

     0     0 -68471.935    0   62 -37283.000 -68471.935  83.7%     -    0s
H    0     0                    -38818.00000 -68471.935  76.4%     -    0s
H    0     0                    -41035.00000 -68471.935  66.9%     -    0s
     0     0 -68471.935    0   99 -41035.000 -68471.935  66.9%     -    0s
H    0     0                    -42505.00000 -68471.935  61.1%     -    0s
     0     0 -68471.935    0   98 -42505.000 -68471.935  61.1%     -    0s
H    0     0                    -43149.00000 -68302.663  58.3%     -    0s
H    0     0                    -43733.00000 -67978.209  55.4%     -    0s
     0     0 -67978.209    0   83 -43733.000 -67978.209  55.4%     -    0s
H    0     0                    -43870.00000 -67965.217  54.9%     -    0s
     0     0 -67965.217    0   83 -43870.000 -67965.217  54.9%     -    0s
     0     2 -67965.217    0   68 -43870.000 -67965.217  54.9%     -    0s
H   35    39                    -44163.00000 -67965.217  53.9%  54.8    0s
H   36    39                    -44243.00000 -67965.217  53.6%  53.9    0s
H   72    74                    -44595.00000 -67965.217  52.4%  40.7    0s
H  106   110                    -44607.00000 -67965.217  52.4%  32.6    0s
H 1033   944                    -44704.00000 -51933.258  16.2%  22.0    1s
H 1225   996                    -44710.00000 -50417.626  12.8%  22.3    1s

Explored 8361 nodes (71713 simplex iterations) in 3.30 seconds (4.80 work units)
Thread count was 4 (of 56 available processors)

Solution count 10: -44710 -44704 -44607 ... -42505
No other solutions better than -44710

Optimal solution found (tolerance 1.00e-04)
Best objective -4.471000000000e+04, best bound -4.471000000000e+04, gap 0.0000%
