
Gurobi 9.5.0 (linux64) logging started Sat Apr  2 00:18:52 2022

Set parameter LogFile to value "/local_workspace/chenrui/LogFiles/MKAP/MKAP_20_100_10_1_DWcutsT1_1h.log"
Gurobi Optimizer version 9.5.0 build v9.5.0rc5 (linux64)
Thread count: 56 physical cores, 56 logical processors, using up to 4 threads
Optimize a model with 719 rows, 2200 columns and 8783 nonzeros
Model fingerprint: 0xc8738bde
Variable types: 0 continuous, 2200 integer (2200 binary)
Coefficient statistics:
  Matrix range     [2e-13, 2e+03]
  Objective range  [7e+00, 1e+03]
  Bounds range     [1e+00, 1e+00]
  RHS range        [5e-13, 2e+02]
Warning: Model contains large matrix coefficient range
         Consider reformulating model or setting NumericFocus parameter
         to avoid numerical issues.
Found heuristic solution: objective 0.0000000
Presolve removed 1 rows and 0 columns
Presolve time: 0.03s
Presolved: 718 rows, 2200 columns, 8720 nonzeros
Variable types: 0 continuous, 2200 integer (2200 binary)
Found heuristic solution: objective -5222.000000

Root relaxation: objective -4.064968e+04, 4585 iterations, 0.13 seconds (0.13 work units)

    Nodes    |    Current Node    |     Objective Bounds      |     Work
 Expl Unexpl |  Obj  Depth IntInf | Incumbent    BestBd   Gap | It/Node Time

     0     0 -40649.680    0   89 -5222.0000 -40649.680   678%     -    0s
H    0     0                    -35383.00000 -40649.680  14.9%     -    0s
H    0     0                    -38020.00000 -40649.680  6.92%     -    0s
H    0     0                    -38108.00000 -40649.680  6.67%     -    0s
H    0     0                    -38410.00000 -40649.680  5.83%     -    0s
     0     0 -40649.680    0  187 -38410.000 -40649.680  5.83%     -    0s
H    0     0                    -38586.00000 -40649.680  5.35%     -    0s
     0     0 -40649.680    0  124 -38586.000 -40649.680  5.35%     -    0s
H    0     0                    -38738.00000 -40649.680  4.93%     -    0s
     0     0 -40649.680    0  142 -38738.000 -40649.680  4.93%     -    0s
     0     0 -40649.680    0  155 -38738.000 -40649.680  4.93%     -    0s
     0     0 -40649.680    0  180 -38738.000 -40649.680  4.93%     -    0s
     0     0 -40649.680    0  167 -38738.000 -40649.680  4.93%     -    0s
     0     2 -40649.680    0  167 -38738.000 -40649.680  4.93%     -    0s
H   28    33                    -38881.00000 -40649.680  4.55%   431    1s
H   29    33                    -38915.00000 -40649.680  4.46%   426    1s
H   30    33                    -39151.00000 -40649.680  3.83%   421    1s
H   61    66                    -39472.00000 -40649.680  2.98%   288    1s
H  100   114                    -39750.00000 -40649.680  2.26%   214    1s
H  138   174                    -39834.00000 -40649.680  2.05%   186    1s
H  338   326                    -39986.00000 -40649.680  1.66%   137    2s
H  414   329                    -40014.00000 -40649.680  1.59%   123    2s
   859   631 -40646.293    6  175 -40014.000 -40649.680  1.59%   130    5s
  1066   761 -40649.680   12  145 -40014.000 -40649.680  1.59%   138   10s
  1892  1391 -40227.214   23  133 -40014.000 -40649.680  1.59%   134   16s
H 2358  1346                    -40146.00000 -40649.680  1.25%   124   17s
  3271  1717 -40503.070   22  108 -40146.000 -40649.680  1.25%   115   20s
  5382  3279 -40592.990   33  134 -40146.000 -40649.680  1.25%   121   25s
  7107  4541 -40620.398   22  125 -40146.000 -40649.284  1.25%   116   30s
  9814  6984 -40638.111   20  124 -40146.000 -40648.625  1.25%   111   35s
 12721  8811 -40576.123   26  169 -40146.000 -40646.757  1.25%   104   40s
 15614 10447 -40250.412   26   97 -40146.000 -40643.891  1.24%   101   45s
 18539 12817 -40469.239   37  105 -40146.000 -40642.572  1.24%   102   50s
 21230 14605 -40440.461   55  167 -40146.000 -40641.469  1.23%   103   68s
 21238 14610 -40336.773   26  213 -40146.000 -40641.469  1.23%   103   70s
 21298 14650 -40468.105   59  331 -40146.000 -40613.985  1.17%   103   75s
 21305 14658 -40613.619   23  291 -40146.000 -40613.619  1.16%   104   80s
 21315 14665 -40591.029   25  305 -40146.000 -40594.858  1.12%   104   85s
 21367 14703 -40560.974   33  242 -40146.000 -40593.279  1.11%   104   90s
 21689 14889 -40357.193   75  140 -40146.000 -40593.279  1.11%   105   95s
 23103 15567 -40538.792   35  226 -40146.000 -40588.807  1.10%   105  100s
 25072 16530 -40372.529   73  152 -40146.000 -40583.256  1.09%   104  105s
 26087 16997 -40424.126   32  229 -40146.000 -40578.773  1.08%   104  110s
 28166 17925 -40498.764   41  241 -40146.000 -40570.684  1.06%   105  115s
 30850 19076 -40257.537   56  198 -40146.000 -40565.411  1.04%   105  120s
 32847 19927 -40522.979   33  257 -40146.000 -40561.259  1.03%   106  125s
 35032 20895 -40271.689   66  221 -40146.000 -40556.562  1.02%   107  131s
 36953 21561 -40477.411   40  239 -40146.000 -40553.167  1.01%   107  135s
 39102 22263 -40369.595   56  184 -40146.000 -40549.226  1.00%   108  140s
 41099 23155 -40259.514   72  141 -40146.000 -40545.964  1.00%   109  145s
 43057 24014 -40470.638   51  236 -40146.000 -40542.741  0.99%   109  150s
 45240 24784 -40423.036   50  202 -40146.000 -40540.093  0.98%   109  155s
 47600 25734 -40389.315   69  145 -40146.000 -40537.113  0.97%   110  160s
 49702 26485 -40303.150   76   25 -40146.000 -40535.319  0.97%   109  165s
 52022 27403 -40271.498   82  146 -40146.000 -40534.008  0.97%   109  170s
 54922 28336 -40162.991   86   80 -40146.000 -40532.324  0.96%   109  175s
 56819 29286 -40458.726   55  163 -40146.000 -40531.032  0.96%   109  180s
 59499 29994 -40153.886  101   80 -40146.000 -40529.671  0.96%   108  186s
 61488 30759 -40207.222   97   74 -40146.000 -40528.466  0.95%   108  190s
 63867 31409 -40383.055   63  210 -40146.000 -40527.154  0.95%   108  195s
 66110 32458 -40334.359   60  180 -40146.000 -40526.089  0.95%   108  200s
 68577 34298 -40271.658   54  224 -40146.000 -40524.643  0.94%   108  205s
 70965 35869 -40359.772   49  192 -40146.000 -40523.734  0.94%   108  210s
 73215 37386 -40170.888   82  143 -40146.000 -40522.777  0.94%   108  215s
 75352 38991 -40169.310   60  125 -40146.000 -40521.776  0.94%   108  220s
 77882 40663 -40235.644   61  282 -40146.000 -40520.746  0.93%   108  225s
 80302 42161 -40264.594   57  190 -40146.000 -40519.872  0.93%   108  231s
 82703 43776 -40415.898   67  195 -40146.000 -40518.922  0.93%   108  236s
 84382 45085 -40247.722   77  180 -40146.000 -40518.086  0.93%   108  241s
 86640 46484 -40369.465   53  136 -40146.000 -40517.174  0.92%   108  246s
 88549 47795 -40254.659   70  151 -40146.000 -40516.218  0.92%   108  250s
 91059 49352 -40386.148   64  229 -40146.000 -40515.275  0.92%   108  255s
 93401 50780 -40487.893   51  255 -40146.000 -40514.152  0.92%   108  260s
 95857 52257 -40433.835   70  160 -40146.000 -40513.035  0.91%   108  266s
 97850 53562 -40437.109   44  237 -40146.000 -40512.325  0.91%   108  270s
 100281 55039 -40389.358   69  185 -40146.000 -40511.316  0.91%   108  276s
 101994 56045 -40348.045   54  222 -40146.000 -40510.798  0.91%   108  280s
 104180 57598 -40229.374   67  232 -40146.000 -40509.898  0.91%   108  286s
 106299 58881 -40282.737   67  198 -40146.000 -40509.072  0.90%   108  290s
 108611 60409 -40152.058   73  139 -40146.000 -40508.216  0.90%   109  295s
 110322 61639 -40411.197   41  257 -40146.000 -40507.873  0.90%   109  300s
 112847 63371     cutoff   86      -40146.000 -40507.263  0.90%   109  305s
 115366 64962 -40280.815   45  210 -40146.000 -40506.525  0.90%   109  310s
 117191 66203     cutoff   47      -40146.000 -40505.804  0.90%   109  315s
 119605 67721 -40163.685   54  184 -40146.000 -40505.172  0.89%   109  320s
 122037 69245 -40277.327   65  174 -40146.000 -40504.430  0.89%   109  325s
 124533 70852 -40492.449   52  230 -40146.000 -40503.812  0.89%   109  330s
 126850 72361 -40433.945   48  227 -40146.000 -40503.033  0.89%   109  336s
 129296 73932 -40206.013   89  108 -40146.000 -40502.075  0.89%   108  341s
 131581 75387 -40223.097   74   69 -40146.000 -40501.553  0.89%   108  346s
 133924 76951 -40345.152   57  251 -40146.000 -40500.898  0.88%   108  351s
 136377 78491 -40251.202   59  181 -40146.000 -40500.037  0.88%   108  356s
 138929 79962 -40197.182   69  123 -40146.000 -40499.293  0.88%   108  361s
 141008 81230     cutoff   55      -40146.000 -40498.683  0.88%   108  366s
 142775 82428 -40254.581  108  140 -40146.000 -40498.184  0.88%   108  370s
 145132 84127 -40428.511   51  164 -40146.000 -40497.623  0.88%   108  375s
 147643 85522     cutoff   82      -40146.000 -40497.010  0.87%   108  380s
 150036 87265 -40445.574   56  128 -40146.000 -40496.212  0.87%   108  386s
 152063 88351     cutoff   89      -40146.000 -40495.809  0.87%   108  390s
 154353 89898 -40369.981   47  224 -40146.000 -40495.181  0.87%   108  395s
 156805 91506     cutoff   60      -40146.000 -40494.551  0.87%   108  401s
 158985 92656 -40447.077   53  161 -40146.000 -40494.092  0.87%   108  405s
 161277 94120 -40168.582   88  135 -40146.000 -40493.555  0.87%   108  410s
 163476 95546 -40461.214   56  236 -40146.000 -40492.908  0.86%   108  415s
 165795 96945     cutoff   45      -40146.000 -40492.303  0.86%   108  420s
 168091 98363 -40195.693   54  227 -40146.000 -40491.806  0.86%   108  425s
 170444 99933 -40426.129   46  240 -40146.000 -40491.198  0.86%   108  430s
 173019 101456 -40193.354   56  223 -40146.000 -40490.685  0.86%   108  436s
 175396 102901 -40194.893   52  232 -40146.000 -40490.091  0.86%   108  441s
 177073 103827 -40196.200   69  181 -40146.000 -40489.517  0.86%   108  445s
 179368 105339     cutoff   93      -40146.000 -40489.074  0.85%   108  450s
 181701 106744     cutoff   59      -40146.000 -40488.468  0.85%   108  455s
 184156 108385 -40251.408   66  107 -40146.000 -40487.873  0.85%   108  460s
 186458 109749 -40210.615   59  189 -40146.000 -40487.457  0.85%   108  465s
 188718 111061 -40175.640   42  211 -40146.000 -40487.102  0.85%   108  471s
 190483 112329 -40421.306   51  274 -40146.000 -40486.728  0.85%   108  475s
 192829 113650 -40406.549   50  164 -40146.000 -40486.156  0.85%   108  480s
 195312 115220 -40314.907   77  174 -40146.000 -40485.699  0.85%   108  485s
 197894 116786     cutoff   70      -40146.000 -40484.968  0.84%   108  491s
 199522 117805     cutoff   56      -40146.000 -40484.571  0.84%   108  495s
 201946 119176 -40267.279   53  229 -40146.000 -40484.094  0.84%   108  500s
 204253 120709 -40310.538   43  201 -40146.000 -40483.561  0.84%   108  505s
 206677 122199 -40259.787   60  237 -40146.000 -40483.120  0.84%   108  510s
 208949 123600 -40403.670   48  228 -40146.000 -40482.645  0.84%   108  515s
 211290 125129     cutoff   57      -40146.000 -40482.111  0.84%   108  521s
 213775 126668 -40276.215   90  108 -40146.000 -40481.697  0.84%   108  525s
 216133 128156 -40379.208   57  202 -40146.000 -40481.249  0.84%   108  530s
 218499 129664 -40249.005   93  162 -40146.000 -40480.669  0.83%   108  535s
 220711 130984 -40407.637   53  220 -40146.000 -40480.232  0.83%   108  540s
 223155 132442 -40247.220   58  221 -40146.000 -40479.550  0.83%   108  545s
 225681 133932 -40409.028   46  252 -40146.000 -40479.079  0.83%   108  550s
 227781 135214 -40270.737   58  181 -40146.000 -40478.669  0.83%   108  555s
 230159 136472 -40178.928   60  171 -40146.000 -40478.275  0.83%   108  560s
 232443 138073 -40253.072   51  300 -40146.000 -40477.828  0.83%   108  565s
 234984 139488 -40383.360   46  234 -40146.000 -40477.329  0.83%   108  570s
 237480 140959 -40389.417   39  244 -40146.000 -40476.821  0.82%   108  575s
 239968 142444 -40371.616   44  268 -40146.000 -40476.373  0.82%   108  580s
 242306 143862 -40150.192   78  158 -40146.000 -40475.875  0.82%   108  586s
 244178 145071 -40253.141   51  215 -40146.000 -40475.560  0.82%   108  590s
 246765 146652 -40377.332   58  182 -40146.000 -40475.023  0.82%   108  595s
 249237 147973 -40230.192   66  141 -40146.000 -40474.465  0.82%   108  600s
 251753 149507 -40149.922   60  164 -40146.000 -40473.991  0.82%   108  605s
 254223 150998 -40227.370   79  195 -40146.000 -40473.582  0.82%   108  610s
 256456 152504 -40295.126   28  217 -40146.000 -40473.110  0.81%   108  615s
 259585 154312 -40422.651   60  222 -40146.000 -40472.600  0.81%   107  620s
 261966 155762 -40403.580   48  218 -40146.000 -40472.264  0.81%   107  625s
 264223 157372 -40346.866   41  178 -40146.000 -40471.835  0.81%   107  630s
 266569 158858 -40337.047   59  212 -40146.000 -40471.378  0.81%   107  635s
 269485 160751 -40173.181   91  154 -40146.000 -40470.946  0.81%   107  640s
 271847 162146 -40332.393   41  244 -40146.000 -40470.638  0.81%   107  645s
 274387 163646 -40158.553   59  142 -40146.000 -40470.174  0.81%   107  650s
 276815 164848 -40402.101   60  247 -40146.000 -40469.774  0.81%   107  655s
 278895 166272 -40291.662   60  188 -40146.000 -40469.501  0.81%   107  660s
 281526 167647 -40204.276   74   91 -40146.000 -40469.042  0.80%   107  665s
 283971 169197 -40221.859   54  246 -40146.000 -40468.704  0.80%   107  670s
 287029 171048 -40159.138   66  138 -40146.000 -40468.252  0.80%   107  676s
 289444 172595 -40245.615   92  168 -40146.000 -40467.888  0.80%   107  680s
 291936 174237 -40332.998   71  192 -40146.000 -40467.512  0.80%   106  685s
 294158 175754 -40273.303   46  195 -40146.000 -40467.201  0.80%   106  690s
 296514 177042 -40403.061   60  236 -40146.000 -40466.854  0.80%   106  695s
 298880 178693 -40158.332   58  154 -40146.000 -40466.535  0.80%   106  700s
 301372 180355 -40183.023   68  147 -40146.000 -40466.288  0.80%   106  705s
 303814 181773 -40322.368   46  194 -40146.000 -40465.891  0.80%   106  710s
 306365 183479 -40273.223   52  193 -40146.000 -40465.569  0.80%   106  715s
 309394 185177 -40428.788   51  224 -40146.000 -40465.107  0.79%   106  720s
 311554 186527 -40358.991   48  188 -40146.000 -40464.833  0.79%   106  725s
 314919 188623 -40250.405   50  225 -40146.000 -40464.371  0.79%   106  730s
 317340 189979 -40227.971   56  238 -40146.000 -40464.094  0.79%   106  735s
 319639 191560 -40391.974   64  149 -40146.000 -40463.763  0.79%   106  740s
H321298 141693                    -40220.00000 -40463.590  0.61%   106  742s
 322646 142453 -40424.969   61  148 -40220.000 -40463.279  0.60%   106  745s
 324835 143514 -40377.571   48  220 -40220.000 -40462.894  0.60%   106  750s
 327085 144806 -40422.987   53  196 -40220.000 -40462.525  0.60%   105  755s
 329392 146046 -40420.763   41  195 -40220.000 -40462.160  0.60%   105  761s
 331418 147178 -40346.330   56  154 -40220.000 -40461.800  0.60%   105  765s
 334917 148969 -40280.671   42  236 -40220.000 -40461.231  0.60%   105  771s
 337070 150222 -40349.501   58  227 -40220.000 -40460.905  0.60%   105  775s
 339533 151556 -40454.037   54  113 -40220.000 -40460.480  0.60%   105  780s
 342086 152972 -40314.265   46  174 -40220.000 -40460.087  0.60%   105  785s
 345259 154765 -40390.592   63  154 -40220.000 -40459.693  0.60%   105  790s
 347775 156041 -40248.169   46  179 -40220.000 -40459.376  0.60%   105  795s
 350735 157590 -40312.949   76  153 -40220.000 -40458.971  0.59%   105  801s
 353353 159158 -40364.711   63  108 -40220.000 -40458.640  0.59%   105  805s
 356246 160673 -40238.068   65  209 -40220.000 -40458.241  0.59%   105  810s
 358580 161925     cutoff   38      -40220.000 -40457.937  0.59%   105  815s
 361754 163495 -40371.606   57  205 -40220.000 -40457.491  0.59%   105  821s
 364071 164963 -40415.635   57  131 -40220.000 -40457.178  0.59%   105  825s
 366544 166216 -40339.504   56  186 -40220.000 -40456.827  0.59%   104  830s
 368933 167509 -40298.127   57  203 -40220.000 -40456.474  0.59%   104  835s
 371723 168841 -40239.999   79  153 -40220.000 -40456.169  0.59%   104  840s
 374403 170362 -40344.301   38  258 -40220.000 -40455.869  0.59%   104  845s
 376820 171670 -40260.430   56  206 -40220.000 -40455.584  0.59%   104  850s
 379634 173278 -40378.994   57  191 -40220.000 -40455.159  0.58%   104  855s
 382199 174567 -40355.716   40  178 -40220.000 -40454.839  0.58%   104  860s
 385044 176186 -40233.932   53  140 -40220.000 -40454.473  0.58%   104  865s
 387746 177634     cutoff   62      -40220.000 -40454.237  0.58%   104  870s
 390660 179021 -40363.339   46  232 -40220.000 -40453.880  0.58%   104  875s
 393105 180374 -40350.129   56  218 -40220.000 -40453.580  0.58%   104  880s
 395980 181849     cutoff   59      -40220.000 -40453.218  0.58%   104  885s
 398881 183557 -40306.579   53  213 -40220.000 -40452.830  0.58%   104  891s
 401329 184899 -40372.487   52  147 -40220.000 -40452.548  0.58%   104  895s
 403936 186282 -40245.182   72  161 -40220.000 -40452.239  0.58%   103  900s
 406733 187763 -40310.402   55  189 -40220.000 -40451.980  0.58%   103  905s
 409651 189193 -40412.812   49  226 -40220.000 -40451.536  0.58%   103  911s
 411997 190507     cutoff   97      -40220.000 -40451.254  0.57%   103  915s
 414985 192257 -40344.243   69  137 -40220.000 -40450.894  0.57%   103  920s
 417439 193543 -40251.506   51  197 -40220.000 -40450.637  0.57%   103  925s
 420373 195106 -40252.315   60  195 -40220.000 -40450.295  0.57%   103  930s
 423297 196718 -40321.992   60  235 -40220.000 -40449.998  0.57%   103  935s
 425542 198086 -40371.146   63  172 -40220.000 -40449.743  0.57%   103  940s
 428565 199714 -40395.001   59  165 -40220.000 -40449.403  0.57%   103  945s
 431197 201150 -40225.279   89  103 -40220.000 -40449.177  0.57%   103  950s
 434424 202868     cutoff   73      -40220.000 -40448.858  0.57%   103  955s
 437506 204514 -40412.730   52  179 -40220.000 -40448.569  0.57%   102  960s
 440481 206194 -40373.697   72  103 -40220.000 -40448.292  0.57%   102  965s
 443601 207789 -40240.673   45  183 -40220.000 -40447.974  0.57%   102  970s
 446548 209327     cutoff   63      -40220.000 -40447.608  0.57%   102  976s
 448741 210620     cutoff   75      -40220.000 -40447.377  0.57%   102  980s
 451774 212276 -40361.629   78  121 -40220.000 -40447.069  0.56%   102  985s
 454369 213670 -40401.452   43  185 -40220.000 -40446.823  0.56%   102  990s
 457339 215286 -40395.520   58  202 -40220.000 -40446.563  0.56%   102  995s
 460335 216874 -40238.488   85  178 -40220.000 -40446.331  0.56%   102 1000s
 463328 218586 -40373.162   66  194 -40220.000 -40446.105  0.56%   102 1005s
 466412 219993 -40289.550   51  235 -40220.000 -40445.846  0.56%   101 1010s
 469298 221544 -40299.255   55  165 -40220.000 -40445.555  0.56%   101 1015s
 472166 223112 -40300.316   63  185 -40220.000 -40445.272  0.56%   101 1020s
 474555 224389 -40312.223   64  120 -40220.000 -40445.021  0.56%   101 1025s
 477699 225998     cutoff   55      -40220.000 -40444.733  0.56%   101 1030s
 480506 227511 -40223.482   81  168 -40220.000 -40444.517  0.56%   101 1035s
 483467 229239 -40363.794   69  172 -40220.000 -40444.212  0.56%   101 1040s
 486100 230602 -40412.818   62  113 -40220.000 -40444.023  0.56%   101 1045s
 489107 232413 -40328.072   68  146 -40220.000 -40443.781  0.56%   101 1050s
 492263 234093 -40271.308   68   97 -40220.000 -40443.502  0.56%   101 1055s
 495290 235706 -40325.901   80   62 -40220.000 -40443.218  0.55%   101 1060s
 498314 237384 -40236.597   69  141 -40220.000 -40442.957  0.55%   101 1065s
 500946 238682 -40292.185   57  191 -40220.000 -40442.749  0.55%   100 1070s
 503836 240165 -40232.429   95   16 -40220.000 -40442.529  0.55%   100 1075s
 506977 241761 -40263.921   79  170 -40220.000 -40442.314  0.55%   100 1080s
 509769 243220 -40404.875   43  218 -40220.000 -40442.101  0.55%   100 1085s
 512885 244816 -40316.576   55  215 -40220.000 -40441.885  0.55%   100 1091s
 515240 246302 -40318.664   58  184 -40220.000 -40441.679  0.55%   100 1095s
 517633 247558 -40335.922   61  165 -40220.000 -40441.518  0.55%   100 1100s
 520973 249338 -40366.581   46  215 -40220.000 -40441.209  0.55%   100 1105s
 523419 250582 -40235.548   56  175 -40220.000 -40441.051  0.55%   100 1110s
 526745 252261 -40257.699   50  141 -40220.000 -40440.800  0.55%   100 1115s
 529655 253762 -40384.312   62  151 -40220.000 -40440.610  0.55%   100 1120s
 532692 255319 -40291.368   78  133 -40220.000 -40440.384  0.55%   100 1125s
 535713 257012 -40410.671   47  178 -40220.000 -40440.134  0.55%   100 1130s
 538341 258470 -40320.242   55  189 -40220.000 -40439.906  0.55%  99.5 1135s
 541794 260343 -40358.433   65  190 -40220.000 -40439.648  0.55%  99.4 1140s
 544471 261762     cutoff   69      -40220.000 -40439.472  0.55%  99.3 1145s
 546854 263140     cutoff   59      -40220.000 -40439.311  0.55%  99.3 1150s
 550083 264867 -40340.834   51  183 -40220.000 -40439.068  0.54%  99.1 1155s
 553292 266706 -40311.779   62  211 -40220.000 -40438.892  0.54%  99.1 1160s
 556217 268235 -40234.318   68  135 -40220.000 -40438.681  0.54%  99.0 1165s
 559471 270191 -40334.503   62  194 -40220.000 -40438.526  0.54%  98.9 1170s
 562460 271596 -40302.546   44  250 -40220.000 -40438.312  0.54%  98.8 1175s
 565354 273153     cutoff   76      -40220.000 -40438.113  0.54%  98.7 1180s
 567564 274431 -40263.972   74  181 -40220.000 -40437.964  0.54%  98.7 1185s
 570708 276237 -40365.242   55  222 -40220.000 -40437.772  0.54%  98.6 1190s
 573368 277528 -40352.112   69  118 -40220.000 -40437.603  0.54%  98.6 1195s
 576297 279126 -40292.603   58  109 -40220.000 -40437.415  0.54%  98.6 1200s
 579649 280980 -40267.141   63  196 -40220.000 -40437.202  0.54%  98.5 1205s
 583027 282676 -40270.311   97   65 -40220.000 -40437.018  0.54%  98.4 1210s
 585819 284294 -40358.346   76  126 -40220.000 -40436.814  0.54%  98.3 1215s
 588739 285951 -40396.907   83  111 -40220.000 -40436.631  0.54%  98.2 1220s
 591259 287341 -40373.962   40  167 -40220.000 -40436.466  0.54%  98.1 1225s
 594540 289192 -40241.010  102  108 -40220.000 -40436.215  0.54%  98.1 1230s
 597499 290782     cutoff   56      -40220.000 -40436.033  0.54%  98.0 1235s
 600840 292536 -40235.094   98  126 -40220.000 -40435.866  0.54%  97.9 1240s
 604015 294160 -40395.503   74  125 -40220.000 -40435.693  0.54%  97.8 1245s
 606997 295834 -40235.600   52  228 -40220.000 -40435.523  0.54%  97.7 1250s
 610020 297380 -40317.972   53  178 -40220.000 -40435.348  0.54%  97.6 1255s
 613027 299084 -40344.978   51  167 -40220.000 -40435.191  0.54%  97.6 1260s
 616822 301183 -40407.471   61  156 -40220.000 -40434.953  0.53%  97.5 1265s
 619889 302854 -40309.133   50  187 -40220.000 -40434.780  0.53%  97.4 1270s
 623169 304474 -40375.598   62  157 -40220.000 -40434.578  0.53%  97.3 1276s
 625686 305749 -40389.962   62  192 -40220.000 -40434.452  0.53%  97.2 1280s
 629461 307795 -40342.958   49  200 -40220.000 -40434.243  0.53%  97.1 1285s
 632034 309158 -40283.434   73  101 -40220.000 -40434.111  0.53%  97.0 1290s
 635178 310683 -40375.962   40  229 -40220.000 -40433.967  0.53%  97.0 1295s
 638395 312314 -40381.650   55  199 -40220.000 -40433.788  0.53%  96.9 1300s
 641670 313923     cutoff   90      -40220.000 -40433.585  0.53%  96.8 1305s
 644836 315550 -40264.474   85  151 -40220.000 -40433.397  0.53%  96.7 1310s
 647835 316951 -40263.888   56  172 -40220.000 -40433.220  0.53%  96.6 1315s
 650734 318426 -40373.365   65  135 -40220.000 -40433.050  0.53%  96.6 1320s
 653641 320242 -40243.971   68  129 -40220.000 -40432.893  0.53%  96.5 1325s
 657493 322392 -40267.038   52  161 -40220.000 -40432.715  0.53%  96.4 1330s
 660409 324199 -40338.247   73  113 -40220.000 -40432.592  0.53%  96.3 1335s
 663266 325831 -40402.808   53  204 -40220.000 -40432.455  0.53%  96.3 1340s
 666981 327790 -40295.240   69  184 -40220.000 -40432.302  0.53%  96.2 1345s
 670337 329418 -40319.743   58  175 -40220.000 -40432.158  0.53%  96.1 1350s
 672927 330877     cutoff   47      -40220.000 -40432.016  0.53%  96.0 1355s
 676024 332616 -40362.270   70  231 -40220.000 -40431.872  0.53%  96.0 1360s
 679516 334297     cutoff   58      -40220.000 -40431.660  0.53%  95.9 1365s
 682588 336037 -40365.131   54  206 -40220.000 -40431.524  0.53%  95.8 1370s
 685662 337545 -40269.854   74  172 -40220.000 -40431.374  0.53%  95.7 1375s
 689220 339583     cutoff  104      -40220.000 -40431.221  0.53%  95.7 1380s
*690509 315311              80    -40239.00000 -40431.146  0.48%  95.6 1381s
 691866 316325 -40321.951   57  167 -40239.000 -40431.060  0.48%  95.6 1385s
 694715 317735 -40287.837   67  164 -40239.000 -40430.916  0.48%  95.5 1390s
 698052 319436 -40285.341   81   51 -40239.000 -40430.749  0.48%  95.4 1395s
 700930 320846 -40261.537   83  115 -40239.000 -40430.603  0.48%  95.4 1400s
 704529 322660 -40384.236   47  194 -40239.000 -40430.378  0.48%  95.3 1405s
 707797 324148     cutoff   58      -40239.000 -40430.169  0.48%  95.2 1410s
 710891 325837 -40315.997   69  126 -40239.000 -40430.013  0.47%  95.1 1415s
 714536 327719 -40332.743   60  187 -40239.000 -40429.864  0.47%  95.1 1420s
 717801 329283     cutoff   65      -40239.000 -40429.694  0.47%  95.0 1425s
 720798 330781 -40426.419   46  218 -40239.000 -40429.555  0.47%  94.9 1430s
 724405 332734 -40290.263  103  111 -40239.000 -40429.380  0.47%  94.8 1435s
 727677 334207 -40333.818   69  136 -40239.000 -40429.227  0.47%  94.7 1440s
 731131 336086 -40406.941   71  112 -40239.000 -40429.042  0.47%  94.7 1445s
 733905 337430 -40317.546   75  145 -40239.000 -40428.929  0.47%  94.6 1450s
 737407 339258 -40293.505   62  150 -40239.000 -40428.717  0.47%  94.6 1456s
 740449 340781     cutoff   49      -40239.000 -40428.566  0.47%  94.5 1460s
 743535 342382 -40364.230   58  177 -40239.000 -40428.435  0.47%  94.4 1465s
 746942 344031 -40382.843   67  150 -40239.000 -40428.253  0.47%  94.3 1470s
 749917 345580 -40368.749   56  113 -40239.000 -40428.089  0.47%  94.3 1475s
 753149 346989 -40331.876   64  162 -40239.000 -40427.927  0.47%  94.2 1480s
 756020 348588 -40414.688   70   94 -40239.000 -40427.796  0.47%  94.2 1485s
 759290 350262 -40265.628   69  166 -40239.000 -40427.661  0.47%  94.1 1490s
 762435 351829 -40294.942   74  178 -40239.000 -40427.545  0.47%  94.1 1495s
 765479 353311     cutoff   66      -40239.000 -40427.394  0.47%  94.0 1500s
 769147 355148 -40265.255   56  155 -40239.000 -40427.198  0.47%  93.9 1506s
 771740 356448     cutoff   48      -40239.000 -40427.088  0.47%  93.9 1510s
 775023 358082     cutoff   71      -40239.000 -40426.981  0.47%  93.8 1515s
 778630 359796 -40251.966   61  151 -40239.000 -40426.795  0.47%  93.8 1520s
 781827 361475 -40376.648   59  180 -40239.000 -40426.645  0.47%  93.7 1525s
 785275 363002     cutoff   70      -40239.000 -40426.496  0.47%  93.6 1530s
 787771 364469 -40248.026   76  140 -40239.000 -40426.389  0.47%  93.6 1535s
 791239 366254 -40339.078   81  165 -40239.000 -40426.270  0.47%  93.5 1540s
 794559 367946 -40319.565   69  179 -40239.000 -40426.153  0.47%  93.5 1545s
 798312 369796 -40249.020   59  266 -40239.000 -40425.993  0.46%  93.4 1550s
 801095 371398 -40376.567   69  133 -40239.000 -40425.887  0.46%  93.3 1555s
 804966 373338 -40390.321   80  188 -40239.000 -40425.743  0.46%  93.2 1560s
 808052 374822 -40315.581   59  163 -40239.000 -40425.640  0.46%  93.2 1565s
 811601 376830 -40324.330   42  221 -40239.000 -40425.515  0.46%  93.1 1570s
 813965 377922     cutoff   74      -40239.000 -40425.434  0.46%  93.1 1575s
 817149 379521     cutoff   63      -40239.000 -40425.297  0.46%  93.0 1580s
 820753 381305 -40369.125   58  196 -40239.000 -40425.162  0.46%  93.0 1585s
 823841 382873 -40303.880   61  186 -40239.000 -40425.022  0.46%  92.9 1590s
 827030 384409     cutoff   72      -40239.000 -40424.896  0.46%  92.9 1595s
 830088 385859 -40349.666   48  125 -40239.000 -40424.793  0.46%  92.8 1600s
 833924 387770 -40270.732   82  182 -40239.000 -40424.665  0.46%  92.7 1605s
 836982 389396 -40357.449   47  190 -40239.000 -40424.559  0.46%  92.7 1610s
 840417 391168 -40317.286   54  276 -40239.000 -40424.429  0.46%  92.6 1615s
 843626 392755 -40371.083   50  172 -40239.000 -40424.290  0.46%  92.5 1620s
 847048 394437 -40304.926   88  113 -40239.000 -40424.151  0.46%  92.5 1625s
 850189 395993 -40355.744   69  108 -40239.000 -40424.039  0.46%  92.4 1630s
 853124 397572 -40414.615   59  160 -40239.000 -40423.931  0.46%  92.4 1635s
 856318 399319 -40283.622   83  106 -40239.000 -40423.835  0.46%  92.3 1640s
 860031 401229 -40371.949   78  107 -40239.000 -40423.709  0.46%  92.3 1645s
 862827 402795     cutoff   92      -40239.000 -40423.617  0.46%  92.2 1650s
 866679 404806 -40397.603   78   80 -40239.000 -40423.470  0.46%  92.1 1655s
 870219 406531 -40382.295   48  200 -40239.000 -40423.339  0.46%  92.0 1660s
 873326 408274 -40309.095   71  176 -40239.000 -40423.240  0.46%  92.0 1665s
 876879 409962 -40305.201   66    5 -40239.000 -40423.124  0.46%  91.9 1670s
 879675 411279 -40311.469   51  198 -40239.000 -40423.017  0.46%  91.9 1675s
 883265 413043 -40285.310   66  110 -40239.000 -40422.905  0.46%  91.8 1680s
 886477 414728 -40327.486   49  206 -40239.000 -40422.782  0.46%  91.8 1685s
 889931 416559 -40326.487   65  138 -40239.000 -40422.651  0.46%  91.7 1690s
 892990 418083 -40286.685   52  128 -40239.000 -40422.561  0.46%  91.7 1695s
 896124 419841 -40311.627   71  130 -40239.000 -40422.445  0.46%  91.6 1700s
 899710 421539 -40281.420   53  151 -40239.000 -40422.334  0.46%  91.5 1705s
 903017 423143 -40294.265   90  113 -40239.000 -40422.235  0.46%  91.5 1710s
 906281 424842 -40265.365   84  110 -40239.000 -40422.126  0.46%  91.4 1715s
 909902 426546 -40335.401   65  143 -40239.000 -40422.014  0.45%  91.3 1720s
 912753 427995 -40364.331   65  174 -40239.000 -40421.911  0.45%  91.3 1725s
 916646 429875 -40271.266   94   32 -40239.000 -40421.792  0.45%  91.2 1730s
 920210 431512 -40401.680   74  112 -40239.000 -40421.686  0.45%  91.1 1735s
 923648 433405 -40297.287   67  192 -40239.000 -40421.580  0.45%  91.1 1740s
 927354 435165 -40267.565   76  165 -40239.000 -40421.441  0.45%  91.0 1745s
 930815 436846     cutoff   64      -40239.000 -40421.323  0.45%  90.9 1750s
 934273 438565 -40328.472   92   76 -40239.000 -40421.201  0.45%  90.9 1755s
 937123 440053     cutoff   38      -40239.000 -40421.119  0.45%  90.8 1760s
 940105 441380 -40351.984   66   97 -40239.000 -40421.012  0.45%  90.8 1765s
 943431 442943 -40333.811   70  128 -40239.000 -40420.893  0.45%  90.7 1770s
 947084 444757 -40335.696   92  185 -40239.000 -40420.777  0.45%  90.7 1775s
 950166 446140 -40343.573   63  154 -40239.000 -40420.694  0.45%  90.7 1780s
 953494 447729 -40285.752   70  120 -40239.000 -40420.574  0.45%  90.6 1785s
 957073 449476 -40260.712   75  136 -40239.000 -40420.477  0.45%  90.5 1790s
 960583 451000     cutoff   60      -40239.000 -40420.375  0.45%  90.5 1795s
 964253 452835 -40351.542   52  198 -40239.000 -40420.244  0.45%  90.4 1800s
 967120 454288 -40277.871   90   81 -40239.000 -40420.159  0.45%  90.4 1805s
 970898 456150 -40380.009   61  227 -40239.000 -40420.049  0.45%  90.3 1810s
 974346 458052 -40263.241   64  162 -40239.000 -40419.954  0.45%  90.3 1815s
 977969 459840 -40263.440   76  116 -40239.000 -40419.857  0.45%  90.2 1820s
 981121 461416 -40290.768   67   71 -40239.000 -40419.764  0.45%  90.1 1825s
 984549 463009 -40330.218   76  106 -40239.000 -40419.653  0.45%  90.1 1830s
 987982 464796 -40352.298   86   97 -40239.000 -40419.536  0.45%  90.0 1835s
 991191 466415 -40303.321   86   73 -40239.000 -40419.438  0.45%  90.0 1840s
 994649 468031 -40353.762   54  139 -40239.000 -40419.330  0.45%  89.9 1845s
 998120 469762 -40385.029   78   84 -40239.000 -40419.247  0.45%  89.9 1850s
 1001285 471450 -40376.960   52  186 -40239.000 -40419.147  0.45%  89.8 1855s
 1004516 473032 -40309.625   63  179 -40239.000 -40419.057  0.45%  89.8 1860s
 1008259 474826 -40327.664   58  124 -40239.000 -40418.937  0.45%  89.7 1865s
 1011201 476294     cutoff   57      -40239.000 -40418.839  0.45%  89.7 1870s
 1015041 478256 -40242.803   88   80 -40239.000 -40418.749  0.45%  89.6 1875s
 1018045 479696     cutoff   48      -40239.000 -40418.656  0.45%  89.6 1880s
 1021254 481285     cutoff   66      -40239.000 -40418.562  0.45%  89.5 1885s
 1024444 482816 -40377.816   73   50 -40239.000 -40418.466  0.45%  89.5 1890s
 1028188 484598     cutoff   63      -40239.000 -40418.355  0.45%  89.4 1895s
 1031582 486079 -40351.510   66   99 -40239.000 -40418.260  0.45%  89.4 1900s
 1035186 487967 -40384.802   82  109 -40239.000 -40418.154  0.45%  89.3 1905s
 1038288 489574 -40348.822   60  168 -40239.000 -40418.074  0.45%  89.3 1910s
 1041775 491337 -40377.873   61  208 -40239.000 -40417.976  0.44%  89.2 1915s
 1045017 493026 -40319.242   68  193 -40239.000 -40417.892  0.44%  89.2 1920s
 1048363 494662 -40382.580   67  195 -40239.000 -40417.799  0.44%  89.1 1925s
 1052273 496555 -40382.948   62  164 -40239.000 -40417.700  0.44%  89.1 1930s
 1055358 498000 -40307.721   51  174 -40239.000 -40417.620  0.44%  89.1 1935s
 1058382 499651 -40274.503   59  191 -40239.000 -40417.547  0.44%  89.0 1940s
 1062034 501585 -40361.173   56  219 -40239.000 -40417.464  0.44%  89.0 1945s
 1065317 503126 -40316.393   83  100 -40239.000 -40417.374  0.44%  88.9 1950s
 1068969 505003 -40380.011   65  185 -40239.000 -40417.287  0.44%  88.9 1955s
 1071925 506429 -40365.569   81  148 -40239.000 -40417.215  0.44%  88.9 1960s
 1075148 508259 -40391.163   52  229 -40239.000 -40417.144  0.44%  88.8 1965s
 1078889 509971 -40355.331   72  135 -40239.000 -40417.037  0.44%  88.8 1970s
 1082463 511658 -40286.421   59  189 -40239.000 -40416.942  0.44%  88.7 1975s
 1085246 513148 -40369.988   69  169 -40239.000 -40416.849  0.44%  88.7 1980s
 1089162 515175 -40286.987   69   95 -40239.000 -40416.752  0.44%  88.7 1985s
 1091963 516502 -40306.865   69  166 -40239.000 -40416.688  0.44%  88.6 1990s
 1095651 518406 -40299.147   71  164 -40239.000 -40416.614  0.44%  88.6 1995s
 1099462 520234 -40284.272   68  133 -40239.000 -40416.528  0.44%  88.5 2000s
 1102892 521812 -40270.309   72  139 -40239.000 -40416.430  0.44%  88.5 2005s
 1105801 523323 -40297.335   80   87 -40239.000 -40416.356  0.44%  88.4 2010s
 1109404 525111 -40353.767   52  205 -40239.000 -40416.259  0.44%  88.4 2015s
 1112464 526575     cutoff   51      -40239.000 -40416.177  0.44%  88.4 2020s
 1116106 528371 -40391.650   64  165 -40239.000 -40416.082  0.44%  88.3 2025s
 1119340 529996 -40294.702   83   91 -40239.000 -40416.009  0.44%  88.3 2030s
 1122895 531727 -40356.150   83   98 -40239.000 -40415.932  0.44%  88.2 2035s
 1126945 533653 -40343.190   62  171 -40239.000 -40415.827  0.44%  88.2 2041s
 1129486 534916     cutoff   61      -40239.000 -40415.754  0.44%  88.1 2045s
 1133505 536908 -40258.536   86  106 -40239.000 -40415.662  0.44%  88.1 2050s
 1137138 538636 -40311.994   52  185 -40239.000 -40415.589  0.44%  88.0 2055s
 1140213 540093 -40283.649   90   54 -40239.000 -40415.507  0.44%  88.0 2060s
 1143865 541911     cutoff   72      -40239.000 -40415.435  0.44%  88.0 2065s
 1146798 543349     cutoff   83      -40239.000 -40415.354  0.44%  87.9 2070s
 1150563 545278 -40309.118   51  151 -40239.000 -40415.271  0.44%  87.9 2075s
 1153935 546923 -40399.478   72  166 -40239.000 -40415.184  0.44%  87.8 2080s
 1156830 548353 -40316.998   72  134 -40239.000 -40415.114  0.44%  87.8 2085s
 1160633 550241 -40279.749   71  111 -40239.000 -40415.028  0.44%  87.8 2090s
 1163690 551771 -40400.319   63  155 -40239.000 -40414.970  0.44%  87.7 2095s
 1167215 553520 -40311.519   77  139 -40239.000 -40414.880  0.44%  87.7 2100s
 1170418 555072 -40362.498   49  219 -40239.000 -40414.798  0.44%  87.7 2105s
 1174067 556849 -40328.324   52  206 -40239.000 -40414.724  0.44%  87.6 2110s
 1177115 558251 -40356.195   44  204 -40239.000 -40414.659  0.44%  87.6 2115s
 1180863 560141 -40332.376   56  113 -40239.000 -40414.569  0.44%  87.5 2120s
 1183929 561627 -40371.495   77  144 -40239.000 -40414.503  0.44%  87.5 2125s
 1187383 563268 -40361.005   71  115 -40239.000 -40414.431  0.44%  87.4 2130s
 1191093 565039 -40391.282   70  149 -40239.000 -40414.341  0.44%  87.4 2135s
 1194417 566656 -40378.576   71  184 -40239.000 -40414.274  0.44%  87.4 2140s
 1198340 568477 -40313.315   80  120 -40239.000 -40414.186  0.44%  87.3 2145s
 1201335 570028 -40285.916   69  139 -40239.000 -40414.120  0.44%  87.3 2150s
 1204729 571858     cutoff   50      -40239.000 -40414.044  0.44%  87.2 2155s
 1208284 573590 -40326.696   82   97 -40239.000 -40413.985  0.43%  87.2 2160s
 1211807 575354     cutoff   57      -40239.000 -40413.903  0.43%  87.2 2165s
 1215206 577111 -40341.569   83  114 -40239.000 -40413.834  0.43%  87.1 2170s
 1218525 578814 -40256.069   79   46 -40239.000 -40413.771  0.43%  87.1 2175s
 1222110 580601 -40336.939   88   97 -40239.000 -40413.690  0.43%  87.1 2180s
 1225413 582248 -40277.471  104   49 -40239.000 -40413.615  0.43%  87.0 2185s
 1228634 583813 -40272.472   75  114 -40239.000 -40413.538  0.43%  87.0 2190s
 1231983 585473 -40357.131   76  114 -40239.000 -40413.458  0.43%  87.0 2195s
 1235727 587209 -40303.701   63  130 -40239.000 -40413.365  0.43%  86.9 2200s
 1239154 588930 -40291.304   71  114 -40239.000 -40413.289  0.43%  86.9 2205s
 1242449 590666 -40377.698   73  191 -40239.000 -40413.213  0.43%  86.8 2211s
 1245499 592065 -40307.599   59  137 -40239.000 -40413.149  0.43%  86.8 2215s
 1249143 593857 -40321.379   53  157 -40239.000 -40413.070  0.43%  86.8 2220s
 1252104 595351 -40257.596   62  141 -40239.000 -40413.013  0.43%  86.8 2225s
 1256104 597171 -40402.137   64  157 -40239.000 -40412.952  0.43%  86.7 2230s
 1258985 598581     cutoff   82      -40239.000 -40412.897  0.43%  86.7 2235s
 1262571 600394 -40403.277   67  181 -40239.000 -40412.821  0.43%  86.6 2240s
 1266289 602281 -40352.315   58  218 -40239.000 -40412.747  0.43%  86.6 2245s
 1269897 603900 -40339.345   77   51 -40239.000 -40412.681  0.43%  86.6 2250s
 1272919 605393 -40357.331   70  130 -40239.000 -40412.618  0.43%  86.5 2255s
 1276419 607283 -40259.477   90  106 -40239.000 -40412.549  0.43%  86.5 2260s
 1280154 609139 -40248.155   73  124 -40239.000 -40412.482  0.43%  86.5 2265s
 1283069 610540     cutoff   62      -40239.000 -40412.432  0.43%  86.5 2270s
 1286228 611978 -40253.755   77   89 -40239.000 -40412.366  0.43%  86.4 2275s
 1289941 613730 -40299.264   70  121 -40239.000 -40412.298  0.43%  86.4 2280s
 1293400 615446 -40257.243   51  192 -40239.000 -40412.222  0.43%  86.3 2285s
 1296644 616890     cutoff   77      -40239.000 -40412.142  0.43%  86.3 2290s
 1300422 618691     cutoff   76      -40239.000 -40412.062  0.43%  86.3 2295s
 1303988 620392 -40263.550   58  204 -40239.000 -40411.987  0.43%  86.2 2300s
 1307723 622196     cutoff   75      -40239.000 -40411.920  0.43%  86.2 2305s
 1311090 624067 -40388.205   59  186 -40239.000 -40411.856  0.43%  86.2 2310s
 1314594 625696 -40358.295   60  141 -40239.000 -40411.792  0.43%  86.1 2315s
 1317639 627251     cutoff  103      -40239.000 -40411.729  0.43%  86.1 2320s
 1321245 628997     cutoff   65      -40239.000 -40411.658  0.43%  86.1 2325s
 1324422 630644 -40316.962   69  146 -40239.000 -40411.599  0.43%  86.0 2330s
 1328072 632329 -40265.187   88  138 -40239.000 -40411.520  0.43%  86.0 2335s
 1331554 633993 -40291.314   83  224 -40239.000 -40411.448  0.43%  86.0 2340s
 1334568 635401 -40287.825   84   59 -40239.000 -40411.386  0.43%  85.9 2345s
 1337626 637071 -40365.948   65  191 -40239.000 -40411.331  0.43%  85.9 2350s
 1341346 638791 -40286.490   77  110 -40239.000 -40411.253  0.43%  85.9 2355s
 1344320 640211 -40292.048   79  161 -40239.000 -40411.202  0.43%  85.8 2360s
 1347995 641951 -40343.237   85  185 -40239.000 -40411.136  0.43%  85.8 2365s
 1351547 643496 -40331.421   87  139 -40239.000 -40411.061  0.43%  85.8 2370s
 1354526 644974 -40374.701   50  168 -40239.000 -40411.007  0.43%  85.8 2375s
 1358104 646612 -40365.204   75  158 -40239.000 -40410.932  0.43%  85.7 2380s
 1361781 648269     cutoff   61      -40239.000 -40410.856  0.43%  85.7 2385s
 1364850 649669 -40382.180   53  210 -40239.000 -40410.785  0.43%  85.7 2390s
 1368197 651398 -40307.916   79   86 -40239.000 -40410.722  0.43%  85.7 2395s
 1372022 653197 -40348.648   63  180 -40239.000 -40410.652  0.43%  85.6 2400s
 1374803 654506 -40322.663   79  170 -40239.000 -40410.609  0.43%  85.6 2405s
 1378281 656163     cutoff   54      -40239.000 -40410.549  0.43%  85.6 2410s
 1381477 657700 -40245.145   77  137 -40239.000 -40410.477  0.43%  85.5 2415s
 1385402 659502 -40373.446   70  157 -40239.000 -40410.394  0.43%  85.5 2420s
 1388933 661246 -40301.649   47  127 -40239.000 -40410.322  0.43%  85.5 2425s
 1392606 662939 -40293.069   51  237 -40239.000 -40410.256  0.43%  85.4 2430s
 1396243 664671 -40338.296   52  226 -40239.000 -40410.189  0.43%  85.4 2435s
 1399807 666246 -40363.089   58  200 -40239.000 -40410.120  0.43%  85.4 2440s
 1403446 667800     cutoff   68      -40239.000 -40410.053  0.43%  85.3 2445s
 1406787 669406 -40371.100   56  131 -40239.000 -40409.990  0.42%  85.3 2450s
 1410179 671048     cutoff   52      -40239.000 -40409.936  0.42%  85.3 2455s
 1413767 672677 -40325.650   67  159 -40239.000 -40409.866  0.42%  85.2 2460s
 1416861 674213 -40281.085   95  102 -40239.000 -40409.808  0.42%  85.2 2465s
 1420780 676099 -40281.208   99  123 -40239.000 -40409.748  0.42%  85.1 2470s
 1424664 677804 -40334.480   51  130 -40239.000 -40409.680  0.42%  85.1 2475s
 1427559 679174 -40249.026   94   95 -40239.000 -40409.632  0.42%  85.1 2480s
 1431147 680950 -40350.609   67  146 -40239.000 -40409.560  0.42%  85.1 2485s
 1434799 682711 -40247.837   76  124 -40239.000 -40409.492  0.42%  85.0 2490s
 1438033 684327 -40255.447   69   97 -40239.000 -40409.429  0.42%  85.0 2495s
 1441746 685991 -40349.432   46  212 -40239.000 -40409.363  0.42%  85.0 2500s
 1444942 687483     cutoff   73      -40239.000 -40409.309  0.42%  84.9 2505s
 1448586 689127     cutoff   61      -40239.000 -40409.227  0.42%  84.9 2510s
 1451964 690862 -40317.984   74  137 -40239.000 -40409.168  0.42%  84.9 2515s
 1456023 692883 -40328.131   54  187 -40239.000 -40409.098  0.42%  84.8 2520s
 1459357 694371 -40266.679   60  165 -40239.000 -40409.044  0.42%  84.8 2525s
 1462887 696026 -40387.079   46  200 -40239.000 -40408.978  0.42%  84.8 2530s
 1466501 697747 -40403.742   59  156 -40239.000 -40408.917  0.42%  84.7 2535s
 1469352 699146     cutoff   52      -40239.000 -40408.865  0.42%  84.7 2540s
 1473082 700825     cutoff   86      -40239.000 -40408.796  0.42%  84.7 2545s
 1476182 702221 -40303.490   57  182 -40239.000 -40408.742  0.42%  84.7 2550s
 1480139 704094 -40341.523   74  108 -40239.000 -40408.664  0.42%  84.6 2555s
 1482986 705479 -40362.264   61  200 -40239.000 -40408.617  0.42%  84.6 2560s
 1486403 707017 -40268.542   69  132 -40239.000 -40408.551  0.42%  84.6 2565s
 1490075 708817     cutoff   87      -40239.000 -40408.480  0.42%  84.5 2570s
 1493648 710490 -40296.748   94  124 -40239.000 -40408.420  0.42%  84.5 2575s
 1497182 712117 -40240.888   63  133 -40239.000 -40408.363  0.42%  84.5 2580s
 1501111 713917 -40354.239   72  108 -40239.000 -40408.295  0.42%  84.5 2585s
 1503885 715521 -40290.413   58  208 -40239.000 -40408.251  0.42%  84.4 2590s
 1507642 717342 -40316.595   49  218 -40239.000 -40408.189  0.42%  84.4 2595s
 1510930 718815 -40256.974   87  109 -40239.000 -40408.139  0.42%  84.4 2600s
 1514688 720711 -40291.478   48  158 -40239.000 -40408.081  0.42%  84.4 2605s
 1517794 722187 -40314.827   73  111 -40239.000 -40408.039  0.42%  84.3 2610s
 1521732 723885     cutoff   77      -40239.000 -40407.961  0.42%  84.3 2615s
 1525193 725535 -40367.251   80  170 -40239.000 -40407.905  0.42%  84.3 2620s
 1528010 726911 -40240.037   62  145 -40239.000 -40407.858  0.42%  84.3 2625s
 1531357 728487 -40359.945   66  113 -40239.000 -40407.800  0.42%  84.2 2630s
 1534948 730335 -40252.065   64  169 -40239.000 -40407.740  0.42%  84.2 2635s
 1538718 731931 -40375.984   71  164 -40239.000 -40407.677  0.42%  84.2 2640s
 1542162 733627 -40329.877   62  133 -40239.000 -40407.625  0.42%  84.1 2645s
 1545256 735101 -40345.156   62  168 -40239.000 -40407.578  0.42%  84.1 2650s
 1549192 737004 -40245.790   73   78 -40239.000 -40407.510  0.42%  84.1 2655s
 1551938 738328 -40339.702   75  103 -40239.000 -40407.472  0.42%  84.1 2660s
 1555606 740092 -40285.769   73   67 -40239.000 -40407.418  0.42%  84.1 2665s
 1558807 741623 -40345.193   66  152 -40239.000 -40407.358  0.42%  84.0 2670s
 1562228 743299 -40363.177   50  165 -40239.000 -40407.304  0.42%  84.0 2675s
 1565758 744878 -40297.351   69  148 -40239.000 -40407.238  0.42%  84.0 2680s
 1569386 746389 -40246.534   80  143 -40239.000 -40407.177  0.42%  84.0 2685s
 1572675 747946 -40348.100   65   94 -40239.000 -40407.123  0.42%  83.9 2690s
 1576377 749594 -40382.527   76   71 -40239.000 -40407.057  0.42%  83.9 2695s
 1579763 751321 -40351.336   77  135 -40239.000 -40407.004  0.42%  83.9 2700s
 1582950 752737     cutoff   86      -40239.000 -40406.955  0.42%  83.9 2705s
 1586762 754627 -40249.635   58  136 -40239.000 -40406.896  0.42%  83.8 2710s
 1590148 756291 -40297.885   65  154 -40239.000 -40406.843  0.42%  83.8 2715s
 1593610 757855 -40252.108   75  219 -40239.000 -40406.791  0.42%  83.8 2720s
 1596749 759327     cutoff   58      -40239.000 -40406.731  0.42%  83.8 2725s
 1600837 761277 -40343.166   60  189 -40239.000 -40406.678  0.42%  83.7 2730s
 1603701 762684 -40328.961   46  171 -40239.000 -40406.633  0.42%  83.7 2735s
 1607213 764496 -40246.366   87   81 -40239.000 -40406.583  0.42%  83.7 2740s
 1610350 765878     cutoff   94      -40239.000 -40406.539  0.42%  83.7 2745s
 1614190 767605 -40325.550   93   90 -40239.000 -40406.477  0.42%  83.6 2750s
 1617611 769208 -40374.239   80  154 -40239.000 -40406.422  0.42%  83.6 2755s
 1621419 770967 -40317.295   72  137 -40239.000 -40406.365  0.42%  83.6 2760s
 1624996 772650 -40267.441   60  155 -40239.000 -40406.323  0.42%  83.6 2765s
 1627868 774076 -40315.407   49  214 -40239.000 -40406.284  0.42%  83.6 2770s
 1631326 775818 -40364.031   78  124 -40239.000 -40406.240  0.42%  83.5 2775s
 1635035 777524 -40381.316   62  179 -40239.000 -40406.181  0.42%  83.5 2780s
 1638503 779126 -40390.759   59  100 -40239.000 -40406.134  0.42%  83.5 2785s
 1642101 780861 -40340.144   91  158 -40239.000 -40406.083  0.42%  83.4 2790s
 1645722 782457     cutoff   81      -40239.000 -40406.024  0.42%  83.4 2795s
 1648614 783722     cutoff   73      -40239.000 -40405.985  0.41%  83.4 2800s
 1652037 785458     cutoff   66      -40239.000 -40405.938  0.41%  83.4 2805s
 1655734 787054 -40305.301   80  153 -40239.000 -40405.894  0.41%  83.3 2810s
 1659317 788703 -40331.875   53  133 -40239.000 -40405.840  0.41%  83.3 2815s
 1662855 790275 -40311.181   74  102 -40239.000 -40405.786  0.41%  83.3 2820s
 1665913 791613     cutoff   90      -40239.000 -40405.735  0.41%  83.3 2825s
 1669846 793543     cutoff   87      -40239.000 -40405.683  0.41%  83.2 2830s
 1673034 795053 -40244.362   92   78 -40239.000 -40405.629  0.41%  83.2 2835s
 1676588 796868 -40380.242   62  130 -40239.000 -40405.581  0.41%  83.2 2840s
 1680270 798507     cutoff   50      -40239.000 -40405.530  0.41%  83.2 2845s
 1683956 800172 -40302.230   57  107 -40239.000 -40405.475  0.41%  83.1 2850s
 1686994 801590 -40349.965   62  183 -40239.000 -40405.434  0.41%  83.1 2855s
 1689994 803082 -40291.676   89   80 -40239.000 -40405.389  0.41%  83.1 2860s
 1693880 804871 -40299.631  100   44 -40239.000 -40405.338  0.41%  83.1 2865s
 1697701 806722     cutoff   74      -40239.000 -40405.286  0.41%  83.1 2870s
 1700992 808218 -40341.289   87   91 -40239.000 -40405.230  0.41%  83.1 2875s
 1703909 809638 -40373.146   82  145 -40239.000 -40405.190  0.41%  83.0 2880s
 1707572 811269     cutoff   77      -40239.000 -40405.133  0.41%  83.0 2885s
 1711248 812984 -40269.514   75  114 -40239.000 -40405.074  0.41%  83.0 2890s
 1714537 814363 -40354.055   69  123 -40239.000 -40405.034  0.41%  83.0 2895s
 1718308 815977 -40374.121   71  148 -40239.000 -40404.971  0.41%  82.9 2900s
 1722277 817959 -40286.774   68  132 -40239.000 -40404.922  0.41%  82.9 2905s
 1725012 819375     cutoff   99      -40239.000 -40404.879  0.41%  82.9 2910s
 1728973 821173 -40349.414   49  181 -40239.000 -40404.822  0.41%  82.9 2915s
 1732314 822676 -40296.746   54  186 -40239.000 -40404.782  0.41%  82.8 2920s
 1735808 824281 -40340.630   74  126 -40239.000 -40404.730  0.41%  82.8 2925s
 1739638 826184 -40381.651   55  191 -40239.000 -40404.679  0.41%  82.8 2930s
 1743184 827519 -40312.673   82  131 -40239.000 -40404.629  0.41%  82.8 2935s
 1746555 829379 -40378.475   67  159 -40239.000 -40404.584  0.41%  82.7 2940s
 1749845 830868 -40267.919   61  183 -40239.000 -40404.540  0.41%  82.7 2945s
 1753500 832459 -40331.735   64  149 -40239.000 -40404.495  0.41%  82.7 2950s
 1757107 834045 -40319.805   58  141 -40239.000 -40404.436  0.41%  82.7 2955s
 1760793 835709 -40300.920   75  176 -40239.000 -40404.387  0.41%  82.6 2960s
 1764435 837380 -40241.777   69  143 -40239.000 -40404.334  0.41%  82.6 2965s
 1767919 838942 -40347.123   67  106 -40239.000 -40404.286  0.41%  82.6 2970s
 1771597 840518 -40343.780   67  178 -40239.000 -40404.241  0.41%  82.6 2975s
 1774900 842129     cutoff   69      -40239.000 -40404.202  0.41%  82.5 2980s
 1778635 843742     cutoff   64      -40239.000 -40404.133  0.41%  82.5 2985s
 1782345 845513 -40264.227   81  121 -40239.000 -40404.077  0.41%  82.5 2990s
 1785234 846871     cutoff   62      -40239.000 -40404.035  0.41%  82.5 2995s
 1788111 848305     cutoff   68      -40239.000 -40403.996  0.41%  82.5 3000s
 1791970 849901 -40273.620   71   99 -40239.000 -40403.942  0.41%  82.5 3005s
 1794722 851195 -40262.377   70  163 -40239.000 -40403.911  0.41%  82.4 3010s
 1798557 852827     cutoff   68      -40239.000 -40403.865  0.41%  82.4 3015s
 1802315 854502     cutoff   75      -40239.000 -40403.809  0.41%  82.4 3020s
 1805756 856004 -40243.706   52  179 -40239.000 -40403.771  0.41%  82.4 3025s
 1808622 857351 -40275.668  106   94 -40239.000 -40403.732  0.41%  82.4 3030s
 1812385 859069 -40271.056   77  125 -40239.000 -40403.682  0.41%  82.3 3035s
 1816102 860825 -40302.278   39  190 -40239.000 -40403.632  0.41%  82.3 3040s
 1819561 862334 -40241.291   69  154 -40239.000 -40403.591  0.41%  82.3 3045s
 1823103 864096 -40266.347   47  177 -40239.000 -40403.539  0.41%  82.3 3050s
 1826984 865807     cutoff   67      -40239.000 -40403.491  0.41%  82.2 3055s
 1830945 867376 -40322.040   74  122 -40239.000 -40403.426  0.41%  82.2 3060s
 1834115 868779 -40336.827   62  128 -40239.000 -40403.381  0.41%  82.2 3065s
 1837570 870493 -40382.269   70  158 -40239.000 -40403.337  0.41%  82.2 3070s
 1841056 871812 -40365.108   74  127 -40239.000 -40403.293  0.41%  82.1 3075s
 1844953 873473     cutoff   90      -40239.000 -40403.237  0.41%  82.1 3080s
 1848380 875142 -40362.430   80  141 -40239.000 -40403.192  0.41%  82.1 3085s
 1851751 876647 -40392.069   69  164 -40239.000 -40403.147  0.41%  82.1 3090s
 1855571 878170 -40264.460   63  186 -40239.000 -40403.098  0.41%  82.0 3095s
 1859015 879801 -40255.886   96   94 -40239.000 -40403.061  0.41%  82.0 3100s
 1862599 881384     cutoff   80      -40239.000 -40402.996  0.41%  82.0 3105s
 1866246 883004 -40297.000   52  166 -40239.000 -40402.950  0.41%  82.0 3110s
 1869214 884374 -40285.365   67  142 -40239.000 -40402.905  0.41%  82.0 3115s
 1872745 886056 -40390.252   77  136 -40239.000 -40402.855  0.41%  82.0 3120s
 1875962 887508 -40282.711   73  158 -40239.000 -40402.816  0.41%  81.9 3125s
 1879551 889129 -40341.643   93  130 -40239.000 -40402.766  0.41%  81.9 3130s
 1883183 890807 -40330.247   65  179 -40239.000 -40402.725  0.41%  81.9 3135s
 1886269 892264 -40347.070   57  110 -40239.000 -40402.683  0.41%  81.9 3140s
 1889883 893728 -40376.836   69  110 -40239.000 -40402.635  0.41%  81.9 3145s
 1893597 895263     cutoff   80      -40239.000 -40402.583  0.41%  81.8 3150s
 1897388 896927 -40321.401   67  147 -40239.000 -40402.532  0.41%  81.8 3155s
 1901059 898484 -40246.456   73  134 -40239.000 -40402.476  0.41%  81.8 3160s
 1904239 899798     cutoff   80      -40239.000 -40402.432  0.41%  81.8 3165s
 1908146 901566 -40377.096   62  164 -40239.000 -40402.389  0.41%  81.8 3170s
 1911699 903122 -40375.066   71  133 -40239.000 -40402.335  0.41%  81.7 3175s
 1915468 904717 -40400.259   79   97 -40239.000 -40402.286  0.41%  81.7 3180s
 1918446 905978     cutoff   73      -40239.000 -40402.249  0.41%  81.7 3185s
 1922764 907891 -40333.993   64  173 -40239.000 -40402.196  0.41%  81.6 3190s
 1926216 909295 -40256.017   97  103 -40239.000 -40402.146  0.41%  81.6 3195s
 1929154 910687 -40349.179   65  141 -40239.000 -40402.112  0.41%  81.6 3200s
 1932779 912137 -40280.850   76   96 -40239.000 -40402.056  0.41%  81.6 3205s
 1936480 913760 -40291.371   63  211 -40239.000 -40402.014  0.41%  81.6 3210s
 1940103 915390 -40260.033   54  157 -40239.000 -40401.966  0.40%  81.5 3215s
 1943787 916892 -40340.615   56   67 -40239.000 -40401.914  0.40%  81.5 3220s
 1947429 918421 -40368.886   55  184 -40239.000 -40401.870  0.40%  81.5 3225s
 1951028 919870     cutoff   82      -40239.000 -40401.827  0.40%  81.5 3230s
 1954442 921526 -40261.620   93  142 -40239.000 -40401.788  0.40%  81.5 3235s
 1958088 923108     cutoff   66      -40239.000 -40401.739  0.40%  81.4 3240s
 1961006 924349 -40315.429   50  217 -40239.000 -40401.698  0.40%  81.4 3245s
 1964756 925755 -40388.906   67  120 -40239.000 -40401.640  0.40%  81.4 3250s
 1968694 927431 -40376.918   71  118 -40239.000 -40401.586  0.40%  81.4 3255s
 1972441 928990 -40255.324   51  145 -40239.000 -40401.523  0.40%  81.4 3260s
 1975724 930306 -40353.635   51  135 -40239.000 -40401.474  0.40%  81.3 3265s
 1979328 931848 -40378.250   69  175 -40239.000 -40401.432  0.40%  81.3 3270s
 1982410 933065 -40324.662   81   71 -40239.000 -40401.389  0.40%  81.3 3275s
 1986159 934759 -40385.462   69  114 -40239.000 -40401.334  0.40%  81.3 3280s
 1990134 936374 -40347.755   85  150 -40239.000 -40401.281  0.40%  81.3 3285s
 1993145 937637 -40355.652   72  140 -40239.000 -40401.243  0.40%  81.2 3290s
 1996854 939083 -40288.885   87   98 -40239.000 -40401.200  0.40%  81.2 3295s
 2000528 940725 -40323.546   74  127 -40239.000 -40401.143  0.40%  81.2 3300s
 2003463 942088 -40355.521   69  146 -40239.000 -40401.113  0.40%  81.2 3305s
 2007366 943655 -40317.126   71   52 -40239.000 -40401.061  0.40%  81.2 3310s
 2011105 945265 -40358.532   55  158 -40239.000 -40401.010  0.40%  81.1 3315s
 2014943 946915 -40298.339   77   98 -40239.000 -40400.963  0.40%  81.1 3320s
 2017908 948098 -40267.930   48  175 -40239.000 -40400.924  0.40%  81.1 3325s
 2021587 949698 -40302.991   78  121 -40239.000 -40400.880  0.40%  81.1 3330s
 2025324 951228 -40393.753   68  166 -40239.000 -40400.843  0.40%  81.1 3335s
 2028609 952612 -40384.940   72  102 -40239.000 -40400.808  0.40%  81.0 3340s
 2032130 954049 -40328.422   86  129 -40239.000 -40400.763  0.40%  81.0 3345s
 2035671 955489 -40337.011   62  175 -40239.000 -40400.712  0.40%  81.0 3350s
 2039192 956955 -40310.642  100  166 -40239.000 -40400.673  0.40%  81.0 3355s
 2043010 958454     cutoff   83      -40239.000 -40400.622  0.40%  81.0 3360s
 2046716 960084 -40329.653   54  191 -40239.000 -40400.571  0.40%  81.0 3365s
 2050470 961644 -40283.348  114   82 -40239.000 -40400.525  0.40%  80.9 3370s
 2053504 962939     cutoff   60      -40239.000 -40400.489  0.40%  80.9 3375s
 2057355 964626 -40252.381   87  131 -40239.000 -40400.438  0.40%  80.9 3380s
 2060872 966283     cutoff   45      -40239.000 -40400.401  0.40%  80.9 3385s
 2063810 967643     cutoff   82      -40239.000 -40400.368  0.40%  80.9 3390s
 2067487 969100 -40304.446   56  157 -40239.000 -40400.329  0.40%  80.8 3395s
 2070763 970563 -40358.940   75  103 -40239.000 -40400.296  0.40%  80.8 3400s
 2074471 972156 -40256.785   71  145 -40239.000 -40400.253  0.40%  80.8 3405s
 2078740 973674 -40323.160   65  136 -40239.000 -40400.196  0.40%  80.8 3410s
 2082132 975168 -40344.581   72   94 -40239.000 -40400.157  0.40%  80.8 3415s
 2085702 976654     cutoff   46      -40239.000 -40400.110  0.40%  80.8 3420s
 2088964 978172 -40316.454   56  137 -40239.000 -40400.078  0.40%  80.7 3425s
 2092405 979607 -40287.379   71  172 -40239.000 -40400.038  0.40%  80.7 3430s
 2096224 981146 -40352.576   46  226 -40239.000 -40399.992  0.40%  80.7 3435s
 2099699 982729 -40280.841   67  107 -40239.000 -40399.950  0.40%  80.7 3440s
 2103158 984123 -40273.776   80  145 -40239.000 -40399.910  0.40%  80.7 3445s
 2106322 985571     cutoff   45      -40239.000 -40399.872  0.40%  80.6 3450s
 2110710 987314 -40298.682   59  189 -40239.000 -40399.823  0.40%  80.6 3455s
 2113974 988798 -40359.568   67  132 -40239.000 -40399.790  0.40%  80.6 3460s
 2116897 990082 -40301.921   62  148 -40239.000 -40399.754  0.40%  80.6 3465s
 2120383 991313 -40326.248   82  100 -40239.000 -40399.721  0.40%  80.6 3470s
 2124282 992991 -40321.893   62  220 -40239.000 -40399.662  0.40%  80.6 3475s
 2127883 994343 -40256.659   59  167 -40239.000 -40399.623  0.40%  80.5 3480s
 2131745 995862 -40394.550   78  147 -40239.000 -40399.568  0.40%  80.5 3485s
 2135512 997284 -40333.938   72  131 -40239.000 -40399.522  0.40%  80.5 3490s
 2139391 998804 -40348.700   59  135 -40239.000 -40399.478  0.40%  80.5 3495s
 2142846 1000219     cutoff   71      -40239.000 -40399.431  0.40%  80.4 3500s
 2146472 1001717 -40331.712   77   93 -40239.000 -40399.395  0.40%  80.4 3505s
 2150333 1003444 -40396.519   67  147 -40239.000 -40399.359  0.40%  80.4 3510s
 2153473 1004603 -40355.482   73  178 -40239.000 -40399.319  0.40%  80.4 3515s
 2157314 1006160 -40300.069   58  153 -40239.000 -40399.268  0.40%  80.4 3520s
 2161060 1007722 -40372.073   72  138 -40239.000 -40399.224  0.40%  80.4 3525s
 2164636 1009308 -40383.052   66  170 -40239.000 -40399.186  0.40%  80.3 3530s
 2168020 1010755 -40358.178   56  212 -40239.000 -40399.147  0.40%  80.3 3535s
 2171840 1012242 -40338.516   66  133 -40239.000 -40399.107  0.40%  80.3 3540s
 2175243 1013595     cutoff   66      -40239.000 -40399.070  0.40%  80.3 3545s
 2178649 1014967 -40394.123   69  116 -40239.000 -40399.027  0.40%  80.3 3550s
 2182476 1016443 -40323.574   86  123 -40239.000 -40398.987  0.40%  80.3 3555s
 2185779 1017729 -40382.302   70  134 -40239.000 -40398.951  0.40%  80.2 3560s
 2189383 1019240 -40305.463   79  149 -40239.000 -40398.903  0.40%  80.2 3565s
 2193135 1020776 -40345.681   60   92 -40239.000 -40398.864  0.40%  80.2 3570s
 2196613 1022258     cutoff   52      -40239.000 -40398.831  0.40%  80.2 3575s
 2200105 1023625 -40383.700   65  191 -40239.000 -40398.795  0.40%  80.2 3580s
 2203805 1025140 -40274.644   52  178 -40239.000 -40398.759  0.40%  80.1 3585s
 2207010 1026569 -40285.659   80   71 -40239.000 -40398.723  0.40%  80.1 3590s
 2210785 1028168 -40350.137   68  125 -40239.000 -40398.682  0.40%  80.1 3595s
 2214512 1029723 -40363.109   54  154 -40239.000 -40398.642  0.40%  80.1 3600s

Cutting planes:
  Gomory: 16
  Cover: 468
  Clique: 121
  MIR: 424
  StrongCG: 157
  Flow cover: 423
  GUB cover: 1
  Inf proof: 1
  Zero half: 84
  RLT: 41

Explored 2214853 nodes (177401081 simplex iterations) in 3600.01 seconds (6127.14 work units)
Thread count was 4 (of 56 available processors)

Solution count 10: -40239 -40220 -40146 ... -38915

Time limit reached
Best objective -4.023900000000e+04, best bound -4.039800000000e+04, gap 0.3951%
