
Gurobi 9.5.0 (linux64) logging started Tue Mar 29 20:30:11 2022

Set parameter LogFile to value "/local_workspace/chenrui/LogFiles/MKAP/MKAP_10_200_10_4_objLB.log"
Gurobi Optimizer version 9.5.0 build v9.5.0rc5 (linux64)
Thread count: 56 physical cores, 56 logical processors, using up to 4 threads
Optimize a model with 311 rows, 2100 columns and 6200 nonzeros
Model fingerprint: 0xadfac1be
Variable types: 0 continuous, 2100 integer (2100 binary)
Coefficient statistics:
  Matrix range     [1e+00, 6e+03]
  Objective range  [3e+00, 1e+03]
  Bounds range     [1e+00, 1e+00]
  RHS range        [1e+00, 8e+04]
Found heuristic solution: objective 0.0000000
Presolve removed 10 rows and 10 columns
Presolve time: 0.01s
Presolved: 301 rows, 2090 columns, 6180 nonzeros
Variable types: 0 continuous, 2090 integer (2090 binary)
Found heuristic solution: objective -44665.00000

Root relaxation: objective -7.810800e+04, 511 iterations, 0.01 seconds (0.01 work units)

    Nodes    |    Current Node    |     Objective Bounds      |     Work
 Expl Unexpl |  Obj  Depth IntInf | Incumbent    BestBd   Gap | It/Node Time

     0     0 -78108.000    0   38 -44665.000 -78108.000  74.9%     -    0s
H    0     0                    -58549.00000 -78108.000  33.4%     -    0s
H    0     0                    -58667.00000 -78108.000  33.1%     -    0s
H    0     0                    -65895.00000 -78108.000  18.5%     -    0s
H    0     0                    -69374.00000 -78108.000  12.6%     -    0s
     0     0 -78108.000    0  201 -69374.000 -78108.000  12.6%     -    0s
     0     0 -78108.000    0  198 -69374.000 -78108.000  12.6%     -    0s
H    0     0                    -75274.00000 -78108.000  3.76%     -    0s
H    0     0                    -75957.00000 -78108.000  2.83%     -    0s
H    0     0                    -76491.00000 -78108.000  2.11%     -    0s
     0     0 -78108.000    0   46 -76491.000 -78108.000  2.11%     -    0s
     0     0 -78108.000    0   43 -76491.000 -78108.000  2.11%     -    0s
     0     2 -78108.000    0   32 -76491.000 -78108.000  2.11%     -    0s
H  139   187                    -77008.00000 -78108.000  1.43%  61.6    0s
H  500   383                    -77031.00000 -78108.000  1.40%  51.4    0s
H  553   370                    -77453.00000 -78108.000  0.85%  49.5    0s
H 1603   319                    -77577.00000 -78108.000  0.68%  97.4    2s
H 1618   285                    -77775.00000 -78108.000  0.43%   100    2s
H 2353   404                    -77792.00022 -78108.000  0.41%   119    3s
H 2383   401                    -77822.00000 -78108.000  0.37%   121    3s
  3020   539 -78042.987   25   99 -77822.000 -78108.000  0.37%   129    5s
H 5202   642                    -77968.00000 -78108.000  0.18%  97.8    7s
  5319   786 -78108.000   26   30 -77968.000 -78108.000  0.18%   100   10s
 17956   623 -78108.000   21   43 -77968.000 -78108.000  0.18%  45.5   15s
 32521   963 -78108.000   40   27 -77968.000 -78108.000  0.18%  34.0   20s
 50907  1578     cutoff   35      -77968.000 -78108.000  0.18%  34.2   25s
 58015  1916     cutoff   41      -77968.000 -78108.000  0.18%  37.4   30s
 76286  2108     cutoff   49      -77968.000 -78108.000  0.18%  41.1   35s
 91634  2175 -78108.000   33   38 -77968.000 -78108.000  0.18%  41.4   40s
 105170  2393     cutoff   30      -77968.000 -78108.000  0.18%  40.5   45s
H112920  2184                    -78017.00000 -78108.000  0.12%  41.0   46s
 120171  2397     cutoff   48      -78017.000 -78108.000  0.12%  42.3   50s
H120176  2181                    -78053.00000 -78108.000  0.07%  42.3   50s
 125885  2522 -78108.000   38   47 -78053.000 -78108.000  0.07%  43.6   55s
 161187  2872 -78108.000   61   14 -78053.000 -78108.000  0.07%  38.9   60s
 200616  3082     cutoff   67      -78053.000 -78108.000  0.07%  34.0   65s
 230369  3170 -78108.000   47   26 -78053.000 -78108.000  0.07%  32.3   70s
 256245  3528     cutoff   49      -78053.000 -78108.000  0.07%  32.0   75s
 274928  3813     cutoff   52      -78053.000 -78108.000  0.07%  32.5   80s
 286784  4011 -78108.000   44   31 -78053.000 -78108.000  0.07%  33.9   85s
 300224  3990     cutoff   48      -78053.000 -78108.000  0.07%  33.9   90s
H304941   217                    -78108.00000 -78108.000  0.00%  34.0   92s

Cutting planes:
  Gomory: 3
  Cover: 94
  Clique: 291
  MIR: 2
  StrongCG: 6
  Flow cover: 16
  Zero half: 1

Explored 304961 nodes (10386992 simplex iterations) in 92.52 seconds (158.07 work units)
Thread count was 4 (of 56 available processors)

Solution count 10: -78108 -78053 -78017 ... -77031
No other solutions better than -78108

Optimal solution found (tolerance 1.00e-04)
Best objective -7.810800000000e+04, best bound -7.810800000000e+04, gap 0.0000%
