
Gurobi 9.5.0 (linux64) logging started Tue Apr 26 13:52:43 2022

Set parameter LogFile to value "/local_workspace/chenrui/LogFiles/MKAP/MKAP_20_100_25_1_DWcutsCT_10min.log"
Gurobi Optimizer version 9.5.0 build v9.5.0rc5 (linux64)
Thread count: 56 physical cores, 56 logical processors, using up to 4 threads
Optimize a model with 1120 rows, 2500 columns and 7500 nonzeros
Model fingerprint: 0x52e433d1
Variable types: 0 continuous, 2500 integer (2500 binary)
Coefficient statistics:
  Matrix range     [1e+00, 2e+03]
  Objective range  [2e+00, 1e+03]
  Bounds range     [1e+00, 1e+00]
  RHS range        [3e-09, 1e+00]
Found heuristic solution: objective 0.0000000
Presolve removed 54 rows and 27 columns
Presolve time: 0.03s
Presolved: 1066 rows, 2473 columns, 7311 nonzeros
Found heuristic solution: objective -7250.000000
Variable types: 0 continuous, 2473 integer (2473 binary)

Root relaxation: objective -3.615050e+04, 4307 iterations, 0.07 seconds (0.07 work units)

    Nodes    |    Current Node    |     Objective Bounds      |     Work
 Expl Unexpl |  Obj  Depth IntInf | Incumbent    BestBd   Gap | It/Node Time

     0     0 -36150.505    0   28 -7250.0000 -36150.505   399%     -    0s
H    0     0                    -35903.00000 -36150.505  0.69%     -    0s
     0     0 -36150.505    0   42 -35903.000 -36150.505  0.69%     -    0s
     0     0 -36150.504    0   12 -35903.000 -36150.504  0.69%     -    0s
H    0     0                    -35919.00000 -36150.504  0.64%     -    0s
     0     0 -36150.502    0   39 -35919.000 -36150.502  0.64%     -    0s
     0     0 -36150.502    0   36 -35919.000 -36150.502  0.64%     -    0s
     0     0 -36150.502    0   14 -35919.000 -36150.502  0.64%     -    0s
     0     0 -36150.502    0    4 -35919.000 -36150.502  0.64%     -    0s
     0     0 -36150.502    0   20 -35919.000 -36150.502  0.64%     -    0s
     0     0 -36150.502    0   41 -35919.000 -36150.502  0.64%     -    0s
     0     0 -36150.501    0   14 -35919.000 -36150.501  0.64%     -    0s
     0     0 -36150.501    0   44 -35919.000 -36150.501  0.64%     -    0s
     0     0 -36150.501    0   57 -35919.000 -36150.501  0.64%     -    0s
     0     0 -36150.501    0   48 -35919.000 -36150.501  0.64%     -    0s
     0     0 -36150.501    0   48 -35919.000 -36150.501  0.64%     -    0s
     0     2 -36150.501    0   48 -35919.000 -36150.501  0.64%     -    0s

Cutting planes:
  Gomory: 8
  Lift-and-project: 1
  Cover: 61
  Clique: 17
  MIR: 1
  StrongCG: 3
  RLT: 1

Explored 2646 nodes (53850 simplex iterations) in 1.17 seconds (1.14 work units)
Thread count was 4 (of 56 available processors)

Solution count 4: -35919 -35903 -7250 0 
No other solutions better than -35919

Optimal solution found (tolerance 1.00e-04)
Best objective -3.591900000000e+04, best bound -3.591900000000e+04, gap 0.0000%

Gurobi 9.5.0 (linux64) logging started Tue Apr 26 16:22:38 2022

Set parameter LogFile to value "/local_workspace/chenrui/LogFiles/MKAP/MKAP_20_100_25_1_DWcutsCT_10min.log"
Gurobi Optimizer version 9.5.0 build v9.5.0rc5 (linux64)
Thread count: 56 physical cores, 56 logical processors, using up to 4 threads
Optimize a model with 1120 rows, 2500 columns and 7500 nonzeros
Model fingerprint: 0x52e433d1
Variable types: 0 continuous, 2500 integer (2500 binary)
Coefficient statistics:
  Matrix range     [1e+00, 2e+03]
  Objective range  [2e+00, 1e+03]
  Bounds range     [1e+00, 1e+00]
  RHS range        [3e-09, 1e+00]
Found heuristic solution: objective 0.0000000
Presolve removed 54 rows and 27 columns
Presolve time: 0.02s
Presolved: 1066 rows, 2473 columns, 7311 nonzeros
Found heuristic solution: objective -7250.000000
Variable types: 0 continuous, 2473 integer (2473 binary)

Root relaxation: objective -3.615050e+04, 4307 iterations, 0.07 seconds (0.07 work units)

    Nodes    |    Current Node    |     Objective Bounds      |     Work
 Expl Unexpl |  Obj  Depth IntInf | Incumbent    BestBd   Gap | It/Node Time

     0     0 -36150.505    0   28 -7250.0000 -36150.505   399%     -    0s
H    0     0                    -35903.00000 -36150.505  0.69%     -    0s
     0     0 -36150.505    0   42 -35903.000 -36150.505  0.69%     -    0s
     0     0 -36150.504    0   12 -35903.000 -36150.504  0.69%     -    0s
H    0     0                    -35919.00000 -36150.504  0.64%     -    0s
     0     0 -36150.502    0   39 -35919.000 -36150.502  0.64%     -    0s
     0     0 -36150.502    0   36 -35919.000 -36150.502  0.64%     -    0s
     0     0 -36150.502    0   14 -35919.000 -36150.502  0.64%     -    0s
     0     0 -36150.502    0    4 -35919.000 -36150.502  0.64%     -    0s
     0     0 -36150.502    0   20 -35919.000 -36150.502  0.64%     -    0s
     0     0 -36150.502    0   41 -35919.000 -36150.502  0.64%     -    0s
     0     0 -36150.501    0   14 -35919.000 -36150.501  0.64%     -    0s
     0     0 -36150.501    0   44 -35919.000 -36150.501  0.64%     -    0s
     0     0 -36150.501    0   57 -35919.000 -36150.501  0.64%     -    0s
     0     0 -36150.501    0   48 -35919.000 -36150.501  0.64%     -    0s
     0     0 -36150.501    0   48 -35919.000 -36150.501  0.64%     -    0s
     0     2 -36150.501    0   48 -35919.000 -36150.501  0.64%     -    0s

Cutting planes:
  Gomory: 8
  Lift-and-project: 1
  Cover: 61
  Clique: 17
  MIR: 1
  StrongCG: 3
  RLT: 1

Explored 2646 nodes (53850 simplex iterations) in 1.13 seconds (1.14 work units)
Thread count was 4 (of 56 available processors)

Solution count 4: -35919 -35903 -7250 0 
No other solutions better than -35919

Optimal solution found (tolerance 1.00e-04)
Best objective -3.591900000000e+04, best bound -3.591900000000e+04, gap 0.0000%

Gurobi 9.5.0 (linux64) logging started Wed Apr 27 11:21:10 2022

Set parameter LogFile to value "/local_workspace/chenrui/LogFiles/MKAP/MKAP_20_100_25_1_DWcutsCT_10min.log"
Gurobi Optimizer version 9.5.0 build v9.5.0rc5 (linux64)
Thread count: 56 physical cores, 56 logical processors, using up to 4 threads
Optimize a model with 1120 rows, 2500 columns and 7500 nonzeros
Model fingerprint: 0x428943ff
Variable types: 0 continuous, 2500 integer (2500 binary)
Coefficient statistics:
  Matrix range     [1e+00, 2e+03]
  Objective range  [2e+00, 1e+03]
  Bounds range     [1e+00, 1e+00]
  RHS range        [3e-09, 1e+00]
Found heuristic solution: objective 0.0000000
Presolve removed 54 rows and 27 columns
Presolve time: 0.02s
Presolved: 1066 rows, 2473 columns, 7311 nonzeros
Found heuristic solution: objective -7250.000000
Variable types: 0 continuous, 2473 integer (2473 binary)

Root relaxation: objective -3.615050e+04, 3857 iterations, 0.07 seconds (0.06 work units)

    Nodes    |    Current Node    |     Objective Bounds      |     Work
 Expl Unexpl |  Obj  Depth IntInf | Incumbent    BestBd   Gap | It/Node Time

     0     0 -36150.505    0   24 -7250.0000 -36150.505   399%     -    0s
H    0     0                    -35903.00000 -36150.505  0.69%     -    0s
     0     0 -36150.505    0   23 -35903.000 -36150.505  0.69%     -    0s
     0     0 -36150.504    0   11 -35903.000 -36150.504  0.69%     -    0s
H    0     0                    -35919.00000 -36150.504  0.64%     -    0s
     0     0 -36150.502    0   17 -35919.000 -36150.502  0.64%     -    0s
     0     0 -36150.502    0   16 -35919.000 -36150.502  0.64%     -    0s
     0     0 -36150.502    0   31 -35919.000 -36150.502  0.64%     -    0s
     0     0 -36150.502    0   42 -35919.000 -36150.502  0.64%     -    0s
     0     0 -36150.501    0   29 -35919.000 -36150.501  0.64%     -    0s
     0     0 -36150.501    0   17 -35919.000 -36150.501  0.64%     -    0s
     0     2 -36150.501    0   17 -35919.000 -36150.501  0.64%     -    0s

Cutting planes:
  Gomory: 10
  Cover: 98
  Clique: 3
  MIR: 2
  StrongCG: 2
  RLT: 1

Explored 4029 nodes (87221 simplex iterations) in 1.46 seconds (1.69 work units)
Thread count was 4 (of 56 available processors)

Solution count 4: -35919 -35903 -7250 0 

Optimal solution found (tolerance 1.00e-04)
Best objective -3.591900000000e+04, best bound -3.592200000000e+04, gap 0.0084%
