
Gurobi 9.5.0 (linux64) logging started Sat Apr  2 03:56:12 2022

Set parameter LogFile to value "/local_workspace/chenrui/LogFiles/MKAP/MKAP_20_200_10_1_original_1h.log"
Gurobi Optimizer version 9.5.0 build v9.5.0rc5 (linux64)
Thread count: 56 physical cores, 56 logical processors, using up to 4 threads
Optimize a model with 420 rows, 4200 columns and 8400 nonzeros
Model fingerprint: 0xb56e5417
Variable types: 0 continuous, 4200 integer (4200 binary)
Coefficient statistics:
  Matrix range     [1e+00, 3e+03]
  Objective range  [3e+00, 1e+03]
  Bounds range     [1e+00, 1e+00]
  RHS range        [1e+00, 1e+00]
Found heuristic solution: objective 0.0000000
Presolve removed 20 rows and 20 columns
Presolve time: 0.02s
Presolved: 400 rows, 4180 columns, 8360 nonzeros
Variable types: 0 continuous, 4180 integer (4180 binary)
Found heuristic solution: objective -45208.00000

Root relaxation: objective -7.746518e+04, 1391 iterations, 0.02 seconds (0.02 work units)

    Nodes    |    Current Node    |     Objective Bounds      |     Work
 Expl Unexpl |  Obj  Depth IntInf | Incumbent    BestBd   Gap | It/Node Time

     0     0 -77465.185    0   42 -45208.000 -77465.185  71.4%     -    0s
H    0     0                    -74524.00000 -77465.185  3.95%     -    0s
H    0     0                    -75131.00000 -77465.185  3.11%     -    0s
H    0     0                    -75498.00000 -77465.185  2.61%     -    0s
     0     0 -77465.185    0  126 -75498.000 -77465.185  2.61%     -    0s
H    0     0                    -75735.00000 -77465.185  2.28%     -    0s
     0     0 -77465.185    0  120 -75735.000 -77465.185  2.28%     -    0s
     0     0 -77465.185    0   62 -75735.000 -77465.185  2.28%     -    0s
     0     0 -77465.185    0   56 -75735.000 -77465.185  2.28%     -    0s
     0     2 -77465.185    0   56 -75735.000 -77465.185  2.28%     -    0s
H   31    36                    -75859.00000 -77465.185  2.12%  46.7    1s
H   41    43                    -75894.00000 -77465.185  2.07%  43.0    1s
H 1142  1233                    -75934.00000 -77465.185  2.02%  11.4    1s
  3098  2471 -76318.186  173   27 -75934.000 -77465.185  2.02%  16.2    5s
H 3101  2360                    -75992.00099 -77465.185  1.94%  16.2    5s
H 7612  4866                    -76014.00000 -77465.185  1.91%  10.1    7s
H 7696  4824                    -76025.00000 -77465.185  1.89%  10.0    7s
H11987  7663                    -76074.00000 -77465.185  1.83%   9.0    8s
 21257 15994 -77029.939   87   31 -76074.000 -77465.185  1.83%   7.6   12s
 34336 25552 -76177.892  155   20 -76074.000 -77465.185  1.83%   6.5   15s
H36214 25941                    -76096.00028 -77465.185  1.80%   6.5   15s
H58998 41978                    -76144.00000 -77465.185  1.74%   5.8   19s
 60623 43019 -76321.936  136   28 -76144.000 -77465.185  1.74%   5.8   20s
 83141 60657 -76938.756   65   50 -76144.000 -77465.185  1.74%   5.7   25s
 106393 78226 -77465.185   51   52 -76144.000 -77465.185  1.74%   5.6   30s
H125015 82978                    -76226.00000 -77465.185  1.63%   5.5   33s
 135001 90287 -76235.898  118   25 -76226.000 -77465.185  1.63%   5.4   35s
 157738 107439 -77228.815   74   46 -76226.000 -77465.185  1.63%   5.6   40s
 177602 122484 -77057.928  158   27 -76226.000 -77465.185  1.63%   5.7   45s
 200589 140406 -76259.536   92   32 -76226.000 -77465.185  1.63%   5.9   50s
 226073 159784 -77032.840  123   28 -76226.000 -77465.185  1.63%   6.1   55s
 246252 174969 -76946.122   77   51 -76226.000 -77465.185  1.63%   6.2   60s
 269869 193413 -76585.244   68   77 -76226.000 -77465.185  1.63%   6.3   65s
H279918 169170                    -76354.00000 -77465.185  1.46%   6.3   67s
 292343 178407 -76699.506  167   22 -76354.000 -77465.185  1.46%   6.3   70s
 314276 194425 -76831.891  130   28 -76354.000 -77465.185  1.46%   6.4   75s
H314377 186789                    -76383.00000 -77465.185  1.42%   6.4   75s
 338773 205440     cutoff  177      -76383.000 -77465.185  1.42%   6.5   80s
 359673 220987 -76463.107  138   25 -76383.000 -77465.185  1.42%   6.5   85s
H372698 205891                    -76459.00006 -77465.185  1.32%   6.7   88s
 378436 210726 -76662.550   62   68 -76459.000 -77465.185  1.32%   6.7   90s
 400230 226742 -77101.336   87   48 -76459.000 -77465.185  1.32%   6.9   95s
 422420 243107 -76616.619   73   50 -76459.000 -77465.185  1.32%   7.0  100s
 441275 256206 -76640.070  123   28 -76459.000 -77465.185  1.32%   7.1  105s
 461529 270827 -77001.463   65   58 -76459.000 -77465.185  1.32%   7.1  110s
 484969 287819 -76859.613   94   38 -76459.000 -77465.185  1.32%   7.2  115s
 504158 301318 -77409.619   76   46 -76459.000 -77465.185  1.32%   7.3  120s
 527240 317900 -77249.898   84   51 -76459.000 -77465.185  1.32%   7.4  125s
H530207 318354                    -76463.00000 -77465.185  1.31%   7.4  126s
H537421 304322                    -76504.00000 -77465.185  1.26%   7.4  128s
 543912 309877 -77263.740   90   40 -76504.000 -77465.185  1.26%   7.4  130s
H545365 305225                    -76514.00000 -77465.185  1.24%   7.4  130s
 560196 316423 -76723.441  103   40 -76514.000 -77465.185  1.24%   7.4  135s
 580754 331242 -76892.711  120   28 -76514.000 -77465.185  1.24%   7.5  140s
 605784 349212 -77273.365   49   54 -76514.000 -77465.185  1.24%   7.5  145s
 624991 363190 -76875.985   68   52 -76514.000 -77465.185  1.24%   7.6  150s
 644406 377934 -77465.185   50   66 -76514.000 -77465.185  1.24%   7.6  155s
 666251 394114 -76588.337   79   36 -76514.000 -77465.185  1.24%   7.7  160s
 686981 409458 -77192.999   75   43 -76514.000 -77465.185  1.24%   7.7  165s
 701981 420701 -77025.193   83   32 -76514.000 -77465.185  1.24%   7.8  170s
 728442 440040 -76653.143  174   23 -76514.000 -77465.185  1.24%   7.8  175s
 749949 455514 -77352.268   69   48 -76514.000 -77465.185  1.24%   7.8  180s
 771532 471965 -76655.259   81   29 -76514.000 -77465.185  1.24%   7.8  185s
 793035 486946 -77356.642   63   59 -76514.000 -77465.185  1.24%   7.8  190s
 812277 500629     cutoff  102      -76514.000 -77465.185  1.24%   7.8  195s
 839058 519885 -77430.561   63   56 -76514.000 -77465.185  1.24%   7.8  200s
 860041 534574 -76715.862   84   30 -76514.000 -77465.185  1.24%   7.8  205s
 882811 549821     cutoff   99      -76514.000 -77465.185  1.24%   7.8  210s
 903336 564563 -77237.611   57   56 -76514.000 -77465.185  1.24%   7.8  215s
H922167 575168                    -76517.00000 -77465.185  1.24%   7.8  218s
 928334 580188 -76726.709   74   40 -76517.000 -77465.185  1.24%   7.8  220s
 947452 593904 -76594.595   57   53 -76517.000 -77465.185  1.24%   7.7  225s
 972278 611911 -76621.173   60   55 -76517.000 -77465.185  1.24%   7.7  230s
H996142 537037                    -76613.00000 -77465.185  1.11%   7.7  235s
 1013294 549852 -77363.882   50   69 -76613.000 -77465.185  1.11%   7.7  240s
 1038288 567843 -77374.964   57   50 -76613.000 -77465.185  1.11%   7.7  245s
 1060289 583343 -77299.633   79   30 -76613.000 -77465.185  1.11%   7.7  250s
 1083772 599660 -77336.397   64   52 -76613.000 -77465.185  1.11%   7.7  255s
 1106155 615391 -76886.649  100   28 -76613.000 -77465.185  1.11%   7.7  260s
 1127099 629368 -77407.501   60   56 -76613.000 -77465.185  1.11%   7.7  265s
 1147323 643658 -76949.884   71   30 -76613.000 -77465.185  1.11%   7.7  270s
 1170001 658316     cutoff   68      -76613.000 -77465.185  1.11%   7.7  275s
 1185138 668956 -76714.088   54   53 -76613.000 -77465.185  1.11%   7.7  280s
 1211478 687602 -77329.032   62   53 -76613.000 -77465.185  1.11%   7.7  285s
H1234044 593273                    -76708.00000 -77465.185  0.99%   7.6  289s
 1237402 595775     cutoff   83      -76708.000 -77465.185  0.99%   7.6  290s
 1256262 608710 -77364.221   62   38 -76708.000 -77465.185  0.99%   7.6  295s
 1275568 621940 -77154.799   91   30 -76708.000 -77465.185  0.99%   7.6  300s
 1301766 639294 -77433.233   42   79 -76708.000 -77465.185  0.99%   7.7  305s
 1320429 652133 -77427.130   48   68 -76708.000 -77465.185  0.99%   7.7  310s
 1341413 666058 -77200.648   80   47 -76708.000 -77465.185  0.99%   7.7  315s
 1358793 677803 -76798.668   73   38 -76708.000 -77465.185  0.99%   7.8  320s
 1370765 686035 -76914.208   53   66 -76708.000 -77465.185  0.99%   7.8  325s
H1379355 639725                    -76749.00000 -77465.185  0.93%   7.8  326s
 1393948 649411 -77169.911   91   31 -76749.000 -77465.185  0.93%   7.8  330s
 1414881 663630 -77041.409   75   41 -76749.000 -77465.185  0.93%   7.8  335s
 1433108 674938 -76812.234   96   29 -76749.000 -77465.185  0.93%   7.8  340s
 1455805 689964 -77217.688   80   46 -76749.000 -77465.185  0.93%   7.8  345s
H1456384 618268                    -76802.00000 -77465.185  0.86%   7.8  345s
 1471580 627934 -77046.445   57   54 -76802.000 -77465.185  0.86%   7.9  350s
 1492630 641820 -77111.192   73   32 -76802.000 -77465.185  0.86%   7.9  355s
 1514281 656011 -76928.918   71   43 -76802.000 -77465.185  0.86%   7.9  360s
 1530918 666824     cutoff   69      -76802.000 -77465.185  0.86%   7.9  365s
 1552363 681335 -77063.253   99   33 -76802.000 -77465.185  0.86%   7.9  370s
 1574560 695999 -77331.937   54   62 -76802.000 -77465.185  0.86%   7.9  375s
 1592352 708119 -77038.956  102   29 -76802.000 -77465.185  0.86%   8.0  380s
 1614850 722720 -77104.525   91   32 -76802.000 -77465.185  0.86%   8.0  385s
 1633852 734943 -76910.523   91   35 -76802.000 -77465.185  0.86%   8.0  390s
 1651315 745467 -77102.542   67   51 -76802.000 -77465.185  0.86%   8.1  395s
 1666740 756105 -76808.526   81   63 -76802.000 -77465.185  0.86%   8.1  400s
 1681638 766246 -77117.574   84   45 -76802.000 -77465.185  0.86%   8.2  405s
 1704884 781563 -77374.561   70   50 -76802.000 -77465.185  0.86%   8.2  410s
 1722265 793005 -77039.533   92   29 -76802.000 -77465.185  0.86%   8.2  415s
 1742996 805411 -77225.618   64   48 -76802.000 -77465.185  0.86%   8.3  420s
 1761529 817863     cutoff  100      -76802.000 -77465.185  0.86%   8.3  425s
 1777734 828653 -77356.396   66   61 -76802.000 -77465.185  0.86%   8.3  430s
 1802478 845017 -77400.623   80   54 -76802.000 -77465.185  0.86%   8.4  435s
 1820634 857022 -76837.704  152   27 -76802.000 -77465.185  0.86%   8.4  440s
 1839592 869563 -76950.589   81   50 -76802.000 -77465.185  0.86%   8.4  445s
 1862233 884366 -77091.578   74   35 -76802.000 -77465.185  0.86%   8.4  450s
 1872913 891348 -76954.702   87   52 -76802.000 -77465.185  0.86%   8.4  455s
 1896591 905646 -77077.732   87   60 -76802.000 -77465.185  0.86%   8.5  461s
 1914053 917197 -77154.189  100   38 -76802.000 -77465.185  0.86%   8.5  465s
 1936061 931738 -77335.049   63   57 -76802.000 -77465.185  0.86%   8.5  470s
 1957470 945953 -77046.167   90   29 -76802.000 -77465.185  0.86%   8.5  475s
 1970502 954436 -76949.834  135   27 -76802.000 -77465.185  0.86%   8.5  480s
 1998462 971459 -76806.708  109   29 -76802.000 -77465.185  0.86%   8.6  485s
 2019120 984627 -77207.496   74   65 -76802.000 -77465.185  0.86%   8.6  490s
 2041343 998900 -77360.664   68   55 -76802.000 -77465.185  0.86%   8.6  495s
 2060600 1011642 -77180.115   77   38 -76802.000 -77465.185  0.86%   8.6  500s
 2078979 1023274 infeasible  106      -76802.000 -77465.185  0.86%   8.6  505s
 2101545 1037572 -76975.821   73   48 -76802.000 -77465.185  0.86%   8.6  510s
 2115920 1047060 -77463.429   66   55 -76802.000 -77465.185  0.86%   8.6  515s
 2138005 1060090 -77366.869   50   63 -76802.000 -77465.185  0.86%   8.7  520s
 2154747 1070454 -76842.789   78   47 -76802.000 -77465.185  0.86%   8.7  525s
 2173507 1082462 -76949.186  106   33 -76802.000 -77465.185  0.86%   8.7  530s
 2192106 1094888 -77033.056   83   28 -76802.000 -77465.185  0.86%   8.7  535s
 2206934 1104722 -77465.185   75   64 -76802.000 -77465.185  0.86%   8.7  540s
 2234281 1121583 -77351.455   64   59 -76802.000 -77465.185  0.86%   8.7  545s
 2254201 1134284 -76883.415   74   74 -76802.000 -77465.185  0.86%   8.7  550s
 2270171 1144939 -77154.612   86   42 -76802.000 -77465.185  0.86%   8.7  555s
 2290524 1158286 -76921.455   97   52 -76802.000 -77465.185  0.86%   8.8  560s
 2306933 1169773 -77349.465   71   69 -76802.000 -77465.185  0.86%   8.8  565s
 2318951 1180889 -77396.993   62   65 -76802.000 -77465.185  0.86%   8.8  570s
 2343681 1194983 -77293.414   91   46 -76802.000 -77465.185  0.86%   8.8  575s
 2364578 1209346 -77361.003   60   58 -76802.000 -77465.185  0.86%   8.8  580s
 2384319 1221682 -76981.820   67   63 -76802.000 -77465.185  0.86%   8.8  585s
 2400267 1232299     cutoff   87      -76802.000 -77465.185  0.86%   8.9  590s
 2424204 1247399 -76981.353  100   47 -76802.000 -77465.185  0.86%   8.9  595s
 2442316 1259153 -77067.341  113   28 -76802.000 -77465.185  0.86%   8.9  600s
 2459541 1270807 -76958.627   81   46 -76802.000 -77465.185  0.86%   8.9  605s
 2478087 1283072 -77103.244  102   32 -76802.000 -77465.185  0.86%   8.9  610s
 2493347 1293539 -76881.669  102   28 -76802.000 -77465.185  0.86%   8.9  615s
 2514077 1307834 -76831.102  123   28 -76802.000 -77465.185  0.86%   9.0  620s
 2531735 1320423 -77438.642   79   66 -76802.000 -77465.185  0.86%   9.0  625s
H2538014 1124954                    -76876.00000 -77465.185  0.77%   9.0  626s
 2544857 1129805     cutoff   95      -76876.000 -77465.185  0.77%   9.0  630s
 2566254 1143927 -77465.185   57   54 -76876.000 -77465.185  0.77%   9.0  635s
 2581863 1154217 -77406.099   75   60 -76876.000 -77465.185  0.77%   9.0  640s
 2603437 1168308 -77441.696   73   44 -76876.000 -77465.185  0.77%   9.0  645s
 2629492 1184959 -77159.923   90   29 -76876.000 -77465.185  0.77%   9.0  650s
 2654377 1200285 -77164.558   79   48 -76876.000 -77465.185  0.77%   8.9  655s
 2677289 1214544 -77010.129  113   29 -76876.000 -77465.185  0.77%   8.9  660s
 2696337 1226337 -77465.185   42   75 -76876.000 -77465.185  0.77%   8.9  665s
 2715801 1239605 -77248.138   80   51 -76876.000 -77465.185  0.77%   8.9  670s
 2731021 1249299 -76973.661  115   29 -76876.000 -77465.185  0.77%   9.0  675s
 2749447 1260824 -76960.919   87   41 -76876.000 -77465.185  0.77%   9.0  680s
 2765932 1270431 -76990.410   94   30 -76876.000 -77465.185  0.77%   9.0  685s
 2783189 1281642 -77460.902   64   65 -76876.000 -77465.185  0.77%   9.0  690s
 2799674 1292473 -76943.398   68   53 -76876.000 -77465.185  0.77%   9.0  695s
 2816050 1304265 -77080.593   78   61 -76876.000 -77465.185  0.77%   9.1  700s
 2834760 1316619 -77465.185   60   68 -76876.000 -77465.185  0.77%   9.1  705s
 2858111 1331334     cutoff   94      -76876.000 -77465.185  0.77%   9.1  710s
 2872225 1339868 -76891.168   92   29 -76876.000 -77465.185  0.77%   9.1  715s
 2894199 1353815 -77465.185   28   70 -76876.000 -77465.185  0.77%   9.1  720s
 2911958 1366419 -77266.833   59   52 -76876.000 -77465.185  0.77%   9.1  725s
 2928890 1377551 -77357.358   74   59 -76876.000 -77465.185  0.77%   9.2  730s
 2948217 1390648 -77342.964   71   53 -76876.000 -77465.185  0.77%   9.2  735s
 2967553 1403425 -77230.110   62   58 -76876.000 -77465.185  0.77%   9.2  740s
 2986293 1414986 -77139.915  101   35 -76876.000 -77465.185  0.77%   9.2  745s
 3005771 1427450 -77002.627   81   55 -76876.000 -77465.185  0.77%   9.2  750s
 3026028 1439417 -77041.505  126   30 -76876.000 -77465.185  0.77%   9.2  755s
 3043803 1451496 -77083.020   85   48 -76876.000 -77465.185  0.77%   9.2  760s
 3062013 1463381 -77126.349   74   45 -76876.000 -77465.185  0.77%   9.2  765s
 3077081 1473117 -77087.752  108   38 -76876.000 -77465.185  0.77%   9.2  770s
 3098416 1485874 -77288.581   76   57 -76876.000 -77465.185  0.77%   9.3  776s
 3114728 1496026 -77144.548   71   54 -76876.000 -77465.185  0.77%   9.3  780s
 3130861 1505757 -76887.170  106   32 -76876.000 -77465.185  0.77%   9.3  785s
 3150029 1517908 -77144.281  116   30 -76876.000 -77465.185  0.77%   9.3  790s
 3170462 1530872 -77000.970   90   34 -76876.000 -77465.185  0.77%   9.3  795s
 3188141 1541894 -76919.946  100   37 -76876.000 -77465.185  0.77%   9.3  800s
 3207960 1554141 -77077.731   65   63 -76876.000 -77465.185  0.77%   9.3  805s
 3228256 1567207 -77407.349   71   61 -76876.000 -77465.185  0.77%   9.3  810s
 3245978 1578335 -76884.637   91   54 -76876.000 -77465.185  0.77%   9.3  815s
 3260232 1588139 -77420.171   57   67 -76876.000 -77465.185  0.77%   9.4  820s
 3280410 1601208 -77124.230   70   60 -76876.000 -77465.185  0.77%   9.4  825s
 3297236 1611548 -77465.185   51   64 -76876.000 -77465.185  0.77%   9.4  830s
 3311412 1620878 -77456.238   47   63 -76876.000 -77465.185  0.77%   9.4  835s
 3333853 1634368 -76935.216   78   51 -76876.000 -77465.185  0.77%   9.4  840s
 3354785 1647301 -77407.349   56   65 -76876.000 -77465.185  0.77%   9.4  845s
 3373697 1659243 -76909.466  112   29 -76876.000 -77465.185  0.77%   9.4  850s
 3393565 1671704 -77274.869   91   44 -76876.000 -77465.185  0.77%   9.4  855s
 3408258 1680747 -77152.672   69   67 -76876.000 -77465.185  0.77%   9.4  860s
 3432092 1694928 -77434.730   82   52 -76876.000 -77465.185  0.77%   9.4  865s
 3451249 1706243 -77251.457   91   29 -76876.000 -77465.185  0.77%   9.4  870s
 3471915 1718114 -77448.245   57   61 -76876.000 -77465.185  0.77%   9.4  875s
 3492567 1730536 -77103.135  109   28 -76876.000 -77465.185  0.77%   9.4  880s
 3513230 1742897 -77116.995   77   38 -76876.000 -77465.185  0.77%   9.4  885s
 3530969 1754019 -77396.897   64   55 -76876.000 -77465.185  0.77%   9.4  890s
 3553302 1768022 -76911.265  102   29 -76876.000 -77465.185  0.77%   9.4  895s
 3568139 1777366 -77257.840   51   58 -76876.000 -77465.185  0.77%   9.4  900s
 3588409 1789522 -76907.750   71   54 -76876.000 -77465.185  0.77%   9.4  905s
 3610300 1802567 -76898.232  101   31 -76876.000 -77465.185  0.77%   9.5  910s
 3628245 1814179 -76907.345  110   30 -76876.000 -77465.185  0.77%   9.5  915s
 3645495 1825370 -77084.798   70   46 -76876.000 -77465.185  0.77%   9.5  920s
 3662841 1837301 -77215.163   64   54 -76876.000 -77465.185  0.77%   9.5  925s
 3679711 1847961     cutoff   84      -76876.000 -77465.185  0.77%   9.5  930s
 3695279 1857646 -77245.729   91   28 -76876.000 -77465.185  0.77%   9.5  935s
 3716348 1871475 -77302.955   61   62 -76876.000 -77465.185  0.77%   9.5  940s
 3725378 1879284 -77058.382   57   50 -76876.000 -77465.185  0.77%   9.5  945s
 3748686 1891726 -77089.416   97   35 -76876.000 -77465.185  0.77%   9.5  950s
 3769417 1905046 -77007.165   66   60 -76876.000 -77465.185  0.77%   9.5  955s
 3781416 1912455 -77268.531   58   57 -76876.000 -77465.185  0.77%   9.5  960s
 3805742 1928211     cutoff   71      -76876.000 -77465.185  0.77%   9.5  965s
 3823982 1939778 -77407.349   76   62 -76876.000 -77465.185  0.77%   9.5  970s
 3839579 1949810 -77465.185   66   67 -76876.000 -77465.185  0.77%   9.5  975s
 3860568 1963028 -77173.781   89   46 -76876.000 -77465.185  0.77%   9.5  980s
 3877813 1974135     cutoff   82      -76876.000 -77465.185  0.77%   9.5  985s
 3898176 1987020 -77322.948   72   62 -76876.000 -77465.185  0.77%   9.5  990s
 3916545 1998235 -77368.043   64   68 -76876.000 -77465.185  0.77%   9.6  995s
 3935179 2010564     cutoff   91      -76876.000 -77465.185  0.77%   9.6 1000s
 3952558 2021730 -77234.128   83   58 -76876.000 -77465.185  0.77%   9.6 1005s
 3971193 2033744 -77040.008   81   39 -76876.000 -77465.185  0.77%   9.6 1010s
 3990763 2045825 -77286.697   79   46 -76876.000 -77465.185  0.77%   9.6 1015s
 4010833 2057693 -77139.488   75   46 -76876.000 -77465.185  0.77%   9.6 1020s
 4028674 2068769 -76927.920   68   51 -76876.000 -77465.185  0.77%   9.6 1025s
 4047760 2080751 -77265.167   67   51 -76876.000 -77465.185  0.77%   9.6 1030s
 4059716 2087643 -77135.953   89   42 -76876.000 -77465.185  0.77%   9.6 1035s
 4076734 2098883 -76890.570   99   32 -76876.000 -77465.185  0.77%   9.6 1040s
 4099409 2113221 -77288.585   72   41 -76876.000 -77465.185  0.77%   9.6 1045s
 4115277 2123485 -77153.225   58   59 -76876.000 -77465.185  0.77%   9.6 1050s
 4139949 2138823 -77292.028   74   48 -76876.000 -77465.185  0.77%   9.6 1055s
 4160808 2151530 -77216.363   59   58 -76876.000 -77465.185  0.77%   9.6 1060s
 4177931 2162838 -76911.621  109   28 -76876.000 -77465.185  0.77%   9.6 1065s
 4194603 2173612     cutoff   65      -76876.000 -77465.185  0.77%   9.6 1070s
 4214532 2186896 -77270.979   72   48 -76876.000 -77465.185  0.77%   9.6 1075s
 4230137 2197366 -77130.998   90   34 -76876.000 -77465.185  0.77%   9.6 1080s
 4247456 2208769 -77086.517   70   54 -76876.000 -77465.185  0.77%   9.6 1085s
 4262937 2218532 -76893.697   78   33 -76876.000 -77465.185  0.77%   9.6 1090s
 4284091 2232483 -77447.250   54   59 -76876.000 -77465.185  0.77%   9.7 1095s
 4301253 2242580 -77203.281   58   55 -76876.000 -77465.185  0.77%   9.7 1100s
 4319768 2255230 -77357.445   62   61 -76876.000 -77465.185  0.77%   9.7 1105s
 4337604 2266377 -77386.342   78   63 -76876.000 -77465.185  0.77%   9.7 1110s
 4356994 2279311 -77389.412   52   61 -76876.000 -77465.185  0.77%   9.7 1115s
 4371917 2289256 -77255.313   75   56 -76876.000 -77465.185  0.77%   9.7 1120s
 4394924 2303749 -77285.441   58   62 -76876.000 -77465.185  0.77%   9.7 1125s
 4410463 2313994 -77302.617   58   63 -76876.000 -77465.185  0.77%   9.7 1130s
 4424707 2323304 -77264.546   62   48 -76876.000 -77465.185  0.77%   9.7 1135s
 4447354 2338401 -77262.981   73   45 -76876.000 -77465.185  0.77%   9.7 1140s
 4465430 2350552 -76885.371   91   30 -76876.000 -77465.185  0.77%   9.7 1145s
 4484157 2362257 -76900.529   79   37 -76876.000 -77465.185  0.77%   9.7 1150s
 4501457 2373721 -77006.955   89   31 -76876.000 -77465.185  0.77%   9.7 1155s
 4515279 2382885 -76881.544   96   34 -76876.000 -77465.185  0.77%   9.7 1160s
 4536383 2396583 -77072.154   62   68 -76876.000 -77465.185  0.77%   9.8 1165s
 4555037 2408590     cutoff   68      -76876.000 -77465.185  0.77%   9.8 1170s
 4571751 2419731 -76902.661   63   60 -76876.000 -77465.185  0.77%   9.8 1175s
 4591278 2432567 -77176.919   90   34 -76876.000 -77465.185  0.77%   9.8 1180s
 4609880 2446277 -77150.917  102   32 -76876.000 -77465.185  0.77%   9.8 1185s
 4631860 2457833 -77465.185   59   69 -76876.000 -77465.185  0.77%   9.8 1190s
 4648128 2467897 -76957.483   78   57 -76876.000 -77465.185  0.77%   9.8 1195s
 4667109 2480183 -76927.475   90   29 -76876.000 -77465.185  0.77%   9.8 1200s
 4683880 2490783 -76956.113   94   34 -76876.000 -77465.185  0.77%   9.8 1205s
 4707226 2505145 -76963.102  103   36 -76876.000 -77465.185  0.77%   9.8 1210s
 4720128 2513046 -77308.813   69   61 -76876.000 -77465.185  0.77%   9.8 1215s
 4737116 2524447 -77400.903   80   62 -76876.000 -77465.185  0.77%   9.8 1220s
 4758665 2537635     cutoff   55      -76876.000 -77465.185  0.77%   9.8 1225s
 4778002 2548763 -77465.185   68   70 -76876.000 -77465.185  0.77%   9.8 1230s
 4794601 2559565 -76879.397  122   28 -76876.000 -77465.185  0.77%   9.8 1235s
 4813991 2573016 -77260.486   67   54 -76876.000 -77465.185  0.77%   9.8 1240s
 4829668 2583368 -77098.321   74   50 -76876.000 -77465.185  0.77%   9.8 1245s
 4852744 2598431 -77071.994   89   29 -76876.000 -77465.185  0.77%   9.8 1250s
 4868266 2608172 -77141.085   99   30 -76876.000 -77465.185  0.77%   9.8 1255s
 4886627 2620145     cutoff   83      -76876.000 -77465.185  0.77%   9.8 1260s
 4904522 2631866 -77105.930   94   41 -76876.000 -77465.185  0.77%   9.8 1265s
 4920803 2641633     cutoff   81      -76876.000 -77465.185  0.77%   9.8 1270s
 4941932 2654983 -77349.395   50   63 -76876.000 -77465.185  0.77%   9.9 1275s
 4962405 2667447 -77026.292   68   29 -76876.000 -77465.185  0.77%   9.9 1280s
 4979106 2677672 -76971.481   90   38 -76876.000 -77465.185  0.77%   9.9 1285s
 5000504 2690912 -77054.948   84   43 -76876.000 -77465.185  0.77%   9.9 1290s
 5017110 2701749 -77284.271   85   52 -76876.000 -77465.185  0.77%   9.9 1295s
 5035303 2712834 -77050.982   87   49 -76876.000 -77465.185  0.77%   9.9 1300s
 5049858 2721873 -77465.185   48   73 -76876.000 -77465.185  0.77%   9.9 1305s
 5071053 2735824 -77305.738   75   62 -76876.000 -77465.185  0.77%   9.9 1310s
 5089444 2747504     cutoff   58      -76876.000 -77465.185  0.77%   9.9 1315s
 5110904 2760856 -76889.715   58   47 -76876.000 -77465.185  0.77%   9.9 1320s
 5128717 2772575 -76944.631   97   31 -76876.000 -77465.185  0.77%   9.9 1325s
 5142514 2781984 -77025.667   87   50 -76876.000 -77465.185  0.77%   9.9 1330s
 5160026 2793955 -77163.237   86   42 -76876.000 -77465.185  0.77%   9.9 1335s
 5174647 2802782 -77465.185   56   70 -76876.000 -77465.185  0.77%   9.9 1340s
 5190609 2812866 -77331.029   77   59 -76876.000 -77465.185  0.77%   9.9 1345s
 5212100 2826478     cutoff   71      -76876.000 -77465.185  0.77%   9.9 1350s
 5237367 2842138 -77058.018  118   29 -76876.000 -77465.185  0.77%   9.9 1355s
 5256886 2854282 -76932.176   88   50 -76876.000 -77465.185  0.77%   9.9 1360s
 5272283 2863931 -76935.494  103   33 -76876.000 -77465.185  0.77%  10.0 1365s
 5290536 2875182 -76882.763  102   30 -76876.000 -77465.185  0.77%  10.0 1370s
 5308080 2886094 -77125.583   63   47 -76876.000 -77465.185  0.77%  10.0 1375s
 5326999 2897309 -77119.533   82   54 -76876.000 -77465.185  0.77%  10.0 1380s
 5344795 2909534 -77400.602   61   62 -76876.000 -77465.185  0.77%  10.0 1385s
 5363750 2921845 -76955.690   70   56 -76876.000 -77465.185  0.77%  10.0 1390s
 5379282 2932007 -77444.253   55   69 -76876.000 -77465.185  0.77%  10.0 1395s
 5395646 2942507 -77117.771   97   32 -76876.000 -77465.185  0.77%  10.0 1400s
 5412469 2953529 -77299.676   80   53 -76876.000 -77465.185  0.77%  10.0 1405s
 5434105 2966851 -76910.080   98   34 -76876.000 -77465.185  0.77%  10.0 1410s
 5445603 2974073 -77182.322   85   35 -76876.000 -77465.185  0.77%  10.0 1415s
H5459475 2609867                    -76934.00000 -77465.185  0.69%  10.0 1419s
 5461096 2611118 -77465.185   31   78 -76934.000 -77465.185  0.69%  10.0 1421s
 5465921 2614001 -77298.324   81   56 -76934.000 -77465.185  0.69%  10.0 1426s
 5466213 2614154 -77453.106   55   96 -76934.000 -77465.178  0.69%  10.0 1430s
 5467323 2614843 -77160.211  101   70 -76934.000 -77465.086  0.69%  10.0 1435s
 5471841 2617545 -77194.538  246   61 -76934.000 -77465.086  0.69%  10.0 1440s
 5476706 2621122 -77318.221  122  107 -76934.000 -77465.086  0.69%  10.0 1445s
 5497653 2626628 -77088.339  153   62 -76934.000 -77465.086  0.69%  10.0 1450s
 5521723 2633251 -77164.815  199   53 -76934.000 -77464.994  0.69%  10.0 1455s
 5539416 2638815 -77098.867  158   76 -76934.000 -77464.994  0.69%  10.0 1460s
 5556009 2644344 -77102.947  156   74 -76934.000 -77464.994  0.69%  10.1 1465s
 5573617 2649596 -77038.912  139   72 -76934.000 -77464.994  0.69%  10.1 1471s
 5584635 2653308 -77024.695  151   64 -76934.000 -77464.994  0.69%  10.1 1475s
 5604376 2659216 -76998.069  155   79 -76934.000 -77464.915  0.69%  10.1 1480s
 5620182 2664549 -76976.199  193   43 -76934.000 -77464.915  0.69%  10.1 1485s
 5642239 2670366 -77445.669  163   70 -76934.000 -77464.915  0.69%  10.1 1490s
 5657842 2674459     cutoff  171      -76934.000 -77464.915  0.69%  10.1 1495s
 5683557 2680576 -76964.058  187   46 -76934.000 -77464.915  0.69%  10.1 1500s
 5697982 2683644 -76944.366  178   56 -76934.000 -77464.915  0.69%  10.1 1505s
 5722602 2688215 -77416.965  162   62 -76934.000 -77464.915  0.69%  10.1 1510s
 5747714 2693220 -77464.915  176   63 -76934.000 -77464.915  0.69%  10.1 1515s
 5766931 2697773 -76953.051  210   32 -76934.000 -77464.915  0.69%  10.1 1520s
 5785970 2702232 -77464.915  162   70 -76934.000 -77464.915  0.69%  10.1 1525s
 5804297 2705989     cutoff  189      -76934.000 -77464.915  0.69%  10.1 1530s
 5825415 2711581 -76938.247  180   46 -76934.000 -77464.915  0.69%  10.1 1535s
 5846035 2715927 -77080.694  185   42 -76934.000 -77464.915  0.69%  10.1 1540s
 5863546 2719909 -77060.022  174   48 -76934.000 -77464.915  0.69%  10.1 1545s
 5886307 2723658 -77368.902  190   52 -76934.000 -77464.915  0.69%  10.1 1550s
 5902106 2727091 -77274.857  190   39 -76934.000 -77464.915  0.69%  10.1 1555s
 5925128 2731633 -77145.246  183   52 -76934.000 -77464.915  0.69%  10.1 1560s
 5945088 2735632 -77150.196  204   33 -76934.000 -77464.915  0.69%  10.1 1566s
 5961958 2739139 -77086.302  224   34 -76934.000 -77464.915  0.69%  10.1 1570s
 5984907 2743837     cutoff  207      -76934.000 -77464.915  0.69%  10.1 1576s
 5999324 2746949     cutoff  195      -76934.000 -77464.915  0.69%  10.1 1580s
 6016906 2751462 -77227.575  186   51 -76934.000 -77464.915  0.69%  10.1 1585s
 6035834 2755677     cutoff  208      -76934.000 -77464.915  0.69%  10.1 1590s
 6049107 2758474 -77142.828  196   44 -76934.000 -77464.915  0.69%  10.1 1595s
 6067248 2762884 -76940.854  218   30 -76934.000 -77464.915  0.69%  10.1 1600s
 6090726 2767415 -76991.878  189   44 -76934.000 -77464.915  0.69%  10.1 1605s
 6112166 2771246 -77276.765  179   65 -76934.000 -77464.915  0.69%  10.1 1610s
 6136731 2776117 -76941.317  185   40 -76934.000 -77464.915  0.69%  10.1 1615s
 6152198 2778982 -77464.915  167   70 -76934.000 -77464.915  0.69%  10.1 1620s
 6174700 2782863 -77175.526  166   66 -76934.000 -77464.915  0.69%  10.1 1625s
 6193511 2786814 -77185.426  198   42 -76934.000 -77464.915  0.69%  10.1 1630s
 6213815 2790400 -77013.115  174   52 -76934.000 -77464.915  0.69%  10.1 1635s
 6230034 2793697 -77352.122  177   41 -76934.000 -77464.915  0.69%  10.1 1640s
 6242987 2796059 -77198.612  203   47 -76934.000 -77464.915  0.69%  10.1 1645s
 6267908 2800813 -77092.342  177   53 -76934.000 -77464.915  0.69%  10.1 1650s
 6282119 2804189 -77276.873  195   37 -76934.000 -77464.915  0.69%  10.1 1655s
 6301273 2806673 -77152.778  207   39 -76934.000 -77464.915  0.69%  10.1 1660s
 6324034 2811668 -77306.417  171   52 -76934.000 -77464.915  0.69%  10.1 1665s
 6344500 2815790 -77005.676  213   29 -76934.000 -77464.915  0.69%  10.1 1670s
 6367253 2819991 -77216.797  190   39 -76934.000 -77464.915  0.69%  10.1 1675s
 6386337 2823053 -77371.779  177   57 -76934.000 -77464.915  0.69%  10.1 1680s
 6403950 2826304 -77099.115  198   38 -76934.000 -77464.915  0.69%  10.1 1685s
 6424076 2829979 -77360.664  173   71 -76934.000 -77464.915  0.69%  10.1 1690s
 6442562 2833393 -77186.789  203   30 -76934.000 -77464.915  0.69%  10.1 1695s
 6460445 2836868 -77093.442  206   32 -76934.000 -77464.915  0.69%  10.1 1700s
 6484181 2840829 -77464.915  173   83 -76934.000 -77464.915  0.69%  10.1 1705s
 6501290 2843554 -77203.167  198   43 -76934.000 -77464.915  0.69%  10.1 1711s
 6516109 2846417 -77236.199  191   43 -76934.000 -77464.915  0.69%  10.1 1715s
 6537474 2849942 -77059.906  187   37 -76934.000 -77464.915  0.69%  10.1 1720s
 6560701 2853610 -77390.510  173   58 -76934.000 -77464.915  0.69%  10.1 1725s
 6581745 2856968 -77083.910  174   57 -76934.000 -77464.915  0.69%  10.1 1730s
 6599905 2860292 -77331.835  194   51 -76934.000 -77464.915  0.69%  10.1 1735s
 6618120 2863591 -77206.717  199   32 -76934.000 -77464.915  0.69%  10.2 1740s
 6638803 2867779 -77153.535  181   50 -76934.000 -77464.915  0.69%  10.2 1745s
 6653896 2870804 -77371.149  166   56 -76934.000 -77464.915  0.69%  10.2 1750s
 6674703 2875696 -77078.584  213   41 -76934.000 -77464.915  0.69%  10.2 1755s
 6690346 2878791 -77212.746  203   39 -76934.000 -77464.915  0.69%  10.2 1760s
 6713247 2883123 -77359.831  185   51 -76934.000 -77464.915  0.69%  10.2 1765s
 6735852 2887164 -77020.944  184   52 -76934.000 -77464.915  0.69%  10.2 1770s
 6751765 2889906 -77043.765  205   38 -76934.000 -77464.915  0.69%  10.2 1775s
 6777897 2894183     cutoff  209      -76934.000 -77464.915  0.69%  10.2 1780s
 6793166 2896700 -76957.230  208   30 -76934.000 -77464.915  0.69%  10.2 1785s
 6817636 2900145 -77398.343  173   60 -76934.000 -77464.915  0.69%  10.2 1790s
 6833628 2902766 -77062.385  176   55 -76934.000 -77464.915  0.69%  10.2 1795s
 6852451 2905320 -77360.210  168   59 -76934.000 -77464.915  0.69%  10.2 1800s
 6872937 2907852 -77076.057  180   51 -76934.000 -77464.915  0.69%  10.2 1805s
 6881888 2909063     cutoff  202      -76934.000 -77464.915  0.69%  10.2 1810s
 6902673 2911355     cutoff  212      -76934.000 -77464.915  0.69%  10.2 1815s
 6923122 2914776 -76947.523  215   31 -76934.000 -77464.915  0.69%  10.2 1820s
 6939209 2917929     cutoff  182      -76934.000 -77464.915  0.69%  10.2 1825s
 6961984 2921846 -77032.338  184   53 -76934.000 -77464.915  0.69%  10.2 1830s
 6979206 2925695 -77010.282  191   35 -76934.000 -77464.915  0.69%  10.2 1835s
 6998332 2928859 -77301.961  189   43 -76934.000 -77464.915  0.69%  10.2 1840s
 7013531 2931000 -77345.280  188   52 -76934.000 -77464.915  0.69%  10.2 1845s
H7029380 2800538                    -76935.00000 -77464.915  0.69%  10.2 1848s
 7036555 2801946 -76989.691  214   29 -76935.000 -77464.915  0.69%  10.2 1850s
 7055186 2805123 -77411.276  171   52 -76935.000 -77464.915  0.69%  10.2 1855s
 7068264 2806843     cutoff  206      -76935.000 -77464.915  0.69%  10.2 1860s
 7093439 2810006     cutoff  188      -76935.000 -77464.915  0.69%  10.2 1865s
 7109807 2812274 -77196.781  187   59 -76935.000 -77464.915  0.69%  10.2 1870s
 7129611 2815506     cutoff  195      -76935.000 -77464.915  0.69%  10.2 1875s
 7148940 2818222 -77013.795  191   36 -76935.000 -77464.915  0.69%  10.2 1880s
 7169947 2822407 -77001.852  193   38 -76935.000 -77464.915  0.69%  10.2 1885s
 7184809 2825274 -77194.300  196   52 -76935.000 -77464.915  0.69%  10.2 1890s
 7206829 2829212 -77345.692  175   68 -76935.000 -77464.915  0.69%  10.2 1895s
 7227488 2833365 -77060.274  200   38 -76935.000 -77464.915  0.69%  10.3 1900s
 7245360 2837015 -77212.693  202   37 -76935.000 -77464.915  0.69%  10.3 1905s
 7264660 2839564     cutoff  170      -76935.000 -77464.915  0.69%  10.3 1910s
 7285768 2842755 -76998.539  221   28 -76935.000 -77464.915  0.69%  10.3 1915s
 7305324 2845279 -77018.322  204   37 -76935.000 -77464.915  0.69%  10.3 1920s
 7318512 2847819 -77224.751  192   50 -76935.000 -77464.915  0.69%  10.3 1925s
 7341782 2851350 -77392.187  180   60 -76935.000 -77464.915  0.69%  10.3 1930s
 7358584 2853584 -77088.991  198   33 -76935.000 -77464.915  0.69%  10.3 1935s
 7381301 2857320     cutoff  199      -76935.000 -77464.915  0.69%  10.3 1940s
 7399463 2859807 -77122.720  190   51 -76935.000 -77464.915  0.69%  10.3 1945s
 7417852 2862907 -76981.651  189   57 -76935.000 -77464.915  0.69%  10.3 1950s
 7434816 2866026 -76998.896  195   37 -76935.000 -77464.915  0.69%  10.3 1955s
 7453020 2868510     cutoff  195      -76935.000 -77464.915  0.69%  10.3 1960s
 7467641 2871045 -77243.484  179   58 -76935.000 -77464.915  0.69%  10.3 1965s
 7492378 2875278 -77033.879  211   31 -76935.000 -77464.915  0.69%  10.3 1970s
 7508286 2877949 -77055.568  181   49 -76935.000 -77464.915  0.69%  10.3 1975s
 7528452 2883483 -77263.764  206   32 -76935.000 -77464.915  0.69%  10.3 1980s
 7548784 2884892 -77270.285  192   40 -76935.000 -77464.915  0.69%  10.3 1985s
 7565542 2887589 -77264.064  181   55 -76935.000 -77464.915  0.69%  10.3 1990s
 7580348 2890020 -77092.241  207   30 -76935.000 -77464.915  0.69%  10.3 1995s
 7602659 2892793 -77294.305  196   63 -76935.000 -77464.915  0.69%  10.3 2000s
 7624714 2895739 -77026.505  179   53 -76935.000 -77464.915  0.69%  10.3 2005s
 7639620 2898392 -77264.118  185   48 -76935.000 -77464.915  0.69%  10.3 2010s
 7662132 2902497 -76979.478  206   38 -76935.000 -77464.915  0.69%  10.4 2015s
 7672911 2904349 -77324.653  186   56 -76935.000 -77464.915  0.69%  10.4 2020s
 7691184 2907034 -77294.589  183   49 -76935.000 -77464.915  0.69%  10.4 2025s
 7709409 2910503 -76952.447  184   39 -76935.000 -77464.915  0.69%  10.4 2030s
 7728223 2913190     cutoff  193      -76935.000 -77464.915  0.69%  10.4 2035s
 7742360 2915325 -77026.232  176   42 -76935.000 -77464.915  0.69%  10.4 2040s
 7767653 2918933 -76940.356  211   32 -76935.000 -77464.915  0.69%  10.4 2045s
 7784881 2921320 -76985.671  182   42 -76935.000 -77464.915  0.69%  10.4 2050s
 7803627 2923704 -77071.595  198   35 -76935.000 -77464.915  0.69%  10.4 2055s
 7825653 2926607 -77158.454  192   43 -76935.000 -77464.915  0.69%  10.4 2060s
 7838862 2928511 -77232.802  192   36 -76935.000 -77464.915  0.69%  10.4 2065s
 7863843 2931347 -77233.835  186   51 -76935.000 -77464.915  0.69%  10.4 2070s
 7878995 2933245 -77249.707  194   40 -76935.000 -77464.915  0.69%  10.4 2075s
 7898936 2936422 -77125.821  198   32 -76935.000 -77464.915  0.69%  10.4 2080s
 7917719 2939215 -77062.725  181   52 -76935.000 -77464.915  0.69%  10.4 2085s
 7939125 2941776     cutoff  182      -76935.000 -77464.915  0.69%  10.4 2090s
 7957084 2944456 -77161.058  193   34 -76935.000 -77464.915  0.69%  10.4 2095s
 7976779 2946234 -76979.361  178   46 -76935.000 -77464.915  0.69%  10.4 2100s
 7997939 2949268 -77459.578  169   53 -76935.000 -77464.915  0.69%  10.4 2105s
 8018475 2952178 -77037.854  191   33 -76935.000 -77464.915  0.69%  10.4 2110s
 8034337 2953964 -77336.036  186   46 -76935.000 -77464.915  0.69%  10.4 2115s
 8052708 2956472 -77308.808  188   48 -76935.000 -77464.915  0.69%  10.4 2120s
 8075577 2958911 -77127.118  199   38 -76935.000 -77464.915  0.69%  10.4 2125s
 8095832 2961486 -76987.108  206   30 -76935.000 -77464.915  0.69%  10.4 2130s
 8112729 2963589 -77180.465  193   37 -76935.000 -77464.915  0.69%  10.4 2135s
 8129809 2965578 -76995.549  187   39 -76935.000 -77464.915  0.69%  10.4 2140s
 8148663 2967890 -77258.761  207   34 -76935.000 -77464.915  0.69%  10.4 2145s
 8170537 2970875 -77149.017  203   34 -76935.000 -77464.915  0.69%  10.4 2150s
 8190640 2975376 -77171.201  208   40 -76935.000 -77464.915  0.69%  10.4 2155s
 8209659 2976259 -77274.385  161   66 -76935.000 -77464.915  0.69%  10.4 2160s
 8226093 2978110 -77309.333  180   56 -76935.000 -77464.915  0.69%  10.4 2165s
 8245826 2980354 -76971.167  206   28 -76935.000 -77464.915  0.69%  10.4 2170s
 8264975 2983044 -77287.851  200   42 -76935.000 -77464.915  0.69%  10.4 2175s
 8282541 2984578 -77041.400  185   51 -76935.000 -77464.915  0.69%  10.4 2180s
 8302222 2987329 -76992.107  194   44 -76935.000 -77464.915  0.69%  10.5 2185s
 8318789 2989358 -76955.840  197   34 -76935.000 -77464.915  0.69%  10.5 2190s
 8333852 2991067 -77139.863  199   39 -76935.000 -77464.915  0.69%  10.5 2195s
 8357682 2993561 -77108.466  202   40 -76935.000 -77464.915  0.69%  10.5 2200s
 8377072 2995904 -77308.986  189   52 -76935.000 -77464.915  0.69%  10.5 2205s
 8396775 2998510 -77261.603  191   40 -76935.000 -77464.915  0.69%  10.5 2210s
 8414865 3000638 -77292.333  202   43 -76935.000 -77464.915  0.69%  10.5 2215s
 8426124 3002303 -77295.955  200   44 -76935.000 -77464.915  0.69%  10.5 2220s
 8443469 3005014 -77196.400  190   48 -76935.000 -77464.915  0.69%  10.5 2225s
 8460060 3006700 -76951.571  191   44 -76935.000 -77464.915  0.69%  10.5 2230s
 8483965 3008534 -77186.527  212   32 -76935.000 -77464.915  0.69%  10.5 2235s
 8501518 3009918 -77030.123  205   36 -76935.000 -77464.915  0.69%  10.5 2240s
 8521971 3011567 -77010.514  190   44 -76935.000 -77464.915  0.69%  10.5 2245s
 8539252 3014558 -77032.018  185   50 -76935.000 -77464.915  0.69%  10.5 2250s
 8558009 3015938     cutoff  184      -76935.000 -77464.915  0.69%  10.5 2255s
 8579203 3018238     cutoff  206      -76935.000 -77464.915  0.69%  10.5 2260s
 8596943 3020445 -77037.129  192   51 -76935.000 -77464.915  0.69%  10.5 2265s
 8617303 3022747     cutoff  195      -76935.000 -77464.915  0.69%  10.5 2270s
 8628308 3024193 -77248.209  205   34 -76935.000 -77464.915  0.69%  10.5 2275s
 8650861 3026726 -77410.201  178   52 -76935.000 -77464.915  0.69%  10.5 2280s
 8673083 3029532 -77129.087  187   42 -76935.000 -77464.915  0.69%  10.5 2285s
 8694762 3032356 -77018.008  199   35 -76935.000 -77464.915  0.69%  10.5 2290s
 8711399 3034728 -76982.482  216   30 -76935.000 -77464.915  0.69%  10.5 2295s
 8730507 3037405 -77016.706  216   27 -76935.000 -77464.915  0.69%  10.5 2300s
 8750966 3039529 -76948.798  202   35 -76935.000 -77464.915  0.69%  10.5 2305s
 8772433 3042223 -77257.790  195   38 -76935.000 -77464.915  0.69%  10.5 2310s
 8789893 3044213 -76997.713  214   34 -76935.000 -77464.915  0.69%  10.6 2315s
 8811036 3046721 -77291.100  194   44 -76935.000 -77464.915  0.69%  10.6 2320s
 8829629 3049219 -77017.847  206   35 -76935.000 -77464.915  0.69%  10.6 2325s
 8849628 3051444 -77352.331  188   54 -76935.000 -77464.915  0.69%  10.6 2330s
 8865176 3053324 -77350.293  194   48 -76935.000 -77464.915  0.69%  10.6 2335s
 8887905 3055580 -77234.359  198   50 -76935.000 -77464.915  0.69%  10.6 2341s
 8906554 3057735 -77121.948  210   35 -76935.000 -77464.915  0.69%  10.6 2345s
 8922717 3059450 -77219.198  198   39 -76935.000 -77464.915  0.69%  10.6 2350s
 8940186 3061565 -76968.171  204   36 -76935.000 -77464.915  0.69%  10.6 2355s
 8960403 3063960     cutoff  212      -76935.000 -77464.915  0.69%  10.6 2360s
 8981883 3066714 -77392.311  199   45 -76935.000 -77464.915  0.69%  10.6 2365s
 9002942 3069768     cutoff  196      -76935.000 -77464.915  0.69%  10.6 2370s
 9014678 3071654 -77126.503  194   37 -76935.000 -77464.915  0.69%  10.6 2375s
 9035974 3074722 -77260.476  209   35 -76935.000 -77464.915  0.69%  10.6 2380s
 9055207 3077306 -76936.295  229   25 -76935.000 -77464.915  0.69%  10.6 2385s
 9075308 3080499     cutoff  211      -76935.000 -77464.915  0.69%  10.6 2390s
 9092414 3082753 -77220.383  198   45 -76935.000 -77464.915  0.69%  10.6 2395s
 9108911 3085148 -77195.130  195   44 -76935.000 -77464.915  0.69%  10.6 2400s
 9130166 3087710     cutoff  196      -76935.000 -77464.915  0.69%  10.6 2405s
 9149122 3090095 -77311.571  188   44 -76935.000 -77464.915  0.69%  10.6 2410s
 9170869 3094573 -77101.008  209   31 -76935.000 -77464.915  0.69%  10.6 2415s
 9193559 3095620 -77365.576  192   62 -76935.000 -77464.915  0.69%  10.6 2420s
 9212005 3098213 -77195.085  203   35 -76935.000 -77464.915  0.69%  10.6 2425s
 9231051 3100796 -77423.789  191   47 -76935.000 -77464.915  0.69%  10.6 2430s
 9249576 3103088 -76964.259  209   31 -76935.000 -77464.915  0.69%  10.6 2435s
 9272010 3105056 -77330.363  192   43 -76935.000 -77464.915  0.69%  10.6 2440s
 9292289 3107408 -77125.317  197   31 -76935.000 -77464.915  0.69%  10.6 2445s
 9312304 3109273 -77109.062  196   41 -76935.000 -77464.915  0.69%  10.5 2450s
 9332029 3111890 -77314.140  195   43 -76935.000 -77464.915  0.69%  10.5 2455s
 9351588 3113819 -77431.147  198   54 -76935.000 -77464.915  0.69%  10.5 2460s
 9370293 3115712 -76954.905  213   28 -76935.000 -77464.915  0.69%  10.5 2465s
 9394043 3118737 -77250.825  191   40 -76935.000 -77464.915  0.69%  10.5 2470s
 9416254 3121505 -77464.915  182   56 -76935.000 -77464.915  0.69%  10.5 2475s
 9437114 3123910 -76970.072  199   27 -76935.000 -77464.915  0.69%  10.5 2480s
 9451214 3126228 -77381.619  187   48 -76935.000 -77464.915  0.69%  10.5 2485s
 9474698 3129540 -77004.287  190   34 -76935.000 -77464.915  0.69%  10.5 2490s
 9491138 3132234 -77055.630  210   31 -76935.000 -77464.915  0.69%  10.5 2495s
 9513292 3135875 -76948.282  200   34 -76935.000 -77464.915  0.69%  10.5 2500s
 9531742 3138806 -77282.486  190   76 -76935.000 -77464.915  0.69%  10.5 2505s
 9550011 3141321 -77083.496  211   35 -76935.000 -77464.915  0.69%  10.5 2510s
 9569053 3144489 -77147.141  213   34 -76935.000 -77464.915  0.69%  10.6 2515s
 9585550 3147068 -77464.915  189   58 -76935.000 -77464.915  0.69%  10.6 2520s
 9603499 3149879 -76976.777  225   29 -76935.000 -77464.915  0.69%  10.6 2525s
 9624013 3154011 -77359.971  178   60 -76935.000 -77464.915  0.69%  10.5 2530s
 9639897 3154398 -77312.472  196   45 -76935.000 -77464.915  0.69%  10.5 2535s
 9658019 3156512 -77304.754  206   35 -76935.000 -77464.915  0.69%  10.5 2540s
 9679596 3158980 -77348.743  195   51 -76935.000 -77464.915  0.69%  10.5 2545s
 9700020 3161338     cutoff  211      -76935.000 -77464.915  0.69%  10.5 2550s
 9719008 3163916 -77098.451  199   39 -76935.000 -77464.915  0.69%  10.5 2555s
 9737799 3166386 -77138.849  212   31 -76935.000 -77464.915  0.69%  10.5 2560s
 9760705 3169369 -77401.747  198   49 -76935.000 -77464.915  0.69%  10.5 2565s
 9779657 3172076 -77297.094  197   45 -76935.000 -77464.915  0.69%  10.5 2570s
 9799173 3175035 -77019.377  205   28 -76935.000 -77464.915  0.69%  10.5 2575s
 9816672 3177406 -76943.529  234   27 -76935.000 -77464.915  0.69%  10.5 2580s
 9836995 3180187 -77222.175  184   45 -76935.000 -77464.915  0.69%  10.5 2585s
 9856574 3183037 -77444.770  180   52 -76935.000 -77464.915  0.69%  10.5 2590s
 9876085 3185666 -76994.948  191   33 -76935.000 -77464.915  0.69%  10.5 2595s
 9892937 3187931 -77067.636  208   33 -76935.000 -77464.915  0.69%  10.5 2600s
 9912371 3190880 -77232.218  172   66 -76935.000 -77464.915  0.69%  10.5 2605s
 9926288 3193209 -77208.934  198   35 -76935.000 -77464.915  0.69%  10.5 2610s
 9949905 3197034 -76960.417  199   45 -76935.000 -77464.915  0.69%  10.5 2615s
 9966813 3199552 -76964.458  203   35 -76935.000 -77464.915  0.69%  10.5 2620s
 9982221 3201491 -76947.043  201   31 -76935.000 -77464.915  0.69%  10.5 2625s
 10005287 3203839 -77281.235  193   50 -76935.000 -77464.915  0.69%  10.5 2630s
 10018530 3205648 -77370.345  188   49 -76935.000 -77464.915  0.69%  10.5 2635s
 10043280 3208619 -77371.493  189   61 -76935.000 -77464.915  0.69%  10.5 2640s
 10063564 3211255 -77347.151  190   44 -76935.000 -77464.915  0.69%  10.5 2645s
 10083582 3213408 -77041.229  206   33 -76935.000 -77464.915  0.69%  10.5 2650s
 10106387 3215362 -77173.846  197   49 -76935.000 -77464.915  0.69%  10.5 2655s
 10126863 3217778 -76981.799  200   30 -76935.000 -77464.915  0.69%  10.5 2660s
 10142141 3221479 -76944.702  205   29 -76935.000 -77464.915  0.69%  10.5 2665s
 10161781 3222235     cutoff  200      -76935.000 -77464.915  0.69%  10.5 2670s
 10182216 3224963 -77451.040  185   57 -76935.000 -77464.915  0.69%  10.5 2675s
 10199736 3227563 -77135.550  208   38 -76935.000 -77464.915  0.69%  10.5 2680s
 10220771 3230289 -77388.991  191   54 -76935.000 -77464.915  0.69%  10.5 2685s
 10239629 3232672 -77225.766  179   49 -76935.000 -77464.915  0.69%  10.5 2690s
 10259957 3235158 -77241.658  207   41 -76935.000 -77464.915  0.69%  10.5 2696s
 10275555 3237587 -77408.971  188   55 -76935.000 -77464.915  0.69%  10.5 2700s
 10301195 3240948 -77464.915  185   57 -76935.000 -77464.915  0.69%  10.5 2705s
 10317706 3242963 -77161.414  201   35 -76935.000 -77464.915  0.69%  10.5 2710s
 10332259 3246321 -77062.692  201   38 -76935.000 -77464.915  0.69%  10.5 2715s
 10352278 3247552 -77351.884  194   65 -76935.000 -77464.915  0.69%  10.5 2720s
 10371625 3249836 -77279.069  200   38 -76935.000 -77464.915  0.69%  10.5 2725s
 10387879 3252081 -77174.970  197   37 -76935.000 -77464.915  0.69%  10.5 2730s
 10409163 3255233     cutoff  211      -76935.000 -77464.915  0.69%  10.5 2735s
 10429367 3257684     cutoff  188      -76935.000 -77464.915  0.69%  10.5 2740s
 10446392 3259706 -77087.699  198   40 -76935.000 -77464.915  0.69%  10.5 2745s
 10467266 3262715 -77107.283  211   31 -76935.000 -77464.915  0.69%  10.5 2750s
 10486433 3265483 -77442.770  180   66 -76935.000 -77464.915  0.69%  10.5 2755s
 10506278 3268003 -76938.077  214   29 -76935.000 -77464.915  0.69%  10.5 2760s
 10522701 3270072 -77089.548  194   43 -76935.000 -77464.915  0.69%  10.5 2765s
 10541581 3271526     cutoff  186      -76935.000 -77464.915  0.69%  10.5 2770s
 10560645 3273896 -76955.428  206   32 -76935.000 -77464.915  0.69%  10.5 2775s
 10582106 3276058 -77345.613  184   51 -76935.000 -77464.915  0.69%  10.5 2780s
 10602106 3278296 -76976.026  204   30 -76935.000 -77464.915  0.69%  10.5 2785s
 10623156 3280780 infeasible  207      -76935.000 -77464.915  0.69%  10.5 2790s
 10640832 3282205 -77001.684  190   41 -76935.000 -77464.915  0.69%  10.5 2796s
 10656301 3284632 -77418.392  192   49 -76935.000 -77464.915  0.69%  10.5 2800s
 10678551 3288470 -77165.230  200   37 -76935.000 -77464.915  0.69%  10.5 2805s
 10695169 3289529 -76972.346  202   27 -76935.000 -77464.915  0.69%  10.6 2810s
 10714699 3291677 -77203.476  187   51 -76935.000 -77464.915  0.69%  10.6 2816s
 10730412 3293402     cutoff  194      -76935.000 -77464.915  0.69%  10.6 2820s
 10752842 3295720 -77088.526  175   55 -76935.000 -77464.915  0.69%  10.6 2825s
 10770743 3297375 -77357.804  178   57 -76935.000 -77464.915  0.69%  10.6 2830s
 10790594 3300445 -77306.473  190   49 -76935.000 -77464.915  0.69%  10.6 2835s
 10807572 3302453 -77257.427  185   55 -76935.000 -77464.915  0.69%  10.6 2840s
 10828220 3305190 -77048.559  177   55 -76935.000 -77464.915  0.69%  10.6 2845s
 10845971 3306935 -76973.086  182   46 -76935.000 -77464.915  0.69%  10.6 2851s
 10861626 3309798 -77033.869  208   54 -76935.000 -77464.915  0.69%  10.6 2855s
 10881805 3314107 -77246.530  182   52 -76935.000 -77464.915  0.69%  10.6 2860s
 10900283 3317736 -77360.210  143   65 -76935.000 -77464.915  0.69%  10.6 2865s
 10920086 3321004 infeasible  205      -76935.000 -77464.915  0.69%  10.6 2870s
 10935500 3324369 -77190.850  183   56 -76935.000 -77464.915  0.69%  10.6 2875s
 10951853 3327418 -76964.879  208   31 -76935.000 -77464.915  0.69%  10.6 2880s
 10977271 3331243 -77414.067  180   54 -76935.000 -77464.915  0.69%  10.6 2885s
 10993071 3333478 -76963.580  194   43 -76935.000 -77464.915  0.69%  10.6 2890s
 11015984 3336087 -77217.478  208   32 -76935.000 -77464.915  0.69%  10.6 2895s
 11035265 3338770 -77281.410  188   46 -76935.000 -77464.915  0.69%  10.6 2900s
 11053474 3340762 -77049.148  238   26 -76935.000 -77464.915  0.69%  10.6 2905s
 11073872 3343291 -77268.978  185   39 -76935.000 -77464.915  0.69%  10.6 2910s
 11092105 3345624     cutoff  204      -76935.000 -77464.915  0.69%  10.6 2915s
 11112347 3347919 -76985.697  186   40 -76935.000 -77464.915  0.69%  10.6 2920s
 11130125 3351786 -77290.529  191   45 -76935.000 -77464.915  0.69%  10.6 2925s
 11150248 3352778 -77374.229  177   57 -76935.000 -77464.915  0.69%  10.6 2930s
 11171081 3355353 -76964.789  222   29 -76935.000 -77464.915  0.69%  10.6 2935s
 11191466 3358503 -77207.338  185   50 -76935.000 -77464.915  0.69%  10.6 2940s
 11199814 3360034 -77296.848  177   51 -76935.000 -77464.915  0.69%  10.6 2945s
 11218933 3362917 -76961.846  200   33 -76935.000 -77464.915  0.69%  10.6 2950s
 11239308 3366113 -77119.600  190   51 -76935.000 -77464.915  0.69%  10.6 2955s
 11256347 3369208     cutoff  196      -76935.000 -77464.915  0.69%  10.6 2960s
 11276455 3372680 -77444.308  185   48 -76935.000 -77464.915  0.69%  10.6 2965s
 11292173 3375169 -77454.149  168   76 -76935.000 -77464.915  0.69%  10.6 2970s
 11313098 3378332 -77361.572  177   56 -76935.000 -77464.915  0.69%  10.6 2975s
 11332966 3381547 -77000.091  212   29 -76935.000 -77464.915  0.69%  10.6 2980s
 11348834 3383887 -77160.111  183   53 -76935.000 -77464.915  0.69%  10.6 2985s
 11370672 3387487     cutoff  224      -76935.000 -77464.915  0.69%  10.6 2990s
 11388903 3391236 -77305.471  194   52 -76935.000 -77464.915  0.69%  10.6 2995s
 11400631 3393372 -77179.688  197   39 -76935.000 -77464.915  0.69%  10.6 3000s
 11424340 3397309 -76972.378  195   46 -76935.000 -77464.915  0.69%  10.6 3005s
 11446166 3400417 -77396.324  194   52 -76935.000 -77464.915  0.69%  10.7 3010s
 11461791 3402828 -77454.816  187   57 -76935.000 -77464.915  0.69%  10.7 3015s
 11480519 3406035 -77079.036  210   32 -76935.000 -77464.915  0.69%  10.7 3020s
 11497707 3408929 -77304.592  206   51 -76935.000 -77464.915  0.69%  10.7 3025s
 11519406 3412182 -77273.705  204   38 -76935.000 -77464.915  0.69%  10.7 3030s
 11537182 3414985 -77083.621  209   28 -76935.000 -77464.915  0.69%  10.7 3035s
 11554611 3418017     cutoff  195      -76935.000 -77464.915  0.69%  10.7 3040s
 11572526 3420805 -77271.238  211   40 -76935.000 -77464.915  0.69%  10.7 3045s
 11590805 3422955 -77328.410  195   48 -76935.000 -77464.915  0.69%  10.7 3050s
 11609352 3426131 -77313.781  192   48 -76935.000 -77464.915  0.69%  10.7 3055s
 11629348 3429409 -77063.966  205   43 -76935.000 -77464.915  0.69%  10.7 3060s
 11647604 3432888 -77464.915  187   67 -76935.000 -77464.915  0.69%  10.7 3065s
 11667736 3436613 -77265.452  193   39 -76935.000 -77464.915  0.69%  10.7 3070s
 11682864 3439750 -77219.838  195   49 -76935.000 -77464.915  0.69%  10.7 3075s
 11706312 3443961 -77373.714  172   58 -76935.000 -77464.915  0.69%  10.7 3080s
 11724257 3447101     cutoff  195      -76935.000 -77464.915  0.69%  10.7 3085s
 11745066 3450633 -77113.524  180   60 -76935.000 -77464.915  0.69%  10.7 3090s
 11756269 3452131 -77164.150  197   32 -76935.000 -77464.915  0.69%  10.7 3095s
 11778522 3456411 -77464.915  185   64 -76935.000 -77464.915  0.69%  10.7 3100s
 11799470 3459905 -77086.532  202   51 -76935.000 -77464.915  0.69%  10.7 3105s
 11820287 3463392 -77075.309  174   43 -76935.000 -77464.915  0.69%  10.7 3110s
 11838464 3466284 -76955.025  194   47 -76935.000 -77464.915  0.69%  10.7 3115s
 11857113 3469455 -77105.435  192   49 -76935.000 -77464.915  0.69%  10.7 3120s
 11877240 3473772 -77208.633  205   29 -76935.000 -77464.915  0.69%  10.7 3125s
 11890705 3476506 -77276.238  199   39 -76935.000 -77464.915  0.69%  10.7 3130s
 11905642 3478754 -77121.023  182   59 -76935.000 -77464.915  0.69%  10.7 3135s
 11928199 3483429 -77134.274  193   49 -76935.000 -77464.915  0.69%  10.7 3140s
 11949170 3487862 -76954.846  205   31 -76935.000 -77464.915  0.69%  10.7 3145s
 11967444 3491605 -77228.457  180   55 -76935.000 -77464.915  0.69%  10.7 3150s
 11982035 3494430 -77055.098  193   41 -76935.000 -77464.915  0.69%  10.7 3155s
 12004763 3498710 -76983.083  200   56 -76935.000 -77464.915  0.69%  10.7 3160s
 12013454 3500616     cutoff  193      -76935.000 -77464.915  0.69%  10.7 3165s
 12037334 3505405 -76999.782  197   56 -76935.000 -77464.915  0.69%  10.7 3170s
 12059986 3510007 -77362.241  191   74 -76935.000 -77464.915  0.69%  10.7 3175s
 12075544 3513203 -77464.915  182   72 -76935.000 -77464.915  0.69%  10.7 3180s
 12095559 3516754 -77337.097  197   54 -76935.000 -77464.915  0.69%  10.7 3185s
 12109566 3519349 -77141.571  184   52 -76935.000 -77464.915  0.69%  10.8 3190s
 12133022 3523655 -76980.406  194   29 -76935.000 -77464.915  0.69%  10.8 3195s
 12150136 3526748 -77449.796  189   53 -76935.000 -77464.915  0.69%  10.8 3200s
 12173792 3531233 -77254.575  196   57 -76935.000 -77464.915  0.69%  10.8 3205s
 12184880 3533436 -77437.577  179   62 -76935.000 -77464.915  0.69%  10.8 3210s
 12207853 3537059 -77069.295  190   53 -76935.000 -77464.915  0.69%  10.8 3215s
 12226959 3540712 -77213.948  197   39 -76935.000 -77464.915  0.69%  10.8 3220s
 12244398 3543739 -77176.140  205   32 -76935.000 -77464.915  0.69%  10.8 3225s
 12266336 3548003 -76981.928  185   38 -76935.000 -77464.915  0.69%  10.8 3230s
 12280912 3550610 -77328.019  188   49 -76935.000 -77464.915  0.69%  10.8 3235s
 12302489 3554678 -77288.062  186   47 -76935.000 -77464.915  0.69%  10.8 3240s
 12322830 3557986 -77315.688  191   60 -76935.000 -77464.915  0.69%  10.8 3245s
 12337756 3560291 -76970.987  191   43 -76935.000 -77464.915  0.69%  10.8 3250s
 12356804 3563926 -77133.179  191   54 -76935.000 -77464.915  0.69%  10.8 3255s
 12374428 3567221 -77459.578  189   54 -76935.000 -77464.915  0.69%  10.8 3260s
 12390562 3570170 -77126.705  182   64 -76935.000 -77464.915  0.69%  10.8 3265s
 12408510 3573297 -77248.957  178   49 -76935.000 -77464.915  0.69%  10.8 3270s
 12429325 3577391 -77262.281  204   46 -76935.000 -77464.915  0.69%  10.8 3275s
 12446158 3580492 -77358.590  181   57 -76935.000 -77464.915  0.69%  10.8 3280s
 12465344 3583509     cutoff  206      -76935.000 -77464.915  0.69%  10.8 3286s
 12479714 3586750 -76974.366  189   44 -76935.000 -77464.915  0.69%  10.8 3290s
 12501270 3590846 -77123.495  202   43 -76935.000 -77464.915  0.69%  10.8 3295s
 12517644 3593815 -77108.024  200   32 -76935.000 -77464.915  0.69%  10.8 3300s
 12537725 3598925     cutoff  185      -76935.000 -77464.915  0.69%  10.8 3305s
 12553747 3602652 -77301.865  166   61 -76935.000 -77464.915  0.69%  10.8 3310s
 12573819 3607660 -77320.768  193   50 -76935.000 -77464.915  0.69%  10.8 3315s
 12590466 3611413 -77464.915  179   65 -76935.000 -77464.915  0.69%  10.8 3320s
 12603033 3614011     cutoff  200      -76935.000 -77464.915  0.69%  10.8 3325s
 12625981 3618648 -77420.400  186   53 -76935.000 -77464.915  0.69%  10.8 3330s
 12641225 3621922 -77214.790  184   67 -76935.000 -77464.915  0.69%  10.8 3335s
 12655747 3625094 -77028.104  171   53 -76935.000 -77464.915  0.69%  10.8 3340s
 12675728 3628967 -77316.707  185   55 -76935.000 -77464.915  0.69%  10.8 3345s
 12695969 3632770 -77052.384  197   38 -76935.000 -77464.915  0.69%  10.9 3350s
 12716112 3636776 -77092.795  209   33 -76935.000 -77464.915  0.69%  10.9 3355s
 12731837 3639742 -76945.967  195   29 -76935.000 -77464.915  0.69%  10.9 3360s
 12750657 3643298 -77098.067  189   41 -76935.000 -77464.915  0.69%  10.9 3365s
 12764556 3648199 -77452.655  192   59 -76935.000 -77464.915  0.69%  10.9 3370s
 12779383 3649085 -77147.824  189   29 -76935.000 -77464.915  0.69%  10.9 3375s
 12793247 3651387 -76936.023  204   33 -76935.000 -77464.915  0.69%  10.9 3380s
 12811176 3654768 -77036.885  205   31 -76935.000 -77464.915  0.69%  10.9 3385s
 12833880 3659709 -77323.730  198   42 -76935.000 -77464.915  0.69%  10.9 3390s
 12853131 3662510 -77196.259  175   52 -76935.000 -77464.915  0.69%  10.9 3395s
 12870727 3666215 -77362.751  176   47 -76935.000 -77464.915  0.69%  10.9 3400s
 12889348 3670406 -77186.154  175   60 -76935.000 -77464.915  0.69%  10.9 3405s
 12907506 3674104 -77100.533  213   35 -76935.000 -77464.915  0.69%  10.9 3410s
 12927924 3681694 -77082.598  189   47 -76935.000 -77464.915  0.69%  10.9 3415s
 12945359 3690334 -77082.022  188   48 -76935.000 -77464.915  0.69%  10.9 3420s
 12963738 3699948 -77442.723  194   59 -76935.000 -77464.915  0.69%  10.9 3425s
 12979830 3708347 -77059.511  193   47 -76935.000 -77464.915  0.69%  10.9 3430s
 12997215 3717171 -77316.324  201   52 -76935.000 -77464.915  0.69%  10.9 3435s
 13015379 3726871 -77239.511  197   59 -76935.000 -77464.915  0.69%  10.9 3440s
 13034364 3736181 -77247.227  203   44 -76935.000 -77464.915  0.69%  10.9 3445s
 13053327 3746056 -77421.589  198   55 -76935.000 -77464.915  0.69%  10.9 3450s
 13070445 3754918 -77125.915  202   48 -76935.000 -77464.915  0.69%  10.9 3455s
 13089737 3765263 -77168.867  199   59 -76935.000 -77464.915  0.69%  10.9 3460s
 13108000 3775175 -77320.514  192   57 -76935.000 -77464.915  0.69%  10.9 3465s
 13126588 3785534 -77359.353  189   54 -76935.000 -77464.915  0.69%  10.9 3470s
 13143972 3794730 -77049.531  207   29 -76935.000 -77464.915  0.69%  10.9 3475s
 13160960 3804153 -77222.930  194   44 -76935.000 -77464.915  0.69%  10.9 3480s
 13180426 3814244 -77321.271  178   56 -76935.000 -77464.915  0.69%  10.9 3485s
 13199427 3824179     cutoff  208      -76935.000 -77464.915  0.69%  10.9 3490s
 13217156 3833427 -77235.055  183   58 -76935.000 -77464.915  0.69%  10.9 3496s
 13228517 3839807 -77074.541  195   33 -76935.000 -77464.915  0.69%  10.9 3500s
 13250189 3851598 -76978.129  196   59 -76935.000 -77464.915  0.69%  11.0 3505s
 13271780 3864100 -76956.474  209   27 -76935.000 -77464.915  0.69%  11.0 3510s
 13288395 3873073 -76941.404  173   56 -76935.000 -77464.915  0.69%  11.0 3515s
 13308821 3883929 -77332.102  183   54 -76935.000 -77464.915  0.69%  11.0 3520s
 13324618 3892637 -77403.861  197   69 -76935.000 -77464.915  0.69%  11.0 3525s
 13341831 3901502 -77434.309  194   47 -76935.000 -77464.915  0.69%  11.0 3530s
 13359860 3911648 -76994.284  185   56 -76935.000 -77464.915  0.69%  11.0 3535s
 13375738 3920255 -76981.766  222   33 -76935.000 -77464.915  0.69%  11.0 3540s
 13396588 3931834 -77167.327  203   42 -76935.000 -77464.915  0.69%  11.0 3545s
 13414467 3942200 -77040.004  195   37 -76935.000 -77464.915  0.69%  11.0 3550s
 13432900 3952241 -77042.651  178   47 -76935.000 -77464.915  0.69%  11.0 3555s
 13453848 3963079 -77201.986  188   42 -76935.000 -77464.915  0.69%  11.0 3560s
 13470268 3972437 -76960.395  212   32 -76935.000 -77464.915  0.69%  11.0 3565s
 13486727 3981191 -76971.890  207   28 -76935.000 -77464.915  0.69%  11.0 3570s
 13503549 3990335     cutoff  211      -76935.000 -77464.915  0.69%  11.0 3575s
 13522223 3999938 -77365.063  186   53 -76935.000 -77464.915  0.69%  11.0 3580s
 13544602 4011983 -77146.357  201   44 -76935.000 -77464.915  0.69%  11.0 3586s
 13560778 4020431 -77092.692  183   60 -76935.000 -77464.915  0.69%  11.0 3590s
 13579768 4029836 -77021.487  208   41 -76935.000 -77464.915  0.69%  11.0 3595s
 13599974 4040169     cutoff  200      -76935.000 -77464.915  0.69%  11.0 3600s

Cutting planes:
  Gomory: 1
  Cover: 109
  Clique: 208
  MIR: 7
  StrongCG: 15
  Flow cover: 38
  Zero half: 1
  RLT: 1

Explored 13600611 nodes (149582364 simplex iterations) in 3600.00 seconds (4560.32 work units)
Thread count was 4 (of 56 available processors)

Solution count 10: -76935 -76934 -76876 ... -76504

Time limit reached
Best objective -7.693500000000e+04, best bound -7.746400000000e+04, gap 0.6876%
