
Gurobi 9.5.0 (linux64) logging started Mon Apr  4 08:45:17 2022

Set parameter LogFile to value "/local_workspace/chenrui/LogFiles/MKAP/MKAP_20_200_10_5_DWcutsT4_1h.log"
Gurobi Optimizer version 9.5.0 build v9.5.0rc5 (linux64)
Thread count: 56 physical cores, 56 logical processors, using up to 4 threads
Optimize a model with 3048 rows, 4200 columns and 63331 nonzeros
Model fingerprint: 0x129888f8
Variable types: 0 continuous, 4200 integer (4200 binary)
Coefficient statistics:
  Matrix range     [1e-13, 3e+03]
  Objective range  [1e+00, 1e+03]
  Bounds range     [1e+00, 1e+00]
  RHS range        [2e-13, 1e+00]
Warning: Model contains large matrix coefficient range
         Consider reformulating model or setting NumericFocus parameter
         to avoid numerical issues.
Found heuristic solution: objective 0.0000000
Presolve removed 111 rows and 7 columns
Presolve time: 0.19s
Presolved: 2937 rows, 4193 columns, 60675 nonzeros
Variable types: 0 continuous, 4193 integer (4193 binary)
Found heuristic solution: objective -34752.00000

Root relaxation: objective -8.049612e+04, 10644 iterations, 1.02 seconds (1.37 work units)

    Nodes    |    Current Node    |     Objective Bounds      |     Work
 Expl Unexpl |  Obj  Depth IntInf | Incumbent    BestBd   Gap | It/Node Time

     0     0 -80496.120    0  269 -34752.000 -80496.120   132%     -    1s
H    0     0                    -74115.00000 -80496.120  8.61%     -    1s
H    0     0                    -74684.00000 -80496.120  7.78%     -    1s
H    0     0                    -77132.00000 -80496.120  4.36%     -    1s
H    0     0                    -77491.00000 -80496.120  3.88%     -    2s
     0     0 -80496.120    0  339 -77491.000 -80496.120  3.88%     -    2s
     0     0 -80496.120    0  284 -77491.000 -80496.120  3.88%     -    3s
     0     0 -80496.119    0  293 -77491.000 -80496.119  3.88%     -    3s
     0     0 -80496.119    0  264 -77491.000 -80496.119  3.88%     -    3s
     0     0 -80496.114    0  274 -77491.000 -80496.114  3.88%     -    4s
     0     0 -80496.112    0  297 -77491.000 -80496.112  3.88%     -    4s
H    0     0                    -77888.00000 -80496.112  3.35%     -    4s
     0     0 -80496.112    0  358 -77888.000 -80496.112  3.35%     -    4s
     0     0 -80496.112    0  372 -77888.000 -80496.112  3.35%     -    5s
     0     0 -80496.112    0  343 -77888.000 -80496.112  3.35%     -    5s
     0     0 -80496.112    0  260 -77888.000 -80496.112  3.35%     -    7s
     0     2 -80496.112    0  260 -77888.000 -80496.112  3.35%     -    8s
     3     8 -80496.112    2  297 -77888.000 -80496.112  3.35%   890   10s
    19    24 -80496.112    4  308 -77888.000 -80496.112  3.35%   773   15s
H   27    32                    -77901.00000 -80496.112  3.33%  1209   18s
H   27    32                    -78340.00000 -80496.112  2.75%  1209   18s
    46    99 -80494.933    9  352 -78340.000 -80496.112  2.75%  1093   22s
H   56    99                    -78394.00000 -80496.112  2.68%  1050   22s
H   82    99                    -79060.00000 -80496.112  1.82%   851   22s
    98   203 -80494.419   17  301 -79060.000 -80496.112  1.82%   837   29s
H  124   203                    -79062.00014 -80496.112  1.81%   822   29s
H  174   203                    -79201.00000 -80496.112  1.64%  1122   29s
   202   692 -80488.103   41  277 -79201.000 -80496.112  1.64%  1162   39s
H  226   692                    -79203.00000 -80496.112  1.63%  1136   39s
   695  1205 -80017.952  153   98 -79203.000 -80496.112  1.63%   729   44s
H 1101  1205                    -79257.00000 -80496.112  1.56%   554   44s
  1286  1415 -80452.925   34  290 -79257.000 -80496.112  1.56%   496   48s
H 1363  1389                    -79305.00000 -80496.112  1.50%   486   48s
  1550  1472 -79313.180   69  226 -79305.000 -80496.112  1.50%   458   51s
  1671  1474 -79664.672  167  302 -79305.000 -80496.112  1.50%   483   55s
  1679  1480 -80496.112    7  366 -79305.000 -80496.112  1.50%   480   60s
  1685  1487 -80496.112   16  272 -79305.000 -80496.112  1.50%   504   69s
  1687  1490 -80494.540   17  338 -79305.000 -80496.104  1.50%   505   75s
  1695  1495 -80359.007   18  308 -79305.000 -80495.592  1.50%   517   81s
  1713  1507 -80494.373   21  336 -79305.000 -80494.524  1.50%   527   86s
  1729  1530 -80493.184   23  326 -79305.000 -80494.524  1.50%   533   90s
  1805  1660 -80490.942   30  306 -79305.000 -80494.524  1.50%   552   97s
  1985  1757 -80481.179   43  317 -79305.000 -80494.524  1.50%   553  102s
  2212  1864 -80388.855   55  321 -79305.000 -80494.524  1.50%   531  106s
  2382  2001 -80300.837   69  252 -79305.000 -80494.524  1.50%   510  110s
H 2384  1923                    -79316.00000 -80494.524  1.49%   510  110s
  2623  2165 -80296.215   78  251 -79316.000 -80494.524  1.49%   483  115s
  3015  2272 -80291.061  103  156 -79316.000 -80494.524  1.49%   459  121s
  3393  2323 -80492.862   24  408 -79316.000 -80494.524  1.49%   437  125s
  3967  2699 -80474.383   42  398 -79316.000 -80494.524  1.49%   401  131s
  4173  2784 -80440.956   51  337 -79316.000 -80494.524  1.49%   393  136s
  4475  2863 -80489.010   23  394 -79316.000 -80494.417  1.49%   389  141s
  4563  3080 -80487.979   27  363 -79316.000 -80494.417  1.49%   396  145s
  5035  3221 -80224.487   56  357 -79316.000 -80494.417  1.49%   389  151s
H 5098  3113                    -79329.00000 -80494.417  1.47%   393  151s
  5232  3240 -80219.925   77  316 -79329.000 -80494.417  1.47%   386  155s
H 5387  2929                    -79492.00000 -80494.417  1.26%   385  155s
  5616  3094 -80491.174   33  389 -79492.000 -80494.108  1.26%   388  162s
  5689  3140 -80481.212   40  418 -79492.000 -80494.108  1.26%   396  167s
H 5711  3069                    -79540.00000 -80494.108  1.20%   397  167s
  5735  3257 -80479.219   43  432 -79540.000 -80494.108  1.20%   399  172s
  6026  3498 -80344.336   51  435 -79540.000 -80494.097  1.20%   396  177s
  6303  3529 -80485.696   29  448 -79540.000 -80494.083  1.20%   396  183s
  6334  3732 -80485.688   30  462 -79540.000 -80494.083  1.20%   398  188s
  6585  3962 -80203.650   44  412 -79540.000 -80494.083  1.20%   401  194s
  6839  4125 -80190.547   80  210 -79540.000 -80493.689  1.20%   399  200s
  7035  4273 -80483.480   35  413 -79540.000 -80493.689  1.20%   402  208s
  7223  4446 -80204.697   58  237 -79540.000 -80493.316  1.20%   404  214s
  7428  4704 -80485.737   33  377 -79540.000 -80493.316  1.20%   411  221s
  7726  4889 -79681.639  147  166 -79540.000 -80493.313  1.20%   413  229s
  7979  5229 -80455.092   26  417 -79540.000 -80493.128  1.20%   417  236s
  8395  5438 -80423.869   47  361 -79540.000 -80493.003  1.20%   417  244s
  8659  5561 -80492.120   26  424 -79540.000 -80493.003  1.20%   419  251s
  8793  6196 -80476.333   48  408 -79540.000 -80492.969  1.20%   432  259s
  9538  6519 -80473.690   31  397 -79540.000 -80492.881  1.20%   420  268s
  9910  6660 -80480.527   25  383 -79540.000 -80492.862  1.20%   422  277s
 10084  6875 -80448.049   31  342 -79540.000 -80492.852  1.20%   427  287s
 10371  7480 -80482.953   35  370 -79540.000 -80492.680  1.20%   433  302s
 11092  7811 -80480.477   31  544 -79540.000 -80492.649  1.20%   429  313s
 11483  8233 -80478.965   39  459 -79540.000 -80492.630  1.20%   426  324s
 12011  8841 -80263.074   35  306 -79540.000 -80492.499  1.20%   431  338s
 12697  9062 -80470.574   44  313 -79540.000 -80492.457  1.20%   429  350s
 12948  9420 -80430.449   43  388 -79540.000 -80492.440  1.20%   441  364s
 13366  9892 -80484.556   44  486 -79540.000 -80492.366  1.20%   447  378s
 13954 10586 -80457.570   25  398 -79540.000 -80492.315  1.20%   453  393s
 14817 11320 -80397.313   72  318 -79540.000 -80492.261  1.20%   448  407s
 15642 11548 -80003.522   93  225 -79540.000 -80492.118  1.20%   444  421s
 15943 12231 -80295.439   59  380 -79540.000 -80492.031  1.20%   446  435s
 16721 12635 -80477.082   31  386 -79540.000 -80491.958  1.20%   444  448s
 17191 12893 -80096.804   68  207 -79540.000 -80491.904  1.20%   450  461s
 17503 13511 -80468.176   30  394 -79540.000 -80491.843  1.20%   455  475s
 18280 13838 -80489.678   32  420 -79540.000 -80491.821  1.20%   454  490s
 18657 13966 -80440.772   78  325 -79540.000 -80491.760  1.20%   460  506s
 18832 14293 -80483.489   26  412 -79540.000 -80491.760  1.20%   461  520s
 19201 14729 -80344.119   43  342 -79540.000 -80491.760  1.20%   469  534s
 19739 15261 -80167.494   92  212 -79540.000 -80491.626  1.20%   474  549s
 20409 15854 -80467.794   56  423 -79540.000 -80491.566  1.20%   474  563s
 21064 15855 -79894.616  139  260 -79540.000 -80491.560  1.20%   475  639s
 21066 15856 -80173.719   84  237 -79540.000 -80491.560  1.20%   475  641s
 21069 15858 -79546.758  132  318 -79540.000 -80491.560  1.20%   475  645s
 21071 15860 -80173.958   48  289 -79540.000 -80491.560  1.20%   475  650s
 21074 15862 -80352.674   80  338 -79540.000 -80491.560  1.20%   475  656s
 21076 15863 -80467.061   42  399 -79540.000 -80491.560  1.20%   475  660s
 21078 15864 -80482.448   56  440 -79540.000 -80491.560  1.20%   475  665s
 21080 15866 -79728.676  124  467 -79540.000 -80491.560  1.20%   475  670s
 21081 15866 -79682.877   80  357 -79540.000 -80491.560  1.20%   475  675s
 21084 15871 -80491.560   27  379 -79540.000 -80491.560  1.20%   478  688s
 21086 15875 -80491.560   28  361 -79540.000 -80491.560  1.20%   478  696s
 21090 15877 -80491.560   29  368 -79540.000 -80491.560  1.20%   479  704s
 21094 15880 -80448.448   29  428 -79540.000 -80491.560  1.20%   479  711s
 21098 15883 -80491.560   30  350 -79540.000 -80491.560  1.20%   480  716s
 21102 15885 -80489.564   30  350 -79540.000 -80491.560  1.20%   480  723s
 21106 15888 -80491.560   31  422 -79540.000 -80491.560  1.20%   481  728s
 21110 15891 -80491.560   31  396 -79540.000 -80491.560  1.20%   482  733s
 21114 15894 -80491.560   32  436 -79540.000 -80491.560  1.20%   482  736s
 21119 15898 -80491.560   32  416 -79540.000 -80491.560  1.20%   482  742s
 21124 15902 -80491.560   33  378 -79540.000 -80491.560  1.20%   482  745s
 21136 15912 -80488.002   34  389 -79540.000 -80491.560  1.20%   484  752s
 21144 15913 -80491.560   35  424 -79540.000 -80491.560  1.20%   484  758s
 21148 15922 -80491.560   35  417 -79540.000 -80491.560  1.20%   484  761s
 21171 15939 -80491.560   37  419 -79540.000 -80491.560  1.20%   485  767s
 21183 15964 -80486.140   37  406 -79540.000 -80491.560  1.20%   485  772s
 21212 15979 -80486.535   39  351 -79540.000 -80491.560  1.20%   486  777s
 21236 16006 -80416.541   40  369 -79540.000 -80491.560  1.20%   487  782s
 21271 16067 -80482.489   43  358 -79540.000 -80491.560  1.20%   489  788s
 21344 16138 -80473.527   49  321 -79540.000 -80491.560  1.20%   491  793s
 21442 16187 -80454.847   55  374 -79540.000 -80491.560  1.20%   492  797s
 21526 16232 -80453.306   60  304 -79540.000 -80491.560  1.20%   492  802s
 21607 16292 -80452.790   67  245 -79540.000 -80491.560  1.20%   492  812s
 21733 16362 -80452.151   80  249 -79540.000 -80491.560  1.20%   492  818s
 21862 16473 -80452.013   91  230 -79540.000 -80491.560  1.20%   492  821s
 22190 16470 -80449.288  119  227 -79540.000 -80491.560  1.20%   489  830s
H22191 15666                    -79584.00000 -80491.560  1.14%   489  830s
 22296 15848 -80439.272  142  244 -79584.000 -80491.560  1.14%   490  838s
 22466 15946 -80200.054  195  152 -79584.000 -80491.560  1.14%   489  844s
 22654 16076 -79952.705  257  105 -79584.000 -80491.560  1.14%   488  849s
 22903 16100 -80483.114   37  393 -79584.000 -80491.560  1.14%   487  855s
 23105 16120     cutoff   75      -79584.000 -80491.560  1.14%   487  860s
 23262 16195 -80489.982   42  443 -79584.000 -80491.560  1.14%   488  867s
 23429 16215 -80486.128   52  420 -79584.000 -80491.560  1.14%   487  873s
 23504 16471 -80461.130   64  316 -79584.000 -80491.560  1.14%   490  881s
 23820 16799 -80474.151   36  431 -79584.000 -80491.560  1.14%   491  889s
 24344 16674 -80373.360   52  340 -79584.000 -80491.560  1.14%   486  897s
 24396 16823 -79871.290   77  348 -79584.000 -80491.560  1.14%   487  904s
 24605 16919 -80478.550   45  388 -79584.000 -80491.560  1.14%   490  912s
 24774 17393 -80452.636   68  343 -79584.000 -80491.560  1.14%   495  922s
 25464 17586 -80442.074   60  420 -79584.000 -80491.560  1.14%   492  932s
 25964 17602 -80483.448   47  414 -79584.000 -80491.560  1.14%   491  942s
 26189 17802 -79773.957  110  243 -79584.000 -80491.560  1.14%   495  952s
 26513 17927 -80347.838  100  227 -79584.000 -80491.475  1.14%   496  964s
 26781 18252 -80368.329   72  374 -79584.000 -80490.980  1.14%   499  975s
 27260 18669 -80312.099   56  347 -79584.000 -80490.746  1.14%   499  987s
 27956 18757 -80019.967  131  188 -79584.000 -80490.543  1.14%   498 1000s
 28346 18790 -80353.523  102  328 -79584.000 -80490.534  1.14%   499 1014s
 28547 19024 -80470.619   50  349 -79584.000 -80490.534  1.14%   502 1027s
 28886 19078 -79852.756   96  322 -79584.000 -80490.446  1.14%   505 1041s
 29133 19279 -80461.989   55  361 -79584.000 -80490.437  1.14%   510 1056s
 29459 19445 -80477.945   40  429 -79584.000 -80490.429  1.14%   514 1072s
 29755 19998 -80381.620   63  313 -79584.000 -80490.429  1.14%   520 1088s
 30637 20049 -80486.832   41  446 -79584.000 -80490.331  1.14%   517 1104s
 31046 20636 -80484.769   41  386 -79584.000 -80490.250  1.14%   519 1121s
 31883 21219 -80305.884   98  322 -79584.000 -80490.207  1.14%   517 1143s
 32928 21208 -80460.659   65  438 -79584.000 -80490.100  1.14%   515 1156s
 33382 21378 -80484.688   49  399 -79584.000 -80490.022  1.14%   517 1172s
 33795 21533 -79593.422  125  185 -79584.000 -80489.906  1.14%   519 1187s
 34147 22046 -80471.752   69  441 -79584.000 -80489.845  1.14%   522 1203s
 34808 22726 -79876.646  203  159 -79584.000 -80489.774  1.14%   520 1219s
 35994 22452 -80487.092   43  415 -79584.000 -80489.603  1.14%   512 1236s
 36135 22745 -80480.258   66  482 -79584.000 -80489.603  1.14%   514 1250s
 36544 22969 -80410.880   96  325 -79584.000 -80489.564  1.14%   514 1267s
 36968 23072 -80457.589   52  365 -79584.000 -80489.474  1.14%   514 1282s
 37271 23439 -80451.948   47  453 -79584.000 -80489.258  1.14%   517 1298s
 37871 23520 -80473.460   56  384 -79584.000 -80488.914  1.14%   518 1314s
 38270 23907 -80425.248   49  310 -79584.000 -80488.780  1.14%   520 1330s
 38944 24340 -80147.502  102  246 -79584.000 -80488.636  1.14%   522 1345s
 39814 24741 -79769.950  174  187 -79584.000 -80488.519  1.14%   520 1360s
 40615 24885 -79775.700  178  177 -79584.000 -80488.505  1.14%   517 1375s
 41165 25096 -80468.821   62  424 -79584.000 -80488.324  1.14%   517 1390s
 41656 25387 -80475.589   44  451 -79584.000 -80488.248  1.14%   518 1405s
 42213 25610 -80235.876  103  381 -79584.000 -80488.116  1.14%   518 1425s
 42810 25699 -80476.909   36  423 -79584.000 -80487.961  1.14%   520 1444s
 43136 26316 -80408.269   71  378 -79584.000 -80487.819  1.14%   522 1468s
 43993 26612 -80178.344  133  200 -79584.000 -80487.777  1.14%   522 1488s
 44765 26713     cutoff   53      -79584.000 -80487.666  1.14%   523 1506s
 45248 26892 -80484.730   39  469 -79584.000 -80487.451  1.14%   525 1525s
 45674 27156 -80446.192   37  415 -79584.000 -80487.344  1.14%   528 1545s
 46206 27416 -80362.760   75  294 -79584.000 -80487.233  1.13%   531 1565s
 46719 27723 -80476.397   52  433 -79584.000 -80487.163  1.13%   534 1585s
 47326 27946 -80120.325   76  337 -79584.000 -80487.078  1.13%   536 1607s
 47815 28357 -80237.911   78  266 -79584.000 -80487.070  1.13%   539 1630s
 48510 28722 -79779.735  111  223 -79584.000 -80487.039  1.13%   541 1650s
 49312 28710 -80468.325   40  403 -79584.000 -80486.924  1.13%   541 1671s
 49653 28923 -80485.607   54  429 -79584.000 -80486.858  1.13%   543 1691s
 50083 29331 -80466.125   41  503 -79584.000 -80486.828  1.13%   547 1712s
 50730 29580 -80484.882   44  371 -79584.000 -80486.793  1.13%   548 1732s
 51291 29864 -80423.151   42  475 -79584.000 -80486.736  1.13%   550 1753s
 51875 30197 -80452.312   49  471 -79584.000 -80486.703  1.13%   551 1774s
 52488 30304 -80466.687   43  371 -79584.000 -80486.654  1.13%   553 1794s
 52873 30845 -80452.128   56  413 -79584.000 -80486.583  1.13%   557 1823s
 53700 31039     cutoff  114      -79584.000 -80486.511  1.13%   560 1847s
 54280 31503 -80468.940   58  425 -79584.000 -80486.435  1.13%   563 1873s
 55068 31633 -80414.571   83  432 -79584.000 -80486.414  1.13%   564 1895s
 55527 32072 -80272.053   89  245 -79584.000 -80486.376  1.13%   567 1918s
 56198 32374 -79904.717   71  320 -79584.000 -80486.354  1.13%   569 1941s
 57008 32692 -79960.534  110  239 -79584.000 -80486.337  1.13%   571 1963s
 57890 32901 -80434.534   61  396 -79584.000 -80486.311  1.13%   570 1983s
 58485 33513 -80466.327   64  414 -79584.000 -80486.301  1.13%   571 2003s
 59449 33585 -80406.555   70  430 -79584.000 -80486.275  1.13%   570 2023s
 59931 33825 -79992.049   80  278 -79584.000 -80486.231  1.13%   572 2043s
 60429 34014 -80474.260   42  407 -79584.000 -80486.175  1.13%   573 2068s
 60856 34291 -80277.279   64  321 -79584.000 -80486.128  1.13%   575 2090s
 61365 34450 -80318.546   70  398 -79584.000 -80486.113  1.13%   577 2110s
 61758 34610 -80458.108   53  353 -79584.000 -80486.095  1.13%   580 2130s
 62082 35232 -80400.838   54  446 -79584.000 -80486.058  1.13%   583 2152s
 63014 35231 -80410.378   46  484 -79584.000 -80486.021  1.13%   582 2172s
 63439 35616 -79678.407  134  182 -79584.000 -80485.990  1.13%   584 2199s
 64095 35860 -80431.985   42  463 -79584.000 -80485.960  1.13%   587 2225s
 64628 36423 -80223.043   98  264 -79584.000 -80485.925  1.13%   590 2253s
 65514 36470 -80208.791  111  350 -79584.000 -80485.885  1.13%   589 2277s
 66005 36769 -79740.262   93  181 -79584.000 -80485.842  1.13%   591 2303s
 66631 37101 -80476.974   44  420 -79584.000 -80485.809  1.13%   593 2327s
 67160 37551 -80454.733   63  387 -79584.000 -80485.752  1.13%   595 2352s
 67737 37913 -80259.696   80  293 -79584.000 -80485.698  1.13%   597 2376s
 68154 38331 -80428.188   58  371 -79584.000 -80485.680  1.13%   600 2401s
 68753 38818 -80454.517   53  396 -79584.000 -80485.641  1.13%   602 2427s
 69361 39381 -80269.947   71  338 -79584.000 -80485.602  1.13%   604 2455s
 70058 39758 -80480.704   47  439 -79584.000 -80485.532  1.13%   605 2484s
 70538 40137 -80155.721   54  357 -79584.000 -80485.488  1.13%   607 2510s
 71001 40445 -80175.319  134  221 -79584.000 -80485.457  1.13%   609 2537s
 71389 41025 -80187.885   72  377 -79584.000 -80485.426  1.13%   611 2564s
 72098 41706 -80274.799   78  400 -79584.000 -80485.388  1.13%   612 2590s
 72944 42220 -80258.466   74  416 -79584.000 -80485.343  1.13%   611 2617s
 73575 42588 -80445.881   43  409 -79584.000 -80485.312  1.13%   612 2638s
 73984 43212 -79945.846  108  223 -79584.000 -80485.308  1.13%   614 2669s
 74754 43538 -80479.860   54  399 -79584.000 -80485.280  1.13%   615 2694s
 75198 44232 -80340.171   74  340 -79584.000 -80485.258  1.13%   617 2723s
 76048 44534 -80443.085   53  429 -79584.000 -80485.205  1.13%   617 2748s
 76392 44968 -80398.358   44  315 -79584.000 -80485.181  1.13%   619 2776s
 76940 45404 -80149.038  106  256 -79584.000 -80485.144  1.13%   621 2803s
 77562 46113 -80291.645   82  273 -79584.000 -80485.114  1.13%   622 2830s
 78430 46507 -80189.810   63  406 -79584.000 -80485.067  1.13%   621 2865s
 78898 46865 -80199.375   60  387 -79584.000 -80485.003  1.13%   623 2893s
 79356 47188 -79807.688   92  220 -79584.000 -80484.967  1.13%   625 2920s
 79762 47747 -80421.889   67  387 -79584.000 -80484.931  1.13%   627 2947s
 80453 48369 -80181.536   64  251 -79584.000 -80484.913  1.13%   627 2973s
 81189 48642 -80115.342   47  355 -79584.000 -80484.893  1.13%   627 2998s
 81513 49278     cutoff   99      -79584.000 -80484.866  1.13%   630 3039s
 82379 49592 -80482.547   46  419 -79584.000 -80484.827  1.13%   630 3065s
 82757 49999 -80290.369   76  361 -79584.000 -80484.809  1.13%   632 3091s
 83284 50461 -80309.927   62  455 -79584.000 -80484.779  1.13%   633 3117s
 83816 50791 -80314.115   74  418 -79584.000 -80484.768  1.13%   634 3139s
 84220 51141 -80474.343   68  476 -79584.000 -80484.730  1.13%   635 3170s
 84649 52003 -80466.862   68  440 -79584.000 -80484.700  1.13%   638 3219s
 85762 52442 -80362.484   64  395 -79584.000 -80484.660  1.13%   637 3246s
 86315 52796 -79783.560  107  215 -79584.000 -80484.650  1.13%   638 3274s
 86763 53197 -80324.795   95  347 -79584.000 -80484.626  1.13%   640 3302s
 87245 53530 -80472.724   59  456 -79584.000 -80484.620  1.13%   642 3331s
 87656 53955 -80143.098  102  283 -79584.000 -80484.592  1.13%   644 3361s
 88206 54303 -80467.485   45  478 -79584.000 -80484.555  1.13%   645 3392s
 88634 54624 -80478.520   50  505 -79584.000 -80484.522  1.13%   647 3423s
 89028 55181 -80393.807   74  391 -79584.000 -80484.475  1.13%   650 3455s
 89666 55591 -79837.391  110  299 -79584.000 -80484.433  1.13%   652 3487s
 90148 56062 -80370.533   64  363 -79584.000 -80484.414  1.13%   654 3520s
 90728 56424 -80368.448   74  372 -79584.000 -80484.392  1.13%   655 3552s
 91189 57058 -80379.330   63  425 -79584.000 -80484.370  1.13%   658 3584s
 92060 57326 -80413.685   57  415 -79584.000 -80484.352  1.13%   658 3600s

Cutting planes:
  Gomory: 3
  Cover: 1544
  Implied bound: 8
  Clique: 586
  MIR: 3537
  StrongCG: 2468
  Flow cover: 1150
  GUB cover: 6
  Zero half: 77
  RLT: 17
  Relax-and-lift: 5

Explored 92369 nodes (60863150 simplex iterations) in 3600.02 seconds (9242.10 work units)
Thread count was 4 (of 56 available processors)

Solution count 10: -79584 -79540 -79492 ... -79062

Time limit reached
Best objective -7.958400000000e+04, best bound -8.048400000000e+04, gap 1.1309%
