
Gurobi 9.5.0 (linux64) logging started Tue Mar 29 23:26:11 2022

Set parameter LogFile to value "/local_workspace/chenrui/LogFiles/MKAP/MKAP_20_100_10_5_original.log"
Gurobi Optimizer version 9.5.0 build v9.5.0rc5 (linux64)
Thread count: 56 physical cores, 56 logical processors, using up to 4 threads
Optimize a model with 320 rows, 2200 columns and 4400 nonzeros
Model fingerprint: 0x0fa26d60
Variable types: 0 continuous, 2200 integer (2200 binary)
Coefficient statistics:
  Matrix range     [1e+00, 2e+03]
  Objective range  [2e+00, 1e+03]
  Bounds range     [1e+00, 1e+00]
  RHS range        [1e+00, 1e+00]
Found heuristic solution: objective 0.0000000
Presolve removed 21 rows and 52 columns
Presolve time: 0.02s
Presolved: 299 rows, 2148 columns, 4296 nonzeros
Variable types: 0 continuous, 2148 integer (2148 binary)
Found heuristic solution: objective -24853.00000

Root relaxation: objective -4.713881e+04, 1370 iterations, 0.01 seconds (0.01 work units)

    Nodes    |    Current Node    |     Objective Bounds      |     Work
 Expl Unexpl |  Obj  Depth IntInf | Incumbent    BestBd   Gap | It/Node Time

     0     0 -47138.807    0   61 -24853.000 -47138.807  89.7%     -    0s
H    0     0                    -42565.00000 -47138.807  10.7%     -    0s
H    0     0                    -42818.00000 -47138.807  10.1%     -    0s
H    0     0                    -44118.00000 -47138.807  6.85%     -    0s
     0     0 -47111.974    0  111 -44118.000 -47111.974  6.79%     -    0s
H    0     0                    -44387.00000 -47111.974  6.14%     -    0s
     0     0 -47111.781    0  109 -44387.000 -47111.781  6.14%     -    0s
     0     0 -47096.202    0  106 -44387.000 -47096.202  6.10%     -    0s
     0     0 -47096.202    0  114 -44387.000 -47096.202  6.10%     -    0s
     0     0 -47064.864    0  126 -44387.000 -47064.864  6.03%     -    0s
H    0     0                    -44795.00000 -47064.864  5.07%     -    0s
     0     0 -47064.485    0  117 -44795.000 -47064.485  5.07%     -    0s
     0     0 -47064.469    0  128 -44795.000 -47064.469  5.07%     -    0s
     0     0 -47049.975    0  148 -44795.000 -47049.975  5.03%     -    0s
     0     0 -47047.433    0  132 -44795.000 -47047.433  5.03%     -    0s
     0     0 -47047.282    0  140 -44795.000 -47047.282  5.03%     -    0s
H    0     0                    -44857.00000 -47047.279  4.88%     -    0s
     0     0 -47047.279    0  141 -44857.000 -47047.279  4.88%     -    0s
     0     0 -47043.617    0  125 -44857.000 -47043.617  4.87%     -    0s
     0     0 -47043.266    0  144 -44857.000 -47043.266  4.87%     -    0s
     0     0 -47042.417    0  156 -44857.000 -47042.417  4.87%     -    0s
     0     0 -47042.368    0  149 -44857.000 -47042.368  4.87%     -    0s
     0     0 -47031.031    0  125 -44857.000 -47031.031  4.85%     -    0s
     0     0 -47030.835    0  138 -44857.000 -47030.835  4.85%     -    0s
     0     0 -47030.611    0  162 -44857.000 -47030.611  4.85%     -    0s
     0     0 -47030.540    0  146 -44857.000 -47030.540  4.85%     -    0s
     0     0 -47026.126    0  187 -44857.000 -47026.126  4.84%     -    0s
     0     0 -47025.917    0  199 -44857.000 -47025.917  4.84%     -    0s
     0     0 -47025.806    0  219 -44857.000 -47025.806  4.83%     -    0s
     0     0 -47023.492    0  205 -44857.000 -47023.492  4.83%     -    0s
H    0     0                    -45081.00000 -47023.117  4.31%     -    0s
     0     0 -47023.117    0  219 -45081.000 -47023.117  4.31%     -    0s
     0     0 -47022.843    0  184 -45081.000 -47022.843  4.31%     -    0s
     0     0 -47022.639    0  203 -45081.000 -47022.639  4.31%     -    0s
     0     0 -47018.902    0  232 -45081.000 -47018.902  4.30%     -    0s
     0     0 -47017.864    0  233 -45081.000 -47017.864  4.30%     -    0s
     0     0 -47017.465    0  230 -45081.000 -47017.465  4.30%     -    0s
     0     0 -47017.305    0  258 -45081.000 -47017.305  4.30%     -    0s
H    0     0                    -45412.00000 -47010.824  3.52%     -    0s
     0     0 -47010.824    0  259 -45412.000 -47010.824  3.52%     -    0s
     0     0 -47009.895    0  250 -45412.000 -47009.895  3.52%     -    0s
     0     0 -47009.457    0  246 -45412.000 -47009.457  3.52%     -    0s
     0     0 -47008.916    0  244 -45412.000 -47008.916  3.52%     -    0s
     0     0 -47008.814    0  244 -45412.000 -47008.814  3.52%     -    0s
     0     0 -46999.049    0  226 -45412.000 -46999.049  3.49%     -    0s
H    0     0                    -45611.00000 -46999.049  3.04%     -    0s
     0     0 -46998.619    0  236 -45611.000 -46998.619  3.04%     -    0s
     0     0 -46998.577    0  244 -45611.000 -46998.577  3.04%     -    0s
     0     0 -46993.898    0  249 -45611.000 -46993.898  3.03%     -    0s
     0     0 -46993.295    0  242 -45611.000 -46993.295  3.03%     -    1s
     0     0 -46992.640    0  245 -45611.000 -46992.640  3.03%     -    1s
     0     0 -46992.298    0  265 -45611.000 -46992.298  3.03%     -    1s
     0     0 -46992.032    0  250 -45611.000 -46992.032  3.03%     -    1s
     0     0 -46979.749    0  271 -45611.000 -46979.749  3.00%     -    1s
     0     0 -46978.979    0  264 -45611.000 -46978.979  3.00%     -    1s
     0     0 -46978.492    0  262 -45611.000 -46978.492  3.00%     -    1s
     0     0 -46978.255    0  255 -45611.000 -46978.255  3.00%     -    1s
     0     0 -46970.170    0  237 -45611.000 -46970.170  2.98%     -    1s
     0     0 -46968.060    0  260 -45611.000 -46968.060  2.98%     -    1s
     0     0 -46967.715    0  291 -45611.000 -46967.715  2.97%     -    1s
     0     0 -46966.936    0  269 -45611.000 -46966.936  2.97%     -    1s
     0     0 -46966.757    0  278 -45611.000 -46966.757  2.97%     -    1s
     0     0 -46949.319    0  282 -45611.000 -46949.319  2.93%     -    1s
     0     0 -46946.318    0  272 -45611.000 -46946.318  2.93%     -    1s
     0     0 -46945.549    0  273 -45611.000 -46945.549  2.93%     -    1s
     0     0 -46945.439    0  267 -45611.000 -46945.439  2.93%     -    1s
     0     0 -46941.938    0  260 -45611.000 -46941.938  2.92%     -    1s
     0     0 -46937.964    0  255 -45611.000 -46937.964  2.91%     -    1s
     0     0 -46937.791    0  256 -45611.000 -46937.791  2.91%     -    1s
     0     0 -46934.605    0  280 -45611.000 -46934.605  2.90%     -    1s
     0     0 -46932.818    0  241 -45611.000 -46932.818  2.90%     -    1s
     0     0 -46932.273    0  223 -45611.000 -46932.273  2.90%     -    1s
     0     0 -46932.055    0  215 -45611.000 -46932.055  2.90%     -    1s
     0     0 -46930.645    0  237 -45611.000 -46930.645  2.89%     -    1s
     0     0 -46930.526    0  217 -45611.000 -46930.526  2.89%     -    1s
     0     0 -46927.852    0  222 -45611.000 -46927.852  2.89%     -    1s
     0     0 -46927.852    0  221 -45611.000 -46927.852  2.89%     -    1s
H    0     0                    -45642.00000 -46927.852  2.82%     -    1s
     0     2 -46927.852    0  221 -45642.000 -46927.852  2.82%     -    1s
H  131   135                    -45835.00000 -46925.265  2.38%  92.5    2s
H  298   299                    -45843.00000 -46925.265  2.36%  69.8    2s
H  575   541                    -45870.00000 -46922.992  2.30%  53.9    3s
  1065   968 -46869.634   16  205 -45870.000 -46922.992  2.30%  49.8    5s
H 1195  1003                    -45982.00000 -46880.763  1.95%  58.9    9s
  1219  1019 -46204.722   57  305 -45982.000 -46880.763  1.95%  57.8   10s
  1733  1417 -46813.584   79  133 -45982.000 -46877.222  1.95%  78.1   15s
  3029  2014     cutoff   38      -45982.000 -46875.681  1.94%  69.0   20s
  4913  3225 -46505.115  129  177 -45982.000 -46872.611  1.94%  70.8   25s
  6884  4952 -46612.401   83  146 -45982.000 -46871.001  1.93%  75.1   30s
  9672  7252 -46716.890   40  230 -45982.000 -46868.761  1.93%  75.8   35s
 12156  9485 -46712.974   56  233 -45982.000 -46867.108  1.92%  76.6   40s
 14240 11007 -46518.193  101  191 -45982.000 -46866.005  1.92%  79.6   45s
 16385 13102 -46342.699   82  191 -45982.000 -46863.438  1.92%  81.3   50s
 18608 14715 -46291.826  109  159 -45982.000 -46862.376  1.91%  84.5   55s
 20399 16390 -46421.213  102  176 -45982.000 -46861.226  1.91%  86.4   60s
 20866 16391 -46181.789   93  221 -45982.000 -46861.137  1.91%  86.8   69s
 20872 16395 -46332.659  132  217 -45982.000 -46861.137  1.91%  86.7   70s
 20933 16436 -46829.825   48  259 -45982.000 -46854.827  1.90%  86.5   75s
 20969 16460 -46599.047   49  301 -45982.000 -46849.030  1.89%  86.3   80s
 20976 16469 -46846.381   38  299 -45982.000 -46846.678  1.88%  87.3   86s
 21054 16529 -46839.385   46  304 -45982.000 -46844.635  1.88%  87.6   90s
 21549 16794 -46183.746   97  153 -45982.000 -46844.635  1.88%  88.4   95s
 22340 17270 -46395.093   45  250 -45982.000 -46841.453  1.87%  88.3  100s
H23092 16343                    -46138.00000 -46840.019  1.52%  87.7  101s
 24401 17152 -46229.386   70  197 -46138.000 -46837.979  1.52%  87.9  105s
 26562 18220 -46169.808   84  204 -46138.000 -46833.292  1.51%  88.1  110s
 28401 19093 -46645.121   56  293 -46138.000 -46829.271  1.50%  89.2  115s
 30099 19832 -46365.248  108  143 -46138.000 -46826.226  1.49%  90.4  120s
 31939 20693 -46497.186   52  249 -46138.000 -46822.301  1.48%  92.2  125s
 33467 21376 -46252.546   55  177 -46138.000 -46819.637  1.48%  94.0  130s
 35331 22163 -46363.370   63  234 -46138.000 -46816.200  1.47%  95.4  136s
 36596 22734 -46440.031  191  166 -46138.000 -46814.475  1.47%  96.5  141s
 38198 23369 -46382.414   59  238 -46138.000 -46810.874  1.46%  97.5  145s
 40148 24193 -46231.831   85  179 -46138.000 -46808.184  1.45%  99.2  150s
 41996 25004 -46617.557   49  261 -46138.000 -46804.643  1.44%   100  156s
 43792 25561 -46184.698   84  177 -46138.000 -46802.727  1.44%   102  160s
 45603 26366 -46232.459   72  234 -46138.000 -46800.664  1.44%   103  165s
 47355 27104 -46192.464  117  180 -46138.000 -46798.278  1.43%   104  170s
 49061 27836 -46379.807  152  156 -46138.000 -46794.885  1.42%   105  176s
 50429 28370     cutoff  142      -46138.000 -46792.982  1.42%   106  180s
 52154 28962 -46159.479   58  209 -46138.000 -46790.827  1.41%   107  185s
 53570 29649     cutoff   96      -46138.000 -46788.621  1.41%   107  190s
 55235 30301 -46212.142   68  190 -46138.000 -46785.044  1.40%   109  195s
 56521 30715 -46506.464   64  262 -46138.000 -46783.409  1.40%   109  200s
 57931 31321 -46315.505   74  183 -46138.000 -46780.263  1.39%   110  205s
 59676 31963 -46615.245   63  184 -46138.000 -46778.177  1.39%   111  211s
 60980 32506     cutoff   76      -46138.000 -46776.840  1.38%   112  216s
 62457 33233 -46192.595   66  196 -46138.000 -46775.510  1.38%   112  220s
 64083 34009 -46247.961   96  171 -46138.000 -46774.185  1.38%   113  225s
 66196 34521 -46625.397   61  258 -46138.000 -46771.897  1.37%   113  231s
 67512 35340 -46654.290   99  219 -46138.000 -46770.358  1.37%   114  235s
 69574 36612 -46744.569   50  276 -46138.000 -46768.284  1.37%   114  240s
 71289 37808 -46408.876  177  203 -46138.000 -46767.221  1.36%   115  246s
 72519 38858 -46331.625  109  200 -46138.000 -46765.517  1.36%   116  250s
 73908 39900 -46538.412   75  215 -46138.000 -46763.883  1.36%   116  255s
 75469 41128     cutoff   89      -46138.000 -46763.243  1.36%   117  260s
 77575 42405 -46223.187  120  144 -46138.000 -46761.863  1.35%   118  266s
 79001 43544 -46186.826   86  225 -46138.000 -46760.504  1.35%   119  270s
 80746 44949 -46701.599   74  282 -46138.000 -46759.495  1.35%   119  275s
 82217 46040 -46503.035   86  199 -46138.000 -46758.003  1.34%   119  280s
 84172 47488     cutoff   79      -46138.000 -46756.015  1.34%   120  286s
 85177 48239     cutoff   56      -46138.000 -46755.366  1.34%   120  290s
 87042 49344 -46147.589   68  216 -46138.000 -46754.411  1.34%   120  295s
 88561 50473 -46313.529   88  225 -46138.000 -46753.090  1.33%   121  300s
 90234 51821 -46148.306  117   98 -46138.000 -46751.886  1.33%   121  305s
 91894 53012 -46592.401   58  259 -46138.000 -46750.981  1.33%   122  310s
 93401 54232 -46139.065   84  213 -46138.000 -46749.975  1.33%   122  315s
 95103 55493 -46470.481   84  251 -46138.000 -46749.020  1.32%   122  320s
 97131 57194 -46609.850   65  187 -46138.000 -46746.869  1.32%   123  325s
 98855 58427 -46712.971   62  258 -46138.000 -46746.129  1.32%   122  330s
 100944 60036 -46443.194   79  155 -46138.000 -46745.270  1.32%   123  335s
 102830 61607 -46484.633  113   76 -46138.000 -46743.725  1.31%   123  341s
 104293 62585 -46719.985   68  251 -46138.000 -46742.546  1.31%   123  345s
 105859 63915 -46307.192  103  136 -46138.000 -46741.592  1.31%   124  350s
 107484 64855 -46494.556   66  140 -46138.000 -46740.759  1.31%   124  355s
 109023 65972 -46287.024   81  222 -46138.000 -46739.480  1.30%   124  360s
 110447 66979 -46620.280   74  255 -46138.000 -46738.180  1.30%   124  365s
 112005 68243 -46242.611   91  155 -46138.000 -46737.154  1.30%   125  370s
 113583 69468 -46351.769  147  173 -46138.000 -46735.866  1.30%   125  375s
 115136 70723 -46415.867   63  252 -46138.000 -46734.522  1.29%   125  380s
 116992 72236 -46680.950   59  235 -46138.000 -46733.284  1.29%   125  385s
 118817 73347 -46586.898   54  285 -46138.000 -46732.175  1.29%   125  390s
 120131 74443 -46631.046   58  255 -46138.000 -46731.446  1.29%   125  395s
 121910 75678 -46396.615   84  189 -46138.000 -46730.316  1.28%   125  400s
 123988 77138 -46540.910   88  215 -46138.000 -46729.256  1.28%   126  406s
 125583 78251 -46680.109   67  308 -46138.000 -46728.212  1.28%   126  411s
 126896 79372 -46295.040   73  235 -46138.000 -46727.470  1.28%   126  416s
 128808 80860 -46265.766   79  209 -46138.000 -46726.455  1.28%   126  421s
 129954 81676 -46560.382   95  226 -46138.000 -46726.020  1.27%   126  425s
 131415 82736 -46208.874   58  245 -46138.000 -46725.479  1.27%   127  430s
 132888 83709 -46356.886   94  139 -46138.000 -46724.814  1.27%   127  436s
 134608 84934 -46178.330  123  255 -46138.000 -46724.103  1.27%   127  441s
 135805 85808 -46345.485   87  242 -46138.000 -46723.501  1.27%   127  445s
 137523 87067 -46205.640   83  247 -46138.000 -46722.674  1.27%   128  450s
 139135 88339 -46415.603   81  192 -46138.000 -46721.625  1.26%   128  456s
 140256 89181 -46505.249   65  261 -46138.000 -46721.130  1.26%   128  460s
 142006 90334 -46273.266   75  199 -46138.000 -46720.245  1.26%   128  466s
 143303 91366 -46273.103   50  249 -46138.000 -46719.628  1.26%   128  470s
 144784 92337     cutoff   93      -46138.000 -46718.791  1.26%   129  475s
 146432 93547 -46623.684   66  272 -46138.000 -46718.069  1.26%   129  481s
 147685 94448 -46540.894   60  245 -46138.000 -46717.394  1.26%   129  485s
 149264 95637 -46609.649   59  240 -46138.000 -46716.470  1.25%   129  490s
 150934 96923 -46296.275  122  157 -46138.000 -46715.763  1.25%   129  496s
 152094 97841 -46501.052   64  183 -46138.000 -46715.050  1.25%   130  500s
 153678 98950 -46464.516   76  199 -46138.000 -46714.608  1.25%   130  506s
 154872 99784 -46163.649   53  223 -46138.000 -46713.719  1.25%   130  510s
 156621 101027     cutoff   78      -46138.000 -46712.923  1.25%   130  515s
 158288 102123 -46510.054   60  282 -46138.000 -46712.133  1.24%   130  521s
 159441 102944 -46637.270   61  244 -46138.000 -46711.436  1.24%   130  525s
 161035 104268 -46590.338   54  216 -46138.000 -46710.322  1.24%   131  531s
 162309 105047 -46318.291   72  209 -46138.000 -46709.824  1.24%   131  535s
 164038 106359     cutoff   85      -46138.000 -46708.803  1.24%   131  541s
 165363 107282 -46559.866   66  263 -46138.000 -46708.147  1.24%   131  545s
 167088 108339 -46582.944   79  270 -46138.000 -46707.261  1.23%   131  551s
 168133 109269 -46259.738   94  211 -46138.000 -46706.826  1.23%   131  555s
 169959 110515 -46648.886   59  191 -46138.000 -46706.023  1.23%   132  561s
 171181 111553 -46386.733   85  159 -46138.000 -46705.386  1.23%   132  565s
 173123 112783 -46558.689   78  233 -46138.000 -46704.365  1.23%   132  572s
 174356 113618 -46430.732   68  220 -46138.000 -46703.965  1.23%   132  576s
 175671 114667 -46247.472  104  199 -46138.000 -46703.125  1.22%   132  580s
 177515 115825     cutoff   85      -46138.000 -46702.177  1.22%   132  586s
 178600 116685 -46313.166   88  214 -46138.000 -46701.814  1.22%   132  590s
 180402 117835 -46320.763   60  273 -46138.000 -46700.971  1.22%   133  596s
 181449 118666 -46403.206  109  186 -46138.000 -46700.638  1.22%   133  600s

Cutting planes:
  Gomory: 36
  Cover: 536
  Clique: 73
  MIR: 626
  StrongCG: 351
  Flow cover: 250
  Zero half: 24
  RLT: 13
  Relax-and-lift: 4

Explored 182036 nodes (24169666 simplex iterations) in 600.00 seconds (1104.97 work units)
Thread count was 4 (of 56 available processors)

Solution count 10: -46138 -45982 -45870 ... -44857

Time limit reached
Best objective -4.613800000000e+04, best bound -4.670000000000e+04, gap 1.2181%
