
Gurobi 9.5.0 (linux64) logging started Wed Apr  6 19:31:11 2022

Set parameter LogFile to value "/local_workspace/chenrui/LogFiles/MKAP/MKAP_20_100_10_4_DWcutsT6_1h.log"
Gurobi Optimizer version 9.5.0 build v9.5.0rc5 (linux64)
Thread count: 56 physical cores, 56 logical processors, using up to 4 threads
Optimize a model with 12715 rows, 2200 columns and 106376 nonzeros
Model fingerprint: 0xafa64418
Variable types: 0 continuous, 2200 integer (2200 binary)
Coefficient statistics:
  Matrix range     [1e-13, 5e+03]
  Objective range  [3e+00, 1e+03]
  Bounds range     [1e+00, 1e+00]
  RHS range        [1e-13, 2e+02]
Warning: Model contains large matrix coefficient range
         Consider reformulating model or setting NumericFocus parameter
         to avoid numerical issues.
Found heuristic solution: objective 0.0000000
Presolve removed 6521 rows and 0 columns
Presolve time: 0.55s
Presolved: 6194 rows, 2200 columns, 58456 nonzeros
Variable types: 0 continuous, 2200 integer (2200 binary)
Found heuristic solution: objective -6312.000000

Root relaxation: objective -4.041752e+04, 5879 iterations, 0.72 seconds (1.11 work units)

    Nodes    |    Current Node    |     Objective Bounds      |     Work
 Expl Unexpl |  Obj  Depth IntInf | Incumbent    BestBd   Gap | It/Node Time

     0     0 -40417.517    0  259 -6312.0000 -40417.517   540%     -    1s
H    0     0                    -36130.00000 -40417.517  11.9%     -    1s
H    0     0                    -37940.00000 -40417.517  6.53%     -    1s
H    0     0                    -38030.00000 -40417.517  6.28%     -    1s
H    0     0                    -38509.00000 -40417.517  4.96%     -    1s
H    0     0                    -38629.00000 -40417.517  4.63%     -    1s
     0     0 -40386.822    0  290 -38629.000 -40386.822  4.55%     -    1s
H    0     0                    -39184.00000 -40386.822  3.07%     -    2s
     0     0 -40373.384    0  296 -39184.000 -40373.384  3.04%     -    2s
H    0     0                    -39207.00000 -40373.384  2.97%     -    2s
     0     0 -40373.329    0  296 -39207.000 -40373.329  2.97%     -    2s
     0     0 -40373.249    0  299 -39207.000 -40373.249  2.97%     -    2s
     0     0 -40373.249    0  300 -39207.000 -40373.249  2.97%     -    2s
     0     0 -40372.965    0  305 -39207.000 -40372.965  2.97%     -    2s
     0     0 -40372.953    0  304 -39207.000 -40372.953  2.97%     -    2s
     0     0 -40372.953    0  298 -39207.000 -40372.953  2.97%     -    3s
     0     2 -40372.953    0  298 -39207.000 -40372.953  2.97%     -    3s
    59    64 -40253.080   14  202 -39207.000 -40367.062  2.96%   295    5s
H   60    64                    -39246.00000 -40367.062  2.86%   290    5s
H   60    64                    -39558.00000 -40367.062  2.05%   290    5s
H  382   288                    -39647.00000 -40365.010  1.81%   162    7s
   924   675 -40246.393   14  174 -39647.000 -40358.762  1.80%   157   10s
  1033   702 -40353.423    5  310 -39647.000 -40355.989  1.79%   153   15s
  1055   717 -40314.091   12  341 -39647.000 -40314.091  1.68%   150   20s
  1058   722 -40313.877   11  340 -39647.000 -40313.877  1.68%   159   27s
  1080   741 -40295.808   15  289 -39647.000 -40311.165  1.68%   163   30s
H 1122   729                    -39699.00000 -40311.165  1.54%   169   32s
H 1147   712                    -39722.00000 -40311.165  1.48%   172   33s
  1224   779 -40256.708   32  267 -39722.000 -40311.165  1.48%   177   35s
  1612   960 -40116.069   60  187 -39722.000 -40311.165  1.48%   171   40s
  2461  1337 -40277.026   22  317 -39722.000 -40288.903  1.43%   153   45s
  2951  1558 -40030.424   46  171 -39722.000 -40283.056  1.41%   159   50s
  3838  2226 -39727.286   35  264 -39722.000 -40276.268  1.40%   149   55s
  4798  3050 -40016.792   61  175 -39722.000 -40273.562  1.39%   148   60s
  5818  3629 -40012.145   37  286 -39722.000 -40270.157  1.38%   149   65s
  6345  4189 -39803.927   60  170 -39722.000 -40267.236  1.37%   148   71s
  7132  4684 -40133.896   42  235 -39722.000 -40264.568  1.37%   146   75s
  8297  5718 -39886.058   79  170 -39722.000 -40259.379  1.35%   145   81s
  9416  6467 -40137.506   58  244 -39722.000 -40254.823  1.34%   144   86s
 10354  7383 -39785.318   56  189 -39722.000 -40250.250  1.33%   144   93s
 11291  7783 -39894.867   44  188 -39722.000 -40248.199  1.32%   145   96s
 11943  8529 -39816.552   61  213 -39722.000 -40246.629  1.32%   146  101s
 12876  9266 -40204.233   30  213 -39722.000 -40245.176  1.32%   146  105s
 13779  9844 -40118.052   38  247 -39722.000 -40244.097  1.31%   145  110s
 14295 10296 -40190.362   36  275 -39722.000 -40242.949  1.31%   146  115s
 15953 11410 -39938.874   53  202 -39722.000 -40240.960  1.31%   145  121s
 16977 12282 -40213.977   27  255 -39722.000 -40239.512  1.30%   145  126s
 18128 12994 -39894.209   62  192 -39722.000 -40238.568  1.30%   144  130s
 19376 13932 -40123.376   36  236 -39722.000 -40237.669  1.30%   144  136s
 20356 14687 -39988.746   49  205 -39722.000 -40236.759  1.30%   143  140s
 20888 14688 -39904.675   35  298 -39722.000 -40236.605  1.30%   143  183s
 20891 14690 -40229.949   33  296 -39722.000 -40236.605  1.30%   143  185s
 20902 14697 -40055.571   41  340 -39722.000 -40236.605  1.30%   143  190s
 20908 14701 -40132.699   46  348 -39722.000 -40236.605  1.30%   143  195s
 20912 14704 -40179.378   42  364 -39722.000 -40236.605  1.30%   143  200s
 20916 14707 -39965.002   39  362 -39722.000 -40236.605  1.30%   143  205s
 20920 14709 -39848.441   74  347 -39722.000 -40236.605  1.30%   143  210s
 20923 14711 -40148.794   31  357 -39722.000 -40236.605  1.30%   143  216s
 20925 14716 -40236.605   24  342 -39722.000 -40236.605  1.30%   143  223s
 20927 14719 -40236.605   25  353 -39722.000 -40236.605  1.30%   143  228s
 20931 14722 -40236.605   26  335 -39722.000 -40236.605  1.30%   143  232s
 20935 14724 -40236.605   26  317 -39722.000 -40236.605  1.30%   143  236s
 20947 14735 -40236.605   28  331 -39722.000 -40236.605  1.30%   144  240s
 20973 14755 -40236.605   31  316 -39722.000 -40236.605  1.30%   144  245s
 21054 14812 -40236.605   40  276 -39722.000 -40236.605  1.30%   145  250s
 21193 14898 -40113.319   62  123 -39722.000 -40236.605  1.30%   145  255s
 21636 15063 -39949.209   56  264 -39722.000 -40236.605  1.30%   146  260s
 22178 15242 -40177.411   61  247 -39722.000 -40236.605  1.30%   147  265s
 22765 15596 -39907.383   82  216 -39722.000 -40236.605  1.30%   147  270s
 23482 15949 -40023.916   69  211 -39722.000 -40236.605  1.30%   148  275s
 24233 16379 -39859.390  105  140 -39722.000 -40236.605  1.30%   149  280s
 24864 16627 -40074.901   71  251 -39722.000 -40236.605  1.30%   149  285s
 25941 17024 -39817.672   85  192 -39722.000 -40236.605  1.30%   149  292s
 26488 17258 -40225.345   57  294 -39722.000 -40236.605  1.30%   149  297s
 27033 17622 -39913.900   70  175 -39722.000 -40236.605  1.30%   149  301s
 27793 17846 -39807.426   74  207 -39722.000 -40236.605  1.30%   149  305s
 28486 18192 -39753.418   71  217 -39722.000 -40236.605  1.30%   150  310s
 29513 18772 -40063.817   67  261 -39722.000 -40236.605  1.30%   152  317s
 30513 19043 -39966.721   72  192 -39722.000 -40236.247  1.29%   152  322s
 30929 19268 -39763.502   84  204 -39722.000 -40235.739  1.29%   153  325s
 32211 19658 -40209.657   43  238 -39722.000 -40233.171  1.29%   154  332s
 32923 19885 -40061.874   66  233 -39722.000 -40231.650  1.28%   155  337s
 33775 20344 -40019.051   57  268 -39722.000 -40230.289  1.28%   155  342s
 34243 20449 -40200.795   45  268 -39722.000 -40229.737  1.28%   155  345s
 35169 20831 -40127.425   64  226 -39722.000 -40228.952  1.28%   156  350s
 36130 21224 -40045.491   41  223 -39722.000 -40227.772  1.27%   156  356s
 37056 21426     cutoff   63      -39722.000 -40227.015  1.27%   157  361s
 37880 21754     cutoff   82      -39722.000 -40226.209  1.27%   158  366s
 38792 22064 -40030.051   52  241 -39722.000 -40225.646  1.27%   159  372s
 39183 22237 -39886.930   49  284 -39722.000 -40225.173  1.27%   159  375s
 40117 22484 -40032.669   51  222 -39722.000 -40223.534  1.26%   160  380s
 40856 22884 -39823.602   82  216 -39722.000 -40222.524  1.26%   160  386s
 41821 23293 -40149.369   45  213 -39722.000 -40221.626  1.26%   161  393s
 42461 23335 -39854.445   52  209 -39722.000 -40221.005  1.26%   161  396s
 43255 23731 -39981.851   59  201 -39722.000 -40220.152  1.25%   162  402s
 43817 23915 -39921.996   34  251 -39722.000 -40219.649  1.25%   162  405s
 44776 24221     cutoff   69      -39722.000 -40219.155  1.25%   162  411s
 45613 24577 -40195.213   47  281 -39722.000 -40217.769  1.25%   163  417s
 46078 24829 -39857.842   67  171 -39722.000 -40217.387  1.25%   164  420s
 47097 25232 -39928.795   63  209 -39722.000 -40216.525  1.24%   164  426s
 48159 25512 -40109.014   54  289 -39722.000 -40215.584  1.24%   164  432s
 48648 25645 -39899.675   39  244 -39722.000 -40215.190  1.24%   164  435s
 49580 25937 -40167.498   43  240 -39722.000 -40214.025  1.24%   165  441s
 50078 26223 -40088.267   43  236 -39722.000 -40213.617  1.24%   165  445s
 51227 26638 -40042.654   50  258 -39722.000 -40212.499  1.23%   165  451s
 52288 26983 -40153.258   48  286 -39722.000 -40211.813  1.23%   166  459s
 52835 27162 -39980.734   72  197 -39722.000 -40211.287  1.23%   166  462s
 53333 27435 -40140.361   64  300 -39722.000 -40210.987  1.23%   166  466s
 54578 27927 -39952.760   55  231 -39722.000 -40210.159  1.23%   167  473s
 55147 28143 -39735.027  110  169 -39722.000 -40209.671  1.23%   167  476s
 56170 28421 -39891.302   68  234 -39722.000 -40209.011  1.23%   167  482s
 56576 28682 -40014.053   75  225 -39722.000 -40208.843  1.23%   167  485s
 57711 29010 -40121.105   45  240 -39722.000 -40208.038  1.22%   168  492s
 58060 29253 -39986.440   65  258 -39722.000 -40207.831  1.22%   168  495s
 59170 29587 -40070.381   60  234 -39722.000 -40207.304  1.22%   168  502s
 59597 29872 -39984.717   74  210 -39722.000 -40206.962  1.22%   168  505s
 60721 30125 -39762.366   65  246 -39722.000 -40206.373  1.22%   168  511s
 61674 30394 -39855.371   71  191 -39722.000 -40205.762  1.22%   169  518s
 62115 30610 -39774.467  107  167 -39722.000 -40205.464  1.22%   169  521s
 62678 30946 -39949.120   62  251 -39722.000 -40204.883  1.22%   169  525s
 63818 31288     cutoff   58      -39722.000 -40204.150  1.21%   169  531s
 64669 31616 -40094.097   59  273 -39722.000 -40203.406  1.21%   170  536s
 65128 31899 -40140.892   57  252 -39722.000 -40203.239  1.21%   170  540s
 66250 32645 -39828.381   58  267 -39722.000 -40202.494  1.21%   170  546s
 67310 33192 -39816.519   85  244 -39722.000 -40201.647  1.21%   170  552s
 67561 33669 -39749.452   57  188 -39722.000 -40201.445  1.21%   170  556s
 68664 34360 -39789.227   78  158 -39722.000 -40200.636  1.20%   171  562s
 69316 34664 -40056.963   54  254 -39722.000 -40200.401  1.20%   171  566s
 70342 35322 -39840.954   60  242 -39722.000 -40199.844  1.20%   171  572s
 70858 35661 -39823.678   60  186 -39722.000 -40199.454  1.20%   171  576s
 71930 36493 -39876.914   66  248 -39722.000 -40198.742  1.20%   172  583s
 72492 36940 -40176.861   55  268 -39722.000 -40198.505  1.20%   172  586s
 73094 37440 -39787.308   68  248 -39722.000 -40198.182  1.20%   172  591s
 74263 38266 -40028.455   61  196 -39722.000 -40197.458  1.20%   172  597s
 74881 38679 -39920.963   70  209 -39722.000 -40197.285  1.20%   172  601s
 76070 39544 -39910.124   93  270 -39722.000 -40196.817  1.20%   173  608s
 76708 39914 -40042.673   62  246 -39722.000 -40196.476  1.19%   173  611s
 77792 40649 -40045.267   73  195 -39722.000 -40195.904  1.19%   173  617s
 78322 40956 -40075.450   44  240 -39722.000 -40195.725  1.19%   173  621s
 79344 41752 -39740.236   63  198 -39722.000 -40195.210  1.19%   173  627s
 79933 42157 -39926.248   69  216 -39722.000 -40194.750  1.19%   173  631s
 81105 43034 -39869.450   66  237 -39722.000 -40194.249  1.19%   174  638s
 81696 43409 -40186.943   51  237 -39722.000 -40194.228  1.19%   174  641s
 82240 43827     cutoff  103      -39722.000 -40194.040  1.19%   174  645s
 83401 44626     cutoff   63      -39722.000 -40193.533  1.19%   174  653s
 83935 45038 -39807.670   92  226 -39722.000 -40193.208  1.19%   174  657s
 84505 45533 -39868.419   65  240 -39722.000 -40193.014  1.19%   175  661s
 85242 45992 -40142.138   59  245 -39722.000 -40192.447  1.18%   175  665s
 86659 46923 -39876.157   66  206 -39722.000 -40191.930  1.18%   175  672s
 87305 47339 -39832.634   61  212 -39722.000 -40191.505  1.18%   175  676s
 88561 48056 -40015.165   75  209 -39722.000 -40190.798  1.18%   175  683s
 88963 48470 -39941.918   60  256 -39722.000 -40190.758  1.18%   175  686s
 89577 48825 -39781.127   58  218 -39722.000 -40190.633  1.18%   175  690s
H90729 41742                    -39784.00000 -40190.179  1.02%   176  697s
 91269 41914     cutoff   94      -39784.000 -40189.821  1.02%   176  701s
 92153 42582 -40067.248   43  227 -39784.000 -40189.382  1.02%   176  708s
 92703 43019 -40050.664   63  239 -39784.000 -40189.202  1.02%   176  711s
 93354 43414 -39875.680   73  221 -39784.000 -40188.924  1.02%   176  715s
 94026 43819 -39942.384   79  225 -39784.000 -40188.517  1.02%   176  720s
 95240 44569 -39976.256   76  226 -39784.000 -40187.781  1.01%   176  727s
 95740 44923 -39917.577   70  236 -39784.000 -40187.511  1.01%   176  731s
 96373 45264     cutoff   95      -39784.000 -40187.111  1.01%   176  735s
 97647 46147 -39933.321   66  220 -39784.000 -40186.482  1.01%   176  742s
 98275 46474 -39998.610   60  227 -39784.000 -40185.931  1.01%   176  746s
 99510 47255 -39905.149   81  260 -39784.000 -40185.255  1.01%   176  753s
 100109 47635     cutoff   78      -39784.000 -40184.894  1.01%   176  756s
H100219 40063                    -39834.00000 -40184.894  0.88%   177  756s
 100675 40351 -40039.456   55  243 -39834.000 -40184.559  0.88%   177  760s
 101860 41052 -40090.818   51  267 -39834.000 -40183.924  0.88%   177  767s
 102426 41389 -39973.119   57  169 -39834.000 -40183.578  0.88%   177  771s
 103051 41769 -39993.049   53  240 -39834.000 -40183.341  0.88%   177  775s
 104238 42492 -40120.139   45  242 -39834.000 -40182.430  0.87%   177  783s
 104957 42830 -40044.749   58  232 -39834.000 -40181.909  0.87%   177  786s
 106068 43426 -40119.111   49  269 -39834.000 -40181.348  0.87%   177  793s
 106578 43748 -40171.007   59  256 -39834.000 -40181.196  0.87%   177  796s
 107132 44071 -40090.764   63  271 -39834.000 -40180.844  0.87%   177  800s
 108411 44762 -40116.929   56  289 -39834.000 -40180.194  0.87%   177  807s
 108998 45038 -39887.513   56  240 -39834.000 -40179.953  0.87%   177  811s
H109387 41071                    -39857.00000 -40179.898  0.81%   177  811s
 110126 41858 -39919.277   93  133 -39857.000 -40179.466  0.81%   177  818s
 110776 42193 -40051.041   50  230 -39857.000 -40178.967  0.81%   178  822s
 111425 42472 -39976.067   61  205 -39857.000 -40178.675  0.81%   178  825s
 112613 43080 -39929.155   75  212 -39857.000 -40177.987  0.81%   177  832s
 113152 43310 -39902.616   91  237 -39857.000 -40177.692  0.80%   178  836s
 114386 43947 -39864.922  109  144 -39857.000 -40177.121  0.80%   178  843s
 114967 44370 -40056.748   64  218 -39857.000 -40176.694  0.80%   178  847s
 115701 44647 -40036.744   71  251 -39857.000 -40176.470  0.80%   178  850s
 116769 45265     cutoff   74      -39857.000 -40175.762  0.80%   178  857s
 117302 45558 -40064.452   57  251 -39857.000 -40175.552  0.80%   178  861s
 118472 46227 -40106.163   51  265 -39857.000 -40174.834  0.80%   178  868s
 119096 46507 -40066.752   55  267 -39857.000 -40174.455  0.80%   178  872s
 119697 46824 -39868.036   60  188 -39857.000 -40174.015  0.80%   178  875s
 120914 47424 -40045.672   59  247 -39857.000 -40173.328  0.79%   178  882s
 121511 47658 -39865.720   65  191 -39857.000 -40172.881  0.79%   178  886s
 122727 48220 -39949.868   68  231 -39857.000 -40172.166  0.79%   178  893s
 123167 48535 -39914.296   60  239 -39857.000 -40171.899  0.79%   178  896s
 123741 48821 -39962.451   48  228 -39857.000 -40171.457  0.79%   178  900s
 124987 49400 -39899.632   61  274 -39857.000 -40170.888  0.79%   179  907s
 125515 49780 -39865.246   77  155 -39857.000 -40170.867  0.79%   179  911s
 126176 50078     cutoff   60      -39857.000 -40170.467  0.79%   179  915s
 127302 50702 -39903.009   73  216 -39857.000 -40169.756  0.78%   179  922s
 127947 51051 -39866.788   69  221 -39857.000 -40169.506  0.78%   179  926s
 129165 51672 -39966.378   76  214 -39857.000 -40168.946  0.78%   179  933s
 129750 51986 -39983.529   32  287 -39857.000 -40168.444  0.78%   179  937s
 130333 52355 -39927.569   81  195 -39857.000 -40168.165  0.78%   179  940s
 131575 52940 -40063.360   53  272 -39857.000 -40167.431  0.78%   179  947s
 132115 53240 -40008.674   69  209 -39857.000 -40167.048  0.78%   179  951s
 133194 53865 -39885.109   55  207 -39857.000 -40166.448  0.78%   180  958s
 133848 54092 -39983.988   60  206 -39857.000 -40165.958  0.78%   180  962s
 134336 54460 -39907.868   59  209 -39857.000 -40165.685  0.77%   180  965s
 135587 55039 -40084.203   55  232 -39857.000 -40165.079  0.77%   180  972s
 136192 55398 -39879.763   77  209 -39857.000 -40164.812  0.77%   180  977s
 136832 55700 -39896.369   74  239 -39857.000 -40164.434  0.77%   180  981s
 138048 56263 -39948.762   51  249 -39857.000 -40164.054  0.77%   180  988s
 138595 56513 -39962.331   49  256 -39857.000 -40163.885  0.77%   180  991s
 139088 56837 -39948.121   59  232 -39857.000 -40163.783  0.77%   180  995s
 140237 57459 -39904.298   73  198 -39857.000 -40163.205  0.77%   180 1002s
 140869 57765 -40010.304   46  268 -39857.000 -40162.972  0.77%   180 1006s
 141487 58060 -39867.736   63  236 -39857.000 -40162.642  0.77%   180 1010s
 142772 58703 -40022.405   62  235 -39857.000 -40161.844  0.76%   180 1017s
 143334 59057 -40075.504   53  275 -39857.000 -40161.566  0.76%   180 1021s
 143957 59367 -39982.016   82  210 -39857.000 -40161.143  0.76%   180 1025s
H144086 56887                    -39868.00000 -40161.143  0.74%   181 1025s
 145046 57304 -39875.138   75  191 -39868.000 -40160.578  0.73%   180 1032s
 145572 57606     cutoff   71      -39868.000 -40160.368  0.73%   180 1036s
 146172 57850     cutoff   53      -39868.000 -40160.009  0.73%   180 1040s
 147249 58484 -39992.744   64  193 -39868.000 -40159.350  0.73%   180 1049s
 147962 58837 -40110.782   58  267 -39868.000 -40158.738  0.73%   181 1053s
 148609 59179 -39888.879   57  200 -39868.000 -40158.337  0.73%   181 1056s
 149321 59456 -39956.189   57  241 -39868.000 -40157.983  0.73%   181 1060s
 150455 60050 -39954.100   56  203 -39868.000 -40157.434  0.73%   181 1068s
 150955 60364 -39993.030   62  183 -39868.000 -40157.056  0.73%   181 1071s
 151565 60646 -40017.644   64  270 -39868.000 -40156.681  0.72%   181 1075s
 152880 61274 -39875.598   65  233 -39868.000 -40156.128  0.72%   181 1082s
 153416 61540     cutoff   88      -39868.000 -40155.788  0.72%   181 1086s
 153957 61776 -40093.606   50  260 -39868.000 -40155.600  0.72%   181 1090s
 154996 62379 -40050.573   64  231 -39868.000 -40154.993  0.72%   181 1097s
 155562 62660 -39971.405   48  223 -39868.000 -40154.674  0.72%   181 1101s
 156214 62960 -39931.961   74  168 -39868.000 -40154.345  0.72%   181 1105s
 157523 63553 -39971.345   88  205 -39868.000 -40153.507  0.72%   181 1113s
 158092 63889 -40062.944   54  249 -39868.000 -40153.352  0.72%   181 1117s
 158744 64181 -39964.085   59  232 -39868.000 -40153.119  0.72%   181 1121s
 159997 64740     cutoff   65      -39868.000 -40152.512  0.71%   181 1128s
 160597 65017 -39957.050   71  191 -39868.000 -40152.297  0.71%   182 1132s
 161186 65327 -40047.059   40  199 -39868.000 -40151.953  0.71%   182 1135s
 162453 65841 -40090.550   48  238 -39868.000 -40151.194  0.71%   182 1143s
 163105 66152 -39912.800   70  233 -39868.000 -40150.907  0.71%   182 1146s
 163717 66472 -39881.148   66  201 -39868.000 -40150.566  0.71%   182 1150s
 164924 67129 -39995.354   61  215 -39868.000 -40149.982  0.71%   182 1157s
 165592 67347 -39900.165   69  176 -39868.000 -40149.716  0.71%   182 1161s
 166668 67870 -39906.024   61  253 -39868.000 -40149.135  0.71%   182 1168s
 167277 68215     cutoff   86      -39868.000 -40148.963  0.70%   182 1172s
 167905 68519     cutoff   77      -39868.000 -40148.717  0.70%   182 1176s
 168505 68849 -39884.843   69  212 -39868.000 -40148.362  0.70%   182 1180s
 169641 69397     cutoff   65      -39868.000 -40147.788  0.70%   182 1187s
 170318 69658     cutoff   65      -39868.000 -40147.448  0.70%   182 1191s
 170955 69929 -39993.313   48  261 -39868.000 -40147.179  0.70%   182 1195s
 172153 70485 -39901.705   63  258 -39868.000 -40146.646  0.70%   182 1202s
 172713 70807 -39883.236   63  243 -39868.000 -40146.379  0.70%   182 1206s
 173967 71410 -39909.229   72  249 -39868.000 -40145.748  0.70%   182 1213s
 174652 71642 -39962.709   62  241 -39868.000 -40145.372  0.70%   182 1217s
 175276 71905     cutoff   67      -39868.000 -40145.102  0.70%   182 1220s
 176490 72478 -39892.500   46  242 -39868.000 -40144.596  0.69%   182 1228s
 177003 72789 -39882.422   51  265 -39868.000 -40144.492  0.69%   182 1231s
 177658 73091 -39908.637   78  173 -39868.000 -40144.273  0.69%   182 1235s
 178918 73722 -40122.200   42  263 -39868.000 -40143.723  0.69%   182 1243s
 179498 73947 -40044.608   57  250 -39868.000 -40143.423  0.69%   182 1246s
 180591 74464 -39903.573   58  169 -39868.000 -40143.087  0.69%   182 1253s
 181186 74726 -39963.226   85  239 -39868.000 -40142.940  0.69%   182 1256s
 181777 74950 -40102.649   50  220 -39868.000 -40142.658  0.69%   182 1260s
 182974 75536 -39986.770   71  249 -39868.000 -40142.125  0.69%   182 1267s
 183553 75808 -40004.233   67  174 -39868.000 -40141.873  0.69%   182 1270s
 184723 76420 -39885.579   63  219 -39868.000 -40141.527  0.69%   182 1278s
 185322 76629 -39940.650   74  205 -39868.000 -40141.291  0.69%   182 1281s
 185814 76907 -39890.451   74  193 -39868.000 -40140.952  0.68%   182 1285s
 186967 77439 -39872.257   67  212 -39868.000 -40140.587  0.68%   182 1292s
 187551 77710 -39992.400   43  260 -39868.000 -40140.366  0.68%   183 1296s
 188779 78300 -39940.977   69  267 -39868.000 -40139.873  0.68%   183 1304s
 189450 78576 -39998.122   46  226 -39868.000 -40139.628  0.68%   183 1307s
 190052 78814 -40004.013   60  255 -39868.000 -40139.432  0.68%   183 1310s
 190995 79338 -39963.189   63  157 -39868.000 -40139.103  0.68%   183 1318s
 191628 79592 -39877.420   45  247 -39868.000 -40138.938  0.68%   183 1321s
 192234 79852 -40006.987   52  189 -39868.000 -40138.644  0.68%   183 1325s
 193486 80328     cutoff   59      -39868.000 -40138.228  0.68%   183 1332s
 193990 80600     cutoff   65      -39868.000 -40137.983  0.68%   183 1336s
 194657 80919 -39996.927   64  243 -39868.000 -40137.622  0.68%   183 1340s
 195981 81488     cutoff   59      -39868.000 -40137.146  0.68%   183 1347s
 196587 81783     cutoff   61      -39868.000 -40136.849  0.67%   183 1351s
 197716 82308 -39921.268   63  173 -39868.000 -40136.526  0.67%   183 1358s
 198325 82528 -40049.497   53  173 -39868.000 -40136.322  0.67%   183 1361s
 198850 82751 -39871.411   68  191 -39868.000 -40136.200  0.67%   183 1365s
 200141 83303 -39871.938   56  201 -39868.000 -40135.724  0.67%   183 1373s
 200762 83586 -39875.339   71  206 -39868.000 -40135.443  0.67%   183 1376s
 201360 83843 -39962.789   65  203 -39868.000 -40135.196  0.67%   183 1380s
 202463 84398 -39946.399   53  250 -39868.000 -40134.716  0.67%   183 1386s
 203037 84668 -40073.070   61  276 -39868.000 -40134.537  0.67%   183 1390s
 204279 85098 -39885.159   67  208 -39868.000 -40134.003  0.67%   183 1397s
 204837 85381 -40017.663   41  268 -39868.000 -40133.684  0.67%   183 1400s
 206054 85809 -39939.257   75  219 -39868.000 -40133.183  0.67%   183 1407s
 206617 85971 -40086.335   47  260 -39868.000 -40132.892  0.66%   183 1411s
 207633 86543 -39914.122   64  238 -39868.000 -40132.594  0.66%   183 1418s
 208261 86796 -40018.809   56  200 -39868.000 -40132.261  0.66%   183 1421s
 208826 87063 -39905.540   58  206 -39868.000 -40131.995  0.66%   183 1425s
 210071 87603     cutoff   57      -39868.000 -40131.508  0.66%   183 1433s
 210734 87823 -39935.915   66  177 -39868.000 -40131.252  0.66%   183 1436s
 211864 88327 -39901.885   49  225 -39868.000 -40130.787  0.66%   183 1443s
 212511 88621     cutoff   64      -39868.000 -40130.631  0.66%   183 1446s
 213125 88846 -39892.176   77  210 -39868.000 -40130.308  0.66%   183 1450s
 214250 89339     cutoff   74      -39868.000 -40129.981  0.66%   183 1457s
 214853 89577 -39873.789   55  184 -39868.000 -40129.879  0.66%   183 1461s
 216056 90210     cutoff   65      -39868.000 -40129.365  0.66%   183 1468s
 216753 90469 -39975.515   59  195 -39868.000 -40129.137  0.66%   183 1471s
 217356 90728 -39939.468   64   74 -39868.000 -40128.896  0.65%   183 1475s
 218518 91265 -39917.815   69  234 -39868.000 -40128.474  0.65%   183 1482s
 219021 91559 -39971.238   71  151 -39868.000 -40128.359  0.65%   183 1485s
 220319 92062 -39930.203   83  195 -39868.000 -40127.800  0.65%   183 1493s
 221033 92276 -40032.292   61  198 -39868.000 -40127.521  0.65%   183 1496s
 221625 92464 -39898.958   52  231 -39868.000 -40127.259  0.65%   183 1500s
 222760 92975 -39935.593   63  240 -39868.000 -40126.924  0.65%   183 1506s
 223832 93445 -40015.677   64  233 -39868.000 -40126.546  0.65%   183 1513s
 224446 93721 -40022.242   50  282 -39868.000 -40126.297  0.65%   183 1516s
 225583 94198 -39938.699   48  244 -39868.000 -40125.918  0.65%   183 1523s
 226047 94497 -40062.708   55  234 -39868.000 -40125.704  0.65%   183 1526s
 226610 94742 -39872.052   59  206 -39868.000 -40125.598  0.65%   183 1530s
 227910 95316 -39947.510   54  232 -39868.000 -40125.026  0.64%   183 1536s
 228454 95608 -39880.503   60  201 -39868.000 -40124.858  0.64%   183 1540s
 229688 96116     cutoff   58      -39868.000 -40124.327  0.64%   183 1547s
 230302 96317 -40031.472   59  228 -39868.000 -40124.094  0.64%   182 1550s
 230884 96559 -39886.338   61  221 -39868.000 -40123.898  0.64%   182 1555s
 232178 97235 -39945.651   61  207 -39868.000 -40123.504  0.64%   182 1563s
 232828 97538 -40100.294   50  245 -39868.000 -40123.358  0.64%   182 1566s
 233470 97774 -39921.036   63  177 -39868.000 -40123.151  0.64%   182 1570s
 234707 98309 -40096.043   52  226 -39868.000 -40122.747  0.64%   182 1577s
 235281 98551     cutoff   61      -39868.000 -40122.505  0.64%   183 1581s
 236472 99111 -40096.130   46  269 -39868.000 -40122.103  0.64%   182 1588s
 237138 99332 -39979.112   64  231 -39868.000 -40121.818  0.64%   182 1591s
 237757 99638 -39880.891   75  201 -39868.000 -40121.588  0.64%   182 1595s
 238978 100189 -39895.749   67  215 -39868.000 -40121.176  0.64%   182 1602s
 239632 100402 -39973.044   62  232 -39868.000 -40121.000  0.63%   182 1605s
 240790 100894 -39944.930   70  236 -39868.000 -40120.646  0.63%   182 1612s
 241277 101178     cutoff   83      -39868.000 -40120.572  0.63%   182 1617s
 241917 101459 -40067.361   55  219 -39868.000 -40120.428  0.63%   182 1620s
 243106 101921 -39958.039   68  187 -39868.000 -40120.105  0.63%   182 1627s
 243660 102213 -39880.726   69  231 -39868.000 -40119.954  0.63%   182 1631s
 244845 102699 -39924.305   76  225 -39868.000 -40119.666  0.63%   182 1638s
 245306 102939     cutoff   52      -39868.000 -40119.491  0.63%   182 1641s
 245918 103226 -39897.316   65  217 -39868.000 -40119.286  0.63%   182 1645s
 247173 103799 -39998.484   72  257 -39868.000 -40118.894  0.63%   182 1652s
 247701 104114 -39960.236   73  219 -39868.000 -40118.777  0.63%   182 1656s
 249041 104657 -39884.534   62  184 -39868.000 -40118.389  0.63%   182 1663s
 249645 104966 -39966.953   66  193 -39868.000 -40118.209  0.63%   182 1667s
 250237 105246     cutoff   61      -39868.000 -40118.084  0.63%   182 1670s
 251448 105830 -39946.703   62  244 -39868.000 -40117.644  0.63%   182 1677s
 252132 106100     cutoff   44      -39868.000 -40117.442  0.63%   182 1682s
 252789 106317 -39902.565   61  233 -39868.000 -40117.209  0.63%   182 1685s
 253980 106779 -39901.425   68  249 -39868.000 -40116.885  0.62%   182 1692s
 254456 107012 -40107.559   49  257 -39868.000 -40116.731  0.62%   182 1695s
 255720 107558 -40000.133   59  182 -39868.000 -40116.276  0.62%   182 1702s
 256310 107939 -39993.490   64  221 -39868.000 -40116.141  0.62%   182 1706s
 257510 108419 -39973.260   47  248 -39868.000 -40115.904  0.62%   182 1713s
 257973 108657 -39959.574   58  246 -39868.000 -40115.740  0.62%   182 1717s
 258523 108952 -40104.824   43  278 -39868.000 -40115.554  0.62%   182 1720s
 259894 109496 -39962.795   55  233 -39868.000 -40115.230  0.62%   182 1727s
 260446 109732 -39896.647   79  188 -39868.000 -40115.059  0.62%   182 1731s
 261655 110254 -39929.077   68  223 -39868.000 -40114.677  0.62%   182 1738s
 262283 110545 -40056.555   50  232 -39868.000 -40114.514  0.62%   182 1741s
 262880 110820 -39905.003   74  238 -39868.000 -40114.321  0.62%   182 1746s
 264040 111281 -39983.691   66  229 -39868.000 -40114.001  0.62%   182 1752s
 264686 111576 -40059.736   55  302 -39868.000 -40113.790  0.62%   182 1756s
 265906 112060 -39915.144   71  199 -39868.000 -40113.429  0.62%   182 1763s
 266475 112319 -39884.555   57  200 -39868.000 -40113.277  0.62%   182 1766s
 267069 112572 -39980.130   50  238 -39868.000 -40113.092  0.61%   182 1770s
 268286 113116 -39935.089   70  184 -39868.000 -40112.864  0.61%   182 1778s
 268906 113387 -39956.385   58  247 -39868.000 -40112.708  0.61%   182 1781s
 270020 113863 -39883.803   60  214 -39868.000 -40112.374  0.61%   182 1788s
 270619 114180 -40005.729   58  256 -39868.000 -40112.190  0.61%   182 1791s
 271304 114365     cutoff   44      -39868.000 -40112.083  0.61%   182 1795s
 272406 114871 -39884.734   61  234 -39868.000 -40111.744  0.61%   182 1802s
 273051 115063 -39915.240   64  202 -39868.000 -40111.531  0.61%   182 1805s
 273652 115275 -39923.160   63  204 -39868.000 -40111.399  0.61%   182 1810s
 274858 115792 -40057.570   54  268 -39868.000 -40111.025  0.61%   182 1817s
 275513 116044     cutoff   51      -39868.000 -40110.793  0.61%   182 1821s
 276161 116338 -40105.399   60  214 -39868.000 -40110.655  0.61%   182 1825s
 277484 116854 -40013.898   52  205 -39868.000 -40110.256  0.61%   182 1831s
 278000 117123 -40099.238   35  292 -39868.000 -40110.116  0.61%   182 1835s
 279245 117681 -39888.357   71  255 -39868.000 -40109.797  0.61%   182 1842s
 279833 117846 -40045.454   54  246 -39868.000 -40109.603  0.61%   182 1845s
 280889 118321     cutoff   66      -39868.000 -40109.315  0.61%   182 1852s
 281509 118583 -39921.385   51  279 -39868.000 -40109.196  0.60%   182 1856s
 282687 119071 -39990.458   53  187 -39868.000 -40108.803  0.60%   182 1863s
 283239 119355 -39879.247   65  192 -39868.000 -40108.708  0.60%   182 1867s
 283890 119597     cutoff   51      -39868.000 -40108.523  0.60%   182 1871s
 285198 120047 -39871.451   55  258 -39868.000 -40108.186  0.60%   182 1877s
 285598 120322 -39976.867   56  232 -39868.000 -40108.090  0.60%   182 1881s
 286916 120757 -40008.363   58  181 -39868.000 -40107.710  0.60%   182 1888s
 287472 121012 -39941.678   73  219 -39868.000 -40107.598  0.60%   182 1891s
 288655 121452 -39953.603   66  224 -39868.000 -40107.304  0.60%   182 1898s
 289047 121667 -40011.150   49  267 -39868.000 -40107.277  0.60%   182 1901s
 289537 121875     cutoff   55      -39868.000 -40107.115  0.60%   182 1905s
 290656 122401 -40091.275   33  294 -39868.000 -40106.895  0.60%   182 1912s
 291309 122654 -39871.707   60  213 -39868.000 -40106.782  0.60%   182 1915s
 292528 123205     cutoff   78      -39868.000 -40106.452  0.60%   182 1922s
 293093 123427 -39885.310   63  207 -39868.000 -40106.304  0.60%   182 1926s
 294346 123906 -40098.129   48  223 -39868.000 -40105.937  0.60%   182 1934s
 294949 124176 -40015.607   42  282 -39868.000 -40105.843  0.60%   182 1937s
 295609 124381 -39924.165   58  234 -39868.000 -40105.648  0.60%   182 1941s
 296983 124876 -39951.345   52  225 -39868.000 -40105.251  0.60%   182 1948s
 297588 125138 -39878.680   72  214 -39868.000 -40105.153  0.59%   182 1951s
 298816 125527 -39957.492   62  192 -39868.000 -40104.920  0.59%   182 1957s
 299340 125717 -39893.840   67  189 -39868.000 -40104.807  0.59%   182 1961s
 300458 126118 -39899.330   69  217 -39868.000 -40104.503  0.59%   182 1967s
 300968 126389 -39878.248   59  210 -39868.000 -40104.395  0.59%   182 1971s
 301524 126578 -39937.441   63  210 -39868.000 -40104.251  0.59%   182 1975s
 302612 126998     cutoff   66      -39868.000 -40103.975  0.59%   182 1982s
 303247 127231 -40029.449   52  268 -39868.000 -40103.776  0.59%   182 1985s
 304422 127760     cutoff   62      -39868.000 -40103.515  0.59%   182 1992s
 305059 128075 -39904.579   67  106 -39868.000 -40103.378  0.59%   182 1996s
 306206 128519 -39875.173   61  186 -39868.000 -40103.120  0.59%   182 2003s
 306795 128752 -39915.329   41  237 -39868.000 -40102.994  0.59%   182 2006s
 307420 128951 -39943.850   66  229 -39868.000 -40102.815  0.59%   182 2010s
 308535 129413 -39935.912   58  213 -39868.000 -40102.620  0.59%   182 2017s
 309211 129640 -39884.117   58  181 -39868.000 -40102.476  0.59%   182 2020s
 310492 130130 -39879.797   42  255 -39868.000 -40102.236  0.59%   182 2027s
 311047 130301     cutoff   68      -39868.000 -40102.117  0.59%   182 2031s
 312249 130726 -39938.622   70  256 -39868.000 -40101.808  0.59%   182 2038s
 312820 130995 -39880.727   59  242 -39868.000 -40101.687  0.59%   182 2041s
 313366 131184 -39933.722   68  231 -39868.000 -40101.565  0.59%   182 2045s
 314543 131580 -39932.884   70  159 -39868.000 -40101.195  0.58%   182 2052s
 315104 131903 -39994.067   59  117 -39868.000 -40101.063  0.58%   182 2055s
 315756 132182 -40046.966   58  252 -39868.000 -40100.954  0.58%   182 2060s
 316895 132592 -39879.891   55  222 -39868.000 -40100.690  0.58%   182 2067s
 317483 132946 -39890.785   79  212 -39868.000 -40100.578  0.58%   181 2071s
 318193 133205 -39966.910   51  208 -39868.000 -40100.394  0.58%   181 2075s
 319489 133659 -39978.341   50  220 -39868.000 -40100.070  0.58%   181 2082s
 320141 133946 -39934.088   66  173 -39868.000 -40099.892  0.58%   181 2085s
 321416 134518 -39973.116   72  223 -39868.000 -40099.683  0.58%   181 2092s
 322026 134765 -39908.783   58  177 -39868.000 -40099.524  0.58%   181 2095s
 323201 135205 -39920.922   36  212 -39868.000 -40099.248  0.58%   181 2102s
 323774 135413 -40049.632   41  249 -39868.000 -40099.145  0.58%   181 2106s
 324954 135936 -40044.172   54  245 -39868.000 -40098.878  0.58%   181 2113s
 325432 136145 -39981.750   58  240 -39868.000 -40098.781  0.58%   181 2116s
 326000 136418 -39886.412   71  234 -39868.000 -40098.717  0.58%   181 2120s
 327276 136868 -39956.555   70  226 -39868.000 -40098.396  0.58%   181 2127s
 327829 137122 -39869.128   68  164 -39868.000 -40098.261  0.58%   181 2130s
 328984 137574 -39878.098   57  249 -39868.000 -40097.942  0.58%   181 2137s
 329533 137812 -39941.331   55  216 -39868.000 -40097.785  0.58%   181 2140s
 330653 138303 -39876.932   67  198 -39868.000 -40097.562  0.58%   181 2147s
 331306 138477 -40059.792   57  221 -39868.000 -40097.470  0.58%   181 2150s
 332405 138953     cutoff   70      -39868.000 -40097.173  0.57%   181 2157s
 332930 139233 -39897.697   54  244 -39868.000 -40097.026  0.57%   181 2160s
 334198 139760 -40026.657   53  223 -39868.000 -40096.739  0.57%   181 2167s
 334786 139991 -40025.238   37  239 -39868.000 -40096.604  0.57%   181 2170s
 335955 140405 -39870.996   56  133 -39868.000 -40096.377  0.57%   181 2177s
 336478 140612 -39897.091   50  213 -39868.000 -40096.284  0.57%   181 2182s
 337077 140891 -40023.704   55  216 -39868.000 -40096.177  0.57%   181 2185s
 338402 141375     cutoff   58      -39868.000 -40095.948  0.57%   181 2192s
 338914 141550 -39898.911   69  153 -39868.000 -40095.833  0.57%   181 2195s
 340110 142057 -39989.150   62  195 -39868.000 -40095.492  0.57%   181 2202s
 340714 142354 -39922.645   66  209 -39868.000 -40095.357  0.57%   181 2206s
 341876 142802 -39905.309   76  166 -39868.000 -40095.097  0.57%   181 2213s
 342497 143050 -39999.109   73  257 -39868.000 -40094.965  0.57%   181 2216s
 343828 143553 -39875.704   73  228 -39868.000 -40094.695  0.57%   181 2223s
 344405 143730     cutoff   77      -39868.000 -40094.527  0.57%   181 2226s
 345361 144201 -39959.103   51  220 -39868.000 -40094.342  0.57%   181 2233s
 345989 144405 -39888.228   51  173 -39868.000 -40094.167  0.57%   181 2236s
 346495 144619 -39948.064   58  220 -39868.000 -40093.990  0.57%   181 2240s
 347893 145068 -39896.289   44  249 -39868.000 -40093.678  0.57%   181 2247s
 348371 145251     cutoff   49      -39868.000 -40093.577  0.57%   181 2250s
 349399 145697 -39985.706   50  265 -39868.000 -40093.310  0.57%   181 2257s
 350016 145970 -39947.217   33  238 -39868.000 -40093.198  0.56%   181 2261s
 351220 146483 -39887.782   61  227 -39868.000 -40092.996  0.56%   181 2268s
 351808 146733 -39933.545   45  217 -39868.000 -40092.869  0.56%   181 2271s
 352377 146960 -39877.367   64  197 -39868.000 -40092.725  0.56%   181 2275s
 353566 147400 -40067.299   45  239 -39868.000 -40092.519  0.56%   181 2282s
 354137 147675 -39872.310   55  223 -39868.000 -40092.393  0.56%   181 2286s
 355467 148187     cutoff   73      -39868.000 -40092.064  0.56%   181 2293s
 356149 148412     cutoff   60      -39868.000 -40091.952  0.56%   181 2296s
 356865 148598 -39928.994   66  241 -39868.000 -40091.751  0.56%   181 2300s
 357801 149163 -39984.770   71  191 -39868.000 -40091.559  0.56%   181 2310s
 359432 149735 -39938.061   36  275 -39868.000 -40091.263  0.56%   181 2318s
 360070 149988 -40028.061   53  225 -39868.000 -40091.181  0.56%   181 2322s
 360760 150238     cutoff   68      -39868.000 -40090.993  0.56%   181 2326s
 362132 150742 -39956.087   49  260 -39868.000 -40090.803  0.56%   181 2333s
 362864 150982 -39882.249   61  251 -39868.000 -40090.667  0.56%   181 2336s
 363466 151183 -39912.283   72  279 -39868.000 -40090.561  0.56%   181 2340s
 364519 151672     cutoff   50      -39868.000 -40090.410  0.56%   181 2347s
 365122 151960 -40045.771   55  250 -39868.000 -40090.338  0.56%   181 2351s
 366435 152553     cutoff   67      -39868.000 -40090.111  0.56%   181 2358s
 367079 152790 -40020.895   59  186 -39868.000 -40090.001  0.56%   181 2361s
 367688 153082 -39872.795   59  234 -39868.000 -40089.887  0.56%   181 2365s
 368911 153556 -39926.457   70  177 -39868.000 -40089.717  0.56%   181 2373s
 369531 153826 -39877.554   52  247 -39868.000 -40089.583  0.56%   181 2376s
 370172 154078 -39984.158   40  203 -39868.000 -40089.488  0.56%   181 2380s
 371466 154504     cutoff   48      -39868.000 -40089.165  0.55%   181 2386s
 372137 154806 -39929.244   65  190 -39868.000 -40088.992  0.55%   181 2390s
 373277 155219 -40017.597   55  214 -39868.000 -40088.811  0.55%   181 2396s
 374365 155642 -39930.791   68  137 -39868.000 -40088.618  0.55%   181 2403s
 375014 155892 -39996.198   63  220 -39868.000 -40088.461  0.55%   181 2406s
 375540 156142 -39899.224   74  185 -39868.000 -40088.348  0.55%   181 2410s
 376843 156581 -39938.794   42  231 -39868.000 -40088.137  0.55%   181 2416s
 377388 156806 -39897.855   63  157 -39868.000 -40088.045  0.55%   181 2420s
 378573 157292 -40012.615   64  180 -39868.000 -40087.824  0.55%   181 2428s
 379300 157549     cutoff   52      -39868.000 -40087.655  0.55%   180 2431s
 379864 157749 -39903.714   57  238 -39868.000 -40087.563  0.55%   180 2435s
 381080 158211 -39987.871   71  178 -39868.000 -40087.361  0.55%   180 2442s
 381545 158528 -39956.137   71  281 -39868.000 -40087.227  0.55%   180 2446s
 382842 159063 -40084.573   50  260 -39868.000 -40086.984  0.55%   180 2453s
 383459 159250 -39922.156   74  130 -39868.000 -40086.890  0.55%   180 2456s
 384135 159434 -39921.332   59  227 -39868.000 -40086.710  0.55%   180 2460s
 385359 159930 -39883.811   65  252 -39868.000 -40086.454  0.55%   180 2467s
 385967 160153 -39934.474   62  237 -39868.000 -40086.355  0.55%   180 2470s
 387125 160603 -39883.464   92  128 -39868.000 -40086.176  0.55%   180 2477s
 387796 160828 -40000.714   70  242 -39868.000 -40086.029  0.55%   180 2481s
 388401 161092 -39883.255   69  241 -39868.000 -40085.925  0.55%   180 2485s
 389701 161572 -40007.103   64  252 -39868.000 -40085.570  0.55%   180 2491s
 390328 161746 -39961.571   50  195 -39868.000 -40085.459  0.55%   180 2495s
 391520 162156 -39983.919   62  253 -39868.000 -40085.188  0.54%   180 2501s
 392575 162630     cutoff   73      -39868.000 -40085.060  0.54%   180 2508s
 393175 162850 -39907.471   61  214 -39868.000 -40084.963  0.54%   180 2511s
 394371 163270 -39880.171   61  193 -39868.000 -40084.758  0.54%   180 2518s
 394866 163477     cutoff   64      -39868.000 -40084.630  0.54%   180 2521s
 395496 163661 -39928.006   52  238 -39868.000 -40084.514  0.54%   180 2525s
 396533 164148     cutoff   59      -39868.000 -40084.316  0.54%   180 2532s
 397224 164397 -39938.211   50  255 -39868.000 -40084.205  0.54%   180 2535s
 398506 164956 -39920.877   65  233 -39868.000 -40083.971  0.54%   180 2542s
 399116 165175 -39971.423   57  185 -39868.000 -40083.888  0.54%   180 2546s
 400381 165696 -39929.621   55  214 -39868.000 -40083.695  0.54%   180 2553s
 401007 165931 -40055.424   55  210 -39868.000 -40083.553  0.54%   180 2556s
 402172 166419 -39955.433   64  229 -39868.000 -40083.349  0.54%   180 2563s
 402732 166638     cutoff   68      -39868.000 -40083.272  0.54%   180 2566s
 403342 166863 -40023.543   62  190 -39868.000 -40083.137  0.54%   180 2570s
 404509 167262 -39942.676   56  197 -39868.000 -40082.884  0.54%   180 2576s
 405123 167532 -40028.230   55  189 -39868.000 -40082.789  0.54%   180 2580s
 406123 167954     cutoff   57      -39868.000 -40082.651  0.54%   180 2587s
 406784 168169 -39908.890   46  189 -39868.000 -40082.530  0.54%   180 2590s
 407980 168605 -39920.572   54  254 -39868.000 -40082.338  0.54%   180 2597s
 408431 168844 -39894.533   84  209 -39868.000 -40082.236  0.54%   180 2601s
 409729 169313 -39888.573   74  203 -39868.000 -40081.952  0.54%   180 2609s
 410372 169611 -39874.791   76  198 -39868.000 -40081.834  0.54%   180 2612s
 410959 169847 -39928.301   59  218 -39868.000 -40081.739  0.54%   180 2615s
 412207 170268     cutoff   61      -39868.000 -40081.480  0.54%   180 2622s
 412809 170478 -39912.331   67  188 -39868.000 -40081.396  0.54%   180 2626s
 414016 170960 -39871.788   73  210 -39868.000 -40081.229  0.53%   180 2632s
 414597 171235 -39892.359   64  184 -39868.000 -40081.157  0.53%   180 2636s
 415790 171621 -40007.050   67  228 -39868.000 -40080.975  0.53%   180 2642s
 416308 171837 -39944.103   60  206 -39868.000 -40080.894  0.53%   180 2646s
 417448 172258 -39915.701   69  230 -39868.000 -40080.689  0.53%   180 2653s
 417930 172482 -40046.696   47  252 -39868.000 -40080.563  0.53%   180 2656s
 419118 173002 -39929.076   66  194 -39868.000 -40080.343  0.53%   180 2663s
 419772 173246 -39870.457   68  164 -39868.000 -40080.261  0.53%   180 2666s
 420440 173543 -39898.483   40  182 -39868.000 -40080.194  0.53%   180 2670s
 421656 174046     cutoff   78      -39868.000 -40080.003  0.53%   180 2677s
 422234 174289 -39899.083   82  224 -39868.000 -40079.934  0.53%   180 2681s
 423492 174687     cutoff   44      -39868.000 -40079.774  0.53%   180 2687s
 424086 174882     cutoff   59      -39868.000 -40079.690  0.53%   180 2691s
 425226 175390 -39878.827   62  229 -39868.000 -40079.459  0.53%   180 2697s
 425847 175613 -40006.443   54  208 -39868.000 -40079.377  0.53%   180 2701s
 427121 176096 -39944.217   48  267 -39868.000 -40079.109  0.53%   180 2707s
 427710 176300 -39896.057   69  246 -39868.000 -40079.042  0.53%   180 2711s
 428754 176723     cutoff   60      -39868.000 -40078.859  0.53%   180 2717s
 429367 176890 -40024.831   56  234 -39868.000 -40078.775  0.53%   180 2721s
 430442 177392 -39879.663   72  167 -39868.000 -40078.557  0.53%   180 2728s
 431151 177637     cutoff   77      -39868.000 -40078.445  0.53%   180 2732s
 431821 177867 -39988.443   54  181 -39868.000 -40078.377  0.53%   180 2735s
 432973 178321 -39939.670   41  264 -39868.000 -40078.185  0.53%   180 2742s
 433597 178477 -39892.343   59  234 -39868.000 -40078.098  0.53%   180 2745s
 434654 178910 -39952.112   81  236 -39868.000 -40077.904  0.53%   180 2751s
 435179 179175 -39964.731   61  164 -39868.000 -40077.808  0.53%   180 2755s
 436347 179515 -39910.292   50  180 -39868.000 -40077.583  0.53%   180 2762s
 436982 179725     cutoff   59      -39868.000 -40077.464  0.53%   180 2765s
 438134 180203 -39909.604   63  208 -39868.000 -40077.248  0.52%   180 2772s
 438681 180392     cutoff   68      -39868.000 -40077.138  0.52%   180 2776s
 439883 180884 -40029.577   66  246 -39868.000 -40076.949  0.52%   180 2783s
 440471 181118 -39941.969   49  207 -39868.000 -40076.847  0.52%   180 2786s
 441023 181316 -40051.811   61  230 -39868.000 -40076.729  0.52%   180 2790s
 442183 181836 -39875.127   53  201 -39868.000 -40076.553  0.52%   180 2798s
 442936 182032 -39869.843   63  174 -39868.000 -40076.434  0.52%   180 2801s
 443529 182281 -39918.039   64  238 -39868.000 -40076.342  0.52%   180 2805s
 444629 182732 -40022.260   77  152 -39868.000 -40076.143  0.52%   180 2811s
 445242 182982 -40018.093   55  210 -39868.000 -40076.033  0.52%   180 2815s
 446422 183555 -40049.267   59  260 -39868.000 -40075.863  0.52%   180 2822s
 447010 183776 -39870.260   69  162 -39868.000 -40075.822  0.52%   180 2825s
 448172 184253 -39923.655   67  179 -39868.000 -40075.650  0.52%   180 2832s
 448803 184479 -39967.068   60  250 -39868.000 -40075.554  0.52%   180 2835s
 449885 185013 -40012.988   67  262 -39868.000 -40075.412  0.52%   180 2842s
 450461 185206     cutoff   65      -39868.000 -40075.337  0.52%   180 2845s
 451686 185682 -39881.066   50  242 -39868.000 -40075.125  0.52%   180 2852s
 452260 185955 -39904.713   73  113 -39868.000 -40075.041  0.52%   180 2857s
 452952 186163 -39912.078   58  245 -39868.000 -40074.938  0.52%   180 2860s
 454021 186504 -39910.891   54  206 -39868.000 -40074.786  0.52%   180 2866s
 455248 186956 -39982.488   70  236 -39868.000 -40074.583  0.52%   180 2873s
 455813 187139 -40016.533   61  206 -39868.000 -40074.499  0.52%   180 2876s
 456932 187620 -40026.368   55  246 -39868.000 -40074.310  0.52%   180 2883s
 457449 187827 -39991.451   54  257 -39868.000 -40074.264  0.52%   180 2886s
 457954 188044 -39979.214   51  235 -39868.000 -40074.193  0.52%   180 2890s
 459086 188551 -39872.716   76  156 -39868.000 -40074.000  0.52%   180 2896s
 459692 188749 -39977.470   60  205 -39868.000 -40073.895  0.52%   180 2900s
 461047 189274     cutoff   64      -39868.000 -40073.614  0.52%   179 2907s
 461681 189539 -39911.249   68  174 -39868.000 -40073.463  0.52%   179 2910s
 462930 190001 -39933.178   58  185 -39868.000 -40073.282  0.51%   179 2918s
 463528 190228 -39916.143   58  248 -39868.000 -40073.180  0.51%   179 2921s
 464142 190399 -39932.465   71  213 -39868.000 -40073.092  0.51%   179 2925s
 465381 190891 -39949.505   87  182 -39868.000 -40072.885  0.51%   179 2932s
 466012 191142 -39938.328   80  235 -39868.000 -40072.840  0.51%   179 2936s
 467196 191596 -40058.289   65  246 -39868.000 -40072.638  0.51%   179 2942s
 467735 191846 -39928.788   70  238 -39868.000 -40072.604  0.51%   180 2946s
 468958 192323     cutoff   56      -39868.000 -40072.338  0.51%   180 2953s
 469641 192502 -40034.440   67  251 -39868.000 -40072.228  0.51%   179 2956s
 470832 192882     cutoff   72      -39868.000 -40072.012  0.51%   179 2963s
 471478 192994     cutoff   59      -39868.000 -40071.942  0.51%   179 2966s
 472008 193238 -39921.748   56  169 -39868.000 -40071.828  0.51%   179 2970s
 473206 193725 -39876.077   56  237 -39868.000 -40071.580  0.51%   179 2977s
 473827 193961 -39975.858   50  139 -39868.000 -40071.494  0.51%   179 2981s
 475080 194459 -39897.054   56  255 -39868.000 -40071.291  0.51%   179 2988s
 475664 194706     cutoff   86      -39868.000 -40071.197  0.51%   179 2991s
 476821 195108 -40011.483   59  183 -39868.000 -40071.042  0.51%   179 2998s
 477358 195338 -39898.735   55  259 -39868.000 -40070.970  0.51%   179 3001s
 478591 195840 -40044.358   62  222 -39868.000 -40070.822  0.51%   179 3008s
 479176 196070 -39919.467   53  230 -39868.000 -40070.750  0.51%   179 3011s
 480168 196476 -40044.256   55  234 -39868.000 -40070.606  0.51%   179 3018s
 480781 196674 -40036.022   48  261 -39868.000 -40070.515  0.51%   179 3021s
 481392 196980     cutoff   52      -39868.000 -40070.417  0.51%   179 3025s
 482542 197418 -39917.981   67  237 -39868.000 -40070.208  0.51%   179 3032s
 483136 197632 -40062.955   36  265 -39868.000 -40070.125  0.51%   179 3035s
 484419 198077 -39917.344   63  236 -39868.000 -40069.949  0.51%   179 3043s
 484982 198335 -39878.692   76  156 -39868.000 -40069.842  0.51%   179 3046s
 486193 198683 -39892.302   52  250 -39868.000 -40069.695  0.51%   179 3053s
 486718 198860     cutoff   78      -39868.000 -40069.616  0.51%   179 3056s
 487396 199079 -39880.654   71  201 -39868.000 -40069.558  0.51%   179 3060s
 488546 199568 -40006.170   66  206 -39868.000 -40069.343  0.51%   179 3066s
 489167 199784 -39967.605   54  254 -39868.000 -40069.249  0.50%   179 3070s
 490332 200255 -39965.868   68  223 -39868.000 -40069.093  0.50%   179 3077s
 490993 200441     cutoff   82      -39868.000 -40068.984  0.50%   179 3080s
 492199 200948 -39962.420   62  167 -39868.000 -40068.818  0.50%   179 3087s
 492813 201105 -39889.722   70  228 -39868.000 -40068.697  0.50%   179 3090s
 494051 201434 -39929.350   52  278 -39868.000 -40068.508  0.50%   179 3098s
 494476 201763 -39985.659   64  251 -39868.000 -40068.434  0.50%   179 3103s
 495372 201977 -39962.712   72  225 -39868.000 -40068.321  0.50%   179 3107s
 495926 202240 -39909.007   69  269 -39868.000 -40068.185  0.50%   179 3110s
 497290 202716     cutoff   70      -39868.000 -40068.034  0.50%   179 3118s
 497948 203007 -39870.924   81  196 -39868.000 -40067.930  0.50%   179 3122s
 498575 203222     cutoff   84      -39868.000 -40067.861  0.50%   179 3125s
 499759 203724 -39911.107   45  223 -39868.000 -40067.693  0.50%   179 3132s
 500446 203941 -39883.322   55  219 -39868.000 -40067.576  0.50%   179 3136s
 501727 204451 -39886.108   72  200 -39868.000 -40067.384  0.50%   179 3143s
 502423 204654 -39937.139   86  152 -39868.000 -40067.269  0.50%   179 3146s
 503026 204841     cutoff   73      -39868.000 -40067.189  0.50%   179 3150s
 504221 205363     cutoff   43      -39868.000 -40067.054  0.50%   179 3156s
 504858 205573 -39944.088   73  232 -39868.000 -40066.953  0.50%   179 3161s
 505401 205787 -39882.528   72  218 -39868.000 -40066.892  0.50%   179 3165s
 506692 206220     cutoff   60      -39868.000 -40066.668  0.50%   179 3172s
 507300 206434 -39977.289   49  181 -39868.000 -40066.581  0.50%   179 3175s
 508620 206920 -40053.565   64  186 -39868.000 -40066.429  0.50%   179 3182s
 509183 207198 -39999.855   64  242 -39868.000 -40066.347  0.50%   179 3186s
 510393 207720 -39999.402   73  174 -39868.000 -40066.215  0.50%   179 3193s
 510999 207913 -39963.891   73  237 -39868.000 -40066.135  0.50%   179 3196s
 512228 208414 -39891.993   69  201 -39868.000 -40065.974  0.50%   179 3203s
 512835 208679     cutoff   59      -39868.000 -40065.908  0.50%   179 3206s
 513464 208875 -39967.451   61  235 -39868.000 -40065.833  0.50%   179 3210s
 514648 209389 -39908.294   66  179 -39868.000 -40065.658  0.50%   179 3216s
 515294 209562 -40017.902   64  211 -39868.000 -40065.554  0.50%   179 3220s
 516552 209995 -39881.183   84  218 -39868.000 -40065.359  0.50%   179 3227s
 517170 210205     cutoff   63      -39868.000 -40065.243  0.49%   179 3231s
 518323 210664     cutoff   58      -39868.000 -40065.108  0.49%   179 3237s
 518913 210884 -39922.491   79  145 -39868.000 -40065.016  0.49%   179 3241s
 520082 211301 -40012.336   49  252 -39868.000 -40064.843  0.49%   179 3247s
 520734 211562 -39941.031   40  299 -39868.000 -40064.743  0.49%   179 3251s
 521998 211955 -39893.682   71  228 -39868.000 -40064.626  0.49%   179 3257s
 522625 212192 -39961.594   54  201 -39868.000 -40064.526  0.49%   179 3260s
 523740 212623 -39934.533   73  183 -39868.000 -40064.396  0.49%   179 3267s
 524298 212824 -39939.535   77  222 -39868.000 -40064.344  0.49%   179 3270s
 525496 213270 -40002.277   61  230 -39868.000 -40064.198  0.49%   179 3278s
 526069 213479 -40029.475   69  219 -39868.000 -40064.111  0.49%   179 3282s
 526586 213706 -39878.096   66  191 -39868.000 -40064.054  0.49%   179 3286s
 527947 214197 -39935.912   94  221 -39868.000 -40063.847  0.49%   179 3293s
 528658 214424 -39877.194   56  288 -39868.000 -40063.741  0.49%   179 3296s
 529300 214619 -39911.912   68  247 -39868.000 -40063.677  0.49%   179 3300s
 530524 215083 -39915.499   54  148 -39868.000 -40063.533  0.49%   179 3307s
 531183 215300 -39910.526   56  215 -39868.000 -40063.415  0.49%   179 3310s
 532361 215746 -39886.619   68  214 -39868.000 -40063.262  0.49%   179 3317s
 532890 215971 -39965.126   65  204 -39868.000 -40063.178  0.49%   179 3321s
 534188 216405     cutoff   67      -39868.000 -40063.056  0.49%   179 3327s
 534785 216661 -40036.661   66  211 -39868.000 -40062.943  0.49%   179 3331s
 536002 217176     cutoff   61      -39868.000 -40062.784  0.49%   179 3339s
 536611 217432 -39923.929   67  221 -39868.000 -40062.680  0.49%   179 3342s
 537262 217692 -40000.553   60  205 -39868.000 -40062.587  0.49%   179 3345s
 538426 218173 -39963.014   71  191 -39868.000 -40062.443  0.49%   179 3352s
 539060 218382 -39957.054   61  184 -39868.000 -40062.354  0.49%   179 3356s
 540175 218828 -39965.364   64  245 -39868.000 -40062.223  0.49%   179 3363s
 540809 219088 -40046.152   50  227 -39868.000 -40062.121  0.49%   179 3366s
 541397 219319 -39885.677   70  181 -39868.000 -40062.071  0.49%   179 3370s
 542694 219743 -39919.538   83  212 -39868.000 -40061.894  0.49%   179 3377s
 543320 219977     cutoff   60      -39868.000 -40061.814  0.49%   179 3380s
 544545 220424 -39893.246   79  231 -39868.000 -40061.660  0.49%   179 3387s
 545215 220595 -39916.456   68  213 -39868.000 -40061.573  0.49%   179 3390s
 546330 221037 -39920.596   86  208 -39868.000 -40061.444  0.49%   179 3397s
 547033 221240 -39908.778   61  210 -39868.000 -40061.318  0.48%   179 3400s
 548174 221581     cutoff   64      -39868.000 -40061.215  0.48%   179 3407s
 548626 221790 -39898.149   54  239 -39868.000 -40061.161  0.48%   179 3411s
 549793 222178     cutoff   82      -39868.000 -40060.972  0.48%   179 3417s
 550447 222406 -39897.654   61  219 -39868.000 -40060.915  0.48%   179 3421s
 551641 222803     cutoff   79      -39868.000 -40060.717  0.48%   179 3427s
 552320 223087 -39911.561   47  265 -39868.000 -40060.605  0.48%   179 3431s
 553552 223529 -39959.238   68  169 -39868.000 -40060.503  0.48%   179 3437s
 554132 223801 -39911.352   58  171 -39868.000 -40060.402  0.48%   179 3441s
 555345 224227 -40013.007   55  213 -39868.000 -40060.208  0.48%   179 3447s
 555829 224506 -39930.107   69  178 -39868.000 -40060.165  0.48%   179 3451s
 557091 225078 -39908.239   55  220 -39868.000 -40060.011  0.48%   179 3458s
 557746 225317 -40001.610   54  245 -39868.000 -40059.955  0.48%   179 3462s
 558376 225498 -40018.482   60  222 -39868.000 -40059.874  0.48%   179 3465s
 559572 225865     cutoff   90      -39868.000 -40059.754  0.48%   179 3471s
 560603 226261 -39899.008   77  151 -39868.000 -40059.552  0.48%   179 3478s
 561176 226484 -40023.260   68  254 -39868.000 -40059.510  0.48%   179 3481s
 562352 226868 -39869.007   59  213 -39868.000 -40059.350  0.48%   179 3487s
 562935 227057 -39931.899   58  184 -39868.000 -40059.256  0.48%   179 3491s
 564095 227446 -39967.240   66  226 -39868.000 -40059.118  0.48%   179 3497s
 564728 227667 -39888.070   49  229 -39868.000 -40059.027  0.48%   179 3501s
 565819 228118 -40035.399   51  279 -39868.000 -40058.922  0.48%   179 3508s
 566432 228352 -39940.777   70  207 -39868.000 -40058.835  0.48%   179 3511s
 567630 228776 -39872.059   70  200 -39868.000 -40058.674  0.48%   179 3518s
 568212 229065 -39903.899   64  230 -39868.000 -40058.590  0.48%   179 3522s
 568888 229328 -39926.807   40  235 -39868.000 -40058.486  0.48%   179 3525s
 569964 229748 -39883.082   62  189 -39868.000 -40058.368  0.48%   179 3532s
 570567 229960 -39919.723   76  173 -39868.000 -40058.310  0.48%   179 3536s
 571185 230256 -39995.506   66  144 -39868.000 -40058.235  0.48%   179 3540s
 572444 230783 -39947.848   43  232 -39868.000 -40058.096  0.48%   179 3547s
 573080 230972     cutoff   57      -39868.000 -40058.037  0.48%   179 3550s
 574422 231380 -39876.041   61  192 -39868.000 -40057.866  0.48%   179 3557s
 574975 231573     cutoff   55      -39868.000 -40057.829  0.48%   179 3561s
 575450 231823     cutoff   49      -39868.000 -40057.788  0.48%   179 3565s
 576566 232237 -39877.338   80  236 -39868.000 -40057.675  0.48%   179 3572s
 577201 232475 -39894.461   63  198 -39868.000 -40057.606  0.48%   179 3575s
 578464 233051 -39977.284   69  172 -39868.000 -40057.493  0.48%   179 3583s
 579121 233228     cutoff   77      -39868.000 -40057.439  0.48%   179 3586s
 580208 233658 -39998.271   53  246 -39868.000 -40057.339  0.47%   179 3593s
 580802 233881 -39972.907   45  245 -39868.000 -40057.267  0.47%   179 3596s
 581364 234114 -39927.930   71  147 -39868.000 -40057.230  0.47%   179 3600s

Cutting planes:
  Gomory: 90
  Cover: 137
  Clique: 1
  MIR: 398
  StrongCG: 159
  Flow cover: 197
  GUB cover: 1
  Inf proof: 6
  Zero half: 136
  Mod-K: 1
  RLT: 3

Explored 581961 nodes (103928384 simplex iterations) in 3600.01 seconds (7955.57 work units)
Thread count was 4 (of 56 available processors)

Solution count 10: -39868 -39857 -39834 ... -39207

Time limit reached
Best objective -3.986800000000e+04, best bound -4.005700000000e+04, gap 0.4741%
