
Gurobi 9.5.0 (linux64) logging started Mon Apr  4 00:40:36 2022

Set parameter LogFile to value "/local_workspace/chenrui/LogFiles/MKAP/MKAP_20_100_10_3_DWcutsT2_1h.log"
Gurobi Optimizer version 9.5.0 build v9.5.0rc5 (linux64)
Thread count: 56 physical cores, 56 logical processors, using up to 4 threads
Optimize a model with 1119 rows, 2200 columns and 12984 nonzeros
Model fingerprint: 0x54978d81
Variable types: 0 continuous, 2200 integer (2200 binary)
Coefficient statistics:
  Matrix range     [1e-13, 2e+03]
  Objective range  [9e+00, 1e+03]
  Bounds range     [1e+00, 1e+00]
  RHS range        [2e-13, 1e+00]
Warning: Model contains large matrix coefficient range
         Consider reformulating model or setting NumericFocus parameter
         to avoid numerical issues.
Found heuristic solution: objective 0.0000000
Presolve removed 5 rows and 0 columns
Presolve time: 0.06s
Presolved: 1114 rows, 2200 columns, 12377 nonzeros
Variable types: 0 continuous, 2200 integer (2200 binary)
Found heuristic solution: objective -5181.000000

Root relaxation: objective -4.243739e+04, 5203 iterations, 0.21 seconds (0.22 work units)

    Nodes    |    Current Node    |     Objective Bounds      |     Work
 Expl Unexpl |  Obj  Depth IntInf | Incumbent    BestBd   Gap | It/Node Time

     0     0 -42437.394    0  169 -5181.0000 -42437.394   719%     -    0s
H    0     0                    -38310.00000 -42437.394  10.8%     -    0s
H    0     0                    -38648.00000 -42437.394  9.80%     -    0s
H    0     0                    -39123.00000 -42437.394  8.47%     -    0s
H    0     0                    -39644.00000 -42437.394  7.05%     -    0s
H    0     0                    -40549.00000 -42437.394  4.66%     -    0s
     0     0 -42437.394    0  190 -40549.000 -42437.394  4.66%     -    0s
H    0     0                    -40712.00000 -42437.394  4.24%     -    0s
     0     0 -42437.394    0  182 -40712.000 -42437.394  4.24%     -    0s
     0     0 -42437.394    0  184 -40712.000 -42437.394  4.24%     -    0s
H    0     0                    -40723.00000 -42437.394  4.21%     -    0s
     0     0 -42434.903    0  191 -40723.000 -42434.903  4.20%     -    0s
     0     0 -42434.367    0  180 -40723.000 -42434.367  4.20%     -    0s
     0     0 -42434.367    0  192 -40723.000 -42434.367  4.20%     -    0s
     0     0 -42434.089    0  167 -40723.000 -42434.089  4.20%     -    1s
H    0     0                    -40879.00000 -42434.089  3.80%     -    1s
     0     0 -42434.089    0  160 -40879.000 -42434.089  3.80%     -    1s
     0     0 -42434.066    0  200 -40879.000 -42434.066  3.80%     -    1s
     0     0 -42434.066    0  191 -40879.000 -42434.066  3.80%     -    1s
     0     0 -42434.066    0  212 -40879.000 -42434.066  3.80%     -    1s
     0     0 -42434.066    0  211 -40879.000 -42434.066  3.80%     -    1s
     0     2 -42434.066    0  203 -40879.000 -42434.066  3.80%     -    1s
H   29    33                    -40980.00000 -42432.861  3.55%   414    2s
H   62    80                    -41349.00000 -42432.861  2.62%   365    3s
H  124   184                    -41571.00000 -42432.861  2.07%   300    4s
H  405   447                    -41585.00000 -42432.861  2.04%   168    5s
H  420   445                    -41759.00000 -42432.861  1.61%   167    5s
  1047   898 -42401.095   12  211 -41759.000 -42430.639  1.61%   133   10s
H 1082   881                    -41836.00000 -42428.127  1.42%   157   14s
  1091   890 -42421.555   17  206 -41836.000 -42428.127  1.42%   158   15s
H 1116   859                    -41851.00000 -42428.127  1.38%   160   15s
H 1251   908                    -41856.00000 -42428.127  1.37%   164   17s
  1646  1147 -42303.522   74  130 -41856.000 -42428.127  1.37%   147   20s
H 2569  1500                    -41906.00000 -42428.084  1.25%   127   24s
  2679  1583 -42413.333   20  233 -41906.000 -42427.791  1.25%   126   25s
H 3031  1610                    -41942.00000 -42426.985  1.16%   124   26s
  4046  2374 -42136.532   27  237 -41942.000 -42424.264  1.15%   117   30s
  4888  2986 -42415.633   23  258 -41942.000 -42423.642  1.15%   118   35s
  7283  5170 -42316.394   24  237 -41942.000 -42420.230  1.14%   108   40s
  9618  6850 -42124.579   35  168 -41942.000 -42418.614  1.14%   101   46s
 11307  8156 -42126.482   20  209 -41942.000 -42417.796  1.13%   100   51s
 13275  9667 -42158.896   65  195 -41942.000 -42416.633  1.13%   100   56s
 14819 10944 -42024.576   46  107 -41942.000 -42416.147  1.13%   100   60s
 16188 11894 -42391.773   19  205 -41942.000 -42415.049  1.13%   100   65s
 17540 12786 -42240.217   37  228 -41942.000 -42414.210  1.13%   100   70s
 19329 14360 -42330.985   21  187 -41942.000 -42413.421  1.12%   100   75s
 20914 15089 -42167.847   38  211 -41942.000 -42411.830  1.12%   100   89s
 20916 15090 -42029.449   71   97 -41942.000 -42411.830  1.12%   100   90s
 20939 15106 -42051.017  121  315 -41942.000 -42411.830  1.12%   100   95s
 20958 15118 -41949.821   55  284 -41942.000 -42411.830  1.12%   100  100s
 20977 15131 -42252.752   32  259 -41942.000 -42411.830  1.12%   100  105s
 20982 15139 -42411.830   21  276 -41942.000 -42411.830  1.12%   101  110s
 20994 15147 -42411.830   23  290 -41942.000 -42411.830  1.12%   101  115s
H21011 14398                    -41957.00000 -42411.830  1.08%   101  116s
 21106 14449 -42394.515   34  274 -41957.000 -42411.830  1.08%   101  120s
H21143 13742                    -41983.00000 -42411.830  1.02%   101  121s
 21453 13896 -42237.704   69  218 -41983.000 -42411.830  1.02%   102  125s
 22550 14412 -42150.246   72  224 -41983.000 -42408.605  1.01%   102  131s
 23600 14810 -42090.347   85  237 -41983.000 -42407.589  1.01%   101  135s
 25346 15872 -42267.056   93  196 -41983.000 -42402.283  1.00%   101  140s
 26999 16410 -42384.795   32  268 -41983.000 -42400.390  0.99%   101  145s
 29324 17504     cutoff   97      -41983.000 -42397.610  0.99%   101  150s
 31522 18787 -42085.826   89  204 -41983.000 -42395.599  0.98%   102  156s
 33779 19286 -42186.502   63  232 -41983.000 -42393.700  0.98%   102  160s
 35869 20186 -42115.000   69  236 -41983.000 -42391.904  0.97%   103  166s
 37870 20954 -42289.038   34  195 -41983.000 -42390.235  0.97%   103  170s
 40068 21710 -42005.476   82  102 -41983.000 -42388.231  0.97%   103  175s
 41858 22502 -42000.593   70  226 -41983.000 -42386.921  0.96%   104  180s
 43489 22940 -42168.131   65  200 -41983.000 -42385.729  0.96%   105  185s
 45604 23802 -42165.749   56  250 -41983.000 -42384.250  0.96%   106  191s
 47253 24500 -42100.462   63  231 -41983.000 -42383.507  0.95%   106  195s
 49464 25393 -42318.609   47  274 -41983.000 -42381.940  0.95%   106  201s
 51156 25905 -42071.846   47  188 -41983.000 -42381.327  0.95%   107  205s
 53139 26566 -42180.779   43  202 -41983.000 -42380.230  0.95%   107  211s
 54597 27045 -42299.310   29  256 -41983.000 -42379.353  0.94%   108  215s
 56266 27812 -42371.367   40  274 -41983.000 -42378.267  0.94%   108  220s
 58110 28397     cutoff  100      -41983.000 -42377.293  0.94%   109  225s
 60072 29193 -42326.803   42  229 -41983.000 -42376.578  0.94%   109  230s
 62165 29991 -42013.813   53  283 -41983.000 -42375.637  0.94%   109  235s
 64425 31328 -42157.825   42  222 -41983.000 -42374.794  0.93%   109  241s
 65975 32595     cutoff   57      -41983.000 -42374.357  0.93%   110  245s
 68024 33980 -42195.948   43  240 -41983.000 -42373.564  0.93%   109  250s
 70353 35682 -42076.015   56  173 -41983.000 -42372.817  0.93%   110  256s
 72229 37086 -42095.947   82  202 -41983.000 -42372.142  0.93%   110  260s
 74225 38597 -42044.342  102  200 -41983.000 -42371.323  0.92%   110  265s
 76560 40185 -42294.399   42  256 -41983.000 -42370.408  0.92%   110  271s
 78007 41383 -42027.404   96  161 -41983.000 -42370.094  0.92%   111  275s
 80080 42335 -42061.818   54  234 -41983.000 -42369.348  0.92%   110  280s
 82114 43808 -42146.305   39  255 -41983.000 -42368.638  0.92%   111  286s
 83965 45120 -42327.663   37  296 -41983.000 -42368.032  0.92%   111  290s
 85728 46484 -42037.834   88  174 -41983.000 -42367.514  0.92%   111  295s
 87653 47781 -42183.061   50  256 -41983.000 -42366.987  0.91%   112  300s
 89544 49187 -42205.383   43  224 -41983.000 -42366.263  0.91%   112  305s
 91880 50648 -42290.946   51  265 -41983.000 -42365.779  0.91%   112  311s
 93490 51774 -42192.119   38  226 -41983.000 -42365.362  0.91%   112  316s
 95463 53126     cutoff   69      -41983.000 -42364.749  0.91%   113  321s
 97235 54305 -42035.115   63  225 -41983.000 -42364.257  0.91%   113  326s
 99172 55801 -41997.758  120  175 -41983.000 -42363.741  0.91%   113  331s
 101137 56927 -42145.541   72  216 -41983.000 -42363.351  0.91%   113  335s
 102785 57958 -42003.952   47  200 -41983.000 -42362.821  0.90%   113  340s
 104848 59429 -42166.140   53  227 -41983.000 -42362.350  0.90%   113  345s
 107215 61034 -42154.115   51  240 -41983.000 -42361.733  0.90%   113  351s
 109096 62264     cutoff   51      -41983.000 -42361.307  0.90%   113  356s
 110846 63555 -41992.494   62  238 -41983.000 -42360.804  0.90%   114  361s
 112625 64663 -42224.002   51  226 -41983.000 -42360.428  0.90%   114  366s
 114366 65639 -42061.306   39  268 -41983.000 -42360.019  0.90%   114  371s
 116045 66888 -42086.667   65  237 -41983.000 -42359.484  0.90%   115  376s
 118098 68221 -42082.627  109  127 -41983.000 -42359.082  0.90%   115  380s
 119660 69300 -42126.627   52  147 -41983.000 -42358.578  0.89%   115  385s
 122103 70915 -42004.063   60  191 -41983.000 -42357.974  0.89%   115  391s
 123923 72105 -41991.196   94  224 -41983.000 -42357.521  0.89%   115  395s
 125656 73314 -42024.790   89  238 -41983.000 -42356.968  0.89%   115  400s
 127485 74665 -42092.871   68  278 -41983.000 -42356.506  0.89%   115  406s
 129358 76045 -42135.165   42  196 -41983.000 -42356.102  0.89%   116  411s
 131234 77287 -42320.057   43  277 -41983.000 -42355.617  0.89%   116  416s
 132411 78095 -42024.373   54  244 -41983.000 -42355.395  0.89%   116  420s
 134124 79129 -42007.910   58  225 -41983.000 -42355.105  0.89%   116  425s
 136130 80493 -42192.450   48  224 -41983.000 -42354.634  0.89%   116  430s
 137963 81822 -42146.686   71  121 -41983.000 -42354.280  0.88%   116  435s
 139594 82853 -42058.389   65  219 -41983.000 -42353.867  0.88%   117  440s
 141555 84293     cutoff   55      -41983.000 -42353.467  0.88%   117  445s
 143285 85436 -42023.735   59  210 -41983.000 -42353.050  0.88%   117  450s
 145872 87103 -42164.680   50  256 -41983.000 -42352.528  0.88%   117  456s
 147515 88224     cutoff   55      -41983.000 -42352.135  0.88%   117  461s
 148590 88980     cutoff   42      -41983.000 -42351.787  0.88%   117  465s
 150458 90252 -42031.664   68  257 -41983.000 -42351.227  0.88%   117  470s
 152427 91596 -42056.916   33  274 -41983.000 -42350.703  0.88%   117  475s
 154122 92597 -42088.717   62  243 -41983.000 -42350.264  0.87%   117  480s
 155854 93832 -42297.006   53  272 -41983.000 -42349.856  0.87%   118  485s
 157570 94795 -41986.921   55  203 -41983.000 -42349.528  0.87%   118  490s
 159934 96302 -42167.560   64  264 -41983.000 -42348.822  0.87%   118  496s
 161104 96956 -42332.776   39  293 -41983.000 -42348.472  0.87%   118  500s
 162689 98211 -42043.227   53  205 -41983.000 -42348.237  0.87%   118  505s
 164478 99424 -42214.245   46  226 -41983.000 -42347.807  0.87%   118  510s
 166385 100596 -42079.942   47  252 -41983.000 -42347.358  0.87%   119  515s
 168078 101620     cutoff   71      -41983.000 -42346.863  0.87%   119  520s
 169941 102803 -42020.709   50  206 -41983.000 -42346.522  0.87%   119  525s
 171592 104011 -42122.046   74  239 -41983.000 -42346.162  0.87%   119  530s
 173916 105380 -42209.679   55  205 -41983.000 -42345.667  0.86%   119  536s
 175596 106563 -42176.877   57  203 -41983.000 -42345.269  0.86%   119  541s
 177280 107582 -42080.970   70  245 -41983.000 -42344.917  0.86%   119  546s
 179155 108924 -42128.767   38  234 -41983.000 -42344.398  0.86%   119  551s
 180814 109989 -42164.426   44  223 -41983.000 -42344.023  0.86%   119  555s
 182366 110876 -42149.735   32  264 -41983.000 -42343.769  0.86%   119  560s
 184054 112165 -42145.526   41  232 -41983.000 -42343.290  0.86%   120  565s
 185692 113288     cutoff   49      -41983.000 -42342.863  0.86%   120  571s
 187721 114560 -42187.507   56  247 -41983.000 -42342.539  0.86%   120  576s
 189236 115510 -42278.905   52  240 -41983.000 -42342.075  0.86%   120  581s
 190939 116664 -41998.084  133  182 -41983.000 -42341.642  0.85%   120  586s
 192928 117995 -42201.663   67  233 -41983.000 -42341.200  0.85%   120  591s
 194802 119129 -42086.301   65  236 -41983.000 -42340.803  0.85%   120  596s
 196645 120465 -42019.411   89  222 -41983.000 -42340.495  0.85%   120  601s
 198260 121394 -42285.349   44  258 -41983.000 -42340.196  0.85%   120  606s
 199883 122400 -41987.429   72  242 -41983.000 -42339.882  0.85%   120  611s
 201664 123717 -42014.559   55  212 -41983.000 -42339.612  0.85%   121  616s
 203504 124860 -42276.067   32  287 -41983.000 -42339.142  0.85%   121  621s
 204782 125572 -42074.797   62  275 -41983.000 -42338.891  0.85%   121  625s
 206541 126682 -42018.717   73  184 -41983.000 -42338.574  0.85%   121  630s
 208387 127610 -42270.714   42  223 -41983.000 -42338.192  0.85%   121  635s
 210085 128878 -42324.587   41  268 -41983.000 -42337.778  0.85%   121  640s
 211823 130013 -42139.575   49  217 -41983.000 -42337.451  0.84%   121  645s
 213639 131206 -42198.494   60  267 -41983.000 -42336.986  0.84%   121  650s
 215493 132439 -42049.793   74  192 -41983.000 -42336.554  0.84%   121  655s
 217274 133535 -42227.225   41  171 -41983.000 -42336.206  0.84%   121  660s
 218984 134630 -42102.013   72  218 -41983.000 -42335.806  0.84%   121  665s
 220712 135753 -42024.615   70  207 -41983.000 -42335.438  0.84%   121  670s
 222448 137024 -42292.483   56  233 -41983.000 -42335.127  0.84%   122  676s
 224198 138266 -42104.001   69  240 -41983.000 -42334.891  0.84%   122  681s
 226105 139402 -42148.119   61  228 -41983.000 -42334.510  0.84%   122  686s
 227344 140228 -42156.045   48  239 -41983.000 -42334.293  0.84%   122  690s
 229070 141303 -42015.135   93  187 -41983.000 -42334.085  0.84%   122  695s
 230932 142622 -41998.580   60  221 -41983.000 -42333.827  0.84%   122  700s
 232784 143731     cutoff   57      -41983.000 -42333.643  0.84%   122  705s
 234537 144836 -42036.004   70  243 -41983.000 -42333.383  0.83%   122  710s
 236383 146153 -42042.957   83  180 -41983.000 -42333.051  0.83%   122  715s
 238213 147456 -42258.112   58  246 -41983.000 -42332.714  0.83%   122  720s
 240789 148995 -42154.284   58  188 -41983.000 -42332.348  0.83%   122  726s
 242334 150139 -42203.831   52  259 -41983.000 -42332.121  0.83%   122  731s
 243511 150961     cutoff   55      -41983.000 -42331.941  0.83%   122  735s
 245517 152305 -42098.508   70  204 -41983.000 -42331.530  0.83%   122  740s
 247511 153504 -41996.792  113  185 -41983.000 -42331.180  0.83%   122  745s
 249222 154671 -42188.424   48  248 -41983.000 -42330.898  0.83%   122  750s
 251147 155997 -42069.303   79  155 -41983.000 -42330.686  0.83%   122  755s
 252975 157204 -42005.170   92  222 -41983.000 -42330.449  0.83%   122  760s
 254710 158333 -42216.895   42  206 -41983.000 -42330.065  0.83%   122  765s
 256575 159618 -42222.857  106  153 -41983.000 -42329.767  0.83%   122  770s
 258339 160804 -42084.245   51  281 -41983.000 -42329.498  0.83%   122  775s
 260152 162006 -42003.472   64  239 -41983.000 -42329.216  0.82%   122  780s
 261816 163156 -41987.053   79  238 -41983.000 -42328.829  0.82%   122  785s
 263766 164326 -42028.495   49  180 -41983.000 -42328.473  0.82%   122  790s
 265538 165574 -42043.459   81  215 -41983.000 -42328.111  0.82%   122  795s
 267195 166620 -42300.413   54  216 -41983.000 -42327.865  0.82%   122  800s
 269010 167712 -42013.077   62  213 -41983.000 -42327.510  0.82%   123  805s
 270713 168808 -42149.973  110  168 -41983.000 -42327.158  0.82%   123  811s
 272332 169975 -42109.562   55  259 -41983.000 -42326.926  0.82%   123  816s
 274229 170990 -42064.235   55  239 -41983.000 -42326.607  0.82%   123  821s
 276072 172178 -42146.299   56  204 -41983.000 -42326.295  0.82%   123  826s
 277070 172839 -42230.078   52  241 -41983.000 -42326.107  0.82%   123  830s
 278730 174012 -42128.790   50  186 -41983.000 -42325.923  0.82%   123  835s
 280659 175172     cutoff   64      -41983.000 -42325.532  0.82%   123  840s
 282569 176245 -42037.196   65  148 -41983.000 -42325.302  0.82%   123  845s
 284375 177401 -42138.881   60  269 -41983.000 -42324.989  0.81%   123  850s
 286000 178450     cutoff   62      -41983.000 -42324.604  0.81%   123  855s
 287642 179543 -42113.772   88  243 -41983.000 -42324.372  0.81%   123  860s
 289305 180619     cutoff   47      -41983.000 -42324.151  0.81%   123  865s
 291184 181888 -42099.744   60  239 -41983.000 -42323.843  0.81%   123  870s
 292999 183091 -42040.165   43  247 -41983.000 -42323.501  0.81%   123  875s
 294856 184204 -42002.780   54  177 -41983.000 -42323.295  0.81%   123  880s
 296608 185320 -41989.733   46  232 -41983.000 -42322.992  0.81%   123  885s
 298028 186396 -42086.405   83  270 -41983.000 -42322.767  0.81%   123  890s
 299914 187512 -42291.846   48  238 -41983.000 -42322.548  0.81%   123  895s
 301770 188602 -42135.658   53  227 -41983.000 -42322.268  0.81%   123  900s
 303524 189540     cutoff   54      -41983.000 -42322.049  0.81%   123  905s
 305148 190698 -42041.143   82  186 -41983.000 -42321.774  0.81%   124  910s
 306978 191663 -42122.663   54  237 -41983.000 -42321.493  0.81%   124  915s
 308697 192865 -42116.929   64  188 -41983.000 -42321.219  0.81%   124  921s
 310699 194262 -42200.916   61  235 -41983.000 -42320.896  0.80%   124  926s
 312531 195501 -42133.536   44  237 -41983.000 -42320.737  0.80%   124  931s
 314172 196610 -42295.442   39  217 -41983.000 -42320.514  0.80%   124  936s
 315385 197515 -42018.780   59  227 -41983.000 -42320.376  0.80%   124  940s
 317396 198814 -42297.530   40  240 -41983.000 -42320.219  0.80%   124  945s
 320035 200563 -42120.515   51  273 -41983.000 -42319.910  0.80%   124  951s
 321839 201720 -41999.064   61  156 -41983.000 -42319.725  0.80%   123  956s
 323537 202775 -42186.231   59  247 -41983.000 -42319.499  0.80%   124  960s
 325347 204119 -42028.381   54  156 -41983.000 -42319.415  0.80%   123  965s
 327178 205258 -42286.969   61  209 -41983.000 -42319.268  0.80%   123  970s
 328871 206516 -42280.645   36  264 -41983.000 -42319.136  0.80%   123  975s
 331402 208226 -42018.848  117  181 -41983.000 -42318.904  0.80%   123  981s
 333107 209194 -42262.130   49  205 -41983.000 -42318.675  0.80%   123  985s
 334601 210151 -42234.492   46  218 -41983.000 -42318.577  0.80%   123  990s
 336377 211372 -42207.841   80  117 -41983.000 -42318.407  0.80%   123  995s
 338473 212653 -42043.734   60  161 -41983.000 -42318.170  0.80%   123 1001s
 339539 213444 -42051.021  135  232 -41983.000 -42318.092  0.80%   123 1005s
 341425 214675 -41999.066   70  167 -41983.000 -42317.931  0.80%   124 1010s
 343308 215858 -42161.706   53  242 -41983.000 -42317.786  0.80%   124 1015s
 345067 217156 -42080.900   77  201 -41983.000 -42317.745  0.80%   124 1020s
 347107 218341 -42013.161   58  207 -41983.000 -42317.574  0.80%   123 1025s
 349358 219732 -42018.042   88  198 -41983.000 -42317.285  0.80%   124 1031s
 351109 221076     cutoff   65      -41983.000 -42317.158  0.80%   124 1036s
 353013 222264 -42300.679   68  212 -41983.000 -42316.927  0.80%   124 1040s
 354768 223237 -42082.710   66  257 -41983.000 -42316.759  0.79%   124 1045s
 356397 224263 -42256.668   53  206 -41983.000 -42316.577  0.79%   124 1050s
 358277 225383 -42051.065  103  130 -41983.000 -42316.388  0.79%   124 1055s
 360036 226456 -42081.901   57  253 -41983.000 -42316.191  0.79%   124 1060s
 361584 227604 -42138.371   67  221 -41983.000 -42316.060  0.79%   124 1065s
 363514 228878 -42270.740   59  219 -41983.000 -42315.899  0.79%   124 1070s
 365238 229983 -42193.808   44  216 -41983.000 -42315.745  0.79%   124 1075s
 366961 231116 -42076.828   65  241 -41983.000 -42315.624  0.79%   124 1080s
 368872 232321 -42227.399   46  262 -41983.000 -42315.447  0.79%   124 1085s
 371017 233766     cutoff   66      -41983.000 -42315.276  0.79%   124 1091s
 372691 234803     cutoff   68      -41983.000 -42315.108  0.79%   124 1096s
 374570 235971 -42203.071   83  216 -41983.000 -42314.912  0.79%   124 1101s
 376270 237044 -42288.969   42  275 -41983.000 -42314.738  0.79%   124 1105s
 378049 238251     cutoff   57      -41983.000 -42314.587  0.79%   124 1110s
 379892 239398     cutoff   62      -41983.000 -42314.457  0.79%   124 1115s
 381596 240860 -42180.608   56  243 -41983.000 -42314.249  0.79%   124 1120s
 383395 241968 -42119.670   53  217 -41983.000 -42314.067  0.79%   124 1126s
H383875 240469                    -41987.00000 -42314.037  0.78%   124 1126s
 385111 241686 -42256.914   73  201 -41987.000 -42313.875  0.78%   124 1131s
 386336 242434 -42220.188   54  230 -41987.000 -42313.815  0.78%   124 1135s
 388146 243961 -42162.878   48  226 -41987.000 -42313.717  0.78%   124 1140s
 390114 245192     cutoff   74      -41987.000 -42313.547  0.78%   124 1145s
H391818 190648                    -42037.00000 -42313.455  0.66%   124 1148s
 391992 190923 -42268.417   54  233 -42037.000 -42313.425  0.66%   124 1150s
 393725 192001     cutoff   64      -42037.000 -42313.302  0.66%   124 1155s
 395466 193184 -42054.168   69  158 -42037.000 -42313.150  0.66%   124 1160s
 397297 194301 -42267.289   51  275 -42037.000 -42312.937  0.66%   124 1165s
 399148 195403 -42176.479   52  207 -42037.000 -42312.721  0.66%   124 1170s
 400903 196648     cutoff   73      -42037.000 -42312.598  0.66%   124 1176s
 402781 197859 -42122.085   54  120 -42037.000 -42312.469  0.66%   124 1180s
 404600 199002 -42053.831   71  195 -42037.000 -42312.317  0.65%   124 1185s
 406031 199951 -42101.357   79  138 -42037.000 -42312.201  0.65%   124 1191s
 407830 201198 -42069.133   75  203 -42037.000 -42312.017  0.65%   124 1196s
 409617 202302 -42131.782   62  253 -42037.000 -42311.879  0.65%   124 1201s
 411291 203446 -42194.842   57  180 -42037.000 -42311.724  0.65%   124 1206s
 413306 204782 -42055.062   61  232 -42037.000 -42311.641  0.65%   124 1211s
 415156 206058 -42057.942   57  198 -42037.000 -42311.491  0.65%   124 1216s
H415850 169038                    -42071.00000 -42311.436  0.57%   124 1217s
H416967 89547                    -42157.00000 -42311.356  0.37%   124 1221s
 418489 90220 -42296.521   71  207 -42157.000 -42311.064  0.37%   124 1226s
 420249 90993 -42258.537   46  277 -42157.000 -42310.856  0.36%   124 1231s
 422017 91710 -42160.851   51  233 -42157.000 -42310.630  0.36%   124 1236s
 423746 92643 -42214.405   43  263 -42157.000 -42310.416  0.36%   124 1241s
 424997 93204     cutoff   54      -42157.000 -42310.208  0.36%   124 1245s
 426908 94147 -42170.369   51  217 -42157.000 -42309.963  0.36%   124 1250s
 428895 95151 -42224.337   72  180 -42157.000 -42309.715  0.36%   124 1255s
 431388 96603 -42272.641   56  242 -42157.000 -42309.418  0.36%   124 1261s
 433121 97466 -42268.135   64  213 -42157.000 -42309.191  0.36%   124 1266s
 434829 98436     cutoff   78      -42157.000 -42309.035  0.36%   124 1271s
 436635 99306 -42166.581   60  166 -42157.000 -42308.887  0.36%   124 1276s
 438297 100140 -42179.526   80  159 -42157.000 -42308.695  0.36%   124 1281s
 440209 101005 -42180.921   56  159 -42157.000 -42308.516  0.36%   124 1286s
 442081 102000     cutoff   52      -42157.000 -42308.327  0.36%   124 1291s
 443888 102804 -42165.025   41  195 -42157.000 -42308.132  0.36%   124 1295s
 445638 103662     cutoff   53      -42157.000 -42307.928  0.36%   124 1300s
 447418 104533 -42180.020   46  203 -42157.000 -42307.727  0.36%   124 1305s
 449299 105530 -42167.336   77  147 -42157.000 -42307.475  0.36%   124 1310s
 451081 106403 -42223.738   50  246 -42157.000 -42307.287  0.36%   124 1315s
 452861 107424 -42244.410   81  211 -42157.000 -42307.121  0.36%   124 1320s
 454664 108288     cutoff   46      -42157.000 -42306.902  0.36%   124 1325s
 456437 109141     cutoff   55      -42157.000 -42306.769  0.36%   124 1330s
 458367 110082 -42270.420   44  264 -42157.000 -42306.486  0.35%   124 1335s
 460250 110988 -42262.561   31  300 -42157.000 -42306.220  0.35%   124 1340s
 462060 111826 -42269.338   79  174 -42157.000 -42305.990  0.35%   124 1345s
 463872 112741 -42229.928   42  244 -42157.000 -42305.803  0.35%   124 1350s
 465639 113691 -42187.645   59  174 -42157.000 -42305.633  0.35%   124 1355s
 467541 114673 -42161.633   73  170 -42157.000 -42305.461  0.35%   124 1360s
 468762 115223     cutoff   53      -42157.000 -42305.326  0.35%   124 1365s
 470451 116296     cutoff   54      -42157.000 -42305.258  0.35%   124 1370s
 472361 117390 -42163.457   45  182 -42157.000 -42305.113  0.35%   124 1375s
 474234 118333 -42161.264   71  180 -42157.000 -42305.000  0.35%   124 1380s
 476026 119279 -42240.805   38  198 -42157.000 -42304.874  0.35%   124 1385s
 478529 120598 -42164.169   65  187 -42157.000 -42304.679  0.35%   124 1391s
 480042 121281 -42228.247   34  251 -42157.000 -42304.507  0.35%   124 1396s
 481827 122104 -42202.239   56  210 -42157.000 -42304.304  0.35%   124 1401s
 483820 123307 -42276.268   81  209 -42157.000 -42304.142  0.35%   124 1406s
 485680 124139 -42168.916   74  201 -42157.000 -42303.958  0.35%   124 1410s
 487978 125270 -42203.063   53  273 -42157.000 -42303.775  0.35%   124 1416s
 489658 126185 -42271.470   49  241 -42157.000 -42303.685  0.35%   124 1420s
 491276 126932 -42283.399   49  237 -42157.000 -42303.550  0.35%   124 1425s
 493102 127976 -42185.667   77  160 -42157.000 -42303.423  0.35%   124 1430s
 495015 128764 -42174.108   60  205 -42157.000 -42303.286  0.35%   124 1435s
 497522 130082 -42161.318   72  126 -42157.000 -42303.108  0.35%   124 1441s
 499281 130929 -42221.104   43  223 -42157.000 -42302.959  0.35%   124 1445s
 501033 131727 -42207.956   54  239 -42157.000 -42302.776  0.35%   124 1450s
 503435 132873     cutoff   41      -42157.000 -42302.551  0.35%   124 1456s
 505357 133776 -42176.105  114  142 -42157.000 -42302.441  0.34%   124 1461s
 507130 134629 -42265.921   64  232 -42157.000 -42302.280  0.34%   124 1465s
 508874 135512 -42225.364   56  218 -42157.000 -42302.159  0.34%   124 1470s
 511234 136693 -42203.818   76  167 -42157.000 -42301.957  0.34%   124 1476s
 512961 137561 -42209.756   89  186 -42157.000 -42301.824  0.34%   124 1480s
 514458 138391 -42211.722   60  274 -42157.000 -42301.725  0.34%   124 1485s
 516278 139192 -42182.365   82  218 -42157.000 -42301.568  0.34%   124 1490s
 517859 140142 -42254.615   48  204 -42157.000 -42301.445  0.34%   124 1495s
 519673 141142 -42187.628   58  212 -42157.000 -42301.323  0.34%   124 1500s
 521463 141915 -42197.337   71  161 -42157.000 -42301.148  0.34%   124 1505s
 523318 142968 -42161.202   84  167 -42157.000 -42301.018  0.34%   124 1510s
 525272 143926 -42188.279   45  231 -42157.000 -42300.888  0.34%   124 1515s
 527787 145246     cutoff   33      -42157.000 -42300.729  0.34%   124 1521s
 529495 146112 -42210.692   72  182 -42157.000 -42300.636  0.34%   124 1526s
 531328 146890 -42207.319   60  220 -42157.000 -42300.498  0.34%   124 1530s
 533055 147704 -42226.027   44  209 -42157.000 -42300.393  0.34%   124 1535s
 534849 148636 -42182.471   73  132 -42157.000 -42300.286  0.34%   124 1540s
 536631 149558 -42196.069   66  198 -42157.000 -42300.175  0.34%   124 1545s
 538827 150602 -42258.650   59  211 -42157.000 -42300.043  0.34%   124 1551s
 540704 151501 -42167.846   79  167 -42157.000 -42299.944  0.34%   124 1556s
 542586 152613 -42251.221   78  201 -42157.000 -42299.815  0.34%   124 1560s
 544489 153443 -42260.210   34  190 -42157.000 -42299.720  0.34%   123 1565s
 546331 154350 -42187.628   62  213 -42157.000 -42299.599  0.34%   123 1570s
 548310 155302 -42241.560   65  160 -42157.000 -42299.500  0.34%   123 1575s
 550748 156561 -42250.559   63  244 -42157.000 -42299.323  0.34%   123 1581s
 552490 157535 -42298.173   60  227 -42157.000 -42299.212  0.34%   123 1585s
 554261 158274 -42269.494   82  185 -42157.000 -42299.076  0.34%   123 1590s
 556610 159628 -42182.827   63  100 -42157.000 -42298.972  0.34%   123 1596s
 558362 160306 -42158.497   89  167 -42157.000 -42298.860  0.34%   123 1600s
 560006 161213 -42206.262   50  274 -42157.000 -42298.766  0.34%   123 1606s
 561664 162231 -42229.532   34  214 -42157.000 -42298.665  0.34%   123 1611s
 563819 163134     cutoff   52      -42157.000 -42298.545  0.34%   123 1616s
 565688 164042     cutoff   56      -42157.000 -42298.413  0.34%   123 1621s
 567562 165049 -42268.775   45  221 -42157.000 -42298.300  0.34%   123 1626s
 569291 166005     cutoff   49      -42157.000 -42298.209  0.33%   123 1630s
 571072 166811     cutoff   49      -42157.000 -42298.110  0.33%   123 1635s
 573413 168068     cutoff   56      -42157.000 -42297.934  0.33%   123 1641s
 575415 168938 -42289.100   65  208 -42157.000 -42297.843  0.33%   123 1646s
 577193 169857 -42230.114   58  173 -42157.000 -42297.746  0.33%   123 1651s
 579142 170997 -42282.514   77  237 -42157.000 -42297.643  0.33%   123 1656s
 580990 171991 -42180.612   51  235 -42157.000 -42297.570  0.33%   123 1660s
 582614 172861 -42217.788   96  153 -42157.000 -42297.453  0.33%   123 1665s
 584522 173707 -42166.924   49  227 -42157.000 -42297.354  0.33%   123 1670s
 586311 174757 -42275.275   51  254 -42157.000 -42297.237  0.33%   123 1675s
 588182 175661 -42176.786   63  184 -42157.000 -42297.123  0.33%   123 1680s
 589884 176461 -42287.749   32  249 -42157.000 -42297.015  0.33%   123 1685s
 591542 177359 -42189.566   66  172 -42157.000 -42296.942  0.33%   123 1690s
 594224 178750 -42219.274   89  216 -42157.000 -42296.831  0.33%   123 1696s
 596074 179686 -42184.557   51  211 -42157.000 -42296.748  0.33%   123 1701s
 597779 180502 -42249.687   55  222 -42157.000 -42296.666  0.33%   123 1706s
 599640 181503 -42186.073   66  179 -42157.000 -42296.565  0.33%   123 1711s
 601628 182460 -42197.025   73  132 -42157.000 -42296.493  0.33%   123 1715s
 603454 183357 -42262.715   49  206 -42157.000 -42296.399  0.33%   123 1720s
 605705 184636 -42198.852   95  183 -42157.000 -42296.281  0.33%   123 1726s
 607516 185406     cutoff   67      -42157.000 -42296.167  0.33%   123 1731s
 609277 186417     cutoff   64      -42157.000 -42296.093  0.33%   123 1735s
 611131 187352 -42206.632   58  211 -42157.000 -42295.995  0.33%   123 1740s
 613502 188536 -42263.640   66  202 -42157.000 -42295.817  0.33%   123 1746s
 615273 189473 -42190.216   45  169 -42157.000 -42295.724  0.33%   123 1750s
 617076 190420 -42193.649   86  133 -42157.000 -42295.613  0.33%   123 1755s
 618690 191263     cutoff   50      -42157.000 -42295.514  0.33%   123 1760s
 621108 192378 -42172.120   54  243 -42157.000 -42295.363  0.33%   123 1766s
 622927 193362 -42252.575   76  212 -42157.000 -42295.245  0.33%   123 1770s
 624701 194255 -42287.516   44  245 -42157.000 -42295.142  0.33%   123 1775s
 626544 195429 -42261.896   65  172 -42157.000 -42295.055  0.33%   123 1780s
 629175 196642 -42273.412   60  206 -42157.000 -42294.896  0.33%   123 1786s
 630460 197419 -42195.251   91  170 -42157.000 -42294.832  0.33%   123 1790s
 632446 198593 -42204.175   77  169 -42157.000 -42294.734  0.33%   123 1795s
 634278 199468 -42188.014   60  207 -42157.000 -42294.649  0.33%   123 1800s
 636271 200609 -42246.205   59  226 -42157.000 -42294.578  0.33%   123 1805s
 638726 201850 -42273.284   62  191 -42157.000 -42294.454  0.33%   123 1811s
 640580 202755 -42201.681   69  201 -42157.000 -42294.376  0.33%   123 1815s
 642344 203599 -42268.375   47  227 -42157.000 -42294.292  0.33%   123 1820s
 644064 204659 -42267.452   74  228 -42157.000 -42294.224  0.33%   123 1825s
 645843 205396 -42252.388   53  237 -42157.000 -42294.130  0.33%   122 1830s
 647452 206253 -42228.162   44  210 -42157.000 -42294.073  0.33%   122 1835s
 649330 207018 -42286.829   76  210 -42157.000 -42293.976  0.32%   122 1840s
 651853 208393 -42269.891   59  233 -42157.000 -42293.838  0.32%   122 1846s
 653599 209220 -42180.691   56  244 -42157.000 -42293.760  0.32%   122 1850s
 655182 209991 -42195.932  116  201 -42157.000 -42293.698  0.32%   122 1855s
 657501 211178 -42214.146   66  226 -42157.000 -42293.613  0.32%   122 1861s
 659123 211914     cutoff   72      -42157.000 -42293.532  0.32%   122 1866s
 660908 212967 -42287.223   56  212 -42157.000 -42293.456  0.32%   122 1871s
 662804 213872 -42237.067   52  214 -42157.000 -42293.374  0.32%   122 1875s
 665056 215047 -42235.668   87  161 -42157.000 -42293.299  0.32%   122 1881s
 666803 215814 -42197.578   93  128 -42157.000 -42293.225  0.32%   122 1885s
 668247 216661 -42170.939   76  186 -42157.000 -42293.157  0.32%   122 1890s
 670038 217612 -42267.820   44  223 -42157.000 -42293.071  0.32%   122 1895s
 672395 218781 -42206.542   71  217 -42157.000 -42292.997  0.32%   122 1901s
 674163 219547 -42197.598   53  184 -42157.000 -42292.924  0.32%   122 1906s
 676136 220506 -42246.905   49  237 -42157.000 -42292.821  0.32%   122 1911s
 677997 221440 -42230.466   53  212 -42157.000 -42292.737  0.32%   122 1915s
 679812 222283 -42292.080   36  229 -42157.000 -42292.669  0.32%   122 1920s
 681603 223102 -42246.917   71  176 -42157.000 -42292.603  0.32%   122 1925s
 683536 224153 -42188.753   65  168 -42157.000 -42292.546  0.32%   122 1930s
 685355 224999 -42205.106   83  190 -42157.000 -42292.478  0.32%   122 1935s
 687206 225993 -42236.775   53  268 -42157.000 -42292.396  0.32%   122 1940s
 689049 226687 -42207.361   58  224 -42157.000 -42292.325  0.32%   122 1945s
 691615 228014     cutoff   60      -42157.000 -42292.214  0.32%   122 1951s
 693325 228870 -42194.911  105  204 -42157.000 -42292.146  0.32%   122 1956s
 695146 229744 -42253.939   46  261 -42157.000 -42292.048  0.32%   122 1961s
 697120 230648 -42173.515   60  204 -42157.000 -42291.968  0.32%   122 1965s
 698793 231613 -42279.284   47  255 -42157.000 -42291.910  0.32%   122 1970s
 700519 232549 -42216.751   49  218 -42157.000 -42291.850  0.32%   122 1975s
 702482 233514 -42159.202   90  163 -42157.000 -42291.786  0.32%   122 1980s
 704647 234575 -42181.248   49  205 -42157.000 -42291.710  0.32%   122 1986s
 706403 235589 -42258.013   45  197 -42157.000 -42291.641  0.32%   122 1991s
 708165 236512     cutoff   73      -42157.000 -42291.590  0.32%   122 1995s
 710029 237561     cutoff   43      -42157.000 -42291.533  0.32%   122 2000s
 712003 238458 -42231.185   47  190 -42157.000 -42291.463  0.32%   122 2005s
 713836 239455 -42282.312   56  258 -42157.000 -42291.373  0.32%   122 2010s
 715712 240445 -42218.954   81  144 -42157.000 -42291.307  0.32%   122 2015s
 717604 241423     cutoff   90      -42157.000 -42291.244  0.32%   122 2020s
 720153 242558 -42180.483   49  224 -42157.000 -42291.151  0.32%   122 2026s
 721892 243610 -42199.622   97  205 -42157.000 -42291.074  0.32%   122 2031s
 723712 244597 -42161.274   62  208 -42157.000 -42291.000  0.32%   122 2035s
 725631 245476 -42189.414   49  199 -42157.000 -42290.901  0.32%   122 2040s
 727883 246672 -42247.964   55  232 -42157.000 -42290.794  0.32%   122 2046s
 729777 247542 -42255.078   69  208 -42157.000 -42290.728  0.32%   122 2050s
 731534 248500 -42180.309   64  217 -42157.000 -42290.667  0.32%   122 2055s
 733968 249534 -42271.938   37  256 -42157.000 -42290.591  0.32%   122 2061s
 735262 250298     cutoff   67      -42157.000 -42290.564  0.32%   122 2065s
 737681 251328 -42163.801   76  193 -42157.000 -42290.478  0.32%   122 2071s
 738696 252040 -42225.821   78  241 -42157.000 -42290.453  0.32%   122 2075s
 741253 253234 -42179.168   66  182 -42157.000 -42290.357  0.32%   122 2081s
 743133 254223 -42210.882   43  187 -42157.000 -42290.294  0.32%   122 2086s
 745114 255153 -42188.511   90  182 -42157.000 -42290.231  0.32%   122 2090s
 746876 256124 -42170.322   79  169 -42157.000 -42290.166  0.32%   122 2095s
 748692 257070 -42211.797   83  204 -42157.000 -42290.116  0.32%   122 2100s
 751136 258420     cutoff   55      -42157.000 -42290.054  0.32%   122 2106s
 752742 259270 -42255.413   67  211 -42157.000 -42289.996  0.32%   122 2111s
 754490 260088 -42205.175   64  240 -42157.000 -42289.939  0.32%   122 2115s
 756277 261138 -42176.877   62  214 -42157.000 -42289.883  0.32%   122 2120s
 758392 262071 -42240.931   54  234 -42157.000 -42289.801  0.32%   122 2126s
 760095 263055     cutoff   56      -42157.000 -42289.752  0.31%   122 2130s
 761902 263977 -42167.542   48  219 -42157.000 -42289.684  0.31%   122 2135s
 763681 264980 -42194.209   65  211 -42157.000 -42289.614  0.31%   122 2140s
 765470 265903 -42253.119   57  201 -42157.000 -42289.562  0.31%   122 2145s
 767853 266984 -42261.264   56  206 -42157.000 -42289.487  0.31%   122 2151s
 769609 267820 -42239.582   53  203 -42157.000 -42289.421  0.31%   122 2156s
 771438 268806     cutoff   86      -42157.000 -42289.360  0.31%   122 2160s
 773129 269739 -42244.027   79  172 -42157.000 -42289.300  0.31%   122 2165s
 775010 270694 -42200.197   56  179 -42157.000 -42289.245  0.31%   122 2170s
 776761 271515 -42236.140   74  163 -42157.000 -42289.185  0.31%   122 2175s
 779123 272885 -42237.769   67  213 -42157.000 -42289.097  0.31%   122 2181s
 780863 273744 -42261.962   59  276 -42157.000 -42289.042  0.31%   122 2186s
 782799 274771 -42241.843   58  190 -42157.000 -42288.980  0.31%   122 2191s
 784588 275836 -42245.898   36  172 -42157.000 -42288.927  0.31%   122 2196s
 786452 276825 -42248.519   65  216 -42157.000 -42288.878  0.31%   122 2201s
 788220 277778 -42164.114   56  195 -42157.000 -42288.839  0.31%   122 2205s
 790122 278743 -42281.528   77  140 -42157.000 -42288.790  0.31%   122 2210s
 791837 279792 -42248.500   55  226 -42157.000 -42288.735  0.31%   121 2215s
 794349 281004 -42251.280   65  221 -42157.000 -42288.677  0.31%   121 2221s
 796066 281896 -42238.515   62  174 -42157.000 -42288.632  0.31%   121 2225s
 797900 282719     cutoff   81      -42157.000 -42288.582  0.31%   121 2230s
 799769 283594 -42258.020   50  231 -42157.000 -42288.507  0.31%   121 2235s
 801688 284481 -42239.357   69  194 -42157.000 -42288.446  0.31%   121 2240s
 804062 285716 -42207.889   41  238 -42157.000 -42288.358  0.31%   121 2246s
 805670 286569 -42249.103   59  179 -42157.000 -42288.321  0.31%   121 2251s
 807564 287589 -42188.191   88  182 -42157.000 -42288.268  0.31%   121 2255s
 809396 288400 -42190.260   61  243 -42157.000 -42288.197  0.31%   121 2260s
 811745 289558 -42239.418   60  188 -42157.000 -42288.115  0.31%   121 2266s
 813513 290358     cutoff   65      -42157.000 -42288.054  0.31%   121 2271s
 815336 291232     cutoff   61      -42157.000 -42288.013  0.31%   121 2275s
 817114 292021     cutoff   53      -42157.000 -42287.952  0.31%   121 2280s
 819512 293263 -42178.063   70  196 -42157.000 -42287.889  0.31%   121 2286s
 821320 294165 -42163.335   76  211 -42157.000 -42287.848  0.31%   121 2290s
 822964 295062 -42242.603   40  248 -42157.000 -42287.801  0.31%   121 2295s
 824799 295942 -42184.707   80  141 -42157.000 -42287.749  0.31%   121 2300s
 827074 297105     cutoff   82      -42157.000 -42287.694  0.31%   121 2306s
 828841 297780 -42171.561   72  191 -42157.000 -42287.620  0.31%   121 2311s
 830641 298592 -42214.515   66  197 -42157.000 -42287.561  0.31%   121 2315s
 832389 299404 -42191.600   68  210 -42157.000 -42287.509  0.31%   121 2320s
 834045 300275 -42221.098   53  209 -42157.000 -42287.465  0.31%   121 2325s
 835914 301137     cutoff   96      -42157.000 -42287.398  0.31%   121 2330s
 837473 301988 -42270.157   60  196 -42157.000 -42287.336  0.31%   121 2335s
 839353 302747 -42184.506   50  169 -42157.000 -42287.275  0.31%   121 2340s
 841944 303926     cutoff   88      -42157.000 -42287.208  0.31%   121 2346s
 843673 304753 -42203.029   65  197 -42157.000 -42287.151  0.31%   121 2350s
 845230 305490 -42215.966   66  220 -42157.000 -42287.114  0.31%   121 2355s
 846989 306290 -42158.600  104  108 -42157.000 -42287.071  0.31%   121 2360s
 848698 307194 -42182.282   49  201 -42157.000 -42287.020  0.31%   121 2365s
 850542 308028 -42210.767   63  201 -42157.000 -42286.968  0.31%   121 2370s
 853100 309256 -42196.488   70  202 -42157.000 -42286.898  0.31%   121 2376s
 854941 310154 -42241.346   94  176 -42157.000 -42286.838  0.31%   121 2381s
 856684 311074     cutoff   62      -42157.000 -42286.785  0.31%   121 2385s
 858593 311911 -42258.742   57  207 -42157.000 -42286.728  0.31%   121 2390s
 860470 312883 -42181.531   81  158 -42157.000 -42286.675  0.31%   121 2395s
 862736 313916 -42206.140   78  219 -42157.000 -42286.611  0.31%   121 2400s
 864221 314732     cutoff   62      -42157.000 -42286.554  0.31%   121 2405s
 866184 315651 -42236.449   81  197 -42157.000 -42286.496  0.31%   121 2410s
 868018 316410 -42188.822   91  203 -42157.000 -42286.435  0.31%   121 2415s
 870431 317615 -42185.917   67  200 -42157.000 -42286.381  0.31%   121 2421s
 872237 318443 -42190.468   93  247 -42157.000 -42286.333  0.31%   121 2425s
 873976 319265     cutoff   74      -42157.000 -42286.266  0.31%   121 2430s
 876254 320282 -42264.923   50  240 -42157.000 -42286.203  0.31%   121 2436s
 877939 321108 -42173.515   73   90 -42157.000 -42286.142  0.31%   121 2441s
 879577 321920 -42242.653   84  175 -42157.000 -42286.098  0.31%   121 2445s
 881012 322901 -42248.104   77  238 -42157.000 -42286.061  0.31%   121 2452s
 882815 323567 -42193.759   73  143 -42157.000 -42286.010  0.31%   121 2455s
 885255 324595 -42170.773   47  241 -42157.000 -42285.931  0.31%   121 2461s
 886904 325497 -42243.459   59  208 -42157.000 -42285.868  0.31%   121 2466s
 888694 326275 -42224.960   55  200 -42157.000 -42285.806  0.31%   121 2470s
 890496 327161     cutoff   79      -42157.000 -42285.759  0.31%   121 2475s
 892323 327987 -42216.981   56  260 -42157.000 -42285.683  0.31%   121 2480s
 894355 328932 -42268.379   50  142 -42157.000 -42285.627  0.31%   121 2485s
 895907 329741 -42208.231   67  237 -42157.000 -42285.585  0.31%   121 2490s
 898299 331076 -42194.451  108  171 -42157.000 -42285.538  0.30%   121 2496s
 900103 331959     cutoff   68      -42157.000 -42285.484  0.30%   121 2501s
 901873 332962     cutoff   51      -42157.000 -42285.444  0.30%   121 2506s
 903684 333736 -42181.753   56  222 -42157.000 -42285.389  0.30%   121 2511s
 905492 334483     cutoff   57      -42157.000 -42285.330  0.30%   121 2515s
 907243 335330 -42224.545   62  176 -42157.000 -42285.272  0.30%   121 2520s
 909128 336153     cutoff   56      -42157.000 -42285.230  0.30%   121 2525s
 911686 337492 -42263.915   70  185 -42157.000 -42285.171  0.30%   121 2531s
 913490 338363     cutoff   52      -42157.000 -42285.120  0.30%   121 2535s
 915304 339266 -42180.112   93  183 -42157.000 -42285.072  0.30%   121 2540s
 917022 340041 -42182.396   71  160 -42157.000 -42285.014  0.30%   121 2545s
 918659 340838 -42172.610   81  189 -42157.000 -42284.975  0.30%   121 2550s
 921169 342049     cutoff   67      -42157.000 -42284.910  0.30%   121 2556s
 922836 342743 -42231.993   54  156 -42157.000 -42284.856  0.30%   121 2561s
 924716 343753 -42194.458   68  165 -42157.000 -42284.787  0.30%   121 2566s
 926567 344568 -42190.074   63  185 -42157.000 -42284.730  0.30%   121 2570s
 928505 345471 -42192.379   60  188 -42157.000 -42284.672  0.30%   121 2575s
 930225 346234 -42211.587   94  222 -42157.000 -42284.606  0.30%   121 2580s
 932079 347224 -42243.861   53  258 -42157.000 -42284.551  0.30%   121 2585s
 934408 348282 -42250.877   47  159 -42157.000 -42284.496  0.30%   121 2591s
 936129 348979 -42209.346   76  180 -42157.000 -42284.446  0.30%   121 2595s
 937948 349899 -42162.231   75  172 -42157.000 -42284.402  0.30%   121 2600s
 939724 350786 -42160.514   85  178 -42157.000 -42284.341  0.30%   121 2605s
 941935 351616 -42182.743   82  105 -42157.000 -42284.283  0.30%   121 2611s
 943621 352524     cutoff   69      -42157.000 -42284.230  0.30%   121 2616s
 945388 353259 -42164.054   67  238 -42157.000 -42284.179  0.30%   121 2620s
 946973 354043     cutoff   83      -42157.000 -42284.145  0.30%   121 2625s
 948762 354901 -42162.092   61  205 -42157.000 -42284.085  0.30%   121 2630s
 951183 355944 -42277.432   64  218 -42157.000 -42284.035  0.30%   121 2636s
 953047 356807 -42167.631  100  176 -42157.000 -42283.982  0.30%   121 2641s
 954754 357737 -42252.788   50  243 -42157.000 -42283.944  0.30%   121 2645s
 956356 358451 -42167.815   55  234 -42157.000 -42283.899  0.30%   121 2651s
 958199 359317 -42191.046   70  189 -42157.000 -42283.837  0.30%   121 2656s
 959396 359872 -42164.031   54  235 -42157.000 -42283.807  0.30%   121 2660s
 961324 360784 -42226.259   73  138 -42157.000 -42283.762  0.30%   121 2665s
 963291 361601 -42197.411   51  171 -42157.000 -42283.717  0.30%   121 2670s
 965743 362619 -42229.384   44  220 -42157.000 -42283.654  0.30%   121 2676s
 967489 363419 -42204.352   58  213 -42157.000 -42283.589  0.30%   121 2681s
 969303 364237 -42199.193   71  185 -42157.000 -42283.535  0.30%   121 2686s
 970879 365041 -42164.408   57  141 -42157.000 -42283.484  0.30%   121 2691s
 972861 365953 -42269.470   42  228 -42157.000 -42283.444  0.30%   121 2696s
 974851 366731     cutoff   66      -42157.000 -42283.376  0.30%   121 2701s
 976597 367579 -42192.343   63  230 -42157.000 -42283.313  0.30%   121 2705s
 978460 368328 -42239.907   48  220 -42157.000 -42283.279  0.30%   121 2710s
 980204 369104 -42174.549   63  199 -42157.000 -42283.221  0.30%   121 2715s
 982041 369891     cutoff   79      -42157.000 -42283.179  0.30%   121 2720s
 983805 370792 -42190.872   43  207 -42157.000 -42283.132  0.30%   121 2725s
 986154 371856 -42196.670   69  195 -42157.000 -42283.070  0.30%   121 2731s
 988009 372797 -42239.845   57  181 -42157.000 -42283.019  0.30%   121 2736s
 989168 373313 -42169.850  104  131 -42157.000 -42282.992  0.30%   121 2740s
 990886 373917 -42184.831   49  223 -42157.000 -42282.949  0.30%   121 2745s
 992689 374907     cutoff   45      -42157.000 -42282.884  0.30%   121 2750s
 994787 375925 -42270.223   81  223 -42157.000 -42282.831  0.30%   121 2755s
 996779 376902     cutoff   62      -42157.000 -42282.762  0.30%   121 2760s
 999208 377977 -42250.396   55  208 -42157.000 -42282.717  0.30%   120 2766s
 1000860 378709     cutoff   64      -42157.000 -42282.684  0.30%   120 2770s
 1002455 379543 -42170.334   50  229 -42157.000 -42282.647  0.30%   120 2775s
 1004345 380415 -42165.948   61  217 -42157.000 -42282.604  0.30%   120 2780s
 1006837 381694     cutoff   31      -42157.000 -42282.534  0.30%   120 2786s
 1008496 382558 -42184.782   69  226 -42157.000 -42282.494  0.30%   120 2791s
 1010341 383315     cutoff   88      -42157.000 -42282.463  0.30%   120 2796s
 1012194 384229 -42245.877   75  204 -42157.000 -42282.422  0.30%   120 2801s
 1013922 385065     cutoff   58      -42157.000 -42282.372  0.30%   120 2806s
 1015763 385773 -42219.041   79  183 -42157.000 -42282.313  0.30%   120 2811s
 1017608 386618     cutoff   74      -42157.000 -42282.275  0.30%   120 2816s
 1019333 387472 -42265.988   58  256 -42157.000 -42282.225  0.30%   120 2821s
 1021073 388260 -42215.308   51  247 -42157.000 -42282.192  0.30%   120 2825s
 1022827 388892 -42216.362   80  220 -42157.000 -42282.157  0.30%   120 2831s
 1024602 389835 -42228.574   64  223 -42157.000 -42282.110  0.30%   120 2836s
 1026658 390732 -42178.217   84  214 -42157.000 -42282.060  0.30%   120 2841s
 1028570 391617 -42244.345   95  187 -42157.000 -42282.027  0.30%   120 2846s
 1030203 392315 -42231.610   54  223 -42157.000 -42281.990  0.30%   120 2850s
 1032099 393245 -42200.795   86  166 -42157.000 -42281.957  0.30%   120 2856s
 1034047 394208 -42257.361   67  168 -42157.000 -42281.907  0.30%   120 2860s
 1035920 394950 -42175.536   97  164 -42157.000 -42281.871  0.30%   120 2865s
 1037686 395614 -42276.075   73  232 -42157.000 -42281.834  0.30%   120 2870s
 1039549 396429 -42218.069   71  195 -42157.000 -42281.779  0.30%   120 2875s
 1041708 397375 -42164.139   93  175 -42157.000 -42281.720  0.30%   120 2881s
 1043397 398156 -42202.704   52  199 -42157.000 -42281.676  0.30%   120 2886s
 1045223 399091 -42252.393   44  252 -42157.000 -42281.624  0.30%   120 2890s
 1047239 400086 -42183.148   64  193 -42157.000 -42281.575  0.30%   120 2895s
 1048882 400749 -42232.373   79  180 -42157.000 -42281.545  0.30%   120 2900s
 1051397 402011 -42213.822   70  170 -42157.000 -42281.485  0.30%   120 2906s
 1053154 402875 -42210.500   44  232 -42157.000 -42281.445  0.30%   120 2910s
 1054753 403593 -42279.862   74  173 -42157.000 -42281.406  0.30%   120 2915s
 1056551 404574 -42200.368   84  154 -42157.000 -42281.368  0.30%   120 2920s
 1058907 405569 -42166.038   67  195 -42157.000 -42281.314  0.29%   120 2926s
 1060674 406238 -42165.158   68  188 -42157.000 -42281.271  0.29%   120 2931s
 1062000 406896 -42268.633   46  263 -42157.000 -42281.238  0.29%   120 2935s
 1064008 407915 -42195.489   69  166 -42157.000 -42281.193  0.29%   120 2940s
 1065854 408641 -42201.871   49  256 -42157.000 -42281.143  0.29%   120 2945s
 1067645 409492 -42228.413   92  213 -42157.000 -42281.099  0.29%   120 2950s
 1069506 410372 -42181.633   99  197 -42157.000 -42281.051  0.29%   120 2955s
 1071209 410991 -42225.907   69  161 -42157.000 -42281.008  0.29%   120 2960s
 1073167 411771     cutoff   52      -42157.000 -42280.958  0.29%   120 2965s
 1074944 412500 -42234.490   60  184 -42157.000 -42280.913  0.29%   120 2970s
 1076757 413477 -42245.210   69  214 -42157.000 -42280.860  0.29%   120 2975s
 1079264 414681 -42184.733   76  159 -42157.000 -42280.805  0.29%   120 2981s
 1081134 415395 -42178.435   55  233 -42157.000 -42280.747  0.29%   120 2986s
 1082734 416216 -42162.589   67  153 -42157.000 -42280.710  0.29%   120 2991s
 1084656 416873     cutoff   89      -42157.000 -42280.663  0.29%   120 2996s
 1086474 417740     cutoff   75      -42157.000 -42280.617  0.29%   120 3000s
 1088219 418568     cutoff   50      -42157.000 -42280.574  0.29%   120 3005s
 1090024 419303 -42250.518   64  195 -42157.000 -42280.532  0.29%   120 3010s
 1091735 420201 -42247.282   48  167 -42157.000 -42280.489  0.29%   120 3015s
 1094175 421326 -42179.537   48  181 -42157.000 -42280.448  0.29%   120 3021s
 1095728 422080 -42163.132   59  218 -42157.000 -42280.405  0.29%   120 3025s
 1097504 422902 -42213.305   87  175 -42157.000 -42280.352  0.29%   120 3030s
 1099403 423689 -42194.077   56  213 -42157.000 -42280.309  0.29%   120 3035s
 1101671 424681 -42244.816   51  165 -42157.000 -42280.249  0.29%   120 3041s
 1103475 425420 -42218.583   54  166 -42157.000 -42280.208  0.29%   120 3046s
 1105257 426225     cutoff   54      -42157.000 -42280.170  0.29%   120 3050s
 1106922 427153 -42160.452   71  197 -42157.000 -42280.132  0.29%   120 3056s
 1108910 427874 -42198.055   68  170 -42157.000 -42280.082  0.29%   120 3061s
 1110581 428553     cutoff   64      -42157.000 -42280.041  0.29%   120 3066s
 1112321 429366 -42270.893   40  235 -42157.000 -42280.008  0.29%   120 3071s
 1114106 430083     cutoff   66      -42157.000 -42279.954  0.29%   120 3076s
 1115938 430846 -42224.414   58  242 -42157.000 -42279.911  0.29%   120 3081s
 1117223 431393 -42269.870   44  225 -42157.000 -42279.886  0.29%   120 3085s
 1118924 432261 -42251.272   67  214 -42157.000 -42279.854  0.29%   120 3090s
 1120729 432979 -42195.933   70  198 -42157.000 -42279.815  0.29%   120 3095s
 1122467 433736 -42249.162   50  261 -42157.000 -42279.770  0.29%   120 3100s
 1124168 434552 -42191.348   64  140 -42157.000 -42279.735  0.29%   120 3105s
 1126074 435393     cutoff   59      -42157.000 -42279.692  0.29%   120 3110s
 1127888 436195 -42229.894   47  181 -42157.000 -42279.657  0.29%   120 3115s
 1129659 436915 -42221.125   82  188 -42157.000 -42279.616  0.29%   120 3120s
 1131483 437643 -42175.619   63  170 -42157.000 -42279.576  0.29%   120 3125s
 1133223 438532 -42185.881   68  201 -42157.000 -42279.538  0.29%   120 3130s
 1134986 439367 -42271.708   54  262 -42157.000 -42279.506  0.29%   120 3135s
 1137301 440399 -42178.215   72  212 -42157.000 -42279.458  0.29%   120 3141s
 1138994 441166 -42189.192   49  268 -42157.000 -42279.429  0.29%   120 3146s
 1140757 441852 -42199.439   43  174 -42157.000 -42279.386  0.29%   120 3151s
 1142533 442636 -42274.910   53  231 -42157.000 -42279.357  0.29%   120 3156s
 1144232 443355 -42248.748   61  227 -42157.000 -42279.324  0.29%   120 3161s
 1145889 443856 -42208.121   47  254 -42157.000 -42279.291  0.29%   120 3165s
 1147618 444760 -42269.615   47  210 -42157.000 -42279.251  0.29%   120 3170s
 1149973 445668     cutoff   59      -42157.000 -42279.190  0.29%   120 3176s
 1151717 446385 -42164.308   54  169 -42157.000 -42279.143  0.29%   120 3181s
 1153602 447273 -42219.973   66  203 -42157.000 -42279.108  0.29%   120 3185s
 1155308 448107 -42260.673   60  196 -42157.000 -42279.072  0.29%   120 3191s
 1157236 448917 -42247.547   53  175 -42157.000 -42279.014  0.29%   120 3196s
 1159071 449671 -42207.691   72  182 -42157.000 -42278.969  0.29%   120 3201s
 1160394 450400 -42232.261   51  215 -42157.000 -42278.938  0.29%   120 3205s
 1162195 451156 -42246.196   65  186 -42157.000 -42278.902  0.29%   120 3210s
 1164040 451947 -42211.645   85  237 -42157.000 -42278.862  0.29%   120 3215s
 1165740 452698     cutoff   64      -42157.000 -42278.818  0.29%   120 3220s
 1168160 453761 -42180.265   68  192 -42157.000 -42278.767  0.29%   120 3226s
 1169928 454593 -42244.518   52  158 -42157.000 -42278.732  0.29%   120 3231s
 1171787 455364 -42242.203   77  164 -42157.000 -42278.695  0.29%   120 3236s
 1173641 456020 -42276.839   62  218 -42157.000 -42278.654  0.29%   120 3240s
 1175385 456810     cutoff   55      -42157.000 -42278.620  0.29%   120 3245s
 1177045 457519 -42197.846   83  205 -42157.000 -42278.583  0.29%   120 3251s
 1178936 458454 -42164.007   89  178 -42157.000 -42278.537  0.29%   120 3256s
 1180779 459203     cutoff   79      -42157.000 -42278.501  0.29%   120 3261s
 1182607 459893 -42175.949   80  164 -42157.000 -42278.471  0.29%   120 3266s
 1184420 460700 -42196.900   92  249 -42157.000 -42278.430  0.29%   120 3271s
 1186203 461449 -42184.592   66  151 -42157.000 -42278.390  0.29%   120 3276s
 1187272 461951 -42264.180   58  192 -42157.000 -42278.360  0.29%   120 3280s
 1189243 462741 -42178.227   77  154 -42157.000 -42278.324  0.29%   120 3285s
 1190965 463425     cutoff   81      -42157.000 -42278.274  0.29%   120 3290s
 1192826 464144     cutoff   77      -42157.000 -42278.228  0.29%   120 3295s
 1194696 464910 -42251.752   46  253 -42157.000 -42278.181  0.29%   120 3300s
 1196380 465504 -42236.727   59  194 -42157.000 -42278.137  0.29%   120 3305s
 1198643 466469 -42250.733   71  173 -42157.000 -42278.087  0.29%   120 3311s
 1200466 467137 -42214.941   69  173 -42157.000 -42278.046  0.29%   120 3316s
 1202147 467817 -42188.677   62  208 -42157.000 -42278.007  0.29%   120 3320s
 1203617 468348     cutoff   93      -42157.000 -42277.976  0.29%   120 3326s
 1205377 469147 -42263.054   59  186 -42157.000 -42277.940  0.29%   120 3331s
 1207271 469892 -42269.113   58  199 -42157.000 -42277.910  0.29%   120 3336s
 1209018 470624 -42241.534   69  192 -42157.000 -42277.871  0.29%   120 3341s
 1210824 471362     cutoff   60      -42157.000 -42277.824  0.29%   120 3346s
 1212549 472054 -42197.365   69  197 -42157.000 -42277.788  0.29%   120 3351s
 1213728 472596 -42256.737   68  188 -42157.000 -42277.767  0.29%   120 3355s
 1215589 473379 -42220.475   76  195 -42157.000 -42277.726  0.29%   120 3360s
 1217481 474249     cutoff   89      -42157.000 -42277.696  0.29%   120 3365s
 1219120 474891 -42232.079   54  165 -42157.000 -42277.663  0.29%   120 3370s
 1220975 475601 -42245.910   51  182 -42157.000 -42277.627  0.29%   120 3375s
 1222797 476378 -42220.327   44  165 -42157.000 -42277.593  0.29%   120 3380s
 1224664 477035 -42195.322   52  187 -42157.000 -42277.561  0.29%   120 3385s
 1226457 477743     cutoff   67      -42157.000 -42277.519  0.29%   120 3390s
 1228263 478631 -42210.880   60  144 -42157.000 -42277.490  0.29%   120 3395s
 1230055 479337     cutoff   67      -42157.000 -42277.448  0.29%   120 3400s
 1231797 480093 -42200.095   62  233 -42157.000 -42277.411  0.29%   120 3405s
 1233536 480648 -42238.938   49  188 -42157.000 -42277.366  0.29%   120 3410s
 1235117 481312 -42218.482   58  243 -42157.000 -42277.328  0.29%   120 3416s
 1236955 482095 -42266.696   42  249 -42157.000 -42277.286  0.29%   120 3421s
 1238180 482591     cutoff   61      -42157.000 -42277.261  0.29%   120 3425s
 1239897 483391 -42243.912   75  245 -42157.000 -42277.223  0.29%   120 3430s
 1241644 484273 -42185.002   71  167 -42157.000 -42277.192  0.29%   120 3435s
 1243334 485002 -42267.640   58  196 -42157.000 -42277.156  0.29%   120 3440s
 1245134 485816 -42252.188   84  210 -42157.000 -42277.117  0.28%   120 3446s
 1247052 486617 -42200.791   52  176 -42157.000 -42277.082  0.28%   120 3451s
 1248852 487392 -42207.976   72  226 -42157.000 -42277.048  0.28%   120 3456s
 1249957 488004 -42158.686   92  178 -42157.000 -42277.022  0.28%   120 3460s
 1251909 488840     cutoff   59      -42157.000 -42276.987  0.28%   120 3465s
 1253822 489647 -42167.788   65  252 -42157.000 -42276.955  0.28%   120 3471s
 1255670 490559 infeasible   93      -42157.000 -42276.929  0.28%   120 3476s
 1257450 491265 -42165.575   73  168 -42157.000 -42276.897  0.28%   120 3481s
 1259194 491952 -42211.808   64  209 -42157.000 -42276.862  0.28%   120 3486s
 1260940 492700 -42219.320   83  199 -42157.000 -42276.831  0.28%   120 3491s
 1261982 493135 -42275.435   43  251 -42157.000 -42276.809  0.28%   120 3495s
 1263787 493844 -42203.004   62  240 -42157.000 -42276.779  0.28%   120 3500s
 1265691 494666 -42201.317   69  164 -42157.000 -42276.744  0.28%   120 3505s
 1267544 495425 -42169.232   82  150 -42157.000 -42276.712  0.28%   120 3511s
 1269503 496254 -42236.398   64  189 -42157.000 -42276.668  0.28%   120 3516s
 1271208 496830     cutoff   52      -42157.000 -42276.627  0.28%   120 3521s
 1272837 497543 -42214.629   61  223 -42157.000 -42276.599  0.28%   120 3526s
 1274569 498171     cutoff   63      -42157.000 -42276.565  0.28%   120 3531s
 1276506 498888     cutoff   71      -42157.000 -42276.501  0.28%   120 3536s
 1277669 499373 -42270.474   43  222 -42157.000 -42276.475  0.28%   120 3540s
 1279557 500143 -42164.466   76  229 -42157.000 -42276.434  0.28%   120 3545s
 1281342 500888 -42212.506  104  165 -42157.000 -42276.396  0.28%   120 3550s
 1283051 501426 -42241.245   90  179 -42157.000 -42276.357  0.28%   120 3555s
 1284677 502379 -42164.481   61  215 -42157.000 -42276.315  0.28%   120 3561s
 1286645 503282 -42184.337   83  130 -42157.000 -42276.271  0.28%   120 3566s
 1287856 503729 -42231.000   78  173 -42157.000 -42276.239  0.28%   120 3570s
 1289685 504382 -42232.918   39  255 -42157.000 -42276.201  0.28%   120 3575s
 1291581 505035 -42197.801   70  236 -42157.000 -42276.162  0.28%   120 3580s
 1293401 505882 -42206.984   69  204 -42157.000 -42276.129  0.28%   120 3585s
 1294960 506490 -42173.543   78  230 -42157.000 -42276.089  0.28%   120 3590s
 1296860 507301 -42245.546   51  223 -42157.000 -42276.046  0.28%   120 3595s
 1298616 507807 -42213.529   58  179 -42157.000 -42276.015  0.28%   120 3600s

Cutting planes:
  Gomory: 24
  Cover: 1066
  Clique: 42
  MIR: 273
  StrongCG: 113
  Flow cover: 255
  GUB cover: 8
  Inf proof: 50
  Zero half: 10
  RLT: 24

Explored 1298843 nodes (155965818 simplex iterations) in 3600.00 seconds (6989.99 work units)
Thread count was 4 (of 56 available processors)

Solution count 10: -42157 -42071 -42037 ... -41851

Time limit reached
Best objective -4.215700000000e+04, best bound -4.227600000000e+04, gap 0.2823%
