
Gurobi 9.5.0 (linux64) logging started Mon Apr  4 21:48:21 2022

Set parameter LogFile to value "/local_workspace/chenrui/LogFiles/MKAP/MKAP_20_100_10_6_DWcutsT2_1h.log"
Gurobi Optimizer version 9.5.0 build v9.5.0rc5 (linux64)
Thread count: 56 physical cores, 56 logical processors, using up to 4 threads
Optimize a model with 1108 rows, 2200 columns and 12779 nonzeros
Model fingerprint: 0x7cdebd5a
Variable types: 0 continuous, 2200 integer (2200 binary)
Coefficient statistics:
  Matrix range     [1e-13, 2e+03]
  Objective range  [1e+01, 1e+03]
  Bounds range     [1e+00, 1e+00]
  RHS range        [1e-13, 5e+01]
Warning: Model contains large matrix coefficient range
         Consider reformulating model or setting NumericFocus parameter
         to avoid numerical issues.
Found heuristic solution: objective 0.0000000
Presolve removed 4 rows and 0 columns
Presolve time: 0.05s
Presolved: 1104 rows, 2200 columns, 12257 nonzeros
Variable types: 0 continuous, 2200 integer (2200 binary)
Found heuristic solution: objective -3464.000000

Root relaxation: objective -4.013020e+04, 6125 iterations, 0.24 seconds (0.28 work units)

    Nodes    |    Current Node    |     Objective Bounds      |     Work
 Expl Unexpl |  Obj  Depth IntInf | Incumbent    BestBd   Gap | It/Node Time

     0     0 -40130.198    0  161 -3464.0000 -40130.198  1058%     -    0s
H    0     0                    -36144.00000 -40130.198  11.0%     -    0s
H    0     0                    -37668.00000 -40130.198  6.54%     -    0s
H    0     0                    -38034.00000 -40130.198  5.51%     -    0s
H    0     0                    -38422.00000 -40130.198  4.45%     -    0s
     0     0 -40130.198    0  226 -38422.000 -40130.198  4.45%     -    0s
H    0     0                    -38735.00000 -40130.198  3.60%     -    0s
     0     0 -40130.198    0  204 -38735.000 -40130.198  3.60%     -    0s
     0     0 -40130.198    0  145 -38735.000 -40130.198  3.60%     -    0s
     0     0 -40130.198    0  153 -38735.000 -40130.198  3.60%     -    0s
     0     0 -40130.198    0  148 -38735.000 -40130.198  3.60%     -    0s
     0     0 -40130.198    0  148 -38735.000 -40130.198  3.60%     -    1s
     0     2 -40130.198    0  145 -38735.000 -40130.198  3.60%     -    1s
H   29    39                    -38985.00000 -40130.198  2.94%   321    3s
H   31    39                    -38994.00000 -40130.198  2.91%   317    3s
H  152   167                    -39141.00000 -40130.198  2.53%   189    4s
   166   482 -40128.539   23  169 -39141.000 -40130.198  2.53%   187    5s
H  279   482                    -39315.00000 -40130.198  2.07%   133    5s
H 1237  1125                    -39489.00000 -40130.198  1.62%  77.3    7s
H 1241  1069                    -39494.00000 -40130.198  1.61%  77.3    9s
  1248  1074 -40105.859   14  194 -39494.000 -40130.198  1.61%  76.8   10s
H 1400  1154                    -39569.00000 -40130.195  1.42%  97.2   14s
  1433  1164 -40124.857   27  139 -39569.000 -40130.195  1.42%  97.9   15s
H 1449  1108                    -39581.00000 -40130.195  1.39%  98.8   15s
  3195  2167 -40118.808   20  169 -39581.000 -40130.195  1.39%  87.8   20s
  4172  2491 -40130.195   19  161 -39581.000 -40130.195  1.39%  86.7   25s
  5812  3796 -40125.576   19  145 -39581.000 -40130.188  1.39%  89.9   30s
  7994  5596 -40041.040   31  153 -39581.000 -40130.149  1.39%  93.4   35s
H 9182  5931                    -39665.00000 -40130.137  1.17%  96.4   38s
  9830  6477 -39745.245   54   88 -39665.000 -40130.114  1.17%  97.8   40s
 11790  7896 -39698.814   73  156 -39665.000 -40130.029  1.17%  99.0   45s
 14451  9668 -40052.048   26  157 -39665.000 -40129.543  1.17%  98.7   50s
 16117 11000 -40108.715   27  172 -39665.000 -40129.244  1.17%   100   56s
 18089 12334 -40122.960   25  169 -39665.000 -40129.018  1.17%  99.4   60s
 20508 14112 -40126.313   21  210 -39665.000 -40128.826  1.17%  98.9   65s
 21211 14113 -39921.188   43  148 -39665.000 -40128.806  1.17%  98.8   77s
 21229 14125 -39785.468   29  264 -39665.000 -40126.569  1.16%  98.7   80s
 21245 14136 -39735.268   49  302 -39665.000 -40121.515  1.15%  98.6   85s
 21256 14143 -39863.555   48  272 -39665.000 -40121.223  1.15%  98.6   90s
 21270 14152 -39691.239   70  299 -39665.000 -40121.091  1.15%  98.5   95s
 21295 14170 -39675.112   93  278 -39665.000 -40120.839  1.15%  99.1  100s
 21305 14177 -39847.885   39  266 -39665.000 -40120.839  1.15%  99.1  105s
 21314 14188 -40118.234   39  280 -39665.000 -40118.234  1.14%   100  110s
 21396 14244 -40116.252   47  245 -39665.000 -40116.252  1.14%   100  115s
 21659 14356 -40049.208   65  206 -39665.000 -40114.895  1.13%   101  120s
 22394 14693     cutoff   53      -39665.000 -40113.838  1.13%   101  125s
 23779 15245 -39745.978   91   82 -39665.000 -40109.583  1.12%   101  130s
H24929 14580                    -39701.00000 -40104.835  1.02%   101  133s
 25495 14954 -39861.838   64  217 -39701.000 -40102.518  1.01%   101  137s
 26964 15598 -39960.145   56  215 -39701.000 -40097.912  1.00%   101  140s
 29703 16635 -40057.210   53  188 -39701.000 -40092.295  0.99%   100  145s
 32103 17294     cutoff   60      -39701.000 -40088.205  0.98%   100  150s
 33307 17599 -39839.441   59  235 -39701.000 -40085.716  0.97%   100  155s
H33583 14587                    -39781.00000 -40085.607  0.77%   100  155s
 35744 15053 -40024.349   69  234 -39781.000 -40079.783  0.75%  99.5  160s
 38660 15405     cutoff   66      -39781.000 -40074.771  0.74%  99.5  165s
 41289 15744 -40067.181   58  227 -39781.000 -40069.891  0.73%  99.2  170s
 43935 15978 -39872.034   73  181 -39781.000 -40066.824  0.72%  98.8  175s
 46584 16456 -39815.380   78  137 -39781.000 -40064.335  0.71%  99.0  180s
 49538 16807 -39799.695   65  150 -39781.000 -40061.594  0.71%  99.2  185s
 51881 17171 -39788.826   85  130 -39781.000 -40060.225  0.70%  99.0  190s
 54497 17495 -39834.998   73  210 -39781.000 -40058.897  0.70%  99.1  195s
 57568 17930 -39894.366   60  196 -39781.000 -40057.745  0.70%  99.3  200s
 60180 18110 -39923.592   59  206 -39781.000 -40056.654  0.69%  99.0  205s
 62946 19130 -39784.475   73  190 -39781.000 -40055.505  0.69%  99.0  210s
 65577 20293 -39793.723   72  134 -39781.000 -40054.822  0.69%  98.8  215s
 68642 21377 -39784.692   67  192 -39781.000 -40053.849  0.69%  98.7  220s
 71572 22475     cutoff   64      -39781.000 -40053.047  0.68%  98.9  225s
 74272 23539 -39837.498   76  211 -39781.000 -40052.307  0.68%  98.8  231s
 76746 24521 -39903.665   75  223 -39781.000 -40051.718  0.68%  98.8  235s
 79405 25458 -39803.160   85  106 -39781.000 -40051.103  0.68%  98.6  240s
 82609 26537 -39861.820   63  212 -39781.000 -40050.377  0.68%  98.4  245s
 85900 27612 -39836.222   64  190 -39781.000 -40049.539  0.68%  98.1  251s
 88450 28485 -39808.039   70  145 -39781.000 -40048.864  0.67%  97.8  255s
 90979 29382     cutoff   84      -39781.000 -40048.279  0.67%  97.8  260s
 94088 30402 -39799.940   74  164 -39781.000 -40047.603  0.67%  97.7  265s
 96500 31153     cutoff   99      -39781.000 -40047.002  0.67%  97.6  270s
 99625 32126 -39872.485   65  196 -39781.000 -40046.256  0.67%  97.4  275s
 102634 33084 -39975.787   62  202 -39781.000 -40045.614  0.67%  97.2  280s
 105546 34058 -39789.212   73  191 -39781.000 -40044.968  0.66%  97.2  285s
 106204 34363 -39804.360   76  113 -39781.000 -40044.849  0.66%  97.2  290s
 109528 35284     cutoff   75      -39781.000 -40044.182  0.66%  97.0  295s
 112240 36050 -39923.089   70  207 -39781.000 -40043.613  0.66%  96.9  300s
 115537 37018 -39906.424   64  157 -39781.000 -40042.962  0.66%  96.8  305s
 118752 37779     cutoff   74      -39781.000 -40042.155  0.66%  96.7  310s
 121737 38658 -39854.615   82  222 -39781.000 -40041.527  0.65%  96.6  315s
 124789 39480 -40034.150   56  222 -39781.000 -40040.884  0.65%  96.5  320s
 127799 40210 -39914.084   55  162 -39781.000 -40040.343  0.65%  96.4  325s
 130716 40986 -40019.996   76  185 -39781.000 -40039.691  0.65%  96.3  330s
 133961 41880 -39845.514   57  204 -39781.000 -40038.993  0.65%  96.0  335s
 136555 42681     cutoff   80      -39781.000 -40038.327  0.65%  95.9  340s
 139767 43522 -39839.438   79  178 -39781.000 -40037.576  0.64%  95.7  345s
 142663 44232     cutoff   67      -39781.000 -40036.913  0.64%  95.7  350s
 146237 45089 -39782.518   69  112 -39781.000 -40036.249  0.64%  95.6  355s
 149268 45899 -39840.149   84  171 -39781.000 -40035.608  0.64%  95.5  360s
 152343 46627     cutoff   59      -39781.000 -40034.953  0.64%  95.4  365s
 155517 47359 -40033.362   52  191 -39781.000 -40034.141  0.64%  95.2  370s
 158533 48102 -39826.080   64  164 -39781.000 -40033.532  0.63%  95.2  375s
 161306 48811 -39952.505   57  185 -39781.000 -40032.939  0.63%  95.2  380s
 163882 49366 -39829.350   76  200 -39781.000 -40032.291  0.63%  95.1  385s
 166959 50168 -39826.331   89  109 -39781.000 -40031.593  0.63%  95.1  390s
 169986 50926 -39825.542   71  146 -39781.000 -40030.792  0.63%  95.1  395s
 173240 51565 -39866.952   76  163 -39781.000 -40029.985  0.63%  94.9  400s
 176144 52194     cutoff   86      -39781.000 -40029.295  0.62%  94.8  405s
 179187 52961     cutoff   91      -39781.000 -40028.512  0.62%  94.8  410s
 182071 53616 -39858.895   78  172 -39781.000 -40027.811  0.62%  94.6  415s
 185091 54206 -39859.887   73  192 -39781.000 -40027.007  0.62%  94.6  420s
 188310 54888 -39815.799   68  162 -39781.000 -40026.216  0.62%  94.4  425s
 191343 55476 -40014.707   70  229 -39781.000 -40025.358  0.61%  94.4  430s
 194193 56081     cutoff   79      -39781.000 -40024.523  0.61%  94.3  435s
 197419 56763 -39788.946   80  157 -39781.000 -40023.708  0.61%  94.2  440s
 200312 57286 -39877.082   54  207 -39781.000 -40022.914  0.61%  94.2  445s
 203356 57795 -39823.063   58  200 -39781.000 -40022.140  0.61%  94.0  450s
 206362 58350 -39817.829   62  210 -39781.000 -40021.276  0.60%  94.0  455s
 209177 58904 -40006.173   83  215 -39781.000 -40020.487  0.60%  94.0  461s
 211502 59338 -39802.805   79  206 -39781.000 -40019.718  0.60%  94.0  465s
 214461 59899 -39806.457   64  220 -39781.000 -40018.799  0.60%  93.9  470s
 217935 60644 -40000.949   64  165 -39781.000 -40017.852  0.60%  93.9  475s
 220875 61164     cutoff   84      -39781.000 -40016.891  0.59%  93.9  481s
 223298 61526 -39900.637   61  186 -39781.000 -40016.012  0.59%  93.8  485s
 226271 61979     cutoff   76      -39781.000 -40015.150  0.59%  93.8  490s
 229125 62562 -39900.435   66  191 -39781.000 -40014.337  0.59%  93.9  495s
 231584 63016 -39818.484   61  183 -39781.000 -40013.633  0.58%  93.9  500s
 234707 63515 -39873.730   68  172 -39781.000 -40012.751  0.58%  93.8  505s
 237642 63894     cutoff   73      -39781.000 -40011.837  0.58%  93.8  510s
 240583 64280     cutoff   64      -39781.000 -40010.948  0.58%  93.7  515s
 243030 64539     cutoff   77      -39781.000 -40010.248  0.58%  93.7  520s
 245779 65014 -39885.635   65  182 -39781.000 -40009.489  0.57%  93.7  525s
 248974 65501 -39877.341   64  210 -39781.000 -40008.674  0.57%  93.7  530s
 251294 65930 -39997.954   76  166 -39781.000 -40008.115  0.57%  93.7  535s
 254424 66278     cutoff   75      -39781.000 -40007.246  0.57%  93.7  540s
 257447 66519 -39842.652   56  163 -39781.000 -40006.358  0.57%  93.6  545s
 260224 66790     cutoff   61      -39781.000 -40005.518  0.56%  93.6  550s
 263156 67002 -39853.395   60  191 -39781.000 -40004.652  0.56%  93.6  555s
 266190 67257 -39990.637   66  207 -39781.000 -40003.849  0.56%  93.6  560s
 269182 67492 -39991.053   59  187 -39781.000 -40002.983  0.56%  93.6  565s
 272129 67696     cutoff   69      -39781.000 -40002.168  0.56%  93.6  570s
 275183 67990 -39990.686   67  195 -39781.000 -40001.275  0.55%  93.6  575s
 277684 68133 -39808.357   73  178 -39781.000 -40000.659  0.55%  93.6  580s
 280830 68310 -39839.837   62  219 -39781.000 -39999.677  0.55%  93.5  585s
 284215 68446 -39849.304   58  189 -39781.000 -39998.727  0.55%  93.5  591s
 287149 68586 -39978.560   56  213 -39781.000 -39997.879  0.55%  93.6  596s
 289544 68791     cutoff   71      -39781.000 -39997.145  0.54%  93.5  600s
 292459 68944     cutoff   68      -39781.000 -39996.220  0.54%  93.6  605s
 295273 69139 -39837.149   47  203 -39781.000 -39995.355  0.54%  93.6  610s
 298291 69299     cutoff   79      -39781.000 -39994.450  0.54%  93.6  615s
 301124 69546 -39934.440  105  120 -39781.000 -39993.589  0.53%  93.6  620s
 303752 69698 -39987.182   61  200 -39781.000 -39992.775  0.53%  93.7  625s
 306726 69824 -39810.797   75  200 -39781.000 -39991.831  0.53%  93.7  630s
 309574 69902     cutoff   62      -39781.000 -39990.901  0.53%  93.8  635s
 311671 70009     cutoff   68      -39781.000 -39990.366  0.53%  93.8  640s
 314765 70245 -39864.163   79  154 -39781.000 -39989.430  0.52%  93.8  645s
 317156 70349 -39856.439   74  204 -39781.000 -39988.716  0.52%  93.8  650s
 320111 70386 -39796.941   59  191 -39781.000 -39987.898  0.52%  93.9  655s
 323218 70508 -39841.697   86  176 -39781.000 -39986.856  0.52%  93.9  660s
 325467 70573 -39937.879   68  192 -39781.000 -39985.996  0.52%  94.0  665s
 328412 70614 -39823.495   88  153 -39781.000 -39985.041  0.51%  94.1  670s
 330857 70699     cutoff   93      -39781.000 -39984.232  0.51%  94.1  675s
 333489 70694 -39858.426   61  167 -39781.000 -39983.369  0.51%  94.2  681s
 335933 70777 -39782.845   67  163 -39781.000 -39982.613  0.51%  94.3  685s
 338782 70927 -39855.189   58  198 -39781.000 -39981.782  0.50%  94.4  690s
 340966 70983 -39971.869   69  178 -39781.000 -39980.998  0.50%  94.5  695s
 343327 71012 infeasible   82      -39781.000 -39980.041  0.50%  94.5  700s
 345625 71134 -39838.882   68  163 -39781.000 -39979.175  0.50%  94.7  705s
 348599 71025 -39961.058   66  171 -39781.000 -39978.232  0.50%  94.8  710s
 350997 70932 -39790.264   60  209 -39781.000 -39977.289  0.49%  94.8  715s
 353881 70875 -39799.421   81  182 -39781.000 -39976.001  0.49%  94.9  720s
 356114 70829     cutoff   77      -39781.000 -39975.112  0.49%  95.0  725s
 359047 70682     cutoff   79      -39781.000 -39973.679  0.48%  95.2  731s
 361503 70614 -39805.085   60  230 -39781.000 -39972.704  0.48%  95.2  735s
 363720 70456 -39796.589   70  204 -39781.000 -39971.639  0.48%  95.4  740s
 366305 70235 -39819.936   68  182 -39781.000 -39970.513  0.48%  95.5  745s
 368713 70046 -39863.459   54  174 -39781.000 -39969.387  0.47%  95.6  750s
 371191 69817 -39962.236   81  224 -39781.000 -39968.037  0.47%  95.7  755s
 374002 69851 -39858.950   75  199 -39781.000 -39966.888  0.47%  95.8  761s
 376347 69825 -39939.211   66  203 -39781.000 -39965.743  0.46%  95.9  765s
 378797 69769 -39824.976   60  181 -39781.000 -39964.496  0.46%  96.0  770s
 380961 69708 -39935.595   63  223 -39781.000 -39963.491  0.46%  96.1  775s
 383586 69670     cutoff   86      -39781.000 -39962.249  0.46%  96.1  780s
 386551 69619     cutoff   69      -39781.000 -39960.739  0.45%  96.2  786s
 388793 69661     cutoff   75      -39781.000 -39959.682  0.45%  96.3  791s
 391325 69445     cutoff   61      -39781.000 -39958.240  0.45%  96.4  795s
 393854 69313 -39947.374   64  209 -39781.000 -39956.795  0.44%  96.5  800s
 396272 69258     cutoff   66      -39781.000 -39955.536  0.44%  96.5  805s
 399252 69088     cutoff   95      -39781.000 -39953.935  0.43%  96.6  810s
 401395 68926 -39815.618   74  155 -39781.000 -39952.763  0.43%  96.7  815s
 403898 68704 -39807.324   72  198 -39781.000 -39951.290  0.43%  96.7  820s
 407094 68327 -39795.695   78  202 -39781.000 -39949.431  0.42%  96.8  825s
 409633 68063     cutoff   66      -39781.000 -39947.874  0.42%  96.8  830s
 412503 67856 -39847.889   62  230 -39781.000 -39946.154  0.42%  96.9  835s
 414881 67651 -39905.887   76  156 -39781.000 -39944.296  0.41%  96.9  840s
 418019 67490 -39853.249   63  238 -39781.000 -39942.226  0.41%  97.0  845s
 420460 67436     cutoff   63      -39781.000 -39940.529  0.40%  97.0  850s
 423732 67230 -39803.806   73  181 -39781.000 -39938.310  0.40%  97.0  856s
 425945 67085 -39926.974   80  205 -39781.000 -39936.542  0.39%  97.0  860s
 428387 67043     cutoff   62      -39781.000 -39934.918  0.39%  97.0  865s
 430926 67058 -39920.224   76  203 -39781.000 -39932.711  0.38%  97.1  870s
 433913 67127 -39799.837   74  145 -39781.000 -39930.674  0.38%  97.1  875s
 436403 67106     cutoff   61      -39781.000 -39929.025  0.37%  97.1  880s
 439438 67057 -39842.818   73  194 -39781.000 -39927.256  0.37%  97.1  885s
 441908 66972 -39921.700   53  225 -39781.000 -39925.444  0.36%  97.1  890s
 444962 66873 -39816.663   67  184 -39781.000 -39923.319  0.36%  97.1  895s
 447390 66775     cutoff   52      -39781.000 -39921.490  0.35%  97.1  900s
 450490 66710     cutoff   65      -39781.000 -39919.020  0.35%  97.1  905s
 453639 66413     cutoff   74      -39781.000 -39916.444  0.34%  97.1  910s
 456261 66446 -39837.051   67  184 -39781.000 -39914.577  0.34%  97.0  915s
 459385 66492 -39888.748   71  208 -39781.000 -39912.251  0.33%  97.0  920s
 462579 66477     cutoff   71      -39781.000 -39909.818  0.32%  96.9  925s
 465869 66436 -39800.463   84  135 -39781.000 -39906.688  0.32%  96.8  931s
 468310 66411     cutoff   83      -39781.000 -39904.748  0.31%  96.8  935s
 471704 66444 -39895.065   71  205 -39781.000 -39901.362  0.30%  96.6  940s
 475630 66658 -39819.268   74  164 -39781.000 -39898.234  0.29%  96.5  945s
 479021 66905 -39847.445   67  233 -39781.000 -39895.451  0.29%  96.4  950s
 482204 67110 -39825.577   60  192 -39781.000 -39893.165  0.28%  96.3  955s
 485886 67411 -39876.222   67  215 -39781.000 -39890.520  0.28%  96.1  960s
 488985 67566 -39788.287   75  142 -39781.000 -39888.199  0.27%  96.1  965s
 492209 67712 -39856.671   46  196 -39781.000 -39886.197  0.26%  96.0  970s
 495309 67843 -39797.245   78  128 -39781.000 -39883.749  0.26%  95.9  975s
 498455 67986     cutoff   73      -39781.000 -39881.475  0.25%  95.8  980s
 502296 68348 -39792.814   74  145 -39781.000 -39878.701  0.25%  95.6  985s
 505626 68393     cutoff   73      -39781.000 -39876.734  0.24%  95.5  990s
 509097 68764 -39858.669   76  192 -39781.000 -39874.525  0.24%  95.4  995s
 512679 69367 -39822.199   76  173 -39781.000 -39872.238  0.23%  95.2 1000s
 516428 69742     cutoff   83      -39781.000 -39870.182  0.22%  95.1 1005s
 519941 70012 -39823.350   52  194 -39781.000 -39867.733  0.22%  95.0 1010s
 523627 70354 -39802.989   63  140 -39781.000 -39865.668  0.21%  94.9 1015s
 527009 70866 -39854.870   58  167 -39781.000 -39863.781  0.21%  94.8 1020s
 529888 71388 -39801.362   82  135 -39781.000 -39862.619  0.21%  94.7 1025s
 532815 71809 -39827.982   76  174 -39781.000 -39861.149  0.20%  94.7 1030s
 536594 72594 -39830.583   60  149 -39781.000 -39859.672  0.20%  94.5 1035s
 540317 73223 -39815.596   78  126 -39781.000 -39858.207  0.19%  94.5 1040s
 543202 73900     cutoff   69      -39781.000 -39857.395  0.19%  94.4 1045s
 546880 74640 -39782.631   78  172 -39781.000 -39856.270  0.19%  94.3 1050s
 549763 75143     cutoff   63      -39781.000 -39855.478  0.19%  94.3 1055s
 553459 75780     cutoff   63      -39781.000 -39854.238  0.18%  94.2 1060s
 556851 76426 -39824.587   65  141 -39781.000 -39853.379  0.18%  94.2 1065s
 559767 77123 -39846.735   77  156 -39781.000 -39852.527  0.18%  94.1 1070s
 563448 78180 -39810.771   80  111 -39781.000 -39851.787  0.18%  94.1 1075s
 566248 78930 -39797.066   68  164 -39781.000 -39851.212  0.18%  94.0 1080s
 569292 79497 -39801.654   78  206 -39781.000 -39850.441  0.17%  94.0 1085s
 572469 80328 -39833.372   82  191 -39781.000 -39849.797  0.17%  94.0 1090s
 574796 81405 -39827.603   81  164 -39781.000 -39849.690  0.17%  94.1 1095s
 578118 82235 -39792.727   74  133 -39781.000 -39849.036  0.17%  94.1 1100s
 581545 83048     cutoff   77      -39781.000 -39848.507  0.17%  94.1 1105s
 584610 83757 -39813.594   69  160 -39781.000 -39847.973  0.17%  94.0 1110s
 588032 84797 -39810.061   80  118 -39781.000 -39847.551  0.17%  94.0 1115s
 590749 85603 -39834.149   86  177 -39781.000 -39847.292  0.17%  94.0 1120s
 593494 86271 -39831.719   63  173 -39781.000 -39846.793  0.17%  94.0 1125s
 597053 87329 -39833.851   72  181 -39781.000 -39846.285  0.16%  94.0 1130s
 599284 88461 -39832.052   77  162 -39781.000 -39846.255  0.16%  94.1 1135s
 601796 89551     cutoff   85      -39781.000 -39846.161  0.16%  94.1 1140s
 604789 90745 -39782.776   76  164 -39781.000 -39845.961  0.16%  94.2 1145s
 607089 91480     cutoff   79      -39781.000 -39845.762  0.16%  94.3 1150s
 609959 92361     cutoff   70      -39781.000 -39845.548  0.16%  94.3 1155s
 613080 93419     cutoff   73      -39781.000 -39845.384  0.16%  94.4 1161s
 615480 94080 -39843.664   77  196 -39781.000 -39845.155  0.16%  94.4 1165s
 618378 94986 -39794.470   76  146 -39781.000 -39844.912  0.16%  94.5 1170s
 621481 95898 -39825.274   75  157 -39781.000 -39844.677  0.16%  94.5 1175s
 624399 96724 -39824.116   85  185 -39781.000 -39844.435  0.16%  94.5 1180s
 626808 97420 -39799.164   88  197 -39781.000 -39844.249  0.16%  94.6 1185s
 629894 98409     cutoff   82      -39781.000 -39844.071  0.16%  94.7 1190s
 632183 99124 -39804.738   84  169 -39781.000 -39843.981  0.16%  94.7 1195s
 635188 99957 -39809.919   77  130 -39781.000 -39843.785  0.16%  94.8 1200s
 637392 100636 -39786.903   82  171 -39781.000 -39843.635  0.16%  94.9 1205s
 640436 101493 -39789.519   70   99 -39781.000 -39843.451  0.16%  94.9 1211s
 642860 102143 -39818.875   82  119 -39781.000 -39843.304  0.16%  95.0 1215s
 645851 102926 -39782.716   87  145 -39781.000 -39843.110  0.16%  95.0 1220s
 648834 103561     cutoff   75      -39781.000 -39842.857  0.16%  95.1 1225s
 651210 104103 -39805.399   66  178 -39781.000 -39842.669  0.16%  95.1 1230s
 654008 104919 -39785.084   89  190 -39781.000 -39842.484  0.15%  95.1 1235s
 657070 105884 -39824.605   92  185 -39781.000 -39842.262  0.15%  95.1 1240s
 659549 106637 -39796.641   73  197 -39781.000 -39842.119  0.15%  95.1 1245s
 662750 107578 -39793.891   88   68 -39781.000 -39841.917  0.15%  95.2 1250s
 665963 108502 -39824.684   72  164 -39781.000 -39841.704  0.15%  95.2 1255s
 669062 109420 -39826.927   62  129 -39781.000 -39841.471  0.15%  95.2 1260s
 672181 110223 -39807.248   67  140 -39781.000 -39841.265  0.15%  95.2 1265s
 674989 110723 -39814.949   68  154 -39781.000 -39841.065  0.15%  95.2 1270s
 678056 111343 -39812.340   88   57 -39781.000 -39840.796  0.15%  95.2 1275s
 681044 111990 -39833.948   73  141 -39781.000 -39840.548  0.15%  95.2 1280s
 684170 112714     cutoff   75      -39781.000 -39840.353  0.15%  95.2 1285s
 687181 113622 -39804.310   71  138 -39781.000 -39840.232  0.15%  95.3 1290s
 689376 114367 -39799.912   74  158 -39781.000 -39840.163  0.15%  95.3 1295s
 692139 115359 -39794.659   66  110 -39781.000 -39840.121  0.15%  95.4 1301s
 694332 116109 -39786.138   93  167 -39781.000 -39840.062  0.15%  95.4 1305s
 696840 116779 -39816.351   96  155 -39781.000 -39839.967  0.15%  95.5 1310s
 699243 117575 -39819.138   66  181 -39781.000 -39839.910  0.15%  95.5 1315s
 702156 118501     cutoff   70      -39781.000 -39839.817  0.15%  95.6 1320s
 704687 119318 -39837.866   80  165 -39781.000 -39839.715  0.15%  95.7 1325s
 707952 120395 -39811.199   76  177 -39781.000 -39839.581  0.15%  95.7 1330s
 710897 121256 -39800.512   57  139 -39781.000 -39839.515  0.15%  95.7 1335s
 713861 122217 -39825.654   85  193 -39781.000 -39839.426  0.15%  95.8 1340s
 716248 123004 -39794.975   93  135 -39781.000 -39839.336  0.15%  95.8 1345s
 718828 124053     cutoff   81      -39781.000 -39839.293  0.15%  95.9 1350s
 721502 124844 -39810.302   65  188 -39781.000 -39839.194  0.15%  95.9 1355s
 724681 125599 -39835.152   82  157 -39781.000 -39839.059  0.15%  95.9 1360s
 727892 126382     cutoff   79      -39781.000 -39838.890  0.15%  95.9 1366s
 730223 127029 -39798.643   80  150 -39781.000 -39838.791  0.15%  96.0 1370s
 733010 127838 -39824.533   86  173 -39781.000 -39838.642  0.14%  96.0 1375s
 735155 128451 -39834.485   79  201 -39781.000 -39838.611  0.14%  96.0 1380s
 738152 129268 -39794.285   82  187 -39781.000 -39838.526  0.14%  96.1 1385s
 740631 129822 -39784.509   90  148 -39781.000 -39838.445  0.14%  96.1 1390s
 743619 130619 -39825.509   79  144 -39781.000 -39838.316  0.14%  96.2 1395s
 746779 131261 -39802.647   92   99 -39781.000 -39838.177  0.14%  96.2 1400s
 749640 132005 -39795.765   89  126 -39781.000 -39838.072  0.14%  96.2 1405s
 752747 132862 -39826.120   58  174 -39781.000 -39837.913  0.14%  96.3 1410s
 755809 133572 -39804.038   86  140 -39781.000 -39837.761  0.14%  96.3 1415s
 758619 134264 -39784.011   78  135 -39781.000 -39837.634  0.14%  96.3 1420s
 761705 134954 -39784.770   85  146 -39781.000 -39837.484  0.14%  96.3 1425s
 764481 135766 -39788.867   81  146 -39781.000 -39837.369  0.14%  96.3 1430s
 767607 137276 -39791.508   67  161 -39781.000 -39837.308  0.14%  96.3 1435s
 770746 138269 -39823.628   87  121 -39781.000 -39837.213  0.14%  96.4 1440s
 772966 139021 -39797.907   68  100 -39781.000 -39837.146  0.14%  96.4 1445s
 776002 140022 -39819.855   78  191 -39781.000 -39837.042  0.14%  96.4 1450s
 778914 140995 -39805.090   76  122 -39781.000 -39836.980  0.14%  96.4 1455s
 781939 142031 -39830.390   78  143 -39781.000 -39836.897  0.14%  96.5 1460s
 784331 142745 -39786.605   96  138 -39781.000 -39836.822  0.14%  96.5 1465s
 786976 143498 -39823.033   74  168 -39781.000 -39836.751  0.14%  96.6 1470s
 789933 144388 -39791.831   79  187 -39781.000 -39836.646  0.14%  96.6 1475s
 792976 145374     cutoff   84      -39781.000 -39836.560  0.14%  96.6 1480s
 795960 146431 -39805.957   80  160 -39781.000 -39836.494  0.14%  96.7 1485s
 798727 147420 -39794.922   88  136 -39781.000 -39836.405  0.14%  96.7 1490s
 800697 148080 -39804.064   94  157 -39781.000 -39836.384  0.14%  96.7 1495s
 803704 148993 -39787.568   81   95 -39781.000 -39836.288  0.14%  96.8 1500s
 806765 149933 -39806.461   89  130 -39781.000 -39836.197  0.14%  96.8 1505s
 809108 150713     cutoff   87      -39781.000 -39836.139  0.14%  96.8 1510s
 811457 151349 -39796.043   74  139 -39781.000 -39836.081  0.14%  96.8 1515s
 813691 151994 -39825.218   85  125 -39781.000 -39836.009  0.14%  96.8 1520s
 816628 152949 -39824.142   87  205 -39781.000 -39835.948  0.14%  96.9 1525s
 819673 153699     cutoff   63      -39781.000 -39835.855  0.14%  96.9 1530s
 821964 154372 -39802.926   69  203 -39781.000 -39835.804  0.14%  96.9 1535s
 824843 155115     cutoff   62      -39781.000 -39835.699  0.14%  97.0 1540s
 828035 155911 -39834.083   67  175 -39781.000 -39835.596  0.14%  97.0 1545s
 831047 156527 -39814.876   82  157 -39781.000 -39835.490  0.14%  97.0 1550s
 834105 157379 -39789.931   79   91 -39781.000 -39835.391  0.14%  97.0 1555s
 837065 158279     cutoff   81      -39781.000 -39835.325  0.14%  97.0 1560s
 839274 158886 -39785.957   85  151 -39781.000 -39835.269  0.14%  97.1 1565s
 842302 159619 -39789.162   82  164 -39781.000 -39835.182  0.14%  97.1 1570s
 844597 160367     cutoff   83      -39781.000 -39835.117  0.14%  97.2 1575s
 847812 161385     cutoff   84      -39781.000 -39835.036  0.14%  97.2 1580s
 850689 162220 -39818.520   79  139 -39781.000 -39834.960  0.14%  97.2 1585s
 853730 163111 -39809.551   87  184 -39781.000 -39834.888  0.14%  97.2 1590s
 856613 163960 -39790.265   90  103 -39781.000 -39834.824  0.14%  97.2 1595s
 859280 165410 -39797.044   89  109 -39781.000 -39834.809  0.14%  97.3 1600s
 861987 166642 -39825.641   78  152 -39781.000 -39834.785  0.14%  97.3 1605s
 864384 167752     cutoff   88      -39781.000 -39834.777  0.14%  97.4 1610s
 867226 169000 -39821.767   76  126 -39781.000 -39834.751  0.14%  97.4 1615s
 869797 169752 -39807.484  103  193 -39781.000 -39834.697  0.13%  97.5 1620s
 873171 170677 -39783.027   68  128 -39781.000 -39834.595  0.13%  97.5 1625s
 876002 171589 -39821.990   72  202 -39781.000 -39834.546  0.13%  97.5 1630s
 878257 172411 -39786.530   85  199 -39781.000 -39834.508  0.13%  97.6 1635s
 881122 173491     cutoff  103      -39781.000 -39834.476  0.13%  97.6 1640s
 884040 174528 -39820.891   75  136 -39781.000 -39834.424  0.13%  97.6 1645s
 886478 175351 -39825.968   61  184 -39781.000 -39834.384  0.13%  97.7 1650s
 889380 176209     cutoff   79      -39781.000 -39834.335  0.13%  97.7 1655s
 892378 177302 -39822.847   81  139 -39781.000 -39834.275  0.13%  97.7 1660s
 895508 178288 -39794.600   78  159 -39781.000 -39834.207  0.13%  97.8 1665s
 898552 179240     cutoff   81      -39781.000 -39834.137  0.13%  97.8 1670s
 900712 179939 -39810.789   79  133 -39781.000 -39834.087  0.13%  97.8 1675s
 903667 181006 -39815.715   83  146 -39781.000 -39834.034  0.13%  97.8 1680s
 906604 182048 -39825.160   67  144 -39781.000 -39833.996  0.13%  97.8 1685s
 909433 183269 -39806.387   77  151 -39781.000 -39833.976  0.13%  97.9 1690s
 912037 184038 -39811.352   77  140 -39781.000 -39833.950  0.13%  97.9 1695s
 915214 184993 -39829.507   63  157 -39781.000 -39833.885  0.13%  97.9 1701s
 917603 185696     cutoff   92      -39781.000 -39833.837  0.13%  98.0 1705s
 920480 186592 -39803.880   80  221 -39781.000 -39833.788  0.13%  98.0 1710s
 923021 187232 -39821.720   88  170 -39781.000 -39833.707  0.13%  98.0 1715s
 926086 187991 -39824.519   73  234 -39781.000 -39833.618  0.13%  98.1 1720s
 928984 189031 -39799.647  100  152 -39781.000 -39833.576  0.13%  98.1 1725s
 932051 189956 -39789.813   93  144 -39781.000 -39833.520  0.13%  98.1 1730s
 935015 191055 -39797.093   86  198 -39781.000 -39833.471  0.13%  98.1 1736s
 937359 191832 -39831.488   76  162 -39781.000 -39833.433  0.13%  98.1 1740s
 940257 192901 -39807.150   79   92 -39781.000 -39833.383  0.13%  98.2 1745s
 942783 193664     cutoff   78      -39781.000 -39833.343  0.13%  98.2 1750s
 945833 194451 -39791.122   80  191 -39781.000 -39833.273  0.13%  98.2 1755s
 948875 195496 -39801.135   73  172 -39781.000 -39833.215  0.13%  98.3 1761s
 951303 196384 -39813.188   76  166 -39781.000 -39833.168  0.13%  98.3 1765s
 953639 197034 -39795.418   62  165 -39781.000 -39833.133  0.13%  98.3 1770s
 956845 197813 -39827.169   87  147 -39781.000 -39833.064  0.13%  98.3 1775s
 959233 198485 -39792.165   84  167 -39781.000 -39833.025  0.13%  98.4 1780s
 962354 199651 -39797.744   90  127 -39781.000 -39832.971  0.13%  98.4 1785s
 965190 200652 -39812.022   71  187 -39781.000 -39832.935  0.13%  98.4 1790s
 968318 201766 -39795.196   90  122 -39781.000 -39832.882  0.13%  98.4 1795s
 970762 202658 -39829.179   92  175 -39781.000 -39832.852  0.13%  98.5 1800s
 973755 203898 -39797.708   82   83 -39781.000 -39832.821  0.13%  98.5 1805s
 976630 204748 -39813.035   76  200 -39781.000 -39832.772  0.13%  98.5 1810s
 979042 205582 -39807.303   67  168 -39781.000 -39832.729  0.13%  98.6 1815s
 981907 206723 -39815.665   87  184 -39781.000 -39832.697  0.13%  98.6 1820s
 985049 207788 -39819.753   85  169 -39781.000 -39832.638  0.13%  98.6 1825s
 988086 208685 -39818.127   72  172 -39781.000 -39832.584  0.13%  98.6 1830s
 990247 209402 -39826.972   78  171 -39781.000 -39832.556  0.13%  98.6 1835s
 993148 210309 -39805.951   82  191 -39781.000 -39832.505  0.13%  98.7 1840s
 996219 211178 -39787.044   81  176 -39781.000 -39832.452  0.13%  98.7 1845s
 999052 212072 -39796.613   73  202 -39781.000 -39832.410  0.13%  98.7 1850s
 1001592 212909 -39786.009   76  145 -39781.000 -39832.360  0.13%  98.7 1855s
 1004722 213950 -39820.978   82  168 -39781.000 -39832.312  0.13%  98.7 1860s
 1007571 214813 -39810.873   71  161 -39781.000 -39832.271  0.13%  98.7 1865s
 1010358 215788 -39807.510   82  171 -39781.000 -39832.246  0.13%  98.7 1870s
 1013160 216621 -39824.463   71  189 -39781.000 -39832.196  0.13%  98.8 1875s
 1016239 217577 -39802.934   77  146 -39781.000 -39832.146  0.13%  98.8 1880s
 1018713 218237 -39807.833   76  185 -39781.000 -39832.099  0.13%  98.8 1885s
 1021824 219212 -39823.782   83  128 -39781.000 -39832.046  0.13%  98.8 1890s
 1024719 220068 -39789.723   89  102 -39781.000 -39832.000  0.13%  98.8 1896s
 1027313 220681 -39804.681   83  165 -39781.000 -39831.957  0.13%  98.9 1900s
 1030285 221584 -39800.962   94  180 -39781.000 -39831.892  0.13%  98.9 1905s
 1033519 222473 -39819.942   75  181 -39781.000 -39831.829  0.13%  98.9 1910s
 1036189 223222 -39828.895   81  164 -39781.000 -39831.794  0.13%  98.9 1915s
 1038655 224044 -39799.565   86  147 -39781.000 -39831.754  0.13%  98.9 1920s
 1041741 224873 -39805.840   70  174 -39781.000 -39831.701  0.13%  98.9 1925s
 1044696 225803 -39828.780   62  164 -39781.000 -39831.666  0.13%  98.9 1930s
 1047780 226668 -39784.271   96  141 -39781.000 -39831.621  0.13%  98.9 1935s
 1050865 227515 -39786.552   82  155 -39781.000 -39831.571  0.13%  99.0 1940s
 1053259 228211 -39805.058   78  161 -39781.000 -39831.534  0.13%  99.0 1945s
 1056338 229160 -39810.359   85  175 -39781.000 -39831.489  0.13%  99.0 1950s
 1059359 230161 -39783.289   95  147 -39781.000 -39831.462  0.13%  99.0 1955s
 1062269 231010 infeasible   82      -39781.000 -39831.439  0.13%  99.0 1960s
 1065308 231844 -39782.736   92   98 -39781.000 -39831.411  0.13%  99.0 1965s
 1067527 232657 -39791.229   87  117 -39781.000 -39831.391  0.13%  99.0 1970s
 1070544 233692 -39799.068   94  152 -39781.000 -39831.368  0.13%  99.1 1975s
 1073608 234555     cutoff   85      -39781.000 -39831.340  0.13%  99.1 1980s
 1076646 235486 -39800.354   76  157 -39781.000 -39831.300  0.13%  99.1 1986s
 1079180 236267 -39823.849   98  146 -39781.000 -39831.267  0.13%  99.1 1990s
 1082312 237340 -39798.508   75  165 -39781.000 -39831.229  0.13%  99.1 1996s
 1084887 238115     cutoff   84      -39781.000 -39831.206  0.13%  99.1 2000s
 1087802 239123 -39790.930   83  185 -39781.000 -39831.170  0.13%  99.1 2005s
 1090727 240011 -39809.417   96  105 -39781.000 -39831.138  0.13%  99.2 2010s
 1093659 240907 -39824.870   69  160 -39781.000 -39831.103  0.13%  99.2 2015s
 1096323 241833     cutoff   94      -39781.000 -39831.081  0.13%  99.2 2020s
 1098909 242780 -39805.680   89  128 -39781.000 -39831.052  0.13%  99.2 2025s
 1102016 243600 -39816.228   84  128 -39781.000 -39831.014  0.13%  99.2 2030s
 1105117 244432 -39802.357   87  163 -39781.000 -39830.970  0.13%  99.2 2036s
 1107700 245286     cutoff   91      -39781.000 -39830.935  0.13%  99.2 2040s
 1111234 246493 -39823.214   78  169 -39781.000 -39830.899  0.13%  99.2 2045s
 1114273 247608 -39811.039   85  125 -39781.000 -39830.871  0.13%  99.2 2050s
 1117231 248738     cutoff  103      -39781.000 -39830.854  0.13%  99.2 2055s
 1119731 249409     cutoff   82      -39781.000 -39830.820  0.13%  99.2 2060s
 1122866 250394 -39826.963   82  164 -39781.000 -39830.783  0.13%  99.3 2065s
 1125743 251360     cutoff   82      -39781.000 -39830.739  0.13%  99.3 2070s
 1128131 252029 -39820.611   83  147 -39781.000 -39830.716  0.12%  99.3 2075s
 1131168 252895 -39782.851   82  164 -39781.000 -39830.688  0.12%  99.3 2080s
 1134288 253653     cutoff   82      -39781.000 -39830.658  0.12%  99.3 2085s
 1136661 254279 -39823.476   78  178 -39781.000 -39830.628  0.12%  99.4 2090s
 1139740 255125 -39790.063  103  145 -39781.000 -39830.584  0.12%  99.4 2095s
 1142626 255765 -39811.319   76  136 -39781.000 -39830.553  0.12%  99.4 2100s
 1145513 256399 -39808.438   67  178 -39781.000 -39830.517  0.12%  99.4 2105s
 1148391 257157 -39793.654   75  169 -39781.000 -39830.484  0.12%  99.4 2110s
 1150858 257725 -39800.413   84  131 -39781.000 -39830.442  0.12%  99.5 2115s
 1153819 258331 -39815.219   68  153 -39781.000 -39830.395  0.12%   100 2120s
 1156276 258955 -39792.724   89  163 -39781.000 -39830.365  0.12%   100 2125s
 1159342 259541     cutoff   73      -39781.000 -39830.320  0.12%   100 2130s
 1162205 260182 -39795.561   85   97 -39781.000 -39830.279  0.12%   100 2135s
 1164568 260836 -39803.975   99  197 -39781.000 -39830.250  0.12%   100 2140s
 1167844 261487 -39814.929   79  188 -39781.000 -39830.206  0.12%   100 2145s
 1170335 262023     cutoff   68      -39781.000 -39830.162  0.12%   100 2150s
 1172829 262715 -39816.483   88  176 -39781.000 -39830.131  0.12%   100 2155s
 1175739 263435     cutoff   94      -39781.000 -39830.094  0.12%   100 2161s
 1178284 264168 -39806.040   88  139 -39781.000 -39830.055  0.12%   100 2165s
 1180767 264897 -39820.044   82  139 -39781.000 -39830.010  0.12%   100 2170s
 1183828 265596 -39810.885   71  180 -39781.000 -39829.964  0.12%   100 2175s
 1186980 266301 -39819.990   71  218 -39781.000 -39829.915  0.12%   100 2181s
 1189261 266949 -39802.593  105  143 -39781.000 -39829.877  0.12%   100 2185s
 1192255 267679 -39804.247   75   97 -39781.000 -39829.833  0.12%   100 2190s
 1195231 268484 -39787.981   86  110 -39781.000 -39829.779  0.12%   100 2195s
 1198453 269178 -39812.533   68  151 -39781.000 -39829.726  0.12%   100 2200s
 1200709 269891 -39783.598   71  133 -39781.000 -39829.699  0.12%   100 2205s
 1203901 270588 -39788.646   71  118 -39781.000 -39829.662  0.12%   100 2210s
 1206904 271272 -39812.469   78  113 -39781.000 -39829.618  0.12%   100 2215s
 1209840 272033 -39812.010   95  154 -39781.000 -39829.569  0.12%   100 2220s
 1212756 272750 -39816.747   78  170 -39781.000 -39829.520  0.12%   100 2225s
 1215687 273415     cutoff  105      -39781.000 -39829.468  0.12%   100 2230s
 1218667 274239 -39810.370   77  170 -39781.000 -39829.417  0.12%   100 2235s
 1221755 274963 -39814.060   59  177 -39781.000 -39829.357  0.12%   100 2240s
 1223930 275589 -39790.491  100   61 -39781.000 -39829.327  0.12%   100 2245s
 1226994 276318     cutoff   96      -39781.000 -39829.284  0.12%   100 2250s
 1230028 277268 -39804.456   86  174 -39781.000 -39829.231  0.12%   100 2255s
 1233123 277920 -39788.478   90  160 -39781.000 -39829.195  0.12%   100 2261s
 1235705 278633 -39786.241   90  154 -39781.000 -39829.164  0.12%   100 2265s
 1238627 279476 -39792.641   84  162 -39781.000 -39829.133  0.12%   100 2270s
 1241629 280254 -39817.139   68  134 -39781.000 -39829.097  0.12%   100 2275s
 1244682 281107 -39827.421   64  124 -39781.000 -39829.052  0.12%   100 2280s
 1246911 281586 -39804.782   87  187 -39781.000 -39829.013  0.12%   100 2285s
 1249792 282313     cutoff   89      -39781.000 -39828.971  0.12%   100 2290s
 1252415 282831     cutoff   90      -39781.000 -39828.928  0.12%   100 2295s
 1255521 283556 -39821.101   69  178 -39781.000 -39828.891  0.12%   100 2300s
 1258379 284486 -39795.021   95  161 -39781.000 -39828.868  0.12%   100 2305s
 1261490 285210 -39817.977   83  148 -39781.000 -39828.828  0.12%   100 2310s
 1264280 285909 -39785.223   95  170 -39781.000 -39828.791  0.12%   100 2315s
 1267331 286595 -39807.190   84  147 -39781.000 -39828.744  0.12%   100 2320s
 1270343 287245 -39824.071   79  164 -39781.000 -39828.690  0.12%   100 2325s
 1272704 287802 -39807.443   73  141 -39781.000 -39828.652  0.12%   100 2330s
 1275443 288546 -39798.012   69  160 -39781.000 -39828.621  0.12%   100 2335s
 1278576 289236 -39816.793   87  214 -39781.000 -39828.586  0.12%   100 2340s
 1281763 289884     cutoff   96      -39781.000 -39828.551  0.12%   100 2345s
 1284257 290413 -39809.314   80  119 -39781.000 -39828.516  0.12%   100 2350s
 1287714 291262 -39812.633   81  125 -39781.000 -39828.479  0.12%   100 2355s
 1290635 291899 -39816.727   82  182 -39781.000 -39828.439  0.12%   100 2360s
 1292884 292384     cutoff   98      -39781.000 -39828.412  0.12%   100 2365s
 1295506 293075 -39811.784   72  176 -39781.000 -39828.376  0.12%   100 2370s
 1298532 293642 -39796.476   96  184 -39781.000 -39828.324  0.12%   100 2375s
 1301627 294301 -39798.182   88  170 -39781.000 -39828.288  0.12%   100 2380s
 1304459 295079 -39812.043   85  181 -39781.000 -39828.248  0.12%   100 2385s
 1307366 295851 -39795.740   84  161 -39781.000 -39828.220  0.12%   100 2390s
 1309800 296388 -39820.796   83  189 -39781.000 -39828.192  0.12%   100 2395s
 1312925 297375 -39799.149   80  135 -39781.000 -39828.168  0.12%   100 2400s
 1315797 298001 -39798.190  102  120 -39781.000 -39828.132  0.12%   100 2405s
 1318705 298674     cutoff   84      -39781.000 -39828.104  0.12%   100 2411s
 1320965 299431 -39792.102   89  149 -39781.000 -39828.086  0.12%   100 2416s
 1323628 300109 -39790.290   63  159 -39781.000 -39828.048  0.12%   100 2420s
 1326788 300718 -39800.125   79  160 -39781.000 -39828.010  0.12%   100 2425s
 1328852 301217 -39813.900   80  183 -39781.000 -39827.982  0.12%   100 2430s
 1332007 302053 -39785.446   90  130 -39781.000 -39827.945  0.12%   101 2435s
 1334891 302791 -39812.297   91  161 -39781.000 -39827.919  0.12%   101 2440s
 1337108 303399     cutoff   80      -39781.000 -39827.893  0.12%   101 2445s
 1339844 304049 -39782.744  107  113 -39781.000 -39827.866  0.12%   101 2450s
 1341954 304792     cutoff   76      -39781.000 -39827.854  0.12%   101 2455s
 1344637 305504 -39817.019   72  130 -39781.000 -39827.824  0.12%   101 2460s
 1347764 306260 -39793.802   95  150 -39781.000 -39827.791  0.12%   101 2465s
 1350081 306771 -39816.255   76  156 -39781.000 -39827.767  0.12%   101 2470s
 1353063 307435     cutoff   95      -39781.000 -39827.738  0.12%   101 2475s
 1355974 308126 -39799.459   95  176 -39781.000 -39827.718  0.12%   101 2480s
 1358227 308874 -39787.676   90  155 -39781.000 -39827.694  0.12%   101 2485s
 1360928 309502 -39812.380   83  203 -39781.000 -39827.673  0.12%   101 2490s
 1364024 310282     cutoff   86      -39781.000 -39827.638  0.12%   101 2495s
 1366393 310934     cutoff   89      -39781.000 -39827.608  0.12%   101 2500s
 1369639 311634 -39798.088   85  203 -39781.000 -39827.572  0.12%   101 2505s
 1372500 312248 -39814.016   66  167 -39781.000 -39827.539  0.12%   101 2510s
 1375453 312776 -39787.746   86  121 -39781.000 -39827.501  0.12%   101 2515s
 1378522 313381 -39814.046   83  127 -39781.000 -39827.465  0.12%   101 2521s
 1380937 313864 -39820.549   92  156 -39781.000 -39827.434  0.12%   101 2526s
 1383483 314569 -39815.995   75  148 -39781.000 -39827.409  0.12%   101 2530s
 1386352 315144 -39806.146   90  143 -39781.000 -39827.371  0.12%   101 2535s
 1389585 315695     cutoff   79      -39781.000 -39827.343  0.12%   101 2540s
 1392105 316324 -39805.466   84  188 -39781.000 -39827.323  0.12%   101 2545s
 1395198 316999 -39802.082   63  151 -39781.000 -39827.298  0.12%   101 2550s
 1398064 317557 -39791.538   87  101 -39781.000 -39827.250  0.12%   101 2555s
 1400734 318130     cutoff   85      -39781.000 -39827.217  0.12%   101 2560s
 1403786 318737     cutoff   75      -39781.000 -39827.174  0.12%   101 2566s
 1406202 319222 -39782.992   90  126 -39781.000 -39827.150  0.12%   101 2570s
 1409111 319956 -39805.608  107  186 -39781.000 -39827.120  0.12%   101 2575s
 1412080 320535 -39792.985   86  141 -39781.000 -39827.087  0.12%   101 2580s
 1415139 321188 -39800.623   78  175 -39781.000 -39827.057  0.12%   101 2585s
 1417985 321860     cutoff   81      -39781.000 -39827.025  0.12%   101 2590s
 1420221 322227     cutoff   81      -39781.000 -39826.993  0.12%   101 2595s
 1423131 322833 -39798.683   79  164 -39781.000 -39826.959  0.12%   101 2600s
 1426003 323476 -39782.630   72  130 -39781.000 -39826.919  0.12%   101 2605s
 1428473 324036 -39824.393   82  178 -39781.000 -39826.888  0.12%   101 2610s
 1431441 324670 -39792.508   73  140 -39781.000 -39826.842  0.12%   101 2615s
 1433838 325121 -39796.598   69  127 -39781.000 -39826.813  0.12%   101 2620s
 1436922 325840 -39786.351   75  173 -39781.000 -39826.781  0.12%   101 2625s
 1439984 326359     cutoff   84      -39781.000 -39826.742  0.11%   101 2631s
 1442446 326893     cutoff  104      -39781.000 -39826.716  0.11%   101 2635s
 1445339 327459 -39785.355   89  128 -39781.000 -39826.684  0.11%   101 2640s
 1448314 328014     cutoff   94      -39781.000 -39826.650  0.11%   101 2646s
 1450688 328567 -39794.663   84  140 -39781.000 -39826.624  0.11%   101 2650s
 1453858 329169 -39796.179   87  128 -39781.000 -39826.586  0.11%   101 2655s
 1456146 329748 -39813.625   61  173 -39781.000 -39826.563  0.11%   101 2660s
 1459199 330490 -39821.666   89  207 -39781.000 -39826.534  0.11%   101 2665s
 1462280 331095 -39788.483   77  173 -39781.000 -39826.504  0.11%   101 2670s
 1465114 331709 -39805.066   68  130 -39781.000 -39826.472  0.11%   101 2675s
 1467533 332294     cutoff   54      -39781.000 -39826.452  0.11%   101 2680s
 1470054 332900     cutoff  102      -39781.000 -39826.431  0.11%   101 2685s
 1473024 333514     cutoff   64      -39781.000 -39826.412  0.11%   101 2690s
 1475954 334166 -39819.048   85  185 -39781.000 -39826.388  0.11%   101 2695s
 1478971 334851 -39814.884  103  145 -39781.000 -39826.362  0.11%   101 2700s
 1481898 335571 -39821.073   71  188 -39781.000 -39826.336  0.11%   101 2705s
 1484780 336141     cutoff   91      -39781.000 -39826.313  0.11%   101 2711s
 1486989 336550     cutoff   85      -39781.000 -39826.288  0.11%   101 2715s
 1489983 337210     cutoff   78      -39781.000 -39826.258  0.11%   101 2720s
 1493146 337866 -39784.583   93  127 -39781.000 -39826.225  0.11%   101 2725s
 1496302 338468     cutoff   76      -39781.000 -39826.193  0.11%   101 2730s
 1498506 338900 -39807.774   78  160 -39781.000 -39826.175  0.11%   101 2735s
 1501797 339513 -39797.960   80  135 -39781.000 -39826.136  0.11%   101 2740s
 1504079 340050 -39791.511   89   88 -39781.000 -39826.108  0.11%   101 2746s
 1506539 340593 -39796.765   68  154 -39781.000 -39826.080  0.11%   101 2750s
 1510149 341294 -39788.903   90  149 -39781.000 -39826.029  0.11%   101 2755s
 1513126 341822 -39793.920   77  105 -39781.000 -39825.996  0.11%   102 2760s
 1516015 342336 -39812.730   78  180 -39781.000 -39825.964  0.11%   101 2765s
 1518469 342840 -39786.171   90  156 -39781.000 -39825.939  0.11%   101 2770s
 1522010 343466 -39791.797   83  176 -39781.000 -39825.894  0.11%   102 2775s
 1524958 344104 -39804.356   74  156 -39781.000 -39825.858  0.11%   102 2780s
 1527327 344558 -39810.068   91  135 -39781.000 -39825.827  0.11%   102 2785s
 1530135 345150 -39805.651   72  170 -39781.000 -39825.791  0.11%   102 2790s
 1533143 345665     cutoff   89      -39781.000 -39825.750  0.11%   102 2795s
 1536033 346258 -39791.217   76  181 -39781.000 -39825.713  0.11%   102 2800s
 1539087 346751 -39786.094   87   79 -39781.000 -39825.673  0.11%   102 2805s
 1541419 347118 -39816.179   86  179 -39781.000 -39825.642  0.11%   102 2810s
 1544483 347659 -39792.625   86  145 -39781.000 -39825.613  0.11%   102 2815s
 1547557 348162     cutoff   89      -39781.000 -39825.582  0.11%   102 2820s
 1550582 348711 -39807.980   89  153 -39781.000 -39825.558  0.11%   102 2825s
 1552815 349152 -39782.323   83  169 -39781.000 -39825.531  0.11%   102 2830s
 1556108 349770 -39811.844   74  171 -39781.000 -39825.494  0.11%   102 2835s
 1559198 350454 -39793.391   90  143 -39781.000 -39825.463  0.11%   102 2840s
 1562098 351123 -39815.682   83  150 -39781.000 -39825.436  0.11%   102 2845s
 1564380 351539     cutoff   81      -39781.000 -39825.415  0.11%   102 2850s
 1567438 352186 -39808.241   85  158 -39781.000 -39825.387  0.11%   102 2855s
 1569750 352673     cutoff   80      -39781.000 -39825.371  0.11%   102 2860s
 1572364 353164     cutoff   99      -39781.000 -39825.359  0.11%   102 2865s
 1575349 353767 -39813.907   76  181 -39781.000 -39825.332  0.11%   102 2870s
 1577901 354265 -39787.838   75  157 -39781.000 -39825.303  0.11%   102 2875s
 1581045 354674 -39787.421   82  161 -39781.000 -39825.262  0.11%   102 2880s
 1583315 355216 -39792.243   70  177 -39781.000 -39825.237  0.11%   102 2885s
 1586182 355951     cutoff   82      -39781.000 -39825.208  0.11%   102 2890s
 1589237 356498     cutoff   96      -39781.000 -39825.179  0.11%   102 2895s
 1592221 356942 -39788.804   74  196 -39781.000 -39825.146  0.11%   102 2901s
 1594641 357370     cutoff   89      -39781.000 -39825.121  0.11%   102 2905s
 1597623 357937     cutoff   75      -39781.000 -39825.093  0.11%   102 2910s
 1600728 358466 -39785.508   81  150 -39781.000 -39825.059  0.11%   102 2915s
 1603630 358884 -39799.950   80  132 -39781.000 -39825.029  0.11%   102 2920s
 1606647 359432 -39808.992   75  189 -39781.000 -39824.998  0.11%   102 2925s
 1609724 360039 -39783.997   84  170 -39781.000 -39824.967  0.11%   102 2930s
 1612765 360538 -39790.978   83  183 -39781.000 -39824.933  0.11%   102 2935s
 1615206 360945 -39803.622   79  164 -39781.000 -39824.905  0.11%   102 2940s
 1618322 361572 -39787.431   92  169 -39781.000 -39824.870  0.11%   102 2945s
 1621419 362125     cutoff   83      -39781.000 -39824.832  0.11%   102 2950s
 1624265 362612 -39822.076   72  173 -39781.000 -39824.795  0.11%   102 2955s
 1627264 363316 -39800.753   84  125 -39781.000 -39824.772  0.11%   102 2961s
 1629702 363759     cutoff   86      -39781.000 -39824.745  0.11%   102 2965s
 1632766 364384 -39821.176   77  169 -39781.000 -39824.719  0.11%   102 2970s
 1635496 365016 -39812.789   82  189 -39781.000 -39824.697  0.11%   102 2975s
 1638386 365572 -39789.621   86  149 -39781.000 -39824.673  0.11%   102 2980s
 1641343 365990     cutoff   83      -39781.000 -39824.638  0.11%   102 2985s
 1643816 366434     cutoff   99      -39781.000 -39824.611  0.11%   102 2990s
 1646782 366836     cutoff  101      -39781.000 -39824.578  0.11%   102 2995s
 1649682 367389 -39816.521   85  160 -39781.000 -39824.544  0.11%   102 3000s
 1652429 368049 -39791.070   91  108 -39781.000 -39824.523  0.11%   102 3005s
 1655382 368540     cutoff   82      -39781.000 -39824.495  0.11%   102 3010s
 1658483 369095 -39791.970   97  193 -39781.000 -39824.469  0.11%   102 3015s
 1660874 369577     cutoff   77      -39781.000 -39824.451  0.11%   102 3020s
 1664055 370140 -39817.094   83  164 -39781.000 -39824.419  0.11%   102 3025s
 1667141 370650 -39791.068   87  140 -39781.000 -39824.384  0.11%   102 3030s
 1670113 371213 -39806.429  102  109 -39781.000 -39824.361  0.11%   102 3035s
 1673109 371693 -39782.094   97   88 -39781.000 -39824.326  0.11%   102 3040s
 1675706 372039 -39822.226   88  172 -39781.000 -39824.295  0.11%   102 3045s
 1678506 372573 -39792.334   70  161 -39781.000 -39824.267  0.11%   102 3050s
 1681428 373200 -39794.997   78  158 -39781.000 -39824.242  0.11%   102 3055s
 1683909 373599 -39798.543   82  137 -39781.000 -39824.212  0.11%   102 3060s
 1686915 374246     cutoff   81      -39781.000 -39824.189  0.11%   102 3065s
 1690060 374867     cutoff   93      -39781.000 -39824.163  0.11%   102 3070s
 1692856 375443 -39796.927   85  141 -39781.000 -39824.138  0.11%   102 3075s
 1695404 375915 -39791.364   91  203 -39781.000 -39824.116  0.11%   102 3080s
 1698309 376414 -39789.587   71  204 -39781.000 -39824.085  0.11%   102 3085s
 1701390 376982 infeasible  104      -39781.000 -39824.062  0.11%   102 3090s
 1704533 377746 -39798.442   81  157 -39781.000 -39824.040  0.11%   102 3095s
 1706987 378178 -39790.541   93  151 -39781.000 -39824.018  0.11%   102 3100s
 1710102 378716     cutoff   84      -39781.000 -39823.984  0.11%   102 3105s
 1713083 379274 -39788.581   73  130 -39781.000 -39823.949  0.11%   102 3110s
 1715652 379882 -39819.878   82  186 -39781.000 -39823.930  0.11%   102 3115s
 1718248 380490 -39805.958   84  153 -39781.000 -39823.908  0.11%   102 3120s
 1721348 381027     cutoff   71      -39781.000 -39823.878  0.11%   102 3125s
 1724473 381541 -39791.193   88  156 -39781.000 -39823.844  0.11%   102 3130s
 1727609 382118     cutoff   80      -39781.000 -39823.815  0.11%   102 3135s
 1730655 382524     cutoff   78      -39781.000 -39823.782  0.11%   102 3140s
 1733755 383071 -39805.424   89  147 -39781.000 -39823.753  0.11%   102 3145s
 1736780 383363 -39793.379   96  165 -39781.000 -39823.721  0.11%   102 3150s
 1739878 383810 -39791.030   93  108 -39781.000 -39823.685  0.11%   102 3155s
 1742855 384215 -39804.381   73  161 -39781.000 -39823.659  0.11%   102 3160s
 1745792 384573 -39797.487   76  131 -39781.000 -39823.622  0.11%   102 3165s
 1748277 384874 -39796.229   83  146 -39781.000 -39823.601  0.11%   102 3170s
 1751340 385302     cutoff   76      -39781.000 -39823.572  0.11%   102 3175s
 1754327 385757     cutoff   76      -39781.000 -39823.548  0.11%   102 3180s
 1757285 386221 -39805.969   79  198 -39781.000 -39823.530  0.11%   102 3185s
 1760082 386592 -39804.975   77  152 -39781.000 -39823.506  0.11%   102 3190s
 1762475 387025 -39799.799   65  142 -39781.000 -39823.483  0.11%   102 3195s
 1765543 387546 -39814.411   89  154 -39781.000 -39823.461  0.11%   102 3200s
 1768488 388055     cutoff   72      -39781.000 -39823.446  0.11%   102 3205s
 1771504 388449 -39805.462   81  182 -39781.000 -39823.416  0.11%   102 3210s
 1775033 388914 -39811.096   79  135 -39781.000 -39823.383  0.11%   102 3215s
 1777391 389308 -39795.919   80  191 -39781.000 -39823.363  0.11%   102 3220s
 1780507 389781 -39787.163   82  180 -39781.000 -39823.339  0.11%   102 3225s
 1783255 390162     cutoff   90      -39781.000 -39823.316  0.11%   102 3230s
 1785705 390466 -39798.529   76  139 -39781.000 -39823.293  0.11%   102 3235s
 1788865 391013     cutoff   72      -39781.000 -39823.269  0.11%   102 3240s
 1791941 391531 -39782.255   88   55 -39781.000 -39823.243  0.11%   102 3245s
 1794832 391934     cutoff   89      -39781.000 -39823.226  0.11%   102 3250s
 1797867 392310 -39790.273   95  105 -39781.000 -39823.198  0.11%   102 3255s
 1800664 392803 -39820.549   73  165 -39781.000 -39823.175  0.11%   102 3260s
 1803192 393311 -39818.612   73  167 -39781.000 -39823.160  0.11%   102 3265s
 1806271 393920 -39814.134   78  118 -39781.000 -39823.139  0.11%   102 3270s
 1809570 394379     cutoff  101      -39781.000 -39823.116  0.11%   102 3275s
 1812605 394777 -39813.930  102  179 -39781.000 -39823.088  0.11%   102 3280s
 1815444 395148 -39813.500   82  126 -39781.000 -39823.063  0.11%   102 3285s
 1818483 395633 -39783.385   89  176 -39781.000 -39823.030  0.11%   102 3290s
 1820781 395987 -39794.844   83  148 -39781.000 -39823.007  0.11%   102 3295s
 1823798 396412 -39807.615   93  170 -39781.000 -39822.977  0.11%   102 3300s
 1826618 396797 -39793.150   87  196 -39781.000 -39822.951  0.11%   102 3305s
 1829599 397246 -39802.832   79  168 -39781.000 -39822.922  0.11%   102 3310s
 1832634 397680 -39791.061   81  153 -39781.000 -39822.892  0.11%   102 3315s
 1835539 398151     cutoff   82      -39781.000 -39822.860  0.11%   102 3320s
 1838549 398561 -39819.985   74  154 -39781.000 -39822.827  0.11%   102 3325s
 1841515 398940 -39789.855   86  148 -39781.000 -39822.801  0.11%   102 3330s
 1844524 399434     cutoff   85      -39781.000 -39822.774  0.11%   102 3335s
 1847358 399922 -39800.024   89  193 -39781.000 -39822.746  0.10%   102 3340s
 1850179 400432     cutoff   74      -39781.000 -39822.719  0.10%   102 3345s
 1852514 400773     cutoff   90      -39781.000 -39822.693  0.10%   102 3350s
 1855623 401141     cutoff   89      -39781.000 -39822.659  0.10%   102 3355s
 1858537 401579 -39802.776   74  173 -39781.000 -39822.630  0.10%   102 3360s
 1861460 401995     cutoff   78      -39781.000 -39822.602  0.10%   102 3365s
 1864530 402383 -39784.761   81  126 -39781.000 -39822.571  0.10%   102 3370s
 1867537 402846 -39786.265   83  102 -39781.000 -39822.544  0.10%   102 3375s
 1870544 403295 -39783.901   82  118 -39781.000 -39822.519  0.10%   102 3380s
 1872963 403620 -39801.417   80  149 -39781.000 -39822.501  0.10%   102 3385s
 1875918 404268 -39814.925   83  173 -39781.000 -39822.483  0.10%   102 3390s
 1879000 404766 -39810.649   90  174 -39781.000 -39822.456  0.10%   102 3395s
 1882064 405296     cutoff   89      -39781.000 -39822.431  0.10%   102 3400s
 1884229 405655 -39810.111   85  155 -39781.000 -39822.415  0.10%   102 3405s
 1886557 406005 -39802.603   86  173 -39781.000 -39822.393  0.10%   102 3410s
 1889454 406618 -39791.600   81  111 -39781.000 -39822.371  0.10%   102 3415s
 1892646 407233     cutoff   74      -39781.000 -39822.339  0.10%   102 3420s
 1895716 407780 -39785.457   99  179 -39781.000 -39822.314  0.10%   102 3425s
 1898012 408281 -39783.822   85  120 -39781.000 -39822.296  0.10%   102 3430s
 1900884 408904     cutoff   74      -39781.000 -39822.271  0.10%   102 3435s
 1904019 409462 infeasible   82      -39781.000 -39822.247  0.10%   102 3440s
 1907029 409981     cutoff   94      -39781.000 -39822.220  0.10%   102 3445s
 1910034 410304 -39793.868   84  148 -39781.000 -39822.189  0.10%   102 3450s
 1912810 410682 -39798.504   88  174 -39781.000 -39822.157  0.10%   102 3455s
 1915665 411176 -39815.129   76  187 -39781.000 -39822.134  0.10%   102 3460s
 1917890 411525     cutoff   84      -39781.000 -39822.112  0.10%   102 3465s
 1921037 412075 -39790.811   71  163 -39781.000 -39822.085  0.10%   102 3470s
 1924206 412617 -39817.183   86  163 -39781.000 -39822.057  0.10%   102 3475s
 1927092 413011 -39818.632   80  148 -39781.000 -39822.034  0.10%   102 3480s
 1930251 413523     cutoff   80      -39781.000 -39822.005  0.10%   102 3485s
 1932903 414024     cutoff   73      -39781.000 -39821.981  0.10%   102 3490s
 1935343 414375 -39790.839   84  163 -39781.000 -39821.959  0.10%   102 3495s
 1938504 414792     cutoff   82      -39781.000 -39821.934  0.10%   102 3500s
 1941589 415432 -39809.335   86  161 -39781.000 -39821.910  0.10%   102 3505s
 1944728 415936 -39789.227   81  170 -39781.000 -39821.891  0.10%   102 3510s
 1947747 416322     cutoff   85      -39781.000 -39821.864  0.10%   102 3515s
 1950719 416842     cutoff   82      -39781.000 -39821.838  0.10%   102 3520s
 1953698 417252     cutoff   76      -39781.000 -39821.812  0.10%   102 3525s
 1956149 417582 -39810.064   76  137 -39781.000 -39821.791  0.10%   102 3530s
 1959293 418058 -39797.322   79  164 -39781.000 -39821.761  0.10%   102 3535s
 1962760 418549 -39788.690   84  181 -39781.000 -39821.727  0.10%   102 3540s
 1965741 418956     cutoff   86      -39781.000 -39821.700  0.10%   102 3545s
 1968048 419337 -39803.994   93  127 -39781.000 -39821.676  0.10%   102 3550s
 1970671 419683 -39785.581   90  175 -39781.000 -39821.652  0.10%   102 3555s
 1973571 420133     cutoff   80      -39781.000 -39821.622  0.10%   102 3560s
 1976102 420464     cutoff  100      -39781.000 -39821.601  0.10%   102 3565s
 1979194 420845     cutoff   86      -39781.000 -39821.567  0.10%   102 3570s
 1982429 421315 -39787.294   86  181 -39781.000 -39821.533  0.10%   102 3575s
 1984976 421604 -39801.097   85  194 -39781.000 -39821.511  0.10%   102 3580s
 1987711 422176 -39787.736   87  124 -39781.000 -39821.487  0.10%   102 3585s
 1990707 422613 -39809.025   87   73 -39781.000 -39821.458  0.10%   102 3590s
 1993663 422980 -39791.004   80  178 -39781.000 -39821.430  0.10%   102 3595s
 1996590 423360     cutoff  107      -39781.000 -39821.406  0.10%   102 3600s

Cutting planes:
  Gomory: 13
  Cover: 137
  Clique: 71
  MIR: 174
  StrongCG: 73
  Flow cover: 142
  GUB cover: 18
  Inf proof: 5
  Zero half: 8
  RLT: 21

Explored 1997142 nodes (204621476 simplex iterations) in 3600.00 seconds (6530.38 work units)
Thread count was 4 (of 56 available processors)

Solution count 10: -39781 -39701 -39665 ... -38994

Time limit reached
Best objective -3.978100000000e+04, best bound -3.982100000000e+04, gap 0.1006%
