
Gurobi 9.5.0 (linux64) logging started Sat Apr  2 16:00:53 2022

Set parameter LogFile to value "/local_workspace/chenrui/LogFiles/MKAP/MKAP_20_300_10_1_DWcutsT4_1h.log"
Gurobi Optimizer version 9.5.0 build v9.5.0rc5 (linux64)
Thread count: 56 physical cores, 56 logical processors, using up to 4 threads
Optimize a model with 1294 rows, 6200 columns and 36376 nonzeros
Model fingerprint: 0xbb218f17
Variable types: 0 continuous, 6200 integer (6200 binary)
Coefficient statistics:
  Matrix range     [1e-13, 5e+03]
  Objective range  [1e+00, 1e+03]
  Bounds range     [1e+00, 1e+00]
  RHS range        [5e-13, 3e+00]
Warning: Model contains large matrix coefficient range
         Consider reformulating model or setting NumericFocus parameter
         to avoid numerical issues.
Found heuristic solution: objective 0.0000000
Presolve removed 190 rows and 19 columns
Presolve time: 0.08s
Presolved: 1104 rows, 6181 columns, 30950 nonzeros
Variable types: 0 continuous, 6181 integer (6181 binary)
Found heuristic solution: objective -67086.00000

Root relaxation: objective -1.208483e+05, 5058 iterations, 0.15 seconds (0.23 work units)

    Nodes    |    Current Node    |     Objective Bounds      |     Work
 Expl Unexpl |  Obj  Depth IntInf | Incumbent    BestBd   Gap | It/Node Time

     0     0 -120848.32    0   37 -67086.000 -120848.32  80.1%     -    0s
H    0     0                    -117870.0000 -120848.32  2.53%     -    0s
H    0     0                    -118690.0000 -120848.32  1.82%     -    0s
     0     0 -120848.32    0   97 -118690.00 -120848.32  1.82%     -    0s
H    0     0                    -118714.0000 -120848.32  1.80%     -    0s
H    0     0                    -118880.0000 -120848.32  1.66%     -    0s
     0     0 -120848.32    0   96 -118880.00 -120848.32  1.66%     -    0s
H    0     0                    -119059.0000 -120848.32  1.50%     -    1s
     0     0 -120848.32    0   71 -119059.00 -120848.32  1.50%     -    1s
     0     0 -120848.32    0   78 -119059.00 -120848.32  1.50%     -    1s
     0     0 -120848.32    0   81 -119059.00 -120848.32  1.50%     -    1s
     0     0 -120848.32    0   68 -119059.00 -120848.32  1.50%     -    1s
     0     2 -120848.32    0   64 -119059.00 -120848.32  1.50%     -    1s
H   30    35                    -119159.0000 -120848.32  1.42%   178    3s
H   31    35                    -119223.0000 -120848.32  1.36%   174    3s
H  109   173                    -119360.0000 -120848.32  1.25%  77.8    4s
   173   774 -120814.69   33   69 -119360.00 -120848.32  1.25%  94.5    5s
  2835  2504 -119976.55  159   73 -119360.00 -120848.32  1.25%  19.8   10s
  3272  3408 -120848.32   56   68 -119360.00 -120848.32  1.25%  35.9   15s
  4771  4071 -119755.48  175   31 -119360.00 -120848.32  1.25%  36.2   20s
  9438  6884 -120831.37   54   55 -119360.00 -120848.32  1.25%  29.9   25s
 14264  9976 -119381.62   88   70 -119360.00 -120848.32  1.25%  28.5   30s
 20633 14951 -119421.22   80   55 -119360.00 -120848.32  1.25%  29.8   35s
 21121 15652 -120848.32   31   72 -119360.00 -120848.32  1.25%  30.2   45s
 25501 18893 -119693.58   43   98 -119360.00 -120848.32  1.25%  31.4   50s
 30541 22846 -120129.55   88   77 -119360.00 -120848.32  1.25%  31.9   55s
 34587 26328 -119920.49   55   47 -119360.00 -120848.32  1.25%  32.0   60s
 42287 32333 -120167.62   60  101 -119360.00 -120848.32  1.25%  31.8   65s
 47658 36496 -120535.39   63  104 -119360.00 -120848.32  1.25%  31.7   70s
 52178 39827 -119921.15   48   85 -119360.00 -120848.32  1.25%  32.8   75s
 56690 43332 -120332.28   49  155 -119360.00 -120848.32  1.25%  33.1   80s
 59600 45302 -119445.89   74  119 -119360.00 -120848.32  1.25%  34.4   85s
 63251 48783 -119562.20   85   62 -119360.00 -120848.32  1.25%  34.7   91s
 68035 51870 -119618.27   65   73 -119360.00 -120848.32  1.25%  34.9   95s
 72008 54821 -120045.97   44   90 -119360.00 -120848.32  1.25%  34.7  100s
 76640 58590 -119666.88   47   66 -119360.00 -120848.32  1.25%  34.9  105s
 80550 62028 -120464.97   50  157 -119360.00 -120848.32  1.25%  35.0  110s
 85718 65470 -119550.42   82   61 -119360.00 -120848.32  1.25%  34.7  115s
 91242 70043 -119954.92   26  103 -119360.00 -120848.32  1.25%  34.4  120s
 94815 72735 -119474.93  126   30 -119360.00 -120848.32  1.25%  34.4  125s
 100551 78392 -120251.59   45   99 -119360.00 -120848.32  1.25%  33.9  130s
 103532 79859 -120281.60   55   61 -119360.00 -120848.32  1.25%  33.6  135s
 107954 83783 -119674.19   76   80 -119360.00 -120848.32  1.25%  33.6  140s
 112235 86515 -120848.28   48  179 -119360.00 -120848.32  1.25%  33.6  145s
H112236 83599                    -119385.0000 -120848.32  1.23%  33.6  145s
H112630 82261                    -119402.0000 -120848.32  1.21%  33.7  146s
 115955 84786 -119868.96   44   68 -119402.00 -120848.32  1.21%  33.8  150s
 121247 88726 -120370.56   53  139 -119402.00 -120848.32  1.21%  33.9  155s
 124878 91560 -120289.05   92   67 -119402.00 -120848.32  1.21%  34.1  160s
 126341 95503 -120055.26   77   44 -119402.00 -120848.32  1.21%  34.3  166s
H131008 92218                    -119431.0000 -120848.32  1.19%  34.4  167s
 132445 93361 -119547.41  144   34 -119431.00 -120848.32  1.19%  34.5  170s
 136670 97434 -119485.59   79   48 -119431.00 -120848.32  1.19%  34.7  175s
 140983 100155 -120464.97   48  117 -119431.00 -120848.32  1.19%  34.8  180s
 145334 103629 -120371.80   52   68 -119431.00 -120848.32  1.19%  35.0  185s
 147126 106777 -120848.32   37   92 -119431.00 -120848.32  1.19%  35.0  190s
 153898 110459 -119808.17   33   87 -119431.00 -120848.32  1.19%  35.1  195s
 157604 114059 -119880.05   56   60 -119431.00 -120848.32  1.19%  35.2  200s
 162370 116716 -119995.63   79   96 -119431.00 -120848.32  1.19%  35.3  205s
H165665 109342                    -119487.0000 -120848.32  1.14%  35.5  208s
H165728 95831                    -119575.0000 -120848.32  1.06%  35.5  209s
H165867 92083                    -119601.0000 -120848.32  1.04%  35.5  209s
 166180 93057 -119740.94  115   31 -119601.00 -120848.32  1.04%  35.5  210s
 170460 95349 -119797.54   73   73 -119601.00 -120848.32  1.04%  35.6  215s
 173591 97924 -120848.32   39   70 -119601.00 -120848.32  1.04%  35.9  220s
 178140 101195 -119615.27   71  128 -119601.00 -120848.32  1.04%  36.1  225s
 181914 103720 -119967.06   60  144 -119601.00 -120848.32  1.04%  36.5  230s
 185047 105964 -120010.78   38   89 -119601.00 -120848.32  1.04%  36.8  235s
 188642 108526 -119808.17   41   73 -119601.00 -120848.32  1.04%  37.1  240s
 193172 111655 -119690.72   72   81 -119601.00 -120848.32  1.04%  37.4  245s
 196881 114510 -120338.13   52  114 -119601.00 -120848.32  1.04%  37.6  250s
 200613 117233 -119868.96   55   62 -119601.00 -120848.32  1.04%  37.9  255s
 204619 119766 -119673.04   50   62 -119601.00 -120848.32  1.04%  38.2  261s
 207523 122465 -120377.06   29   90 -119601.00 -120848.32  1.04%  38.3  265s
 210707 124681 -119609.11   83   52 -119601.00 -120848.32  1.04%  38.5  270s
 215371 127992 -120821.21   49   66 -119601.00 -120848.32  1.04%  38.7  275s
 218838 130766 -120119.39   54  111 -119601.00 -120848.32  1.04%  38.8  280s
 222382 133098 -120259.87   93   70 -119601.00 -120848.32  1.04%  39.1  285s
 226372 136340 -120221.49   62   49 -119601.00 -120848.32  1.04%  39.2  290s
 229548 138540 -119983.94  144   32 -119601.00 -120848.32  1.04%  39.4  295s
 233593 141549 -120848.32   42   76 -119601.00 -120848.32  1.04%  39.5  300s
 236902 144194 -119835.08   48   70 -119601.00 -120848.32  1.04%  39.6  305s
 241063 147239 -119921.15   52   68 -119601.00 -120848.32  1.04%  39.7  310s
 244192 149579 -120193.10   48   52 -119601.00 -120848.32  1.04%  40.0  315s
 248891 152825 -119933.43   38   88 -119601.00 -120848.32  1.04%  40.1  320s
 252092 155054 -119817.99   42   82 -119601.00 -120848.32  1.04%  40.3  325s
 254464 157125 -120848.32   25   96 -119601.00 -120848.32  1.04%  40.4  330s
 260099 161170     cutoff   46      -119601.00 -120848.32  1.04%  40.5  335s
 263396 163945 -119673.04   48   64 -119601.00 -120848.32  1.04%  40.7  340s
 266539 166206 -120204.24   83   81 -119601.00 -120848.32  1.04%  40.9  345s
 270734 169304 -120332.36   43  130 -119601.00 -120848.32  1.04%  41.0  350s
 273662 171638 -119891.12   71  109 -119601.00 -120848.32  1.04%  41.1  355s
 278046 174815 -119806.37   69  119 -119601.00 -120848.32  1.04%  41.2  360s
 281591 177431 -120391.27   92   59 -119601.00 -120848.32  1.04%  41.4  365s
 285089 180150 -120054.33   44   66 -119601.00 -120848.32  1.04%  41.6  370s
 287747 182046 -119639.97   60  105 -119601.00 -120848.32  1.04%  41.8  376s
 291428 184375 -120848.32   44  129 -119601.00 -120848.32  1.04%  41.9  380s
 293270 185755 -119808.17   51   72 -119601.00 -120848.32  1.04%  42.0  385s
 296137 187895 -119701.11   51   74 -119601.00 -120848.32  1.04%  42.1  390s
 299202 190551 -120404.52   74   86 -119601.00 -120848.32  1.04%  42.3  396s
 302685 192464     cutoff   91      -119601.00 -120848.32  1.04%  42.4  400s
 305180 194475 -119668.68   95   51 -119601.00 -120848.32  1.04%  42.4  405s
 308185 196797 -120376.60   68  121 -119601.00 -120848.32  1.04%  42.5  410s
 311438 198883 -119845.20  137   28 -119601.00 -120848.32  1.04%  42.6  415s
 314475 201501 -119839.48   48   71 -119601.00 -120848.32  1.04%  42.7  421s
 316899 203285 -119723.49   77   85 -119601.00 -120848.32  1.04%  42.8  425s
 320686 205976 -119951.85   37   77 -119601.00 -120848.32  1.04%  42.7  430s
 323392 207961     cutoff   95      -119601.00 -120848.32  1.04%  42.9  435s
 325255 209860 -120304.81   64   57 -119601.00 -120848.32  1.04%  43.0  440s
 329626 212510 -119629.68  101   67 -119601.00 -120848.32  1.04%  42.9  445s
 332803 214850 -120155.57   66   54 -119601.00 -120848.32  1.04%  43.0  450s
 335857 217543 -120160.93   92   28 -119601.00 -120848.32  1.04%  43.0  455s
 339536 220023 -120286.79   44   74 -119601.00 -120848.32  1.04%  43.0  460s
 342436 221791     cutoff   43      -119601.00 -120848.32  1.04%  43.1  465s
 345619 224338 -120501.50   54   71 -119601.00 -120848.32  1.04%  43.2  470s
 348785 226250 -119710.55   48   93 -119601.00 -120848.32  1.04%  43.2  475s
 352119 228640 -119869.79   68   76 -119601.00 -120848.32  1.04%  43.3  480s
 354674 230655 -120848.32   44   73 -119601.00 -120848.32  1.04%  43.3  485s
 358343 233506 -119621.08   55   64 -119601.00 -120848.32  1.04%  43.3  490s
 361821 235839 -120348.31   73  109 -119601.00 -120848.32  1.04%  43.4  495s
 364315 237807 -119640.18   41   66 -119601.00 -120848.32  1.04%  43.5  500s
 367665 239909 -119650.44   63   41 -119601.00 -120848.32  1.04%  43.6  505s
 370130 241952     cutoff   60      -119601.00 -120848.32  1.04%  43.7  510s
 373314 244320 -119722.94   71   82 -119601.00 -120848.32  1.04%  43.7  515s
H374940 231399                    -119628.0000 -120848.32  1.02%  43.8  517s
 376061 232564     cutoff   60      -119628.00 -120848.32  1.02%  43.8  520s
 378160 234067 -120363.25   57  117 -119628.00 -120848.32  1.02%  44.0  525s
 382168 236995 -120332.26   67  156 -119628.00 -120848.32  1.02%  44.0  530s
 385153 239211 -120010.78   49   64 -119628.00 -120848.32  1.02%  44.1  535s
 387238 240882     cutoff   74      -119628.00 -120848.32  1.02%  44.1  540s
 390061 242624 -120464.98   52  155 -119628.00 -120848.32  1.02%  44.2  545s
 392750 244412 -120304.74   84   44 -119628.00 -120848.32  1.02%  44.3  550s
 395357 246634 -120119.91   51  132 -119628.00 -120848.32  1.02%  44.3  555s
 399005 249271     cutoff   85      -119628.00 -120848.32  1.02%  44.3  560s
 402500 251855 -120848.32   42   62 -119628.00 -120848.32  1.02%  44.3  565s
 405319 253570 -120193.10   39   82 -119628.00 -120848.32  1.02%  44.4  570s
 407640 255420 -120017.86   76  110 -119628.00 -120848.32  1.02%  44.5  575s
 410696 257520 -120014.00   48  161 -119628.00 -120848.32  1.02%  44.6  580s
 413429 259461 -119859.90  109   47 -119628.00 -120848.32  1.02%  44.7  585s
 416283 262072 -120310.21   35   88 -119628.00 -120848.32  1.02%  44.8  590s
 419453 263973 -120536.14   31   71 -119628.00 -120848.32  1.02%  44.8  595s
 422532 266091 -120267.66   40   91 -119628.00 -120848.32  1.02%  44.8  600s
 425366 268419 -120243.26   44   78 -119628.00 -120848.32  1.02%  44.9  605s
 428840 270707 -120051.78   58   64 -119628.00 -120848.32  1.02%  45.0  610s
 430059 273374 -120360.86   47  155 -119628.00 -120848.32  1.02%  45.0  616s
 434055 274097 -120418.59   55   58 -119628.00 -120848.32  1.02%  45.1  620s
 437218 276752 -120261.38   63   57 -119628.00 -120848.32  1.02%  45.2  625s
 440502 279411 -119933.61   50   61 -119628.00 -120848.32  1.02%  45.1  630s
 444341 281940 -120161.15   41  140 -119628.00 -120848.32  1.02%  45.1  635s
 447322 284166 -120256.64   59  102 -119628.00 -120848.32  1.02%  45.1  640s
 450421 286240     cutoff   93      -119628.00 -120848.32  1.02%  45.2  645s
 453500 288911 -120608.75   40   74 -119628.00 -120848.32  1.02%  45.1  650s
 456866 291264 -120310.21   44   71 -119628.00 -120848.32  1.02%  45.2  655s
 459467 293395     cutoff   29      -119628.00 -120848.32  1.02%  45.2  660s
 463414 296524 -120193.10   43   70 -119628.00 -120848.32  1.02%  45.2  665s
 466269 298494 -119687.11   55   82 -119628.00 -120848.32  1.02%  45.2  670s
 469000 300572 -119681.78   45  120 -119628.00 -120848.32  1.02%  45.3  675s
 471181 302262 -120204.25   59   69 -119628.00 -120848.32  1.02%  45.3  680s
 473470 303981 -119895.10   72   47 -119628.00 -120848.32  1.02%  45.4  685s
 476488 305822 -120073.29   43  142 -119628.00 -120848.32  1.02%  45.5  690s
 478940 308074 -120119.40   35  125 -119628.00 -120848.32  1.02%  45.6  695s
 482052 310238 -120307.38  105   60 -119628.00 -120848.32  1.02%  45.6  700s
 485237 312595 -120078.82   43  129 -119628.00 -120848.32  1.02%  45.6  705s
 487682 314420 -119816.76   59   63 -119628.00 -120848.32  1.02%  45.7  710s
 491039 316759 -119998.02   42  157 -119628.00 -120848.32  1.02%  45.7  715s
 492796 319058 -119744.24   43   71 -119628.00 -120848.32  1.02%  45.7  720s
 497114 321043 -120261.72   45   64 -119628.00 -120848.32  1.02%  45.7  725s
 499867 323280 -119701.11   63   65 -119628.00 -120848.32  1.02%  45.8  730s
 502802 325386 -119814.68   70   73 -119628.00 -120848.32  1.02%  45.8  735s
 505908 327507 -120111.13   47   64 -119628.00 -120848.32  1.02%  45.9  740s
 508853 330437 -119947.14  214   23 -119628.00 -120848.32  1.02%  45.9  745s
 512493 332583 -120848.32   59   55 -119628.00 -120848.32  1.02%  45.9  750s
 515343 334483 -119744.24   45   63 -119628.00 -120848.32  1.02%  45.9  755s
 518384 336948 -120223.82   55   58 -119628.00 -120848.32  1.02%  46.0  760s
 521645 339266 -119700.77  101   27 -119628.00 -120848.32  1.02%  46.0  765s
 523844 340930     cutoff  109      -119628.00 -120848.32  1.02%  46.1  770s
 527514 343181 -119719.00   40   76 -119628.00 -120848.32  1.02%  46.1  775s
 529849 345185 -120537.16   46  118 -119628.00 -120848.32  1.02%  46.2  780s
 533706 347809 -120292.05   34   76 -119628.00 -120848.32  1.02%  46.2  785s
 536175 349657 -120848.32   31   99 -119628.00 -120848.32  1.02%  46.3  790s
 539033 351843 -120223.82   57   69 -119628.00 -120848.32  1.02%  46.3  795s
 541469 353482 -119868.96   36  102 -119628.00 -120848.32  1.02%  46.4  800s
 543762 355203 -120129.80   64   54 -119628.00 -120848.32  1.02%  46.4  805s
 547511 357665     cutoff   43      -119628.00 -120848.32  1.02%  46.4  810s
 550099 359425 -119994.02   59   64 -119628.00 -120848.32  1.02%  46.5  815s
 553104 361694 -119867.94   76   75 -119628.00 -120848.32  1.02%  46.6  820s
 555014 363899     cutoff   48      -119628.00 -120848.32  1.02%  46.6  825s
 559096 366107 -119966.89   40   82 -119628.00 -120848.32  1.02%  46.7  830s
 562469 368775 -119745.36   54   51 -119628.00 -120848.32  1.02%  46.7  835s
 565805 370989 -119800.26   66  102 -119628.00 -120848.32  1.02%  46.7  840s
 569451 373793 -120120.05   48   79 -119628.00 -120848.32  1.02%  46.6  845s
 571394 375546 -119981.92   59   80 -119628.00 -120848.32  1.02%  46.7  850s
 574845 378500 -119877.23  111   31 -119628.00 -120848.32  1.02%  46.7  855s
 578365 380551 -119665.53   80   43 -119628.00 -120848.32  1.02%  46.7  860s
 581338 382944 -119933.43   44   73 -119628.00 -120848.32  1.02%  46.7  865s
 583958 384648 -120332.19   44  129 -119628.00 -120848.32  1.02%  46.8  870s
 586915 386743 -120185.44   46  112 -119628.00 -120848.32  1.02%  46.8  875s
 590174 389250 -119867.98   62   43 -119628.00 -120848.32  1.02%  46.9  880s
 593237 391149 -119656.15  121   29 -119628.00 -120848.32  1.02%  46.9  885s
 596291 393792 -119998.55  119   29 -119628.00 -120848.32  1.02%  46.9  890s
 599701 396050 -120419.08   39   86 -119628.00 -120848.32  1.02%  46.9  895s
 602261 397865 -120304.81   48   56 -119628.00 -120848.32  1.02%  47.0  900s
 605062 399778     cutoff   61      -119628.00 -120848.32  1.02%  47.1  905s
 607094 401271 -119954.92   32   81 -119628.00 -120848.32  1.02%  47.1  910s
 607935 403403 -119925.30   82   55 -119628.00 -120848.32  1.02%  47.1  915s
 613031 405233 -120403.04   58   64 -119628.00 -120848.32  1.02%  47.2  920s
 616095 407292 -120350.80   85   60 -119628.00 -120848.32  1.02%  47.2  925s
 618726 409710 -119684.29   92   67 -119628.00 -120848.32  1.02%  47.3  930s
 622115 411910 -120132.33   46   72 -119628.00 -120848.32  1.02%  47.3  935s
 624375 413700 -120119.24   56  143 -119628.00 -120848.32  1.02%  47.3  940s
 627499 415690     cutoff   50      -119628.00 -120848.32  1.02%  47.4  945s
 630278 417594 -119777.46   35   95 -119628.00 -120848.32  1.02%  47.4  951s
 632941 419574 -120458.02   49   73 -119628.00 -120848.32  1.02%  47.5  955s
 635249 421443     cutoff   46      -119628.00 -120848.32  1.02%  47.5  960s
 638405 423774 -119864.03   56   50 -119628.00 -120848.32  1.02%  47.6  965s
 639176 426831     cutoff   36      -119628.00 -120848.32  1.02%  47.6  972s
 644136 428046 -119842.55   36   86 -119628.00 -120848.32  1.02%  47.6  975s
 647168 430329 -120334.08   38   83 -119628.00 -120848.32  1.02%  47.7  980s
 649712 432025 -119973.06   45  157 -119628.00 -120848.32  1.02%  47.7  985s
 651786 433963 -120536.14   32   94 -119628.00 -120848.32  1.02%  47.7  990s
 655001 435983 -120537.16   40  121 -119628.00 -120848.32  1.02%  47.7  995s
 657966 438296 -119922.75   62   50 -119628.00 -120848.32  1.02%  47.8 1000s
 660118 439587 -119951.84   44  146 -119628.00 -120848.32  1.02%  47.8 1005s
 663397 442244 -120262.87   47   67 -119628.00 -120848.32  1.02%  47.8 1010s
 666820 444701 -119736.35   83   56 -119628.00 -120848.32  1.02%  47.8 1015s
 669337 446350 -119976.84   55   69 -119628.00 -120848.32  1.02%  47.9 1020s
 671965 448488 -120297.57   62   66 -119628.00 -120848.32  1.02%  47.9 1025s
 674449 449822 -120262.87   35   83 -119628.00 -120848.32  1.02%  48.0 1030s
 677241 452251 -120353.76   66   55 -119628.00 -120848.32  1.02%  48.0 1035s
 680525 455035 -119785.75  235   21 -119628.00 -120848.32  1.02%  48.0 1040s
 682853 456514 -119808.17   37   96 -119628.00 -120848.32  1.02%  48.0 1045s
 686496 458994 -119817.99   47   78 -119628.00 -120848.32  1.02%  48.1 1050s
 688603 460704 -120267.66   40   75 -119628.00 -120848.32  1.02%  48.1 1055s
 691422 462718 -119688.81   97   35 -119628.00 -120848.32  1.02%  48.1 1060s
 694006 464707 -119721.26   51   62 -119628.00 -120848.32  1.02%  48.2 1065s
 697571 467313 -119803.67   76   63 -119628.00 -120848.32  1.02%  48.2 1070s
 700619 469533 -120300.50   86   97 -119628.00 -120848.32  1.02%  48.2 1075s
 702993 471170 -119806.94   68   75 -119628.00 -120848.32  1.02%  48.3 1080s
 705815 473348 -120250.75   73  110 -119628.00 -120848.32  1.02%  48.3 1085s
 708804 475663 -120322.23   51   41 -119628.00 -120848.32  1.02%  48.3 1090s
 712326 478327 -120446.66   67   66 -119628.00 -120848.32  1.02%  48.3 1095s
 715320 480535 -120468.71   48   62 -119628.00 -120848.32  1.02%  48.3 1100s
 718059 482662 -119921.15   31  107 -119628.00 -120848.32  1.02%  48.3 1105s
 721619 485079 -119800.04   54   42 -119628.00 -120848.32  1.02%  48.3 1110s
 724952 487597 -119692.18   58  105 -119628.00 -120848.32  1.02%  48.3 1115s
 727684 489809 -119751.42   80   81 -119628.00 -120848.32  1.02%  48.3 1120s
 730905 492306 -119650.14   63   91 -119628.00 -120848.32  1.02%  48.3 1125s
 733620 494101 -120848.32   48   74 -119628.00 -120848.32  1.02%  48.3 1131s
 736124 495556 -120073.38   41  125 -119628.00 -120848.32  1.02%  48.4 1135s
 738856 497826 -119660.72   50   61 -119628.00 -120848.32  1.02%  48.4 1140s
 741772 499930 -120111.13   62   59 -119628.00 -120848.32  1.02%  48.4 1145s
 744735 501653 -120186.87   85   83 -119628.00 -120848.32  1.02%  48.5 1150s
 747637 503999 -120022.44   37   75 -119628.00 -120848.32  1.02%  48.5 1155s
 750209 505839 -119839.48   56   70 -119628.00 -120848.32  1.02%  48.5 1160s
 753185 507808     cutoff   90      -119628.00 -120848.32  1.02%  48.5 1165s
 756357 510131 -119640.18   51   74 -119628.00 -120848.32  1.02%  48.6 1170s
 759120 512095 -119933.43   30   72 -119628.00 -120848.32  1.02%  48.6 1175s
 761993 514374 -119641.28   98   51 -119628.00 -120848.32  1.02%  48.6 1180s
 764850 516412 -119950.78   89   67 -119628.00 -120848.32  1.02%  48.6 1185s
 767555 518277 -119990.71   81   49 -119628.00 -120848.32  1.02%  48.6 1190s
 770588 520372 -119868.60   59   51 -119628.00 -120848.32  1.02%  48.7 1195s
 773863 522289 -119786.40   68   79 -119628.00 -120848.32  1.02%  48.7 1201s
 775717 523868 -119640.18   38   79 -119628.00 -120848.32  1.02%  48.7 1205s
 779026 526356 -119663.29   87   53 -119628.00 -120848.32  1.02%  48.7 1210s
 781752 528237 -120465.88   62   45 -119628.00 -120848.32  1.02%  48.7 1215s
 784341 530424 -119926.21  113   32 -119628.00 -120848.32  1.02%  48.8 1220s
 787302 532337 -119951.85   39   75 -119628.00 -120848.32  1.02%  48.8 1225s
 790304 534342 -120056.21   54   77 -119628.00 -120848.32  1.02%  48.8 1230s
 793296 536400 -119924.22   51   85 -119628.00 -120848.32  1.02%  48.8 1235s
 795945 538335 -120119.40   45  132 -119628.00 -120848.32  1.02%  48.9 1240s
 798791 540070 -119668.45   63   59 -119628.00 -120848.32  1.02%  48.9 1246s
 800965 542138 -120148.24   92   89 -119628.00 -120848.32  1.02%  48.9 1250s
 803189 543523 -120848.32   37   70 -119628.00 -120848.32  1.02%  49.0 1255s
 806964 546517 -120187.87   54  102 -119628.00 -120848.32  1.02%  49.0 1260s
 809265 548288 -120053.23  104   30 -119628.00 -120848.32  1.02%  49.0 1265s
 812705 550434 -120307.81   61   71 -119628.00 -120848.32  1.02%  49.0 1270s
 815551 552739 -120081.29   71   98 -119628.00 -120848.32  1.02%  49.0 1275s
 818377 554560 -119646.97   50   58 -119628.00 -120848.32  1.02%  49.1 1281s
 820842 557323 -120376.59   67  104 -119628.00 -120848.32  1.02%  49.1 1286s
 824133 559086 -120848.32   30   84 -119628.00 -120848.32  1.02%  49.1 1290s
 826779 560949 -119640.18   49   77 -119628.00 -120848.32  1.02%  49.1 1295s
 829114 563016 -120119.40   43  127 -119628.00 -120848.32  1.02%  49.2 1301s
 831960 564987 -120398.97   69   54 -119628.00 -120848.32  1.02%  49.2 1306s
 834900 567083 -120119.35   44  155 -119628.00 -120848.32  1.02%  49.2 1310s
 837381 568898 -120311.16   63   58 -119628.00 -120848.32  1.02%  49.2 1315s
 840755 571382 -120385.09   89   85 -119628.00 -120848.32  1.02%  49.2 1320s
 843008 572997 -119981.02   56   61 -119628.00 -120848.32  1.02%  49.3 1325s
 846533 575562 -120119.92   46  139 -119628.00 -120848.32  1.02%  49.3 1330s
 849117 577557 -119639.19   89   48 -119628.00 -120848.32  1.02%  49.3 1335s
 852256 579836 -120169.01  101   45 -119628.00 -120848.32  1.02%  49.3 1340s
 855192 581984 -119865.01   55   52 -119628.00 -120848.32  1.02%  49.3 1345s
 858153 584250 -119768.25   38   85 -119628.00 -120848.32  1.02%  49.3 1350s
 860579 586157 -119705.62   83   72 -119628.00 -120848.32  1.02%  49.3 1355s
 863471 588490 -119633.89   89   42 -119628.00 -120848.32  1.02%  49.3 1360s
 866588 590833 -119640.42   77  134 -119628.00 -120848.32  1.02%  49.4 1365s
 869543 592932 -120033.06   51   98 -119628.00 -120848.32  1.02%  49.4 1370s
 872161 595083 -120497.79   39  100 -119628.00 -120848.32  1.02%  49.4 1376s
 874562 596876 -120311.16   42   71 -119628.00 -120848.32  1.02%  49.4 1380s
 878721 599466 -120065.04   47   90 -119628.00 -120848.32  1.02%  49.4 1385s
 881444 601969 -119954.92   61   49 -119628.00 -120848.32  1.02%  49.4 1390s
 883756 604100 -120119.23   52  130 -119628.00 -120848.32  1.02%  49.4 1395s
 886448 605540 -120465.03   41  135 -119628.00 -120848.32  1.02%  49.4 1400s
 889935 608232 -120420.51   40   78 -119628.00 -120848.32  1.02%  49.4 1405s
 891985 609965 -120328.70   51  114 -119628.00 -120848.32  1.02%  49.4 1410s
 895528 612337 -120056.21   53   66 -119628.00 -120848.32  1.02%  49.4 1415s
 898368 614474 -120481.81   49   75 -119628.00 -120848.32  1.02%  49.4 1420s
 901034 616398 -120144.50   50   68 -119628.00 -120848.32  1.02%  49.5 1425s
 903831 618742 -120386.53   46   80 -119628.00 -120848.32  1.02%  49.5 1430s
 906664 620612 -120539.33   53   77 -119628.00 -120848.32  1.02%  49.5 1435s
 909219 622608 -119641.54   69   47 -119628.00 -120848.32  1.02%  49.5 1440s
 912343 624949 -120132.33   34   72 -119628.00 -120848.32  1.02%  49.5 1445s
 914947 626828 -120537.11   43  137 -119628.00 -120848.32  1.02%  49.5 1450s
 918557 629326 -119842.40   92   29 -119628.00 -120848.32  1.02%  49.5 1455s
 921589 631519 -120537.12   47  119 -119628.00 -120848.32  1.02%  49.5 1460s
 924593 633601 -119926.03  203   31 -119628.00 -120848.32  1.02%  49.5 1465s
 927878 635818 -119723.66   33   90 -119628.00 -120848.32  1.02%  49.6 1470s
 930675 638191 -119713.90   57   70 -119628.00 -120848.32  1.02%  49.6 1475s
 933339 639948 -120848.32   38   63 -119628.00 -120848.32  1.02%  49.6 1480s
 936548 642855     cutoff   65      -119628.00 -120848.32  1.02%  49.6 1485s
 939738 645061 -120290.21   64   97 -119628.00 -120848.32  1.02%  49.6 1490s
 942459 647063 -119921.15   44   67 -119628.00 -120848.32  1.02%  49.6 1495s
 944509 648965     cutoff   96      -119628.00 -120848.32  1.02%  49.6 1500s
 947672 651090 -120497.79   56   67 -119628.00 -120848.32  1.02%  49.6 1505s
 950551 653084 -120537.11   46   95 -119628.00 -120848.32  1.02%  49.7 1510s
 953313 655095 -120111.39   56   64 -119628.00 -120848.32  1.02%  49.7 1515s
 956485 657483 -120157.48  103   41 -119628.00 -120848.32  1.02%  49.7 1521s
 959397 659530 -119842.55   48   71 -119628.00 -120848.32  1.02%  49.7 1525s
 962392 661745 -119708.21   68   94 -119628.00 -120848.32  1.02%  49.7 1530s
 964953 663450 -119764.82   72   53 -119628.00 -120848.32  1.02%  49.8 1536s
 967937 665715 -120551.30   65  139 -119628.00 -120848.32  1.02%  49.8 1540s
 971159 668068 -119918.08   51   64 -119628.00 -120848.32  1.02%  49.8 1545s
 974503 670544 -120848.32   48   73 -119628.00 -120848.32  1.02%  49.8 1550s
 976541 671859 -120371.62   62  112 -119628.00 -120848.32  1.02%  49.8 1555s
 980568 675144     cutoff  184      -119628.00 -120848.32  1.02%  49.8 1560s
 983122 677006 -119824.13   39   87 -119628.00 -120848.32  1.02%  49.8 1565s
 986019 678883 -120008.85   61   57 -119628.00 -120848.32  1.02%  49.8 1570s
 988391 680605 -120201.39   79   88 -119628.00 -120848.32  1.02%  49.8 1575s
 991465 682560 -120263.04   92   68 -119628.00 -120848.32  1.02%  49.8 1580s
 994102 684241     cutoff   55      -119628.00 -120848.32  1.02%  49.8 1585s
 997289 687207 -119801.37  140   28 -119628.00 -120848.32  1.02%  49.8 1590s
 1000558 689454 -120319.80   81   69 -119628.00 -120848.32  1.02%  49.8 1595s
 1003290 691612 -119984.22   79   88 -119628.00 -120848.32  1.02%  49.8 1600s
 1007298 694544 -120406.86   58   77 -119628.00 -120848.32  1.02%  49.8 1605s
 1009583 695863 -120381.52   62  103 -119628.00 -120848.32  1.02%  49.8 1610s
 1012843 698638 -120088.81   70   32 -119628.00 -120848.32  1.02%  49.8 1615s
 1015905 700393 -119839.48   43   64 -119628.00 -120848.32  1.02%  49.9 1620s
 1018765 702354 -119739.54   60   66 -119628.00 -120848.32  1.02%  49.8 1625s
 1021793 704954 -120004.69   70   49 -119628.00 -120848.32  1.02%  49.9 1630s
 1024912 707092 -120346.71   62   59 -119628.00 -120848.32  1.02%  49.9 1635s
 1027884 709374 -120049.19   91   67 -119628.00 -120848.32  1.02%  49.9 1640s
 1030601 711448 -120848.32   54   78 -119628.00 -120848.32  1.02%  49.9 1645s
 1033758 713711 -119663.10  108   36 -119628.00 -120848.32  1.02%  49.9 1650s
 1036209 715491 -119846.37   50   73 -119628.00 -120848.32  1.02%  50.0 1655s
 1039217 717610 -120848.32   38   72 -119628.00 -120848.32  1.02%  50.0 1660s
 1042195 719778 -120439.73   73  128 -119628.00 -120848.32  1.02%  50.0 1665s
 1044760 721792 -120224.41   53   53 -119628.00 -120848.32  1.02%  50.0 1670s
 1047685 723741 -120044.79  125   27 -119628.00 -120848.32  1.02%  50.0 1675s
 1050293 726003 -119742.16   60   57 -119628.00 -120848.32  1.02%  50.0 1681s
 1052834 727453 -119673.04   37   71 -119628.00 -120848.32  1.02%  50.1 1685s
 1056111 729484 -119701.11   63   70 -119628.00 -120848.32  1.02%  50.1 1690s
 1058818 731354 -120292.05   64   67 -119628.00 -120848.32  1.02%  50.1 1695s
 1061986 733691 -120186.80  120   79 -119628.00 -120848.32  1.02%  50.2 1700s
 1064968 735670 -120848.32   37   59 -119628.00 -120848.32  1.02%  50.1 1705s
 1068139 737694 -120043.60   54  114 -119628.00 -120848.32  1.02%  50.2 1710s
 1071473 740764 -119948.78   67   62 -119628.00 -120848.32  1.02%  50.1 1716s
 1074550 742571 -119693.58   59   85 -119628.00 -120848.32  1.02%  50.2 1720s
 1076609 744041 -120474.73   54  108 -119628.00 -120848.32  1.02%  50.2 1725s
 1079713 746468 -120077.73   67   54 -119628.00 -120848.32  1.02%  50.2 1730s
 1081822 749562 -120245.69   45   78 -119628.00 -120848.32  1.02%  50.2 1736s
 1085838 751258 -119716.86   29   98 -119628.00 -120848.32  1.02%  50.1 1740s
 1088199 753496 -119789.29   49  146 -119628.00 -120848.32  1.02%  50.2 1745s
 1090668 755236 -120035.32   70   91 -119628.00 -120848.32  1.02%  50.2 1750s
 1092887 756574 -120633.71   45  115 -119628.00 -120848.32  1.02%  50.2 1755s
 1094708 758367 -120167.27   41   99 -119628.00 -120848.32  1.02%  50.2 1760s
 1098565 761191 -119673.11  268   28 -119628.00 -120848.32  1.02%  50.2 1765s
 1100869 762997 -120478.30   43   98 -119628.00 -120848.32  1.02%  50.2 1771s
 1103260 765170 -119719.74   66   72 -119628.00 -120848.32  1.02%  50.3 1775s
 1105530 766683 -119828.01   57   63 -119628.00 -120848.32  1.02%  50.3 1780s
 1107925 768944 -119868.96   42   84 -119628.00 -120848.32  1.02%  50.3 1785s
 1111319 771231     cutoff  171      -119628.00 -120848.32  1.02%  50.3 1790s
 1113210 772543 -119640.16   44  139 -119628.00 -120848.32  1.02%  50.3 1795s
 1116325 774916 -119868.34   26   71 -119628.00 -120848.32  1.02%  50.4 1801s
 1118741 776835 -120259.85   81  116 -119628.00 -120848.32  1.02%  50.4 1805s
 1121411 778868 -120430.26   75  141 -119628.00 -120848.32  1.02%  50.4 1810s
 1123471 780454 -120073.38   41  120 -119628.00 -120848.32  1.02%  50.4 1815s
 1125957 782128 -120297.85   50   89 -119628.00 -120848.32  1.02%  50.4 1820s
 1128649 784625 -120419.08   43   72 -119628.00 -120848.32  1.02%  50.4 1825s
 1130908 786291 -119978.30  119   26 -119628.00 -120848.32  1.02%  50.5 1831s
 1133729 788142 -120318.49   71  158 -119628.00 -120848.32  1.02%  50.5 1836s
 1136167 790194 -120848.32   31   76 -119628.00 -120848.32  1.02%  50.5 1840s
 1138345 791878 -119682.90   36   70 -119628.00 -120848.32  1.02%  50.5 1845s
 1141029 794296 -120136.40   82   88 -119628.00 -120848.32  1.02%  50.6 1850s
 1144083 796467 -120167.93   42   85 -119628.00 -120848.32  1.02%  50.6 1856s
 1146262 797804 -119793.43   39   77 -119628.00 -120848.32  1.02%  50.6 1860s
 1148463 800023 -120420.51   43   79 -119628.00 -120848.32  1.02%  50.6 1865s
 1151453 801852 -119801.17   50   86 -119628.00 -120848.32  1.02%  50.6 1870s
 1154677 804168 -120848.32   40   79 -119628.00 -120848.32  1.02%  50.6 1875s
 1157100 806191 -119744.24   42   82 -119628.00 -120848.32  1.02%  50.6 1881s
 1158900 807761 -120162.41   43   74 -119628.00 -120848.32  1.02%  50.7 1885s
 1162244 810152 -119749.72   45   74 -119628.00 -120848.32  1.02%  50.7 1891s
 1164537 811747 -120456.65   60   72 -119628.00 -120848.32  1.02%  50.7 1896s
 1166900 813481 -120848.32   47  127 -119628.00 -120848.32  1.02%  50.7 1900s
 1168761 815197 -119778.12   65   64 -119628.00 -120848.32  1.02%  50.8 1905s
 1172037 817430 -119816.76   38   86 -119628.00 -120848.32  1.02%  50.8 1910s
 1174024 818921 -120497.79   39   83 -119628.00 -120848.32  1.02%  50.8 1915s
 1177068 821156 -120362.63   94   41 -119628.00 -120848.32  1.02%  50.8 1921s
 1179067 822408 -120463.28   43   80 -119628.00 -120848.32  1.02%  50.8 1925s
 1182431 824996 -120396.16   31  100 -119628.00 -120848.32  1.02%  50.9 1931s
 1184953 826756     cutoff  176      -119628.00 -120848.32  1.02%  50.9 1935s
 1186891 828487 -119744.37   75  117 -119628.00 -120848.32  1.02%  50.9 1940s
 1189679 830336     cutoff   70      -119628.00 -120848.32  1.02%  50.9 1945s
 1191867 832356 -120095.69   41  124 -119628.00 -120848.32  1.02%  50.9 1950s
 1195187 834787 -120311.16   43   89 -119628.00 -120848.32  1.02%  50.9 1955s
 1197801 836423 -119919.47   83  132 -119628.00 -120848.32  1.02%  50.9 1960s
 1199900 838259 -119955.35   90   54 -119628.00 -120848.32  1.02%  50.9 1965s
 1202885 840384 -119767.35   77  105 -119628.00 -120848.32  1.02%  50.9 1970s
 1205639 842405 -120161.78   42  134 -119628.00 -120848.32  1.02%  51.0 1975s
 1207962 844199 -120217.73   45  154 -119628.00 -120848.32  1.02%  51.0 1980s
 1210768 846380 -119767.90   80   76 -119628.00 -120848.32  1.02%  51.0 1985s
 1212860 847830 -119807.21   90   59 -119628.00 -120848.32  1.02%  51.0 1990s
 1215482 850006 -120250.07   80   46 -119628.00 -120848.32  1.02%  51.0 1995s
 1217966 851837     cutoff  105      -119628.00 -120848.32  1.02%  51.0 2000s
 1220594 853700 -119816.76   39   78 -119628.00 -120848.32  1.02%  51.0 2005s
 1223707 855977 -119772.94   77   75 -119628.00 -120848.32  1.02%  51.0 2010s
 1226112 857939 -119881.32   79   37 -119628.00 -120848.32  1.02%  51.1 2015s
 1228216 859718 -119884.63   68   87 -119628.00 -120848.32  1.02%  51.1 2020s
 1230667 861461 -119782.99   35   76 -119628.00 -120848.32  1.02%  51.1 2025s
 1233262 863629 -119908.55   90   45 -119628.00 -120848.32  1.02%  51.1 2030s
 1236481 865602 -120425.28   42   77 -119628.00 -120848.32  1.02%  51.1 2035s
 1238591 867213 -120108.74   81  115 -119628.00 -120848.32  1.02%  51.1 2040s
 1241291 869659 -119933.43   31  100 -119628.00 -120848.32  1.02%  51.1 2045s
 1244681 871931 -119834.89   56   68 -119628.00 -120848.32  1.02%  51.1 2050s
 1247218 874173 -120214.41   66   64 -119628.00 -120848.32  1.02%  51.2 2055s
 1249455 875863 -120391.38   33   78 -119628.00 -120848.32  1.02%  51.2 2060s
 1251690 877533 -120193.10   33   93 -119628.00 -120848.32  1.02%  51.2 2065s
 1253146 878635 -119639.72   75  135 -119628.00 -120848.32  1.02%  51.2 2070s
 1255795 880642 -120325.14   56   69 -119628.00 -120848.32  1.02%  51.2 2075s
 1259359 882954     cutoff   38      -119628.00 -120848.32  1.02%  51.3 2080s
 1262027 885301 -119860.24  100   35 -119628.00 -120848.32  1.02%  51.3 2085s
 1264038 886865 -120102.39   51  129 -119628.00 -120848.32  1.02%  51.3 2090s
 1266312 888292 -120084.44   41  108 -119628.00 -120848.32  1.02%  51.3 2095s
 1269703 891276 -119894.77   83   57 -119628.00 -120848.32  1.02%  51.3 2100s
 1272413 893403 -120259.51   45   71 -119628.00 -120848.32  1.02%  51.3 2105s
 1274648 895239 -119744.24   40   94 -119628.00 -120848.32  1.02%  51.4 2110s
 1277030 897037 -119641.50   86   55 -119628.00 -120848.32  1.02%  51.4 2115s
 1279364 898910 -120302.18   77   61 -119628.00 -120848.32  1.02%  51.4 2120s
 1281351 900544 -119852.94   64  105 -119628.00 -120848.32  1.02%  51.4 2125s
 1284993 903046 -119681.94   32   69 -119628.00 -120848.32  1.02%  51.4 2130s
 1287426 904800 -120084.44   33   95 -119628.00 -120848.32  1.02%  51.4 2135s
 1289964 907040 -119837.03   41   78 -119628.00 -120848.32  1.02%  51.4 2140s
 1292652 908716 -120253.94   52  112 -119628.00 -120848.32  1.02%  51.4 2146s
 1295190 910741 -120478.30   50   70 -119628.00 -120848.32  1.02%  51.5 2150s
 1297448 912559 -119647.87   56   66 -119628.00 -120848.32  1.02%  51.5 2155s
 1299030 913733 -119675.68   95   47 -119628.00 -120848.32  1.02%  51.5 2160s
 1302152 915935 -119681.94   34  106 -119628.00 -120848.32  1.02%  51.5 2166s
 1304641 917688 -120536.14   38   88 -119628.00 -120848.32  1.02%  51.6 2172s
 1306842 919613 -120462.96   33   85 -119628.00 -120848.32  1.02%  51.6 2175s
 1309708 921577 -119823.78   96  106 -119628.00 -120848.32  1.02%  51.6 2180s
 1311712 923423 -120132.33   37  107 -119628.00 -120848.32  1.02%  51.6 2186s
 1314149 924968 -119897.82   47   88 -119628.00 -120848.32  1.02%  51.6 2190s
 1316722 926841 -120391.38   37   80 -119628.00 -120848.32  1.02%  51.6 2195s
 1319182 928671     cutoff  131      -119628.00 -120848.32  1.02%  51.7 2200s
 1321559 930405 -119966.58   42  101 -119628.00 -120848.32  1.02%  51.7 2205s
 1324290 932237 -119923.07  118   31 -119628.00 -120848.32  1.02%  51.7 2211s
 1326202 934033 -119670.16   50  118 -119628.00 -120848.32  1.02%  51.7 2215s
 1328173 935825 -119702.68   77   64 -119628.00 -120848.32  1.02%  51.7 2220s
H1329726 666052                    -119782.0001 -120848.32  0.89%  51.7 2223s
 1330367 666769 -120230.55   65   49 -119782.00 -120848.32  0.89%  51.8 2225s
 1332447 668162 -119980.09   37   79 -119782.00 -120848.32  0.89%  51.8 2230s
 1334197 669673 -119782.99   34  112 -119782.00 -120848.32  0.89%  51.8 2235s
 1336557 671275 -119951.85   39   70 -119782.00 -120848.32  0.89%  51.9 2240s
 1339016 673120 -120386.47   53   92 -119782.00 -120848.32  0.89%  51.9 2246s
 1341848 674935 -120220.57   63   65 -119782.00 -120848.32  0.89%  51.9 2251s
 1343486 676217 -120348.97   54   74 -119782.00 -120848.32  0.89%  51.9 2255s
 1345545 677715 -120027.97   36   76 -119782.00 -120848.32  0.89%  51.9 2260s
 1348086 679790 -120167.93   48   60 -119782.00 -120848.32  0.89%  52.0 2265s
 1350766 681711 -120185.57   68   63 -119782.00 -120848.32  0.89%  52.0 2270s
 1353181 683716 -119869.34   75   56 -119782.00 -120848.32  0.89%  52.0 2275s
 1355206 685101 -120014.70   61  132 -119782.00 -120848.32  0.89%  52.0 2280s
 1357768 687128 -119892.44   66   78 -119782.00 -120848.32  0.89%  52.0 2285s
 1360398 689302 -120012.22   46   87 -119782.00 -120848.32  0.89%  52.0 2290s
 1363214 691361 -120446.66   41   78 -119782.00 -120848.32  0.89%  52.0 2295s
 1365843 693136 -120056.21   42   84 -119782.00 -120848.32  0.89%  52.0 2300s
 1368743 695114 -119816.48   57  116 -119782.00 -120848.32  0.89%  52.1 2305s
 1371196 696765 -120107.09   39   92 -119782.00 -120848.32  0.89%  52.1 2310s
 1373081 698242 -120415.06   41  106 -119782.00 -120848.32  0.89%  52.1 2315s
 1374739 699690 -120284.44   31   72 -119782.00 -120848.32  0.89%  52.1 2320s
 1377181 701550 -119869.16   55  136 -119782.00 -120848.32  0.89%  52.1 2325s
 1379259 703060 -120137.09  117   42 -119782.00 -120848.32  0.89%  52.2 2330s
 1382226 705199 -120102.09   44   85 -119782.00 -120848.32  0.89%  52.2 2336s
 1384423 706699 -119846.66   69   51 -119782.00 -120848.32  0.89%  52.2 2341s
 1385843 707982 -120237.85   46   82 -119782.00 -120848.32  0.89%  52.2 2345s
 1387749 709493 -120089.51   50   88 -119782.00 -120848.32  0.89%  52.3 2350s
 1390479 711306     cutoff   59      -119782.00 -120848.32  0.89%  52.3 2355s
 1392131 712624 -120848.32   35   87 -119782.00 -120848.32  0.89%  52.3 2360s
 1394498 714548 -120396.77   64   70 -119782.00 -120848.32  0.89%  52.4 2365s
 1396768 716531 -120242.06   63  118 -119782.00 -120848.32  0.89%  52.4 2371s
 1399584 718192     cutoff   44      -119782.00 -120848.32  0.89%  52.4 2376s
 1401707 719735 -120848.32   36   85 -119782.00 -120848.32  0.89%  52.4 2381s
 1403686 721169 -119995.15   54  130 -119782.00 -120848.32  0.89%  52.5 2385s
 1406024 722998 -120396.16   47  102 -119782.00 -120848.32  0.89%  52.5 2390s
 1408410 724873 -120243.44   49  140 -119782.00 -120848.32  0.89%  52.5 2395s
 1410473 726407 -120376.65   40  121 -119782.00 -120848.32  0.89%  52.5 2400s
 1412963 728002 -119782.99   27   99 -119782.00 -120848.32  0.89%  52.6 2406s
 1414797 729248 -120267.66   34   86 -119782.00 -120848.32  0.89%  52.6 2410s
 1417214 731255 -119887.91   80   49 -119782.00 -120848.32  0.89%  52.6 2415s
 1419634 733034 -119821.56   99   33 -119782.00 -120848.32  0.89%  52.6 2421s
 1422056 734452 -119942.84   37  132 -119782.00 -120848.32  0.89%  52.6 2426s
 1423599 736020 -119855.68   75   57 -119782.00 -120848.32  0.89%  52.7 2430s
 1426350 738006 -120481.81   55   69 -119782.00 -120848.32  0.89%  52.7 2435s
 1428756 739490 -120407.95   47   54 -119782.00 -120848.32  0.89%  52.7 2440s
 1430943 741349 -119823.83   86  122 -119782.00 -120848.32  0.89%  52.7 2446s
 1433223 743078 -120120.05   38   98 -119782.00 -120848.32  0.89%  52.8 2451s
H1434470 674740                    -119820.0000 -120848.32  0.86%  52.8 2454s
 1434841 675207 -120234.21   67   65 -119820.00 -120848.32  0.86%  52.8 2455s
 1436274 676277 -119848.27   50   71 -119820.00 -120848.32  0.86%  52.8 2460s
 1439017 678160 -120314.98   32   95 -119820.00 -120848.32  0.86%  52.8 2465s
 1440687 679609     cutoff   43      -119820.00 -120848.32  0.86%  52.9 2470s
 1442933 681224 -120307.40   46   85 -119820.00 -120848.32  0.86%  52.9 2475s
 1445639 682998 -120408.00   71  108 -119820.00 -120848.32  0.86%  52.9 2481s
 1447593 684546 -120381.92   71   94 -119820.00 -120848.32  0.86%  52.9 2485s
 1449667 686666     cutoff   78      -119820.00 -120848.32  0.86%  53.0 2492s
 1452361 687868 -119929.75   44   75 -119820.00 -120848.32  0.86%  53.0 2496s
 1453692 688902 -119944.66   59   61 -119820.00 -120848.32  0.86%  53.0 2500s
 1455580 690323 -119886.88   74   90 -119820.00 -120848.32  0.86%  53.1 2505s
 1458016 692216     cutoff   46      -119820.00 -120848.32  0.86%  53.1 2511s
 1459669 693256 -119820.91   50   68 -119820.00 -120848.32  0.86%  53.1 2515s
 1461340 694679 -120419.08   36  106 -119820.00 -120848.32  0.86%  53.2 2520s
 1463745 696566 -120464.97   43  120 -119820.00 -120848.32  0.86%  53.2 2526s
 1465924 697842 -120396.16   35   77 -119820.00 -120848.32  0.86%  53.2 2530s
 1468528 699849 -120451.94   51  114 -119820.00 -120848.32  0.86%  53.2 2535s
 1470454 701074 -120848.32   37   72 -119820.00 -120848.32  0.86%  53.3 2540s
 1472290 702554 -120311.16   39  102 -119820.00 -120848.32  0.86%  53.3 2545s
 1474437 704346 -119837.03   30   97 -119820.00 -120848.32  0.86%  53.3 2550s
 1476876 705898 -120115.65   39   90 -119820.00 -120848.32  0.86%  53.4 2556s
 1478233 706922 -120243.26   33   93 -119820.00 -120848.32  0.86%  53.4 2560s
 1480679 708365 -120193.10   35  101 -119820.00 -120848.32  0.86%  53.4 2566s
 1482865 709984 -119951.85   43   99 -119820.00 -120848.32  0.86%  53.5 2571s
 1484615 711324 -120368.46   46   93 -119820.00 -120848.32  0.86%  53.5 2576s
 1486299 712648 -119824.13   37  115 -119820.00 -120848.32  0.86%  53.6 2580s
 1488156 714163 -119948.78   46  117 -119820.00 -120848.32  0.86%  53.6 2585s
 1491179 715857 -120072.85   79  144 -119820.00 -120848.32  0.86%  53.6 2591s
 1491268 718537 -120072.83   80  115 -119820.00 -120848.32  0.86%  53.6 2598s
 1495439 719224 -120601.74   68  162 -119820.00 -120848.32  0.86%  53.7 2601s
 1497710 721344 -120383.30   48   75 -119820.00 -120848.32  0.86%  53.7 2606s
 1501157 723346 -119933.43   36   64 -119820.00 -120848.32  0.86%  53.7 2610s
 1502612 724841 -120848.32   42   66 -119820.00 -120848.32  0.86%  53.7 2615s
 1505593 726827 -120848.32   27   63 -119820.00 -120848.32  0.86%  53.7 2620s
 1508850 728994 -120119.34   45  159 -119820.00 -120848.32  0.86%  53.7 2625s
 1510908 730359 -120418.43   57   80 -119820.00 -120848.32  0.86%  53.7 2630s
H1511587 710019                    -119831.0000 -120848.32  0.85%  53.7 2631s
 1512674 711275 -120462.96   43   79 -119831.00 -120848.32  0.85%  53.7 2636s
 1514199 712447 -120267.66   41   77 -119831.00 -120848.32  0.85%  53.8 2640s
 1517066 714208 -119849.29   68   56 -119831.00 -120848.32  0.85%  53.8 2646s
 1518920 715781 -120245.66   55   62 -119831.00 -120848.32  0.85%  53.8 2650s
 1521095 717355 -119867.51  107   31 -119831.00 -120848.32  0.85%  53.9 2656s
 1523733 719030 -120848.32   21  102 -119831.00 -120848.32  0.85%  53.9 2661s
 1525417 720175 -120606.74   67   90 -119831.00 -120848.32  0.85%  53.9 2665s
 1527318 721799 -119998.23   79   72 -119831.00 -120848.32  0.85%  53.9 2670s
 1530006 723754 -120269.33   86  101 -119831.00 -120848.32  0.85%  53.9 2675s
 1533075 725839 -119868.33   50   90 -119831.00 -120848.32  0.85%  53.9 2681s
 1535403 727448 -119912.93   58  137 -119831.00 -120848.32  0.85%  53.9 2686s
 1536697 728355 -120166.66   40   93 -119831.00 -120848.32  0.85%  54.0 2690s
 1538852 729872 -120848.32   53   71 -119831.00 -120848.32  0.85%  54.0 2696s
 1541089 731630 -120257.27   62   98 -119831.00 -120848.32  0.85%  54.0 2700s
 1543973 733800 -120449.32   51  132 -119831.00 -120848.32  0.85%  54.0 2706s
 1546582 735577 -120335.25   67   87 -119831.00 -120848.32  0.85%  54.0 2710s
 1550067 738027 -120163.87   81   50 -119831.00 -120848.32  0.85%  54.0 2715s
 1552711 739665     cutoff   81      -119831.00 -120848.32  0.85%  54.0 2720s
 1555666 741711 -119968.12   57   67 -119831.00 -120848.32  0.85%  54.0 2725s
H1557610 717358                    -119843.0000 -120848.32  0.84%  54.0 2728s
 1558278 718157 -120190.65   89   47 -119843.00 -120848.32  0.84%  54.0 2730s
 1561175 720095     cutoff  139      -119843.00 -120848.32  0.84%  54.0 2735s
 1563581 721626 -120848.32   45   72 -119843.00 -120848.32  0.84%  54.0 2740s
 1566078 723392 -119958.47   58   88 -119843.00 -120848.32  0.84%  54.0 2745s
 1568752 725321 -120848.32   47   58 -119843.00 -120848.32  0.84%  54.0 2750s
 1571462 727254 -120848.32   32   67 -119843.00 -120848.32  0.84%  54.0 2755s
 1573922 729112 -120060.23   72   89 -119843.00 -120848.32  0.84%  54.0 2760s
 1576495 730866 -119861.00   85  112 -119843.00 -120848.32  0.84%  54.0 2765s
 1578924 732586     cutoff   48      -119843.00 -120848.32  0.84%  54.0 2770s
 1581900 734706 -119884.94   64  105 -119843.00 -120848.32  0.84%  54.0 2776s
 1584338 736377 -120501.94   68  129 -119843.00 -120848.32  0.84%  54.1 2780s
 1586515 738016 -120537.11   60   96 -119843.00 -120848.32  0.84%  54.1 2786s
 1588714 739577 -120073.81   72   57 -119843.00 -120848.32  0.84%  54.1 2790s
 1591404 741075 -119852.10   68   89 -119843.00 -120848.32  0.84%  54.1 2795s
 1594225 742968 -120330.59   57   95 -119843.00 -120848.32  0.84%  54.1 2800s
 1596677 744617 -120537.11   62  146 -119843.00 -120848.32  0.84%  54.2 2805s
 1599053 746353     cutoff   49      -119843.00 -120848.32  0.84%  54.2 2810s
 1601666 748316 -119868.96   44   75 -119843.00 -120848.32  0.84%  54.2 2815s
 1604401 750209 -120314.98   59   48 -119843.00 -120848.32  0.84%  54.2 2821s
 1606049 751198 -119954.92   44   82 -119843.00 -120848.32  0.84%  54.2 2825s
 1608698 753069 -120200.62   72   57 -119843.00 -120848.32  0.84%  54.3 2830s
 1611178 754737 -120468.71   56   56 -119843.00 -120848.32  0.84%  54.3 2835s
 1614225 756769     cutoff   59      -119843.00 -120848.32  0.84%  54.3 2841s
 1616036 758254 -120330.45   71   51 -119843.00 -120848.32  0.84%  54.3 2845s
 1617776 759645 -120037.79   34   87 -119843.00 -120848.32  0.84%  54.4 2850s
 1619988 761285 -120206.15   64   79 -119843.00 -120848.32  0.84%  54.4 2855s
 1622797 762972 -119954.84   37  140 -119843.00 -120848.32  0.84%  54.4 2861s
 1624947 764394     cutoff  122      -119843.00 -120848.32  0.84%  54.4 2865s
 1627096 765811 -120193.10   35   90 -119843.00 -120848.32  0.84%  54.5 2870s
 1628906 767373 -120463.28   37   62 -119843.00 -120848.32  0.84%  54.5 2875s
 1631341 769015 -120344.11   36   83 -119843.00 -120848.32  0.84%  54.6 2880s
 1633069 770297 -119882.91   51   66 -119843.00 -120848.32  0.84%  54.6 2885s
 1635662 772088 -120167.96   89  107 -119843.00 -120848.32  0.84%  54.6 2890s
 1637221 773261 -120367.79   79   85 -119843.00 -120848.32  0.84%  54.6 2895s
 1639662 774690 -119916.24   37   90 -119843.00 -120848.32  0.84%  54.7 2900s
 1641606 776201 -120376.32   48  112 -119843.00 -120848.32  0.84%  54.7 2905s
 1644232 778001 -120848.32   25   76 -119843.00 -120848.32  0.84%  54.7 2911s
 1645707 778955 -120181.07   58  119 -119843.00 -120848.32  0.84%  54.8 2915s
 1647857 780643 -120668.13   45   98 -119843.00 -120848.32  0.84%  54.8 2920s
 1649553 781906 -119963.51   79  155 -119843.00 -120848.32  0.84%  54.8 2925s
 1652286 783550 -120056.93   65  108 -119843.00 -120848.32  0.84%  54.9 2930s
 1654315 785355 -120056.93   57   75 -119843.00 -120848.32  0.84%  54.9 2935s
 1656430 786450 -120183.54   87   64 -119843.00 -120848.32  0.84%  54.9 2940s
 1658708 788296 -120848.31   50  109 -119843.00 -120848.32  0.84%  54.9 2945s
 1660772 789659 -119970.29   68   42 -119843.00 -120848.32  0.84%  55.0 2950s
 1663377 791335 -120236.05   51  121 -119843.00 -120848.32  0.84%  55.0 2955s
 1664964 792420 -119969.77   66   92 -119843.00 -120848.32  0.84%  55.0 2960s
 1667089 794102 -120153.07   41   63 -119843.00 -120848.32  0.84%  55.1 2966s
 1668654 795190 -120178.53   46   60 -119843.00 -120848.32  0.84%  55.1 2970s
 1671173 796813 -119923.61   37   85 -119843.00 -120848.32  0.84%  55.1 2976s
 1673014 798111 -120400.79   76   48 -119843.00 -120848.32  0.84%  55.1 2980s
 1675501 799850 -120146.79   47   77 -119843.00 -120848.32  0.84%  55.2 2986s
 1677160 800832 -119919.78   57  117 -119843.00 -120848.32  0.84%  55.2 2990s
 1679415 802640 -120161.15   39  117 -119843.00 -120848.32  0.84%  55.3 2995s
 1681246 804269 -120441.65   40   82 -119843.00 -120848.32  0.84%  55.3 3001s
 1684401 805696 -120267.66   39   84 -119843.00 -120848.32  0.84%  55.3 3006s
 1685808 806859 -120057.91   76   36 -119843.00 -120848.32  0.84%  55.3 3010s
 1687765 808443 -120056.21   36   92 -119843.00 -120848.32  0.84%  55.4 3016s
 1689692 809589 -120084.44   45   84 -119843.00 -120848.32  0.84%  55.4 3020s
 1691994 811066 -120297.73   68   46 -119843.00 -120848.32  0.84%  55.4 3026s
 1693701 812369     cutoff   75      -119843.00 -120848.32  0.84%  55.5 3031s
 1695585 813285 -120097.24   56  112 -119843.00 -120848.32  0.84%  55.5 3037s
 1696575 814495 -120201.89   46   75 -119843.00 -120848.32  0.84%  55.5 3040s
 1699350 816205 -120092.13   65   59 -119843.00 -120848.32  0.84%  55.6 3045s
 1702647 818716 -120451.66   50  120 -119843.00 -120848.32  0.84%  55.6 3051s
 1704582 820027 -120332.71   79  110 -119843.00 -120848.32  0.84%  55.6 3056s
 1706969 821762 -120017.15   90   85 -119843.00 -120848.32  0.84%  55.6 3061s
 1709117 823533     cutoff   41      -119843.00 -120848.32  0.84%  55.6 3066s
 1711535 825311 -120272.84   62  106 -119843.00 -120848.32  0.84%  55.6 3071s
 1713902 827146 -119916.24   40  124 -119843.00 -120848.32  0.84%  55.7 3075s
 1716244 828803 infeasible   82      -119843.00 -120848.32  0.84%  55.7 3080s
 1718240 830158 -120167.93   45   75 -119843.00 -120848.32  0.84%  55.7 3085s
 1719896 831423     cutoff   92      -119843.00 -120848.32  0.84%  55.7 3091s
 1721785 832880 -119880.65   61   65 -119843.00 -120848.32  0.84%  55.7 3095s
 1723486 834204 -120360.91   43  152 -119843.00 -120848.32  0.84%  55.8 3100s
 1725875 835848 -119933.68  104   83 -119843.00 -120848.32  0.84%  55.8 3105s
 1727779 837220 -120276.57   73  114 -119843.00 -120848.32  0.84%  55.8 3110s
 1730080 838667 -120268.75   53   77 -119843.00 -120848.32  0.84%  55.8 3115s
 1732512 840604 -120058.05   44  100 -119843.00 -120848.32  0.84%  55.8 3120s
 1734987 842288 -119985.68   85   56 -119843.00 -120848.32  0.84%  55.9 3125s
 1736752 843570 -120112.50   84  140 -119843.00 -120848.32  0.84%  55.9 3130s
 1739190 845223 -120287.27   40   82 -119843.00 -120848.32  0.84%  55.9 3135s
 1740709 846538 -119844.80   56  154 -119843.00 -120848.32  0.84%  55.9 3140s
 1743080 848230 -119942.80   43  178 -119843.00 -120848.32  0.84%  56.0 3145s
 1744997 849318 -120334.08   43   76 -119843.00 -120848.32  0.84%  56.0 3150s
 1746622 851009 -120468.71   32   95 -119843.00 -120848.32  0.84%  56.0 3155s
 1748837 852241 -120419.08   36   95 -119843.00 -120848.32  0.84%  56.0 3160s
 1751002 853575 -119898.22   65   65 -119843.00 -120848.32  0.84%  56.1 3165s
 1753498 855658     cutoff   77      -119843.00 -120848.32  0.84%  56.1 3170s
 1755796 857178 -119923.61   32   94 -119843.00 -120848.32  0.84%  56.1 3176s
 1757743 858668 -119968.40   84  103 -119843.00 -120848.32  0.84%  56.1 3180s
 1759382 859956 -120287.27   33  117 -119843.00 -120848.32  0.84%  56.1 3185s
 1761880 861685 -120182.72   60  153 -119843.00 -120848.32  0.84%  56.2 3191s
 1763601 863107 -119850.74   67   36 -119843.00 -120848.32  0.84%  56.2 3195s
 1766263 864661 -119846.85   37   89 -119843.00 -120848.32  0.84%  56.2 3200s
 1767870 865977 -120408.57   39   87 -119843.00 -120848.32  0.84%  56.2 3205s
 1770715 868437 -120273.57   88   62 -119843.00 -120848.32  0.84%  56.2 3211s
 1773491 870156 -119998.24   72  122 -119843.00 -120848.32  0.84%  56.2 3215s
 1775459 871581 -120150.01   73  114 -119843.00 -120848.32  0.84%  56.3 3220s
H1776421 771794                    -119896.0000 -120848.32  0.79%  56.3 3222s
 1777620 772896 -120528.15   31   86 -119896.00 -120848.32  0.79%  56.3 3225s
 1779357 774103     cutoff   38      -119896.00 -120848.32  0.79%  56.3 3230s
 1781821 776083 -119960.29   38   80 -119896.00 -120848.32  0.79%  56.3 3235s
 1784384 777803 -119988.19   62  106 -119896.00 -120848.32  0.79%  56.3 3240s
 1786090 779048 -120154.91   71   67 -119896.00 -120848.32  0.79%  56.4 3245s
 1788306 780629     cutoff   64      -119896.00 -120848.32  0.79%  56.4 3250s
 1790679 782198 -120041.44   73   71 -119896.00 -120848.32  0.79%  56.4 3255s
 1793547 783972     cutoff   49      -119896.00 -120848.32  0.79%  56.4 3260s
 1795589 785654 -120029.27   83   52 -119896.00 -120848.32  0.79%  56.4 3265s
 1797748 787280 -120275.31   39  101 -119896.00 -120848.32  0.79%  56.5 3271s
 1799732 788639 -120473.82   27   86 -119896.00 -120848.32  0.79%  56.5 3275s
 1802465 790205 -120275.31   33   97 -119896.00 -120848.32  0.79%  56.5 3280s
 1804794 792080 -120250.91   41   79 -119896.00 -120848.32  0.79%  56.5 3285s
 1806826 793505 -119988.36   39  122 -119896.00 -120848.32  0.79%  56.5 3290s
 1809176 794876 -120320.65   60   50 -119896.00 -120848.32  0.79%  56.5 3295s
H1809191 769827                    -119909.0000 -120848.32  0.78%  56.5 3296s
H1809382 632049                    -119985.0000 -120848.32  0.72%  56.5 3297s
 1811249 633171 -120004.68   68   99 -119985.00 -120848.32  0.72%  56.6 3300s
 1814048 634940 -120120.92   35  136 -119985.00 -120848.32  0.72%  56.6 3305s
 1816767 637140 -120244.87   72  102 -119985.00 -120848.32  0.72%  56.6 3310s
 1819174 638946 -120287.99   85   72 -119985.00 -120848.32  0.72%  56.6 3316s
 1821854 640533 -120320.39   43   79 -119985.00 -120848.32  0.72%  56.7 3320s
 1823876 642241 -120455.29   46   60 -119985.00 -120848.32  0.72%  56.7 3325s
 1825909 643294 -120122.79   68   65 -119985.00 -120848.32  0.72%  56.7 3330s
 1829366 645696     cutoff   97      -119985.00 -120848.32  0.72%  56.7 3335s
 1832129 647362 -120404.07   58   77 -119985.00 -120848.32  0.72%  56.8 3340s
 1834839 649465 -120139.54   40  143 -119985.00 -120848.32  0.72%  56.8 3345s
 1836894 651090 -120187.69   69   62 -119985.00 -120848.32  0.72%  56.8 3350s
 1839367 652857 -120145.64   63   35 -119985.00 -120848.32  0.72%  56.8 3355s
 1842309 654800 -120109.07   88   34 -119985.00 -120848.32  0.72%  56.9 3360s
 1845521 656895 -120149.93   70   67 -119985.00 -120848.32  0.72%  56.9 3366s
 1847747 658484 -120043.94  121   29 -119985.00 -120848.32  0.72%  56.9 3370s
 1850640 660534 -120250.91   34   72 -119985.00 -120848.32  0.72%  56.9 3375s
 1852880 661996 -119996.72   47   54 -119985.00 -120848.32  0.72%  57.0 3380s
 1855677 664304 -120258.51   75   48 -119985.00 -120848.32  0.72%  57.0 3385s
H1857221 584430                    -120037.0000 -120848.32  0.68%  57.0 3388s
 1858105 585395 -120365.12   44   73 -120037.00 -120848.32  0.68%  57.0 3390s
 1861380 587187 -120381.85   57   65 -120037.00 -120848.32  0.68%  57.0 3396s
 1863614 588704 -120473.82   37   63 -120037.00 -120848.32  0.68%  57.1 3400s
 1866462 590714 -120848.32   45   52 -120037.00 -120848.32  0.68%  57.1 3405s
 1869384 592602 -120275.31   40   78 -120037.00 -120848.32  0.68%  57.1 3410s
 1871713 594258 -120298.27   33   76 -120037.00 -120848.32  0.68%  57.1 3415s
 1874871 596383 -120337.74   76  118 -120037.00 -120848.32  0.68%  57.1 3420s
 1877876 598134 -120275.31   43   70 -120037.00 -120848.32  0.68%  57.2 3426s
 1879900 599885 -120099.66   86   77 -120037.00 -120848.32  0.68%  57.2 3430s
 1882743 601718 -120359.72   69   85 -120037.00 -120848.32  0.68%  57.2 3435s
 1885110 603261 -120641.41   52  102 -120037.00 -120848.32  0.68%  57.2 3440s
 1888104 605190 -120197.75   71   64 -120037.00 -120848.32  0.68%  57.2 3445s
 1890573 606914 -120463.28   32   78 -120037.00 -120848.32  0.68%  57.3 3450s
 1893175 608081 -120177.30   81   80 -120037.00 -120848.32  0.68%  57.3 3455s
 1896462 610214 -120307.05   72   77 -120037.00 -120848.32  0.68%  57.3 3461s
 1898713 611620 -120332.27   61  127 -120037.00 -120848.32  0.68%  57.3 3465s
 1901253 613203 -120071.83   77   90 -120037.00 -120848.32  0.68%  57.4 3471s
 1903541 614746 -120446.66   44   98 -120037.00 -120848.32  0.68%  57.4 3475s
 1905969 616407 -120520.59   55   67 -120037.00 -120848.32  0.68%  57.4 3481s
 1908520 618174 -120416.27   58  115 -120037.00 -120848.32  0.68%  57.5 3485s
 1910644 619457 -120848.32   30  106 -120037.00 -120848.32  0.68%  57.5 3491s
 1912291 620493 -120450.18   50   69 -120037.00 -120848.32  0.68%  57.5 3495s
 1915171 622478 -120154.76   89  104 -120037.00 -120848.32  0.68%  57.6 3501s
 1916724 623786 -120384.70   31   83 -120037.00 -120848.32  0.68%  57.6 3505s
 1919628 625631 -120629.70   46  132 -120037.00 -120848.32  0.68%  57.6 3510s
 1922497 627477 -120279.03   47   88 -120037.00 -120848.32  0.68%  57.7 3515s
 1924503 629701 -120102.72   69   51 -120037.00 -120848.32  0.68%  57.7 3521s
 1926942 630460 -120552.12   47  100 -120037.00 -120848.32  0.68%  57.7 3525s
 1929159 632031 -120541.05   64   60 -120037.00 -120848.32  0.68%  57.8 3530s
 1931361 633886 -120051.18   51   79 -120037.00 -120848.32  0.68%  57.8 3535s
 1934184 635363 -120189.42   87   83 -120037.00 -120848.32  0.68%  57.8 3540s
 1936345 637074 -120332.26   46  158 -120037.00 -120848.32  0.68%  57.8 3545s
 1938530 638318 -120224.48   53   71 -120037.00 -120848.32  0.68%  57.9 3550s
 1940681 639902     cutoff   46      -120037.00 -120848.32  0.68%  57.9 3555s
 1942982 641058 -120334.08   41   94 -120037.00 -120848.32  0.68%  58.0 3560s
 1945310 642553 -120334.08   44   90 -120037.00 -120848.32  0.68%  58.0 3565s
 1948049 644701 -120404.18   44   68 -120037.00 -120848.32  0.68%  58.1 3570s
 1950299 646180 -120095.69   42  130 -120037.00 -120848.32  0.68%  58.1 3575s
 1952986 648031 -120083.33   88   55 -120037.00 -120848.32  0.68%  58.1 3580s
 1956104 650124 -120394.23   64   94 -120037.00 -120848.32  0.68%  58.2 3585s
 1958577 651936 -120370.52   51   72 -120037.00 -120848.32  0.68%  58.2 3590s
 1961073 653460 -120317.55   77   57 -120037.00 -120848.32  0.68%  58.2 3595s
 1963124 655087 -120197.72   73   68 -120037.00 -120848.32  0.68%  58.2 3600s

Cutting planes:
  Gomory: 1
  Cover: 66
  Clique: 146
  MIR: 5
  StrongCG: 6
  Flow cover: 23
  RLT: 1

Explored 1963931 nodes (114358295 simplex iterations) in 3600.01 seconds (5527.27 work units)
Thread count was 4 (of 56 available processors)

Solution count 10: -120037 -119985 -119909 ... -119601

Time limit reached
Best objective -1.200370000000e+05, best bound -1.208480000000e+05, gap 0.6756%
