
Gurobi 9.5.0 (linux64) logging started Tue Mar 29 21:42:35 2022

Set parameter LogFile to value "/local_workspace/chenrui/LogFiles/MKAP/MKAP_20_200_10_4_objLB.log"
Gurobi Optimizer version 9.5.0 build v9.5.0rc5 (linux64)
Thread count: 56 physical cores, 56 logical processors, using up to 4 threads
Optimize a model with 421 rows, 4200 columns and 12400 nonzeros
Model fingerprint: 0x28b1f61f
Variable types: 0 continuous, 4200 integer (4200 binary)
Coefficient statistics:
  Matrix range     [1e+00, 5e+03]
  Objective range  [5e+00, 1e+03]
  Bounds range     [1e+00, 1e+00]
  RHS range        [1e+00, 9e+04]
Found heuristic solution: objective 0.0000000
Presolve removed 20 rows and 20 columns
Presolve time: 0.02s
Presolved: 401 rows, 4180 columns, 12360 nonzeros
Variable types: 0 continuous, 4180 integer (4180 binary)
Found heuristic solution: objective -40810.00000

Root relaxation: objective -8.631600e+04, 966 iterations, 0.02 seconds (0.02 work units)

    Nodes    |    Current Node    |     Objective Bounds      |     Work
 Expl Unexpl |  Obj  Depth IntInf | Incumbent    BestBd   Gap | It/Node Time

     0     0 -86316.000    0   71 -40810.000 -86316.000   112%     -    0s
H    0     0                    -80256.00000 -86316.000  7.55%     -    0s
H    0     0                    -81035.00000 -86316.000  6.52%     -    0s
H    0     0                    -83323.00000 -86316.000  3.59%     -    0s
     0     0 -86316.000    0  209 -83323.000 -86316.000  3.59%     -    0s
H    0     0                    -83845.00000 -86316.000  2.95%     -    0s
     0     0 -86316.000    0  211 -83845.000 -86316.000  2.95%     -    0s
     0     0 -86316.000    0   88 -83845.000 -86316.000  2.95%     -    0s
     0     0 -86316.000    0   87 -83845.000 -86316.000  2.95%     -    0s
     0     2 -86316.000    0   86 -83845.000 -86316.000  2.95%     -    0s
H   31    36                    -84101.00000 -86316.000  2.63%   113    0s
H  488   459                    -84226.00000 -86316.000  2.48%  38.3    1s
H  489   437                    -84531.00000 -86316.000  2.11%  38.4    1s
  1374  1032 -85714.142   67   67 -84531.000 -86293.477  2.09%  34.6    5s
H 2381  1803                    -84627.00000 -86293.477  1.97%  30.8    8s
  5478  4212 -85796.409  175   41 -84627.000 -86293.477  1.97%  16.8   10s
H15695 12340                    -84630.00000 -86293.477  1.97%  11.0   14s
 15697 12344 -86293.477   53   83 -84630.000 -86293.477  1.97%  11.0   15s
H15698 12079                    -84669.00000 -86293.477  1.92%  11.0   15s
H16615 11654                    -84888.00009 -86293.477  1.66%  10.8   16s
 21152 15066 -85106.534  178   87 -84888.000 -86293.477  1.66%  10.4   23s
 21158 15070 -86083.394  118   87 -84888.000 -86293.477  1.66%  10.4   25s
 21167 15076 -86291.156   54  158 -84888.000 -86293.108  1.66%  10.4   30s
 21184 15088 -85091.239  181  136 -84888.000 -86293.108  1.66%  11.3   35s
H21220 14360                    -85088.00000 -86293.108  1.42%  11.9   39s
 21319 14468 -86293.108   67   82 -85088.000 -86293.108  1.42%  12.0   40s
 32183 20722 infeasible  310      -85088.000 -86293.108  1.42%  10.7   45s
 49562 27343 -86097.192  129   70 -85088.000 -86293.108  1.42%   9.3   50s
 67425 35944 -86139.750  129   62 -85088.000 -86293.108  1.42%   8.5   55s
 84772 48914 -85433.573  149   28 -85088.000 -86293.108  1.42%   8.4   60s
 100680 60645 -86293.108  107   84 -85088.000 -86293.108  1.42%   8.2   65s
 117883 74021 -85980.264  120   49 -85088.000 -86293.108  1.42%   8.1   70s
H119267 64435                    -85191.00000 -86293.108  1.29%   8.1   70s
 136062 77012 -85865.532  136   36 -85191.000 -86293.108  1.29%   8.1   75s
 148319 86132 -86006.600  135   60 -85191.000 -86293.108  1.29%   8.0   80s
 165820 99558 -86092.488  126   59 -85191.000 -86293.108  1.29%   8.0   85s
 182456 112025 -85733.975  156   29 -85191.000 -86293.108  1.29%   7.9   90s
 198658 123224 -86245.226  120   65 -85191.000 -86293.108  1.29%   7.9   95s
 217881 137649 -85641.115  158   28 -85191.000 -86293.108  1.29%   7.8  100s
 236908 151763 -86291.262  113   79 -85191.000 -86293.108  1.29%   7.7  105s
 253477 163998 -85228.620  201   30 -85191.000 -86293.108  1.29%   7.7  110s
 270821 176648 -86247.228  122   64 -85191.000 -86293.108  1.29%   7.7  115s
 285128 189606 -85224.855  128   34 -85191.000 -86293.108  1.29%   7.8  120s
 303203 200354     cutoff  148      -85191.000 -86293.108  1.29%   7.8  125s
H318328 205675                    -85212.00000 -86293.108  1.27%   7.8  129s
 319642 206941 -85388.944  213   25 -85212.000 -86293.108  1.27%   7.8  130s
 336299 218710 -86231.171  111   67 -85212.000 -86293.108  1.27%   7.8  135s
H336457 176696                    -85356.00000 -86293.108  1.10%   7.8  135s
 353343 189327 -86226.223  115   62 -85356.000 -86293.108  1.10%   7.8  140s
 368342 199004 -85904.875  148   40 -85356.000 -86293.108  1.10%   7.9  145s
 383465 209362 -85357.273  158   33 -85356.000 -86293.108  1.10%   7.9  150s
 399878 220740 -86005.529  128   52 -85356.000 -86293.108  1.10%   8.0  155s
 414342 231086 -85849.147  146   44 -85356.000 -86293.108  1.10%   8.1  160s
 428090 240688 -86175.880  137   66 -85356.000 -86293.108  1.10%   8.1  165s
H436122 202218                    -85479.00000 -86293.108  0.95%   8.1  168s
 442647 206703 -85742.303  145   41 -85479.000 -86293.108  0.95%   8.2  170s
 458351 217046 -86216.203  141   68 -85479.000 -86293.108  0.95%   8.2  175s
 475205 227966 -85871.788  152   50 -85479.000 -86293.108  0.95%   8.3  180s
 491631 239119 -85901.812  147   32 -85479.000 -86293.108  0.95%   8.3  185s
 506304 248939 -85564.253  151   31 -85479.000 -86293.108  0.95%   8.3  190s
 523084 260038 -85552.979  141   35 -85479.000 -86293.108  0.95%   8.3  195s
 538195 270127 -85785.989  146   35 -85479.000 -86293.108  0.95%   8.4  200s
 554399 280862 -85698.845  133   46 -85479.000 -86293.108  0.95%   8.4  205s
 570277 291151 -86014.707  140   37 -85479.000 -86293.108  0.95%   8.5  210s
 584656 300946 -85686.260  158   28 -85479.000 -86293.108  0.95%   8.5  215s
 599336 310464 -85974.396  138   38 -85479.000 -86293.108  0.95%   8.6  220s
 613932 320506 -85529.756  157   36 -85479.000 -86293.108  0.95%   8.6  225s
 629134 331239 -85785.648  152   46 -85479.000 -86293.108  0.95%   8.7  230s
 644139 340779 -86202.859  127   71 -85479.000 -86293.108  0.95%   8.7  235s
 658661 350246 -86208.687  135   52 -85479.000 -86293.108  0.95%   8.7  240s
 673767 360408 -85952.228  142   50 -85479.000 -86293.108  0.95%   8.8  245s
 689408 369949 -85517.612  204   28 -85479.000 -86293.108  0.95%   8.8  250s
 702400 378851 -86005.373  151   56 -85479.000 -86293.108  0.95%   8.9  255s
 717293 388314 -86161.585  132   67 -85479.000 -86293.108  0.95%   8.9  260s
 733369 398384 -85535.334  141   48 -85479.000 -86293.108  0.95%   9.0  265s
 748364 407872 -85520.879  149   49 -85479.000 -86293.108  0.95%   9.0  270s
 764256 416982 -86065.512  130   53 -85479.000 -86293.108  0.95%   9.0  275s
 778376 426294 -85934.677  131   65 -85479.000 -86293.108  0.95%   9.0  280s
 793048 435877 -85766.038  126   83 -85479.000 -86293.108  0.95%   9.1  285s
 807335 445026 -86195.127  140   67 -85479.000 -86293.108  0.95%   9.1  290s
 823102 455123 -86293.108  133   73 -85479.000 -86293.108  0.95%   9.1  295s
 836991 463812     cutoff  151      -85479.000 -86293.108  0.95%   9.1  300s
 849738 471959 -86288.348  115   83 -85479.000 -86293.108  0.95%   9.2  305s
 864302 481994 -86091.333  139   47 -85479.000 -86293.108  0.95%   9.2  310s
 878421 491152 -86135.986  133   57 -85479.000 -86293.108  0.95%   9.2  315s
 894313 501992 -85852.882  155   28 -85479.000 -86293.108  0.95%   9.2  320s
 909329 512037 -86069.798  151   46 -85479.000 -86293.108  0.95%   9.3  325s
 924827 522175 -86196.408  134   63 -85479.000 -86293.108  0.95%   9.3  330s
 938786 530871 -85539.313  163   32 -85479.000 -86293.108  0.95%   9.3  335s
 952223 542209 -85769.811  124   57 -85479.000 -86293.108  0.95%   9.3  341s
 966159 549221 -86213.283  134   54 -85479.000 -86293.108  0.95%   9.4  345s
 980619 558978 -86132.230  142   58 -85479.000 -86293.108  0.95%   9.4  350s
 994341 567852 -85918.014  142   59 -85479.000 -86293.108  0.95%   9.4  355s
 1007041 576389 -85486.376  169   28 -85479.000 -86293.108  0.95%   9.4  360s
 1019205 583888 -85832.176  144   32 -85479.000 -86293.108  0.95%   9.5  365s
 1032742 592277 -85936.461  150   50 -85479.000 -86293.108  0.95%   9.5  370s
 1046902 601353 -85523.897  179   28 -85479.000 -86293.108  0.95%   9.5  375s
 1060577 610378 -85487.032  173   28 -85479.000 -86293.108  0.95%   9.5  380s
 1075922 619951 -85956.454  134   44 -85479.000 -86293.108  0.95%   9.5  385s
 1090211 629274 -86049.436  153   46 -85479.000 -86293.108  0.95%   9.6  390s
 1104920 638156 -86292.834  127  108 -85479.000 -86293.108  0.95%   9.6  395s
 1120170 647773 -85869.469  148   39 -85479.000 -86293.108  0.95%   9.6  400s
 1134745 656905 -85750.459  148   42 -85479.000 -86293.108  0.95%   9.6  405s
 1149870 666979 -86047.811  141   54 -85479.000 -86293.108  0.95%   9.6  410s
 1164489 677048 -86084.233  136   53 -85479.000 -86293.108  0.95%   9.6  415s
 1180454 687996 -85852.496  151   30 -85479.000 -86293.108  0.95%   9.6  420s
 1196625 698236 -86271.748  141   54 -85479.000 -86293.108  0.95%   9.6  425s
 1212786 707802 -85517.765  156   30 -85479.000 -86293.108  0.95%   9.6  430s
 1226859 717123 -85683.679  167   30 -85479.000 -86293.108  0.95%   9.6  435s
 1242768 726646 -85987.112  144   40 -85479.000 -86293.108  0.95%   9.6  440s
 1257849 737098 -85949.116  154   44 -85479.000 -86293.108  0.95%   9.6  445s
 1274148 747303 -86185.240  135   61 -85479.000 -86293.108  0.95%   9.6  450s
 1288143 756496 -86148.476  142   59 -85479.000 -86293.108  0.95%   9.6  455s
 1303760 767519 -86229.815  117   67 -85479.000 -86293.108  0.95%   9.7  460s
 1319368 777618 -85502.982  178   27 -85479.000 -86293.108  0.95%   9.7  465s
 1334157 786609 -86204.361  131   64 -85479.000 -86293.108  0.95%   9.7  470s
 1350456 797830 -86293.108  127   77 -85479.000 -86293.108  0.95%   9.7  475s
 1364224 807133     cutoff  176      -85479.000 -86293.108  0.95%   9.7  480s
 1374512 816638     cutoff  151      -85479.000 -86293.108  0.95%   9.7  485s
 1390499 824775 -85873.962  150   34 -85479.000 -86293.108  0.95%   9.7  490s
 1405017 834372 -86265.777  124   70 -85479.000 -86293.108  0.95%   9.7  495s
 1418983 843068 -85884.955  152   46 -85479.000 -86293.108  0.95%   9.8  500s
 1433577 852750 -86012.407  139   53 -85479.000 -86293.108  0.95%   9.8  505s
 1447585 861873 -86287.931  129   71 -85479.000 -86293.108  0.95%   9.8  510s
 1461450 870646     cutoff  140      -85479.000 -86293.108  0.95%   9.8  515s
 1475748 880133 -85966.368  141   48 -85479.000 -86293.108  0.95%   9.8  520s
 1490809 890159 -86157.783  137   56 -85479.000 -86293.108  0.95%   9.8  525s
 1506984 900787 -85647.812  150   39 -85479.000 -86293.108  0.95%   9.8  530s
 1522925 911225 -85737.969  147   31 -85479.000 -86293.108  0.95%   9.8  535s
 1540620 922715 -85855.222  156   31 -85479.000 -86293.108  0.95%   9.8  540s
 1556463 932815 -86149.684  133   49 -85479.000 -86293.108  0.95%   9.7  545s
 1571687 943452 -86239.445  135   59 -85479.000 -86293.108  0.95%   9.7  550s
 1586876 952943 -85740.356  140   48 -85479.000 -86293.108  0.95%   9.7  555s
 1603379 963578 -85698.667  147   37 -85479.000 -86293.108  0.95%   9.7  560s
 1615076 971184 -86108.805  132   53 -85479.000 -86293.108  0.95%   9.8  565s
 1626657 978637 -85611.121  155   29 -85479.000 -86293.108  0.95%   9.8  570s
 1641730 988326 -86215.106  122   86 -85479.000 -86293.108  0.95%   9.8  575s
 1653667 996308 -86246.312  135   66 -85479.000 -86293.108  0.95%   9.8  580s
 1668083 1005778 -85791.569  151   29 -85479.000 -86293.108  0.95%   9.8  585s
 1684001 1016283 -86264.619  137   73 -85479.000 -86293.108  0.95%   9.8  590s
 1699541 1026739 -86293.108  129   82 -85479.000 -86293.108  0.95%   9.8  595s
 1711909 1034792 -85513.448  145   33 -85479.000 -86293.108  0.95%   9.8  600s

Cutting planes:
  Gomory: 9
  Cover: 258
  Clique: 161
  MIR: 11
  StrongCG: 23
  Flow cover: 50
  GUB cover: 4
  Zero half: 2
  RLT: 3

Explored 1712230 nodes (16778016 simplex iterations) in 600.00 seconds (908.79 work units)
Thread count was 4 (of 56 available processors)

Solution count 10: -85479 -85356 -85212 ... -84531

Time limit reached
Best objective -8.547900000000e+04, best bound -8.629300000000e+04, gap 0.9523%
