
Gurobi 9.5.0 (linux64) logging started Fri Apr  1 03:36:56 2022

Set parameter LogFile to value "/local_workspace/chenrui/LogFiles/MKAP/MKAP_10_200_10_4_DWcutsT2.log"
Gurobi Optimizer version 9.5.0 build v9.5.0rc5 (linux64)
Thread count: 56 physical cores, 56 logical processors, using up to 4 threads
Optimize a model with 707 rows, 2100 columns and 12527 nonzeros
Model fingerprint: 0x2992d2a1
Variable types: 0 continuous, 2100 integer (2100 binary)
Coefficient statistics:
  Matrix range     [1e-13, 7e+03]
  Objective range  [3e+00, 1e+03]
  Bounds range     [1e+00, 1e+00]
  RHS range        [7e-09, 4e+02]
Warning: Model contains large matrix coefficient range
         Consider reformulating model or setting NumericFocus parameter
         to avoid numerical issues.
Found heuristic solution: objective 0.0000000
Presolve time: 0.02s
Presolved: 707 rows, 2100 columns, 12367 nonzeros
Variable types: 0 continuous, 2100 integer (2100 binary)
Found heuristic solution: objective -10899.00000

Root relaxation: objective -7.810802e+04, 7658 iterations, 0.35 seconds (0.47 work units)

    Nodes    |    Current Node    |     Objective Bounds      |     Work
 Expl Unexpl |  Obj  Depth IntInf | Incumbent    BestBd   Gap | It/Node Time

     0     0 -78108.016    0  304 -10899.000 -78108.016   617%     -    0s
H    0     0                    -52586.00000 -78108.016  48.5%     -    0s
H    0     0                    -55044.00000 -78108.016  41.9%     -    0s
H    0     0                    -63124.00000 -78108.016  23.7%     -    0s
H    0     0                    -63147.00000 -78108.016  23.7%     -    0s
H    0     0                    -74933.00000 -78108.016  4.24%     -    0s
     0     0 -78108.016    0  488 -74933.000 -78108.016  4.24%     -    0s
H    0     0                    -75089.00000 -78108.016  4.02%     -    0s
     0     0 -78108.016    0  405 -75089.000 -78108.016  4.02%     -    0s
     0     0 -78108.016    0  479 -75089.000 -78108.016  4.02%     -    1s
     0     0 -78108.016    0  477 -75089.000 -78108.016  4.02%     -    1s
H    0     0                    -75827.00000 -78108.016  3.01%     -    1s
H    0     0                    -75954.00000 -78108.016  2.84%     -    1s
H    0     2                    -75971.00000 -78108.016  2.81%     -    1s
     0     2 -78108.016    0  477 -75971.000 -78108.016  2.81%     -    1s
H   30    32                    -76139.00000 -78108.016  2.59%   443    1s
H   60    62                    -76309.00000 -78108.016  2.36%   344    2s
H   62    66                    -77759.00000 -78108.016  0.45%   337    2s
H   87    74                    -77814.00000 -78108.016  0.38%   269    2s
H   92    76                    -77836.00000 -78108.016  0.35%   266    2s
H  126    95                    -77948.00000 -78108.016  0.21%   276    2s
H  160   104                    -78094.00000 -78108.016  0.02%   277    3s
H  227   111                    -78108.00000 -78108.016  0.00%   258    3s

Cutting planes:
  Gomory: 6
  Cover: 432
  Clique: 438
  MIR: 33
  StrongCG: 38
  RLT: 4

Explored 236 nodes (73155 simplex iterations) in 3.83 seconds (5.45 work units)
Thread count was 4 (of 56 available processors)

Solution count 10: -78108 -78094 -77948 ... -75954
No other solutions better than -78108

Optimal solution found (tolerance 1.00e-04)
Best objective -7.810800000000e+04, best bound -7.810800000000e+04, gap 0.0000%
