
Gurobi 9.5.0 (linux64) logging started Tue Mar 29 17:34:58 2022

Set parameter LogFile to value "/local_workspace/chenrui/LogFiles/MKAP/MKAP_10_200_25_3_original.log"
Gurobi Optimizer version 9.5.0 build v9.5.0rc5 (linux64)
Thread count: 56 physical cores, 56 logical processors, using up to 4 threads
Optimize a model with 460 rows, 2250 columns and 4500 nonzeros
Model fingerprint: 0x41f5ade5
Variable types: 0 continuous, 2250 integer (2250 binary)
Coefficient statistics:
  Matrix range     [1e+00, 7e+03]
  Objective range  [2e+00, 1e+03]
  Bounds range     [1e+00, 1e+00]
  RHS range        [1e+00, 1e+00]
Found heuristic solution: objective 0.0000000
Presolve removed 10 rows and 10 columns
Presolve time: 0.01s
Presolved: 450 rows, 2240 columns, 4480 nonzeros
Variable types: 0 continuous, 2240 integer (2240 binary)
Found heuristic solution: objective -32132.00000

Root relaxation: objective -7.163338e+04, 1377 iterations, 0.01 seconds (0.01 work units)

    Nodes    |    Current Node    |     Objective Bounds      |     Work
 Expl Unexpl |  Obj  Depth IntInf | Incumbent    BestBd   Gap | It/Node Time

     0     0 -71633.376    0   55 -32132.000 -71633.376   123%     -    0s
H    0     0                    -42998.00000 -71633.376  66.6%     -    0s
H    0     0                    -44417.00000 -71633.376  61.3%     -    0s
     0     0 -71510.290    0  131 -44417.000 -71510.290  61.0%     -    0s
     0     0 -71333.655    0  127 -44417.000 -71333.655  60.6%     -    0s
H    0     0                    -44445.00000 -71305.441  60.4%     -    0s
     0     0 -71076.242    0  167 -44445.000 -71076.242  59.9%     -    0s
     0     0 -71076.242    0   76 -44445.000 -71076.242  59.9%     -    0s
H    0     2                    -44539.00000 -71076.242  59.6%     -    0s
     0     2 -71076.242    0   73 -44539.000 -71076.242  59.6%     -    0s
H   33    40                    -44628.00000 -70931.502  58.9%  74.3    0s
H   72    76                    -44736.00000 -70931.502  58.6%  45.2    0s
H  121   131                    -44760.00000 -70931.502  58.5%  35.0    0s
H 1192  1160                    -44989.00000 -70859.947  57.5%  19.5    0s
H 1202  1164                    -45225.00000 -70859.947  56.7%  20.9    1s
H 1214  1113                    -45274.00000 -48370.755  6.84%  21.0    1s
* 1229  1067              24    -45316.00010 -45316.000  0.00%  23.9    1s

Cutting planes:
  Gomory: 56
  Cover: 38
  Clique: 29
  MIR: 4
  StrongCG: 10
  Flow cover: 7
  Zero half: 13
  RLT: 1

Explored 1229 nodes (35167 simplex iterations) in 1.84 seconds (1.72 work units)
Thread count was 4 (of 56 available processors)

Solution count 10: -45316 -45274 -45225 ... -44445
No other solutions better than -45316

Optimal solution found (tolerance 1.00e-04)
Warning: max constraint violation (5.9164e-06) exceeds tolerance
Best objective -4.531600032101e+04, best bound -4.531600032101e+04, gap 0.0000%
