
Gurobi 9.5.0 (linux64) logging started Fri Apr  1 04:10:18 2022

Set parameter LogFile to value "/local_workspace/chenrui/LogFiles/MKAP/MKAP_20_200_10_4_DWcutsT1.log"
Gurobi Optimizer version 9.5.0 build v9.5.0rc5 (linux64)
Thread count: 56 physical cores, 56 logical processors, using up to 4 threads
Optimize a model with 797 rows, 4200 columns and 16317 nonzeros
Model fingerprint: 0x32fd236e
Variable types: 0 continuous, 4200 integer (4200 binary)
Coefficient statistics:
  Matrix range     [2e-12, 5e+03]
  Objective range  [5e+00, 1e+03]
  Bounds range     [1e+00, 1e+00]
  RHS range        [2e-13, 1e+00]
Warning: Model contains large matrix coefficient range
         Consider reformulating model or setting NumericFocus parameter
         to avoid numerical issues.
Found heuristic solution: objective 0.0000000
Presolve removed 158 rows and 15 columns
Presolve time: 0.03s
Presolved: 639 rows, 4185 columns, 13282 nonzeros
Variable types: 0 continuous, 4185 integer (4185 binary)
Found heuristic solution: objective -59690.00000

Root relaxation: objective -8.631682e+04, 4071 iterations, 0.07 seconds (0.07 work units)

    Nodes    |    Current Node    |     Objective Bounds      |     Work
 Expl Unexpl |  Obj  Depth IntInf | Incumbent    BestBd   Gap | It/Node Time

     0     0 -86316.820    0   64 -59690.000 -86316.820  44.6%     -    0s
H    0     0                    -80944.00000 -86316.820  6.64%     -    0s
H    0     0                    -82209.00000 -86316.820  5.00%     -    0s
     0     0 -86316.820    0  210 -82209.000 -86316.820  5.00%     -    0s
H    0     0                    -82315.00000 -86316.820  4.86%     -    0s
     0     0 -86316.820    0  192 -82315.000 -86316.820  4.86%     -    0s
     0     0 -86316.820    0   96 -82315.000 -86316.820  4.86%     -    0s
     0     0 -86316.820    0  131 -82315.000 -86316.820  4.86%     -    0s
H    0     0                    -83439.00000 -86316.820  3.45%     -    0s
     0     0 -86316.820    0   97 -83439.000 -86316.820  3.45%     -    1s
     0     0 -86316.820    0   64 -83439.000 -86316.820  3.45%     -    1s
     0     2 -86316.820    0   64 -83439.000 -86316.820  3.45%     -    1s
H   28    33                    -83554.00000 -86316.820  3.31%   190    2s
H   30    33                    -83558.00000 -86316.820  3.30%   188    2s
H   30    33                    -83833.00000 -86316.820  2.96%   188    2s
H  333   337                    -84407.00000 -86316.820  2.26%  51.7    3s
H  397   585                    -84494.00000 -86316.820  2.16%  45.7    4s
   584  1133 -85686.660  120   36 -84494.000 -86316.820  2.16%  33.4    5s
H  612  1133                    -84834.00000 -86316.820  1.75%  31.9    5s
H 1809  2021                    -84906.00000 -86316.820  1.66%  25.0    5s
H 2351  1922                    -85020.00046 -86301.501  1.51%  31.5    8s
  2358  1927 -85290.949  117  108 -85020.000 -86301.501  1.51%  31.4   10s
H 3392  2470                    -85140.00000 -86301.501  1.36%  39.0   14s
  3393  2477 -86145.421   96   79 -85140.000 -86301.501  1.36%  39.1   15s
H 4481  3032                    -85366.00000 -86301.501  1.10%  37.0   15s
 12561  8555 -86111.821  103   83 -85366.000 -86301.501  1.10%  23.3   20s
 21493 14432 -85961.270  105   64 -85366.000 -86301.501  1.10%  20.2   31s
 21503 14439 -85973.889  137  195 -85366.000 -86301.501  1.10%  20.2   35s
 21511 14444 -85369.064  216  217 -85366.000 -86301.501  1.10%  20.2   41s
 21520 14455 -86301.501   37  200 -85366.000 -86301.501  1.10%  21.9   45s
 21674 14621 -86301.501   57  106 -85366.000 -86301.501  1.10%  22.8   50s
 23939 16164 -86300.324  103  100 -85366.000 -86301.501  1.10%  25.3   55s
 31346 18747 -86207.378   62   90 -85366.000 -86301.501  1.10%  24.3   60s
 38936 21851 -86052.030   71   75 -85366.000 -86301.501  1.10%  24.8   65s
H42139 22064                    -85405.00002 -86301.501  1.05%  24.7   67s
H44237 19928                    -85492.00004 -86301.501  0.95%  24.8   69s
 45783 20117 -85554.330   91   34 -85492.000 -86301.501  0.95%  24.7   70s
 54753 23105 -86301.501   83   95 -85492.000 -86301.501  0.95%  24.7   75s
 62789 26385 -86301.501   61   98 -85492.000 -86301.501  0.95%  25.2   80s
 69222 31425 -85802.970   90   53 -85492.000 -86301.501  0.95%  25.8   85s
 75908 36308 -85680.418  147   42 -85492.000 -86301.501  0.95%  26.8   90s
 84809 42529 -86301.501   85  105 -85492.000 -86301.501  0.95%  27.4   95s
 91953 47207 -86222.214   70  116 -85492.000 -86301.501  0.95%  27.8  100s
 99380 52481 -86301.501   88   88 -85492.000 -86301.501  0.95%  28.1  105s
 104159 55811 -86088.317  103   63 -85492.000 -86301.501  0.95%  28.7  110s
 110150 60267 -85925.403  126   38 -85492.000 -86301.501  0.95%  29.5  115s
 117566 65216 -86156.674   97   79 -85492.000 -86301.501  0.95%  29.7  120s
 124915 70413 -86039.224   88   64 -85492.000 -86301.501  0.95%  30.4  125s
 131499 74740 -86270.024   80  100 -85492.000 -86301.501  0.95%  30.7  130s
 137785 79844 -86213.558   61  110 -85492.000 -86301.501  0.95%  31.1  135s
H142362 78754                    -85528.00000 -86301.501  0.90%  31.4  138s
 144503 80632 -86162.619   91   98 -85528.000 -86301.501  0.90%  31.6  140s
 151298 85660 -86032.545  109   77 -85528.000 -86301.501  0.90%  31.9  145s
 156880 89597 -85922.225   79   79 -85528.000 -86301.501  0.90%  32.1  150s
 160975 92873 -86159.439  106   77 -85528.000 -86301.501  0.90%  32.6  155s
 167901 97237 -85753.648  113   88 -85528.000 -86301.501  0.90%  33.0  160s
 173702 101447 -86149.023   97   86 -85528.000 -86301.501  0.90%  33.5  165s
 179460 105511 -86256.878   93  112 -85528.000 -86301.501  0.90%  33.9  170s
 185214 109715 -86081.120   97   67 -85528.000 -86301.501  0.90%  34.4  175s
 190038 114366 -86267.671   69  127 -85528.000 -86301.501  0.90%  34.6  180s
 197153 118310 -86099.420   87   98 -85528.000 -86301.501  0.90%  35.0  185s
 203186 122448 -86152.134   82   86 -85528.000 -86301.501  0.90%  35.2  190s
 208922 126409 -85818.408  112   54 -85528.000 -86301.501  0.90%  35.6  195s
 213871 130229 -85947.053  104   83 -85528.000 -86301.501  0.90%  35.9  200s
 219888 134469 -86156.109   91   80 -85528.000 -86301.501  0.90%  36.2  205s
 225279 137997 -85694.233   92   36 -85528.000 -86301.501  0.90%  36.4  210s
 229840 141134     cutoff  125      -85528.000 -86301.501  0.90%  36.7  215s
 234683 144691 -85981.174   99   67 -85528.000 -86301.501  0.90%  37.2  220s
 239973 148140 -85932.478   91   64 -85528.000 -86301.501  0.90%  37.7  225s
 244067 151210 -86228.467   87  126 -85528.000 -86301.501  0.90%  38.0  230s
 249276 154737 -86281.885   81  133 -85528.000 -86301.501  0.90%  38.5  235s
 251668 156643 -86281.885   78  138 -85528.000 -86301.501  0.90%  38.8  240s
 261222 163032 -85751.723  118   32 -85528.000 -86301.501  0.90%  38.6  245s
 265135 165802 -86301.501   82  108 -85528.000 -86301.501  0.90%  38.6  250s
 275680 172785 -86206.076   86   96 -85528.000 -86301.501  0.90%  38.2  255s
 285151 178975 -86136.924   79   90 -85528.000 -86301.501  0.90%  38.0  260s
 290071 183047 -86301.501   82   88 -85528.000 -86301.501  0.90%  38.2  265s
 296248 188169 -85628.043   86   60 -85528.000 -86301.501  0.90%  38.0  270s
 305318 193747 -85970.071   99   55 -85528.000 -86301.501  0.90%  37.8  275s
 311063 197806 -85969.353   74   76 -85528.000 -86301.501  0.90%  37.8  280s
 317489 202381 -86101.875   91   57 -85528.000 -86301.501  0.90%  37.8  285s
 324208 207672 -85776.548  147   40 -85528.000 -86301.501  0.90%  37.8  290s
 330870 212310 -86299.707   66  118 -85528.000 -86301.501  0.90%  37.9  295s
 337700 217485 -86301.501   52  145 -85528.000 -86301.501  0.90%  37.9  300s
 343815 222003 -86212.758   77   72 -85528.000 -86301.501  0.90%  38.1  305s
 349126 226028 -85912.936   95   72 -85528.000 -86301.501  0.90%  38.3  310s
 353503 229555 -85880.428   79   74 -85528.000 -86301.501  0.90%  38.5  315s
 358249 232403 -86188.718   69   99 -85528.000 -86301.501  0.90%  38.6  320s
 363897 236686 -86281.885   87  109 -85528.000 -86301.501  0.90%  38.7  325s
 369641 241205 -85623.171  104   48 -85528.000 -86301.501  0.90%  38.7  330s
 373439 243732 -85638.652  121   35 -85528.000 -86301.501  0.90%  38.9  335s
 378485 247398 -85532.301   92  139 -85528.000 -86301.501  0.90%  39.2  340s
 381822 252567 -85834.733   91   84 -85528.000 -86301.501  0.90%  39.3  347s
 387922 254951 -85667.301  117   29 -85528.000 -86301.501  0.90%  39.4  350s
 395246 259399     cutoff   82      -85528.000 -86301.501  0.90%  39.3  355s
 398905 262545 -85969.353   74  108 -85528.000 -86301.501  0.90%  39.4  360s
 405638 267521 -86033.374   75  146 -85528.000 -86301.501  0.90%  39.5  365s
 408960 270243 -86184.755   74   92 -85528.000 -86301.501  0.90%  39.7  370s
 412503 272799 -86301.501   46  211 -85528.000 -86301.501  0.90%  40.0  375s
 416727 275752 -86205.235   71  114 -85528.000 -86301.501  0.90%  40.2  380s
 421948 279373 -85921.666   94  119 -85528.000 -86301.501  0.90%  40.3  385s
 425384 284283 -85678.141  104   40 -85528.000 -86301.501  0.90%  40.5  393s
 429941 285566 -85916.570   75   86 -85528.000 -86301.501  0.90%  40.8  395s
 433612 288533 -85831.095   85   91 -85528.000 -86301.501  0.90%  40.9  400s
 437312 291224 -86160.070   67  162 -85528.000 -86301.501  0.90%  41.1  405s
 441246 294020 -86101.075   85  166 -85528.000 -86301.501  0.90%  41.4  410s
 443724 296201 -86073.615   86   64 -85528.000 -86301.501  0.90%  41.6  415s
 449491 300213 -86301.501   43  259 -85528.000 -86301.501  0.90%  41.7  420s
 454193 303892 -86143.827   94   90 -85528.000 -86301.501  0.90%  41.7  425s
 459391 307740 -85613.901   61  171 -85528.000 -86301.501  0.90%  41.8  430s
 464822 312043 -85738.207   80   45 -85528.000 -86301.501  0.90%  41.9  435s
 470632 315999 -86207.473   64  113 -85528.000 -86301.501  0.90%  41.8  440s
 476280 319911 -86250.561   50  184 -85528.000 -86301.501  0.90%  41.8  445s
 478294 321281 -85632.049   58  190 -85528.000 -86301.501  0.90%  42.1  450s
 480905 323480 -85641.423   61  160 -85528.000 -86301.501  0.90%  42.5  455s
 483569 325543 -86301.501   55  215 -85528.000 -86301.501  0.90%  42.8  460s
 487110 328645 -86301.501   51  180 -85528.000 -86301.501  0.90%  42.9  465s
 492687 332266 -85699.754   79  116 -85528.000 -86301.501  0.90%  42.8  470s
 498835 336493 -85913.370  105   70 -85528.000 -86301.501  0.90%  42.7  475s
 503581 339598 -86301.501   54  222 -85528.000 -86301.501  0.90%  42.7  480s
 509065 344035 -86261.095   96  118 -85528.000 -86301.501  0.90%  42.8  485s
 514341 347651 -86276.440   64  179 -85528.000 -86301.501  0.90%  42.7  490s
 516896 349497 -86301.501   52  180 -85528.000 -86301.501  0.90%  42.9  495s
 518997 351533 -86082.691   84  101 -85528.000 -86301.501  0.90%  43.2  500s
 522176 354055 -85619.688   62  197 -85528.000 -86301.501  0.90%  43.4  505s
 525584 356204     cutoff  108      -85528.000 -86301.501  0.90%  43.7  512s
 526998 357847 -85589.948   66  167 -85528.000 -86301.501  0.90%  43.8  515s
 530748 360487 -86277.739   68  210 -85528.000 -86301.501  0.90%  44.0  520s
 533476 362497 -85927.429  120   97 -85528.000 -86301.501  0.90%  44.3  525s
 537528 365808 -85983.848  100   85 -85528.000 -86301.501  0.90%  44.6  530s
 541610 368635     cutoff   91      -85528.000 -86301.501  0.90%  44.7  535s
 545845 371492 -85621.472  134   57 -85528.000 -86301.501  0.90%  44.9  540s
 548776 373654 -86173.530   78  115 -85528.000 -86301.501  0.90%  45.2  545s
 553098 376623 -86191.659   63  151 -85528.000 -86301.501  0.90%  45.3  550s
 555516 378740     cutoff  126      -85528.000 -86301.501  0.90%  45.5  556s
 557835 380668 -85568.854  141   52 -85528.000 -86301.501  0.90%  45.7  560s
 559663 382172 -86301.501   61  218 -85528.000 -86301.501  0.90%  45.9  565s
 562615 384527 -85900.737  106   99 -85528.000 -86301.501  0.90%  46.0  570s
 567737 387985 -85651.222   66  225 -85528.000 -86301.501  0.90%  46.1  575s
 570749 390146 -86192.418   61  172 -85528.000 -86301.501  0.90%  46.2  580s
 573995 392586 -86278.204   66  165 -85528.000 -86301.501  0.90%  46.3  585s
 577323 395048 -85949.339   81  143 -85528.000 -86301.501  0.90%  46.6  590s
 581117 397764 -86210.209  107  117 -85528.000 -86301.501  0.90%  46.8  595s
 583982 399986 -85834.684  109   47 -85528.000 -86301.501  0.90%  47.0  600s

Cutting planes:
  Gomory: 5
  Cover: 1126
  Clique: 469
  MIR: 98
  StrongCG: 96
  Flow cover: 166
  GUB cover: 2
  Inf proof: 1
  Zero half: 26
  RLT: 15
  Relax-and-lift: 2

Explored 584802 nodes (27493369 simplex iterations) in 600.01 seconds (863.51 work units)
Thread count was 4 (of 56 available processors)

Solution count 10: -85528 -85492 -85405 ... -84407

Time limit reached
Best objective -8.552800000000e+04, best bound -8.630100000000e+04, gap 0.9038%
