
Gurobi 9.5.0 (linux64) logging started Tue Mar 29 12:29:51 2022

Set parameter LogFile to value "/local_workspace/chenrui/LogFiles/MKAP/MKAP_10_300_10_1_original.log"
Gurobi Optimizer version 9.5.0 build v9.5.0rc5 (linux64)
Thread count: 56 physical cores, 56 logical processors, using up to 4 threads
Optimize a model with 410 rows, 3100 columns and 6200 nonzeros
Model fingerprint: 0x89549d91
Variable types: 0 continuous, 3100 integer (3100 binary)
Coefficient statistics:
  Matrix range     [1e+00, 1e+04]
  Objective range  [2e+00, 1e+03]
  Bounds range     [1e+00, 1e+00]
  RHS range        [1e+00, 1e+00]
Found heuristic solution: objective 0.0000000
Presolve removed 10 rows and 10 columns
Presolve time: 0.01s
Presolved: 400 rows, 3090 columns, 6180 nonzeros
Variable types: 0 continuous, 3090 integer (3090 binary)
Found heuristic solution: objective -60375.00000

Root relaxation: objective -1.185849e+05, 1117 iterations, 0.01 seconds (0.01 work units)

    Nodes    |    Current Node    |     Objective Bounds      |     Work
 Expl Unexpl |  Obj  Depth IntInf | Incumbent    BestBd   Gap | It/Node Time

     0     0 -118584.88    0   33 -60375.000 -118584.88  96.4%     -    0s
H    0     0                    -113797.0000 -118584.88  4.21%     -    0s
H    0     0                    -115002.0000 -118584.88  3.12%     -    0s
H    0     0                    -115006.0000 -118584.88  3.11%     -    0s
H    0     0                    -115321.0000 -118584.88  2.83%     -    0s
H    0     0                    -115372.0000 -117789.25  2.10%     -    0s
     0     0 -117789.25    0   74 -115372.00 -117789.25  2.10%     -    0s
     0     0 -117789.25    0   69 -115372.00 -117789.25  2.10%     -    0s
H    0     0                    -115394.0000 -117785.75  2.07%     -    0s
H    0     0                    -115498.0000 -117785.75  1.98%     -    0s
     0     0 -117785.75    0   92 -115498.00 -117785.75  1.98%     -    0s
     0     0 -117785.75    0   47 -115498.00 -117785.75  1.98%     -    0s
     0     2 -117785.75    0   40 -115498.00 -117785.75  1.98%     -    0s
H  797   461                    -116127.0000 -117785.75  1.43%  16.0    1s
H 3027  1276                    -116513.0000 -117750.63  1.06%  14.5    2s
H 8081  4253                    -116533.0000 -117729.85  1.03%  12.9    3s
 17420  9779 -116855.36  106   10 -116533.00 -117726.35  1.02%  12.9    5s
H21281 11003                    -116619.0000 -117726.35  0.95%  12.4    8s
H21287 10457                    -116637.0000 -117726.35  0.93%  12.4    9s
H21291  9935                    -116654.0000 -117726.35  0.92%  12.4    9s
 21293  9937 -116654.00   85  172 -116654.00 -117726.35  0.92%  12.4   10s
H21295  9441                    -116786.0000 -117726.35  0.81%  12.4   10s
H21305  8975                    -116848.0000 -117726.35  0.75%  12.4   13s
 21314  8981 -117421.11   40  391 -116848.00 -117643.66  0.68%  12.4   15s
 21340  9000 -117578.33   27  527 -116848.00 -117582.74  0.63%  14.6   21s
 21353  9010 -117266.07   30   93 -116848.00 -117561.30  0.61%  14.8   25s
H21797  8676                    -116884.0000 -117558.10  0.58%  16.1   28s
H21839  8216                    -116990.0000 -117558.10  0.49%  16.2   28s
 21973  8277 -117367.54   57  323 -116990.00 -117545.04  0.47%  17.2   30s
 23353  8823 -117398.04   43  373 -116990.00 -117515.78  0.45%  23.2   35s
 24644  9268 -117214.40   34  228 -116990.00 -117503.27  0.44%  30.7   40s
 26220  9875 -117273.12   41  166 -116990.00 -117488.97  0.43%  37.0   45s
 27594 10049 -117026.37   46  429 -116990.00 -117480.83  0.42%  43.3   50s
 29189 10560     cutoff   47      -116990.00 -117472.58  0.41%  49.4   55s
 31268 10739 -117464.44   38  172 -116990.00 -117465.79  0.41%  55.7   60s
 31513 10685 -117253.43   50  551 -116990.00 -117465.79  0.41%  56.8   65s
 31541 10704 -117232.28   52  428 -116990.00 -117465.79  0.41%  56.7   70s
 31566 10720 -117213.01   47  457 -116990.00 -117397.39  0.35%  56.7   75s
 31596 10740 -117211.94   75  808 -116990.00 -117306.17  0.27%  56.6   80s
 31623 10760 -117156.99   70  597 -116990.00 -117299.33  0.26%  58.3   85s
 31628 10766 -117294.04   52  798 -116990.00 -117294.04  0.26%  58.9   92s
 31630 10769 -117292.77   53  772 -116990.00 -117292.77  0.26%  58.9   95s
 31634 10771 -117292.13   54  895 -116990.00 -117292.13  0.26%  58.9  102s
 31638 10772 -117152.26   54  651 -116990.00 -117291.75  0.26%  59.0  105s
 31642 10772 -117291.32   55  945 -116990.00 -117291.32  0.26%  59.0  113s
 31650 10780 -117290.38   56   14 -116990.00 -117290.38  0.26%  59.0  115s
 31795 10784     cutoff   71      -116990.00 -117287.49  0.25%  59.0  120s
 32163 10893     cutoff   90      -116990.00 -117284.06  0.25%  59.3  125s
 32727 11093 -117113.86   83   11 -116990.00 -117252.79  0.22%  59.4  130s
 34999 11469 -117104.98   81  355 -116990.00 -117227.54  0.20%  59.7  135s
 37724 11649 -117167.32   73  244 -116990.00 -117211.85  0.19%  60.6  140s
 40803 11877 -117160.36   69   11 -116990.00 -117198.81  0.18%  60.8  145s
 43633 11900 -117075.80   79    9 -116990.00 -117189.20  0.17%  61.1  150s
 47111 11789 -117107.42   79  762 -116990.00 -117180.80  0.16%  61.3  155s
 50271 11801 -117083.89   82  213 -116990.00 -117175.26  0.16%  61.8  160s
 52483 11768 -117043.62   81  311 -116990.00 -117170.51  0.15%  61.9  165s
 55986 11437 -117077.16   86    8 -116990.00 -117165.00  0.15%  62.2  170s
 59908 11026 -117120.84   82  429 -116990.00 -117159.15  0.14%  62.2  175s
 63138 10666 -117048.15   76  226 -116990.00 -117155.10  0.14%  62.2  180s
 66228 10990 -117131.46   69  316 -116990.00 -117151.84  0.14%  62.3  185s
 69278 11546 -117055.05   87  465 -116990.00 -117147.87  0.13%  62.3  190s
 73009 12140 -117135.37   69  397 -116990.00 -117143.51  0.13%  62.2  195s
 76275 12682 -117088.16   85  387 -116990.00 -117140.27  0.13%  62.1  200s
 79718 13080 -117054.97   84    8 -116990.00 -117136.31  0.13%  62.3  205s
 83280 13603 -117060.77   82  286 -116990.00 -117132.84  0.12%  62.3  210s
 86220 13871 -117053.04   85    8 -116990.00 -117129.71  0.12%  62.0  215s
 89605 14145     cutoff   70      -116990.00 -117126.66  0.12%  62.1  220s
 92766 14392 -117058.09   93  214 -116990.00 -117123.14  0.11%  62.2  225s
 95743 14544 -117038.30   82  397 -116990.00 -117120.27  0.11%  62.3  230s
 98695 14650 -117088.01   83    6 -116990.00 -117117.53  0.11%  62.3  235s
 101824 14872 -117059.03   71  167 -116990.00 -117115.16  0.11%  62.2  240s
 105714 15050 -117089.31   83  365 -116990.00 -117112.31  0.10%  62.2  245s
 108640 15182 -117049.22   77    8 -116990.00 -117109.97  0.10%  62.1  250s
 111466 15290 -117095.81   80  243 -116990.00 -117107.76  0.10%  62.2  255s
 114187 15255 -117083.61   82  333 -116990.00 -117105.63  0.10%  62.1  260s
 118036 15277     cutoff   88      -116990.00 -117102.01  0.10%  62.1  265s
 121475 15224 -117085.83   82  566 -116990.00 -117099.17  0.09%  62.1  270s
 124521 15173 -117083.82   75  462 -116990.00 -117096.34  0.09%  62.1  275s
 127998 15041 -117072.06   76   12 -116990.00 -117093.17  0.09%  62.2  280s
 131524 14888 -117021.85   75   12 -116990.00 -117090.41  0.09%  62.2  285s
 133868 14717     cutoff   74      -116990.00 -117088.13  0.08%  62.3  290s
 136569 14475 -117078.33   84    7 -116990.00 -117085.83  0.08%  62.4  295s
 139487 14298 -117048.53   77  452 -116990.00 -117083.75  0.08%  62.4  300s
 142834 14009 -117015.07   77  389 -116990.00 -117081.06  0.08%  62.5  305s
 145881 13747     cutoff   78      -116990.00 -117078.59  0.08%  62.6  310s
 149549 13426 -117014.83   82   11 -116990.00 -117075.70  0.07%  62.7  315s
 152703 12964 -117053.30   82   10 -116990.00 -117073.16  0.07%  62.7  320s
 156438 12431 -117047.95   97  300 -116990.00 -117069.94  0.07%  62.7  325s
 159280 11972     cutoff   87      -116990.00 -117067.52  0.07%  62.7  330s
 162449 11428     cutoff   65      -116990.00 -117064.43  0.06%  62.7  335s
 166315 10625     cutoff   83      -116990.00 -117060.65  0.06%  62.7  340s
 169316  9921     cutoff   96      -116990.00 -117057.44  0.06%  62.7  345s
 172651  9125 -117021.50   74  300 -116990.00 -117054.08  0.05%  62.7  350s
 176333  7998     cutoff   76      -116990.00 -117049.33  0.05%  62.7  355s
 179667  7006     cutoff   83      -116990.00 -117044.83  0.05%  62.6  360s
 183982  5518     cutoff   87      -116990.00 -117038.19  0.04%  62.4  365s
 187299  4262 -117010.55   90  356 -116990.00 -117032.44  0.04%  62.3  370s
 192448  2242 -117016.16   73    7 -116990.00 -117019.09  0.02%  61.9  376s

Cutting planes:
  Gomory: 185
  Cover: 312
  Clique: 855
  MIR: 30
  StrongCG: 50
  Flow cover: 199
  Zero half: 17
  RLT: 21

Explored 195566 nodes (12010631 simplex iterations) in 379.75 seconds (645.01 work units)
Thread count was 4 (of 56 available processors)

Solution count 10: -116990 -116884 -116848 ... -116127

Optimal solution found (tolerance 1.00e-04)
Best objective -1.169900000000e+05, best bound -1.169929915758e+05, gap 0.0026%
