
Gurobi 9.5.0 (linux64) logging started Tue Apr  5 07:03:46 2022

Set parameter LogFile to value "/local_workspace/chenrui/LogFiles/MKAP/MKAP_20_300_10_6_objLB_1h.log"
Gurobi Optimizer version 9.5.0 build v9.5.0rc5 (linux64)
Thread count: 56 physical cores, 56 logical processors, using up to 4 threads
Optimize a model with 521 rows, 6200 columns and 18400 nonzeros
Model fingerprint: 0x94932a31
Variable types: 0 continuous, 6200 integer (6200 binary)
Coefficient statistics:
  Matrix range     [1e+00, 5e+03]
  Objective range  [6e+00, 1e+03]
  Bounds range     [1e+00, 1e+00]
  RHS range        [1e+00, 1e+05]
Found heuristic solution: objective 0.0000000
Presolve removed 20 rows and 20 columns
Presolve time: 0.03s
Presolved: 501 rows, 6180 columns, 18360 nonzeros
Variable types: 0 continuous, 6180 integer (6180 binary)
Found heuristic solution: objective -73654.00000

Root relaxation: objective -1.221110e+05, 1176 iterations, 0.02 seconds (0.03 work units)

    Nodes    |    Current Node    |     Objective Bounds      |     Work
 Expl Unexpl |  Obj  Depth IntInf | Incumbent    BestBd   Gap | It/Node Time

     0     0 -122111.00    0   66 -73654.000 -122111.00  65.8%     -    0s
H    0     0                    -115281.0000 -122111.00  5.92%     -    0s
H    0     0                    -117842.0000 -122111.00  3.62%     -    0s
     0     0 -122111.00    0  285 -117842.00 -122111.00  3.62%     -    0s
H    0     0                    -118314.0000 -122111.00  3.21%     -    0s
     0     0 -122111.00    0  281 -118314.00 -122111.00  3.21%     -    0s
     0     0 -122111.00    0  126 -118314.00 -122111.00  3.21%     -    1s
     0     0 -122111.00    0   68 -118314.00 -122111.00  3.21%     -    1s
     0     2 -122111.00    0   68 -118314.00 -122111.00  3.21%     -    1s
H   31    36                    -119634.0000 -122111.00  2.07%   212    1s
H   35    40                    -119640.0000 -122111.00  2.07%   191    2s
H   37    40                    -119735.0000 -122111.00  1.98%   182    2s
H  995  1028                    -119873.0000 -122111.00  1.87%  66.5    3s
H 1906  1680                    -119897.0000 -122111.00  1.85%  70.3    4s
H 1907  1596                    -120017.0000 -122111.00  1.74%  70.2    4s
H 1907  1516                    -120035.0000 -122109.90  1.73%  70.2    5s
H 1917  1448                    -120107.0000 -122107.72  1.67%  75.9    6s
H 1957  1404                    -120131.0000 -122107.72  1.65%  81.9    9s
H 1958  1335                    -120202.0000 -122107.72  1.59%  81.9    9s
  1971  1362 -122107.72   33   70 -120202.00 -122107.72  1.59%  81.5   10s
H 1975  1294                    -120205.0000 -122107.72  1.58%  81.4   10s
H 2804  1774                    -120229.0000 -122107.72  1.56%  63.1   11s
H 2810  2631                    -120516.0000 -122107.72  1.32%  63.0   12s
H 4218  2293                    -120590.0000 -122107.72  1.26%  43.8   12s
H 4256  2194                    -120606.0000 -122107.72  1.25%  43.6   12s
H 5448  3013                    -120654.0000 -122107.72  1.20%  35.6   13s
H 5575  2937                    -120720.0000 -122107.72  1.15%  34.8   13s
H 7097  3971                    -120786.0000 -122107.72  1.09%  28.4   13s
  9981  6895 -122107.19   54  116 -120786.00 -122107.72  1.09%  22.8   15s
H14898 10250                    -120813.0000 -122107.72  1.07%  18.1   18s
 19453 14180 -120834.64  180   29 -120813.00 -122107.72  1.07%  16.6   20s
 21306 15198 -121383.91  209   68 -120813.00 -122107.72  1.07%  16.0   29s
 21309 15200 -121239.78  191   55 -120813.00 -122107.72  1.07%  16.0   30s
 21318 15206 -121499.43  141  105 -120813.00 -122107.03  1.07%  15.9   35s
 21324 15210 -121097.24  224   85 -120813.00 -122106.66  1.07%  15.9   40s
 21329 15213 -122099.44  133  107 -120813.00 -122106.66  1.07%  15.9   45s
 21340 15222 -121081.41  221  162 -120813.00 -122106.66  1.07%  17.1   50s
 21346 15226 -122001.07  109   88 -120813.00 -122106.66  1.07%  17.1   55s
 21457 15305 -122106.66   64   91 -120813.00 -122106.66  1.07%  18.2   60s
 22760 16322 -122064.40  223   80 -120813.00 -122106.66  1.07%  18.1   65s
 27253 19480 -122052.83  729   75 -120813.00 -122106.66  1.07%  17.5   70s
 37086 25035 -122102.00  254   82 -120813.00 -122106.66  1.07%  15.7   75s
 45718 28963 -121557.60  167   52 -120813.00 -122106.66  1.07%  14.0   80s
 63751 38090 -121950.19  131   50 -120813.00 -122106.66  1.07%  12.2   85s
 84784 53562 -121108.11  478   24 -120813.00 -122106.66  1.07%  10.8   90s
 102874 67047 -121685.43  144   50 -120813.00 -122106.66  1.07%  10.5   95s
 116918 78251 -121236.87  201   29 -120813.00 -122106.66  1.07%  10.3  100s
 132053 90314 -122064.81   99   73 -120813.00 -122106.66  1.07%  10.3  105s
 143510 100022 -121934.33  118   72 -120813.00 -122106.66  1.07%  10.4  110s
 147175 102892 -120929.50  176   30 -120813.00 -122106.66  1.07%  10.5  115s
 166115 117955 -121857.92  114   72 -120813.00 -122106.66  1.07%  10.4  120s
 181546 130282 -121388.40  137   47 -120813.00 -122106.66  1.07%  10.4  125s
 197474 143251 -121163.12  246   27 -120813.00 -122106.66  1.07%  10.3  130s
 208646 152042 -120955.37  102   70 -120813.00 -122106.66  1.07%  10.4  135s
 220722 161811 -121487.92  124   52 -120813.00 -122106.66  1.07%  10.3  140s
 235338 173904 -121163.40  346   17 -120813.00 -122106.66  1.07%  10.3  145s
 251749 186928 -120869.11  316   18 -120813.00 -122106.66  1.07%  10.1  150s
 264138 196816 -120827.78  274   24 -120813.00 -122106.66  1.07%  10.1  155s
H269192 133050                    -121124.0000 -122106.66  0.81%  10.1  157s
 272366 135996 -122065.19  111   76 -121124.00 -122106.66  0.81%  10.2  160s
 284277 144906 -122009.06  114   71 -121124.00 -122106.66  0.81%  10.3  165s
 298194 155271 -121719.59  160   35 -121124.00 -122106.66  0.81%  10.4  170s
 309489 163791 -121202.93  148   38 -121124.00 -122106.66  0.81%  10.5  175s
 316767 169349 -121397.14  126   50 -121124.00 -122106.66  0.81%  10.6  180s
 327960 177775 -121608.00  164   33 -121124.00 -122106.66  0.81%  10.7  185s
 344033 190073 -121845.99  105   77 -121124.00 -122106.66  0.81%  10.7  190s
 358517 200276 -122106.66   78  101 -121124.00 -122106.66  0.81%  10.7  195s
 370185 209392 -121846.43  121   64 -121124.00 -122106.66  0.81%  10.7  200s
 383226 219296 -121964.80  134   54 -121124.00 -122106.66  0.81%  10.7  205s
 397051 229385 -121602.05  128   32 -121124.00 -122106.66  0.81%  10.8  210s
H403681 197512                    -121229.0000 -122106.66  0.72%  10.8  213s
 406233 199947 -122024.89   85   87 -121229.00 -122106.66  0.72%  10.8  215s
 417379 207815 -121787.65  124   60 -121229.00 -122106.66  0.72%  10.9  220s
 428402 216674 -121552.07  113   54 -121229.00 -122106.66  0.72%  10.9  225s
 443096 226726 -121240.08  217   25 -121229.00 -122106.66  0.72%  11.0  231s
 453054 235035 -121773.67  129   57 -121229.00 -122106.66  0.72%  11.0  235s
 468094 245525 -121460.59   93   74 -121229.00 -122106.66  0.72%  11.1  240s
H469636 234048                    -121260.0000 -122106.66  0.70%  11.1  241s
H471264 225355                    -121286.0000 -122106.66  0.68%  11.1  243s
 473057 226866 -121330.71  195   29 -121286.00 -122106.66  0.68%  11.1  245s
 486711 236661 -121509.65  102   74 -121286.00 -122106.66  0.68%  11.2  250s
 498896 244737 -122000.93  103   88 -121286.00 -122106.66  0.68%  11.3  256s
 508456 251881 -122067.48  122   90 -121286.00 -122106.66  0.68%  11.4  260s
H516595 237998                    -121331.0000 -122106.66  0.64%  11.4  263s
 516757 240846 -121455.49  189   28 -121331.00 -122106.66  0.64%  11.4  265s
 527610 246097 -121774.98  112   75 -121331.00 -122106.66  0.64%  11.5  270s
 536293 252526 -121895.13  102   88 -121331.00 -122106.66  0.64%  11.6  275s
 548594 261068 -122106.66   96   90 -121331.00 -122106.66  0.64%  11.7  280s
 554481 264845 -121786.84  111   77 -121331.00 -122106.66  0.64%  11.7  285s
 567552 274936     cutoff  151      -121331.00 -122106.66  0.64%  11.8  290s
 582242 284798 -121766.81  130   56 -121331.00 -122106.66  0.64%  11.9  295s
H583137 270220                    -121363.0000 -122106.66  0.61%  11.9  296s
 591211 276505 -121778.00  106   79 -121363.00 -122106.66  0.61%  11.9  300s
 601528 284088 -121430.07   92   98 -121363.00 -122106.66  0.61%  11.9  305s
 615342 293948 -122061.16  103   74 -121363.00 -122106.66  0.61%  12.0  310s
 625146 300825 -121908.94  103   81 -121363.00 -122106.66  0.61%  12.0  315s
 637796 309820 -121972.89  114   80 -121363.00 -122106.66  0.61%  12.1  320s
 650074 318652     cutoff  138      -121363.00 -122106.66  0.61%  12.1  325s
 659702 325391 -121709.76  111   69 -121363.00 -122106.66  0.61%  12.1  330s
 672205 334228 -121523.72  118   70 -121363.00 -122106.66  0.61%  12.2  335s
 682932 341581 -121508.40  112   70 -121363.00 -122106.66  0.61%  12.3  340s
 693783 349622 -121783.54  108   74 -121363.00 -122106.66  0.61%  12.3  345s
 700206 353799 -121553.47  124   62 -121363.00 -122106.66  0.61%  12.4  350s
 708963 360474 -121585.46   95   86 -121363.00 -122106.66  0.61%  12.4  355s
 723818 370762 -121775.74  124   46 -121363.00 -122106.66  0.61%  12.4  360s
 736485 379905 -121853.54  104   68 -121363.00 -122106.66  0.61%  12.5  365s
 748242 388816 -121412.33  135   52 -121363.00 -122106.66  0.61%  12.5  370s
 758496 396363 -121999.17   98   84 -121363.00 -122106.66  0.61%  12.6  375s
 768911 403416 -121412.37  119   70 -121363.00 -122106.66  0.61%  12.6  380s
 780149 412011 -121411.89  115   86 -121363.00 -122106.66  0.61%  12.6  385s
 791400 420170 -121890.50   94   82 -121363.00 -122106.66  0.61%  12.6  390s
 800865 426910 -121437.00  149   34 -121363.00 -122106.66  0.61%  12.7  395s
 815500 437688 -121560.01  163   37 -121363.00 -122106.66  0.61%  12.7  400s
 825863 444943 -121509.54  107   83 -121363.00 -122106.66  0.61%  12.7  405s
 834529 450767 -121687.54  122   75 -121363.00 -122106.66  0.61%  12.7  410s
 846793 460396 -122106.66   97  104 -121363.00 -122106.66  0.61%  12.8  415s
 862234 471283 -121631.10  119   58 -121363.00 -122106.66  0.61%  12.8  421s
 872389 478976 -122059.65  112   74 -121363.00 -122106.66  0.61%  12.8  425s
 879788 484229 -121654.88  102   95 -121363.00 -122106.66  0.61%  12.8  430s
 895041 495340 -121886.86  102   76 -121363.00 -122106.66  0.61%  12.8  435s
 909241 505597 -121846.73   97   85 -121363.00 -122106.66  0.61%  12.8  440s
 920360 513960 -121669.52  134   62 -121363.00 -122106.66  0.61%  12.8  445s
 933036 523268 -121808.56  118   44 -121363.00 -122106.66  0.61%  12.8  450s
 944773 531929 -121371.27  158   31 -121363.00 -122106.66  0.61%  12.8  455s
 955701 539932 -121652.88  108   73 -121363.00 -122106.66  0.61%  12.8  460s
 967213 547717 -121366.49  147   32 -121363.00 -122106.66  0.61%  12.9  465s
 981278 558161 -122069.67  112   73 -121363.00 -122106.66  0.61%  12.9  470s
 991438 565435 -121533.09  141   52 -121363.00 -122106.66  0.61%  12.9  475s
 1002103 573075 -121794.55  134   49 -121363.00 -122106.66  0.61%  12.9  480s
 1013209 581232 -121669.73  100   96 -121363.00 -122106.66  0.61%  12.9  485s
 1023854 588866 -121597.48   99   94 -121363.00 -122106.66  0.61%  13.0  490s
 1033970 595773 -121440.86  134   57 -121363.00 -122106.66  0.61%  13.0  495s
H1033972 567815                    -121387.0000 -122106.66  0.59%  13.0  495s
 1042480 574699 -122006.92  142   52 -121387.00 -122106.66  0.59%  13.0  500s
 1050040 580112 -121427.24  142   34 -121387.00 -122106.66  0.59%  13.0  505s
 1062548 589007 -121987.10  102   68 -121387.00 -122106.66  0.59%  13.1  510s
 1070107 594322 -121785.97  131   39 -121387.00 -122106.66  0.59%  13.1  515s
 1082916 603365 -121787.24   93   93 -121387.00 -122106.66  0.59%  13.1  520s
 1094223 610808 -121557.16  116   85 -121387.00 -122106.66  0.59%  13.1  525s
 1105193 618932 -121520.04  130   53 -121387.00 -122106.66  0.59%  13.2  530s
 1115395 626196 -121908.56   95   97 -121387.00 -122106.66  0.59%  13.2  535s
 1125988 633698 -121517.77  103   91 -121387.00 -122106.66  0.59%  13.2  540s
 1136202 640728 -121505.20  242   24 -121387.00 -122106.66  0.59%  13.2  545s
 1146903 647885 -121464.10  124   40 -121387.00 -122106.66  0.59%  13.3  550s
 1156523 655072 -121419.64  147   34 -121387.00 -122106.66  0.59%  13.3  555s
 1164900 661134 -122052.48  118   82 -121387.00 -122106.66  0.59%  13.3  560s
 1173735 667627 -121395.17  136   40 -121387.00 -122106.66  0.59%  13.3  565s
 1185409 676197 -121400.41  124   78 -121387.00 -122106.66  0.59%  13.4  570s
 1196585 684092 -122034.83  121   66 -121387.00 -122106.66  0.59%  13.4  575s
 1207017 691416 -121401.78  136   62 -121387.00 -122106.66  0.59%  13.4  580s
 1217799 699157     cutoff  156      -121387.00 -122106.66  0.59%  13.4  585s
 1225927 705531 -121879.75  107   80 -121387.00 -122106.66  0.59%  13.4  590s
 1234654 711830     cutoff  136      -121387.00 -122106.66  0.59%  13.5  595s
 1246170 719312 -121403.23  151   35 -121387.00 -122106.66  0.59%  13.5  600s
H1249426 668726                    -121423.0000 -122106.66  0.56%  13.5  601s
H1249527 660784                    -121429.0000 -122106.66  0.56%  13.5  602s
 1255185 664930 -121455.91  144   38 -121429.00 -122106.66  0.56%  13.5  605s
 1264909 671477 -122071.42  116   71 -121429.00 -122106.66  0.56%  13.5  610s
 1275910 678900 -121432.20  147   40 -121429.00 -122106.66  0.56%  13.6  615s
 1284759 684567 -121436.80  127   71 -121429.00 -122106.66  0.56%  13.6  620s
 1295561 692547 -121619.41  212   31 -121429.00 -122106.66  0.56%  13.6  625s
 1307386 702659 -121516.40  132   62 -121429.00 -122106.66  0.56%  13.6  631s
 1318053 708133 -121926.75  130   71 -121429.00 -122106.66  0.56%  13.7  635s
 1328379 714659 -121680.02  137   45 -121429.00 -122106.66  0.56%  13.7  640s
 1340478 723246 -122106.66   97  101 -121429.00 -122106.66  0.56%  13.7  645s
 1351223 730820 -121961.73  115   81 -121429.00 -122106.66  0.56%  13.7  650s
 1358405 735529 -122106.66  104   84 -121429.00 -122106.66  0.56%  13.7  655s
 1370651 744262 -121941.21  113   83 -121429.00 -122106.66  0.56%  13.7  660s
 1382099 752330 -121859.74  103   90 -121429.00 -122106.66  0.56%  13.8  665s
 1392621 759084 -121646.22  140   46 -121429.00 -122106.66  0.56%  13.8  670s
 1403903 767156 -121819.55  114   69 -121429.00 -122106.66  0.56%  13.8  675s
 1413319 773608 -121528.92  124   81 -121429.00 -122106.66  0.56%  13.8  680s
 1425161 782164 -121789.11  100   95 -121429.00 -122106.66  0.56%  13.8  685s
 1434032 788664 -121517.65  127   64 -121429.00 -122106.66  0.56%  13.8  690s
 1443594 795488 -121821.48  131   52 -121429.00 -122106.66  0.56%  13.9  695s
 1455480 803427 -122106.66   98  104 -121429.00 -122106.66  0.56%  13.9  700s
 1466255 811101 -121676.50   95   84 -121429.00 -122106.66  0.56%  13.9  705s
 1476820 818398 -121548.01  132   40 -121429.00 -122106.66  0.56%  13.9  710s
 1485676 825165 -121448.64  168   32 -121429.00 -122106.66  0.56%  13.9  715s
 1498041 832881 -121722.77  119   59 -121429.00 -122106.66  0.56%  13.9  720s
 1507836 839962 -121475.21  128   49 -121429.00 -122106.66  0.56%  13.9  725s
 1517668 847117 -121967.87  132   74 -121429.00 -122106.66  0.56%  13.9  730s
 1527260 853165 -121431.90  139   41 -121429.00 -122106.66  0.56%  14.0  735s
 1538398 861418 -122106.66  100   98 -121429.00 -122106.66  0.56%  14.0  740s
 1548171 867931 -121560.17  118   82 -121429.00 -122106.66  0.56%  14.0  745s
 1558429 874852 -121499.94  165   30 -121429.00 -122106.66  0.56%  14.0  750s
 1568516 881543 -121563.83  120   80 -121429.00 -122106.66  0.56%  14.0  755s
 1578599 888507 -121541.40  228   27 -121429.00 -122106.66  0.56%  14.0  760s
 1589082 895438 -121942.62  105   98 -121429.00 -122106.66  0.56%  14.0  765s
 1599922 902681 -121779.10  113   99 -121429.00 -122106.66  0.56%  14.0  770s
 1610909 909744 -121709.71  148   33 -121429.00 -122106.66  0.56%  14.0  775s
 1620916 916843 -121953.48  107   83 -121429.00 -122106.66  0.56%  14.1  780s
 1632569 925257 -121501.98  127   71 -121429.00 -122106.66  0.56%  14.1  785s
 1641530 931072 -121589.62  133   35 -121429.00 -122106.66  0.56%  14.1  790s
 1653461 938576 -121519.21  128   42 -121429.00 -122106.66  0.56%  14.1  795s
 1662912 945201 -121867.38  109   89 -121429.00 -122106.66  0.56%  14.1  800s
 1676106 954251 -121637.62  174   29 -121429.00 -122106.66  0.56%  14.1  805s
 1684234 959801 -121740.71  137   55 -121429.00 -122106.66  0.56%  14.1  810s
 1696822 968168 -121977.02  115   60 -121429.00 -122106.66  0.56%  14.1  815s
 1707346 975590 -121658.44  133   76 -121429.00 -122106.66  0.56%  14.1  820s
 1717598 982562 -121527.54  110   73 -121429.00 -122106.66  0.56%  14.1  825s
 1729535 990791 -121502.78  248   25 -121429.00 -122106.66  0.56%  14.2  830s
 1738925 996819 -121864.04  126   74 -121429.00 -122106.66  0.56%  14.2  835s
 1746466 1001885 -121855.84  107   97 -121429.00 -122106.66  0.56%  14.2  840s
 1758852 1010099     cutoff  112      -121429.00 -122106.66  0.56%  14.2  845s
 1769206 1017481 -121476.49  144   29 -121429.00 -122106.66  0.56%  14.2  850s
 1779650 1024596 -122106.66  115   99 -121429.00 -122106.66  0.56%  14.2  855s
 1790440 1031470 -121784.47  124   77 -121429.00 -122106.66  0.56%  14.2  860s
 1803014 1040150 -121821.70  110   71 -121429.00 -122106.66  0.56%  14.2  865s
 1813106 1047355 -121859.83  130   69 -121429.00 -122106.66  0.56%  14.2  870s
 1826093 1055917 -121993.16  116   54 -121429.00 -122106.66  0.56%  14.2  875s
 1836695 1062583 -122030.22  128   57 -121429.00 -122106.66  0.56%  14.2  880s
 1845313 1068685 -121464.90  142   30 -121429.00 -122106.66  0.56%  14.3  885s
 1853433 1074095 -122033.22  112   95 -121429.00 -122106.66  0.56%  14.3  890s
 1865430 1082405 -121620.35  122   51 -121429.00 -122106.66  0.56%  14.3  895s
 1872808 1087549 -121667.78  132   40 -121429.00 -122106.66  0.56%  14.3  900s
 1882238 1094000 -121537.54  171   31 -121429.00 -122106.66  0.56%  14.3  905s
 1894107 1101836     cutoff  144      -121429.00 -122106.66  0.56%  14.3  911s
 1903434 1109033 -121656.07  168   29 -121429.00 -122106.66  0.56%  14.3  915s
 1911439 1114699 -121822.39  107   96 -121429.00 -122106.66  0.56%  14.4  920s
 1924295 1123284 -121616.00  134   65 -121429.00 -122106.66  0.56%  14.4  925s
 1933034 1129895 -121659.42  125   81 -121429.00 -122106.66  0.56%  14.4  930s
 1939691 1134596 -121721.07  119   66 -121429.00 -122106.66  0.56%  14.4  935s
 1948343 1140905 -121610.42  174   28 -121429.00 -122106.66  0.56%  14.4  940s
 1958143 1147408 -122064.81   97   90 -121429.00 -122106.66  0.56%  14.4  945s
 1968435 1154476 -122106.66   82  119 -121429.00 -122106.66  0.56%  14.5  950s
 1976760 1159800 -122022.77   94  106 -121429.00 -122106.66  0.56%  14.5  955s
 1983457 1165036 -122106.66   97  105 -121429.00 -122106.66  0.56%  14.5  960s
 1995681 1173845 -121823.17  107   63 -121429.00 -122106.66  0.56%  14.5  965s
 2005580 1180613 -121476.41  142   40 -121429.00 -122106.66  0.56%  14.5  970s
 2014298 1186722 -121577.73  106   79 -121429.00 -122106.66  0.56%  14.5  975s
 2025217 1193981     cutoff  143      -121429.00 -122106.66  0.56%  14.6  980s
 2034487 1200766 -121881.14  144   58 -121429.00 -122106.66  0.56%  14.6  985s
 2044209 1207873 -121577.84  130   54 -121429.00 -122106.66  0.56%  14.6  990s
 2053472 1214274 -121468.12  136   29 -121429.00 -122106.66  0.56%  14.6  995s
 2062058 1220591 -121687.55  134   70 -121429.00 -122106.66  0.56%  14.6 1000s
 2073006 1228306 -121610.80  121   55 -121429.00 -122106.66  0.56%  14.6 1005s
 2082280 1234668 -121715.91  135   65 -121429.00 -122106.66  0.56%  14.6 1010s
 2090737 1240258 -121785.56   84  106 -121429.00 -122106.66  0.56%  14.7 1015s
 2099767 1246469 -121834.47  107   95 -121429.00 -122106.66  0.56%  14.7 1020s
 2111886 1254124 -121493.05  192   27 -121429.00 -122106.66  0.56%  14.7 1025s
 2122887 1261375 -121595.99  127   52 -121429.00 -122106.66  0.56%  14.7 1030s
 2131940 1268037 -121598.99  152   33 -121429.00 -122106.66  0.56%  14.7 1035s
 2142642 1275184 -122106.66   89  117 -121429.00 -122106.66  0.56%  14.7 1040s
 2153355 1281919 -122007.89  122   76 -121429.00 -122106.66  0.56%  14.7 1045s
 2161592 1287751 -122106.66  109   89 -121429.00 -122106.66  0.56%  14.7 1050s
 2170812 1293641 -121799.42  130   61 -121429.00 -122106.66  0.56%  14.7 1055s
 2182730 1302508 -121432.49  116   69 -121429.00 -122106.66  0.56%  14.8 1060s
 2192412 1309089 -122025.17   90   90 -121429.00 -122106.66  0.56%  14.8 1065s
 2198695 1313586 -121476.21  145   52 -121429.00 -122106.66  0.56%  14.8 1070s
 2208322 1319869 -121654.75  142   30 -121429.00 -122106.66  0.56%  14.8 1075s
 2219412 1327417     cutoff  105      -121429.00 -122106.66  0.56%  14.8 1080s
 2229778 1334557 -121457.62  132   63 -121429.00 -122106.66  0.56%  14.8 1085s
 2238660 1340634 -121476.60  130   77 -121429.00 -122106.66  0.56%  14.8 1090s
 2247787 1347356 -121589.05  155   30 -121429.00 -122106.66  0.56%  14.8 1095s
 2256173 1353201 -121857.28  147   38 -121429.00 -122106.66  0.56%  14.8 1100s
 2267154 1360514 -121880.90   99   86 -121429.00 -122106.66  0.56%  14.8 1105s
 2276061 1368316 -121446.44  145   36 -121429.00 -122106.66  0.56%  14.9 1110s
 2286581 1373901 -122106.66   79  118 -121429.00 -122106.66  0.56%  14.9 1115s
 2298303 1381628 -121504.92  154   45 -121429.00 -122106.66  0.56%  14.9 1120s
 2307734 1388239 -121464.18  123   60 -121429.00 -122106.66  0.56%  14.9 1125s
 2318295 1395498 -121904.92  112   83 -121429.00 -122106.66  0.56%  14.9 1130s
 2326788 1400615     cutoff  126      -121429.00 -122106.66  0.56%  14.9 1135s
 2337020 1407655 -121764.35  130   70 -121429.00 -122106.66  0.56%  14.9 1140s
 2348397 1415650 -121910.58  109   81 -121429.00 -122106.66  0.56%  14.9 1145s
 2358280 1422665 -121486.25  198   28 -121429.00 -122106.66  0.56%  14.9 1150s
 2370709 1430814 -121949.82  121   70 -121429.00 -122106.66  0.56%  14.9 1155s
 2381337 1437472 -121971.54  108   77 -121429.00 -122106.66  0.56%  14.9 1160s
 2392385 1444978 -122097.54  100  106 -121429.00 -122106.66  0.56%  14.9 1165s
 2404231 1452504     cutoff  123      -121429.00 -122106.66  0.56%  14.9 1170s
 2414788 1459525 -122106.66  122   85 -121429.00 -122106.66  0.56%  14.9 1175s
 2426509 1467282 -121430.74  229   26 -121429.00 -122106.66  0.56%  14.9 1180s
 2436283 1474113 -121598.69  134   52 -121429.00 -122106.66  0.56%  14.9 1185s
 2445987 1480429 -121971.54   98   78 -121429.00 -122106.66  0.56%  14.9 1190s
 2460395 1489968 -121448.23  130   64 -121429.00 -122106.66  0.56%  14.9 1195s
 2471799 1497356 -122106.66  100  102 -121429.00 -122106.66  0.56%  14.9 1200s
H2473764 1168476                    -121534.0001 -122106.66  0.47%  14.9 1201s
 2475976 1169805 -121998.69  112   68 -121534.00 -122106.66  0.47%  14.9 1205s
 2475987 1169812 -121670.09  115  148 -121534.00 -122106.18  0.47%  14.9 1210s
 2475993 1169816 -121971.54  112  155 -121534.00 -122106.18  0.47%  14.9 1215s
 2475999 1169823 -122106.18   67   88 -121534.00 -122106.18  0.47%  14.9 1220s
 2476210 1169975 -122106.18   87  130 -121534.00 -122106.18  0.47%  14.9 1225s
 2477672 1170798     cutoff  279      -121534.00 -122106.18  0.47%  14.9 1230s
 2482958 1173443 -121741.07  264   66 -121534.00 -122106.18  0.47%  14.9 1235s
 2486556 1176915 -121854.12  429   67 -121534.00 -122106.18  0.47%  14.9 1240s
 2495690 1179221 -121717.98  308   44 -121534.00 -122106.18  0.47%  14.9 1245s
 2504349 1183055 -121556.29   96  113 -121534.00 -122106.18  0.47%  14.9 1250s
 2512971 1187345 -121765.65  191   54 -121534.00 -122106.18  0.47%  14.8 1255s
 2520614 1190552 -121560.30  139   66 -121534.00 -122106.18  0.47%  14.8 1260s
 2528643 1194969 -121673.12  303   35 -121534.00 -122106.18  0.47%  14.9 1265s
 2537045 1198493 -122071.48  104  110 -121534.00 -122106.18  0.47%  14.9 1270s
 2544257 1201605 -121934.91  145   52 -121534.00 -122106.18  0.47%  14.9 1275s
 2552024 1205153 -121557.44  170   39 -121534.00 -122106.18  0.47%  14.9 1280s
 2560071 1209207 -122068.15  112  133 -121534.00 -122106.18  0.47%  14.9 1285s
 2567490 1212359 -122068.34  153   65 -121534.00 -122106.18  0.47%  15.0 1290s
 2574171 1215281 -121959.04   95  164 -121534.00 -122106.18  0.47%  15.0 1295s
 2580780 1218316 -121989.89  141   70 -121534.00 -122106.18  0.47%  15.0 1300s
 2587968 1221772 -122088.66  106  123 -121534.00 -122106.18  0.47%  15.0 1305s
 2596042 1225176 -122105.67  115  158 -121534.00 -122106.18  0.47%  15.0 1310s
 2602332 1227800 -121930.50  150   53 -121534.00 -122106.18  0.47%  15.1 1315s
 2611625 1231691 -121631.23  143  102 -121534.00 -122106.18  0.47%  15.1 1320s
 2618673 1234678 -121607.81  209   28 -121534.00 -122106.18  0.47%  15.1 1325s
 2625141 1237791 -122039.73  120  122 -121534.00 -122106.18  0.47%  15.1 1330s
 2632494 1240652 -121890.67  187   37 -121534.00 -122106.18  0.47%  15.2 1335s
 2638723 1243911 -122005.80  141  100 -121534.00 -122106.18  0.47%  15.2 1340s
 2646496 1247097 -121700.25  158   64 -121534.00 -122106.18  0.47%  15.2 1345s
 2653818 1250104 -121937.30  144   78 -121534.00 -122106.18  0.47%  15.3 1350s
 2662201 1253472 -122100.82  115  108 -121534.00 -122106.18  0.47%  15.3 1355s
 2668091 1256064 -121811.41  133   74 -121534.00 -122106.18  0.47%  15.3 1360s
 2676899 1259024 -121816.25  146   71 -121534.00 -122106.18  0.47%  15.4 1365s
 2681676 1260964 -121604.11  177   34 -121534.00 -122106.18  0.47%  15.4 1370s
 2687899 1262595 -122003.71  150   51 -121534.00 -122106.18  0.47%  15.4 1376s
 2694920 1265998 -121993.03  136   67 -121534.00 -122106.18  0.47%  15.4 1380s
 2702994 1269550 -122003.77  126  109 -121534.00 -122106.18  0.47%  15.5 1385s
 2710912 1272848 -121887.27  123   80 -121534.00 -122106.18  0.47%  15.5 1390s
 2717657 1275912 -121925.54  112   88 -121534.00 -122106.18  0.47%  15.6 1395s
 2724842 1279169 -121796.72  147   64 -121534.00 -122106.18  0.47%  15.6 1400s
 2732070 1282222 -121974.13  106  131 -121534.00 -122106.18  0.47%  15.6 1405s
 2739414 1285368 -122091.33  103  165 -121534.00 -122106.18  0.47%  15.6 1410s
 2746828 1288701 -122004.43  123  105 -121534.00 -122106.18  0.47%  15.7 1415s
 2754548 1292050 -122062.35  158   88 -121534.00 -122106.18  0.47%  15.7 1420s
 2761857 1295400 -121703.92  143   61 -121534.00 -122106.18  0.47%  15.7 1425s
 2768719 1298011 -121971.47  136   92 -121534.00 -122106.18  0.47%  15.8 1430s
 2776346 1300746 -121749.53  148   58 -121534.00 -122106.18  0.47%  15.8 1435s
 2782826 1303418 -121853.10  132   95 -121534.00 -122106.18  0.47%  15.8 1440s
 2788934 1305794 -121981.95  108  169 -121534.00 -122106.18  0.47%  15.8 1445s
 2796146 1309233 -121808.93  213   30 -121534.00 -122106.18  0.47%  15.9 1450s
 2804304 1312511 -122088.66  126  120 -121534.00 -122106.18  0.47%  15.9 1455s
 2811096 1315608 -122000.55  104  181 -121534.00 -122106.18  0.47%  15.9 1460s
 2818140 1318433 -122004.89  125  142 -121534.00 -122106.18  0.47%  16.0 1465s
 2824960 1321081 -122011.64  135  126 -121534.00 -122106.18  0.47%  16.0 1470s
 2833379 1323794 -121549.38  171   32 -121534.00 -122106.18  0.47%  16.0 1475s
 2840790 1327342 -121726.75  167   43 -121534.00 -122106.18  0.47%  16.0 1480s
 2848543 1330345 -122056.49  157   77 -121534.00 -122106.18  0.47%  16.0 1485s
 2854328 1332720 -121915.93  138   78 -121534.00 -122106.18  0.47%  16.1 1490s
 2859500 1334831 -121548.58  151   77 -121534.00 -122106.18  0.47%  16.1 1495s
 2866776 1337352 -122103.82  130  111 -121534.00 -122106.18  0.47%  16.1 1500s
 2874900 1340797 -122101.48  127   82 -121534.00 -122106.18  0.47%  16.2 1505s
 2883239 1343320 -121771.50  147   50 -121534.00 -122106.18  0.47%  16.2 1510s
 2890968 1346163 -121560.16  238   33 -121534.00 -122106.18  0.47%  16.2 1515s
 2896190 1348200     cutoff  106      -121534.00 -122106.18  0.47%  16.2 1520s
 2903346 1350832 -121779.12  137   72 -121534.00 -122106.18  0.47%  16.3 1525s
 2909807 1353330 -122088.66  103  128 -121534.00 -122106.18  0.47%  16.3 1530s
 2916992 1356064 -122015.03  107  144 -121534.00 -122106.18  0.47%  16.3 1535s
 2924256 1359025 -121995.99  150   86 -121534.00 -122106.18  0.47%  16.4 1540s
 2930940 1361888 -122006.69  155   94 -121534.00 -122106.18  0.47%  16.4 1545s
 2938087 1364798 -122080.16  106  126 -121534.00 -122106.18  0.47%  16.4 1550s
 2945693 1367458 -122057.35  119  116 -121534.00 -122106.18  0.47%  16.5 1555s
 2952164 1370332 -122080.16  125   98 -121534.00 -122106.18  0.47%  16.5 1560s
 2958285 1372726 -121542.59  215   37 -121534.00 -122106.18  0.47%  16.5 1565s
 2964969 1375008 -121614.40  192   37 -121534.00 -122106.18  0.47%  16.6 1570s
 2974955 1377991     cutoff  153      -121534.00 -122106.18  0.47%  16.5 1575s
 2985091 1381482 -122064.78  115  138 -121534.00 -122106.18  0.47%  16.5 1580s
 2994972 1384022 -121985.80  178   53 -121534.00 -122106.18  0.47%  16.5 1585s
 3009117 1387833 -121545.46  220   31 -121534.00 -122106.18  0.47%  16.5 1590s
 3020769 1390632     cutoff  188      -121534.00 -122106.18  0.47%  16.5 1595s
 3033094 1393194 -122054.93  162   76 -121534.00 -122106.18  0.47%  16.5 1600s
 3041710 1395633 -121753.86  179   48 -121534.00 -122106.18  0.47%  16.4 1605s
 3055377 1398997 -122104.33  160   77 -121534.00 -122106.18  0.47%  16.4 1610s
 3068800 1402448 -121625.04  168   32 -121534.00 -122106.18  0.47%  16.4 1615s
 3080370 1405637 -121579.60  164   33 -121534.00 -122106.18  0.47%  16.4 1620s
 3093855 1409231 -121542.98  198   32 -121534.00 -122106.18  0.47%  16.3 1625s
 3107039 1412407 -121652.92  178   47 -121534.00 -122106.18  0.47%  16.3 1630s
 3119482 1415633 -121730.59  175   34 -121534.00 -122106.18  0.47%  16.3 1635s
 3131303 1418380 -122106.18  157   82 -121534.00 -122106.18  0.47%  16.3 1640s
 3146467 1422850 -121744.89  180   33 -121534.00 -122106.18  0.47%  16.3 1645s
 3159578 1425670 -121721.01  243   33 -121534.00 -122106.18  0.47%  16.2 1650s
 3172643 1429671 -121933.05  166   55 -121534.00 -122106.18  0.47%  16.2 1655s
 3185272 1432433 -121538.88  166   64 -121534.00 -122106.18  0.47%  16.2 1660s
 3197668 1435922 -121540.28  231   32 -121534.00 -122106.18  0.47%  16.2 1665s
 3210994 1439287 -122106.18  148   92 -121534.00 -122106.18  0.47%  16.1 1670s
 3221861 1442091 -121634.74  190   34 -121534.00 -122106.18  0.47%  16.1 1675s
 3236359 1445478 -121772.43  169   48 -121534.00 -122106.18  0.47%  16.1 1680s
 3249535 1448848 -121766.86  216   34 -121534.00 -122106.18  0.47%  16.1 1685s
 3261684 1452243 -121634.73  187   31 -121534.00 -122106.18  0.47%  16.0 1690s
 3274129 1454633 -121583.11  171   30 -121534.00 -122106.18  0.47%  16.0 1695s
 3287825 1458360 -122089.43  159   65 -121534.00 -122106.18  0.47%  16.0 1700s
 3301016 1461891 -121763.51  160   75 -121534.00 -122106.18  0.47%  16.0 1705s
 3313100 1464736 -121594.42  165   61 -121534.00 -122106.18  0.47%  16.0 1710s
 3328508 1468191 -121909.24  182   50 -121534.00 -122106.18  0.47%  15.9 1715s
 3340337 1470944 -121719.31  152   72 -121534.00 -122106.18  0.47%  15.9 1720s
 3350908 1473356 -121961.45  147   66 -121534.00 -122106.18  0.47%  15.9 1725s
 3364796 1476825 -121597.77  186   32 -121534.00 -122106.18  0.47%  15.9 1730s
 3376525 1479325 -121722.57  170   52 -121534.00 -122106.18  0.47%  15.9 1735s
 3388979 1481965 -121886.48  165   61 -121534.00 -122106.18  0.47%  15.9 1740s
 3401994 1485030 -122106.17  160   84 -121534.00 -122106.18  0.47%  15.8 1745s
 3414589 1487656 -121553.70  198   26 -121534.00 -122106.18  0.47%  15.8 1750s
 3425630 1490146 -121986.18  161   62 -121534.00 -122106.18  0.47%  15.8 1755s
 3439648 1492817 -122070.10  168   61 -121534.00 -122106.18  0.47%  15.8 1760s
 3452868 1496617     cutoff  161      -121534.00 -122106.18  0.47%  15.8 1765s
 3466650 1499704 -122074.45  171   69 -121534.00 -122106.18  0.47%  15.8 1770s
 3480296 1502510 -121917.07  174   51 -121534.00 -122106.18  0.47%  15.7 1775s
 3491442 1505157 -122103.81  158   60 -121534.00 -122106.18  0.47%  15.7 1780s
 3506229 1507989 -121870.23  180   43 -121534.00 -122106.18  0.47%  15.7 1785s
 3516897 1511181 -122103.32  168   56 -121534.00 -122106.18  0.47%  15.7 1790s
 3532466 1515178 -121537.53  174   35 -121534.00 -122106.18  0.47%  15.7 1795s
 3545952 1518451     cutoff  199      -121534.00 -122106.18  0.47%  15.6 1800s
 3558420 1521983 -121558.49  188   31 -121534.00 -122106.18  0.47%  15.6 1805s
 3571210 1525094     cutoff  178      -121534.00 -122106.18  0.47%  15.6 1810s
 3584258 1527950 -121978.01  162   69 -121534.00 -122106.18  0.47%  15.6 1815s
 3596896 1531655 -121674.87  204   44 -121534.00 -122106.18  0.47%  15.6 1820s
 3609070 1534787 -121984.80  172   62 -121534.00 -122106.18  0.47%  15.6 1825s
 3622820 1538354 -122106.18  146   92 -121534.00 -122106.18  0.47%  15.5 1830s
 3635426 1541165 -121993.87  165   62 -121534.00 -122106.18  0.47%  15.5 1835s
 3648866 1544284 -121545.24  216   31 -121534.00 -122106.18  0.47%  15.5 1840s
 3662600 1547912 -122096.29  151   77 -121534.00 -122106.18  0.47%  15.5 1845s
 3676192 1551607     cutoff  175      -121534.00 -122106.18  0.47%  15.5 1850s
 3688326 1554371 -121709.19  163   45 -121534.00 -122106.18  0.47%  15.4 1855s
 3701647 1558178 -121587.05  172   32 -121534.00 -122106.18  0.47%  15.4 1860s
 3714269 1561040 -122105.94  145   85 -121534.00 -122106.18  0.47%  15.4 1865s
 3727765 1564342 -122064.61  162   67 -121534.00 -122106.18  0.47%  15.4 1870s
 3740386 1566830     cutoff  186      -121534.00 -122106.18  0.47%  15.4 1875s
 3751034 1568981 -121590.57  184   30 -121534.00 -122106.18  0.47%  15.4 1880s
 3763965 1571835 -122106.18  156   82 -121534.00 -122106.18  0.47%  15.4 1885s
 3777956 1575313 -122106.18  156   87 -121534.00 -122106.18  0.47%  15.3 1890s
 3791344 1578569 -121914.34  160   69 -121534.00 -122106.18  0.47%  15.3 1895s
 3802784 1581710 -122104.35  158   74 -121534.00 -122106.18  0.47%  15.3 1900s
 3817484 1584755 -121990.88  163   71 -121534.00 -122106.18  0.47%  15.3 1905s
 3830266 1588224 -122022.96  176   57 -121534.00 -122106.18  0.47%  15.3 1910s
 3843897 1591399 -121536.68  173   29 -121534.00 -122106.18  0.47%  15.3 1915s
 3856150 1594672 -121550.66  180   53 -121534.00 -122106.18  0.47%  15.2 1920s
 3868621 1597574 -121646.86  198   34 -121534.00 -122106.18  0.47%  15.2 1925s
 3880760 1600003 -121794.28  178   37 -121534.00 -122106.18  0.47%  15.2 1930s
 3894264 1603275 -122104.35  159   69 -121534.00 -122106.18  0.47%  15.2 1935s
 3907880 1606910 -121851.84  213   35 -121534.00 -122106.18  0.47%  15.2 1940s
 3920013 1609806 -121913.17  164   60 -121534.00 -122106.18  0.47%  15.2 1945s
 3933008 1613023     cutoff  197      -121534.00 -122106.18  0.47%  15.2 1950s
 3945789 1616377 -121750.20  162   55 -121534.00 -122106.18  0.47%  15.1 1955s
 3958231 1619154 -121873.09  161   50 -121534.00 -122106.18  0.47%  15.1 1960s
 3971851 1622844 -122106.18  154   84 -121534.00 -122106.18  0.47%  15.1 1965s
 3985465 1626538 -121749.95  175   61 -121534.00 -122106.18  0.47%  15.1 1970s
 3998264 1630371 -122014.69  168   56 -121534.00 -122106.18  0.47%  15.1 1975s
 4011076 1633184 -121773.97  169   40 -121534.00 -122106.18  0.47%  15.1 1980s
 4024247 1635946 -122034.23  164   56 -121534.00 -122106.18  0.47%  15.1 1985s
 4036566 1639170     cutoff  181      -121534.00 -122106.18  0.47%  15.1 1990s
 4049092 1642307 -121678.53  220   37 -121534.00 -122106.18  0.47%  15.0 1995s
 4062916 1645678 -121973.06  156   80 -121534.00 -122106.18  0.47%  15.0 2000s
 4074161 1648422 -122062.26  159   68 -121534.00 -122106.18  0.47%  15.0 2005s
 4084969 1651205     cutoff  238      -121534.00 -122106.18  0.47%  15.0 2010s
 4099733 1654704 -122034.42  171   55 -121534.00 -122106.18  0.47%  15.0 2015s
 4113857 1658638 -122008.21  170   74 -121534.00 -122106.18  0.47%  15.0 2020s
 4128391 1662639 -121852.15  211   33 -121534.00 -122106.18  0.47%  14.9 2025s
 4140811 1666024 -122081.43  163   68 -121534.00 -122106.18  0.47%  14.9 2030s
 4151110 1668791 -121957.52  160   64 -121534.00 -122106.18  0.47%  14.9 2035s
 4163737 1671878 -121766.22  176   36 -121534.00 -122106.18  0.47%  14.9 2040s
 4177312 1675838     cutoff  170      -121534.00 -122106.18  0.47%  14.9 2045s
 4190670 1678972 -121698.28  174   34 -121534.00 -122106.18  0.47%  14.9 2050s
 4203125 1681563 -121559.97  201   29 -121534.00 -122106.18  0.47%  14.9 2055s
 4214131 1684558 -121916.20  160   44 -121534.00 -122106.18  0.47%  14.9 2060s
 4225033 1689134 -121676.85  159   55 -121534.00 -122106.18  0.47%  14.9 2065s
 4241038 1691010 -121545.67  173   28 -121534.00 -122106.18  0.47%  14.8 2070s
 4253412 1693793 -121636.94  185   33 -121534.00 -122106.18  0.47%  14.8 2075s
 4266804 1697743 -121684.64  225   33 -121534.00 -122106.18  0.47%  14.8 2080s
 4279311 1700580     cutoff  203      -121534.00 -122106.18  0.47%  14.8 2085s
 4292562 1704173 -122106.18  147   94 -121534.00 -122106.18  0.47%  14.8 2090s
 4306165 1707261 -122105.67  150   82 -121534.00 -122106.18  0.47%  14.8 2095s
 4318969 1710254 -122106.18  160   87 -121534.00 -122106.18  0.47%  14.8 2100s
 4331609 1713541 -121982.14  166   62 -121534.00 -122106.18  0.47%  14.7 2105s
 4343361 1717590 -121725.52  188   32 -121534.00 -122106.18  0.47%  14.7 2110s
 4356296 1720750 -121679.78  169   38 -121534.00 -122106.18  0.47%  14.7 2115s
 4369256 1724676 -121572.00  253   31 -121534.00 -122106.18  0.47%  14.7 2120s
 4382794 1728389 -121706.24  203   33 -121534.00 -122106.18  0.47%  14.7 2125s
 4392583 1731662 -121571.06  199   36 -121534.00 -122106.18  0.47%  14.7 2130s
 4407638 1735437 -121787.38  175   34 -121534.00 -122106.18  0.47%  14.7 2135s
 4421185 1739429 -122040.30  152   64 -121534.00 -122106.18  0.47%  14.6 2140s
 4433683 1743449 -121537.75  226   31 -121534.00 -122106.18  0.47%  14.6 2145s
 4446504 1746887 -122097.74  145   65 -121534.00 -122106.18  0.47%  14.6 2150s
 4461024 1750903 -122106.18  148   74 -121534.00 -122106.18  0.47%  14.6 2155s
 4474312 1754834 -121972.87  154   56 -121534.00 -122106.18  0.47%  14.6 2160s
 4486383 1758015 -121998.19  175   66 -121534.00 -122106.18  0.47%  14.6 2165s
 4501060 1761974 -122102.68  155   55 -121534.00 -122106.18  0.47%  14.6 2170s
 4511926 1764529 -121757.42  174   32 -121534.00 -122106.18  0.47%  14.6 2175s
 4524764 1767243 -121750.85  203   30 -121534.00 -122106.18  0.47%  14.5 2180s
 4537507 1770390 -121794.90  175   52 -121534.00 -122106.18  0.47%  14.5 2185s
 4546944 1772847 -121593.14  158   33 -121534.00 -122106.18  0.47%  14.5 2190s
 4560945 1776094 -121549.15  169   30 -121534.00 -122106.18  0.47%  14.5 2195s
 4574211 1779947 -121826.89  172   32 -121534.00 -122106.18  0.47%  14.5 2200s
 4586133 1783334     cutoff  198      -121534.00 -122106.18  0.47%  14.5 2205s
 4599352 1787079 -121635.02  180   32 -121534.00 -122106.18  0.47%  14.5 2210s
 4614106 1791496 -122105.67  143   86 -121534.00 -122106.18  0.47%  14.5 2215s
 4626568 1795100 -121884.00  169   49 -121534.00 -122106.18  0.47%  14.5 2220s
 4638233 1797638 -122106.18  146   90 -121534.00 -122106.18  0.47%  14.4 2225s
 4650520 1801152     cutoff  210      -121534.00 -122106.18  0.47%  14.4 2230s
 4663202 1804393 -121636.45  174   38 -121534.00 -122106.18  0.47%  14.4 2235s
 4675564 1807677 -121826.35  198   39 -121534.00 -122106.18  0.47%  14.4 2240s
 4689466 1811130 -121615.03  211   32 -121534.00 -122106.18  0.47%  14.4 2245s
 4701229 1814285 -122106.18  148   80 -121534.00 -122106.18  0.47%  14.4 2250s
 4712824 1817200 -121611.24  158   54 -121534.00 -122106.18  0.47%  14.4 2255s
 4723940 1819915 -122104.35  152   78 -121534.00 -122106.18  0.47%  14.4 2260s
 4736073 1822858 -121557.41  207   27 -121534.00 -122106.18  0.47%  14.4 2265s
 4751122 1826838 -121760.23  188   31 -121534.00 -122106.18  0.47%  14.4 2270s
 4763491 1830425 -122057.72  165   62 -121534.00 -122106.18  0.47%  14.3 2275s
 4774298 1833187 -121867.64  187   53 -121534.00 -122106.18  0.47%  14.3 2280s
 4787404 1836136 -121716.88  175   43 -121534.00 -122106.18  0.47%  14.3 2285s
 4798921 1838709 -122106.00  160   70 -121534.00 -122106.18  0.47%  14.3 2290s
 4812099 1841582     cutoff  238      -121534.00 -122106.18  0.47%  14.3 2295s
 4824953 1844204 -121715.30  178   40 -121534.00 -122106.18  0.47%  14.3 2300s
 4838037 1847269 -121565.29  214   35 -121534.00 -122106.18  0.47%  14.3 2305s
 4850631 1850187 -121692.09  213   37 -121534.00 -122106.18  0.47%  14.3 2310s
 4862028 1852846 -122103.81  156   75 -121534.00 -122106.18  0.47%  14.3 2315s
 4875043 1855641     cutoff  197      -121534.00 -122106.18  0.47%  14.3 2320s
 4887698 1858981 -121688.64  192   41 -121534.00 -122106.18  0.47%  14.3 2325s
 4899702 1861865 -121894.12  183   42 -121534.00 -122106.18  0.47%  14.3 2330s
 4913960 1865029 -121926.84  161   59 -121534.00 -122106.18  0.47%  14.2 2335s
 4926536 1868400 -121990.05  171   46 -121534.00 -122106.18  0.47%  14.2 2340s
 4938167 1871421 -122106.18  159   79 -121534.00 -122106.18  0.47%  14.2 2345s
 4951640 1874751 -122041.09  159   62 -121534.00 -122106.18  0.47%  14.2 2350s
 4963184 1877767 -121716.52  168   57 -121534.00 -122106.18  0.47%  14.2 2355s
 4977378 1881565 -122106.18  157   78 -121534.00 -122106.18  0.47%  14.2 2360s
 4989762 1884762 -121567.15  168   62 -121534.00 -122106.18  0.47%  14.2 2365s
 5003802 1888815 -121809.97  172   53 -121534.00 -122106.18  0.47%  14.2 2370s
 5016272 1891822 -122104.35  159   80 -121534.00 -122106.18  0.47%  14.2 2375s
 5029187 1895318 -122097.69  157   83 -121534.00 -122106.18  0.47%  14.2 2380s
 5041823 1899043 -121633.29  180   39 -121534.00 -122106.18  0.47%  14.2 2385s
 5055016 1902328 -122105.67  160   76 -121534.00 -122106.18  0.47%  14.1 2390s
 5068132 1906139 -121693.83  167   60 -121534.00 -122106.18  0.47%  14.1 2395s
 5081085 1909674 -121570.68  159   53 -121534.00 -122106.18  0.47%  14.1 2400s
 5090604 1912185 -122033.99  168   44 -121534.00 -122106.18  0.47%  14.1 2405s
 5104886 1915617 -121886.57  162   51 -121534.00 -122106.18  0.47%  14.1 2410s
 5117106 1917958 -121594.00  249   32 -121534.00 -122106.18  0.47%  14.1 2415s
 5130061 1920757 -121852.61  183   48 -121534.00 -122106.18  0.47%  14.1 2420s
 5141632 1922605 -122018.01  181   52 -121534.00 -122106.18  0.47%  14.1 2425s
 5153093 1924909     cutoff  228      -121534.00 -122106.18  0.47%  14.1 2430s
 5164955 1928086 -121810.30  170   47 -121534.00 -122106.18  0.47%  14.1 2435s
 5178023 1930930 -121597.65  167   50 -121534.00 -122106.18  0.47%  14.1 2440s
 5190243 1934203 -121586.65  191   31 -121534.00 -122106.18  0.47%  14.1 2445s
 5202591 1937407 -121694.80  167   59 -121534.00 -122106.18  0.47%  14.1 2450s
 5215758 1940770     cutoff  238      -121534.00 -122106.18  0.47%  14.1 2455s
 5228448 1944297 -122059.13  166   61 -121534.00 -122106.18  0.47%  14.1 2460s
 5240144 1946791     cutoff  162      -121534.00 -122106.18  0.47%  14.0 2465s
 5252704 1949167 -121608.80  182   31 -121534.00 -122106.18  0.47%  14.0 2470s
 5266631 1951737 -122064.22  157   71 -121534.00 -122106.18  0.47%  14.0 2475s
 5279197 1954370 -121680.99  162   32 -121534.00 -122106.18  0.47%  14.0 2480s
 5291451 1957851 -121809.21  152   62 -121534.00 -122106.18  0.47%  14.0 2485s
 5305121 1961194 -122103.81  160   67 -121534.00 -122106.18  0.47%  14.0 2490s
 5317584 1963671 -121638.20  164   47 -121534.00 -122106.18  0.47%  14.0 2495s
 5329065 1966767 -121636.30  213   34 -121534.00 -122106.18  0.47%  14.0 2500s
 5340994 1969629 -121793.98  164   50 -121534.00 -122106.18  0.47%  14.0 2505s
 5354088 1972563 -122047.43  161   67 -121534.00 -122106.18  0.47%  14.0 2510s
 5366574 1975861 -121898.72  175   55 -121534.00 -122106.18  0.47%  14.0 2515s
 5377833 1978171 -121546.93  203   32 -121534.00 -122106.18  0.47%  14.0 2520s
 5390108 1980975 -121549.32  179   31 -121534.00 -122106.18  0.47%  14.0 2525s
 5402511 1983987     cutoff  176      -121534.00 -122106.18  0.47%  14.0 2530s
 5416608 1988012 -121615.02  182   36 -121534.00 -122106.18  0.47%  14.0 2535s
 5429640 1991359 -121542.74  199   34 -121534.00 -122106.18  0.47%  14.0 2540s
 5442092 1994222 -121626.27  171   40 -121534.00 -122106.18  0.47%  13.9 2545s
 5452782 1997095 -121599.47  186   31 -121534.00 -122106.18  0.47%  13.9 2550s
 5464848 2000060 -121939.65  182   63 -121534.00 -122106.18  0.47%  13.9 2555s
 5480287 2003776 -121598.60  156   60 -121534.00 -122106.18  0.47%  13.9 2560s
 5491449 2005516 -121569.61  180   49 -121534.00 -122106.18  0.47%  13.9 2565s
 5502420 2007627 -121618.29  192   32 -121534.00 -122106.18  0.47%  13.9 2570s
 5513982 2009949 -121805.56  178   61 -121534.00 -122106.18  0.47%  13.9 2575s
 5524585 2012662 -122098.42  170   66 -121534.00 -122106.18  0.47%  13.9 2580s
 5536611 2015339 -121557.96  243   32 -121534.00 -122106.18  0.47%  13.9 2585s
 5547714 2017226     cutoff  239      -121534.00 -122106.18  0.47%  13.9 2590s
 5557254 2021960 -121751.52  205   31 -121534.00 -122106.18  0.47%  13.9 2595s
 5572149 2023193 -122106.18  172   73 -121534.00 -122106.18  0.47%  13.9 2600s
 5583171 2026084 -121773.17  182   42 -121534.00 -122106.18  0.47%  13.9 2605s
 5592320 2028176 -121882.30  172   43 -121534.00 -122106.18  0.47%  13.9 2610s
 5605030 2030935 -121540.41  231   32 -121534.00 -122106.18  0.47%  13.9 2615s
 5615831 2033156 -121816.39  176   48 -121534.00 -122106.18  0.47%  13.9 2620s
 5626618 2035746 -122083.61  172   70 -121534.00 -122106.18  0.47%  13.9 2625s
 5638684 2037870 -121835.62  163   57 -121534.00 -122106.18  0.47%  13.9 2630s
 5650919 2040397 -121750.83  206   31 -121534.00 -122106.18  0.47%  13.9 2635s
 5662781 2042822 -121791.99  175   58 -121534.00 -122106.18  0.47%  13.9 2640s
 5673826 2045976 -122106.18  147   84 -121534.00 -122106.18  0.47%  13.9 2645s
 5686787 2049640 -121938.01  184   35 -121534.00 -122106.18  0.47%  13.9 2650s
 5702441 2053848 -122027.01  164   59 -121534.00 -122106.18  0.47%  13.9 2655s
 5714921 2057228 -121737.94  203   33 -121534.00 -122106.18  0.47%  13.9 2660s
 5727518 2060507     cutoff  182      -121534.00 -122106.18  0.47%  13.9 2665s
 5740375 2064154 -121630.22  187   31 -121534.00 -122106.18  0.47%  13.9 2670s
 5754975 2067850     cutoff  182      -121534.00 -122106.18  0.47%  13.8 2675s
 5767047 2070843 -121750.17  167   56 -121534.00 -122106.18  0.47%  13.8 2680s
 5778369 2073770 -121768.59  147   67 -121534.00 -122106.18  0.47%  13.8 2685s
 5791503 2077701 -121676.05  175   48 -121534.00 -122106.18  0.47%  13.8 2690s
 5804078 2080879 -121851.57  157   84 -121534.00 -122106.18  0.47%  13.8 2695s
 5815402 2082696 -122105.98  166   55 -121534.00 -122106.18  0.47%  13.8 2700s
 5826971 2085597 -121639.65  230   34 -121534.00 -122106.18  0.47%  13.8 2705s
 5839156 2088763 -121546.52  217   36 -121534.00 -122106.18  0.47%  13.8 2710s
 5849859 2091346 -121712.44  197   36 -121534.00 -122106.18  0.47%  13.8 2715s
 5865234 2095690 -121725.21  219   37 -121534.00 -122106.18  0.47%  13.8 2720s
 5878426 2099259 -122064.70  162   61 -121534.00 -122106.18  0.47%  13.8 2725s
 5888590 2101558     cutoff  173      -121534.00 -122106.18  0.47%  13.8 2730s
 5897361 2103058 -122104.35  157   73 -121534.00 -122106.18  0.47%  13.8 2735s
 5909519 2105360     cutoff  235      -121534.00 -122106.18  0.47%  13.8 2740s
 5921544 2108350 -122014.02  160   70 -121534.00 -122106.18  0.47%  13.8 2745s
 5933978 2112791     cutoff  159      -121534.00 -122106.18  0.47%  13.8 2750s
 5948518 2117534 -121569.07  210   28 -121534.00 -122106.18  0.47%  13.8 2755s
 5962770 2121914 -121968.90  158   53 -121534.00 -122106.18  0.47%  13.8 2760s
 5976460 2126002 -122096.85  161   47 -121534.00 -122106.18  0.47%  13.8 2765s
 5989400 2131283 -121740.20  162   56 -121534.00 -122106.18  0.47%  13.8 2770s
 6002022 2138322 -121974.51  157   73 -121534.00 -122106.18  0.47%  13.8 2775s
 6014200 2145014     cutoff  159      -121534.00 -122106.18  0.47%  13.8 2780s
 6025282 2151171 -121874.20  149   73 -121534.00 -122106.18  0.47%  13.8 2785s
 6037776 2157964     cutoff  157      -121534.00 -122106.18  0.47%  13.8 2790s
 6049470 2164131     cutoff  176      -121534.00 -122106.18  0.47%  13.8 2795s
 6061043 2170904 -122103.69  161   65 -121534.00 -122106.18  0.47%  13.7 2800s
 6074108 2177884 -122106.18  154   99 -121534.00 -122106.18  0.47%  13.7 2805s
 6085789 2184187 -122106.18  156   76 -121534.00 -122106.18  0.47%  13.7 2810s
 6098499 2191743 -122106.18  151   90 -121534.00 -122106.18  0.47%  13.7 2815s
 6111882 2199157 -121552.59  239   33 -121534.00 -122106.18  0.47%  13.7 2820s
 6124016 2206083 -121548.99  172   30 -121534.00 -122106.18  0.47%  13.7 2825s
 6138680 2214650 -122106.18  156   89 -121534.00 -122106.18  0.47%  13.7 2830s
 6150665 2221697 -121742.79  162   71 -121534.00 -122106.18  0.47%  13.7 2835s
 6160939 2227792 -122084.85  156   62 -121534.00 -122106.18  0.47%  13.7 2840s
 6172245 2233809 -122103.81  152   72 -121534.00 -122106.18  0.47%  13.7 2845s
 6184884 2240957 -122043.93  163   82 -121534.00 -122106.18  0.47%  13.7 2850s
 6198456 2248518 -121917.92  164   47 -121534.00 -122106.18  0.47%  13.7 2855s
 6209412 2254767 -121595.48  177   45 -121534.00 -122106.18  0.47%  13.7 2860s
 6222724 2261892 -121648.29  166   62 -121534.00 -122106.18  0.47%  13.7 2865s
 6233575 2267781 -121903.95  164   78 -121534.00 -122106.18  0.47%  13.7 2870s
 6245817 2274299 -121553.93  216   26 -121534.00 -122106.18  0.47%  13.7 2875s
 6257431 2280594 -121618.99  238   29 -121534.00 -122106.18  0.47%  13.7 2880s
 6269314 2286601 -121551.36  222   30 -121534.00 -122106.18  0.47%  13.7 2885s
 6282440 2295178 -122106.18  145   79 -121534.00 -122106.18  0.47%  13.7 2890s
 6295676 2303647 -121645.35  238   32 -121534.00 -122106.18  0.47%  13.7 2895s
 6306856 2310130 -122106.18  149   98 -121534.00 -122106.18  0.47%  13.7 2900s
 6317877 2315530 -121848.91  190   48 -121534.00 -122106.18  0.47%  13.7 2905s
 6327593 2320770     cutoff  214      -121534.00 -122106.18  0.47%  13.7 2910s
 6338656 2326729 -122072.59  157   84 -121534.00 -122106.18  0.47%  13.7 2915s
 6350181 2333474 -121882.97  172   44 -121534.00 -122106.18  0.47%  13.7 2920s
 6364034 2341915 -121942.73  171   54 -121534.00 -122106.18  0.47%  13.7 2925s
 6376423 2349522 -122106.00  160   75 -121534.00 -122106.18  0.47%  13.7 2930s
 6389048 2356750 -122001.09  171   81 -121534.00 -122106.18  0.47%  13.7 2935s
 6402324 2365302 -122106.18  153   78 -121534.00 -122106.18  0.47%  13.7 2940s
 6415806 2373750 -121840.67  220   30 -121534.00 -122106.18  0.47%  13.6 2945s
 6426958 2380665 -121815.14  199   39 -121534.00 -122106.18  0.47%  13.6 2950s
 6438926 2388548 -122105.67  144   65 -121534.00 -122106.18  0.47%  13.6 2955s
 6451814 2396611 -121546.44  195   30 -121534.00 -122106.18  0.47%  13.6 2960s
 6461689 2402584 -122073.24  161   65 -121534.00 -122106.18  0.47%  13.6 2965s
 6475369 2410994 -122068.88  158   73 -121534.00 -122106.18  0.47%  13.6 2970s
 6487951 2418078 -121712.76  216   31 -121534.00 -122106.18  0.47%  13.6 2975s
 6500400 2424478 -121991.32  166   77 -121534.00 -122106.18  0.47%  13.6 2980s
 6510776 2430217 -121871.31  145   64 -121534.00 -122106.18  0.47%  13.6 2985s
 6525523 2438762 -121605.79  154   89 -121534.00 -122106.18  0.47%  13.6 2990s
 6537432 2445116     cutoff  187      -121534.00 -122106.18  0.47%  13.6 2995s
 6547664 2450542 infeasible  178      -121534.00 -122106.18  0.47%  13.6 3000s
 6560711 2458168     cutoff  169      -121534.00 -122106.18  0.47%  13.6 3005s
 6572334 2465078 -122030.04  167   76 -121534.00 -122106.18  0.47%  13.6 3010s
 6582804 2470538 -121637.13  155   35 -121534.00 -122106.18  0.47%  13.6 3015s
 6597114 2477890 -121618.79  212   30 -121534.00 -122106.18  0.47%  13.6 3020s
 6608799 2484578     cutoff  172      -121534.00 -122106.18  0.47%  13.6 3025s
 6621350 2491822 -122024.00  155   81 -121534.00 -122106.18  0.47%  13.6 3030s
 6634096 2499557 -121552.67  246   33 -121534.00 -122106.18  0.47%  13.6 3035s
 6646052 2506659     cutoff  186      -121534.00 -122106.18  0.47%  13.6 3040s
 6660017 2515022     cutoff  168      -121534.00 -122106.18  0.47%  13.6 3045s
 6671957 2521578 -122040.30  156   77 -121534.00 -122106.18  0.47%  13.6 3050s
 6683495 2528635 -122102.36  160   67 -121534.00 -122106.18  0.47%  13.6 3055s
 6696672 2536440 -121855.79  161   43 -121534.00 -122106.18  0.47%  13.6 3060s
 6708290 2543198 -121893.80  169   78 -121534.00 -122106.18  0.47%  13.6 3065s
 6721393 2550551 -121587.17  167   29 -121534.00 -122106.18  0.47%  13.6 3070s
 6732508 2556691 -121647.46  160   55 -121534.00 -122106.18  0.47%  13.6 3075s
 6743366 2563146 -122009.85  171   59 -121534.00 -122106.18  0.47%  13.6 3080s
 6756398 2571006 -121941.23  187   43 -121534.00 -122106.18  0.47%  13.6 3085s
 6769341 2578579 -121541.09  173   54 -121534.00 -122106.18  0.47%  13.6 3090s
 6782156 2586059 -121554.94  175   52 -121534.00 -122106.18  0.47%  13.5 3095s
 6795301 2593161 -121857.56  163   65 -121534.00 -122106.18  0.47%  13.5 3100s
 6804427 2598805 -121705.11  163   48 -121534.00 -122106.18  0.47%  13.6 3105s
 6814760 2603632 -121588.80  174   32 -121534.00 -122106.18  0.47%  13.6 3110s
 6825123 2609181 -121573.30  194   30 -121534.00 -122106.18  0.47%  13.6 3115s
 6833545 2613582     cutoff  163      -121534.00 -122106.18  0.47%  13.6 3120s
 6843189 2618114 -122035.56  170   64 -121534.00 -122106.18  0.47%  13.6 3125s
 6851339 2621337 -122106.18  155   91 -121534.00 -122106.18  0.47%  13.6 3130s
 6859754 2625336     cutoff  180      -121534.00 -122106.18  0.47%  13.6 3135s
 6867335 2629201 -121874.11  164   54 -121534.00 -122106.18  0.47%  13.6 3140s
 6878303 2634463 -121566.78  156   65 -121534.00 -122106.18  0.47%  13.6 3145s
 6887711 2638130 -121786.47  152   56 -121534.00 -122106.18  0.47%  13.6 3150s
 6896391 2642129 -121713.12  166   80 -121534.00 -122106.18  0.47%  13.7 3155s
 6904626 2646245 -121545.22  172   30 -121534.00 -122106.18  0.47%  13.7 3160s
 6912995 2650542 -121549.39  178   32 -121534.00 -122106.18  0.47%  13.7 3165s
 6922602 2655585     cutoff  161      -121534.00 -122106.18  0.47%  13.7 3170s
 6931024 2659223 -122091.71  153   82 -121534.00 -122106.18  0.47%  13.7 3175s
 6939663 2663422 -122076.27  156   69 -121534.00 -122106.18  0.47%  13.7 3180s
 6948489 2667036 -121821.76  152   49 -121534.00 -122106.18  0.47%  13.7 3185s
 6956805 2670494 -121816.10  165   51 -121534.00 -122106.18  0.47%  13.7 3190s
 6964677 2674338 -121571.29  176   43 -121534.00 -122106.18  0.47%  13.8 3195s
 6973999 2678636 -121615.39  171   30 -121534.00 -122106.18  0.47%  13.8 3200s
 6981760 2682588 -121689.01  169   57 -121534.00 -122106.18  0.47%  13.8 3205s
 6990131 2687025 -121755.74  163   61 -121534.00 -122106.18  0.47%  13.8 3210s
 6998333 2691126 -121671.60  164   39 -121534.00 -122106.18  0.47%  13.8 3215s
 7006211 2695180 -121693.64  166   44 -121534.00 -122106.18  0.47%  13.8 3220s
 7014009 2698917 -121680.97  153   62 -121534.00 -122106.18  0.47%  13.9 3225s
 7022453 2703463 -122106.18  141   79 -121534.00 -122106.18  0.47%  13.9 3230s
 7030563 2707651 -121690.98  154   48 -121534.00 -122106.18  0.47%  13.9 3235s
 7039674 2712167 -121829.31  150   59 -121534.00 -122106.18  0.47%  13.9 3240s
 7046931 2715897 -121810.92  158   59 -121534.00 -122106.18  0.47%  13.9 3245s
 7057127 2720996 -121571.27  187   29 -121534.00 -122106.18  0.47%  13.9 3250s
 7065885 2725516 -122105.94  140   79 -121534.00 -122106.18  0.47%  13.9 3255s
 7075718 2730870 -122106.18  144   72 -121534.00 -122106.18  0.47%  14.0 3260s
 7084954 2735327 -121574.88  189   29 -121534.00 -122106.18  0.47%  14.0 3265s
 7093736 2740297     cutoff  168      -121534.00 -122106.18  0.47%  14.0 3270s
 7103229 2745266 -121986.08  153   73 -121534.00 -122106.18  0.47%  14.0 3275s
 7111333 2749647 -121589.02  188   26 -121534.00 -122106.18  0.47%  14.0 3280s
 7121199 2755048 -121834.70  157   57 -121534.00 -122106.18  0.47%  14.0 3285s
 7130413 2759698 -122106.18  136   88 -121534.00 -122106.18  0.47%  14.0 3290s
 7138787 2763732 -121896.28  151   70 -121534.00 -122106.18  0.47%  14.0 3295s
 7146933 2767960 -121765.92  162   37 -121534.00 -122106.18  0.47%  14.1 3300s
 7157320 2773462 -121600.06  173   30 -121534.00 -122106.18  0.47%  14.1 3305s
 7164166 2777573 -121766.63  159   58 -121534.00 -122106.18  0.47%  14.1 3310s
 7174278 2783044 -122106.18  165   83 -121534.00 -122106.18  0.47%  14.1 3315s
 7183457 2787547 -121728.47  179   27 -121534.00 -122106.18  0.47%  14.1 3320s
 7191897 2791948 -121568.57  183   36 -121534.00 -122106.18  0.47%  14.1 3325s
 7199305 2795615 -121845.29  160   47 -121534.00 -122106.18  0.47%  14.1 3330s
 7207217 2799818 -121571.29  176   54 -121534.00 -122106.18  0.47%  14.1 3335s
 7215577 2804005 -121604.02  160   32 -121534.00 -122106.18  0.47%  14.2 3340s
 7223896 2808667 -121867.95  145   68 -121534.00 -122106.18  0.47%  14.2 3345s
 7232170 2811897 -121548.14  212   26 -121534.00 -122106.18  0.47%  14.2 3350s
 7242583 2817392 -121782.93  181   30 -121534.00 -122106.18  0.47%  14.2 3355s
 7253624 2823881 -121638.18  160   70 -121534.00 -122106.18  0.47%  14.2 3360s
 7263038 2829372     cutoff  158      -121534.00 -122106.18  0.47%  14.2 3365s
 7273100 2835036 -121583.74  163   54 -121534.00 -122106.18  0.47%  14.2 3370s
 7283639 2840545 -121590.65  162   48 -121534.00 -122106.18  0.47%  14.2 3375s
 7294372 2846448 -122106.18  130  118 -121534.00 -122106.18  0.47%  14.2 3380s
 7303151 2851582 -121670.66  202   30 -121534.00 -122106.18  0.47%  14.2 3385s
 7314606 2857799 -122106.18  124   80 -121534.00 -122106.18  0.47%  14.2 3390s
 7322749 2861716 -121581.02  162   47 -121534.00 -122106.18  0.47%  14.2 3395s
 7332209 2867139 -122106.18  145   82 -121534.00 -122106.18  0.47%  14.2 3400s
 7340966 2872448 -121851.57  146   87 -121534.00 -122106.18  0.47%  14.2 3405s
 7349624 2876856 -122106.18  150   79 -121534.00 -122106.18  0.47%  14.2 3410s
 7358921 2881368 -121819.87  155   84 -121534.00 -122106.18  0.47%  14.2 3415s
 7366802 2885231     cutoff  151      -121534.00 -122106.18  0.47%  14.3 3420s
 7376772 2890601 -121535.42  195   29 -121534.00 -122106.18  0.47%  14.3 3425s
 7384249 2894381 -121793.96  152   58 -121534.00 -122106.18  0.47%  14.3 3430s
 7392825 2898081     cutoff  158      -121534.00 -122106.18  0.47%  14.3 3435s
 7400171 2901623 -122106.18  149   91 -121534.00 -122106.18  0.47%  14.3 3440s
 7407571 2905582 -121994.60  153   76 -121534.00 -122106.18  0.47%  14.3 3445s
 7416156 2910497     cutoff  163      -121534.00 -122106.18  0.47%  14.3 3450s
 7425123 2915509 -121896.27  159   57 -121534.00 -122106.18  0.47%  14.3 3455s
 7433865 2919404 -121555.17  160   49 -121534.00 -122106.18  0.47%  14.4 3460s
 7442415 2923769 -122065.12  134   78 -121534.00 -122106.18  0.47%  14.4 3465s
 7452128 2928731 -122106.13  159   61 -121534.00 -122106.18  0.47%  14.4 3470s
 7461761 2933769 -121730.34  174   30 -121534.00 -122106.18  0.47%  14.4 3475s
 7472226 2939672 -121977.85  151   55 -121534.00 -122106.18  0.47%  14.4 3480s
 7483234 2944805 -121982.07  153   61 -121534.00 -122106.18  0.47%  14.4 3485s
 7491409 2948527 -121806.77  162   43 -121534.00 -122106.18  0.47%  14.4 3490s
 7498678 2952857 -121610.40  148   67 -121534.00 -122106.18  0.47%  14.4 3495s
 7507696 2958243 -121776.46  143   60 -121534.00 -122106.18  0.47%  14.4 3500s
 7518230 2964424     cutoff  156      -121534.00 -122106.18  0.47%  14.4 3505s
 7527015 2969455 -121816.09  157   43 -121534.00 -122106.18  0.47%  14.4 3510s
 7535637 2974166 -121636.40  158   44 -121534.00 -122106.18  0.47%  14.4 3515s
 7543188 2978016 -121814.16  142   84 -121534.00 -122106.18  0.47%  14.5 3520s
 7551551 2982562 -122016.17  146   76 -121534.00 -122106.18  0.47%  14.5 3525s
 7562060 2988866 -122106.18  143   89 -121534.00 -122106.18  0.47%  14.5 3530s
 7569374 2992746 -121597.09  197   30 -121534.00 -122106.18  0.47%  14.5 3535s
 7578126 2998107 -121760.55  153   52 -121534.00 -122106.18  0.47%  14.5 3540s
 7586996 3002773 -121953.50  139   63 -121534.00 -122106.18  0.47%  14.5 3545s
 7595978 3007684     cutoff  149      -121534.00 -122106.18  0.47%  14.5 3550s
 7603861 3011951 -121885.52  144   65 -121534.00 -122106.18  0.47%  14.5 3555s
 7613624 3017076 -121624.19  164   32 -121534.00 -122106.18  0.47%  14.6 3560s
 7622427 3022413 -122065.12  138   67 -121534.00 -122106.18  0.47%  14.6 3565s
 7633156 3028701     cutoff  142      -121534.00 -122106.18  0.47%  14.6 3570s
 7641922 3033837 -121630.76  162   63 -121534.00 -122106.18  0.47%  14.6 3575s
 7652520 3040280     cutoff  147      -121534.00 -122106.18  0.47%  14.6 3580s
 7661515 3045631 -121794.00  171   36 -121534.00 -122106.18  0.47%  14.6 3585s
 7671246 3051034 -121645.19  160   59 -121534.00 -122106.18  0.47%  14.6 3590s
 7680914 3056533 -121807.41  144   84 -121534.00 -122106.18  0.47%  14.6 3595s
 7685948 3059701 -121934.40  154   69 -121534.00 -122106.18  0.47%  14.6 3600s

Cutting planes:
  Gomory: 28
  Cover: 463
  Clique: 498
  MIR: 38
  StrongCG: 48
  Flow cover: 147
  GUB cover: 2
  Inf proof: 2
  Zero half: 10
  RLT: 2

Explored 7686242 nodes (112338174 simplex iterations) in 3600.00 seconds (5875.18 work units)
Thread count was 4 (of 56 available processors)

Solution count 10: -121534 -121429 -121423 ... -121124

Time limit reached
Best objective -1.215340000000e+05, best bound -1.221060000000e+05, gap 0.4707%
