
Gurobi 9.5.0 (linux64) logging started Tue Mar 29 17:35:02 2022

Set parameter LogFile to value "/local_workspace/chenrui/LogFiles/MKAP/MKAP_10_200_25_3_objLB.log"
Gurobi Optimizer version 9.5.0 build v9.5.0rc5 (linux64)
Thread count: 56 physical cores, 56 logical processors, using up to 4 threads
Optimize a model with 461 rows, 2250 columns and 6500 nonzeros
Model fingerprint: 0x79cf9fe6
Variable types: 0 continuous, 2250 integer (2250 binary)
Coefficient statistics:
  Matrix range     [1e+00, 7e+03]
  Objective range  [2e+00, 1e+03]
  Bounds range     [1e+00, 1e+00]
  RHS range        [1e+00, 5e+04]
Found heuristic solution: objective 0.0000000
Presolve removed 10 rows and 10 columns
Presolve time: 0.01s
Presolved: 451 rows, 2240 columns, 6480 nonzeros
Variable types: 0 continuous, 2240 integer (2240 binary)
Found heuristic solution: objective -32132.00000

Root relaxation: objective -4.531600e+04, 374 iterations, 0.00 seconds (0.00 work units)

    Nodes    |    Current Node    |     Objective Bounds      |     Work
 Expl Unexpl |  Obj  Depth IntInf | Incumbent    BestBd   Gap | It/Node Time

     0     0 -45316.000    0   11 -32132.000 -45316.000  41.0%     -    0s
H    0     0                    -40895.00000 -45316.000  10.8%     -    0s
H    0     0                    -41093.00000 -45316.000  10.3%     -    0s
     0     0 -45316.000    0   37 -41093.000 -45316.000  10.3%     -    0s
H    0     0                    -42134.00000 -45316.000  7.55%     -    0s
     0     0 -45316.000    0   20 -42134.000 -45316.000  7.55%     -    0s
     0     0 -45316.000    0    8 -42134.000 -45316.000  7.55%     -    0s
H    0     0                    -42934.00000 -45316.000  5.55%     -    0s
     0     2 -45316.000    0    8 -42934.000 -45316.000  5.55%     -    0s
H   31    40                    -42996.00000 -45316.000  5.40%  44.8    0s
H   32    40                    -43075.00000 -45316.000  5.20%  43.6    0s
H   63    78                    -43403.00000 -45316.000  4.41%  69.7    0s
H   67    78                    -43667.00000 -45316.000  3.78%  68.0    0s
H  222   224                    -43962.00000 -45316.000  3.08%  31.3    0s
H  420   939                    -44024.00000 -45316.000  2.93%  20.3    0s
H 1668  1507                    -44237.00000 -45316.000  2.44%  11.6    0s
H 1669  1507                    -44395.00000 -45316.000  2.07%  11.6    0s
H 1776  1433                    -44660.00000 -45316.000  1.47%  13.1    1s
H 1777  1361                    -45139.00000 -45316.000  0.39%  13.1    1s
H 2072  1436                    -45181.00000 -45316.000  0.30%  33.5    4s
H 2087  1365                    -45274.00000 -45316.000  0.09%  33.7    4s
  3115  1658 -45316.000   40   38 -45274.000 -45316.000  0.09%  31.8    5s
 11842  3051 -45316.000   66   30 -45274.000 -45316.000  0.09%  32.1   10s
 20864  3808 -45316.000   44   40 -45274.000 -45316.000  0.09%  29.1   15s
 31424  4404 -45316.000   51   58 -45274.000 -45316.000  0.09%  29.5   20s
 44597  4947 infeasible   91      -45274.000 -45316.000  0.09%  29.7   25s
 55320  5976     cutoff   52      -45274.000 -45316.000  0.09%  30.7   30s
 66730  6555 -45316.000   39   26 -45274.000 -45316.000  0.09%  33.2   35s
 77077  7059     cutoff   62      -45274.000 -45316.000  0.09%  35.4   40s
 88122  7306     cutoff   63      -45274.000 -45316.000  0.09%  36.9   45s
 97648  7310 -45316.000   60   32 -45274.000 -45316.000  0.09%  37.9   50s
 106932  7287 -45316.000   68   71 -45274.000 -45316.000  0.09%  39.5   55s
 115530  7423 -45316.000   72   54 -45274.000 -45316.000  0.09%  41.7   60s
 123948  7454 -45316.000   46   37 -45274.000 -45316.000  0.09%  43.2   65s
 132811  7719 -45316.000   37   59 -45274.000 -45316.000  0.09%  44.8   70s
 141335  7673 -45316.000   25   60 -45274.000 -45316.000  0.09%  46.1   75s
 151316  7612     cutoff   44      -45274.000 -45316.000  0.09%  47.0   80s
 160423  7595     cutoff   60      -45274.000 -45316.000  0.09%  48.1   85s
 172026  7760 -45316.000   56   17 -45274.000 -45316.000  0.09%  47.6   90s
 183886  7710 -45316.000   67   33 -45274.000 -45316.000  0.09%  46.8   95s
 195769  7536 -45316.000   49   76 -45274.000 -45316.000  0.09%  46.5  100s
 206848  7465     cutoff   41      -45274.000 -45316.000  0.09%  46.6  105s
 217076  7527     cutoff   65      -45274.000 -45316.000  0.09%  46.9  110s
 227074  7506     cutoff   42      -45274.000 -45316.000  0.09%  47.2  115s
H229761   279                    -45316.00000 -45316.000  0.00%  47.3  116s

Cutting planes:
  Gomory: 22
  Cover: 44
  Clique: 44
  MIR: 6
  StrongCG: 9
  Flow cover: 24
  RLT: 2

Explored 229934 nodes (10883913 simplex iterations) in 116.04 seconds (231.07 work units)
Thread count was 4 (of 56 available processors)

Solution count 10: -45316 -45274 -45181 ... -43667
No other solutions better than -45316

Optimal solution found (tolerance 1.00e-04)
Best objective -4.531600000000e+04, best bound -4.531600000000e+04, gap 0.0000%
