
Gurobi 9.5.0 (linux64) logging started Mon Apr  4 19:10:34 2022

Set parameter LogFile to value "/local_workspace/chenrui/LogFiles/MKAP/MKAP_20_100_10_4_DWcuts_1h.log"
Gurobi Optimizer version 9.5.0 build v9.5.0rc5 (linux64)
Thread count: 56 physical cores, 56 logical processors, using up to 4 threads
Optimize a model with 520 rows, 2200 columns and 6600 nonzeros
Model fingerprint: 0x5583a37f
Variable types: 0 continuous, 2200 integer (2200 binary)
Coefficient statistics:
  Matrix range     [1e+00, 2e+03]
  Objective range  [3e+00, 1e+03]
  Bounds range     [1e+00, 1e+00]
  RHS range        [1e-13, 1e+00]
Found heuristic solution: objective 0.0000000
Presolve removed 24 rows and 11 columns
Presolve time: 0.02s
Presolved: 496 rows, 2189 columns, 6435 nonzeros
Variable types: 0 continuous, 2189 integer (2189 binary)
Found heuristic solution: objective -19658.00000

Root relaxation: objective -4.041752e+04, 3945 iterations, 0.08 seconds (0.08 work units)

    Nodes    |    Current Node    |     Objective Bounds      |     Work
 Expl Unexpl |  Obj  Depth IntInf | Incumbent    BestBd   Gap | It/Node Time

     0     0 -40417.522    0   80 -19658.000 -40417.522   106%     -    0s
H    0     0                    -37297.00000 -40417.522  8.37%     -    0s
H    0     0                    -38547.00000 -40417.522  4.85%     -    0s
H    0     0                    -38937.00000 -40417.522  3.80%     -    0s
     0     0 -40417.522    0  181 -38937.000 -40417.522  3.80%     -    0s
     0     0 -40417.522    0   97 -38937.000 -40417.522  3.80%     -    0s
     0     0 -40417.522    0  115 -38937.000 -40417.522  3.80%     -    0s
     0     0 -40417.522    0   59 -38937.000 -40417.522  3.80%     -    0s
     0     0 -40417.522    0   69 -38937.000 -40417.522  3.80%     -    0s
     0     0 -40417.522    0   67 -38937.000 -40417.522  3.80%     -    0s
     0     0 -40417.522    0   67 -38937.000 -40417.522  3.80%     -    0s
     0     2 -40417.522    0   59 -38937.000 -40417.522  3.80%     -    0s
H   32    34                    -38965.00000 -40417.522  3.73%   244    1s
H   63    67                    -38988.00000 -40417.522  3.67%   213    1s
H  567   569                    -38991.00000 -40417.522  3.66%  96.3    4s
H 1194  1112                    -39147.00000 -40417.522  3.25%  63.6    4s
  1195  1113 -40165.696   57   67 -39147.000 -40417.522  3.25%  63.6    5s
H 1204  1064                    -39177.00000 -40417.522  3.17%  73.9    6s
H 1346  1108                    -39374.00000 -40417.522  2.65%  83.0    9s
  1843  1372 -40397.245   42  103 -39374.000 -40417.522  2.65%  73.9   10s
H 2715  1651                    -39600.00000 -40417.522  2.06%  65.0   11s
  4881  3408 -40415.881   28   83 -39600.000 -40417.522  2.06%  57.3   15s
 10026  7285 -40076.627   48   66 -39600.000 -40417.522  2.06%  54.1   20s
 14878 11170 -40245.740   42  151 -39600.000 -40417.522  2.06%  54.4   25s
H17087 11285                    -39709.00007 -40417.522  1.78%  55.0   28s
 18318 12503 -39966.913   76  115 -39709.000 -40417.522  1.78%  55.6   30s
 20849 14081 -40328.921   51   67 -39709.000 -40417.522  1.78%  56.2   42s
 20866 14092 -40293.447   40  233 -39709.000 -40408.500  1.76%  56.1   45s
H20887 13400                    -39732.00000 -40399.884  1.68%  56.1   48s
 20898 13408 -40231.855   55  293 -39732.000 -40398.594  1.68%  56.0   50s
 20922 13424 -39814.689  114  289 -39732.000 -40398.081  1.68%  56.0   55s
 20964 13453 -39782.561   51  302 -39732.000 -40398.081  1.68%  57.0   60s
 20987 13469 -40197.821   26  298 -39732.000 -40397.344  1.67%  57.0   65s
 21010 13484 -39969.008   31  305 -39732.000 -40396.791  1.67%  56.9   70s
 21034 13500 -39951.578   48  305 -39732.000 -40396.138  1.67%  56.8   75s
 21071 13526 -40118.535   64  294 -39732.000 -40396.071  1.67%  57.6   80s
 21129 13567 -40141.102   81  297 -39732.000 -40396.070  1.67%  58.6   85s
 21135 13576 -40394.029   89  298 -39732.000 -40394.029  1.67%  59.2   90s
 21299 13696 -40263.346  105  210 -39732.000 -40388.437  1.65%  59.9   95s
 22358 14350     cutoff   96      -39732.000 -40386.282  1.65%  61.0  100s
 25310 15724 -39977.073  109  236 -39732.000 -40361.854  1.59%  62.1  105s
 29095 17260 -40167.163  110  263 -39732.000 -40346.769  1.55%  64.1  110s
 32418 18891 -40305.509  108  253 -39732.000 -40336.778  1.52%  66.0  115s
 35959 20346     cutoff  156      -39732.000 -40326.410  1.50%  67.8  120s
 39023 21719 -39852.490  110  236 -39732.000 -40319.666  1.48%  69.1  125s
 42943 23464 -40213.408  129  219 -39732.000 -40308.230  1.45%  70.4  130s
 46892 25315 -40144.626  106  262 -39732.000 -40302.684  1.44%  70.7  135s
 51257 27582 -40017.667  240   82 -39732.000 -40300.264  1.43%  71.2  140s
 55037 29391 -40182.435  129  177 -39732.000 -40298.139  1.42%  71.7  145s
 59985 31823 -40174.708  127  159 -39732.000 -40295.617  1.42%  71.7  150s
 63953 34290 -40113.931  155  148 -39732.000 -40294.438  1.42%  71.5  155s
 68429 37679 -40242.120  122  189 -39732.000 -40293.115  1.41%  71.6  160s
 73091 41784 -39868.878  128  125 -39732.000 -40292.283  1.41%  71.8  165s
 77241 44716 -39982.095  186   97 -39732.000 -40291.171  1.41%  71.7  170s
 81381 48127     cutoff  208      -39732.000 -40290.101  1.40%  71.7  175s
 85928 51644 -39740.441  157  106 -39732.000 -40289.266  1.40%  71.7  180s
 90769 55157 -40285.815  101  197 -39732.000 -40288.227  1.40%  71.6  185s
 94541 58036 -40009.430  143  220 -39732.000 -40287.615  1.40%  72.0  190s
 98892 61597 -39929.491  124  202 -39732.000 -40286.983  1.40%  72.0  195s
 102752 64807 -39793.499  134   98 -39732.000 -40286.295  1.40%  72.2  200s
 107065 67934 -40276.806  125  217 -39732.000 -40285.548  1.39%  72.3  205s
 111473 71189 -40256.894  125  200 -39732.000 -40284.839  1.39%  72.4  210s
 115047 74092 -39862.951  158  219 -39732.000 -40284.368  1.39%  72.6  215s
 119354 77351 -39924.381  188  143 -39732.000 -40283.791  1.39%  72.5  220s
 124144 80852 -39986.897  151  187 -39732.000 -40283.224  1.39%  72.5  225s
 128576 84215 -39871.947  122  188 -39732.000 -40282.790  1.39%  72.5  230s
 132762 87403 -39879.747  130  152 -39732.000 -40282.379  1.39%  72.5  235s
 137531 91285 -39801.519  205   87 -39732.000 -40282.068  1.38%  72.6  240s
 141935 94312 -40142.994  142  238 -39732.000 -40281.572  1.38%  72.4  245s
 146602 97803 -39782.118  149  116 -39732.000 -40281.079  1.38%  72.4  250s
 151589 101639 -40126.454  159  176 -39732.000 -40280.563  1.38%  72.4  255s
 156401 104969 -40241.103  116  180 -39732.000 -40280.179  1.38%  72.4  260s
 161178 108624 -40269.218  131  174 -39732.000 -40279.772  1.38%  72.3  265s
 165109 111637 -40173.056  130  183 -39732.000 -40279.437  1.38%  72.2  270s
 169997 115640 -40077.575  124  189 -39732.000 -40279.036  1.38%  72.2  275s
 174731 119280 -40165.824  185  190 -39732.000 -40278.712  1.38%  72.1  280s
 179815 123315 -39770.003  147  207 -39732.000 -40278.300  1.37%  72.1  285s
 184823 127172     cutoff  126      -39732.000 -40278.027  1.37%  72.0  290s
 189245 130207 -40226.388  113  209 -39732.000 -40277.632  1.37%  71.9  295s
 193940 133858 -40083.105  144  190 -39732.000 -40277.354  1.37%  71.9  300s
 198028 137033 -39863.962  154  186 -39732.000 -40277.096  1.37%  71.9  305s
 203147 140653 -40087.339  162  121 -39732.000 -40276.766  1.37%  71.9  310s
 207680 144102 -40268.772  114  144 -39732.000 -40276.422  1.37%  71.9  315s
 212676 147652 -40037.295  124  139 -39732.000 -40276.161  1.37%  71.8  320s
 217432 151573 -40179.005  141  183 -39732.000 -40275.878  1.37%  71.8  325s
 221684 154726 -39958.763  145  167 -39732.000 -40275.651  1.37%  71.7  330s
 226452 158363 -39904.767  183  118 -39732.000 -40275.446  1.37%  71.7  335s
 231356 162039 -40271.807  120  179 -39732.000 -40275.088  1.37%  71.7  340s
 235905 165687 -40169.876  125  171 -39732.000 -40274.862  1.37%  71.7  345s
 240995 169329 -39773.488  165  160 -39732.000 -40274.592  1.37%  71.6  350s
 245624 172821 -39826.630  188  124 -39732.000 -40274.311  1.36%  71.6  355s
 249489 175748 -39933.956  119  191 -39732.000 -40274.038  1.36%  71.7  360s
 254529 179311 -40025.538  139  113 -39732.000 -40273.824  1.36%  71.6  365s
 259321 182773 -39903.395  117  178 -39732.000 -40273.598  1.36%  71.6  370s
 264123 186300 -39832.296  177   98 -39732.000 -40273.406  1.36%  71.6  375s
 268101 189257 -39897.860  124  207 -39732.000 -40273.225  1.36%  71.6  380s
 273258 193140 -39953.223  160  190 -39732.000 -40272.980  1.36%  71.5  385s
 277826 196702 -40002.455  163  114 -39732.000 -40272.748  1.36%  71.6  390s
 282974 200449 -40023.401  157   96 -39732.000 -40272.557  1.36%  71.5  395s
 287069 203536 -39800.970  151  162 -39732.000 -40272.410  1.36%  71.5  400s
 291889 207042 -40115.536  156  193 -39732.000 -40272.181  1.36%  71.5  405s
 296752 210723     cutoff  182      -39732.000 -40271.995  1.36%  71.5  410s
 301949 214433 -39885.300  133  121 -39732.000 -40271.766  1.36%  71.4  415s
 306822 218002 -39905.672  175  150 -39732.000 -40271.593  1.36%  71.4  420s
 311581 221575 -40167.368  140  133 -39732.000 -40271.382  1.36%  71.3  425s
 316092 224935 -39787.322  119  234 -39732.000 -40271.216  1.36%  71.3  430s
 321098 228281 -40056.883  140  126 -39732.000 -40271.022  1.36%  71.3  435s
 326016 231799 -39955.505  187   91 -39732.000 -40270.834  1.36%  71.2  440s
 331127 235698 -39759.660  198  109 -39732.000 -40270.704  1.36%  71.2  445s
 335864 239145 -39959.352  148  133 -39732.000 -40270.543  1.36%  71.1  450s
 340777 242728 -39918.124  178  136 -39732.000 -40270.365  1.35%  71.1  455s
 345512 246389 -39936.060  161  223 -39732.000 -40270.206  1.35%  71.0  460s
 350033 249659 -39913.495  133  220 -39732.000 -40270.042  1.35%  71.1  465s
 354570 252996     cutoff  132      -39732.000 -40269.858  1.35%  71.1  470s
 359923 256611     cutoff  141      -39732.000 -40269.709  1.35%  71.0  475s
 364838 260355 -40121.543  143  172 -39732.000 -40269.542  1.35%  70.9  480s
 369616 263674 -39988.293  128  229 -39732.000 -40269.381  1.35%  70.9  485s
 374293 267069 -39848.437  142  145 -39732.000 -40269.248  1.35%  70.9  490s
 378930 270371 -40093.335  129  157 -39732.000 -40269.143  1.35%  70.9  495s
 383741 273677 -39805.730  143  104 -39732.000 -40269.026  1.35%  70.9  500s
 388971 277555 -40083.486  139  150 -39732.000 -40268.855  1.35%  70.8  505s
 394343 281195 -40252.957  131  171 -39732.000 -40268.688  1.35%  70.7  510s
 398970 284804 -39870.473  110  192 -39732.000 -40268.549  1.35%  70.7  515s
 403813 288337 -39826.342  150  145 -39732.000 -40268.415  1.35%  70.6  520s
 409267 292196 -39970.941  130  190 -39732.000 -40268.285  1.35%  70.6  525s
 414004 295500 -39769.125  151  132 -39732.000 -40268.139  1.35%  70.5  530s
 419219 299481 -40106.243  141  148 -39732.000 -40268.019  1.35%  70.5  535s
 424129 302983 -39943.377  141  158 -39732.000 -40267.892  1.35%  70.5  540s
 428675 306027 -39736.420  141  142 -39732.000 -40267.745  1.35%  70.5  545s
 433536 309442 -39891.241  132  134 -39732.000 -40267.596  1.35%  70.5  550s
 439112 313774 -39820.118  133  169 -39732.000 -40267.462  1.35%  70.4  555s
 444596 317698 -40006.931  148  145 -39732.000 -40267.309  1.35%  70.2  560s
 450303 321664 -39768.647  155  133 -39732.000 -40267.172  1.35%  70.1  565s
 455443 325231     cutoff  149      -39732.000 -40267.072  1.35%  70.1  570s
 459545 328098 -40088.376  119  235 -39732.000 -40266.973  1.35%  70.1  575s
 464372 331733 -40045.643  124  135 -39732.000 -40266.890  1.35%  70.1  580s
 469930 335494 -40238.174  117  167 -39732.000 -40266.778  1.35%  70.0  585s
 474601 338865 -39845.885  216  123 -39732.000 -40266.670  1.35%  70.0  590s
 480002 342548 -40237.463  132  159 -39732.000 -40266.557  1.35%  69.9  595s
 485434 346470 -40104.787  146  130 -39732.000 -40266.450  1.35%  69.9  600s
 490628 349777 -39939.844  134  150 -39732.000 -40266.324  1.34%  69.8  605s
 495326 353009 -39878.901  133  115 -39732.000 -40266.213  1.34%  69.8  610s
 500428 356666 -40249.000  135  153 -39732.000 -40266.075  1.34%  69.7  615s
 505464 360524 -39782.871  218   92 -39732.000 -40265.993  1.34%  69.7  620s
 510969 364558 -40232.002  129  166 -39732.000 -40265.893  1.34%  69.7  625s
 516134 368374 -40032.917  135  179 -39732.000 -40265.793  1.34%  69.6  630s
 521181 371763     cutoff  129      -39732.000 -40265.700  1.34%  69.6  635s
 525748 375240 -39934.298  196  135 -39732.000 -40265.603  1.34%  69.6  640s
 531559 379179 -39974.513  135   83 -39732.000 -40265.466  1.34%  69.5  645s
 536387 382431 -39835.431  163  158 -39732.000 -40265.383  1.34%  69.5  650s
 541216 385781 -40138.539  144  144 -39732.000 -40265.289  1.34%  69.5  655s
 546305 389452 -40207.755  132  155 -39732.000 -40265.187  1.34%  69.5  660s
 551626 393200 -39840.063  141  128 -39732.000 -40265.075  1.34%  69.4  665s
 557093 397054 -39961.681  144  175 -39732.000 -40264.999  1.34%  69.4  670s
 561769 400495 -40139.287  135  143 -39732.000 -40264.916  1.34%  69.3  675s
 566874 404031 -39827.010  169   95 -39732.000 -40264.806  1.34%  69.3  680s
 572485 408047 -39835.277  148   84 -39732.000 -40264.694  1.34%  69.2  685s
 577559 411342 -39830.054  145  179 -39732.000 -40264.621  1.34%  69.2  690s
 583146 415088 -39957.665  113  186 -39732.000 -40264.505  1.34%  69.1  695s
 588183 418737 -40049.568  154  166 -39732.000 -40264.413  1.34%  69.1  700s
 593681 422547 -39904.289  137   82 -39732.000 -40264.292  1.34%  69.0  705s
 598790 426054 -39970.267  139  174 -39732.000 -40264.190  1.34%  69.0  710s
 604063 429512 -39940.083  157  129 -39732.000 -40264.090  1.34%  69.0  715s
 609426 433424 -39883.612  142  135 -39732.000 -40263.984  1.34%  68.9  720s
 615073 437318 -39756.153  150  117 -39732.000 -40263.883  1.34%  68.8  725s
 620271 440916 -39750.939  159  100 -39732.000 -40263.793  1.34%  68.8  730s
 625393 444301     cutoff  175      -39732.000 -40263.703  1.34%  68.8  735s
 630728 448116 -39937.036  142  177 -39732.000 -40263.613  1.34%  68.7  740s
 636428 452096 -40028.781  143  232 -39732.000 -40263.497  1.34%  68.7  745s
 641132 455240     cutoff  132      -39732.000 -40263.420  1.34%  68.6  750s
 647004 459192 -39880.621  159  146 -39732.000 -40263.308  1.34%  68.6  755s
 652487 463048 -40243.510  132  110 -39732.000 -40263.216  1.34%  68.5  760s
 657866 466907 -40029.468  137  167 -39732.000 -40263.119  1.34%  68.5  765s
 663204 470691     cutoff  156      -39732.000 -40263.026  1.34%  68.4  770s
 668240 473943 -40224.172  149  139 -39732.000 -40262.951  1.34%  68.4  775s
 673540 477718 -39995.129  157  110 -39732.000 -40262.862  1.34%  68.4  780s
 678452 481117 -40006.202  196  117 -39732.000 -40262.785  1.34%  68.4  785s
 684354 485344 -39892.719  142  157 -39732.000 -40262.692  1.34%  68.3  790s
 689085 488738 -40007.706  179  121 -39732.000 -40262.623  1.34%  68.3  795s
 694606 492381 -40028.764  146  154 -39732.000 -40262.554  1.34%  68.3  800s
 699377 495600 -39899.104  160  123 -39732.000 -40262.458  1.34%  68.2  805s
 705641 499836 -40148.736  155  138 -39732.000 -40262.356  1.33%  68.1  810s
 710590 503372 -39780.445  142  153 -39732.000 -40262.292  1.33%  68.1  815s
 715957 507095 -39815.868  146  158 -39732.000 -40262.194  1.33%  68.1  820s
 721130 510428 -39903.407  201  101 -39732.000 -40262.120  1.33%  68.1  825s
 726261 514156 -40254.794  129  226 -39732.000 -40262.022  1.33%  68.1  830s
 731779 518196 -39780.664  154  161 -39732.000 -40261.943  1.33%  68.0  835s
 736705 521830 -39863.284  128  153 -39732.000 -40261.871  1.33%  68.0  840s
 742368 525965 -40167.146  141  128 -39732.000 -40261.780  1.33%  67.9  845s
 747975 530019 -40252.545  131  180 -39732.000 -40261.688  1.33%  67.9  850s
 753406 533799 -39790.441  163  114 -39732.000 -40261.607  1.33%  67.8  855s
 759491 537978     cutoff  144      -39732.000 -40261.531  1.33%  67.8  860s
 764503 541679 -39988.987  157  155 -39732.000 -40261.460  1.33%  67.7  865s
 769856 545329     cutoff  183      -39732.000 -40261.376  1.33%  67.7  870s
 775486 549248     cutoff  219      -39732.000 -40261.306  1.33%  67.7  875s
 780606 552866 -40094.333  170  139 -39732.000 -40261.249  1.33%  67.6  880s
 785761 556557 -40234.834  128  184 -39732.000 -40261.180  1.33%  67.6  885s
 791547 560464 -40182.081  142  127 -39732.000 -40261.100  1.33%  67.6  890s
 796830 564120 -40021.189  139  102 -39732.000 -40261.026  1.33%  67.5  895s
 802652 568166     cutoff  169      -39732.000 -40260.953  1.33%  67.5  900s
 807823 571724 -40186.346  142  133 -39732.000 -40260.879  1.33%  67.4  905s
 813253 575303 -40121.445  162  113 -39732.000 -40260.794  1.33%  67.4  910s
 818952 579248 -39856.223  150  166 -39732.000 -40260.732  1.33%  67.4  915s
 823592 582532 -39877.339  133  145 -39732.000 -40260.643  1.33%  67.3  920s
 829624 586622 -39764.231  151   96 -39732.000 -40260.569  1.33%  67.3  925s
 834936 590237 -40248.192  120  210 -39732.000 -40260.503  1.33%  67.3  930s
 840406 594076 -39847.156  150  137 -39732.000 -40260.427  1.33%  67.2  935s
 846453 598165 -39818.671  139  211 -39732.000 -40260.342  1.33%  67.1  940s
 851933 602120     cutoff  143      -39732.000 -40260.274  1.33%  67.1  945s
 857705 606039 -40047.645  131  189 -39732.000 -40260.211  1.33%  67.0  950s
 863556 610133 -39939.607  138  171 -39732.000 -40260.127  1.33%  67.0  955s
 869244 613870 -40237.958  114  197 -39732.000 -40260.055  1.33%  67.0  960s
 874168 617380 -39830.625  153  145 -39732.000 -40260.014  1.33%  66.9  965s
 880249 621777 -40029.372  178  219 -39732.000 -40259.926  1.33%  66.9  970s
 885311 625118 -39747.054  153   77 -39732.000 -40259.861  1.33%  66.9  975s
 890999 629261 -39823.261  156  195 -39732.000 -40259.784  1.33%  66.8  980s
 896959 633618 -39918.683  166  103 -39732.000 -40259.712  1.33%  66.8  985s
 902909 637625 -39916.897  160   81 -39732.000 -40259.645  1.33%  66.7  990s
 908503 641502 -40027.831  148  125 -39732.000 -40259.570  1.33%  66.7  995s
 913816 645041 -39942.806  128  110 -39732.000 -40259.500  1.33%  66.6 1000s
 919928 649139 -40247.215  122  165 -39732.000 -40259.425  1.33%  66.6 1005s
 925551 653241 -39979.075  142  145 -39732.000 -40259.369  1.33%  66.5 1010s
 930707 656724 -39886.829  160  147 -39732.000 -40259.298  1.33%  66.5 1015s
 936370 660384 -39766.454  185  134 -39732.000 -40259.217  1.33%  66.5 1020s
 942401 664464 -40203.499  146  138 -39732.000 -40259.130  1.33%  66.4 1025s
 948205 668526 -39821.641  113  194 -39732.000 -40259.054  1.33%  66.4 1030s
 953547 672312     cutoff  165      -39732.000 -40258.990  1.33%  66.4 1035s
 958917 676016 -40061.570  118  176 -39732.000 -40258.923  1.33%  66.3 1040s
 964307 679850 -39774.552  135   89 -39732.000 -40258.873  1.33%  66.3 1045s
 970272 683582 -40172.244  141  165 -39732.000 -40258.796  1.33%  66.3 1050s
 974643 686710 -40074.738  173  150 -39732.000 -40258.735  1.33%  66.3 1055s
 980484 690521     cutoff  190      -39732.000 -40258.666  1.33%  66.2 1060s
 986066 694588 -39899.424  168  139 -39732.000 -40258.591  1.33%  66.2 1065s
 991852 698353 -40234.548  144  176 -39732.000 -40258.527  1.33%  66.2 1070s
 997088 701753 -39897.019  139  148 -39732.000 -40258.460  1.33%  66.1 1075s
 1002526 705719 -39863.274  120  134 -39732.000 -40258.389  1.32%  66.1 1080s
 1007923 709449 -40118.559  141  104 -39732.000 -40258.337  1.32%  66.1 1085s
 1013436 713244 -40154.822  140  248 -39732.000 -40258.277  1.32%  66.1 1090s
 1018466 716743 -39755.871  173  102 -39732.000 -40258.224  1.32%  66.1 1095s
 1023528 720354 -39967.594  142  186 -39732.000 -40258.164  1.32%  66.0 1100s
 1029033 724188 -39888.417  194  137 -39732.000 -40258.096  1.32%  66.0 1105s
 1034466 727609 -40044.313  183  178 -39732.000 -40258.037  1.32%  66.0 1110s
 1040425 731696 -40247.065  154  158 -39732.000 -40257.974  1.32%  66.0 1115s
 1046233 735443 -40163.975  152  143 -39732.000 -40257.914  1.32%  65.9 1120s
 1051502 739241 -39748.272  118  138 -39732.000 -40257.863  1.32%  65.9 1125s
 1056676 742745     cutoff  158      -39732.000 -40257.805  1.32%  65.9 1130s
 1061702 746314 -39931.985  160  169 -39732.000 -40257.746  1.32%  65.9 1135s
 1067072 749951 -40185.476  131  138 -39732.000 -40257.680  1.32%  65.9 1140s
 1073183 754028 -40224.623  118  149 -39732.000 -40257.601  1.32%  65.8 1145s
 1079080 758316 -39875.288  186  119 -39732.000 -40257.542  1.32%  65.8 1150s
 1085049 762326 -39956.580  164  161 -39732.000 -40257.470  1.32%  65.8 1155s
 1089896 765676 -40080.306  151  126 -39732.000 -40257.398  1.32%  65.7 1160s
 1096446 770007 -39949.451  135  103 -39732.000 -40257.332  1.32%  65.7 1165s
 1101242 773342     cutoff  135      -39732.000 -40257.284  1.32%  65.7 1170s
 1107267 777503     cutoff  147      -39732.000 -40257.230  1.32%  65.7 1175s
 1113117 781253     cutoff  121      -39732.000 -40257.162  1.32%  65.6 1180s
 1118731 784976 -40029.430  129  106 -39732.000 -40257.107  1.32%  65.6 1185s
 1124653 788981 -39967.374  146  241 -39732.000 -40257.052  1.32%  65.5 1190s
 1130550 792664     cutoff  155      -39732.000 -40256.991  1.32%  65.5 1195s
 1135650 796136 -39927.254  173  171 -39732.000 -40256.940  1.32%  65.5 1200s
 1141436 800014     cutoff  133      -39732.000 -40256.887  1.32%  65.5 1205s
 1146983 803530 -40020.646  123  211 -39732.000 -40256.829  1.32%  65.4 1210s
 1152519 807378 -39746.498  140  157 -39732.000 -40256.771  1.32%  65.4 1215s
 1158020 811178 -40147.666  137  145 -39732.000 -40256.719  1.32%  65.4 1220s
 1163673 815031 -39803.161  151   98 -39732.000 -40256.659  1.32%  65.4 1225s
 1169754 819120 -40027.011  183  180 -39732.000 -40256.596  1.32%  65.3 1230s
 1174922 822740 -39970.736  123  204 -39732.000 -40256.534  1.32%  65.3 1235s
 1180750 826546 -39893.667  185  110 -39732.000 -40256.476  1.32%  65.3 1240s
 1186943 830901 -40200.787  132  171 -39732.000 -40256.410  1.32%  65.2 1245s
 1192262 834468 -39861.715  141  132 -39732.000 -40256.352  1.32%  65.2 1250s
 1198028 838112     cutoff  142      -39732.000 -40256.288  1.32%  65.2 1255s
 1203310 841719 -39828.976  180  142 -39732.000 -40256.225  1.32%  65.2 1260s
 1209181 845760 -39983.704  147  117 -39732.000 -40256.163  1.32%  65.1 1265s
 1214902 849536 -39818.296  166  115 -39732.000 -40256.113  1.32%  65.1 1270s
 1220362 853232 -39741.938  174  142 -39732.000 -40256.054  1.32%  65.1 1275s
 1225719 856910 -39829.377  142  140 -39732.000 -40255.989  1.32%  65.1 1280s
 1231620 860790 -39735.940  146  106 -39732.000 -40255.929  1.32%  65.0 1285s
 1236673 864319 -39839.771  147  137 -39732.000 -40255.873  1.32%  65.0 1290s
 1242946 868253 -39894.614  147  140 -39732.000 -40255.818  1.32%  65.0 1295s
 1248922 872082 -39835.834  210  144 -39732.000 -40255.752  1.32%  65.0 1300s
 1254099 875702 -39860.804  163  248 -39732.000 -40255.698  1.32%  64.9 1305s
 1260327 879693 -40030.779  140  105 -39732.000 -40255.651  1.32%  64.9 1310s
 1265789 883630 -39810.046  150  127 -39732.000 -40255.606  1.32%  64.9 1315s
 1271487 887194 -39933.267  157  106 -39732.000 -40255.547  1.32%  64.9 1320s
 1276881 890815 -39761.273  147  146 -39732.000 -40255.487  1.32%  64.8 1325s
 1282457 894529 -40013.325  153  179 -39732.000 -40255.436  1.32%  64.8 1330s
 1288105 898507 -39854.042  135  151 -39732.000 -40255.388  1.32%  64.8 1335s
 1293689 901967 -39845.988  136  224 -39732.000 -40255.322  1.32%  64.8 1340s
 1299487 906034 -40202.041  129  132 -39732.000 -40255.257  1.32%  64.8 1345s
 1305357 909808 -39859.772  145  141 -39732.000 -40255.205  1.32%  64.7 1350s
 1310501 913179 -39964.557  141  112 -39732.000 -40255.143  1.32%  64.7 1355s
 1316307 916960 -40032.830  152  138 -39732.000 -40255.096  1.32%  64.7 1360s
 1321891 920514 -39740.785  127  201 -39732.000 -40255.046  1.32%  64.7 1365s
 1326789 924132 -40132.287  145  192 -39732.000 -40254.998  1.32%  64.7 1370s
 1332608 927907 -39736.005  139  184 -39732.000 -40254.945  1.32%  64.6 1375s
 1337958 931640 -39825.228  156  196 -39732.000 -40254.883  1.32%  64.6 1380s
 1343343 935276 -40246.786  126  158 -39732.000 -40254.838  1.32%  64.6 1385s
 1349256 939037 -40061.828  122   96 -39732.000 -40254.786  1.32%  64.6 1390s
 1355675 943263 -39981.168  133   94 -39732.000 -40254.736  1.32%  64.6 1395s
 1360821 946640 -40167.312  141  120 -39732.000 -40254.674  1.32%  64.5 1400s
 1365800 950076 -40186.360  134  131 -39732.000 -40254.627  1.32%  64.5 1405s
 1371807 953706 -39861.025  148  108 -39732.000 -40254.570  1.32%  64.5 1410s
 1377320 957684 -39746.432  176  140 -39732.000 -40254.513  1.32%  64.5 1415s
 1383511 961872 -40001.678  148  211 -39732.000 -40254.462  1.31%  64.5 1420s
 1388458 965212 -39914.911  132  234 -39732.000 -40254.411  1.31%  64.4 1425s
 1393830 968798 -39862.058  132  153 -39732.000 -40254.354  1.31%  64.4 1430s
 1399352 972470 -40051.738  130  121 -39732.000 -40254.302  1.31%  64.4 1435s
 1405231 976308 -39919.182  146  119 -39732.000 -40254.246  1.31%  64.4 1440s
 1410507 979577 -40042.951  151  158 -39732.000 -40254.193  1.31%  64.4 1445s
 1416002 983233 -40122.168  151  112 -39732.000 -40254.136  1.31%  64.4 1450s
 1421857 986979 -40228.729  156  188 -39732.000 -40254.086  1.31%  64.3 1455s
 1427899 991106 -39926.491  141  198 -39732.000 -40254.036  1.31%  64.3 1460s
 1433077 994290 -39845.526  145  220 -39732.000 -40253.990  1.31%  64.3 1465s
 1438768 998257 -39945.410  145  205 -39732.000 -40253.943  1.31%  64.3 1470s
 1444690 1001792 -39809.742  158   82 -39732.000 -40253.888  1.31%  64.3 1475s
 1450301 1005502 -39771.246  149  124 -39732.000 -40253.837  1.31%  64.3 1480s
 1455892 1009168 -40157.508  146  172 -39732.000 -40253.781  1.31%  64.2 1485s
 1462036 1013255 -39743.538  126  177 -39732.000 -40253.724  1.31%  64.2 1490s
 1467335 1016853 -40046.354  144  130 -39732.000 -40253.668  1.31%  64.2 1495s
 1472850 1020296 -39760.900  172  157 -39732.000 -40253.626  1.31%  64.2 1500s
 1478850 1024199 -39915.722  135  117 -39732.000 -40253.581  1.31%  64.2 1505s
 1484570 1027780 -39929.103  151  207 -39732.000 -40253.534  1.31%  64.1 1510s
 1489901 1031466     cutoff  143      -39732.000 -40253.504  1.31%  64.1 1515s
 1494817 1034784 -40114.354  187  172 -39732.000 -40253.456  1.31%  64.1 1520s
 1500215 1038655 -39833.921  180  138 -39732.000 -40253.418  1.31%  64.1 1525s
 1505811 1042312 -39966.618  129  111 -39732.000 -40253.368  1.31%  64.1 1530s
 1511506 1045696 -40236.997  136  149 -39732.000 -40253.321  1.31%  64.1 1535s
 1516884 1049317     cutoff  160      -39732.000 -40253.270  1.31%  64.1 1540s
 1522661 1053025 -39962.661  159  125 -39732.000 -40253.219  1.31%  64.0 1545s
 1528757 1056610 -39873.850  147  133 -39732.000 -40253.156  1.31%  64.0 1550s
 1534913 1060789 -40122.316  152  222 -39732.000 -40253.101  1.31%  64.0 1555s
 1540353 1064129 -39965.555  169  142 -39732.000 -40253.058  1.31%  64.0 1560s
 1545971 1067940 -40107.924  144  107 -39732.000 -40253.009  1.31%  63.9 1565s
 1551841 1071618 -39938.542  196   89 -39732.000 -40252.962  1.31%  63.9 1570s
 1557262 1075062 -39789.134  142  133 -39732.000 -40252.920  1.31%  63.9 1575s
 1563238 1079079     cutoff  142      -39732.000 -40252.860  1.31%  63.9 1580s
 1568789 1082609 -40249.085  134  146 -39732.000 -40252.810  1.31%  63.9 1585s
 1574776 1086520 -39753.737  159  104 -39732.000 -40252.757  1.31%  63.8 1590s
 1580382 1090128 -40018.897  141  125 -39732.000 -40252.697  1.31%  63.8 1595s
 1585699 1093430 -40217.021  134  192 -39732.000 -40252.642  1.31%  63.8 1600s
 1591327 1096982 -40004.821  155  166 -39732.000 -40252.594  1.31%  63.8 1605s
 1597514 1100839 -40190.078  141  153 -39732.000 -40252.534  1.31%  63.8 1610s
 1603188 1104529     cutoff  165      -39732.000 -40252.488  1.31%  63.8 1615s
 1608587 1107669 -39983.739  136  203 -39732.000 -40252.442  1.31%  63.7 1620s
 1613997 1110986 -40162.903  122  233 -39732.000 -40252.377  1.31%  63.7 1625s
 1619219 1114483 -39735.767  148  217 -39732.000 -40252.331  1.31%  63.7 1630s
 1624848 1117902 -39778.698  129  165 -39732.000 -40252.282  1.31%  63.7 1635s
 1629905 1121005     cutoff  181      -39732.000 -40252.240  1.31%  63.7 1640s
 1635185 1124564 -39762.909  149  111 -39732.000 -40252.198  1.31%  63.7 1645s
 1640489 1127788 -40161.678  134  199 -39732.000 -40252.149  1.31%  63.7 1650s
 1646118 1131279 -39988.598  143  131 -39732.000 -40252.100  1.31%  63.7 1655s
 1652502 1135235 -39873.024  146  164 -39732.000 -40252.037  1.31%  63.6 1660s
 1658253 1138619 -39798.664  156   83 -39732.000 -40251.983  1.31%  63.6 1665s
 1663626 1141940 -40000.366  167  163 -39732.000 -40251.938  1.31%  63.6 1670s
 1669559 1145898 -40072.625  131  131 -39732.000 -40251.890  1.31%  63.6 1675s
 1675428 1149356 -39827.877  127  212 -39732.000 -40251.834  1.31%  63.6 1680s
 1680890 1152997 -39830.026  160  118 -39732.000 -40251.789  1.31%  63.5 1685s
 1686858 1156681 -39741.263  151  100 -39732.000 -40251.739  1.31%  63.5 1690s
 1692426 1160155 -39781.771  144  130 -39732.000 -40251.677  1.31%  63.5 1695s
 1697930 1163395 -39936.452  133  168 -39732.000 -40251.629  1.31%  63.5 1700s
 1703055 1166686 -40005.887  200  156 -39732.000 -40251.586  1.31%  63.5 1705s
 1708916 1170373 -40244.975  116  188 -39732.000 -40251.534  1.31%  63.5 1710s
 1714852 1173912 -39990.994  134  236 -39732.000 -40251.486  1.31%  63.5 1715s
 1719736 1176908 -39935.697  157  127 -39732.000 -40251.447  1.31%  63.4 1720s
 1725558 1180512 -39884.755  154  102 -39732.000 -40251.389  1.31%  63.4 1725s
 1730749 1183661 -40130.749  137  139 -39732.000 -40251.336  1.31%  63.4 1730s
 1735978 1186643 -40115.769  133  130 -39732.000 -40251.279  1.31%  63.4 1735s
 1741427 1190138 -39755.089  176   76 -39732.000 -40251.224  1.31%  63.4 1740s
 1746678 1193161 -39828.362  148  196 -39732.000 -40251.173  1.31%  63.4 1745s
 1752124 1196435     cutoff  143      -39732.000 -40251.120  1.31%  63.4 1750s
 1757951 1199813 -39808.241  147  157 -39732.000 -40251.054  1.31%  63.4 1755s
 1763609 1203096 -39820.581  139  209 -39732.000 -40250.993  1.31%  63.4 1760s
 1768712 1206305 -39900.902  139  119 -39732.000 -40250.949  1.31%  63.4 1765s
 1773761 1209207     cutoff  153      -39732.000 -40250.902  1.31%  63.4 1770s
 1779474 1212676 -39929.065  143  196 -39732.000 -40250.852  1.31%  63.4 1775s
 1785151 1215936 -39993.875  144  227 -39732.000 -40250.786  1.31%  63.3 1780s
 1790375 1219088 -40230.447  128  137 -39732.000 -40250.722  1.31%  63.3 1785s
 1795910 1222369 -40213.108  121  230 -39732.000 -40250.669  1.31%  63.3 1790s
 1801569 1225307 -39809.946  121  176 -39732.000 -40250.611  1.31%  63.3 1795s
 1806657 1228321     cutoff  146      -39732.000 -40250.558  1.31%  63.3 1800s
 1812415 1231850 -39867.931  145  116 -39732.000 -40250.487  1.30%  63.3 1805s
 1817684 1234911     cutoff  153      -39732.000 -40250.438  1.30%  63.3 1810s
 1823270 1238247 -40232.651  149  153 -39732.000 -40250.380  1.30%  63.3 1815s
 1828937 1241573 -39748.098  136  105 -39732.000 -40250.314  1.30%  63.3 1820s
 1834256 1244883 -39854.714  146  142 -39732.000 -40250.255  1.30%  63.3 1825s
 1840233 1248477 -40233.914  136  145 -39732.000 -40250.193  1.30%  63.2 1830s
 1845542 1251591 -39922.978  145  181 -39732.000 -40250.137  1.30%  63.2 1835s
 1851074 1254847 -39815.103  117  212 -39732.000 -40250.081  1.30%  63.2 1840s
 1856698 1258041 -39792.026  124  147 -39732.000 -40250.004  1.30%  63.2 1845s
 1862333 1261263 -39864.435  163  149 -39732.000 -40249.952  1.30%  63.2 1850s
 1867773 1264265 -39894.095  159  216 -39732.000 -40249.905  1.30%  63.2 1855s
 1872776 1267305 -39785.845  159  125 -39732.000 -40249.841  1.30%  63.2 1860s
 1878671 1270529 -39851.372  153  104 -39732.000 -40249.767  1.30%  63.2 1865s
 1884082 1273546     cutoff  147      -39732.000 -40249.709  1.30%  63.1 1870s
 1889216 1276644 -39878.839  152  179 -39732.000 -40249.661  1.30%  63.1 1875s
 1894821 1279917 -39794.998  163  121 -39732.000 -40249.606  1.30%  63.1 1880s
 1899868 1283233 -40183.487  164  173 -39732.000 -40249.563  1.30%  63.1 1885s
 1905664 1286341 -39879.800  128  177 -39732.000 -40249.503  1.30%  63.1 1890s
 1911133 1289512 -39968.098  202  176 -39732.000 -40249.451  1.30%  63.1 1895s
 1916374 1292549 -39917.069  148  208 -39732.000 -40249.397  1.30%  63.1 1900s
 1921647 1295574 -39778.010  142  158 -39732.000 -40249.348  1.30%  63.1 1905s
 1926789 1298473 -39863.400  150   88 -39732.000 -40249.291  1.30%  63.1 1910s
 1932329 1301437 -39989.793  150   77 -39732.000 -40249.224  1.30%  63.1 1915s
 1938359 1304878 -39900.504  156   95 -39732.000 -40249.168  1.30%  63.1 1920s
 1944133 1308049 -39875.774  152  166 -39732.000 -40249.106  1.30%  63.0 1925s
 1949164 1310832 -39900.009  140  114 -39732.000 -40249.059  1.30%  63.0 1930s
 1954460 1313969 -39772.027  141  102 -39732.000 -40249.003  1.30%  63.0 1935s
 1959906 1316880 -39933.262  138  140 -39732.000 -40248.945  1.30%  63.0 1940s
 1965280 1319979 -40038.733  150  136 -39732.000 -40248.895  1.30%  63.0 1945s
 1970506 1322907 -40001.793  171  150 -39732.000 -40248.842  1.30%  63.0 1950s
 1976359 1326064     cutoff  142      -39732.000 -40248.788  1.30%  63.0 1955s
 1981638 1328965 -40203.207  128  195 -39732.000 -40248.728  1.30%  63.0 1960s
 1986976 1331985     cutoff  145      -39732.000 -40248.674  1.30%  63.0 1965s
 1992676 1335271 -40136.839  130  194 -39732.000 -40248.614  1.30%  63.0 1970s
 1998111 1338444 -40039.196  139  147 -39732.000 -40248.552  1.30%  63.0 1975s
 2003370 1341317 -39735.646  156   91 -39732.000 -40248.499  1.30%  63.0 1980s
 2009505 1344784 -39755.684  159   86 -39732.000 -40248.430  1.30%  62.9 1985s
 2014667 1347913 -40001.217  136  137 -39732.000 -40248.381  1.30%  62.9 1990s
 2019728 1350704 -39826.699  154  121 -39732.000 -40248.325  1.30%  62.9 1995s
 2024708 1353559     cutoff  147      -39732.000 -40248.273  1.30%  62.9 2000s
 2030607 1356946 -39811.005  151  128 -39732.000 -40248.210  1.30%  62.9 2005s
 2035227 1359502 -39826.620  162  171 -39732.000 -40248.158  1.30%  62.9 2010s
 2040967 1362623 -40109.771  135  133 -39732.000 -40248.092  1.30%  62.9 2015s
 2045927 1365587 -39741.719  134  124 -39732.000 -40248.043  1.30%  62.9 2020s
 2051617 1368794     cutoff  146      -39732.000 -40247.980  1.30%  62.9 2025s
 2056947 1371848     cutoff  141      -39732.000 -40247.920  1.30%  62.9 2030s
 2062644 1374798 -39933.706  167  170 -39732.000 -40247.869  1.30%  62.9 2035s
 2067524 1377423 -39734.737  166  114 -39732.000 -40247.812  1.30%  62.9 2040s
 2072784 1380257     cutoff  172      -39732.000 -40247.766  1.30%  62.9 2045s
 2078295 1383561 -39782.457  153  163 -39732.000 -40247.699  1.30%  62.9 2050s
 2084105 1386527 -39876.005  144  103 -39732.000 -40247.637  1.30%  62.8 2055s
 2089460 1389722 -40236.123  142  128 -39732.000 -40247.585  1.30%  62.8 2060s
 2095270 1392856 -39807.739  148  226 -39732.000 -40247.511  1.30%  62.8 2065s
 2099471 1395141 -39758.406  145   94 -39732.000 -40247.466  1.30%  62.8 2070s
 2105027 1398035 -40192.957  135  114 -39732.000 -40247.410  1.30%  62.8 2075s
 2111062 1401580 -39864.793  121  112 -39732.000 -40247.342  1.30%  62.8 2080s
 2116450 1404608 -40009.415  120  180 -39732.000 -40247.288  1.30%  62.8 2085s
 2121559 1407345     cutoff  156      -39732.000 -40247.232  1.30%  62.8 2090s
 2126846 1410135 -39975.296  173   85 -39732.000 -40247.170  1.30%  62.8 2095s
 2131938 1413130 -39966.664  138  139 -39732.000 -40247.116  1.30%  62.8 2100s
 2136752 1415744 -39964.638  133  162 -39732.000 -40247.062  1.30%  62.8 2105s
 2142586 1418710 -39738.416  147  129 -39732.000 -40246.994  1.30%  62.8 2110s
 2147695 1421461 -40111.920  160  186 -39732.000 -40246.938  1.30%  62.8 2115s
 2153423 1424695 -39765.657  156  105 -39732.000 -40246.878  1.30%  62.8 2120s
 2158183 1427386 -39871.521  129  154 -39732.000 -40246.827  1.30%  62.8 2125s
 2163245 1430140 -39975.496  141  139 -39732.000 -40246.768  1.30%  62.8 2130s
 2168803 1433338 -39872.564  158  119 -39732.000 -40246.700  1.30%  62.8 2135s
 2174131 1436313 -39823.527  120  160 -39732.000 -40246.642  1.30%  62.8 2140s
 2178874 1438971 -40233.380  126  220 -39732.000 -40246.592  1.30%  62.8 2145s
 2184018 1441724 -40014.782  146   99 -39732.000 -40246.531  1.30%  62.8 2150s
 2189720 1445030 -39845.199  143  153 -39732.000 -40246.470  1.29%  62.8 2155s
 2194935 1447689 -39903.522  133  181 -39732.000 -40246.414  1.29%  62.8 2160s
 2200368 1450630 -40081.752  123  207 -39732.000 -40246.351  1.29%  62.7 2165s
 2205772 1453868 -40212.827  144  172 -39732.000 -40246.295  1.29%  62.7 2170s
 2211084 1456716 -39855.299  135  102 -39732.000 -40246.235  1.29%  62.7 2175s
 2216505 1459847 -39952.198  151  156 -39732.000 -40246.176  1.29%  62.7 2180s
 2222479 1462907 -39987.563  146  100 -39732.000 -40246.114  1.29%  62.7 2185s
 2227769 1465747 -40032.008  165  147 -39732.000 -40246.056  1.29%  62.7 2190s
 2233016 1468484 -39869.384  159  147 -39732.000 -40245.999  1.29%  62.7 2195s
 2237975 1471256 -39747.642  157  100 -39732.000 -40245.951  1.29%  62.7 2200s
 2243736 1474663 -40164.304  157  120 -39732.000 -40245.888  1.29%  62.7 2205s
 2248963 1477423 -39838.280  157  104 -39732.000 -40245.822  1.29%  62.7 2210s
 2253582 1479793 -40228.185  139  118 -39732.000 -40245.775  1.29%  62.7 2215s
 2259191 1482934 -39766.824  124  138 -39732.000 -40245.720  1.29%  62.7 2220s
 2264020 1485722 -40207.450  154  145 -39732.000 -40245.664  1.29%  62.7 2225s
 2269700 1488835 -40058.698  143  108 -39732.000 -40245.595  1.29%  62.7 2230s
 2275070 1491833 -39982.118  133  191 -39732.000 -40245.533  1.29%  62.7 2235s
 2280600 1494831 -40096.329  133  182 -39732.000 -40245.467  1.29%  62.7 2240s
 2285771 1497585     cutoff  166      -39732.000 -40245.409  1.29%  62.6 2245s
 2291056 1500387 -40009.854  127  189 -39732.000 -40245.352  1.29%  62.6 2250s
 2296025 1503128     cutoff  211      -39732.000 -40245.295  1.29%  62.6 2255s
 2301977 1506210     cutoff  194      -39732.000 -40245.230  1.29%  62.6 2260s
 2306915 1508804 -39847.019  166  152 -39732.000 -40245.174  1.29%  62.6 2265s
 2311902 1511206 -39838.688  161  194 -39732.000 -40245.113  1.29%  62.6 2270s
 2317100 1514175 -40056.154  133  145 -39732.000 -40245.057  1.29%  62.6 2275s
 2322950 1517283 -39791.470  145  138 -39732.000 -40244.990  1.29%  62.6 2280s
 2328254 1519899 -39791.466  148  149 -39732.000 -40244.929  1.29%  62.6 2285s
 2333706 1522750 -40226.599  141  198 -39732.000 -40244.872  1.29%  62.6 2290s
 2339036 1525541 -40154.915  140  251 -39732.000 -40244.809  1.29%  62.6 2295s
 2344023 1528308 -39763.103  181  164 -39732.000 -40244.754  1.29%  62.6 2300s
 2349265 1530979 -40238.110  119  219 -39732.000 -40244.688  1.29%  62.6 2305s
 2354392 1533937 -40241.033  132  143 -39732.000 -40244.632  1.29%  62.6 2310s
 2359934 1536716 -40058.690  130  158 -39732.000 -40244.565  1.29%  62.6 2315s
 2365132 1539386 -40230.590  141  160 -39732.000 -40244.500  1.29%  62.6 2320s
 2370702 1542350     cutoff  155      -39732.000 -40244.442  1.29%  62.6 2325s
 2376674 1545371 -39759.898  174   93 -39732.000 -40244.368  1.29%  62.5 2330s
 2381598 1547842 -40012.227  129  223 -39732.000 -40244.321  1.29%  62.5 2335s
 2387132 1550754 -39931.765  124  130 -39732.000 -40244.255  1.29%  62.5 2340s
 2391891 1553506 -39836.701  136  110 -39732.000 -40244.203  1.29%  62.5 2345s
 2397812 1556873 -39943.823  152  130 -39732.000 -40244.145  1.29%  62.5 2350s
 2402907 1559538 -39775.189  127  135 -39732.000 -40244.091  1.29%  62.5 2355s
 2408247 1562337 -39757.672  157  134 -39732.000 -40244.028  1.29%  62.5 2360s
 2413619 1565364 -39764.880  166  142 -39732.000 -40243.955  1.29%  62.5 2365s
 2418828 1568297     cutoff  148      -39732.000 -40243.902  1.29%  62.5 2370s
 2424528 1571048 -40113.816  146  110 -39732.000 -40243.842  1.29%  62.5 2375s
 2429611 1573924     cutoff  128      -39732.000 -40243.791  1.29%  62.5 2380s
 2435092 1577015 -39877.899  155  150 -39732.000 -40243.734  1.29%  62.5 2385s
 2439670 1579387 -39795.688  115  175 -39732.000 -40243.686  1.29%  62.5 2390s
 2445202 1582429 -40079.695  142  132 -39732.000 -40243.631  1.29%  62.5 2395s
 2450365 1585282 -39874.589  160  167 -39732.000 -40243.578  1.29%  62.5 2400s
 2455623 1588071 -40226.277  143  161 -39732.000 -40243.518  1.29%  62.5 2405s
 2460667 1590637 -39937.844  199   74 -39732.000 -40243.463  1.29%  62.5 2410s
 2465837 1593497 -40084.629  151  158 -39732.000 -40243.402  1.29%  62.5 2415s
 2471102 1596413     cutoff  148      -39732.000 -40243.343  1.29%  62.5 2420s
 2476746 1599338 -39840.341  148  112 -39732.000 -40243.292  1.29%  62.5 2425s
 2481753 1602042 -39892.937  146  172 -39732.000 -40243.234  1.29%  62.5 2430s
 2487011 1604945 -39927.913  133  224 -39732.000 -40243.174  1.29%  62.5 2435s
 2493076 1608179 -39749.965  150  123 -39732.000 -40243.111  1.29%  62.5 2440s
 2497746 1610757 -39794.516  140  112 -39732.000 -40243.056  1.29%  62.5 2445s
 2503830 1614050     cutoff  140      -39732.000 -40242.987  1.29%  62.5 2450s
 2508735 1616645 -39755.243  158   77 -39732.000 -40242.938  1.29%  62.5 2455s
 2514064 1619407 -40049.730  143   96 -39732.000 -40242.877  1.29%  62.5 2460s
 2519298 1622241 -40009.206  153  140 -39732.000 -40242.820  1.29%  62.5 2465s
 2524624 1625128 -39881.541  153  130 -39732.000 -40242.756  1.29%  62.5 2470s
 2529923 1627831 -40231.640  123  234 -39732.000 -40242.692  1.29%  62.5 2475s
 2534769 1630366 -40068.332  123  188 -39732.000 -40242.633  1.29%  62.5 2480s
 2540699 1633368     cutoff  161      -39732.000 -40242.574  1.29%  62.5 2485s
 2545603 1636122     cutoff  160      -39732.000 -40242.522  1.28%  62.5 2490s
 2550984 1638909 -39750.409  189   63 -39732.000 -40242.465  1.28%  62.4 2495s
 2556258 1641463 -40233.671  138  205 -39732.000 -40242.403  1.28%  62.4 2500s
 2561274 1644328 -40063.159  141   88 -39732.000 -40242.342  1.28%  62.4 2505s
 2566955 1647378 -39853.179  132  189 -39732.000 -40242.286  1.28%  62.4 2510s
 2572488 1650280 -40038.476  140  156 -39732.000 -40242.223  1.28%  62.4 2515s
 2577738 1653022 -39896.153  133  135 -39732.000 -40242.174  1.28%  62.4 2520s
 2584014 1656145 -40164.617  134  148 -39732.000 -40242.102  1.28%  62.4 2525s
 2588827 1658551 -39929.136  156  156 -39732.000 -40242.040  1.28%  62.4 2530s
 2593958 1661145     cutoff  150      -39732.000 -40241.975  1.28%  62.4 2535s
 2599255 1664084 -39825.048  167  146 -39732.000 -40241.907  1.28%  62.4 2540s
 2604890 1667029 -39760.116  195   84 -39732.000 -40241.838  1.28%  62.4 2545s
 2610320 1669739 -39904.784  142  159 -39732.000 -40241.777  1.28%  62.4 2550s
 2616356 1673012 -40022.878  153  143 -39732.000 -40241.713  1.28%  62.4 2555s
H2620680 1564883                    -39761.00000 -40241.669  1.21%  62.4 2559s
 2620854 1565139     cutoff  134      -39761.000 -40241.665  1.21%  62.4 2560s
 2625477 1567547 -40221.738  139  147 -39761.000 -40241.618  1.21%  62.4 2565s
 2630601 1570064 -40202.962  147  129 -39761.000 -40241.559  1.21%  62.4 2570s
 2634917 1572124 -40134.043  142  125 -39761.000 -40241.501  1.21%  62.4 2575s
 2640529 1574923 -39988.719  124  200 -39761.000 -40241.441  1.21%  62.4 2580s
 2645772 1577552 -39912.023  143  216 -39761.000 -40241.386  1.21%  62.4 2585s
H2651211 1464244                    -39784.00000 -40241.329  1.15%  62.4 2590s
 2655603 1466386 -39844.542  141  112 -39784.000 -40241.264  1.15%  62.4 2595s
 2661077 1469036 -39894.977  120  167 -39784.000 -40241.206  1.15%  62.4 2600s
 2666337 1471409     cutoff  147      -39784.000 -40241.126  1.15%  62.4 2605s
 2671406 1474006 -39913.562  174   88 -39784.000 -40241.066  1.15%  62.4 2610s
 2676974 1476488 -40240.894  132  163 -39784.000 -40240.997  1.15%  62.4 2615s
 2682140 1478906 -39812.608  117  209 -39784.000 -40240.929  1.15%  62.4 2620s
 2687333 1481494 -39927.831  128  178 -39784.000 -40240.864  1.15%  62.4 2625s
 2692520 1483793 -39819.082  148  136 -39784.000 -40240.792  1.15%  62.4 2630s
 2697346 1486134 -40023.821  138  167 -39784.000 -40240.711  1.15%  62.4 2635s
 2702552 1488810 -39796.222  143  127 -39784.000 -40240.650  1.15%  62.4 2640s
 2707518 1491012 -39807.126  153  175 -39784.000 -40240.588  1.15%  62.4 2645s
 2712878 1493485 -39861.634  144  120 -39784.000 -40240.520  1.15%  62.4 2650s
 2718487 1496129 -39787.610  178   92 -39784.000 -40240.456  1.15%  62.4 2655s
 2723146 1498451 -40192.600  127   95 -39784.000 -40240.389  1.15%  62.4 2660s
 2729006 1501018 -40055.347  133  197 -39784.000 -40240.319  1.15%  62.3 2665s
 2733521 1503153     cutoff  143      -39784.000 -40240.262  1.15%  62.4 2670s
 2738209 1505456 -39911.983  183  113 -39784.000 -40240.204  1.15%  62.4 2675s
 2743521 1508024 -40000.795  147  203 -39784.000 -40240.136  1.15%  62.4 2680s
 2748450 1510277 -39899.065  139  198 -39784.000 -40240.076  1.15%  62.4 2685s
 2753266 1512542 -39852.218  145  138 -39784.000 -40240.024  1.15%  62.4 2690s
 2759088 1515412 -40209.442  148  168 -39784.000 -40239.948  1.15%  62.4 2695s
 2763691 1517829 -39902.321  150  145 -39784.000 -40239.896  1.15%  62.4 2700s
 2769298 1520306 -39818.512  134  134 -39784.000 -40239.838  1.15%  62.4 2705s
 2773740 1522523 -40038.187  135  136 -39784.000 -40239.786  1.15%  62.4 2710s
 2778405 1524944 -39824.065  135  118 -39784.000 -40239.736  1.15%  62.4 2715s
 2783731 1527629 -39868.470  148  105 -39784.000 -40239.672  1.15%  62.4 2720s
 2789325 1530382 -39888.531  149  167 -39784.000 -40239.617  1.15%  62.4 2725s
 2793962 1532853 -40227.578  119  173 -39784.000 -40239.571  1.15%  62.4 2730s
 2799569 1535442 -39794.200  148  186 -39784.000 -40239.510  1.14%  62.4 2735s
 2804315 1537709 -40047.269  124  109 -39784.000 -40239.450  1.14%  62.4 2740s
 2808877 1539889 -39829.490  143  153 -39784.000 -40239.405  1.14%  62.4 2745s
 2814126 1542460 -39924.294  134  174 -39784.000 -40239.345  1.14%  62.4 2750s
 2819398 1544986 -39797.548  139  157 -39784.000 -40239.281  1.14%  62.4 2755s
 2824014 1547229 -39800.957  131  197 -39784.000 -40239.223  1.14%  62.4 2760s
 2829840 1550099 -39811.257  131  150 -39784.000 -40239.159  1.14%  62.4 2765s
 2834146 1552294 -39828.235  135  152 -39784.000 -40239.111  1.14%  62.4 2770s
 2839494 1554904 -39931.357  140  105 -39784.000 -40239.052  1.14%  62.4 2775s
 2844411 1557351 -40230.305  122  160 -39784.000 -40238.990  1.14%  62.4 2780s
 2849220 1559522 -39801.787  151  141 -39784.000 -40238.933  1.14%  62.4 2785s
 2854153 1562128 -39907.066  131  142 -39784.000 -40238.879  1.14%  62.4 2790s
 2859548 1564953 -39878.485  141  152 -39784.000 -40238.821  1.14%  62.4 2795s
 2865128 1567546     cutoff  139      -39784.000 -40238.765  1.14%  62.4 2800s
 2870211 1569955     cutoff  177      -39784.000 -40238.712  1.14%  62.4 2805s
 2875678 1572732 -39818.363  144  130 -39784.000 -40238.653  1.14%  62.4 2810s
 2880592 1574912     cutoff  149      -39784.000 -40238.587  1.14%  62.4 2815s
 2886221 1577450 -39786.149  132  170 -39784.000 -40238.519  1.14%  62.4 2820s
 2891642 1580171     cutoff  139      -39784.000 -40238.448  1.14%  62.4 2825s
 2896432 1582456 -39802.918  145  166 -39784.000 -40238.392  1.14%  62.4 2830s
 2901712 1584939 -39828.215  154  127 -39784.000 -40238.336  1.14%  62.4 2835s
 2906134 1587066 -40230.044  120  200 -39784.000 -40238.279  1.14%  62.4 2840s
 2911100 1589441 -39963.898  137  132 -39784.000 -40238.216  1.14%  62.4 2845s
 2916580 1592300 -40183.317  139  186 -39784.000 -40238.158  1.14%  62.4 2850s
 2920720 1594347 -39918.958  139  127 -39784.000 -40238.111  1.14%  62.4 2855s
 2925843 1596856 -40176.031  128  188 -39784.000 -40238.054  1.14%  62.4 2860s
 2931370 1599233 -39934.012  153  125 -39784.000 -40237.989  1.14%  62.4 2865s
 2936298 1601655 -40123.184  141  185 -39784.000 -40237.942  1.14%  62.4 2870s
 2941603 1604255 -39962.799  154  168 -39784.000 -40237.887  1.14%  62.4 2875s
 2946339 1606694 -40117.892  137  139 -39784.000 -40237.841  1.14%  62.4 2880s
 2951770 1609213 -40121.112  146  132 -39784.000 -40237.774  1.14%  62.4 2885s
 2956951 1611587     cutoff  143      -39784.000 -40237.711  1.14%  62.4 2890s
 2962348 1614471 -40164.430  139  162 -39784.000 -40237.645  1.14%  62.4 2895s
 2967165 1616735 -40059.433  137  123 -39784.000 -40237.583  1.14%  62.4 2900s
 2971896 1618982 -39828.270  143   94 -39784.000 -40237.526  1.14%  62.4 2905s
 2976651 1621188 -39936.807  143  144 -39784.000 -40237.470  1.14%  62.4 2910s
 2981841 1623646 -39816.790  161  124 -39784.000 -40237.411  1.14%  62.4 2915s
 2986511 1625950 -39833.179  125  212 -39784.000 -40237.361  1.14%  62.4 2920s
 2991633 1628293 -39849.310  159  148 -39784.000 -40237.301  1.14%  62.4 2925s
 2997109 1630865     cutoff  151      -39784.000 -40237.230  1.14%  62.4 2930s
 3001585 1633174 -39869.087  132  133 -39784.000 -40237.182  1.14%  62.4 2935s
 3006430 1635499 -39919.046  127  207 -39784.000 -40237.122  1.14%  62.4 2940s
 3011680 1638030 -39919.046  127  202 -39784.000 -40237.059  1.14%  62.4 2945s
 3017036 1640666 -39896.878  149  158 -39784.000 -40236.998  1.14%  62.4 2950s
 3022302 1643180 -39926.235  133  129 -39784.000 -40236.948  1.14%  62.4 2955s
 3027055 1645395 -39847.550  144  120 -39784.000 -40236.897  1.14%  62.4 2960s
 3032324 1647846 -39883.894  162  160 -39784.000 -40236.845  1.14%  62.4 2965s
 3037330 1650237     cutoff  175      -39784.000 -40236.801  1.14%  62.4 2970s
 3042952 1652692 -40228.026  122  135 -39784.000 -40236.742  1.14%  62.4 2975s
 3047999 1655015     cutoff  156      -39784.000 -40236.685  1.14%  62.4 2980s
 3052558 1657341 -40126.646  155  139 -39784.000 -40236.642  1.14%  62.4 2985s
 3057144 1659599 -39882.186  136  169 -39784.000 -40236.591  1.14%  62.4 2990s
 3062489 1661982 -39847.223  138  185 -39784.000 -40236.529  1.14%  62.4 2995s
 3068227 1664422 -39883.534  118  165 -39784.000 -40236.460  1.14%  62.4 3000s
 3073349 1666932 -39795.711  154  122 -39784.000 -40236.406  1.14%  62.4 3005s
 3078634 1669357 -39889.577  119  190 -39784.000 -40236.347  1.14%  62.4 3010s
 3083418 1671521 -39790.413  142  177 -39784.000 -40236.294  1.14%  62.4 3015s
 3088128 1673851 -39847.877  134  146 -39784.000 -40236.249  1.14%  62.4 3020s
 3093953 1676550 -39792.666  122  197 -39784.000 -40236.192  1.14%  62.4 3025s
 3099056 1678905 -40093.189  137  165 -39784.000 -40236.136  1.14%  62.4 3030s
 3104010 1681096 -39941.346  180  103 -39784.000 -40236.076  1.14%  62.4 3035s
 3108755 1683416 -39902.523  152  129 -39784.000 -40236.023  1.14%  62.4 3040s
 3114482 1686035 -39812.900  152  156 -39784.000 -40235.957  1.14%  62.4 3045s
 3119235 1688325     cutoff  142      -39784.000 -40235.911  1.14%  62.4 3050s
 3124885 1691022 -39997.913  135  130 -39784.000 -40235.857  1.14%  62.4 3055s
 3129630 1693395 -40176.362  122  209 -39784.000 -40235.802  1.14%  62.4 3060s
 3135013 1695922 -40227.594  148  138 -39784.000 -40235.748  1.14%  62.4 3065s
 3140475 1698674 -40073.656  135  133 -39784.000 -40235.681  1.14%  62.4 3070s
 3145811 1701078     cutoff  157      -39784.000 -40235.629  1.14%  62.4 3075s
 3150167 1703312 -39892.127  146  162 -39784.000 -40235.582  1.14%  62.4 3080s
 3155956 1705978 -40074.361  144  176 -39784.000 -40235.519  1.13%  62.4 3085s
 3160781 1708354 -40052.490  135  154 -39784.000 -40235.472  1.13%  62.4 3090s
 3165674 1710839 -40044.642  138  203 -39784.000 -40235.420  1.13%  62.4 3095s
 3171004 1713353 -40210.598  144  103 -39784.000 -40235.367  1.13%  62.4 3100s
 3176285 1715871 -40104.463  137  126 -39784.000 -40235.315  1.13%  62.4 3105s
 3181025 1718069 -40154.967  133  194 -39784.000 -40235.271  1.13%  62.4 3110s
 3186289 1720670 -39930.169  128  201 -39784.000 -40235.217  1.13%  62.4 3115s
 3191197 1723107 -40225.229  132  223 -39784.000 -40235.167  1.13%  62.4 3120s
 3196456 1725595 -40118.785  125  177 -39784.000 -40235.114  1.13%  62.4 3125s
 3201785 1728208 -39858.009  161  126 -39784.000 -40235.066  1.13%  62.4 3130s
 3206920 1730461 -40006.033  157  104 -39784.000 -40235.015  1.13%  62.4 3135s
 3212027 1733024 -40147.479  126  221 -39784.000 -40234.965  1.13%  62.4 3140s
 3217628 1735753 -39815.309  144  114 -39784.000 -40234.913  1.13%  62.4 3145s
 3222298 1737955     cutoff  149      -39784.000 -40234.870  1.13%  62.4 3150s
 3227275 1740337 -39864.007  127  101 -39784.000 -40234.816  1.13%  62.4 3155s
 3233456 1743220 -40001.821  161  137 -39784.000 -40234.754  1.13%  62.4 3160s
 3238428 1745517     cutoff  117      -39784.000 -40234.705  1.13%  62.4 3165s
 3243896 1748248     cutoff  147      -39784.000 -40234.657  1.13%  62.4 3170s
 3248963 1750461 -39864.709  154  110 -39784.000 -40234.612  1.13%  62.4 3175s
 3254444 1753051 -40143.060  141  153 -39784.000 -40234.553  1.13%  62.4 3180s
 3259892 1755482 -40044.848  129  206 -39784.000 -40234.493  1.13%  62.3 3185s
 3265589 1758295 -40220.166  137  130 -39784.000 -40234.428  1.13%  62.3 3190s
 3270335 1760557 -39881.137  158  122 -39784.000 -40234.383  1.13%  62.3 3195s
 3276308 1763335 -39790.790  128  134 -39784.000 -40234.319  1.13%  62.3 3200s
 3281560 1765638 -39789.451  166  135 -39784.000 -40234.256  1.13%  62.3 3205s
 3286985 1768145 -39845.884  150   99 -39784.000 -40234.202  1.13%  62.3 3210s
 3291935 1770546 -39788.659  189  100 -39784.000 -40234.159  1.13%  62.3 3215s
 3297412 1773158 -39829.147  129  120 -39784.000 -40234.095  1.13%  62.3 3220s
 3302289 1775504 -40084.047  154  195 -39784.000 -40234.041  1.13%  62.3 3225s
 3307564 1777989 -39813.013  126  189 -39784.000 -40233.988  1.13%  62.3 3230s
 3312662 1780345 -39986.720  137  223 -39784.000 -40233.938  1.13%  62.3 3235s
 3318031 1783134 -39889.105  154  175 -39784.000 -40233.886  1.13%  62.3 3240s
 3322717 1785306 -39950.728  136  125 -39784.000 -40233.848  1.13%  62.3 3245s
 3327689 1787917 -39909.085  170  148 -39784.000 -40233.800  1.13%  62.3 3250s
 3333040 1790327 -39859.977  158  124 -39784.000 -40233.744  1.13%  62.3 3255s
 3338566 1792908 -39793.269  138  146 -39784.000 -40233.679  1.13%  62.3 3260s
 3343469 1795206 -39917.331  129  184 -39784.000 -40233.635  1.13%  62.3 3265s
 3348419 1797548 -40168.791  141  152 -39784.000 -40233.589  1.13%  62.3 3270s
 3353716 1799935 -40114.820  136  173 -39784.000 -40233.531  1.13%  62.3 3275s
 3358835 1802477 -40171.439  136  165 -39784.000 -40233.487  1.13%  62.3 3280s
 3364272 1804975     cutoff  149      -39784.000 -40233.432  1.13%  62.3 3285s
 3369450 1807464 -39813.997  134  211 -39784.000 -40233.377  1.13%  62.3 3290s
 3375043 1810140 -39811.722  138  225 -39784.000 -40233.318  1.13%  62.3 3295s
 3380479 1812744 -39876.049  153   67 -39784.000 -40233.262  1.13%  62.3 3300s
 3385210 1815002 -39850.575  130  164 -39784.000 -40233.221  1.13%  62.3 3305s
 3390760 1817615     cutoff  197      -39784.000 -40233.170  1.13%  62.3 3310s
 3396118 1820354 -39942.316  135  163 -39784.000 -40233.126  1.13%  62.3 3315s
 3401391 1822920 -40027.582  144  191 -39784.000 -40233.079  1.13%  62.3 3320s
 3406713 1825544 -39931.507  144  139 -39784.000 -40233.030  1.13%  62.3 3325s
 3411957 1828134 -39880.840  147  206 -39784.000 -40232.981  1.13%  62.3 3330s
 3416830 1830209 -39795.301  123  153 -39784.000 -40232.928  1.13%  62.3 3335s
 3422168 1832858     cutoff  135      -39784.000 -40232.888  1.13%  62.3 3340s
 3427294 1835325 -40054.574  134  130 -39784.000 -40232.837  1.13%  62.3 3345s
 3432762 1837671 -39982.105  125  134 -39784.000 -40232.779  1.13%  62.3 3350s
 3438919 1840410 -40230.545  124  176 -39784.000 -40232.716  1.13%  62.3 3355s
 3443754 1842715 -40050.804  119  186 -39784.000 -40232.668  1.13%  62.3 3360s
 3448466 1845065 -40217.873  135  162 -39784.000 -40232.622  1.13%  62.3 3365s
 3453375 1847437 -40042.017  138  120 -39784.000 -40232.578  1.13%  62.3 3370s
 3458446 1850067 -40076.030  143  146 -39784.000 -40232.520  1.13%  62.3 3375s
 3463561 1852537 -39830.490  145  121 -39784.000 -40232.475  1.13%  62.3 3380s
 3469135 1855099 -39921.628  143   96 -39784.000 -40232.418  1.13%  62.3 3385s
 3474795 1857698 -39832.235  145   95 -39784.000 -40232.362  1.13%  62.3 3390s
 3479842 1860142 -39877.002  148  218 -39784.000 -40232.312  1.13%  62.2 3395s
 3484383 1862351 -39843.236  152  159 -39784.000 -40232.275  1.13%  62.3 3400s
 3490083 1865180 -39799.072  137  156 -39784.000 -40232.224  1.13%  62.3 3405s
 3495218 1867591 -39902.859  135  235 -39784.000 -40232.179  1.13%  62.3 3410s
 3500003 1869877 -39851.916  149  100 -39784.000 -40232.135  1.13%  62.3 3415s
 3505362 1872484 -40216.500  124  182 -39784.000 -40232.078  1.13%  62.3 3420s
 3510872 1875129 -39847.740  129  181 -39784.000 -40232.021  1.13%  62.3 3425s
 3516136 1877462 -39804.112  136  122 -39784.000 -40231.972  1.13%  62.2 3430s
 3520559 1879548 -39933.671  145  126 -39784.000 -40231.925  1.13%  62.3 3435s
 3526126 1882136     cutoff  137      -39784.000 -40231.869  1.13%  62.3 3440s
 3531165 1884400 -39952.917  119  205 -39784.000 -40231.815  1.13%  62.3 3445s
 3536268 1886745 -39811.137  138  172 -39784.000 -40231.768  1.13%  62.2 3450s
 3541839 1889389 -39997.913  127  129 -39784.000 -40231.711  1.13%  62.2 3455s
 3546924 1891821 -39794.655  152  108 -39784.000 -40231.668  1.13%  62.2 3460s
 3551309 1893898 -39966.722  141  130 -39784.000 -40231.619  1.13%  62.2 3465s
 3556410 1896302 -39892.310  165  177 -39784.000 -40231.571  1.13%  62.2 3470s
 3561402 1898602 -40196.050  142  169 -39784.000 -40231.524  1.12%  62.3 3475s
 3566935 1900975 -40191.801  139  115 -39784.000 -40231.474  1.12%  62.2 3480s
 3571957 1903240 -40200.378  138  217 -39784.000 -40231.424  1.12%  62.2 3485s
 3577616 1906059 -39877.125  130  175 -39784.000 -40231.375  1.12%  62.2 3490s
 3582801 1908580 -39842.147  135  200 -39784.000 -40231.329  1.12%  62.2 3495s
 3587865 1911094 -40099.937  142  126 -39784.000 -40231.274  1.12%  62.2 3500s
 3592476 1913334 -39961.134  153  148 -39784.000 -40231.240  1.12%  62.2 3505s
 3597891 1915635 -40083.299  134  196 -39784.000 -40231.184  1.12%  62.2 3510s
 3603253 1918221 -40091.067  139  116 -39784.000 -40231.136  1.12%  62.2 3515s
 3607885 1920434 -40102.265  144  124 -39784.000 -40231.087  1.12%  62.2 3520s
 3613389 1923042 -39816.883  154   56 -39784.000 -40231.035  1.12%  62.2 3525s
 3619065 1925489 -39963.182  139  192 -39784.000 -40230.975  1.12%  62.2 3530s
 3624300 1927948 -39843.972  127  127 -39784.000 -40230.929  1.12%  62.2 3535s
 3629020 1930294     cutoff  194      -39784.000 -40230.890  1.12%  62.2 3540s
 3633591 1932486 -40022.730  146  170 -39784.000 -40230.841  1.12%  62.2 3545s
 3638723 1934756 -39804.450  190  109 -39784.000 -40230.795  1.12%  62.2 3550s
 3643919 1937165     cutoff  162      -39784.000 -40230.748  1.12%  62.2 3555s
 3649262 1939793 -40217.375  132  225 -39784.000 -40230.694  1.12%  62.2 3560s
 3654349 1942211 -39791.131  135  144 -39784.000 -40230.647  1.12%  62.2 3565s
 3659695 1944428 -40192.324  139  144 -39784.000 -40230.592  1.12%  62.2 3570s
 3664588 1946674 -39800.531  153  139 -39784.000 -40230.552  1.12%  62.2 3575s
 3669664 1949196     cutoff  149      -39784.000 -40230.504  1.12%  62.2 3580s
 3675184 1951876 -39786.259  145  138 -39784.000 -40230.458  1.12%  62.2 3585s
 3680552 1954316 -40160.869  132  134 -39784.000 -40230.408  1.12%  62.2 3590s
 3686046 1956851 -39950.023  115  181 -39784.000 -40230.356  1.12%  62.2 3595s
 3691485 1959077 -40148.386  133  234 -39784.000 -40230.303  1.12%  62.2 3600s

Cutting planes:
  Gomory: 25
  Cover: 291
  Clique: 78
  MIR: 215
  StrongCG: 104
  Flow cover: 189
  Zero half: 16
  RLT: 13

Explored 3691577 nodes (229723766 simplex iterations) in 3600.00 seconds (6353.44 work units)
Thread count was 4 (of 56 available processors)

Solution count 10: -39784 -39761 -39732 ... -38988

Time limit reached
Best objective -3.978400000000e+04, best bound -4.023000000000e+04, gap 1.1211%
