
Gurobi 9.5.0 (linux64) logging started Mon Apr  4 04:44:09 2022

Set parameter LogFile to value "/local_workspace/chenrui/LogFiles/MKAP/MKAP_20_200_10_5_objLB_1h.log"
Gurobi Optimizer version 9.5.0 build v9.5.0rc5 (linux64)
Thread count: 56 physical cores, 56 logical processors, using up to 4 threads
Optimize a model with 421 rows, 4200 columns and 12400 nonzeros
Model fingerprint: 0x233dec56
Variable types: 0 continuous, 4200 integer (4200 binary)
Coefficient statistics:
  Matrix range     [1e+00, 3e+03]
  Objective range  [1e+00, 1e+03]
  Bounds range     [1e+00, 1e+00]
  RHS range        [1e+00, 8e+04]
Found heuristic solution: objective 0.0000000
Presolve removed 20 rows and 20 columns
Presolve time: 0.02s
Presolved: 401 rows, 4180 columns, 12360 nonzeros
Variable types: 0 continuous, 4180 integer (4180 binary)
Found heuristic solution: objective -36944.00000

Root relaxation: objective -8.049600e+04, 899 iterations, 0.01 seconds (0.02 work units)

    Nodes    |    Current Node    |     Objective Bounds      |     Work
 Expl Unexpl |  Obj  Depth IntInf | Incumbent    BestBd   Gap | It/Node Time

     0     0 -80496.000    0   63 -36944.000 -80496.000   118%     -    0s
H    0     0                    -73065.00000 -80496.000  10.2%     -    0s
H    0     0                    -73568.00000 -80496.000  9.42%     -    0s
H    0     0                    -74152.00000 -80496.000  8.56%     -    0s
H    0     0                    -77548.00000 -80496.000  3.80%     -    0s
     0     0 -80496.000    0  146 -77548.000 -80496.000  3.80%     -    0s
H    0     0                    -78088.00000 -80496.000  3.08%     -    0s
H    0     0                    -78175.00000 -80496.000  2.97%     -    0s
     0     0 -80496.000    0  138 -78175.000 -80496.000  2.97%     -    0s
     0     0 -80496.000    0   71 -78175.000 -80496.000  2.97%     -    0s
     0     0 -80496.000    0   82 -78175.000 -80496.000  2.97%     -    0s
H    0     0                    -78395.00000 -80496.000  2.68%     -    0s
H    0     0                    -78525.00000 -80496.000  2.51%     -    0s
     0     0 -80496.000    0   61 -78525.000 -80496.000  2.51%     -    0s
     0     0 -80496.000    0   61 -78525.000 -80496.000  2.51%     -    0s
     0     2 -80496.000    0   58 -78525.000 -80496.000  2.51%     -    0s
H  312   514                    -78729.00072 -80496.000  2.24%  55.2    1s
  1486  1252 -80496.000   24   74 -78729.001 -80496.000  2.24%  48.6    5s
H 1565  1169                    -79016.00000 -80496.000  1.87%  48.2    5s
H 2292  1996                    -79149.00002 -80496.000  1.70%  42.1    7s
H 3463  1996                    -79155.00000 -80496.000  1.69%  31.6    8s
  8027  5444 -79171.792   95   29 -79155.000 -80496.000  1.69%  18.0   10s
H 9829  5909                    -79176.00067 -80496.000  1.67%  16.0   10s
 22304 15861 -79217.433  127   31 -79176.001 -80496.000  1.67%  13.2   18s
 23521 15864     cutoff  253      -79176.001 -80496.000  1.67%  13.1   20s
 41514 29789 -80243.575   60   60 -79176.001 -80496.000  1.67%  12.1   25s
H47045 28810                    -79323.00000 -80496.000  1.48%  12.0   26s
 54439 34940 -80049.223   70   48 -79323.000 -80496.000  1.48%  11.9   30s
 76632 51285 -79956.712   87   50 -79323.000 -80496.000  1.48%  11.5   36s
 89662 61851 -79770.391   62   61 -79323.000 -80496.000  1.48%  11.6   40s
 106876 74074 -80496.000   53   83 -79323.000 -80496.000  1.48%  11.4   45s
 121658 85661 -80440.606   62   75 -79323.000 -80496.000  1.48%  11.3   50s
H129563 86403                    -79363.00000 -80496.000  1.43%  11.2   52s
H131006 77318                    -79459.00000 -80496.000  1.31%  11.2   52s
 135036 80314 -80024.951   93   30 -79459.000 -80496.000  1.31%  11.3   55s
H144986 74865                    -79584.00000 -80496.000  1.15%  11.4   58s
 150668 78757 -79914.217   85   61 -79584.000 -80496.000  1.15%  11.4   60s
 165124 89138 -80176.607   59   74 -79584.000 -80496.000  1.15%  11.6   65s
 181248 101096 -80496.000   62   72 -79584.000 -80496.000  1.15%  11.7   70s
 198230 112565 -79589.416  107   28 -79584.000 -80496.000  1.15%  11.8   75s
 215877 125456 -79983.007   88   32 -79584.000 -80496.000  1.15%  11.9   80s
H217183 114840                    -79656.00000 -80496.000  1.05%  11.9   80s
 227074 122490 -79924.922  107   64 -79656.000 -80496.000  1.05%  12.0   85s
 244629 134847 -80408.737   88   46 -79656.000 -80496.000  1.05%  12.1   90s
 259828 145525 -80122.234   95   63 -79656.000 -80496.000  1.05%  12.2   95s
 274726 156897 -80196.735   98   42 -79656.000 -80496.000  1.05%  12.3  100s
 289563 167904 -80496.000   64   65 -79656.000 -80496.000  1.05%  12.4  105s
 303386 178332 -79961.808   81   53 -79656.000 -80496.000  1.05%  12.4  110s
 318490 189117 -80131.384   69   59 -79656.000 -80496.000  1.05%  12.5  116s
 331117 199140 -80365.823   60   77 -79656.000 -80496.000  1.05%  12.6  120s
 343003 207495 -80190.318   77   51 -79656.000 -80496.000  1.05%  12.7  125s
 356758 218038 -80003.652   88   67 -79656.000 -80496.000  1.05%  12.8  130s
 371965 229314 -79964.245   62   79 -79656.000 -80496.000  1.05%  12.9  135s
 385987 239493 -79873.633  116   51 -79656.000 -80496.000  1.05%  13.0  141s
 396682 248325 -80496.000   39   92 -79656.000 -80496.000  1.05%  13.0  145s
 414070 261532 -79724.470   61   68 -79656.000 -80496.000  1.05%  13.0  150s
 432982 273790 -80390.391   97   54 -79656.000 -80496.000  1.05%  13.0  155s
 448273 283448 -79778.960  117   34 -79656.000 -80496.000  1.05%  13.1  160s
 464485 293349 -79950.106   92   66 -79656.000 -80496.000  1.05%  13.2  165s
 479397 304119 -79714.324  122   38 -79656.000 -80496.000  1.05%  13.2  170s
 496689 317013 -79823.331  101   44 -79656.000 -80496.000  1.05%  13.2  175s
H502752 320695                    -79657.00000 -80496.000  1.05%  13.2  177s
 506949 324529 -80231.358   96   42 -79657.000 -80496.000  1.05%  13.2  180s
 522572 336337 -80126.668  104   71 -79657.000 -80496.000  1.05%  13.3  185s
 533934 345162 -79689.706  127   33 -79657.000 -80496.000  1.05%  13.3  190s
 546476 354813 -79940.602   85   49 -79657.000 -80496.000  1.05%  13.3  195s
 565587 369360 -80496.000   54   82 -79657.000 -80496.000  1.05%  13.3  200s
 577592 378345 -79846.033   62   74 -79657.000 -80496.000  1.05%  13.3  205s
 595044 391427 -80374.132   82   82 -79657.000 -80496.000  1.05%  13.3  210s
 611229 403991 -80165.183   72   77 -79657.000 -80496.000  1.05%  13.3  215s
 625892 414961 -80405.153   96   56 -79657.000 -80496.000  1.05%  13.4  220s
 641420 426412 -79829.337  100   72 -79657.000 -80496.000  1.05%  13.4  225s
 652461 435121 -80270.678   72   75 -79657.000 -80496.000  1.05%  13.4  230s
 667444 446748 -79717.263  133   31 -79657.000 -80496.000  1.05%  13.4  235s
 679691 455993 -80119.058  101   44 -79657.000 -80496.000  1.05%  13.5  240s
 695793 468080 -79809.877  121   30 -79657.000 -80496.000  1.05%  13.5  245s
 706982 476939 -80496.000   61   98 -79657.000 -80496.000  1.05%  13.5  250s
 719363 486644 -80035.266  108   45 -79657.000 -80496.000  1.05%  13.5  255s
 736864 499312 -80496.000   47   85 -79657.000 -80496.000  1.05%  13.5  260s
 752368 511449 -79950.274   86   63 -79657.000 -80496.000  1.05%  13.5  265s
 768131 522915 -79868.157   78   71 -79657.000 -80496.000  1.05%  13.5  270s
 783123 533386 -79902.249   80   66 -79657.000 -80496.000  1.05%  13.5  275s
 799079 545553 -79939.698  115   44 -79657.000 -80496.000  1.05%  13.6  280s
 813645 555849     cutoff  140      -79657.000 -80496.000  1.05%  13.6  285s
 829274 567276 -80357.834   78   80 -79657.000 -80496.000  1.05%  13.6  290s
 843058 577239 -80113.110  116   54 -79657.000 -80496.000  1.05%  13.6  295s
 859826 589721 -79680.503  134   28 -79657.000 -80496.000  1.05%  13.6  300s
 872978 598792 -80402.153   69   74 -79657.000 -80496.000  1.05%  13.6  305s
 887604 609793 -80254.113   86   57 -79657.000 -80496.000  1.05%  13.6  310s
 900360 619473 -80115.021   86   70 -79657.000 -80496.000  1.05%  13.6  315s
 918797 633066 -80482.995   80   82 -79657.000 -80496.000  1.05%  13.6  320s
 930913 641979 -79658.068   93   41 -79657.000 -80496.000  1.05%  13.6  325s
 947131 654151 -80332.527   74   79 -79657.000 -80496.000  1.05%  13.6  330s
 962828 666114 -80025.013   99   63 -79657.000 -80496.000  1.05%  13.7  335s
 976217 675601 -80496.000   70   88 -79657.000 -80496.000  1.05%  13.7  340s
 991891 686915 -80030.407  126   40 -79657.000 -80496.000  1.05%  13.7  345s
 1006302 696642     cutoff   75      -79657.000 -80496.000  1.05%  13.7  350s
 1023191 708272 -80178.795   45   76 -79657.000 -80496.000  1.05%  13.7  355s
 1035596 717519 -80129.855  117   60 -79657.000 -80496.000  1.05%  13.7  360s
 1051696 731273 -80424.984   56   87 -79657.000 -80496.000  1.05%  13.7  365s
 1067043 740433 -80007.663   73   63 -79657.000 -80496.000  1.05%  13.7  370s
 1076639 747925 -80401.811   69   82 -79657.000 -80496.000  1.05%  13.7  375s
 1094286 760951 -80004.264  101   41 -79657.000 -80496.000  1.05%  13.7  380s
 1107364 770372 -80090.450  105   45 -79657.000 -80496.000  1.05%  13.7  385s
 1125037 782316 -80027.294   93   38 -79657.000 -80496.000  1.05%  13.7  390s
 1140753 792503 -79715.360  106   32 -79657.000 -80496.000  1.05%  13.7  395s
 1153028 800999 -80496.000   54   91 -79657.000 -80496.000  1.05%  13.7  400s
 1170822 814282 -80344.541   78   81 -79657.000 -80496.000  1.05%  13.7  405s
 1185214 824741 -79921.376   93   78 -79657.000 -80496.000  1.05%  13.7  410s
 1200220 836689 -79681.537  163   23 -79657.000 -80496.000  1.05%  13.7  415s
 1217073 849061 -80468.099   59  102 -79657.000 -80496.000  1.05%  13.7  420s
 1225332 854769 -80335.943   56   98 -79657.000 -80496.000  1.05%  13.8  425s
 1241958 867894 -80437.992   55   82 -79657.000 -80496.000  1.05%  13.8  430s
 1256999 878038 -79993.530  121   34 -79657.000 -80496.000  1.05%  13.8  435s
 1273207 890283 -80277.685   77   73 -79657.000 -80496.000  1.05%  13.8  440s
 1285146 898968 -80267.571   88   81 -79657.000 -80496.000  1.05%  13.8  445s
 1299928 910114 -79926.438   80   78 -79657.000 -80496.000  1.05%  13.8  450s
 1316814 922972 -79809.641  141   40 -79657.000 -80496.000  1.05%  13.8  455s
 1331774 934021 -80143.648   95   48 -79657.000 -80496.000  1.05%  13.8  460s
 1344153 943961 -79849.839   91   70 -79657.000 -80496.000  1.05%  13.8  465s
 1358555 954311 -80342.718   50   76 -79657.000 -80496.000  1.05%  13.8  470s
 1372982 965422     cutoff  109      -79657.000 -80496.000  1.05%  13.8  475s
 1383586 973655 -80150.312  104   61 -79657.000 -80496.000  1.05%  13.8  480s
 1400400 986521 -79762.557   58   84 -79657.000 -80496.000  1.05%  13.9  485s
 1415300 997562 -80049.326   70   73 -79657.000 -80496.000  1.05%  13.9  490s
 1429521 1007723 -79918.848  126   37 -79657.000 -80496.000  1.05%  13.9  495s
 1447948 1020930 -79822.319  105   54 -79657.000 -80496.000  1.05%  13.9  500s
H1452048 746758                    -79840.00000 -80496.000  0.82%  13.9  502s
H1454961 686638                    -79886.00000 -80496.000  0.76%  13.9  504s
 1455774 687701 -79894.919   61   78 -79886.000 -80496.000  0.76%  13.9  505s
 1470193 697060 -79897.317   97   61 -79886.000 -80496.000  0.76%  13.9  510s
 1482145 705084 -80109.907   90   77 -79886.000 -80496.000  0.76%  13.9  516s
 1491404 712227 -80496.000   37   91 -79886.000 -80496.000  0.76%  14.0  520s
 1509403 724938 -79952.865   89   70 -79886.000 -80496.000  0.76%  14.0  525s
 1521841 733754 -79924.599  118   53 -79886.000 -80496.000  0.76%  14.0  530s
 1530078 739254 -80073.455  111   42 -79886.000 -80496.000  0.76%  14.0  535s
 1540973 747100 -80430.792   50   90 -79886.000 -80496.000  0.76%  14.0  540s
 1556074 758195 -80012.732   87   78 -79886.000 -80496.000  0.76%  14.0  545s
 1569843 767526 -79956.416  128   47 -79886.000 -80496.000  0.76%  14.1  550s
 1581341 775909 -79887.589  114   42 -79886.000 -80496.000  0.76%  14.1  555s
 1596487 786103 -80312.120   75   79 -79886.000 -80496.000  0.76%  14.1  560s
 1607493 794406 -80276.361   48   82 -79886.000 -80496.000  0.76%  14.1  565s
 1619334 802523 -79960.925   63   87 -79886.000 -80496.000  0.76%  14.1  570s
 1634929 814088 -80051.265   70   80 -79886.000 -80496.000  0.76%  14.1  575s
 1650443 824793 -80412.638   64   86 -79886.000 -80496.000  0.76%  14.2  581s
 1661354 832928 -79942.123  122   59 -79886.000 -80496.000  0.76%  14.2  585s
 1678406 845250 -80101.374   88   59 -79886.000 -80496.000  0.76%  14.2  590s
 1690985 854436 -80457.078   60   87 -79886.000 -80496.000  0.76%  14.2  595s
 1701443 861666 -80496.000   50   96 -79886.000 -80496.000  0.76%  14.2  600s
 1716822 873379 -80496.000   37   86 -79886.000 -80496.000  0.76%  14.2  605s
 1733895 885586 -80218.907   78   81 -79886.000 -80496.000  0.76%  14.2  610s
 1746889 894855 -79966.718   57   75 -79886.000 -80496.000  0.76%  14.2  615s
 1760557 904941 -79987.345   56   71 -79886.000 -80496.000  0.76%  14.2  620s
 1770946 914898 -80496.000   58   94 -79886.000 -80496.000  0.76%  14.2  625s
 1782519 920901 -80309.755   46   89 -79886.000 -80496.000  0.76%  14.2  630s
 1799285 932884 -80258.239   84   56 -79886.000 -80496.000  0.76%  14.2  635s
 1812041 941926 -80140.347  100   41 -79886.000 -80496.000  0.76%  14.3  640s
 1823032 949528 -80364.617   71   80 -79886.000 -80496.000  0.76%  14.3  645s
 1840040 961073 -80496.000   34   99 -79886.000 -80496.000  0.76%  14.3  651s
 1852401 969590 -79905.396   99   51 -79886.000 -80496.000  0.76%  14.3  655s
 1868786 980310 -80309.726   77   63 -79886.000 -80496.000  0.76%  14.3  661s
 1880994 987821 infeasible   83      -79886.000 -80496.000  0.76%  14.3  665s
 1897992 998950 -80170.972   98   64 -79886.000 -80496.000  0.76%  14.3  671s
 1912582 1009464     cutoff  119      -79886.000 -80496.000  0.76%  14.3  675s
 1924552 1017574 -80439.942   49   91 -79886.000 -80496.000  0.76%  14.3  680s
 1938299 1026511 -80413.923   50   94 -79886.000 -80496.000  0.76%  14.3  685s
 1948402 1032965 -80186.157   38   85 -79886.000 -80496.000  0.76%  14.3  690s
 1959547 1040157 -80386.859   53   79 -79886.000 -80496.000  0.76%  14.4  695s
 1971816 1049763 -80424.813   46   82 -79886.000 -80496.000  0.76%  14.4  700s
 1986244 1056502 -80271.294   55   91 -79886.000 -80496.000  0.76%  14.4  705s
 2000308 1066289 -80496.000   46   93 -79886.000 -80496.000  0.76%  14.4  710s
 2012462 1074596     cutoff   92      -79886.000 -80496.000  0.76%  14.4  715s
 2028781 1086142 -80496.000   37   98 -79886.000 -80496.000  0.76%  14.4  720s
 2037880 1091985 -79957.279  134   32 -79886.000 -80496.000  0.76%  14.4  726s
 2048964 1100073 -80496.000   35   93 -79886.000 -80496.000  0.76%  14.4  730s
 2063036 1109569 -79920.223  104   39 -79886.000 -80496.000  0.76%  14.4  735s
 2078789 1120673 -80438.425   46   82 -79886.000 -80496.000  0.76%  14.4  740s
 2090494 1128751 -80397.679   56   67 -79886.000 -80496.000  0.76%  14.5  745s
 2102809 1137903 -80050.839  131   52 -79886.000 -80496.000  0.76%  14.5  750s
 2115209 1146442 -80207.745   83   64 -79886.000 -80496.000  0.76%  14.5  755s
 2130391 1156440 -80494.021   68   83 -79886.000 -80496.000  0.76%  14.5  760s
 2140011 1163058 -79906.897   93   40 -79886.000 -80496.000  0.76%  14.5  765s
 2157684 1175200 -80142.456   95   68 -79886.000 -80496.000  0.76%  14.5  770s
 2168854 1182623 -80496.000   45   81 -79886.000 -80496.000  0.76%  14.5  775s
 2184003 1193206 -79900.407  128   38 -79886.000 -80496.000  0.76%  14.5  780s
 2198043 1202520 -79946.809   44   88 -79886.000 -80496.000  0.76%  14.5  785s
 2210576 1211561 -80086.583   80   73 -79886.000 -80496.000  0.76%  14.6  790s
 2218330 1216761 -80496.000   49  103 -79886.000 -80496.000  0.76%  14.6  795s
 2234738 1228068 -80184.095   71   71 -79886.000 -80496.000  0.76%  14.6  800s
 2246963 1236077 -80461.315   52   85 -79886.000 -80496.000  0.76%  14.6  805s
 2261578 1245472 -79895.673   68   85 -79886.000 -80496.000  0.76%  14.6  811s
 2273140 1253794     cutoff   89      -79886.000 -80496.000  0.76%  14.6  815s
 2285388 1261058     cutoff   42      -79886.000 -80496.000  0.76%  14.6  820s
 2300011 1269959 -80153.589  102   64 -79886.000 -80496.000  0.76%  14.6  825s
 2313703 1278625 -80477.826   69   88 -79886.000 -80496.000  0.76%  14.7  830s
 2325789 1286280 -80238.757   68   87 -79886.000 -80496.000  0.76%  14.7  835s
 2338398 1294318 -79988.042   43   76 -79886.000 -80496.000  0.76%  14.7  840s
 2354734 1305209 -80496.000   64   86 -79886.000 -80496.000  0.76%  14.7  845s
 2366187 1312875 -80041.766   67   86 -79886.000 -80496.000  0.76%  14.7  850s
 2379598 1321735 -80496.000   63   89 -79886.000 -80496.000  0.76%  14.7  855s
 2390565 1328883 -80393.080   74   82 -79886.000 -80496.000  0.76%  14.7  860s
 2407508 1340046 -80377.471   51   87 -79886.000 -80496.000  0.76%  14.7  865s
 2409570 1341818 -80475.710   61   87 -79886.000 -80496.000  0.76%  14.7  870s
 2423550 1350974 -79951.146   85   84 -79886.000 -80496.000  0.76%  14.8  875s
 2437546 1360144 -80220.830   63   72 -79886.000 -80496.000  0.76%  14.8  881s
 2447068 1367161 -80066.010   99   71 -79886.000 -80496.000  0.76%  14.8  885s
 2464982 1379233 -80355.809   64   70 -79886.000 -80496.000  0.76%  14.8  890s
 2475610 1386205 -80496.000   76   92 -79886.000 -80496.000  0.76%  14.8  895s
 2489984 1395743 -80034.109   90   67 -79886.000 -80496.000  0.76%  14.8  900s
 2498190 1400871 -80053.257  105   69 -79886.000 -80496.000  0.76%  14.8  905s
 2514539 1412193 -80400.997   76   75 -79886.000 -80496.000  0.76%  14.8  910s
 2523875 1418308     cutoff   52      -79886.000 -80496.000  0.76%  14.8  915s
 2539785 1429302 -79891.885  104   68 -79886.000 -80496.000  0.76%  14.8  920s
 2556362 1440412 -80119.036   51   87 -79886.000 -80496.000  0.76%  14.8  925s
 2569550 1449333 -80496.000   57   89 -79886.000 -80496.000  0.76%  14.9  930s
 2583187 1458502 -80286.298   45   81 -79886.000 -80496.000  0.76%  14.9  935s
 2595387 1466210 -80212.766   95   52 -79886.000 -80496.000  0.76%  14.9  940s
 2608705 1474454 -79920.839  119   42 -79886.000 -80496.000  0.76%  14.9  945s
 2621731 1483407     cutoff  104      -79886.000 -80496.000  0.76%  14.9  950s
 2632810 1490840 -80297.947   63   77 -79886.000 -80496.000  0.76%  14.9  955s
 2648591 1501090 -80105.992   76   77 -79886.000 -80496.000  0.76%  14.9  960s
 2661232 1509845 -80257.468   53   84 -79886.000 -80496.000  0.76%  14.9  965s
 2672154 1517270 -80130.071  130   50 -79886.000 -80496.000  0.76%  14.9  970s
 2685367 1525150 -79895.673   57   95 -79886.000 -80496.000  0.76%  14.9  975s
 2699362 1535157 -79974.620  112   60 -79886.000 -80496.000  0.76%  14.9  980s
 2713492 1544060     cutoff  111      -79886.000 -80496.000  0.76%  14.9  985s
 2725455 1551970 -79892.883  119   62 -79886.000 -80496.000  0.76%  14.9  991s
 2738227 1561094 -80496.000   58   93 -79886.000 -80496.000  0.76%  14.9  995s
 2752512 1569651 -79908.495  128   41 -79886.000 -80496.000  0.76%  15.0 1000s
 2764056 1577346 -80302.863   71   88 -79886.000 -80496.000  0.76%  15.0 1005s
 2774720 1584111 -80496.000   66   92 -79886.000 -80496.000  0.76%  15.0 1010s
 2791490 1594862 -80073.998   84   80 -79886.000 -80496.000  0.76%  15.0 1015s
 2804890 1603538 -80173.954   35   91 -79886.000 -80496.000  0.76%  15.0 1020s
 2817966 1611482 -79898.729  113   56 -79886.000 -80496.000  0.76%  15.0 1025s
 2827324 1618357 -80295.927   69   83 -79886.000 -80496.000  0.76%  15.0 1030s
 2842451 1628315     cutoff   55      -79886.000 -80496.000  0.76%  15.0 1035s
 2855782 1637396 -80470.843   62   78 -79886.000 -80496.000  0.76%  15.0 1040s
 2870163 1646367 -80049.289   67   80 -79886.000 -80496.000  0.76%  15.0 1045s
 2880151 1652684 -79941.078   85   77 -79886.000 -80496.000  0.76%  15.0 1050s
 2894816 1662791 -80375.506   76   75 -79886.000 -80496.000  0.76%  15.0 1055s
 2909435 1672129 -80438.646   60   81 -79886.000 -80496.000  0.76%  15.1 1060s
 2921396 1679916 -80027.089  109   53 -79886.000 -80496.000  0.76%  15.1 1065s
 2934692 1689065 -80496.000   52   87 -79886.000 -80496.000  0.76%  15.1 1070s
 2946548 1697043     cutoff   64      -79886.000 -80496.000  0.76%  15.1 1075s
 2958539 1704799 -80033.688  107   78 -79886.000 -80496.000  0.76%  15.1 1080s
 2969125 1711572 -80496.000   66   92 -79886.000 -80496.000  0.76%  15.1 1085s
 2984165 1721724     cutoff   54      -79886.000 -80496.000  0.76%  15.1 1090s
 2996018 1729425 -80321.491   73   88 -79886.000 -80496.000  0.76%  15.1 1095s
 3013145 1741148 -79952.408   84   73 -79886.000 -80496.000  0.76%  15.1 1100s
 3023158 1747736 -80231.777   69   59 -79886.000 -80496.000  0.76%  15.1 1105s
 3038609 1757323 -80141.209   80   63 -79886.000 -80496.000  0.76%  15.1 1110s
 3053990 1767230 -79977.641   70   83 -79886.000 -80496.000  0.76%  15.2 1115s
 3065978 1774418 -80148.054   67   78 -79886.000 -80496.000  0.76%  15.2 1120s
 3076588 1781307 -79903.594   77   63 -79886.000 -80496.000  0.76%  15.2 1125s
 3092741 1791443 -80032.078   65   64 -79886.000 -80496.000  0.76%  15.2 1130s
 3106208 1799705     cutoff   59      -79886.000 -80496.000  0.76%  15.2 1135s
 3118503 1808741 -79894.214   94   53 -79886.000 -80496.000  0.76%  15.2 1140s
 3134240 1816091 -80263.378   60   81 -79886.000 -80496.000  0.76%  15.2 1145s
 3151249 1826021 -79913.516   66   72 -79886.000 -80496.000  0.76%  15.2 1150s
 3161183 1833489 -80149.525   76   63 -79886.000 -80496.000  0.76%  15.2 1155s
 3177759 1842210 -80293.018   76   67 -79886.000 -80496.000  0.76%  15.2 1160s
 3190340 1849716 -80120.210   58   83 -79886.000 -80496.000  0.76%  15.2 1165s
 3203502 1857216     cutoff  108      -79886.000 -80496.000  0.76%  15.3 1170s
 3217510 1866008 -79897.292   96   56 -79886.000 -80496.000  0.76%  15.3 1175s
 3227552 1872112 -79994.871  102   54 -79886.000 -80496.000  0.76%  15.3 1181s
 3240687 1880439 -80431.223   61   72 -79886.000 -80496.000  0.76%  15.3 1185s
 3252662 1887645 -80036.984  100   54 -79886.000 -80496.000  0.76%  15.3 1190s
 3270526 1898633 -80408.729   74   68 -79886.000 -80496.000  0.76%  15.3 1195s
 3281900 1906181 -80240.083   68   72 -79886.000 -80496.000  0.76%  15.3 1200s
 3299351 1916978 -80043.256  109   52 -79886.000 -80496.000  0.76%  15.3 1206s
 3313363 1925571 -80146.999   86   65 -79886.000 -80496.000  0.76%  15.3 1210s
 3323725 1932260 -79990.816   95   35 -79886.000 -80496.000  0.76%  15.3 1215s
 3339038 1941815 -79962.040   44   88 -79886.000 -80496.000  0.76%  15.3 1220s
 3352282 1950185     cutoff   43      -79886.000 -80496.000  0.76%  15.3 1225s
 3366735 1959378 -80330.317   67   85 -79886.000 -80496.000  0.76%  15.3 1230s
 3375583 1965118 -80017.316   90   65 -79886.000 -80496.000  0.76%  15.3 1235s
 3392004 1975229 -79912.297   61   76 -79886.000 -80496.000  0.76%  15.4 1240s
 3402778 1981783 -79945.323   46   86 -79886.000 -80496.000  0.76%  15.4 1245s
 3418592 1991588 -79937.038   79   66 -79886.000 -80496.000  0.76%  15.4 1250s
 3433617 2001292 -80057.216   40   83 -79886.000 -80496.000  0.76%  15.4 1255s
 3444891 2008177 -79974.811   87   58 -79886.000 -80496.000  0.76%  15.4 1260s
 3453208 2013666 -79948.370   60   77 -79886.000 -80496.000  0.76%  15.4 1265s
 3467392 2022382     cutoff   71      -79886.000 -80496.000  0.76%  15.4 1270s
 3480428 2030828 -79910.118   88   65 -79886.000 -80496.000  0.76%  15.4 1275s
 3492313 2037807     cutoff   70      -79886.000 -80496.000  0.76%  15.4 1280s
 3505452 2045842 -80164.290   75   66 -79886.000 -80496.000  0.76%  15.4 1285s
 3518938 2054695 -79887.808  112   46 -79886.000 -80496.000  0.76%  15.4 1290s
 3528729 2062898 -79925.871   66   71 -79886.000 -80496.000  0.76%  15.4 1295s
 3546857 2071776 -80496.000   62   75 -79886.000 -80496.000  0.76%  15.4 1301s
 3559267 2079736 -80117.838   91   60 -79886.000 -80496.000  0.76%  15.4 1305s
 3567645 2084517 -80082.343   52   87 -79886.000 -80496.000  0.76%  15.4 1310s
 3578466 2091730 -80369.975   64   74 -79886.000 -80496.000  0.76%  15.5 1315s
 3594701 2101435 -79899.664   85   51 -79886.000 -80496.000  0.76%  15.5 1320s
 3610596 2111344 -80083.763   71   72 -79886.000 -80496.000  0.76%  15.5 1325s
 3625108 2120772 -80134.361   74   78 -79886.000 -80496.000  0.76%  15.5 1330s
 3635655 2127079 -80032.921   81   79 -79886.000 -80496.000  0.76%  15.5 1335s
 3652577 2137804 -80269.089   76   74 -79886.000 -80496.000  0.76%  15.5 1340s
 3665282 2145988 -80475.171   41   81 -79886.000 -80496.000  0.76%  15.5 1345s
 3679934 2155232 -79937.446  126   49 -79886.000 -80496.000  0.76%  15.5 1350s
 3693619 2164708 -80320.323   71   80 -79886.000 -80496.000  0.76%  15.5 1355s
 3706443 2172763 -80200.418   91   77 -79886.000 -80496.000  0.76%  15.5 1360s
 3716534 2179454 -80222.906   68   73 -79886.000 -80496.000  0.76%  15.5 1365s
 3732639 2190275 -80004.575   87   74 -79886.000 -80496.000  0.76%  15.5 1370s
 3743194 2197042 -79921.386   71   71 -79886.000 -80496.000  0.76%  15.5 1375s
 3754740 2204835 -80192.960   55   77 -79886.000 -80496.000  0.76%  15.5 1380s
 3771347 2215915 -80416.767   83   72 -79886.000 -80496.000  0.76%  15.5 1385s
 3781356 2222385 -80450.359   67   78 -79886.000 -80496.000  0.76%  15.5 1390s
 3795245 2230973 -79940.212   49   98 -79886.000 -80496.000  0.76%  15.5 1396s
 3804772 2237779     cutoff   97      -79886.000 -80496.000  0.76%  15.6 1400s
 3815701 2244165 -80496.000   47   89 -79886.000 -80496.000  0.76%  15.6 1405s
 3831038 2254280 -80338.763   71   79 -79886.000 -80496.000  0.76%  15.6 1410s
 3842165 2260981 -79981.317  101   56 -79886.000 -80496.000  0.76%  15.6 1415s
 3853039 2267970 -80416.275   55   79 -79886.000 -80496.000  0.76%  15.6 1420s
 3868142 2277827 -80496.000   47   93 -79886.000 -80496.000  0.76%  15.6 1425s
 3881013 2286041     cutoff  122      -79886.000 -80496.000  0.76%  15.6 1430s
 3892784 2293604 -80206.054   77   76 -79886.000 -80496.000  0.76%  15.6 1435s
 3904948 2301448 -80496.000   69   85 -79886.000 -80496.000  0.76%  15.6 1440s
 3916136 2309453 -80349.098   46   86 -79886.000 -80496.000  0.76%  15.6 1445s
 3927939 2318009 -80114.317   56   81 -79886.000 -80496.000  0.76%  15.6 1450s
 3936200 2323720 -80478.657   48   90 -79886.000 -80496.000  0.76%  15.6 1455s
 3953718 2335560 -79921.478   91   74 -79886.000 -80496.000  0.76%  15.6 1460s
 3967149 2344787 -79916.230  117   45 -79886.000 -80496.000  0.76%  15.6 1465s
 3978436 2351908 -80397.932   61   78 -79886.000 -80496.000  0.76%  15.6 1470s
 3992522 2361364 -80163.885   74   69 -79886.000 -80496.000  0.76%  15.6 1475s
 4006386 2370616 -80344.799   75   78 -79886.000 -80496.000  0.76%  15.6 1480s
 4020845 2380122 -79944.209   57   67 -79886.000 -80496.000  0.76%  15.6 1485s
 4030505 2386532 -80243.229   81   69 -79886.000 -80496.000  0.76%  15.6 1490s
 4046320 2396558 -79926.091   90   50 -79886.000 -80496.000  0.76%  15.6 1495s
 4060876 2405674 -79995.457  102   39 -79886.000 -80496.000  0.76%  15.6 1500s
 4071915 2413112 -80182.703   72   67 -79886.000 -80496.000  0.76%  15.7 1505s
 4086156 2422149 -80083.292   89   53 -79886.000 -80496.000  0.76%  15.7 1510s
 4097524 2429404 -79970.149   84   54 -79886.000 -80496.000  0.76%  15.7 1515s
 4107141 2435595 -80140.211   73   68 -79886.000 -80496.000  0.76%  15.7 1520s
 4122703 2445683 -80173.154   68   71 -79886.000 -80496.000  0.76%  15.7 1525s
 4138064 2455999 -80110.307  115   40 -79886.000 -80496.000  0.76%  15.7 1530s
 4148842 2463333 -79919.112  112   44 -79886.000 -80496.000  0.76%  15.7 1535s
 4159739 2470522     cutoff   78      -79886.000 -80496.000  0.76%  15.7 1540s
 4174958 2481048 -79997.329   49   89 -79886.000 -80496.000  0.76%  15.7 1545s
 4183933 2486886     cutoff   58      -79886.000 -80496.000  0.76%  15.7 1550s
 4197141 2495086 -80046.760  133   37 -79886.000 -80496.000  0.76%  15.7 1555s
 4209678 2503584 -79945.317  101   46 -79886.000 -80496.000  0.76%  15.7 1560s
 4224286 2512675     cutoff   86      -79886.000 -80496.000  0.76%  15.7 1565s
 4232916 2518120 -80327.754   49   85 -79886.000 -80496.000  0.76%  15.7 1570s
 4243558 2525027 -79988.042   52   78 -79886.000 -80496.000  0.76%  15.7 1575s
 4255699 2532608 -80303.333   75   69 -79886.000 -80496.000  0.76%  15.7 1581s
 4266204 2539939 -80063.318   50   92 -79886.000 -80496.000  0.76%  15.7 1585s
 4282208 2550492 -80198.236   72  101 -79886.000 -80496.000  0.76%  15.7 1590s
 4292665 2556996 -80087.151   69   84 -79886.000 -80496.000  0.76%  15.7 1595s
 4307624 2566705 -80059.200  105   60 -79886.000 -80496.000  0.76%  15.7 1600s
 4314578 2571581 -80301.768   63   98 -79886.000 -80496.000  0.76%  15.7 1605s
 4329456 2581010 -80472.466   52   81 -79886.000 -80496.000  0.76%  15.8 1610s
 4342108 2588950 -80314.799   78   71 -79886.000 -80496.000  0.76%  15.8 1615s
 4354290 2596614 -80031.844   72   74 -79886.000 -80496.000  0.76%  15.8 1620s
 4361872 2601617 -79996.586   61   75 -79886.000 -80496.000  0.76%  15.8 1625s
 4375415 2609819 -80038.073   79   86 -79886.000 -80496.000  0.76%  15.8 1630s
 4392211 2620717 -80216.777   96   57 -79886.000 -80496.000  0.76%  15.8 1635s
 4402726 2627459 -80025.451   56   72 -79886.000 -80496.000  0.76%  15.8 1640s
 4417536 2637348 -80054.703   36   86 -79886.000 -80496.000  0.76%  15.8 1645s
 4429388 2645096 -79989.374   76   62 -79886.000 -80496.000  0.76%  15.8 1650s
 4442390 2652895 -80496.000   49   76 -79886.000 -80496.000  0.76%  15.8 1655s
 4454456 2659860 -80496.000   43   87 -79886.000 -80496.000  0.76%  15.8 1660s
 4467209 2667311 -80377.041   40   93 -79886.000 -80496.000  0.76%  15.8 1665s
 4480952 2676887 -80142.649   49   79 -79886.000 -80496.000  0.76%  15.8 1670s
 4494115 2685406 -80491.294   61   79 -79886.000 -80496.000  0.76%  15.8 1675s
 4506229 2693019 -79996.586   43   89 -79886.000 -80496.000  0.76%  15.8 1680s
 4517410 2700249 -80385.271   40   94 -79886.000 -80496.000  0.76%  15.9 1685s
 4529543 2708781 -80333.840   86   83 -79886.000 -80496.000  0.76%  15.9 1690s
 4546710 2719847 -79936.008  114   43 -79886.000 -80496.000  0.76%  15.9 1695s
 4560441 2728889 -79913.090  105   33 -79886.000 -80496.000  0.76%  15.9 1700s
 4574271 2737679 -80042.673   77   62 -79886.000 -80496.000  0.76%  15.9 1705s
 4583637 2744408 -80206.693   78   65 -79886.000 -80496.000  0.76%  15.9 1710s
 4600689 2755033 -80496.000   87   74 -79886.000 -80496.000  0.76%  15.9 1715s
 4612593 2762645 -80296.135   48   91 -79886.000 -80496.000  0.76%  15.9 1720s
 4624257 2770250 -80455.380   55   84 -79886.000 -80496.000  0.76%  15.9 1725s
 4639948 2780742 -80496.000   80   82 -79886.000 -80496.000  0.76%  15.9 1730s
 4654193 2790595 -80102.441   60   84 -79886.000 -80496.000  0.76%  15.9 1735s
 4663342 2796905 -80136.188   37   84 -79886.000 -80496.000  0.76%  15.9 1740s
 4678902 2807999 -80341.952   67   68 -79886.000 -80496.000  0.76%  15.9 1745s
 4691283 2816327 -80344.733   44   87 -79886.000 -80496.000  0.76%  15.9 1750s
 4705432 2825578 -80149.060  109   48 -79886.000 -80496.000  0.76%  15.9 1755s
 4719797 2835771 -80496.000   46   95 -79886.000 -80496.000  0.76%  15.9 1760s
 4735021 2845403 -80065.831   52   89 -79886.000 -80496.000  0.76%  15.9 1765s
 4741102 2850859 -79889.022  108   35 -79886.000 -80496.000  0.76%  15.9 1770s
 4757767 2859964 -80000.115   90   66 -79886.000 -80496.000  0.76%  15.9 1775s
 4768306 2866855 -80394.740   63   87 -79886.000 -80496.000  0.76%  15.9 1780s
 4779189 2873373 -80488.847   55   94 -79886.000 -80496.000  0.76%  15.9 1785s
 4788052 2879337 -80095.980   70   56 -79886.000 -80496.000  0.76%  15.9 1790s
 4798921 2887112 -79908.918   54   83 -79886.000 -80496.000  0.76%  15.9 1795s
 4815341 2898013 -79975.784   59   82 -79886.000 -80496.000  0.76%  15.9 1800s
 4830277 2907569 -80354.224   86   77 -79886.000 -80496.000  0.76%  15.9 1805s
 4842231 2915183 -79925.075   60   74 -79886.000 -80496.000  0.76%  15.9 1810s
 4848618 2920244 -80496.000   63   79 -79886.000 -80496.000  0.76%  15.9 1815s
 4865568 2930825 -80187.830   68   77 -79886.000 -80496.000  0.76%  15.9 1820s
 4880844 2941063 -79988.881   63   85 -79886.000 -80496.000  0.76%  15.9 1825s
 4893324 2949481 -79912.606   88   56 -79886.000 -80496.000  0.76%  15.9 1830s
 4905426 2957504 -79940.274  114   42 -79886.000 -80496.000  0.76%  16.0 1835s
 4921215 2967862 -80045.695  111   51 -79886.000 -80496.000  0.76%  16.0 1840s
 4935345 2977167 -80381.305   69   74 -79886.000 -80496.000  0.76%  16.0 1846s
 4947400 2985156 -80495.507   61   92 -79886.000 -80496.000  0.76%  16.0 1850s
 4960303 2993081 -80116.267   96   69 -79886.000 -80496.000  0.76%  16.0 1856s
 4971970 3001017 -80106.753   56   84 -79886.000 -80496.000  0.76%  16.0 1860s
 4986422 3010390 -80387.962   56   86 -79886.000 -80496.000  0.76%  16.0 1865s
 5001382 3019788 -79904.496   72   74 -79886.000 -80496.000  0.76%  16.0 1870s
 5014369 3028252 -80001.768  109   65 -79886.000 -80496.000  0.76%  16.0 1875s
 5026520 3036484 -80066.128   88   85 -79886.000 -80496.000  0.76%  16.0 1880s
 5037819 3043733 -80044.394   83   70 -79886.000 -80496.000  0.76%  16.0 1885s
 5051358 3052069 -80040.798  100   61 -79886.000 -80496.000  0.76%  16.0 1890s
 5063384 3060189 -79943.716   88   67 -79886.000 -80496.000  0.76%  16.0 1895s
 5076095 3068593 -80310.033   55   79 -79886.000 -80496.000  0.76%  16.0 1900s
 5088994 3077152 -80073.659   66   77 -79886.000 -80496.000  0.76%  16.0 1905s
 5100932 3084895 -80394.385   52   94 -79886.000 -80496.000  0.76%  16.0 1910s
 5115029 3094473 -79926.344   91   72 -79886.000 -80496.000  0.76%  16.0 1915s
 5124357 3100623 -79894.121  101   70 -79886.000 -80496.000  0.76%  16.0 1920s
 5141203 3110927 -80001.658   71   76 -79886.000 -80496.000  0.76%  16.0 1925s
 5152392 3117655 -79903.220   85   76 -79886.000 -80496.000  0.76%  16.0 1930s
 5167132 3127718 -80254.799   77   77 -79886.000 -80496.000  0.76%  16.0 1935s
 5178046 3134720 -80056.561   78   73 -79886.000 -80496.000  0.76%  16.0 1940s
 5188562 3141079     cutoff   80      -79886.000 -80496.000  0.76%  16.0 1945s
 5205757 3152863 -79944.030   91   66 -79886.000 -80496.000  0.76%  16.0 1950s
 5217729 3160626 -80496.000   53   92 -79886.000 -80496.000  0.76%  16.0 1956s
 5228442 3168173 -80496.000   59   88 -79886.000 -80496.000  0.76%  16.0 1960s
 5240975 3175811 -80496.000   62   89 -79886.000 -80496.000  0.76%  16.0 1965s
 5248196 3181053 -80106.473   80   88 -79886.000 -80496.000  0.76%  16.0 1970s
 5260836 3189600 -80486.045   63   68 -79886.000 -80496.000  0.76%  16.0 1975s
 5275116 3199823     cutoff   82      -79886.000 -80496.000  0.76%  16.0 1980s
 5284225 3205718 -79889.543  102   70 -79886.000 -80496.000  0.76%  16.0 1985s
 5299011 3215471 -79925.664   44   85 -79886.000 -80496.000  0.76%  16.0 1990s
 5311561 3223458 -80104.755   78   69 -79886.000 -80496.000  0.76%  16.0 1995s
 5321629 3229301 -80496.000   85   79 -79886.000 -80496.000  0.76%  16.0 2000s
 5336037 3238378 -80222.894   75   78 -79886.000 -80496.000  0.76%  16.0 2005s
 5346774 3244906 -80053.092   72   88 -79886.000 -80496.000  0.76%  16.0 2010s
 5359422 3252917 -79994.337  103   64 -79886.000 -80496.000  0.76%  16.0 2015s
 5371698 3260802 -80045.941   59  110 -79886.000 -80496.000  0.76%  16.0 2020s
 5384215 3268676 -79920.268   66   83 -79886.000 -80496.000  0.76%  16.1 2025s
 5392989 3274437 -80492.738   72   85 -79886.000 -80496.000  0.76%  16.1 2030s
 5406454 3282599 -79950.980   69   50 -79886.000 -80496.000  0.76%  16.1 2037s
 5413990 3287340     cutoff  125      -79886.000 -80496.000  0.76%  16.1 2040s
 5429287 3296647 -79922.627   49   90 -79886.000 -80496.000  0.76%  16.1 2045s
 5443947 3305183 -79918.672   82   72 -79886.000 -80496.000  0.76%  16.1 2050s
 5454184 3311545 -80150.743   46   85 -79886.000 -80496.000  0.76%  16.1 2055s
 5466104 3318195     cutoff   55      -79886.000 -80496.000  0.76%  16.1 2060s
 5476801 3324410 -80496.000   68   76 -79886.000 -80496.000  0.76%  16.1 2065s
 5487774 3330740 -80321.656   80   74 -79886.000 -80496.000  0.76%  16.1 2070s
 5502984 3340525 -80426.615   50   78 -79886.000 -80496.000  0.76%  16.1 2075s
 5517978 3349771 -80332.638   63   77 -79886.000 -80496.000  0.76%  16.1 2080s
 5527143 3355580 -80314.840   92   70 -79886.000 -80496.000  0.76%  16.1 2085s
 5542196 3364996     cutoff   95      -79886.000 -80496.000  0.76%  16.1 2090s
 5557388 3374206 -80145.951   84   70 -79886.000 -80496.000  0.76%  16.1 2095s
 5565984 3379408 -80496.000   55   89 -79886.000 -80496.000  0.76%  16.1 2100s
 5580384 3388746 -80496.000   51   86 -79886.000 -80496.000  0.76%  16.1 2105s
 5591571 3395472 -79928.751   60   78 -79886.000 -80496.000  0.76%  16.1 2110s
 5606042 3404360 -80490.647   58   92 -79886.000 -80496.000  0.76%  16.2 2115s
 5610485 3407043 -80273.294   73   76 -79886.000 -80496.000  0.76%  16.2 2120s
 5623325 3414328 -80022.960   46   85 -79886.000 -80496.000  0.76%  16.2 2125s
 5635075 3422133 -80185.143  116   56 -79886.000 -80496.000  0.76%  16.2 2130s
 5650583 3432222 -79997.844   62   77 -79886.000 -80496.000  0.76%  16.2 2136s
 5663352 3441663 -79922.626   78   62 -79886.000 -80496.000  0.76%  16.2 2140s
 5679680 3452475 -80294.088   99   63 -79886.000 -80496.000  0.76%  16.2 2146s
 5692708 3461921 -79950.662   87   39 -79886.000 -80496.000  0.76%  16.2 2150s
 5709292 3473046 -80170.930  107   42 -79886.000 -80496.000  0.76%  16.2 2155s
 5723390 3482753 -79921.348   95   69 -79886.000 -80496.000  0.76%  16.2 2160s
 5739663 3494028 -80346.201   67   81 -79886.000 -80496.000  0.76%  16.1 2165s
 5756221 3505324 -80157.673  102   63 -79886.000 -80496.000  0.76%  16.1 2170s
 5771019 3515536 -80272.193   95   52 -79886.000 -80496.000  0.76%  16.1 2175s
 5785275 3525578 -80160.523  112   43 -79886.000 -80496.000  0.76%  16.1 2180s
 5800888 3535948 -80110.609   87   44 -79886.000 -80496.000  0.76%  16.1 2185s
 5815067 3548098 -80068.171   91   47 -79886.000 -80496.000  0.76%  16.1 2191s
 5829987 3555275 -79888.568  100   38 -79886.000 -80496.000  0.76%  16.1 2195s
 5846148 3566621 -80330.612   47   88 -79886.000 -80496.000  0.76%  16.1 2200s
 5861859 3577491 -80215.251   68   69 -79886.000 -80496.000  0.76%  16.1 2205s
 5873886 3585471 -80312.072   74   54 -79886.000 -80496.000  0.76%  16.1 2210s
 5888775 3594872 -80085.247  103   41 -79886.000 -80496.000  0.76%  16.1 2215s
 5904880 3605930 -80488.691   65   71 -79886.000 -80496.000  0.76%  16.1 2220s
 5920833 3616177 -79934.130  105   47 -79886.000 -80496.000  0.76%  16.1 2225s
 5933955 3625673 -80344.447   62   76 -79886.000 -80496.000  0.76%  16.1 2230s
 5952378 3638500 -80265.414   58   77 -79886.000 -80496.000  0.76%  16.1 2235s
 5964844 3647021 -79975.409   84   69 -79886.000 -80496.000  0.76%  16.1 2240s
 5980211 3657642 -80205.431   75   72 -79886.000 -80496.000  0.76%  16.1 2245s
 5993890 3666841 -80299.728   74   71 -79886.000 -80496.000  0.76%  16.1 2250s
 6009188 3677453 -80339.149   79   85 -79886.000 -80496.000  0.76%  16.1 2255s
 6020096 3684634 -79959.058   90   35 -79886.000 -80496.000  0.76%  16.1 2260s
 6035689 3695266 -80010.812   88   58 -79886.000 -80496.000  0.76%  16.1 2265s
 6050091 3705690 -80057.654   71   78 -79886.000 -80496.000  0.76%  16.1 2270s
 6061591 3713826 -80283.508   63   71 -79886.000 -80496.000  0.76%  16.1 2275s
 6081200 3727077     cutoff  119      -79886.000 -80496.000  0.76%  16.1 2280s
 6095187 3737283 -79924.926   84   50 -79886.000 -80496.000  0.76%  16.1 2285s
 6105173 3743980 -79971.184  115   34 -79886.000 -80496.000  0.76%  16.1 2290s
 6121885 3755460 -80264.455   53   82 -79886.000 -80496.000  0.76%  16.1 2295s
 6139911 3768076 -80496.000   66   84 -79886.000 -80496.000  0.76%  16.1 2300s
 6155307 3778499 -80139.779   53   90 -79886.000 -80496.000  0.76%  16.1 2305s
 6167601 3786853 -80291.982   66   74 -79886.000 -80496.000  0.76%  16.1 2310s
 6183781 3797369 -80232.192   88   66 -79886.000 -80496.000  0.76%  16.1 2315s
 6197118 3806281 -80078.217   67   65 -79886.000 -80496.000  0.76%  16.1 2320s
 6209095 3813751 -79893.395   58   97 -79886.000 -80496.000  0.76%  16.1 2325s
 6221156 3822087 -79964.640   59   96 -79886.000 -80496.000  0.76%  16.1 2330s
 6233383 3829928 -80492.293   46   81 -79886.000 -80496.000  0.76%  16.1 2335s
 6244501 3836938 -80089.001   91   85 -79886.000 -80496.000  0.76%  16.1 2340s
 6258410 3845580 -80174.238   63   88 -79886.000 -80496.000  0.76%  16.1 2346s
 6267630 3851881 -79941.684   63   87 -79886.000 -80496.000  0.76%  16.1 2350s
 6281152 3859655 -80129.135   55   82 -79886.000 -80496.000  0.76%  16.1 2355s
 6291748 3866598     cutoff   95      -79886.000 -80496.000  0.76%  16.1 2360s
 6303444 3873407 -79978.384   57   95 -79886.000 -80496.000  0.76%  16.1 2366s
 6312582 3879557 -80167.059   64   91 -79886.000 -80496.000  0.76%  16.1 2370s
 6328482 3890658 -80124.523   56   83 -79886.000 -80496.000  0.76%  16.1 2375s
 6335817 3895452 -80278.269   67   81 -79886.000 -80496.000  0.76%  16.1 2380s
 6351698 3906090 -80119.837  100   49 -79886.000 -80496.000  0.76%  16.1 2385s
 6365458 3915109 -79945.323   76   85 -79886.000 -80496.000  0.76%  16.1 2390s
 6375110 3921510 -80234.186   64   80 -79886.000 -80496.000  0.76%  16.1 2395s
 6388178 3929604 -80496.000   66   78 -79886.000 -80496.000  0.76%  16.1 2400s
 6400809 3937295 -80368.957   67   81 -79886.000 -80496.000  0.76%  16.2 2405s
 6412555 3944723 -80496.000   61   83 -79886.000 -80496.000  0.76%  16.2 2410s
 6422734 3951042 -80009.687   99   65 -79886.000 -80496.000  0.76%  16.2 2415s
 6430644 3955545 -80435.422   69   79 -79886.000 -80496.000  0.76%  16.2 2420s
 6445331 3964815 -80427.515   74   75 -79886.000 -80496.000  0.76%  16.2 2425s
 6457184 3971736 -80395.051   84   65 -79886.000 -80496.000  0.76%  16.2 2431s
 6465849 3978398 -80366.779   74   77 -79886.000 -80496.000  0.76%  16.2 2435s
 6482481 3987784 -79915.034   66   86 -79886.000 -80496.000  0.76%  16.2 2440s
 6496161 3995781 -80060.712  104   67 -79886.000 -80496.000  0.76%  16.2 2445s
 6508667 4003445 -80327.254   86   77 -79886.000 -80496.000  0.76%  16.2 2450s
 6522508 4011259 -80409.007   78   83 -79886.000 -80496.000  0.76%  16.2 2455s
 6533177 4017622 -80320.370   78   91 -79886.000 -80496.000  0.76%  16.2 2460s
 6544014 4024459 -80404.630   70   92 -79886.000 -80496.000  0.76%  16.2 2465s
 6559212 4033961 -80179.412   73   84 -79886.000 -80496.000  0.76%  16.2 2470s
 6569253 4040068 -80367.487   68   91 -79886.000 -80496.000  0.76%  16.2 2475s
 6584692 4049213 -79940.437  103   69 -79886.000 -80496.000  0.76%  16.2 2480s
 6598006 4057291 -80496.000   46   93 -79886.000 -80496.000  0.76%  16.2 2485s
 6609368 4064349 -79944.220   91   65 -79886.000 -80496.000  0.76%  16.2 2490s
 6624762 4074339 -80496.000   71   87 -79886.000 -80496.000  0.76%  16.2 2495s
 6635031 4080276 -80047.524   59   84 -79886.000 -80496.000  0.76%  16.3 2502s
 6640616 4083695 -80394.385   60   98 -79886.000 -80496.000  0.76%  16.3 2505s
 6652249 4091379 -79996.586   52   92 -79886.000 -80496.000  0.76%  16.3 2510s
 6666660 4099992 -79984.388   95   62 -79886.000 -80496.000  0.76%  16.3 2515s
 6674795 4105050 -80479.630   54   82 -79886.000 -80496.000  0.76%  16.3 2520s
 6690664 4114555 -80445.704   63   79 -79886.000 -80496.000  0.76%  16.3 2525s
 6706953 4125241 -80308.893   56   86 -79886.000 -80496.000  0.76%  16.3 2530s
 6715972 4130608 -80090.065   71   73 -79886.000 -80496.000  0.76%  16.3 2535s
 6730919 4140202 -80071.215   51   79 -79886.000 -80496.000  0.76%  16.3 2540s
 6742906 4147563 -80496.000   56   81 -79886.000 -80496.000  0.76%  16.3 2545s
 6753218 4153681 -80047.524   52   79 -79886.000 -80496.000  0.76%  16.3 2550s
 6762630 4159494 -79908.284  118   47 -79886.000 -80496.000  0.76%  16.3 2555s
 6775524 4167258 -80004.065   84   77 -79886.000 -80496.000  0.76%  16.3 2560s
 6789098 4175561     cutoff   51      -79886.000 -80496.000  0.76%  16.3 2565s
 6798520 4181426 -80349.098   64   85 -79886.000 -80496.000  0.76%  16.3 2570s
 6812262 4189502     cutoff   70      -79886.000 -80496.000  0.76%  16.3 2575s
 6823469 4196176 -80150.765   96   70 -79886.000 -80496.000  0.76%  16.4 2580s
 6836595 4203550 -80024.297   74   66 -79886.000 -80496.000  0.76%  16.4 2586s
 6846690 4210478 -80000.117   75   71 -79886.000 -80496.000  0.76%  16.4 2590s
 6859812 4218543 -80132.838   83   74 -79886.000 -80496.000  0.76%  16.4 2595s
 6866391 4222721 -80496.000   49   85 -79886.000 -80496.000  0.76%  16.4 2600s
 6880998 4232355 -80060.790   75   75 -79886.000 -80496.000  0.76%  16.4 2605s
 6897121 4242760 -79887.520  115   45 -79886.000 -80496.000  0.76%  16.4 2610s
 6909582 4250887 -80432.664   55   79 -79886.000 -80496.000  0.76%  16.4 2615s
 6922742 4258784 -80491.718   66   88 -79886.000 -80496.000  0.76%  16.4 2620s
 6934642 4267256 -80044.364   88   87 -79886.000 -80496.000  0.76%  16.4 2625s
 6944193 4273693 -80055.560   68   71 -79886.000 -80496.000  0.76%  16.4 2630s
 6959244 4283497 -80496.000   55   90 -79886.000 -80496.000  0.76%  16.4 2635s
 6974751 4293977 -80305.948   88   70 -79886.000 -80496.000  0.76%  16.4 2640s
 6983277 4299894 -80273.780   72   81 -79886.000 -80496.000  0.76%  16.4 2645s
 7000198 4310208     cutoff  116      -79886.000 -80496.000  0.76%  16.4 2650s
 7014726 4320016 -80380.886   56   77 -79886.000 -80496.000  0.76%  16.4 2655s
 7025607 4326981 -80140.528   59   71 -79886.000 -80496.000  0.76%  16.4 2660s
 7037387 4334505 -80496.000   47   79 -79886.000 -80496.000  0.76%  16.4 2665s
 7049108 4342283 -80186.554   75   82 -79886.000 -80496.000  0.76%  16.4 2670s
 7062293 4351182 -80484.356   51   95 -79886.000 -80496.000  0.76%  16.4 2675s
 7078687 4362273 -79910.510   68   78 -79886.000 -80496.000  0.76%  16.4 2680s
 7090571 4369955 -80414.778   61   96 -79886.000 -80496.000  0.76%  16.4 2685s
 7100692 4377060 -80496.000   55   93 -79886.000 -80496.000  0.76%  16.4 2690s
 7113682 4384746 -80445.109   70   89 -79886.000 -80496.000  0.76%  16.4 2695s
 7128257 4394723 -80418.815   77   84 -79886.000 -80496.000  0.76%  16.4 2700s
 7140537 4403106 -79971.303   93   78 -79886.000 -80496.000  0.76%  16.4 2705s
 7153170 4410872 -80384.829   64   81 -79886.000 -80496.000  0.76%  16.4 2710s
 7164754 4419162 -80371.096   69   82 -79886.000 -80496.000  0.76%  16.4 2715s
 7176194 4426460 -80496.000   68   80 -79886.000 -80496.000  0.76%  16.4 2720s
 7186459 4432829 -79966.789   74   71 -79886.000 -80496.000  0.76%  16.4 2726s
 7192660 4437367 -80300.442   76   72 -79886.000 -80496.000  0.76%  16.4 2730s
 7207510 4447077 -80068.720  106   63 -79886.000 -80496.000  0.76%  16.4 2735s
 7216655 4452964 -80251.635   77   75 -79886.000 -80496.000  0.76%  16.4 2740s
 7229824 4462714 -80482.251   56   85 -79886.000 -80496.000  0.76%  16.4 2745s
 7246437 4473474     cutoff   97      -79886.000 -80496.000  0.76%  16.4 2750s
 7255772 4482174 -80481.487   52   79 -79886.000 -80496.000  0.76%  16.4 2756s
 7270233 4489439     cutoff  114      -79886.000 -80496.000  0.76%  16.4 2760s
 7283320 4497885 -79963.553   93   43 -79886.000 -80496.000  0.76%  16.4 2765s
 7296638 4507338 -80290.726   61   76 -79886.000 -80496.000  0.76%  16.4 2770s
 7311433 4517426 -79946.777  119   30 -79886.000 -80496.000  0.76%  16.4 2775s
 7326549 4527839 -80034.057   77   69 -79886.000 -80496.000  0.76%  16.4 2780s
 7337434 4534809 -79959.593  105   50 -79886.000 -80496.000  0.76%  16.4 2785s
 7352958 4544788     cutoff  105      -79886.000 -80496.000  0.76%  16.4 2790s
 7363595 4551588 -80098.573   97   42 -79886.000 -80496.000  0.76%  16.4 2795s
 7377394 4560793 -79997.701   39   98 -79886.000 -80496.000  0.76%  16.4 2800s
 7393509 4571479 -80297.152   48   92 -79886.000 -80496.000  0.76%  16.4 2805s
 7408093 4581237     cutoff   72      -79886.000 -80496.000  0.76%  16.4 2810s
 7421362 4589777 -80389.320   33   78 -79886.000 -80496.000  0.76%  16.4 2817s
 7429187 4595102 -80492.313   44   95 -79886.000 -80496.000  0.76%  16.4 2820s
 7444480 4604809     cutoff   58      -79886.000 -80496.000  0.76%  16.4 2825s
 7458925 4614158 -79922.627   60   87 -79886.000 -80496.000  0.76%  16.4 2830s
 7469400 4621311 -80135.744   71   89 -79886.000 -80496.000  0.76%  16.4 2835s
 7481083 4628918 -80496.000   39   90 -79886.000 -80496.000  0.76%  16.4 2840s
 7493083 4636573 -80315.169   56   87 -79886.000 -80496.000  0.76%  16.4 2845s
 7499624 4640102 -80412.032   75   55 -79886.000 -80496.000  0.76%  16.4 2850s
 7514889 4650543 -80299.212   65   80 -79886.000 -80496.000  0.76%  16.4 2855s
 7530255 4660643 -79940.401  115   46 -79886.000 -80496.000  0.76%  16.4 2860s
 7547187 4671235 -80083.952   84   40 -79886.000 -80496.000  0.76%  16.4 2866s
 7558326 4679040 -80248.691   66   74 -79886.000 -80496.000  0.76%  16.4 2870s
 7575616 4690265 -79945.323   55   76 -79886.000 -80496.000  0.76%  16.4 2875s
 7588904 4698614 -79954.113   79   78 -79886.000 -80496.000  0.76%  16.4 2880s
 7601440 4706800 -79962.191   89   76 -79886.000 -80496.000  0.76%  16.4 2885s
 7612491 4713693 -80469.730   69   67 -79886.000 -80496.000  0.76%  16.4 2890s
 7627233 4722805     cutoff   59      -79886.000 -80496.000  0.76%  16.5 2895s
 7635256 4728167 -80487.477   82   74 -79886.000 -80496.000  0.76%  16.5 2900s
 7649081 4736487 -80452.744   44   87 -79886.000 -80496.000  0.76%  16.5 2905s
 7662264 4745330 -79919.193  102   66 -79886.000 -80496.000  0.76%  16.5 2910s
 7672335 4751796 -80342.087   48   85 -79886.000 -80496.000  0.76%  16.5 2915s
 7689541 4762923 -79887.321   63   97 -79886.000 -80496.000  0.76%  16.5 2920s
 7701891 4770958 -80496.000   61   87 -79886.000 -80496.000  0.76%  16.5 2925s
 7713057 4778581 -80485.120   55   87 -79886.000 -80496.000  0.76%  16.5 2930s
 7728655 4788288 -80496.000   50   90 -79886.000 -80496.000  0.76%  16.5 2935s
 7740789 4795891 -80379.732   48   83 -79886.000 -80496.000  0.76%  16.5 2940s
 7753132 4803684 -80496.000   69   80 -79886.000 -80496.000  0.76%  16.5 2945s
 7763748 4810968 -79989.528   64   93 -79886.000 -80496.000  0.76%  16.5 2950s
 7777042 4819596 -80104.463   78   85 -79886.000 -80496.000  0.76%  16.5 2955s
 7789159 4827116 -80496.000   43   93 -79886.000 -80496.000  0.76%  16.5 2960s
H7791265 3906088                    -79953.00000 -80496.000  0.68%  16.5 2964s
 7792567 3906761 -80075.097   56   98 -79953.000 -80496.000  0.68%  16.5 2965s
 7807195 3916464 -80289.310   46   76 -79953.000 -80496.000  0.68%  16.5 2970s
 7819498 3924479 -80136.203   65   66 -79953.000 -80496.000  0.68%  16.5 2975s
 7829944 3930944 -80299.775   62   63 -79953.000 -80496.000  0.68%  16.5 2980s
 7844747 3940713 -80454.788   38   79 -79953.000 -80496.000  0.68%  16.5 2985s
 7859952 3949732 -80091.467  100   45 -79953.000 -80496.000  0.68%  16.5 2990s
 7871120 3957001 -80043.441   76   64 -79953.000 -80496.000  0.68%  16.5 2995s
 7883080 3964288 -80385.407   63   79 -79953.000 -80496.000  0.68%  16.5 3000s
 7899115 3973928 -80145.304  106   69 -79953.000 -80496.000  0.68%  16.5 3005s
 7909112 3980667 infeasible  120      -79953.000 -80496.000  0.68%  16.5 3010s
 7922773 3988822     cutoff   39      -79953.000 -80496.000  0.68%  16.5 3015s
 7936613 3998056 -80165.849   64   65 -79953.000 -80496.000  0.68%  16.5 3020s
 7949415 4006168 -80397.359   59   80 -79953.000 -80496.000  0.68%  16.5 3025s
 7962669 4014483 -80092.830   85   68 -79953.000 -80496.000  0.68%  16.5 3030s
 7972698 4020777 -80156.498   57   63 -79953.000 -80496.000  0.68%  16.5 3035s
 7986248 4028294 -80166.280   98   65 -79953.000 -80496.000  0.68%  16.5 3040s
 7997349 4034570 -80493.090   42   91 -79953.000 -80496.000  0.68%  16.5 3045s
 8009283 4041385 -80355.689   67   74 -79953.000 -80496.000  0.68%  16.5 3050s
 8017536 4047073 -80059.375   58   81 -79953.000 -80496.000  0.68%  16.5 3055s
 8029955 4055047 -80454.609   51   88 -79953.000 -80496.000  0.68%  16.5 3060s
 8036087 4058983 -80260.385   58   68 -79953.000 -80496.000  0.68%  16.5 3065s
 8053393 4069937 -80496.000   55   81 -79953.000 -80496.000  0.68%  16.5 3070s
 8065317 4077839 -80124.110   81   55 -79953.000 -80496.000  0.68%  16.5 3075s
 8078225 4086037 -79975.335   91   55 -79953.000 -80496.000  0.68%  16.5 3080s
 8092420 4094712 -80496.000   62   80 -79953.000 -80496.000  0.68%  16.5 3085s
 8106777 4104428 -80309.436   88   63 -79953.000 -80496.000  0.68%  16.5 3090s
 8120267 4112947     cutoff   67      -79953.000 -80496.000  0.68%  16.5 3095s
 8133385 4120538 -80306.008   72   74 -79953.000 -80496.000  0.68%  16.5 3100s
 8147778 4129953 -80337.581   79   72 -79953.000 -80496.000  0.68%  16.5 3106s
 8158372 4137194 -80009.980   95   52 -79953.000 -80496.000  0.68%  16.5 3110s
 8172780 4147320 -80263.422   64   72 -79953.000 -80496.000  0.68%  16.5 3115s
 8188949 4156475 -80255.850   96   57 -79953.000 -80496.000  0.68%  16.5 3120s
 8200249 4163083 -80273.221   74   82 -79953.000 -80496.000  0.68%  16.5 3125s
 8216656 4174103 -80383.450   62   74 -79953.000 -80496.000  0.68%  16.5 3130s
 8225870 4180325 -80090.222   88   63 -79953.000 -80496.000  0.68%  16.5 3135s
 8242744 4191112 -80117.016  112   46 -79953.000 -80496.000  0.68%  16.5 3140s
 8256036 4199555 -80496.000   58   78 -79953.000 -80496.000  0.68%  16.5 3145s
 8266628 4206657 -80399.936   66   71 -79953.000 -80496.000  0.68%  16.5 3150s
 8281468 4216015 -80044.000   94   51 -79953.000 -80496.000  0.68%  16.5 3155s
 8288987 4220668 -79989.198   77   66 -79953.000 -80496.000  0.68%  16.5 3160s
 8303412 4230011 -80337.241   62   78 -79953.000 -80496.000  0.68%  16.5 3165s
 8313697 4236619 -79984.330   87   68 -79953.000 -80496.000  0.68%  16.5 3170s
 8328948 4247079 -80238.492   46   88 -79953.000 -80496.000  0.68%  16.5 3175s
 8340852 4254432 -80165.128   83   70 -79953.000 -80496.000  0.68%  16.5 3180s
 8352284 4261051 -80254.132   63   80 -79953.000 -80496.000  0.68%  16.5 3185s
 8363302 4268850 -80094.010   87   63 -79953.000 -80496.000  0.68%  16.5 3190s
 8373519 4275162 -80387.081   43   84 -79953.000 -80496.000  0.68%  16.5 3195s
 8388668 4285196     cutoff   95      -79953.000 -80496.000  0.68%  16.5 3200s
 8401078 4293207 -80496.000   49   90 -79953.000 -80496.000  0.68%  16.5 3205s
 8407982 4297259 -79989.140   83   68 -79953.000 -80496.000  0.68%  16.5 3210s
 8422545 4305892 -80114.282   83   68 -79953.000 -80496.000  0.68%  16.5 3215s
 8433350 4313001 -79994.263   84   73 -79953.000 -80496.000  0.68%  16.5 3220s
 8444938 4320168 -80094.077   61   83 -79953.000 -80496.000  0.68%  16.5 3225s
 8460944 4330383 -80496.000   54   94 -79953.000 -80496.000  0.68%  16.5 3230s
 8473473 4337953 -80272.737   65   97 -79953.000 -80496.000  0.68%  16.5 3235s
 8483042 4343844 -80272.044   60   89 -79953.000 -80496.000  0.68%  16.5 3240s
 8495127 4351627 -80152.982  101   62 -79953.000 -80496.000  0.68%  16.5 3245s
 8507975 4359038 -80412.784   65   85 -79953.000 -80496.000  0.68%  16.5 3250s
 8518776 4365944 -80496.000   45   95 -79953.000 -80496.000  0.68%  16.5 3255s
 8530676 4373262 -80496.000   82   85 -79953.000 -80496.000  0.68%  16.5 3260s
 8540302 4378712     cutoff  106      -79953.000 -80496.000  0.68%  16.5 3265s
 8551961 4387713 -80496.000   55  101 -79953.000 -80496.000  0.68%  16.5 3270s
 8559467 4390452 -80496.000   37   98 -79953.000 -80496.000  0.68%  16.5 3275s
 8573663 4399037 -80314.858   44   89 -79953.000 -80496.000  0.68%  16.5 3280s
 8587742 4408234 -80496.000   73   86 -79953.000 -80496.000  0.68%  16.5 3285s
 8600497 4415681 -80134.510  113   44 -79953.000 -80496.000  0.68%  16.5 3290s
 8616833 4426495 -80351.451   81   70 -79953.000 -80496.000  0.68%  16.5 3295s
 8630381 4435261     cutoff   67      -79953.000 -80496.000  0.68%  16.5 3300s
 8644652 4443967 -80132.655   80   73 -79953.000 -80496.000  0.68%  16.5 3306s
 8655642 4450932 -80346.792   59   78 -79953.000 -80496.000  0.68%  16.5 3310s
 8668090 4458774 -80327.731   70   72 -79953.000 -80496.000  0.68%  16.5 3315s
 8681323 4466756 -80118.547   75   73 -79953.000 -80496.000  0.68%  16.5 3320s
 8690888 4473248 -80056.482   88   64 -79953.000 -80496.000  0.68%  16.5 3325s
 8699068 4480032 -80482.661   63   82 -79953.000 -80496.000  0.68%  16.5 3330s
 8714037 4486727 -80014.949   64   67 -79953.000 -80496.000  0.68%  16.5 3335s
 8722605 4492347 -80496.000   62   79 -79953.000 -80496.000  0.68%  16.6 3340s
 8733941 4498874 -80264.930   97   53 -79953.000 -80496.000  0.68%  16.6 3345s
 8748248 4508286 -80002.946   78   77 -79953.000 -80496.000  0.68%  16.6 3350s
 8760626 4515959 -80142.649   43   96 -79953.000 -80496.000  0.68%  16.6 3355s
 8772946 4523056 -80057.934   59   92 -79953.000 -80496.000  0.68%  16.6 3360s
 8785627 4530676 -79957.651   86  100 -79953.000 -80496.000  0.68%  16.6 3365s
 8797614 4538511 -80318.867   67   88 -79953.000 -80496.000  0.68%  16.6 3370s
 8810938 4546196 -80300.634   51   79 -79953.000 -80496.000  0.68%  16.6 3376s
 8820746 4552358 -79964.339   99   61 -79953.000 -80496.000  0.68%  16.6 3380s
 8832581 4559823 -80307.809   61   73 -79953.000 -80496.000  0.68%  16.6 3385s
 8846736 4568374 -80496.000   66   74 -79953.000 -80496.000  0.68%  16.6 3390s
 8862032 4578316 -80496.000   71   96 -79953.000 -80496.000  0.68%  16.6 3395s
 8874825 4585921 -80340.131   71   80 -79953.000 -80496.000  0.68%  16.6 3401s
 8881074 4590616 -80408.488   50   90 -79953.000 -80496.000  0.68%  16.6 3405s
 8896724 4600372 -80046.747  118   44 -79953.000 -80496.000  0.68%  16.6 3410s
 8907789 4607672 -80208.414   98   61 -79953.000 -80496.000  0.68%  16.6 3415s
 8920798 4616029 -80483.942   66   91 -79953.000 -80496.000  0.68%  16.6 3420s
 8934000 4623962 -80382.151   61   91 -79953.000 -80496.000  0.68%  16.6 3425s
 8942028 4629033 -80482.785   78   94 -79953.000 -80496.000  0.68%  16.6 3430s
 8955983 4637678 -79962.996   96   68 -79953.000 -80496.000  0.68%  16.6 3435s
 8969066 4645007 -80325.553   85   73 -79953.000 -80496.000  0.68%  16.6 3440s
 8982285 4654162 -80491.601   72   79 -79953.000 -80496.000  0.68%  16.6 3445s
 8991828 4660451 -80052.436   98   75 -79953.000 -80496.000  0.68%  16.6 3450s
 9009456 4671527 -80276.188   63   72 -79953.000 -80496.000  0.68%  16.6 3455s
 9018956 4678017 -79994.914  118   45 -79953.000 -80496.000  0.68%  16.6 3460s
 9032053 4685448 -80388.672   70   73 -79953.000 -80496.000  0.68%  16.6 3465s
 9044202 4693778     cutoff   90      -79953.000 -80496.000  0.68%  16.6 3470s
 9056958 4701655 -79967.654  111   54 -79953.000 -80496.000  0.68%  16.6 3475s
 9068872 4708655 -80496.000   56   85 -79953.000 -80496.000  0.68%  16.6 3480s
 9077307 4714002 -80496.000   57   96 -79953.000 -80496.000  0.68%  16.6 3485s
 9090711 4722703 -80474.514   58   94 -79953.000 -80496.000  0.68%  16.6 3490s
 9103335 4730049 -80004.994  114   63 -79953.000 -80496.000  0.68%  16.6 3495s
 9113563 4736250     cutoff   75      -79953.000 -80496.000  0.68%  16.6 3500s
 9127465 4744476 -80480.156   57   98 -79953.000 -80496.000  0.68%  16.6 3505s
 9134705 4749046 -80249.907   94   77 -79953.000 -80496.000  0.68%  16.6 3510s
 9148956 4757826 -80231.157  108   52 -79953.000 -80496.000  0.68%  16.6 3515s
 9161668 4765159 -80034.256  104   65 -79953.000 -80496.000  0.68%  16.6 3520s
 9171825 4771260 -80330.972   45   75 -79953.000 -80496.000  0.68%  16.6 3525s
 9185645 4780243 -80476.266   72   92 -79953.000 -80496.000  0.68%  16.6 3530s
 9200679 4789452 -80368.373   67   88 -79953.000 -80496.000  0.68%  16.6 3535s
 9211339 4795802     cutoff   81      -79953.000 -80496.000  0.68%  16.6 3540s
 9222069 4802182 -80496.000   51   92 -79953.000 -80496.000  0.68%  16.6 3546s
 9231147 4807994 -80392.240   46   74 -79953.000 -80496.000  0.68%  16.6 3550s
 9243577 4815590 -80496.000   63   91 -79953.000 -80496.000  0.68%  16.6 3555s
 9255883 4823085 -80130.853   67   83 -79953.000 -80496.000  0.68%  16.6 3560s
 9266314 4829443 -80493.656   60   84 -79953.000 -80496.000  0.68%  16.6 3565s
 9280420 4837682 -80496.000   62   92 -79953.000 -80496.000  0.68%  16.6 3570s
 9289182 4843094 -80112.069  104   79 -79953.000 -80496.000  0.68%  16.6 3575s
 9304053 4851880 -80028.517   85   77 -79953.000 -80496.000  0.68%  16.6 3580s
 9316901 4859614 -80023.846  125   44 -79953.000 -80496.000  0.68%  16.6 3586s
 9326679 4865824 -80350.847   74   96 -79953.000 -80496.000  0.68%  16.6 3590s
 9341637 4874262 -80087.244   63   80 -79953.000 -80496.000  0.68%  16.6 3595s
 9351528 4879602 -80492.582   76   78 -79953.000 -80496.000  0.68%  16.6 3600s

Cutting planes:
  Gomory: 7
  Cover: 74
  Clique: 111
  MIR: 9
  StrongCG: 13
  Flow cover: 14
  GUB cover: 1
  RLT: 2

Explored 9351532 nodes (155693662 simplex iterations) in 3600.01 seconds (5049.92 work units)
Thread count was 4 (of 56 available processors)

Solution count 10: -79953 -79886 -79840 ... -79176

Time limit reached
Best objective -7.995300000000e+04, best bound -8.049600000000e+04, gap 0.6791%
