
Gurobi 9.5.0 (linux64) logging started Thu Apr  7 00:16:01 2022

Set parameter LogFile to value "/local_workspace/chenrui/LogFiles/MKAP/MKAP_20_200_10_2_DWcutsT3_1h.log"
Gurobi Optimizer version 9.5.0 build v9.5.0rc5 (linux64)
Thread count: 56 physical cores, 56 logical processors, using up to 4 threads
Optimize a model with 1871 rows, 4200 columns and 38783 nonzeros
Model fingerprint: 0xc599be33
Variable types: 0 continuous, 4200 integer (4200 binary)
Coefficient statistics:
  Matrix range     [1e-13, 3e+03]
  Objective range  [4e+00, 1e+03]
  Bounds range     [1e+00, 1e+00]
  RHS range        [1e-12, 3e+00]
Warning: Model contains large matrix coefficient range
         Consider reformulating model or setting NumericFocus parameter
         to avoid numerical issues.
Found heuristic solution: objective 0.0000000
Presolve removed 11 rows and 48 columns
Presolve time: 0.09s
Presolved: 1860 rows, 4152 columns, 37965 nonzeros
Variable types: 0 continuous, 4152 integer (4152 binary)
Found heuristic solution: objective -9458.000000
Warning: Markowitz tolerance tightened to 0.0625

Root relaxation: objective -8.015026e+04, 9535 iterations, 0.72 seconds (0.91 work units)

    Nodes    |    Current Node    |     Objective Bounds      |     Work
 Expl Unexpl |  Obj  Depth IntInf | Incumbent    BestBd   Gap | It/Node Time

     0     0 -80150.263    0  268 -9458.0000 -80150.263   747%     -    0s
H    0     0                    -64040.00000 -80150.263  25.2%     -    0s
H    0     0                    -72745.00000 -80150.263  10.2%     -    1s
H    0     0                    -76405.00000 -80150.263  4.90%     -    1s
     0     0 -80150.263    0  371 -76405.000 -80150.263  4.90%     -    1s
H    0     0                    -77160.00000 -80150.263  3.88%     -    2s
     0     0 -80150.263    0  330 -77160.000 -80150.263  3.88%     -    2s
     0     0 -80150.263    0  398 -77160.000 -80150.263  3.88%     -    2s
     0     0 -80150.263    0  384 -77160.000 -80150.263  3.88%     -    3s
H    0     0                    -77916.00000 -80150.263  2.87%     -    3s
     0     0 -80150.263    0  268 -77916.000 -80150.263  2.87%     -    3s
     0     0 -80150.263    0  375 -77916.000 -80150.263  2.87%     -    4s
     0     0 -80150.263    0  326 -77916.000 -80150.263  2.87%     -    4s
     0     0 -80150.263    0  278 -77916.000 -80150.263  2.87%     -    5s
     0     2 -80150.263    0  234 -77916.000 -80150.263  2.87%     -    7s
    11    16 -80139.584    3  305 -77916.000 -80150.263  2.87%  1362   10s
H   27    42                    -78089.00000 -80150.263  2.64%  1094   12s
H   30    42                    -78183.00000 -80150.263  2.52%  1062   12s
H   99   218                    -78339.00000 -80150.263  2.31%   779   17s
H  134   218                    -78496.00000 -80150.263  2.11%   669   17s
H  217   973                    -78650.00000 -80150.263  1.91%   607   24s
H  392   973                    -78669.00000 -80150.263  1.88%   400   24s
   980  1062 -79432.705  180   53 -78669.000 -80150.263  1.88%   205   26s
  1140  1088 -79722.112  150  278 -78669.000 -80150.263  1.88%   242   32s
  1145  1091 -79466.573  125  347 -78669.000 -80150.263  1.88%   241   35s
  1153  1097 -79973.905  104  280 -78669.000 -80150.263  1.88%   239   44s
  1154  1100 -80150.263   15  259 -78669.000 -80150.263  1.88%   268   48s
  1156  1104 -80150.263   16  254 -78669.000 -80150.263  1.88%   269   52s
  1176  1119 -80150.263   19  304 -78669.000 -80150.263  1.88%   280   55s
  1248  1179 -80150.263   28  293 -78669.000 -80150.263  1.88%   296   60s
H 1251  1122                    -78778.00000 -80150.263  1.74%   298   60s
H 1295  1101                    -78893.00000 -80150.263  1.59%   313   62s
H 1381  1146                    -78933.00000 -80150.263  1.54%   321   64s
  1435  1292 -80150.004   45  234 -78933.000 -80150.263  1.54%   315   67s
H 1437  1244                    -78968.00000 -80150.263  1.50%   316   67s
H 1907  1585                    -79007.00000 -80150.263  1.45%   288   70s
H 2536  1922                    -79051.00000 -80150.263  1.39%   258   74s
  3030  2153 -79824.732  113  106 -79051.000 -80150.263  1.39%   234   76s
H 3381  1993                    -79058.00000 -80150.263  1.38%   223   76s
  3512  2186 -79765.499   30  133 -79058.000 -80150.263  1.38%   220   80s
  4180  3016 -80149.986   44  229 -79058.000 -80150.263  1.38%   214   86s
  4856  3653 -79475.761   64  160 -79058.000 -80150.263  1.38%   203   90s
  5634  4094 -80091.536   36  222 -79058.000 -80150.263  1.38%   192   95s
  7326  5433 -79981.553   58  158 -79058.000 -80150.263  1.38%   171  102s
  8516  6650 -80150.233   49  231 -79058.000 -80150.263  1.38%   161  107s
H 8984  6562                    -79102.00000 -80150.263  1.33%   160  107s
  9162  7226 -80150.189   40  240 -79102.000 -80150.263  1.33%   159  111s
H10588  8917                    -79119.00000 -80150.263  1.30%   153  120s
 12747  9369 -79919.675   56  177 -79119.000 -80150.263  1.30%   145  126s
 13161 10080 -80150.144   44  204 -79119.000 -80150.263  1.30%   146  131s
 13994 10972 -80149.867   46  234 -79119.000 -80150.263  1.30%   144  137s
 15104 11674 -79525.181   70  107 -79119.000 -80150.263  1.30%   143  142s
 15682 12005 -80149.928   40  229 -79119.000 -80150.263  1.30%   142  145s
 16665 13000 -80149.778   53  187 -79119.000 -80150.263  1.30%   141  151s
 17823 13672 -80150.215   39  224 -79119.000 -80150.263  1.30%   141  157s
 18201 14183 -80150.215   39  226 -79119.000 -80150.263  1.30%   141  160s
 19203 15053 -80150.016   37  210 -79119.000 -80150.263  1.30%   142  166s
 20272 15597 -80149.071   54  203 -79119.000 -80150.263  1.30%   142  172s
 20622 15647 -80148.894   69  169 -79119.000 -80150.263  1.30%   142  175s
 21204 16805 -80032.444   61  220 -79119.000 -80150.263  1.30%   142  236s
H22119 16702                    -79150.00000 -80150.263  1.26%   142  239s
 22393 17337 -80149.109   38  206 -79150.000 -80150.263  1.26%   141  243s
 23187 17804 -80139.529   35  220 -79150.000 -80150.263  1.26%   141  246s
 24559 18495 -79817.363   55  107 -79150.000 -80150.263  1.26%   140  252s
 24676 18958 -80150.185   46  238 -79150.000 -80150.263  1.26%   140  255s
H24697 18918                    -79155.00000 -80150.263  1.26%   140  255s
H25504 18405                    -79214.00000 -80150.263  1.18%   140  258s
 25550 19002 -80102.377   51  264 -79214.000 -80150.263  1.18%   141  262s
H26117 17771                    -79291.00000 -80150.263  1.08%   140  262s
 26318 17823 -80147.885   56  179 -79291.000 -80150.263  1.08%   140  265s
 27442 18922 -80150.154   50  245 -79291.000 -80150.263  1.08%   141  272s
 28338 19565 -79838.522   68  140 -79291.000 -80150.263  1.08%   142  277s
 28690 19948 -79810.559   69  142 -79291.000 -80150.263  1.08%   142  280s
 30517 21168 -79933.714   49  155 -79291.000 -80150.263  1.08%   143  287s
 31188 21827 -80140.994   32  198 -79291.000 -80150.263  1.08%   145  292s
 31666 22073 -79310.252   88   92 -79291.000 -80150.263  1.08%   145  296s
 31961 23308 -79310.252   87  105 -79291.000 -80150.263  1.08%   146  302s
 33540 23581 -80121.360   27  231 -79291.000 -80150.263  1.08%   146  305s
 34213 24580 -79934.533   67  219 -79291.000 -80150.263  1.08%   148  311s
 35498 25240 -80150.261   61  242 -79291.000 -80150.263  1.08%   147  318s
 35976 26082 -80150.202   53  200 -79291.000 -80150.263  1.08%   147  321s
 38023 27255 -79483.145   74  112 -79291.000 -80150.263  1.08%   146  326s
 38611 27604 -80150.263   39  206 -79291.000 -80150.263  1.08%   147  330s
 39081 28384 -79884.525   59  170 -79291.000 -80150.263  1.08%   147  337s
 40098 29259 -79686.781   99   62 -79291.000 -80150.263  1.08%   146  340s
 42072 30357 -79894.599   63  135 -79291.000 -80150.263  1.08%   144  346s
 43609 31567 -80073.426   57  172 -79291.000 -80150.263  1.08%   144  351s
 44879 32566 -80022.920   70  169 -79291.000 -80150.263  1.08%   143  356s
 46899 33626 -80079.294   66  213 -79291.000 -80150.263  1.08%   142  363s
 47259 34046 -80079.210   67  183 -79291.000 -80150.263  1.08%   142  365s
 48986 35582 -80149.767   59  184 -79291.000 -80150.263  1.08%   142  371s
 50267 36276 -79984.790   70  177 -79291.000 -80150.263  1.08%   141  379s
 50916 36770 -80150.263   55  214 -79291.000 -80150.263  1.08%   140  381s
 52405 38119 -80004.400   66  173 -79291.000 -80150.263  1.08%   139  388s
 53463 38252 -80045.917   57  167 -79291.000 -80150.263  1.08%   139  391s
 54208 39283 -79935.769   81  168 -79291.000 -80150.263  1.08%   139  396s
 55627 39862 -80150.211   64  231 -79291.000 -80150.263  1.08%   138  401s
 56502 40757 -79985.004   55  211 -79291.000 -80150.263  1.08%   138  407s
 57442 41271 -80150.110   63  161 -79291.000 -80150.263  1.08%   138  412s
 57942 41611 -80150.247   36  230 -79291.000 -80150.263  1.08%   138  415s
 58661 42194 -80148.921   59  203 -79291.000 -80150.263  1.08%   138  420s
 59748 42876 -79837.672   54  155 -79291.000 -80150.263  1.08%   139  427s
 60150 43332 -79788.703   35  193 -79291.000 -80150.263  1.08%   139  430s
 60841 44262 -80150.263   46  216 -79291.000 -80150.263  1.08%   139  436s
 62822 46009 -79974.104   39  181 -79291.000 -80150.263  1.08%   138  443s
 64056 46353 -80030.493   58  132 -79291.000 -80150.263  1.08%   137  445s
 65274 47412 -79851.802   54  242 -79291.000 -80150.263  1.08%   137  452s
 66447 47967 -80091.573   56  176 -79291.000 -80150.263  1.08%   136  456s
 67320 48569 -79934.857   39  127 -79291.000 -80150.263  1.08%   137  461s
 68181 49440 -79538.539   76  164 -79291.000 -80150.263  1.08%   136  466s
 69464 50000 -79843.720   61  180 -79291.000 -80150.263  1.08%   136  471s
 70459 50730 -79641.551   86  186 -79291.000 -80150.263  1.08%   136  477s
 71237 51300 -80150.263   56  237 -79291.000 -80150.263  1.08%   136  482s
 72361 52355 -80150.088   64  238 -79291.000 -80150.263  1.08%   135  487s
 72962 52931 -80137.174   76  212 -79291.000 -80150.263  1.08%   135  490s
 74370 54262 -79319.576  104   42 -79291.000 -80150.263  1.08%   135  498s
 75691 54553 -79623.432   46  187 -79291.000 -80150.263  1.08%   134  500s
 76610 55566 -80113.435   44  147 -79291.000 -80150.263  1.08%   134  506s
 77674 56079 -79714.123   46  238 -79291.000 -80150.263  1.08%   134  511s
 78561 56506 -79333.176   88  138 -79291.000 -80150.263  1.08%   134  518s
 78732 57039 -80004.475   54  187 -79291.000 -80150.263  1.08%   135  521s
 79873 58018 -79883.238   67  135 -79291.000 -80150.263  1.08%   135  527s
 80697 58279 -79985.154   69  207 -79291.000 -80150.263  1.08%   135  531s
 81391 59081 -79910.518   68  116 -79291.000 -80150.263  1.08%   136  537s
 82131 59418 -80150.263   43  201 -79291.000 -80150.263  1.08%   136  540s
 83171 60132 -79531.568   81  108 -79291.000 -80150.263  1.08%   136  546s
 84313 61058 -80079.653   59  186 -79291.000 -80150.263  1.08%   136  554s
 84686 62127 -79471.285  122   41 -79291.000 -80150.263  1.08%   137  560s
 86502 62623 -79963.942   57  160 -79291.000 -80150.263  1.08%   137  565s
 87550 63693 -79872.935   63  240 -79291.000 -80150.263  1.08%   136  572s
 88295 63989 -79692.948   77   95 -79291.000 -80150.263  1.08%   137  575s
 89246 64723 -79628.036   71  194 -79291.000 -80150.263  1.08%   136  582s
 89712 65116 -79554.268   84  105 -79291.000 -80150.263  1.08%   137  586s
 90790 65803 -80150.263   40  206 -79291.000 -80150.263  1.08%   137  593s
 91167 66261 -80094.104   55  203 -79291.000 -80150.263  1.08%   137  596s
 92155 67274 -79780.480   78  149 -79291.000 -80150.263  1.08%   138  603s
 93133 67771 -79805.957   57  225 -79291.000 -80150.263  1.08%   137  606s
 94757 69199 -80004.475   44  187 -79291.000 -80150.263  1.08%   137  613s
 95729 69363 -79928.059   58  181 -79291.000 -80150.263  1.08%   137  615s
 96461 70144 -79856.042   49  207 -79291.000 -80150.263  1.08%   137  621s
 97572 70887 -79764.104   53  162 -79291.000 -80150.263  1.08%   137  626s
 97985 71380 -80052.277   37  224 -79291.000 -80150.263  1.08%   137  630s
 99458 72243 -80087.202   47  214 -79291.000 -80150.263  1.08%   137  636s
 99857 72749 -79693.150   53  186 -79291.000 -80150.263  1.08%   137  642s
 100444 73097 -79556.571   62  127 -79291.000 -80150.263  1.08%   137  645s
 101468 74053 -79433.601   51  141 -79291.000 -80150.263  1.08%   138  651s
 102664 74787 -79659.299   74  182 -79291.000 -80150.263  1.08%   138  658s
 103284 75235 -79613.431   69  178 -79291.000 -80150.263  1.08%   138  661s
 104237 75811 -79873.716   43  142 -79291.000 -80150.263  1.08%   138  667s
 104715 76216 -79984.820   47  176 -79291.000 -80150.263  1.08%   138  670s
 105252 76394 -80001.056   43  159 -79291.000 -80150.263  1.08%   139  675s
 105489 78048 -80055.498   44  179 -79291.000 -80150.263  1.08%   139  685s
 107826 78726 -79898.797   56  226 -79291.000 -80150.263  1.08%   139  692s
 108572 79275 -79962.985   53  120 -79291.000 -80150.263  1.08%   139  696s
 109948 80079 -79769.040   76   97 -79291.000 -80150.263  1.08%   139  702s
 110341 80227 -80149.540   57  202 -79291.000 -80150.263  1.08%   139  705s
 111161 81092 -79652.773   60  153 -79291.000 -80150.263  1.08%   140  712s
 111739 81674 -80038.135   54  209 -79291.000 -80150.263  1.08%   140  716s
 112558 82068 -80053.503   48  236 -79291.000 -80150.263  1.08%   140  720s
 113794 83164 -80018.868   71  123 -79291.000 -80150.263  1.08%   140  727s
 114619 83808 -80075.289   73  196 -79291.000 -80150.263  1.08%   139  730s
 115821 84699 -79866.205   74  147 -79291.000 -80150.263  1.08%   139  737s
 116587 85133 -80077.680   64  194 -79291.000 -80150.263  1.08%   139  740s
 117399 85905 -79607.197   81  145 -79291.000 -80150.263  1.08%   139  747s
 118176 86505 -80150.262   51  224 -79291.000 -80150.263  1.08%   139  750s
 119644 87215 -79879.887   51  163 -79291.000 -80150.263  1.08%   139  756s
 120091 87679 -80084.459   57  249 -79291.000 -80150.263  1.08%   139  762s
 120722 87956 -80150.262   34  283 -79291.000 -80150.263  1.08%   139  765s
 121523 88682 -79765.009   54  169 -79291.000 -80150.263  1.08%   140  773s
 121948 89154 -79963.989   37  218 -79291.000 -80150.263  1.08%   140  777s
 122532 89592 -80084.902   46  284 -79291.000 -80150.263  1.08%   140  781s
 123481 90254 -80102.519   61  170 -79291.000 -80150.263  1.08%   141  789s
 124036 90746 -79819.559   90  160 -79291.000 -80150.263  1.08%   141  792s
 124714 91306 -80150.256   30  240 -79291.000 -80150.263  1.08%   141  796s
 125475 91536 -79995.243   35  229 -79291.000 -80150.263  1.08%   141  800s
 126425 92243 -80150.246   26  260 -79291.000 -80150.263  1.08%   141  807s
 126653 93798 -80147.888   40  202 -79291.000 -80150.263  1.08%   141  817s
 128738 93802 -80150.094   35  229 -79291.000 -80150.263  1.08%   141  823s
 128742 94297 -80149.927   36  234 -79291.000 -80150.263  1.08%   142  826s
 129972 95397 -79702.578   82  161 -79291.000 -80150.263  1.08%   142  832s
 130840 95770 -79911.605   59  174 -79291.000 -80150.263  1.08%   141  835s
 132076 96653 -80052.079   54  227 -79291.000 -80150.263  1.08%   141  840s
 133024 97308 -79742.710   68  191 -79291.000 -80150.263  1.08%   141  846s
H133357 91597                    -79359.00000 -80150.263  1.00%   141  846s
 133727 91894 -80023.697   44  207 -79359.000 -80150.263  1.00%   142  852s
 134363 92554 -79697.846   69  251 -79359.000 -80150.263  1.00%   142  857s
 134754 92901 -79374.327   73  161 -79359.000 -80150.263  1.00%   142  860s
 135432 93390 -80150.139   44  197 -79359.000 -80150.263  1.00%   142  867s
 135810 93799 -79419.092   76  129 -79359.000 -80150.263  1.00%   142  870s
 137000 94637 -80064.459   61  244 -79359.000 -80150.263  1.00%   142  877s
 137408 95439 -79783.426   72  198 -79359.000 -80150.263  1.00%   143  882s
 138448 95511 -79685.505   77   93 -79359.000 -80150.263  1.00%   143  885s
 139235 96506 -80150.257   36  242 -79359.000 -80150.263  1.00%   143  893s
 139842 97100 -79951.753   36  193 -79359.000 -80150.263  1.00%   143  897s
 140653 97455 -79599.041   69   99 -79359.000 -80150.263  1.00%   143  901s
 141129 97829 -80150.095   47  228 -79359.000 -80150.263  1.00%   143  905s
 141739 98482 -80150.144   38  228 -79359.000 -80150.263  1.00%   143  912s
 142486 99056 -79932.232   47  187 -79359.000 -80150.263  1.00%   144  916s
 143242 99538 -80049.561   54  191 -79359.000 -80150.263  1.00%   144  920s
 144365 100286 -79697.069   62  196 -79359.000 -80150.263  1.00%   144  928s
 144812 100518 -80083.825   62  251 -79359.000 -80150.263  1.00%   144  931s
 145096 100925 -79766.270   62  190 -79359.000 -80150.263  1.00%   144  935s
 146412 101830 -79773.481   37  120 -79359.000 -80150.263  1.00%   145  943s
 147009 102113 -79679.511   68  200 -79359.000 -80150.263  1.00%   145  947s
 147420 102567 -79502.971   53   78 -79359.000 -80150.263  1.00%   145  951s
 148704 103234 -80150.263   32  224 -79359.000 -80150.263  1.00%   145  957s
 148938 103722 -79574.492   92   85 -79359.000 -80150.263  1.00%   145  961s
 149605 104136 -80120.770   44  204 -79359.000 -80150.263  1.00%   145  965s
 150666 104992 -79895.338   68  159 -79359.000 -80150.263  1.00%   146  973s
 151228 105480 -80092.311   79  188 -79359.000 -80150.263  1.00%   146  977s
 151860 105878 -80150.099   41  250 -79359.000 -80150.263  1.00%   146  981s
 152423 106165 -79553.917   71  152 -79359.000 -80150.263  1.00%   146  985s
 153756 107374 -79852.557   62  216 -79359.000 -80150.263  1.00%   146  993s
 154374 107731 -80083.304   62  214 -79359.000 -80150.263  1.00%   146  996s
 154857 108307 -79567.957   63  164 -79359.000 -80150.263  1.00%   146 1000s
 155912 109159 -79720.477   78  161 -79359.000 -80150.263  1.00%   146 1008s
 156639 109768 -79712.096   82  176 -79359.000 -80150.263  1.00%   146 1012s
 157504 110318 -80005.768   53  192 -79359.000 -80150.263  1.00%   146 1016s
 158271 110761 -80079.651   48  205 -79359.000 -80150.263  1.00%   146 1020s
 159252 111716 -80049.087   36  148 -79359.000 -80150.263  1.00%   147 1029s
 160048 112297 -80150.261   28  231 -79359.000 -80150.263  1.00%   147 1033s
 160812 112866 -80150.160   43  228 -79359.000 -80150.263  1.00%   147 1037s
 161576 113435 -80043.593   62  173 -79359.000 -80150.263  1.00%   147 1041s
 162309 113610 -79953.703   61  167 -79359.000 -80150.263  1.00%   147 1045s
 163497 114893 -80060.086   42  178 -79359.000 -80150.263  1.00%   147 1052s
 164161 115380 -79959.984   53  182 -79359.000 -80150.263  1.00%   147 1056s
 165454 116318 -80150.258   35  248 -79359.000 -80150.263  1.00%   147 1063s
 166031 116468 -79594.264   74  110 -79359.000 -80150.263  1.00%   147 1066s
 166734 117304 -80150.013   43  272 -79359.000 -80150.263  1.00%   147 1073s
 167376 117824 -79947.094   66  158 -79359.000 -80150.263  1.00%   147 1077s
 168029 118127 -79894.869   45  156 -79359.000 -80150.263  1.00%   147 1080s
 169123 119081 -79884.314   31  148 -79359.000 -80150.263  1.00%   147 1088s
 169818 119317 -80149.541   61  195 -79359.000 -80150.263  1.00%   147 1092s
 170134 119842 -80149.541   62  183 -79359.000 -80150.263  1.00%   147 1096s
 170842 120294 -80150.138   37  200 -79359.000 -80150.263  1.00%   148 1100s
 172039 121120 -79435.816   91  114 -79359.000 -80150.263  1.00%   148 1108s
 172494 121638 -80034.635   62  150 -79359.000 -80150.263  1.00%   148 1111s
 173214 122267 -80081.893   81  170 -79359.000 -80150.263  1.00%   148 1115s
 174743 123217 -80094.348   42  192 -79359.000 -80150.263  1.00%   148 1122s
 175338 124134 -79994.635   40  178 -79359.000 -80150.263  1.00%   148 1126s
 177229 125063 -80150.207   48  261 -79359.000 -80150.263  1.00%   147 1132s
 177748 125585 -79397.364   96  107 -79359.000 -80150.263  1.00%   147 1136s
 179092 126401 -79716.398   70  106 -79359.000 -80150.263  1.00%   147 1142s
 179569 126996 -80150.255   43  226 -79359.000 -80150.263  1.00%   147 1146s
 180791 127792 -79825.310   58  127 -79359.000 -80150.263  1.00%   147 1153s
 181431 128014     cutoff  115      -79359.000 -80150.263  1.00%   147 1156s
 182408 128692 -79517.019   64  111 -79359.000 -80150.263  1.00%   147 1163s
 182582 129275     cutoff   67      -79359.000 -80150.263  1.00%   147 1167s
 183467 129756 -80150.263   40  251 -79359.000 -80150.263  1.00%   147 1170s
 184764 130722 -80099.843   50  221 -79359.000 -80150.263  1.00%   147 1177s
 185374 131466 -79984.951   41  239 -79359.000 -80150.263  1.00%   147 1180s
 187018 132266 -80077.411   66  208 -79359.000 -80150.263  1.00%   147 1186s
 187959 133003 -79895.802   38  154 -79359.000 -80150.263  1.00%   147 1193s
 188425 133203 -79425.613   84  126 -79359.000 -80150.263  1.00%   147 1196s
 189329 133907 -79751.587   62  183 -79359.000 -80150.263  1.00%   147 1202s
 189653 134312 -79751.587   63  182 -79359.000 -80150.263  1.00%   148 1205s
 190938 134926 -79716.345   75  189 -79359.000 -80150.263  1.00%   148 1215s
 191809 135920 -79965.580   29  223 -79359.000 -80150.263  1.00%   148 1222s
 192305 136331 -80149.341   48  198 -79359.000 -80150.263  1.00%   148 1226s
 192827 136643 -79739.748   53   97 -79359.000 -80150.263  1.00%   148 1230s
 193716 137595 -80150.106   62  214 -79359.000 -80150.263  1.00%   148 1238s
 194391 138121 -79914.327   84  166 -79359.000 -80150.263  1.00%   149 1242s
 195087 138362     cutoff   98      -79359.000 -80150.263  1.00%   149 1246s
 195984 139211 -80149.140   33  267 -79359.000 -80150.263  1.00%   149 1253s
 196523 139825 -79889.090   86  194 -79359.000 -80150.263  1.00%   149 1258s
 197308 140148 -80150.261   34  257 -79359.000 -80150.263  1.00%   149 1262s
 197679 140720 -79760.366   88  136 -79359.000 -80150.263  1.00%   149 1266s
 198475 141229 -80150.016   50  228 -79359.000 -80150.263  1.00%   149 1270s
 199388 141955 -80150.090   37  201 -79359.000 -80150.263  1.00%   149 1277s
 200012 142606 -79839.807   61  171 -79359.000 -80150.263  1.00%   149 1281s
 200924 143137 -79884.799   64  171 -79359.000 -80150.263  1.00%   149 1285s
 202392 143993 -79922.330   51  175 -79359.000 -80150.263  1.00%   149 1291s
 203255 144679 -80150.263   49  236 -79359.000 -80150.263  1.00%   149 1298s
 203617 145103 -79922.317   27  153 -79359.000 -80150.263  1.00%   149 1301s
 204190 145485 -79830.910   81  166 -79359.000 -80150.263  1.00%   150 1305s
 204975 146292 -79878.117   68  194 -79359.000 -80150.263  1.00%   150 1312s
 205703 146737 -79983.465   29  225 -79359.000 -80150.263  1.00%   150 1316s
 206254 147062 -79869.223   67  217 -79359.000 -80150.263  1.00%   150 1320s
 207356 147947 -79983.465   30  226 -79359.000 -80150.263  1.00%   150 1327s
 207965 148231 -79974.427   40  220 -79359.000 -80150.263  1.00%   150 1331s
 208319 148862 -79983.445   40  189 -79359.000 -80150.263  1.00%   150 1335s
 209710 149570 -80150.263   40  211 -79359.000 -80150.263  1.00%   150 1342s
 209993 150204 -80110.580   46  160 -79359.000 -80150.263  1.00%   150 1346s
 210859 150706 -79920.428   51  220 -79359.000 -80150.263  1.00%   150 1350s
 212230 151332 -79419.689   63  134 -79359.000 -80150.263  1.00%   150 1358s
 212441 151921 -79419.689   64  127 -79359.000 -80150.263  1.00%   150 1362s
 213210 152292 -80062.519   39  187 -79359.000 -80150.263  1.00%   150 1366s
 213672 152766 -80062.056   55  174 -79359.000 -80150.263  1.00%   150 1370s
 215150 153810 -79889.080   50  104 -79359.000 -80150.263  1.00%   151 1377s
 215675 154437 -79873.865   50  109 -79359.000 -80150.263  1.00%   151 1381s
 216537 154847 -80148.712   70  180 -79359.000 -80150.263  1.00%   151 1385s
 217661 155797 -79863.890   71  106 -79359.000 -80150.263  1.00%   151 1391s
 218328 155955 -79760.905   77  164 -79359.000 -80150.263  1.00%   151 1396s
 218532 156407 -79435.194   84  118 -79359.000 -80150.263  1.00%   151 1400s
 219903 157342 -80149.431   39  196 -79359.000 -80150.263  1.00%   151 1407s
 220485 157746 -79839.293   44  176 -79359.000 -80150.263  1.00%   151 1411s
 221496 158284 -80083.072   89  188 -79359.000 -80150.263  1.00%   151 1417s
 221706 158735 -80150.263   29  265 -79359.000 -80150.263  1.00%   151 1421s
 222316 158884 -79700.315   59  165 -79359.000 -80150.263  1.00%   151 1425s
 222539 160276 -79700.315   60  160 -79359.000 -80150.263  1.00%   151 1437s
 224414 160910 -79763.997   78  176 -79359.000 -80150.263  1.00%   151 1441s
 225269 161430     cutoff   77      -79359.000 -80150.263  1.00%   151 1445s
 226688 162352 -79849.641   81  114 -79359.000 -80150.263  1.00%   152 1453s
 227132 162786 -79392.659  131   45 -79359.000 -80150.263  1.00%   152 1456s
 227673 163279 -79691.721   38  181 -79359.000 -80150.263  1.00%   152 1461s
 228418 163713 -79619.303   75  112 -79359.000 -80150.263  1.00%   152 1465s
 229565 164463 -80150.263   25  243 -79359.000 -80150.263  1.00%   152 1472s
 229991 164993 -80091.988   43  150 -79359.000 -80150.263  1.00%   152 1476s
 230690 165521 -79510.929   42  167 -79359.000 -80150.263  1.00%   152 1480s
 231945 166316 -79884.091   40  192 -79359.000 -80150.263  1.00%   152 1488s
 232427 166672 -79777.199   42  195 -79359.000 -80150.263  1.00%   152 1491s
 232929 167079 -79777.285   37  220 -79359.000 -80150.263  1.00%   152 1495s
 233456 167774 -80147.492   57  232 -79359.000 -80150.263  1.00%   152 1500s
 234411 168384 -80145.348   38  202 -79359.000 -80150.263  1.00%   152 1506s
 235890 169236 -79602.595   71  114 -79359.000 -80150.263  1.00%   152 1512s
 236366 169577 -79573.365   67  155 -79359.000 -80150.263  1.00%   152 1516s
 237157 170218 -79770.664   41  162 -79359.000 -80150.263  1.00%   152 1522s
 237639 170524 -80148.835   38  218 -79359.000 -80150.263  1.00%   152 1525s
 238426 171079 -80121.060   63  208 -79359.000 -80150.263  1.00%   152 1532s
 238678 171717 -80121.004   64  201 -79359.000 -80150.263  1.00%   153 1536s
 239531 172121 -80077.950   27  241 -79359.000 -80150.263  1.00%   152 1540s
 240574 172776 -80150.263   33  267 -79359.000 -80150.263  1.00%   153 1547s
 240868 173363 -79946.860   56  183 -79359.000 -80150.263  1.00%   153 1551s
 241593 173716 -79666.461   60  233 -79359.000 -80150.263  1.00%   153 1555s
 243171 174972 -79948.791   52  238 -79359.000 -80150.263  1.00%   152 1565s
 244827 176187 -79616.373   73  150 -79359.000 -80150.263  1.00%   152 1573s
 245463 176519 -80149.855   47  210 -79359.000 -80150.263  1.00%   152 1576s
 245893 177077 -79700.340   69  121 -79359.000 -80150.263  1.00%   152 1580s
 247147 177663 -79602.362   49  150 -79359.000 -80150.263  1.00%   152 1587s
 247511 177760 -80149.868   50  246 -79359.000 -80150.263  1.00%   152 1591s
 247630 178112 -79608.965   70  182 -79359.000 -80150.263  1.00%   153 1595s
 248602 178923 -79919.678   53  194 -79359.000 -80150.263  1.00%   153 1603s
 249182 179569 -80045.667   79  190 -79359.000 -80150.263  1.00%   153 1607s
 249997 180049 -80121.158   46  201 -79359.000 -80150.263  1.00%   153 1611s
 250875 180720 -79934.228   50  227 -79359.000 -80150.263  1.00%   153 1618s
 251530 181314 -80128.673   53  201 -79359.000 -80150.263  1.00%   153 1626s
 252302 181723 -80055.051   37  206 -79359.000 -80150.263  1.00%   153 1630s
 253374 182574 -80087.323   59  199 -79359.000 -80150.263  1.00%   153 1638s
 253962 182971 -79596.948   95   57 -79359.000 -80150.263  1.00%   153 1642s
 254471 183420 -79999.915   59  245 -79359.000 -80150.263  1.00%   154 1646s
 255013 183702 -79623.730   80  179 -79359.000 -80150.263  1.00%   154 1651s
 255371 184198 -80083.498   55  253 -79359.000 -80150.263  1.00%   154 1655s
 255998 184724 -79964.084   36  199 -79359.000 -80150.263  1.00%   154 1661s
 256661 185300 -79938.136   66  194 -79359.000 -80150.263  1.00%   154 1665s
 257407 185677 -79379.180  102   92 -79359.000 -80150.263  1.00%   154 1670s
 257917 186188 -79914.356   53  188 -79359.000 -80150.263  1.00%   154 1675s
 259108 187234 -79623.084   89  117 -79359.000 -80150.263  1.00%   154 1684s
 259824 187639 -79588.394   97   59 -79359.000 -80150.263  1.00%   154 1688s
 260340 188049 -79451.986  119   95 -79359.000 -80150.263  1.00%   154 1693s
 260877 188558 -80150.263   43  206 -79359.000 -80150.263  1.00%   155 1697s
 261508 189085 -79837.113   75  168 -79359.000 -80150.263  1.00%   155 1701s
 262182 189610 -79801.753   59  200 -79359.000 -80150.263  1.00%   155 1706s
 262859 190074 -80150.132   64  240 -79359.000 -80150.263  1.00%   155 1713s
 263527 190569 -79794.629   75  194 -79359.000 -80150.263  1.00%   155 1717s
 264356 191089 -79615.119   76  195 -79359.000 -80150.263  1.00%   155 1721s
 265719 191705 -79835.361   72  172 -79359.000 -80150.263  1.00%   155 1727s
 266123 192030 -79897.482   45  215 -79359.000 -80150.263  1.00%   155 1730s
 267261 192764 -79410.665   76  147 -79359.000 -80150.263  1.00%   155 1737s
 267547 193308 -80150.066   57  220 -79359.000 -80150.263  1.00%   155 1741s
 268783 194014 -79805.907   72  109 -79359.000 -80150.263  1.00%   155 1749s
 269250 194379 -80079.620   65  213 -79359.000 -80150.263  1.00%   155 1753s
 269800 194767     cutoff   94      -79359.000 -80150.263  1.00%   155 1756s
 270372 195122 -79660.494   61  134 -79359.000 -80150.263  1.00%   155 1760s
 271485 195900 -79845.937   54  218 -79359.000 -80150.263  1.00%   156 1767s
 271829 196460 -79882.513   69  191 -79359.000 -80150.263  1.00%   156 1771s
 273013 196982 -80150.137   48  246 -79359.000 -80150.263  1.00%   156 1778s
 273326 197429 -79931.508   58  178 -79359.000 -80150.263  1.00%   156 1782s
 273908 197964 -79882.053   49  211 -79359.000 -80150.263  1.00%   156 1786s
 274618 198422 -79727.914   70  226 -79359.000 -80150.263  1.00%   156 1790s
 275712 199206 -79777.084   72  153 -79359.000 -80150.263  1.00%   156 1798s
 276404 199662 -80057.541   59  256 -79359.000 -80150.263  1.00%   156 1803s
 277038 199804 -80148.776   58  238 -79359.000 -80150.263  1.00%   156 1806s
 277249 200236 -79914.378   42  213 -79359.000 -80150.263  1.00%   156 1811s
 277949 200764 -79783.107   63  218 -79359.000 -80150.263  1.00%   157 1815s
 279339 201492 -80079.631   68  261 -79359.000 -80150.263  1.00%   157 1823s
 279783 201987 -79767.446   43  165 -79359.000 -80150.263  1.00%   157 1828s
 280393 202557 -80004.330   44  207 -79359.000 -80150.263  1.00%   157 1832s
 281172 203151 -79807.488   42  134 -79359.000 -80150.263  1.00%   157 1836s
 282010 203524 -79777.194   44  249 -79359.000 -80150.263  1.00%   157 1840s
 283213 204523 -79947.646   53  195 -79359.000 -80150.263  1.00%   157 1848s
 283915 204654 -79540.992   47  164 -79359.000 -80150.263  1.00%   157 1851s
 284073 205028 -79540.992   48  175 -79359.000 -80150.263  1.00%   157 1855s
 285071 205751 -79838.586   59  216 -79359.000 -80150.263  1.00%   157 1863s
 285537 206244 -80149.840   33  231 -79359.000 -80150.263  1.00%   157 1868s
 286142 206731 -80150.067   48  230 -79359.000 -80150.263  1.00%   158 1873s
 286754 207269 -79845.162   53  233 -79359.000 -80150.263  1.00%   158 1878s
 287451 207681 -79818.393   71  197 -79359.000 -80150.263  1.00%   158 1883s
 288027 207966 -80015.695   35  226 -79359.000 -80150.263  1.00%   158 1888s
 288414 208855 -80149.162   43  268 -79359.000 -80150.263  1.00%   158 1893s
 289481 209207 -80060.263   34  185 -79359.000 -80150.263  1.00%   158 1897s
 289985 209726 -79942.961   65  196 -79359.000 -80150.263  1.00%   158 1902s
 290651 210149 -80145.543   34  266 -79359.000 -80150.263  1.00%   158 1906s
 291203 210588 -79775.644   72  178 -79359.000 -80150.263  1.00%   158 1911s
 291774 210872 -80044.617   32  206 -79359.000 -80150.263  1.00%   158 1915s
 292136 211144 -79757.599   56  174 -79359.000 -80150.263  1.00%   158 1920s
 293236 212395 -79613.008   58  120 -79359.000 -80150.263  1.00%   158 1929s
 294180 212449 -80096.744   41  186 -79359.000 -80150.263  1.00%   158 1933s
 294248 213130 -80096.744   42  181 -79359.000 -80150.263  1.00%   158 1937s
 295081 213685 -79544.522   97   97 -79359.000 -80150.263  1.00%   158 1942s
 295845 213932     cutoff   65      -79359.000 -80150.263  1.00%   158 1946s
 296204 214765 -79363.368   64  151 -79359.000 -80150.263  1.00%   158 1952s
 297385 215102 -79862.750   86  165 -79359.000 -80150.263  1.00%   158 1956s
 297862 215451 -79575.227   82  154 -79359.000 -80150.263  1.00%   158 1960s
 299064 216419 -79965.976   66  178 -79359.000 -80150.263  1.00%   158 1968s
 299701 216854 -80149.898   44  271 -79359.000 -80150.263  1.00%   159 1972s
 300218 217019 -80070.781   42  236 -79359.000 -80150.263  1.00%   159 1976s
 300443 217458 -80149.978   49  218 -79359.000 -80150.263  1.00%   159 1981s
 301030 217795 -80150.143   40  267 -79359.000 -80150.263  1.00%   159 1985s
 301454 218273 -79968.349   81  197 -79359.000 -80150.263  1.00%   159 1990s
 302557 219306 -79807.065   46  201 -79359.000 -80150.263  1.00%   159 1999s
 303355 219838 -80015.944   31  254 -79359.000 -80150.263  1.00%   159 2004s
 304071 220140 -80150.263   32  199 -79359.000 -80150.263  1.00%   159 2008s
 304436 220427 -79932.268   41  190 -79359.000 -80150.263  1.00%   159 2013s
 304791 221068 -80099.870   24  221 -79359.000 -80150.263  1.00%   159 2017s
 305585 221730 -80104.322   51  166 -79359.000 -80150.263  1.00%   159 2022s
 306405 222041 -79374.729  130   36 -79359.000 -80150.263  1.00%   159 2026s
 306786 222752 -80044.615   36  214 -79359.000 -80150.263  1.00%   159 2032s
 307735 223040 -79550.334   83   82 -79359.000 -80150.263  1.00%   159 2037s
 308097 223610 -79478.678   83  139 -79359.000 -80150.263  1.00%   160 2042s
 308853 224217 -80123.459   39  229 -79359.000 -80150.263  1.00%   160 2046s
 309629 224524 -80150.111   32  248 -79359.000 -80150.263  1.00%   160 2051s
 310021 224910 -79445.212   87   89 -79359.000 -80150.263  1.00%   160 2056s
 310536 225253 -80024.873   36  193 -79359.000 -80150.263  1.00%   160 2060s
 310970 225630 -80094.374   29  214 -79359.000 -80150.263  1.00%   160 2065s
 311434 226099 -80116.339   58  222 -79359.000 -80150.263  1.00%   160 2070s
 312024 226304 -80087.102   48  198 -79359.000 -80150.263  1.00%   160 2075s
 312265 227056 -79452.989   87  133 -79359.000 -80150.263  1.00%   160 2080s
 313145 227445 -79502.133  112   54 -79359.000 -80150.263  1.00%   160 2085s
 313636 227974 -80142.029   49  225 -79359.000 -80150.263  1.00%   160 2090s
 314268 228318 -79778.778   77  156 -79359.000 -80150.263  1.00%   161 2095s
 315068 229299 -79708.878   43  154 -79359.000 -80150.263  1.00%   161 2104s
 315931 229635 -79914.869   70  226 -79359.000 -80150.263  1.00%   161 2109s
 316361 230420 -80148.107   48  211 -79359.000 -80150.263  1.00%   161 2114s
 317475 230864 -80150.033   32  244 -79359.000 -80150.263  1.00%   161 2118s
 318096 231498 -79792.740   67  145 -79359.000 -80150.263  1.00%   161 2122s
 318936 231775 -79418.259   72  148 -79359.000 -80150.263  1.00%   161 2125s
 319644 232496 -80147.346   54  202 -79359.000 -80150.263  1.00%   161 2133s
 320178 232702 -79616.723   81  134 -79359.000 -80150.263  1.00%   161 2136s
 320475 233284 -79924.666   79  120 -79359.000 -80150.263  1.00%   161 2140s
 321911 234132 -79828.587   56  195 -79359.000 -80150.263  1.00%   161 2148s
 322388 234549 -80149.760   61  233 -79359.000 -80150.263  1.00%   161 2152s
 322952 234863 -79849.064   69  145 -79359.000 -80150.263  1.00%   161 2156s
 323338 235142 -79973.140   67  235 -79359.000 -80150.263  1.00%   161 2160s
 323669 235626 -79501.571   84  125 -79359.000 -80150.263  1.00%   161 2165s
 324995 236380 -80048.287   67  264 -79359.000 -80150.263  1.00%   161 2173s
 325292 236780 -79761.684   70  186 -79359.000 -80150.263  1.00%   162 2177s
 325822 237267 -79919.991   59  131 -79359.000 -80150.263  1.00%   162 2182s
 326477 237403 -80015.695   37  234 -79359.000 -80150.263  1.00%   162 2186s
 326646 237856 -80014.658   48  222 -79359.000 -80150.263  1.00%   162 2190s
 327301 238319 -79538.703   58  139 -79359.000 -80150.263  1.00%   162 2195s
 328326 239267 -79984.607   67  227 -79359.000 -80150.263  1.00%   162 2205s
 329605 240137 -79967.002   71  241 -79359.000 -80150.263  1.00%   162 2214s
 330334 240290 -80144.614   42  228 -79359.000 -80150.263  1.00%   162 2219s
 330568 240787 -79952.946   73  250 -79359.000 -80150.263  1.00%   162 2224s
 331200 241457 -79934.531   52  243 -79359.000 -80150.263  1.00%   162 2229s
 332154 241951 -79934.534   51  246 -79359.000 -80150.263  1.00%   162 2234s
 332844 242340 -79454.440   71  166 -79359.000 -80150.263  1.00%   162 2238s
 333353 242992 -79475.914  124   90 -79359.000 -80150.263  1.00%   163 2243s
 334220 243381 -80078.383   46  163 -79359.000 -80150.263  1.00%   163 2247s
 334778 243689 -80078.538   40  224 -79359.000 -80150.263  1.00%   163 2251s
 335147 244323 -79748.570   74  185 -79359.000 -80150.263  1.00%   163 2256s
 335974 244779 -79798.990   66   96 -79359.000 -80150.263  1.00%   163 2260s
 336624 245289 -79934.534   49  232 -79359.000 -80150.263  1.00%   163 2265s
 337844 246199 -79723.782   39  170 -79359.000 -80150.263  1.00%   163 2273s
 338524 246481 -80149.183   54  221 -79359.000 -80150.263  1.00%   163 2277s
 338879 247716 -79728.838   70  114 -79359.000 -80150.263  1.00%   163 2284s
 340540 248158 -80150.165   39  205 -79359.000 -80150.263  1.00%   163 2286s
 341464 249034 -80070.724   41  170 -79359.000 -80150.263  1.00%   163 2292s
 342224 249497     cutoff   87      -79359.000 -80150.263  1.00%   163 2296s
 343285 250027 -79934.533   59  250 -79359.000 -80150.263  1.00%   163 2302s
 343578 250489 -80150.242   46  249 -79359.000 -80150.263  1.00%   163 2305s
 344838 251321 -80121.360   54  249 -79359.000 -80150.263  1.00%   163 2312s
 345334 251643 -79617.974   44  123 -79359.000 -80150.263  1.00%   163 2315s
 346024 252322     cutoff   89      -79359.000 -80150.263  1.00%   163 2322s
 346631 252805 -79894.213   50  109 -79359.000 -80150.263  1.00%   163 2325s
 347691 253705 -79983.701   57  112 -79359.000 -80150.263  1.00%   163 2332s
 348520 254210 -79506.874   59  182 -79359.000 -80150.263  1.00%   163 2335s
 349209 254620 -79943.956   48  185 -79359.000 -80150.263  1.00%   162 2340s
 350339 255603 -79528.650   78  195 -79359.000 -80150.263  1.00%   163 2348s
 351023 255934 -80000.236   49  158 -79359.000 -80150.263  1.00%   163 2353s
 351437 256545 -80000.236   50  137 -79359.000 -80150.263  1.00%   163 2358s
 352233 257028 -80091.538   39  181 -79359.000 -80150.263  1.00%   163 2362s
 352946 257284 -79553.653   65  175 -79359.000 -80150.263  1.00%   163 2366s
 353282 257776 -80146.963   50  233 -79359.000 -80150.263  1.00%   163 2371s
 353930 258298 -80149.217   42  196 -79359.000 -80150.263  1.00%   163 2375s
 355212 259037 -79981.654   47  165 -79359.000 -80150.263  1.00%   163 2383s
 355651 259384 -79943.662   41  219 -79359.000 -80150.263  1.00%   163 2388s
 356134 260006     cutoff  110      -79359.000 -80150.263  1.00%   163 2393s
 356946 260622 -80150.002   44  256 -79359.000 -80150.263  1.00%   163 2398s
 357789 261176 -79609.323   67  170 -79359.000 -80150.263  1.00%   163 2406s
 358537 261837 -79964.084   39  199 -79359.000 -80150.263  1.00%   163 2411s
 359441 262251 -79994.960   46  182 -79359.000 -80150.263  1.00%   163 2415s
 360659 263148     cutoff   68      -79359.000 -80150.263  1.00%   163 2423s
 361292 263340 -79429.156   80  168 -79359.000 -80150.263  1.00%   163 2427s
 361549 263847 -79897.009   52  167 -79359.000 -80150.263  1.00%   163 2431s
 362278 264366 -79767.909   37  251 -79359.000 -80150.263  1.00%   163 2436s
 362914 264867 -79654.691   57  135 -79359.000 -80150.263  1.00%   163 2440s
 364002 265833 -79469.031   50  192 -79359.000 -80150.263  1.00%   164 2448s
 364764 266241 -79543.064   50  184 -79359.000 -80150.263  1.00%   163 2452s
 365309 266726 -80150.169   50  270 -79359.000 -80150.263  1.00%   164 2456s
 365915 266890 -80099.870   38  235 -79359.000 -80150.263  1.00%   164 2461s
 366144 267469 -80145.386   44  205 -79359.000 -80150.263  1.00%   164 2465s
 367671 268389 -80150.118   44  198 -79359.000 -80150.263  1.00%   164 2473s
 368172 268983 -80150.230   32  248 -79359.000 -80150.263  1.00%   164 2477s
 368933 269398 -79929.559   63  189 -79359.000 -80150.263  1.00%   164 2481s
 369515 269708 -79900.747   62  212 -79359.000 -80150.263  1.00%   164 2485s
 369885 270234 -79787.504   68  204 -79359.000 -80150.263  1.00%   164 2490s
 371291 271202 -80144.820   55  197 -79359.000 -80150.263  1.00%   164 2496s
 372065 271264 -79614.939   62  145 -79359.000 -80150.263  1.00%   164 2500s
 372795 272106 -80004.425   65  160 -79359.000 -80150.263  1.00%   164 2506s
 373987 273052 -79763.333   68  189 -79359.000 -80150.263  1.00%   164 2512s
 374683 273684 -79468.232   82   67 -79359.000 -80150.263  1.00%   164 2515s
 376265 274505 -80076.794   52  228 -79359.000 -80150.263  1.00%   164 2521s
 377216 275173 -79999.697   57  181 -79359.000 -80150.263  1.00%   164 2527s
 377614 275184 -80080.272   68  217 -79359.000 -80150.263  1.00%   164 2532s
 377627 275639 -80080.271   69  207 -79359.000 -80150.263  1.00%   164 2535s
 378771 276364 -79609.370   94  190 -79359.000 -80150.263  1.00%   164 2540s
 379804 277315 -80145.418   51  194 -79359.000 -80150.263  1.00%   164 2547s
 380592 277847 -79960.987   37  182 -79359.000 -80150.263  1.00%   164 2551s
 381362 278325 -80113.487   40  230 -79359.000 -80150.263  1.00%   164 2555s
 382397 279182 -79384.146   83  146 -79359.000 -80150.263  1.00%   164 2562s
 383156 279570 -80150.263   39  225 -79359.000 -80150.263  1.00%   164 2566s
 383956 280365 -79886.810   61  246 -79359.000 -80150.263  1.00%   164 2573s
H384745 268833                    -79407.00000 -80150.263  0.94%   164 2576s
 386112 269559 -79614.621   81   85 -79407.000 -80150.263  0.94%   164 2581s
 386590 269963 -79943.265   91  211 -79407.000 -80150.263  0.94%   164 2585s
 388233 271037 -79670.560   61  202 -79407.000 -80150.263  0.94%   164 2592s
 389277 271926 -79421.790  103   97 -79407.000 -80150.263  0.94%   164 2596s
 390264 272697 -79934.514   56  283 -79407.000 -80150.263  0.94%   164 2601s
 391597 273336 -79912.254   57  195 -79407.000 -80150.263  0.94%   164 2608s
 391913 274006 -79981.721   49  251 -79407.000 -80150.263  0.94%   164 2611s
 393461 274894 -80094.091   53  181 -79407.000 -80150.263  0.94%   164 2616s
 394337 275643 -79695.028   72   81 -79407.000 -80150.263  0.94%   164 2622s
 395158 276083 -80086.992   52  178 -79407.000 -80150.263  0.94%   164 2626s
 395759 276412 -79981.723   34  251 -79407.000 -80150.263  0.94%   164 2630s
 396981 277283 -80149.661   59  221 -79407.000 -80150.263  0.94%   164 2637s
 397538 277810 -80079.572   51  227 -79407.000 -80150.263  0.94%   164 2641s
 398232 277838 -79470.197  104  128 -79407.000 -80150.263  0.94%   164 2647s
 398277 278235 -79470.197  105  139 -79407.000 -80150.263  0.94%   164 2651s
 398923 278660 -80150.263   31  227 -79407.000 -80150.263  0.94%   164 2655s
 400201 279557 -80150.263   38  201 -79407.000 -80150.263  0.94%   164 2663s
 400803 280005 -80042.630   48  207 -79407.000 -80150.263  0.94%   164 2667s
 401664 280423 -80139.438   37  235 -79407.000 -80150.263  0.94%   164 2671s
 402186 280823     cutoff   99      -79407.000 -80150.263  0.94%   164 2675s
 403247 281925 -80060.483   60  232 -79407.000 -80150.263  0.94%   164 2684s
 404249 282408 -79884.828   71  179 -79407.000 -80150.263  0.94%   164 2688s
 404920 282566 -79934.534   59  253 -79407.000 -80150.263  0.94%   164 2692s
 405120 283146 -79464.245   70  200 -79407.000 -80150.263  0.94%   164 2696s
 405933 283621 -80025.126   30  213 -79407.000 -80150.263  0.94%   164 2700s
 406641 284078 -80007.280   59  253 -79407.000 -80150.263  0.94%   164 2705s
 407759 284878 -79608.497   92  143 -79407.000 -80150.263  0.94%   164 2713s
 408263 285382 -80013.720   74  150 -79407.000 -80150.263  0.94%   165 2716s
 408980 285623 -80150.246   58  197 -79407.000 -80150.263  0.94%   165 2720s
 410189 286799 -79575.650   65  203 -79407.000 -80150.263  0.94%   165 2728s
 410972 287450 -79747.453   69  124 -79407.000 -80150.263  0.94%   165 2732s
 411841 287943 -79947.267   46  172 -79407.000 -80150.263  0.94%   164 2735s
 412460 288554 -79842.353   71  174 -79407.000 -80150.263  0.94%   164 2740s
 413492 289045 -79760.896   74  201 -79407.000 -80150.263  0.94%   164 2745s
 414811 290088 -79629.834   93  124 -79407.000 -80150.263  0.94%   164 2751s
 416113 290844 -79530.334   54  201 -79407.000 -80150.263  0.94%   164 2757s
H416303 289709                    -79411.00003 -80150.263  0.93%   164 2757s
 416502 289832 -80150.130   43  265 -79411.000 -80150.263  0.93%   164 2760s
H416531 273924                    -79460.00000 -80150.263  0.87%   164 2760s
 417225 274654 -80150.231   36  226 -79460.000 -80150.263  0.87%   164 2766s
 418164 275442 -79866.865   57  144 -79460.000 -80150.263  0.87%   164 2772s
 418806 275690 -79515.943   55  186 -79460.000 -80150.263  0.87%   164 2775s
 419762 276299 -80150.098   35  215 -79460.000 -80150.263  0.87%   164 2782s
 419971 276881 -80148.513   42  229 -79460.000 -80150.263  0.87%   164 2786s
 421252 277690 -80121.147   35  263 -79460.000 -80150.263  0.87%   164 2792s
 421784 278073 -80121.157   36  178 -79460.000 -80150.263  0.87%   164 2796s
 422749 278724 -79485.968   80  130 -79460.000 -80150.263  0.87%   164 2803s
 423171 279470 -80038.873   50  176 -79460.000 -80150.263  0.87%   164 2809s
 424117 279927     cutoff   57      -79460.000 -80150.263  0.87%   165 2813s
 424728 280427 -79829.949   66  226 -79460.000 -80150.263  0.87%   165 2817s
 425356 280822 -79974.514   55  182 -79460.000 -80150.263  0.87%   165 2821s
 425923 280880 -80150.060   45  200 -79460.000 -80150.263  0.87%   165 2825s
 426719 281882 -79805.384   44  130 -79460.000 -80150.263  0.87%   165 2833s
 427358 282338 -79834.171   80  182 -79460.000 -80150.263  0.87%   165 2837s
 427975 282783 -79931.350   75  225 -79460.000 -80150.263  0.87%   165 2841s
 428576 283118 -79926.342   79  162 -79460.000 -80150.263  0.87%   165 2845s
 429308 283719 -80047.386   69  163 -79460.000 -80150.263  0.87%   165 2854s
 429904 284335 -80149.986   54  214 -79460.000 -80150.263  0.87%   165 2858s
 430767 284848 -80149.507   48  220 -79460.000 -80150.263  0.87%   165 2862s
 431475 285293 -80057.020   46  218 -79460.000 -80150.263  0.87%   165 2866s
 432047 285694 -79832.328   83  106 -79460.000 -80150.263  0.87%   165 2870s
 432993 286044 -80150.162   38  259 -79460.000 -80150.263  0.87%   165 2878s
 433152 287753 -80150.249   41  196 -79460.000 -80150.263  0.87%   165 2893s
 435352 288130 -80070.190   55  248 -79460.000 -80150.263  0.87%   165 2898s
 435870 288247 -79885.088   55  199 -79460.000 -80150.263  0.87%   165 2902s
 436052 288807 -80038.678   54  252 -79460.000 -80150.263  0.87%   165 2907s
 436871 289142 -80066.823   52  263 -79460.000 -80150.263  0.87%   166 2912s
 437444 289537 -80128.802   43  231 -79460.000 -80150.263  0.87%   166 2917s
 437995 289951 -80150.178   45  231 -79460.000 -80150.263  0.87%   166 2922s
 438537 290150 -80150.263   36  207 -79460.000 -80150.263  0.87%   166 2927s
 438811 290515 -79770.938   47  231 -79460.000 -80150.263  0.87%   166 2932s
 439303 290922 -80149.841   51  222 -79460.000 -80150.263  0.87%   166 2937s
 439860 291253 -80039.250   52  200 -79460.000 -80150.263  0.87%   166 2942s
 440312 291943 -79721.834   72  192 -79460.000 -80150.263  0.87%   166 2947s
 441288 292393 -79953.348   70  124 -79460.000 -80150.263  0.87%   166 2952s
 441876 293007 -79500.012   60  200 -79460.000 -80150.263  0.87%   166 2957s
 442761 293821 -80079.652   61  220 -79460.000 -80150.263  0.87%   166 2962s
 443851 294205 -79952.548   49  194 -79460.000 -80150.263  0.87%   166 2966s
 444348 294568 -80150.263   44  234 -79460.000 -80150.263  0.87%   166 2971s
 444820 295248 -79917.798   73  212 -79460.000 -80150.263  0.87%   166 2976s
 445756 295972 -79631.440   71  193 -79460.000 -80150.263  0.87%   166 2981s
 447235 296719 -79763.333   59  168 -79460.000 -80150.263  0.87%   166 2988s
 447876 296844 -80004.331   58  182 -79460.000 -80150.263  0.87%   166 2991s
 448021 297354 -80004.260   59  177 -79460.000 -80150.263  0.87%   166 2995s
 449334 298233 -80121.148   37  192 -79460.000 -80150.263  0.87%   166 3003s
 450058 298753 -79799.412   64  162 -79460.000 -80150.263  0.87%   166 3007s
 450786 298974 -80033.117   44  161 -79460.000 -80150.263  0.87%   166 3010s
 451657 299730 -80015.695   41  193 -79460.000 -80150.263  0.87%   166 3018s
 452097 300122 -80071.454   53  199 -79460.000 -80150.263  0.87%   166 3022s
 452631 300344 -80026.524   43  183 -79460.000 -80150.263  0.87%   166 3026s
 452920 300892 -79920.400   45  181 -79460.000 -80150.263  0.87%   167 3030s
 453728 301523 -79697.941   60  193 -79460.000 -80150.263  0.87%   167 3038s
 454441 302089 -80150.241   48  242 -79460.000 -80150.263  0.87%   167 3042s
 455231 302469 -80150.226   65  210 -79460.000 -80150.263  0.87%   167 3045s
 456297 303231 -79823.854   71  210 -79460.000 -80150.263  0.87%   167 3052s
 456854 303574 -80150.254   41  236 -79460.000 -80150.263  0.87%   167 3055s
 457908 304372 -79730.339   66  189 -79460.000 -80150.263  0.87%   167 3062s
 458424 304702 -79881.696   48  237 -79460.000 -80150.262  0.87%   167 3066s
 459443 305508 -79832.333   55  212 -79460.000 -80150.262  0.87%   167 3073s
 459989 305692     cutoff   92      -79460.000 -80150.262  0.87%   167 3076s
 460271 306161     cutoff  104      -79460.000 -80150.262  0.87%   167 3080s
 461186 306873 -80150.063   53  223 -79460.000 -80150.262  0.87%   167 3088s
 461851 307353 -80149.427   65  216 -79460.000 -80150.262  0.87%   167 3092s
 462503 307783 -79872.242   73  225 -79460.000 -80150.262  0.87%   167 3096s
 463063 308193 -79603.049   61  178 -79460.000 -80150.262  0.87%   167 3101s
 463604 308772 -80080.920   74  172 -79460.000 -80150.262  0.87%   167 3105s
 465077 309632 -80125.931   66  177 -79460.000 -80150.262  0.87%   167 3113s
 465588 310165 -80150.108   35  239 -79460.000 -80150.262  0.87%   167 3118s
 466377 310169 -80063.696   49  161 -79460.000 -80150.262  0.87%   167 3126s
 466381 310724 -79933.193   50  148 -79460.000 -80150.262  0.87%   167 3130s
 467696 311596 -80033.002   70  189 -79460.000 -80150.262  0.87%   167 3137s
 468322 312108 -79668.138   61  152 -79460.000 -80150.262  0.87%   167 3141s
 469678 313082 -79798.812   78  117 -79460.000 -80150.262  0.87%   167 3149s
 470343 313458 -80150.254   42  241 -79460.000 -80150.262  0.87%   167 3153s
 470923 313678 -80032.806   72  177 -79460.000 -80150.262  0.87%   167 3156s
 471211 314094 -79836.878   72  174 -79460.000 -80150.262  0.87%   167 3160s
 471982 314685 -80150.253   53  280 -79460.000 -80150.262  0.87%   167 3167s
 472646 315145 -80149.410   65  201 -79460.000 -80150.262  0.87%   167 3171s
 473366 315669 -79976.984   62  185 -79460.000 -80150.262  0.87%   167 3175s
 475072 316844 -79881.749   56  189 -79460.000 -80150.262  0.87%   167 3182s
 475702 317411 -79944.758   63  111 -79460.000 -80150.262  0.87%   167 3186s
 476430 317455 -79992.249   37  170 -79460.000 -80150.262  0.87%   167 3191s
 477118 318331 -80015.250   48  199 -79460.000 -80150.262  0.87%   167 3198s
 477687 318918 -79844.317   67  182 -79460.000 -80150.262  0.87%   167 3202s
 478536 319409 -80121.063   43  211 -79460.000 -80150.262  0.87%   167 3206s
 479972 320463 -79895.932   74  156 -79460.000 -80150.262  0.87%   167 3212s
 480690 320876 -79792.040   51  177 -79460.000 -80150.262  0.87%   167 3216s
 481779 321647 -79931.509   54  198 -79460.000 -80150.262  0.87%   167 3222s
 482242 321956 -79944.149   65  215 -79460.000 -80150.262  0.87%   167 3226s
 483170 322816 -80018.988   62  208 -79460.000 -80150.262  0.87%   167 3233s
 483780 323061 -80150.218   40  252 -79460.000 -80150.262  0.87%   167 3236s
 484095 323455 -79488.693   76  206 -79460.000 -80150.262  0.87%   167 3240s
 485027 324242 -79853.285   49  201 -79460.000 -80150.262  0.87%   167 3247s
 485726 324714 -80053.213   55  195 -79460.000 -80150.262  0.87%   167 3250s
 486341 324785 -79790.393   69  110 -79460.000 -80150.262  0.87%   167 3255s
 486444 327617 -80051.477   54  221 -79460.000 -80150.262  0.87%   167 3274s
 490448 328031 -79636.748   49  132 -79460.000 -80150.262  0.87%   167 3278s
 491045 328115 -79960.983   39  205 -79460.000 -80150.262  0.87%   167 3281s
 492115 329101 -79719.570   42  179 -79460.000 -80150.262  0.87%   167 3287s
 492518 329646 -80121.134   32  228 -79460.000 -80150.262  0.87%   167 3290s
 493858 330219 -79672.733   83  107 -79460.000 -80150.262  0.87%   167 3297s
 493966 330756 -79619.138   54  114 -79460.000 -80150.262  0.87%   167 3301s
 495457 331519 -80075.134   55  243 -79460.000 -80150.262  0.87%   167 3307s
 495938 331876 -80079.235   58  218 -79460.000 -80150.262  0.87%   167 3310s
 496951 332821 -79554.344   66  127 -79460.000 -80150.262  0.87%   167 3318s
 497643 333079 -80150.136   44  264 -79460.000 -80150.262  0.87%   167 3321s
 497994 333494 -80079.653   51  216 -79460.000 -80150.262  0.87%   167 3326s
 498529 334033 -79774.040   79   90 -79460.000 -80150.262  0.87%   167 3330s
 499804 334528 -79851.907   41  206 -79460.000 -80150.262  0.87%   167 3338s
 499913 335093 -79982.252   57  193 -79460.000 -80150.262  0.87%   167 3343s
 500691 335658 -80150.115   48  228 -79460.000 -80150.262  0.87%   168 3347s
 501436 336144 -79594.897   75  182 -79460.000 -80150.262  0.87%   168 3352s
 502136 336586     cutoff  101      -79460.000 -80150.262  0.87%   168 3356s
 502741 336949 -80110.785   38  198 -79460.000 -80150.262  0.87%   168 3360s
 504027 337936 -80150.106   33  237 -79460.000 -80150.262  0.87%   168 3368s
 504590 338355     cutoff   65      -79460.000 -80150.262  0.87%   168 3372s
 505161 338985 -79947.874   61  217 -79460.000 -80150.262  0.87%   168 3376s
 506005 339427 -79664.217   62  185 -79460.000 -80150.262  0.87%   168 3381s
 506636 340077 -80150.094   45  230 -79460.000 -80150.262  0.87%   168 3385s
 507561 342960 -80144.541   83  159 -79460.000 -80150.262  0.87%   168 3409s
 508562 342960 -79619.243   76   95 -79460.000 -80150.262  0.87%   168 3410s
 511842 343574 -80109.351   59  143 -79460.000 -80150.262  0.87%   168 3415s
 512957 344458 -79980.701   43  193 -79460.000 -80150.262  0.87%   168 3422s
 513624 344825 -79726.607   76  122 -79460.000 -80150.262  0.87%   168 3425s
 514748 345632 -79480.895   76  165 -79460.000 -80150.262  0.87%   168 3432s
 515288 345869 -79837.389   78  114 -79460.000 -80150.262  0.87%   168 3435s
 515577 346182     cutoff   59      -79460.000 -80150.262  0.87%   168 3441s
 516752 347114 -79961.014   33  218 -79460.000 -80150.262  0.87%   168 3448s
 517365 347521 -79787.683   52  158 -79460.000 -80150.262  0.87%   168 3451s
 517905 347988 -79904.528   48  175 -79460.000 -80150.262  0.87%   168 3455s
 519299 348964 -80053.671   37  176 -79460.000 -80150.262  0.87%   168 3462s
 519970 349265 -79881.782   50  204 -79460.000 -80150.262  0.87%   168 3466s
 521009 349996 -80000.200   82  139 -79460.000 -80150.262  0.87%   168 3472s
 521437 350381 -80047.768   66  265 -79460.000 -80150.262  0.87%   168 3476s
 521945 350740 -80148.714   44  208 -79460.000 -80150.262  0.87%   168 3480s
 522984 351522 -79637.680   67  135 -79460.000 -80150.262  0.87%   168 3487s
 523558 351743 -79561.253   74  119 -79460.000 -80150.262  0.87%   168 3491s
 523870 352137 -80145.508   43  230 -79460.000 -80150.262  0.87%   168 3495s
 524986 352946 -79964.506   64  205 -79460.000 -80150.262  0.87%   168 3502s
 525521 353510 -80068.405   41  254 -79460.000 -80150.262  0.87%   168 3506s
 526263 354000 -80149.963   44  241 -79460.000 -80150.262  0.87%   168 3510s
 527490 354987 -80108.082   56  172 -79460.000 -80150.262  0.87%   168 3518s
 528271 355384 -80065.072   42  149 -79460.000 -80150.262  0.87%   168 3522s
 528833 355976 -79891.245   63  186 -79460.000 -80150.262  0.87%   168 3526s
 530210 356611 -79933.588   59  224 -79460.000 -80150.262  0.87%   168 3533s
 530739 357044 -79898.307   37  263 -79460.000 -80150.262  0.87%   168 3536s
 531296 357135 -80064.556   53  176 -79460.000 -80150.262  0.87%   168 3541s
 531419 357683 -79955.424   50  167 -79460.000 -80150.262  0.87%   168 3545s
 532772 358576 -79571.620   96  135 -79460.000 -80150.262  0.87%   168 3552s
 533302 358952 -79921.650   68  179 -79460.000 -80150.262  0.87%   168 3556s
 534488 359901 -80150.092   36  292 -79460.000 -80150.262  0.87%   168 3563s
 535204 360383 -79713.157   76  144 -79460.000 -80150.262  0.87%   168 3567s
 535879 360727 -79720.034   92  118 -79460.000 -80150.262  0.87%   168 3570s
 536628 361384 -79981.719   45  211 -79460.000 -80150.262  0.87%   168 3578s
 537217 361842 -79727.811   87  159 -79460.000 -80150.262  0.87%   168 3581s
 537894 362311 -80150.239   36  305 -79460.000 -80150.262  0.87%   168 3585s
 538544 362382 -79740.157   78  189 -79460.000 -80150.262  0.87%   168 3590s
 538649 364313 -79740.157   79  169 -79460.000 -80150.262  0.87%   168 3600s

Cutting planes:
  Gomory: 3
  Cover: 139
  Clique: 161
  MIR: 18
  StrongCG: 19
  Flow cover: 18
  Zero half: 3
  RLT: 1

Explored 541372 nodes (90936778 simplex iterations) in 3600.01 seconds (5933.84 work units)
Thread count was 4 (of 56 available processors)

Solution count 10: -79460 -79411 -79407 ... -79102

Time limit reached
Best objective -7.946000000000e+04, best bound -8.015000000000e+04, gap 0.8684%
