
Gurobi 9.5.0 (linux64) logging started Thu Mar 31 22:43:29 2022

Set parameter LogFile to value "/local_workspace/chenrui/LogFiles/MKAP/MKAP_10_300_25_1_DWcutsT1.log"
Gurobi Optimizer version 9.5.0 build v9.5.0rc5 (linux64)
Thread count: 56 physical cores, 56 logical processors, using up to 4 threads
Optimize a model with 1060 rows, 3250 columns and 13000 nonzeros
Model fingerprint: 0xef459fcd
Variable types: 0 continuous, 3250 integer (3250 binary)
Coefficient statistics:
  Matrix range     [4e-03, 1e+04]
  Objective range  [1e+00, 1e+03]
  Bounds range     [1e+00, 1e+00]
  RHS range        [1e+00, 1e+00]
Found heuristic solution: objective 0.0000000
Presolve time: 0.03s
Presolved: 1060 rows, 3250 columns, 13000 nonzeros
Variable types: 0 continuous, 3250 integer (3250 binary)
Found heuristic solution: objective -5297.000000

Root relaxation: objective -7.004600e+04, 5155 iterations, 0.13 seconds (0.12 work units)

    Nodes    |    Current Node    |     Objective Bounds      |     Work
 Expl Unexpl |  Obj  Depth IntInf | Incumbent    BestBd   Gap | It/Node Time

     0     0 -70046.000    0  143 -5297.0000 -70046.000  1222%     -    0s
H    0     0                    -48879.00000 -70046.000  43.3%     -    0s
H    0     0                    -63788.00000 -70046.000  9.81%     -    0s
H    0     0                    -70046.00000 -70046.000  0.00%     -    0s

Cutting planes:
  Gomory: 27
  Cover: 40
  Clique: 650
  MIR: 16
  StrongCG: 25

Explored 1 nodes (6016 simplex iterations) in 0.26 seconds (0.21 work units)
Thread count was 4 (of 56 available processors)

Solution count 5: -70046 -63788 -48879 ... 0
No other solutions better than -70046

Optimal solution found (tolerance 1.00e-04)
Best objective -7.004600000000e+04, best bound -7.004600000000e+04, gap 0.0000%
