
Gurobi 9.5.0 (linux64) logging started Mon Apr  4 10:07:33 2022

Set parameter LogFile to value "/local_workspace/chenrui/LogFiles/MKAP/MKAP_20_300_10_3_original_1h.log"
Gurobi Optimizer version 9.5.0 build v9.5.0rc5 (linux64)
Thread count: 56 physical cores, 56 logical processors, using up to 4 threads
Optimize a model with 520 rows, 6200 columns and 12400 nonzeros
Model fingerprint: 0xf4e014ea
Variable types: 0 continuous, 6200 integer (6200 binary)
Coefficient statistics:
  Matrix range     [1e+00, 4e+03]
  Objective range  [1e+00, 1e+03]
  Bounds range     [1e+00, 1e+00]
  RHS range        [1e+00, 1e+00]
Found heuristic solution: objective 0.0000000
Presolve removed 20 rows and 20 columns
Presolve time: 0.02s
Presolved: 500 rows, 6180 columns, 12360 nonzeros
Variable types: 0 continuous, 6180 integer (6180 binary)
Found heuristic solution: objective -58521.00000

Root relaxation: objective -1.232032e+05, 1786 iterations, 0.03 seconds (0.03 work units)

    Nodes    |    Current Node    |     Objective Bounds      |     Work
 Expl Unexpl |  Obj  Depth IntInf | Incumbent    BestBd   Gap | It/Node Time

     0     0 -123203.20    0   48 -58521.000 -123203.20   111%     -    0s
H    0     0                    -118923.0000 -123203.20  3.60%     -    0s
H    0     0                    -120136.0000 -123203.20  2.55%     -    0s
H    0     0                    -121006.0000 -123203.20  1.82%     -    0s
     0     0 -123203.20    0  126 -121006.00 -123203.20  1.82%     -    0s
H    0     0                    -121159.0000 -123203.20  1.69%     -    0s
     0     0 -123203.20    0  118 -121159.00 -123203.20  1.69%     -    0s
     0     0 -123203.20    0   66 -121159.00 -123203.20  1.69%     -    0s
     0     0 -123203.20    0   61 -121159.00 -123203.20  1.69%     -    0s
     0     2 -123203.20    0   60 -121159.00 -123203.20  1.69%     -    0s
H   35    48                    -121218.0000 -123203.20  1.64%  54.7    1s
H   36    48                    -121239.0000 -123203.20  1.62%  54.6    1s
H   37    48                    -121320.0000 -123203.20  1.55%  54.2    1s
H   38    48                    -121341.0000 -123203.20  1.53%  53.7    1s
H 1749  1596                    -121384.0000 -123203.20  1.50%  11.8    3s
  1760  1603 -123100.83   60   59 -121384.00 -123191.47  1.49%  11.7    5s
H 1766  1528                    -121400.0000 -123191.47  1.48%  22.6    5s
H 3120  2305                    -121486.0000 -123191.47  1.40%  23.9    9s
  3122  2309 -122745.63  163   37 -121486.00 -123191.47  1.40%  23.9   10s
H 3941  2649                    -121569.0000 -123191.47  1.33%  19.9   11s
H 4766  2971                    -121629.0000 -123191.47  1.28%  17.2   11s
 19793 15173 -122772.80   99   28 -121629.00 -123191.47  1.28%   7.2   15s
 20824 16026 -121734.92  228  102 -121629.00 -123191.47  1.28%   6.9   20s
H20829 15227                    -121645.0000 -123191.47  1.27%   6.9   24s
 20830 15228 -122543.29  122   49 -121645.00 -123191.47  1.27%   6.9   25s
 20847 15244 -123183.19   48  155 -121645.00 -123191.47  1.27%   8.0   30s
 23848 17178 -122093.94  284   26 -121645.00 -123191.47  1.27%   8.6   35s
 34237 22386 -121793.36  328   20 -121645.00 -123191.47  1.27%   8.2   40s
 47258 29293 -122312.07  133   29 -121645.00 -123191.47  1.27%   7.9   45s
 60536 35807 -122791.44   83   56 -121645.00 -123191.47  1.27%   7.8   50s
H71294 30176                    -121979.0000 -123191.47  0.99%   7.5   53s
 73797 32193 -122807.31   98   46 -121979.00 -123191.47  0.99%   7.6   55s
H73977 30227                    -122033.0000 -123191.47  0.95%   7.6   55s
 87069 41064 -122251.41  209   27 -122033.00 -123191.47  0.95%   7.4   60s
H99486 46939                    -122084.0000 -123191.47  0.91%   7.3   64s
 101892 49099 -122984.05   96   53 -122084.00 -123191.47  0.91%   7.3   65s
H104658 36054                    -122290.0000 -123191.47  0.74%   7.3   66s
H105859 34782                    -122328.0000 -123191.47  0.71%   7.3   66s
 112881 39894 -122338.87  145   47 -122328.00 -123191.47  0.71%   7.4   70s
 125790 49372     cutoff  115      -122328.00 -123191.47  0.71%   7.3   75s
 138564 59018 -123142.06   57   85 -122328.00 -123191.47  0.71%   7.5   80s
 148591 66985 -122679.05  126   29 -122328.00 -123191.47  0.71%   7.8   85s
 163072 77272 -122684.41  120   28 -122328.00 -123191.47  0.71%   7.8   90s
 180040 89463 -122454.96  242   21 -122328.00 -123191.47  0.71%   7.5   95s
 191726 98008 -122721.89   98   50 -122328.00 -123191.47  0.71%   7.6  100s
 204556 107008 -122430.31  180   29 -122328.00 -123191.47  0.71%   7.7  105s
 219041 117641 -123191.47   90   73 -122328.00 -123191.47  0.71%   7.6  110s
 230079 126304 -123171.63  106   94 -122328.00 -123191.47  0.71%   7.7  115s
 242511 135259 -122705.69  119   27 -122328.00 -123191.47  0.71%   7.7  120s
 256796 145845 -123183.58  103   59 -122328.00 -123191.47  0.71%   7.8  125s
 269578 155185 -123013.16  112   48 -122328.00 -123191.47  0.71%   7.8  130s
 282582 164875 -122722.25  119   29 -122328.00 -123191.47  0.71%   7.9  135s
 296779 175465 -123070.21  111   46 -122328.00 -123191.47  0.71%   7.9  140s
 309066 184378 -122755.71  151   27 -122328.00 -123191.47  0.71%   7.9  145s
 323407 194845 -122360.80  162   29 -122328.00 -123191.47  0.71%   7.9  150s
 336184 204161 -123191.47   87   74 -122328.00 -123191.47  0.71%   7.9  155s
 349271 213525 -123130.54   97   63 -122328.00 -123191.47  0.71%   7.9  160s
 361659 223402 -122395.92  176   25 -122328.00 -123191.47  0.71%   7.9  165s
 378227 235750 -122473.18  271   21 -122328.00 -123191.47  0.71%   7.8  170s
 391707 246261 -122758.06  136   30 -122328.00 -123191.47  0.71%   7.8  175s
 404955 255966 -122433.54  193   29 -122328.00 -123191.47  0.71%   7.7  180s
 420783 267774 -122414.15  152   29 -122328.00 -123191.47  0.71%   7.6  185s
 433552 277427 -122363.99  129   30 -122328.00 -123191.47  0.71%   7.6  190s
 449913 289883 -122590.57  240   27 -122328.00 -123191.47  0.71%   7.6  195s
 464903 301436 -123191.47  101   65 -122328.00 -123191.47  0.71%   7.5  200s
 481094 313232 -122914.00  116   32 -122328.00 -123191.47  0.71%   7.4  205s
 495631 323795 -122994.76  120   29 -122328.00 -123191.47  0.71%   7.4  210s
 509188 334183 -123191.47  103   57 -122328.00 -123191.47  0.71%   7.4  215s
 523169 344530 -122683.37  135   27 -122328.00 -123191.47  0.71%   7.4  220s
 536796 354928 -122490.92  254   24 -122328.00 -123191.47  0.71%   7.3  225s
 549923 364395     cutoff  203      -122328.00 -123191.47  0.71%   7.3  230s
 567032 377014 -122428.61  237   26 -122328.00 -123191.47  0.71%   7.2  235s
 580804 387839 -122517.93  188   27 -122328.00 -123191.47  0.71%   7.2  240s
 595059 398499 -122590.18  214   29 -122328.00 -123191.47  0.71%   7.2  245s
 610335 410105 -122493.68  190   26 -122328.00 -123191.47  0.71%   7.2  250s
 624436 421403 -123024.37  120   28 -122328.00 -123191.47  0.71%   7.1  255s
 640778 432789 -122735.69  173   29 -122328.00 -123191.47  0.71%   7.1  260s
 654076 442930 -122975.26  108   41 -122328.00 -123191.47  0.71%   7.1  265s
 665932 452116 -123191.47   86   93 -122328.00 -123191.47  0.71%   7.2  270s
 680006 462513 -122722.60  125   29 -122328.00 -123191.47  0.71%   7.2  275s
 693769 472471 -122896.48  104   52 -122328.00 -123191.47  0.71%   7.2  280s
 706991 482657     cutoff  161      -122328.00 -123191.47  0.71%   7.2  285s
 720300 492539 -123184.83  100   62 -122328.00 -123191.47  0.71%   7.3  290s
 734915 503487 -122337.47  253   26 -122328.00 -123191.47  0.71%   7.2  295s
 749215 513878 -122842.64  120   31 -122328.00 -123191.47  0.71%   7.2  300s
 763540 524882 -122869.60  176   30 -122328.00 -123191.47  0.71%   7.2  305s
 778264 535443 -123173.02  101   56 -122328.00 -123191.47  0.71%   7.2  310s
 791533 545592 -123186.29  102   57 -122328.00 -123191.47  0.71%   7.2  315s
 808284 558189     cutoff  121      -122328.00 -123191.47  0.71%   7.1  320s
 823230 569365 -122335.62  114   29 -122328.00 -123191.47  0.71%   7.1  325s
H831774 557951                    -122343.0000 -123191.47  0.69%   7.1  327s
 836218 561685 -122722.52  191   29 -122343.00 -123191.47  0.69%   7.1  330s
 848972 571792 -122733.62  106   39 -122343.00 -123191.47  0.69%   7.1  335s
 865216 583088 -122512.46  100   36 -122343.00 -123191.47  0.69%   7.1  340s
 878103 595460 -122506.32  193   23 -122343.00 -123191.47  0.69%   7.1  345s
 894248 604655 -122538.58  223   28 -122343.00 -123191.47  0.69%   7.1  350s
 910480 617104 -122604.20  144   30 -122343.00 -123191.47  0.69%   7.0  355s
 924440 627583 -122465.81  168   28 -122343.00 -123191.47  0.69%   7.0  360s
 938372 637692 -122475.39  103   45 -122343.00 -123191.47  0.69%   7.0  365s
 951728 647175 -122381.57  293   20 -122343.00 -123191.47  0.69%   7.1  370s
 962601 657987 -122574.75  185   26 -122343.00 -123191.47  0.69%   7.1  375s
 979468 667784 -123153.40   86   64 -122343.00 -123191.47  0.69%   7.1  380s
 991613 677028 -122504.79  143   33 -122343.00 -123191.47  0.69%   7.1  385s
 1004774 686932     cutoff  118      -122343.00 -123191.47  0.69%   7.1  390s
 1016703 695562 -122900.65  115   38 -122343.00 -123191.47  0.69%   7.2  395s
 1027990 704286 -122638.51  101   46 -122343.00 -123191.47  0.69%   7.2  400s
 1040766 713679 -122631.64  120   30 -122343.00 -123191.47  0.69%   7.3  405s
 1054593 723897 -123191.47   85   71 -122343.00 -123191.47  0.69%   7.3  410s
 1066729 732930 -122521.66  168   26 -122343.00 -123191.47  0.69%   7.3  415s
 1080056 742342 -122808.19  132   31 -122343.00 -123191.47  0.69%   7.3  420s
 1092521 751325 -122495.43  108   51 -122343.00 -123191.47  0.69%   7.4  425s
 1106238 761295 -123047.18   98   55 -122343.00 -123191.47  0.69%   7.3  430s
 1118561 770890 -122838.95  126   30 -122343.00 -123191.47  0.69%   7.3  435s
 1132688 781424 -122915.81  118   52 -122343.00 -123191.47  0.69%   7.3  440s
 1144376 789850 -122774.37  154   30 -122343.00 -123191.47  0.69%   7.3  445s
 1160826 802100 -122734.31  186   30 -122343.00 -123191.47  0.69%   7.3  450s
 1175564 812796 -122808.69  106   56 -122343.00 -123191.47  0.69%   7.3  455s
 1188899 823387 -123131.51  113   51 -122343.00 -123191.47  0.69%   7.3  460s
 1200458 831453 -122590.92  101   36 -122343.00 -123191.47  0.69%   7.3  465s
 1214864 842078     cutoff  180      -122343.00 -123191.47  0.69%   7.3  470s
 1229478 852353 -122387.07  139   27 -122343.00 -123191.47  0.69%   7.3  475s
 1240687 861103 -122482.82  222   21 -122343.00 -123191.47  0.69%   7.3  480s
 1254021 870651 -122843.08   97   34 -122343.00 -123191.47  0.69%   7.3  485s
 1267391 880842     cutoff  101      -122343.00 -123191.47  0.69%   7.3  490s
 1278848 889295 -123176.26   99   71 -122343.00 -123191.47  0.69%   7.4  495s
 1291723 899978 -122550.84  161   31 -122343.00 -123191.47  0.69%   7.4  500s
 1305015 909032 -122936.65  113   40 -122343.00 -123191.47  0.69%   7.4  505s
 1318379 919139 -122343.90  289   15 -122343.00 -123191.47  0.69%   7.4  510s
 1330585 928264 -122830.04  110   47 -122343.00 -123191.47  0.69%   7.5  515s
 1343152 937920 -122602.30  121   53 -122343.00 -123191.47  0.69%   7.5  520s
 1354959 947348 -122811.81  100   51 -122343.00 -123191.47  0.69%   7.5  525s
 1367493 956450 -122578.23  124   32 -122343.00 -123191.47  0.69%   7.5  530s
 1381598 966912 -122815.04  109   58 -122343.00 -123191.47  0.69%   7.5  535s
 1392835 975456 -122971.64   93   72 -122343.00 -123191.47  0.69%   7.5  540s
 1407497 986214 -122525.17  176   30 -122343.00 -123191.47  0.69%   7.5  545s
 1418957 995096 -122518.06   96   55 -122343.00 -123191.47  0.69%   7.6  550s
 1432247 1004539 -122981.92   94   57 -122343.00 -123191.47  0.69%   7.6  555s
 1444206 1013389 -122613.75   99   29 -122343.00 -123191.47  0.69%   7.6  560s
 1455926 1022562 -122558.67  138   30 -122343.00 -123191.47  0.69%   7.6  565s
 1469370 1032322 -122363.01  119   37 -122343.00 -123191.47  0.69%   7.7  570s
 1480876 1043432 -122669.42  129   29 -122343.00 -123191.47  0.69%   7.7  575s
 1496589 1052938 -122868.58   98   43 -122343.00 -123191.47  0.69%   7.7  580s
 1509457 1062860 -122947.69  100   63 -122343.00 -123191.47  0.69%   7.7  585s
 1522621 1072900 -122497.05  222   24 -122343.00 -123191.47  0.69%   7.7  590s
 1535460 1082232 -122950.43  115   58 -122343.00 -123191.47  0.69%   7.7  595s
 1546972 1090641 -123191.47   83   79 -122343.00 -123191.47  0.69%   7.8  600s
 1559998 1100598     cutoff  155      -122343.00 -123191.47  0.69%   7.8  605s
 1572001 1109461 -122684.49  110   31 -122343.00 -123191.47  0.69%   7.8  610s
 1585817 1119916 -122499.94  111   47 -122343.00 -123191.47  0.69%   7.8  615s
 1596871 1127987 -122780.29  121   28 -122343.00 -123191.47  0.69%   7.8  620s
 1610464 1138447 -122830.44  133   30 -122343.00 -123191.47  0.69%   7.8  625s
 1620271 1145604 -122948.97  103   53 -122343.00 -123191.47  0.69%   7.8  630s
 1633516 1155437 -122929.75   97   66 -122343.00 -123191.47  0.69%   7.9  635s
 1645058 1163438 -122349.44   98   51 -122343.00 -123191.47  0.69%   7.9  640s
 1656538 1171930 -123191.47   89   86 -122343.00 -123191.47  0.69%   7.9  645s
 1666697 1179466 -122581.91  113   28 -122343.00 -123191.47  0.69%   8.0  650s
 1677310 1187220 -123191.47   83   73 -122343.00 -123191.47  0.69%   8.0  655s
H1680149 1175223                    -122349.0000 -123191.47  0.69%   8.0  656s
H1680619 1152834                    -122359.0000 -123191.47  0.68%   8.0  656s
 1686700 1157621 -122421.38  278   21 -122359.00 -123191.47  0.68%   8.0  660s
 1696760 1164964 -122632.55  130   29 -122359.00 -123191.47  0.68%   8.0  665s
 1709086 1174102 -122448.66  151   28 -122359.00 -123191.47  0.68%   8.1  670s
 1720657 1182216 -123109.61  104   52 -122359.00 -123191.47  0.68%   8.1  675s
 1731821 1190950 -122539.52  179   29 -122359.00 -123191.47  0.68%   8.1  680s
 1744688 1200202 -122399.85  167   26 -122359.00 -123191.47  0.68%   8.1  685s
 1756358 1208571 -123006.09   95   46 -122359.00 -123191.47  0.68%   8.1  690s
 1767432 1216582 -122886.07  108   35 -122359.00 -123191.47  0.68%   8.1  695s
 1781218 1226177 -122406.90  173   28 -122359.00 -123191.47  0.68%   8.1  700s
 1793613 1235984 -122740.40  127   32 -122359.00 -123191.47  0.68%   8.1  705s
 1806818 1244980 -122416.24  105   28 -122359.00 -123191.47  0.68%   8.1  710s
 1817796 1253364 -122467.91  112   41 -122359.00 -123191.47  0.68%   8.2  715s
 1830194 1262482 -123022.71   87   82 -122359.00 -123191.47  0.68%   8.2  720s
 1844113 1272685 -123191.47   89   65 -122359.00 -123191.47  0.68%   8.2  725s
 1856520 1282562 -123165.27  103   51 -122359.00 -123191.47  0.68%   8.2  730s
 1868839 1291797 -123078.18  101   45 -122359.00 -123191.47  0.68%   8.2  735s
 1880602 1300603 -123191.47   75   99 -122359.00 -123191.47  0.68%   8.2  740s
 1892717 1309670 -122430.19  123   29 -122359.00 -123191.47  0.68%   8.2  745s
 1906425 1319358 -122856.99  107   42 -122359.00 -123191.47  0.68%   8.2  750s
 1916972 1327374 -123191.47   88   81 -122359.00 -123191.47  0.68%   8.2  755s
 1929716 1336752 -122710.14  107   52 -122359.00 -123191.47  0.68%   8.2  760s
 1942504 1346555 -123094.02  118   46 -122359.00 -123191.47  0.68%   8.2  765s
 1955374 1356106 -122373.18  139   30 -122359.00 -123191.47  0.68%   8.2  770s
 1967396 1365251 -122512.96  175   30 -122359.00 -123191.47  0.68%   8.2  775s
 1980679 1374972 -123057.73   95   63 -122359.00 -123191.47  0.68%   8.2  780s
 1993712 1384370 -123191.47   82   93 -122359.00 -123191.47  0.68%   8.2  785s
 2005920 1393483 -122378.93  162   26 -122359.00 -123191.47  0.68%   8.2  790s
 2017182 1402213 -123190.65  104   78 -122359.00 -123191.47  0.68%   8.2  795s
 2030061 1411669 -123107.95   94   55 -122359.00 -123191.47  0.68%   8.2  800s
 2041642 1420253 -123188.91  103   55 -122359.00 -123191.47  0.68%   8.3  805s
 2052951 1428551 -122393.54  124   29 -122359.00 -123191.47  0.68%   8.3  810s
 2066707 1438401 -122507.82  139   29 -122359.00 -123191.47  0.68%   8.3  815s
 2078100 1446677 -122925.52  116   60 -122359.00 -123191.47  0.68%   8.3  820s
 2089060 1454706 -122659.42  111   67 -122359.00 -123191.47  0.68%   8.3  825s
 2101269 1463495     cutoff  163      -122359.00 -123191.47  0.68%   8.3  830s
 2112171 1471563 -122804.13  144   30 -122359.00 -123191.47  0.68%   8.3  835s
 2125626 1481823 -122726.78  131   33 -122359.00 -123191.47  0.68%   8.3  840s
 2137108 1490448 -123068.55  112   43 -122359.00 -123191.47  0.68%   8.3  845s
 2148191 1498730 -122767.98  116   27 -122359.00 -123191.47  0.68%   8.4  850s
 2159211 1506662 -123053.68  105   72 -122359.00 -123191.47  0.68%   8.4  855s
 2173380 1516316 -123191.47   93   72 -122359.00 -123191.47  0.68%   8.4  860s
 2184116 1524327 -123016.96   90   78 -122359.00 -123191.47  0.68%   8.4  865s
 2193877 1531382 -122743.62  117   32 -122359.00 -123191.47  0.68%   8.4  870s
 2205707 1540707 -122409.40  303   19 -122359.00 -123191.47  0.68%   8.4  875s
 2216574 1548407 -122367.52  103   64 -122359.00 -123191.47  0.68%   8.5  880s
 2227948 1556491 -122851.29  106   37 -122359.00 -123191.47  0.68%   8.5  885s
 2238920 1564614 -122612.36   99   70 -122359.00 -123191.47  0.68%   8.5  890s
 2249860 1572340 -122404.55   99   51 -122359.00 -123191.47  0.68%   8.5  895s
 2259383 1579158 -123190.99   88   83 -122359.00 -123191.47  0.68%   8.5  900s
 2271110 1588034 -122644.36  193   29 -122359.00 -123191.47  0.68%   8.5  905s
 2282519 1596295 -122407.82  108   56 -122359.00 -123191.47  0.68%   8.6  910s
 2293618 1604676 -122967.11  107   73 -122359.00 -123191.47  0.68%   8.6  915s
 2306195 1613547 -122386.02  121   29 -122359.00 -123191.47  0.68%   8.6  920s
 2318710 1622611 -122419.20  139   29 -122359.00 -123191.47  0.68%   8.6  925s
 2330451 1631280 -123122.80  106   51 -122359.00 -123191.47  0.68%   8.6  930s
 2342580 1640333 -123154.73  100   76 -122359.00 -123191.47  0.68%   8.6  935s
 2355129 1649420 -122568.75  226   24 -122359.00 -123191.47  0.68%   8.6  940s
 2365973 1656864 -122847.81  146   35 -122359.00 -123191.47  0.68%   8.6  945s
 2376478 1664698 -123191.47   89   87 -122359.00 -123191.47  0.68%   8.6  950s
 2387595 1672827 -122420.64  143   27 -122359.00 -123191.47  0.68%   8.6  955s
 2399249 1682084 -122571.26  118   37 -122359.00 -123191.47  0.68%   8.6  960s
 2413494 1691815 -122443.46  187   28 -122359.00 -123191.47  0.68%   8.7  965s
 2424686 1700055 -122872.57  117   47 -122359.00 -123191.47  0.68%   8.7  970s
 2438388 1709639 -123121.71  109   75 -122359.00 -123191.47  0.68%   8.7  975s
 2448725 1717189 -122429.78  124   42 -122359.00 -123191.47  0.68%   8.7  980s
 2462311 1727163 -122457.63  119   29 -122359.00 -123191.47  0.68%   8.7  985s
 2473715 1735393 -122362.00  194   29 -122359.00 -123191.47  0.68%   8.7  990s
 2488341 1745628 -122478.90  126   29 -122359.00 -123191.47  0.68%   8.7  995s
 2500474 1754751 -122897.46   97   57 -122359.00 -123191.47  0.68%   8.7 1000s
 2511005 1762160 -122723.93  106   51 -122359.00 -123191.47  0.68%   8.7 1005s
 2525927 1773169 -123053.59   97   55 -122359.00 -123191.47  0.68%   8.7 1010s
 2538112 1782076 -122369.95  121   28 -122359.00 -123191.47  0.68%   8.7 1015s
 2548343 1789367 -123122.24   94   46 -122359.00 -123191.47  0.68%   8.7 1020s
 2563238 1799952 -123191.47   82   79 -122359.00 -123191.47  0.68%   8.7 1025s
 2574799 1808856 -123037.20  115   53 -122359.00 -123191.47  0.68%   8.7 1030s
 2588311 1818899 -123088.04   90   57 -122359.00 -123191.47  0.68%   8.7 1035s
 2599791 1827481 -122649.37  160   29 -122359.00 -123191.47  0.68%   8.7 1040s
 2614310 1838604 -122485.50  139   32 -122359.00 -123191.47  0.68%   8.7 1045s
 2627185 1848352 -122367.32  149   30 -122359.00 -123191.47  0.68%   8.7 1050s
 2642771 1859855 -122510.16  131   33 -122359.00 -123191.47  0.68%   8.7 1055s
 2656414 1870518 -122615.23  106   30 -122359.00 -123191.47  0.68%   8.7 1060s
 2669762 1880646 -122788.56  136   54 -122359.00 -123191.47  0.68%   8.7 1065s
 2682791 1890085 -122631.45  177   29 -122359.00 -123191.47  0.68%   8.7 1070s
 2696294 1900026 -122571.91  196   29 -122359.00 -123191.47  0.68%   8.7 1075s
 2709732 1910389 -123031.48  104   38 -122359.00 -123191.47  0.68%   8.7 1080s
 2723914 1921201 -122469.27  119   28 -122359.00 -123191.47  0.68%   8.7 1085s
 2735375 1930410 -123135.56  100   40 -122359.00 -123191.47  0.68%   8.7 1090s
 2752041 1942857 -122651.66   95   59 -122359.00 -123191.47  0.68%   8.6 1095s
 2764706 1952477 -122422.16  109   35 -122359.00 -123191.47  0.68%   8.6 1100s
 2778864 1963110 -122629.34  197   29 -122359.00 -123191.47  0.68%   8.6 1105s
 2791897 1972618 -123191.47   92   78 -122359.00 -123191.47  0.68%   8.6 1110s
 2804012 1981746 -122862.79  119   32 -122359.00 -123191.47  0.68%   8.6 1115s
 2816559 1990959 -122805.28  124   31 -122359.00 -123191.47  0.68%   8.6 1120s
 2829624 2000297     cutoff  109      -122359.00 -123191.47  0.68%   8.6 1125s
 2842161 2010115 -122669.15   96   63 -122359.00 -123191.47  0.68%   8.6 1130s
 2854516 2019195 -122360.59  253   29 -122359.00 -123191.47  0.68%   8.6 1135s
 2867550 2028964 -122777.14  142   30 -122359.00 -123191.47  0.68%   8.6 1140s
 2881500 2039338 -123004.85   99   30 -122359.00 -123191.47  0.68%   8.6 1145s
 2894491 2048357 -123178.47   96   67 -122359.00 -123191.47  0.68%   8.6 1150s
 2907622 2058026     cutoff  127      -122359.00 -123191.47  0.68%   8.6 1155s
 2919411 2066865 -122711.19  152   30 -122359.00 -123191.47  0.68%   8.6 1160s
 2932111 2076071 -122958.56   89   66 -122359.00 -123191.47  0.68%   8.6 1165s
 2947926 2087409 -122969.26  105   29 -122359.00 -123191.47  0.68%   8.6 1170s
 2960403 2097095 -122797.27  122   28 -122359.00 -123191.47  0.68%   8.6 1175s
 2974276 2106574 -122420.52  145   29 -122359.00 -123191.47  0.68%   8.6 1180s
 2988269 2117787 -123137.34  101   65 -122359.00 -123191.47  0.68%   8.5 1185s
 3001118 2126952 -122518.39  158   27 -122359.00 -123191.47  0.68%   8.5 1190s
 3013534 2136348 -123179.70   98   77 -122359.00 -123191.47  0.68%   8.5 1195s
 3026608 2146344 -122426.77  267   26 -122359.00 -123191.47  0.68%   8.5 1200s
 3039069 2156068 -122617.14  192   28 -122359.00 -123191.47  0.68%   8.6 1205s
 3051141 2165402     cutoff  103      -122359.00 -123191.47  0.68%   8.6 1210s
 3062994 2174511 -123176.78   84   60 -122359.00 -123191.47  0.68%   8.6 1215s
 3073652 2182814 -122365.80  256   25 -122359.00 -123191.47  0.68%   8.6 1220s
 3086168 2192557 -122431.86  185   23 -122359.00 -123191.47  0.68%   8.6 1225s
 3097326 2201071 -123191.47   83   94 -122359.00 -123191.47  0.68%   8.6 1230s
 3109428 2210583 -123065.17  106   45 -122359.00 -123191.47  0.68%   8.6 1235s
 3120788 2218840 -122416.32  126   30 -122359.00 -123191.47  0.68%   8.6 1240s
 3130595 2226703 -122877.05  119   32 -122359.00 -123191.47  0.68%   8.6 1245s
 3143903 2236399     cutoff  213      -122359.00 -123191.47  0.68%   8.6 1250s
 3154935 2244960 -122517.43  113   28 -122359.00 -123191.47  0.68%   8.6 1255s
 3166271 2253361 -122360.14  144   29 -122359.00 -123191.47  0.68%   8.6 1260s
 3177927 2262614 -122529.66  237   23 -122359.00 -123191.47  0.68%   8.6 1265s
 3189360 2270944 -122838.99  136   29 -122359.00 -123191.47  0.68%   8.6 1270s
 3199504 2278916 -122930.75   99   65 -122359.00 -123191.47  0.68%   8.6 1275s
 3211879 2287868 -122365.23  208   24 -122359.00 -123191.47  0.68%   8.7 1280s
 3222871 2296145 -122363.69  110   32 -122359.00 -123191.47  0.68%   8.7 1285s
 3234605 2304520 -122459.74  132   30 -122359.00 -123191.47  0.68%   8.7 1290s
 3244864 2312418 -122597.14  126   29 -122359.00 -123191.47  0.68%   8.7 1295s
 3256849 2321235 -122795.18  130   30 -122359.00 -123191.47  0.68%   8.7 1300s
 3267581 2329504 -122525.25  114   56 -122359.00 -123191.47  0.68%   8.7 1305s
 3277566 2336944 -122603.77  181   30 -122359.00 -123191.47  0.68%   8.7 1310s
 3287778 2344965 -122364.77  188   28 -122359.00 -123191.47  0.68%   8.7 1315s
 3300427 2353645 -122600.68  210   28 -122359.00 -123191.47  0.68%   8.7 1320s
 3310507 2361224 -122948.66  130   32 -122359.00 -123191.47  0.68%   8.7 1325s
 3319177 2369864 -123090.21  106   69 -122359.00 -123191.47  0.68%   8.8 1330s
 3334356 2378318 infeasible  202      -122359.00 -123191.47  0.68%   8.8 1335s
 3345990 2387005 -122725.31  115   30 -122359.00 -123191.47  0.68%   8.8 1340s
 3356407 2394813 -122733.24  105   29 -122359.00 -123191.47  0.68%   8.8 1345s
 3365538 2400927 -122856.30  123   30 -122359.00 -123191.47  0.68%   8.8 1350s
 3376736 2409369 -123119.15  113   71 -122359.00 -123191.47  0.68%   8.8 1355s
 3387383 2417134 -123181.93   92   70 -122359.00 -123191.47  0.68%   8.8 1360s
 3399243 2425392 -122363.81  121   28 -122359.00 -123191.47  0.68%   8.8 1365s
 3410294 2433706 -122811.19   91   85 -122359.00 -123191.47  0.68%   8.8 1370s
 3422495 2442928 -122799.36  146   30 -122359.00 -123191.47  0.68%   8.8 1375s
 3433379 2451183 -122788.29  107   36 -122359.00 -123191.47  0.68%   8.8 1380s
 3443528 2458113 -122737.09  106   34 -122359.00 -123191.47  0.68%   8.8 1385s
 3453903 2465219 -122836.60  140   28 -122359.00 -123191.47  0.68%   8.9 1390s
 3464139 2472979 -122990.65  106   32 -122359.00 -123191.47  0.68%   8.9 1395s
 3474722 2480819 -122711.26   94   75 -122359.00 -123191.47  0.68%   8.9 1400s
 3485850 2488954 -122497.63  156   29 -122359.00 -123191.47  0.68%   8.9 1405s
 3496292 2496675 -123089.04  105   55 -122359.00 -123191.47  0.68%   8.9 1410s
 3506450 2503960 -122764.27  143   30 -122359.00 -123191.47  0.68%   8.9 1415s
 3517171 2511897 -122429.44  200   28 -122359.00 -123191.47  0.68%   8.9 1420s
 3527599 2519867 -122775.07  108   35 -122359.00 -123191.47  0.68%   8.9 1425s
 3538844 2528048 -123167.30   99   74 -122359.00 -123191.47  0.68%   8.9 1430s
 3548749 2535428 -122653.88  191   28 -122359.00 -123191.47  0.68%   8.9 1435s
 3560668 2544005 -123172.84  104   90 -122359.00 -123191.47  0.68%   9.0 1440s
 3569419 2550446 -123135.52  109   52 -122359.00 -123191.47  0.68%   9.0 1445s
 3580415 2558687 -122369.63  142   29 -122359.00 -123191.47  0.68%   9.0 1450s
 3590948 2566149     cutoff  103      -122359.00 -123191.47  0.68%   9.0 1455s
 3600618 2573491     cutoff  160      -122359.00 -123191.47  0.68%   9.0 1460s
 3612877 2582354 -122666.75  105   52 -122359.00 -123191.47  0.68%   9.0 1465s
 3623724 2590516 -123191.47   91   81 -122359.00 -123191.47  0.68%   9.0 1470s
 3635073 2598458 -122697.65  117   30 -122359.00 -123191.47  0.68%   9.0 1475s
 3646643 2606737 -123068.03  106   46 -122359.00 -123191.47  0.68%   9.0 1481s
 3655638 2613905 -122500.93  117   29 -122359.00 -123191.47  0.68%   9.0 1485s
 3667201 2622420 -123006.64   90   53 -122359.00 -123191.47  0.68%   9.0 1490s
 3677705 2629727 -122360.50  151   29 -122359.00 -123191.47  0.68%   9.0 1495s
 3688173 2637541 -122418.68  180   27 -122359.00 -123191.47  0.68%   9.0 1500s
 3697001 2644231 -122600.62  141   29 -122359.00 -123191.47  0.68%   9.1 1505s
 3706160 2651247 -122834.22   97   51 -122359.00 -123191.47  0.68%   9.1 1510s
 3715016 2657602 -123046.36   98   61 -122359.00 -123191.47  0.68%   9.1 1515s
 3725221 2665446 -122805.89  105   44 -122359.00 -123191.47  0.68%   9.1 1520s
 3735076 2673026     cutoff  139      -122359.00 -123191.47  0.68%   9.1 1525s
 3745422 2680997 -122820.18  122   30 -122359.00 -123191.47  0.68%   9.1 1530s
 3756635 2688951 -122465.79  131   31 -122359.00 -123191.47  0.68%   9.1 1535s
 3765981 2695480 -123191.47   97   71 -122359.00 -123191.47  0.68%   9.2 1540s
 3778038 2704230 -123191.47  103   70 -122359.00 -123191.47  0.68%   9.2 1545s
 3787666 2711251 -123187.63   87   86 -122359.00 -123191.47  0.68%   9.2 1550s
 3798382 2719061 -123179.99   87   74 -122359.00 -123191.47  0.68%   9.2 1555s
 3808694 2727135 -123095.83   92   59 -122359.00 -123191.47  0.68%   9.2 1560s
 3818573 2734260 -122460.33  122   30 -122359.00 -123191.47  0.68%   9.2 1565s
 3827013 2741183 -122544.71  117   30 -122359.00 -123191.47  0.68%   9.2 1570s
 3839010 2749719 -122640.34  139   29 -122359.00 -123191.47  0.68%   9.2 1575s
 3849270 2757651 -122373.46  177   27 -122359.00 -123191.47  0.68%   9.2 1580s
H3852484 2692017                    -122372.0000 -123191.47  0.67%   9.2 1582s
 3858276 2699123 -122572.61  115   30 -122372.00 -123191.47  0.67%   9.3 1586s
 3866441 2702698 -122884.03  125   30 -122372.00 -123191.47  0.67%   9.3 1590s
 3877256 2710949 -122801.19  124   29 -122372.00 -123191.47  0.67%   9.3 1595s
 3888255 2718975 -122622.64  129   32 -122372.00 -123191.47  0.67%   9.3 1600s
 3897118 2725558 -122679.21  145   30 -122372.00 -123191.47  0.67%   9.3 1605s
 3907897 2733559 -123038.66   96   60 -122372.00 -123191.47  0.67%   9.3 1610s
 3917756 2740882 -122446.28  123   28 -122372.00 -123191.47  0.67%   9.3 1615s
 3928496 2748676 -123043.96   95   52 -122372.00 -123191.47  0.67%   9.3 1620s
 3939292 2756676 -122561.19   86   70 -122372.00 -123191.47  0.67%   9.3 1625s
 3949715 2764503 -122725.09  100   70 -122372.00 -123191.47  0.67%   9.3 1630s
 3958663 2770770 -122619.56  155   28 -122372.00 -123191.47  0.67%   9.4 1635s
 3969973 2779638 -123153.39   93   70 -122372.00 -123191.47  0.67%   9.4 1640s
 3979898 2787335 -122464.96  155   30 -122372.00 -123191.47  0.67%   9.4 1645s
 3991105 2795594 -122384.10  159   29 -122372.00 -123191.47  0.67%   9.4 1650s
 4002685 2803903 -123075.38  106   69 -122372.00 -123191.47  0.67%   9.4 1655s
 4014364 2812567 -123099.49  108   55 -122372.00 -123191.47  0.67%   9.4 1660s
 4023779 2819322 -122671.85  155   30 -122372.00 -123191.47  0.67%   9.4 1665s
 4035608 2827879 -123022.54  106   68 -122372.00 -123191.47  0.67%   9.4 1670s
 4046619 2836335 -123072.97  101   68 -122372.00 -123191.47  0.67%   9.4 1675s
 4056734 2843806 -122412.59  132   38 -122372.00 -123191.47  0.67%   9.4 1680s
 4068012 2851281 -123122.20   86   67 -122372.00 -123191.47  0.67%   9.5 1685s
 4078362 2859071 -123072.92   92   56 -122372.00 -123191.47  0.67%   9.5 1690s
 4090985 2868616     cutoff   97      -122372.00 -123191.47  0.67%   9.5 1695s
 4101597 2876466 -122519.32  167   28 -122372.00 -123191.47  0.67%   9.5 1700s
 4112848 2884663 -122445.78  114   30 -122372.00 -123191.47  0.67%   9.5 1705s
 4121718 2890421 -122988.46   90   79 -122372.00 -123191.47  0.67%   9.5 1710s
 4130606 2898549 -123147.67   98   75 -122372.00 -123191.47  0.67%   9.5 1715s
 4142540 2905767 -123124.41   95   68 -122372.00 -123191.47  0.67%   9.5 1720s
 4153391 2913961 -123028.66  103   64 -122372.00 -123191.47  0.67%   9.5 1725s
 4164473 2922190 -123132.12  100   86 -122372.00 -123191.47  0.67%   9.5 1730s
 4176140 2930975 -122801.18   92   53 -122372.00 -123191.47  0.67%   9.5 1735s
 4187073 2939090 -122877.53  116   36 -122372.00 -123191.47  0.67%   9.5 1740s
 4197612 2947191 -123049.95   98   43 -122372.00 -123191.47  0.67%   9.5 1745s
 4207997 2954976 -122857.86  118   42 -122372.00 -123191.47  0.67%   9.5 1750s
 4219654 2963337 -123191.47  101   70 -122372.00 -123191.47  0.67%   9.5 1755s
 4230845 2971523 -123002.11  115   30 -122372.00 -123191.47  0.67%   9.6 1760s
 4242208 2979661 -122841.20   98   59 -122372.00 -123191.47  0.67%   9.6 1765s
 4253274 2988005     cutoff  125      -122372.00 -123191.47  0.67%   9.6 1770s
 4264235 2995650 -122919.86  113   47 -122372.00 -123191.47  0.67%   9.6 1775s
 4276014 3004425 -123014.30  107   65 -122372.00 -123191.47  0.67%   9.6 1780s
 4287319 3012408 -122378.21  116   28 -122372.00 -123191.47  0.67%   9.6 1785s
 4298118 3022711 -122749.68  119   30 -122372.00 -123191.47  0.67%   9.6 1790s
 4311338 3029996 -122646.08  161   30 -122372.00 -123191.47  0.67%   9.6 1795s
 4323002 3038286 -122692.02  131   30 -122372.00 -123191.47  0.67%   9.6 1800s
 4333977 3046233 -122986.07  114   43 -122372.00 -123191.47  0.67%   9.6 1805s
 4345732 3054716 -122935.75   95   69 -122372.00 -123191.47  0.67%   9.6 1810s
 4356381 3062656 -122819.48  106   53 -122372.00 -123191.47  0.67%   9.6 1815s
 4367735 3070678 -122972.18  107   54 -122372.00 -123191.47  0.67%   9.6 1820s
 4377665 3077701 -122722.85   91   60 -122372.00 -123191.47  0.67%   9.6 1825s
 4387695 3084911 -122979.09  102   46 -122372.00 -123191.47  0.67%   9.6 1830s
 4400329 3093877 -122450.36  144   29 -122372.00 -123191.47  0.67%   9.6 1835s
 4411742 3101804 -123151.56   88   74 -122372.00 -123191.47  0.67%   9.6 1840s
 4422595 3109562 -122376.24  186   30 -122372.00 -123191.47  0.67%   9.6 1845s
 4433265 3117260 -123001.52   95   54 -122372.00 -123191.47  0.67%   9.6 1850s
 4444258 3124850 -122588.14  148   29 -122372.00 -123191.47  0.67%   9.6 1855s
 4454980 3132818 -122393.77  127   27 -122372.00 -123191.47  0.67%   9.6 1860s
 4466213 3140893 -122405.84   99   60 -122372.00 -123191.47  0.67%   9.7 1865s
 4476812 3148740 -123028.73   98   70 -122372.00 -123191.47  0.67%   9.7 1870s
 4486331 3155757 -122461.92  142   31 -122372.00 -123191.47  0.67%   9.7 1875s
 4497291 3163643 -122769.00  117   34 -122372.00 -123191.47  0.67%   9.7 1880s
 4506961 3170942 -122979.04  110   43 -122372.00 -123191.47  0.67%   9.7 1885s
 4518809 3179353 -122490.66  123   32 -122372.00 -123191.47  0.67%   9.7 1890s
H4522245 3156903                    -122376.0000 -123191.47  0.67%   9.7 1892s
H4523157 3094022                    -122386.0000 -123191.47  0.66%   9.7 1893s
H4524993 3075899                    -122389.0000 -123191.47  0.66%   9.7 1894s
 4526379 3077153 -122937.96   90   60 -122389.00 -123191.47  0.66%   9.7 1895s
 4536012 3084227 -122391.40  141   30 -122389.00 -123191.47  0.66%   9.7 1900s
 4547075 3092086 -122865.87  116   35 -122389.00 -123191.47  0.66%   9.7 1905s
 4556447 3098632 -122671.81  106   50 -122389.00 -123191.47  0.66%   9.7 1910s
 4567604 3106585 -122410.05  183   24 -122389.00 -123191.47  0.66%   9.7 1915s
 4577918 3113672 -123186.91   81   80 -122389.00 -123191.47  0.66%   9.7 1920s
 4589021 3121794 -122796.46   89   93 -122389.00 -123191.47  0.66%   9.7 1925s
 4598756 3129245 -122517.54  149   29 -122389.00 -123191.47  0.66%   9.7 1930s
 4608662 3136477 -122607.40  140   28 -122389.00 -123191.47  0.66%   9.7 1935s
 4620757 3144784 -122397.60  130   27 -122389.00 -123191.47  0.66%   9.8 1940s
 4631417 3152354 -122391.28  137   32 -122389.00 -123191.47  0.66%   9.8 1945s
 4642589 3160355 -123172.32  100   61 -122389.00 -123191.47  0.66%   9.8 1950s
 4653192 3168094 -122934.43   86   51 -122389.00 -123191.47  0.66%   9.8 1955s
 4664738 3175663 -122897.41  103   54 -122389.00 -123191.47  0.66%   9.8 1960s
 4674954 3183408 -122741.54  119   30 -122389.00 -123191.47  0.66%   9.8 1965s
 4686281 3191329 -122861.17   84   48 -122389.00 -123191.47  0.66%   9.8 1970s
 4697396 3199349 -122913.40  103   54 -122389.00 -123191.47  0.66%   9.8 1975s
 4708601 3207202 -123009.62   87   78 -122389.00 -123191.47  0.66%   9.8 1980s
 4717812 3213858 -122415.50  151   30 -122389.00 -123191.47  0.66%   9.8 1985s
 4729638 3222420 -123003.56  102   59 -122389.00 -123191.47  0.66%   9.8 1990s
 4740043 3229405 -122626.36  132   31 -122389.00 -123191.47  0.66%   9.8 1995s
 4750393 3236848 -122819.35   99   64 -122389.00 -123191.47  0.66%   9.8 2000s
 4761762 3245407 -123124.91  100   58 -122389.00 -123191.47  0.66%   9.8 2005s
 4772506 3253504     cutoff  188      -122389.00 -123191.47  0.66%   9.8 2010s
 4782690 3260929 -122623.65  128   34 -122389.00 -123191.47  0.66%   9.8 2015s
 4794036 3269262 -123086.53  104   67 -122389.00 -123191.47  0.66%   9.8 2020s
 4804910 3277386 -122702.97   95   46 -122389.00 -123191.47  0.66%   9.8 2025s
 4816535 3285849 -122449.07  220   24 -122389.00 -123191.47  0.66%   9.9 2030s
 4828237 3294136 -122520.37  110   32 -122389.00 -123191.47  0.66%   9.9 2035s
 4839417 3302261 -122613.85  117   45 -122389.00 -123191.47  0.66%   9.9 2040s
 4850398 3309763     cutoff  143      -122389.00 -123191.47  0.66%   9.9 2045s
 4862175 3318443 -122895.59  107   55 -122389.00 -123191.47  0.66%   9.9 2050s
 4873704 3326992 -123156.37   92   75 -122389.00 -123191.47  0.66%   9.9 2055s
 4884306 3334971 -123191.47   89   76 -122389.00 -123191.47  0.66%   9.9 2060s
H4884486 3132724                    -122418.0000 -123191.47  0.63%   9.9 2060s
 4893000 3138844 -122925.80  115   52 -122418.00 -123191.47  0.63%   9.9 2065s
 4903151 3146119 -122487.07  127   36 -122418.00 -123191.47  0.63%   9.9 2070s
 4914147 3154289 -122768.79  111   49 -122418.00 -123191.47  0.63%   9.9 2075s
 4924256 3161520 -122892.10   92   63 -122418.00 -123191.47  0.63%   9.9 2080s
 4935904 3169845 -122940.06  108   58 -122418.00 -123191.47  0.63%   9.9 2085s
 4947514 3178177 -122731.36  121   34 -122418.00 -123191.47  0.63%   9.9 2090s
 4958037 3185877 -122873.27  110   33 -122418.00 -123191.47  0.63%   9.9 2095s
 4969217 3193789     cutoff  105      -122418.00 -123191.47  0.63%   9.9 2100s
 4979493 3201182 -122828.15  100   63 -122418.00 -123191.47  0.63%   9.9 2105s
 4990921 3209288 -122466.37  102   53 -122418.00 -123191.47  0.63%   9.9 2110s
 5000715 3216448 -122828.23  108   33 -122418.00 -123191.47  0.63%   9.9 2115s
 5011140 3224000 -123026.34   86   59 -122418.00 -123191.47  0.63%   9.9 2120s
 5024003 3232560 -122506.08  130   29 -122418.00 -123191.47  0.63%   9.9 2125s
 5032042 3238718 -122862.06  121   39 -122418.00 -123191.47  0.63%   9.9 2130s
 5045958 3248304 -123171.49   98   46 -122418.00 -123191.47  0.63%   9.9 2135s
 5056184 3256190 -122732.22  126   29 -122418.00 -123191.47  0.63%   9.9 2140s
 5067437 3264131 -123157.34   91   74 -122418.00 -123191.47  0.63%   9.9 2145s
 5078132 3271900 -122696.58  131   31 -122418.00 -123191.47  0.63%   9.9 2150s
 5089504 3280066 -122519.70  136   33 -122418.00 -123191.47  0.63%   9.9 2155s
 5099607 3287424 -122591.18  180   26 -122418.00 -123191.47  0.63%   9.9 2160s
 5109176 3294418 -122724.95  149   32 -122418.00 -123191.47  0.63%   9.9 2165s
 5118923 3301789 -122563.37  100   62 -122418.00 -123191.47  0.63%  10.0 2170s
 5128245 3308631 -122774.05  112   40 -122418.00 -123191.47  0.63%  10.0 2175s
 5138394 3315891 -123128.24   89   54 -122418.00 -123191.47  0.63%  10.0 2180s
 5147864 3322929 -123028.08  130   31 -122418.00 -123191.47  0.63%  10.0 2185s
 5158257 3330412 -122458.74  166   30 -122418.00 -123191.47  0.63%  10.0 2190s
 5166307 3336195 -122770.06   90   62 -122418.00 -123191.47  0.63%  10.0 2195s
 5176713 3343579 -122432.01  138   32 -122418.00 -123191.47  0.63%  10.0 2200s
 5185364 3349816 -122671.89  115   32 -122418.00 -123191.47  0.63%  10.0 2205s
 5196124 3357719 -122929.09  114   57 -122418.00 -123191.47  0.63%  10.0 2210s
 5206208 3365409 -122960.60  109   56 -122418.00 -123191.47  0.63%  10.0 2215s
 5216646 3372879 -123064.29  116   46 -122418.00 -123191.47  0.63%  10.0 2220s
 5225383 3381211 -122655.04  119   39 -122418.00 -123191.47  0.63%  10.0 2225s
 5236627 3387484 -122678.68   98   65 -122418.00 -123191.47  0.63%  10.0 2230s
 5247335 3396450 -122436.83  151   28 -122418.00 -123191.47  0.63%  10.1 2235s
 5257562 3402509 -123049.80  104   71 -122418.00 -123191.47  0.63%  10.1 2240s
 5268424 3410355 -123064.91  110   49 -122418.00 -123191.47  0.63%  10.1 2245s
 5279404 3417878 -122450.83   92   64 -122418.00 -123191.47  0.63%  10.1 2250s
 5289731 3425317 -122723.85  125   29 -122418.00 -123191.47  0.63%  10.1 2255s
 5300195 3432933 -122878.13  105   59 -122418.00 -123191.47  0.63%  10.1 2260s
 5310432 3440344 -122498.70  126   30 -122418.00 -123191.47  0.63%  10.1 2265s
 5320969 3448040 -122421.46  176   27 -122418.00 -123191.47  0.63%  10.1 2270s
 5331392 3455559 -123181.85  103   76 -122418.00 -123191.47  0.63%  10.1 2275s
 5342426 3463259 -123101.20  111   49 -122418.00 -123191.47  0.63%  10.1 2280s
 5352324 3470434 -122432.34  139   29 -122418.00 -123191.47  0.63%  10.1 2285s
 5362941 3478288 -122727.63  129   36 -122418.00 -123191.47  0.63%  10.1 2290s
 5372819 3485544 -122515.37  198   26 -122418.00 -123191.47  0.63%  10.1 2295s
 5383492 3493278 -122704.11  146   30 -122418.00 -123191.47  0.63%  10.1 2300s
 5392778 3499821 -122603.76  128   38 -122418.00 -123191.47  0.63%  10.1 2305s
 5402030 3506529 -123041.83  113   54 -122418.00 -123191.47  0.63%  10.1 2310s
 5411700 3513735 -122434.68  105   53 -122418.00 -123191.47  0.63%  10.2 2315s
 5421386 3520725 -123184.70   96   72 -122418.00 -123191.47  0.63%  10.2 2320s
 5432586 3528920 -122421.81  130   31 -122418.00 -123191.47  0.63%  10.2 2325s
 5442282 3535884 -123107.29  112   51 -122418.00 -123191.47  0.63%  10.2 2330s
 5450738 3541637 -122484.91  145   29 -122418.00 -123191.47  0.63%  10.2 2335s
 5460521 3548919 -123191.47   85   89 -122418.00 -123191.47  0.63%  10.2 2340s
 5470456 3556234 -122535.71  153   31 -122418.00 -123191.47  0.63%  10.2 2345s
 5481100 3564174 -123012.72   97   64 -122418.00 -123191.47  0.63%  10.2 2350s
 5490610 3571263 -123090.07   97   58 -122418.00 -123191.47  0.63%  10.2 2355s
 5500912 3578835 -122641.85  136   31 -122418.00 -123191.47  0.63%  10.2 2360s
 5510193 3586062 -123191.47   89   71 -122418.00 -123191.47  0.63%  10.2 2365s
 5519958 3592308 -123021.06   96   70 -122418.00 -123191.47  0.63%  10.3 2370s
 5528611 3598643 -123157.34  103   70 -122418.00 -123191.47  0.63%  10.3 2375s
 5539992 3606608 -122773.70   96   59 -122418.00 -123191.47  0.63%  10.3 2380s
 5551393 3614366 -122434.77  189   31 -122418.00 -123191.47  0.63%  10.3 2385s
 5561826 3622131 -122502.76  153   27 -122418.00 -123191.47  0.63%  10.3 2390s
 5570938 3628701 -123140.07   91   58 -122418.00 -123191.47  0.63%  10.3 2395s
 5583718 3637390 -122717.15  132   28 -122418.00 -123191.47  0.63%  10.3 2400s
 5594047 3644657 -122441.42  113   39 -122418.00 -123191.47  0.63%  10.3 2405s
 5604705 3652505 -122634.67  157   29 -122418.00 -123191.47  0.63%  10.3 2410s
 5614139 3659347 -122925.77  112   63 -122418.00 -123191.47  0.63%  10.3 2415s
 5624447 3666680 -123097.04  111   60 -122418.00 -123191.47  0.63%  10.3 2420s
 5634007 3673768 -122466.45  205   25 -122418.00 -123191.47  0.63%  10.3 2425s
 5644418 3681493 -123071.58  110   49 -122418.00 -123191.47  0.63%  10.3 2430s
 5654409 3689164 -122624.30  145   32 -122418.00 -123191.47  0.63%  10.3 2435s
 5663405 3695386 -122852.64  127   44 -122418.00 -123191.47  0.63%  10.3 2440s
 5672035 3702087 -122591.00  115   41 -122418.00 -123191.47  0.63%  10.4 2445s
 5680660 3708454 -122765.41  112   53 -122418.00 -123191.47  0.63%  10.4 2450s
 5691553 3716403 -122424.55  135   32 -122418.00 -123191.47  0.63%  10.4 2455s
 5701357 3723174 -122666.68  153   29 -122418.00 -123191.47  0.63%  10.4 2460s
 5711757 3730903 -122668.41  101   42 -122418.00 -123191.47  0.63%  10.4 2465s
 5721955 3738443 -122427.06  168   31 -122418.00 -123191.47  0.63%  10.4 2470s
 5732390 3745615 -123191.47   83   89 -122418.00 -123191.47  0.63%  10.4 2475s
 5744164 3753983     cutoff  112      -122418.00 -123191.47  0.63%  10.4 2480s
 5754011 3760894 -123191.47   85   81 -122418.00 -123191.47  0.63%  10.4 2485s
 5764151 3768422 -122602.50  152   33 -122418.00 -123191.47  0.63%  10.4 2490s
 5774968 3776091 -123143.77   96   71 -122418.00 -123191.47  0.63%  10.4 2495s
 5785917 3783830 -123058.88   92   59 -122418.00 -123191.47  0.63%  10.4 2500s
 5795249 3790932 -122711.41   89   53 -122418.00 -123191.47  0.63%  10.4 2505s
 5805551 3797907 -122825.08  129   32 -122418.00 -123191.47  0.63%  10.4 2510s
 5815040 3804637 -123040.68  107   46 -122418.00 -123191.47  0.63%  10.4 2515s
 5824208 3810844 -123130.19  110   58 -122418.00 -123191.47  0.63%  10.5 2520s
 5834314 3818225 -122838.94   98   60 -122418.00 -123191.47  0.63%  10.5 2525s
H5838546 3699943                    -122433.0000 -123191.47  0.62%  10.5 2528s
 5841291 3702187 -123191.47   96   75 -122433.00 -123191.47  0.62%  10.5 2530s
 5851153 3708791 -122889.63  102   36 -122433.00 -123191.47  0.62%  10.5 2535s
 5858878 3716585     cutoff  191      -122433.00 -123191.47  0.62%  10.5 2541s
 5869221 3722772 -123067.38  108   54 -122433.00 -123191.47  0.62%  10.5 2545s
 5879643 3729416 -122923.03   93   84 -122433.00 -123191.47  0.62%  10.5 2550s
 5890297 3737024 -122613.79  141   37 -122433.00 -123191.47  0.62%  10.5 2555s
 5900626 3744026 -122787.60  169   30 -122433.00 -123191.47  0.62%  10.5 2560s
 5908282 3749954 -123191.47   96   77 -122433.00 -123191.47  0.62%  10.5 2565s
 5917972 3756895 -122441.98  176   26 -122433.00 -123191.47  0.62%  10.5 2570s
 5927431 3763502 -123191.47   92   80 -122433.00 -123191.47  0.62%  10.5 2575s
 5935614 3769368 -122644.41  130   31 -122433.00 -123191.47  0.62%  10.5 2580s
 5947325 3778074 -122743.30  123   29 -122433.00 -123191.47  0.62%  10.5 2585s
H5954772 3213850                    -122504.0000 -123191.47  0.56%  10.6 2590s
 5963773 3220441 -123097.24  111   45 -122504.00 -123191.47  0.56%  10.6 2595s
 5973642 3227367 -123114.32  100   73 -122504.00 -123191.47  0.56%  10.6 2600s
 5982953 3233010 -123123.28   96   81 -122504.00 -123191.47  0.56%  10.6 2605s
 5993492 3240585 -122803.16  117   39 -122504.00 -123191.47  0.56%  10.6 2610s
 6003113 3247183 -123053.68   97   76 -122504.00 -123191.47  0.56%  10.6 2615s
 6013117 3254123 -122985.67  108   54 -122504.00 -123191.47  0.56%  10.6 2620s
 6023374 3261328 -123030.37  110   62 -122504.00 -123191.47  0.56%  10.6 2625s
 6034716 3269052 -123157.34  100   71 -122504.00 -123191.47  0.56%  10.6 2630s
 6044244 3276048     cutoff  165      -122504.00 -123191.47  0.56%  10.6 2635s
 6053765 3282517 -122548.62  133   30 -122504.00 -123191.47  0.56%  10.6 2640s
 6064213 3289591 -123191.47   99   66 -122504.00 -123191.47  0.56%  10.6 2645s
 6073643 3296869 -123066.00   97   57 -122504.00 -123191.47  0.56%  10.6 2650s
 6084145 3303650 -123191.47   97   74 -122504.00 -123191.47  0.56%  10.6 2655s
 6093238 3310155 -122605.60  103   67 -122504.00 -123191.47  0.56%  10.6 2660s
 6103550 3316837 -123180.82   85   71 -122504.00 -123191.47  0.56%  10.6 2665s
 6112497 3323428     cutoff  112      -122504.00 -123191.47  0.56%  10.6 2670s
 6122740 3330570 -122843.81  102   72 -122504.00 -123191.47  0.56%  10.6 2675s
 6132648 3337245 -122512.82  184   27 -122504.00 -123191.47  0.56%  10.6 2680s
 6143040 3345111 -123080.63  113   49 -122504.00 -123191.47  0.56%  10.6 2685s
 6152989 3352100 -122906.42  118   43 -122504.00 -123191.47  0.56%  10.7 2690s
 6162908 3359271 -123191.47   93   80 -122504.00 -123191.47  0.56%  10.7 2695s
 6173435 3366621 -122871.93  124   45 -122504.00 -123191.47  0.56%  10.7 2700s
 6184404 3374149 -122559.31  111   34 -122504.00 -123191.47  0.56%  10.7 2705s
 6193510 3380662 -122512.40  138   32 -122504.00 -123191.47  0.56%  10.7 2710s
 6205044 3388447 -122648.50  165   36 -122504.00 -123191.47  0.56%  10.7 2715s
 6215627 3395658 -122513.69  148   32 -122504.00 -123191.47  0.56%  10.7 2720s
 6227547 3403718 -122849.53  107   42 -122504.00 -123191.47  0.56%  10.7 2725s
H6228111 3372480                    -122508.0000 -123191.47  0.56%  10.7 2726s
 6235584 3377843 -122761.67  116   30 -122508.00 -123191.47  0.56%  10.7 2730s
 6246928 3385542     cutoff  110      -122508.00 -123191.47  0.56%  10.7 2735s
 6258051 3392958 -122987.91  116   61 -122508.00 -123191.47  0.56%  10.7 2740s
 6266864 3398910 -122647.83  123   45 -122508.00 -123191.47  0.56%  10.7 2745s
 6278023 3406450 -123125.76   92   77 -122508.00 -123191.47  0.56%  10.7 2750s
 6287047 3413096 -122783.84  107   76 -122508.00 -123191.47  0.56%  10.7 2755s
 6295595 3418677 -122715.31  168   30 -122508.00 -123191.47  0.56%  10.7 2760s
 6304278 3424491 -122995.33   96   70 -122508.00 -123191.47  0.56%  10.7 2765s
 6314780 3431916 -122928.65  125   34 -122508.00 -123191.47  0.56%  10.7 2770s
 6324124 3438459     cutoff  106      -122508.00 -123191.47  0.56%  10.7 2775s
 6334487 3445547     cutoff  141      -122508.00 -123191.47  0.56%  10.7 2780s
 6345209 3452995 -123150.47  103   55 -122508.00 -123191.47  0.56%  10.7 2785s
 6355380 3459934 -122930.31   96   73 -122508.00 -123191.47  0.56%  10.7 2790s
 6363962 3467861 -122704.84  102   71 -122508.00 -123191.47  0.56%  10.7 2795s
 6374655 3473110 -122649.90  135   28 -122508.00 -123191.47  0.56%  10.7 2800s
 6385195 3479766 -122515.09  135   29 -122508.00 -123191.47  0.56%  10.7 2805s
 6394358 3486526 -122524.28  146   27 -122508.00 -123191.47  0.56%  10.8 2810s
 6405108 3494103 -122545.52  135   30 -122508.00 -123191.47  0.56%  10.8 2815s
 6415295 3500903 -122864.79  116   52 -122508.00 -123191.47  0.56%  10.8 2820s
 6424468 3507869     cutoff  252      -122508.00 -123191.47  0.56%  10.8 2825s
 6434819 3515326 -123174.92   92   59 -122508.00 -123191.47  0.56%  10.8 2830s
 6446021 3523248 -122914.77  119   48 -122508.00 -123191.47  0.56%  10.8 2835s
 6455791 3530416 -122583.15  140   28 -122508.00 -123191.47  0.56%  10.8 2840s
 6466655 3538086 -123037.16  111   57 -122508.00 -123191.47  0.56%  10.8 2845s
 6475985 3544880 -122769.38  117   60 -122508.00 -123191.47  0.56%  10.8 2850s
 6485400 3551505 -122749.70  132   34 -122508.00 -123191.47  0.56%  10.8 2855s
 6495171 3558090 -123148.23  107   75 -122508.00 -123191.47  0.56%  10.8 2860s
 6501368 3564500 -122555.81  128   37 -122508.00 -123191.47  0.56%  10.8 2865s
 6512580 3570273 -123058.52  118   51 -122508.00 -123191.47  0.56%  10.8 2870s
 6522797 3577720 -123100.05   96   87 -122508.00 -123191.47  0.56%  10.8 2875s
 6532107 3583839 -122783.43  145   33 -122508.00 -123191.47  0.56%  10.8 2880s
 6539704 3589570 -122935.66  112   56 -122508.00 -123191.47  0.56%  10.8 2885s
 6550005 3596862 -122730.14  118   45 -122508.00 -123191.47  0.56%  10.8 2890s
 6558286 3602665 -123155.34   99   58 -122508.00 -123191.47  0.56%  10.8 2895s
 6569461 3610391 -123191.47   96   88 -122508.00 -123191.47  0.56%  10.8 2900s
 6578294 3616706 -123191.47   86   90 -122508.00 -123191.47  0.56%  10.8 2905s
 6587718 3623758 -122596.00  126   30 -122508.00 -123191.47  0.56%  10.8 2910s
 6596957 3630505 -122575.78  116   30 -122508.00 -123191.47  0.56%  10.8 2915s
 6606684 3637270 -123050.46   91   66 -122508.00 -123191.47  0.56%  10.9 2920s
 6617223 3644294 -123191.47   91   85 -122508.00 -123191.47  0.56%  10.9 2925s
 6626871 3650880 -122723.39  111   41 -122508.00 -123191.47  0.56%  10.9 2930s
 6636685 3657573 -122527.24  121   32 -122508.00 -123191.47  0.56%  10.9 2935s
 6645802 3664219 -123032.28   96   63 -122508.00 -123191.47  0.56%  10.9 2940s
 6655775 3671285 -122623.07  187   26 -122508.00 -123191.47  0.56%  10.9 2945s
 6662770 3676092 -123101.70   96   59 -122508.00 -123191.47  0.56%  10.9 2950s
 6673043 3683225 -122638.68  110   72 -122508.00 -123191.47  0.56%  10.9 2955s
 6682087 3689435 -123156.90  107   53 -122508.00 -123191.47  0.56%  10.9 2960s
 6691804 3696142 -123168.96  103   77 -122508.00 -123191.47  0.56%  10.9 2965s
 6700856 3702473 -122799.75  138   30 -122508.00 -123191.47  0.56%  10.9 2970s
 6711131 3709452 -122681.90  189   29 -122508.00 -123191.47  0.56%  10.9 2975s
 6721483 3716666 -122680.00  100   52 -122508.00 -123191.47  0.56%  10.9 2980s
 6730435 3723213 -123191.47   94   81 -122508.00 -123191.47  0.56%  10.9 2985s
 6740201 3729591 -123121.16  110   54 -122508.00 -123191.47  0.56%  11.0 2990s
 6748628 3734532 -122678.65  104   81 -122508.00 -123191.47  0.56%  11.0 2995s
 6756920 3740497 -122655.19   89   96 -122508.00 -123191.47  0.56%  11.0 3000s
 6766120 3746782 -123189.99   93   90 -122508.00 -123191.47  0.56%  11.0 3005s
 6775140 3753178 -123186.19   86   69 -122508.00 -123191.47  0.56%  11.0 3010s
 6783690 3759152 -122570.71  147   32 -122508.00 -123191.47  0.56%  11.0 3015s
 6793533 3765894 -122549.67  110   50 -122508.00 -123191.47  0.56%  11.0 3020s
 6802751 3772787 -122995.80  112   43 -122508.00 -123191.47  0.56%  11.0 3025s
 6812373 3779436     cutoff   97      -122508.00 -123191.47  0.56%  11.0 3030s
 6822448 3786760 -123191.38  104   80 -122508.00 -123191.47  0.56%  11.0 3035s
 6832388 3792975 -123191.47   91   83 -122508.00 -123191.47  0.56%  11.0 3040s
 6841911 3799802 -122701.72  134   28 -122508.00 -123191.47  0.56%  11.0 3045s
 6852627 3807653 -123133.86  101   43 -122508.00 -123191.47  0.56%  11.0 3050s
 6862486 3814550 -122581.61  118   30 -122508.00 -123191.47  0.56%  11.0 3055s
 6873677 3822781 -122627.17  134   30 -122508.00 -123191.47  0.56%  11.0 3060s
 6885244 3830743 -123191.47   94   78 -122508.00 -123191.47  0.56%  11.0 3065s
 6896221 3838462 -122794.74  133   30 -122508.00 -123191.47  0.56%  11.0 3070s
 6906786 3845474 -123119.71   91   54 -122508.00 -123191.47  0.56%  11.0 3075s
 6916485 3852316 -122616.02  143   29 -122508.00 -123191.47  0.56%  11.0 3080s
 6928112 3860390 -122840.69   93   34 -122508.00 -123191.47  0.56%  11.0 3085s
 6938467 3867446 -123126.31  106   49 -122508.00 -123191.47  0.56%  11.0 3090s
 6948652 3874387 -122800.65  109   71 -122508.00 -123191.47  0.56%  11.0 3095s
 6957593 3880061 -122969.90  120   31 -122508.00 -123191.47  0.56%  11.0 3100s
 6967143 3886626 -122860.56  111   28 -122508.00 -123191.47  0.56%  11.0 3105s
 6974343 3894002 -122917.16  125   30 -122508.00 -123191.47  0.56%  11.1 3110s
 6988585 3901450 -122554.71  103   70 -122508.00 -123191.47  0.56%  11.1 3115s
 6997516 3907619 -122843.51  111   46 -122508.00 -123191.47  0.56%  11.1 3120s
 7006602 3916550 -122559.24  140   30 -122508.00 -123191.47  0.56%  11.1 3126s
 7017012 3923071 -122532.51  140   29 -122508.00 -123191.47  0.56%  11.1 3130s
 7027537 3928918 -122592.88  106   50 -122508.00 -123191.47  0.56%  11.1 3135s
 7037291 3935643 -122959.22  131   30 -122508.00 -123191.47  0.56%  11.1 3140s
 7046528 3941438 -123164.68   95   61 -122508.00 -123191.47  0.56%  11.1 3145s
 7055680 3948292 -122876.22  128   35 -122508.00 -123191.47  0.56%  11.1 3150s
 7066298 3955728 -123156.71  105   57 -122508.00 -123191.47  0.56%  11.1 3155s
 7076639 3962965 -123190.51   88   68 -122508.00 -123191.47  0.56%  11.1 3160s
 7086840 3969922 infeasible  176      -122508.00 -123191.47  0.56%  11.1 3165s
 7096615 3976497 -122518.99  193   26 -122508.00 -123191.47  0.56%  11.1 3170s
 7106786 3983308 -123136.04  101   60 -122508.00 -123191.47  0.56%  11.1 3175s
 7115211 3989222 -122652.99  112   30 -122508.00 -123191.47  0.56%  11.1 3180s
 7124758 3995894 -122806.71  127   29 -122508.00 -123191.47  0.56%  11.1 3185s
 7134646 4003209 -122810.00  118   48 -122508.00 -123191.47  0.56%  11.1 3190s
 7143178 4011433 -122637.12  146   29 -122508.00 -123191.47  0.56%  11.1 3196s
 7154594 4017104 -122614.36  119   31 -122508.00 -123191.47  0.56%  11.1 3200s
 7164235 4023617 -123190.49   94   93 -122508.00 -123191.47  0.56%  11.1 3205s
H7171660 3936318                    -122518.0000 -123191.47  0.55%  11.1 3210s
 7182468 3943473 -122728.25  126   28 -122518.00 -123191.47  0.55%  11.1 3215s
 7191558 3949838 -123071.68   99   60 -122518.00 -123191.47  0.55%  11.1 3220s
 7202858 3957710 -122885.31  112   38 -122518.00 -123191.47  0.55%  11.1 3225s
 7211860 3964161 -122587.18  124   30 -122518.00 -123191.47  0.55%  11.2 3230s
 7220488 3970130 -123185.93   97   70 -122518.00 -123191.47  0.55%  11.2 3235s
 7229446 3976485 -122553.16  124   43 -122518.00 -123191.47  0.55%  11.2 3240s
 7240077 3983796 -122740.58  144   28 -122518.00 -123191.47  0.55%  11.2 3245s
 7249753 3990441 -122542.38  187   29 -122518.00 -123191.47  0.55%  11.2 3250s
 7258787 3997048 -122623.00  104   53 -122518.00 -123191.47  0.55%  11.2 3255s
 7266731 4002556 -123015.68  110   62 -122518.00 -123191.47  0.55%  11.2 3260s
 7278004 4010229 -122630.68  156   30 -122518.00 -123191.47  0.55%  11.2 3265s
 7287962 4017076 -122546.94  134   30 -122518.00 -123191.47  0.55%  11.2 3270s
 7298111 4024260 -123191.47   88   63 -122518.00 -123191.47  0.55%  11.2 3275s
 7307432 4030494 -122670.20  143   33 -122518.00 -123191.47  0.55%  11.2 3280s
 7316927 4037135 -122626.54  153   29 -122518.00 -123191.47  0.55%  11.2 3285s
 7327402 4044721 -123191.47   84   96 -122518.00 -123191.47  0.55%  11.2 3290s
 7336076 4050938 -123046.80  102   34 -122518.00 -123191.47  0.55%  11.2 3295s
 7346852 4058616     cutoff  106      -122518.00 -123191.47  0.55%  11.2 3300s
 7356586 4065474 -123118.67   88   68 -122518.00 -123191.47  0.55%  11.2 3305s
 7366518 4071735 -122943.78  106   29 -122518.00 -123191.47  0.55%  11.2 3310s
 7376267 4078886 -123121.83   97   55 -122518.00 -123191.47  0.55%  11.2 3315s
 7385262 4087596 -122859.52  128   32 -122518.00 -123191.47  0.55%  11.2 3321s
 7395937 4092530 -122657.83  104   47 -122518.00 -123191.47  0.55%  11.2 3325s
 7406228 4099603 -123191.47   90   73 -122518.00 -123191.47  0.55%  11.2 3330s
 7415684 4106211 -122670.91  130   29 -122518.00 -123191.47  0.55%  11.2 3335s
 7425665 4113227 -122680.39  104   69 -122518.00 -123191.47  0.55%  11.2 3340s
 7435702 4120413 -122986.65   94   53 -122518.00 -123191.47  0.55%  11.2 3345s
 7446830 4128099 -122838.50  117   33 -122518.00 -123191.47  0.55%  11.2 3350s
 7455789 4134624 -122806.07  106   54 -122518.00 -123191.47  0.55%  11.2 3355s
 7464733 4140398 -122797.21   99   28 -122518.00 -123191.47  0.55%  11.3 3360s
 7476541 4148815 -123191.47   87   81 -122518.00 -123191.47  0.55%  11.3 3365s
 7485563 4155539 -123191.47   91   73 -122518.00 -123191.47  0.55%  11.3 3370s
 7496170 4162364 -122607.83  116   39 -122518.00 -123191.47  0.55%  11.3 3375s
 7505349 4168894     cutoff  118      -122518.00 -123191.47  0.55%  11.3 3380s
 7517400 4177371 -122682.16   95   62 -122518.00 -123191.47  0.55%  11.3 3385s
 7527542 4184447 -122974.35  107   38 -122518.00 -123191.47  0.55%  11.3 3390s
 7537484 4191585 -122792.44  109   29 -122518.00 -123191.47  0.55%  11.3 3395s
 7548620 4199577 -122841.67  129   29 -122518.00 -123191.47  0.55%  11.3 3400s
 7558544 4206265 -122640.62  129   29 -122518.00 -123191.47  0.55%  11.3 3405s
 7568825 4213410 -123183.62   94   68 -122518.00 -123191.47  0.55%  11.3 3410s
 7578568 4220035 -122595.22  126   29 -122518.00 -123191.47  0.55%  11.3 3415s
 7588576 4227163 -123117.42   97   72 -122518.00 -123191.47  0.55%  11.3 3420s
 7599259 4234498 -123071.09  103   65 -122518.00 -123191.47  0.55%  11.3 3425s
 7610446 4242508 -122540.42  114   29 -122518.00 -123191.47  0.55%  11.3 3430s
 7621893 4250021 -122759.97  151   34 -122518.00 -123191.47  0.55%  11.3 3435s
 7631631 4257038 -123107.95   88   83 -122518.00 -123191.47  0.55%  11.3 3440s
 7639945 4263017 -122618.68  143   30 -122518.00 -123191.47  0.55%  11.3 3445s
 7649905 4269930 -123191.47  108   90 -122518.00 -123191.47  0.55%  11.3 3450s
 7659627 4277521 -123132.20  104   54 -122518.00 -123191.47  0.55%  11.3 3455s
 7670267 4284926 -123099.63  101   65 -122518.00 -123191.47  0.55%  11.3 3460s
 7677118 4289899 -122534.56  132   36 -122518.00 -123191.47  0.55%  11.3 3465s
 7688278 4297862 -122558.13  158   30 -122518.00 -123191.47  0.55%  11.3 3470s
 7697663 4304191 -122626.69  107   79 -122518.00 -123191.47  0.55%  11.3 3475s
 7705217 4309602 -122751.69  138   30 -122518.00 -123191.47  0.55%  11.3 3480s
 7714856 4316041 -122549.53  139   31 -122518.00 -123191.47  0.55%  11.3 3485s
 7723856 4322190 -123005.60  100   67 -122518.00 -123191.47  0.55%  11.3 3490s
 7733403 4328985 -122991.75  116   62 -122518.00 -123191.47  0.55%  11.3 3495s
 7743140 4336154 -123168.67   96   79 -122518.00 -123191.47  0.55%  11.4 3500s
 7752209 4342348 -123082.59  119   48 -122518.00 -123191.47  0.55%  11.4 3505s
 7759922 4347748 -123037.64   78   74 -122518.00 -123191.47  0.55%  11.4 3510s
 7770117 4354816 -123067.64   90   91 -122518.00 -123191.47  0.55%  11.4 3515s
 7779655 4361513 -122604.98  155   28 -122518.00 -123191.47  0.55%  11.4 3520s
 7787983 4367142 -123025.91  106   64 -122518.00 -123191.47  0.55%  11.4 3525s
 7795546 4375177 -123191.47   81   90 -122518.00 -123191.47  0.55%  11.4 3530s
 7806031 4380273 -122726.82  130   39 -122518.00 -123191.47  0.55%  11.4 3535s
 7814890 4386585 -122867.84  136   29 -122518.00 -123191.47  0.55%  11.4 3540s
 7824369 4392921 -122593.00  132   29 -122518.00 -123191.47  0.55%  11.4 3545s
H7826576 3537149                    -122605.0000 -123191.47  0.48%  11.4 3548s
 7828280 3538654 -122792.55  140   28 -122605.00 -123191.47  0.48%  11.4 3550s
 7836861 3544328 -123167.47  105   68 -122605.00 -123191.47  0.48%  11.4 3555s
 7844099 3549758 -122898.58  150   33 -122605.00 -123191.47  0.48%  11.4 3560s
 7853269 3555709 -122971.20  120   30 -122605.00 -123191.47  0.48%  11.4 3565s
 7861210 3561629 -123084.14  105   50 -122605.00 -123191.47  0.48%  11.4 3570s
 7870565 3567891 -123136.28   93   67 -122605.00 -123191.47  0.48%  11.4 3575s
 7879330 3574110 -122832.08  146   29 -122605.00 -123191.47  0.48%  11.5 3580s
 7888851 3580457 -122684.33  116   30 -122605.00 -123191.47  0.48%  11.5 3585s
 7897518 3586894 -123091.43  106   51 -122605.00 -123191.47  0.48%  11.5 3590s
 7906591 3592945 -122625.30  147   27 -122605.00 -123191.47  0.48%  11.5 3595s
 7915833 3599164 -122618.49  151   27 -122605.00 -123191.47  0.48%  11.5 3600s

Cutting planes:
  Gomory: 12
  Lift-and-project: 2
  Cover: 499
  Clique: 602
  MIR: 14
  StrongCG: 18
  Flow cover: 89
  Zero half: 3
  RLT: 2

Explored 7916185 nodes (90828990 simplex iterations) in 3600.01 seconds (4555.67 work units)
Thread count was 4 (of 56 available processors)

Solution count 10: -122605 -122518 -122508 ... -122372

Time limit reached
Best objective -1.226050000000e+05, best bound -1.231910000000e+05, gap 0.4780%
