
Gurobi 9.5.0 (linux64) logging started Tue Mar 29 22:50:18 2022

Set parameter LogFile to value "/local_workspace/chenrui/LogFiles/MKAP/MKAP_10_100_25_5_DWcuts.log"
Gurobi Optimizer version 9.5.0 build v9.5.0rc5 (linux64)
Thread count: 56 physical cores, 56 logical processors, using up to 4 threads
Optimize a model with 610 rows, 1250 columns and 3750 nonzeros
Model fingerprint: 0x81963fe1
Variable types: 0 continuous, 1250 integer (1250 binary)
Coefficient statistics:
  Matrix range     [1e+00, 4e+03]
  Objective range  [5e+00, 1e+03]
  Bounds range     [1e+00, 1e+00]
  RHS range        [1e+00, 1e+00]
Found heuristic solution: objective 0.0000000
Presolve removed 10 rows and 5 columns
Presolve time: 0.01s
Presolved: 600 rows, 1245 columns, 3715 nonzeros
Variable types: 0 continuous, 1245 integer (1245 binary)
Found heuristic solution: objective -11248.00000

Root relaxation: objective -2.504500e+04, 1258 iterations, 0.01 seconds (0.01 work units)

    Nodes    |    Current Node    |     Objective Bounds      |     Work
 Expl Unexpl |  Obj  Depth IntInf | Incumbent    BestBd   Gap | It/Node Time

     0     0 -25045.003    0   54 -11248.000 -25045.003   123%     -    0s
H    0     0                    -22628.00000 -25045.003  10.7%     -    0s
H    0     0                    -24738.00000 -25045.003  1.24%     -    0s
     0     0 -25045.003    0   30 -24738.000 -25045.003  1.24%     -    0s
*    0     0               0    -25045.00000 -25045.000  0.00%     -    0s

Explored 1 nodes (3128 simplex iterations) in 0.09 seconds (0.06 work units)
Thread count was 4 (of 56 available processors)

Solution count 5: -25045 -24738 -22628 ... 0
No other solutions better than -25045

Optimal solution found (tolerance 1.00e-04)
Best objective -2.504500000000e+04, best bound -2.504500000000e+04, gap 0.0000%
