
Gurobi 9.5.0 (linux64) logging started Sun Apr  3 23:40:33 2022

Set parameter LogFile to value "/local_workspace/chenrui/LogFiles/MKAP/MKAP_20_100_10_3_DWcutsT1_1h.log"
Gurobi Optimizer version 9.5.0 build v9.5.0rc5 (linux64)
Thread count: 56 physical cores, 56 logical processors, using up to 4 threads
Optimize a model with 720 rows, 2200 columns and 8788 nonzeros
Model fingerprint: 0x8c34a029
Variable types: 0 continuous, 2200 integer (2200 binary)
Coefficient statistics:
  Matrix range     [1e-13, 2e+03]
  Objective range  [9e+00, 1e+03]
  Bounds range     [1e+00, 1e+00]
  RHS range        [2e-13, 1e+00]
Warning: Model contains large matrix coefficient range
         Consider reformulating model or setting NumericFocus parameter
         to avoid numerical issues.
Found heuristic solution: objective 0.0000000
Presolve time: 0.03s
Presolved: 720 rows, 2200 columns, 8741 nonzeros
Variable types: 0 continuous, 2200 integer (2200 binary)
Found heuristic solution: objective -5181.000000

Root relaxation: objective -4.243739e+04, 4414 iterations, 0.13 seconds (0.13 work units)

    Nodes    |    Current Node    |     Objective Bounds      |     Work
 Expl Unexpl |  Obj  Depth IntInf | Incumbent    BestBd   Gap | It/Node Time

     0     0 -42437.394    0  143 -5181.0000 -42437.394   719%     -    0s
H    0     0                    -38304.00000 -42437.394  10.8%     -    0s
H    0     0                    -39403.00000 -42437.394  7.70%     -    0s
H    0     0                    -39756.00000 -42437.394  6.74%     -    0s
     0     0 -42437.394    0  200 -39756.000 -42437.394  6.74%     -    0s
H    0     0                    -40362.00000 -42437.394  5.14%     -    0s
H    0     0                    -40742.00000 -42437.394  4.16%     -    0s
     0     0 -42437.394    0  154 -40742.000 -42437.394  4.16%     -    0s
H    0     0                    -40977.00000 -42437.394  3.56%     -    0s
     0     0 -42437.394    0   57 -40977.000 -42437.394  3.56%     -    0s
     0     0 -42437.394    0   59 -40977.000 -42437.394  3.56%     -    0s
     0     0 -42437.394    0  161 -40977.000 -42437.394  3.56%     -    0s
     0     0 -42437.394    0  161 -40977.000 -42437.394  3.56%     -    0s
H    0     0                    -41448.00000 -42437.394  2.39%     -    0s
     0     0 -42437.394    0  216 -41448.000 -42437.394  2.39%     -    0s
     0     0 -42437.394    0  215 -41448.000 -42437.394  2.39%     -    1s
     0     2 -42437.394    0  215 -41448.000 -42437.394  2.39%     -    1s
H   29    34                    -41585.00000 -42437.394  2.05%   271    2s
H  115   125                    -41813.00000 -42437.394  1.49%   230    2s
H  216   217                    -41820.00000 -42437.394  1.48%   229    3s
H  219   217                    -41842.00000 -42437.394  1.42%   231    3s
   526   550 -42085.149  125   92 -41842.000 -42437.244  1.42%   194    5s
H  928   828                    -41928.00000 -42437.244  1.21%   171    7s
  1113   938 -42437.244   22  119 -41928.000 -42437.244  1.21%   163   10s
H 1258   974                    -41987.00000 -42437.244  1.07%   154   11s
  3956  2200 -42424.080   61   91 -41987.000 -42437.244  1.07%  78.9   15s
  5986  3979 -42199.476  117  107 -41987.000 -42437.244  1.07%  65.2   20s
 12102  8600 -42030.513  109   84 -41987.000 -42437.244  1.07%  50.9   25s
 18242 13429 -42138.408  133   79 -41987.000 -42437.244  1.07%  49.4   30s
 20775 14698 -42436.410   32  138 -41987.000 -42437.244  1.07%  49.3   35s
 21266 14969 -42390.843   82   78 -41987.000 -42437.244  1.07%  50.1   40s
 22693 16045 -42435.203   54  137 -41987.000 -42437.244  1.07%  50.6   45s
 28512 18385 -42309.869   86   97 -41987.000 -42437.244  1.07%  49.9   50s
 31024 18783 -42275.798   97  215 -41987.000 -42437.244  1.07%  49.6   64s
 31027 18785 -42026.790  112  178 -41987.000 -42437.244  1.07%  49.6   65s
 31047 18798 -42154.837  121  216 -41987.000 -42436.933  1.07%  49.6   70s
 31058 18811 -42426.746   41  250 -41987.000 -42431.501  1.06%  50.4   75s
 31265 18960 -42418.921   61  197 -41987.000 -42428.313  1.05%  51.6   80s
 32239 19543 -42233.348  160  126 -41987.000 -42428.313  1.05%  53.6   85s
 33750 20116 -42336.436   55  227 -41987.000 -42424.320  1.04%  55.0   90s
 35649 21119 -42175.967   93  175 -41987.000 -42421.033  1.03%  58.1   95s
 37936 22078 -42050.742  159  157 -41987.000 -42417.390  1.03%  60.6  100s
 39379 22782 -42405.280   58  199 -41987.000 -42416.069  1.02%  63.0  105s
 41416 23880 -42276.797   57  198 -41987.000 -42412.214  1.01%  65.8  110s
 43663 24690 -42255.492   62  214 -41987.000 -42408.650  1.00%  68.2  115s
 46132 25781 -41987.567   67  252 -41987.000 -42406.048  1.00%  70.2  120s
 48665 26788 -42384.906   58  259 -41987.000 -42403.270  0.99%  72.1  125s
 50917 27840 -42355.943   59  242 -41987.000 -42402.281  0.99%  73.9  130s
 52879 28693 -42012.329  125  134 -41987.000 -42401.032  0.99%  75.9  135s
 55716 29849 -42122.115   86  167 -41987.000 -42399.491  0.98%  77.5  141s
 58240 30836 -42303.352   59  202 -41987.000 -42398.015  0.98%  78.0  145s
 60862 31861 -41994.867   98  154 -41987.000 -42396.628  0.98%  78.7  150s
 62888 33325 -42347.931   61  257 -41987.000 -42395.750  0.97%  79.4  156s
 65030 33974 -42181.901  102   94 -41987.000 -42394.364  0.97%  80.7  161s
 67197 34931 -42386.191   49  207 -41987.000 -42393.443  0.97%  81.3  165s
 69879 36006 -42374.056   49  237 -41987.000 -42392.698  0.97%  82.2  170s
 72241 36927 -42038.142   75  153 -41987.000 -42391.992  0.96%  83.4  176s
 73972 37679 -42341.958   60  256 -41987.000 -42391.174  0.96%  83.9  180s
 76625 38506 -42095.434   65  255 -41987.000 -42390.126  0.96%  84.7  185s
 79356 39725 -42338.962   65  257 -41987.000 -42389.386  0.96%  85.2  190s
 81815 40781 -42086.768   85  203 -41987.000 -42388.723  0.96%  85.8  195s
 84634 41739 -42100.709  135  145 -41987.000 -42388.240  0.96%  86.1  200s
 87647 42845     cutoff   84      -41987.000 -42387.558  0.95%  86.7  205s
 89811 44337 -42286.375   66  260 -41987.000 -42386.845  0.95%  87.2  210s
 92180 46035 -42046.463   87  181 -41987.000 -42386.203  0.95%  87.7  215s
 94627 47697 -42329.899   63  202 -41987.000 -42385.409  0.95%  88.2  220s
 97454 49623 -42275.305   80  159 -41987.000 -42384.359  0.95%  88.9  226s
 99677 51038 -42292.418   69  210 -41987.000 -42383.725  0.94%  89.3  230s
 101886 52443 -42007.336   57  230 -41987.000 -42383.130  0.94%  89.9  235s
 104039 54015 -42281.381   53  256 -41987.000 -42382.684  0.94%  90.6  240s
 106604 55740 -42333.301   54  225 -41987.000 -42382.123  0.94%  91.0  245s
 108902 57333 -42110.000   87  160 -41987.000 -42381.740  0.94%  91.4  250s
 111698 59395 -42108.730   76  216 -41987.000 -42381.237  0.94%  91.6  255s
 114529 61158 -42129.388   81  234 -41987.000 -42380.653  0.94%  92.2  261s
 116848 62718 -42018.595   89  220 -41987.000 -42380.112  0.94%  92.6  265s
 119460 64464 -42299.020   58  204 -41987.000 -42379.532  0.93%  92.7  270s
 121577 65574 -42377.325   58  246 -41987.000 -42379.097  0.93%  93.2  275s
 123785 67270 -41992.766   81  165 -41987.000 -42378.567  0.93%  93.6  280s
 126380 68833     cutoff   89      -41987.000 -42378.039  0.93%  93.8  285s
 129053 70536 -42008.419   67  145 -41987.000 -42377.532  0.93%  94.3  291s
 131448 72179 -42117.639   61  207 -41987.000 -42376.960  0.93%  94.7  295s
 133926 73630 -42081.242   64  230 -41987.000 -42376.616  0.93%  94.8  300s
 136096 75182 -42194.222  107  162 -41987.000 -42376.198  0.93%  95.2  306s
 138549 76624 -42075.315   82  209 -41987.000 -42375.801  0.93%  95.4  310s
 140883 78349 -42094.376   64  229 -41987.000 -42375.500  0.93%  95.6  315s
 143082 79901 -42218.392   75  198 -41987.000 -42375.093  0.92%  95.9  320s
 145192 81331 -42188.211   80  214 -41987.000 -42374.685  0.92%  96.4  325s
 147769 83244 -42066.179  116  201 -41987.000 -42374.178  0.92%  96.6  330s
 149916 84537 -42180.006   82  159 -41987.000 -42373.800  0.92%  96.7  335s
 152166 86352 -42034.549   60  250 -41987.000 -42373.441  0.92%  96.9  340s
 154647 87849     cutoff   63      -41987.000 -42373.064  0.92%  97.1  345s
 157487 89558 -42293.043   74  216 -41987.000 -42372.529  0.92%  97.4  351s
 159323 90684 -42108.920   82  262 -41987.000 -42372.283  0.92%  97.6  355s
 161841 92479 -42262.697   60  245 -41987.000 -42371.834  0.92%  97.8  360s
 164295 94198 -42014.443   91  170 -41987.000 -42371.528  0.92%  98.0  365s
 166525 95647 -42026.797   88  176 -41987.000 -42371.106  0.91%  98.3  370s
 168908 97193     cutoff   77      -41987.000 -42370.886  0.91%  98.5  375s
 171367 98950 -42284.203   63  210 -41987.000 -42370.583  0.91%  98.7  380s
 172781 99834 -42275.420   80  279 -41987.000 -42370.515  0.91%  98.9  385s
 175134 101397 -42145.817   76  188 -41987.000 -42370.115  0.91%  99.3  390s
 177668 102932 -42023.809  144  135 -41987.000 -42369.789  0.91%  99.5  396s
 180122 104480 -42058.041  112  207 -41987.000 -42369.533  0.91%   100  400s
 182276 105956 -42190.188   66  226 -41987.000 -42369.213  0.91%   100  405s
 185152 107860 -42281.217   82  243 -41987.000 -42368.774  0.91%   100  411s
 187529 109461 -42047.526  139  164 -41987.000 -42368.491  0.91%   100  415s
 190007 111233 -42272.292   67  166 -41987.000 -42368.231  0.91%   100  421s
 192417 112580 -42144.264   74  229 -41987.000 -42368.024  0.91%   100  426s
 194247 113972 -42123.190   90  147 -41987.000 -42367.723  0.91%   101  430s
 196886 115584 -42035.120  131  165 -41987.000 -42367.463  0.91%   101  435s
 199313 117024 -42140.824   66  217 -41987.000 -42367.117  0.91%   101  440s
 201914 118833 -42068.122   74  226 -41987.000 -42366.666  0.90%   101  446s
 204436 120365 -41994.685   84  160 -41987.000 -42366.280  0.90%   101  451s
 206578 121771 -42230.026   80  197 -41987.000 -42366.035  0.90%   101  456s
 208521 123059 -42033.704   73  200 -41987.000 -42365.732  0.90%   101  460s
 211443 124861 -42025.826  104  157 -41987.000 -42365.511  0.90%   101  466s
 213800 126155 -42061.658   65  222 -41987.000 -42365.212  0.90%   101  470s
 215719 127379 -42182.690   81  245 -41987.000 -42364.917  0.90%   102  475s
 217914 128782 -42033.345   68  174 -41987.000 -42364.733  0.90%   102  480s
 220278 130432 -42057.692  167  171 -41987.000 -42364.456  0.90%   102  485s
 222606 131905 -42332.950   64  279 -41987.000 -42364.171  0.90%   102  490s
 225357 133741     cutoff   69      -41987.000 -42363.884  0.90%   102  495s
 227713 135183 -42109.724   60  228 -41987.000 -42363.572  0.90%   102  500s
 229444 136347     cutoff  107      -41987.000 -42363.432  0.90%   102  505s
 232504 138268 -42260.515   73  200 -41987.000 -42363.076  0.90%   102  510s
 234806 139770 -42233.951   81  190 -41987.000 -42362.812  0.90%   102  515s
 237233 141309 -42095.019  100  162 -41987.000 -42362.608  0.89%   102  520s
 240234 143062 -42129.994   65  202 -41987.000 -42362.118  0.89%   102  526s
 242449 144534 -42096.967  108  169 -41987.000 -42361.969  0.89%   102  531s
 244592 146000 -42010.215   91  149 -41987.000 -42361.679  0.89%   103  535s
 246808 147259 -42332.759   56  234 -41987.000 -42361.436  0.89%   103  541s
 248579 148438 -42159.551   73  204 -41987.000 -42361.299  0.89%   103  545s
 251085 149962 -42039.224   92  192 -41987.000 -42361.097  0.89%   103  550s
 253367 151286 -42292.624   71  203 -41987.000 -42360.825  0.89%   103  555s
 255649 152843     cutoff  128      -41987.000 -42360.525  0.89%   103  560s
 258247 154437 -42108.414   71  200 -41987.000 -42360.184  0.89%   103  565s
 260582 155707 -42212.456   72  185 -41987.000 -42359.872  0.89%   103  570s
 262927 157254 -42037.243   87  169 -41987.000 -42359.620  0.89%   103  575s
 265543 158782 -42036.888  136  151 -41987.000 -42359.331  0.89%   103  580s
 267506 160138 -42133.749   85  197 -41987.000 -42359.138  0.89%   104  585s
 270026 161515 -42005.267   70  213 -41987.000 -42358.883  0.89%   104  590s
 272546 162925     cutoff  102      -41987.000 -42358.642  0.89%   104  595s
 274849 164415 -42052.268  100  146 -41987.000 -42358.306  0.88%   104  601s
 276861 165719 -42320.857   65  249 -41987.000 -42358.083  0.88%   104  605s
 279210 167079 -42340.530   54  261 -41987.000 -42357.827  0.88%   104  610s
 281631 168566 -42184.260   69  237 -41987.000 -42357.542  0.88%   104  615s
 284287 169980 -42192.617   73  231 -41987.000 -42357.237  0.88%   104  621s
 286710 171711     cutoff  112      -41987.000 -42356.987  0.88%   104  626s
 289100 173055 -42195.599   72  214 -41987.000 -42356.725  0.88%   104  630s
 291528 174615 -42106.077  101  194 -41987.000 -42356.491  0.88%   104  635s
 293753 175888 -42260.209   71  201 -41987.000 -42356.232  0.88%   104  640s
 295696 176872 -42101.057   74  213 -41987.000 -42356.042  0.88%   104  645s
 298353 178580 -42249.363   67  224 -41987.000 -42355.835  0.88%   104  650s
 300801 180079 -42114.155   83  158 -41987.000 -42355.536  0.88%   104  655s
 303509 181532 -41990.994   98  142 -41987.000 -42355.282  0.88%   104  660s
 305900 183070 -42216.154   67  219 -41987.000 -42355.086  0.88%   104  665s
 308391 184505 -42221.126   82  167 -41987.000 -42354.869  0.88%   104  670s
 310617 185911 -42105.758   91  164 -41987.000 -42354.590  0.88%   104  675s
 313058 187355 -42296.618   65  246 -41987.000 -42354.315  0.87%   104  680s
 315581 189023 -42169.855   83  210 -41987.000 -42354.116  0.87%   104  685s
 318097 190645 -42196.325   70  242 -41987.000 -42353.888  0.87%   104  690s
 320716 192214 -41998.600   91  164 -41987.000 -42353.679  0.87%   105  696s
 323311 193659 -42144.794   98  210 -41987.000 -42353.430  0.87%   105  700s
 325634 195231 -42062.023  122  171 -41987.000 -42353.255  0.87%   105  705s
 328061 196773 -42066.337  168  103 -41987.000 -42353.104  0.87%   105  711s
 330523 198044 -42229.915   59  252 -41987.000 -42352.898  0.87%   105  716s
 332269 199121 -42012.171   80  236 -41987.000 -42352.722  0.87%   105  720s
 334591 200667 -42294.169   80  199 -41987.000 -42352.482  0.87%   105  725s
 336933 202100 -42062.944   90  196 -41987.000 -42352.301  0.87%   105  730s
 339289 203554     cutoff   93      -41987.000 -42352.157  0.87%   105  735s
 341894 205211 -42283.860   64  260 -41987.000 -42351.916  0.87%   105  740s
 344747 207291 -42167.321   56  223 -41987.000 -42351.711  0.87%   105  746s
 347120 208431 -42054.734   75  205 -41987.000 -42351.544  0.87%   105  750s
 348839 209527 -42010.226   90  152 -41987.000 -42351.406  0.87%   105  755s
 352021 211428 -42158.100   67  217 -41987.000 -42351.097  0.87%   105  760s
 354350 212860 -42075.655   80  210 -41987.000 -42350.906  0.87%   105  765s
 356632 214324 -42114.910  104  185 -41987.000 -42350.711  0.87%   105  770s
 358765 215913 -42218.809   72  232 -41987.000 -42350.592  0.87%   105  776s
 361605 217404 -42017.315   87  192 -41987.000 -42350.427  0.87%   105  780s
 363982 218748     cutoff   85      -41987.000 -42350.166  0.86%   105  785s
 366177 220218 -41997.163  113  208 -41987.000 -42349.959  0.86%   105  790s
 368411 221639 -42032.095  133  167 -41987.000 -42349.763  0.86%   105  795s
 370916 223087 -42017.309   67  233 -41987.000 -42349.550  0.86%   105  800s
 373224 224594 -42047.701   82   81 -41987.000 -42349.421  0.86%   105  805s
 375743 226179 -42113.882   77  156 -41987.000 -42349.178  0.86%   105  810s
 377685 227230 -42046.094   92  179 -41987.000 -42349.018  0.86%   105  815s
 380162 228770 -42095.026   68  181 -41987.000 -42348.828  0.86%   105  820s
 382697 230272 -42184.284   76  192 -41987.000 -42348.596  0.86%   105  825s
 385659 232192 -42140.777   70  187 -41987.000 -42348.267  0.86%   105  831s
 387963 233482 -42326.581   67  248 -41987.000 -42348.082  0.86%   105  836s
 390257 234857 -42022.611   64  195 -41987.000 -42347.850  0.86%   105  841s
 392769 236300 -42181.772   80  200 -41987.000 -42347.666  0.86%   105  845s
 394754 237577 -42336.382   64  193 -41987.000 -42347.501  0.86%   105  850s
 397159 239123 -42086.652  103  193 -41987.000 -42347.281  0.86%   105  855s
 399495 240486     cutoff   73      -41987.000 -42347.062  0.86%   105  860s
 401960 241906     cutoff   78      -41987.000 -42346.820  0.86%   105  866s
 403850 243009 -42187.922   94  195 -41987.000 -42346.652  0.86%   106  870s
 406373 244673 -42046.996  100  232 -41987.000 -42346.511  0.86%   106  875s
 409373 246567 -42241.263   69  179 -41987.000 -42346.292  0.86%   106  881s
 411822 247902 -42255.422   68  230 -41987.000 -42346.032  0.86%   106  886s
 414253 249404 -42291.209   65  254 -41987.000 -42345.868  0.85%   106  891s
 416605 250787 -42169.236   73  196 -41987.000 -42345.719  0.85%   106  896s
 418300 252016 -42343.963   54  238 -41987.000 -42345.627  0.85%   106  900s
 420820 253537     cutoff   91      -41987.000 -42345.411  0.85%   106  905s
 423845 255297 -42032.256  109  204 -41987.000 -42345.193  0.85%   106  911s
 426415 256689 -42072.725   73  202 -41987.000 -42344.987  0.85%   106  915s
 428775 258198 -42249.963   74  236 -41987.000 -42344.754  0.85%   106  920s
 431281 259608 -42120.002   89  189 -41987.000 -42344.534  0.85%   106  925s
 434338 261375 -42152.160   95  186 -41987.000 -42344.310  0.85%   106  931s
 436594 262744 -42281.484   69  200 -41987.000 -42344.151  0.85%   106  935s
 439028 264389     cutoff   62      -41987.000 -42343.987  0.85%   106  940s
 441578 265934 -42325.242   71  247 -41987.000 -42343.827  0.85%   106  945s
 444022 267485     cutoff  101      -41987.000 -42343.660  0.85%   106  950s
 446357 269171 -42264.240   83  194 -41987.000 -42343.508  0.85%   106  956s
 448342 270358 -42106.084  105  120 -41987.000 -42343.417  0.85%   106  960s
 450973 272025     cutoff   83      -41987.000 -42343.194  0.85%   106  965s
 454146 273846 -42054.916  113  156 -41987.000 -42342.956  0.85%   106  971s
 456558 275248 -42051.823   67  189 -41987.000 -42342.750  0.85%   106  975s
 458935 276711 -42083.466   88  188 -41987.000 -42342.531  0.85%   106  980s
 461370 278180 -42146.449   86  254 -41987.000 -42342.365  0.85%   106  985s
 463388 279438 -41991.306   74  175 -41987.000 -42342.209  0.85%   106  990s
 465747 280621 -42160.087   76  192 -41987.000 -42342.035  0.85%   106  995s
 468611 282199 -42326.093   78  224 -41987.000 -42341.823  0.85%   106 1001s
 470994 283460 -42128.821   73  209 -41987.000 -42341.652  0.84%   106 1006s
 473230 284871 -42123.834   62  234 -41987.000 -42341.519  0.84%   106 1011s
 475032 286146 -42130.535   78  208 -41987.000 -42341.407  0.84%   106 1015s
 477379 287159 -42001.710   70  229 -41987.000 -42341.230  0.84%   106 1020s
 479802 288585 -42011.210   88  188 -41987.000 -42341.048  0.84%   106 1025s
 482254 289977 -42226.739   79  160 -41987.000 -42340.899  0.84%   106 1030s
 484680 291371 -42056.745  116  154 -41987.000 -42340.740  0.84%   106 1035s
 486967 292664 -42015.425   70  203 -41987.000 -42340.571  0.84%   106 1040s
 489937 294523 -42284.808   71  246 -41987.000 -42340.379  0.84%   106 1045s
 492132 295903 -42163.822   62  214 -41987.000 -42340.243  0.84%   106 1050s
 494417 297402 -42191.618   70  199 -41987.000 -42340.062  0.84%   106 1056s
 496911 298787 -42251.737   75  201 -41987.000 -42339.880  0.84%   106 1060s
 499245 300153 -42029.097   97  187 -41987.000 -42339.692  0.84%   106 1065s
 502055 301887 -41990.296   90  194 -41987.000 -42339.553  0.84%   106 1071s
 504315 303290 -42221.602   66  223 -41987.000 -42339.375  0.84%   106 1075s
 506740 304582 -42011.910  103  150 -41987.000 -42339.246  0.84%   106 1080s
 509155 306151 -42192.411   53  238 -41987.000 -42339.013  0.84%   106 1085s
 511520 307409 -42274.728   60  264 -41987.000 -42338.860  0.84%   106 1090s
 514099 309050     cutoff   84      -41987.000 -42338.687  0.84%   106 1095s
 516632 310669     cutoff   83      -41987.000 -42338.533  0.84%   106 1101s
 518661 311762 -42315.910   62  231 -41987.000 -42338.418  0.84%   106 1105s
 521318 313111 -42309.525   69  236 -41987.000 -42338.162  0.84%   106 1110s
 523552 314360 -42051.325   93  178 -41987.000 -42338.030  0.84%   106 1115s
 526057 315754 -42204.302   62  175 -41987.000 -42337.849  0.84%   106 1120s
 528622 317331 -42045.723   68  245 -41987.000 -42337.682  0.84%   106 1125s
 531056 319025 -42159.254  102  200 -41987.000 -42337.546  0.83%   106 1130s
 533657 320587 -42132.999   67  195 -41987.000 -42337.419  0.83%   106 1135s
 536525 322243 -42285.495   83  223 -41987.000 -42337.243  0.83%   106 1141s
 538332 323135     cutoff   72      -41987.000 -42337.154  0.83%   106 1145s
 540824 324639     cutoff  206      -41987.000 -42337.024  0.83%   106 1150s
 543363 325969 -42302.092   70  227 -41987.000 -42336.838  0.83%   106 1155s
 545815 327229 -42138.484   84  236 -41987.000 -42336.718  0.83%   106 1160s
 548327 328866 -42203.958  112  181 -41987.000 -42336.594  0.83%   106 1165s
 550612 330429 -42040.032   74  172 -41987.000 -42336.486  0.83%   106 1170s
 553608 332270     cutoff   67      -41987.000 -42336.259  0.83%   106 1175s
 556247 333695 -42019.471   76  146 -41987.000 -42336.029  0.83%   106 1180s
 558601 335190 -42166.993   66  220 -41987.000 -42335.877  0.83%   106 1185s
 560908 336435 -41991.627  128   91 -41987.000 -42335.780  0.83%   106 1190s
 563221 337702 -42080.283   68  154 -41987.000 -42335.613  0.83%   106 1196s
 565881 339267 -42223.768   58  222 -41987.000 -42335.429  0.83%   106 1201s
 568487 340765 -42157.148   83  248 -41987.000 -42335.327  0.83%   106 1205s
 570957 342271     cutoff   54      -41987.000 -42335.132  0.83%   106 1210s
 573094 343445 -42026.297   79  211 -41987.000 -42335.003  0.83%   106 1215s
 575497 344992 -42118.408   84  206 -41987.000 -42334.850  0.83%   106 1220s
 578235 346617 -42127.624   68  222 -41987.000 -42334.692  0.83%   106 1225s
 580777 348291 -42100.667  102  221 -41987.000 -42334.507  0.83%   106 1230s
 583226 349718 -42098.578   75  218 -41987.000 -42334.361  0.83%   106 1235s
 586107 351472 -42195.898  137  116 -41987.000 -42334.193  0.83%   106 1241s
 588475 352925 -42220.804   61  263 -41987.000 -42334.016  0.83%   106 1245s
 590848 354308 -41996.790   91  183 -41987.000 -42333.878  0.83%   106 1250s
 593274 355916 -42315.733   62  220 -41987.000 -42333.734  0.83%   106 1255s
 596349 357695 -42156.072  121  143 -41987.000 -42333.537  0.83%   106 1260s
 598696 359061 -42287.020   66  244 -41987.000 -42333.404  0.83%   106 1265s
 601305 360817 -42325.941   72  226 -41987.000 -42333.268  0.82%   106 1270s
 603895 362295 -42035.548   72  234 -41987.000 -42333.122  0.82%   106 1275s
 606198 363676 -42044.334   73  212 -41987.000 -42332.973  0.82%   106 1280s
 608894 365325 -42132.218   72  176 -41987.000 -42332.830  0.82%   106 1285s
 611310 366561 -42156.723   88  195 -41987.000 -42332.715  0.82%   106 1290s
 613527 367829     cutoff   59      -41987.000 -42332.620  0.82%   106 1295s
 616209 369390 -42222.816   69  212 -41987.000 -42332.420  0.82%   106 1300s
 618590 370688 -42209.012   85  216 -41987.000 -42332.229  0.82%   106 1305s
 621028 372074 -42297.305   70  162 -41987.000 -42332.089  0.82%   106 1310s
 623428 373679 -42076.268  136   91 -41987.000 -42331.955  0.82%   106 1315s
 625880 375141 -42023.078   52  211 -41987.000 -42331.816  0.82%   106 1320s
 629029 377101 -42061.953  102  136 -41987.000 -42331.644  0.82%   106 1325s
 631466 378666     cutoff   97      -41987.000 -42331.480  0.82%   106 1330s
 633973 380109 -41999.448   85  164 -41987.000 -42331.384  0.82%   106 1335s
 636881 381923 -42115.237  101  169 -41987.000 -42331.249  0.82%   106 1340s
 638884 383283 -42275.879   76  203 -41987.000 -42331.127  0.82%   106 1345s
 641271 384551 -42311.628   71  152 -41987.000 -42331.012  0.82%   106 1350s
 643674 386074 -42020.171   87  212 -41987.000 -42330.897  0.82%   106 1355s
 646569 387976     cutoff   79      -41987.000 -42330.681  0.82%   106 1361s
 649114 389488 -42019.164  110  127 -41987.000 -42330.548  0.82%   106 1365s
 651658 390946 -42058.562   69  191 -41987.000 -42330.408  0.82%   106 1370s
 654001 392423 -42035.624   78  127 -41987.000 -42330.275  0.82%   106 1375s
 656849 394176 -42055.888  106  175 -41987.000 -42330.122  0.82%   106 1381s
 659195 395420 -42196.901   87  181 -41987.000 -42329.966  0.82%   106 1385s
 661537 396828 -42113.094   69  194 -41987.000 -42329.875  0.82%   106 1390s
 663964 398479 -42116.215  106  157 -41987.000 -42329.757  0.82%   106 1395s
 666499 399892 -41988.235  106  174 -41987.000 -42329.604  0.82%   106 1400s
 669139 401483 -42196.498   69  231 -41987.000 -42329.483  0.82%   106 1405s
 671567 402943 -41987.877   85  194 -41987.000 -42329.356  0.82%   106 1410s
 673918 404372 -42060.363   80  177 -41987.000 -42329.208  0.82%   106 1415s
 676543 406039 -42261.269   71  232 -41987.000 -42329.099  0.81%   106 1420s
 679276 407623 -42257.375   74  204 -41987.000 -42328.924  0.81%   106 1426s
 681593 409107 -42093.221   80  157 -41987.000 -42328.780  0.81%   106 1430s
 684128 410715 -42074.514   69  181 -41987.000 -42328.695  0.81%   106 1435s
 686500 412001 -42152.485   77  196 -41987.000 -42328.561  0.81%   106 1440s
 689652 414173 -42239.509   80  152 -41987.000 -42328.375  0.81%   105 1446s
 692095 415542 -42059.345   61  203 -41987.000 -42328.263  0.81%   105 1450s
 694550 416999 -42173.093  199  129 -41987.000 -42328.126  0.81%   105 1455s
 697492 418923 -42012.165  104  174 -41987.000 -42327.998  0.81%   105 1460s
 699700 420382 -42092.816  156  152 -41987.000 -42327.835  0.81%   105 1465s
 702287 421876 -42060.797   86  156 -41987.000 -42327.721  0.81%   105 1471s
 704729 423452     cutoff   82      -41987.000 -42327.614  0.81%   105 1475s
 706883 424775     cutoff   78      -41987.000 -42327.488  0.81%   105 1480s
 709380 426293 -42131.141   71  225 -41987.000 -42327.352  0.81%   105 1485s
 711810 427834 -42028.274   76  206 -41987.000 -42327.258  0.81%   105 1490s
 714097 429154 -42067.299  126  220 -41987.000 -42327.132  0.81%   105 1495s
 717192 431084 -42065.279   90  199 -41987.000 -42326.959  0.81%   105 1500s
 719463 432502 -42245.920   72  252 -41987.000 -42326.837  0.81%   105 1505s
 722275 434253 -42221.829   75  218 -41987.000 -42326.673  0.81%   105 1510s
 724591 435653 -42153.364  109  184 -41987.000 -42326.579  0.81%   105 1515s
 727505 437079 -42001.517  140  183 -41987.000 -42326.448  0.81%   105 1520s
H728938 337093                    -42037.00000 -42326.377  0.69%   105 1523s
 729588 337573 -42041.266  114  160 -42037.000 -42326.341  0.69%   105 1525s
 731426 338586     cutoff   66      -42037.000 -42326.241  0.69%   105 1531s
 734044 339912 -42130.479   95  146 -42037.000 -42326.043  0.69%   105 1536s
 735786 340881     cutoff   91      -42037.000 -42325.908  0.69%   105 1540s
 738397 342166 -42296.324   87  176 -42037.000 -42325.747  0.69%   105 1545s
 741283 343578 -42213.448   82  231 -42037.000 -42325.503  0.69%   105 1551s
 743898 344875 -42163.163   59  201 -42037.000 -42325.299  0.69%   105 1555s
 746382 346265 -42071.520   66  208 -42037.000 -42325.114  0.69%   105 1560s
 749321 347825 -42227.876   92  186 -42037.000 -42324.944  0.68%   105 1566s
 751674 348930 -42050.784   87  170 -42037.000 -42324.784  0.68%   105 1570s
 754089 350249 -42055.073   54  218 -42037.000 -42324.613  0.68%   105 1575s
 756895 351659 -42227.513   71  236 -42037.000 -42324.433  0.68%   105 1580s
 759271 353183 -42054.782   71  222 -42037.000 -42324.303  0.68%   105 1585s
 762085 354608 -42146.381   57  225 -42037.000 -42324.141  0.68%   105 1590s
 764357 355890 -42131.722   66  255 -42037.000 -42324.020  0.68%   105 1595s
 766731 357196 -42114.340  138  157 -42037.000 -42323.879  0.68%   105 1600s
 769016 358509 -42059.841   85  191 -42037.000 -42323.758  0.68%   105 1605s
 771992 360018 -42173.716   88  246 -42037.000 -42323.573  0.68%   105 1611s
 774357 361216 -42225.101   75  202 -42037.000 -42323.442  0.68%   105 1616s
 776635 362327     cutoff   84      -42037.000 -42323.249  0.68%   105 1621s
 778305 363416 -42286.695   78  233 -42037.000 -42323.201  0.68%   105 1625s
 781483 365370 -42058.531  121  211 -42037.000 -42323.020  0.68%   105 1631s
 783845 366691     cutoff   78      -42037.000 -42322.858  0.68%   105 1635s
 786364 368342 -42318.047   69  217 -42037.000 -42322.742  0.68%   105 1640s
 788536 369596 -42063.153   98  159 -42037.000 -42322.638  0.68%   105 1646s
 791023 370911 -42257.748   71  156 -42037.000 -42322.472  0.68%   105 1651s
 793531 372191 -42107.202   99  139 -42037.000 -42322.325  0.68%   105 1656s
 795875 373321 -42288.822   85  188 -42037.000 -42322.163  0.68%   105 1661s
 797737 374425 -42191.378  104  195 -42037.000 -42322.047  0.68%   105 1665s
 800603 375823 -42149.065   94  200 -42037.000 -42321.918  0.68%   105 1670s
 802972 377202 -42253.469  102  164 -42037.000 -42321.776  0.68%   105 1675s
 805552 378552 -42082.005   95  173 -42037.000 -42321.611  0.68%   105 1680s
 808141 380120 -42120.676   93  185 -42037.000 -42321.498  0.68%   105 1685s
 810622 381572 -42098.071   63  204 -42037.000 -42321.355  0.68%   105 1690s
 812963 383045 -42168.791   75  246 -42037.000 -42321.211  0.68%   105 1695s
 815580 384398 -42040.568   76  192 -42037.000 -42321.077  0.68%   105 1700s
 817827 385672 -42167.304   71  233 -42037.000 -42320.948  0.68%   105 1705s
 820121 387198 -42195.026   62  187 -42037.000 -42320.844  0.68%   105 1710s
 823075 388782 -42070.953   71  188 -42037.000 -42320.690  0.67%   105 1715s
 825367 390215 -42149.350   67  213 -42037.000 -42320.570  0.67%   105 1720s
 827815 391460     cutoff   75      -42037.000 -42320.430  0.67%   105 1725s
 830326 393038 -42067.811   99  166 -42037.000 -42320.326  0.67%   105 1730s
 833043 394538 -42125.776  107  206 -42037.000 -42320.171  0.67%   105 1736s
 835842 396219 -42166.434   74  241 -42037.000 -42320.057  0.67%   105 1740s
 838169 397405 -42147.971   75  248 -42037.000 -42319.931  0.67%   105 1745s
 840451 398725 -42278.297   79  217 -42037.000 -42319.821  0.67%   105 1750s
 843055 400185 -42289.021   59  214 -42037.000 -42319.705  0.67%   105 1755s
 845499 401561 -42143.940   64  242 -42037.000 -42319.576  0.67%   105 1760s
 848590 403155 -42226.271   66  192 -42037.000 -42319.429  0.67%   105 1765s
 850832 404381 -42095.295  102  184 -42037.000 -42319.275  0.67%   105 1771s
 853461 405937 -42086.627  101  183 -42037.000 -42319.170  0.67%   105 1776s
 855883 407138 -42083.839   92  193 -42037.000 -42319.069  0.67%   105 1780s
 858114 408414     cutoff   73      -42037.000 -42318.951  0.67%   105 1785s
 860572 409791 -42084.478  113  132 -42037.000 -42318.839  0.67%   105 1790s
 863014 411219 -42263.723   98  177 -42037.000 -42318.710  0.67%   105 1795s
 865518 412818 -42244.910  101  164 -42037.000 -42318.622  0.67%   105 1800s
 868902 414732 -42132.996   73  246 -42037.000 -42318.511  0.67%   105 1805s
 871329 416239 -42307.856   80  144 -42037.000 -42318.385  0.67%   105 1810s
 873825 417709 -42288.469   82  185 -42037.000 -42318.307  0.67%   105 1815s
 876833 419418 -42267.471   77  212 -42037.000 -42318.182  0.67%   105 1821s
 879229 420663 -42044.728   76  109 -42037.000 -42318.083  0.67%   105 1825s
 881415 421914 -42196.026   74  193 -42037.000 -42317.970  0.67%   105 1830s
 883847 423351 -42049.543   96  163 -42037.000 -42317.843  0.67%   105 1835s
 886680 424826 -42114.100  136  155 -42037.000 -42317.695  0.67%   105 1840s
 889164 426209 -42222.395   64  235 -42037.000 -42317.578  0.67%   105 1845s
 892191 427983 -42165.402   95  204 -42037.000 -42317.386  0.67%   105 1851s
 894605 429510 -42056.504   63  188 -42037.000 -42317.317  0.67%   105 1856s
 897124 431280 -42105.262  103  189 -42037.000 -42317.202  0.67%   105 1861s
 899791 432744 -42197.729   91  206 -42037.000 -42317.077  0.67%   105 1865s
 902837 434548 -42163.633   76  204 -42037.000 -42316.986  0.67%   105 1871s
 905290 435884 -42051.623  111  111 -42037.000 -42316.891  0.67%   105 1875s
 907662 437318     cutoff   68      -42037.000 -42316.796  0.67%   105 1880s
 910701 439056 -42046.145  100  175 -42037.000 -42316.654  0.67%   105 1885s
 913065 440420 -42048.760  219  122 -42037.000 -42316.570  0.67%   105 1890s
 915439 441745 -42283.149   76  187 -42037.000 -42316.439  0.66%   105 1895s
 918563 443660 -42258.811  111  180 -42037.000 -42316.293  0.66%   105 1900s
 921166 445131     cutoff   70      -42037.000 -42316.197  0.66%   105 1905s
 923222 446488 -42050.124  120  167 -42037.000 -42316.143  0.66%   105 1910s
 926417 448256 -42171.643   67  255 -42037.000 -42315.963  0.66%   105 1915s
 929147 449782 -42057.135  115  160 -42037.000 -42315.845  0.66%   105 1921s
 931555 451243 -42130.133   86  200 -42037.000 -42315.748  0.66%   105 1925s
 933860 452645 -42233.584   68  199 -42037.000 -42315.651  0.66%   105 1930s
 936856 454338 -42179.351   98  194 -42037.000 -42315.535  0.66%   105 1935s
 939102 455627 -42130.973   86  193 -42037.000 -42315.470  0.66%   105 1940s
 941892 457365 -42093.356   77  172 -42037.000 -42315.356  0.66%   105 1945s
 944191 458812 -42291.532   69  250 -42037.000 -42315.241  0.66%   105 1950s
 946521 460338 -42060.818  100  126 -42037.000 -42315.189  0.66%   105 1955s
 949476 461953 -42099.749  128   96 -42037.000 -42315.099  0.66%   105 1960s
 951744 463358 -42071.224   85  193 -42037.000 -42315.022  0.66%   105 1965s
 955012 465278 -42103.717   59  236 -42037.000 -42314.906  0.66%   105 1970s
 957317 466781 -42161.847   98  124 -42037.000 -42314.837  0.66%   105 1975s
 960076 468323 -42040.905   96  165 -42037.000 -42314.696  0.66%   105 1980s
 962754 469871 -42211.379   71  238 -42037.000 -42314.566  0.66%   105 1985s
 964932 471204 -42156.201   82  229 -42037.000 -42314.467  0.66%   105 1990s
 967982 472873 -42122.733  117  144 -42037.000 -42314.355  0.66%   105 1995s
 970646 474416 -42134.131   77  199 -42037.000 -42314.228  0.66%   105 2001s
 972751 475756 -42044.939   67  215 -42037.000 -42314.154  0.66%   105 2006s
 975292 477274 -42052.925   68  229 -42037.000 -42314.055  0.66%   105 2011s
 977711 478792 -42139.295   73  225 -42037.000 -42313.924  0.66%   105 2016s
 979830 479912 -42099.020   85  211 -42037.000 -42313.857  0.66%   105 2020s
 982479 481438 -42123.808   64  217 -42037.000 -42313.760  0.66%   105 2025s
 985505 483329 -42179.505   84  151 -42037.000 -42313.670  0.66%   105 2030s
 988054 484865 -42175.121   69  199 -42037.000 -42313.592  0.66%   105 2035s
 990387 486247 -42041.811   73  141 -42037.000 -42313.483  0.66%   105 2040s
 993469 487980 -42294.118   66  226 -42037.000 -42313.375  0.66%   105 2046s
 995809 489515 -42131.743   94  184 -42037.000 -42313.296  0.66%   105 2050s
 998221 490722 -42152.003  111  142 -42037.000 -42313.224  0.66%   105 2055s
 1000524 492298     cutoff  110      -42037.000 -42313.135  0.66%   105 2060s
 1003171 493626 -42302.484   66  226 -42037.000 -42313.031  0.66%   105 2065s
 1006009 495355 -42156.165   86  164 -42037.000 -42312.928  0.66%   105 2070s
 1008293 496819 -42199.761   68  202 -42037.000 -42312.842  0.66%   105 2075s
 1010584 498255 -42084.259   81  264 -42037.000 -42312.767  0.66%   105 2080s
 1013163 499722 -42066.283   69  203 -42037.000 -42312.669  0.66%   105 2085s
 1015701 501161 -42118.468  100  195 -42037.000 -42312.580  0.66%   105 2090s
 1018456 502907     cutoff   73      -42037.000 -42312.498  0.66%   105 2095s
 1021017 504255 -42207.776   79  172 -42037.000 -42312.386  0.66%   105 2100s
 1023836 505977 -42298.692   79  197 -42037.000 -42312.318  0.65%   105 2106s
 1026207 507396 -42192.497  100  173 -42037.000 -42312.237  0.65%   105 2110s
 1028737 508892     cutoff   82      -42037.000 -42312.159  0.65%   105 2115s
 1031474 510462 -42156.191  109  163 -42037.000 -42312.083  0.65%   105 2120s
 1034177 511958 -42280.097   86  157 -42037.000 -42311.952  0.65%   105 2125s
 1036596 513308 -42108.969  102  151 -42037.000 -42311.851  0.65%   105 2130s
 1039023 514465 -42051.412   77  213 -42037.000 -42311.740  0.65%   105 2135s
 1041190 515748 -42288.009   69  195 -42037.000 -42311.661  0.65%   105 2140s
 1043751 517154 -42203.323   91  186 -42037.000 -42311.563  0.65%   105 2145s
 1046823 518828 -42299.200   80  171 -42037.000 -42311.446  0.65%   105 2150s
 1049050 519954 -42242.163   81  163 -42037.000 -42311.335  0.65%   105 2155s
 1051239 521140 -42118.949   96  150 -42037.000 -42311.242  0.65%   105 2160s
H1052001 419258                    -42073.00000 -42311.231  0.57%   105 2161s
H1052741 375871                    -42088.00000 -42311.197  0.53%   105 2163s
H1053359 362569                    -42093.00000 -42311.184  0.52%   105 2164s
 1053631 362842     cutoff   99      -42093.000 -42311.171  0.52%   105 2165s
 1055758 364015 -42107.981   73  238 -42093.000 -42311.034  0.52%   105 2170s
 1058069 365216 -42102.210   75  232 -42093.000 -42310.939  0.52%   105 2175s
 1060546 366389     cutoff   73      -42093.000 -42310.848  0.52%   105 2180s
 1062999 367456 -42253.740   77  215 -42093.000 -42310.745  0.52%   105 2185s
 1065296 368677 -42298.833   85  216 -42093.000 -42310.660  0.52%   105 2190s
 1067726 369938 -42207.704   63  193 -42093.000 -42310.577  0.52%   105 2195s
 1070764 371592 -42208.218   90   87 -42093.000 -42310.432  0.52%   105 2201s
 1073168 372964 -42183.533   80  159 -42093.000 -42310.334  0.52%   105 2205s
 1075612 374126 -42129.981  151  189 -42093.000 -42310.236  0.52%   105 2210s
 1078654 375705 -42301.344   78  176 -42093.000 -42310.076  0.52%   105 2215s
 1080860 376800 -42208.758   73  171 -42093.000 -42309.963  0.52%   105 2220s
 1083782 378332 -42280.690   80  159 -42093.000 -42309.844  0.52%   105 2226s
 1086036 379292 -42179.371   64  233 -42093.000 -42309.698  0.51%   105 2230s
 1088447 380507 -42161.913   93  201 -42093.000 -42309.621  0.51%   105 2235s
 1091148 381883     cutoff   92      -42093.000 -42309.504  0.51%   105 2241s
 1093613 383169 -42203.547   80  162 -42093.000 -42309.407  0.51%   105 2245s
 1095923 384347 -42103.208   90  171 -42093.000 -42309.292  0.51%   105 2250s
 1098271 385482 -42198.331   80  204 -42093.000 -42309.215  0.51%   105 2255s
 1100525 386544 -42164.898   77  177 -42093.000 -42309.123  0.51%   105 2260s
 1102938 387775     cutoff   86      -42093.000 -42309.005  0.51%   105 2265s
 1105934 389252 -42129.749   75  173 -42093.000 -42308.868  0.51%   105 2271s
 1108337 390376 -42105.945   95  175 -42093.000 -42308.775  0.51%   105 2275s
 1110585 391435     cutoff   90      -42093.000 -42308.667  0.51%   105 2280s
 1113018 392444 -42210.650   79  161 -42093.000 -42308.518  0.51%   105 2285s
 1115447 393752 -42154.217   67  189 -42093.000 -42308.415  0.51%   105 2290s
 1118496 395218 -42201.234   59  213 -42093.000 -42308.267  0.51%   105 2296s
 1120934 396494 -42109.749   91  201 -42093.000 -42308.157  0.51%   105 2300s
 1123143 397548 -42176.303   66  242 -42093.000 -42308.049  0.51%   105 2305s
 1125408 398719 -42177.644  107  173 -42093.000 -42307.944  0.51%   105 2310s
 1128302 400167 -42108.885   97  166 -42093.000 -42307.854  0.51%   105 2315s
 1130496 401280 -42112.070   78  189 -42093.000 -42307.793  0.51%   105 2320s
 1133542 402826 -42260.213   69  175 -42093.000 -42307.650  0.51%   105 2326s
 1135878 404116 -42201.866   80  154 -42093.000 -42307.555  0.51%   105 2330s
 1138206 405337 -42099.792   96  146 -42093.000 -42307.484  0.51%   105 2335s
 1140593 406555     cutoff   67      -42093.000 -42307.404  0.51%   105 2340s
 1142954 407639 -42162.113   79  134 -42093.000 -42307.296  0.51%   105 2345s
 1145938 409091 -42284.912   73  201 -42093.000 -42307.191  0.51%   105 2351s
 1148352 410426 infeasible  106      -42093.000 -42307.110  0.51%   105 2356s
 1150328 411297 -42267.227   56  235 -42093.000 -42307.047  0.51%   105 2360s
 1152733 412609 -42096.348   74  160 -42093.000 -42306.970  0.51%   105 2365s
 1155212 413819 -42265.717   68  226 -42093.000 -42306.870  0.51%   105 2370s
 1158347 415337 -42209.634  105  174 -42093.000 -42306.722  0.51%   105 2375s
 1160572 416386 -42143.927   78  195 -42093.000 -42306.631  0.51%   105 2380s
 1163463 417668     cutoff   92      -42093.000 -42306.539  0.51%   105 2385s
 1165777 418793 -42123.279   89  172 -42093.000 -42306.451  0.51%   105 2390s
 1168201 420027 -42124.044   80  182 -42093.000 -42306.378  0.51%   105 2395s
 1171016 421423 -42162.106   99  159 -42093.000 -42306.260  0.51%   105 2400s
 1173303 422381 -42183.460   78  166 -42093.000 -42306.171  0.51%   105 2405s
 1175494 423508 -42295.131   70  184 -42093.000 -42306.066  0.51%   105 2410s
 1177939 424832 -42128.297   97  169 -42093.000 -42305.977  0.51%   105 2415s
 1180298 426109 -42102.812   92  217 -42093.000 -42305.908  0.51%   105 2420s
 1183529 427658     cutoff   80      -42093.000 -42305.784  0.51%   105 2425s
 1185840 428905     cutoff  111      -42093.000 -42305.713  0.51%   105 2430s
 1187942 429935 -42273.910   71  178 -42093.000 -42305.639  0.51%   105 2435s
 1190544 431248 -42121.417  106  210 -42093.000 -42305.539  0.50%   105 2440s
 1193131 432365     cutoff   82      -42093.000 -42305.458  0.50%   105 2445s
 1195348 433454 -42293.243   72  184 -42093.000 -42305.395  0.50%   105 2450s
 1198319 434950 -42247.549   81  138 -42093.000 -42305.301  0.50%   105 2456s
 1200633 436284 -42117.190  119  164 -42093.000 -42305.221  0.50%   105 2460s
 1203142 437383 -42135.021   98  253 -42093.000 -42305.129  0.50%   105 2465s
 1205537 438515     cutoff   70      -42093.000 -42305.040  0.50%   105 2470s
 1208540 439958 -42285.165   65  257 -42093.000 -42304.912  0.50%   105 2475s
 1210305 440849 -42270.955   69  199 -42093.000 -42304.843  0.50%   105 2480s
 1213484 442353     cutoff  115      -42093.000 -42304.695  0.50%   105 2486s
 1215836 443442     cutoff   82      -42093.000 -42304.601  0.50%   105 2491s
 1218329 444673 -42163.667   89  178 -42093.000 -42304.508  0.50%   105 2495s
 1220922 445861 -42113.973   70  161 -42093.000 -42304.422  0.50%   105 2500s
 1223008 447066 -42226.457   99  124 -42093.000 -42304.367  0.50%   105 2505s
 1225241 448054     cutoff   71      -42093.000 -42304.293  0.50%   105 2510s
 1228327 449484 -42227.561   98  147 -42093.000 -42304.160  0.50%   105 2515s
 1230830 450455 -42212.228   96  172 -42093.000 -42304.070  0.50%   105 2520s
 1233107 451613 -42275.041   87  188 -42093.000 -42303.979  0.50%   105 2525s
 1235474 452680 -42095.918   98  159 -42093.000 -42303.907  0.50%   105 2530s
 1238036 454028 -42186.643  104  193 -42093.000 -42303.806  0.50%   105 2535s
 1240684 455238 -42298.034   72  115 -42093.000 -42303.709  0.50%   105 2540s
 1243350 456494 -42143.978   91  190 -42093.000 -42303.610  0.50%   105 2545s
 1245782 457808 -42196.213  137   90 -42093.000 -42303.522  0.50%   105 2550s
 1247925 458981 -42293.009   76  166 -42093.000 -42303.434  0.50%   105 2555s
 1251311 460894 -42099.998   86  191 -42093.000 -42303.357  0.50%   105 2560s
 1254268 462260 -42244.412   99  173 -42093.000 -42303.272  0.50%   105 2565s
 1256367 463384 -42287.431   92  160 -42093.000 -42303.202  0.50%   105 2570s
 1259303 464727     cutoff  112      -42093.000 -42303.119  0.50%   105 2576s
 1262017 465975     cutoff   58      -42093.000 -42303.042  0.50%   105 2580s
 1264194 466945 -42104.296   56  198 -42093.000 -42302.956  0.50%   105 2585s
 1267045 468306 -42124.726  144  137 -42093.000 -42302.871  0.50%   105 2591s
 1268861 469347     cutoff   93      -42093.000 -42302.812  0.50%   105 2595s
 1271940 470898 -42201.833   69  169 -42093.000 -42302.737  0.50%   105 2600s
 1274481 472117 -42096.417   99  154 -42093.000 -42302.653  0.50%   104 2605s
 1277321 473449 -42131.739   69  155 -42093.000 -42302.551  0.50%   104 2610s
 1279521 474461 -42226.424   85  241 -42093.000 -42302.476  0.50%   104 2615s
 1282205 475629 -42115.499   80  193 -42093.000 -42302.382  0.50%   104 2620s
 1284581 476673 -42173.497   94  184 -42093.000 -42302.291  0.50%   105 2626s
 1287142 477958 -42254.019   81  165 -42093.000 -42302.219  0.50%   105 2631s
 1289620 479164 -42191.157  108  109 -42093.000 -42302.131  0.50%   105 2635s
 1291962 480281 -42111.841  162  134 -42093.000 -42302.051  0.50%   105 2640s
 1294185 481391     cutoff  102      -42093.000 -42301.981  0.50%   105 2645s
 1296590 482722 -42189.044  111  185 -42093.000 -42301.897  0.50%   105 2650s
 1299503 484140     cutoff   83      -42093.000 -42301.801  0.50%   105 2656s
 1301923 485472 -42278.468   79  188 -42093.000 -42301.715  0.50%   105 2660s
 1304295 486535     cutoff   65      -42093.000 -42301.644  0.50%   105 2665s
 1306722 487822 -42152.752   75  145 -42093.000 -42301.547  0.50%   105 2670s
 1309173 488781 -42195.418   70  238 -42093.000 -42301.488  0.50%   105 2675s
 1311579 490108 -42260.765   62  199 -42093.000 -42301.402  0.50%   105 2680s
 1314007 491255 -42156.670   58  230 -42093.000 -42301.301  0.49%   105 2685s
 1316468 492465 -42227.947  103  206 -42093.000 -42301.232  0.49%   105 2690s
 1318753 493746     cutoff   72      -42093.000 -42301.153  0.49%   105 2695s
 1321216 494967 -42278.916   90  125 -42093.000 -42301.074  0.49%   105 2700s
 1323604 496166 -42154.108   93  106 -42093.000 -42301.008  0.49%   105 2705s
 1326780 497745 -42219.307   80  143 -42093.000 -42300.911  0.49%   105 2710s
 1328985 498792 -42243.196   72  223 -42093.000 -42300.834  0.49%   105 2715s
 1331274 499896     cutoff  137      -42093.000 -42300.754  0.49%   105 2720s
 1334377 501279 -42223.697  101  148 -42093.000 -42300.651  0.49%   105 2725s
 1336770 502446 -42278.524   79  163 -42093.000 -42300.582  0.49%   105 2730s
 1339402 503744 -42155.683  133  136 -42093.000 -42300.482  0.49%   105 2735s
 1342136 505127 -42243.570   68  189 -42093.000 -42300.391  0.49%   105 2740s
 1344489 506239 -42190.749   66  181 -42093.000 -42300.329  0.49%   105 2745s
 1346950 507472 -42156.735   89  208 -42093.000 -42300.249  0.49%   105 2750s
 1349431 508723 -42288.859   80  239 -42093.000 -42300.181  0.49%   105 2755s
 1352690 510205 -42141.445   80  206 -42093.000 -42300.077  0.49%   105 2760s
 1354903 511234 -42103.126   79  197 -42093.000 -42299.999  0.49%   105 2765s
 1357220 512408 -42133.139  105  106 -42093.000 -42299.941  0.49%   105 2770s
 1359502 513625 -42272.305   81  143 -42093.000 -42299.878  0.49%   105 2775s
 1362509 515046 -42267.695   77  184 -42093.000 -42299.764  0.49%   105 2780s
 1364840 516084     cutoff   76      -42093.000 -42299.696  0.49%   105 2785s
 1367258 517353 -42141.890   82  175 -42093.000 -42299.637  0.49%   105 2790s
 1369652 518506 -42186.344   69  241 -42093.000 -42299.574  0.49%   105 2795s
 1372754 519905 -42107.366  116  171 -42093.000 -42299.495  0.49%   104 2800s
 1375539 521291 -42276.793  100  152 -42093.000 -42299.414  0.49%   104 2806s
 1377672 522342 -42108.768  100  138 -42093.000 -42299.372  0.49%   105 2810s
 1380281 523674 -42117.139   92  187 -42093.000 -42299.296  0.49%   105 2815s
 1382557 524695 -42104.525   79  168 -42093.000 -42299.249  0.49%   105 2820s
 1384954 525792 -42255.311   94  121 -42093.000 -42299.182  0.49%   105 2825s
 1387529 527182 -42188.640   75  211 -42093.000 -42299.097  0.49%   105 2830s
 1390469 528683 -42170.414   80  168 -42093.000 -42299.003  0.49%   105 2836s
 1392947 529722 -42234.817  100  197 -42093.000 -42298.925  0.49%   104 2840s
 1395973 531063 -42245.927   89  191 -42093.000 -42298.828  0.49%   104 2846s
 1398367 532325 -42159.480   88  214 -42093.000 -42298.769  0.49%   104 2850s
 1400807 533452 -42278.342   82  177 -42093.000 -42298.711  0.49%   104 2855s
 1403195 534407     cutoff  103      -42093.000 -42298.637  0.49%   104 2860s
 1406193 535694 -42220.648   74  195 -42093.000 -42298.539  0.49%   104 2865s
 1408598 536901 -42145.697   75  206 -42093.000 -42298.461  0.49%   104 2870s
 1411103 538108 -42133.320   64  133 -42093.000 -42298.372  0.49%   104 2875s
 1413408 539114 -42125.788  120  167 -42093.000 -42298.302  0.49%   104 2880s
 1415855 540305 -42215.083   99  162 -42093.000 -42298.225  0.49%   104 2885s
 1418281 541567     cutoff   85      -42093.000 -42298.161  0.49%   104 2890s
 1421181 542846 -42131.915   83  162 -42093.000 -42298.075  0.49%   104 2895s
 1423581 544062 -42146.761  114  104 -42093.000 -42298.010  0.49%   104 2900s
 1426052 545229 -42136.153   94  201 -42093.000 -42297.920  0.49%   104 2905s
 1428933 546528 -42172.102   75  222 -42093.000 -42297.837  0.49%   104 2911s
 1431456 547776 -42283.113   73  204 -42093.000 -42297.772  0.49%   104 2915s
 1433653 548733     cutoff   70      -42093.000 -42297.709  0.49%   104 2920s
 1436599 550284 -42258.921   70  209 -42093.000 -42297.629  0.49%   104 2925s
 1439036 551560 -42132.550   79  207 -42093.000 -42297.547  0.49%   104 2930s
 1441502 552674 -42144.557   61  178 -42093.000 -42297.482  0.49%   104 2935s
 1443880 553978 -42190.009   75  252 -42093.000 -42297.401  0.49%   104 2940s
 1446385 555187 -42161.070   73  127 -42093.000 -42297.325  0.49%   104 2945s
 1449209 556652 -42224.514   89  177 -42093.000 -42297.237  0.49%   104 2951s
 1451741 557797 -42098.190   80  195 -42093.000 -42297.174  0.49%   104 2955s
 1454121 558969 -42173.686  104  131 -42093.000 -42297.116  0.48%   104 2960s
 1456214 560046 -42229.248   88  186 -42093.000 -42297.047  0.48%   104 2965s
 1459237 561467 -42294.501   80  191 -42093.000 -42296.992  0.48%   104 2971s
 1461844 562689 -42157.216   83  210 -42093.000 -42296.922  0.48%   104 2975s
 1464739 563957 -42111.413   96  155 -42093.000 -42296.856  0.48%   104 2981s
 1466817 564944 -42223.209   71  165 -42093.000 -42296.785  0.48%   104 2985s
 1469327 566157 -42192.687   81  166 -42093.000 -42296.723  0.48%   104 2990s
 1471791 567374 -42134.656   74  210 -42093.000 -42296.657  0.48%   104 2995s
 1474508 568730 -42237.976   74  127 -42093.000 -42296.591  0.48%   104 3000s
 1476957 569758 -42162.642   82  213 -42093.000 -42296.525  0.48%   104 3005s
 1479352 570880 -42137.381  102  155 -42093.000 -42296.444  0.48%   104 3010s
 1482409 572257 -42276.632   78  138 -42093.000 -42296.369  0.48%   104 3016s
 1484911 573565 -42258.873   68  162 -42093.000 -42296.286  0.48%   104 3020s
 1487441 574841     cutoff   75      -42093.000 -42296.224  0.48%   104 3025s
 1490388 576112     cutoff   90      -42093.000 -42296.148  0.48%   104 3031s
 1492509 577244 -42224.696   79  239 -42093.000 -42296.084  0.48%   104 3035s
 1494968 578511 -42226.078  116  158 -42093.000 -42296.032  0.48%   104 3040s
 1498038 579951     cutoff  104      -42093.000 -42295.958  0.48%   104 3046s
 1500381 581029 -42190.807  121  185 -42093.000 -42295.899  0.48%   104 3050s
 1503313 582383 -42134.120  116  187 -42093.000 -42295.831  0.48%   104 3056s
 1505457 583436 -42243.548   98  181 -42093.000 -42295.770  0.48%   104 3061s
 1507973 584553 -42280.825   77  202 -42093.000 -42295.694  0.48%   104 3065s
 1510611 585697 -42158.174   78  168 -42093.000 -42295.636  0.48%   104 3070s
 1513191 586999     cutoff  100      -42093.000 -42295.580  0.48%   104 3075s
 1516189 588272 -42257.439   98  173 -42093.000 -42295.492  0.48%   104 3080s
 1518684 589238 -42292.273   86  172 -42093.000 -42295.428  0.48%   104 3085s
 1521409 590690 -42146.015   89  136 -42093.000 -42295.363  0.48%   104 3090s
 1523838 591796 -42121.446   74  228 -42093.000 -42295.298  0.48%   104 3095s
 1526220 592940     cutoff   83      -42093.000 -42295.246  0.48%   104 3100s
 1529344 594295 -42283.316   67  194 -42093.000 -42295.171  0.48%   104 3105s
 1531831 595495 -42148.448   93  215 -42093.000 -42295.119  0.48%   104 3110s
 1534625 596735 -42246.577  108  166 -42093.000 -42295.045  0.48%   104 3115s
 1537073 597911 -42220.264  102  183 -42093.000 -42294.987  0.48%   104 3120s
 1539280 598993 -42233.606   85  161 -42093.000 -42294.936  0.48%   104 3125s
 1541852 600218     cutoff  106      -42093.000 -42294.858  0.48%   104 3130s
 1544263 601379 -42181.953   70  210 -42093.000 -42294.812  0.48%   104 3135s
 1547262 602805 -42102.436   80  190 -42093.000 -42294.740  0.48%   104 3140s
 1548927 603419     cutoff   66      -42093.000 -42294.714  0.48%   104 3146s
 1550890 604454 -42265.469   66  239 -42093.000 -42294.674  0.48%   104 3150s
 1553752 605702 -42149.409  123  183 -42093.000 -42294.606  0.48%   104 3155s
 1556179 606785 -42191.897   87  174 -42093.000 -42294.550  0.48%   104 3160s
 1559199 608173     cutoff   87      -42093.000 -42294.483  0.48%   104 3166s
 1561546 609167 -42211.874   63  256 -42093.000 -42294.425  0.48%   104 3170s
 1563666 610240 -42227.748   71  170 -42093.000 -42294.380  0.48%   104 3175s
 1566099 611347 -42156.019  102  189 -42093.000 -42294.323  0.48%   104 3180s
 1568510 612366 -42195.335   74  172 -42093.000 -42294.243  0.48%   104 3185s
 1571507 613874 -42157.429   76  135 -42093.000 -42294.167  0.48%   104 3191s
 1574037 614910 -42155.215   84  178 -42093.000 -42294.104  0.48%   104 3195s
 1576338 616012 -42124.856   61  172 -42093.000 -42294.047  0.48%   104 3200s
 1579449 617486     cutoff   93      -42093.000 -42293.974  0.48%   104 3205s
 1581660 618477 -42226.252   84  215 -42093.000 -42293.925  0.48%   104 3210s
 1584542 619711 -42164.800   93  139 -42093.000 -42293.864  0.48%   104 3215s
 1586906 620867 -42177.555   51  188 -42093.000 -42293.825  0.48%   104 3220s
 1589252 622205 -42096.949   87  193 -42093.000 -42293.769  0.48%   104 3225s
 1591632 623397 -42157.146  113  147 -42093.000 -42293.724  0.48%   104 3230s
 1594140 624448 -42101.441   77  154 -42093.000 -42293.665  0.48%   104 3235s
 1596574 625631 -42281.168  101  195 -42093.000 -42293.618  0.48%   104 3240s
 1599151 626964 -42252.532   90  193 -42093.000 -42293.567  0.48%   104 3245s
 1601542 628029 -42152.291   71  224 -42093.000 -42293.521  0.48%   104 3250s
 1604609 629401 -42230.464   78  231 -42093.000 -42293.455  0.48%   104 3256s
 1607131 630351 -42104.182   85  153 -42093.000 -42293.399  0.48%   104 3261s
 1609600 631425 -42150.894   63  212 -42093.000 -42293.344  0.48%   104 3265s
 1611831 632476 -42190.099   84  197 -42093.000 -42293.292  0.48%   104 3270s
 1614743 633619 -42151.940   88  163 -42093.000 -42293.223  0.48%   104 3275s
 1617086 634702 -42253.418   74  174 -42093.000 -42293.174  0.48%   104 3280s
 1620031 636205 -42099.906   85  147 -42093.000 -42293.115  0.48%   104 3286s
 1622268 637119 -42148.388  103  134 -42093.000 -42293.074  0.48%   104 3290s
 1624772 638350     cutoff   91      -42093.000 -42293.031  0.48%   104 3295s
 1627963 639811 -42237.315   61  209 -42093.000 -42292.974  0.48%   104 3300s
 1630331 640936 -42176.807   97  157 -42093.000 -42292.916  0.47%   104 3305s
 1632722 642122 -42161.857   83  207 -42093.000 -42292.859  0.47%   104 3310s
 1635214 643212 -42183.342   95  159 -42093.000 -42292.803  0.47%   104 3315s
 1637572 644388 -42169.916   90  165 -42093.000 -42292.736  0.47%   104 3320s
 1640475 645695     cutoff   96      -42093.000 -42292.677  0.47%   104 3325s
 1642957 646943 -42221.064   72  170 -42093.000 -42292.619  0.47%   104 3330s
 1645476 648365     cutoff   96      -42093.000 -42292.577  0.47%   104 3335s
 1648372 649532 -42208.045   79  232 -42093.000 -42292.519  0.47%   104 3341s
 1650555 650769 -42225.755   59  169 -42093.000 -42292.470  0.47%   104 3345s
 1652887 651781 -42244.278   82  168 -42093.000 -42292.423  0.47%   104 3350s
 1655863 653157 -42289.420   70  217 -42093.000 -42292.347  0.47%   104 3355s
 1658282 654198     cutoff  108      -42093.000 -42292.303  0.47%   104 3360s
 1661200 655557 -42134.518   66  167 -42093.000 -42292.240  0.47%   104 3365s
 1663522 656440 -42197.007   75  203 -42093.000 -42292.195  0.47%   104 3370s
 1665760 657540 -42262.973   67  180 -42093.000 -42292.145  0.47%   104 3375s
 1668390 658771 -42165.430   69  197 -42093.000 -42292.101  0.47%   104 3380s
 1670861 659695     cutoff  109      -42093.000 -42292.047  0.47%   104 3385s
 1673183 660788     cutoff  104      -42093.000 -42292.002  0.47%   104 3390s
 1676166 662118 -42190.854   76  232 -42093.000 -42291.943  0.47%   104 3395s
 1678516 663355 -42201.023  103  151 -42093.000 -42291.888  0.47%   104 3400s
 1681418 664578 -42176.478   92  152 -42093.000 -42291.828  0.47%   104 3405s
 1683641 665479 -42096.552  123  170 -42093.000 -42291.769  0.47%   104 3410s
 1685827 666618 -42144.845   97  155 -42093.000 -42291.730  0.47%   104 3415s
 1688961 668002 -42208.283   71  238 -42093.000 -42291.671  0.47%   104 3421s
 1691375 669082     cutoff   77      -42093.000 -42291.620  0.47%   104 3425s
 1693662 670193 -42268.994   75  215 -42093.000 -42291.575  0.47%   104 3430s
 1695917 671217     cutoff   99      -42093.000 -42291.537  0.47%   104 3435s
 1698903 672675 -42278.692   58  220 -42093.000 -42291.478  0.47%   104 3440s
 1701301 673727     cutoff   85      -42093.000 -42291.422  0.47%   104 3445s
 1703561 674785 -42251.702   85  184 -42093.000 -42291.383  0.47%   104 3450s
 1706720 675929 -42273.208   72  149 -42093.000 -42291.319  0.47%   104 3456s
 1709095 677052 -42136.351   97  116 -42093.000 -42291.266  0.47%   104 3460s
 1711328 678098 -42201.789  115  145 -42093.000 -42291.225  0.47%   104 3465s
 1714316 679376 -42238.560  101  173 -42093.000 -42291.159  0.47%   104 3470s
 1716809 680416 -42154.706  100  172 -42093.000 -42291.106  0.47%   104 3476s
 1719412 681472 -42259.748  108  191 -42093.000 -42291.046  0.47%   104 3480s
 1721751 682677 -42272.655   65  194 -42093.000 -42291.002  0.47%   104 3486s
 1724354 683791 -42264.445   81  167 -42093.000 -42290.954  0.47%   104 3490s
 1726745 684766 -42161.078  107  187 -42093.000 -42290.908  0.47%   104 3495s
 1729007 685678     cutoff  135      -42093.000 -42290.857  0.47%   104 3500s
 1732065 687125 -42179.273   78  196 -42093.000 -42290.791  0.47%   104 3506s
 1734513 688241 -42196.504   90  141 -42093.000 -42290.734  0.47%   104 3510s
 1736990 689222 -42278.344   67  200 -42093.000 -42290.684  0.47%   104 3515s
 1739419 690430 -42265.026   80  186 -42093.000 -42290.634  0.47%   104 3520s
 1742456 691788 -42243.570   95  137 -42093.000 -42290.573  0.47%   104 3526s
 1744760 692724     cutoff   74      -42093.000 -42290.529  0.47%   104 3530s
 1747006 693732 -42123.026   95  118 -42093.000 -42290.483  0.47%   104 3535s
 1749459 694916 -42191.673   93  148 -42093.000 -42290.438  0.47%   104 3540s
 1752152 696071 -42284.170   78  163 -42093.000 -42290.372  0.47%   104 3545s
 1755140 697362     cutoff  105      -42093.000 -42290.308  0.47%   104 3550s
 1757591 698384 -42202.798   85  194 -42093.000 -42290.256  0.47%   104 3555s
 1760122 699526     cutoff   70      -42093.000 -42290.213  0.47%   104 3560s
 1762521 700467 -42173.841   78  160 -42093.000 -42290.157  0.47%   104 3565s
 1765077 701589 -42181.585  102  166 -42093.000 -42290.103  0.47%   104 3570s
 1768066 702857     cutoff  101      -42093.000 -42290.052  0.47%   104 3576s
 1770593 703963     cutoff  124      -42093.000 -42289.996  0.47%   104 3580s
 1772919 704900 -42119.320   89  187 -42093.000 -42289.954  0.47%   104 3585s
 1775903 706295 -42195.215   93  180 -42093.000 -42289.904  0.47%   104 3590s
 1778139 707294 -42102.701   95  129 -42093.000 -42289.858  0.47%   104 3595s
 1780718 708330 -42174.593   97  130 -42093.000 -42289.807  0.47%   104 3600s

Cutting planes:
  Gomory: 21
  Cover: 355
  Clique: 79
  MIR: 315
  StrongCG: 147
  Flow cover: 239
  GUB cover: 3
  Zero half: 71
  RLT: 36

Explored 1781127 nodes (185884707 simplex iterations) in 3600.01 seconds (6373.02 work units)
Thread count was 4 (of 56 available processors)

Solution count 10: -42093 -42088 -42073 ... -41585

Time limit reached
Best objective -4.209300000000e+04, best bound -4.228900000000e+04, gap 0.4656%
