
Gurobi 9.5.0 (linux64) logging started Tue May  3 13:41:40 2022

Set parameter LogFile to value "/local_workspace/chenrui/LogFiles/MKAP/new0U_R10_M40_N100_seed3_DWcutsCT2_600.log"
Gurobi Optimizer version 9.5.0 build v9.5.0rc5 (linux64)
Thread count: 56 physical cores, 56 logical processors, using up to 4 threads
Optimize a model with 1755 rows, 4400 columns and 19521 nonzeros
Model fingerprint: 0x2c723903
Variable types: 0 continuous, 4400 integer (4400 binary)
Coefficient statistics:
  Matrix range     [1e-13, 1e+03]
  Objective range  [8e+00, 1e+03]
  Bounds range     [1e+00, 1e+00]
  RHS range        [2e-16, 1e+00]
Warning: Model contains large matrix coefficient range
         Consider reformulating model or setting NumericFocus parameter
         to avoid numerical issues.
Found heuristic solution: objective 0.0000000
Presolve removed 340 rows and 1607 columns
Presolve time: 0.05s
Presolved: 1415 rows, 2793 columns, 11921 nonzeros
Found heuristic solution: objective -15444.00000
Variable types: 0 continuous, 2793 integer (2793 binary)

Root relaxation: objective -4.389480e+04, 3782 iterations, 0.11 seconds (0.10 work units)

    Nodes    |    Current Node    |     Objective Bounds      |     Work
 Expl Unexpl |  Obj  Depth IntInf | Incumbent    BestBd   Gap | It/Node Time

     0     0 -43894.796    0  177 -15444.000 -43894.796   184%     -    0s
H    0     0                    -41391.00000 -43894.796  6.05%     -    0s
H    0     0                    -42712.00000 -43894.796  2.77%     -    0s
H    0     0                    -42886.00000 -43894.796  2.35%     -    0s
H    0     0                    -43642.00000 -43884.253  0.56%     -    0s
     0     0 -43884.253    0  169 -43642.000 -43884.253  0.56%     -    0s
H    0     0                    -43711.00000 -43884.253  0.40%     -    0s
     0     0 -43882.287    0  218 -43711.000 -43882.287  0.39%     -    0s
     0     0 -43881.225    0  216 -43711.000 -43881.225  0.39%     -    0s
     0     0 -43881.224    0  214 -43711.000 -43881.224  0.39%     -    0s
     0     0 -43880.435    0  204 -43711.000 -43880.435  0.39%     -    0s
     0     0 -43880.365    0  203 -43711.000 -43880.365  0.39%     -    0s
     0     0 -43880.311    0  192 -43711.000 -43880.311  0.39%     -    0s
     0     0 -43880.311    0  198 -43711.000 -43880.311  0.39%     -    0s
     0     0 -43880.308    0  189 -43711.000 -43880.308  0.39%     -    0s
     0     0 -43880.308    0  185 -43711.000 -43880.308  0.39%     -    0s
     0     0 -43880.308    0  156 -43711.000 -43880.308  0.39%     -    0s
     0     0 -43880.308    0  156 -43711.000 -43880.308  0.39%     -    1s
     0     0 -43880.308    0  184 -43711.000 -43880.308  0.39%     -    1s
     0     0 -43880.308    0  184 -43711.000 -43880.308  0.39%     -    1s
     0     0 -43880.308    0  178 -43711.000 -43880.308  0.39%     -    1s
     0     0 -43880.295    0  190 -43711.000 -43880.295  0.39%     -    1s
     0     0 -43880.286    0  190 -43711.000 -43880.286  0.39%     -    1s
     0     0 -43880.286    0  176 -43711.000 -43880.286  0.39%     -    1s
     0     2 -43880.286    0  176 -43711.000 -43880.286  0.39%     -    1s
H   60    64                    -43800.00000 -43874.126  0.17%   102    2s
H  759   481                    -43804.00006 -43864.137  0.14%  57.4    3s
*  773   237               4    -43863.00002 -43864.137  0.00%  56.9    3s

Cutting planes:
  Gomory: 4
  Cover: 31
  Clique: 4
  MIR: 2
  Zero half: 1

Explored 778 nodes (53850 simplex iterations) in 3.28 seconds (3.61 work units)
Thread count was 4 (of 56 available processors)

Solution count 10: -43863 -43804 -43800 ... 0

Optimal solution found (tolerance 1.00e-04)
Best objective -4.386300000000e+04, best bound -4.386400000000e+04, gap 0.0023%
