
Gurobi 9.5.0 (linux64) logging started Tue May  3 14:46:26 2022

Set parameter LogFile to value "/local_workspace/chenrui/LogFiles/MKAP/new0U_R25_M20_N100_seed9_DWcutsCT_600.log"
Gurobi Optimizer version 9.5.0 build v9.5.0rc5 (linux64)
Thread count: 56 physical cores, 56 logical processors, using up to 4 threads
Optimize a model with 1120 rows, 2500 columns and 7485 nonzeros
Model fingerprint: 0x7617fa99
Variable types: 0 continuous, 2500 integer (2500 binary)
Coefficient statistics:
  Matrix range     [1e+00, 2e+03]
  Objective range  [1e+00, 1e+03]
  Bounds range     [1e+00, 1e+00]
  RHS range        [2e-13, 1e+00]
Found heuristic solution: objective 0.0000000
Presolve removed 193 rows and 466 columns
Presolve time: 0.02s
Presolved: 927 rows, 2034 columns, 5945 nonzeros
Found heuristic solution: objective -10287.00000
Variable types: 0 continuous, 2034 integer (2034 binary)

Root relaxation: objective -3.486867e+04, 3480 iterations, 0.06 seconds (0.05 work units)

    Nodes    |    Current Node    |     Objective Bounds      |     Work
 Expl Unexpl |  Obj  Depth IntInf | Incumbent    BestBd   Gap | It/Node Time

     0     0 -34868.670    0  103 -10287.000 -34868.670   239%     -    0s
H    0     0                    -30112.00000 -34868.670  15.8%     -    0s
H    0     0                    -31208.00000 -34868.670  11.7%     -    0s
H    0     0                    -33106.00000 -34868.670  5.32%     -    0s
     0     0 -34868.670    0   60 -33106.000 -34868.670  5.32%     -    0s
H    0     0                    -33325.00000 -34868.670  4.63%     -    0s
H    0     0                    -34218.00000 -34868.670  1.90%     -    0s
H    0     0                    -34429.00000 -34868.670  1.28%     -    0s
     0     0 -34868.670    0   18 -34429.000 -34868.670  1.28%     -    0s
H    0     0                    -34771.00000 -34868.670  0.28%     -    0s
     0     0 -34868.670    0   72 -34771.000 -34868.670  0.28%     -    0s
     0     0 -34868.668    0   15 -34771.000 -34868.668  0.28%     -    0s
     0     0 -34856.746    0   35 -34771.000 -34856.746  0.25%     -    0s
     0     0 -34843.668    0    4 -34771.000 -34843.668  0.21%     -    0s

Cutting planes:
  Gomory: 1
  MIR: 1

Explored 1 nodes (5839 simplex iterations) in 0.28 seconds (0.18 work units)
Thread count was 4 (of 56 available processors)

Solution count 9: -34771 -34429 -34218 ... 0
No other solutions better than -34771

Optimal solution found (tolerance 1.00e-04)
Best objective -3.477100000000e+04, best bound -3.477100000000e+04, gap 0.0000%
