
Gurobi 9.5.0 (linux64) logging started Mon Jun 20 09:08:26 2022

Set parameter LogFile to value "/local_workspace/chenrui/LogFiles/MKAP/new0U_R5_M10_N50_seed2_DWcutsCTp2_600.log"
Gurobi Optimizer version 9.5.0 build v9.5.0rc5 (linux64)
Thread count: 56 physical cores, 56 logical processors, using up to 4 threads
Optimize a model with 299 rows, 550 columns and 3076 nonzeros
Model fingerprint: 0x1c3ecf53
Variable types: 0 continuous, 550 integer (550 binary)
Coefficient statistics:
  Matrix range     [1e-13, 2e+03]
  Objective range  [4e+01, 1e+03]
  Bounds range     [1e+00, 1e+00]
  RHS range        [1e-05, 1e+00]
Warning: Model contains large matrix coefficient range
         Consider reformulating model or setting NumericFocus parameter
         to avoid numerical issues.
Found heuristic solution: objective 0.0000000
Presolve removed 4 rows and 13 columns
Presolve time: 0.01s
Presolved: 295 rows, 537 columns, 2944 nonzeros
Variable types: 0 continuous, 537 integer (537 binary)
Found heuristic solution: objective -4609.000000

Root relaxation: objective -1.968794e+04, 951 iterations, 0.02 seconds (0.02 work units)

    Nodes    |    Current Node    |     Objective Bounds      |     Work
 Expl Unexpl |  Obj  Depth IntInf | Incumbent    BestBd   Gap | It/Node Time

     0     0 -19687.936    0  107 -4609.0000 -19687.936   327%     -    0s
H    0     0                    -17733.00000 -19687.936  11.0%     -    0s
H    0     0                    -18408.00000 -19687.936  6.95%     -    0s
H    0     0                    -19141.00001 -19687.936  2.86%     -    0s
     0     0 -19687.936    0  109 -19141.000 -19687.936  2.86%     -    0s
     0     0 -19687.936    0  112 -19141.000 -19687.936  2.86%     -    0s
     0     0 -19687.936    0  114 -19141.000 -19687.936  2.86%     -    0s
     0     0 -19687.936    0  113 -19141.000 -19687.936  2.86%     -    0s
     0     0 -19687.936    0  113 -19141.000 -19687.936  2.86%     -    0s
     0     0 -19687.936    0  109 -19141.000 -19687.936  2.86%     -    0s
     0     0 -19687.936    0  113 -19141.000 -19687.936  2.86%     -    0s
     0     0 -19687.936    0  113 -19141.000 -19687.936  2.86%     -    0s
H    0     0                    -19305.00000 -19687.936  1.98%     -    0s
H    0     0                    -19334.00000 -19687.936  1.83%     -    0s
     0     2 -19687.936    0  113 -19334.000 -19687.936  1.83%     -    0s
*  663   379              19    -19483.00003 -19683.469  1.03%  27.9    0s
 20830  4341 -19546.613   28  113 -19483.000 -19620.115  0.70%  24.8    5s

Cutting planes:
  Cover: 13
  MIR: 8
  StrongCG: 6
  Flow cover: 5

Explored 46305 nodes (975727 simplex iterations) in 9.54 seconds (12.61 work units)
Thread count was 4 (of 56 available processors)

Solution count 9: -19483 -19334 -19305 ... 0

Optimal solution found (tolerance 1.00e-04)
Best objective -1.948300000000e+04, best bound -1.948300002825e+04, gap 0.0000%
