
Gurobi 9.5.0 (linux64) logging started Sat Jun 18 19:56:34 2022

Set parameter LogFile to value "/local_workspace/chenrui/LogFiles/MKAP/new0U_R25_M20_N300_seed5_DWcutsCTp_600.log"
Gurobi Optimizer version 9.5.0 build v9.5.0rc5 (linux64)
Thread count: 56 physical cores, 56 logical processors, using up to 4 threads
Optimize a model with 1320 rows, 6500 columns and 19500 nonzeros
Model fingerprint: 0xae046c11
Variable types: 0 continuous, 6500 integer (6500 binary)
Coefficient statistics:
  Matrix range     [1e+00, 6e+03]
  Objective range  [1e+00, 1e+03]
  Bounds range     [1e+00, 1e+00]
  RHS range        [1e-05, 1e+00]
Found heuristic solution: objective 0.0000000
Presolve removed 6 rows and 171 columns
Presolve time: 0.04s
Presolved: 1314 rows, 6329 columns, 18970 nonzeros
Found heuristic solution: objective -6775.000000
Variable types: 0 continuous, 6329 integer (6329 binary)

Root relaxation: objective -1.102630e+05, 12817 iterations, 0.49 seconds (0.48 work units)

    Nodes    |    Current Node    |     Objective Bounds      |     Work
 Expl Unexpl |  Obj  Depth IntInf | Incumbent    BestBd   Gap | It/Node Time

     0     0 -110263.00    0  277 -6775.0000 -110263.00  1527%     -    0s
H    0     0                    -77786.00000 -110263.00  41.8%     -    0s
H    0     0                    -93442.00000 -110263.00  18.0%     -    0s
H    0     0                    -93935.00000 -110263.00  17.4%     -    0s
H    0     0                    -97277.00000 -110263.00  13.3%     -    0s
H    0     0                    -100349.0000 -110263.00  9.88%     -    0s
H    0     0                    -102779.0001 -110263.00  7.28%     -    0s
     0     0 -110263.00    0  189 -102779.00 -110263.00  7.28%     -    0s
H    0     0                    -109503.0001 -110263.00  0.69%     -    1s
     0     0 -110263.00    0  119 -109503.00 -110263.00  0.69%     -    1s
     0     0 -110263.00    0  164 -109503.00 -110263.00  0.69%     -    1s
H    0     0                    -109756.0000 -110263.00  0.46%     -    1s
H    0     0                    -110263.0000 -110263.00  0.00%     -    1s
     0     0 -110263.00    0  144 -110263.00 -110263.00  0.00%     -    1s

Cutting planes:
  Gomory: 15
  Lift-and-project: 1
  Cover: 120
  Clique: 365
  MIR: 11
  StrongCG: 26

Explored 1 nodes (17736 simplex iterations) in 1.32 seconds (1.13 work units)
Thread count was 4 (of 56 available processors)

Solution count 10: -110263 -109756 -109503 ... -6775
No other solutions better than -110263

Optimal solution found (tolerance 1.00e-04)
Best objective -1.102630000000e+05, best bound -1.102630000000e+05, gap 0.0000%
