
Gurobi 9.5.0 (linux64) logging started Sat Jun 18 15:42:24 2022

Set parameter LogFile to value "/local_workspace/chenrui/LogFiles/MKAP/new0U_R10_M10_N100_seed3_DWcutsCTp3_600.log"
Gurobi Optimizer version 9.5.0 build v9.5.0rc5 (linux64)
Thread count: 56 physical cores, 56 logical processors, using up to 4 threads
Optimize a model with 998 rows, 1100 columns and 10496 nonzeros
Model fingerprint: 0x3d4b0b48
Variable types: 0 continuous, 1100 integer (1100 binary)
Coefficient statistics:
  Matrix range     [1e-13, 4e+03]
  Objective range  [8e+00, 1e+03]
  Bounds range     [1e+00, 1e+00]
  RHS range        [1e-05, 1e+00]
Warning: Model contains large matrix coefficient range
         Consider reformulating model or setting NumericFocus parameter
         to avoid numerical issues.
Found heuristic solution: objective 0.0000000
Presolve removed 52 rows and 0 columns
Presolve time: 0.03s
Presolved: 946 rows, 1100 columns, 9547 nonzeros
Variable types: 0 continuous, 1100 integer (1100 binary)
Found heuristic solution: objective -5555.000000

Root relaxation: objective -4.277302e+04, 2863 iterations, 0.13 seconds (0.14 work units)

    Nodes    |    Current Node    |     Objective Bounds      |     Work
 Expl Unexpl |  Obj  Depth IntInf | Incumbent    BestBd   Gap | It/Node Time

     0     0 -42773.018    0  227 -5555.0000 -42773.018   670%     -    0s
H    0     0                    -42773.00000 -42773.018  0.00%     -    0s
     0     0 -42773.018    0  227 -42773.000 -42773.018  0.00%     -    0s

Explored 1 nodes (2869 simplex iterations) in 0.17 seconds (0.18 work units)
Thread count was 4 (of 56 available processors)

Solution count 3: -42773 -5555 0 
No other solutions better than -42773

Optimal solution found (tolerance 1.00e-04)
Best objective -4.277300000000e+04, best bound -4.277300000000e+04, gap 0.0000%
