
Gurobi 9.5.0 (linux64) logging started Mon Jun 20 11:44:36 2022

Set parameter LogFile to value "/local_workspace/chenrui/LogFiles/MKAP/new0U_R25_M10_N50_seed3_DWcutsCTp6_600.log"
Gurobi Optimizer version 9.5.0 build v9.5.0rc5 (linux64)
Thread count: 56 physical cores, 56 logical processors, using up to 4 threads
Optimize a model with 717 rows, 750 columns and 2581 nonzeros
Model fingerprint: 0x36a6201c
Variable types: 0 continuous, 750 integer (750 binary)
Coefficient statistics:
  Matrix range     [1e-13, 2e+03]
  Objective range  [3e+01, 1e+03]
  Bounds range     [1e+00, 1e+00]
  RHS range        [1e-05, 1e+00]
Warning: Model contains large matrix coefficient range
         Consider reformulating model or setting NumericFocus parameter
         to avoid numerical issues.
Found heuristic solution: objective 0.0000000
Presolve removed 341 rows and 191 columns
Presolve time: 0.01s
Presolved: 376 rows, 559 columns, 1275 nonzeros
Found heuristic solution: objective -6092.000000
Variable types: 0 continuous, 559 integer (559 binary)

Root relaxation: objective -1.402100e+04, 472 iterations, 0.00 seconds (0.00 work units)

    Nodes    |    Current Node    |     Objective Bounds      |     Work
 Expl Unexpl |  Obj  Depth IntInf | Incumbent    BestBd   Gap | It/Node Time

*    0     0               0    -14021.00000 -14021.000  0.00%     -    0s

Explored 1 nodes (472 simplex iterations) in 0.01 seconds (0.01 work units)
Thread count was 4 (of 56 available processors)

Solution count 3: -14021 -6092 0 
No other solutions better than -14021

Optimal solution found (tolerance 1.00e-04)
Best objective -1.402100000000e+04, best bound -1.402100000000e+04, gap 0.0000%
