
Gurobi 9.5.0 (linux64) logging started Fri Apr 29 22:11:02 2022

Set parameter LogFile to value "/local_workspace/chenrui/LogFiles/MKAP/new0U_R25_M10_N200_seed3_DWcutsCT4_600.log"
Gurobi Optimizer version 9.5.0 build v9.5.0rc5 (linux64)
Thread count: 56 physical cores, 56 logical processors, using up to 4 threads
Optimize a model with 3700 rows, 2250 columns and 31088 nonzeros
Model fingerprint: 0xb3861913
Variable types: 0 continuous, 2250 integer (2250 binary)
Coefficient statistics:
  Matrix range     [1e-13, 1e+04]
  Objective range  [5e+00, 1e+03]
  Bounds range     [1e+00, 1e+00]
  RHS range        [2e-16, 1e+00]
Warning: Model contains large matrix coefficient range
         Consider reformulating model or setting NumericFocus parameter
         to avoid numerical issues.
Found heuristic solution: objective 0.0000000
Presolve removed 370 rows and 206 columns
Presolve time: 0.08s
Presolved: 3330 rows, 2044 columns, 18670 nonzeros
Found heuristic solution: objective -6201.000000
Variable types: 0 continuous, 2044 integer (2044 binary)

Root relaxation: objective -4.416700e+04, 5513 iterations, 0.30 seconds (0.30 work units)

    Nodes    |    Current Node    |     Objective Bounds      |     Work
 Expl Unexpl |  Obj  Depth IntInf | Incumbent    BestBd   Gap | It/Node Time

*    0     0               0    -44167.00000 -44167.000  0.00%     -    0s

Explored 1 nodes (5513 simplex iterations) in 0.40 seconds (0.39 work units)
Thread count was 4 (of 56 available processors)

Solution count 3: -44167 -6201 0 
No other solutions better than -44167

Optimal solution found (tolerance 1.00e-04)
Best objective -4.416699999996e+04, best bound -4.416699999999e+04, gap 0.0000%
