
Gurobi 9.5.0 (linux64) logging started Fri Apr 29 20:33:22 2022

Set parameter LogFile to value "/local_workspace/chenrui/LogFiles/MKAP/new0U_R25_M20_N300_seed10_DWcuts_600.log"
Gurobi Optimizer version 9.5.0 build v9.5.0rc5 (linux64)
Thread count: 56 physical cores, 56 logical processors, using up to 4 threads
Optimize a model with 1320 rows, 6500 columns and 19500 nonzeros
Model fingerprint: 0x653b2fc9
Variable types: 0 continuous, 6500 integer (6500 binary)
Coefficient statistics:
  Matrix range     [1e+00, 7e+03]
  Objective range  [6e+00, 1e+03]
  Bounds range     [1e+00, 1e+00]
  RHS range        [2e-12, 1e+00]
Found heuristic solution: objective 0.0000000
Presolve removed 64 rows and 483 columns
Presolve time: 0.04s
Presolved: 1256 rows, 6017 columns, 17811 nonzeros
Variable types: 0 continuous, 6017 integer (6017 binary)
Found heuristic solution: objective -13886.00000

Root relaxation: objective -1.091390e+05, 9171 iterations, 0.27 seconds (0.24 work units)

    Nodes    |    Current Node    |     Objective Bounds      |     Work
 Expl Unexpl |  Obj  Depth IntInf | Incumbent    BestBd   Gap | It/Node Time

     0     0 -109139.01    0  213 -13886.000 -109139.01   686%     -    0s
H    0     0                    -88475.00000 -109139.01  23.4%     -    0s
H    0     0                    -89030.00000 -109139.01  22.6%     -    0s
H    0     0                    -99312.00000 -109139.01  9.90%     -    0s
H    0     0                    -103033.0000 -109139.01  5.93%     -    0s
     0     0 -109139.01    0  407 -103033.00 -109139.01  5.93%     -    0s
H    0     0                    -103322.0000 -109139.01  5.63%     -    0s
H    0     0                    -106308.0000 -109139.01  2.66%     -    0s
     0     0 -109139.01    0  374 -106308.00 -109139.01  2.66%     -    0s
H    0     0                    -107284.0000 -109139.01  1.73%     -    0s
     0     0 -109139.01    0  467 -107284.00 -109139.01  1.73%     -    1s
     0     0 -109139.01    0  461 -107284.00 -109139.01  1.73%     -    1s
     0     2 -109139.01    0  451 -107284.00 -109139.01  1.73%     -    1s
H  232   321                    -107599.0000 -109139.01  1.43%  86.2    3s
H  324   492                    -107618.0000 -109139.01  1.41%  78.7    4s
H  389   453                    -108524.0000 -109139.01  0.57%  78.0    4s
H  573   541                    -108569.0000 -109139.01  0.53%  69.7    4s
H  757   431                    -108827.0000 -109139.01  0.29%  66.8    5s
H 1053   396                    -108955.0000 -109139.01  0.17%  72.5    7s
H 1063   383                    -109033.0000 -109139.01  0.10%  85.2    8s
  1069   388 -109139.01   21  249 -109033.00 -109139.01  0.10%  95.8   10s
H 1422   402                    -109037.0000 -109139.01  0.09%   104   12s
  2691   578 -109043.59   77  120 -109037.00 -109139.01  0.09%   106   15s
H 2959   558                    -109084.0000 -109139.01  0.05%   105   16s
H 5786  1026                    -109087.0000 -109139.01  0.05%  90.2   18s
  6900  1086 -109139.01   58  114 -109087.00 -109139.01  0.05%  89.8   20s
H 7455   203                    -109139.0000 -109139.01  0.00%  91.6   21s

Cutting planes:
  Gomory: 16
  Cover: 147
  Clique: 117
  MIR: 11
  StrongCG: 25
  Flow cover: 32
  Zero half: 2

Explored 7456 nodes (696245 simplex iterations) in 21.87 seconds (27.77 work units)
Thread count was 4 (of 56 available processors)

Solution count 10: -109139 -109087 -109084 ... -107618
No other solutions better than -109139

Optimal solution found (tolerance 1.00e-04)
Best objective -1.091390000000e+05, best bound -1.091390000000e+05, gap 0.0000%
