
Gurobi 9.5.0 (linux64) logging started Tue May  3 19:13:51 2022

Set parameter LogFile to value "/local_workspace/chenrui/LogFiles/MKAP/new0U_R25_M30_N200_seed5_DWcutsCT5_600.log"
Gurobi Optimizer version 9.5.0 build v9.5.0rc5 (linux64)
Thread count: 56 physical cores, 56 logical processors, using up to 4 threads
Optimize a model with 11826 rows, 6750 columns and 92708 nonzeros
Model fingerprint: 0xdd883992
Variable types: 0 continuous, 6750 integer (6750 binary)
Coefficient statistics:
  Matrix range     [1e-13, 2e+04]
  Objective range  [4e+00, 1e+03]
  Bounds range     [1e+00, 1e+00]
  RHS range        [1e-16, 1e+00]
Warning: Model contains large matrix coefficient range
         Consider reformulating model or setting NumericFocus parameter
         to avoid numerical issues.
Found heuristic solution: objective 0.0000000
Presolve removed 6349 rows and 526 columns
Presolve time: 0.17s
Presolved: 5477 rows, 6224 columns, 40321 nonzeros
Found heuristic solution: objective -8851.000000
Variable types: 0 continuous, 6224 integer (6224 binary)

Root relaxation: objective -8.204433e+04, 16500 iterations, 1.35 seconds (1.23 work units)

    Nodes    |    Current Node    |     Objective Bounds      |     Work
 Expl Unexpl |  Obj  Depth IntInf | Incumbent    BestBd   Gap | It/Node Time

     0     0 -82044.333    0  263 -8851.0000 -82044.333   827%     -    1s
H    0     0                    -69961.00000 -82044.333  17.3%     -    1s
H    0     0                    -74142.00000 -82044.333  10.7%     -    1s
H    0     0                    -78500.00000 -82044.333  4.52%     -    1s
H    0     0                    -78529.00000 -82044.333  4.48%     -    1s
H    0     0                    -79022.00000 -82044.333  3.82%     -    1s
H    0     0                    -80426.00000 -81973.310  1.92%     -    2s
     0     0 -81973.310    0  333 -80426.000 -81973.310  1.92%     -    2s
H    0     0                    -80696.00000 -81973.310  1.58%     -    2s
H    0     0                    -80697.00000 -81965.712  1.57%     -    2s
     0     0 -81965.712    0  328 -80697.000 -81965.712  1.57%     -    2s
     0     0 -81965.712    0  333 -80697.000 -81965.712  1.57%     -    2s
     0     0 -81959.506    0  379 -80697.000 -81959.506  1.56%     -    3s
     0     0 -81959.506    0  377 -80697.000 -81959.506  1.56%     -    3s
     0     0 -81956.351    0  417 -80697.000 -81956.351  1.56%     -    3s
     0     0 -81956.309    0  424 -80697.000 -81956.309  1.56%     -    3s
     0     0 -81955.848    0  412 -80697.000 -81955.848  1.56%     -    3s
     0     0 -81955.552    0  421 -80697.000 -81955.552  1.56%     -    3s
     0     0 -81955.552    0  422 -80697.000 -81955.552  1.56%     -    3s
     0     0 -81954.438    0  421 -80697.000 -81954.438  1.56%     -    3s
     0     0 -81954.438    0  424 -80697.000 -81954.438  1.56%     -    3s
     0     0 -81950.308    0  361 -80697.000 -81950.308  1.55%     -    3s
     0     0 -81950.308    0  365 -80697.000 -81950.308  1.55%     -    3s
     0     0 -81950.272    0  370 -80697.000 -81950.272  1.55%     -    3s
     0     0 -81949.786    0  381 -80697.000 -81949.786  1.55%     -    3s
     0     0 -81949.245    0  415 -80697.000 -81949.245  1.55%     -    3s
     0     0 -81949.177    0  428 -80697.000 -81949.177  1.55%     -    3s
     0     0 -81949.177    0  404 -80697.000 -81949.177  1.55%     -    6s
H    0     0                    -80861.00000 -81949.177  1.35%     -    7s
     0     2 -81949.177    0  404 -80861.000 -81949.177  1.35%     -    7s
     7    12 -81929.136    3  371 -80861.000 -81930.968  1.32%   258   10s
H   29    33                    -81103.00000 -81930.968  1.02%   202   12s
H   57    62                    -81316.00000 -81930.968  0.76%   197   14s
H   58    62                    -81383.00000 -81930.968  0.67%   198   14s
    69    76 -81874.024   17  311 -81383.000 -81930.968  0.67%   199   15s
   233   229 -81527.625   52  111 -81383.000 -81930.968  0.67%   158   20s
H  269   243                    -81402.00000 -81930.968  0.65%   155   21s
H  271   235                    -81462.00000 -81930.968  0.58%   155   21s
   462   400 -81699.635   30  281 -81462.000 -81925.877  0.57%   134   25s
  1021   745 -81616.804   20  404 -81462.000 -81906.281  0.55%   121   32s
  1026   748 -81704.561   60  403 -81462.000 -81906.281  0.55%   121   35s
  1039   757 -81573.444   26  440 -81462.000 -81889.668  0.52%   119   40s
  1043   763 -81888.028   13  385 -81462.000 -81888.028  0.52%   137   51s
  1061   775 -81856.895   16  357 -81462.000 -81879.327  0.51%   140   55s
  1155   839 -81822.349   27  303 -81462.000 -81879.327  0.51%   149   60s
  1313   888 -81766.358   45  224 -81462.000 -81879.327  0.51%   159   65s
  1666   986 -81715.365   69  158 -81462.000 -81879.327  0.51%   154   70s
  2135  1219     cutoff  100      -81462.000 -81879.327  0.51%   150   75s
  2883  1548 -81694.931   45  358 -81462.000 -81868.607  0.50%   143   80s
  3548  1923 -81603.135   50  255 -81462.000 -81844.735  0.47%   141   85s
  4235  2428 -81514.088   30  415 -81462.000 -81832.780  0.46%   145   90s
  4712  2747 -81629.302   42  241 -81462.000 -81829.441  0.45%   143   95s
  5476  3264 -81562.422   64  281 -81462.000 -81825.301  0.45%   140  101s
  5937  3623 -81534.356   35  265 -81462.000 -81822.074  0.44%   139  105s
  6574  4036 -81657.218   38  295 -81462.000 -81819.631  0.44%   138  111s
  7120  4305 -81612.761   26  396 -81462.000 -81818.141  0.44%   139  115s
  7726  4684 -81720.164   22  382 -81462.000 -81815.808  0.43%   140  120s
  8380  5258 -81598.425   51  405 -81462.000 -81813.570  0.43%   141  125s
  8780  5503 -81608.989   74  395 -81462.000 -81812.677  0.43%   141  130s
  9589  6162 -81524.297   98  251 -81462.000 -81808.493  0.43%   141  136s
 10438  6819 -81645.545   40  342 -81462.000 -81805.406  0.42%   141  143s
 11026  7116 -81698.717   28  352 -81462.000 -81802.517  0.42%   141  145s
 11906  7509 -81672.348   32  252 -81462.000 -81797.585  0.41%   141  151s
*11944  7452              55    -81470.00004 -81797.585  0.40%   141  151s
 12044  7664 -81570.262   39  249 -81470.000 -81797.339  0.40%   141  155s
 12862  8311 -81514.691   31  269 -81470.000 -81793.724  0.40%   142  162s
 13395  8391 -81706.015   32  332 -81470.000 -81791.799  0.39%   142  165s
 14037  9115 -81630.424   45  277 -81470.000 -81790.422  0.39%   143  172s
 14567  9365 -81664.616   23  339 -81470.000 -81787.939  0.39%   143  176s
 15046  9574 -81572.579   50  218 -81470.000 -81786.543  0.39%   143  180s
 15967 10129 -81494.601   43  147 -81470.000 -81784.492  0.39%   144  187s
 16429 10496 -81665.606   34  337 -81470.000 -81782.650  0.38%   144  190s
 17493 11189 -81744.402   24  330 -81470.000 -81776.941  0.38%   144  198s
 18094 11566 -81669.742   30  376 -81470.000 -81775.972  0.38%   144  201s
 18679 11596 -81642.394   28  200 -81470.000 -81774.101  0.37%   144  206s
 18711 11852 -81610.476   36  225 -81470.000 -81773.978  0.37%   144  210s
 19778 12504 -81640.139   39  156 -81470.000 -81769.650  0.37%   145  217s
 20398 12842 -81583.246   53  221 -81470.000 -81768.487  0.37%   145  221s
 20970 12843 -81638.222   52  404 -81470.000 -81766.652  0.36%   145  278s
 20972 12844 -81639.434   28  262 -81470.000 -81766.652  0.36%   145  280s
 20984 12852 -81565.491   37  490 -81470.000 -81766.652  0.36%   145  285s
 20987 12854 -81524.479   54  491 -81470.000 -81766.652  0.36%   145  290s
 20991 12857 -81609.915   37  515 -81470.000 -81766.652  0.36%   145  296s
 20992 12858 -81605.159   63  514 -81470.000 -81766.652  0.36%   145  300s
 20995 12862 -81766.652   23  476 -81470.000 -81766.652  0.36%   145  311s
 20997 12864 -81766.652   24  470 -81470.000 -81766.652  0.36%   145  319s
 21000 12865 -81766.652   25  455 -81470.000 -81766.652  0.36%   145  328s
 21004 12865 -81766.652   26  466 -81470.000 -81766.652  0.36%   145  331s
 21012 12868 -81766.652   27  509 -81470.000 -81766.652  0.36%   146  335s
 21040 12878 infeasible   30      -81470.000 -81766.652  0.36%   146  340s
 21081 12892 -81766.652   38  370 -81470.000 -81766.652  0.36%   146  345s
 21153 12907 -81749.503   46  359 -81470.000 -81766.652  0.36%   146  350s
 21224 12916 -81611.505   61  177 -81470.000 -81766.652  0.36%   146  355s
 21376 12936 -81558.241   77  244 -81470.000 -81766.652  0.36%   147  360s
 21704 12996 -81698.623   51  347 -81470.000 -81766.652  0.36%   147  365s
 22021 13012 -81766.652   36  422 -81470.000 -81766.652  0.36%   147  371s
 22181 13111 -81496.176   89  186 -81470.000 -81766.652  0.36%   148  375s
 22704 13350     cutoff   60      -81470.000 -81766.652  0.36%   148  381s
 23145 13493 -81487.191   84  283 -81470.000 -81766.652  0.36%   149  385s
 23785 13789 -81542.934   93  201 -81470.000 -81766.652  0.36%   149  391s
 24198 13997 -81730.276   51  316 -81470.000 -81766.652  0.36%   150  395s
H24727 13173                    -81505.00000 -81766.652  0.32%   150  399s
 24755 13345 -81665.644   51  350 -81505.000 -81766.652  0.32%   150  401s
 25256 13516 -81721.485   41  483 -81505.000 -81761.225  0.31%   150  406s
 25516 13559 -81579.219   44  413 -81505.000 -81759.289  0.31%   151  410s
H25567 12206                    -81564.00000 -81759.289  0.24%   151  410s
 26022 12417     cutoff   77      -81564.000 -81756.687  0.24%   152  415s
 26648 12583 -81568.974   74  197 -81564.000 -81751.810  0.23%   153  420s
 27324 12759 -81605.533   61  342 -81564.000 -81746.258  0.22%   154  427s
 27665 12759 -81629.676   68  323 -81564.000 -81743.492  0.22%   155  430s
 28384 12968 -81639.909   55  286 -81564.000 -81739.994  0.22%   156  438s
 28787 13046 -81566.118   53  343 -81564.000 -81738.194  0.21%   156  442s
 29221 13105 -81567.134   52  299 -81564.000 -81735.324  0.21%   157  446s
*29596 12236              47    -81574.00001 -81733.387  0.20%   157  446s
 29730 12434 -81597.230   52  412 -81574.000 -81732.764  0.19%   158  451s
*29739 11523              44    -81586.00005 -81732.764  0.18%   158  451s
 30271 11558 -81650.601   44  330 -81586.000 -81730.563  0.18%   158  455s
 30826 11649 -81637.909   67  256 -81586.000 -81728.694  0.17%   159  460s
 31403 11620 -81629.425   51  358 -81586.000 -81726.432  0.17%   160  467s
 31826 11926     cutoff   52      -81586.000 -81724.676  0.17%   160  476s
 32921 11726 -81654.003   57  350 -81586.000 -81720.383  0.16%   161  480s
 33474 11769 -81656.732   62  400 -81586.000 -81717.976  0.16%   162  485s
 34109 11753 -81603.250   69  236 -81586.000 -81715.970  0.16%   163  490s
 34694 11763 -81609.985   50  397 -81586.000 -81713.975  0.16%   164  495s
 35332 11684 -81621.637   51  362 -81586.000 -81710.013  0.15%   164  500s
 35741 11773 -81616.481   48  318 -81586.000 -81708.650  0.15%   165  506s
 36472 11696 -81608.426   43  241 -81586.000 -81706.283  0.15%   165  511s
 37084 11618 -81613.045   65  330 -81586.000 -81703.730  0.14%   166  516s
 37653 11660 -81638.740   63  319 -81586.000 -81701.702  0.14%   166  521s
 38373 11572 -81595.367   86  371 -81586.000 -81699.480  0.14%   166  526s
 38991 11580 -81659.049   45  364 -81586.000 -81697.752  0.14%   167  532s
 39649 11515     cutoff   55      -81586.000 -81695.532  0.13%   167  537s
 40262 11409 -81607.028   59  317 -81586.000 -81693.625  0.13%   168  543s
 40693 11443     cutoff   55      -81586.000 -81692.758  0.13%   168  548s
 41320 11407 -81601.447   57  313 -81586.000 -81690.382  0.13%   169  553s
 42038 11392 -81594.044   71  187 -81586.000 -81688.946  0.13%   169  560s
 42869 11271 -81616.260   70  279 -81586.000 -81686.700  0.12%   170  565s
 44052 11076     cutoff   51      -81586.000 -81683.523  0.12%   171  574s
 44634 10990 -81602.196   67  203 -81586.000 -81682.196  0.12%   171  578s
 45134 10928 -81589.402   47  360 -81586.000 -81681.307  0.12%   171  583s
 45802 10792 -81655.678   57  306 -81586.000 -81679.896  0.12%   172  588s
 46264 10740 -81599.765   45  337 -81586.000 -81679.183  0.11%   172  593s
 46945 10655 -81627.790   48  283 -81586.000 -81677.624  0.11%   172  597s
 47611 10492 -81605.010   39  227 -81586.000 -81676.137  0.11%   172  600s

Cutting planes:
  Gomory: 64
  Cover: 136
  Clique: 8
  MIR: 43
  StrongCG: 13
  Flow cover: 75
  GUB cover: 2
  Zero half: 88
  Mod-K: 1
  RLT: 12

Explored 47937 nodes (8275698 simplex iterations) in 600.01 seconds (968.33 work units)
Thread count was 4 (of 56 available processors)

Solution count 10: -81586 -81574 -81564 ... -81103

Time limit reached
Best objective -8.158600000000e+04, best bound -8.167500000000e+04, gap 0.1091%
