
Gurobi 9.5.0 (linux64) logging started Fri Apr 15 16:33:14 2022

Set parameter LogFile to value "/local_workspace/chenrui/LogFiles/MKAP/new0U_R20_M20_N100_seed1_DWcutsT2_600.log"
Gurobi Optimizer version 9.5.0 build v9.5.0rc5 (linux64)
Thread count: 56 physical cores, 56 logical processors, using up to 4 threads
Optimize a model with 2119 rows, 2400 columns and 13113 nonzeros
Model fingerprint: 0xee3952d8
Variable types: 0 continuous, 2400 integer (2400 binary)
Coefficient statistics:
  Matrix range     [1e-13, 5e+03]
  Objective range  [6e+00, 1e+03]
  Bounds range     [1e+00, 1e+00]
  RHS range        [3e-11, 1e+00]
Warning: Model contains large matrix coefficient range
         Consider reformulating model or setting NumericFocus parameter
         to avoid numerical issues.
Found heuristic solution: objective 0.0000000
Presolve removed 655 rows and 452 columns
Presolve time: 0.05s
Presolved: 1464 rows, 1948 columns, 7781 nonzeros
Found heuristic solution: objective -7830.000000
Variable types: 0 continuous, 1948 integer (1948 binary)

Root relaxation: objective -4.175984e+04, 5297 iterations, 0.17 seconds (0.14 work units)

    Nodes    |    Current Node    |     Objective Bounds      |     Work
 Expl Unexpl |  Obj  Depth IntInf | Incumbent    BestBd   Gap | It/Node Time

     0     0 -41759.835    0   76 -7830.0000 -41759.835   433%     -    0s
H    0     0                    -38954.00000 -41759.835  7.20%     -    0s
H    0     0                    -39403.00000 -41759.835  5.98%     -    0s
H    0     0                    -41210.00000 -41759.835  1.33%     -    0s
     0     0 -41759.834    0  104 -41210.000 -41759.834  1.33%     -    0s
H    0     0                    -41410.00000 -41759.834  0.84%     -    0s
     0     0 -41754.329    0   80 -41410.000 -41754.329  0.83%     -    0s
     0     0 -41754.329    0   69 -41410.000 -41754.329  0.83%     -    0s
     0     0 -41752.537    0  102 -41410.000 -41752.537  0.83%     -    0s
H    0     0                    -41679.00000 -41752.537  0.18%     -    0s
     0     0 -41752.537    0  106 -41679.000 -41752.537  0.18%     -    0s
     0     0 -41752.537    0   85 -41679.000 -41752.537  0.18%     -    0s
     0     0 -41752.537    0   45 -41679.000 -41752.537  0.18%     -    0s
     0     0     cutoff    0      -41679.000 -41679.000  0.00%     -    0s

Cutting planes:
  Gomory: 14
  Cover: 1
  Clique: 6
  MIR: 1
  Zero half: 1

Explored 1 nodes (7190 simplex iterations) in 0.51 seconds (0.34 work units)
Thread count was 4 (of 56 available processors)

Solution count 8: -41679 -41636 -41410 ... 0
No other solutions better than -41679

Optimal solution found (tolerance 1.00e-04)
Best objective -4.167900000000e+04, best bound -4.167900000000e+04, gap 0.0000%
