
Gurobi 9.5.0 (linux64) logging started Fri Apr 29 22:07:07 2022

Set parameter LogFile to value "/local_workspace/chenrui/LogFiles/MKAP/new0U_R25_M10_N200_seed1_DWcutsCT5_600.log"
Gurobi Optimizer version 9.5.0 build v9.5.0rc5 (linux64)
Thread count: 56 physical cores, 56 logical processors, using up to 4 threads
Optimize a model with 7105 rows, 2250 columns and 56078 nonzeros
Model fingerprint: 0xa8b8d55c
Variable types: 0 continuous, 2250 integer (2250 binary)
Coefficient statistics:
  Matrix range     [1e-13, 2e+04]
  Objective range  [6e+00, 1e+03]
  Bounds range     [1e+00, 1e+00]
  RHS range        [1e-16, 1e+00]
Warning: Model contains large matrix coefficient range
         Consider reformulating model or setting NumericFocus parameter
         to avoid numerical issues.
Found heuristic solution: objective 0.0000000
Presolve removed 1528 rows and 0 columns
Presolve time: 0.14s
Presolved: 5577 rows, 2250 columns, 25798 nonzeros
Variable types: 0 continuous, 2250 integer (2250 binary)
Found heuristic solution: objective -3459.000000

Root relaxation: objective -4.840000e+04, 5134 iterations, 0.33 seconds (0.31 work units)

    Nodes    |    Current Node    |     Objective Bounds      |     Work
 Expl Unexpl |  Obj  Depth IntInf | Incumbent    BestBd   Gap | It/Node Time

*    0     0               0    -48400.00000 -48400.000  0.00%     -    0s

Explored 1 nodes (5134 simplex iterations) in 0.49 seconds (0.46 work units)
Thread count was 4 (of 56 available processors)

Solution count 3: -48400 -3459 0 
No other solutions better than -48400

Optimal solution found (tolerance 1.00e-04)
Best objective -4.840000000000e+04, best bound -4.840000000000e+04, gap 0.0000%
