
Gurobi 9.5.0 (linux64) logging started Thu Apr 14 19:44:26 2022

Set parameter LogFile to value "/local_workspace/chenrui/LogFiles/MKAP/new0U_R25_M10_N300_seed1_DWcuts_600.log"
Gurobi Optimizer version 9.5.0 build v9.5.0rc5 (linux64)
Thread count: 56 physical cores, 56 logical processors, using up to 4 threads
Optimize a model with 810 rows, 3250 columns and 9750 nonzeros
Model fingerprint: 0xd5baf322
Variable types: 0 continuous, 3250 integer (3250 binary)
Coefficient statistics:
  Matrix range     [1e+00, 1e+04]
  Objective range  [6e+00, 1e+03]
  Bounds range     [1e+00, 1e+00]
  RHS range        [7e-09, 1e+00]
Found heuristic solution: objective 0.0000000
Presolve time: 0.01s
Presolved: 810 rows, 3250 columns, 9750 nonzeros
Variable types: 0 continuous, 3250 integer (3250 binary)
Found heuristic solution: objective -5897.000000

Root relaxation: objective -7.018101e+04, 3504 iterations, 0.05 seconds (0.05 work units)

    Nodes    |    Current Node    |     Objective Bounds      |     Work
 Expl Unexpl |  Obj  Depth IntInf | Incumbent    BestBd   Gap | It/Node Time

     0     0 -70181.012    0   41 -5897.0000 -70181.012  1090%     -    0s
H    0     0                    -63551.00000 -70181.012  10.4%     -    0s
H    0     0                    -63611.00000 -70181.012  10.3%     -    0s
H    0     0                    -69626.00000 -70181.012  0.80%     -    0s
H    0     0                    -70181.00000 -70181.012  0.00%     -    0s

Cutting planes:
  Gomory: 10
  Cover: 17
  Clique: 198
  MIR: 4
  StrongCG: 8

Explored 1 nodes (4005 simplex iterations) in 0.12 seconds (0.09 work units)
Thread count was 4 (of 56 available processors)

Solution count 6: -70181 -69626 -63611 ... 0
No other solutions better than -70181

Optimal solution found (tolerance 1.00e-04)
Best objective -7.018100000000e+04, best bound -7.018100000000e+04, gap 0.0000%

Gurobi 9.5.0 (linux64) logging started Fri Apr 29 08:39:09 2022

Set parameter LogFile to value "/local_workspace/chenrui/LogFiles/MKAP/new0U_R25_M10_N300_seed1_DWcuts_600.log"
Gurobi Optimizer version 9.5.0 build v9.5.0rc5 (linux64)
Thread count: 56 physical cores, 56 logical processors, using up to 4 threads
Optimize a model with 810 rows, 3250 columns and 9750 nonzeros
Model fingerprint: 0xd5baf322
Variable types: 0 continuous, 3250 integer (3250 binary)
Coefficient statistics:
  Matrix range     [1e+00, 1e+04]
  Objective range  [6e+00, 1e+03]
  Bounds range     [1e+00, 1e+00]
  RHS range        [7e-09, 1e+00]
Found heuristic solution: objective 0.0000000
Presolve time: 0.01s
Presolved: 810 rows, 3250 columns, 9750 nonzeros
Variable types: 0 continuous, 3250 integer (3250 binary)
Found heuristic solution: objective -5897.000000

Root relaxation: objective -7.018101e+04, 3504 iterations, 0.05 seconds (0.05 work units)

    Nodes    |    Current Node    |     Objective Bounds      |     Work
 Expl Unexpl |  Obj  Depth IntInf | Incumbent    BestBd   Gap | It/Node Time

     0     0 -70181.012    0   41 -5897.0000 -70181.012  1090%     -    0s
H    0     0                    -63551.00000 -70181.012  10.4%     -    0s
H    0     0                    -63611.00000 -70181.012  10.3%     -    0s
H    0     0                    -69626.00000 -70181.012  0.80%     -    0s
H    0     0                    -70181.00000 -70181.012  0.00%     -    0s

Cutting planes:
  Gomory: 10
  Cover: 17
  Clique: 198
  MIR: 4
  StrongCG: 8

Explored 1 nodes (4005 simplex iterations) in 0.11 seconds (0.09 work units)
Thread count was 4 (of 56 available processors)

Solution count 6: -70181 -69626 -63611 ... 0
No other solutions better than -70181

Optimal solution found (tolerance 1.00e-04)
Best objective -7.018100000000e+04, best bound -7.018100000000e+04, gap 0.0000%
