
Gurobi 9.5.0 (linux64) logging started Mon Jun 20 09:15:34 2022

Set parameter LogFile to value "/local_workspace/chenrui/LogFiles/MKAP/new0U_R5_M10_N50_seed9_DWcutsCTp5_600.log"
Gurobi Optimizer version 9.5.0 build v9.5.0rc5 (linux64)
Thread count: 56 physical cores, 56 logical processors, using up to 4 threads
Optimize a model with 747 rows, 550 columns and 6734 nonzeros
Model fingerprint: 0x9035aeb7
Variable types: 0 continuous, 550 integer (550 binary)
Coefficient statistics:
  Matrix range     [1e-13, 4e+03]
  Objective range  [9e+00, 1e+03]
  Bounds range     [1e+00, 1e+00]
  RHS range        [1e-05, 1e+00]
Warning: Model contains large matrix coefficient range
         Consider reformulating model or setting NumericFocus parameter
         to avoid numerical issues.
Found heuristic solution: objective 0.0000000
Presolve removed 335 rows and 121 columns
Presolve time: 0.01s
Presolved: 412 rows, 429 columns, 3084 nonzeros
Found heuristic solution: objective -6040.000000
Variable types: 0 continuous, 429 integer (429 binary)

Root relaxation: objective -1.900781e+04, 798 iterations, 0.01 seconds (0.01 work units)

    Nodes    |    Current Node    |     Objective Bounds      |     Work
 Expl Unexpl |  Obj  Depth IntInf | Incumbent    BestBd   Gap | It/Node Time

     0     0 -19007.814    0  124 -6040.0000 -19007.814   215%     -    0s
H    0     0                    -18756.00000 -19007.814  1.34%     -    0s
     0     0 -19002.176    0  126 -18756.000 -19002.176  1.31%     -    0s
     0     0 -18992.339    0  127 -18756.000 -18992.339  1.26%     -    0s
     0     0 -18992.339    0  127 -18756.000 -18992.339  1.26%     -    0s
H    0     0                    -18892.00002 -18992.339  0.53%     -    0s
     0     0 -18992.339    0  124 -18892.000 -18992.339  0.53%     -    0s
     0     0 -18985.312    0  132 -18892.000 -18985.312  0.49%     -    0s
     0     0 -18979.813    0  133 -18892.000 -18979.813  0.46%     -    0s
     0     0 -18979.813    0  128 -18892.000 -18979.813  0.46%     -    0s
     0     0 -18979.813    0  116 -18892.000 -18979.813  0.46%     -    0s
     0     0 -18979.813    0  120 -18892.000 -18979.813  0.46%     -    0s
     0     0 -18979.813    0  116 -18892.000 -18979.813  0.46%     -    0s
     0     0 -18979.813    0  100 -18892.000 -18979.813  0.46%     -    0s
     0     0 -18979.813    0   99 -18892.000 -18979.813  0.46%     -    0s
     0     2 -18979.813    0   99 -18892.000 -18979.813  0.46%     -    0s
H   35    30                    -18920.00000 -18963.754  0.23%  49.9    0s
*   56    33               6    -18925.00002 -18963.754  0.20%  44.3    0s

Cutting planes:
  Gomory: 8
  Cover: 1
  Clique: 1
  MIR: 3
  StrongCG: 1

Explored 157 nodes (7663 simplex iterations) in 0.41 seconds (0.36 work units)
Thread count was 4 (of 56 available processors)

Solution count 6: -18925 -18920 -18892 ... 0

Optimal solution found (tolerance 1.00e-04)
Best objective -1.892500000000e+04, best bound -1.892500002022e+04, gap 0.0000%
