
Gurobi 9.5.0 (linux64) logging started Tue May  3 14:44:50 2022

Set parameter LogFile to value "/local_workspace/chenrui/LogFiles/MKAP/new0U_R25_M20_N50_seed8_DWcutsCT2_600.log"
Gurobi Optimizer version 9.5.0 build v9.5.0rc5 (linux64)
Thread count: 56 physical cores, 56 logical processors, using up to 4 threads
Optimize a model with 1190 rows, 1500 columns and 4573 nonzeros
Model fingerprint: 0x183705dd
Variable types: 0 continuous, 1500 integer (1500 binary)
Coefficient statistics:
  Matrix range     [1e-13, 1e+03]
  Objective range  [2e+01, 9e+02]
  Bounds range     [1e+00, 1e+00]
  RHS range        [1e-14, 1e+00]
Warning: Model contains large matrix coefficient range
         Consider reformulating model or setting NumericFocus parameter
         to avoid numerical issues.
Found heuristic solution: objective 0.0000000
Presolve removed 878 rows and 804 columns
Presolve time: 0.02s
Presolved: 312 rows, 696 columns, 1512 nonzeros
Found heuristic solution: objective -13210.00000
Variable types: 0 continuous, 696 integer (696 binary)

Root relaxation: objective -1.589650e+04, 443 iterations, 0.00 seconds (0.00 work units)

    Nodes    |    Current Node    |     Objective Bounds      |     Work
 Expl Unexpl |  Obj  Depth IntInf | Incumbent    BestBd   Gap | It/Node Time

     0     0 -15896.500    0   10 -13210.000 -15896.500  20.3%     -    0s
H    0     0                    -15527.00000 -15896.500  2.38%     -    0s
H    0     0                    -15651.00000 -15896.500  1.57%     -    0s
H    0     0                    -15893.00000 -15896.500  0.02%     -    0s
     0     0 -15896.500    0   10 -15893.000 -15896.500  0.02%     -    0s

Explored 1 nodes (487 simplex iterations) in 0.02 seconds (0.02 work units)
Thread count was 4 (of 56 available processors)

Solution count 5: -15893 -15651 -15527 ... 0
No other solutions better than -15893

Optimal solution found (tolerance 1.00e-04)
Best objective -1.589300000000e+04, best bound -1.589300000000e+04, gap 0.0000%
