
Gurobi 9.5.0 (linux64) logging started Tue May  3 20:39:54 2022

Set parameter LogFile to value "/local_workspace/chenrui/LogFiles/MKAP/new0U_R25_M40_N100_seed4_DWcutsCT_600.log"
Gurobi Optimizer version 9.5.0 build v9.5.0rc5 (linux64)
Thread count: 56 physical cores, 56 logical processors, using up to 4 threads
Optimize a model with 2140 rows, 5000 columns and 14941 nonzeros
Model fingerprint: 0x18da9aff
Variable types: 0 continuous, 5000 integer (5000 binary)
Coefficient statistics:
  Matrix range     [1e-11, 1e+03]
  Objective range  [1e+01, 1e+03]
  Bounds range     [1e+00, 1e+00]
  RHS range        [2e-14, 1e+00]
Warning: Model contains large matrix coefficient range
         Consider reformulating model or setting NumericFocus parameter
         to avoid numerical issues.
Found heuristic solution: objective 0.0000000
Presolve removed 1002 rows and 2271 columns
Presolve time: 0.04s
Presolved: 1138 rows, 2729 columns, 7519 nonzeros
Found heuristic solution: objective -21657.00000
Variable types: 0 continuous, 2729 integer (2729 binary)

Root relaxation: objective -3.792800e+04, 3485 iterations, 0.05 seconds (0.05 work units)

    Nodes    |    Current Node    |     Objective Bounds      |     Work
 Expl Unexpl |  Obj  Depth IntInf | Incumbent    BestBd   Gap | It/Node Time

     0     0 -37928.002    0   42 -21657.000 -37928.002  75.1%     -    0s
H    0     0                    -35914.00000 -37928.002  5.61%     -    0s
H    0     0                    -36024.00000 -37928.002  5.29%     -    0s
H    0     0                    -36224.00000 -37928.002  4.70%     -    0s
H    0     0                    -36363.00000 -37928.002  4.30%     -    0s
H    0     0                    -36828.00000 -37928.002  2.99%     -    0s
     0     0 -37928.002    0  106 -36828.000 -37928.002  2.99%     -    0s
H    0     0                    -37163.00000 -37928.002  2.06%     -    0s
     0     0 -37928.002    0   92 -37163.000 -37928.002  2.06%     -    0s
H    0     0                    -37418.00000 -37928.002  1.36%     -    0s
     0     0 -37928.002    0   57 -37418.000 -37928.002  1.36%     -    0s
     0     0 -37928.002    0   55 -37418.000 -37928.002  1.36%     -    0s
     0     0 -37928.002    0   19 -37418.000 -37928.002  1.36%     -    0s
H    0     0                    -37682.00000 -37928.002  0.65%     -    0s
     0     0 -37928.001    0   35 -37682.000 -37928.001  0.65%     -    0s
     0     0 -37928.001    0   16 -37682.000 -37928.001  0.65%     -    0s
     0     0 -37928.001    0   26 -37682.000 -37928.001  0.65%     -    0s
H    0     0                    -37809.00000 -37928.001  0.31%     -    0s
     0     0 -37928.001    0   57 -37809.000 -37928.001  0.31%     -    0s
     0     0 -37928.001    0   22 -37809.000 -37928.001  0.31%     -    0s
     0     0 -37926.582    0   78 -37809.000 -37926.582  0.31%     -    0s
     0     0 -37926.582    0   78 -37809.000 -37926.582  0.31%     -    0s
     0     0 -37923.697    0   88 -37809.000 -37923.697  0.30%     -    0s
     0     0 -37922.919    0   58 -37809.000 -37922.919  0.30%     -    0s
H    0     0                    -37921.00000 -37922.919  0.01%     -    0s
     0     0 -37922.919    0   58 -37921.000 -37922.919  0.01%     -    0s

Cutting planes:
  Gomory: 5
  Cover: 16
  Clique: 11
  MIR: 1
  StrongCG: 1

Explored 1 nodes (9788 simplex iterations) in 0.52 seconds (0.33 work units)
Thread count was 4 (of 56 available processors)

Solution count 10: -37921 -37809 -37788 ... -36224

Optimal solution found (tolerance 1.00e-04)
Best objective -3.792100000000e+04, best bound -3.792200000000e+04, gap 0.0026%
