
Gurobi 9.5.0 (linux64) logging started Tue May  3 16:30:37 2022

Set parameter LogFile to value "/local_workspace/chenrui/LogFiles/MKAP/new0U_R10_M30_N50_seed5_objLB_600.log"
Gurobi Optimizer version 9.5.0 build v9.5.0rc5 (linux64)
Thread count: 56 physical cores, 56 logical processors, using up to 4 threads
Optimize a model with 381 rows, 1800 columns and 5100 nonzeros
Model fingerprint: 0x6c199ee8
Variable types: 0 continuous, 1800 integer (1800 binary)
Coefficient statistics:
  Matrix range     [1e+00, 1e+03]
  Objective range  [4e+00, 1e+03]
  Bounds range     [1e+00, 1e+00]
  RHS range        [1e+00, 2e+04]
Found heuristic solution: objective 0.0000000
Presolve removed 189 rows and 1024 columns
Presolve time: 0.01s
Presolved: 192 rows, 776 columns, 2204 nonzeros
Variable types: 0 continuous, 776 integer (776 binary)
Found heuristic solution: objective -17430.00000

Root relaxation: objective -1.845500e+04, 338 iterations, 0.00 seconds (0.00 work units)

    Nodes    |    Current Node    |     Objective Bounds      |     Work
 Expl Unexpl |  Obj  Depth IntInf | Incumbent    BestBd   Gap | It/Node Time

     0     0 -18455.000    0   15 -17430.000 -18455.000  5.88%     -    0s
H    0     0                    -18201.00000 -18455.000  1.40%     -    0s
H    0     0                    -18218.00000 -18455.000  1.30%     -    0s
H    0     0                    -18319.00000 -18455.000  0.74%     -    0s
     0     0 -18455.000    0   34 -18319.000 -18455.000  0.74%     -    0s
H    0     0                    -18350.00000 -18455.000  0.57%     -    0s
H    0     0                    -18455.00000 -18455.000  0.00%     -    0s
     0     0 -18455.000    0   34 -18455.000 -18455.000  0.00%     -    0s

Cutting planes:
  Gomory: 3
  Cover: 11
  Clique: 3

Explored 1 nodes (730 simplex iterations) in 0.04 seconds (0.03 work units)
Thread count was 4 (of 56 available processors)

Solution count 7: -18455 -18350 -18319 ... 0
No other solutions better than -18455

Optimal solution found (tolerance 1.00e-04)
Best objective -1.845500000000e+04, best bound -1.845500000000e+04, gap 0.0000%
