
Gurobi 9.5.0 (linux64) logging started Thu Apr 28 15:38:25 2022

Set parameter LogFile to value "/local_workspace/chenrui/LogFiles/MKAP/new0U_R10_M10_N100_seed8_DWcutsCT_600.log"
Gurobi Optimizer version 9.5.0 build v9.5.0rc5 (linux64)
Thread count: 56 physical cores, 56 logical processors, using up to 4 threads
Optimize a model with 310 rows, 1100 columns and 3299 nonzeros
Model fingerprint: 0x87c8e1ac
Variable types: 0 continuous, 1100 integer (1100 binary)
Coefficient statistics:
  Matrix range     [1e+00, 4e+03]
  Objective range  [2e+01, 1e+03]
  Bounds range     [1e+00, 1e+00]
  RHS range        [2e-11, 1e+00]
Found heuristic solution: objective 0.0000000
Presolve removed 4 rows and 85 columns
Presolve time: 0.01s
Presolved: 306 rows, 1015 columns, 3038 nonzeros
Found heuristic solution: objective -4713.000000
Variable types: 0 continuous, 1015 integer (1015 binary)

Root relaxation: objective -3.589801e+04, 1801 iterations, 0.03 seconds (0.02 work units)

    Nodes    |    Current Node    |     Objective Bounds      |     Work
 Expl Unexpl |  Obj  Depth IntInf | Incumbent    BestBd   Gap | It/Node Time

     0     0 -35898.006    0   41 -4713.0000 -35898.006   662%     -    0s
H    0     0                    -30976.00000 -35898.006  15.9%     -    0s
H    0     0                    -31456.00000 -35898.006  14.1%     -    0s
H    0     0                    -33567.00000 -35898.006  6.94%     -    0s
     0     0 -35898.006    0   90 -33567.000 -35898.006  6.94%     -    0s
H    0     0                    -34865.00000 -35898.006  2.96%     -    0s
H    0     0                    -35163.00000 -35898.006  2.09%     -    0s
     0     0 -35898.006    0   89 -35163.000 -35898.006  2.09%     -    0s
H    0     0                    -35558.00000 -35898.006  0.96%     -    0s
     0     0 -35898.006    0   54 -35558.000 -35898.006  0.96%     -    0s
H    0     0                    -35768.00000 -35898.006  0.36%     -    0s
H    0     0                    -35898.00000 -35898.006  0.00%     -    0s

Cutting planes:
  Cover: 39
  Clique: 140
  MIR: 3
  StrongCG: 9
  RLT: 1

Explored 1 nodes (2551 simplex iterations) in 0.13 seconds (0.07 work units)
Thread count was 4 (of 56 available processors)

Solution count 10: -35898 -35768 -35558 ... 0
No other solutions better than -35898

Optimal solution found (tolerance 1.00e-04)
Best objective -3.589800000000e+04, best bound -3.589800000000e+04, gap 0.0000%

Gurobi 9.5.0 (linux64) logging started Thu Apr 28 17:32:56 2022

Set parameter LogFile to value "/local_workspace/chenrui/LogFiles/MKAP/new0U_R10_M10_N100_seed8_DWcutsCT_600.log"
Gurobi Optimizer version 9.5.0 build v9.5.0rc5 (linux64)
Thread count: 56 physical cores, 56 logical processors, using up to 4 threads
Optimize a model with 310 rows, 1100 columns and 3299 nonzeros
Model fingerprint: 0x87c8e1ac
Variable types: 0 continuous, 1100 integer (1100 binary)
Coefficient statistics:
  Matrix range     [1e+00, 4e+03]
  Objective range  [2e+01, 1e+03]
  Bounds range     [1e+00, 1e+00]
  RHS range        [2e-11, 1e+00]
Found heuristic solution: objective 0.0000000
Presolve removed 4 rows and 85 columns
Presolve time: 0.01s
Presolved: 306 rows, 1015 columns, 3038 nonzeros
Found heuristic solution: objective -4713.000000
Variable types: 0 continuous, 1015 integer (1015 binary)

Root relaxation: objective -3.589801e+04, 1801 iterations, 0.03 seconds (0.02 work units)

    Nodes    |    Current Node    |     Objective Bounds      |     Work
 Expl Unexpl |  Obj  Depth IntInf | Incumbent    BestBd   Gap | It/Node Time

     0     0 -35898.006    0   41 -4713.0000 -35898.006   662%     -    0s
H    0     0                    -30976.00000 -35898.006  15.9%     -    0s
H    0     0                    -31456.00000 -35898.006  14.1%     -    0s
H    0     0                    -33567.00000 -35898.006  6.94%     -    0s
     0     0 -35898.006    0   90 -33567.000 -35898.006  6.94%     -    0s
H    0     0                    -34865.00000 -35898.006  2.96%     -    0s
H    0     0                    -35163.00000 -35898.006  2.09%     -    0s
     0     0 -35898.006    0   89 -35163.000 -35898.006  2.09%     -    0s
H    0     0                    -35558.00000 -35898.006  0.96%     -    0s
     0     0 -35898.006    0   54 -35558.000 -35898.006  0.96%     -    0s
H    0     0                    -35768.00000 -35898.006  0.36%     -    0s
H    0     0                    -35898.00000 -35898.006  0.00%     -    0s

Cutting planes:
  Cover: 39
  Clique: 140
  MIR: 3
  StrongCG: 9
  RLT: 1

Explored 1 nodes (2551 simplex iterations) in 0.12 seconds (0.07 work units)
Thread count was 4 (of 56 available processors)

Solution count 10: -35898 -35768 -35558 ... 0
No other solutions better than -35898

Optimal solution found (tolerance 1.00e-04)
Best objective -3.589800000000e+04, best bound -3.589800000000e+04, gap 0.0000%

Gurobi 9.5.0 (linux64) logging started Thu Apr 28 23:31:33 2022

Set parameter LogFile to value "/local_workspace/chenrui/LogFiles/MKAP/new0U_R10_M10_N100_seed8_DWcutsCT_600.log"
Gurobi Optimizer version 9.5.0 build v9.5.0rc5 (linux64)
Thread count: 56 physical cores, 56 logical processors, using up to 4 threads
Optimize a model with 310 rows, 1100 columns and 3299 nonzeros
Model fingerprint: 0x87c8e1ac
Variable types: 0 continuous, 1100 integer (1100 binary)
Coefficient statistics:
  Matrix range     [1e+00, 4e+03]
  Objective range  [2e+01, 1e+03]
  Bounds range     [1e+00, 1e+00]
  RHS range        [2e-11, 1e+00]
Found heuristic solution: objective 0.0000000
Presolve removed 4 rows and 85 columns
Presolve time: 0.01s
Presolved: 306 rows, 1015 columns, 3038 nonzeros
Found heuristic solution: objective -4713.000000
Variable types: 0 continuous, 1015 integer (1015 binary)

Root relaxation: objective -3.589801e+04, 1801 iterations, 0.03 seconds (0.02 work units)

    Nodes    |    Current Node    |     Objective Bounds      |     Work
 Expl Unexpl |  Obj  Depth IntInf | Incumbent    BestBd   Gap | It/Node Time

     0     0 -35898.006    0   41 -4713.0000 -35898.006   662%     -    0s
H    0     0                    -30976.00000 -35898.006  15.9%     -    0s
H    0     0                    -31456.00000 -35898.006  14.1%     -    0s
H    0     0                    -33567.00000 -35898.006  6.94%     -    0s
     0     0 -35898.006    0   90 -33567.000 -35898.006  6.94%     -    0s
H    0     0                    -34865.00000 -35898.006  2.96%     -    0s
H    0     0                    -35163.00000 -35898.006  2.09%     -    0s
     0     0 -35898.006    0   89 -35163.000 -35898.006  2.09%     -    0s
H    0     0                    -35558.00000 -35898.006  0.96%     -    0s
     0     0 -35898.006    0   54 -35558.000 -35898.006  0.96%     -    0s
H    0     0                    -35768.00000 -35898.006  0.36%     -    0s
H    0     0                    -35898.00000 -35898.006  0.00%     -    0s

Cutting planes:
  Cover: 39
  Clique: 140
  MIR: 3
  StrongCG: 9
  RLT: 1

Explored 1 nodes (2551 simplex iterations) in 0.13 seconds (0.07 work units)
Thread count was 4 (of 56 available processors)

Solution count 10: -35898 -35768 -35558 ... 0
No other solutions better than -35898

Optimal solution found (tolerance 1.00e-04)
Best objective -3.589800000000e+04, best bound -3.589800000000e+04, gap 0.0000%

Gurobi 9.5.0 (linux64) logging started Fri Apr 29 21:00:36 2022

Set parameter LogFile to value "/local_workspace/chenrui/LogFiles/MKAP/new0U_R10_M10_N100_seed8_DWcutsCT_600.log"
Gurobi Optimizer version 9.5.0 build v9.5.0rc5 (linux64)
Thread count: 56 physical cores, 56 logical processors, using up to 4 threads
Optimize a model with 310 rows, 1100 columns and 3299 nonzeros
Model fingerprint: 0x87c8e1ac
Variable types: 0 continuous, 1100 integer (1100 binary)
Coefficient statistics:
  Matrix range     [1e+00, 4e+03]
  Objective range  [2e+01, 1e+03]
  Bounds range     [1e+00, 1e+00]
  RHS range        [2e-11, 1e+00]
Found heuristic solution: objective 0.0000000
Presolve removed 4 rows and 85 columns
Presolve time: 0.01s
Presolved: 306 rows, 1015 columns, 3038 nonzeros
Found heuristic solution: objective -4713.000000
Variable types: 0 continuous, 1015 integer (1015 binary)

Root relaxation: objective -3.589801e+04, 1801 iterations, 0.03 seconds (0.02 work units)

    Nodes    |    Current Node    |     Objective Bounds      |     Work
 Expl Unexpl |  Obj  Depth IntInf | Incumbent    BestBd   Gap | It/Node Time

     0     0 -35898.006    0   41 -4713.0000 -35898.006   662%     -    0s
H    0     0                    -30976.00000 -35898.006  15.9%     -    0s
H    0     0                    -31456.00000 -35898.006  14.1%     -    0s
H    0     0                    -33567.00000 -35898.006  6.94%     -    0s
     0     0 -35898.006    0   90 -33567.000 -35898.006  6.94%     -    0s
H    0     0                    -34865.00000 -35898.006  2.96%     -    0s
H    0     0                    -35163.00000 -35898.006  2.09%     -    0s
     0     0 -35898.006    0   89 -35163.000 -35898.006  2.09%     -    0s
H    0     0                    -35558.00000 -35898.006  0.96%     -    0s
     0     0 -35898.006    0   54 -35558.000 -35898.006  0.96%     -    0s
H    0     0                    -35768.00000 -35898.006  0.36%     -    0s
H    0     0                    -35898.00000 -35898.006  0.00%     -    0s

Cutting planes:
  Cover: 39
  Clique: 140
  MIR: 3
  StrongCG: 9
  RLT: 1

Explored 1 nodes (2551 simplex iterations) in 0.14 seconds (0.07 work units)
Thread count was 4 (of 56 available processors)

Solution count 10: -35898 -35768 -35558 ... 0
No other solutions better than -35898

Optimal solution found (tolerance 1.00e-04)
Best objective -3.589800000000e+04, best bound -3.589800000000e+04, gap 0.0000%
