
Gurobi 9.5.0 (linux64) logging started Tue May  3 15:07:36 2022

Set parameter LogFile to value "/local_workspace/chenrui/LogFiles/MKAP/new0U_R2_M40_N50_seed8_original_600.log"
Gurobi Optimizer version 9.5.0 build v9.5.0rc5 (linux64)
Thread count: 56 physical cores, 56 logical processors, using up to 4 threads
Optimize a model with 170 rows, 2080 columns and 4160 nonzeros
Model fingerprint: 0x1e469abc
Variable types: 0 continuous, 2080 integer (2080 binary)
Coefficient statistics:
  Matrix range     [1e+00, 1e+03]
  Objective range  [2e+01, 9e+02]
  Bounds range     [1e+00, 1e+00]
  RHS range        [1e+00, 1e+00]
Found heuristic solution: objective 0.0000000
Presolve removed 67 rows and 1491 columns
Presolve time: 0.00s
Presolved: 103 rows, 589 columns, 1177 nonzeros
Found heuristic solution: objective -11814.00000
Variable types: 0 continuous, 589 integer (589 binary)

Root relaxation: objective -1.484914e+04, 172 iterations, 0.00 seconds (0.00 work units)

    Nodes    |    Current Node    |     Objective Bounds      |     Work
 Expl Unexpl |  Obj  Depth IntInf | Incumbent    BestBd   Gap | It/Node Time

     0     0 -14849.141    0   12 -11814.000 -14849.141  25.7%     -    0s
H    0     0                    -13894.00000 -14849.141  6.87%     -    0s
H    0     0                    -14633.00000 -14849.141  1.48%     -    0s
     0     0 -14809.503    0   18 -14633.000 -14809.503  1.21%     -    0s
     0     0 -14683.949    0    9 -14633.000 -14683.949  0.35%     -    0s
     0     0 -14683.391    0    5 -14633.000 -14683.391  0.34%     -    0s
     0     0 -14683.391    0   12 -14633.000 -14683.391  0.34%     -    0s
     0     0 -14677.722    0    5 -14633.000 -14677.722  0.31%     -    0s
     0     0     cutoff    0      -14633.000 -14633.000  0.00%     -    0s

Explored 1 nodes (600 simplex iterations) in 0.05 seconds (0.02 work units)
Thread count was 4 (of 56 available processors)

Solution count 4: -14633 -13894 -11814 0 
No other solutions better than -14633

Optimal solution found (tolerance 1.00e-04)
Best objective -1.463300000000e+04, best bound -1.463300000000e+04, gap 0.0000%
