
Gurobi 9.5.0 (linux64) logging started Mon Jun 20 09:08:36 2022

Set parameter LogFile to value "/local_workspace/chenrui/LogFiles/MKAP/new0U_R5_M10_N50_seed2_DWcutsCTp3_600.log"
Gurobi Optimizer version 9.5.0 build v9.5.0rc5 (linux64)
Thread count: 56 physical cores, 56 logical processors, using up to 4 threads
Optimize a model with 471 rows, 550 columns and 4755 nonzeros
Model fingerprint: 0x113cc747
Variable types: 0 continuous, 550 integer (550 binary)
Coefficient statistics:
  Matrix range     [1e-13, 2e+03]
  Objective range  [4e+01, 1e+03]
  Bounds range     [1e+00, 1e+00]
  RHS range        [1e-05, 1e+00]
Warning: Model contains large matrix coefficient range
         Consider reformulating model or setting NumericFocus parameter
         to avoid numerical issues.
Found heuristic solution: objective 0.0000000
Presolve removed 61 rows and 13 columns
Presolve time: 0.02s
Presolved: 410 rows, 537 columns, 3988 nonzeros
Variable types: 0 continuous, 537 integer (537 binary)
Found heuristic solution: objective -4609.000000

Root relaxation: objective -1.968794e+04, 974 iterations, 0.02 seconds (0.02 work units)

    Nodes    |    Current Node    |     Objective Bounds      |     Work
 Expl Unexpl |  Obj  Depth IntInf | Incumbent    BestBd   Gap | It/Node Time

     0     0 -19687.939    0  117 -4609.0000 -19687.939   327%     -    0s
H    0     0                    -18577.00000 -19687.939  5.98%     -    0s
H    0     0                    -18608.00000 -19687.939  5.80%     -    0s
     0     0 -19687.923    0  123 -18608.000 -19687.923  5.80%     -    0s
H    0     0                    -18902.00000 -19687.923  4.16%     -    0s
     0     0 -19683.611    0  123 -18902.000 -19683.611  4.14%     -    0s
H    0     0                    -19334.00003 -19683.611  1.81%     -    0s
     0     2 -19683.611    0  123 -19334.000 -19683.611  1.81%     -    0s
*  644   393              22    -19483.00003 -19667.703  0.95%  35.5    0s

Cutting planes:
  Cover: 3

Explored 18907 nodes (496230 simplex iterations) in 4.34 seconds (6.04 work units)
Thread count was 4 (of 56 available processors)

Solution count 7: -19483 -19334 -18902 ... 0
No other solutions better than -19483

Optimal solution found (tolerance 1.00e-04)
Warning: max constraint violation (2.5901e-06) exceeds tolerance
Best objective -1.948300003613e+04, best bound -1.948300003613e+04, gap 0.0000%
