
Gurobi 9.5.0 (linux64) logging started Mon Jun 20 06:06:55 2022

Set parameter LogFile to value "/local_workspace/chenrui/LogFiles/MKAP/new0U_R25_M30_N300_seed10_DWcutsCTp6_600.log"
Gurobi Optimizer version 9.5.0 build v9.5.0rc5 (linux64)
Thread count: 56 physical cores, 56 logical processors, using up to 4 threads
Optimize a model with 32486 rows, 9750 columns and 399676 nonzeros
Model fingerprint: 0x671185e2
Variable types: 0 continuous, 9750 integer (9750 binary)
Coefficient statistics:
  Matrix range     [1e-13, 3e+04]
  Objective range  [6e+00, 1e+03]
  Bounds range     [1e+00, 1e+00]
  RHS range        [1e-05, 1e+00]
Warning: Model contains large matrix coefficient range
         Consider reformulating model or setting NumericFocus parameter
         to avoid numerical issues.
Found heuristic solution: objective 0.0000000
Presolve removed 8959 rows and 1106 columns
Presolve time: 1.06s
Presolved: 23527 rows, 8644 columns, 254023 nonzeros
Found heuristic solution: objective -10319.00000
Variable types: 0 continuous, 8644 integer (8644 binary)
Warning: Markowitz tolerance tightened to 0.03125

Root simplex log...

Iteration    Objective       Primal Inf.    Dual Inf.      Time
   14995   -1.2549474e+05   9.624142e+05   0.000000e+00      5s
   20092   -1.2501459e+05   0.000000e+00   0.000000e+00      8s

Root relaxation: objective -1.250146e+05, 20092 iterations, 6.52 seconds (13.62 work units)

    Nodes    |    Current Node    |     Objective Bounds      |     Work
 Expl Unexpl |  Obj  Depth IntInf | Incumbent    BestBd   Gap | It/Node Time

     0     0 -125014.59    0  492 -10319.000 -125014.59  1111%     -    7s
H    0     0                    -117328.0000 -125014.59  6.55%     -    7s
H    0     0                    -120481.0000 -125014.59  3.76%     -    8s
H    0     0                    -123490.0000 -125014.59  1.23%     -    8s
H    0     0                    -123757.0000 -125014.59  1.02%     -    8s
H    0     0                    -124126.0001 -125014.59  0.72%     -    8s
     0     0 -125014.59    0  499 -124126.00 -125014.59  0.72%     -    8s
H    0     0                    -124379.0000 -125014.59  0.51%     -   10s
     0     0 -125014.59    0  500 -124379.00 -125014.59  0.51%     -   10s
     0     0 -125014.58    0  500 -124379.00 -125014.58  0.51%     -   11s
     0     2 -125014.58    0  500 -124379.00 -125014.58  0.51%     -   14s
     3     8 -125000.01    2  603 -124379.00 -125008.17  0.51%  1507   15s
    32    42 -124965.31    7  410 -124379.00 -125007.64  0.51%   970   20s
    51    70 -124863.88   10  316 -124379.00 -125007.64  0.51%   940   25s
H   71    83                    -124388.0000 -125007.64  0.50%   852   27s
   186   154 -124415.81   30   60 -124388.00 -125007.63  0.50%   563   31s
   219   194 -124887.94   10  299 -124388.00 -125002.97  0.49%   631   35s
H  268   223                    -124420.0000 -125002.19  0.47%   623   37s
H  322   270                    -124456.0000 -125002.19  0.44%   577   39s
   356   286 -124972.95    9  418 -124456.00 -125002.19  0.44%   545   41s
H  422   317                    -124476.0000 -125002.19  0.42%   549   44s
   429   354 -124814.24   29  159 -124476.00 -124999.83  0.42%   552   46s
   514   393 -124971.96    8  286 -124476.00 -124999.83  0.42%   527   50s
   642   491 -124592.60    4  514 -124476.00 -124996.93  0.42%   528   55s
H  697   525                    -124487.0001 -124996.93  0.41%   533   60s
   784   579 -124922.55   12  348 -124487.00 -124996.59  0.41%   540   67s
   792   620 -124880.96   14  326 -124487.00 -124996.59  0.41%   542   70s
H  801   551                    -124627.0000 -124996.59  0.30%   542   70s
   900   605 -124897.15    9  378 -124627.00 -124994.38  0.29%   534   75s
   989   700 -124882.08   18  309 -124627.00 -124994.38  0.29%   555   82s
  1054   701 -124767.39   23  500 -124627.00 -124994.38  0.29%   561   93s
  1056   702 -124822.09   22  503 -124627.00 -124994.38  0.29%   559  105s
  1058   704 -124892.58   12  494 -124627.00 -124994.38  0.29%   558  111s
  1060   705 -124777.87   22  494 -124627.00 -124994.33  0.29%   557  127s
  1061   708 -124994.33   11  550 -124627.00 -124994.33  0.29%   595  151s
  1063   710 -124994.33   12  550 -124627.00 -124994.33  0.29%   595  160s
  1066   713 -124994.33   13  551 -124627.00 -124994.33  0.29%   595  167s
  1070   715 -124994.33   14  541 -124627.00 -124994.33  0.29%   596  171s
  1078   719 -124994.33   15  543 -124627.00 -124994.33  0.29%   599  179s
  1082   721 -124966.28   15  595 -124627.00 -124994.33  0.29%   602  182s
  1093   724 -124994.03   17  524 -124627.00 -124994.33  0.29%   602  185s
  1116   733 -124990.91   19  537 -124627.00 -124994.33  0.29%   603  191s
  1139   742 -124954.79   22  479 -124627.00 -124994.33  0.29%   601  196s
H 1179   724                    -124636.0000 -124994.33  0.29%   605  203s
  1196   736 -124918.91   30  422 -124636.00 -124994.33  0.29%   608  207s
  1221   750 -124820.79   32  401 -124636.00 -124994.33  0.29%   609  211s
  1258   759 -124881.18   37  384 -124636.00 -124994.33  0.29%   610  215s
H 1312   732                    -124702.0000 -124994.33  0.23%   609  218s
  1315   746 -124883.22   45  254 -124702.00 -124994.33  0.23%   610  220s
  1400   752 -124835.03   55  293 -124702.00 -124994.33  0.23%   602  226s
  1443   747     cutoff   59      -124702.00 -124994.33  0.23%   598  233s
  1475   749     cutoff   72      -124702.00 -124994.33  0.23%   593  235s
  1551   772 -124926.19   26  381 -124702.00 -124992.93  0.23%   591  241s
  1659   798 -124781.75   42  342 -124702.00 -124989.60  0.23%   585  247s
  1704   835 -124951.92   16  484 -124702.00 -124989.60  0.23%   585  250s
  1798   858 -124735.08   34  326 -124702.00 -124989.59  0.23%   579  257s
  1870   888 -124960.20   22  560 -124702.00 -124989.15  0.23%   573  260s
  1980   926 -124869.48   40  404 -124702.00 -124984.55  0.23%   568  267s
  2039   947 -124806.15   17  442 -124702.00 -124984.55  0.23%   568  272s
  2118   961 -124753.75   25  442 -124702.00 -124983.38  0.23%   567  277s
  2186   954 -124816.27   31  508 -124702.00 -124983.38  0.23%   567  285s
  2228   994 -124810.91   32  511 -124702.00 -124983.38  0.23%   563  290s
H 2283   943                    -124703.0000 -124983.38  0.22%   563  290s
  2298   975     cutoff   44      -124703.00 -124982.00  0.22%   563  295s
  2358  1049 -124903.96   24  431 -124703.00 -124981.80  0.22%   565  301s
  2483  1093 -124741.83   43  397 -124703.00 -124979.97  0.22%   560  307s
  2594  1132 -124896.81   38  485 -124703.00 -124979.91  0.22%   560  314s
  2680  1193 -124769.86   61  407 -124703.00 -124978.86  0.22%   556  321s
  2854  1237 -124939.50   25  587 -124703.00 -124976.58  0.22%   549  328s
  3037  1352 -124769.93   58  288 -124703.00 -124976.58  0.22%   544  336s
  3216  1467 -124727.81   45  305 -124703.00 -124976.09  0.22%   542  344s
  3374  1577 -124904.51   18  480 -124703.00 -124975.15  0.22%   543  352s
  3555  1761 -124949.94   21  518 -124703.00 -124973.76  0.22%   539  361s
  3806  1929 -124923.97   31  542 -124703.00 -124972.65  0.22%   531  369s
  4037  2076 -124939.86   26  519 -124703.00 -124971.34  0.22%   526  379s
  4233  2155 -124956.77   26  608 -124703.00 -124970.59  0.21%   525  392s
  4335  2315 -124788.19   56  294 -124703.00 -124970.49  0.21%   525  402s
  4557  2341 -124843.83   51  285 -124703.00 -124969.47  0.21%   528  415s
  4628  2499 -124808.83   69  208 -124703.00 -124968.67  0.21%   528  427s
  4966  2706 -124858.45   24  404 -124703.00 -124966.32  0.21%   522  439s
  5233  2931 -124863.10   31  351 -124703.00 -124965.62  0.21%   517  452s
  5552  3039 -124756.83   48  344 -124703.00 -124964.42  0.21%   517  467s
  5794  3223 -124876.91   38  521 -124703.00 -124963.83  0.21%   513  480s
  6086  3399 -124892.88   29  332 -124703.00 -124962.95  0.21%   515  495s
  6424  3549 -124765.12   51  495 -124703.00 -124960.74  0.21%   512  511s
  6704  3751 -124815.10   41  344 -124703.00 -124960.67  0.21%   508  527s
  7083  4101 -124816.88   43  329 -124703.00 -124959.23  0.21%   504  545s
  7560  4435 -124873.83   47  540 -124703.00 -124957.78  0.20%   500  562s
  8026  4691 -124919.35   27  544 -124703.00 -124956.40  0.20%   496  580s
  8433  5019     cutoff   40      -124703.00 -124955.72  0.20%   495  599s
  8895  5026 -124828.96   49  509 -124703.00 -124953.70  0.20%   495  600s

Cutting planes:
  Cover: 4
  Clique: 1

Explored 8909 nodes (4426729 simplex iterations) in 600.00 seconds (1431.85 work units)
Thread count was 4 (of 56 available processors)

Solution count 10: -124703 -124702 -124636 ... -124379

Time limit reached
Best objective -1.247030000048e+05, best bound -1.249530000000e+05, gap 0.2005%
