
Gurobi 9.5.0 (linux64) logging started Tue May  3 13:24:42 2022

Set parameter LogFile to value "/local_workspace/chenrui/LogFiles/MKAP/new0U_R5_M20_N50_seed10_DWcutsCT3_600.log"
Gurobi Optimizer version 9.5.0 build v9.5.0rc5 (linux64)
Thread count: 56 physical cores, 56 logical processors, using up to 4 threads
Optimize a model with 596 rows, 1100 columns and 5971 nonzeros
Model fingerprint: 0x80262176
Variable types: 0 continuous, 1100 integer (1100 binary)
Coefficient statistics:
  Matrix range     [1e-13, 2e+03]
  Objective range  [2e+01, 1e+03]
  Bounds range     [1e+00, 1e+00]
  RHS range        [2e-16, 1e+00]
Warning: Model contains large matrix coefficient range
         Consider reformulating model or setting NumericFocus parameter
         to avoid numerical issues.
Found heuristic solution: objective 0.0000000
Presolve removed 170 rows and 441 columns
Presolve time: 0.02s
Presolved: 426 rows, 659 columns, 3401 nonzeros
Found heuristic solution: objective -6980.000000
Variable types: 0 continuous, 659 integer (659 binary)

Root relaxation: objective -1.927533e+04, 909 iterations, 0.02 seconds (0.01 work units)

    Nodes    |    Current Node    |     Objective Bounds      |     Work
 Expl Unexpl |  Obj  Depth IntInf | Incumbent    BestBd   Gap | It/Node Time

     0     0 -19275.334    0   73 -6980.0000 -19275.334   176%     -    0s
H    0     0                    -18391.00000 -19275.334  4.81%     -    0s
H    0     0                    -18746.00000 -19275.334  2.82%     -    0s
H    0     0                    -19188.00000 -19275.334  0.46%     -    0s
     0     0 -19275.334    0   54 -19188.000 -19275.334  0.46%     -    0s
     0     0 -19275.334    0   55 -19188.000 -19275.334  0.46%     -    0s
     0     0 -19275.334    0   66 -19188.000 -19275.334  0.46%     -    0s
     0     0 -19275.334    0   67 -19188.000 -19275.334  0.46%     -    0s
H    0     0                    -19228.00000 -19275.334  0.25%     -    0s
     0     0 -19275.334    0   39 -19228.000 -19275.334  0.25%     -    0s
     0     0 -19275.334    0   59 -19228.000 -19275.334  0.25%     -    0s
     0     0 -19275.334    0   49 -19228.000 -19275.334  0.25%     -    0s
     0     0 -19275.334    0   49 -19228.000 -19275.334  0.25%     -    0s
     0     0 -19275.334    0   48 -19228.000 -19275.334  0.25%     -    0s
     0     0 -19275.334    0   53 -19228.000 -19275.334  0.25%     -    0s
     0     0 -19275.334    0   51 -19228.000 -19275.334  0.25%     -    0s
     0     0 -19275.334    0   51 -19228.000 -19275.334  0.25%     -    0s
     0     0 -19275.334    0   53 -19228.000 -19275.334  0.25%     -    0s
     0     0 -19275.334    0   45 -19228.000 -19275.334  0.25%     -    0s
     0     2 -19275.334    0   45 -19228.000 -19275.334  0.25%     -    0s
*   37    26               8    -19235.00000 -19269.759  0.18%  21.2    0s

Cutting planes:
  Cover: 28
  MIR: 11
  StrongCG: 8
  Inf proof: 2
  Zero half: 2

Explored 763 nodes (18233 simplex iterations) in 0.43 seconds (0.38 work units)
Thread count was 4 (of 56 available processors)

Solution count 8: -19235 -19228 -19188 ... 0
No other solutions better than -19235

Optimal solution found (tolerance 1.00e-04)
Best objective -1.923500000000e+04, best bound -1.923500000028e+04, gap 0.0000%
