
Gurobi 9.5.0 (linux64) logging started Sat Jun 18 18:25:17 2022

Set parameter LogFile to value "/local_workspace/chenrui/LogFiles/MKAP/new0U_R25_M10_N300_seed5_DWcutsCTp6_600.log"
Gurobi Optimizer version 9.5.0 build v9.5.0rc5 (linux64)
Thread count: 56 physical cores, 56 logical processors, using up to 4 threads
Optimize a model with 16550 rows, 3250 columns and 193101 nonzeros
Model fingerprint: 0x7c7fdf41
Variable types: 0 continuous, 3250 integer (3250 binary)
Coefficient statistics:
  Matrix range     [1e-13, 1e+04]
  Objective range  [1e+00, 1e+03]
  Bounds range     [1e+00, 1e+00]
  RHS range        [1e-05, 1e+00]
Warning: Model contains large matrix coefficient range
         Consider reformulating model or setting NumericFocus parameter
         to avoid numerical issues.
Found heuristic solution: objective 0.0000000
Presolve removed 242 rows and 0 columns
Presolve time: 0.38s
Presolved: 16308 rows, 3250 columns, 120167 nonzeros
Variable types: 0 continuous, 3250 integer (3250 binary)
Found heuristic solution: objective -5919.000000
Extra simplex iterations after uncrush: 5
Extra simplex iterations from dual to original model: 261

Use crossover to convert LP symmetric solution to basic solution...

Root relaxation: objective -6.801600e+04, 3782 iterations, 0.35 seconds (0.50 work units)

    Nodes    |    Current Node    |     Objective Bounds      |     Work
 Expl Unexpl |  Obj  Depth IntInf | Incumbent    BestBd   Gap | It/Node Time

*    0     0               0    -68016.00138 -68016.001  0.00%     -    1s

Explored 1 nodes (6615 simplex iterations) in 1.16 seconds (1.71 work units)
Thread count was 4 (of 56 available processors)

Solution count 3: -68016 -5919 0 

Optimal solution found (tolerance 1.00e-04)
Best objective -6.801600000000e+04, best bound -6.801600000000e+04, gap 0.0000%
