
Gurobi 9.5.0 (linux64) logging started Sun Jun 19 15:24:16 2022

Set parameter LogFile to value "/local_workspace/chenrui/LogFiles/MKAP/new0U_R25_M30_N300_seed6_DWcutsCTp6_600.log"
Gurobi Optimizer version 9.5.0 build v9.5.0rc5 (linux64)
Thread count: 56 physical cores, 56 logical processors, using up to 4 threads
Optimize a model with 30903 rows, 9750 columns and 374360 nonzeros
Model fingerprint: 0x801c8554
Variable types: 0 continuous, 9750 integer (9750 binary)
Coefficient statistics:
  Matrix range     [1e-13, 2e+04]
  Objective range  [3e+00, 1e+03]
  Bounds range     [1e+00, 1e+00]
  RHS range        [1e-05, 1e+00]
Warning: Model contains large matrix coefficient range
         Consider reformulating model or setting NumericFocus parameter
         to avoid numerical issues.
Found heuristic solution: objective 0.0000000
Presolve removed 8410 rows and 993 columns
Presolve time: 0.87s
Presolved: 22493 rows, 8757 columns, 223207 nonzeros
Found heuristic solution: objective -8401.000000
Variable types: 0 continuous, 8757 integer (8757 binary)

Root simplex log...

Iteration    Objective       Primal Inf.    Dual Inf.      Time
   15567   -1.2325016e+05   4.840557e+04   0.000000e+00      5s
   21560   -1.2229953e+05   0.000000e+00   0.000000e+00      8s

Root relaxation: objective -1.222995e+05, 21560 iterations, 7.25 seconds (14.52 work units)

    Nodes    |    Current Node    |     Objective Bounds      |     Work
 Expl Unexpl |  Obj  Depth IntInf | Incumbent    BestBd   Gap | It/Node Time

     0     0 -122299.53    0  591 -8401.0000 -122299.53  1356%     -    8s
H    0     0                    -106216.0000 -122299.53  15.1%     -    8s
H    0     0                    -117295.0000 -122299.53  4.27%     -    8s
H    0     0                    -118168.0000 -122299.53  3.50%     -    8s
H    0     0                    -119686.0000 -122299.53  2.18%     -    9s
     0     0 -122267.54    0  659 -119686.00 -122267.54  2.16%     -   10s
H    0     0                    -121133.0000 -122267.54  0.94%     -   14s
     0     0 -122266.89    0  657 -121133.00 -122266.89  0.94%     -   14s
     0     0 -122261.81    0  670 -121133.00 -122261.81  0.93%     -   15s
     0     0 -122261.78    0  672 -121133.00 -122261.78  0.93%     -   15s
     0     0 -122260.47    0  647 -121133.00 -122260.47  0.93%     -   16s
     0     0 -122259.68    0  680 -121133.00 -122259.68  0.93%     -   16s
     0     0 -122258.96    0  684 -121133.00 -122258.96  0.93%     -   17s
     0     0 -122258.95    0  685 -121133.00 -122258.95  0.93%     -   17s
     0     0 -122258.10    0  661 -121133.00 -122258.10  0.93%     -   17s
     0     0 -122258.06    0  675 -121133.00 -122258.06  0.93%     -   17s
     0     0 -122258.05    0  676 -121133.00 -122258.05  0.93%     -   17s
     0     0 -122258.05    0  677 -121133.00 -122258.05  0.93%     -   18s
     0     0 -122258.05    0  677 -121133.00 -122258.05  0.93%     -   18s
     0     2 -122258.05    0  677 -121133.00 -122258.05  0.93%     -   21s
H   27    32                    -121192.0000 -122253.93  0.88%   806   28s
H   28    32                    -121210.0000 -122253.93  0.86%   804   28s
H   29    32                    -121432.0000 -122253.93  0.68%   797   28s
H   62    69                    -121582.0000 -122253.93  0.55%   695   31s
H   63    69                    -121609.0000 -122253.93  0.53%   701   31s
   148   127 -121735.00   23  189 -121609.00 -122253.93  0.53%   509   37s
H  153   127                    -121658.0000 -122253.93  0.49%   497   37s
   214   157 -122223.15    7  675 -121658.00 -122253.29  0.49%   487   40s
   304   255 -122110.33   19  463 -121658.00 -122253.29  0.49%   507   45s
   401   300 -121674.07   29  337 -121658.00 -122253.29  0.49%   492   50s
   486   352 -121665.81   36  271 -121658.00 -122253.29  0.49%   476   59s
H  515   348                    -121694.0000 -122253.29  0.46%   461   59s
   520   360     cutoff   38      -121694.00 -122249.08  0.46%   465   61s
   572   410 -122203.24   10  706 -121694.00 -122249.06  0.46%   480   65s
   659   470 -122077.56   20  425 -121694.00 -122249.06  0.46%   494   70s
   708   547 -121941.37   35  157 -121694.00 -122242.93  0.45%   499   75s
   851   617 -122211.49   10  490 -121694.00 -122242.93  0.45%   477   80s
H 1032   710                    -121699.0000 -122237.76  0.44%   477   88s
  1033   711 -122199.56   12  677 -121699.00 -122237.76  0.44%   476   99s
  1035   712 -121878.90   37  579 -121699.00 -122237.76  0.44%   475  113s
  1036   713 -121985.33   19  663 -121699.00 -122237.76  0.44%   475  117s
  1041   716 -121756.09   28  637 -121699.00 -122237.76  0.44%   473  120s
  1048   721 -121784.78   31  653 -121699.00 -122237.76  0.44%   469  126s
  1050   722 -121902.58   43  653 -121699.00 -122237.75  0.44%   469  144s
  1051   726 -122234.70   10  642 -121699.00 -122237.75  0.44%   515  181s
  1053   729 -122231.42   11  659 -121699.00 -122233.93  0.44%   516  196s
  1061   735 -122116.59   12  659 -121699.00 -122230.96  0.44%   520  201s
  1079   747 -122220.48   15  615 -121699.00 -122229.24  0.44%   523  205s
H 1084   708                    -121773.0000 -122229.24  0.37%   523  205s
  1095   724 -122220.24   16  611 -121773.00 -122229.24  0.37%   526  211s
  1120   738 -122197.35   20  517 -121773.00 -122229.24  0.37%   527  215s
  1150   761 -122160.31   22  529 -121773.00 -122229.24  0.37%   531  222s
  1174   767 -122047.54   24  510 -121773.00 -122229.24  0.37%   534  225s
  1209   778 -122138.16   27  499 -121773.00 -122229.24  0.37%   535  231s
  1228   792 -122095.22   29  335 -121773.00 -122229.24  0.37%   537  236s
  1253   807 -122043.78   31  306 -121773.00 -122229.24  0.37%   538  240s
  1354   823     cutoff   42      -121773.00 -122229.24  0.37%   531  246s
  1422   852 -121960.27   49  136 -121773.00 -122229.24  0.37%   533  251s
  1485   859 -121969.13   57  314 -121773.00 -122229.24  0.37%   530  256s
  1621   890 -121898.07   81   94 -121773.00 -122229.24  0.37%   517  262s
  1739   888 -121818.60  107  194 -121773.00 -122227.00  0.37%   503  266s
  1811   921 -122143.09   26  490 -121773.00 -122227.00  0.37%   501  271s
  1901   996 -121913.76   56  423 -121773.00 -122225.78  0.37%   504  276s
  2050  1006 -122128.78   24  549 -121773.00 -122225.78  0.37%   492  283s
H 2057   946                    -121803.0000 -122225.78  0.35%   492  283s
  2095   942 -122046.37   31  443 -121803.00 -122225.78  0.35%   491  286s
  2189  1009 -121883.86   65  257 -121803.00 -122223.35  0.35%   486  291s
  2281  1050 -122115.47   27  552 -121803.00 -122223.35  0.35%   492  297s
  2317  1082 -122084.61   32  524 -121803.00 -122223.35  0.35%   491  300s
  2421  1139 -121872.88   44  477 -121803.00 -122218.59  0.34%   491  307s
  2501  1132 -122189.45   20  574 -121803.00 -122217.32  0.34%   491  312s
  2555  1158 -122134.59   24  525 -121803.00 -122217.32  0.34%   491  315s
  2645  1247 -122041.38   36  462 -121803.00 -122217.32  0.34%   498  324s
  2750  1275 -122001.49   45  368 -121803.00 -122217.32  0.34%   497  329s
  2822  1281 -121979.19   52  339 -121803.00 -122217.32  0.34%   498  333s
  2887  1291 -121969.47   58  220 -121803.00 -122217.32  0.34%   503  337s
  2969  1303 -121907.26   73  121 -121803.00 -122211.37  0.34%   503  342s
  3048  1364 -122175.92   21  520 -121803.00 -122211.37  0.34%   504  347s
  3152  1409 -121912.95   51  214 -121803.00 -122208.39  0.33%   503  352s
  3247  1499 -122092.71   34  434 -121803.00 -122206.01  0.33%   502  358s
  3374  1595     cutoff   61      -121803.00 -122205.39  0.33%   500  363s
  3494  1736 -122043.53   35  595 -121803.00 -122202.63  0.33%   503  370s
  3679  1826 -122115.48   21  719 -121803.00 -122199.83  0.33%   498  379s
  3784  1945 -121974.34   35  541 -121803.00 -122199.44  0.33%   496  387s
  3960  2088 -122048.99   30  573 -121803.00 -122196.66  0.32%   495  396s
  4145  2260 -122152.73   24  552 -121803.00 -122196.27  0.32%   494  404s
  4367  2399 -122085.01   24  613 -121803.00 -122193.77  0.32%   492  415s
  4564  2529     cutoff   26      -121803.00 -122192.58  0.32%   489  424s
  4787  2684 -122076.61   20  625 -121803.00 -122192.00  0.32%   491  435s
  4995  2749 -122108.09   23  532 -121803.00 -122191.69  0.32%   492  447s
  5117  2926 -122012.83   45  499 -121803.00 -122191.23  0.32%   492  458s
  5368  3185 -121886.91   62  201 -121803.00 -122188.00  0.32%   493  471s
  5715  3284 -122096.79   31  556 -121803.00 -122185.68  0.31%   490  485s
  5838  3503 -121857.16   62  267 -121803.00 -122184.49  0.31%   491  498s
  6132  3663 -121832.85   83  281 -121803.00 -122184.05  0.31%   490  514s
  6354  3849 -122038.77   23  568 -121803.00 -122183.49  0.31%   489  529s
  6626  4017 -121903.56   49  477 -121803.00 -122182.41  0.31%   493  545s
  6923  4179 -122085.87   33  586 -121803.00 -122181.53  0.31%   496  561s
  7240  4433     cutoff   45      -121803.00 -122180.92  0.31%   497  578s
  7629  4742 -121934.55   42  472 -121803.00 -122178.77  0.31%   496  596s
  8019  4747     cutoff   60      -121803.00 -122178.11  0.31%   497  600s

Cutting planes:
  Gomory: 14
  Cover: 138
  Clique: 50
  MIR: 32
  StrongCG: 22
  Flow cover: 63
  RLT: 3

Explored 8034 nodes (4019007 simplex iterations) in 600.01 seconds (1414.53 work units)
Thread count was 4 (of 56 available processors)

Solution count 10: -121803 -121773 -121699 ... -121192

Time limit reached
Best objective -1.218030000000e+05, best bound -1.221780000000e+05, gap 0.3079%
