
Gurobi 9.5.0 (linux64) logging started Sat Jun 18 17:58:06 2022

Set parameter LogFile to value "/local_workspace/chenrui/LogFiles/MKAP/new0U_R25_M10_N200_seed5_DWcutsCTp_600.log"
Gurobi Optimizer version 9.5.0 build v9.5.0rc5 (linux64)
Thread count: 56 physical cores, 56 logical processors, using up to 4 threads
Optimize a model with 710 rows, 2250 columns and 6750 nonzeros
Model fingerprint: 0x869fb2b7
Variable types: 0 continuous, 2250 integer (2250 binary)
Coefficient statistics:
  Matrix range     [1e+00, 1e+04]
  Objective range  [4e+00, 1e+03]
  Bounds range     [1e+00, 1e+00]
  RHS range        [1e-05, 1e+00]
Found heuristic solution: objective 0.0000000
Presolve removed 0 rows and 42 columns
Presolve time: 0.02s
Presolved: 710 rows, 2208 columns, 6624 nonzeros
Variable types: 0 continuous, 2208 integer (2208 binary)
Found heuristic solution: objective -5067.000000

Root relaxation: objective -4.729401e+04, 2515 iterations, 0.03 seconds (0.03 work units)

    Nodes    |    Current Node    |     Objective Bounds      |     Work
 Expl Unexpl |  Obj  Depth IntInf | Incumbent    BestBd   Gap | It/Node Time

     0     0 -47294.011    0  105 -5067.0000 -47294.011   833%     -    0s
H    0     0                    -35712.00000 -47294.011  32.4%     -    0s
H    0     0                    -43445.00000 -47294.011  8.86%     -    0s
H    0     0                    -47203.00000 -47294.011  0.19%     -    0s
     0     0 -47294.011    0  117 -47203.000 -47294.011  0.19%     -    0s
*    0     0               0    -47294.00001 -47294.000  0.00%     -    0s

Explored 1 nodes (5096 simplex iterations) in 0.16 seconds (0.12 work units)
Thread count was 4 (of 56 available processors)

Solution count 7: -47294 -47203 -43445 ... 0
No other solutions better than -47294

Optimal solution found (tolerance 1.00e-04)
Best objective -4.729400000778e+04, best bound -4.729400000778e+04, gap 0.0000%
