
Gurobi 9.5.0 (linux64) logging started Mon Jun 20 09:25:05 2022

Set parameter LogFile to value "/local_workspace/chenrui/LogFiles/MKAP/new0U_R10_M10_N50_seed9_DWcutsCTp3_600.log"
Gurobi Optimizer version 9.5.0 build v9.5.0rc5 (linux64)
Thread count: 56 physical cores, 56 logical processors, using up to 4 threads
Optimize a model with 606 rows, 600 columns and 2876 nonzeros
Model fingerprint: 0x6b1cb5a0
Variable types: 0 continuous, 600 integer (600 binary)
Coefficient statistics:
  Matrix range     [1e-13, 4e+03]
  Objective range  [9e+00, 1e+03]
  Bounds range     [1e+00, 1e+00]
  RHS range        [1e-05, 1e+00]
Warning: Model contains large matrix coefficient range
         Consider reformulating model or setting NumericFocus parameter
         to avoid numerical issues.
Found heuristic solution: objective 0.0000000
Presolve removed 200 rows and 137 columns
Presolve time: 0.01s
Presolved: 406 rows, 463 columns, 1614 nonzeros
Found heuristic solution: objective -5064.000000
Variable types: 0 continuous, 463 integer (463 binary)

Root relaxation: objective -1.791506e+04, 879 iterations, 0.01 seconds (0.01 work units)

    Nodes    |    Current Node    |     Objective Bounds      |     Work
 Expl Unexpl |  Obj  Depth IntInf | Incumbent    BestBd   Gap | It/Node Time

     0     0 -17915.063    0   74 -5064.0000 -17915.063   254%     -    0s
H    0     0                    -17915.00000 -17915.063  0.00%     -    0s
     0     0 -17915.063    0   74 -17915.000 -17915.063  0.00%     -    0s

Explored 1 nodes (885 simplex iterations) in 0.02 seconds (0.02 work units)
Thread count was 4 (of 56 available processors)

Solution count 3: -17915 -5064 0 
No other solutions better than -17915

Optimal solution found (tolerance 1.00e-04)
Best objective -1.791500000000e+04, best bound -1.791500000000e+04, gap 0.0000%
