
Gurobi 9.5.0 (linux64) logging started Tue May  3 15:54:10 2022

Set parameter LogFile to value "/local_workspace/chenrui/LogFiles/MKAP/new0U_R5_M20_N50_seed7_original_600.log"
Gurobi Optimizer version 9.5.0 build v9.5.0rc5 (linux64)
Thread count: 56 physical cores, 56 logical processors, using up to 4 threads
Optimize a model with 170 rows, 1100 columns and 2200 nonzeros
Model fingerprint: 0xb3a23a3b
Variable types: 0 continuous, 1100 integer (1100 binary)
Coefficient statistics:
  Matrix range     [1e+00, 1e+03]
  Objective range  [5e+01, 1e+03]
  Bounds range     [1e+00, 1e+00]
  RHS range        [1e+00, 1e+00]
Found heuristic solution: objective 0.0000000
Presolve removed 40 rows and 420 columns
Presolve time: 0.01s
Presolved: 130 rows, 680 columns, 1360 nonzeros
Variable types: 0 continuous, 680 integer (680 binary)
Found heuristic solution: objective -13873.00000

Root relaxation: objective -1.953173e+04, 393 iterations, 0.00 seconds (0.00 work units)

    Nodes    |    Current Node    |     Objective Bounds      |     Work
 Expl Unexpl |  Obj  Depth IntInf | Incumbent    BestBd   Gap | It/Node Time

     0     0 -19531.731    0   52 -13873.000 -19531.731  40.8%     -    0s
H    0     0                    -17860.00000 -19531.731  9.36%     -    0s
H    0     0                    -17875.00000 -19471.275  8.93%     -    0s
     0     0 -19471.275    0   76 -17875.000 -19471.275  8.93%     -    0s
H    0     0                    -18290.00000 -19471.275  6.46%     -    0s
H    0     0                    -18537.00000 -19471.275  5.04%     -    0s
H    0     0                    -18673.00000 -19471.216  4.27%     -    0s
     0     0 -19471.216    0   77 -18673.000 -19471.216  4.27%     -    0s
H    0     0                    -18743.00000 -19449.807  3.77%     -    0s
H    0     0                    -18859.00000 -19449.807  3.13%     -    0s
     0     0 -19449.807    0   75 -18859.000 -19449.807  3.13%     -    0s
     0     0 -19441.539    0   90 -18859.000 -19441.539  3.09%     -    0s
     0     0 -19440.857    0  106 -18859.000 -19440.857  3.09%     -    0s
     0     0 -19440.712    0  107 -18859.000 -19440.712  3.08%     -    0s
     0     0 -19440.649    0  108 -18859.000 -19440.649  3.08%     -    0s
     0     0 -19434.910    0  107 -18859.000 -19434.910  3.05%     -    0s
H    0     0                    -18973.00000 -19434.910  2.43%     -    0s
     0     0 -19433.842    0  107 -18973.000 -19433.842  2.43%     -    0s
     0     0 -19433.610    0  108 -18973.000 -19433.610  2.43%     -    0s
     0     0 -19433.601    0  109 -18973.000 -19433.601  2.43%     -    0s
     0     0 -19428.490    0   87 -18973.000 -19428.490  2.40%     -    0s
     0     0 -19424.938    0   91 -18973.000 -19424.938  2.38%     -    0s
     0     0 -19424.909    0   91 -18973.000 -19424.909  2.38%     -    0s
     0     0 -19416.098    0  112 -18973.000 -19416.098  2.34%     -    0s
     0     0 -19413.591    0  117 -18973.000 -19413.591  2.32%     -    0s
     0     0 -19413.567    0  118 -18973.000 -19413.567  2.32%     -    0s
     0     0 -19409.341    0  117 -18973.000 -19409.341  2.30%     -    0s
H    0     0                    -18975.00000 -19408.708  2.29%     -    0s
     0     0 -19408.708    0  100 -18975.000 -19408.708  2.29%     -    0s
     0     0 -19408.700    0  112 -18975.000 -19408.700  2.29%     -    0s
     0     0 -19405.695    0   91 -18975.000 -19405.695  2.27%     -    0s
H    0     0                    -19062.00000 -19405.695  1.80%     -    0s
     0     0 -19405.620    0  107 -19062.000 -19405.620  1.80%     -    0s
     0     0 -19405.361    0   97 -19062.000 -19405.361  1.80%     -    0s
     0     0 -19405.361    0   97 -19062.000 -19405.361  1.80%     -    0s
H    0     0                    -19220.00000 -19405.361  0.96%     -    0s
H    0     0                    -19230.00000 -19405.361  0.91%     -    0s
     0     0 -19405.361    0   51 -19230.000 -19405.361  0.91%     -    0s
     0     0 -19405.361    0   86 -19230.000 -19405.361  0.91%     -    0s
     0     0 -19405.361    0  111 -19230.000 -19405.361  0.91%     -    0s
     0     0 -19405.361    0   97 -19230.000 -19405.361  0.91%     -    0s
     0     0 -19405.361    0   94 -19230.000 -19405.361  0.91%     -    0s
     0     0 -19405.361    0  109 -19230.000 -19405.361  0.91%     -    0s
     0     0 -19405.315    0  103 -19230.000 -19405.315  0.91%     -    0s
     0     0 -19405.205    0  104 -19230.000 -19405.205  0.91%     -    0s
     0     0 -19404.055    0  110 -19230.000 -19404.055  0.91%     -    0s
     0     0 -19404.055    0  101 -19230.000 -19404.055  0.91%     -    0s
     0     2 -19403.298    0  101 -19230.000 -19403.298  0.90%     -    0s
H   67    72                    -19288.00000 -19391.932  0.54%  39.9    0s
 11362  2485     cutoff   29      -19288.000 -19331.848  0.23%  36.3    5s

Cutting planes:
  Gomory: 22
  Cover: 189
  Clique: 12
  MIR: 77
  StrongCG: 28
  Flow cover: 13
  Inf proof: 2
  Zero half: 3

Explored 23958 nodes (880039 simplex iterations) in 8.26 seconds (11.91 work units)
Thread count was 4 (of 56 available processors)

Solution count 10: -19288 -19230 -19220 ... -18537
No other solutions better than -19288

Optimal solution found (tolerance 1.00e-04)
Best objective -1.928800000000e+04, best bound -1.928800000000e+04, gap 0.0000%
