
Gurobi 9.5.0 (linux64) logging started Fri Apr 29 22:33:11 2022

Set parameter LogFile to value "/local_workspace/chenrui/LogFiles/MKAP/new0U_R25_M20_N200_seed6_DWcutsCT5_600.log"
Gurobi Optimizer version 9.5.0 build v9.5.0rc5 (linux64)
Thread count: 56 physical cores, 56 logical processors, using up to 4 threads
Optimize a model with 12020 rows, 4500 columns and 91551 nonzeros
Model fingerprint: 0x94a178a4
Variable types: 0 continuous, 4500 integer (4500 binary)
Coefficient statistics:
  Matrix range     [1e-13, 1e+04]
  Objective range  [1e+01, 1e+03]
  Bounds range     [1e+00, 1e+00]
  RHS range        [1e-16, 1e+00]
Warning: Model contains large matrix coefficient range
         Consider reformulating model or setting NumericFocus parameter
         to avoid numerical issues.
Found heuristic solution: objective 0.0000000
Presolve removed 6107 rows and 367 columns
Presolve time: 0.19s
Presolved: 5913 rows, 4133 columns, 32149 nonzeros
Found heuristic solution: objective -6915.000000
Variable types: 0 continuous, 4133 integer (4133 binary)

Root relaxation: objective -7.561767e+04, 13888 iterations, 1.00 seconds (0.95 work units)

    Nodes    |    Current Node    |     Objective Bounds      |     Work
 Expl Unexpl |  Obj  Depth IntInf | Incumbent    BestBd   Gap | It/Node Time

     0     0 -75617.667    0   39 -6915.0000 -75617.667   994%     -    1s
H    0     0                    -75595.00000 -75617.667  0.03%     -    1s
     0     0     cutoff    0      -75595.000 -75595.000  0.00%     -    1s

Cutting planes:
  Gomory: 14
  Zero half: 2

Explored 1 nodes (13935 simplex iterations) in 1.29 seconds (1.19 work units)
Thread count was 4 (of 56 available processors)

Solution count 3: -75595 -6915 0 
No other solutions better than -75595

Optimal solution found (tolerance 1.00e-04)
Best objective -7.559500000000e+04, best bound -7.559500000000e+04, gap 0.0000%
