
Gurobi 9.5.0 (linux64) logging started Tue May  3 15:28:45 2022

Set parameter LogFile to value "/local_workspace/chenrui/LogFiles/MKAP/new0U_R5_M10_N50_seed7_original_600.log"
Gurobi Optimizer version 9.5.0 build v9.5.0rc5 (linux64)
Thread count: 56 physical cores, 56 logical processors, using up to 4 threads
Optimize a model with 110 rows, 550 columns and 1100 nonzeros
Model fingerprint: 0xad0c34a3
Variable types: 0 continuous, 550 integer (550 binary)
Coefficient statistics:
  Matrix range     [1e+00, 2e+03]
  Objective range  [5e+01, 1e+03]
  Bounds range     [1e+00, 1e+00]
  RHS range        [1e+00, 1e+00]
Found heuristic solution: objective 0.0000000
Presolve removed 16 rows and 123 columns
Presolve time: 0.00s
Presolved: 94 rows, 427 columns, 854 nonzeros
Variable types: 0 continuous, 427 integer (427 binary)
Found heuristic solution: objective -10355.00000

Root relaxation: objective -1.961599e+04, 322 iterations, 0.00 seconds (0.00 work units)

    Nodes    |    Current Node    |     Objective Bounds      |     Work
 Expl Unexpl |  Obj  Depth IntInf | Incumbent    BestBd   Gap | It/Node Time

     0     0 -19615.994    0   23 -10355.000 -19615.994  89.4%     -    0s
H    0     0                    -15975.00000 -19615.994  22.8%     -    0s
H    0     0                    -18362.00000 -19615.994  6.83%     -    0s
H    0     0                    -18462.00000 -19615.994  6.25%     -    0s
H    0     0                    -18568.00000 -19615.994  5.64%     -    0s
     0     0 -19602.450    0   43 -18568.000 -19602.450  5.57%     -    0s
     0     0 -19602.450    0   52 -18568.000 -19602.450  5.57%     -    0s
     0     0 -19584.971    0   49 -18568.000 -19584.971  5.48%     -    0s
     0     0 -19584.836    0   56 -18568.000 -19584.836  5.48%     -    0s
     0     0 -19584.553    0   59 -18568.000 -19584.553  5.47%     -    0s
H    0     0                    -18578.00000 -19584.344  5.42%     -    0s
     0     0 -19584.344    0   52 -18578.000 -19584.344  5.42%     -    0s
     0     0 -19584.339    0   59 -18578.000 -19584.339  5.42%     -    0s
     0     0 -19581.886    0   74 -18578.000 -19581.886  5.40%     -    0s
     0     0 -19581.398    0   78 -18578.000 -19581.398  5.40%     -    0s
     0     0 -19581.398    0   83 -18578.000 -19581.398  5.40%     -    0s
     0     0 -19579.155    0   73 -18578.000 -19579.155  5.39%     -    0s
     0     0 -19578.687    0   77 -18578.000 -19578.687  5.39%     -    0s
     0     0 -19578.616    0   85 -18578.000 -19578.616  5.39%     -    0s
     0     0 -19578.544    0   87 -18578.000 -19578.544  5.39%     -    0s
     0     0 -19578.540    0   89 -18578.000 -19578.540  5.39%     -    0s
H    0     0                    -18594.00000 -19578.540  5.29%     -    0s
     0     0 -19575.380    0   73 -18594.000 -19575.380  5.28%     -    0s
H    0     0                    -18827.00000 -19573.499  3.97%     -    0s
H    0     0                    -18832.00000 -19573.499  3.94%     -    0s
     0     0 -19573.499    0   67 -18832.000 -19573.499  3.94%     -    0s
     0     0 -19572.686    0   76 -18832.000 -19572.686  3.93%     -    0s
     0     0 -19571.526    0   78 -18832.000 -19571.526  3.93%     -    0s
     0     0 -19571.522    0   79 -18832.000 -19571.522  3.93%     -    0s
     0     0 -19566.799    0   98 -18832.000 -19566.799  3.90%     -    0s
     0     0 -19565.081    0   87 -18832.000 -19565.081  3.89%     -    0s
     0     0 -19563.909    0   97 -18832.000 -19563.909  3.89%     -    0s
     0     0 -19563.167    0  103 -18832.000 -19563.167  3.88%     -    0s
     0     0 -19562.968    0  115 -18832.000 -19562.968  3.88%     -    0s
     0     0 -19562.927    0  113 -18832.000 -19562.927  3.88%     -    0s
     0     0 -19562.919    0  115 -18832.000 -19562.919  3.88%     -    0s
     0     0 -19559.299    0  106 -18832.000 -19559.299  3.86%     -    0s
     0     0 -19559.112    0  101 -18832.000 -19559.112  3.86%     -    0s
     0     0 -19559.111    0  102 -18832.000 -19559.111  3.86%     -    0s
     0     0 -19553.573    0   82 -18832.000 -19553.573  3.83%     -    0s
     0     0 -19553.111    0   90 -18832.000 -19553.111  3.83%     -    0s
     0     0 -19552.628    0  101 -18832.000 -19552.628  3.83%     -    0s
     0     0 -19551.988    0   93 -18832.000 -19551.988  3.82%     -    0s
     0     0 -19551.977    0  101 -18832.000 -19551.977  3.82%     -    0s
H    0     0                    -18999.00000 -19551.977  2.91%     -    0s
     0     0 -19548.151    0  113 -18999.000 -19548.151  2.89%     -    0s
     0     0 -19545.323    0  121 -18999.000 -19545.323  2.88%     -    0s
     0     0 -19542.691    0  128 -18999.000 -19542.691  2.86%     -    0s
     0     0 -19542.575    0  126 -18999.000 -19542.575  2.86%     -    0s
     0     0 -19542.421    0  126 -18999.000 -19542.421  2.86%     -    0s
     0     0 -19542.210    0  130 -18999.000 -19542.210  2.86%     -    0s
     0     0 -19542.095    0  128 -18999.000 -19542.095  2.86%     -    0s
     0     0 -19542.095    0  125 -18999.000 -19542.095  2.86%     -    0s
     0     0 -19519.986    0   99 -18999.000 -19519.986  2.74%     -    0s
     0     0 -19519.345    0  118 -18999.000 -19519.345  2.74%     -    0s
     0     0 -19518.596    0  120 -18999.000 -19518.596  2.73%     -    0s
     0     0 -19518.270    0  121 -18999.000 -19518.270  2.73%     -    0s
     0     0 -19518.173    0  122 -18999.000 -19518.173  2.73%     -    0s
     0     0 -19514.601    0  117 -18999.000 -19514.601  2.71%     -    0s
     0     0 -19514.065    0  113 -18999.000 -19514.065  2.71%     -    0s
     0     0 -19513.700    0  118 -18999.000 -19513.700  2.71%     -    0s
     0     0 -19513.513    0  119 -18999.000 -19513.513  2.71%     -    0s
     0     0 -19512.169    0  121 -18999.000 -19512.169  2.70%     -    0s
     0     0 -19512.007    0  120 -18999.000 -19512.007  2.70%     -    0s
     0     0 -19511.985    0  125 -18999.000 -19511.985  2.70%     -    0s
     0     0 -19508.878    0  118 -18999.000 -19508.878  2.68%     -    0s
H    0     0                    -19230.00000 -19508.878  1.45%     -    0s
     0     0 -19507.061    0  128 -19230.000 -19507.061  1.44%     -    0s
     0     0 -19507.026    0  122 -19230.000 -19507.026  1.44%     -    0s
     0     0 -19506.316    0  123 -19230.000 -19506.316  1.44%     -    0s
     0     0 -19503.739    0  118 -19230.000 -19503.739  1.42%     -    0s
     0     0 -19502.621    0  111 -19230.000 -19502.621  1.42%     -    0s
     0     0 -19502.535    0  124 -19230.000 -19502.535  1.42%     -    0s
     0     0 -19502.298    0  127 -19230.000 -19502.298  1.42%     -    0s
     0     0 -19502.297    0  127 -19230.000 -19502.297  1.42%     -    0s
     0     0 -19502.297    0  129 -19230.000 -19502.297  1.42%     -    0s
     0     0 -19502.297    0  125 -19230.000 -19502.297  1.42%     -    0s
     0     0 -19502.297    0   25 -19230.000 -19502.297  1.42%     -    0s
     0     0 -19502.297    0   58 -19230.000 -19502.297  1.42%     -    0s
     0     0 -19502.297    0   69 -19230.000 -19502.297  1.42%     -    0s
     0     0 -19495.123    0   61 -19230.000 -19495.123  1.38%     -    0s
     0     0 -19486.500    0   70 -19230.000 -19486.500  1.33%     -    0s
     0     0 -19480.723    0   95 -19230.000 -19480.723  1.30%     -    0s
     0     0 -19472.631    0   93 -19230.000 -19472.631  1.26%     -    0s
     0     0 -19468.417    0  107 -19230.000 -19468.417  1.24%     -    0s
     0     0 -19464.390    0  121 -19230.000 -19464.390  1.22%     -    0s
     0     0 -19462.802    0  112 -19230.000 -19462.802  1.21%     -    0s
     0     0 -19462.712    0  104 -19230.000 -19462.712  1.21%     -    0s
     0     0 -19462.704    0   98 -19230.000 -19462.704  1.21%     -    0s
     0     0 -19461.034    0  108 -19230.000 -19461.034  1.20%     -    0s
     0     0 -19460.754    0  114 -19230.000 -19460.754  1.20%     -    0s
     0     0 -19459.949    0  125 -19230.000 -19459.949  1.20%     -    0s
     0     0 -19459.887    0  120 -19230.000 -19459.887  1.20%     -    0s
     0     0 -19459.538    0  122 -19230.000 -19459.538  1.19%     -    0s
     0     0 -19459.538    0  122 -19230.000 -19459.538  1.19%     -    0s
     0     2 -19459.506    0  121 -19230.000 -19459.506  1.19%     -    0s

Cutting planes:
  Gomory: 8
  Cover: 199
  Clique: 33
  MIR: 76
  StrongCG: 42
  Flow cover: 9
  Inf proof: 9
  Zero half: 7
  RLT: 2

Explored 13764 nodes (402149 simplex iterations) in 4.18 seconds (5.20 work units)
Thread count was 4 (of 56 available processors)

Solution count 10: -19230 -18999 -18832 ... -15975
No other solutions better than -19230

Optimal solution found (tolerance 1.00e-04)
Best objective -1.923000000000e+04, best bound -1.923000000000e+04, gap 0.0000%
