
Gurobi 9.5.0 (linux64) logging started Fri Apr 29 08:36:41 2022

Set parameter LogFile to value "/local_workspace/chenrui/LogFiles/MKAP/new0U_R25_M10_N200_seed7_DWcuts_600.log"
Gurobi Optimizer version 9.5.0 build v9.5.0rc5 (linux64)
Thread count: 56 physical cores, 56 logical processors, using up to 4 threads
Optimize a model with 710 rows, 2250 columns and 6750 nonzeros
Model fingerprint: 0x21cac5e5
Variable types: 0 continuous, 2250 integer (2250 binary)
Coefficient statistics:
  Matrix range     [1e+00, 8e+03]
  Objective range  [5e+00, 1e+03]
  Bounds range     [1e+00, 1e+00]
  RHS range        [8e-12, 1e+00]
Found heuristic solution: objective 0.0000000
Presolve removed 15 rows and 85 columns
Presolve time: 0.02s
Presolved: 695 rows, 2165 columns, 6402 nonzeros
Variable types: 0 continuous, 2165 integer (2165 binary)
Found heuristic solution: objective -6796.000000

Root relaxation: objective -4.524201e+04, 2495 iterations, 0.03 seconds (0.03 work units)

    Nodes    |    Current Node    |     Objective Bounds      |     Work
 Expl Unexpl |  Obj  Depth IntInf | Incumbent    BestBd   Gap | It/Node Time

     0     0 -45242.008    0   70 -6796.0000 -45242.008   566%     -    0s
H    0     0                    -34543.00000 -45242.008  31.0%     -    0s
H    0     0                    -34656.00000 -45242.008  30.5%     -    0s
H    0     0                    -37065.00000 -45242.008  22.1%     -    0s
H    0     0                    -42603.00000 -45242.008  6.19%     -    0s
H    0     0                    -44668.00000 -45242.008  1.29%     -    0s
     0     0 -45242.008    0   78 -44668.000 -45242.008  1.29%     -    0s
     0     0 -45242.008    0   38 -44668.000 -45242.008  1.29%     -    0s
H    0     0                    -44920.00000 -45242.008  0.72%     -    0s
     0     0 -45242.003    0   18 -44920.000 -45242.003  0.72%     -    0s
     0     0 -45242.003    0   26 -44920.000 -45242.003  0.72%     -    0s
H    0     0                    -45242.00000 -45242.003  0.00%     -    0s
     0     0 -45242.000    0   30 -45242.000 -45242.000  0.00%     -    0s

Cutting planes:
  Gomory: 15
  Cover: 11
  Clique: 71
  MIR: 4
  StrongCG: 6

Explored 1 nodes (5863 simplex iterations) in 0.22 seconds (0.16 work units)
Thread count was 4 (of 56 available processors)

Solution count 10: -45242 -44920 -44668 ... -6796
No other solutions better than -45242

Optimal solution found (tolerance 1.00e-04)
Best objective -4.524200000000e+04, best bound -4.524200000000e+04, gap 0.0000%
