
Gurobi 9.5.0 (linux64) logging started Fri Apr 29 08:34:28 2022

Set parameter LogFile to value "/local_workspace/chenrui/LogFiles/MKAP/new0U_R25_M10_N200_seed3_objLB_600.log"
Gurobi Optimizer version 9.5.0 build v9.5.0rc5 (linux64)
Thread count: 56 physical cores, 56 logical processors, using up to 4 threads
Optimize a model with 461 rows, 2250 columns and 6500 nonzeros
Model fingerprint: 0xbfe8d40f
Variable types: 0 continuous, 2250 integer (2250 binary)
Coefficient statistics:
  Matrix range     [1e+00, 1e+04]
  Objective range  [5e+00, 1e+03]
  Bounds range     [1e+00, 1e+00]
  RHS range        [1e+00, 4e+04]
Found heuristic solution: objective 0.0000000
Presolve removed 22 rows and 220 columns
Presolve time: 0.02s
Presolved: 439 rows, 2030 columns, 5862 nonzeros
Variable types: 0 continuous, 2030 integer (2030 binary)
Found heuristic solution: objective -26774.00000

Root relaxation: objective -4.416700e+04, 356 iterations, 0.00 seconds (0.00 work units)

    Nodes    |    Current Node    |     Objective Bounds      |     Work
 Expl Unexpl |  Obj  Depth IntInf | Incumbent    BestBd   Gap | It/Node Time

     0     0 -44167.000    0   19 -26774.000 -44167.000  65.0%     -    0s
H    0     0                    -36148.00000 -44167.000  22.2%     -    0s
H    0     0                    -36599.00000 -44167.000  20.7%     -    0s
H    0     0                    -40036.00000 -44167.000  10.3%     -    0s
     0     0 -44167.000    0   76 -40036.000 -44167.000  10.3%     -    0s
     0     0 -44167.000    0   76 -40036.000 -44167.000  10.3%     -    0s
H    0     0                    -40311.00000 -44167.000  9.57%     -    0s
H    0     0                    -40529.00000 -44167.000  8.98%     -    0s
     0     0 -44167.000    0   11 -40529.000 -44167.000  8.98%     -    0s
H    0     0                    -40966.00000 -44167.000  7.81%     -    0s
     0     0 -44167.000    0   21 -40966.000 -44167.000  7.81%     -    0s
H    0     0                    -41369.00000 -44167.000  6.76%     -    0s
     0     0 -44167.000    0   19 -41369.000 -44167.000  6.76%     -    0s
     0     0 -44167.000    0   19 -41369.000 -44167.000  6.76%     -    0s
H    0     0                    -41811.00000 -44167.000  5.63%     -    0s
     0     2 -44167.000    0   19 -41811.000 -44167.000  5.63%     -    0s
H   32    36                    -41844.00000 -44167.000  5.55%  42.3    0s
H   33    36                    -42182.00000 -44167.000  4.71%  41.2    0s
H   78    83                    -42565.00000 -44167.000  3.76%  41.8    0s
H  132   306                    -42918.00000 -44167.000  2.91%  31.5    0s
H 1180   704                    -43093.00000 -44167.000  2.49%  11.9    0s
H 2093   631                    -43165.00000 -44167.000  2.32%  17.2    1s
H 2122   638                    -43437.00000 -44167.000  1.68%  17.4    1s
H 2572   899                    -43508.00000 -44167.000  1.51%  16.0    2s
H 2572   854                    -43828.00000 -44167.000  0.77%  16.0    2s
H 2578   814                    -43896.00000 -44167.000  0.62%  16.0    2s
H 2657   811                    -43897.00000 -44167.000  0.62%  38.7    3s
H 2706   800                    -44067.00000 -44167.000  0.23%  42.2    4s
H 3165   777                    -44167.00000 -44167.000  0.00%  43.9    4s

Cutting planes:
  Gomory: 42
  Cover: 106
  Clique: 47
  MIR: 8
  StrongCG: 28
  Flow cover: 23
  Inf proof: 1
  Zero half: 9
  RLT: 1

Explored 3463 nodes (150897 simplex iterations) in 4.93 seconds (7.90 work units)
Thread count was 4 (of 56 available processors)

Solution count 10: -44167 -44067 -43897 ... -42918
No other solutions better than -44167

Optimal solution found (tolerance 1.00e-04)
Best objective -4.416700000000e+04, best bound -4.416700000000e+04, gap 0.0000%
