
Gurobi 9.5.0 (linux64) logging started Thu Apr 28 15:15:32 2022

Set parameter LogFile to value "/local_workspace/chenrui/LogFiles/MKAP/new0U_R10_M10_N100_seed6_objLB_600.log"
Gurobi Optimizer version 9.5.0 build v9.5.0rc5 (linux64)
Thread count: 56 physical cores, 56 logical processors, using up to 4 threads
Optimize a model with 211 rows, 1100 columns and 3200 nonzeros
Model fingerprint: 0x178537f1
Variable types: 0 continuous, 1100 integer (1100 binary)
Coefficient statistics:
  Matrix range     [1e+00, 4e+03]
  Objective range  [1e+01, 1e+03]
  Bounds range     [1e+00, 1e+00]
  RHS range        [1e+00, 4e+04]
Found heuristic solution: objective 0.0000000
Presolve removed 10 rows and 10 columns
Presolve time: 0.01s
Presolved: 201 rows, 1090 columns, 3180 nonzeros
Variable types: 0 continuous, 1090 integer (1090 binary)
Found heuristic solution: objective -20159.00000

Root relaxation: objective -3.876800e+04, 288 iterations, 0.00 seconds (0.00 work units)

    Nodes    |    Current Node    |     Objective Bounds      |     Work
 Expl Unexpl |  Obj  Depth IntInf | Incumbent    BestBd   Gap | It/Node Time

     0     0 -38768.000    0   42 -20159.000 -38768.000  92.3%     -    0s
H    0     0                    -29535.00000 -38768.000  31.3%     -    0s
H    0     0                    -29768.00000 -38768.000  30.2%     -    0s
H    0     0                    -30275.00000 -38768.000  28.1%     -    0s
H    0     0                    -31580.00000 -38768.000  22.8%     -    0s
     0     0 -38768.000    0   98 -31580.000 -38768.000  22.8%     -    0s
H    0     0                    -35837.00000 -38768.000  8.18%     -    0s
     0     0 -38768.000    0   77 -35837.000 -38768.000  8.18%     -    0s
H    0     0                    -36272.00000 -38768.000  6.88%     -    0s
H    0     0                    -36344.00000 -38768.000  6.67%     -    0s
     0     0 -38768.000    0   37 -36344.000 -38768.000  6.67%     -    0s
     0     0 -38768.000    0   48 -36344.000 -38768.000  6.67%     -    0s
     0     0 -38768.000    0   40 -36344.000 -38768.000  6.67%     -    0s
     0     0 -38768.000    0   33 -36344.000 -38768.000  6.67%     -    0s
     0     2 -38768.000    0   27 -36344.000 -38768.000  6.67%     -    0s
H   48    52                    -36708.00000 -38768.000  5.61%  57.9    0s
H  318   217                    -37802.00000 -38768.000  2.56%  23.4    0s
H  948   275                    -38025.00000 -38768.000  1.95%  16.4    0s
H 1843   322                    -38103.00000 -38768.000  1.75%  13.5    0s
H 2239   388                    -38155.00000 -38768.000  1.61%  13.4    0s
H 2526   337                    -38286.00000 -38768.000  1.26%  13.7    0s
H 2983   379                    -38313.00000 -38768.000  1.19%  22.6    1s
H 3105   222                    -38558.00000 -38768.000  0.54%  24.8    1s
H 3413   215                    -38670.00000 -38768.000  0.25%  29.1    1s
H 3614   265                    -38762.00000 -38768.000  0.02%  35.1    2s
 12270   941     cutoff   47      -38762.000 -38768.000  0.02%  31.9    5s
H17264   238                    -38768.00000 -38768.000  0.00%  34.3    6s

Cutting planes:
  Gomory: 4
  Cover: 88
  Clique: 74
  MIR: 10
  StrongCG: 14
  Flow cover: 12
  Zero half: 1
  RLT: 1

Explored 17423 nodes (602863 simplex iterations) in 6.35 seconds (9.43 work units)
Thread count was 4 (of 56 available processors)

Solution count 10: -38768 -38762 -38670 ... -37802
No other solutions better than -38768

Optimal solution found (tolerance 1.00e-04)
Best objective -3.876800000000e+04, best bound -3.876800000000e+04, gap 0.0000%
