
Gurobi 9.5.0 (linux64) logging started Sat Jun 18 19:16:01 2022

Set parameter LogFile to value "/local_workspace/chenrui/LogFiles/MKAP/new0U_R25_M20_N200_seed10_DWcutsCTp3_600.log"
Gurobi Optimizer version 9.5.0 build v9.5.0rc5 (linux64)
Thread count: 56 physical cores, 56 logical processors, using up to 4 threads
Optimize a model with 4176 rows, 4500 columns and 37917 nonzeros
Model fingerprint: 0x69021577
Variable types: 0 continuous, 4500 integer (4500 binary)
Coefficient statistics:
  Matrix range     [1e-13, 8e+03]
  Objective range  [6e+00, 1e+03]
  Bounds range     [1e+00, 1e+00]
  RHS range        [1e-05, 1e+00]
Warning: Model contains large matrix coefficient range
         Consider reformulating model or setting NumericFocus parameter
         to avoid numerical issues.
Found heuristic solution: objective 0.0000000
Presolve removed 304 rows and 336 columns
Presolve time: 0.08s
Presolved: 3872 rows, 4164 columns, 28850 nonzeros
Variable types: 0 continuous, 4164 integer (4164 binary)
Found heuristic solution: objective -4645.000000

Root relaxation: objective -7.338624e+04, 10912 iterations, 0.88 seconds (0.88 work units)

    Nodes    |    Current Node    |     Objective Bounds      |     Work
 Expl Unexpl |  Obj  Depth IntInf | Incumbent    BestBd   Gap | It/Node Time

     0     0 -73386.238    0  309 -4645.0000 -73386.238  1480%     -    1s
H    0     0                    -73386.00000 -73386.238  0.00%     -    1s
     0     0 -73386.238    0  309 -73386.000 -73386.238  0.00%     -    1s

Explored 1 nodes (10925 simplex iterations) in 1.01 seconds (1.00 work units)
Thread count was 4 (of 56 available processors)

Solution count 3: -73386 -4645 0 
No other solutions better than -73386

Optimal solution found (tolerance 1.00e-04)
Best objective -7.338600000000e+04, best bound -7.338600000000e+04, gap 0.0000%
