
Gurobi 9.5.0 (linux64) logging started Tue May  3 16:11:46 2022

Set parameter LogFile to value "/local_workspace/chenrui/LogFiles/MKAP/new0U_R5_M30_N50_seed8_DWcuts_600.log"
Gurobi Optimizer version 9.5.0 build v9.5.0rc5 (linux64)
Thread count: 56 physical cores, 56 logical processors, using up to 4 threads
Optimize a model with 380 rows, 1650 columns and 4950 nonzeros
Model fingerprint: 0xbc04174e
Variable types: 0 continuous, 1650 integer (1650 binary)
Coefficient statistics:
  Matrix range     [2e-13, 1e+03]
  Objective range  [2e+01, 9e+02]
  Bounds range     [1e+00, 1e+00]
  RHS range        [1e-13, 3e+02]
Warning: Model contains large matrix coefficient range
         Consider reformulating model or setting NumericFocus parameter
         to avoid numerical issues.
Found heuristic solution: objective 0.0000000
Presolve removed 173 rows and 960 columns
Presolve time: 0.01s
Presolved: 207 rows, 690 columns, 1666 nonzeros
Found heuristic solution: objective -11926.00000
Variable types: 0 continuous, 690 integer (690 binary)

Root relaxation: objective -1.611803e+04, 586 iterations, 0.01 seconds (0.00 work units)

    Nodes    |    Current Node    |     Objective Bounds      |     Work
 Expl Unexpl |  Obj  Depth IntInf | Incumbent    BestBd   Gap | It/Node Time

     0     0 -16118.031    0    1 -11926.000 -16118.031  35.2%     -    0s
H    0     0                    -16118.00000 -16118.031  0.00%     -    0s
     0     0 -16118.031    0    1 -16118.000 -16118.031  0.00%     -    0s

Explored 1 nodes (752 simplex iterations) in 0.02 seconds (0.01 work units)
Thread count was 4 (of 56 available processors)

Solution count 3: -16118 -11926 0 
No other solutions better than -16118

Optimal solution found (tolerance 1.00e-04)
Best objective -1.611800000000e+04, best bound -1.611800000000e+04, gap 0.0000%
