
Gurobi 9.5.0 (linux64) logging started Mon Jun 20 09:11:16 2022

Set parameter LogFile to value "/local_workspace/chenrui/LogFiles/MKAP/new0U_R5_M10_N50_seed5_DWcutsCTp_600.log"
Gurobi Optimizer version 9.5.0 build v9.5.0rc5 (linux64)
Thread count: 56 physical cores, 56 logical processors, using up to 4 threads
Optimize a model with 160 rows, 550 columns and 1650 nonzeros
Model fingerprint: 0xf78dcbe8
Variable types: 0 continuous, 550 integer (550 binary)
Coefficient statistics:
  Matrix range     [1e-13, 3e+03]
  Objective range  [4e+00, 1e+03]
  Bounds range     [1e+00, 1e+00]
  RHS range        [1e-05, 1e+00]
Warning: Model contains large matrix coefficient range
         Consider reformulating model or setting NumericFocus parameter
         to avoid numerical issues.
Found heuristic solution: objective 0.0000000
Presolve removed 6 rows and 118 columns
Presolve time: 0.00s
Presolved: 154 rows, 432 columns, 1257 nonzeros
Found heuristic solution: objective -6341.000000
Variable types: 0 continuous, 432 integer (432 binary)

Root relaxation: objective -2.119456e+04, 497 iterations, 0.00 seconds (0.00 work units)

    Nodes    |    Current Node    |     Objective Bounds      |     Work
 Expl Unexpl |  Obj  Depth IntInf | Incumbent    BestBd   Gap | It/Node Time

     0     0 -21194.559    0   44 -6341.0000 -21194.559   234%     -    0s
H    0     0                    -18537.00000 -21194.559  14.3%     -    0s
H    0     0                    -18687.00000 -21194.559  13.4%     -    0s
H    0     0                    -19852.00000 -21194.559  6.76%     -    0s
H    0     0                    -20497.00000 -21194.559  3.40%     -    0s
     0     0 -21194.559    0   80 -20497.000 -21194.559  3.40%     -    0s
H    0     0                    -20547.00000 -21194.559  3.15%     -    0s
     0     0 -21194.559    0   61 -20547.000 -21194.559  3.15%     -    0s
     0     0 -21194.559    0   70 -20547.000 -21194.559  3.15%     -    0s
H    0     0                    -20614.00000 -21194.559  2.82%     -    0s
H    0     0                    -20982.00002 -21194.559  1.01%     -    0s
     0     0 -21194.559    0   86 -20982.000 -21194.559  1.01%     -    0s
     0     0 -21194.559    0   82 -20982.000 -21194.559  1.01%     -    0s
     0     0 -21194.559    0   82 -20982.000 -21194.559  1.01%     -    0s
     0     0 -21194.559    0   62 -20982.000 -21194.559  1.01%     -    0s
     0     0 -21194.559    0   74 -20982.000 -21194.559  1.01%     -    0s
     0     0 -21194.559    0   68 -20982.000 -21194.559  1.01%     -    0s
     0     0 -21194.559    0   73 -20982.000 -21194.559  1.01%     -    0s
H    0     0                    -20995.00000 -21194.559  0.95%     -    0s
     0     0 -21194.559    0   48 -20995.000 -21194.559  0.95%     -    0s
     0     0 -21194.559    0   64 -20995.000 -21194.559  0.95%     -    0s
     0     0 -21194.559    0   64 -20995.000 -21194.559  0.95%     -    0s
     0     2 -21194.559    0   64 -20995.000 -21194.559  0.95%     -    0s
* 3221   414              15    -21016.00005 -21090.259  0.35%  20.6    0s

Cutting planes:
  Gomory: 4
  Cover: 127
  Clique: 59
  MIR: 27
  StrongCG: 10
  Inf proof: 5
  Zero half: 2
  RLT: 2

Explored 4366 nodes (86940 simplex iterations) in 0.76 seconds (0.74 work units)
Thread count was 4 (of 56 available processors)

Solution count 10: -21016 -20995 -20982 ... -6341

Optimal solution found (tolerance 1.00e-04)
Best objective -2.101600000000e+04, best bound -2.101600005811e+04, gap 0.0000%
