
Gurobi 9.5.0 (linux64) logging started Mon Jun 20 11:45:52 2022

Set parameter LogFile to value "/local_workspace/chenrui/LogFiles/MKAP/new0U_R25_M20_N50_seed6_DWcutsCTp_600.log"
Gurobi Optimizer version 9.5.0 build v9.5.0rc5 (linux64)
Thread count: 56 physical cores, 56 logical processors, using up to 4 threads
Optimize a model with 1070 rows, 1500 columns and 4392 nonzeros
Model fingerprint: 0xe9b57683
Variable types: 0 continuous, 1500 integer (1500 binary)
Coefficient statistics:
  Matrix range     [1e+00, 1e+03]
  Objective range  [2e+01, 1e+03]
  Bounds range     [1e+00, 1e+00]
  RHS range        [1e-05, 1e+00]
Found heuristic solution: objective 0.0000000
Presolve removed 798 rows and 757 columns
Presolve time: 0.01s
Presolved: 272 rows, 743 columns, 1789 nonzeros
Found heuristic solution: objective -15940.00000
Variable types: 0 continuous, 743 integer (743 binary)

Root relaxation: objective -1.915600e+04, 521 iterations, 0.00 seconds (0.00 work units)

    Nodes    |    Current Node    |     Objective Bounds      |     Work
 Expl Unexpl |  Obj  Depth IntInf | Incumbent    BestBd   Gap | It/Node Time

     0     0 -19156.001    0    9 -15940.000 -19156.001  20.2%     -    0s
H    0     0                    -19156.00000 -19156.001  0.00%     -    0s
     0     0 -19156.001    0    9 -19156.000 -19156.001  0.00%     -    0s

Explored 1 nodes (521 simplex iterations) in 0.02 seconds (0.02 work units)
Thread count was 4 (of 56 available processors)

Solution count 3: -19156 -15940 0 
No other solutions better than -19156

Optimal solution found (tolerance 1.00e-04)
Best objective -1.915600000000e+04, best bound -1.915600000000e+04, gap 0.0000%
