
Gurobi 9.5.0 (linux64) logging started Sat Jun 18 17:48:26 2022

Set parameter LogFile to value "/local_workspace/chenrui/LogFiles/MKAP/new0U_R25_M10_N100_seed6_DWcutsCTp_600.log"
Gurobi Optimizer version 9.5.0 build v9.5.0rc5 (linux64)
Thread count: 56 physical cores, 56 logical processors, using up to 4 threads
Optimize a model with 610 rows, 1250 columns and 3750 nonzeros
Model fingerprint: 0x11bf3e37
Variable types: 0 continuous, 1250 integer (1250 binary)
Coefficient statistics:
  Matrix range     [1e+00, 4e+03]
  Objective range  [1e+01, 1e+03]
  Bounds range     [1e+00, 1e+00]
  RHS range        [1e-05, 1e+00]
Found heuristic solution: objective 0.0000000
Presolve time: 0.01s
Presolved: 610 rows, 1250 columns, 3750 nonzeros
Variable types: 0 continuous, 1250 integer (1250 binary)
Found heuristic solution: objective -1490.000000

Root relaxation: objective -2.574500e+04, 1787 iterations, 0.02 seconds (0.02 work units)

    Nodes    |    Current Node    |     Objective Bounds      |     Work
 Expl Unexpl |  Obj  Depth IntInf | Incumbent    BestBd   Gap | It/Node Time

     0     0 -25745.004    0   44 -1490.0000 -25745.004  1628%     -    0s
H    0     0                    -22523.00000 -25745.004  14.3%     -    0s
H    0     0                    -24518.00000 -25745.004  5.00%     -    0s
H    0     0                    -24920.00000 -25745.004  3.31%     -    0s
H    0     0                    -25073.00000 -25745.004  2.68%     -    0s
     0     0 -25745.004    0   58 -25073.000 -25745.004  2.68%     -    0s
     0     0 -25745.004    0   65 -25073.000 -25745.004  2.68%     -    0s
H    0     0                    -25648.00007 -25745.004  0.38%     -    0s
     0     0 -25745.004    0   25 -25648.000 -25745.004  0.38%     -    0s
*    0     0               0    -25745.00000 -25745.000  0.00%     -    0s

Explored 1 nodes (3262 simplex iterations) in 0.12 seconds (0.08 work units)
Thread count was 4 (of 56 available processors)

Solution count 8: -25745 -25648 -25073 ... 0
No other solutions better than -25745

Optimal solution found (tolerance 1.00e-04)
Best objective -2.574500000000e+04, best bound -2.574500000000e+04, gap 0.0000%
