
Gurobi 9.5.0 (linux64) logging started Thu Apr 28 15:39:32 2022

Set parameter LogFile to value "/local_workspace/chenrui/LogFiles/MKAP/new0U_R10_M10_N100_seed9_DWcutsCT1_600.log"
Gurobi Optimizer version 9.5.0 build v9.5.0rc5 (linux64)
Thread count: 56 physical cores, 56 logical processors, using up to 4 threads
Optimize a model with 409 rows, 1100 columns and 4358 nonzeros
Model fingerprint: 0xb4c99252
Variable types: 0 continuous, 1100 integer (1100 binary)
Coefficient statistics:
  Matrix range     [1e-13, 5e+03]
  Objective range  [1e+00, 1e+03]
  Bounds range     [1e+00, 1e+00]
  RHS range        [7e-13, 1e+00]
Warning: Model contains large matrix coefficient range
         Consider reformulating model or setting NumericFocus parameter
         to avoid numerical issues.
Found heuristic solution: objective 0.0000000
Presolve time: 0.01s
Presolved: 409 rows, 1100 columns, 4312 nonzeros
Variable types: 0 continuous, 1100 integer (1100 binary)
Found heuristic solution: objective -5247.000000

Root relaxation: objective -3.715201e+04, 2539 iterations, 0.05 seconds (0.05 work units)

    Nodes    |    Current Node    |     Objective Bounds      |     Work
 Expl Unexpl |  Obj  Depth IntInf | Incumbent    BestBd   Gap | It/Node Time

     0     0 -37152.009    0   79 -5247.0000 -37152.009   608%     -    0s
H    0     0                    -36011.00000 -37152.009  3.17%     -    0s
H    0     0                    -36557.00000 -37152.009  1.63%     -    0s
     0     0 -37152.009    0  145 -36557.000 -37152.009  1.63%     -    0s
     0     0 -37152.009    0   96 -36557.000 -37152.009  1.63%     -    0s
     0     0 -37152.009    0  115 -36557.000 -37152.009  1.63%     -    0s
     0     0 -37152.009    0   82 -36557.000 -37152.009  1.63%     -    0s
H    0     0                    -36678.00000 -37152.009  1.29%     -    0s
H    0     0                    -36807.00000 -37152.005  0.94%     -    0s
H    0     0                    -36883.00000 -37152.005  0.73%     -    0s
     0     0 -37152.005    0   47 -36883.000 -37152.005  0.73%     -    0s
H    0     0                    -37152.00000 -37152.002  0.00%     -    0s
     0     0 -37152.000    0   53 -37152.000 -37152.000  0.00%     -    0s

Cutting planes:
  Gomory: 5
  Cover: 52
  Clique: 148
  MIR: 7
  StrongCG: 8

Explored 1 nodes (4196 simplex iterations) in 0.22 seconds (0.15 work units)
Thread count was 4 (of 56 available processors)

Solution count 8: -37152 -36883 -36807 ... 0
No other solutions better than -37152

Optimal solution found (tolerance 1.00e-04)
Best objective -3.715200000000e+04, best bound -3.715200000000e+04, gap 0.0000%

Gurobi 9.5.0 (linux64) logging started Thu Apr 28 17:34:01 2022

Set parameter LogFile to value "/local_workspace/chenrui/LogFiles/MKAP/new0U_R10_M10_N100_seed9_DWcutsCT1_600.log"
Gurobi Optimizer version 9.5.0 build v9.5.0rc5 (linux64)
Thread count: 56 physical cores, 56 logical processors, using up to 4 threads
Optimize a model with 409 rows, 1100 columns and 4358 nonzeros
Model fingerprint: 0xb4c99252
Variable types: 0 continuous, 1100 integer (1100 binary)
Coefficient statistics:
  Matrix range     [1e-13, 5e+03]
  Objective range  [1e+00, 1e+03]
  Bounds range     [1e+00, 1e+00]
  RHS range        [7e-13, 1e+00]
Warning: Model contains large matrix coefficient range
         Consider reformulating model or setting NumericFocus parameter
         to avoid numerical issues.
Found heuristic solution: objective 0.0000000
Presolve time: 0.01s
Presolved: 409 rows, 1100 columns, 4312 nonzeros
Variable types: 0 continuous, 1100 integer (1100 binary)
Found heuristic solution: objective -5247.000000

Root relaxation: objective -3.715201e+04, 2539 iterations, 0.05 seconds (0.05 work units)

    Nodes    |    Current Node    |     Objective Bounds      |     Work
 Expl Unexpl |  Obj  Depth IntInf | Incumbent    BestBd   Gap | It/Node Time

     0     0 -37152.009    0   79 -5247.0000 -37152.009   608%     -    0s
H    0     0                    -36011.00000 -37152.009  3.17%     -    0s
H    0     0                    -36557.00000 -37152.009  1.63%     -    0s
     0     0 -37152.009    0  145 -36557.000 -37152.009  1.63%     -    0s
     0     0 -37152.009    0   96 -36557.000 -37152.009  1.63%     -    0s
     0     0 -37152.009    0  115 -36557.000 -37152.009  1.63%     -    0s
     0     0 -37152.009    0   82 -36557.000 -37152.009  1.63%     -    0s
H    0     0                    -36678.00000 -37152.009  1.29%     -    0s
H    0     0                    -36807.00000 -37152.005  0.94%     -    0s
H    0     0                    -36883.00000 -37152.005  0.73%     -    0s
     0     0 -37152.005    0   47 -36883.000 -37152.005  0.73%     -    0s
H    0     0                    -37152.00000 -37152.002  0.00%     -    0s
     0     0 -37152.000    0   53 -37152.000 -37152.000  0.00%     -    0s

Cutting planes:
  Gomory: 5
  Cover: 52
  Clique: 148
  MIR: 7
  StrongCG: 8

Explored 1 nodes (4196 simplex iterations) in 0.22 seconds (0.15 work units)
Thread count was 4 (of 56 available processors)

Solution count 8: -37152 -36883 -36807 ... 0
No other solutions better than -37152

Optimal solution found (tolerance 1.00e-04)
Best objective -3.715200000000e+04, best bound -3.715200000000e+04, gap 0.0000%

Gurobi 9.5.0 (linux64) logging started Thu Apr 28 23:32:39 2022

Set parameter LogFile to value "/local_workspace/chenrui/LogFiles/MKAP/new0U_R10_M10_N100_seed9_DWcutsCT1_600.log"
Gurobi Optimizer version 9.5.0 build v9.5.0rc5 (linux64)
Thread count: 56 physical cores, 56 logical processors, using up to 4 threads
Optimize a model with 409 rows, 1100 columns and 4358 nonzeros
Model fingerprint: 0xc6701eb9
Variable types: 0 continuous, 1100 integer (1100 binary)
Coefficient statistics:
  Matrix range     [1e-13, 5e+03]
  Objective range  [1e+00, 1e+03]
  Bounds range     [1e+00, 1e+00]
  RHS range        [1e-13, 1e+00]
Warning: Model contains large matrix coefficient range
         Consider reformulating model or setting NumericFocus parameter
         to avoid numerical issues.
Found heuristic solution: objective 0.0000000
Presolve time: 0.01s
Presolved: 409 rows, 1100 columns, 4312 nonzeros
Variable types: 0 continuous, 1100 integer (1100 binary)
Found heuristic solution: objective -5247.000000

Root relaxation: objective -3.715201e+04, 2602 iterations, 0.06 seconds (0.05 work units)

    Nodes    |    Current Node    |     Objective Bounds      |     Work
 Expl Unexpl |  Obj  Depth IntInf | Incumbent    BestBd   Gap | It/Node Time

     0     0 -37152.009    0   67 -5247.0000 -37152.009   608%     -    0s
H    0     0                    -35445.00000 -37152.009  4.82%     -    0s
H    0     0                    -36069.00000 -37152.009  3.00%     -    0s
H    0     0                    -36664.00000 -37152.009  1.33%     -    0s
     0     0 -37152.009    0  161 -36664.000 -37152.009  1.33%     -    0s
     0     0 -37152.009    0  133 -36664.000 -37152.009  1.33%     -    0s
     0     0 -37152.009    0   25 -36664.000 -37152.009  1.33%     -    0s
     0     0 -37152.009    0   18 -36664.000 -37152.009  1.33%     -    0s
H    0     0                    -36947.00000 -37152.009  0.55%     -    0s
H    0     0                    -37152.00000 -37152.009  0.00%     -    0s

Cutting planes:
  Gomory: 5
  Cover: 46
  Clique: 169
  MIR: 5
  StrongCG: 6

Explored 1 nodes (4067 simplex iterations) in 0.24 seconds (0.17 work units)
Thread count was 4 (of 56 available processors)

Solution count 7: -37152 -36947 -36664 ... 0
No other solutions better than -37152

Optimal solution found (tolerance 1.00e-04)
Best objective -3.715200000000e+04, best bound -3.715200000000e+04, gap 0.0000%

Gurobi 9.5.0 (linux64) logging started Fri Apr 29 21:01:44 2022

Set parameter LogFile to value "/local_workspace/chenrui/LogFiles/MKAP/new0U_R10_M10_N100_seed9_DWcutsCT1_600.log"
Gurobi Optimizer version 9.5.0 build v9.5.0rc5 (linux64)
Thread count: 56 physical cores, 56 logical processors, using up to 4 threads
Optimize a model with 409 rows, 1100 columns and 4358 nonzeros
Model fingerprint: 0xc6701eb9
Variable types: 0 continuous, 1100 integer (1100 binary)
Coefficient statistics:
  Matrix range     [1e-13, 5e+03]
  Objective range  [1e+00, 1e+03]
  Bounds range     [1e+00, 1e+00]
  RHS range        [1e-13, 1e+00]
Warning: Model contains large matrix coefficient range
         Consider reformulating model or setting NumericFocus parameter
         to avoid numerical issues.
Found heuristic solution: objective 0.0000000
Presolve time: 0.01s
Presolved: 409 rows, 1100 columns, 4312 nonzeros
Variable types: 0 continuous, 1100 integer (1100 binary)
Found heuristic solution: objective -5247.000000

Root relaxation: objective -3.715201e+04, 2602 iterations, 0.06 seconds (0.05 work units)

    Nodes    |    Current Node    |     Objective Bounds      |     Work
 Expl Unexpl |  Obj  Depth IntInf | Incumbent    BestBd   Gap | It/Node Time

     0     0 -37152.009    0   67 -5247.0000 -37152.009   608%     -    0s
H    0     0                    -35445.00000 -37152.009  4.82%     -    0s
H    0     0                    -36069.00000 -37152.009  3.00%     -    0s
H    0     0                    -36664.00000 -37152.009  1.33%     -    0s
     0     0 -37152.009    0  161 -36664.000 -37152.009  1.33%     -    0s
     0     0 -37152.009    0  133 -36664.000 -37152.009  1.33%     -    0s
     0     0 -37152.009    0   25 -36664.000 -37152.009  1.33%     -    0s
     0     0 -37152.009    0   18 -36664.000 -37152.009  1.33%     -    0s
H    0     0                    -36947.00000 -37152.009  0.55%     -    0s
H    0     0                    -37152.00000 -37152.009  0.00%     -    0s

Cutting planes:
  Gomory: 5
  Cover: 46
  Clique: 169
  MIR: 5
  StrongCG: 6

Explored 1 nodes (4067 simplex iterations) in 0.23 seconds (0.17 work units)
Thread count was 4 (of 56 available processors)

Solution count 7: -37152 -36947 -36664 ... 0
No other solutions better than -37152

Optimal solution found (tolerance 1.00e-04)
Best objective -3.715200000000e+04, best bound -3.715200000000e+04, gap 0.0000%
