
Gurobi 9.5.0 (linux64) logging started Thu Apr 14 20:36:20 2022

Set parameter LogFile to value "/local_workspace/chenrui/LogFiles/MKAP/new0U_R10_M15_N100_seed1_DWcutsT3_600.log"
Gurobi Optimizer version 9.5.0 build v9.5.0rc5 (linux64)
Thread count: 56 physical cores, 56 logical processors, using up to 4 threads
Optimize a model with 1414 rows, 1650 columns and 15188 nonzeros
Model fingerprint: 0x4d6c11b2
Variable types: 0 continuous, 1650 integer (1650 binary)
Coefficient statistics:
  Matrix range     [1e-13, 5e+03]
  Objective range  [6e+00, 1e+03]
  Bounds range     [1e+00, 1e+00]
  RHS range        [2e-13, 4e+02]
Warning: Model contains large matrix coefficient range
         Consider reformulating model or setting NumericFocus parameter
         to avoid numerical issues.
Found heuristic solution: objective 0.0000000
Presolve removed 176 rows and 161 columns
Presolve time: 0.09s
Presolved: 1238 rows, 1489 columns, 12378 nonzeros
Found heuristic solution: objective -6563.000000
Variable types: 0 continuous, 1489 integer (1489 binary)

Root relaxation: objective -4.468944e+04, 5009 iterations, 0.24 seconds (0.26 work units)

    Nodes    |    Current Node    |     Objective Bounds      |     Work
 Expl Unexpl |  Obj  Depth IntInf | Incumbent    BestBd   Gap | It/Node Time

     0     0 -44689.444    0  182 -6563.0000 -44689.444   581%     -    0s
H    0     0                    -38645.00000 -44689.444  15.6%     -    0s
H    0     0                    -39538.00000 -44689.444  13.0%     -    0s
H    0     0                    -41738.00000 -44689.444  7.07%     -    0s
H    0     0                    -42157.00000 -44689.444  6.01%     -    0s
H    0     0                    -42495.00000 -44689.444  5.16%     -    0s
     0     0 -44689.444    0  190 -42495.000 -44689.444  5.16%     -    0s
     0     0 -44689.444    0  194 -42495.000 -44689.444  5.16%     -    0s
     0     0 -44689.444    0  195 -42495.000 -44689.444  5.16%     -    0s
     0     0 -44689.444    0  232 -42495.000 -44689.444  5.16%     -    0s
     0     0 -44689.444    0  233 -42495.000 -44689.444  5.16%     -    0s
     0     0 -44689.444    0  209 -42495.000 -44689.444  5.16%     -    0s
     0     0 -44689.444    0  128 -42495.000 -44689.444  5.16%     -    0s
H    0     0                    -42502.00000 -44689.444  5.15%     -    0s
     0     0 -44689.444    0  197 -42502.000 -44689.444  5.15%     -    0s
H    0     0                    -43272.00000 -44689.444  3.28%     -    1s
     0     0 -44689.444    0  180 -43272.000 -44689.444  3.28%     -    1s
     0     0 -44689.444    0  173 -43272.000 -44689.444  3.28%     -    1s
     0     0 -44689.444    0  126 -43272.000 -44689.444  3.28%     -    1s
     0     0 -44689.444    0  118 -43272.000 -44689.444  3.28%     -    1s
H    0     0                    -43497.00000 -44689.444  2.74%     -    1s
     0     2 -44689.444    0  118 -43497.000 -44689.444  2.74%     -    1s
H   10    12                    -43568.00000 -44686.607  2.57%   305    3s
H   30    34                    -43734.00000 -44686.477  2.18%   212    3s
H   93    95                    -43760.00000 -44686.477  2.12%   175    4s
    95   106 -44644.439   20  207 -43760.000 -44686.477  2.12%   173    5s
H  127   135                    -44016.00000 -44686.477  1.52%   164    5s
H  132   135                    -44071.00000 -44686.477  1.40%   160    5s
H  157   153                    -44327.00000 -44686.477  0.81%   146    5s
  1043   750 -44524.000  109  150 -44327.000 -44681.534  0.80%  92.1   10s
  1148   802 -44662.323   25  132 -44327.000 -44681.534  0.80%   107   15s
  2966  1272     cutoff   68      -44327.000 -44680.019  0.80%  96.6   20s
  4921  2422     cutoff   43      -44327.000 -44675.845  0.79%  89.3   25s
  8150  4466 -44627.729   27  193 -44327.000 -44671.549  0.78%  83.4   30s
 10644  6296 -44407.744   80  107 -44327.000 -44668.546  0.77%  81.8   36s
 13950  7990 -44648.582   31  199 -44327.000 -44665.316  0.76%  79.6   40s
 16824  9920 -44519.722   32  150 -44327.000 -44662.284  0.76%  79.2   45s
 21256 12086 -44607.358   40  118 -44327.000 -44659.499  0.75%  78.4   66s
 21296 12113 -44531.418   62  339 -44327.000 -44659.499  0.75%  78.2   70s
 21301 12120 -44659.499   23  295 -44327.000 -44659.499  0.75%  78.8   76s
 21321 12125 -44659.499   26  336 -44327.000 -44659.499  0.75%  78.9   80s
 21551 12192 -44538.181   53  200 -44327.000 -44659.291  0.75%  79.7   85s
 22734 12506 -44336.953   42  276 -44327.000 -44625.573  0.67%  81.1   90s
 24640 12893 -44493.364   51  193 -44327.000 -44601.351  0.62%  83.8   95s
 26632 13142 -44504.799   43  217 -44327.000 -44578.244  0.57%  86.8  100s
 28614 13448 -44336.043   55  236 -44327.000 -44562.702  0.53%  89.4  105s
 30538 13664 -44389.026   41  235 -44327.000 -44543.064  0.49%  91.7  110s
 32637 13781 -44443.436   48  213 -44327.000 -44530.681  0.46%  93.6  116s
 33574 13892 -44474.988   43  170 -44327.000 -44526.278  0.45%  94.6  120s
 35578 14081 -44474.256   39  226 -44327.000 -44515.428  0.43%  96.3  125s
 37631 13997 -44348.246   70  199 -44327.000 -44508.438  0.41%  97.7  130s
 39316 13920 -44358.156   40  214 -44327.000 -44502.791  0.40%  98.6  135s
 41098 14203     cutoff   56      -44327.000 -44498.471  0.39%   100  140s
 42914 14289 -44392.261   59  188 -44327.000 -44494.189  0.38%   100  145s
 45210 14244     cutoff   49      -44327.000 -44488.568  0.36%   101  150s
 46923 14214 -44408.815   57  247 -44327.000 -44484.867  0.36%   102  155s
 49327 14174 -44476.331   39  240 -44327.000 -44480.591  0.35%   102  160s
 50942 14171     cutoff   52      -44327.000 -44477.599  0.34%   103  165s
 53743 14083 -44348.524   83  115 -44327.000 -44472.864  0.33%   103  171s
 55552 13969     cutoff   55      -44327.000 -44470.244  0.32%   103  175s
 57811 13861     cutoff   61      -44327.000 -44466.770  0.32%   104  180s
 59999 14360     cutoff   52      -44327.000 -44463.721  0.31%   104  185s
 62494 14897 -44397.574   63  196 -44327.000 -44460.323  0.30%   104  191s
 64498 15286 -44342.320   49   85 -44327.000 -44457.632  0.29%   104  195s
 66952 15815 -44333.359   57  224 -44327.000 -44454.923  0.29%   104  200s
 68627 16111 -44371.277   48  169 -44327.000 -44452.998  0.28%   104  205s
 71038 16548 -44365.564   73  175 -44327.000 -44449.895  0.28%   105  210s
 73668 17035 -44390.840   47  165 -44327.000 -44447.264  0.27%   104  216s
 76232 17517     cutoff   77      -44327.000 -44444.285  0.26%   104  221s
 78701 17936 -44353.962   64  153 -44327.000 -44442.122  0.26%   104  226s
 81115 18322 -44335.196   64   94 -44327.000 -44439.797  0.25%   104  231s
 83472 18738     cutoff   52      -44327.000 -44437.510  0.25%   105  236s
 85687 19042     cutoff   45      -44327.000 -44435.319  0.24%   104  241s
 87632 19328     cutoff   68      -44327.000 -44433.524  0.24%   104  245s
 90194 19651 -44360.393   70  207 -44327.000 -44431.378  0.24%   104  250s
 92746 20009 -44355.565   62  133 -44327.000 -44429.380  0.23%   104  255s
 95463 20335 -44376.539   61  181 -44327.000 -44427.430  0.23%   104  260s
 97670 20543 -44362.491   54   74 -44327.000 -44425.669  0.22%   104  265s
 100724 20873 -44379.882   63  260 -44327.000 -44423.547  0.22%   104  271s
 103082 21141     cutoff   87      -44327.000 -44421.695  0.21%   104  275s
 105509 21432 -44407.763   45  133 -44327.000 -44419.954  0.21%   104  280s
 108061 21684 -44374.182   66  197 -44327.000 -44418.381  0.21%   104  285s
 110938 21893     cutoff   87      -44327.000 -44416.296  0.20%   104  290s
 113215 22094 -44338.415   58  139 -44327.000 -44414.832  0.20%   104  295s
 116228 22252 -44332.451   59   75 -44327.000 -44412.694  0.19%   103  301s
 118782 22364 -44350.764   59  162 -44327.000 -44410.902  0.19%   103  305s
 121217 22458 -44352.226   45  240 -44327.000 -44409.550  0.19%   103  310s
 124001 22570     cutoff   56      -44327.000 -44407.683  0.18%   103  315s
 126412 22661     cutoff   61      -44327.000 -44406.296  0.18%   103  320s
 129577 22697 -44354.713   74  194 -44327.000 -44404.299  0.17%   103  325s
 131948 22686 -44353.241   58  225 -44327.000 -44402.944  0.17%   102  330s
 134771 22578 -44341.947   88   81 -44327.000 -44401.362  0.17%   102  335s
 137736 22563     cutoff   59      -44327.000 -44399.635  0.16%   102  340s
 140237 22525 -44330.334   65  163 -44327.000 -44398.040  0.16%   102  345s
 143296 22302 -44341.349   51  129 -44327.000 -44396.181  0.16%   102  350s
 146373 22128     cutoff   41      -44327.000 -44394.304  0.15%   102  356s
 148854 21871     cutoff   52      -44327.000 -44392.706  0.15%   102  360s
 151752 21600 -44371.773   48   97 -44327.000 -44390.941  0.14%   101  365s
 154255 21418     cutoff   48      -44327.000 -44389.613  0.14%   101  370s
 157306 21142     cutoff   73      -44327.000 -44387.940  0.14%   101  375s
 160316 20739 -44337.255   70  220 -44327.000 -44386.417  0.13%   101  380s
 163547 20289 -44333.713   73  190 -44327.000 -44384.585  0.13%   101  386s
 166150 19856 -44367.841   59  127 -44327.000 -44383.054  0.13%   100  390s
 169346 19296 -44334.212   49  115 -44327.000 -44380.960  0.12%   100  395s
 172442 18733 -44361.135   69  138 -44327.000 -44379.276  0.12%   100  400s
 175079 18214 -44350.043   47  129 -44327.000 -44377.786  0.11%   100  405s
 178555 17386 -44363.659   66   63 -44327.000 -44375.633  0.11%  99.4  410s
 181429 16724     cutoff   64      -44327.000 -44373.790  0.11%  99.2  415s
 184691 15921     cutoff   68      -44327.000 -44371.989  0.10%  98.9  420s
 188157 15017 -44348.491   55  134 -44327.000 -44370.137  0.10%  98.6  425s
 191167 14093 -44357.954   67   36 -44327.000 -44368.339  0.09%  98.3  430s
 194408 13117     cutoff   67      -44327.000 -44366.245  0.09%  98.0  435s
 197788 12012 -44328.322   78  103 -44327.000 -44364.257  0.08%  97.6  440s
 201280 10673     cutoff   70      -44327.000 -44361.833  0.08%  97.2  445s
 205079  9008 -44334.050   57  190 -44327.000 -44358.826  0.07%  96.7  450s
 209291  6875     cutoff   70      -44327.000 -44355.225  0.06%  96.1  456s
 213237  4658     cutoff   77      -44327.000 -44351.200  0.05%  95.5  460s
 219055   301     cutoff   61      -44327.000 -44340.608  0.03%  94.2  465s

Cutting planes:
  Gomory: 11
  Cover: 213
  Clique: 54
  MIR: 293
  StrongCG: 134
  Flow cover: 200
  GUB cover: 13
  Zero half: 64
  RLT: 20

Explored 221002 nodes (20698641 simplex iterations) in 466.07 seconds (816.35 work units)
Thread count was 4 (of 56 available processors)

Solution count 10: -44327 -44071 -44016 ... -42495
No other solutions better than -44327

Optimal solution found (tolerance 1.00e-04)
Best objective -4.432700000000e+04, best bound -4.432700000000e+04, gap 0.0000%
