
Gurobi 9.5.0 (linux64) logging started Tue May  3 13:22:50 2022

Set parameter LogFile to value "/local_workspace/chenrui/LogFiles/MKAP/new0U_R5_M20_N50_seed7_DWcutsCT1_600.log"
Gurobi Optimizer version 9.5.0 build v9.5.0rc5 (linux64)
Thread count: 56 physical cores, 56 logical processors, using up to 4 threads
Optimize a model with 350 rows, 1100 columns and 4044 nonzeros
Model fingerprint: 0x2ca07bf9
Variable types: 0 continuous, 1100 integer (1100 binary)
Coefficient statistics:
  Matrix range     [1e-10, 1e+03]
  Objective range  [5e+01, 1e+03]
  Bounds range     [1e+00, 1e+00]
  RHS range        [6e-14, 1e+00]
Warning: Model contains large matrix coefficient range
         Consider reformulating model or setting NumericFocus parameter
         to avoid numerical issues.
Found heuristic solution: objective 0.0000000
Presolve removed 48 rows and 401 columns
Presolve time: 0.01s
Presolved: 302 rows, 699 columns, 2557 nonzeros
Found heuristic solution: objective -9270.000000
Variable types: 0 continuous, 699 integer (699 binary)

Root relaxation: objective -1.940746e+04, 1239 iterations, 0.02 seconds (0.02 work units)

    Nodes    |    Current Node    |     Objective Bounds      |     Work
 Expl Unexpl |  Obj  Depth IntInf | Incumbent    BestBd   Gap | It/Node Time

     0     0 -19407.462    0   77 -9270.0000 -19407.462   109%     -    0s
H    0     0                    -18646.00000 -19407.462  4.08%     -    0s
H    0     0                    -18791.00000 -19407.462  3.28%     -    0s
     0     0 -19407.462    0   90 -18791.000 -19407.462  3.28%     -    0s
     0     0 -19407.462    0   81 -18791.000 -19407.462  3.28%     -    0s
H    0     0                    -18849.00000 -19407.462  2.96%     -    0s
H    0     0                    -19114.00000 -19407.462  1.54%     -    0s
     0     0 -19407.462    0   81 -19114.000 -19407.462  1.54%     -    0s
     0     0 -19407.462    0   56 -19114.000 -19407.462  1.54%     -    0s
     0     0 -19407.462    0   43 -19114.000 -19407.462  1.54%     -    0s
     0     0 -19407.462    0   67 -19114.000 -19407.462  1.54%     -    0s
     0     0 -19407.462    0   67 -19114.000 -19407.462  1.54%     -    0s
     0     2 -19407.462    0   67 -19114.000 -19407.462  1.54%     -    0s
H   35    40                    -19230.00000 -19406.912  0.92%  61.8    0s
H  118   127                    -19288.00000 -19406.912  0.62%  38.9    0s
 14767  4981 -19310.083   31   71 -19288.000 -19367.240  0.41%  29.6    5s
 31793  7467     cutoff   26      -19288.000 -19352.064  0.33%  30.8   10s
 47436  8353     cutoff   35      -19288.000 -19339.099  0.26%  31.1   15s
 65516  8041     cutoff   30      -19288.000 -19326.981  0.20%  30.2   20s
 83715  5873     cutoff   35      -19288.000 -19315.160  0.14%  29.3   25s

Cutting planes:
  Gomory: 1
  Cover: 35
  Clique: 5
  MIR: 23
  StrongCG: 8
  Flow cover: 14
  Zero half: 1
  RLT: 2

Explored 99839 nodes (2864603 simplex iterations) in 28.94 seconds (34.61 work units)
Thread count was 4 (of 56 available processors)

Solution count 8: -19288 -19230 -19114 ... 0
No other solutions better than -19288

Optimal solution found (tolerance 1.00e-04)
Best objective -1.928800000000e+04, best bound -1.928800000003e+04, gap 0.0000%
