
Gurobi 9.5.0 (linux64) logging started Tue May  3 13:14:28 2022

Set parameter LogFile to value "/local_workspace/chenrui/LogFiles/MKAP/new0U_R5_M10_N50_seed1_DWcutsCT2_600.log"
Gurobi Optimizer version 9.5.0 build v9.5.0rc5 (linux64)
Thread count: 56 physical cores, 56 logical processors, using up to 4 threads
Optimize a model with 286 rows, 550 columns and 2838 nonzeros
Model fingerprint: 0xfc0b8178
Variable types: 0 continuous, 550 integer (550 binary)
Coefficient statistics:
  Matrix range     [1e-13, 2e+03]
  Objective range  [1e+01, 1e+03]
  Bounds range     [1e+00, 1e+00]
  RHS range        [6e-14, 1e+00]
Warning: Model contains large matrix coefficient range
         Consider reformulating model or setting NumericFocus parameter
         to avoid numerical issues.
Found heuristic solution: objective 0.0000000
Presolve removed 13 rows and 49 columns
Presolve time: 0.01s
Presolved: 273 rows, 501 columns, 2489 nonzeros
Variable types: 0 continuous, 501 integer (501 binary)
Found heuristic solution: objective -4874.000000

Root relaxation: objective -2.367438e+04, 919 iterations, 0.02 seconds (0.01 work units)

    Nodes    |    Current Node    |     Objective Bounds      |     Work
 Expl Unexpl |  Obj  Depth IntInf | Incumbent    BestBd   Gap | It/Node Time

     0     0 -23674.381    0   63 -4874.0000 -23674.381   386%     -    0s
H    0     0                    -21971.00000 -23674.381  7.75%     -    0s
H    0     0                    -22257.00000 -23674.381  6.37%     -    0s
     0     0 -23674.381    0   99 -22257.000 -23674.381  6.37%     -    0s
     0     0 -23674.381    0   98 -22257.000 -23674.381  6.37%     -    0s
     0     0 -23670.303    0   86 -22257.000 -23670.303  6.35%     -    0s
H    0     0                    -22401.00000 -23670.303  5.67%     -    0s
     0     0 -23670.303    0   83 -22401.000 -23670.303  5.67%     -    0s
     0     0 -23668.945    0  117 -22401.000 -23668.945  5.66%     -    0s
H    0     0                    -22844.00000 -23668.945  3.61%     -    0s
     0     0 -23668.938    0  107 -22844.000 -23668.938  3.61%     -    0s
     0     0 -23668.938    0  116 -22844.000 -23668.938  3.61%     -    0s
     0     0 -23668.703    0  103 -22844.000 -23668.703  3.61%     -    0s
     0     0 -23667.522    0  109 -22844.000 -23667.522  3.60%     -    0s
     0     0 -23664.134    0  109 -22844.000 -23664.134  3.59%     -    0s
     0     0 -23663.757    0  116 -22844.000 -23663.757  3.59%     -    0s
     0     0 -23663.162    0  108 -22844.000 -23663.162  3.59%     -    0s
     0     0 -23661.217    0  112 -22844.000 -23661.217  3.58%     -    0s
     0     0 -23661.217    0   85 -22844.000 -23661.217  3.58%     -    0s
     0     2 -23661.217    0   84 -22844.000 -23661.217  3.58%     -    0s
H   71    83                    -23178.00000 -23647.070  2.02%  40.8    0s
* 9137  3053              42    -23232.00000 -23584.993  1.52%  19.1    2s
H11182  3313                    -23285.00000 -23574.633  1.24%  18.8    2s
H12343  2791                    -23368.00000 -23567.351  0.85%  18.6    2s
H17796  2946                    -23391.00000 -23540.193  0.64%  18.9    3s
 31237   945 -23437.025   28   58 -23391.000 -23450.921  0.26%  18.9    5s

Explored 33251 nodes (624786 simplex iterations) in 5.22 seconds (6.22 work units)
Thread count was 4 (of 56 available processors)

Solution count 10: -23391 -23368 -23285 ... -4874
No other solutions better than -23391

Optimal solution found (tolerance 1.00e-04)
Best objective -2.339100000000e+04, best bound -2.339100000000e+04, gap 0.0000%
