
Gurobi 9.5.0 (linux64) logging started Sat Jun 18 20:39:47 2022

Set parameter LogFile to value "/local_workspace/chenrui/LogFiles/MKAP/new0U_R25_M20_N300_seed10_DWcutsCTp4_600.log"
Gurobi Optimizer version 9.5.0 build v9.5.0rc5 (linux64)
Thread count: 56 physical cores, 56 logical processors, using up to 4 threads
Optimize a model with 7750 rows, 6500 columns and 100460 nonzeros
Model fingerprint: 0x8da67515
Variable types: 0 continuous, 6500 integer (6500 binary)
Coefficient statistics:
  Matrix range     [1e-13, 1e+04]
  Objective range  [6e+00, 1e+03]
  Bounds range     [1e+00, 1e+00]
  RHS range        [1e-05, 1e+00]
Warning: Model contains large matrix coefficient range
         Consider reformulating model or setting NumericFocus parameter
         to avoid numerical issues.
Found heuristic solution: objective 0.0000000
Presolve removed 490 rows and 477 columns
Presolve time: 0.32s
Presolved: 7260 rows, 6023 columns, 78340 nonzeros
Found heuristic solution: objective -7529.000000
Variable types: 0 continuous, 6023 integer (6023 binary)

Root relaxation: objective -1.091391e+05, 22733 iterations, 3.91 seconds (5.19 work units)

    Nodes    |    Current Node    |     Objective Bounds      |     Work
 Expl Unexpl |  Obj  Depth IntInf | Incumbent    BestBd   Gap | It/Node Time

     0     0 -109139.06    0  314 -7529.0000 -109139.06  1350%     -    4s
H    0     0                    -109139.0000 -109139.06  0.00%     -    4s
     0     0 -109139.06    0  314 -109139.00 -109139.06  0.00%     -    4s

Explored 1 nodes (22737 simplex iterations) in 4.33 seconds (5.61 work units)
Thread count was 4 (of 56 available processors)

Solution count 3: -109139 -7529 0 
No other solutions better than -109139

Optimal solution found (tolerance 1.00e-04)
Best objective -1.091390000000e+05, best bound -1.091390000000e+05, gap 0.0000%
