
Gurobi 9.5.0 (linux64) logging started Sat Jun 18 17:51:58 2022

Set parameter LogFile to value "/local_workspace/chenrui/LogFiles/MKAP/new0U_R25_M10_N200_seed2_DWcutsCTp6_600.log"
Gurobi Optimizer version 9.5.0 build v9.5.0rc5 (linux64)
Thread count: 56 physical cores, 56 logical processors, using up to 4 threads
Optimize a model with 12422 rows, 2250 columns and 96762 nonzeros
Model fingerprint: 0x34f9395b
Variable types: 0 continuous, 2250 integer (2250 binary)
Coefficient statistics:
  Matrix range     [1e-13, 3e+04]
  Objective range  [2e+00, 1e+03]
  Bounds range     [1e+00, 1e+00]
  RHS range        [1e-05, 1e+00]
Warning: Model contains large matrix coefficient range
         Consider reformulating model or setting NumericFocus parameter
         to avoid numerical issues.
Found heuristic solution: objective 0.0000000
Presolve removed 9998 rows and 174 columns
Presolve time: 0.09s
Presolved: 2424 rows, 2076 columns, 8761 nonzeros
Variable types: 0 continuous, 2076 integer (2076 binary)
Found heuristic solution: objective -5278.000000

Root relaxation: objective -4.625401e+04, 3155 iterations, 0.06 seconds (0.06 work units)

    Nodes    |    Current Node    |     Objective Bounds      |     Work
 Expl Unexpl |  Obj  Depth IntInf | Incumbent    BestBd   Gap | It/Node Time

     0     0 -46254.009    0    1 -5278.0000 -46254.009   776%     -    0s
H    0     0                    -46254.00000 -46254.009  0.00%     -    0s
     0     0 -46254.009    0    1 -46254.000 -46254.009  0.00%     -    0s

Explored 1 nodes (3155 simplex iterations) in 0.17 seconds (0.17 work units)
Thread count was 4 (of 56 available processors)

Solution count 3: -46254 -5278 0 
No other solutions better than -46254

Optimal solution found (tolerance 1.00e-04)
Best objective -4.625400000000e+04, best bound -4.625400000000e+04, gap 0.0000%
