
Gurobi 9.5.0 (linux64) logging started Tue May  3 22:29:03 2022

Set parameter LogFile to value "/local_workspace/chenrui/LogFiles/MKAP/new0U_R25_M40_N100_seed10_DWcutsCT_600.log"
Gurobi Optimizer version 9.5.0 build v9.5.0rc5 (linux64)
Thread count: 56 physical cores, 56 logical processors, using up to 4 threads
Optimize a model with 2140 rows, 5000 columns and 14864 nonzeros
Model fingerprint: 0xd748c135
Variable types: 0 continuous, 5000 integer (5000 binary)
Coefficient statistics:
  Matrix range     [3e-12, 1e+03]
  Objective range  [6e+00, 1e+03]
  Bounds range     [1e+00, 1e+00]
  RHS range        [3e-14, 1e+00]
Warning: Model contains large matrix coefficient range
         Consider reformulating model or setting NumericFocus parameter
         to avoid numerical issues.
Found heuristic solution: objective 0.0000000
Presolve removed 884 rows and 1962 columns
Presolve time: 0.05s
Presolved: 1256 rows, 3038 columns, 8476 nonzeros
Found heuristic solution: objective -26579.00000
Variable types: 0 continuous, 3038 integer (3038 binary)

Root relaxation: objective -3.958251e+04, 3850 iterations, 0.06 seconds (0.05 work units)

    Nodes    |    Current Node    |     Objective Bounds      |     Work
 Expl Unexpl |  Obj  Depth IntInf | Incumbent    BestBd   Gap | It/Node Time

     0     0 -39582.508    0   50 -26579.000 -39582.508  48.9%     -    0s
H    0     0                    -37997.00000 -39582.508  4.17%     -    0s
H    0     0                    -38323.00000 -39582.508  3.29%     -    0s
H    0     0                    -38576.00000 -39582.508  2.61%     -    0s
     0     0 -39582.508    0   45 -38576.000 -39582.508  2.61%     -    0s
H    0     0                    -39069.00000 -39582.508  1.31%     -    0s
     0     0 -39582.508    0   24 -39069.000 -39582.508  1.31%     -    0s
H    0     0                    -39133.00000 -39582.508  1.15%     -    0s
     0     0 -39582.508    0   33 -39133.000 -39582.508  1.15%     -    0s
H    0     0                    -39146.00000 -39582.508  1.12%     -    0s
     0     0 -39582.508    0   13 -39146.000 -39582.508  1.12%     -    0s
     0     0 -39582.508    0   49 -39146.000 -39582.508  1.12%     -    0s
H    0     0                    -39179.00000 -39582.508  1.03%     -    0s
H    0     0                    -39333.00000 -39582.508  0.63%     -    0s
     0     0 -39582.508    0   39 -39333.000 -39582.508  0.63%     -    0s
     0     0 -39582.508    0   39 -39333.000 -39582.508  0.63%     -    0s
     0     0 -39582.508    0   39 -39333.000 -39582.508  0.63%     -    0s
     0     0 -39582.508    0   75 -39333.000 -39582.508  0.63%     -    0s
     0     0 -39582.508    0   53 -39333.000 -39582.508  0.63%     -    0s
     0     0 -39582.508    0   37 -39333.000 -39582.508  0.63%     -    0s
H    0     0                    -39385.00000 -39582.508  0.50%     -    0s
     0     0 -39582.508    0   76 -39385.000 -39582.508  0.50%     -    0s
     0     0 -39582.508    0   81 -39385.000 -39582.508  0.50%     -    0s
     0     0 -39582.508    0   80 -39385.000 -39582.508  0.50%     -    0s
     0     0 -39582.505    0   69 -39385.000 -39582.505  0.50%     -    0s
     0     0 -39582.505    0   65 -39385.000 -39582.505  0.50%     -    0s
     0     0 -39582.500    0   44 -39385.000 -39582.500  0.50%     -    0s
     0     0 -39582.500    0   42 -39385.000 -39582.500  0.50%     -    0s
     0     0 -39582.500    0   29 -39385.000 -39582.500  0.50%     -    0s
     0     0 -39582.500    0   48 -39385.000 -39582.500  0.50%     -    0s
     0     0 -39582.500    0   58 -39385.000 -39582.500  0.50%     -    0s
     0     0 -39582.090    0   38 -39385.000 -39582.090  0.50%     -    0s
     0     0 -39578.748    0   99 -39385.000 -39578.748  0.49%     -    0s
     0     0 -39578.745    0   82 -39385.000 -39578.745  0.49%     -    0s
     0     0 -39577.467    0   63 -39385.000 -39577.467  0.49%     -    0s
     0     0 -39576.942    0   59 -39385.000 -39576.942  0.49%     -    0s
     0     0 -39576.909    0   67 -39385.000 -39576.909  0.49%     -    0s
     0     0 -39576.909    0   56 -39385.000 -39576.909  0.49%     -    1s
     0     2 -39576.909    0   56 -39385.000 -39576.909  0.49%     -    1s
* 1522   550               8    -39411.00000 -39504.699  0.24%  16.3    1s
* 2733   673              23    -39411.00001 -39481.517  0.18%  16.7    2s

Cutting planes:
  Gomory: 4
  Cover: 37
  Clique: 2

Explored 10548 nodes (136231 simplex iterations) in 4.18 seconds (4.61 work units)
Thread count was 4 (of 56 available processors)

Solution count 10: -39411 -39411 -39385 ... -38323

Optimal solution found (tolerance 1.00e-04)
Warning: max constraint violation (8.4899e-06) exceeds tolerance
Best objective -3.941100001230e+04, best bound -3.941200000000e+04, gap 0.0025%
