
Gurobi 9.5.0 (linux64) logging started Tue Jun 21 04:02:14 2022

Set parameter LogFile to value "/local_workspace/chenrui/LogFiles/MKAP/new0U_R25_M40_N100_seed8_DWcutsCTp_600.log"
Gurobi Optimizer version 9.5.0 build v9.5.0rc5 (linux64)
Thread count: 56 physical cores, 56 logical processors, using up to 4 threads
Optimize a model with 2140 rows, 5000 columns and 14812 nonzeros
Model fingerprint: 0x9346eb42
Variable types: 0 continuous, 5000 integer (5000 binary)
Coefficient statistics:
  Matrix range     [1e-13, 1e+03]
  Objective range  [2e+01, 1e+03]
  Bounds range     [1e+00, 1e+00]
  RHS range        [1e-05, 1e+00]
Warning: Model contains large matrix coefficient range
         Consider reformulating model or setting NumericFocus parameter
         to avoid numerical issues.
Found heuristic solution: objective 0.0000000
Presolve removed 971 rows and 2139 columns
Presolve time: 0.04s
Presolved: 1169 rows, 2861 columns, 8035 nonzeros
Found heuristic solution: objective -24076.00000
Variable types: 0 continuous, 2861 integer (2861 binary)

Root relaxation: objective -3.730983e+04, 3762 iterations, 0.05 seconds (0.05 work units)

    Nodes    |    Current Node    |     Objective Bounds      |     Work
 Expl Unexpl |  Obj  Depth IntInf | Incumbent    BestBd   Gap | It/Node Time

     0     0 -37309.831    0  121 -24076.000 -37309.831  55.0%     -    0s
H    0     0                    -33297.00000 -37309.831  12.1%     -    0s
H    0     0                    -36326.00000 -37309.831  2.71%     -    0s
H    0     0                    -36501.00000 -37309.831  2.22%     -    0s
H    0     0                    -36595.00000 -37309.831  1.95%     -    0s
     0     0 -37309.831    0  128 -36595.000 -37309.831  1.95%     -    0s
H    0     0                    -36702.00000 -37309.831  1.66%     -    0s
     0     0 -37309.831    0  128 -36702.000 -37309.831  1.66%     -    0s
H    0     0                    -36750.00002 -37309.831  1.52%     -    0s
H    0     0                    -36969.00000 -37309.831  0.92%     -    0s
     0     0 -37309.831    0  136 -36969.000 -37309.831  0.92%     -    0s
     0     0 -37309.831    0  125 -36969.000 -37309.831  0.92%     -    0s
     0     0 -37309.831    0  121 -36969.000 -37309.831  0.92%     -    0s
     0     0 -37309.831    0  135 -36969.000 -37309.831  0.92%     -    0s
     0     0 -37309.831    0  135 -36969.000 -37309.831  0.92%     -    0s
H    0     0                    -37144.00000 -37309.831  0.45%     -    0s
     0     0 -37309.829    0  123 -37144.000 -37309.829  0.45%     -    0s
     0     0 -37309.829    0  111 -37144.000 -37309.829  0.45%     -    0s
     0     0 -37309.829    0  120 -37144.000 -37309.829  0.45%     -    0s
     0     0 -37309.829    0  117 -37144.000 -37309.829  0.45%     -    0s
     0     0 -37309.829    0  106 -37144.000 -37309.829  0.45%     -    0s
     0     0 -37309.816    0  145 -37144.000 -37309.816  0.45%     -    0s
H    0     0                    -37147.00000 -37309.816  0.44%     -    0s
H    0     0                    -37158.00000 -37309.806  0.41%     -    0s
     0     0 -37309.806    0  100 -37158.000 -37309.806  0.41%     -    0s
     0     0 -37309.806    0  101 -37158.000 -37309.806  0.41%     -    0s
     0     0 -37309.806    0  100 -37158.000 -37309.806  0.41%     -    0s
     0     0 -37309.806    0  100 -37158.000 -37309.806  0.41%     -    0s
     0     0 -37309.806    0  112 -37158.000 -37309.806  0.41%     -    0s
     0     0 -37309.806    0   82 -37158.000 -37309.806  0.41%     -    0s
     0     0 -37309.806    0   95 -37158.000 -37309.806  0.41%     -    0s
     0     0 -37309.806    0   95 -37158.000 -37309.806  0.41%     -    0s
     0     0 -37309.806    0   96 -37158.000 -37309.806  0.41%     -    0s
     0     0 -37309.806    0  103 -37158.000 -37309.806  0.41%     -    0s
     0     0 -37309.806    0  103 -37158.000 -37309.806  0.41%     -    0s
     0     0 -37309.806    0  101 -37158.000 -37309.806  0.41%     -    0s
     0     0 -37309.806    0  101 -37158.000 -37309.806  0.41%     -    0s
     0     2 -37309.806    0  101 -37158.000 -37309.806  0.41%     -    0s
H  123   125                    -37160.00000 -37309.062  0.40%  26.1    0s
H  171   165                    -37195.00004 -37309.062  0.31%  23.6    1s
*  567   256              42    -37266.00018 -37305.761  0.11%  21.7    1s

Cutting planes:
  Gomory: 6
  Cover: 95
  Clique: 24
  MIR: 3
  StrongCG: 2
  Inf proof: 1
  Zero half: 3

Explored 3006 nodes (83647 simplex iterations) in 1.96 seconds (2.11 work units)
Thread count was 4 (of 56 available processors)

Solution count 10: -37266 -37195 -37160 ... -36595

Optimal solution found (tolerance 1.00e-04)
Best objective -3.726600000000e+04, best bound -3.726600000000e+04, gap 0.0000%
