
Gurobi 9.5.0 (linux64) logging started Wed May  4 11:26:17 2022

Set parameter LogFile to value "/local_workspace/chenrui/LogFiles/MKAP/new0U_R25_M30_N200_seed7_objLB_600.log"
Gurobi Optimizer version 9.5.0 build v9.5.0rc5 (linux64)
Thread count: 56 physical cores, 56 logical processors, using up to 4 threads
Optimize a model with 981 rows, 6750 columns and 19500 nonzeros
Model fingerprint: 0x771baa4d
Variable types: 0 continuous, 6750 integer (6750 binary)
Coefficient statistics:
  Matrix range     [1e+00, 3e+03]
  Objective range  [5e+00, 1e+03]
  Bounds range     [1e+00, 1e+00]
  RHS range        [1e+00, 8e+04]
Found heuristic solution: objective 0.0000000
Presolve removed 129 rows and 1269 columns
Presolve time: 0.05s
Presolved: 852 rows, 5481 columns, 15822 nonzeros
Variable types: 0 continuous, 5481 integer (5481 binary)
Found heuristic solution: objective -35341.00000

Root relaxation: objective -7.958600e+04, 1185 iterations, 0.02 seconds (0.03 work units)

    Nodes    |    Current Node    |     Objective Bounds      |     Work
 Expl Unexpl |  Obj  Depth IntInf | Incumbent    BestBd   Gap | It/Node Time

     0     0 -79586.000    0   67 -35341.000 -79586.000   125%     -    0s
H    0     0                    -66550.00000 -79586.000  19.6%     -    0s
H    0     0                    -66750.00000 -79586.000  19.2%     -    0s
H    0     0                    -69886.00000 -79586.000  13.9%     -    0s
     0     0 -79586.000    0  183 -69886.000 -79586.000  13.9%     -    0s
H    0     0                    -69983.00000 -79586.000  13.7%     -    0s
H    0     0                    -72112.00000 -79586.000  10.4%     -    0s
     0     0 -79586.000    0  192 -72112.000 -79586.000  10.4%     -    0s
     0     0 -79586.000    0   56 -72112.000 -79586.000  10.4%     -    0s
     0     0 -79586.000    0  140 -72112.000 -79586.000  10.4%     -    0s
H    0     0                    -73856.00000 -79586.000  7.76%     -    1s
     0     0 -79586.000    0   61 -73856.000 -79586.000  7.76%     -    1s
     0     0 -79586.000    0   50 -73856.000 -79586.000  7.76%     -    1s
     0     2 -79586.000    0   47 -73856.000 -79586.000  7.76%     -    1s
H   29    37                    -74266.00000 -79586.000  7.16%   321    1s
H   32    37                    -75256.00000 -79586.000  5.75%   299    1s
H   61    83                    -75345.00000 -79586.000  5.63%   405    2s
H  362   660                    -76225.00000 -79586.000  4.41%   163    3s
H  664   744                    -76264.00000 -79586.000  4.36%   139    3s
H  689   744                    -76489.00000 -79586.000  4.05%   137    3s
H  714   741                    -76906.00000 -79586.000  3.48%   137    3s
H  765   952                    -77027.00000 -79586.000  3.32%   137    4s
H  831   952                    -77028.00000 -79586.000  3.32%   138    4s
H  865   950                    -77351.00000 -79586.000  2.89%   138    4s
  1389  1399 -79586.000   44  108 -77351.000 -79586.000  2.89%   123    5s
H 1417  1399                    -77383.00000 -79586.000  2.85%   125    5s
H 1417  1392                    -77541.00000 -79586.000  2.64%   125    5s
H 1512  1387                    -77641.00000 -79586.000  2.51%   126    5s
H 1556  1318                    -77937.00000 -79586.000  2.12%   128    6s
H 1556  1252                    -78081.00000 -79586.000  1.93%   128    6s
H 1560  1192                    -78328.00000 -79586.000  1.61%   127    7s
  1574  1206 -79586.000   15  133 -78328.000 -79586.000  1.61%   146   10s
H 1591  1157                    -78347.00000 -79586.000  1.58%   147   10s
H 1624  1182                    -78453.00000 -79586.000  1.44%   147   11s
H 1871  1373                    -78833.00000 -79586.000  0.96%   151   13s
  2024  1408 -79586.000   73   90 -78833.000 -79586.000  0.96%   152   15s
H 2026  1353                    -79028.00000 -79586.000  0.71%   152   15s
  2851  1676 -79586.000   86   94 -79028.000 -79586.000  0.71%   150   20s
  4168  2239 -79586.000  143  105 -79028.000 -79586.000  0.71%   132   25s
  5762  3559 -79578.559  150  103 -79028.000 -79586.000  0.71%   112   33s
  6927  4191 -79586.000  104   98 -79028.000 -79586.000  0.71%   108   36s
H 7938  5039                    -79043.00000 -79586.000  0.69%   105   39s
  8193  5684 -79586.000   52  104 -79043.000 -79586.000  0.69%   105   40s
 11691  8623 -79586.000   52  116 -79043.000 -79586.000  0.69%  98.5   45s
H13632  9042                    -79084.00000 -79586.000  0.63%  93.2   48s
 13908  9049 -79586.000   41  128 -79084.000 -79586.000  0.63%  92.1   51s
H13909  8431                    -79217.00000 -79586.000  0.47%  92.1   51s
 16512 10768 -79586.000   71  129 -79217.000 -79586.000  0.47%  90.6   56s
 18870 12759 -79586.000  135  112 -79217.000 -79586.000  0.47%  88.7   60s
 22047 15728 -79586.000   61  117 -79217.000 -79586.000  0.47%  86.8   74s
 23676 16410 -79586.000  287   79 -79217.000 -79586.000  0.47%  87.0   75s
 24548 17224 -79586.000   29  128 -79217.000 -79586.000  0.47%  88.7   80s
 25996 18501 -79586.000   82  120 -79217.000 -79586.000  0.47%  89.8   85s
 28029 19426 -79586.000  162   91 -79217.000 -79586.000  0.47%  91.8   93s
 28714 20390 -79471.955   82  123 -79217.000 -79586.000  0.47%  92.5   95s
 31533 21805 -79586.000  121  107 -79217.000 -79586.000  0.47%  94.5  102s
 32396 22622 -79586.000  142   82 -79217.000 -79586.000  0.47%  95.5  105s
H33191 21497                    -79308.00000 -79586.000  0.35%  97.0  107s
 33923 22323 -79586.000   72  108 -79308.000 -79586.000  0.35%  98.5  110s
 36600 23902 -79586.000   92  107 -79308.000 -79586.000  0.35%   102  115s
 39854 25634 -79586.000  171   87 -79308.000 -79586.000  0.35%   102  123s
 40714 26557 -79586.000  106   99 -79308.000 -79586.000  0.35%   102  125s
 44260 28142 -79586.000  105  112 -79308.000 -79586.000  0.35%   105  130s
 47094 29691 -79586.000  123  101 -79308.000 -79586.000  0.35%   106  135s
 48085 30170 -79581.681  131   82 -79308.000 -79586.000  0.35%   107  140s
 51379 31135     cutoff  122      -79308.000 -79586.000  0.35%   108  145s
H51386 29075                    -79413.00000 -79586.000  0.22%   108  145s
 52734 30005 -79586.000  107   96 -79413.000 -79586.000  0.22%   111  151s
 53386 30375 -79586.000   99  127 -79413.000 -79586.000  0.22%   112  157s
 53664 30790 -79586.000   89  127 -79413.000 -79586.000  0.22%   114  160s
 55073 31747     cutoff   92      -79413.000 -79586.000  0.22%   119  166s
 56460 32369 -79586.000   88  138 -79413.000 -79586.000  0.22%   123  170s
 57042 32534 -79586.000   67  110 -79413.000 -79586.000  0.22%   124  176s
 58464 33282 -79586.000   94   83 -79413.000 -79586.000  0.22%   127  180s
 60559 33901     cutoff   80      -79413.000 -79586.000  0.22%   132  188s
 60810 34074 -79586.000   80  132 -79413.000 -79586.000  0.22%   132  190s
 62949 35107 -79586.000   92  112 -79413.000 -79586.000  0.22%   136  196s
 64765 35595     cutoff  117      -79413.000 -79586.000  0.22%   139  202s
 65512 35851 -79586.000   87   97 -79413.000 -79586.000  0.22%   141  207s
 66957 35992     cutoff  125      -79413.000 -79586.000  0.22%   145  213s
 67150 36117     cutoff  127      -79413.000 -79586.000  0.22%   146  216s
 68372 36470     cutoff  102      -79413.000 -79586.000  0.22%   150  221s
 70075 37042     cutoff  119      -79413.000 -79586.000  0.22%   153  225s
 70953 37329     cutoff   96      -79413.000 -79586.000  0.22%   154  232s
 72416 37824 -79469.052  130   77 -79413.000 -79586.000  0.22%   156  236s
 74934 38315 -79461.899  107   87 -79413.000 -79586.000  0.22%   159  241s
 76267 38774 -79586.000  133  101 -79413.000 -79586.000  0.22%   161  245s
 76934 38786 -79586.000  126   79 -79413.000 -79586.000  0.22%   163  250s
 78031 39340 -79586.000  143   84 -79413.000 -79586.000  0.22%   164  256s
 80320 39871     cutoff  116      -79413.000 -79586.000  0.22%   167  261s
 82169 40278 -79578.743  117   82 -79413.000 -79586.000  0.22%   169  266s
 83544 40585 -79586.000  116  112 -79413.000 -79586.000  0.22%   171  271s
 83986 41033 -79586.000  112  107 -79413.000 -79586.000  0.22%   171  275s
 85648 41930 infeasible   99      -79413.000 -79586.000  0.22%   173  281s
 87986 42594 -79586.000  134  105 -79413.000 -79586.000  0.22%   176  286s
 89769 43267 -79586.000  132   91 -79413.000 -79586.000  0.22%   178  291s
 90423 43306 -79586.000  112   91 -79413.000 -79586.000  0.22%   178  296s
 91605 43938 -79586.000  118   73 -79413.000 -79586.000  0.22%   179  301s
 93447 44581 -79586.000  148   97 -79413.000 -79586.000  0.22%   181  306s
 95261 45324 -79586.000  107   93 -79413.000 -79586.000  0.22%   183  312s
 96467 45645     cutoff  138      -79413.000 -79586.000  0.22%   184  315s
 97047 45986 -79570.682   57  135 -79413.000 -79586.000  0.22%   185  321s
 98215 46276 -79586.000   85  128 -79413.000 -79586.000  0.22%   186  325s
 100113 46937 -79501.325   56  131 -79413.000 -79586.000  0.22%   187  330s
 101603 47449 -79586.000   62   94 -79413.000 -79586.000  0.22%   189  335s
 102119 47762 -79586.000   89  103 -79413.000 -79586.000  0.22%   189  340s
 103993 48379 -79421.519   88  118 -79413.000 -79586.000  0.22%   191  346s
 105692 48775 -79586.000   99  101 -79413.000 -79586.000  0.22%   193  353s
 105696 48801 -79576.516  100  113 -79413.000 -79586.000  0.22%   193  358s
 105820 48882     cutoff  105      -79413.000 -79586.000  0.22%   193  360s
 107362 49466 -79586.000   71  118 -79413.000 -79586.000  0.22%   195  366s
 108568 49831 -79586.000  124  122 -79413.000 -79586.000  0.22%   196  370s
 109592 50006 -79463.052   67  118 -79413.000 -79586.000  0.22%   198  376s
 110489 50420 -79586.000   40  109 -79413.000 -79586.000  0.22%   199  380s
 112886 51814     cutoff   51      -79413.000 -79586.000  0.22%   199  386s
 114465 52236 -79586.000  123  103 -79413.000 -79586.000  0.22%   200  392s
 115219 52794 -79563.068   74  122 -79413.000 -79586.000  0.22%   200  395s
 117194 53537 -79586.000   61   84 -79413.000 -79586.000  0.22%   201  400s
 118897 53919     cutoff   87      -79413.000 -79586.000  0.22%   202  405s
 120362 54580 -79586.000  111   89 -79413.000 -79586.000  0.22%   203  410s
 121185 55001 -79586.000   67   94 -79413.000 -79586.000  0.22%   203  415s
 123378 55979 -79586.000   80  127 -79413.000 -79586.000  0.22%   204  421s
 124429 56268 -79586.000   67  127 -79413.000 -79586.000  0.22%   205  426s
 125007 56740 -79586.000  134  152 -79413.000 -79586.000  0.22%   205  430s
 126888 57603 -79586.000   77  118 -79413.000 -79586.000  0.22%   206  435s
 127347 57726 -79586.000   72  112 -79413.000 -79586.000  0.22%   206  440s
 128921 58506 -79586.000   62  114 -79413.000 -79586.000  0.22%   207  445s
 130467 59016 -79566.713  103  122 -79413.000 -79586.000  0.22%   208  450s
 131797 59419     cutoff  117      -79413.000 -79586.000  0.22%   209  455s
 133524 60080     cutoff  132      -79413.000 -79586.000  0.22%   209  461s
 134750 60567 -79586.000   66  119 -79413.000 -79586.000  0.22%   210  465s
 136604 60839     cutoff   60      -79413.000 -79586.000  0.22%   211  473s
 136632 61141     cutoff   96      -79413.000 -79586.000  0.22%   211  475s
 138556 61992 -79586.000   88  104 -79413.000 -79586.000  0.22%   212  480s
 140302 62515     cutoff   85      -79413.000 -79586.000  0.22%   213  486s
 140848 62995 -79586.000   84  135 -79413.000 -79586.000  0.22%   214  490s
 142379 64133 -79586.000   58  109 -79413.000 -79586.000  0.22%   214  495s
 144209 65452 -79586.000  109  112 -79413.000 -79586.000  0.22%   214  501s
 145713 65941 -79586.000   99   99 -79413.000 -79586.000  0.22%   214  506s
 147312 67454 -79586.000  106  125 -79413.000 -79586.000  0.22%   214  511s
 148744 68144 -79586.000   90  120 -79413.000 -79586.000  0.22%   214  515s
 149734 68654 infeasible  125      -79413.000 -79586.000  0.22%   214  520s
 151090 69944 -79586.000   95  114 -79413.000 -79586.000  0.22%   214  525s
 152806 70878 -79543.254  103  147 -79413.000 -79586.000  0.22%   215  530s
 154563 71636 -79586.000   65  115 -79413.000 -79586.000  0.22%   215  536s
 155240 72213 -79586.000   88   86 -79413.000 -79586.000  0.22%   215  540s
 157020 72820 -79586.000  102   89 -79413.000 -79586.000  0.22%   216  545s
 157649 73097 -79586.000   74  101 -79413.000 -79586.000  0.22%   217  551s
 159649 73619 -79586.000   74   88 -79413.000 -79586.000  0.22%   217  555s
 161904 74231     cutoff   98      -79413.000 -79586.000  0.22%   218  561s
 162531 74263 -79586.000   83   75 -79413.000 -79586.000  0.22%   218  565s
 164297 74818 -79586.000   70  104 -79413.000 -79586.000  0.22%   218  571s
 165903 75209 -79586.000  139  126 -79413.000 -79586.000  0.22%   219  576s
 166897 75480 -79586.000  140  130 -79413.000 -79586.000  0.22%   221  582s
 167326 75638 -79586.000  112  102 -79413.000 -79586.000  0.22%   221  586s
 168829 76217 -79586.000  154  123 -79413.000 -79586.000  0.22%   222  591s
 169922 76498     cutoff  135      -79413.000 -79586.000  0.22%   223  595s
 170593 76511     cutoff   78      -79413.000 -79586.000  0.22%   223  600s

Cutting planes:
  Gomory: 57
  Lift-and-project: 1
  Cover: 162
  Clique: 146
  MIR: 41
  StrongCG: 46
  Flow cover: 68
  Zero half: 15

Explored 170724 nodes (38136276 simplex iterations) in 600.01 seconds (1427.76 work units)
Thread count was 4 (of 56 available processors)

Solution count 10: -79413 -79308 -79217 ... -78328

Time limit reached
Best objective -7.941300000000e+04, best bound -7.958600000000e+04, gap 0.2178%
