
Gurobi 9.5.0 (linux64) logging started Mon Jun 20 09:06:16 2022

Set parameter LogFile to value "/local_workspace/chenrui/LogFiles/MKAP/new0U_R2_M40_N50_seed1_DWcutsCTp5_600.log"
Gurobi Optimizer version 9.5.0 build v9.5.0rc5 (linux64)
Thread count: 56 physical cores, 56 logical processors, using up to 4 threads
Optimize a model with 282 rows, 2080 columns and 6367 nonzeros
Model fingerprint: 0xf047246e
Variable types: 0 continuous, 2080 integer (2080 binary)
Coefficient statistics:
  Matrix range     [1e-08, 2e+03]
  Objective range  [1e+01, 1e+03]
  Bounds range     [1e+00, 1e+00]
  RHS range        [9e-06, 1e+00]
Found heuristic solution: objective 0.0000000
Presolve removed 145 rows and 1417 columns
Presolve time: 0.01s
Presolved: 137 rows, 663 columns, 1581 nonzeros
Found heuristic solution: objective -17112.00000
Variable types: 0 continuous, 663 integer (663 binary)

Root relaxation: objective -1.864900e+04, 134 iterations, 0.00 seconds (0.00 work units)

    Nodes    |    Current Node    |     Objective Bounds      |     Work
 Expl Unexpl |  Obj  Depth IntInf | Incumbent    BestBd   Gap | It/Node Time

H    0     0                    -18649.00000 -357882.00  1819%     -    0s
     0     0          -    0      -18649.000 -18649.000  0.00%     -    0s

Explored 1 nodes (226 simplex iterations) in 0.01 seconds (0.01 work units)
Thread count was 4 (of 56 available processors)

Solution count 3: -18649 -17112 0 
No other solutions better than -18649

Optimal solution found (tolerance 1.00e-04)
Best objective -1.864900000000e+04, best bound -1.864900000000e+04, gap 0.0000%
