
Gurobi 9.5.0 (linux64) logging started Tue May  3 17:50:43 2022

Set parameter LogFile to value "/local_workspace/chenrui/LogFiles/MKAP/new0U_R25_M30_N200_seed4_DWcutsCT_600.log"
Gurobi Optimizer version 9.5.0 build v9.5.0rc5 (linux64)
Thread count: 56 physical cores, 56 logical processors, using up to 4 threads
Optimize a model with 1730 rows, 6750 columns and 20246 nonzeros
Model fingerprint: 0xe48cc23b
Variable types: 0 continuous, 6750 integer (6750 binary)
Coefficient statistics:
  Matrix range     [1e+00, 3e+03]
  Objective range  [4e+00, 1e+03]
  Bounds range     [1e+00, 1e+00]
  RHS range        [6e-14, 1e+00]
Found heuristic solution: objective 0.0000000
Presolve removed 79 rows and 649 columns
Presolve time: 0.05s
Presolved: 1651 rows, 6101 columns, 18183 nonzeros
Found heuristic solution: objective -7942.000000
Variable types: 0 continuous, 6101 integer (6101 binary)

Root relaxation: objective -7.985996e+04, 8616 iterations, 0.28 seconds (0.26 work units)

    Nodes    |    Current Node    |     Objective Bounds      |     Work
 Expl Unexpl |  Obj  Depth IntInf | Incumbent    BestBd   Gap | It/Node Time

     0     0 -79859.964    0  103 -7942.0000 -79859.964   906%     -    0s
H    0     0                    -74886.00000 -79859.964  6.64%     -    0s
H    0     0                    -75329.00000 -79859.964  6.01%     -    0s
H    0     0                    -75392.00000 -79859.964  5.93%     -    0s
H    0     0                    -76806.00000 -79859.964  3.98%     -    0s
     0     0 -79859.964    0  216 -76806.000 -79859.964  3.98%     -    0s
H    0     0                    -77187.00000 -79859.964  3.46%     -    0s
     0     0 -79859.964    0  174 -77187.000 -79859.964  3.46%     -    0s
     0     0 -79859.964    0   96 -77187.000 -79859.964  3.46%     -    1s
     0     0 -79859.964    0  127 -77187.000 -79859.964  3.46%     -    1s
     0     0 -79859.964    0  112 -77187.000 -79859.964  3.46%     -    1s
     0     0 -79859.964    0   71 -77187.000 -79859.964  3.46%     -    1s
H    0     0                    -77527.00003 -79859.964  3.01%     -    1s
H    0     2                    -77892.00000 -79859.964  2.53%     -    1s
     0     2 -79859.964    0   63 -77892.000 -79859.964  2.53%     -    1s
H   59    62                    -77917.00000 -79859.964  2.49%   106    2s
H   64    66                    -78038.00000 -79859.964  2.33%   104    3s
H   86    90                    -78378.00002 -79859.964  1.89%   122    3s
H   88    90                    -78758.00000 -79859.964  1.40%   126    3s
H  102    94                    -78767.00006 -79859.964  1.39%   119    3s
H  160   164                    -79079.00000 -79859.964  0.99%   108    4s
H  212   199                    -79123.00000 -79859.964  0.93%  93.9    4s
   275   264 -79859.964   66  120 -79123.000 -79859.964  0.93%  86.5    5s
H  357   258                    -79131.00000 -79859.964  0.92%  82.5    5s
H  358   258                    -79137.00000 -79859.964  0.91%  82.8    5s
H  607   444                    -79145.00000 -79859.964  0.90%  76.2    7s
H  653   438                    -79334.00000 -79859.964  0.66%  77.1    7s
H  716   473                    -79476.00000 -79859.964  0.48%  75.7    7s
H  879   551                    -79524.00000 -79859.964  0.42%  73.1    8s
  1124   698 -79859.964  104  180 -79524.000 -79859.964  0.42%  73.4   10s
  1147   714 -79613.821   15  214 -79524.000 -79859.964  0.42%  92.6   15s
  1360   822 -79839.168   43  143 -79524.000 -79859.964  0.42%   135   20s
  1492   864 -79839.168   58  113 -79524.000 -79859.964  0.42%   157   25s
  1875  1068 -79829.470   89  197 -79524.000 -79859.964  0.42%   177   30s
  2895  1503 -79859.245   53  136 -79524.000 -79859.964  0.42%   163   35s
  3926  2085 -79528.906   49  171 -79524.000 -79859.964  0.42%   147   43s
  4143  2325 -79827.010   49  190 -79524.000 -79859.964  0.42%   145   45s
  5462  3120 -79655.655   34  111 -79524.000 -79859.964  0.42%   141   51s
  5815  3261 -79833.985   63  191 -79524.000 -79859.964  0.42%   145   55s
  7348  4478 -79689.980   72  147 -79524.000 -79859.964  0.42%   141   60s
  9097  5874     cutoff  124      -79524.000 -79859.941  0.42%   140   66s
 10214  6344 -79682.954   95  194 -79524.000 -79859.941  0.42%   137   70s
 10260  6377 -79834.684   25  215 -79524.000 -79854.292  0.42%   141   75s
 10276  6390 -79716.155   53  217 -79524.000 -79854.031  0.42%   144   80s
 10319  6408 -79610.361   58  142 -79524.000 -79854.031  0.42%   145   85s
 10500  6486 -79833.985   81  188 -79524.000 -79854.031  0.42%   147   90s
 10804  6677 -79833.985  103  181 -79524.000 -79854.031  0.42%   147   95s
H10953  6392                    -79526.00000 -79854.031  0.41%   146   96s
H10968  5814                    -79744.00000 -79854.031  0.14%   146   96s
 11533  6034     cutoff  172      -79744.000 -79854.031  0.14%   144  100s
 12934  6636 -79766.993   62  196 -79744.000 -79844.041  0.13%   138  105s
 15117  7285 -79803.915  109  244 -79744.000 -79833.985  0.11%   129  111s
 15869  7294 -79812.775  126  263 -79744.000 -79833.985  0.11%   130  115s
 15970  7367 -79831.417   85  169 -79744.000 -79831.417  0.11%   131  120s
 16318  7396 -79770.947   97  210 -79744.000 -79810.925  0.08%   130  125s
 19915  6604     cutoff  121      -79744.000 -79771.463  0.03%   119  130s

Cutting planes:
  Gomory: 16
  Cover: 217
  Clique: 77
  MIR: 36
  StrongCG: 21
  Flow cover: 36
  Zero half: 14
  RLT: 5

Explored 21647 nodes (2478814 simplex iterations) in 131.19 seconds (195.24 work units)
Thread count was 4 (of 56 available processors)

Solution count 10: -79744 -79526 -79524 ... -79079
No other solutions better than -79744

Optimal solution found (tolerance 1.00e-04)
Best objective -7.974400000000e+04, best bound -7.974400000000e+04, gap 0.0000%
