
Gurobi 9.5.0 (linux64) logging started Fri Apr 29 02:47:35 2022

Set parameter LogFile to value "/local_workspace/chenrui/LogFiles/MKAP/new0U_R10_M10_N300_seed4_original_600.log"
Gurobi Optimizer version 9.5.0 build v9.5.0rc5 (linux64)
Thread count: 56 physical cores, 56 logical processors, using up to 4 threads
Optimize a model with 410 rows, 3100 columns and 6200 nonzeros
Model fingerprint: 0x79c46778
Variable types: 0 continuous, 3100 integer (3100 binary)
Coefficient statistics:
  Matrix range     [1e+00, 1e+04]
  Objective range  [2e+00, 1e+03]
  Bounds range     [1e+00, 1e+00]
  RHS range        [1e+00, 1e+00]
Found heuristic solution: objective 0.0000000
Presolve removed 10 rows and 10 columns
Presolve time: 0.01s
Presolved: 400 rows, 3090 columns, 6180 nonzeros
Variable types: 0 continuous, 3090 integer (3090 binary)
Found heuristic solution: objective -54868.00000

Root relaxation: objective -1.252657e+05, 969 iterations, 0.01 seconds (0.01 work units)

    Nodes    |    Current Node    |     Objective Bounds      |     Work
 Expl Unexpl |  Obj  Depth IntInf | Incumbent    BestBd   Gap | It/Node Time

     0     0 -125265.68    0   30 -54868.000 -125265.68   128%     -    0s
H    0     0                    -117416.0000 -125265.68  6.69%     -    0s
H    0     0                    -118066.0000 -125265.68  6.10%     -    0s
H    0     0                    -119149.0000 -125265.68  5.13%     -    0s
     0     0 -125265.68    0  111 -119149.00 -125265.68  5.13%     -    0s
     0     0 -125265.68    0  103 -119149.00 -125265.68  5.13%     -    0s
H    0     0                    -119481.0000 -125265.68  4.84%     -    0s
     0     0 -124486.23    0   71 -119481.00 -124486.23  4.19%     -    0s
     0     0 -124474.93    0   59 -119481.00 -124474.93  4.18%     -    0s
H    0     0                    -119511.0000 -124474.93  4.15%     -    0s
     0     2 -124474.93    0   59 -119511.00 -124474.93  4.15%     -    0s
H  334   325                    -119516.0000 -124032.61  3.78%  21.7    0s
H  372   320                    -119594.0000 -124032.61  3.71%  19.9    0s
H  373   302                    -119760.0000 -124032.61  3.57%  19.9    0s
H 1111   841                    -119784.0000 -124012.74  3.53%  16.4    1s
H 1220   856                    -119793.0000 -124012.74  3.52%  20.6    1s
H 3885  1344                    -120383.0000 -124007.30  3.01%  13.4    2s
H 4918  1573                    -120523.0000 -123918.74  2.82%  13.1    2s
 16724  7041 -120681.50   41   26 -120523.00 -122372.95  1.53%  15.1    5s
H30119 11130                    -120638.0000 -121734.03  0.91%  13.8    8s
 38440 15875 -120920.96   76    7 -120638.00 -121646.53  0.84%  12.1   10s
H84865 42028                    -120647.0000 -121482.76  0.69%   7.7   14s
 85192 42027     cutoff   76      -120647.00 -121481.77  0.69%   7.7   15s
 134335 69784 -120733.12   75    9 -120647.00 -121416.92  0.64%   6.2   20s
 186011 98120 -120693.32   62    8 -120647.00 -121375.23  0.60%   5.4   25s
 235372 124593 -120772.68   83    9 -120647.00 -121348.74  0.58%   4.9   30s
H266176 125645                    -120711.0000 -121335.94  0.52%   4.6   32s
H271765 126529                    -120719.0000 -121333.47  0.51%   4.6   33s
H272044 120118                    -120743.0000 -121333.36  0.49%   4.6   33s
 284912 126707 -121097.48   61   10 -120743.00 -121327.35  0.48%   4.5   35s
 336915 151565 -120864.66   53   10 -120743.00 -121307.97  0.47%   4.3   40s
 388643 175939 -120794.68   60    9 -120743.00 -121292.24  0.45%   4.1   45s
 441208 200707 -120838.88   60   10 -120743.00 -121279.02  0.44%   4.0   50s
 493533 224956 -121169.16   58   13 -120743.00 -121268.26  0.44%   3.9   55s
 545799 248741 -120837.67   76    9 -120743.00 -121258.19  0.43%   3.8   60s
 599119 273028 -120801.04   74    8 -120743.00 -121249.17  0.42%   3.6   65s
 652484 296810 -120758.99   63    9 -120743.00 -121240.83  0.41%   3.6   70s
 700391 318001 -120829.39   68    9 -120743.00 -121234.16  0.41%   3.5   75s
 754139 340997 -120786.55   81   10 -120743.00 -121226.63  0.40%   3.4   80s
 806685 363790 -120893.43   74   13 -120743.00 -121220.36  0.40%   3.4   85s
 860266 386756 -120935.76   68   10 -120743.00 -121214.64  0.39%   3.4   90s
 914197 409543 -121080.68   72    7 -120743.00 -121209.00  0.39%   3.3   95s
 966044 431095 -121023.74   63    9 -120743.00 -121203.85  0.38%   3.3  100s
 1020138 453725 -121057.04   65   10 -120743.00 -121198.91  0.38%   3.2  105s
 1072903 475137 -121118.17   44   10 -120743.00 -121194.24  0.37%   3.2  110s
 1127330 497243 -121113.47   68    8 -120743.00 -121189.86  0.37%   3.2  115s
 1182860 519778 -121162.78   56   11 -120743.00 -121185.37  0.37%   3.1  120s
 1235753 541006 -120819.61   74   10 -120743.00 -121181.32  0.36%   3.1  125s
 1286711 561045 -120872.43   94    8 -120743.00 -121177.45  0.36%   3.1  130s
 1339815 581779 -121059.00   65   10 -120743.00 -121173.70  0.36%   3.1  135s
 1394522 602535 -120753.07   76    7 -120743.00 -121170.04  0.35%   3.0  140s
 1447214 622868 -120865.31   60   10 -120743.00 -121166.41  0.35%   3.0  145s
 1501924 643599     cutoff  117      -120743.00 -121162.86  0.35%   3.0  150s
 1556395 664407 -120983.58   77   12 -120743.00 -121159.73  0.35%   3.0  155s
 1609924 685162 -121108.24   51   10 -120743.00 -121156.69  0.34%   3.0  160s
 1664951 706256 -121114.71   68    9 -120743.00 -121153.72  0.34%   2.9  165s
 1716853 725777 -120807.28   63    9 -120743.00 -121150.99  0.34%   2.9  170s
 1770697 745636     cutoff   53      -120743.00 -121148.15  0.34%   2.9  175s
 1820858 764542 -120821.70   76   10 -120743.00 -121145.77  0.33%   2.9  180s
 1874717 784293 -120803.16   55    9 -120743.00 -121143.19  0.33%   2.9  185s
 1928636 803541 -120839.52   64   10 -120743.00 -121140.69  0.33%   2.9  190s
 1982209 822725 -120967.69   51   10 -120743.00 -121138.05  0.33%   2.9  195s
 2036643 841938 -120913.60   82    9 -120743.00 -121135.62  0.33%   2.9  200s
 2090051 861030 -120875.86   64   10 -120743.00 -121133.25  0.32%   2.8  205s
 2144584 880007 -120771.19   95    8 -120743.00 -121130.96  0.32%   2.8  210s
 2199001 899267 -120778.88   66   12 -120743.00 -121128.70  0.32%   2.8  215s
 2251836 917715     cutoff   56      -120743.00 -121126.50  0.32%   2.8  220s
 2306848 936746 -120907.09   72   10 -120743.00 -121124.27  0.32%   2.8  225s
 2360502 955141 -120784.05  117    6 -120743.00 -121122.16  0.31%   2.8  230s
 2414605 973700 -121107.13   42   10 -120743.00 -121120.10  0.31%   2.8  235s
 2463225 990235 -120959.30   73    9 -120743.00 -121118.28  0.31%   2.8  240s
 2518064 1008723 -120821.21   75    8 -120743.00 -121116.37  0.31%   2.8  245s
 2571613 1026963 -120833.40   74    8 -120743.00 -121114.35  0.31%   2.8  250s
 2624126 1044336 -120754.29   72    9 -120743.00 -121112.58  0.31%   2.8  255s
 2678528 1062460 -121002.38   83    8 -120743.00 -121110.72  0.30%   2.7  260s
 2732306 1080531 -120974.46   84   10 -120743.00 -121108.95  0.30%   2.7  265s
 2786209 1098346 -120955.29   53   13 -120743.00 -121107.18  0.30%   2.7  270s
 2839900 1115810 -120811.26   69    8 -120743.00 -121105.47  0.30%   2.7  275s
 2894920 1133437 -120784.26   51   10 -120743.00 -121103.78  0.30%   2.7  280s
 2948320 1150503 -120985.02   56    9 -120743.00 -121102.08  0.30%   2.7  285s
 2999788 1167093 -120775.70   89    6 -120743.00 -121100.46  0.30%   2.7  290s
 3053288 1184275 -121098.75   39   18 -120743.00 -121098.85  0.29%   2.7  295s
 3108310 1201604 -121000.93   60   10 -120743.00 -121097.25  0.29%   2.7  300s
 3161113 1218273 -120850.92   69   10 -120743.00 -121095.72  0.29%   2.7  305s
 3214618 1234937 -120797.75   74    9 -120743.00 -121094.20  0.29%   2.7  310s
 3269354 1252041 -120788.12   85   12 -120743.00 -121092.63  0.29%   2.7  315s
 3322858 1268334 -120991.30   64    9 -120743.00 -121091.18  0.29%   2.7  320s
 3377349 1285049 -120761.70  115    6 -120743.00 -121089.68  0.29%   2.7  325s
 3431728 1301233 -120778.98   74    8 -120743.00 -121088.10  0.29%   2.7  330s
 3484662 1316940 -120916.57   57   10 -120743.00 -121086.62  0.28%   2.7  335s
 3533857 1331225     cutoff   60      -120743.00 -121085.27  0.28%   2.7  340s
 3586825 1346249 -120804.85   66   12 -120743.00 -121083.79  0.28%   2.7  345s
 3638347 1361031 -120992.71   66   10 -120743.00 -121082.40  0.28%   2.7  350s
 3691946 1376272 -120969.25   58   10 -120743.00 -121080.92  0.28%   2.6  355s
 3744164 1391201 -120815.63   59   10 -120743.00 -121079.54  0.28%   2.6  360s
 3797728 1406212 -120810.40   86    8 -120743.00 -121078.08  0.28%   2.6  365s
 3850951 1420998 -121035.64   60    9 -120743.00 -121076.63  0.28%   2.6  370s
 3904210 1435618 -120782.81   86    8 -120743.00 -121075.23  0.28%   2.6  375s
 3953559 1449438 -120914.79   96    8 -120743.00 -121074.00  0.27%   2.6  380s
 4007916 1464325 -120860.72   80   12 -120743.00 -121072.62  0.27%   2.6  385s
 4060717 1478897 -120960.42   53   10 -120743.00 -121071.27  0.27%   2.6  390s
 4114992 1493415 -120779.05   76    8 -120743.00 -121069.86  0.27%   2.6  395s
 4167577 1507587 -120866.87   46   10 -120743.00 -121068.54  0.27%   2.6  400s
 4219541 1521480 -121022.97   89    8 -120743.00 -121067.25  0.27%   2.6  405s
 4272708 1535627 -120919.62   63   10 -120743.00 -121065.95  0.27%   2.6  410s
 4324278 1549036 -121006.50   61   10 -120743.00 -121064.74  0.27%   2.6  415s
 4374042 1561843 -121012.48   60   10 -120743.00 -121063.51  0.27%   2.6  420s
 4427568 1576003 -120851.07   74    8 -120743.00 -121062.29  0.26%   2.6  425s
 4479962 1589715 -120941.74   72    9 -120743.00 -121061.10  0.26%   2.6  430s
 4532315 1603418 -120924.26   52   10 -120743.00 -121059.88  0.26%   2.6  435s
 4584825 1616680 -120798.35   91    9 -120743.00 -121058.72  0.26%   2.6  440s
 4638231 1630052 -120814.39   65    9 -120743.00 -121057.55  0.26%   2.6  445s
 4691258 1643414 -120903.79  101    8 -120743.00 -121056.38  0.26%   2.6  450s
 4743185 1656291 -120897.76  110    6 -120743.00 -121055.22  0.26%   2.6  455s
 4795121 1669054 -120894.89   81    8 -120743.00 -121054.15  0.26%   2.6  460s
 4847224 1681853 -120764.15   61    9 -120743.00 -121053.01  0.26%   2.6  465s
 4896806 1693794 -121023.34   60   10 -120743.00 -121051.98  0.26%   2.6  470s
 4948319 1706410 -120893.79   72   13 -120743.00 -121050.92  0.26%   2.6  475s
 5000715 1719312 -120823.15   95    7 -120743.00 -121049.88  0.25%   2.6  480s
 5053886 1731998 -120954.92   59   10 -120743.00 -121048.78  0.25%   2.6  485s
 5108366 1744996 -120900.04   76    8 -120743.00 -121047.68  0.25%   2.6  490s
 5161145 1757415 -120904.19   75    9 -120743.00 -121046.64  0.25%   2.6  495s
 5214053 1769559 -120983.08   50   12 -120743.00 -121045.56  0.25%   2.6  500s
 5268037 1781861 -120864.75   78    8 -120743.00 -121044.51  0.25%   2.6  505s
 5317479 1793330 -120984.37   60   11 -120743.00 -121043.56  0.25%   2.6  510s
 5369384 1805343 -120889.71   72   10 -120743.00 -121042.55  0.25%   2.6  515s
 5421330 1817398 -121041.52   70    9 -120743.00 -121041.56  0.25%   2.6  520s
 5474717 1829523 -121021.71   50    9 -120743.00 -121040.54  0.25%   2.6  525s
 5526872 1840872 -120942.76   73   10 -120743.00 -121039.56  0.25%   2.6  530s
 5578998 1852457 -120810.20   69    8 -120743.00 -121038.55  0.24%   2.6  535s
 5632622 1864498 -120766.03   63   10 -120743.00 -121037.53  0.24%   2.6  540s
 5683979 1876102 -120883.28   75    8 -120743.00 -121036.55  0.24%   2.6  545s
 5737196 1887852 -121024.14   97    9 -120743.00 -121035.59  0.24%   2.6  550s
 5788914 1899641 -121031.39   62   10 -120743.00 -121034.65  0.24%   2.6  555s
 5837641 1910067 -120930.65   61   13 -120743.00 -121033.80  0.24%   2.6  560s
 5887901 1920678 -121032.87   84    7 -120743.00 -121032.91  0.24%   2.6  565s
 5940872 1931961 -121031.94   73    8 -120743.00 -121031.98  0.24%   2.6  570s
 5993829 1942990     cutoff   88      -120743.00 -121031.03  0.24%   2.6  575s
 6045739 1954084 -121005.33   63   11 -120743.00 -121030.16  0.24%   2.6  580s
 6097381 1964892 -120949.95   66   10 -120743.00 -121029.28  0.24%   2.6  585s
 6149879 1976150 -120920.76   94    7 -120743.00 -121028.39  0.24%   2.6  590s
 6203749 1987922 -120994.36   65    9 -120743.00 -121027.50  0.24%   2.6  595s
 6256310 1998514 -120750.26   60    8 -120743.00 -121026.58  0.23%   2.6  600s

Cutting planes:
  Cover: 7
  Clique: 69
  MIR: 2
  StrongCG: 1
  Zero half: 2

Explored 6256496 nodes (15965603 simplex iterations) in 600.00 seconds (872.15 work units)
Thread count was 4 (of 56 available processors)

Solution count 10: -120743 -120719 -120711 ... -119760

Time limit reached
Best objective -1.207430000000e+05, best bound -1.210260000000e+05, gap 0.2344%
