
Gurobi 9.5.0 (linux64) logging started Fri Apr 29 22:05:08 2022

Set parameter LogFile to value "/local_workspace/chenrui/LogFiles/MKAP/new0U_R25_M10_N200_seed7_DWcutsCT1_600.log"
Gurobi Optimizer version 9.5.0 build v9.5.0rc5 (linux64)
Thread count: 56 physical cores, 56 logical processors, using up to 4 threads
Optimize a model with 958 rows, 2250 columns and 8899 nonzeros
Model fingerprint: 0x201f971b
Variable types: 0 continuous, 2250 integer (2250 binary)
Coefficient statistics:
  Matrix range     [1e-13, 8e+03]
  Objective range  [5e+00, 1e+03]
  Bounds range     [1e+00, 1e+00]
  RHS range        [1e-13, 1e+00]
Warning: Model contains large matrix coefficient range
         Consider reformulating model or setting NumericFocus parameter
         to avoid numerical issues.
Found heuristic solution: objective 0.0000000
Presolve removed 12 rows and 82 columns
Presolve time: 0.02s
Presolved: 946 rows, 2168 columns, 8178 nonzeros
Found heuristic solution: objective -5853.000000
Variable types: 0 continuous, 2168 integer (2168 binary)

Root relaxation: objective -4.524201e+04, 4152 iterations, 0.09 seconds (0.07 work units)

    Nodes    |    Current Node    |     Objective Bounds      |     Work
 Expl Unexpl |  Obj  Depth IntInf | Incumbent    BestBd   Gap | It/Node Time

     0     0 -45242.008    0  134 -5853.0000 -45242.008   673%     -    0s
H    0     0                    -34873.00000 -45242.008  29.7%     -    0s
H    0     0                    -39868.00000 -45242.008  13.5%     -    0s
H    0     0                    -40794.00000 -45242.008  10.9%     -    0s
     0     0 -45242.008    0  179 -40794.000 -45242.008  10.9%     -    0s
H    0     0                    -44292.00000 -45242.008  2.14%     -    0s
H    0     0                    -45242.00000 -45242.008  0.00%     -    0s
     0     0 -45242.000    0  158 -45242.000 -45242.000  0.00%     -    0s

Cutting planes:
  Gomory: 8
  Cover: 34
  Clique: 68
  MIR: 8
  StrongCG: 7

Explored 1 nodes (4889 simplex iterations) in 0.24 seconds (0.16 work units)
Thread count was 4 (of 56 available processors)

Solution count 7: -45242 -44292 -40794 ... 0
No other solutions better than -45242

Optimal solution found (tolerance 1.00e-04)
Best objective -4.524200000000e+04, best bound -4.524200000000e+04, gap 0.0000%
