
Gurobi 9.5.0 (linux64) logging started Tue May  3 22:48:46 2022

Set parameter LogFile to value "/local_workspace/chenrui/LogFiles/MKAP/new0U_R25_M20_N50_seed5_original_600.log"
Gurobi Optimizer version 9.5.0 build v9.5.0rc5 (linux64)
Thread count: 56 physical cores, 56 logical processors, using up to 4 threads
Optimize a model with 570 rows, 1500 columns and 3000 nonzeros
Model fingerprint: 0x2739ac6c
Variable types: 0 continuous, 1500 integer (1500 binary)
Coefficient statistics:
  Matrix range     [1e+00, 1e+03]
  Objective range  [4e+00, 1e+03]
  Bounds range     [1e+00, 1e+00]
  RHS range        [1e+00, 1e+00]
Found heuristic solution: objective 0.0000000
Presolve removed 384 rows and 787 columns
Presolve time: 0.01s
Presolved: 186 rows, 713 columns, 1426 nonzeros
Variable types: 0 continuous, 713 integer (713 binary)
Found heuristic solution: objective -17002.00000

Root relaxation: objective -2.046854e+04, 451 iterations, 0.00 seconds (0.00 work units)

    Nodes    |    Current Node    |     Objective Bounds      |     Work
 Expl Unexpl |  Obj  Depth IntInf | Incumbent    BestBd   Gap | It/Node Time

     0     0 -20468.536    0   13 -17002.000 -20468.536  20.4%     -    0s
H    0     0                    -19476.00000 -20468.536  5.10%     -    0s
H    0     0                    -19551.00000 -20468.536  4.69%     -    0s
     0     0 -20399.259    0   12 -19551.000 -20399.259  4.34%     -    0s
H    0     0                    -19713.00000 -20399.259  3.48%     -    0s
     0     0 -20392.189    0   17 -19713.000 -20392.189  3.45%     -    0s
     0     0 -20355.830    0   44 -19713.000 -20355.830  3.26%     -    0s
H    0     0                    -20094.00000 -20340.459  1.23%     -    0s
     0     0 -20340.459    0   44 -20094.000 -20340.459  1.23%     -    0s
     0     0 -20312.402    0   29 -20094.000 -20312.402  1.09%     -    0s
     0     0     cutoff    0      -20094.000 -20094.000  0.00%     -    0s

Explored 1 nodes (902 simplex iterations) in 0.06 seconds (0.03 work units)
Thread count was 4 (of 56 available processors)

Solution count 6: -20094 -19713 -19551 ... 0
No other solutions better than -20094

Optimal solution found (tolerance 1.00e-04)
Best objective -2.009400000000e+04, best bound -2.009400000000e+04, gap 0.0000%
