
Gurobi 9.5.0 (linux64) logging started Mon Jun 20 09:21:59 2022

Set parameter LogFile to value "/local_workspace/chenrui/LogFiles/MKAP/new0U_R5_M30_N50_seed2_DWcutsCTp2_600.log"
Gurobi Optimizer version 9.5.0 build v9.5.0rc5 (linux64)
Thread count: 56 physical cores, 56 logical processors, using up to 4 threads
Optimize a model with 444 rows, 1650 columns and 5178 nonzeros
Model fingerprint: 0x349d0c19
Variable types: 0 continuous, 1650 integer (1650 binary)
Coefficient statistics:
  Matrix range     [3e-09, 1e+03]
  Objective range  [4e+01, 1e+03]
  Bounds range     [1e+00, 1e+00]
  RHS range        [1e-05, 1e+00]
Found heuristic solution: objective 0.0000000
Presolve removed 161 rows and 979 columns
Presolve time: 0.01s
Presolved: 283 rows, 671 columns, 1836 nonzeros
Found heuristic solution: objective -10533.00000
Variable types: 0 continuous, 671 integer (671 binary)

Root relaxation: objective -1.445100e+04, 307 iterations, 0.00 seconds (0.00 work units)

    Nodes    |    Current Node    |     Objective Bounds      |     Work
 Expl Unexpl |  Obj  Depth IntInf | Incumbent    BestBd   Gap | It/Node Time

H    0     0                    -14451.00000 -280544.00  1841%     -    0s
     0     0     cutoff    0      -14451.000 -14451.000  0.00%     -    0s

Explored 1 nodes (606 simplex iterations) in 0.01 seconds (0.01 work units)
Thread count was 4 (of 56 available processors)

Solution count 3: -14451 -10533 0 
No other solutions better than -14451

Optimal solution found (tolerance 1.00e-04)
Best objective -1.445100000000e+04, best bound -1.445100000000e+04, gap 0.0000%
