
Gurobi 9.5.0 (linux64) logging started Tue May  3 13:25:29 2022

Set parameter LogFile to value "/local_workspace/chenrui/LogFiles/MKAP/new0U_R5_M30_N50_seed10_DWcutsCT_600.log"
Gurobi Optimizer version 9.5.0 build v9.5.0rc5 (linux64)
Thread count: 56 physical cores, 56 logical processors, using up to 4 threads
Optimize a model with 380 rows, 1650 columns and 4948 nonzeros
Model fingerprint: 0x226266d6
Variable types: 0 continuous, 1650 integer (1650 binary)
Coefficient statistics:
  Matrix range     [2e-12, 1e+03]
  Objective range  [2e+01, 1e+03]
  Bounds range     [1e+00, 1e+00]
  RHS range        [1e-13, 1e+00]
Warning: Model contains large matrix coefficient range
         Consider reformulating model or setting NumericFocus parameter
         to avoid numerical issues.
Found heuristic solution: objective 0.0000000
Presolve removed 109 rows and 922 columns
Presolve time: 0.01s
Presolved: 271 rows, 728 columns, 2017 nonzeros
Found heuristic solution: objective -9727.000000
Variable types: 0 continuous, 728 integer (728 binary)

Root relaxation: objective -1.823740e+04, 591 iterations, 0.01 seconds (0.00 work units)

    Nodes    |    Current Node    |     Objective Bounds      |     Work
 Expl Unexpl |  Obj  Depth IntInf | Incumbent    BestBd   Gap | It/Node Time

     0     0 -18237.400    0   42 -9727.0000 -18237.400  87.5%     -    0s
H    0     0                    -18116.00000 -18237.400  0.67%     -    0s
H    0     0                    -18175.00000 -18237.400  0.34%     -    0s
     0     0 -18237.400    0   14 -18175.000 -18237.400  0.34%     -    0s
     0     0 -18237.400    0   29 -18175.000 -18237.400  0.34%     -    0s
     0     0 -18226.008    0   16 -18175.000 -18226.008  0.28%     -    0s
H    0     0                    -18217.00000 -18225.874  0.05%     -    0s
     0     0 -18222.250    0   24 -18217.000 -18222.250  0.03%     -    0s
     0     0     cutoff    0      -18217.000 -18217.000  0.00%     -    0s

Cutting planes:
  Gomory: 16
  Cover: 8
  Clique: 5
  MIR: 4
  StrongCG: 3
  Mod-K: 1

Explored 1 nodes (1687 simplex iterations) in 0.07 seconds (0.04 work units)
Thread count was 4 (of 56 available processors)

Solution count 5: -18217 -18175 -18116 ... 0
No other solutions better than -18217

Optimal solution found (tolerance 1.00e-04)
Best objective -1.821700000000e+04, best bound -1.821700000000e+04, gap 0.0000%
