
Gurobi 9.5.0 (linux64) logging started Tue May  3 22:47:38 2022

Set parameter LogFile to value "/local_workspace/chenrui/LogFiles/MKAP/new0U_R25_M10_N50_seed1_DWcuts_600.log"
Gurobi Optimizer version 9.5.0 build v9.5.0rc5 (linux64)
Thread count: 56 physical cores, 56 logical processors, using up to 4 threads
Optimize a model with 560 rows, 750 columns and 2250 nonzeros
Model fingerprint: 0xcef2b127
Variable types: 0 continuous, 750 integer (750 binary)
Coefficient statistics:
  Matrix range     [1e+00, 2e+03]
  Objective range  [1e+01, 1e+03]
  Bounds range     [1e+00, 1e+00]
  RHS range        [1e-06, 1e+00]
Found heuristic solution: objective 0.0000000
Presolve removed 191 rows and 144 columns
Presolve time: 0.01s
Presolved: 369 rows, 606 columns, 1674 nonzeros
Found heuristic solution: objective -8726.000000
Variable types: 0 continuous, 606 integer (606 binary)

Root relaxation: objective -1.589500e+04, 841 iterations, 0.01 seconds (0.01 work units)

    Nodes    |    Current Node    |     Objective Bounds      |     Work
 Expl Unexpl |  Obj  Depth IntInf | Incumbent    BestBd   Gap | It/Node Time

*    0     0               0    -15895.00000 -15895.000  0.00%     -    0s

Explored 1 nodes (841 simplex iterations) in 0.02 seconds (0.02 work units)
Thread count was 4 (of 56 available processors)

Solution count 3: -15895 -8726 0 

Optimal solution found (tolerance 1.00e-04)
Best objective -1.589500000000e+04, best bound -1.589500000000e+04, gap 0.0000%
