
Gurobi 9.5.0 (linux64) logging started Fri Apr 15 16:44:48 2022

Set parameter LogFile to value "/local_workspace/chenrui/LogFiles/MKAP/new0U_R25_M20_N100_seed1_original_600.log"
Gurobi Optimizer version 9.5.0 build v9.5.0rc5 (linux64)
Thread count: 56 physical cores, 56 logical processors, using up to 4 threads
Optimize a model with 620 rows, 2500 columns and 5000 nonzeros
Model fingerprint: 0x89409cc8
Variable types: 0 continuous, 2500 integer (2500 binary)
Coefficient statistics:
  Matrix range     [1e+00, 2e+03]
  Objective range  [6e+00, 1e+03]
  Bounds range     [1e+00, 1e+00]
  RHS range        [1e+00, 1e+00]
Found heuristic solution: objective 0.0000000
Presolve removed 127 rows and 505 columns
Presolve time: 0.01s
Presolved: 493 rows, 1995 columns, 3990 nonzeros
Found heuristic solution: objective -23327.00000
Variable types: 0 continuous, 1995 integer (1995 binary)
Found heuristic solution: objective -23350.00000

Root relaxation: objective -4.481655e+04, 1619 iterations, 0.01 seconds (0.01 work units)

    Nodes    |    Current Node    |     Objective Bounds      |     Work
 Expl Unexpl |  Obj  Depth IntInf | Incumbent    BestBd   Gap | It/Node Time

     0     0 -44816.548    0   95 -23350.000 -44816.548  91.9%     -    0s
H    0     0                    -35319.00000 -44816.548  26.9%     -    0s
H    0     0                    -36334.00000 -44816.548  23.3%     -    0s
H    0     0                    -37697.00000 -44571.667  18.2%     -    0s
     0     0 -44571.667    0  131 -37697.000 -44571.667  18.2%     -    0s
     0     0 -44560.034    0  125 -37697.000 -44560.034  18.2%     -    0s
     0     0 -44559.138    0  126 -37697.000 -44559.138  18.2%     -    0s
H    0     0                    -39078.00000 -44559.138  14.0%     -    0s
     0     0 -44146.757    0  118 -39078.000 -44146.757  13.0%     -    0s
H    0     0                    -39393.00000 -43969.042  11.6%     -    0s
     0     0 -43969.042    0  132 -39393.000 -43969.042  11.6%     -    0s
     0     0 -43911.163    0  149 -39393.000 -43911.163  11.5%     -    0s
     0     0 -43907.324    0  153 -39393.000 -43907.324  11.5%     -    0s
     0     0 -43906.110    0  143 -39393.000 -43906.110  11.5%     -    0s
     0     0 -43903.745    0  142 -39393.000 -43903.745  11.5%     -    0s
     0     0 -43901.631    0  148 -39393.000 -43901.631  11.4%     -    0s
     0     0 -43901.542    0  148 -39393.000 -43901.542  11.4%     -    0s
     0     0 -43434.539    0  142 -39393.000 -43434.539  10.3%     -    0s
     0     0 -43396.879    0  150 -39393.000 -43396.879  10.2%     -    0s
H    0     0                    -39501.00000 -43396.736  9.86%     -    0s
     0     0 -43396.736    0  155 -39501.000 -43396.736  9.86%     -    0s
     0     0 -42804.865    0  164 -39501.000 -42804.865  8.36%     -    0s
H    0     0                    -39597.00000 -42804.865  8.10%     -    0s
     0     0 -42782.335    0  166 -39597.000 -42782.335  8.04%     -    0s
     0     0 -42767.148    0  163 -39597.000 -42767.148  8.01%     -    0s
     0     0 -42757.285    0  155 -39597.000 -42757.285  7.98%     -    0s
     0     0 -42401.077    0  159 -39597.000 -42401.077  7.08%     -    0s
H    0     0                    -39717.00000 -42401.077  6.76%     -    0s
     0     0 -42265.713    0  184 -39717.000 -42265.713  6.42%     -    0s
     0     0 -42210.350    0  177 -39717.000 -42210.350  6.28%     -    0s
     0     0 -42185.674    0  174 -39717.000 -42185.674  6.22%     -    0s
     0     0 -42185.620    0  175 -39717.000 -42185.620  6.22%     -    0s
     0     0 -41683.742    0  193 -39717.000 -41683.742  4.95%     -    0s
H    0     0                    -39726.00000 -41683.742  4.93%     -    0s
     0     0 -41611.846    0  185 -39726.000 -41611.846  4.75%     -    0s
     0     0 -41600.677    0  163 -39726.000 -41600.677  4.72%     -    0s
     0     0 -41584.770    0  173 -39726.000 -41584.770  4.68%     -    0s
     0     0 -41331.407    0  197 -39726.000 -41331.407  4.04%     -    0s
     0     0 -41288.380    0  161 -39726.000 -41288.380  3.93%     -    0s
     0     0 -41279.364    0  175 -39726.000 -41279.364  3.91%     -    0s
     0     0 -41278.737    0  172 -39726.000 -41278.737  3.91%     -    0s
     0     0 -41082.381    0  107 -39726.000 -41082.381  3.41%     -    0s
     0     0 -41070.162    0   96 -39726.000 -41070.162  3.38%     -    0s
     0     0 -41066.520    0  110 -39726.000 -41066.520  3.37%     -    0s
     0     0 -40874.246    0  117 -39726.000 -40874.246  2.89%     -    0s
     0     0 -40852.055    0  127 -39726.000 -40852.055  2.83%     -    0s
     0     0 -40835.542    0  147 -39726.000 -40835.542  2.79%     -    0s
     0     0 -40835.321    0  155 -39726.000 -40835.321  2.79%     -    0s
     0     0 -40633.134    0  156 -39726.000 -40633.134  2.28%     -    0s
     0     0 -40613.211    0  169 -39726.000 -40613.211  2.23%     -    0s
     0     0 -40601.761    0  165 -39726.000 -40601.761  2.20%     -    0s
     0     0 -40597.950    0  156 -39726.000 -40597.950  2.19%     -    0s
     0     0 -40476.054    0  179 -39726.000 -40476.054  1.89%     -    0s
H    0     0                    -40062.00000 -40476.054  1.03%     -    0s
     0     0 -40435.557    0  130 -40062.000 -40435.557  0.93%     -    0s
     0     0 -40421.042    0  157 -40062.000 -40421.042  0.90%     -    0s
     0     0 -40410.253    0  124 -40062.000 -40410.253  0.87%     -    0s
     0     0 -40410.171    0  118 -40062.000 -40410.171  0.87%     -    0s
     0     0 -40389.580    0    1 -40062.000 -40389.580  0.82%     -    0s
     0     0 -40389.580    0   81 -40062.000 -40389.580  0.82%     -    0s
     0     0 -40389.580    0  133 -40062.000 -40389.580  0.82%     -    0s
     0     0 -40389.580    0  124 -40062.000 -40389.580  0.82%     -    0s
     0     0 -40389.580    0  118 -40062.000 -40389.580  0.82%     -    0s
     0     0 -40389.580    0  104 -40062.000 -40389.580  0.82%     -    0s
     0     0 -40389.580    0  111 -40062.000 -40389.580  0.82%     -    0s
     0     0 -40389.580    0   64 -40062.000 -40389.580  0.82%     -    0s
     0     0 -40389.580    0   78 -40062.000 -40389.580  0.82%     -    0s
     0     0 -40389.580    0   30 -40062.000 -40389.580  0.82%     -    0s
     0     0 -40389.580    0   92 -40062.000 -40389.580  0.82%     -    0s
     0     0 -40389.580    0   68 -40062.000 -40389.580  0.82%     -    0s
     0     0 -40389.580    0    1 -40062.000 -40389.580  0.82%     -    0s
     0     0 -40383.429    0   19 -40062.000 -40383.429  0.80%     -    0s
     0     0 -40383.429    0    1 -40062.000 -40383.429  0.80%     -    0s
H    0     0                    -40234.00000 -40383.429  0.37%     -    0s
H    0     0                    -40269.00000 -40383.429  0.28%     -    0s
*    0     0               0    -40369.00000 -40369.000  0.00%     -    0s

Cutting planes:
  Gomory: 12
  Cover: 100
  Clique: 18
  MIR: 37
  StrongCG: 17
  RLT: 1

Explored 1 nodes (8157 simplex iterations) in 0.88 seconds (0.55 work units)
Thread count was 4 (of 56 available processors)

Solution count 10: -40369 -40269 -40234 ... -39078
No other solutions better than -40369

Optimal solution found (tolerance 1.00e-04)
Best objective -4.036900000000e+04, best bound -4.036900000000e+04, gap 0.0000%

Gurobi 9.5.0 (linux64) logging started Tue May  3 22:49:31 2022

Set parameter LogFile to value "/local_workspace/chenrui/LogFiles/MKAP/new0U_R25_M20_N100_seed1_original_600.log"
Gurobi Optimizer version 9.5.0 build v9.5.0rc5 (linux64)
Thread count: 56 physical cores, 56 logical processors, using up to 4 threads
Optimize a model with 620 rows, 2500 columns and 5000 nonzeros
Model fingerprint: 0x89409cc8
Variable types: 0 continuous, 2500 integer (2500 binary)
Coefficient statistics:
  Matrix range     [1e+00, 2e+03]
  Objective range  [6e+00, 1e+03]
  Bounds range     [1e+00, 1e+00]
  RHS range        [1e+00, 1e+00]
Found heuristic solution: objective 0.0000000
Presolve removed 127 rows and 505 columns
Presolve time: 0.02s
Presolved: 493 rows, 1995 columns, 3990 nonzeros
Found heuristic solution: objective -23327.00000
Variable types: 0 continuous, 1995 integer (1995 binary)
Found heuristic solution: objective -23350.00000

Root relaxation: objective -4.481655e+04, 1619 iterations, 0.01 seconds (0.01 work units)

    Nodes    |    Current Node    |     Objective Bounds      |     Work
 Expl Unexpl |  Obj  Depth IntInf | Incumbent    BestBd   Gap | It/Node Time

     0     0 -44816.548    0   95 -23350.000 -44816.548  91.9%     -    0s
H    0     0                    -35319.00000 -44816.548  26.9%     -    0s
H    0     0                    -36334.00000 -44816.548  23.3%     -    0s
H    0     0                    -37697.00000 -44571.667  18.2%     -    0s
     0     0 -44571.667    0  131 -37697.000 -44571.667  18.2%     -    0s
     0     0 -44560.034    0  125 -37697.000 -44560.034  18.2%     -    0s
     0     0 -44559.138    0  126 -37697.000 -44559.138  18.2%     -    0s
H    0     0                    -39078.00000 -44559.138  14.0%     -    0s
     0     0 -44146.757    0  118 -39078.000 -44146.757  13.0%     -    0s
H    0     0                    -39393.00000 -43969.042  11.6%     -    0s
     0     0 -43969.042    0  132 -39393.000 -43969.042  11.6%     -    0s
     0     0 -43911.163    0  149 -39393.000 -43911.163  11.5%     -    0s
     0     0 -43907.324    0  153 -39393.000 -43907.324  11.5%     -    0s
     0     0 -43906.110    0  143 -39393.000 -43906.110  11.5%     -    0s
     0     0 -43903.745    0  142 -39393.000 -43903.745  11.5%     -    0s
     0     0 -43901.631    0  148 -39393.000 -43901.631  11.4%     -    0s
     0     0 -43901.542    0  148 -39393.000 -43901.542  11.4%     -    0s
     0     0 -43434.539    0  142 -39393.000 -43434.539  10.3%     -    0s
     0     0 -43396.879    0  150 -39393.000 -43396.879  10.2%     -    0s
H    0     0                    -39501.00000 -43396.736  9.86%     -    0s
     0     0 -43396.736    0  155 -39501.000 -43396.736  9.86%     -    0s
     0     0 -42804.865    0  164 -39501.000 -42804.865  8.36%     -    0s
H    0     0                    -39597.00000 -42804.865  8.10%     -    0s
     0     0 -42782.335    0  166 -39597.000 -42782.335  8.04%     -    0s
     0     0 -42767.148    0  163 -39597.000 -42767.148  8.01%     -    0s
     0     0 -42757.285    0  155 -39597.000 -42757.285  7.98%     -    0s
     0     0 -42401.077    0  159 -39597.000 -42401.077  7.08%     -    0s
H    0     0                    -39717.00000 -42401.077  6.76%     -    0s
     0     0 -42265.713    0  184 -39717.000 -42265.713  6.42%     -    0s
     0     0 -42210.350    0  177 -39717.000 -42210.350  6.28%     -    0s
     0     0 -42185.674    0  174 -39717.000 -42185.674  6.22%     -    0s
     0     0 -42185.620    0  175 -39717.000 -42185.620  6.22%     -    0s
     0     0 -41683.742    0  193 -39717.000 -41683.742  4.95%     -    0s
H    0     0                    -39726.00000 -41683.742  4.93%     -    0s
     0     0 -41611.846    0  185 -39726.000 -41611.846  4.75%     -    0s
     0     0 -41600.677    0  163 -39726.000 -41600.677  4.72%     -    0s
     0     0 -41584.770    0  173 -39726.000 -41584.770  4.68%     -    0s
     0     0 -41331.407    0  197 -39726.000 -41331.407  4.04%     -    0s
     0     0 -41288.380    0  161 -39726.000 -41288.380  3.93%     -    0s
     0     0 -41279.364    0  175 -39726.000 -41279.364  3.91%     -    0s
     0     0 -41278.737    0  172 -39726.000 -41278.737  3.91%     -    0s
     0     0 -41082.381    0  107 -39726.000 -41082.381  3.41%     -    0s
     0     0 -41070.162    0   96 -39726.000 -41070.162  3.38%     -    0s
     0     0 -41066.520    0  110 -39726.000 -41066.520  3.37%     -    0s
     0     0 -40874.246    0  117 -39726.000 -40874.246  2.89%     -    0s
     0     0 -40852.055    0  127 -39726.000 -40852.055  2.83%     -    0s
     0     0 -40835.542    0  147 -39726.000 -40835.542  2.79%     -    0s
     0     0 -40835.321    0  155 -39726.000 -40835.321  2.79%     -    0s
     0     0 -40633.134    0  156 -39726.000 -40633.134  2.28%     -    0s
     0     0 -40613.211    0  169 -39726.000 -40613.211  2.23%     -    0s
     0     0 -40601.761    0  165 -39726.000 -40601.761  2.20%     -    0s
     0     0 -40597.950    0  156 -39726.000 -40597.950  2.19%     -    0s
     0     0 -40476.054    0  179 -39726.000 -40476.054  1.89%     -    0s
H    0     0                    -40062.00000 -40476.054  1.03%     -    0s
     0     0 -40435.557    0  130 -40062.000 -40435.557  0.93%     -    0s
     0     0 -40421.042    0  157 -40062.000 -40421.042  0.90%     -    0s
     0     0 -40410.253    0  124 -40062.000 -40410.253  0.87%     -    0s
     0     0 -40410.171    0  118 -40062.000 -40410.171  0.87%     -    0s
     0     0 -40389.580    0    1 -40062.000 -40389.580  0.82%     -    0s
     0     0 -40389.580    0   81 -40062.000 -40389.580  0.82%     -    0s
     0     0 -40389.580    0  133 -40062.000 -40389.580  0.82%     -    0s
     0     0 -40389.580    0  124 -40062.000 -40389.580  0.82%     -    0s
     0     0 -40389.580    0  118 -40062.000 -40389.580  0.82%     -    0s
     0     0 -40389.580    0  104 -40062.000 -40389.580  0.82%     -    0s
     0     0 -40389.580    0  111 -40062.000 -40389.580  0.82%     -    0s
     0     0 -40389.580    0   64 -40062.000 -40389.580  0.82%     -    0s
     0     0 -40389.580    0   78 -40062.000 -40389.580  0.82%     -    0s
     0     0 -40389.580    0   30 -40062.000 -40389.580  0.82%     -    0s
     0     0 -40389.580    0   92 -40062.000 -40389.580  0.82%     -    0s
     0     0 -40389.580    0   68 -40062.000 -40389.580  0.82%     -    0s
     0     0 -40389.580    0    1 -40062.000 -40389.580  0.82%     -    0s
     0     0 -40383.429    0   19 -40062.000 -40383.429  0.80%     -    0s
     0     0 -40383.429    0    1 -40062.000 -40383.429  0.80%     -    0s
H    0     0                    -40234.00000 -40383.429  0.37%     -    0s
H    0     0                    -40269.00000 -40383.429  0.28%     -    0s
*    0     0               0    -40369.00000 -40369.000  0.00%     -    0s

Cutting planes:
  Gomory: 12
  Cover: 100
  Clique: 18
  MIR: 37
  StrongCG: 17
  RLT: 1

Explored 1 nodes (8157 simplex iterations) in 0.84 seconds (0.55 work units)
Thread count was 4 (of 56 available processors)

Solution count 10: -40369 -40269 -40234 ... -39078
No other solutions better than -40369

Optimal solution found (tolerance 1.00e-04)
Best objective -4.036900000000e+04, best bound -4.036900000000e+04, gap 0.0000%
