
Gurobi 9.5.0 (linux64) logging started Tue May  3 16:31:39 2022

Set parameter LogFile to value "/local_workspace/chenrui/LogFiles/MKAP/new0U_R10_M40_N50_seed2_original_600.log"
Gurobi Optimizer version 9.5.0 build v9.5.0rc5 (linux64)
Thread count: 56 physical cores, 56 logical processors, using up to 4 threads
Optimize a model with 490 rows, 2400 columns and 4800 nonzeros
Model fingerprint: 0x0632b4c9
Variable types: 0 continuous, 2400 integer (2400 binary)
Coefficient statistics:
  Matrix range     [1e+00, 1e+03]
  Objective range  [4e+01, 1e+03]
  Bounds range     [1e+00, 1e+00]
  RHS range        [1e+00, 1e+00]
Found heuristic solution: objective 0.0000000
Presolve removed 383 rows and 1852 columns
Presolve time: 0.01s
Presolved: 107 rows, 548 columns, 1094 nonzeros
Found heuristic solution: objective -11598.00000
Variable types: 0 continuous, 548 integer (548 binary)

Root relaxation: objective -1.218800e+04, 47 iterations, 0.00 seconds (0.00 work units)

    Nodes    |    Current Node    |     Objective Bounds      |     Work
 Expl Unexpl |  Obj  Depth IntInf | Incumbent    BestBd   Gap | It/Node Time

     0     0 -12188.000    0    7 -11598.000 -12188.000  5.09%     -    0s
H    0     0                    -12188.00000 -12188.000  0.00%     -    0s
     0     0 -12188.000    0    7 -12188.000 -12188.000  0.00%     -    0s

Explored 1 nodes (47 simplex iterations) in 0.01 seconds (0.01 work units)
Thread count was 4 (of 56 available processors)

Solution count 3: -12188 -11598 0 
No other solutions better than -12188

Optimal solution found (tolerance 1.00e-04)
Best objective -1.218800000000e+04, best bound -1.218800000000e+04, gap 0.0000%
