
Gurobi 9.5.0 (linux64) logging started Tue May  3 14:35:35 2022

Set parameter LogFile to value "/local_workspace/chenrui/LogFiles/MKAP/new0U_R25_M30_N200_seed1_DWcutsCT3_600.log"
Gurobi Optimizer version 9.5.0 build v9.5.0rc5 (linux64)
Thread count: 56 physical cores, 56 logical processors, using up to 4 threads
Optimize a model with 5326 rows, 6750 columns and 47025 nonzeros
Model fingerprint: 0x3f9c28c7
Variable types: 0 continuous, 6750 integer (6750 binary)
Coefficient statistics:
  Matrix range     [1e-13, 6e+03]
  Objective range  [6e+00, 1e+03]
  Bounds range     [1e+00, 1e+00]
  RHS range        [2e-16, 1e+00]
Warning: Model contains large matrix coefficient range
         Consider reformulating model or setting NumericFocus parameter
         to avoid numerical issues.
Found heuristic solution: objective 0.0000000
Presolve removed 748 rows and 961 columns
Presolve time: 0.12s
Presolved: 4578 rows, 5789 columns, 35521 nonzeros
Found heuristic solution: objective -9850.000000
Variable types: 0 continuous, 5789 integer (5789 binary)
Found heuristic solution: objective -9890.000000

Root relaxation: objective -8.239920e+04, 15493 iterations, 1.46 seconds (1.31 work units)

    Nodes    |    Current Node    |     Objective Bounds      |     Work
 Expl Unexpl |  Obj  Depth IntInf | Incumbent    BestBd   Gap | It/Node Time

     0     0 -82399.199    0  234 -9890.0000 -82399.199   733%     -    1s
H    0     0                    -80855.00000 -82399.199  1.91%     -    1s
H    0     0                    -80940.00000 -82399.199  1.80%     -    1s
H    0     0                    -81328.00000 -82399.199  1.32%     -    1s
     0     0 -82386.767    0  422 -81328.000 -82386.767  1.30%     -    2s
H    0     0                    -81348.00000 -82386.767  1.28%     -    2s
     0     0 -82386.767    0  418 -81348.000 -82386.767  1.28%     -    2s
     0     0 -82381.252    0  426 -81348.000 -82381.252  1.27%     -    3s
     0     0 -82380.749    0  418 -81348.000 -82380.749  1.27%     -    3s
     0     0 -82380.749    0  424 -81348.000 -82380.749  1.27%     -    3s
     0     0 -82378.526    0  418 -81348.000 -82378.526  1.27%     -    3s
     0     0 -82378.524    0  410 -81348.000 -82378.524  1.27%     -    3s
     0     0 -82375.832    0  413 -81348.000 -82375.832  1.26%     -    3s
     0     0 -82375.506    0  415 -81348.000 -82375.506  1.26%     -    3s
     0     0 -82375.498    0  414 -81348.000 -82375.498  1.26%     -    3s
     0     0 -82371.568    0  420 -81348.000 -82371.568  1.26%     -    3s
     0     0 -82371.568    0  412 -81348.000 -82371.568  1.26%     -    3s
     0     0 -82369.568    0  439 -81348.000 -82369.568  1.26%     -    3s
     0     0 -82369.225    0  444 -81348.000 -82369.225  1.26%     -    3s
     0     0 -82369.225    0  445 -81348.000 -82369.225  1.26%     -    3s
     0     0 -82368.288    0  427 -81348.000 -82368.288  1.25%     -    3s
     0     0 -82368.288    0  429 -81348.000 -82368.288  1.25%     -    3s
     0     0 -82368.014    0  439 -81348.000 -82368.014  1.25%     -    4s
     0     0 -82367.181    0  411 -81348.000 -82367.181  1.25%     -    4s
     0     0 -82367.181    0  413 -81348.000 -82367.181  1.25%     -    4s
     0     0 -82366.957    0  403 -81348.000 -82366.957  1.25%     -    4s
     0     0 -82366.957    0  395 -81348.000 -82366.957  1.25%     -    6s
     0     2 -82366.957    0  392 -81348.000 -82366.957  1.25%     -    6s
    11    13 -82348.571    4  372 -81348.000 -82352.177  1.23%   225   10s
H   29    31                    -81387.00000 -82352.177  1.19%   158   12s
H   29    31                    -81433.00000 -82352.177  1.13%   158   12s
H   61    63                    -81731.00000 -82352.177  0.76%   160   13s
   105   104 -82231.542   19  332 -81731.000 -82352.177  0.76%   151   15s
H  227   194                    -81819.00000 -82352.177  0.65%   140   19s
   285   245 -82060.129   62  226 -81819.000 -82352.177  0.65%   134   20s
   725   536 -82086.002   11  284 -81819.000 -82345.709  0.64%   111   25s
  1039   730 -81849.104   80  395 -81819.000 -82343.819  0.64%   116   30s
  1055   741 -82108.153   14  369 -81819.000 -82297.961  0.59%   115   35s
  1070   751 -81952.106   59  447 -81819.000 -82264.963  0.55%   113   40s
  1073   755 -82258.596   15  441 -81819.000 -82258.596  0.54%   133   51s
  1086   763 -82236.268   18  453 -81819.000 -82255.811  0.53%   134   55s
H 1102   731                    -81941.00000 -82255.811  0.38%   136   56s
  1176   758 -82045.332   32  287 -81941.000 -82255.811  0.38%   147   60s
  1510   817 -82088.283   42  301 -81941.000 -82254.889  0.38%   146   65s
  1967   969 -82021.930   53  353 -81941.000 -82243.372  0.37%   145   70s
  2709  1261 -82204.415   27  375 -81941.000 -82217.371  0.34%   138   75s
  3596  1640 -82145.401   41  406 -81941.000 -82203.617  0.32%   135   83s
H 3662  1640                    -81942.00000 -82203.617  0.32%   134   83s
  3786  1810 -82169.370   32  444 -81942.000 -82203.617  0.32%   134   85s
  4230  2088 -82002.648   51  329 -81942.000 -82196.173  0.31%   133   90s
  4917  2403 -82043.323   40  325 -81942.000 -82187.817  0.30%   134   95s
  5489  2821 -82083.913   44  310 -81942.000 -82185.048  0.30%   132  100s
  6164  3213 -82087.248   34  352 -81942.000 -82179.603  0.29%   131  105s
  6904  3713 -82088.296   60  277 -81942.000 -82173.602  0.28%   131  110s
  7811  4210     cutoff   72      -81942.000 -82167.916  0.28%   132  117s
  8508  4679 -81987.002   45  273 -81942.000 -82165.014  0.27%   130  122s
  8943  4932 -82123.436   45  228 -81942.000 -82161.872  0.27%   131  125s
  9757  5403 -81993.797   58  284 -81942.000 -82155.913  0.26%   132  130s
 10656  5974 -82054.010   46  200 -81942.000 -82151.114  0.26%   132  138s
 11118  6303 -82030.819   50  370 -81942.000 -82150.332  0.25%   132  142s
 11894  6429 -82008.408   72  275 -81942.000 -82148.704  0.25%   133  145s
 12710  7182 -82107.648   46  248 -81942.000 -82146.283  0.25%   133  152s
 13449  7423 -81948.480   38  332 -81942.000 -82143.112  0.25%   132  155s
 14468  7968     cutoff   26      -81942.000 -82139.558  0.24%   131  162s
 15099  8258 -81950.604   38  245 -81942.000 -82137.798  0.24%   131  166s
 15916  8670 -82092.018   57  247 -81942.000 -82134.968  0.24%   132  173s
 16555  8956 -82085.141   40  324 -81942.000 -82133.155  0.23%   132  176s
 17194  9052 -82032.138   39  341 -81942.000 -82131.685  0.23%   132  180s
H17251  8756                    -81957.00000 -82131.531  0.21%   132  180s
 17995  9300 -82087.634   42  471 -81957.000 -82129.393  0.21%   133  187s
 18686  9619 -81990.830   26  294 -81957.000 -82127.166  0.21%   133  191s
 19341  9861 -82033.153   42  425 -81957.000 -82125.787  0.21%   133  195s
 20024 10154 -82038.773   45  301 -81957.000 -82123.458  0.20%   134  202s
 20682 10344     cutoff   46      -81957.000 -82121.957  0.20%   134  206s
 21307 10345 -82110.762   40  395 -81957.000 -82120.490  0.20%   135  246s
 21322 10355 -81983.570   36  458 -81957.000 -82120.490  0.20%   135  250s
 21335 10364 -81993.805   46  477 -81957.000 -82120.490  0.20%   135  255s
 21345 10370 -82112.278   48  496 -81957.000 -82120.490  0.20%   135  260s
 21352 10375 -82004.968   40  498 -81957.000 -82120.490  0.20%   135  265s
 21358 10379 -81973.402   58  514 -81957.000 -82120.490  0.20%   135  270s
 21363 10382 -82083.280   47  484 -81957.000 -82120.490  0.20%   135  275s
 21366 10386 -82120.490   29  419 -81957.000 -82120.490  0.20%   136  283s
 21368 10388 -82120.490   30  478 -81957.000 -82120.490  0.20%   136  288s
 21371 10389 -82120.490   31  432 -81957.000 -82120.490  0.20%   136  293s
 21375 10389 -82120.490   32  448 -81957.000 -82120.490  0.20%   136  297s
 21383 10391 -82120.490   33  462 -81957.000 -82120.490  0.20%   136  300s
H21397  9873                    -81981.00000 -82120.490  0.17%   136  303s
 21406  9882 -82120.490   36  426 -81981.000 -82120.490  0.17%   136  305s
H21430  9394                    -81982.00000 -82120.490  0.17%   136  306s
H21438  8922                    -81995.00000 -82120.490  0.15%   136  306s
 21571  8919 -82095.324   56  327 -81995.000 -82120.490  0.15%   136  310s
 21758  8947 -82007.023   71  164 -81995.000 -82120.490  0.15%   136  315s
 22318  9049 -82109.100   45  420 -81995.000 -82120.490  0.15%   136  320s
 23030  9040 -82004.626   51  270 -81995.000 -82120.490  0.15%   137  325s
 23844  8917     cutoff   40      -81995.000 -82118.233  0.15%   137  330s
 24738  8796 -82025.481   45  314 -81995.000 -82092.457  0.12%   137  336s
 25555  8512     cutoff   71      -81995.000 -82072.348  0.09%   138  341s
 26649  8108     cutoff   63      -81995.000 -82057.279  0.08%   137  347s
 27602  7511 -81996.000   73   92 -81995.000 -82041.951  0.06%   137  352s
 29009  6526 -82019.721   53  224 -81995.000 -82025.080  0.04%   135  355s

Cutting planes:
  Gomory: 72
  Cover: 157
  Implied bound: 1
  Clique: 12
  MIR: 63
  StrongCG: 15
  Flow cover: 96
  GUB cover: 1
  Zero half: 39
  Mod-K: 1
  RLT: 7

Explored 29629 nodes (3965753 simplex iterations) in 355.44 seconds (526.30 work units)
Thread count was 4 (of 56 available processors)

Solution count 10: -81995 -81982 -81981 ... -81387
No other solutions better than -81995

Optimal solution found (tolerance 1.00e-04)
Best objective -8.199500000000e+04, best bound -8.199500000000e+04, gap 0.0000%
