
Gurobi 9.5.0 (linux64) logging started Thu Apr 28 15:38:26 2022

Set parameter LogFile to value "/local_workspace/chenrui/LogFiles/MKAP/new0U_R10_M10_N100_seed8_DWcutsCT3_600.log"
Gurobi Optimizer version 9.5.0 build v9.5.0rc5 (linux64)
Thread count: 56 physical cores, 56 logical processors, using up to 4 threads
Optimize a model with 910 rows, 1100 columns and 9358 nonzeros
Model fingerprint: 0xe7b6a3f1
Variable types: 0 continuous, 1100 integer (1100 binary)
Coefficient statistics:
  Matrix range     [1e-13, 4e+03]
  Objective range  [2e+01, 1e+03]
  Bounds range     [1e+00, 1e+00]
  RHS range        [2e-11, 1e+00]
Warning: Model contains large matrix coefficient range
         Consider reformulating model or setting NumericFocus parameter
         to avoid numerical issues.
Found heuristic solution: objective 0.0000000
Presolve removed 39 rows and 85 columns
Presolve time: 0.03s
Presolved: 871 rows, 1015 columns, 8210 nonzeros
Found heuristic solution: objective -4713.000000
Variable types: 0 continuous, 1015 integer (1015 binary)

Root relaxation: objective -3.589800e+04, 2598 iterations, 0.09 seconds (0.10 work units)

    Nodes    |    Current Node    |     Objective Bounds      |     Work
 Expl Unexpl |  Obj  Depth IntInf | Incumbent    BestBd   Gap | It/Node Time

*    0     0               0    -35898.00000 -35898.000  0.00%     -    0s

Explored 1 nodes (2598 simplex iterations) in 0.13 seconds (0.13 work units)
Thread count was 4 (of 56 available processors)

Solution count 3: -35898 -4713 0 
No other solutions better than -35898

Optimal solution found (tolerance 1.00e-04)
Best objective -3.589799999985e+04, best bound -3.589799999985e+04, gap 0.0000%

Gurobi 9.5.0 (linux64) logging started Thu Apr 28 17:32:57 2022

Set parameter LogFile to value "/local_workspace/chenrui/LogFiles/MKAP/new0U_R10_M10_N100_seed8_DWcutsCT3_600.log"
Gurobi Optimizer version 9.5.0 build v9.5.0rc5 (linux64)
Thread count: 56 physical cores, 56 logical processors, using up to 4 threads
Optimize a model with 910 rows, 1100 columns and 9358 nonzeros
Model fingerprint: 0xe7b6a3f1
Variable types: 0 continuous, 1100 integer (1100 binary)
Coefficient statistics:
  Matrix range     [1e-13, 4e+03]
  Objective range  [2e+01, 1e+03]
  Bounds range     [1e+00, 1e+00]
  RHS range        [2e-11, 1e+00]
Warning: Model contains large matrix coefficient range
         Consider reformulating model or setting NumericFocus parameter
         to avoid numerical issues.
Found heuristic solution: objective 0.0000000
Presolve removed 39 rows and 85 columns
Presolve time: 0.03s
Presolved: 871 rows, 1015 columns, 8210 nonzeros
Found heuristic solution: objective -4713.000000
Variable types: 0 continuous, 1015 integer (1015 binary)

Root relaxation: objective -3.589800e+04, 2598 iterations, 0.09 seconds (0.10 work units)

    Nodes    |    Current Node    |     Objective Bounds      |     Work
 Expl Unexpl |  Obj  Depth IntInf | Incumbent    BestBd   Gap | It/Node Time

*    0     0               0    -35898.00000 -35898.000  0.00%     -    0s

Explored 1 nodes (2598 simplex iterations) in 0.13 seconds (0.13 work units)
Thread count was 4 (of 56 available processors)

Solution count 3: -35898 -4713 0 
No other solutions better than -35898

Optimal solution found (tolerance 1.00e-04)
Best objective -3.589799999985e+04, best bound -3.589799999985e+04, gap 0.0000%

Gurobi 9.5.0 (linux64) logging started Thu Apr 28 23:31:34 2022

Set parameter LogFile to value "/local_workspace/chenrui/LogFiles/MKAP/new0U_R10_M10_N100_seed8_DWcutsCT3_600.log"
Gurobi Optimizer version 9.5.0 build v9.5.0rc5 (linux64)
Thread count: 56 physical cores, 56 logical processors, using up to 4 threads
Optimize a model with 910 rows, 1100 columns and 9395 nonzeros
Model fingerprint: 0x72cb92bc
Variable types: 0 continuous, 1100 integer (1100 binary)
Coefficient statistics:
  Matrix range     [1e-13, 4e+03]
  Objective range  [2e+01, 1e+03]
  Bounds range     [1e+00, 1e+00]
  RHS range        [2e-16, 1e+00]
Warning: Model contains large matrix coefficient range
         Consider reformulating model or setting NumericFocus parameter
         to avoid numerical issues.
Found heuristic solution: objective 0.0000000
Presolve removed 39 rows and 85 columns
Presolve time: 0.03s
Presolved: 871 rows, 1015 columns, 8223 nonzeros
Found heuristic solution: objective -4713.000000
Variable types: 0 continuous, 1015 integer (1015 binary)

Root relaxation: objective -3.589800e+04, 2784 iterations, 0.10 seconds (0.10 work units)

    Nodes    |    Current Node    |     Objective Bounds      |     Work
 Expl Unexpl |  Obj  Depth IntInf | Incumbent    BestBd   Gap | It/Node Time

*    0     0               0    -35898.00000 -35898.000  0.00%     -    0s

Explored 1 nodes (2784 simplex iterations) in 0.14 seconds (0.13 work units)
Thread count was 4 (of 56 available processors)

Solution count 3: -35898 -4713 0 
No other solutions better than -35898

Optimal solution found (tolerance 1.00e-04)
Best objective -3.589799999971e+04, best bound -3.589800000000e+04, gap 0.0000%

Gurobi 9.5.0 (linux64) logging started Fri Apr 29 21:00:37 2022

Set parameter LogFile to value "/local_workspace/chenrui/LogFiles/MKAP/new0U_R10_M10_N100_seed8_DWcutsCT3_600.log"
Gurobi Optimizer version 9.5.0 build v9.5.0rc5 (linux64)
Thread count: 56 physical cores, 56 logical processors, using up to 4 threads
Optimize a model with 910 rows, 1100 columns and 9395 nonzeros
Model fingerprint: 0x72cb92bc
Variable types: 0 continuous, 1100 integer (1100 binary)
Coefficient statistics:
  Matrix range     [1e-13, 4e+03]
  Objective range  [2e+01, 1e+03]
  Bounds range     [1e+00, 1e+00]
  RHS range        [2e-16, 1e+00]
Warning: Model contains large matrix coefficient range
         Consider reformulating model or setting NumericFocus parameter
         to avoid numerical issues.
Found heuristic solution: objective 0.0000000
Presolve removed 39 rows and 85 columns
Presolve time: 0.03s
Presolved: 871 rows, 1015 columns, 8223 nonzeros
Found heuristic solution: objective -4713.000000
Variable types: 0 continuous, 1015 integer (1015 binary)

Root relaxation: objective -3.589800e+04, 2784 iterations, 0.10 seconds (0.10 work units)

    Nodes    |    Current Node    |     Objective Bounds      |     Work
 Expl Unexpl |  Obj  Depth IntInf | Incumbent    BestBd   Gap | It/Node Time

*    0     0               0    -35898.00000 -35898.000  0.00%     -    0s

Explored 1 nodes (2784 simplex iterations) in 0.14 seconds (0.13 work units)
Thread count was 4 (of 56 available processors)

Solution count 3: -35898 -4713 0 
No other solutions better than -35898

Optimal solution found (tolerance 1.00e-04)
Best objective -3.589799999971e+04, best bound -3.589800000000e+04, gap 0.0000%
