
Gurobi 9.5.0 (linux64) logging started Tue Jun 21 00:06:31 2022

Set parameter LogFile to value "/local_workspace/chenrui/LogFiles/MKAP/new0U_R25_M30_N200_seed9_DWcutsCTp1_600.log"
Gurobi Optimizer version 9.5.0 build v9.5.0rc5 (linux64)
Thread count: 56 physical cores, 56 logical processors, using up to 4 threads
Optimize a model with 2398 rows, 6750 columns and 25629 nonzeros
Model fingerprint: 0x498a2058
Variable types: 0 continuous, 6750 integer (6750 binary)
Coefficient statistics:
  Matrix range     [1e-13, 3e+03]
  Objective range  [1e+00, 1e+03]
  Bounds range     [1e+00, 1e+00]
  RHS range        [1e-05, 1e+00]
Warning: Model contains large matrix coefficient range
         Consider reformulating model or setting NumericFocus parameter
         to avoid numerical issues.
Found heuristic solution: objective 0.0000000
Presolve removed 145 rows and 1038 columns
Presolve time: 0.05s
Presolved: 2253 rows, 5712 columns, 21357 nonzeros
Found heuristic solution: objective -8817.000000
Variable types: 0 continuous, 5712 integer (5712 binary)

Root relaxation: objective -7.320207e+04, 12229 iterations, 0.62 seconds (0.61 work units)

    Nodes    |    Current Node    |     Objective Bounds      |     Work
 Expl Unexpl |  Obj  Depth IntInf | Incumbent    BestBd   Gap | It/Node Time

     0     0 -73202.065    0  399 -8817.0000 -73202.065   730%     -    0s
H    0     0                    -55517.00000 -73202.065  31.9%     -    0s
H    0     0                    -59681.00000 -73202.065  22.7%     -    0s
H    0     0                    -65043.00003 -73202.065  12.5%     -    0s
H    0     0                    -70652.00000 -73202.065  3.61%     -    0s
     0     0 -73202.061    0  353 -70652.000 -73202.061  3.61%     -    1s
H    0     0                    -70968.00000 -73202.061  3.15%     -    1s
H    0     0                    -71375.00000 -73202.061  2.56%     -    1s
     0     0 -73202.061    0  349 -71375.000 -73202.061  2.56%     -    1s
     0     0 -73202.055    0  391 -71375.000 -73202.055  2.56%     -    1s
     0     0 -73202.055    0  365 -71375.000 -73202.055  2.56%     -    1s
     0     0 -73202.055    0  341 -71375.000 -73202.055  2.56%     -    1s
     0     0 -73202.055    0  341 -71375.000 -73202.055  2.56%     -    1s
H    0     0                    -71860.00000 -73202.055  1.87%     -    1s
H    0     0                    -72020.00000 -73202.055  1.64%     -    1s
     0     2 -73202.055    0  341 -72020.000 -73202.055  1.64%     -    1s
    30    35 -73202.055    9  312 -72020.000 -73202.055  1.64%   273    5s
H   31    35                    -72392.00000 -73202.055  1.12%   264    5s
H   85   153                    -72870.00000 -73202.055  0.46%   201    7s
H  316   380                    -72888.00000 -73202.055  0.43%   124    8s
H  350   380                    -72901.00000 -73202.055  0.41%   116    8s
   396   866 -73199.764   67  184 -72901.000 -73202.055  0.41%   121   10s
  1194   997 -73174.386   95  315 -72901.000 -73202.041  0.41%  80.4   15s
  1221  1020 -73201.842   37  330 -72901.000 -73201.842  0.41%   116   23s
  1226  1024 -73201.842   39  311 -72901.000 -73201.842  0.41%   116   25s
  1367  1133 -73195.998   53  313 -72901.000 -73201.842  0.41%   142   30s
H 1503  1139                    -72959.00000 -73201.842  0.33%   149   31s
H 1580  1065                    -72977.00000 -73201.842  0.31%   148   32s
  1686  1089 -73087.758   85  268 -72977.000 -73201.842  0.31%   150   35s
  2374  1348 -73066.299   54  348 -72977.000 -73199.510  0.30%   148   40s
  3527  1708 -73053.889   62  269 -72977.000 -73191.061  0.29%   156   45s
  4295  2032 -72992.428   72  306 -72977.000 -73187.583  0.29%   160   50s
  4968  2359 -73108.957   65  356 -72977.000 -73179.660  0.28%   164   55s
  6074  2768 -72986.252   55  398 -72977.000 -73172.981  0.27%   168   60s
H 7061  2850                    -72992.00000 -73158.009  0.23%   173   66s
* 7596  2949              69    -72994.00064 -73152.157  0.22%   175   68s
  7801  2951 -73079.720   62  295 -72994.001 -73148.100  0.21%   177   70s
  8154  3004 -73006.418   63  398 -72994.001 -73145.431  0.21%   178   75s
  8862  3184 -73091.922   81   56 -72994.001 -73139.104  0.20%   180   80s
  9583  3327 -73007.319   80  185 -72994.001 -73133.527  0.19%   181   85s
 10357  3294     cutoff   95      -72994.001 -73122.950  0.18%   185   91s
 11364  3272 -72998.160   54  320 -72994.001 -73110.902  0.16%   189   97s
 12415  3253     cutoff   62      -72994.001 -73096.797  0.14%   194  102s
 12900  3277     cutoff   60      -72994.001 -73091.431  0.13%   196  105s
 13930  3208 -73041.450   72  224 -72994.001 -73081.679  0.12%   200  112s
 14133  3091     cutoff   66      -72994.001 -73078.804  0.12%   201  115s
 15071  2819     cutoff   65      -72994.001 -73065.963  0.10%   208  122s
 15541  2674     cutoff   55      -72994.001 -73058.877  0.09%   212  126s
 15866  2444 -73008.858   75  267 -72994.001 -73054.259  0.08%   214  130s
 17008  1973     cutoff   57      -72994.001 -73039.852  0.06%   220  139s
 17561  1704 -73014.980   82  171 -72994.001 -73035.415  0.06%   223  143s
 18145  1395     cutoff   89      -72994.001 -73027.831  0.05%   225  148s
 19161  1090     cutoff   77      -72994.001 -73020.805  0.04%   225  153s
 19975   693     cutoff   85      -72994.001 -73013.840  0.03%   226  156s
 20718   281 -72997.340   89   95 -72994.001 -73007.335  0.02%   228  162s

Cutting planes:
  Gomory: 39
  Cover: 521
  Clique: 263
  MIR: 74
  StrongCG: 39
  Flow cover: 209
  Inf proof: 1
  Zero half: 4
  RLT: 1

Explored 21204 nodes (4862520 simplex iterations) in 162.72 seconds (312.29 work units)
Thread count was 4 (of 56 available processors)

Solution count 10: -72994 -72992 -72977 ... -71860

Optimal solution found (tolerance 1.00e-04)
Best objective -7.299400000000e+04, best bound -7.300100000000e+04, gap 0.0096%
