
Gurobi 9.5.0 (linux64) logging started Thu Apr 14 22:28:38 2022

Set parameter LogFile to value "/local_workspace/chenrui/LogFiles/MKAP/new0U_R10_M15_N200_seed1_DWcuts_600.log"
Gurobi Optimizer version 9.5.0 build v9.5.0rc5 (linux64)
Thread count: 56 physical cores, 56 logical processors, using up to 4 threads
Optimize a model with 515 rows, 3150 columns and 9450 nonzeros
Model fingerprint: 0xd0a53e4f
Variable types: 0 continuous, 3150 integer (3150 binary)
Coefficient statistics:
  Matrix range     [2e-04, 6e+03]
  Objective range  [6e+00, 1e+03]
  Bounds range     [1e+00, 1e+00]
  RHS range        [1e-05, 1e+00]
Found heuristic solution: objective 0.0000000
Presolve removed 0 rows and 96 columns
Presolve time: 0.02s
Presolved: 515 rows, 3054 columns, 9162 nonzeros
Variable types: 0 continuous, 3054 integer (3054 binary)
Found heuristic solution: objective -9551.000000

Root relaxation: objective -8.439561e+04, 4588 iterations, 0.11 seconds (0.11 work units)

    Nodes    |    Current Node    |     Objective Bounds      |     Work
 Expl Unexpl |  Obj  Depth IntInf | Incumbent    BestBd   Gap | It/Node Time

     0     0 -84395.610    0  188 -9551.0000 -84395.610   784%     -    0s
H    0     0                    -70135.00000 -84395.610  20.3%     -    0s
H    0     0                    -79551.00000 -84395.610  6.09%     -    0s
H    0     0                    -80550.00000 -84395.610  4.77%     -    0s
     0     0 -84395.610    0  290 -80550.000 -84395.610  4.77%     -    0s
H    0     0                    -80945.00000 -84395.610  4.26%     -    0s
     0     0 -84395.610    0  269 -80945.000 -84395.610  4.26%     -    0s
     0     0 -84395.610    0  319 -80945.000 -84395.610  4.26%     -    0s
     0     0 -84395.610    0  318 -80945.000 -84395.610  4.26%     -    0s
H    0     0                    -81274.00000 -84395.610  3.84%     -    1s
     0     2 -84395.610    0  318 -81274.000 -84395.610  3.84%     -    1s
H   28    33                    -81540.00000 -84395.610  3.50%   209    2s
H   29    33                    -81702.00000 -84395.610  3.30%   208    2s
H  172   232                    -81795.00000 -84395.610  3.18%   161    3s
H  207   232                    -82332.00000 -84395.610  2.51%   160    3s
H  834   761                    -82982.00000 -84395.610  1.70%  70.6    4s
  1353  1090 -84197.611   44  176 -82982.000 -84395.610  1.70%  55.9    5s
H 1416  1079                    -82995.00000 -84395.610  1.69%  60.6    6s
  2056  1434 -83855.870   94   58 -82995.000 -84395.610  1.69%  69.9   11s
  7934  5650 -84382.596   32   89 -82995.000 -84395.610  1.69%  48.8   15s
 15137 10769 -84393.951   47  112 -82995.000 -84395.610  1.69%  46.2   20s
 21445 15802 -84386.648   48   83 -82995.000 -84395.610  1.69%  46.1   30s
 27634 20723 -83137.820   67   37 -82995.000 -84395.610  1.69%  48.0   35s
 34519 25623 -83136.730   27   65 -82995.000 -84395.610  1.69%  48.3   40s
 40396 30523 -83068.495   79   20 -82995.000 -84395.610  1.69%  49.7   45s
 48231 35953 -84395.610   34  121 -82995.000 -84395.610  1.69%  50.2   50s
H48332 33867                    -83069.00000 -84395.610  1.60%  50.3   50s
 53822 38071 -83683.401   33   74 -83069.000 -84395.610  1.60%  51.1   55s
 59849 42858 -83258.512  128   17 -83069.000 -84395.610  1.60%  52.6   60s
 68971 49341 -83410.246   71   26 -83069.000 -84395.610  1.60%  50.3   65s
 75611 54069 -83605.374   51   38 -83069.000 -84395.610  1.60%  50.6   70s
H79337 49319                    -83211.00000 -84395.610  1.42%  50.5   72s
 81681 51022 -83318.119  126   18 -83211.000 -84395.610  1.42%  51.0   75s
 89318 56851 -84357.044   38  111 -83211.000 -84395.610  1.42%  51.6   80s
H96234 59027                    -83249.00000 -84395.609  1.38%  51.3   84s
H97470 56115                    -83309.00000 -84395.609  1.30%  51.4   85s
H97471 54148                    -83340.00000 -84395.609  1.27%  51.4   85s
H97611 53417                    -83352.00001 -84395.609  1.25%  51.4   85s
 103595 57948     cutoff   47      -83352.000 -84395.607  1.25%  51.7   90s
 112209 63902 -83903.249   41   59 -83352.000 -84395.605  1.25%  50.5   95s
H113422 59273                    -83420.00000 -84395.605  1.17%  50.4   95s
H119626 54574                    -83545.00000 -84395.605  1.02%  49.9   99s
H120933 53737                    -83568.00000 -84395.605  0.99%  49.7  100s
H120934 53251                    -83575.00000 -84395.605  0.98%  49.7  100s
H120936 51712                    -83598.00000 -84395.605  0.95%  49.7  100s
 130385 57460     cutoff   65      -83598.000 -84395.605  0.95%  48.8  105s
 140456 63923 -83848.177   75   34 -83598.000 -84395.603  0.95%  47.8  110s
 148855 69377 -84388.462   41   83 -83598.000 -84395.243  0.95%  47.8  115s
 160093 76497     cutoff   71      -83598.000 -84394.930  0.95%  46.7  120s
 167655 81317 -84264.386   44  100 -83598.000 -84394.776  0.95%  46.3  125s
H171623 82890                    -83608.00000 -84394.319  0.94%  46.4  129s
 171997 82885 -84360.511   63   67 -83608.000 -84394.272  0.94%  46.4  130s
 183956 90740 -84393.080   26  143 -83608.000 -84393.472  0.94%  45.7  135s
 193543 96576 -84247.558   39   78 -83608.000 -84393.080  0.94%  45.6  140s
 200143 101429 -84240.420   39  111 -83608.000 -84393.080  0.94%  46.2  145s
 207788 106120 -84385.250   57   77 -83608.000 -84393.076  0.94%  46.6  150s
 220655 114368 -83944.342   72   33 -83608.000 -84393.055  0.94%  46.2  155s
 234628 123083 -83913.329   71   32 -83608.000 -84392.831  0.94%  45.2  160s
 248461 131881 -83761.445   69   30 -83608.000 -84392.164  0.94%  44.5  165s
 262093 139709 -84234.145   41   78 -83608.000 -84391.855  0.94%  43.7  170s
 271898 145725 -83885.152   45   57 -83608.000 -84391.544  0.94%  43.4  175s
 284005 152766 -84387.958   37   86 -83608.000 -84391.400  0.94%  43.1  180s
 291708 157806 -84171.682   79   55 -83608.000 -84391.267  0.94%  43.2  185s
 303314 164522 -84358.596   50   89 -83608.000 -84390.928  0.94%  42.9  190s
 314857 174087 -83935.497   85   22 -83608.000 -84390.689  0.94%  42.4  195s
 328388 180575 -84382.127   60   62 -83608.000 -84390.279  0.94%  42.3  200s
 340434 187624 -84387.598   52   76 -83608.000 -84390.032  0.94%  41.7  205s
 352763 195092 -84030.179   62   38 -83608.000 -84389.994  0.94%  41.7  210s
 365470 202976 -84236.794   49   58 -83608.000 -84389.819  0.94%  41.4  215s
H366108 201828                    -83613.00000 -84389.816  0.93%  41.3  215s
 377827 209508 -84112.820   58   73 -83613.000 -84389.791  0.93%  40.9  220s
 391896 217768 -83838.397   43   64 -83613.000 -84389.618  0.93%  40.4  225s
 404817 225176 -84058.575   59   75 -83613.000 -84389.465  0.93%  40.1  230s
H415531 205432                    -83693.00000 -84389.336  0.83%  39.6  233s
 417395 206949 -84201.220   67   42 -83693.000 -84389.327  0.83%  39.6  235s
 431957 215128 -83960.366   59   47 -83693.000 -84389.136  0.83%  39.1  240s
 444747 222359 -84139.854   60   46 -83693.000 -84389.046  0.83%  38.8  245s
 457252 229293 -83720.711   60   50 -83693.000 -84388.919  0.83%  38.5  250s
 467555 236125 -84002.259   53   37 -83693.000 -84388.813  0.83%  38.5  255s
 478244 242174 -84388.459   50   67 -83693.000 -84388.682  0.83%  38.4  260s
 487811 247759     cutoff   54      -83693.000 -84388.675  0.83%  38.4  265s
 491707 250422 -84388.550   36  106 -83693.000 -84388.675  0.83%  38.8  270s
 495786 253108 -84357.675   68   65 -83693.000 -84388.673  0.83%  39.1  275s
 501741 257485 -84246.377   33   67 -83693.000 -84388.665  0.83%  39.4  280s
 513631 264084 -84301.660   60   65 -83693.000 -84388.469  0.83%  39.3  285s
 526552 271482 -84378.587   45   73 -83693.000 -84388.337  0.83%  39.2  290s
 541174 280065 -84378.956   58   85 -83693.000 -84388.006  0.83%  38.9  295s
 555926 289259 -84319.380   46   85 -83693.000 -84387.824  0.83%  38.7  300s
 570817 297297 -84381.030   44  114 -83693.000 -84387.502  0.83%  38.4  305s
 582469 304707     cutoff   64      -83693.000 -84387.417  0.83%  38.4  310s
 592041 310657     cutoff   84      -83693.000 -84387.366  0.83%  38.6  315s
 607825 319803 -84348.688   68   74 -83693.000 -84387.268  0.83%  38.3  320s
 622259 328295 -84383.698   49   74 -83693.000 -84387.075  0.83%  38.0  325s
 636099 336287 -84384.102   50   98 -83693.000 -84386.971  0.83%  37.8  330s
 650915 344764 -84357.575   52   77 -83693.000 -84386.755  0.83%  37.6  335s
 664928 353224 -83823.785   51   58 -83693.000 -84386.610  0.83%  37.4  340s
 681134 362303 -84375.815   46   75 -83693.000 -84386.547  0.83%  37.1  345s
 695456 370446 -84234.455   58   62 -83693.000 -84386.401  0.83%  37.0  350s
 710593 378939 -83970.359   61   24 -83693.000 -84386.203  0.83%  36.8  355s
 724875 387277 -84032.787   75   57 -83693.000 -84386.038  0.83%  36.7  360s
 741296 396456 -84385.826   48   74 -83693.000 -84385.846  0.83%  36.4  365s
 755736 404386 -84105.993   38   74 -83693.000 -84385.624  0.83%  36.3  370s
 770973 413043 -84385.521   48   76 -83693.000 -84385.524  0.83%  36.2  375s
 786388 422018 -84242.972   36   57 -83693.000 -84385.318  0.83%  36.0  380s
 801055 430242 -84101.768   81   26 -83693.000 -84385.201  0.83%  35.9  385s
 815702 438600 -83695.979   49   55 -83693.000 -84385.053  0.83%  35.8  390s
 831196 447570 -84083.815   50   46 -83693.000 -84384.919  0.83%  35.6  395s
 846773 456247 -83712.403   62   46 -83693.000 -84384.784  0.83%  35.5  400s
 862872 465629 -84138.175   77   45 -83693.000 -84384.631  0.83%  35.3  405s
 880165 475169 -84219.089   57   67 -83693.000 -84384.464  0.83%  35.1  410s
 894616 483444     cutoff   73      -83693.000 -84384.265  0.83%  35.0  415s
 909399 491660 -84127.440   46   58 -83693.000 -84384.161  0.83%  34.9  420s
 921893 498553 -84276.326   53   58 -83693.000 -84384.061  0.83%  34.8  425s
 939137 508393 -83753.728   51   62 -83693.000 -84383.945  0.83%  34.7  430s
 956402 517969 -84125.545   49   51 -83693.000 -84383.866  0.83%  34.5  435s
 973963 527889 -83786.456   86   18 -83693.000 -84383.773  0.83%  34.3  440s
 990436 537074 -83958.163   53   48 -83693.000 -84383.667  0.83%  34.2  445s
 1007823 546699 -84344.884   36   72 -83693.000 -84383.544  0.83%  34.0  450s
 1022941 555413 -84221.668   42   75 -83693.000 -84383.460  0.82%  33.9  455s
 1039437 565077 -84320.632   57   68 -83693.000 -84383.391  0.82%  33.8  460s
 1055280 574593 -83851.256   82   31 -83693.000 -84383.326  0.82%  33.7  465s
 1072748 584518 -83705.157   56   61 -83693.000 -84383.249  0.82%  33.6  470s
 1088671 592821 -84279.288   34   84 -83693.000 -84383.154  0.82%  33.5  475s
 1104482 602218 -83903.351   63   24 -83693.000 -84383.039  0.82%  33.4  480s
 1121196 611708 -84283.428   56   32 -83693.000 -84382.954  0.82%  33.3  485s
 1135132 619892 -84072.979   61   50 -83693.000 -84382.925  0.82%  33.3  490s
 1153044 629633 -83903.775   69   46 -83693.000 -84382.800  0.82%  33.2  495s
 1170378 639423 -84338.059   59   52 -83693.000 -84382.676  0.82%  33.0  500s
 1183805 646903 -84187.954   38   76 -83693.000 -84382.598  0.82%  33.0  505s
 1190071 651344 -84017.794   43   88 -83693.000 -84382.598  0.82%  33.2  510s
 1196836 655589 -84368.046   42   80 -83693.000 -84382.596  0.82%  33.4  515s
 1207323 661774 -83740.427   36   73 -83693.000 -84382.592  0.82%  33.6  520s
 1221571 669998 -83977.475   95   26 -83693.000 -84382.524  0.82%  33.5  525s
 1236230 678045 -84353.843   63   66 -83693.000 -84382.422  0.82%  33.5  530s
 1250745 686388 -83790.607   56   47 -83693.000 -84382.320  0.82%  33.4  535s
 1268298 696553 -84194.562   57   63 -83693.000 -84382.219  0.82%  33.3  540s
 1280433 703736 -83930.887   66   44 -83693.000 -84382.167  0.82%  33.3  545s
 1295574 712010 -83942.647   73   54 -83693.000 -84382.059  0.82%  33.3  550s
 1311975 721328 -83887.432   76   39 -83693.000 -84381.938  0.82%  33.2  555s
 1328899 730806 -84343.344   42   67 -83693.000 -84381.825  0.82%  33.1  560s
 1343595 739017 -84144.298   47   65 -83693.000 -84381.730  0.82%  33.1  565s
 1359568 748837 -83856.417   61   47 -83693.000 -84381.683  0.82%  33.0  570s
 1376132 758380 -83737.456   89   24 -83693.000 -84381.601  0.82%  32.9  575s
 1391864 767418 -84344.995   61   71 -83693.000 -84381.533  0.82%  32.9  580s
 1407056 776143 -84070.904   57   58 -83693.000 -84381.446  0.82%  32.8  585s
 1422602 784698 -84080.138   76   49 -83693.000 -84381.374  0.82%  32.8  590s
 1439965 794384 -83797.736   50   60 -83693.000 -84381.296  0.82%  32.7  595s
 1455101 802873     cutoff   72      -83693.000 -84381.206  0.82%  32.6  600s

Cutting planes:
  Cover: 39
  Clique: 35
  MIR: 5
  StrongCG: 7
  Flow cover: 12
  Zero half: 6

Explored 1455730 nodes (47478851 simplex iterations) in 600.00 seconds (680.57 work units)
Thread count was 4 (of 56 available processors)

Solution count 10: -83693 -83613 -83608 ... -83340

Time limit reached
Best objective -8.369300000000e+04, best bound -8.438100000000e+04, gap 0.8221%
