
Gurobi 9.5.0 (linux64) logging started Wed May  4 16:35:40 2022

Set parameter LogFile to value "/local_workspace/chenrui/LogFiles/MKAP/new0U_R25_M40_N50_seed3_objLB_600.log"
Gurobi Optimizer version 9.5.0 build v9.5.0rc5 (linux64)
Thread count: 56 physical cores, 56 logical processors, using up to 4 threads
Optimize a model with 1091 rows, 3000 columns and 8000 nonzeros
Model fingerprint: 0x50047399
Variable types: 0 continuous, 3000 integer (3000 binary)
Coefficient statistics:
  Matrix range     [1e+00, 1e+03]
  Objective range  [3e+01, 1e+03]
  Bounds range     [1e+00, 1e+00]
  RHS range        [1e+00, 2e+04]
Found heuristic solution: objective 0.0000000
Presolve removed 993 rows and 2348 columns
Presolve time: 0.01s
Presolved: 98 rows, 652 columns, 1931 nonzeros
Variable types: 0 continuous, 652 integer (652 binary)
Found heuristic solution: objective -17955.00000

Root relaxation: objective -1.906900e+04, 152 iterations, 0.00 seconds (0.00 work units)

    Nodes    |    Current Node    |     Objective Bounds      |     Work
 Expl Unexpl |  Obj  Depth IntInf | Incumbent    BestBd   Gap | It/Node Time

     0     0 -19069.000    0    2 -17955.000 -19069.000  6.20%     -    0s
H    0     0                    -19069.00000 -19069.000  0.00%     -    0s
     0     0 -19069.000    0    2 -19069.000 -19069.000  0.00%     -    0s

Explored 1 nodes (152 simplex iterations) in 0.02 seconds (0.02 work units)
Thread count was 4 (of 56 available processors)

Solution count 3: -19069 -17955 0 
No other solutions better than -19069

Optimal solution found (tolerance 1.00e-04)
Best objective -1.906900000000e+04, best bound -1.906900000000e+04, gap 0.0000%
