
Gurobi 9.5.0 (linux64) logging started Tue Jun 21 04:01:32 2022

Set parameter LogFile to value "/local_workspace/chenrui/LogFiles/MKAP/new0U_R25_M40_N100_seed7_DWcutsCTp2_600.log"
Gurobi Optimizer version 9.5.0 build v9.5.0rc5 (linux64)
Thread count: 56 physical cores, 56 logical processors, using up to 4 threads
Optimize a model with 3141 rows, 5000 columns and 17185 nonzeros
Model fingerprint: 0x9052f9aa
Variable types: 0 continuous, 5000 integer (5000 binary)
Coefficient statistics:
  Matrix range     [1e-13, 1e+03]
  Objective range  [4e+01, 1e+03]
  Bounds range     [1e+00, 1e+00]
  RHS range        [1e-05, 1e+00]
Warning: Model contains large matrix coefficient range
         Consider reformulating model or setting NumericFocus parameter
         to avoid numerical issues.
Found heuristic solution: objective 0.0000000
Presolve removed 1279 rows and 1997 columns
Presolve time: 0.05s
Presolved: 1862 rows, 3003 columns, 8863 nonzeros
Found heuristic solution: objective -25838.00000
Variable types: 0 continuous, 3003 integer (3003 binary)

Root relaxation: objective -3.989749e+04, 3504 iterations, 0.05 seconds (0.06 work units)

    Nodes    |    Current Node    |     Objective Bounds      |     Work
 Expl Unexpl |  Obj  Depth IntInf | Incumbent    BestBd   Gap | It/Node Time

     0     0 -39897.486    0  215 -25838.000 -39897.486  54.4%     -    0s
H    0     0                    -38710.00000 -39897.486  3.07%     -    0s
H    0     0                    -39109.00006 -39897.486  2.02%     -    0s
H    0     0                    -39138.00000 -39897.486  1.94%     -    0s
H    0     0                    -39508.00000 -39874.346  0.93%     -    0s
H    0     0                    -39628.00000 -39874.346  0.62%     -    0s
     0     0 -39874.346    0  191 -39628.000 -39874.346  0.62%     -    0s
H    0     0                    -39648.00000 -39874.346  0.57%     -    0s
H    0     0                    -39762.00000 -39874.346  0.28%     -    0s
H    0     0                    -39872.00000 -39874.346  0.01%     -    0s

Cutting planes:
  Gomory: 27
  Cover: 1
  Clique: 3
  Zero half: 2

Explored 1 nodes (3641 simplex iterations) in 0.27 seconds (0.19 work units)
Thread count was 4 (of 56 available processors)

Solution count 10: -39872 -39762 -39648 ... 0

Optimal solution found (tolerance 1.00e-04)
Best objective -3.987200000000e+04, best bound -3.987400000000e+04, gap 0.0050%
