
Gurobi 9.5.0 (linux64) logging started Tue May  3 17:49:04 2022

Set parameter LogFile to value "/local_workspace/chenrui/LogFiles/MKAP/new0U_R10_M40_N100_seed3_DWcuts_600.log"
Gurobi Optimizer version 9.5.0 build v9.5.0rc5 (linux64)
Thread count: 56 physical cores, 56 logical processors, using up to 4 threads
Optimize a model with 940 rows, 4400 columns and 13200 nonzeros
Model fingerprint: 0xfb7fbddb
Variable types: 0 continuous, 4400 integer (4400 binary)
Coefficient statistics:
  Matrix range     [5e-13, 1e+03]
  Objective range  [8e+00, 1e+03]
  Bounds range     [1e+00, 1e+00]
  RHS range        [6e-14, 4e+01]
Warning: Model contains large matrix coefficient range
         Consider reformulating model or setting NumericFocus parameter
         to avoid numerical issues.
Found heuristic solution: objective 0.0000000
Presolve removed 121 rows and 1619 columns
Presolve time: 0.03s
Presolved: 819 rows, 2781 columns, 8120 nonzeros
Found heuristic solution: objective -24760.00000
Variable types: 0 continuous, 2781 integer (2781 binary)

Root relaxation: objective -4.389480e+04, 3485 iterations, 0.08 seconds (0.07 work units)

    Nodes    |    Current Node    |     Objective Bounds      |     Work
 Expl Unexpl |  Obj  Depth IntInf | Incumbent    BestBd   Gap | It/Node Time

     0     0 -43894.796    0  133 -24760.000 -43894.796  77.3%     -    0s
H    0     0                    -41415.00000 -43894.796  5.99%     -    0s
H    0     0                    -41705.00000 -43894.796  5.25%     -    0s
H    0     0                    -42844.00000 -43894.796  2.45%     -    0s
     0     0 -43894.796    0  139 -42844.000 -43894.796  2.45%     -    0s
H    0     0                    -43341.00000 -43894.796  1.28%     -    0s
H    0     0                    -43362.00000 -43894.796  1.23%     -    0s
     0     0 -43894.796    0   16 -43362.000 -43894.796  1.23%     -    0s
     0     0 -43894.796    0   47 -43362.000 -43894.796  1.23%     -    0s
H    0     0                    -43473.00000 -43894.796  0.97%     -    0s
     0     0 -43894.796    0   74 -43473.000 -43894.796  0.97%     -    0s
H    0     0                    -43536.00000 -43894.796  0.82%     -    0s
     0     0 -43894.796    0   84 -43536.000 -43894.796  0.82%     -    0s
     0     0 -43894.796    0   84 -43536.000 -43894.796  0.82%     -    0s
     0     2 -43894.796    0   84 -43536.000 -43894.796  0.82%     -    0s
H   29    31                    -43627.00000 -43894.796  0.61%   253    1s
H   59    61                    -43711.00000 -43894.796  0.42%   189    1s
H  591   539                    -43737.00000 -43894.796  0.36%  77.0    4s
  1210  1035 -43762.630   80   84 -43737.000 -43894.512  0.36%  64.9    5s
H 1384  1094                    -43762.00000 -43894.494  0.30%  90.4    8s
H 1432  1084                    -43795.00000 -43894.494  0.23%  91.3    9s
  1702  1143 -43893.013   53  107 -43795.000 -43894.494  0.23%  92.8   10s
H 4280  2295                    -43804.00000 -43894.494  0.21%  66.6   15s
H 5145  2740                    -43822.00000 -43894.494  0.17%  65.0   16s
H 6890  1711                    -43863.00000 -43893.745  0.07%  63.5   19s
  7150  1772 -43880.316   58  173 -43863.000 -43893.527  0.07%  63.1   20s
 10506  2784 -43891.844   29   78 -43863.000 -43891.844  0.07%  66.0   25s
 14757  2853 -43879.936   48   60 -43863.000 -43884.653  0.05%  66.9   30s
 23810  2273 -43868.044   60   60 -43863.000 -43875.210  0.03%  63.3   35s
 33799  1068 -43866.782   61  138 -43863.000 -43869.687  0.02%  58.9   40s

Cutting planes:
  Cover: 12
  Clique: 1
  MIR: 5
  StrongCG: 5
  Mod-K: 1

Explored 35400 nodes (2060836 simplex iterations) in 40.50 seconds (58.94 work units)
Thread count was 4 (of 56 available processors)

Solution count 10: -43863 -43822 -43804 ... -43536

Optimal solution found (tolerance 1.00e-04)
Best objective -4.386300000000e+04, best bound -4.386700000000e+04, gap 0.0091%
