
Gurobi 9.5.0 (linux64) logging started Tue May  3 13:22:11 2022

Set parameter LogFile to value "/local_workspace/chenrui/LogFiles/MKAP/new0U_R10_M10_N50_seed5_DWcutsCT5_600.log"
Gurobi Optimizer version 9.5.0 build v9.5.0rc5 (linux64)
Thread count: 56 physical cores, 56 logical processors, using up to 4 threads
Optimize a model with 689 rows, 600 columns and 3195 nonzeros
Model fingerprint: 0x3e33305c
Variable types: 0 continuous, 600 integer (600 binary)
Coefficient statistics:
  Matrix range     [1e-13, 4e+03]
  Objective range  [4e+00, 1e+03]
  Bounds range     [1e+00, 1e+00]
  RHS range        [2e-16, 1e+00]
Warning: Model contains large matrix coefficient range
         Consider reformulating model or setting NumericFocus parameter
         to avoid numerical issues.
Found heuristic solution: objective 0.0000000
Presolve removed 327 rows and 134 columns
Presolve time: 0.01s
Presolved: 362 rows, 466 columns, 1446 nonzeros
Found heuristic solution: objective -5512.000000
Variable types: 0 continuous, 466 integer (466 binary)

Root relaxation: objective -2.034200e+04, 610 iterations, 0.01 seconds (0.00 work units)

    Nodes    |    Current Node    |     Objective Bounds      |     Work
 Expl Unexpl |  Obj  Depth IntInf | Incumbent    BestBd   Gap | It/Node Time

     0     0 -20342.000    0    5 -5512.0000 -20342.000   269%     -    0s
H    0     0                    -20068.00000 -20342.000  1.37%     -    0s
H    0     0                    -20310.00000 -20342.000  0.16%     -    0s
H    0     0                    -20321.00000 -20328.949  0.04%     -    0s

Cutting planes:
  Gomory: 1
  Cover: 1
  Clique: 3

Explored 1 nodes (610 simplex iterations) in 0.03 seconds (0.01 work units)
Thread count was 4 (of 56 available processors)

Solution count 5: -20321 -20310 -20068 ... 0
No other solutions better than -20321

Optimal solution found (tolerance 1.00e-04)
Best objective -2.032099999996e+04, best bound -2.032099999996e+04, gap 0.0000%
