
Gurobi 9.5.0 (linux64) logging started Fri Apr 29 06:11:37 2022

Set parameter LogFile to value "/local_workspace/chenrui/LogFiles/MKAP/new0U_R10_M10_N300_seed8_objLB_600.log"
Gurobi Optimizer version 9.5.0 build v9.5.0rc5 (linux64)
Thread count: 56 physical cores, 56 logical processors, using up to 4 threads
Optimize a model with 411 rows, 3100 columns and 9200 nonzeros
Model fingerprint: 0x2a006b4f
Variable types: 0 continuous, 3100 integer (3100 binary)
Coefficient statistics:
  Matrix range     [1e+00, 2e+04]
  Objective range  [4e+00, 1e+03]
  Bounds range     [1e+00, 1e+00]
  RHS range        [1e+00, 1e+05]
Found heuristic solution: objective 0.0000000
Presolve removed 10 rows and 120 columns
Presolve time: 0.01s
Presolved: 401 rows, 2980 columns, 8850 nonzeros
Variable types: 0 continuous, 2980 integer (2980 binary)
Found heuristic solution: objective -51430.00000

Root relaxation: objective -1.165440e+05, 602 iterations, 0.01 seconds (0.01 work units)

    Nodes    |    Current Node    |     Objective Bounds      |     Work
 Expl Unexpl |  Obj  Depth IntInf | Incumbent    BestBd   Gap | It/Node Time

     0     0 -116544.00    0   46 -51430.000 -116544.00   127%     -    0s
H    0     0                    -53410.00000 -116544.00   118%     -    0s
H    0     0                    -67032.00000 -116544.00  73.9%     -    0s
H    0     0                    -78108.00000 -116544.00  49.2%     -    0s
H    0     0                    -85861.00000 -116544.00  35.7%     -    0s
     0     0 -116544.00    0  301 -85861.000 -116544.00  35.7%     -    0s
H    0     0                    -86312.00000 -116544.00  35.0%     -    0s
     0     0 -116544.00    0  257 -86312.000 -116544.00  35.0%     -    0s
H    0     0                    -89725.00000 -116544.00  29.9%     -    0s
H    0     0                    -105544.0000 -116544.00  10.4%     -    0s
     0     0 -116544.00    0   57 -105544.00 -116544.00  10.4%     -    0s
     0     0 -116544.00    0   38 -105544.00 -116544.00  10.4%     -    0s
H    0     0                    -106429.0000 -116544.00  9.50%     -    0s
H    0     2                    -106606.0004 -116544.00  9.32%     -    0s
     0     2 -116544.00    0   34 -106606.00 -116544.00  9.32%     -    0s
H   35    38                    -109368.0000 -116544.00  6.56%   217    0s
H  102   220                    -109808.0000 -116544.00  6.13%   144    0s
H  491   562                    -111129.0000 -116544.00  4.87%  77.2    1s
H  672   723                    -112418.0000 -116544.00  3.67%  73.7    1s
H  783   722                    -112493.0000 -116544.00  3.60%  70.6    1s
  1305  1369 -116544.00   48   16 -112493.00 -116544.00  3.60%  98.4    5s
H 1362  1308                    -113253.0000 -116544.00  2.91%  94.8    5s
H 2190   749                    -113947.0000 -116544.00  2.28%  74.1    5s
H 2362   656                    -114004.0000 -116544.00  2.23%  75.9    5s
H 2741   671                    -114008.0000 -116544.00  2.22%  76.8    5s
H 3458   614                    -115500.0000 -116544.00  0.90%  72.7    6s
H 3583   630                    -115826.0000 -116544.00  0.62%  71.2    6s
H 3700   587                    -116128.0000 -116544.00  0.36%  70.0    6s
H 3887   513                    -116252.0000 -116544.00  0.25%  69.2    6s
H 3962   512                    -116300.0000 -116544.00  0.21%  73.0    7s
H 4097   593                    -116308.0000 -116544.00  0.20%  75.0    7s
  8378  1482 -116544.00  105  182 -116308.00 -116544.00  0.20%  71.5   10s
 18929  2427     cutoff  100      -116308.00 -116544.00  0.20%  61.3   15s
 24832  3067     cutoff   71      -116308.00 -116544.00  0.20%  68.7   23s
 26381  3182 -116544.00   51   21 -116308.00 -116544.00  0.20%  71.5   25s
 34178  4482 -116544.00   65   56 -116308.00 -116544.00  0.20%  77.6   30s
 44150  6114 -116544.00   48   14 -116308.00 -116544.00  0.20%  74.9   35s
 55443  8698 -116544.00  151   14 -116308.00 -116544.00  0.20%  73.0   40s
 71216 11980     cutoff   83      -116308.00 -116544.00  0.20%  65.5   45s
 81496 13266     cutoff   88      -116308.00 -116544.00  0.20%  64.9   50s
 98409 16897     cutoff   94      -116308.00 -116544.00  0.20%  60.3   55s
 108674 18037     cutoff   92      -116308.00 -116544.00  0.20%  60.3   60s
 120494 18525     cutoff   98      -116308.00 -116544.00  0.20%  60.5   65s
 131835 17277 -116544.00  130   62 -116308.00 -116544.00  0.20%  60.4   70s
 142296 17482     cutoff   88      -116308.00 -116544.00  0.20%  61.4   75s
 150490 18247 -116544.00   65   79 -116308.00 -116544.00  0.20%  62.2   80s
H156133 15495                    -116408.0000 -116544.00  0.12%  61.1   81s
 166937 16551     cutoff   67      -116408.00 -116544.00  0.12%  59.7   85s
 180742 20750     cutoff  113      -116408.00 -116544.00  0.12%  59.6   90s
 191958 18605     cutoff   73      -116408.00 -116544.00  0.12%  62.4   95s
H203371 17516                    -116459.0000 -116544.00  0.07%  61.2   98s
 206561 18053     cutoff   96      -116459.00 -116544.00  0.07%  60.4  100s
 232542 18292 -116544.00  108   10 -116459.00 -116544.00  0.07%  54.8  105s
 257966 17979     cutoff   94      -116459.00 -116544.00  0.07%  50.5  110s
 278275 17214     cutoff   88      -116459.00 -116544.00  0.07%  47.6  115s
 299252 16938 -116544.00   32   40 -116459.00 -116544.00  0.07%  45.0  120s
 321353 16976 -116544.00   52   11 -116459.00 -116544.00  0.07%  42.8  125s
 346202 18578 -116544.00  102   17 -116459.00 -116544.00  0.07%  40.7  130s
 373895 18118 -116544.00   78   17 -116459.00 -116544.00  0.07%  38.7  135s
 408786 17458 -116544.00  107   18 -116459.00 -116544.00  0.07%  36.5  140s
 436500 18190 -116544.00   63   50 -116459.00 -116544.00  0.07%  35.2  145s
 455151 22693 -116544.00   56   10 -116459.00 -116544.00  0.07%  35.0  150s
 473422 26617 -116544.00   47   11 -116459.00 -116544.00  0.07%  34.7  155s
 491219 30070 -116544.00   60   75 -116459.00 -116544.00  0.07%  34.4  160s
 508690 34039 -116544.00   48   11 -116459.00 -116544.00  0.07%  34.2  165s
 524634 38455 -116544.00   55   10 -116459.00 -116544.00  0.07%  34.1  170s
 543796 42492     cutoff   73      -116459.00 -116544.00  0.07%  33.8  175s
 559693 47139 -116544.00   55  103 -116459.00 -116544.00  0.07%  33.7  180s
 575777 51638 -116544.00   52   61 -116459.00 -116544.00  0.07%  33.6  185s
 589115 55831     cutoff   52      -116459.00 -116544.00  0.07%  33.7  190s
 607198 60614 -116544.00   51   56 -116459.00 -116544.00  0.07%  33.6  195s
 626157 64412     cutoff   53      -116459.00 -116544.00  0.07%  33.2  200s
 651801 66585 -116544.00   51  179 -116459.00 -116544.00  0.07%  32.5  205s
 672653 70240     cutoff   67      -116459.00 -116544.00  0.07%  32.1  210s
 687732 74802     cutoff   58      -116459.00 -116544.00  0.07%  32.1  215s
 705799 78891     cutoff   63      -116459.00 -116544.00  0.07%  31.9  220s
 721812 83420 -116544.00   60   50 -116459.00 -116544.00  0.07%  31.9  225s
 736944 87766 -116544.00   58    8 -116459.00 -116544.00  0.07%  31.9  230s
 753211 92395 -116544.00   61   59 -116459.00 -116544.00  0.07%  31.9  235s
 768073 97126 -116479.72   52    9 -116459.00 -116544.00  0.07%  31.9  240s
 784058 102129 -116544.00   53   10 -116459.00 -116544.00  0.07%  31.8  245s
 803195 106435 -116544.00   52   10 -116459.00 -116544.00  0.07%  31.6  250s
 819336 111098 -116544.00   52  195 -116459.00 -116544.00  0.07%  31.5  255s
 835435 116304 -116544.00   56   73 -116459.00 -116544.00  0.07%  31.5  260s
 861492 118971     cutoff   51      -116459.00 -116544.00  0.07%  31.0  265s
 880339 122812 -116475.96   53   10 -116459.00 -116544.00  0.07%  30.8  270s
 897761 125764 -116544.00   80   28 -116459.00 -116544.00  0.07%  30.7  275s
 914664 130645 -116544.00   54   10 -116459.00 -116544.00  0.07%  30.7  280s
 932483 134728 -116544.00   51  182 -116459.00 -116544.00  0.07%  30.6  285s
 951019 139759     cutoff   71      -116459.00 -116544.00  0.07%  30.6  290s
 970656 144663     cutoff   56      -116459.00 -116544.00  0.07%  30.4  295s
 988894 147889     cutoff   60      -116459.00 -116544.00  0.07%  30.2  300s
 1005071 151978     cutoff   62      -116459.00 -116544.00  0.07%  30.2  305s
 1022445 155093     cutoff   75      -116459.00 -116544.00  0.07%  30.1  310s
 1040460 159047 -116544.00   60  100 -116459.00 -116544.00  0.07%  30.0  315s
 1060394 163465 -116471.48   77    8 -116459.00 -116544.00  0.07%  29.9  320s
 1080099 167216 -116544.00   59    9 -116459.00 -116544.00  0.07%  29.8  325s
 1095447 171640 -116544.00   40   54 -116459.00 -116544.00  0.07%  29.9  330s
 1114913 176470 -116461.22   62    8 -116459.00 -116544.00  0.07%  29.8  335s
 1133348 180896 -116507.89   57    9 -116459.00 -116544.00  0.07%  29.7  340s
 1150065 185132 -116544.00   55  115 -116459.00 -116544.00  0.07%  29.6  345s
 1168303 190006 -116544.00   61   73 -116459.00 -116544.00  0.07%  29.6  350s
 1190526 193167     cutoff   88      -116459.00 -116544.00  0.07%  29.4  355s
 1207619 196460     cutoff   54      -116459.00 -116544.00  0.07%  29.3  360s
 1223990 200256 -116544.00   69   73 -116459.00 -116544.00  0.07%  29.3  365s
 1243463 204486 -116544.00   61  145 -116459.00 -116544.00  0.07%  29.2  370s
 1258576 207848 -116544.00   54  100 -116459.00 -116544.00  0.07%  29.2  375s
 1275257 213624 -116544.00   64  137 -116459.00 -116544.00  0.07%  29.2  380s
 1292371 218590     cutoff   70      -116459.00 -116544.00  0.07%  29.2  385s
 1308684 222503 -116544.00   67  128 -116459.00 -116544.00  0.07%  29.2  390s
 1327090 227542 -116544.00   52   11 -116459.00 -116544.00  0.07%  29.2  395s
 1344700 228954     cutoff   66      -116459.00 -116544.00  0.07%  29.1  400s
 1363732 222955     cutoff   59      -116459.00 -116544.00  0.07%  29.1  405s
 1384991 220702     cutoff  125      -116459.00 -116544.00  0.07%  29.0  410s
 1418902 220858 -116544.00   88   10 -116459.00 -116544.00  0.07%  28.7  415s
 1452343 223138     cutoff  176      -116459.00 -116544.00  0.07%  28.3  420s
H1453886 220458                    -116476.0000 -116544.00  0.06%  28.3  420s
 1488829 220230 -116544.00   84    9 -116476.00 -116544.00  0.06%  27.9  425s
 1531297 220588     cutoff  116      -116476.00 -116544.00  0.06%  27.3  430s
 1571530 219840 -116536.36   97    9 -116476.00 -116544.00  0.06%  26.9  435s
 1610771 220025     cutoff  109      -116476.00 -116544.00  0.06%  26.4  440s
 1646435 221105     cutoff  103      -116476.00 -116544.00  0.06%  26.0  445s
 1690107 221235 -116539.46  119    8 -116476.00 -116544.00  0.06%  25.6  450s
 1728343 222408     cutoff   94      -116476.00 -116544.00  0.06%  25.2  455s
 1769410 222278 -116544.00  110    9 -116476.00 -116544.00  0.06%  24.8  460s
 1805749 223844 -116504.43  118    7 -116476.00 -116544.00  0.06%  24.5  465s
 1843571 223672 -116480.04  144    4 -116476.00 -116544.00  0.06%  24.2  470s
 1881315 224502     cutoff  121      -116476.00 -116544.00  0.06%  23.9  475s
 1919922 224572 -116544.00  113    8 -116476.00 -116544.00  0.06%  23.6  480s
 1959935 224147 -116544.00  119    7 -116476.00 -116544.00  0.06%  23.3  485s
 2000159 224748 -116544.00  131    8 -116476.00 -116544.00  0.06%  23.0  490s
 2039530 222313 -116544.00   66   15 -116476.00 -116544.00  0.06%  22.8  495s
 2079476 222753 -116544.00   69   11 -116476.00 -116544.00  0.06%  22.5  500s
 2118428 223418 -116544.00  115    8 -116476.00 -116544.00  0.06%  22.3  505s
 2156422 223773 -116528.92   88    9 -116476.00 -116544.00  0.06%  22.0  510s
 2193037 223875 -116544.00   91    9 -116476.00 -116544.00  0.06%  21.8  515s
 2228882 224853 -116513.03  114    7 -116476.00 -116544.00  0.06%  21.7  520s
 2264277 224756     cutoff  116      -116476.00 -116544.00  0.06%  21.5  525s
 2299914 224176 -116544.00   52   11 -116476.00 -116544.00  0.06%  21.3  530s
 2335427 224583 -116544.00   63   18 -116476.00 -116544.00  0.06%  21.1  535s
 2372781 224428 -116544.00   88   10 -116476.00 -116544.00  0.06%  20.9  540s
 2405975 224733 -116542.15   74    9 -116476.00 -116544.00  0.06%  20.8  545s
 2441215 225373 -116544.00  103    9 -116476.00 -116544.00  0.06%  20.6  550s
 2471494 225782 -116544.00   77    9 -116476.00 -116544.00  0.06%  20.4  555s
 2502000 225540 -116544.00   72   11 -116476.00 -116544.00  0.06%  20.3  560s
 2534304 225566     cutoff   85      -116476.00 -116544.00  0.06%  20.1  565s
 2560605 225523 -116544.00   80   15 -116476.00 -116544.00  0.06%  20.0  570s
 2589780 225922 -116544.00   58   11 -116476.00 -116544.00  0.06%  19.9  575s
 2626256 226861 -116534.92   78    9 -116476.00 -116544.00  0.06%  19.8  580s
 2662548 226844     cutoff   86      -116476.00 -116544.00  0.06%  19.6  585s
 2699092 226594 -116544.00   82    8 -116476.00 -116544.00  0.06%  19.5  590s
 2729020 226125 -116506.45   54   10 -116476.00 -116544.00  0.06%  19.4  595s
 2760150 226553 -116506.92  104    6 -116476.00 -116544.00  0.06%  19.2  600s

Cutting planes:
  Gomory: 2
  Cover: 57
  Clique: 129
  MIR: 6
  StrongCG: 16
  Flow cover: 21
  Zero half: 2
  RLT: 1

Explored 2760254 nodes (53137289 simplex iterations) in 600.00 seconds (966.97 work units)
Thread count was 4 (of 56 available processors)

Solution count 10: -116476 -116459 -116408 ... -114008

Time limit reached
Best objective -1.164760000000e+05, best bound -1.165440000000e+05, gap 0.0584%
