
Gurobi 9.5.0 (linux64) logging started Mon Jun 20 09:16:48 2022

Set parameter LogFile to value "/local_workspace/chenrui/LogFiles/MKAP/new0U_R5_M20_N50_seed1_DWcutsCTp3_600.log"
Gurobi Optimizer version 9.5.0 build v9.5.0rc5 (linux64)
Thread count: 56 physical cores, 56 logical processors, using up to 4 threads
Optimize a model with 482 rows, 1100 columns and 5083 nonzeros
Model fingerprint: 0x25dc18fd
Variable types: 0 continuous, 1100 integer (1100 binary)
Coefficient statistics:
  Matrix range     [1e-13, 1e+03]
  Objective range  [1e+01, 1e+03]
  Bounds range     [1e+00, 1e+00]
  RHS range        [1e-05, 1e+00]
Warning: Model contains large matrix coefficient range
         Consider reformulating model or setting NumericFocus parameter
         to avoid numerical issues.
Found heuristic solution: objective 0.0000000
Presolve removed 87 rows and 412 columns
Presolve time: 0.01s
Presolved: 395 rows, 688 columns, 2917 nonzeros
Found heuristic solution: objective -10102.00000
Variable types: 0 continuous, 688 integer (688 binary)

Root relaxation: objective -2.318127e+04, 818 iterations, 0.01 seconds (0.01 work units)

    Nodes    |    Current Node    |     Objective Bounds      |     Work
 Expl Unexpl |  Obj  Depth IntInf | Incumbent    BestBd   Gap | It/Node Time

     0     0 -23181.266    0  102 -10102.000 -23181.266   129%     -    0s
H    0     0                    -22178.00000 -23181.266  4.52%     -    0s
H    0     0                    -22784.00000 -23181.266  1.74%     -    0s
H    0     0                    -23053.00000 -23181.266  0.56%     -    0s
     0     0 -23181.266    0  103 -23053.000 -23181.266  0.56%     -    0s
     0     0 -23172.323    0  106 -23053.000 -23172.323  0.52%     -    0s
     0     0 -23172.323    0   97 -23053.000 -23172.323  0.52%     -    0s
     0     0 -23171.608    0   94 -23053.000 -23171.608  0.51%     -    0s
     0     0 -23171.608    0   87 -23053.000 -23171.608  0.51%     -    0s
     0     0 -23171.608    0   87 -23053.000 -23171.608  0.51%     -    0s
     0     0 -23171.608    0   70 -23053.000 -23171.608  0.51%     -    0s
     0     0 -23171.608    0   75 -23053.000 -23171.608  0.51%     -    0s
     0     0 -23171.608    0   77 -23053.000 -23171.608  0.51%     -    0s
     0     0 -23171.608    0   77 -23053.000 -23171.608  0.51%     -    0s
     0     0 -23161.005    0   77 -23053.000 -23161.005  0.47%     -    0s
     0     0 -23160.715    0   78 -23053.000 -23160.715  0.47%     -    0s
     0     0 -23160.715    0   78 -23053.000 -23160.715  0.47%     -    0s
     0     2 -23160.715    0   78 -23053.000 -23160.715  0.47%     -    0s

Cutting planes:
  Cover: 38
  Clique: 5
  MIR: 4
  StrongCG: 2

Explored 1964 nodes (57907 simplex iterations) in 0.65 seconds (0.58 work units)
Thread count was 4 (of 56 available processors)

Solution count 5: -23053 -22784 -22178 ... 0
No other solutions better than -23053

Optimal solution found (tolerance 1.00e-04)
Best objective -2.305300000000e+04, best bound -2.305300000000e+04, gap 0.0000%
