
Gurobi 9.5.0 (linux64) logging started Sat Apr 30 00:08:26 2022

Set parameter LogFile to value "/local_workspace/chenrui/LogFiles/MKAP/new0U_R25_M30_N300_seed6_DWcutsCT3_600.log"
Gurobi Optimizer version 9.5.0 build v9.5.0rc5 (linux64)
Thread count: 56 physical cores, 56 logical processors, using up to 4 threads
Optimize a model with 6269 rows, 9750 columns and 83504 nonzeros
Model fingerprint: 0x5995ac61
Variable types: 0 continuous, 9750 integer (9750 binary)
Coefficient statistics:
  Matrix range     [1e-13, 5e+03]
  Objective range  [3e+00, 1e+03]
  Bounds range     [1e+00, 1e+00]
  RHS range        [1e-16, 1e+00]
Warning: Model contains large matrix coefficient range
         Consider reformulating model or setting NumericFocus parameter
         to avoid numerical issues.
Found heuristic solution: objective 0.0000000
Presolve removed 408 rows and 992 columns
Presolve time: 0.24s
Presolved: 5861 rows, 8758 columns, 73410 nonzeros
Found heuristic solution: objective -8329.000000
Variable types: 0 continuous, 8758 integer (8758 binary)

Root simplex log...

Iteration    Objective       Primal Inf.    Dual Inf.      Time
   27887   -1.2230002e+05   4.754246e+04   0.000000e+00      5s
Warning: Markowitz tolerance tightened to 0.125
   29843   -1.2229952e+05   0.000000e+00   0.000000e+00      6s

Root relaxation: objective -1.222995e+05, 29843 iterations, 5.39 seconds (5.88 work units)

    Nodes    |    Current Node    |     Objective Bounds      |     Work
 Expl Unexpl |  Obj  Depth IntInf | Incumbent    BestBd   Gap | It/Node Time

     0     0 -122299.52    0  450 -8329.0000 -122299.52  1368%     -    5s
H    0     0                    -105943.0000 -122299.52  15.4%     -    5s
H    0     0                    -107548.0000 -122299.52  13.7%     -    5s
H    0     0                    -112608.0000 -122299.52  8.61%     -    6s
H    0     0                    -120017.0000 -122298.11  1.90%     -    6s
     0     0 -122298.11    0  496 -120017.00 -122298.11  1.90%     -    7s
H    0     0                    -120742.0000 -122298.11  1.29%     -    7s
     0     0 -122294.95    0  549 -120742.00 -122294.95  1.29%     -    8s
     0     0 -122294.95    0  570 -120742.00 -122294.95  1.29%     -    9s
H    0     0                    -120788.0000 -122294.95  1.25%     -    9s
     0     0 -122292.79    0  522 -120788.00 -122292.79  1.25%     -    9s
     0     0 -122292.79    0  502 -120788.00 -122292.79  1.25%     -    9s
     0     0 -122291.99    0  487 -120788.00 -122291.99  1.25%     -    9s
     0     0 -122291.99    0  479 -120788.00 -122291.99  1.25%     -   10s
     0     0 -122291.18    0  473 -120788.00 -122291.18  1.24%     -   10s
     0     0 -122291.18    0  466 -120788.00 -122291.18  1.24%     -   10s
     0     0 -122290.94    0  535 -120788.00 -122290.94  1.24%     -   11s
     0     0 -122290.91    0  555 -120788.00 -122290.91  1.24%     -   11s
     0     0 -122290.91    0  586 -120788.00 -122290.91  1.24%     -   11s
     0     0 -122290.80    0  608 -120788.00 -122290.80  1.24%     -   11s
     0     0 -122290.73    0  618 -120788.00 -122290.73  1.24%     -   11s
     0     0 -122290.73    0  607 -120788.00 -122290.73  1.24%     -   11s
     0     0 -122290.40    0  543 -120788.00 -122290.40  1.24%     -   12s
     0     0 -122290.40    0  527 -120788.00 -122290.40  1.24%     -   16s
H    0     0                    -120813.0000 -122290.40  1.22%     -   18s
     0     2 -122290.40    0  527 -120813.00 -122290.40  1.22%     -   18s
     1     4 -122289.57    1  569 -120813.00 -122289.57  1.22%   540   22s
     3     8 -122288.62    2  674 -120813.00 -122289.49  1.22%   443   26s
    11    16 -122285.47    4  705 -120813.00 -122288.57  1.22%   569   30s
H   27    32                    -120929.0000 -122288.57  1.12%   435   36s
    40    65 -122273.70   11  704 -120929.00 -122288.57  1.12%   410   40s
H   64    70                    -121167.0000 -122288.57  0.93%   349   43s
H  103   107                    -121170.0000 -122288.57  0.92%   280   47s
H  105   107                    -121208.0000 -122288.57  0.89%   284   47s
H  106   107                    -121362.0000 -122288.57  0.76%   281   47s
H  143   146                    -121403.0000 -122288.57  0.73%   240   49s
   154   160 -122230.57   32  524 -121403.00 -122288.57  0.73%   240   50s
   210   222 -122218.02   43  566 -121403.00 -122288.57  0.73%   249   55s
   269   279 -122130.87   56  499 -121403.00 -122288.57  0.73%   261   60s
   308   330 -122198.11   68  589 -121403.00 -122288.57  0.73%   264   65s
H  431   418                    -121438.0000 -122288.57  0.70%   243   71s
   526   567 -122151.50  102  381 -121438.00 -122288.57  0.70%   229   76s
   716   714 -122081.52  141  377 -121438.00 -122288.57  0.70%   207   80s
   840   808 -122010.10  172  322 -121438.00 -122288.57  0.70%   196   85s
H  882   875                    -121524.0000 -122288.57  0.63%   195   87s
  1096  1014     cutoff  232      -121524.00 -122285.14  0.63%   183   90s
H 1112  1013                    -121531.0000 -122285.14  0.62%   184   90s
  1203  1070 -121889.07  161  527 -121531.00 -122285.14  0.62%   193   99s
  1205  1071 -122078.36  143  497 -121531.00 -122285.14  0.62%   193  105s
  1220  1081 -122122.47   88  484 -121531.00 -122285.14  0.62%   190  110s
  1231  1089 -122101.01  128  502 -121531.00 -122285.14  0.62%   189  117s
  1234  1094 -122284.77   15  523 -121531.00 -122284.77  0.62%   215  134s
  1236  1095 -122278.91   16  577 -121531.00 -122278.91  0.62%   215  139s
  1240  1097 -122277.77   17  549 -121531.00 -122277.77  0.61%   215  141s
  1252  1103 -122261.96   19  610 -121531.00 -122275.71  0.61%   218  145s
  1279  1116 -121988.54   22  476 -121531.00 -122261.96  0.60%   222  150s
  1323  1136 -122185.09   27  474 -121531.00 -122261.96  0.60%   224  155s
  1406  1180 -122245.82   38  432 -121531.00 -122261.96  0.60%   228  160s
  1486  1234 -122238.44   47  454 -121531.00 -122261.96  0.60%   233  165s
  1579  1282 -122234.13   55  486 -121531.00 -122261.96  0.60%   240  170s
  1687  1354 -122206.03   65  581 -121531.00 -122261.96  0.60%   247  176s
  1863  1409 -122187.65   86  379 -121531.00 -122261.96  0.60%   249  181s
H 1905  1332                    -121566.0000 -122261.96  0.57%   249  184s
  1908  1354 -122170.61   91  364 -121566.00 -122261.96  0.57%   249  185s
  2034  1450 -122176.99  105  464 -121566.00 -122261.96  0.57%   255  190s
  2240  1570 -122098.27  129  413 -121566.00 -122261.96  0.57%   258  195s
  2605  1631     cutoff  155      -121566.00 -122261.96  0.57%   245  200s
  2813  1702 -121754.30  183  231 -121566.00 -122261.29  0.57%   237  205s
  3089  1836 -121670.45   35  546 -121566.00 -122261.02  0.57%   231  211s
H 3391  1799                    -121616.0000 -122261.02  0.53%   224  215s
  3648  1844 -121900.73  119  296 -121616.00 -122261.02  0.53%   223  223s
  3652  2034 -121900.52  120  289 -121616.00 -122257.94  0.53%   223  226s
  3876  2101 -122202.62   30  536 -121616.00 -122257.37  0.53%   218  232s
H 4042  1990                    -121621.0000 -122257.37  0.52%   217  232s
  4043  2075 -122139.45   47  539 -121621.00 -122257.37  0.52%   217  235s
  4273  2314 -121991.11   83  472 -121621.00 -122257.37  0.52%   220  240s
  4524  2477 -121833.49  104  359 -121621.00 -122249.50  0.52%   218  249s
  4710  2685 -122243.81   27  558 -121621.00 -122248.55  0.52%   217  253s
  4960  2739 -122053.79   35  485 -121621.00 -122248.55  0.52%   216  256s
  5033  2914 -122163.77   48  474 -121621.00 -122248.55  0.52%   216  260s
H 5218  2916                    -121624.0000 -122248.55  0.51%   218  265s
  5467  3203 -122103.88   28  488 -121624.00 -122247.03  0.51%   218  273s
  5717  3393     cutoff   40      -121624.00 -122247.03  0.51%   215  278s
  5941  3540     cutoff   68      -121624.00 -122247.03  0.51%   217  282s
  6161  3712 -121987.71   85  478 -121624.00 -122247.03  0.51%   217  287s
  6349  3877 -121843.02  111  225 -121624.00 -122242.61  0.51%   219  292s
H 6544  3748                    -121649.0000 -122242.61  0.49%   219  292s
  6571  4048 -122104.63   48  524 -121649.00 -122242.59  0.49%   219  297s
  6983  4317 -122039.72   61  459 -121649.00 -122241.72  0.49%   216  303s
  7342  4557 -122140.90   27  482 -121649.00 -122240.17  0.49%   215  310s
  7747  4955 -121681.35   60  405 -121649.00 -122239.50  0.49%   215  324s
  8227  5387 -122215.07   30  554 -121649.00 -122238.12  0.48%   213  332s
  8721  5700 -122158.64   42  489 -121649.00 -122237.17  0.48%   211  339s
  9145  6131 -122120.58   40  528 -121649.00 -122235.77  0.48%   211  347s
  9657  6598 -122057.67   64  484 -121649.00 -122234.62  0.48%   211  362s
 10215  6599 -122033.45   47  527 -121649.00 -122233.93  0.48%   210  369s
 10217  6600 -121803.75   51  380 -121649.00 -122233.93  0.48%   210  373s
 10221  6603 -122146.76   55  466 -121649.00 -122233.93  0.48%   210  375s
 10236  6613 -122047.06   60  547 -121649.00 -122233.93  0.48%   209  382s
 10238  6614 -122173.22   34  545 -121649.00 -122233.93  0.48%   209  385s
 10239  6618 -122233.93   27  624 -121649.00 -122233.93  0.48%   213  403s
 10241  6620 -122233.93   28  618 -121649.00 -122233.93  0.48%   213  418s
 10245  6623 -122233.93   29  581 -121649.00 -122233.93  0.48%   213  422s
 10249  6624 -122233.93   29  576 -121649.00 -122233.93  0.48%   213  426s
 10257  6627 -121892.35   30  579 -121649.00 -122233.93  0.48%   213  430s
 10275  6632 -121930.55   32  605 -121649.00 -122233.93  0.48%   213  436s
 10305  6638     cutoff   36      -121649.00 -122233.93  0.48%   213  441s
 10318  6649 -122232.73   39  571 -121649.00 -122233.93  0.48%   213  445s
 10344  6663 -122226.71   42  628 -121649.00 -122233.93  0.48%   213  450s
 10396  6680 -122211.70   48  482 -121649.00 -122233.93  0.48%   214  455s
H10398  6347                    -121803.0000 -122233.93  0.35%   214  455s
 10445  6368 -122209.96   52  525 -121803.00 -122233.93  0.35%   214  460s
 10536  6395 -122112.04   67  464 -121803.00 -122233.93  0.35%   214  465s
 10616  6398 -121985.53   78  486 -121803.00 -122233.93  0.35%   215  470s
 10712  6424 -121976.60   92  465 -121803.00 -122233.93  0.35%   215  475s
 10832  6481     cutoff  106      -121803.00 -122233.93  0.35%   215  480s
 11002  6545 -121846.53  126  352 -121803.00 -122233.93  0.35%   216  487s
 11171  6621 -122190.65   53  512 -121803.00 -122233.93  0.35%   215  490s
 11485  6753 -122233.93   31  536 -121803.00 -122233.93  0.35%   215  496s
 11718  6817 -122225.84   38  579 -121803.00 -122233.93  0.35%   214  500s
 12012  7028 -122196.09   44  378 -121803.00 -122233.93  0.35%   215  507s
 12195  7055 -121889.30   86  349 -121803.00 -122233.93  0.35%   214  510s
 12430  7177 -121992.49   42  550 -121803.00 -122233.93  0.35%   215  515s
 12765  7261 -122047.41   59  373 -121803.00 -122233.93  0.35%   214  523s
 12860  7316 -122020.90   77  490 -121803.00 -122233.93  0.35%   215  527s
 13013  7335 -122233.93   42  564 -121803.00 -122233.93  0.35%   216  530s
 13342  7407 -121867.07   68  530 -121803.00 -122233.93  0.35%   218  538s
 13486  7500 -121829.36   82  531 -121803.00 -122233.93  0.35%   218  543s
 13701  7562 -121898.27   59  499 -121803.00 -122233.93  0.35%   218  547s
 13891  7655     cutoff   58      -121803.00 -122233.93  0.35%   218  551s
 14213  7612 -122108.59   66  497 -121803.00 -122233.93  0.35%   218  557s
 14369  7676 -121932.87   84  558 -121803.00 -122233.93  0.35%   219  561s
 14607  7804 -121885.70   73  458 -121803.00 -122233.93  0.35%   220  567s
 14889  7872 -121903.47   78  488 -121803.00 -122233.93  0.35%   220  572s
 15132  7964 -121897.87   81  511 -121803.00 -122233.93  0.35%   220  578s
 15407  8097 -122199.54   38  568 -121803.00 -122233.93  0.35%   221  583s
 15725  8022 -122005.59   40  536 -121803.00 -122231.04  0.35%   221  588s
 15808  8233 -122090.14   43  499 -121803.00 -122229.17  0.35%   221  595s
 16161  8311 -121878.49   67  472 -121803.00 -122225.61  0.35%   222  600s

Cutting planes:
  Gomory: 1
  Cover: 236
  Clique: 96
  MIR: 48
  StrongCG: 36
  Flow cover: 84

Explored 16420 nodes (3685236 simplex iterations) in 600.01 seconds (990.52 work units)
Thread count was 4 (of 56 available processors)

Solution count 10: -121803 -121649 -121624 ... -121403

Time limit reached
Best objective -1.218030000000e+05, best bound -1.222240000000e+05, gap 0.3456%
