
Gurobi 9.5.0 (linux64) logging started Sat Jun 18 17:31:16 2022

Set parameter LogFile to value "/local_workspace/chenrui/LogFiles/MKAP/new0U_R10_M10_N300_seed9_DWcutsCTp_600.log"
Gurobi Optimizer version 9.5.0 build v9.5.0rc5 (linux64)
Thread count: 56 physical cores, 56 logical processors, using up to 4 threads
Optimize a model with 510 rows, 3100 columns and 9300 nonzeros
Model fingerprint: 0xd178cccf
Variable types: 0 continuous, 3100 integer (3100 binary)
Coefficient statistics:
  Matrix range     [1e+00, 2e+04]
  Objective range  [1e+00, 1e+03]
  Bounds range     [1e+00, 1e+00]
  RHS range        [1e-05, 1e+00]
Found heuristic solution: objective 0.0000000
Presolve time: 0.02s
Presolved: 510 rows, 3100 columns, 9300 nonzeros
Variable types: 0 continuous, 3100 integer (3100 binary)
Found heuristic solution: objective -14990.00000

Root relaxation: objective -1.029050e+05, 3909 iterations, 0.07 seconds (0.07 work units)

    Nodes    |    Current Node    |     Objective Bounds      |     Work
 Expl Unexpl |  Obj  Depth IntInf | Incumbent    BestBd   Gap | It/Node Time

     0     0 -102905.02    0  156 -14990.000 -102905.02   586%     -    0s
H    0     0                    -77622.00000 -102905.02  32.6%     -    0s
H    0     0                    -77836.00000 -102905.02  32.2%     -    0s
H    0     0                    -83291.00000 -102905.02  23.5%     -    0s
H    0     0                    -97828.00000 -102905.02  5.19%     -    0s
     0     0 -102905.02    0  212 -97828.000 -102905.02  5.19%     -    0s
H    0     0                    -100733.0000 -102905.02  2.16%     -    0s
     0     0 -102905.02    0  188 -100733.00 -102905.02  2.16%     -    0s
H    0     0                    -101660.0000 -102905.02  1.22%     -    0s
H    0     0                    -101780.0000 -102905.02  1.11%     -    0s
H    0     0                    -102869.0001 -102905.02  0.04%     -    0s
H    0     0                    -102905.0000 -102905.02  0.00%     -    0s
     0     0 -102905.02    0  221 -102905.00 -102905.02  0.00%     -    0s

Cutting planes:
  Gomory: 1
  Cover: 86
  Clique: 811
  MIR: 25
  StrongCG: 36
  RLT: 1

Explored 1 nodes (5463 simplex iterations) in 0.38 seconds (0.30 work units)
Thread count was 4 (of 56 available processors)

Solution count 10: -102905 -102869 -101780 ... -14990
No other solutions better than -102905

Optimal solution found (tolerance 1.00e-04)
Best objective -1.029050000000e+05, best bound -1.029050000000e+05, gap 0.0000%
