
Gurobi 9.5.0 (linux64) logging started Tue Jun 21 03:59:20 2022

Set parameter LogFile to value "/local_workspace/chenrui/LogFiles/MKAP/new0U_R25_M40_N100_seed4_DWcutsCTp2_600.log"
Gurobi Optimizer version 9.5.0 build v9.5.0rc5 (linux64)
Thread count: 56 physical cores, 56 logical processors, using up to 4 threads
Optimize a model with 2902 rows, 5000 columns and 16862 nonzeros
Model fingerprint: 0x9de8e6c9
Variable types: 0 continuous, 5000 integer (5000 binary)
Coefficient statistics:
  Matrix range     [1e-13, 2e+03]
  Objective range  [1e+01, 1e+03]
  Bounds range     [1e+00, 1e+00]
  RHS range        [1e-05, 1e+00]
Warning: Model contains large matrix coefficient range
         Consider reformulating model or setting NumericFocus parameter
         to avoid numerical issues.
Found heuristic solution: objective 0.0000000
Presolve removed 1208 rows and 2268 columns
Presolve time: 0.04s
Presolved: 1694 rows, 2732 columns, 8461 nonzeros
Found heuristic solution: objective -21657.00000
Variable types: 0 continuous, 2732 integer (2732 binary)

Root relaxation: objective -3.792809e+04, 3476 iterations, 0.05 seconds (0.05 work units)

    Nodes    |    Current Node    |     Objective Bounds      |     Work
 Expl Unexpl |  Obj  Depth IntInf | Incumbent    BestBd   Gap | It/Node Time

     0     0 -37928.094    0  205 -21657.000 -37928.094  75.1%     -    0s
H    0     0                    -37561.00000 -37928.094  0.98%     -    0s
H    0     0                    -37589.00000 -37928.094  0.90%     -    0s
H    0     0                    -37800.00000 -37928.094  0.34%     -    0s
     0     0 -37928.063    0  138 -37800.000 -37928.063  0.34%     -    0s
     0     0 -37928.063    0  138 -37800.000 -37928.063  0.34%     -    0s
     0     0 -37928.000    0   15 -37800.000 -37928.000  0.34%     -    0s
H    0     0                    -37921.00005 -37928.000  0.02%     -    0s
     0     0          -    0      -37921.000 -37921.000  0.00%     -    0s

Cutting planes:
  Gomory: 5
  Clique: 1

Explored 1 nodes (5008 simplex iterations) in 0.35 seconds (0.23 work units)
Thread count was 4 (of 56 available processors)

Solution count 8: -37921 -37800 -37800 ... 0

Optimal solution found (tolerance 1.00e-04)
Best objective -3.792100000000e+04, best bound -3.792100000000e+04, gap 0.0000%
