
Gurobi 9.5.0 (linux64) logging started Sat Jun 18 18:38:11 2022

Set parameter LogFile to value "/local_workspace/chenrui/LogFiles/MKAP/new0U_R25_M10_N300_seed9_DWcutsCTp3_600.log"
Gurobi Optimizer version 9.5.0 build v9.5.0rc5 (linux64)
Thread count: 56 physical cores, 56 logical processors, using up to 4 threads
Optimize a model with 2560 rows, 3250 columns and 32165 nonzeros
Model fingerprint: 0x78be2db9
Variable types: 0 continuous, 3250 integer (3250 binary)
Coefficient statistics:
  Matrix range     [1e-13, 2e+04]
  Objective range  [1e+00, 1e+03]
  Bounds range     [1e+00, 1e+00]
  RHS range        [1e-05, 1e+00]
Warning: Model contains large matrix coefficient range
         Consider reformulating model or setting NumericFocus parameter
         to avoid numerical issues.
Found heuristic solution: objective 0.0000000
Presolve removed 32 rows and 0 columns
Presolve time: 0.11s
Presolved: 2528 rows, 3250 columns, 27795 nonzeros
Variable types: 0 continuous, 3250 integer (3250 binary)
Found heuristic solution: objective -6167.000000

Root relaxation: objective -5.715701e+04, 8402 iterations, 0.53 seconds (0.60 work units)

    Nodes    |    Current Node    |     Objective Bounds      |     Work
 Expl Unexpl |  Obj  Depth IntInf | Incumbent    BestBd   Gap | It/Node Time

     0     0 -57157.010    0  231 -6167.0000 -57157.010   827%     -    0s
H    0     0                    -44943.00000 -57157.010  27.2%     -    0s
H    0     0                    -51110.00001 -57157.010  11.8%     -    0s
H    0     0                    -57005.00000 -57157.010  0.27%     -    0s
     0     0 -57157.004    0  195 -57005.000 -57157.004  0.27%     -    0s
*    0     0               0    -57157.00005 -57157.000  0.00%     -    1s

Explored 1 nodes (11088 simplex iterations) in 1.11 seconds (1.14 work units)
Thread count was 4 (of 56 available processors)

Solution count 6: -57157 -57005 -51110 ... 0

Optimal solution found (tolerance 1.00e-04)
Best objective -5.715700000000e+04, best bound -5.715700008351e+04, gap 0.0000%
