
Gurobi 9.5.0 (linux64) logging started Tue May  3 13:19:57 2022

Set parameter LogFile to value "/local_workspace/chenrui/LogFiles/MKAP/new0U_R5_M20_N50_seed4_DWcutsCT4_600.log"
Gurobi Optimizer version 9.5.0 build v9.5.0rc5 (linux64)
Thread count: 56 physical cores, 56 logical processors, using up to 4 threads
Optimize a model with 579 rows, 1100 columns and 5982 nonzeros
Model fingerprint: 0x0f466245
Variable types: 0 continuous, 1100 integer (1100 binary)
Coefficient statistics:
  Matrix range     [1e-13, 4e+03]
  Objective range  [2e+01, 1e+03]
  Bounds range     [1e+00, 1e+00]
  RHS range        [2e-16, 1e+00]
Warning: Model contains large matrix coefficient range
         Consider reformulating model or setting NumericFocus parameter
         to avoid numerical issues.
Found heuristic solution: objective 0.0000000
Presolve removed 181 rows and 417 columns
Presolve time: 0.01s
Presolved: 398 rows, 683 columns, 3138 nonzeros
Found heuristic solution: objective -9297.000000
Variable types: 0 continuous, 683 integer (683 binary)

Root relaxation: objective -1.884633e+04, 956 iterations, 0.01 seconds (0.01 work units)

    Nodes    |    Current Node    |     Objective Bounds      |     Work
 Expl Unexpl |  Obj  Depth IntInf | Incumbent    BestBd   Gap | It/Node Time

     0     0 -18846.333    0   50 -9297.0000 -18846.333   103%     -    0s
H    0     0                    -18367.00000 -18846.333  2.61%     -    0s
H    0     0                    -18546.00000 -18846.333  1.62%     -    0s
H    0     0                    -18575.00000 -18846.333  1.46%     -    0s
     0     0 -18840.000    0   63 -18575.000 -18840.000  1.43%     -    0s
H    0     0                    -18747.00000 -18834.069  0.46%     -    0s
     0     0 -18830.943    0   67 -18747.000 -18830.943  0.45%     -    0s
     0     0 -18827.302    0   66 -18747.000 -18827.302  0.43%     -    0s
     0     0 -18827.302    0   50 -18747.000 -18827.302  0.43%     -    0s
     0     0 -18827.302    0   46 -18747.000 -18827.302  0.43%     -    0s
     0     0 -18827.302    0   71 -18747.000 -18827.302  0.43%     -    0s
     0     0 -18827.302    0   74 -18747.000 -18827.302  0.43%     -    0s
H    0     0                    -18786.00000 -18827.302  0.22%     -    0s
     0     0 -18827.302    0   74 -18786.000 -18827.302  0.22%     -    0s
     0     0 -18827.302    0   37 -18786.000 -18827.302  0.22%     -    0s
H    0     0                    -18794.00000 -18827.302  0.18%     -    0s
     0     0 -18827.302    0   47 -18794.000 -18827.302  0.18%     -    0s
     0     0 -18815.000    0   54 -18794.000 -18815.000  0.11%     -    0s

Cutting planes:
  Gomory: 4
  Cover: 2
  MIR: 1
  Inf proof: 1
  Zero half: 1

Explored 1 nodes (2339 simplex iterations) in 0.25 seconds (0.16 work units)
Thread count was 4 (of 56 available processors)

Solution count 8: -18794 -18786 -18747 ... 0
No other solutions better than -18794

Optimal solution found (tolerance 1.00e-04)
Best objective -1.879400000000e+04, best bound -1.879400000000e+04, gap 0.0000%
