
Gurobi 9.5.0 (linux64) logging started Tue May  3 22:48:24 2022

Set parameter LogFile to value "/local_workspace/chenrui/LogFiles/MKAP/new0U_R25_M20_N50_seed2_original_600.log"
Gurobi Optimizer version 9.5.0 build v9.5.0rc5 (linux64)
Thread count: 56 physical cores, 56 logical processors, using up to 4 threads
Optimize a model with 570 rows, 1500 columns and 3000 nonzeros
Model fingerprint: 0xaa14b060
Variable types: 0 continuous, 1500 integer (1500 binary)
Coefficient statistics:
  Matrix range     [1e+00, 1e+03]
  Objective range  [4e+01, 1e+03]
  Bounds range     [1e+00, 1e+00]
  RHS range        [1e+00, 1e+00]
Found heuristic solution: objective 0.0000000
Presolve removed 400 rows and 763 columns
Presolve time: 0.01s
Presolved: 170 rows, 737 columns, 1474 nonzeros
Variable types: 0 continuous, 737 integer (737 binary)
Found heuristic solution: objective -14442.00000

Root relaxation: objective -1.868068e+04, 447 iterations, 0.00 seconds (0.00 work units)

    Nodes    |    Current Node    |     Objective Bounds      |     Work
 Expl Unexpl |  Obj  Depth IntInf | Incumbent    BestBd   Gap | It/Node Time

     0     0 -18680.678    0   12 -14442.000 -18680.678  29.3%     -    0s
H    0     0                    -17083.00000 -18680.678  9.35%     -    0s
H    0     0                    -17128.00000 -18680.678  9.07%     -    0s
H    0     0                    -17408.00000 -18680.678  7.31%     -    0s
H    0     0                    -17781.00000 -18680.678  5.06%     -    0s
H    0     0                    -18283.00000 -18680.678  2.18%     -    0s
     0     0 -18540.886    0   39 -18283.000 -18540.886  1.41%     -    0s
     0     0 -18419.157    0   38 -18283.000 -18419.157  0.74%     -    0s
     0     0 -18331.655    0   12 -18283.000 -18331.655  0.27%     -    0s
     0     0     cutoff    0      -18283.000 -18283.000  0.00%     -    0s

Explored 1 nodes (803 simplex iterations) in 0.06 seconds (0.04 work units)
Thread count was 4 (of 56 available processors)

Solution count 8: -18283 -17781 -17408 ... 0
No other solutions better than -18283

Optimal solution found (tolerance 1.00e-04)
Best objective -1.828300000000e+04, best bound -1.828300000000e+04, gap 0.0000%
