
Gurobi 9.5.0 (linux64) logging started Mon Jun 20 09:21:18 2022

Set parameter LogFile to value "/local_workspace/chenrui/LogFiles/MKAP/new0U_R5_M20_N50_seed9_DWcutsCTp2_600.log"
Gurobi Optimizer version 9.5.0 build v9.5.0rc5 (linux64)
Thread count: 56 physical cores, 56 logical processors, using up to 4 threads
Optimize a model with 492 rows, 1100 columns and 4797 nonzeros
Model fingerprint: 0x5ab2efdf
Variable types: 0 continuous, 1100 integer (1100 binary)
Coefficient statistics:
  Matrix range     [1e-13, 2e+03]
  Objective range  [9e+00, 1e+03]
  Bounds range     [1e+00, 1e+00]
  RHS range        [1e-05, 1e+00]
Warning: Model contains large matrix coefficient range
         Consider reformulating model or setting NumericFocus parameter
         to avoid numerical issues.
Found heuristic solution: objective 0.0000000
Presolve removed 67 rows and 399 columns
Presolve time: 0.01s
Presolved: 425 rows, 701 columns, 3191 nonzeros
Found heuristic solution: objective -9452.000000
Variable types: 0 continuous, 701 integer (701 binary)

Root relaxation: objective -1.873440e+04, 1179 iterations, 0.02 seconds (0.02 work units)

    Nodes    |    Current Node    |     Objective Bounds      |     Work
 Expl Unexpl |  Obj  Depth IntInf | Incumbent    BestBd   Gap | It/Node Time

     0     0 -18734.397    0  157 -9452.0000 -18734.397  98.2%     -    0s
H    0     0                    -18580.00000 -18734.397  0.83%     -    0s
H    0     0                    -18608.00000 -18734.397  0.68%     -    0s
H    0     0                    -18692.00000 -18734.397  0.23%     -    0s
     0     0 -18734.397    0  147 -18692.000 -18734.397  0.23%     -    0s
     0     0 -18734.373    0  128 -18692.000 -18734.373  0.23%     -    0s
     0     0 -18734.373    0  124 -18692.000 -18734.373  0.23%     -    0s
     0     0 -18734.369    0  124 -18692.000 -18734.369  0.23%     -    0s
     0     0 -18734.369    0  128 -18692.000 -18734.369  0.23%     -    0s
     0     0 -18734.369    0  123 -18692.000 -18734.369  0.23%     -    0s
     0     0 -18734.367    0  123 -18692.000 -18734.367  0.23%     -    0s
     0     2 -18734.367    0  123 -18692.000 -18734.367  0.23%     -    0s
H    8     7                    -18733.00001 -18734.365  0.01%  75.2    0s

Cutting planes:
  Cover: 4
  Clique: 1
  MIR: 2
  StrongCG: 1

Explored 10 nodes (4006 simplex iterations) in 0.24 seconds (0.15 work units)
Thread count was 4 (of 56 available processors)

Solution count 7: -18733 -18692 -18608 ... 0

Optimal solution found (tolerance 1.00e-04)
Best objective -1.873300000000e+04, best bound -1.873300000000e+04, gap 0.0000%
