
Gurobi 9.5.0 (linux64) logging started Sat Apr 30 10:14:21 2022

Set parameter LogFile to value "/local_workspace/chenrui/LogFiles/MKAP/new0U_R25_M30_N300_seed4_DWcutsCT3_600.log"
Gurobi Optimizer version 9.5.0 build v9.5.0rc5 (linux64)
Thread count: 56 physical cores, 56 logical processors, using up to 4 threads
Optimize a model with 6403 rows, 9750 columns and 86285 nonzeros
Model fingerprint: 0xfda30cae
Variable types: 0 continuous, 9750 integer (9750 binary)
Coefficient statistics:
  Matrix range     [1e-13, 5e+03]
  Objective range  [2e+00, 1e+03]
  Bounds range     [1e+00, 1e+00]
  RHS range        [1e-16, 1e+00]
Warning: Model contains large matrix coefficient range
         Consider reformulating model or setting NumericFocus parameter
         to avoid numerical issues.
Found heuristic solution: objective 0.0000000
Presolve removed 323 rows and 796 columns
Presolve time: 0.26s
Presolved: 6080 rows, 8954 columns, 79081 nonzeros
Found heuristic solution: objective -7381.000000
Variable types: 0 continuous, 8954 integer (8954 binary)

Root simplex log...

Iteration    Objective       Primal Inf.    Dual Inf.      Time
   26497   -1.2327393e+05   8.286203e+03   0.000000e+00      5s
   28966   -1.2327232e+05   0.000000e+00   0.000000e+00      6s

Root relaxation: objective -1.232723e+05, 28966 iterations, 5.70 seconds (6.09 work units)

    Nodes    |    Current Node    |     Objective Bounds      |     Work
 Expl Unexpl |  Obj  Depth IntInf | Incumbent    BestBd   Gap | It/Node Time

     0     0 -123272.32    0  530 -7381.0000 -123272.32  1570%     -    6s
H    0     0                    -99608.00000 -123272.32  23.8%     -    6s
H    0     0                    -108115.0000 -123272.32  14.0%     -    6s
H    0     0                    -113266.0000 -123272.32  8.83%     -    6s
H    0     0                    -120848.0000 -123272.32  2.01%     -    7s
     0     0 -123272.32    0  612 -120848.00 -123272.32  2.01%     -    7s
H    0     0                    -122538.0000 -123272.32  0.60%     -    8s
     0     0 -123272.32    0  569 -122538.00 -123272.32  0.60%     -    8s
     0     0 -123272.32    0  588 -122538.00 -123272.32  0.60%     -    9s
     0     0 -123272.32    0  509 -122538.00 -123272.32  0.60%     -    9s
     0     0 -123272.32    0  551 -122538.00 -123272.32  0.60%     -   10s
     0     0 -123272.32    0  546 -122538.00 -123272.32  0.60%     -   10s
     0     0 -123272.32    0  523 -122538.00 -123272.32  0.60%     -   10s
     0     0 -123272.32    0  511 -122538.00 -123272.32  0.60%     -   10s
     0     0 -123272.32    0  470 -122538.00 -123272.32  0.60%     -   11s
     0     0 -123272.32    0  563 -122538.00 -123272.32  0.60%     -   11s
     0     0 -123272.32    0  521 -122538.00 -123272.32  0.60%     -   11s
     0     0 -123272.32    0  505 -122538.00 -123272.32  0.60%     -   16s
     0     2 -123272.32    0  505 -122538.00 -123272.32  0.60%     -   18s
     1     4 -123272.32    1  564 -122538.00 -123272.32  0.60%   448   23s
     7    10 -123272.32    3  607 -122538.00 -123272.32  0.60%   519   27s
    15    18 -123269.15    5  678 -122538.00 -123272.32  0.60%   633   32s
H   28    30                    -122574.0000 -123272.32  0.57%   482   37s
    42    65 -123271.58   10  697 -122574.00 -123272.32  0.57%   408   40s
   108   137 -123269.63   22  697 -122574.00 -123272.32  0.57%   270   46s
H  140   137                    -122609.0000 -123272.32  0.54%   227   46s
   152   199 -123265.46   28  685 -122609.00 -123272.32  0.54%   218   53s
   216   309 -123254.56   49  549 -122609.00 -123272.32  0.54%   220   57s
   335   420 -123246.21   61  607 -122609.00 -123272.32  0.54%   188   62s
   456   493 -123196.98   77  569 -122609.00 -123272.32  0.54%   182   68s
   539   625 -123166.33   91  541 -122609.00 -123272.32  0.54%   190   73s
   683   787 -123104.95  120  559 -122609.00 -123272.32  0.54%   197   78s
   859   928 -123004.89  157  496 -122609.00 -123272.32  0.54%   187   83s
H  920   923                    -122722.0000 -123272.32  0.45%   185   83s
  1012  1071 -122950.43  194  453 -122722.00 -123272.30  0.45%   182   89s
  1236  1146 -123259.94   17  607 -122722.00 -123272.30  0.45%   170   95s
  1352  1272 -123226.90   30  532 -122722.00 -123272.30  0.45%   170  100s
  1497  1555 -123173.00   59  417 -122722.00 -123272.30  0.45%   170  105s
  1865  1556 -123031.56  240  505 -122722.00 -123272.30  0.45%   161  112s
  1867  1557 -122937.22  214  497 -122722.00 -123272.30  0.45%   161  118s
  1872  1561 -123067.70   76  548 -122722.00 -123272.15  0.45%   160  120s
  1884  1569 -123137.60   84  524 -122722.00 -123272.09  0.45%   159  127s
  1886  1570 -122915.61  188  524 -122722.00 -123272.09  0.45%   159  137s
  1887  1574 -123272.09   13  668 -122722.00 -123272.09  0.45%   180  158s
  1889  1577 -123272.09   14  674 -122722.00 -123272.09  0.45%   180  163s
  1897  1582 -123272.00   15  671 -122722.00 -123272.09  0.45%   181  165s
  1918  1599 -123272.09   18  710 -122722.00 -123272.09  0.45%   182  170s
  1959  1653 -123263.72   23  684 -122722.00 -123272.09  0.45%   184  176s
  2034  1717 -123270.54   33  566 -122722.00 -123272.09  0.45%   187  184s
  2097  1729 -123235.84   40  630 -122722.00 -123272.09  0.45%   192  189s
H 2144  1634                    -122762.0000 -123272.09  0.42%   194  189s
  2145  1685 -123261.64   45  592 -122762.00 -123272.09  0.42%   194  193s
  2235  1713 -123249.38   55  604 -122762.00 -123272.09  0.42%   196  196s
  2431  1780 -123240.95   75  547 -122762.00 -123272.09  0.42%   200  202s
  2515  1839 -123232.71   85  476 -122762.00 -123272.09  0.42%   200  206s
  2774  1900 -123170.35  123  454 -122762.00 -123272.09  0.42%   199  214s
H 2792  1791                    -122811.0000 -123272.09  0.38%   200  214s
  2833  1892 -123160.68  132  531 -122811.00 -123272.09  0.38%   200  218s
  2981  1902 -123112.87  146  464 -122811.00 -123272.09  0.38%   200  223s
  3047  1960 -123036.45  148  484 -122811.00 -123272.09  0.38%   199  230s
  3144  2150 -123109.73  151  421 -122811.00 -123272.09  0.38%   198  235s
  3799  2274 -122970.55  220  352 -122811.00 -123272.09  0.38%   187  242s
  3959  2453 -122917.46  237  369 -122811.00 -123272.09  0.38%   185  246s
  4284  2680 -123241.64   41  556 -122811.00 -123272.01  0.38%   180  250s
  4902  2657 -123258.45   19  570 -122811.00 -123271.90  0.38%   173  261s
  4954  2738 -123251.25   30  521 -122811.00 -123271.90  0.38%   173  265s
  5099  2922 -123162.03   39  520 -122811.00 -123271.90  0.38%   174  270s
  5776  2908 -122840.22   55  495 -122811.00 -123271.57  0.38%   172  282s
  5845  3084 -122987.41   33  562 -122811.00 -123271.40  0.37%   172  294s
  6170  3295 -123234.04   41  422 -122811.00 -123271.40  0.37%   170  305s
H 6265  3271                    -122823.0000 -123271.40  0.37%   169  305s
  6500  3551 -123088.14  137  349 -122823.00 -123271.38  0.37%   168  312s
  6958  3720 -123263.49   27  673 -122823.00 -123271.06  0.36%   166  320s
  7293  3853 -123195.70   67  528 -122823.00 -123271.06  0.36%   166  328s
  7585  4350     cutoff  101      -122823.00 -123271.06  0.36%   165  335s
  8328  4419 -122919.58  161  317 -122823.00 -123271.06  0.36%   163  346s
  8448  4809 -122895.25  203  230 -122823.00 -123270.95  0.36%   163  355s
  8987  5399 -123258.21   37  579 -122823.00 -123270.32  0.36%   161  363s
  9672  5847 -122941.47  148  401 -122823.00 -123270.04  0.36%   159  373s
 10271  5848 -123132.30   90  505 -122823.00 -123270.02  0.36%   158  380s
 10273  5849 -123019.45   44  549 -122823.00 -123270.02  0.36%   158  385s
 10290  5861 -123217.50   78  506 -122823.00 -123270.02  0.36%   157  393s
 10292  5862 -123252.21   53  505 -122823.00 -123270.01  0.36%   157  411s
 10293  5866 -123270.01   25  501 -122823.00 -123270.01  0.36%   161  428s
 10295  5868 -123270.01   26  476 -122823.00 -123270.01  0.36%   161  444s
 10299  5871 -123270.01   27  542 -122823.00 -123270.01  0.36%   161  447s
 10303  5873 -123263.73   27  495 -122823.00 -123270.01  0.36%   161  452s
 10311  5875 -123256.58   28  498 -122823.00 -123270.01  0.36%   161  455s
 10325  5882 -123268.79   30  650 -122823.00 -123270.01  0.36%   162  460s
 10341  5885 -123266.02   31  545 -122823.00 -123268.17  0.36%   162  466s
 10352  5885 -123150.56   32  607 -122823.00 -123268.13  0.36%   163  470s
 10370  5893 -123267.84   34  642 -122823.00 -123267.84  0.36%   163  475s
 10400  5887 -123263.93   38  639 -122823.00 -123267.59  0.36%   163  480s
 10418  5908 -123259.39   41  529 -122823.00 -123267.59  0.36%   164  486s
 10460  5946     cutoff   47      -122823.00 -123267.59  0.36%   165  491s
 10495  5941 -123221.00   51  614 -122823.00 -123267.59  0.36%   166  495s
 10544  5985 -123220.39   57  546 -122823.00 -123267.59  0.36%   166  500s
 10625  6036 -123219.25   65  514 -122823.00 -123267.59  0.36%   168  505s
 10719  6094 -123212.80   76  520 -122823.00 -123267.59  0.36%   169  510s
 10823  6159 -123197.34   89  508 -122823.00 -123267.59  0.36%   171  516s
 10946  6203 -123190.78  106  499 -122823.00 -123267.59  0.36%   172  520s
 11019  6264 -123186.06  114  573 -122823.00 -123267.59  0.36%   173  527s
 11092  6332 -123184.65  125  566 -122823.00 -123267.59  0.36%   174  530s
 11325  6355 -123163.95  152  448 -122823.00 -123267.59  0.36%   176  541s
 11452  6523 -123161.09  165  463 -122823.00 -123267.59  0.36%   177  547s
 11611  6541 -123014.47  182  346 -122823.00 -123267.59  0.36%   178  550s
 11919  6720 -122997.30  203  336 -122823.00 -123267.59  0.36%   179  556s
 12363  6862     cutoff  264      -122823.00 -123266.57  0.36%   178  562s
 12603  6988 -123200.54   66  481 -122823.00 -123266.34  0.36%   177  566s
 12898  7076 -123206.10   52  475 -122823.00 -123266.34  0.36%   177  570s
 13439  7305 -122930.89  213  192 -122823.00 -123264.54  0.36%   176  577s
 13684  7481 -122921.94   77  489 -122823.00 -123260.82  0.36%   176  586s
 14009  7667 -123103.29   35  536 -122823.00 -123260.27  0.36%   175  590s
 14420  7667 -122897.97  118  376 -122823.00 -123258.41  0.35%   175  595s
H14461  7032                    -122877.0000 -123258.41  0.31%   175  595s
 14655  6973     cutoff   33      -122877.00 -123255.70  0.31%   175  600s

Cutting planes:
  Cover: 69
  Clique: 62
  MIR: 3
  StrongCG: 4

Explored 14898 nodes (2656436 simplex iterations) in 600.01 seconds (1058.89 work units)
Thread count was 4 (of 56 available processors)

Solution count 10: -122877 -122823 -122811 ... -113266

Time limit reached
Best objective -1.228770000000e+05, best bound -1.232550000000e+05, gap 0.3076%
