
Gurobi 9.5.0 (linux64) logging started Tue May  3 18:53:32 2022

Set parameter LogFile to value "/local_workspace/chenrui/LogFiles/MKAP/new0U_R25_M30_N200_seed5_DWcutsCT3_600.log"
Gurobi Optimizer version 9.5.0 build v9.5.0rc5 (linux64)
Thread count: 56 physical cores, 56 logical processors, using up to 4 threads
Optimize a model with 5744 rows, 6750 columns and 52328 nonzeros
Model fingerprint: 0xd6495d1b
Variable types: 0 continuous, 6750 integer (6750 binary)
Coefficient statistics:
  Matrix range     [1e-13, 4e+03]
  Objective range  [4e+00, 1e+03]
  Bounds range     [1e+00, 1e+00]
  RHS range        [2e-16, 1e+00]
Warning: Model contains large matrix coefficient range
         Consider reformulating model or setting NumericFocus parameter
         to avoid numerical issues.
Found heuristic solution: objective 0.0000000
Presolve removed 828 rows and 523 columns
Presolve time: 0.12s
Presolved: 4916 rows, 6227 columns, 41490 nonzeros
Found heuristic solution: objective -8851.000000
Variable types: 0 continuous, 6227 integer (6227 binary)

Root relaxation: objective -8.204434e+04, 15602 iterations, 1.40 seconds (1.34 work units)

    Nodes    |    Current Node    |     Objective Bounds      |     Work
 Expl Unexpl |  Obj  Depth IntInf | Incumbent    BestBd   Gap | It/Node Time

     0     0 -82044.340    0  297 -8851.0000 -82044.340   827%     -    1s
H    0     0                    -73487.00000 -82044.340  11.6%     -    1s
H    0     0                    -78624.00000 -82044.340  4.35%     -    1s
H    0     0                    -79739.00000 -82044.340  2.89%     -    1s
H    0     0                    -79925.00000 -82044.340  2.65%     -    1s
     0     0 -82001.045    0  344 -79925.000 -82001.045  2.60%     -    2s
H    0     0                    -80567.00000 -82001.045  1.78%     -    2s
H    0     0                    -80863.00000 -82001.045  1.41%     -    2s
     0     0 -81993.738    0  381 -80863.000 -81993.738  1.40%     -    3s
     0     0 -81993.738    0  383 -80863.000 -81993.738  1.40%     -    3s
     0     0 -81993.738    0  383 -80863.000 -81993.738  1.40%     -    3s
     0     0 -81987.625    0  387 -80863.000 -81987.625  1.39%     -    3s
H    0     0                    -80934.00000 -81987.625  1.30%     -    3s
     0     0 -81986.563    0  382 -80934.000 -81986.563  1.30%     -    3s
     0     0 -81986.495    0  394 -80934.000 -81986.495  1.30%     -    3s
     0     0 -81984.711    0  387 -80934.000 -81984.711  1.30%     -    4s
     0     0 -81984.683    0  362 -80934.000 -81984.683  1.30%     -    4s
     0     0 -81984.352    0  412 -80934.000 -81984.352  1.30%     -    4s
     0     0 -81983.136    0  425 -80934.000 -81983.136  1.30%     -    4s
     0     0 -81983.103    0  436 -80934.000 -81983.103  1.30%     -    4s
     0     0 -81983.103    0  437 -80934.000 -81983.103  1.30%     -    4s
     0     0 -81981.787    0  428 -80934.000 -81981.787  1.29%     -    4s
     0     0 -81981.564    0  373 -80934.000 -81981.564  1.29%     -    4s
     0     0 -81981.549    0  378 -80934.000 -81981.549  1.29%     -    4s
     0     0 -81981.536    0  378 -80934.000 -81981.536  1.29%     -    4s
     0     0 -81981.028    0  391 -80934.000 -81981.028  1.29%     -    4s
     0     0 -81980.856    0  372 -80934.000 -81980.856  1.29%     -    4s
     0     0 -81980.771    0  392 -80934.000 -81980.771  1.29%     -    4s
     0     0 -81980.633    0  407 -80934.000 -81980.633  1.29%     -    4s
     0     0 -81980.633    0  395 -80934.000 -81980.633  1.29%     -    7s
H    0     2                    -80959.00000 -81980.633  1.26%     -    7s
     0     2 -81980.633    0  389 -80959.000 -81980.633  1.26%     -    7s
     7    12 -81964.049    3  366 -80959.000 -81966.871  1.24%   236   10s
H   27    32                    -81086.00000 -81966.347  1.09%   241   12s
H   28    32                    -81223.00000 -81966.347  0.92%   237   12s
H   29    32                    -81225.00000 -81966.347  0.91%   242   12s
    53    63 -81903.520   14  345 -81225.000 -81966.347  0.91%   218   15s
H   62    68                    -81341.00000 -81966.347  0.77%   207   15s
   193   198 -81816.991   41  336 -81341.000 -81966.347  0.77%   169   20s
   390   394 -81720.729   72  219 -81341.000 -81966.347  0.77%   132   25s
H  567   506                    -81378.00000 -81966.347  0.72%   115   26s
   945   830 -81835.429   28  338 -81378.000 -81963.078  0.72%   101   30s
  1033   853 -81448.142  190  259 -81378.000 -81963.078  0.72%   102   35s
H 1033   810                    -81399.00000 -81963.078  0.69%   102   36s
  1049   821 -81863.141   15  376 -81399.000 -81962.475  0.69%   101   40s
  1067   833 -81889.381    7  386 -81399.000 -81947.407  0.67%  99.1   46s
  1070   838 -81946.832   11  411 -81399.000 -81946.832  0.67%   120   56s
  1092   850 -81941.964   15  353 -81399.000 -81941.964  0.67%   124   60s
  1200   899 -81868.344   27  297 -81399.000 -81938.924  0.66%   131   65s
  1393   967 -81638.164   44  176 -81399.000 -81938.924  0.66%   140   70s
H 1599   969                    -81416.00000 -81938.924  0.64%   141   74s
  1607  1004     cutoff   58      -81416.000 -81938.924  0.64%   141   75s
  2179  1166 -81891.277   20  367 -81416.000 -81936.936  0.64%   137   80s
  2693  1424 -81433.082   62  235 -81416.000 -81928.114  0.63%   135   85s
  3273  1629 -81705.932   32  195 -81416.000 -81922.092  0.62%   138   90s
  4033  2089 -81633.242   29  253 -81416.000 -81916.012  0.61%   139   96s
  4557  2542 -81790.404   64  241 -81416.000 -81913.758  0.61%   138  100s
  5222  2904 -81503.466   38  184 -81416.000 -81907.992  0.60%   139  106s
  5982  3447 -81726.322   50  289 -81416.000 -81907.273  0.60%   137  111s
  6374  3719 -81823.414   35  264 -81416.000 -81903.495  0.60%   136  115s
  6766  4008 -81714.181   52  298 -81416.000 -81902.133  0.60%   138  120s
  7631  4679 -81813.629   55  309 -81416.000 -81899.958  0.59%   137  127s
  7990  5043 -81872.820   26  227 -81416.000 -81899.635  0.59%   136  130s
  8787  5460 -81581.263   57  151 -81416.000 -81899.215  0.59%   135  138s
  9097  5714 -81830.122   32  288 -81416.000 -81898.263  0.59%   135  141s
  9415  6095 -81822.915   43  290 -81416.000 -81897.102  0.59%   134  145s
 10310  6807 -81707.041   31  338 -81416.000 -81895.251  0.59%   134  154s
 10770  6942 -81529.339   83  201 -81416.000 -81894.287  0.59%   135  159s
 10982  7616 -81683.621   49  274 -81416.000 -81893.176  0.59%   135  165s
 11802  8066 -81784.132   56  212 -81416.000 -81891.041  0.58%   134  170s
 13096  9057 -81427.727   43  168 -81416.000 -81887.939  0.58%   135  178s
 13770  9249 infeasible   80      -81416.000 -81886.815  0.58%   134  182s
 14022  9824 -81776.261   36  319 -81416.000 -81886.503  0.58%   134  186s
 14723  9957 -81648.105   25  206 -81416.000 -81885.365  0.58%   134  190s
 14864 10342 -81560.461   58  213 -81416.000 -81885.202  0.58%   134  195s
 15977 11009 -81786.914   36  336 -81416.000 -81882.887  0.57%   134  203s
 16248 11456 -81594.803   73  376 -81416.000 -81882.770  0.57%   134  207s
 16906 11986 -81834.917   30  325 -81416.000 -81881.783  0.57%   134  211s
 17596 12356 -81585.111   70  242 -81416.000 -81880.750  0.57%   133  215s
 18726 13257 -81444.120  121  193 -81416.000 -81879.371  0.57%   133  223s
 19283 13716 -81610.509   48  233 -81416.000 -81878.895  0.57%   133  227s
 19900 14116 -81586.654   81  247 -81416.000 -81878.041  0.57%   133  231s
 20393 14540 -81739.537   52  270 -81416.000 -81877.404  0.57%   133  235s
 20902 14541 -81749.000   33  395 -81416.000 -81876.630  0.57%   133  264s
 20904 14542 -81581.748  153  280 -81416.000 -81876.630  0.57%   133  266s
 20919 14552 -81585.382   97  408 -81416.000 -81876.630  0.57%   133  271s
 20926 14557 -81556.156   42  381 -81416.000 -81876.630  0.57%   133  275s
 20930 14560 -81524.232  119  390 -81416.000 -81876.630  0.57%   133  280s
 20934 14562 -81767.644   42  389 -81416.000 -81876.630  0.57%   133  285s
 20939 14566 -81533.249   30  359 -81416.000 -81876.630  0.57%   133  290s
 20942 14568 -81468.390  101  352 -81416.000 -81876.630  0.57%   133  295s
 20946 14570 -81541.475   58  397 -81416.000 -81876.630  0.57%   133  301s
 20952 14574 -81557.848  108  388 -81416.000 -81876.630  0.57%   133  307s
 20954 14576 -81849.053   29  375 -81416.000 -81876.630  0.57%   133  317s
 20955 14579 -81876.630   26  427 -81416.000 -81876.630  0.57%   134  327s
 20957 14583 -81876.630   27  381 -81416.000 -81876.630  0.57%   134  335s
 20961 14584 -81876.630   28  388 -81416.000 -81876.630  0.57%   134  341s
 20965 14586 -81851.373   28  414 -81416.000 -81876.630  0.57%   134  345s
 20977 14588 -81876.630   30  374 -81416.000 -81876.630  0.57%   134  350s
 21001 14597 -81876.630   32  376 -81416.000 -81876.630  0.57%   135  355s
 21040 14622 -81847.134   35  316 -81416.000 -81876.630  0.57%   135  360s
 21112 14645 -81825.558   40  310 -81416.000 -81876.630  0.57%   135  365s
 21216 14658     cutoff   60      -81416.000 -81876.630  0.57%   135  371s
 21295 14679     cutoff   73      -81416.000 -81876.630  0.57%   135  375s
 21487 14750 -81675.408   90  229 -81416.000 -81876.630  0.57%   135  380s
 21685 14825 -81430.404  114  139 -81416.000 -81876.630  0.57%   135  385s
 22119 15021 -81486.391   95  210 -81416.000 -81876.630  0.57%   135  390s
 22643 15335 -81863.771   35  305 -81416.000 -81876.630  0.57%   134  396s
 23171 15547 -81608.232  100  204 -81416.000 -81876.630  0.57%   134  400s
 23531 15691 -81849.636   37  369 -81416.000 -81876.630  0.57%   134  405s
 24155 15914 -81744.381   44  326 -81416.000 -81876.630  0.57%   133  411s
 24576 15925 -81800.386   34  377 -81416.000 -81876.630  0.57%   133  416s
 24873 16153 -81706.263   35  351 -81416.000 -81875.059  0.56%   133  420s
 25289 16210 -81759.491   57  379 -81416.000 -81874.567  0.56%   134  425s
 25855 16456 -81837.841   42  402 -81416.000 -81872.687  0.56%   134  430s
 26488 16745 -81814.775   51  328 -81416.000 -81870.173  0.56%   133  437s
 26740 16968 -81561.573  114  159 -81416.000 -81869.610  0.56%   133  440s
 27495 17316 -81632.105   84  207 -81416.000 -81866.125  0.55%   133  446s
 27953 17424 -81501.249   82  272 -81416.000 -81864.128  0.55%   132  450s
 28873 17750 -81768.210   44  225 -81416.000 -81861.389  0.55%   132  457s
 29325 17973 -81643.194   48  211 -81416.000 -81860.345  0.55%   132  461s
 29858 18086 -81578.056   56  220 -81416.000 -81858.837  0.54%   132  465s
 30874 18589 -81738.573   43  244 -81416.000 -81855.542  0.54%   132  473s
 31570 19025 -81804.061   41  307 -81416.000 -81854.121  0.54%   132  480s
 32901 19143 -81451.876   89  319 -81416.000 -81851.654  0.54%   131  486s
 33316 19363 -81421.502  128  226 -81416.000 -81850.824  0.53%   131  490s
 34381 19734 -81714.211   51  361 -81416.000 -81848.596  0.53%   131  496s
 34852 19809 -81627.439   61  362 -81416.000 -81847.494  0.53%   131  500s
 35692 20114 -81725.554   51  375 -81416.000 -81846.285  0.53%   131  506s
 36213 20236 -81554.574   43  384 -81416.000 -81845.643  0.53%   131  510s
 37252 20545 -81737.592   39  352 -81416.000 -81841.900  0.52%   130  517s
 37738 20606 -81751.946   48  266 -81416.000 -81841.397  0.52%   130  520s
 38491 20865 -81703.615   67  301 -81416.000 -81840.254  0.52%   131  527s
 38876 21058 -81601.111   66  311 -81416.000 -81838.854  0.52%   131  531s
 39340 21209 -81787.503   51  353 -81416.000 -81838.331  0.52%   131  535s
 40387 21473 -81711.586   39  269 -81416.000 -81836.960  0.52%   131  542s
 40748 21644 -81449.985   95  207 -81416.000 -81836.155  0.52%   131  546s
 41308 21910 -81592.883   80  210 -81416.000 -81834.208  0.51%   131  551s
 41930 22163 -81587.506   60  332 -81416.000 -81833.855  0.51%   130  556s
 42732 22261 -81739.061   49  287 -81416.000 -81832.380  0.51%   130  560s
 43800 22628 -81581.376   63  275 -81416.000 -81831.260  0.51%   130  569s
 44312 22793 -81729.506   45  394 -81416.000 -81829.958  0.51%   130  573s
 44902 23019 -81508.193   86  332 -81416.000 -81829.403  0.51%   131  577s
H45020 21118                    -81453.00000 -81829.403  0.46%   131  577s
 45495 21112 -81702.546   64  342 -81453.000 -81829.170  0.46%   130  582s
H45553 19397                    -81473.00000 -81829.049  0.44%   130  582s
 45802 19696 -81726.223   49  312 -81473.000 -81828.673  0.44%   131  586s
 46356 19850 -81564.537   62  162 -81473.000 -81827.911  0.44%   131  591s
 46845 20055 -81747.971   53  273 -81473.000 -81827.616  0.44%   131  595s
 47375 20324 -81773.098   44  294 -81473.000 -81827.241  0.43%   131  600s

Cutting planes:
  Gomory: 43
  Cover: 233
  Clique: 46
  MIR: 97
  StrongCG: 30
  Flow cover: 156
  GUB cover: 2
  Zero half: 23
  RLT: 2

Explored 47918 nodes (6310346 simplex iterations) in 600.01 seconds (995.00 work units)
Thread count was 4 (of 56 available processors)

Solution count 10: -81473 -81453 -81416 ... -80959

Time limit reached
Best objective -8.147300000000e+04, best bound -8.182700000000e+04, gap 0.4345%
