
Gurobi 9.5.0 (linux64) logging started Mon Jun 20 09:21:19 2022

Set parameter LogFile to value "/local_workspace/chenrui/LogFiles/MKAP/new0U_R5_M20_N50_seed9_DWcutsCTp4_600.log"
Gurobi Optimizer version 9.5.0 build v9.5.0rc5 (linux64)
Thread count: 56 physical cores, 56 logical processors, using up to 4 threads
Optimize a model with 771 rows, 1100 columns and 6660 nonzeros
Model fingerprint: 0x309fa543
Variable types: 0 continuous, 1100 integer (1100 binary)
Coefficient statistics:
  Matrix range     [1e-13, 2e+03]
  Objective range  [9e+00, 1e+03]
  Bounds range     [1e+00, 1e+00]
  RHS range        [1e-05, 1e+00]
Warning: Model contains large matrix coefficient range
         Consider reformulating model or setting NumericFocus parameter
         to avoid numerical issues.
Found heuristic solution: objective 0.0000000
Presolve removed 281 rows and 399 columns
Presolve time: 0.01s
Presolved: 490 rows, 701 columns, 3459 nonzeros
Found heuristic solution: objective -9452.000000
Variable types: 0 continuous, 701 integer (701 binary)

Root relaxation: objective -1.873442e+04, 983 iterations, 0.01 seconds (0.01 work units)

    Nodes    |    Current Node    |     Objective Bounds      |     Work
 Expl Unexpl |  Obj  Depth IntInf | Incumbent    BestBd   Gap | It/Node Time

     0     0 -18734.419    0  168 -9452.0000 -18734.419  98.2%     -    0s
H    0     0                    -18215.00000 -18734.419  2.85%     -    0s
H    0     0                    -18344.00000 -18734.419  2.13%     -    0s
H    0     0                    -18680.00000 -18734.419  0.29%     -    0s
     0     0 -18734.380    0  163 -18680.000 -18734.380  0.29%     -    0s
     0     0 -18734.380    0  146 -18680.000 -18734.380  0.29%     -    0s
H    0     0                    -18733.00000 -18734.380  0.01%     -    0s
     0     0 -18733.000    0  141 -18733.000 -18733.000  0.00%     -    0s

Cutting planes:
  Gomory: 4

Explored 1 nodes (2071 simplex iterations) in 0.10 seconds (0.06 work units)
Thread count was 4 (of 56 available processors)

Solution count 8: -18733 -18680 -18655 ... 0
No other solutions better than -18733

Optimal solution found (tolerance 1.00e-04)
Warning: max constraint violation (5.6598e-06) exceeds tolerance
Best objective -1.873300000768e+04, best bound -1.873300000768e+04, gap 0.0000%
