
Gurobi 9.5.0 (linux64) logging started Thu Apr 14 23:20:38 2022

Set parameter LogFile to value "/local_workspace/chenrui/LogFiles/MKAP/new0U_R10_M15_N200_seed1_DWcutsT5_600.log"
Gurobi Optimizer version 9.5.0 build v9.5.0rc5 (linux64)
Thread count: 56 physical cores, 56 logical processors, using up to 4 threads
Optimize a model with 5156 rows, 3150 columns and 104958 nonzeros
Model fingerprint: 0x9534f944
Variable types: 0 continuous, 3150 integer (3150 binary)
Coefficient statistics:
  Matrix range     [1e-13, 6e+03]
  Objective range  [6e+00, 1e+03]
  Bounds range     [1e+00, 1e+00]
  RHS range        [1e-05, 5e+01]
Warning: Model contains large matrix coefficient range
         Consider reformulating model or setting NumericFocus parameter
         to avoid numerical issues.
Found heuristic solution: objective 0.0000000
Presolve removed 195 rows and 96 columns
Presolve time: 0.45s
Presolved: 4961 rows, 3054 columns, 97374 nonzeros
Variable types: 0 continuous, 3054 integer (3054 binary)
Found heuristic solution: objective -9551.000000

Root simplex log...

Iteration    Objective       Primal Inf.    Dual Inf.      Time
   18396   -8.4395654e+04   5.083289e+03   0.000000e+00      5s
   21426   -8.4395604e+04   0.000000e+00   0.000000e+00      6s

Root relaxation: objective -8.439560e+04, 21426 iterations, 5.61 seconds (8.50 work units)

    Nodes    |    Current Node    |     Objective Bounds      |     Work
 Expl Unexpl |  Obj  Depth IntInf | Incumbent    BestBd   Gap | It/Node Time

     0     0 -84395.604    0  554 -9551.0000 -84395.604   784%     -    6s
H    0     0                    -63964.00000 -84395.604  31.9%     -    6s
H    0     0                    -79492.00000 -84395.604  6.17%     -    6s
H    0     0                    -80219.00000 -84395.604  5.21%     -    6s
H    0     0                    -80378.00000 -84395.604  5.00%     -    6s
H    0     0                    -80600.00000 -84395.604  4.71%     -    6s
     0     0 -84395.603    0  595 -80600.000 -84395.603  4.71%     -    8s
     0     0 -84395.603    0  598 -80600.000 -84395.603  4.71%     -    8s
H    0     0                    -81618.00000 -84395.602  3.40%     -   10s
     0     0 -84395.601    0  645 -81618.000 -84395.601  3.40%     -   10s
H    0     0                    -81889.00000 -84395.601  3.06%     -   11s
     0     0 -84395.601    0  618 -81889.000 -84395.601  3.06%     -   11s
     0     0 -84395.601    0  644 -81889.000 -84395.601  3.06%     -   11s
H    0     0                    -81981.00000 -84395.601  2.95%     -   11s
H    0     0                    -82335.00000 -84395.601  2.50%     -   13s
     0     0 -84395.601    0  616 -82335.000 -84395.601  2.50%     -   13s
     0     0 -84395.601    0  631 -82335.000 -84395.601  2.50%     -   13s
     0     0 -84395.601    0  603 -82335.000 -84395.601  2.50%     -   14s
     0     0 -84395.601    0  616 -82335.000 -84395.601  2.50%     -   14s
     0     0 -84395.601    0  608 -82335.000 -84395.601  2.50%     -   14s
     0     0 -84395.601    0  612 -82335.000 -84395.601  2.50%     -   14s
     0     0 -84395.601    0  612 -82335.000 -84395.601  2.50%     -   14s
     0     2 -84395.601    0  612 -82335.000 -84395.601  2.50%     -   16s
H   27    32                    -82566.00000 -84395.600  2.22%  1218   21s
H   29    32                    -82917.00000 -84395.600  1.78%  1175   21s
H   30    32                    -83010.00000 -84395.600  1.67%  1150   21s
H   79    84                    -83083.00000 -84395.600  1.58%   614   23s
   154   144 -83170.545   41   29 -83083.000 -84395.598  1.58%   379   26s
H  159   144                    -83282.00000 -84395.598  1.34%   371   26s
   228   238 -84387.007   10  374 -83282.000 -84395.597  1.34%   387   30s
   434   359 -84359.433    8  322 -83282.000 -84395.580  1.34%   291   35s
H  607   467                    -83290.00000 -84394.813  1.33%   261   37s
   631   495 -84102.135   16  228 -83290.000 -84394.700  1.33%   281   40s
   722   700 -84364.466   15  360 -83290.000 -84394.581  1.33%   310   45s
  1076   780 -84050.664   25  612 -83290.000 -84394.145  1.33%   260   59s
  1078   781 -83459.812   36  556 -83290.000 -84394.145  1.33%   260   64s
H 1078   741                    -83457.00000 -84394.145  1.12%   260   65s
  1083   745 -83922.138   16  611 -83457.000 -84394.145  1.12%   258   70s
  1085   746 -83611.088   33  611 -83457.000 -84394.145  1.12%   258   79s
  1086   750 -84394.145   14  618 -83457.000 -84394.145  1.12%   279   94s
  1088   753 -84394.145   15  645 -83457.000 -84394.145  1.12%   280   97s
  1100   761 -84394.145   17  578 -83457.000 -84394.145  1.12%   287  100s
H 1113   733                    -83494.00000 -84394.145  1.08%   291  103s
  1145   791 -84393.158   22  457 -83494.000 -84394.145  1.08%   294  107s
  1186   843 -84394.145   25  465 -83494.000 -84394.145  1.08%   294  111s
  1438   979 -84388.811   41  364 -83494.000 -84394.145  1.08%   292  118s
  1617  1020 -84367.772   41  301 -83494.000 -84394.145  1.08%   279  120s
  1849  1171 -84392.566   21  506 -83494.000 -84394.145  1.08%   274  133s
  2092  1314 -84229.963   31  296 -83494.000 -84394.145  1.08%   262  136s
  2425  1220 -84390.311   24  511 -83494.000 -84394.145  1.08%   249  140s
  2736  1406 -84382.075   23  413 -83494.000 -84394.145  1.08%   245  146s
  2811  1488 -84372.116   31  393 -83494.000 -84394.145  1.08%   247  150s
H 2984  1609                    -83525.00000 -84394.145  1.04%   250  154s
  3248  1708 -84358.439   36  277 -83525.000 -84394.145  1.04%   250  159s
  3497  1802 -84394.145   23  489 -83525.000 -84394.145  1.04%   246  164s
  3628  1981 -84394.145   24  483 -83525.000 -84394.145  1.04%   247  169s
H 3732  1935                    -83574.00000 -84394.145  0.98%   250  169s
  3849  2477 -84275.348   48  268 -83574.000 -84394.145  0.98%   252  175s
  4570  2836 -83882.804   34  340 -83574.000 -84394.145  0.98%   242  182s
  5044  3162 -84198.733   74  186 -83574.000 -84394.145  0.98%   239  187s
  5525  3309 -84381.484   30  358 -83574.000 -84394.145  0.98%   241  193s
  5752  3724 -84376.766   36  398 -83574.000 -84394.145  0.98%   245  199s
H 6299  3572                    -83668.00000 -84394.145  0.87%   247  206s
  6320  3834 -83702.795   33  239 -83668.000 -84394.145  0.87%   248  212s
  6707  4124 -84380.209   35  387 -83668.000 -84394.145  0.87%   248  218s
  7090  4322 -84393.375   24  396 -83668.000 -84394.145  0.87%   254  224s
  7369  4710 -84392.046   28  346 -83668.000 -84394.145  0.87%   259  231s
H 7538  4369                    -83771.00000 -84394.145  0.74%   256  231s
  7870  4658 -84369.905   43  286 -83771.000 -84394.145  0.74%   256  239s
  8322  5255 -84344.718   28  464 -83771.000 -84394.109  0.74%   259  246s
  9150  5421 -84376.881   27  436 -83771.000 -84394.045  0.74%   256  254s
  9354  5480 -84379.751   32  424 -83771.000 -84394.035  0.74%   258  261s
  9430  5890 -84189.239   46  311 -83771.000 -84393.990  0.74%   259  269s
 10013  6244 -84379.974   37  466 -83771.000 -84393.901  0.74%   265  277s
 10516  6474 -84356.716   32  381 -83771.000 -84393.785  0.74%   270  290s
 10911  7341 -84347.862   32  364 -83771.000 -84393.590  0.74%   269  307s
 12182  7667 -84391.016   25  456 -83771.000 -84393.406  0.74%   273  317s
 12700  8048 -84121.278   36  293 -83771.000 -84393.340  0.74%   274  328s
 13310  8522 -84387.258   28  324 -83771.000 -84393.148  0.74%   275  338s
 14006  8973 -84303.516   31  342 -83771.000 -84393.037  0.74%   278  349s
 14752  9178 -84364.258   22  417 -83771.000 -84392.846  0.74%   279  358s
 15059  9499 -84340.614   29  305 -83771.000 -84392.797  0.74%   279  368s
 15574  9770     cutoff   36      -83771.000 -84392.564  0.74%   282  378s
 16036 10317 -84360.018   37  284 -83771.000 -84392.485  0.74%   285  388s
 16839 10725 -84376.141   29  439 -83771.000 -84392.362  0.74%   282  399s
 17455 11065 -83927.364   40  349 -83771.000 -84392.269  0.74%   284  409s
 17956 11559 -84231.245   37  359 -83771.000 -84392.085  0.74%   286  419s
 18682 12221 -84374.191   29  318 -83771.000 -84391.900  0.74%   286  430s
 19717 12678 -84367.138   33  370 -83771.000 -84391.729  0.74%   284  439s
 20433 12895 -84389.043   30  447 -83771.000 -84391.703  0.74%   282  449s
 20736 12896 -84330.287   45  612 -83771.000 -84391.703  0.74%   284  511s
 20738 12897 -84363.255   34  551 -83771.000 -84391.703  0.74%   284  516s
 20742 12900 -83904.522   74  655 -83771.000 -84391.703  0.74%   284  523s
 20744 12901 -84117.509   50  620 -83771.000 -84391.703  0.74%   284  529s
 20746 12903 -84336.549   54  622 -83771.000 -84391.703  0.74%   284  539s
 20747 12903 -84367.550   34  622 -83771.000 -84391.703  0.74%   283  543s
 20748 12904 -84390.612   23  622 -83771.000 -84391.703  0.74%   283  552s
 20749 12908 -84391.703   27  637 -83771.000 -84391.703  0.74%   285  566s
 20751 12909 -84391.703   28  663 -83771.000 -84391.703  0.74%   285  579s
 20755 12912 -84391.703   29  657 -83771.000 -84391.703  0.74%   285  593s
 20759 12912 -84391.703   30  638 -83771.000 -84391.703  0.74%   285  600s

Cutting planes:
  Cover: 41
  Clique: 28
  MIR: 7
  StrongCG: 1
  Flow cover: 12
  RLT: 6

Explored 20763 nodes (5954436 simplex iterations) in 600.16 seconds (1224.61 work units)
Thread count was 4 (of 56 available processors)

Solution count 10: -83771 -83668 -83574 ... -83010

Time limit reached
Best objective -8.377100000000e+04, best bound -8.439100000000e+04, gap 0.7401%
