
Gurobi 9.5.0 (linux64) logging started Tue May  3 13:16:40 2022

Set parameter LogFile to value "/local_workspace/chenrui/LogFiles/MKAP/new0U_R5_M10_N50_seed3_DWcutsCT6_600.log"
Gurobi Optimizer version 9.5.0 build v9.5.0rc5 (linux64)
Thread count: 56 physical cores, 56 logical processors, using up to 4 threads
Optimize a model with 987 rows, 550 columns and 9569 nonzeros
Model fingerprint: 0xb24501d6
Variable types: 0 continuous, 550 integer (550 binary)
Coefficient statistics:
  Matrix range     [1e-13, 4e+03]
  Objective range  [3e+01, 1e+03]
  Bounds range     [1e+00, 1e+00]
  RHS range        [2e-16, 1e+00]
Warning: Model contains large matrix coefficient range
         Consider reformulating model or setting NumericFocus parameter
         to avoid numerical issues.
Found heuristic solution: objective 0.0000000
Presolve removed 577 rows and 106 columns
Presolve time: 0.02s
Presolved: 410 rows, 444 columns, 3587 nonzeros
Found heuristic solution: objective -7169.000000
Variable types: 0 continuous, 444 integer (444 binary)

Root relaxation: objective -2.238591e+04, 959 iterations, 0.02 seconds (0.02 work units)

    Nodes    |    Current Node    |     Objective Bounds      |     Work
 Expl Unexpl |  Obj  Depth IntInf | Incumbent    BestBd   Gap | It/Node Time

     0     0 -22385.912    0   88 -7169.0000 -22385.912   212%     -    0s
H    0     0                    -19302.00000 -22385.912  16.0%     -    0s
H    0     0                    -19383.00000 -22385.912  15.5%     -    0s
H    0     0                    -19990.00000 -22385.912  12.0%     -    0s
H    0     0                    -21059.00000 -22385.912  6.30%     -    0s
     0     0 -22367.329    0  127 -21059.000 -22367.329  6.21%     -    0s
     0     0 -22367.329    0  127 -21059.000 -22367.329  6.21%     -    0s
H    0     0                    -21683.00000 -22360.744  3.13%     -    0s
     0     0 -22360.744    0  124 -21683.000 -22360.744  3.13%     -    0s
H    0     0                    -21763.00000 -22360.744  2.75%     -    0s
     0     0 -22360.111    0  123 -21763.000 -22360.111  2.74%     -    0s
     0     0 -22360.111    0  123 -21763.000 -22360.111  2.74%     -    0s
H    0     0                    -22169.00000 -22360.111  0.86%     -    0s
H    0     0                    -22283.00000 -22353.066  0.31%     -    0s
     0     0 -22352.443    0  136 -22283.000 -22352.443  0.31%     -    0s
     0     0 -22352.443    0   91 -22283.000 -22352.443  0.31%     -    0s
     0     0 -22314.901    0  129 -22283.000 -22314.901  0.14%     -    0s
     0     0 -22314.772    0  127 -22283.000 -22314.772  0.14%     -    0s
     0     0 -22314.770    0  130 -22283.000 -22314.770  0.14%     -    0s
     0     0 -22314.259    0  145 -22283.000 -22314.259  0.14%     -    0s
     0     0 -22314.259    0  146 -22283.000 -22314.259  0.14%     -    0s
     0     0 -22303.654    0  146 -22283.000 -22303.654  0.09%     -    0s
     0     0 -22300.860    0  144 -22283.000 -22300.860  0.08%     -    0s
     0     0 infeasible    0      -22283.000 -22283.000  0.00%     -    0s

Explored 1 nodes (2855 simplex iterations) in 0.31 seconds (0.22 work units)
Thread count was 4 (of 56 available processors)

Solution count 10: -22283 -22169 -21763 ... 0
No other solutions better than -22283

Optimal solution found (tolerance 1.00e-04)
Best objective -2.228300000000e+04, best bound -2.228300000000e+04, gap 0.0000%
