
Gurobi 9.5.0 (linux64) logging started Sat Jun 18 16:05:16 2022

Set parameter LogFile to value "/local_workspace/chenrui/LogFiles/MKAP/new0U_R10_M10_N200_seed6_DWcutsCTp_600.log"
Gurobi Optimizer version 9.5.0 build v9.5.0rc5 (linux64)
Thread count: 56 physical cores, 56 logical processors, using up to 4 threads
Optimize a model with 410 rows, 2100 columns and 6300 nonzeros
Model fingerprint: 0x29f02d20
Variable types: 0 continuous, 2100 integer (2100 binary)
Coefficient statistics:
  Matrix range     [1e+00, 1e+04]
  Objective range  [1e+01, 1e+03]
  Bounds range     [1e+00, 1e+00]
  RHS range        [1e-05, 1e+00]
Found heuristic solution: objective 0.0000000
Presolve time: 0.01s
Presolved: 410 rows, 2100 columns, 6300 nonzeros
Variable types: 0 continuous, 2100 integer (2100 binary)
Found heuristic solution: objective -10235.00000

Root relaxation: objective -7.920101e+04, 2539 iterations, 0.05 seconds (0.05 work units)

    Nodes    |    Current Node    |     Objective Bounds      |     Work
 Expl Unexpl |  Obj  Depth IntInf | Incumbent    BestBd   Gap | It/Node Time

     0     0 -79201.009    0  147 -10235.000 -79201.009   674%     -    0s
H    0     0                    -54547.00000 -79201.009  45.2%     -    0s
H    0     0                    -67892.00001 -79201.009  16.7%     -    0s
H    0     0                    -72273.00000 -79201.009  9.59%     -    0s
     0     0 -79201.009    0  210 -72273.000 -79201.009  9.59%     -    0s
H    0     0                    -72378.00000 -79201.009  9.43%     -    0s
     0     0 -79201.009    0  185 -72378.000 -79201.009  9.43%     -    0s
H    0     0                    -77554.00000 -79201.009  2.12%     -    0s
     0     0 -79201.009    0  248 -77554.000 -79201.009  2.12%     -    0s
     0     0 -79201.009    0  246 -77554.000 -79201.009  2.12%     -    0s
H    0     0                    -78122.00001 -79201.009  1.38%     -    0s
     0     2 -79201.009    0  246 -78122.000 -79201.009  1.38%     -    0s
H   31    33                    -78181.00001 -79201.009  1.30%  67.4    0s
H   68    63                    -78776.00000 -79201.009  0.54%  54.5    0s
H  111    89                    -78995.00000 -79201.009  0.26%  51.6    0s
*  161    89              24    -79080.00008 -79201.009  0.15%  49.2    0s
H  176    91                    -79104.00001 -79201.009  0.12%  51.6    0s
H  183    91                    -79183.00001 -79201.009  0.02%  52.6    0s
H  195    82                    -79201.00000 -79201.009  0.00%  54.3    0s

Cutting planes:
  Gomory: 16
  Cover: 198
  Clique: 378
  MIR: 40
  StrongCG: 27

Explored 211 nodes (15050 simplex iterations) in 0.81 seconds (0.74 work units)
Thread count was 4 (of 56 available processors)

Solution count 10: -79201 -79183 -79104 ... -72378
No other solutions better than -79201

Optimal solution found (tolerance 1.00e-04)
Best objective -7.920100000000e+04, best bound -7.920100000000e+04, gap 0.0000%
