
Gurobi 9.5.0 (linux64) logging started Tue May  3 15:44:57 2022

Set parameter LogFile to value "/local_workspace/chenrui/LogFiles/MKAP/new0U_R5_M20_N50_seed1_objLB_600.log"
Gurobi Optimizer version 9.5.0 build v9.5.0rc5 (linux64)
Thread count: 56 physical cores, 56 logical processors, using up to 4 threads
Optimize a model with 171 rows, 1100 columns and 3200 nonzeros
Model fingerprint: 0xb9353da6
Variable types: 0 continuous, 1100 integer (1100 binary)
Coefficient statistics:
  Matrix range     [1e+00, 1e+03]
  Objective range  [1e+01, 1e+03]
  Bounds range     [1e+00, 1e+00]
  RHS range        [1e+00, 2e+04]
Found heuristic solution: objective 0.0000000
Presolve removed 33 rows and 430 columns
Presolve time: 0.01s
Presolved: 138 rows, 670 columns, 1943 nonzeros
Variable types: 0 continuous, 670 integer (670 binary)
Found heuristic solution: objective -12965.00000

Root relaxation: objective -2.318100e+04, 245 iterations, 0.00 seconds (0.00 work units)

    Nodes    |    Current Node    |     Objective Bounds      |     Work
 Expl Unexpl |  Obj  Depth IntInf | Incumbent    BestBd   Gap | It/Node Time

     0     0 -23181.000    0   33 -12965.000 -23181.000  78.8%     -    0s
H    0     0                    -20940.00000 -23181.000  10.7%     -    0s
H    0     0                    -21439.00000 -23181.000  8.13%     -    0s
H    0     0                    -21560.00000 -23181.000  7.52%     -    0s
H    0     0                    -22261.00000 -23181.000  4.13%     -    0s
     0     0 -23181.000    0   66 -22261.000 -23181.000  4.13%     -    0s
     0     0 -23181.000    0   61 -22261.000 -23181.000  4.13%     -    0s
     0     0 -23181.000    0   21 -22261.000 -23181.000  4.13%     -    0s
H    0     0                    -22382.00000 -23181.000  3.57%     -    0s
     0     0 -23181.000    0   20 -22382.000 -23181.000  3.57%     -    0s
H    0     0                    -22399.00000 -23181.000  3.49%     -    0s
H    0     0                    -22516.00000 -23181.000  2.95%     -    0s
H    0     0                    -22540.00000 -23181.000  2.84%     -    0s
     0     0 -23181.000    0   29 -22540.000 -23181.000  2.84%     -    0s
H    0     0                    -22664.00000 -23181.000  2.28%     -    0s
     0     0 -23181.000    0   29 -22664.000 -23181.000  2.28%     -    0s
H    0     0                    -23047.00000 -23181.000  0.58%     -    0s
     0     2 -23181.000    0   29 -23047.000 -23181.000  0.58%     -    0s
H  393   138                    -23053.00000 -23181.000  0.56%  54.9    0s

Cutting planes:
  Gomory: 15
  Cover: 166
  Clique: 22
  MIR: 31
  StrongCG: 23
  GUB cover: 3
  Zero half: 1

Explored 3048 nodes (95112 simplex iterations) in 1.07 seconds (1.40 work units)
Thread count was 4 (of 56 available processors)

Solution count 10: -23053 -23047 -22664 ... -21439
No other solutions better than -23053

Optimal solution found (tolerance 1.00e-04)
Best objective -2.305300000000e+04, best bound -2.305300000000e+04, gap 0.0000%
