
Gurobi 9.5.0 (linux64) logging started Thu Apr 28 17:48:15 2022

Set parameter LogFile to value "/local_workspace/chenrui/LogFiles/MKAP/new0U_R10_M10_N200_seed10_DWcutsCT2_600.log"
Gurobi Optimizer version 9.5.0 build v9.5.0rc5 (linux64)
Thread count: 56 physical cores, 56 logical processors, using up to 4 threads
Optimize a model with 700 rows, 2100 columns and 12282 nonzeros
Model fingerprint: 0xdee5d95c
Variable types: 0 continuous, 2100 integer (2100 binary)
Coefficient statistics:
  Matrix range     [1e-13, 1e+04]
  Objective range  [6e+00, 1e+03]
  Bounds range     [1e+00, 1e+00]
  RHS range        [9e-13, 1e+00]
Warning: Model contains large matrix coefficient range
         Consider reformulating model or setting NumericFocus parameter
         to avoid numerical issues.
Found heuristic solution: objective 0.0000000
Presolve removed 4 rows and 114 columns
Presolve time: 0.03s
Presolved: 696 rows, 1986 columns, 11457 nonzeros
Variable types: 0 continuous, 1986 integer (1986 binary)
Found heuristic solution: objective -9085.000000

Root relaxation: objective -7.715701e+04, 6366 iterations, 0.23 seconds (0.25 work units)

    Nodes    |    Current Node    |     Objective Bounds      |     Work
 Expl Unexpl |  Obj  Depth IntInf | Incumbent    BestBd   Gap | It/Node Time

     0     0 -77157.013    0  224 -9085.0000 -77157.013   749%     -    0s
H    0     0                    -63643.00000 -77157.013  21.2%     -    0s
H    0     0                    -64176.00000 -77157.013  20.2%     -    0s
H    0     0                    -65019.00000 -77157.013  18.7%     -    0s
H    0     0                    -69350.00000 -77157.013  11.3%     -    0s
     0     0 -77157.013    0  195 -69350.000 -77157.013  11.3%     -    0s
H    0     0                    -75017.00000 -77157.013  2.85%     -    0s
     0     0 -77157.013    0  168 -75017.000 -77157.013  2.85%     -    0s
H    0     0                    -77157.00000 -77157.013  0.00%     -    0s
     0     0 -77157.013    0  235 -77157.000 -77157.013  0.00%     -    0s

Cutting planes:
  Gomory: 2
  Cover: 44
  Clique: 812
  MIR: 27
  StrongCG: 23
  RLT: 1

Explored 1 nodes (8983 simplex iterations) in 0.73 seconds (0.66 work units)
Thread count was 4 (of 56 available processors)

Solution count 8: -77157 -75017 -69350 ... 0
No other solutions better than -77157

Optimal solution found (tolerance 1.00e-04)
Best objective -7.715700000000e+04, best bound -7.715700000000e+04, gap 0.0000%

Gurobi 9.5.0 (linux64) logging started Thu Apr 28 23:47:03 2022

Set parameter LogFile to value "/local_workspace/chenrui/LogFiles/MKAP/new0U_R10_M10_N200_seed10_DWcutsCT2_600.log"
Gurobi Optimizer version 9.5.0 build v9.5.0rc5 (linux64)
Thread count: 56 physical cores, 56 logical processors, using up to 4 threads
Optimize a model with 700 rows, 2100 columns and 12282 nonzeros
Model fingerprint: 0x3381c8fb
Variable types: 0 continuous, 2100 integer (2100 binary)
Coefficient statistics:
  Matrix range     [1e-13, 1e+04]
  Objective range  [6e+00, 1e+03]
  Bounds range     [1e+00, 1e+00]
  RHS range        [1e-13, 1e+00]
Warning: Model contains large matrix coefficient range
         Consider reformulating model or setting NumericFocus parameter
         to avoid numerical issues.
Found heuristic solution: objective 0.0000000
Presolve removed 4 rows and 114 columns
Presolve time: 0.03s
Presolved: 696 rows, 1986 columns, 11457 nonzeros
Variable types: 0 continuous, 1986 integer (1986 binary)
Found heuristic solution: objective -9085.000000

Root relaxation: objective -7.715701e+04, 6064 iterations, 0.20 seconds (0.22 work units)

    Nodes    |    Current Node    |     Objective Bounds      |     Work
 Expl Unexpl |  Obj  Depth IntInf | Incumbent    BestBd   Gap | It/Node Time

     0     0 -77157.013    0  228 -9085.0000 -77157.013   749%     -    0s
H    0     0                    -61057.00000 -77157.013  26.4%     -    0s
H    0     0                    -61993.00000 -77157.013  24.5%     -    0s
H    0     0                    -66351.00000 -77157.013  16.3%     -    0s
     0     0 -77157.013    0  158 -66351.000 -77157.013  16.3%     -    0s
H    0     0                    -67035.00000 -77157.013  15.1%     -    0s
H    0     0                    -72312.00000 -77157.013  6.70%     -    0s
     0     0 -77157.013    0  145 -72312.000 -77157.013  6.70%     -    0s
H    0     0                    -77141.00000 -77157.013  0.02%     -    0s
H    0     0                    -77157.00000 -77157.013  0.00%     -    0s
     0     0 -77157.013    0  239 -77157.000 -77157.013  0.00%     -    0s

Cutting planes:
  Gomory: 9
  Cover: 38
  Clique: 810
  MIR: 20
  StrongCG: 17
  RLT: 1

Explored 1 nodes (8151 simplex iterations) in 0.64 seconds (0.57 work units)
Thread count was 4 (of 56 available processors)

Solution count 9: -77157 -77141 -72312 ... 0
No other solutions better than -77157

Optimal solution found (tolerance 1.00e-04)
Best objective -7.715700000000e+04, best bound -7.715700000000e+04, gap 0.0000%

Gurobi 9.5.0 (linux64) logging started Fri Apr 29 21:16:40 2022

Set parameter LogFile to value "/local_workspace/chenrui/LogFiles/MKAP/new0U_R10_M10_N200_seed10_DWcutsCT2_600.log"
Gurobi Optimizer version 9.5.0 build v9.5.0rc5 (linux64)
Thread count: 56 physical cores, 56 logical processors, using up to 4 threads
Optimize a model with 700 rows, 2100 columns and 12282 nonzeros
Model fingerprint: 0x3381c8fb
Variable types: 0 continuous, 2100 integer (2100 binary)
Coefficient statistics:
  Matrix range     [1e-13, 1e+04]
  Objective range  [6e+00, 1e+03]
  Bounds range     [1e+00, 1e+00]
  RHS range        [1e-13, 1e+00]
Warning: Model contains large matrix coefficient range
         Consider reformulating model or setting NumericFocus parameter
         to avoid numerical issues.
Found heuristic solution: objective 0.0000000
Presolve removed 4 rows and 114 columns
Presolve time: 0.03s
Presolved: 696 rows, 1986 columns, 11457 nonzeros
Variable types: 0 continuous, 1986 integer (1986 binary)
Found heuristic solution: objective -9085.000000

Root relaxation: objective -7.715701e+04, 6064 iterations, 0.20 seconds (0.22 work units)

    Nodes    |    Current Node    |     Objective Bounds      |     Work
 Expl Unexpl |  Obj  Depth IntInf | Incumbent    BestBd   Gap | It/Node Time

     0     0 -77157.013    0  228 -9085.0000 -77157.013   749%     -    0s
H    0     0                    -61057.00000 -77157.013  26.4%     -    0s
H    0     0                    -61993.00000 -77157.013  24.5%     -    0s
H    0     0                    -66351.00000 -77157.013  16.3%     -    0s
     0     0 -77157.013    0  158 -66351.000 -77157.013  16.3%     -    0s
H    0     0                    -67035.00000 -77157.013  15.1%     -    0s
H    0     0                    -72312.00000 -77157.013  6.70%     -    0s
     0     0 -77157.013    0  145 -72312.000 -77157.013  6.70%     -    0s
H    0     0                    -77141.00000 -77157.013  0.02%     -    0s
H    0     0                    -77157.00000 -77157.013  0.00%     -    0s
     0     0 -77157.013    0  239 -77157.000 -77157.013  0.00%     -    0s

Cutting planes:
  Gomory: 9
  Cover: 38
  Clique: 810
  MIR: 20
  StrongCG: 17
  RLT: 1

Explored 1 nodes (8151 simplex iterations) in 0.64 seconds (0.57 work units)
Thread count was 4 (of 56 available processors)

Solution count 9: -77157 -77141 -72312 ... 0
No other solutions better than -77157

Optimal solution found (tolerance 1.00e-04)
Best objective -7.715700000000e+04, best bound -7.715700000000e+04, gap 0.0000%
