
Gurobi 9.5.0 (linux64) logging started Fri Apr 29 22:40:27 2022

Set parameter LogFile to value "/local_workspace/chenrui/LogFiles/MKAP/new0U_R25_M20_N200_seed8_DWcutsCT_600.log"
Gurobi Optimizer version 9.5.0 build v9.5.0rc5 (linux64)
Thread count: 56 physical cores, 56 logical processors, using up to 4 threads
Optimize a model with 1220 rows, 4500 columns and 13500 nonzeros
Model fingerprint: 0xc3dddf71
Variable types: 0 continuous, 4500 integer (4500 binary)
Coefficient statistics:
  Matrix range     [1e+00, 4e+03]
  Objective range  [4e+00, 1e+03]
  Bounds range     [1e+00, 1e+00]
  RHS range        [2e-13, 1e+00]
Found heuristic solution: objective 0.0000000
Presolve removed 8 rows and 111 columns
Presolve time: 0.03s
Presolved: 1212 rows, 4389 columns, 13157 nonzeros
Variable types: 0 continuous, 4389 integer (4389 binary)
Found heuristic solution: objective -3716.000000

Root relaxation: objective -7.492502e+04, 7079 iterations, 0.19 seconds (0.17 work units)

    Nodes    |    Current Node    |     Objective Bounds      |     Work
 Expl Unexpl |  Obj  Depth IntInf | Incumbent    BestBd   Gap | It/Node Time

     0     0 -74925.015    0  150 -3716.0000 -74925.015  1916%     -    0s
H    0     0                    -62101.00000 -74925.015  20.7%     -    0s
H    0     0                    -67964.00000 -74925.015  10.2%     -    0s
H    0     0                    -68972.00000 -74925.015  8.63%     -    0s
H    0     0                    -70497.00000 -74925.015  6.28%     -    0s
H    0     0                    -71304.00000 -74925.015  5.08%     -    0s
     0     0 -74925.015    0  239 -71304.000 -74925.015  5.08%     -    0s
     0     0 -74925.015    0  208 -71304.000 -74925.015  5.08%     -    0s
H    0     0                    -71703.00000 -74925.015  4.49%     -    0s
H    0     0                    -73388.00000 -74925.015  2.09%     -    0s
     0     0 -74925.015    0  126 -73388.000 -74925.015  2.09%     -    0s
H    0     0                    -73913.00000 -74925.015  1.37%     -    0s
H    0     0                    -73954.00000 -74925.015  1.31%     -    0s
     0     0 -74925.015    0  143 -73954.000 -74925.015  1.31%     -    0s
H    0     0                    -74177.00000 -74925.015  1.01%     -    0s
     0     0 -74925.015    0   56 -74177.000 -74925.015  1.01%     -    0s
H    0     0                    -74386.00000 -74925.015  0.72%     -    0s
     0     0 -74925.015    0   80 -74386.000 -74925.015  0.72%     -    0s
     0     0 -74925.015    0   42 -74386.000 -74925.015  0.72%     -    1s
     0     0 -74925.015    0  140 -74386.000 -74925.015  0.72%     -    1s
     0     0 -74925.015    0   77 -74386.000 -74925.015  0.72%     -    1s
     0     0 -74925.015    0   77 -74386.000 -74925.015  0.72%     -    1s
H    0     2                    -74918.00000 -74925.015  0.01%     -    1s
     0     2 -74925.015    0   38 -74918.000 -74925.015  0.01%     -    1s

Cutting planes:
  Gomory: 12
  Cover: 197
  Clique: 253
  MIR: 16
  StrongCG: 21
  RLT: 1

Explored 1 nodes (17405 simplex iterations) in 1.55 seconds (1.25 work units)
Thread count was 4 (of 56 available processors)

Solution count 10: -74918 -74386 -74177 ... -68972

Optimal solution found (tolerance 1.00e-04)
Best objective -7.491800000000e+04, best bound -7.492500000000e+04, gap 0.0093%
