
Gurobi 9.5.0 (linux64) logging started Tue May  3 16:32:05 2022

Set parameter LogFile to value "/local_workspace/chenrui/LogFiles/MKAP/new0U_R10_M40_N50_seed6_original_600.log"
Gurobi Optimizer version 9.5.0 build v9.5.0rc5 (linux64)
Thread count: 56 physical cores, 56 logical processors, using up to 4 threads
Optimize a model with 490 rows, 2400 columns and 4800 nonzeros
Model fingerprint: 0x160de4eb
Variable types: 0 continuous, 2400 integer (2400 binary)
Coefficient statistics:
  Matrix range     [1e+00, 1e+03]
  Objective range  [2e+01, 1e+03]
  Bounds range     [1e+00, 1e+00]
  RHS range        [1e+00, 1e+00]
Found heuristic solution: objective 0.0000000
Presolve removed 364 rows and 1809 columns
Presolve time: 0.01s
Presolved: 126 rows, 591 columns, 1180 nonzeros
Found heuristic solution: objective -15381.00000
Variable types: 0 continuous, 591 integer (591 binary)

Root relaxation: objective -1.636343e+04, 112 iterations, 0.00 seconds (0.00 work units)

    Nodes    |    Current Node    |     Objective Bounds      |     Work
 Expl Unexpl |  Obj  Depth IntInf | Incumbent    BestBd   Gap | It/Node Time

     0     0 -16363.425    0    7 -15381.000 -16363.425  6.39%     -    0s
H    0     0                    -16294.00000 -16363.425  0.43%     -    0s

Cutting planes:
  MIR: 1

Explored 1 nodes (177 simplex iterations) in 0.02 seconds (0.01 work units)
Thread count was 4 (of 56 available processors)

Solution count 3: -16294 -15381 0 
No other solutions better than -16294

Optimal solution found (tolerance 1.00e-04)
Best objective -1.629400000000e+04, best bound -1.629400000000e+04, gap 0.0000%
