
Gurobi 9.5.0 (linux64) logging started Tue May  3 13:18:13 2022

Set parameter LogFile to value "/local_workspace/chenrui/LogFiles/MKAP/new0U_R5_M10_N50_seed5_DWcutsCT1_600.log"
Gurobi Optimizer version 9.5.0 build v9.5.0rc5 (linux64)
Thread count: 56 physical cores, 56 logical processors, using up to 4 threads
Optimize a model with 190 rows, 550 columns and 1946 nonzeros
Model fingerprint: 0xbf17aaa5
Variable types: 0 continuous, 550 integer (550 binary)
Coefficient statistics:
  Matrix range     [1e-13, 3e+03]
  Objective range  [4e+00, 1e+03]
  Bounds range     [1e+00, 1e+00]
  RHS range        [1e-13, 1e+00]
Warning: Model contains large matrix coefficient range
         Consider reformulating model or setting NumericFocus parameter
         to avoid numerical issues.
Found heuristic solution: objective 0.0000000
Presolve removed 7 rows and 118 columns
Presolve time: 0.01s
Presolved: 183 rows, 432 columns, 1460 nonzeros
Found heuristic solution: objective -6341.000000
Variable types: 0 continuous, 432 integer (432 binary)

Root relaxation: objective -2.119456e+04, 733 iterations, 0.01 seconds (0.01 work units)

    Nodes    |    Current Node    |     Objective Bounds      |     Work
 Expl Unexpl |  Obj  Depth IntInf | Incumbent    BestBd   Gap | It/Node Time

     0     0 -21194.559    0   35 -6341.0000 -21194.559   234%     -    0s
H    0     0                    -19607.00000 -21194.559  8.10%     -    0s
H    0     0                    -19860.00000 -21194.559  6.72%     -    0s
     0     0 -21194.559    0   77 -19860.000 -21194.559  6.72%     -    0s
H    0     0                    -20667.00000 -21194.559  2.55%     -    0s
H    0     0                    -20726.00000 -21194.559  2.26%     -    0s
     0     0 -21194.559    0   55 -20726.000 -21194.559  2.26%     -    0s
H    0     0                    -20982.00000 -21194.559  1.01%     -    0s
     0     0 -21194.559    0   39 -20982.000 -21194.559  1.01%     -    0s
     0     0 -21194.559    0   72 -20982.000 -21194.559  1.01%     -    0s
     0     0 -21194.559    0   49 -20982.000 -21194.559  1.01%     -    0s
     0     0 -21194.559    0   49 -20982.000 -21194.559  1.01%     -    0s
     0     0 -21194.559    0   51 -20982.000 -21194.559  1.01%     -    0s
     0     0 -21194.559    0   72 -20982.000 -21194.559  1.01%     -    0s
     0     0 -21194.559    0   53 -20982.000 -21194.559  1.01%     -    0s
H    0     0                    -20995.00000 -21194.559  0.95%     -    0s
     0     0 -21194.559    0   62 -20995.000 -21194.559  0.95%     -    0s
     0     0 -21194.559    0   59 -20995.000 -21194.559  0.95%     -    0s
     0     2 -21194.559    0   57 -20995.000 -21194.559  0.95%     -    0s
H 2536   386                    -21016.00000 -21102.587  0.41%  20.3    0s

Cutting planes:
  Gomory: 7
  Cover: 104
  Implied bound: 1
  Clique: 54
  MIR: 16
  StrongCG: 9
  Inf proof: 2
  Mod-K: 1
  RLT: 1

Explored 3625 nodes (72557 simplex iterations) in 0.84 seconds (0.88 work units)
Thread count was 4 (of 56 available processors)

Solution count 10: -21016 -20995 -20982 ... 0
No other solutions better than -21016

Optimal solution found (tolerance 1.00e-04)
Best objective -2.101600000004e+04, best bound -2.101600000004e+04, gap 0.0000%
