
Gurobi 9.5.0 (linux64) logging started Fri Apr 29 22:07:25 2022

Set parameter LogFile to value "/local_workspace/chenrui/LogFiles/MKAP/new0U_R25_M10_N200_seed8_DWcutsCT5_600.log"
Gurobi Optimizer version 9.5.0 build v9.5.0rc5 (linux64)
Thread count: 56 physical cores, 56 logical processors, using up to 4 threads
Optimize a model with 7908 rows, 2250 columns and 63563 nonzeros
Model fingerprint: 0xff2eb521
Variable types: 0 continuous, 2250 integer (2250 binary)
Coefficient statistics:
  Matrix range     [1e-13, 2e+04]
  Objective range  [4e+00, 1e+03]
  Bounds range     [1e+00, 1e+00]
  RHS range        [1e-16, 1e+00]
Warning: Model contains large matrix coefficient range
         Consider reformulating model or setting NumericFocus parameter
         to avoid numerical issues.
Found heuristic solution: objective 0.0000000
Presolve removed 1332 rows and 0 columns
Presolve time: 0.16s
Presolved: 6576 rows, 2250 columns, 29926 nonzeros
Variable types: 0 continuous, 2250 integer (2250 binary)
Found heuristic solution: objective -2853.000000

Root relaxation: objective -4.848700e+04, 4906 iterations, 0.36 seconds (0.37 work units)

    Nodes    |    Current Node    |     Objective Bounds      |     Work
 Expl Unexpl |  Obj  Depth IntInf | Incumbent    BestBd   Gap | It/Node Time

*    0     0               0    -48487.00000 -48487.000  0.00%     -    0s

Explored 1 nodes (4906 simplex iterations) in 0.54 seconds (0.54 work units)
Thread count was 4 (of 56 available processors)

Solution count 3: -48487 -2853 0 
No other solutions better than -48487

Optimal solution found (tolerance 1.00e-04)
Best objective -4.848699999946e+04, best bound -4.848699999946e+04, gap 0.0000%
