
Gurobi 9.5.0 (linux64) logging started Fri Apr 29 19:48:53 2022

Set parameter LogFile to value "/local_workspace/chenrui/LogFiles/MKAP/new0U_R25_M20_N300_seed9_original_600.log"
Gurobi Optimizer version 9.5.0 build v9.5.0rc5 (linux64)
Thread count: 56 physical cores, 56 logical processors, using up to 4 threads
Optimize a model with 820 rows, 6500 columns and 13000 nonzeros
Model fingerprint: 0x96cf8f1d
Variable types: 0 continuous, 6500 integer (6500 binary)
Coefficient statistics:
  Matrix range     [1e+00, 8e+03]
  Objective range  [1e+00, 1e+03]
  Bounds range     [1e+00, 1e+00]
  RHS range        [1e+00, 1e+00]
Found heuristic solution: objective 0.0000000
Presolve removed 38 rows and 375 columns
Presolve time: 0.03s
Presolved: 782 rows, 6125 columns, 12250 nonzeros
Variable types: 0 continuous, 6125 integer (6125 binary)
Found heuristic solution: objective -49900.00000

Root relaxation: objective -1.110477e+05, 3114 iterations, 0.04 seconds (0.04 work units)

    Nodes    |    Current Node    |     Objective Bounds      |     Work
 Expl Unexpl |  Obj  Depth IntInf | Incumbent    BestBd   Gap | It/Node Time

     0     0 -111047.74    0   76 -49900.000 -111047.74   123%     -    0s
H    0     0                    -85134.00000 -111047.74  30.4%     -    0s
H    0     0                    -85408.00000 -111047.74  30.0%     -    0s
H    0     0                    -87707.00000 -111047.74  26.6%     -    0s
H    0     0                    -90451.00000 -111014.98  22.7%     -    0s
     0     0 -111014.98    0  182 -90451.000 -111014.98  22.7%     -    0s
     0     0 -110753.56    0  174 -90451.000 -110753.56  22.4%     -    0s
H    0     0                    -91123.00000 -110670.74  21.5%     -    0s
     0     0 -110449.51    0  299 -91123.000 -110449.51  21.2%     -    0s
     0     0 -110449.51    0  152 -91123.000 -110449.51  21.2%     -    0s
     0     2 -110449.51    0  127 -91123.000 -110449.51  21.2%     -    0s
H   28    33                    -91200.00000 -110347.17  21.0%   224    1s
H  893   925                    -91452.00000 -110347.17  20.7%  52.5    2s
H 1639  1612                    -91911.00000 -110347.17  20.1%  39.7    3s
H 1640  1606                    -92147.00000 -110347.17  19.8%  39.7    3s
H 1797  1662                    -92493.00000 -107643.11  16.4%  42.0    4s
  1799  1663 -103893.76  117  204 -92493.000 -107518.17  16.2%  42.0    5s
H 1812  1588                    -92523.00000 -104312.26  12.7%  41.7    7s
H 1820  1513                    -93290.00000 -101078.26  8.35%  41.5    9s
  1826  1517 -97820.321  297  760 -93290.000 -97820.321  4.86%  41.3   10s
H 1827  1441                    -93375.00000 -96770.340  3.64%  41.3   11s
H 1829  1370                    -93465.00000 -96106.304  2.83%  41.3   11s
H 1830  1302                    -93981.00000 -95756.671  1.89%  41.2   12s
H 1830  1236                    -94034.00000 -95458.077  1.51%  41.2   12s
H 1830  1173                    -94873.00000 -95458.077  0.62%  41.2   12s
H 1831  1115                    -95082.00000 -95458.077  0.40%  41.2   13s
H 1840  1065                    -95096.00000 -95339.842  0.26%  66.3   14s
  1844  1067 -95339.842  168  463 -95096.000 -95339.842  0.26%  66.2   15s
  1865  1083 -95339.842   27  434 -95096.000 -95339.842  0.26%  76.9   20s
H 2038  1061                    -95228.00000 -95339.842  0.12%  74.5   23s
  2355  1110 -95228.934   96   65 -95228.000 -95339.842  0.12%  70.0   25s
  4149   961 -95303.813   62  289 -95228.000 -95339.842  0.12%  60.9   30s

Cutting planes:
  Gomory: 141
  Lift-and-project: 5
  Cover: 787
  Clique: 285
  MIR: 138
  StrongCG: 127
  Flow cover: 317
  Zero half: 55
  RLT: 2

Explored 6400 nodes (361824 simplex iterations) in 34.17 seconds (43.49 work units)
Thread count was 4 (of 56 available processors)

Solution count 10: -95228 -95096 -95082 ... -92523
No other solutions better than -95228

Optimal solution found (tolerance 1.00e-04)
Best objective -9.522800000000e+04, best bound -9.522800000000e+04, gap 0.0000%
