
Gurobi 9.5.0 (linux64) logging started Tue May  3 18:51:02 2022

Set parameter LogFile to value "/local_workspace/chenrui/LogFiles/MKAP/new0U_R25_M30_N200_seed9_DWcutsCT_600.log"
Gurobi Optimizer version 9.5.0 build v9.5.0rc5 (linux64)
Thread count: 56 physical cores, 56 logical processors, using up to 4 threads
Optimize a model with 1730 rows, 6750 columns and 20223 nonzeros
Model fingerprint: 0xe4c327b2
Variable types: 0 continuous, 6750 integer (6750 binary)
Coefficient statistics:
  Matrix range     [7e-13, 3e+03]
  Objective range  [1e+00, 1e+03]
  Bounds range     [1e+00, 1e+00]
  RHS range        [2e-13, 1e+00]
Warning: Model contains large matrix coefficient range
         Consider reformulating model or setting NumericFocus parameter
         to avoid numerical issues.
Found heuristic solution: objective 0.0000000
Presolve removed 125 rows and 1038 columns
Presolve time: 0.04s
Presolved: 1605 rows, 5712 columns, 16901 nonzeros
Found heuristic solution: objective -8817.000000
Variable types: 0 continuous, 5712 integer (5712 binary)

Root relaxation: objective -7.320201e+04, 8998 iterations, 0.28 seconds (0.26 work units)

    Nodes    |    Current Node    |     Objective Bounds      |     Work
 Expl Unexpl |  Obj  Depth IntInf | Incumbent    BestBd   Gap | It/Node Time

     0     0 -73202.011    0   64 -8817.0000 -73202.011   730%     -    0s
H    0     0                    -67618.00000 -73202.011  8.26%     -    0s
H    0     0                    -68098.00000 -73202.011  7.50%     -    0s
H    0     0                    -70464.00000 -73202.011  3.89%     -    0s
     0     0 -73202.011    0  221 -70464.000 -73202.011  3.89%     -    0s
H    0     0                    -70515.00000 -73202.011  3.81%     -    0s
     0     0 -73202.011    0   72 -70515.000 -73202.011  3.81%     -    0s
H    0     0                    -71613.00000 -73202.011  2.22%     -    0s
H    0     0                    -71616.00000 -73202.011  2.21%     -    0s
H    0     0                    -71948.00000 -73202.011  1.74%     -    0s
H    0     0                    -71976.00000 -73202.011  1.70%     -    0s
H    0     0                    -72026.00000 -73202.011  1.63%     -    0s
     0     0 -73202.011    0   97 -72026.000 -73202.011  1.63%     -    0s
     0     0 -73202.011    0   41 -72026.000 -73202.011  1.63%     -    1s
     0     0 -73202.011    0  127 -72026.000 -73202.011  1.63%     -    1s
     0     0 -73202.011    0   63 -72026.000 -73202.011  1.63%     -    1s
     0     0 -73202.011    0   37 -72026.000 -73202.011  1.63%     -    1s
     0     2 -73202.011    0   37 -72026.000 -73202.011  1.63%     -    1s
H   29    34                    -72127.00000 -73202.011  1.49%   107    2s
H   32    34                    -72672.00000 -73202.011  0.73%   115    2s
H   65    67                    -72770.00000 -73202.011  0.59%   124    3s
H  207   207                    -72823.00000 -73202.011  0.52%   103    4s
   331   344 -73202.011   70   43 -72823.000 -73202.011  0.52%  91.1    6s
H  357   337                    -72891.00000 -73202.011  0.43%  88.7    6s
H  415   425                    -72897.00000 -73202.011  0.42%  85.6    7s
H  430   420                    -72915.00000 -73202.011  0.39%  85.4    7s
  1269  1126 -73142.289  199  115 -72915.000 -73202.011  0.39%  74.6   11s
H 1367  1049                    -72941.00000 -73202.011  0.36%  73.4   11s
  1397  1057 -73202.011   14  148 -72941.000 -73202.011  0.36%  92.3   15s
  1800  1107 -73202.011   49  111 -72941.000 -73202.011  0.36%   106   20s
H 2049  1027                    -72961.00000 -73202.011  0.33%   108   21s
  2882  1464     cutoff   37      -72961.000 -73202.011  0.33%   106   25s
  4106  2140 -73127.750   94  104 -72961.000 -73202.011  0.33%   113   30s
H 4762  2125                    -72969.00000 -73202.011  0.32%   107   31s
  5964  2889 -73059.377  134  174 -72969.000 -73202.011  0.32%   106   36s
  7683  4259 -73076.676   52  118 -72969.000 -73202.011  0.32%   104   40s
  9302  5517 -73119.464  135  170 -72969.000 -73202.011  0.32%   105   45s
  9693  5959 -73131.269   67   59 -72969.000 -73202.011  0.32%   104   51s
 10311  5971 -73202.011   30   79 -72969.000 -73202.011  0.32%   104   55s
 10562  6052 -73202.011   62  145 -72969.000 -73202.011  0.32%   104   60s
 10915  6213 -73202.011  103  153 -72969.000 -73202.011  0.32%   104   65s
H11805  6096                    -72977.00000 -73202.011  0.31%   103   69s
 12018  6215 -73202.011   37  148 -72977.000 -73202.011  0.31%   102   70s
 13946  6802 -73085.419   71  142 -72977.000 -73202.011  0.31%  97.7   75s
 17172  7986 -73061.592   55  151 -72977.000 -73198.175  0.30%  91.8   80s
 21015  8878 -73014.525  195   55 -72977.000 -73192.349  0.30%  85.9   85s
 21027  8887 -73191.593   37  161 -72977.000 -73191.593  0.29%  87.0   90s
 21067  8884 -73191.593   43  171 -72977.000 -73191.593  0.29%  87.2   95s
 21352  8960 -73125.151   68  143 -72977.000 -73191.593  0.29%  88.1  100s
 22139  9197 -73111.419   47  196 -72977.000 -73191.593  0.29%  89.8  105s
 24116  9601 -73128.409   62  191 -72977.000 -73191.593  0.29%  92.5  111s
H24130  8967                    -72994.00000 -73191.593  0.27%  92.6  111s
 25717  9681 -73120.828   84  169 -72994.000 -73191.593  0.27%  94.3  115s
 27744 10240 -73084.102   71  148 -72994.000 -73188.990  0.27%  95.1  120s
 30341 11023     cutoff   99      -72994.000 -73182.536  0.26%  96.0  125s
 33612 11809 -73038.135   99   97 -72994.000 -73173.908  0.25%  96.1  130s
 37134 12190 -73065.052   89  142 -72994.000 -73169.500  0.24%  96.5  136s
 39293 12799 -73057.637  118  146 -72994.000 -73166.301  0.24%  96.5  140s
 42257 13248 -73095.943   82   37 -72994.000 -73161.852  0.23%  97.3  160s
 42299 13276 -73039.419  132  207 -72994.000 -73134.360  0.19%  97.2  165s
 42344 13307 -73022.163   94  203 -72994.000 -73108.588  0.16%  97.7  170s
 42369 13325 -73033.837   87  216 -72994.000 -73107.903  0.16%  98.0  175s
 42402 13338 -73089.704   78  183 -72994.000 -73089.704  0.13%  98.3  180s
 42607 13306 -72998.153  109  107 -72994.000 -73051.035  0.08%  98.1  185s

Cutting planes:
  Gomory: 27
  Cover: 196
  Clique: 63
  MIR: 18
  StrongCG: 13
  Flow cover: 37
  Zero half: 12
  Mod-K: 1
  RLT: 4

Explored 44834 nodes (4305661 simplex iterations) in 189.30 seconds (258.07 work units)
Thread count was 4 (of 56 available processors)

Solution count 10: -72994 -72977 -72969 ... -72770
No other solutions better than -72994

Optimal solution found (tolerance 1.00e-04)
Best objective -7.299400000000e+04, best bound -7.299400000000e+04, gap 0.0000%
