
Gurobi 9.5.0 (linux64) logging started Mon Jun 20 15:12:40 2022

Set parameter LogFile to value "/local_workspace/chenrui/LogFiles/MKAP/new0U_R25_M30_N200_seed3_DWcutsCTp2_600.log"
Gurobi Optimizer version 9.5.0 build v9.5.0rc5 (linux64)
Thread count: 56 physical cores, 56 logical processors, using up to 4 threads
Optimize a model with 3374 rows, 6750 columns and 32779 nonzeros
Model fingerprint: 0x2dbdd8ce
Variable types: 0 continuous, 6750 integer (6750 binary)
Coefficient statistics:
  Matrix range     [1e-13, 4e+03]
  Objective range  [5e+00, 1e+03]
  Bounds range     [1e+00, 1e+00]
  RHS range        [1e-05, 1e+00]
Warning: Model contains large matrix coefficient range
         Consider reformulating model or setting NumericFocus parameter
         to avoid numerical issues.
Found heuristic solution: objective 0.0000000
Presolve removed 295 rows and 1421 columns
Presolve time: 0.07s
Presolved: 3079 rows, 5329 columns, 25583 nonzeros
Found heuristic solution: objective -13314.00000
Variable types: 0 continuous, 5329 integer (5329 binary)

Root relaxation: objective -8.023065e+04, 13292 iterations, 0.87 seconds (0.86 work units)

    Nodes    |    Current Node    |     Objective Bounds      |     Work
 Expl Unexpl |  Obj  Depth IntInf | Incumbent    BestBd   Gap | It/Node Time

     0     0 -80230.654    0  542 -13314.000 -80230.654   503%     -    1s
H    0     0                    -62344.00000 -80230.654  28.7%     -    1s
H    0     0                    -68658.00000 -80230.654  16.9%     -    1s
H    0     0                    -68855.00000 -80230.654  16.5%     -    1s
H    0     0                    -72553.00000 -80230.654  10.6%     -    1s
H    0     0                    -73357.00000 -80230.654  9.37%     -    1s
H    0     0                    -75705.00000 -80230.624  5.98%     -    1s
     0     0 -80230.624    0  511 -75705.000 -80230.624  5.98%     -    1s
H    0     0                    -77202.00000 -80230.624  3.92%     -    1s
     0     0 -80230.623    0  497 -77202.000 -80230.623  3.92%     -    2s
H    0     0                    -77700.00001 -80230.623  3.26%     -    2s
     0     0 -80230.623    0  507 -77700.000 -80230.623  3.26%     -    2s
     0     0 -80230.414    0  539 -77700.000 -80230.414  3.26%     -    2s
     0     0 -80230.414    0  539 -77700.000 -80230.414  3.26%     -    2s
     0     2 -80230.414    0  539 -77700.000 -80230.414  3.26%     -    2s
H   30    35                    -78644.00000 -80230.403  2.02%   196    4s
H   31    35                    -79124.00000 -80230.403  1.40%   190    4s
    34    74 -80229.996   10  530 -79124.000 -80230.403  1.40%   178    5s
H   73   117                    -79339.00000 -80230.403  1.12%   106    5s
H  206   252                    -79457.00000 -80230.403  0.97%  80.1    6s
H  272   396                    -79534.00000 -80230.403  0.88%  78.0    8s
H  300   370                    -79692.00000 -80230.403  0.68%  78.7    8s
H  406   370                    -79698.00000 -80230.403  0.67%  81.4    8s
   428   592 -80198.324  120  410 -79698.000 -80230.403  0.67%  82.4   10s
H  571   592                    -79707.00000 -80230.403  0.66%  78.9   10s
H  699   784                    -79779.00000 -80230.403  0.57%  83.5   12s
H  887   784                    -79795.00000 -80230.403  0.55%  77.8   12s
  1427  1378 -80166.319   45  464 -79795.000 -80230.150  0.55%  72.5   15s
  1740  1399 -80061.565  263  517 -79795.000 -80211.158  0.52%  77.8   20s
  1792  1435 -80193.882   52  497 -79795.000 -80193.882  0.50%  86.9   25s
  1860  1482 -79999.030  197  545 -79795.000 -80172.970  0.47%  92.0   30s
  1912  1519 -79940.442   11  450 -79795.000 -80166.348  0.47%   108   35s
H 1937  1458                    -79846.00000 -80162.672  0.40%   107   38s
H 1938  1386                    -79854.00000 -80157.057  0.38%   107   38s
  1952  1397 -80081.954  227  486 -79854.000 -80156.276  0.38%   115   40s
  1972  1412 -80156.163   75  492 -79854.000 -80156.163  0.38%   122   47s
  1985  1417 -79983.912   78  445 -79854.000 -80152.640  0.37%   122   50s
  2278  1495 -80068.654  101  394 -79854.000 -80149.475  0.37%   122   55s
  3668  2018 -79954.846  113  352 -79854.000 -80119.577  0.33%   110   60s
  4923  2254 -80091.953   91  397 -79854.000 -80105.812  0.32%   107   65s
  6000  2672 -80073.611   94  415 -79854.000 -80100.301  0.31%   107   70s
  7746  3442 -79936.503  105  300 -79854.000 -80092.226  0.30%   107   75s
  8948  4121 -79946.638  100  370 -79854.000 -80086.400  0.29%   107   80s
 10423  4788     cutoff  103      -79854.000 -80077.607  0.28%   109   86s
*10728  4772             127    -79856.00043 -80077.272  0.28%   110   86s
 11504  5051 infeasible  124      -79856.000 -80071.650  0.27%   112   90s
 12353  5709 -79871.636  120  261 -79856.000 -80067.302  0.26%   113   96s
 13579  6136 -79925.260   95  399 -79856.000 -80062.790  0.26%   114  100s
 15826  6982 -79878.917  108  283 -79856.000 -80054.568  0.25%   114  106s
 17280  7548 -79948.223  103  313 -79856.000 -80049.771  0.24%   114  110s
 19465  7906 -80028.738  102  365 -79856.000 -80043.248  0.23%   115  116s
 20139  8237 -80013.783   94  349 -79856.000 -80039.817  0.23%   116  120s
H20633  7933                    -79869.00000 -80037.651  0.21%   116  120s
 20745  7919 -80022.877  102  539 -79869.000 -80037.651  0.21%   116  146s
 20769  7935 -79982.168   93  510 -79869.000 -80037.651  0.21%   116  150s
 20784  7945 -79873.825  100  492 -79869.000 -80037.651  0.21%   116  155s
 20794  7952 -79988.556  106  499 -79869.000 -80037.651  0.21%   116  160s
 20799  7958 -80037.651   88  482 -79869.000 -80037.651  0.21%   116  169s
 20801  7959 -80037.651   89  501 -79869.000 -80037.651  0.21%   116  174s
 20805  7960 -80037.651   90  540 -79869.000 -80037.651  0.21%   117  177s
 20813  7960 -80037.651   91  504 -79869.000 -80037.651  0.21%   117  180s
 20888  7963     cutoff  103      -79869.000 -80037.651  0.21%   117  185s
 21096  7968 -80037.651   99  480 -79869.000 -80037.651  0.21%   117  190s
 21952  8159 -79975.999  117  423 -79869.000 -80037.651  0.21%   117  195s
 23005  8368 -79888.268  109  343 -79869.000 -80037.651  0.21%   116  200s
 24792  8554 -80000.225  102  415 -79869.000 -80037.651  0.21%   115  205s
 26240  8405 -79998.680  112  330 -79869.000 -80037.217  0.21%   115  210s
 27771  8066 -79885.055  115  351 -79869.000 -80016.242  0.18%   113  215s
 29418  7557 -79957.757  129  350 -79869.000 -79991.996  0.15%   112  220s
 31199  7038 -79897.672  128  410 -79869.000 -79967.359  0.12%   111  226s
 33632  6439 -79889.345  128  292 -79869.000 -79950.594  0.10%   109  230s
 35806  6150 -79884.295  129  288 -79869.000 -79938.855  0.09%   108  236s
 38269  5710 -79878.043  132  302 -79869.000 -79930.388  0.08%   107  241s
 40197  5252 -79917.960  126  386 -79869.000 -79924.750  0.07%   106  245s
 42699  4623 -79872.288  131  219 -79869.000 -79917.834  0.06%   104  250s
 46385  4127 -79885.371  123  248 -79869.000 -79909.704  0.05%   102  255s
 50482  4759 -79890.248  143  110 -79869.000 -79903.009  0.04%  98.7  260s
 54994  5100 -79892.861  131  246 -79869.000 -79902.498  0.04%  95.5  265s
 59292  5006     cutoff  161      -79869.000 -79900.208  0.04%  93.4  270s
 64589  4538 -79871.661  135  233 -79869.000 -79895.927  0.03%  90.1  275s
 68135  3756     cutoff  150      -79869.000 -79892.648  0.03%  88.8  280s
 71793  2590     cutoff  117      -79869.000 -79887.862  0.02%  87.1  285s

Cutting planes:
  Gomory: 19
  Cover: 218
  Clique: 72
  MIR: 24
  StrongCG: 10
  Flow cover: 115
  Zero half: 5
  RLT: 7
  Relax-and-lift: 1

Explored 77789 nodes (6511775 simplex iterations) in 289.99 seconds (437.50 work units)
Thread count was 4 (of 56 available processors)

Solution count 10: -79869 -79856 -79854 ... -79534

Optimal solution found (tolerance 1.00e-04)
Best objective -7.986900000000e+04, best bound -7.987500000000e+04, gap 0.0075%
