
Gurobi 9.5.0 (linux64) logging started Mon Jun 20 09:18:10 2022

Set parameter LogFile to value "/local_workspace/chenrui/LogFiles/MKAP/new0U_R5_M20_N50_seed6_DWcutsCTp_600.log"
Gurobi Optimizer version 9.5.0 build v9.5.0rc5 (linux64)
Thread count: 56 physical cores, 56 logical processors, using up to 4 threads
Optimize a model with 270 rows, 1100 columns and 3299 nonzeros
Model fingerprint: 0x91d105b4
Variable types: 0 continuous, 1100 integer (1100 binary)
Coefficient statistics:
  Matrix range     [3e-11, 1e+03]
  Objective range  [2e+01, 1e+03]
  Bounds range     [1e+00, 1e+00]
  RHS range        [1e-05, 1e+00]
Warning: Model contains large matrix coefficient range
         Consider reformulating model or setting NumericFocus parameter
         to avoid numerical issues.
Found heuristic solution: objective 0.0000000
Presolve removed 39 rows and 378 columns
Presolve time: 0.01s
Presolved: 231 rows, 722 columns, 2107 nonzeros
Found heuristic solution: objective -10387.00000
Variable types: 0 continuous, 722 integer (722 binary)

Root relaxation: objective -2.078584e+04, 860 iterations, 0.01 seconds (0.01 work units)

    Nodes    |    Current Node    |     Objective Bounds      |     Work
 Expl Unexpl |  Obj  Depth IntInf | Incumbent    BestBd   Gap | It/Node Time

     0     0 -20785.835    0   57 -10387.000 -20785.835   100%     -    0s
H    0     0                    -18908.00000 -20785.835  9.93%     -    0s
H    0     0                    -19970.00000 -20785.835  4.09%     -    0s
     0     0 -20785.835    0   73 -19970.000 -20785.835  4.09%     -    0s
H    0     0                    -20219.00000 -20785.835  2.80%     -    0s
H    0     0                    -20317.00000 -20785.835  2.31%     -    0s
     0     0 -20785.835    0   73 -20317.000 -20785.835  2.31%     -    0s
     0     0 -20785.835    0   30 -20317.000 -20785.835  2.31%     -    0s
     0     0 -20785.835    0   58 -20317.000 -20785.835  2.31%     -    0s
     0     0 -20785.835    0   72 -20317.000 -20785.835  2.31%     -    0s
     0     0 -20785.835    0   78 -20317.000 -20785.835  2.31%     -    0s
     0     0 -20785.835    0   82 -20317.000 -20785.835  2.31%     -    0s
     0     0 -20785.835    0   82 -20317.000 -20785.835  2.31%     -    0s
H    0     0                    -20366.00000 -20785.835  2.06%     -    0s
H    0     0                    -20748.00000 -20785.835  0.18%     -    0s
     0     0 -20785.835    0   31 -20748.000 -20785.835  0.18%     -    0s
     0     0 -20785.835    0   49 -20748.000 -20785.835  0.18%     -    0s
     0     0 -20785.835    0   76 -20748.000 -20785.835  0.18%     -    0s
     0     0 -20784.783    0   76 -20748.000 -20784.783  0.18%     -    0s
     0     0 -20784.783    0   87 -20748.000 -20784.783  0.18%     -    0s
     0     0 -20784.783    0   79 -20748.000 -20784.783  0.18%     -    0s
     0     0 -20784.783    0   85 -20748.000 -20784.783  0.18%     -    0s
     0     0 -20784.783    0   81 -20748.000 -20784.783  0.18%     -    0s
     0     0 -20784.783    0   31 -20748.000 -20784.783  0.18%     -    0s
     0     0 -20784.783    0   65 -20748.000 -20784.783  0.18%     -    0s
     0     0 -20784.783    0   58 -20748.000 -20784.783  0.18%     -    0s
     0     0 -20778.842    0   71 -20748.000 -20778.842  0.15%     -    0s
     0     0 -20778.842    0   76 -20748.000 -20778.842  0.15%     -    0s
     0     0 -20778.842    0   79 -20748.000 -20778.842  0.15%     -    0s
     0     0 -20778.842    0   84 -20748.000 -20778.842  0.15%     -    0s
     0     0 -20776.230    0   81 -20748.000 -20776.230  0.14%     -    0s
     0     0 -20776.230    0   79 -20748.000 -20776.230  0.14%     -    0s
     0     0 -20773.397    0   83 -20748.000 -20773.397  0.12%     -    0s
     0     0 -20773.397    0   83 -20748.000 -20773.397  0.12%     -    0s
     0     0 -20773.278    0   76 -20748.000 -20773.278  0.12%     -    0s
     0     0 -20773.278    0   74 -20748.000 -20773.278  0.12%     -    0s
     0     0 -20769.501    0   70 -20748.000 -20769.501  0.10%     -    0s
     0     0 -20769.501    0   71 -20748.000 -20769.501  0.10%     -    0s
     0     0 -20766.794    0   79 -20748.000 -20766.794  0.09%     -    0s
     0     0 -20766.794    0   82 -20748.000 -20766.794  0.09%     -    0s
     0     0 -20762.788    0   85 -20748.000 -20762.788  0.07%     -    0s
     0     0 -20762.322    0   83 -20748.000 -20762.322  0.07%     -    0s
     0     0 -20761.976    0   77 -20748.000 -20761.976  0.07%     -    0s

Cutting planes:
  Gomory: 2
  Cover: 27
  Clique: 13
  MIR: 4
  StrongCG: 4
  Mod-K: 1

Explored 1 nodes (3473 simplex iterations) in 0.26 seconds (0.14 work units)
Thread count was 4 (of 56 available processors)

Solution count 8: -20748 -20366 -20317 ... 0
No other solutions better than -20748

Optimal solution found (tolerance 1.00e-04)
Best objective -2.074800000000e+04, best bound -2.074800000000e+04, gap 0.0000%
