
Gurobi 9.5.0 (linux64) logging started Tue May  3 14:05:16 2022

Set parameter LogFile to value "/local_workspace/chenrui/LogFiles/MKAP/new0U_R25_M30_N200_seed1_DWcutsCT_600.log"
Gurobi Optimizer version 9.5.0 build v9.5.0rc5 (linux64)
Thread count: 56 physical cores, 56 logical processors, using up to 4 threads
Optimize a model with 1730 rows, 6750 columns and 20210 nonzeros
Model fingerprint: 0x44feb0de
Variable types: 0 continuous, 6750 integer (6750 binary)
Coefficient statistics:
  Matrix range     [5e-13, 4e+03]
  Objective range  [6e+00, 1e+03]
  Bounds range     [1e+00, 1e+00]
  RHS range        [3e-14, 1e+00]
Warning: Model contains large matrix coefficient range
         Consider reformulating model or setting NumericFocus parameter
         to avoid numerical issues.
Found heuristic solution: objective 0.0000000
Presolve removed 115 rows and 968 columns
Presolve time: 0.05s
Presolved: 1615 rows, 5782 columns, 17167 nonzeros
Found heuristic solution: objective -10260.00000
Variable types: 0 continuous, 5782 integer (5782 binary)

Root relaxation: objective -8.239920e+04, 8789 iterations, 0.30 seconds (0.28 work units)

    Nodes    |    Current Node    |     Objective Bounds      |     Work
 Expl Unexpl |  Obj  Depth IntInf | Incumbent    BestBd   Gap | It/Node Time

     0     0 -82399.199    0   66 -10260.000 -82399.199   703%     -    0s
H    0     0                    -77029.00000 -82399.199  6.97%     -    0s
H    0     0                    -77052.00000 -82399.199  6.94%     -    0s
H    0     0                    -77866.00000 -82399.199  5.82%     -    0s
H    0     0                    -78896.00000 -82399.199  4.44%     -    0s
     0     0 -82399.199    0  238 -78896.000 -82399.199  4.44%     -    0s
H    0     0                    -79071.00000 -82399.199  4.21%     -    0s
     0     0 -82399.199    0  217 -79071.000 -82399.199  4.21%     -    0s
     0     0 -82399.199    0  211 -79071.000 -82399.199  4.21%     -    0s
     0     0 -82399.199    0  196 -79071.000 -82399.199  4.21%     -    1s
     0     0 -82399.199    0   80 -79071.000 -82399.199  4.21%     -    1s
     0     0 -82399.199    0   54 -79071.000 -82399.199  4.21%     -    1s
     0     2 -82399.199    0   46 -79071.000 -82399.199  4.21%     -    1s
H   27    32                    -79198.00000 -82399.199  4.04%   143    2s
H   30    32                    -79422.00000 -82399.199  3.75%   137    2s
H   61    65                    -79550.00000 -82399.199  3.58%   149    3s
H   62    65                    -79671.00000 -82399.199  3.42%   146    3s
H   63    65                    -79752.00001 -82399.199  3.32%   147    3s
H  129   162                    -80176.00000 -82399.199  2.77%   125    4s
   198   202 -82399.199   30   63 -80176.000 -82399.199  2.77%   115    5s
H  199   202                    -80218.00000 -82399.199  2.72%   115    5s
H  200   202                    -80311.00000 -82399.199  2.60%   114    5s
H  269   273                    -80648.00000 -82399.199  2.17%   118    5s
H  337   380                    -80816.00000 -82399.199  1.96%   119    6s
H  664   710                    -80889.00000 -82399.199  1.87%   101    8s
H  726   805                    -80960.00000 -82399.199  1.78%   105    9s
H  758   804                    -80970.00000 -82399.199  1.77%   108    9s
   845   955 -82399.199  171  104 -80970.000 -82399.199  1.77%   109   10s
H  926   736                    -81407.00000 -82399.199  1.22%   112   10s
H 1550  1321                    -81447.00000 -82399.199  1.17%  93.9   12s
H 1605  1300                    -81524.00000 -82399.199  1.07%  94.1   12s
H 1608  1248                    -81639.00000 -82399.199  0.93%  94.2   12s
  1687  1199 -81847.962  114   74 -81639.000 -82399.199  0.93%  94.8   15s
  1768  1247 -82399.199   26  131 -81639.000 -82399.199  0.93%   115   20s
H 1781  1186                    -81705.00000 -82399.199  0.85%   115   20s
H 1783  1128                    -81712.00000 -82399.199  0.84%   115   20s
  1935  1210 -82399.199   42  116 -81712.000 -82399.199  0.84%   122   25s
H 1937  1156                    -81794.00000 -82399.199  0.74%   122   25s
H 2486  1206                    -81804.00000 -82399.199  0.73%   135   27s
  2780  1419 -82095.600  100  195 -81804.000 -82399.199  0.73%   149   31s
  3050  1483 -82399.199  124  182 -81804.000 -82399.199  0.73%   159   36s
H 3662  1930                    -81824.00000 -82399.199  0.70%   157   40s
  4851  2079 -82195.322   33  169 -81824.000 -82399.199  0.70%   146   48s
  5684  3092 -82188.782  191  111 -81824.000 -82399.199  0.70%   143   51s
  7114  4151 -82367.730   51  132 -81824.000 -82399.199  0.70%   135   55s
  8682  5375 -81897.170   82  120 -81824.000 -82399.199  0.70%   133   65s
 10256  5863 -81850.770  287   54 -81824.000 -82399.199  0.70%   130   70s
 10278  5879 -82063.199  204  311 -81824.000 -82399.110  0.70%   132   75s
 10309  5903 -81920.386  126  327 -81824.000 -82398.058  0.70%   136   80s
 10327  5918 -82398.058   72  268 -81824.000 -82398.058  0.70%   141   85s
 10336  5923 -82398.058   75  279 -81824.000 -82398.058  0.70%   141   90s
 10383  5939 -82397.709   81  140 -81824.000 -82398.058  0.70%   143   95s
 10564  6032 -82292.132   99  151 -81824.000 -82398.058  0.70%   146  100s
 10740  6104 -82395.171  112  150 -81824.000 -82398.058  0.70%   148  105s
 10959  6220 -82260.327  139  153 -81824.000 -82398.058  0.70%   151  110s
H11170  6021                    -81858.00000 -82398.058  0.66%   152  112s
 11484  6109 -82394.367  186  139 -81858.000 -82398.058  0.66%   154  116s
 11708  6311 -82394.359  215  233 -81858.000 -82398.058  0.66%   158  120s
 12222  6678 -82394.175  247  212 -81858.000 -82398.058  0.66%   161  125s
 13058  7172 -82354.326  316  195 -81858.000 -82398.058  0.66%   163  131s
 13613  7351 -82327.964  345  217 -81858.000 -82398.058  0.66%   159  135s
 14859  7803 -82270.331  455  189 -81858.000 -82397.026  0.66%   159  141s
 15837  8238 -82393.506  152  323 -81858.000 -82397.026  0.66%   161  146s
 16889  8797 -82154.665  126  286 -81858.000 -82396.838  0.66%   161  152s
H17427  8330                    -81859.00000 -82396.838  0.66%   160  152s
 17503  8762 -82092.210   93  351 -81859.000 -82396.828  0.66%   161  158s
 18043  9095 -82234.006   98  243 -81859.000 -82396.828  0.66%   160  162s
 18683  8899 -81964.270  299  255 -81859.000 -82396.828  0.66%   161  166s
H18913  8072                    -81940.00000 -82396.828  0.56%   161  169s
 19298  8634 -82377.185  208  357 -81940.000 -82396.828  0.56%   161  173s
 20239  8862 -82101.306  125  288 -81940.000 -82396.010  0.56%   159  177s
 20961  8629 -82230.734  231  298 -81940.000 -82396.010  0.56%   159  180s
 20971  8639 -82396.010   82  208 -81940.000 -82396.010  0.56%   161  186s
 20977  8644 -82396.010   84  163 -81940.000 -82396.010  0.56%   161  190s
 20989  8650 -82377.169   85  144 -81940.000 -82395.666  0.56%   161  195s
 21023  8663 -82393.912   92  130 -81940.000 -82395.666  0.56%   162  200s
 21102  8686 -82166.544  104  199 -81940.000 -82395.666  0.56%   163  205s
 21215  8730 -82324.629  122  147 -81940.000 -82395.666  0.56%   164  210s
 21369  8813 -82228.132  140  133 -81940.000 -82395.666  0.56%   166  216s
 21604  8949 -82220.079  173  190 -81940.000 -82395.666  0.56%   167  222s
 21870  9057 -82158.428  194   97 -81940.000 -82395.666  0.56%   168  226s
 22177  9290 -82163.931  257  153 -81940.000 -82395.666  0.56%   169  231s
 22611  9311 -82361.163   96  277 -81940.000 -82395.666  0.56%   169  236s
 23095  9658 -82201.066  230  193 -81940.000 -82395.666  0.56%   168  241s
 23934 10360 -82049.719  143  189 -81940.000 -82395.666  0.56%   165  246s
 25098 10767 -81989.339  115  250 -81940.000 -82395.666  0.56%   162  251s
 26096 11307 -82030.567  125  208 -81940.000 -82395.666  0.56%   161  256s
 27575 11719 -82395.666  103  223 -81940.000 -82395.666  0.56%   159  262s
 28297 12040 -82210.665  107  250 -81940.000 -82395.666  0.56%   158  267s
 29028 12546 -82108.871  134  157 -81940.000 -82395.666  0.56%   156  270s
 31080 13678 -82198.770  112  143 -81940.000 -82395.662  0.56%   152  276s
 32216 13888 -81969.793  102  230 -81940.000 -82395.657  0.56%   149  283s
 33119 14177     cutoff  169      -81940.000 -82395.653  0.56%   148  287s
 33811 15023 -82385.366  156  249 -81940.000 -82395.649  0.56%   147  291s
 35944 15519     cutoff  275      -81940.000 -82395.644  0.56%   142  296s
 36938 16107 -81979.351  198  222 -81940.000 -82395.634  0.56%   142  301s
 38461 16754 -82307.489  118  216 -81940.000 -82395.630  0.56%   140  306s
 39868 17689 -82161.122  115  197 -81940.000 -82395.626  0.56%   137  311s
 40952 18113 -82147.759  141  152 -81940.000 -82395.621  0.56%   136  316s
 42392 18909 -82312.245  140  266 -81940.000 -82395.612  0.56%   135  320s
 43141 18661 -82283.122  184   54 -81940.000 -82395.610  0.56%   134  358s
 43146 18664 -82381.139  120  256 -81940.000 -82395.610  0.56%   134  360s
 43154 18670 -82118.211  337  351 -81940.000 -82395.610  0.56%   134  365s
 43181 18688 -82298.570  123  443 -81940.000 -82356.230  0.51%   134  370s
 43190 18694 -82196.972  358  469 -81940.000 -82353.257  0.50%   134  375s
 43202 18702 -82213.126  202  473 -81940.000 -82349.728  0.50%   134  380s
 43212 18708 -82007.207  177  462 -81940.000 -82348.854  0.50%   134  385s
 43224 18716 -82288.900  212  492 -81940.000 -82347.703  0.50%   134  390s
 43233 18722 -82229.076  220  492 -81940.000 -82347.659  0.50%   134  395s
 43242 18728 -82056.107  149  526 -81940.000 -82347.497  0.50%   134  400s
 43259 18741 -81956.872  246  375 -81940.000 -82347.497  0.50%   135  405s
 43285 18758 -82345.372  139  463 -81940.000 -82345.372  0.49%   135  410s
 43297 18766 -82206.949  249  452 -81940.000 -82342.930  0.49%   135  415s
 43309 18774 -82184.846  338  405 -81940.000 -82337.777  0.49%   135  420s
 43319 18781 -82335.308  215  457 -81940.000 -82335.308  0.48%   135  425s
 43331 18789 -81955.978  177  438 -81940.000 -82333.827  0.48%   135  430s
 43340 18795 -82046.749  108  445 -81940.000 -82333.822  0.48%   135  436s
 43343 18799 -82328.205  109  416 -81940.000 -82328.205  0.47%   136  445s
 43348 18803 -82322.888  111  422 -81940.000 -82322.888  0.47%   136  454s
 43352 18804 -82321.921  112  438 -81940.000 -82321.921  0.47%   136  458s
 43356 18805 -82230.762  112  402 -81940.000 -82321.783  0.47%   136  461s
 43369 18808 -82320.701  114  387 -81940.000 -82321.548  0.47%   136  465s
 43392 18818 -82305.109  117  422 -81940.000 -82311.248  0.45%   136  470s
 43425 18836 -82302.576  120  462 -81940.000 -82304.914  0.45%   136  475s
 43534 18884 -82295.120  129  457 -81940.000 -82304.914  0.45%   136  480s
 43645 18938 -82249.639  142  407 -81940.000 -82304.914  0.45%   136  485s
 43934 19019 -82199.961  175  261 -81940.000 -82304.914  0.45%   136  490s
 44411 19160     cutoff  223      -81940.000 -82304.914  0.45%   136  495s
 45103 19331     cutoff  152      -81940.000 -82289.896  0.43%   136  500s
 46160 19822 -82199.880  143  441 -81940.000 -82286.530  0.42%   135  507s
 46859 20067 -82179.967  122  373 -81940.000 -82280.048  0.41%   135  511s
 47760 20551 -82221.758  126  227 -81940.000 -82276.212  0.41%   135  515s
 49048 21046 -82069.654  147  326 -81940.000 -82271.372  0.40%   134  522s
 49822 21380 -82172.482  124  434 -81940.000 -82270.045  0.40%   134  526s
 50839 21734 -82004.345  132  297 -81940.000 -82268.350  0.40%   134  531s
 51846 22199 -81951.098  206  241 -81940.000 -82266.420  0.40%   134  536s
 52958 22508 -82047.935  175  273 -81940.000 -82264.244  0.40%   134  541s
 53424 22951 -82157.744  136  271 -81940.000 -82261.712  0.39%   134  545s
 54869 23098 -82159.645  129  249 -81940.000 -82258.336  0.39%   134  550s
 55810 23436 -82088.264  152  351 -81940.000 -82255.780  0.39%   135  555s
 56827 23742 -82235.979  125  390 -81940.000 -82253.366  0.38%   135  560s
 57829 24141     cutoff  160      -81940.000 -82250.109  0.38%   135  565s
 59368 24620 -81950.214  185  308 -81940.000 -82246.170  0.37%   135  572s
 59798 24840 -81969.302  135  260 -81940.000 -82245.535  0.37%   136  575s
 61491 25442 -82131.854  167  271 -81940.000 -82241.667  0.37%   136  582s
 62097 25519 -82051.411  141  268 -81940.000 -82240.080  0.37%   135  585s
 63148 25938 -82102.318  136  354 -81940.000 -82238.405  0.36%   136  590s
 64369 26313 -82081.775  169  281 -81940.000 -82237.186  0.36%   136  597s
 64991 26623 -82155.650  133  274 -81940.000 -82234.717  0.36%   136  600s

Cutting planes:
  Gomory: 73
  Cover: 755
  Clique: 218
  MIR: 105
  StrongCG: 45
  Flow cover: 228
  Zero half: 25
  RLT: 16

Explored 65707 nodes (8951281 simplex iterations) in 600.01 seconds (875.77 work units)
Thread count was 4 (of 56 available processors)

Solution count 10: -81940 -81859 -81858 ... -81524

Time limit reached
Best objective -8.194000000000e+04, best bound -8.223400000000e+04, gap 0.3588%
