
Gurobi 9.5.0 (linux64) logging started Tue May  3 14:04:51 2022

Set parameter LogFile to value "/local_workspace/chenrui/LogFiles/MKAP/new0U_R10_M40_N100_seed9_DWcutsCT1_600.log"
Gurobi Optimizer version 9.5.0 build v9.5.0rc5 (linux64)
Thread count: 56 physical cores, 56 logical processors, using up to 4 threads
Optimize a model with 1232 rows, 4400 columns and 15581 nonzeros
Model fingerprint: 0x963464c4
Variable types: 0 continuous, 4400 integer (4400 binary)
Coefficient statistics:
  Matrix range     [1e-13, 1e+03]
  Objective range  [1e+00, 1e+03]
  Bounds range     [1e+00, 1e+00]
  RHS range        [1e-14, 1e+00]
Warning: Model contains large matrix coefficient range
         Consider reformulating model or setting NumericFocus parameter
         to avoid numerical issues.
Found heuristic solution: objective 0.0000000
Presolve removed 166 rows and 1692 columns
Presolve time: 0.04s
Presolved: 1066 rows, 2708 columns, 9208 nonzeros
Found heuristic solution: objective -16298.00000
Variable types: 0 continuous, 2708 integer (2708 binary)

Root relaxation: objective -3.783287e+04, 3638 iterations, 0.09 seconds (0.08 work units)

    Nodes    |    Current Node    |     Objective Bounds      |     Work
 Expl Unexpl |  Obj  Depth IntInf | Incumbent    BestBd   Gap | It/Node Time

     0     0 -37832.873    0   83 -16298.000 -37832.873   132%     -    0s
H    0     0                    -35440.00000 -37832.873  6.75%     -    0s
H    0     0                    -36179.00000 -37832.873  4.57%     -    0s
H    0     0                    -36465.00000 -37832.873  3.75%     -    0s
H    0     0                    -37021.00000 -37832.873  2.19%     -    0s
     0     0 -37832.873    0  193 -37021.000 -37832.873  2.19%     -    0s
H    0     0                    -37524.00000 -37832.873  0.82%     -    0s
     0     0 -37832.873    0  184 -37524.000 -37832.873  0.82%     -    0s
     0     0 -37832.873    0  140 -37524.000 -37832.873  0.82%     -    0s
H    0     0                    -37660.00000 -37832.873  0.46%     -    0s
     0     0 -37832.873    0  155 -37660.000 -37832.873  0.46%     -    0s
     0     0 -37832.873    0  163 -37660.000 -37832.873  0.46%     -    0s
     0     0 -37832.873    0  132 -37660.000 -37832.873  0.46%     -    0s
     0     0 -37832.873    0  132 -37660.000 -37832.873  0.46%     -    0s
H    0     0                    -37669.00000 -37832.873  0.44%     -    0s
     0     0 -37832.873    0   44 -37669.000 -37832.873  0.44%     -    0s
     0     0 -37832.873    0  153 -37669.000 -37832.873  0.44%     -    0s
     0     0 -37832.873    0  165 -37669.000 -37832.873  0.44%     -    1s
     0     0 -37832.873    0  135 -37669.000 -37832.873  0.44%     -    1s
     0     0 -37832.873    0  141 -37669.000 -37832.873  0.44%     -    1s
     0     0 -37832.873    0  135 -37669.000 -37832.873  0.44%     -    1s
     0     0 -37832.873    0  144 -37669.000 -37832.873  0.44%     -    1s
     0     0 -37832.873    0  144 -37669.000 -37832.873  0.44%     -    1s
     0     2 -37832.873    0  143 -37669.000 -37832.873  0.44%     -    1s
H  262   273                    -37698.00000 -37832.864  0.36%  56.4    2s
H  284   325                    -37744.00000 -37832.864  0.24%  56.8    2s
  1081   822 -37809.587   28  152 -37744.000 -37832.840  0.24%  56.2    5s
  3019  1788 -37818.141   33  121 -37744.000 -37832.840  0.24%  58.5   10s
  6301  4028 -37821.114   27  173 -37744.000 -37831.897  0.23%  59.2   15s
 11963  7936 -37774.780   46  123 -37744.000 -37828.894  0.22%  56.3   20s
 16634 10543 -37759.199   39   80 -37744.000 -37825.825  0.22%  55.2   25s
 20779 12560 -37809.804   38  132 -37744.000 -37823.888  0.21%  54.6   31s
 20797 12572 -37819.090   27  127 -37744.000 -37823.888  0.21%  54.6   35s
 21505 12807 -37765.847   34  108 -37744.000 -37823.888  0.21%  55.3   40s
 25964 14267 -37806.019   50  129 -37744.000 -37823.888  0.21%  53.6   45s
 32922 15669 -37773.978   53  105 -37744.000 -37818.271  0.20%  52.5   50s
 39430 17060 -37811.759   38  164 -37744.000 -37815.083  0.19%  51.7   55s
 46434 18153 -37775.022   43  105 -37744.000 -37811.320  0.18%  51.0   60s
 52671 19194 -37757.973   63  104 -37744.000 -37809.281  0.17%  50.6   65s
 60089 20340 -37774.895   50   51 -37744.000 -37806.850  0.17%  50.3   70s
 67029 23063 -37756.698   48   80 -37744.000 -37805.095  0.16%  50.0   75s
 74226 25740 -37788.286   41  119 -37744.000 -37803.213  0.16%  49.9   80s
 81473 28583 -37769.293   62  133 -37744.000 -37801.846  0.15%  49.6   85s
 86722 30723 -37757.310   52   40 -37744.000 -37801.175  0.15%  49.6   90s
 94007 33057     cutoff   62      -37744.000 -37799.864  0.15%  49.6   95s
 101777 35503     cutoff   76      -37744.000 -37798.302  0.14%  49.5  100s
 108951 37747     cutoff   67      -37744.000 -37797.009  0.14%  49.4  105s
 115802 39663 -37753.248   59   86 -37744.000 -37795.830  0.14%  49.5  110s
 123085 41740 -37765.931   56  135 -37744.000 -37794.645  0.13%  49.5  115s
 129699 43415 -37775.805   34  116 -37744.000 -37793.667  0.13%  49.4  120s
 136805 44556 -37749.001   58   85 -37744.000 -37792.933  0.13%  49.7  125s
 144485 46404 -37775.119   45  105 -37744.000 -37792.070  0.13%  49.6  130s
 150896 47817 -37779.852   51   76 -37744.000 -37791.330  0.13%  49.5  135s
 158417 49187 -37759.343   48  104 -37744.000 -37790.347  0.12%  49.5  140s
 166241 50450 -37783.802   55  140 -37744.000 -37789.226  0.12%  49.5  145s
 173512 51566 -37764.911   67  112 -37744.000 -37788.313  0.12%  49.5  150s
 181154 52655 -37763.402   59  101 -37744.000 -37787.336  0.11%  49.5  155s
 188394 53328 -37766.182   50  128 -37744.000 -37786.515  0.11%  49.6  160s
 196311 54449 -37754.069   49  127 -37744.000 -37785.587  0.11%  49.6  165s
 204209 55252 -37746.144   84   32 -37744.000 -37784.686  0.11%  49.5  170s
 210184 55902 -37774.577   74   96 -37744.000 -37784.082  0.11%  49.6  175s
 216864 56668 -37749.475   52   70 -37744.000 -37783.379  0.10%  49.5  180s
 224245 57147 -37758.908   42  147 -37744.000 -37782.631  0.10%  49.5  185s
 231726 57696 -37757.349   65  146 -37744.000 -37781.861  0.10%  49.5  190s
 239711 57981 -37750.420   45  100 -37744.000 -37780.995  0.10%  49.5  195s
 247890 58393 -37779.072   52  124 -37744.000 -37780.192  0.10%  49.4  200s
 255771 58582 -37774.585   39  147 -37744.000 -37779.430  0.09%  49.4  205s
 262667 58924 -37760.954   48  124 -37744.000 -37778.844  0.09%  49.3  210s
 270550 58627     cutoff   50      -37744.000 -37778.061  0.09%  49.3  215s
 278365 58450     cutoff   45      -37744.000 -37777.398  0.09%  49.3  220s
 286439 58198     cutoff   53      -37744.000 -37776.601  0.09%  49.3  225s
 295002 57640 -37746.772   52  141 -37744.000 -37775.782  0.08%  49.2  230s
 302042 57282 -37774.671   70   43 -37744.000 -37775.098  0.08%  49.1  235s
 308229 56699     cutoff   57      -37744.000 -37774.491  0.08%  49.1  240s
 315979 55367     cutoff   60      -37744.000 -37773.769  0.08%  49.0  245s
 324546 54026     cutoff   50      -37744.000 -37772.969  0.08%  49.0  250s
 333657 52446 -37747.262   57  138 -37744.000 -37772.092  0.07%  48.9  255s
 340848 51377     cutoff   75      -37744.000 -37771.364  0.07%  48.8  260s
 350620 49720 -37750.616   43   71 -37744.000 -37770.451  0.07%  48.7  265s
 359280 48398     cutoff   80      -37744.000 -37769.620  0.07%  48.5  270s
 368572 46498     cutoff   64      -37744.000 -37768.749  0.07%  48.4  275s
 378079 44422 -37749.710   54   92 -37744.000 -37767.801  0.06%  48.2  280s
 387012 42230     cutoff   47      -37744.000 -37766.857  0.06%  48.1  285s
 395350 40224 -37754.506   54   73 -37744.000 -37766.000  0.06%  47.9  290s
 405261 37629     cutoff   70      -37744.000 -37764.939  0.06%  47.7  295s
 414817 34840     cutoff   64      -37744.000 -37763.893  0.05%  47.5  300s
 424843 31522     cutoff   63      -37744.000 -37762.674  0.05%  47.3  305s
 435504 27806     cutoff   47      -37744.000 -37761.378  0.05%  47.1  310s
 446271 23920     cutoff   56      -37744.000 -37760.018  0.04%  46.8  315s
 455428 19739 -37755.784   45   74 -37744.000 -37758.537  0.04%  46.6  320s
 467505 13886     cutoff   69      -37744.000 -37756.412  0.03%  46.2  325s
 479020  7618     cutoff   48      -37744.000 -37753.670  0.03%  45.8  330s

Cutting planes:
  Gomory: 3
  Cover: 46
  Clique: 7
  MIR: 19
  StrongCG: 9
  Flow cover: 17
  Zero half: 3
  RLT: 5

Explored 491169 nodes (22206975 simplex iterations) in 333.57 seconds (549.33 work units)
Thread count was 4 (of 56 available processors)

Solution count 10: -37744 -37698 -37669 ... -16298

Optimal solution found (tolerance 1.00e-04)
Best objective -3.774400000000e+04, best bound -3.774600000000e+04, gap 0.0053%
