
Gurobi 9.5.0 (linux64) logging started Tue May  3 19:03:41 2022

Set parameter LogFile to value "/local_workspace/chenrui/LogFiles/MKAP/new0U_R25_M30_N200_seed5_DWcutsCT4_600.log"
Gurobi Optimizer version 9.5.0 build v9.5.0rc5 (linux64)
Thread count: 56 physical cores, 56 logical processors, using up to 4 threads
Optimize a model with 8612 rows, 6750 columns and 73214 nonzeros
Model fingerprint: 0xf78ea8e4
Variable types: 0 continuous, 6750 integer (6750 binary)
Coefficient statistics:
  Matrix range     [1e-13, 6e+03]
  Objective range  [4e+00, 1e+03]
  Bounds range     [1e+00, 1e+00]
  RHS range        [1e-16, 1e+00]
Warning: Model contains large matrix coefficient range
         Consider reformulating model or setting NumericFocus parameter
         to avoid numerical issues.
Found heuristic solution: objective 0.0000000
Presolve removed 2578 rows and 523 columns
Presolve time: 0.16s
Presolved: 6034 rows, 6227 columns, 46319 nonzeros
Found heuristic solution: objective -8851.000000
Variable types: 0 continuous, 6227 integer (6227 binary)

Root relaxation: objective -8.204433e+04, 17958 iterations, 1.64 seconds (1.53 work units)

    Nodes    |    Current Node    |     Objective Bounds      |     Work
 Expl Unexpl |  Obj  Depth IntInf | Incumbent    BestBd   Gap | It/Node Time

     0     0 -82044.333    0  284 -8851.0000 -82044.333   827%     -    1s
H    0     0                    -73044.00000 -82044.333  12.3%     -    1s
H    0     0                    -76241.00006 -82044.333  7.61%     -    1s
H    0     0                    -77794.00000 -82044.333  5.46%     -    2s
H    0     0                    -78006.00000 -82044.333  5.18%     -    2s
H    0     0                    -78329.00000 -81999.704  4.69%     -    2s
     0     0 -81999.704    0  299 -78329.000 -81999.704  4.69%     -    2s
H    0     0                    -80068.00000 -81999.704  2.41%     -    2s
H    0     0                    -80748.00000 -81999.704  1.55%     -    3s
     0     0 -81977.585    0  297 -80748.000 -81977.585  1.52%     -    3s
     0     0 -81977.260    0  316 -80748.000 -81977.260  1.52%     -    3s
     0     0 -81976.871    0  321 -80748.000 -81976.871  1.52%     -    3s
     0     0 -81976.831    0  351 -80748.000 -81976.831  1.52%     -    3s
     0     0 -81974.722    0  404 -80748.000 -81974.722  1.52%     -    3s
     0     0 -81972.794    0  324 -80748.000 -81972.794  1.52%     -    3s
     0     0 -81972.637    0  295 -80748.000 -81972.637  1.52%     -    3s
     0     0 -81972.631    0  297 -80748.000 -81972.631  1.52%     -    3s
     0     0 -81972.067    0  343 -80748.000 -81972.067  1.52%     -    4s
     0     0 -81971.473    0  347 -80748.000 -81971.473  1.52%     -    4s
     0     0 -81971.259    0  339 -80748.000 -81971.259  1.51%     -    4s
     0     0 -81971.252    0  339 -80748.000 -81971.252  1.51%     -    4s
     0     0 -81971.249    0  350 -80748.000 -81971.249  1.51%     -    4s
     0     0 -81971.248    0  340 -80748.000 -81971.248  1.51%     -    4s
     0     0 -81971.246    0  348 -80748.000 -81971.246  1.51%     -    4s
     0     0 -81971.246    0  346 -80748.000 -81971.246  1.51%     -    6s
     0     2 -81971.246    0  346 -80748.000 -81971.246  1.51%     -    6s
    10    13 -81931.841    4  428 -80748.000 -81945.414  1.48%   317   10s
H   27    30                    -80759.00000 -81945.414  1.47%   248   12s
H   28    30                    -81079.00000 -81945.414  1.07%   244   12s
    55    60 -81853.966   17  282 -81079.000 -81945.414  1.07%   217   15s
H   61    60                    -81086.00000 -81945.414  1.06%   210   15s
H   94    98                    -81167.00003 -81945.414  0.96%   197   16s
H  123   123                    -81346.00000 -81945.414  0.74%   186   17s
   202   195 -81672.587   52  120 -81346.000 -81945.414  0.74%   158   20s
H  210   202                    -81439.00000 -81945.414  0.62%   160   21s
   353   338 -81520.319   79   82 -81439.000 -81945.414  0.62%   144   25s
H  394   343                    -81477.00000 -81945.414  0.57%   137   27s
   647   519 -81827.957   15  253 -81477.000 -81938.452  0.57%   138   30s
  1091   783 -81711.446   44  346 -81477.000 -81926.824  0.55%   130   35s
  1103   791 -81651.980   69  373 -81477.000 -81926.824  0.55%   129   40s
  1124   805 -81610.568   65  411 -81477.000 -81912.680  0.53%   127   47s
  1126   806 -81903.028    9  411 -81477.000 -81912.680  0.53%   126   50s
  1127   809 -81912.680   11  414 -81477.000 -81912.680  0.53%   145   60s
  1153   825 -81911.146   16  465 -81477.000 -81912.169  0.53%   148   65s
  1230   861     cutoff   23      -81477.000 -81910.144  0.53%   151   70s
  1346   910 -81808.487   37  301 -81477.000 -81910.144  0.53%   156   75s
  1613   992 -81669.656   61  203 -81477.000 -81910.144  0.53%   162   80s
  2125  1142 -81739.368   36  275 -81477.000 -81905.974  0.53%   156   85s
  2765  1456 -81551.366   66  232 -81477.000 -81882.990  0.50%   152   90s
  3344  1664 -81779.358   26  433 -81477.000 -81872.831  0.49%   149   95s
  4148  2184 -81501.868   99  214 -81477.000 -81865.094  0.48%   144  100s
H 4166  2167                    -81489.00000 -81865.094  0.46%   144  100s
  4820  2508 -81754.341   29  266 -81489.000 -81852.826  0.45%   141  105s
  5210  2701 -81637.334   39  193 -81489.000 -81849.431  0.44%   142  110s
  5697  3012 -81781.951   25  281 -81489.000 -81843.032  0.43%   143  115s
  6115  3400 -81642.567   44  336 -81489.000 -81840.054  0.43%   143  121s
  6762  3775 -81589.150   48  200 -81489.000 -81832.971  0.42%   142  127s
  7029  3879     cutoff   26      -81489.000 -81831.527  0.42%   142  130s
  7696  4438     cutoff   47      -81489.000 -81827.547  0.42%   141  135s
  8479  4986 -81505.172   92  271 -81489.000 -81824.736  0.41%   141  140s
  9316  5598 -81703.245   51  276 -81489.000 -81822.116  0.41%   141  146s
  9792  5728     cutoff   92      -81489.000 -81821.130  0.41%   141  151s
  9965  6027 -81550.963   31  270 -81489.000 -81820.270  0.41%   141  155s
 11024  6753     cutoff   42      -81489.000 -81815.773  0.40%   142  163s
 11606  6972 -81662.188   34  367 -81489.000 -81813.026  0.40%   141  166s
 11883  7340 -81506.655   40  220 -81489.000 -81812.600  0.40%   140  170s
 12985  7853 -81751.756   41  298 -81489.000 -81810.624  0.39%   141  177s
 13202  8215 -81512.547   95  203 -81489.000 -81809.447  0.39%   140  181s
 13782  8571     cutoff   21      -81489.000 -81807.744  0.39%   140  185s
 14867  9192 -81526.263   60  270 -81489.000 -81806.172  0.39%   140  191s
 15246  9414 -81614.963   51  186 -81489.000 -81805.196  0.39%   140  195s
 16149  9951 -81713.807   34  247 -81489.000 -81802.740  0.39%   140  202s
 16745 10342     cutoff   36      -81489.000 -81801.066  0.38%   140  206s
 17366 10421 -81776.780   35  320 -81489.000 -81800.137  0.38%   139  210s
 18084 11225     cutoff   50      -81489.000 -81797.467  0.38%   139  217s
 18685 11233 -81676.350   36  429 -81489.000 -81796.720  0.38%   139  222s
 18693 11609 -81656.535   38  358 -81489.000 -81796.284  0.38%   139  226s
 19269 12027     cutoff   28      -81489.000 -81795.425  0.38%   138  230s
 20522 12973 -81711.211   36  311 -81489.000 -81792.611  0.37%   138  237s
 21209 12974 -81778.089   32  346 -81489.000 -81791.605  0.37%   137  276s
 21221 12982 -81583.336   53  526 -81489.000 -81791.605  0.37%   137  280s
 21224 12984 -81542.463   85  449 -81489.000 -81791.605  0.37%   137  287s
 21228 12987 -81641.584   81  502 -81489.000 -81791.605  0.37%   137  291s
 21231 12989 -81702.620   30  532 -81489.000 -81791.605  0.37%   137  295s
 21234 12991 -81632.609   46  524 -81489.000 -81791.605  0.37%   137  300s
 21238 12993 -81601.450   48  533 -81489.000 -81791.605  0.37%   137  305s
 21241 12995 -81595.121   39  529 -81489.000 -81791.605  0.37%   137  312s
 21243 12997 -81540.780   39  528 -81489.000 -81791.605  0.37%   137  316s
 21244 12999 -81791.605   22  532 -81489.000 -81791.605  0.37%   138  327s
 21246 13000 -81791.605   23  502 -81489.000 -81791.605  0.37%   138  338s
 21249 13001 -81791.605   24  497 -81489.000 -81791.605  0.37%   138  346s
 21257 13002 -81791.605   25  432 -81489.000 -81791.605  0.37%   138  351s
 21277 13007 -81791.605   27  385 -81489.000 -81791.605  0.37%   138  355s
 21309 13012 -81791.605   30  460 -81489.000 -81791.605  0.37%   138  360s
 21340 13016 -81784.431   36  332 -81489.000 -81791.605  0.37%   138  365s
 21380 13038 -81776.771   41  344 -81489.000 -81791.605  0.37%   139  370s
 21467 13077 -81709.463   52  307 -81489.000 -81791.605  0.37%   139  375s
 21655 13130 -81655.821   74  316 -81489.000 -81791.605  0.37%   140  380s
 21919 13167 -81723.676   41  392 -81489.000 -81791.605  0.37%   141  385s
 22075 13273 -81563.853   84  300 -81489.000 -81791.605  0.37%   141  390s
 22615 13312 -81621.236   56  356 -81489.000 -81791.605  0.37%   141  395s
 22978 13501     cutoff   58      -81489.000 -81791.605  0.37%   142  401s
 23425 13704 -81582.273   87  375 -81489.000 -81791.605  0.37%   142  405s
 24220 14007 -81618.118   36  269 -81489.000 -81791.605  0.37%   142  411s
 24686 14209 -81666.663   47  350 -81489.000 -81791.605  0.37%   142  415s
 25284 14359 -81667.097   37  307 -81489.000 -81789.433  0.37%   142  421s
 25598 14507 -81656.417   44  359 -81489.000 -81784.905  0.36%   143  426s
 26291 14746 -81688.647   46  425 -81489.000 -81782.152  0.36%   143  431s
 26849 15038 -81607.971   43  390 -81489.000 -81779.793  0.36%   143  436s
*26875 14374              69    -81489.00003 -81779.793  0.36%   143  436s
 27489 14526 -81659.931   57  264 -81489.000 -81775.341  0.35%   144  442s
 27873 14633 -81495.656   62  126 -81489.000 -81772.695  0.35%   144  445s
 28648 14902 -81502.978   43  411 -81489.000 -81768.775  0.34%   145  452s
 29063 15006 -81524.401   96  287 -81489.000 -81767.037  0.34%   146  455s
 29862 15190 -81551.470   74  369 -81489.000 -81763.865  0.34%   146  463s
 30205 15493 -81589.068   34  454 -81489.000 -81761.895  0.33%   146  467s
 30820 15624 -81678.865   39  400 -81489.000 -81760.262  0.33%   146  472s
 31332 15759 -81551.185   45  267 -81489.000 -81757.251  0.33%   146  476s
 31840 16128 -81668.384   42  405 -81489.000 -81755.641  0.33%   146  483s
 32729 16204 -81544.406   70  289 -81489.000 -81753.833  0.32%   147  487s
 33286 16265 -81608.583   44  284 -81489.000 -81752.766  0.32%   147  491s
 33733 16452 -81719.649   42  400 -81489.000 -81752.057  0.32%   147  495s
 34667 16686 -81714.220   49  387 -81489.000 -81748.796  0.32%   148  502s
 35175 16906 -81665.574   44  224 -81489.000 -81747.209  0.32%   148  506s
 35733 17058 -81651.211   39  228 -81489.000 -81746.188  0.32%   148  510s
 36304 17099 -81669.149   54  276 -81489.000 -81744.893  0.31%   148  516s
 36612 17317 -81661.877   46  407 -81489.000 -81744.467  0.31%   148  520s
 37148 17481 -81648.634   50  295 -81489.000 -81743.322  0.31%   149  525s
 38307 17844 -81519.404   84  289 -81489.000 -81739.846  0.31%   149  534s
 38908 18020 -81684.760   54  371 -81489.000 -81738.498  0.31%   150  538s
 39491 18214 -81654.019   40  283 -81489.000 -81737.623  0.31%   150  543s
 40110 18249 -81538.432   73  113 -81489.000 -81736.998  0.30%   150  547s
*40605 17405              58    -81495.00002 -81736.187  0.30%   150  547s
 40608 17655 -81649.119   38  282 -81495.000 -81735.980  0.30%   150  551s
 41068 17696 -81685.429   43  429 -81495.000 -81734.996  0.29%   151  556s
 41446 17977 -81534.557   61  327 -81495.000 -81734.385  0.29%   151  561s
 42033 18152 -81599.722   78  308 -81495.000 -81733.474  0.29%   151  565s
 42671 18470 -81625.281   37  352 -81495.000 -81732.120  0.29%   151  572s
 43521 18443 -81564.031   45  316 -81495.000 -81730.347  0.29%   151  576s
 44109 18576 -81710.544   46  292 -81495.000 -81729.460  0.29%   151  581s
 44730 18759 -81582.847   81  364 -81495.000 -81728.510  0.29%   151  585s
 45407 19034 -81595.787   52  152 -81495.000 -81727.123  0.28%   152  590s
*46277 14196              81    -81551.00002 -81726.136  0.21%   151  594s
 46678 14101     cutoff   47      -81551.000 -81725.796  0.21%   152  598s
 47124 14055 -81680.626   47  393 -81551.000 -81724.435  0.21%   152  600s

Cutting planes:
  Gomory: 54
  Lift-and-project: 1
  Cover: 183
  Clique: 21
  MIR: 93
  StrongCG: 19
  Flow cover: 126
  GUB cover: 3
  Zero half: 68
  RLT: 5

Explored 47338 nodes (7205054 simplex iterations) in 600.01 seconds (961.07 work units)
Thread count was 4 (of 56 available processors)

Solution count 10: -81551 -81495 -81489 ... -81079

Time limit reached
Best objective -8.155100000000e+04, best bound -8.172400000000e+04, gap 0.2121%
