
Gurobi 9.5.0 (linux64) logging started Sat Jun 18 18:57:41 2022

Set parameter LogFile to value "/local_workspace/chenrui/LogFiles/MKAP/new0U_R25_M20_N200_seed5_DWcutsCTp2_600.log"
Gurobi Optimizer version 9.5.0 build v9.5.0rc5 (linux64)
Thread count: 56 physical cores, 56 logical processors, using up to 4 threads
Optimize a model with 2593 rows, 4500 columns and 25024 nonzeros
Model fingerprint: 0x9877cd10
Variable types: 0 continuous, 4500 integer (4500 binary)
Coefficient statistics:
  Matrix range     [1e-13, 5e+03]
  Objective range  [4e+00, 1e+03]
  Bounds range     [1e+00, 1e+00]
  RHS range        [9e-06, 1e+00]
Warning: Model contains large matrix coefficient range
         Consider reformulating model or setting NumericFocus parameter
         to avoid numerical issues.
Found heuristic solution: objective 0.0000000
Presolve removed 61 rows and 269 columns
Presolve time: 0.05s
Presolved: 2532 rows, 4231 columns, 22037 nonzeros
Variable types: 0 continuous, 4231 integer (4231 binary)
Found heuristic solution: objective -6922.000000

Root relaxation: objective -7.497205e+04, 11845 iterations, 0.78 seconds (0.78 work units)

    Nodes    |    Current Node    |     Objective Bounds      |     Work
 Expl Unexpl |  Obj  Depth IntInf | Incumbent    BestBd   Gap | It/Node Time

     0     0 -74972.052    0  288 -6922.0000 -74972.052   983%     -    0s
H    0     0                    -74972.00000 -74972.052  0.00%     -    0s
     0     0 -74972.052    0  288 -74972.000 -74972.052  0.00%     -    0s

Explored 1 nodes (11869 simplex iterations) in 0.87 seconds (0.86 work units)
Thread count was 4 (of 56 available processors)

Solution count 3: -74972 -6922 0 
No other solutions better than -74972

Optimal solution found (tolerance 1.00e-04)
Best objective -7.497200000000e+04, best bound -7.497200000000e+04, gap 0.0000%
