
Gurobi 9.5.0 (linux64) logging started Tue May  3 13:22:11 2022

Set parameter LogFile to value "/local_workspace/chenrui/LogFiles/MKAP/new0U_R10_M10_N50_seed5_DWcutsCT1_600.log"
Gurobi Optimizer version 9.5.0 build v9.5.0rc5 (linux64)
Thread count: 56 physical cores, 56 logical processors, using up to 4 threads
Optimize a model with 341 rows, 600 columns and 2164 nonzeros
Model fingerprint: 0x47abf4d3
Variable types: 0 continuous, 600 integer (600 binary)
Coefficient statistics:
  Matrix range     [1e-13, 3e+03]
  Objective range  [4e+00, 1e+03]
  Bounds range     [1e+00, 1e+00]
  RHS range        [1e-13, 1e+00]
Warning: Model contains large matrix coefficient range
         Consider reformulating model or setting NumericFocus parameter
         to avoid numerical issues.
Found heuristic solution: objective 0.0000000
Presolve removed 59 rows and 134 columns
Presolve time: 0.01s
Presolved: 282 rows, 466 columns, 1532 nonzeros
Found heuristic solution: objective -5512.000000
Variable types: 0 continuous, 466 integer (466 binary)

Root relaxation: objective -2.034201e+04, 903 iterations, 0.01 seconds (0.01 work units)

    Nodes    |    Current Node    |     Objective Bounds      |     Work
 Expl Unexpl |  Obj  Depth IntInf | Incumbent    BestBd   Gap | It/Node Time

     0     0 -20342.006    0    7 -5512.0000 -20342.006   269%     -    0s
H    0     0                    -19983.00000 -20342.006  1.80%     -    0s
H    0     0                    -20174.00000 -20342.006  0.83%     -    0s
     0     0 -20342.006    0   10 -20174.000 -20342.006  0.83%     -    0s
     0     0 -20338.352    0   12 -20174.000 -20338.352  0.81%     -    0s
H    0     0                    -20256.00000 -20338.352  0.41%     -    0s
H    0     0                    -20321.00000 -20338.352  0.09%     -    0s

Cutting planes:
  Gomory: 2
  Clique: 12
  MIR: 2
  RLT: 1

Explored 1 nodes (1181 simplex iterations) in 0.04 seconds (0.02 work units)
Thread count was 4 (of 56 available processors)

Solution count 6: -20321 -20256 -20174 ... 0
No other solutions better than -20321

Optimal solution found (tolerance 1.00e-04)
Best objective -2.032099999999e+04, best bound -2.032100000000e+04, gap 0.0000%
