
Gurobi 9.5.0 (linux64) logging started Thu Apr 28 15:36:24 2022

Set parameter LogFile to value "/local_workspace/chenrui/LogFiles/MKAP/new0U_R10_M10_N100_seed6_DWcutsCT3_600.log"
Gurobi Optimizer version 9.5.0 build v9.5.0rc5 (linux64)
Thread count: 56 physical cores, 56 logical processors, using up to 4 threads
Optimize a model with 1000 rows, 1100 columns and 10725 nonzeros
Model fingerprint: 0x2f65806d
Variable types: 0 continuous, 1100 integer (1100 binary)
Coefficient statistics:
  Matrix range     [1e-13, 4e+03]
  Objective range  [1e+01, 1e+03]
  Bounds range     [1e+00, 1e+00]
  RHS range        [5e-13, 1e+00]
Warning: Model contains large matrix coefficient range
         Consider reformulating model or setting NumericFocus parameter
         to avoid numerical issues.
Found heuristic solution: objective 0.0000000
Presolve removed 16 rows and 0 columns
Presolve time: 0.05s
Presolved: 984 rows, 1100 columns, 10190 nonzeros
Variable types: 0 continuous, 1100 integer (1100 binary)
Found heuristic solution: objective -4334.000000

Root relaxation: objective -3.876800e+04, 2450 iterations, 0.09 seconds (0.10 work units)

    Nodes    |    Current Node    |     Objective Bounds      |     Work
 Expl Unexpl |  Obj  Depth IntInf | Incumbent    BestBd   Gap | It/Node Time

*    0     0               0    -38768.00000 -38768.000  0.00%     -    0s

Explored 1 nodes (2450 simplex iterations) in 0.15 seconds (0.15 work units)
Thread count was 4 (of 56 available processors)

Solution count 3: -38768 -4334 0 
No other solutions better than -38768

Optimal solution found (tolerance 1.00e-04)
Best objective -3.876800000000e+04, best bound -3.876800000000e+04, gap 0.0000%

Gurobi 9.5.0 (linux64) logging started Thu Apr 28 17:30:57 2022

Set parameter LogFile to value "/local_workspace/chenrui/LogFiles/MKAP/new0U_R10_M10_N100_seed6_DWcutsCT3_600.log"
Gurobi Optimizer version 9.5.0 build v9.5.0rc5 (linux64)
Thread count: 56 physical cores, 56 logical processors, using up to 4 threads
Optimize a model with 1000 rows, 1100 columns and 10725 nonzeros
Model fingerprint: 0x2f65806d
Variable types: 0 continuous, 1100 integer (1100 binary)
Coefficient statistics:
  Matrix range     [1e-13, 4e+03]
  Objective range  [1e+01, 1e+03]
  Bounds range     [1e+00, 1e+00]
  RHS range        [5e-13, 1e+00]
Warning: Model contains large matrix coefficient range
         Consider reformulating model or setting NumericFocus parameter
         to avoid numerical issues.
Found heuristic solution: objective 0.0000000
Presolve removed 16 rows and 0 columns
Presolve time: 0.05s
Presolved: 984 rows, 1100 columns, 10190 nonzeros
Variable types: 0 continuous, 1100 integer (1100 binary)
Found heuristic solution: objective -4334.000000

Root relaxation: objective -3.876800e+04, 2450 iterations, 0.09 seconds (0.10 work units)

    Nodes    |    Current Node    |     Objective Bounds      |     Work
 Expl Unexpl |  Obj  Depth IntInf | Incumbent    BestBd   Gap | It/Node Time

*    0     0               0    -38768.00000 -38768.000  0.00%     -    0s

Explored 1 nodes (2450 simplex iterations) in 0.14 seconds (0.15 work units)
Thread count was 4 (of 56 available processors)

Solution count 3: -38768 -4334 0 
No other solutions better than -38768

Optimal solution found (tolerance 1.00e-04)
Best objective -3.876800000000e+04, best bound -3.876800000000e+04, gap 0.0000%

Gurobi 9.5.0 (linux64) logging started Thu Apr 28 23:29:36 2022

Set parameter LogFile to value "/local_workspace/chenrui/LogFiles/MKAP/new0U_R10_M10_N100_seed6_DWcutsCT3_600.log"
Gurobi Optimizer version 9.5.0 build v9.5.0rc5 (linux64)
Thread count: 56 physical cores, 56 logical processors, using up to 4 threads
Optimize a model with 1000 rows, 1100 columns and 10716 nonzeros
Model fingerprint: 0xa5ad6d61
Variable types: 0 continuous, 1100 integer (1100 binary)
Coefficient statistics:
  Matrix range     [1e-13, 4e+03]
  Objective range  [1e+01, 1e+03]
  Bounds range     [1e+00, 1e+00]
  RHS range        [1e-13, 1e+00]
Warning: Model contains large matrix coefficient range
         Consider reformulating model or setting NumericFocus parameter
         to avoid numerical issues.
Found heuristic solution: objective 0.0000000
Presolve removed 16 rows and 0 columns
Presolve time: 0.05s
Presolved: 984 rows, 1100 columns, 10211 nonzeros
Variable types: 0 continuous, 1100 integer (1100 binary)
Found heuristic solution: objective -4334.000000

Root relaxation: objective -3.876800e+04, 2187 iterations, 0.08 seconds (0.09 work units)

    Nodes    |    Current Node    |     Objective Bounds      |     Work
 Expl Unexpl |  Obj  Depth IntInf | Incumbent    BestBd   Gap | It/Node Time

*    0     0               0    -38768.00000 -38768.000  0.00%     -    0s

Explored 1 nodes (2187 simplex iterations) in 0.14 seconds (0.14 work units)
Thread count was 4 (of 56 available processors)

Solution count 3: -38768 -4334 0 
No other solutions better than -38768

Optimal solution found (tolerance 1.00e-04)
Best objective -3.876799999995e+04, best bound -3.876799999995e+04, gap 0.0000%

Gurobi 9.5.0 (linux64) logging started Fri Apr 29 20:58:34 2022

Set parameter LogFile to value "/local_workspace/chenrui/LogFiles/MKAP/new0U_R10_M10_N100_seed6_DWcutsCT3_600.log"
Gurobi Optimizer version 9.5.0 build v9.5.0rc5 (linux64)
Thread count: 56 physical cores, 56 logical processors, using up to 4 threads
Optimize a model with 1000 rows, 1100 columns and 10716 nonzeros
Model fingerprint: 0xa5ad6d61
Variable types: 0 continuous, 1100 integer (1100 binary)
Coefficient statistics:
  Matrix range     [1e-13, 4e+03]
  Objective range  [1e+01, 1e+03]
  Bounds range     [1e+00, 1e+00]
  RHS range        [1e-13, 1e+00]
Warning: Model contains large matrix coefficient range
         Consider reformulating model or setting NumericFocus parameter
         to avoid numerical issues.
Found heuristic solution: objective 0.0000000
Presolve removed 16 rows and 0 columns
Presolve time: 0.05s
Presolved: 984 rows, 1100 columns, 10211 nonzeros
Variable types: 0 continuous, 1100 integer (1100 binary)
Found heuristic solution: objective -4334.000000

Root relaxation: objective -3.876800e+04, 2187 iterations, 0.08 seconds (0.09 work units)

    Nodes    |    Current Node    |     Objective Bounds      |     Work
 Expl Unexpl |  Obj  Depth IntInf | Incumbent    BestBd   Gap | It/Node Time

*    0     0               0    -38768.00000 -38768.000  0.00%     -    0s

Explored 1 nodes (2187 simplex iterations) in 0.14 seconds (0.14 work units)
Thread count was 4 (of 56 available processors)

Solution count 3: -38768 -4334 0 
No other solutions better than -38768

Optimal solution found (tolerance 1.00e-04)
Best objective -3.876799999995e+04, best bound -3.876799999995e+04, gap 0.0000%
