
Gurobi 9.5.0 (linux64) logging started Tue May  3 13:58:52 2022

Set parameter LogFile to value "/local_workspace/chenrui/LogFiles/MKAP/new0U_R25_M20_N100_seed1_DWcutsCT2_600.log"
Gurobi Optimizer version 9.5.0 build v9.5.0rc5 (linux64)
Thread count: 56 physical cores, 56 logical processors, using up to 4 threads
Optimize a model with 2023 rows, 2500 columns and 10007 nonzeros
Model fingerprint: 0xf31017ee
Variable types: 0 continuous, 2500 integer (2500 binary)
Coefficient statistics:
  Matrix range     [1e-13, 4e+03]
  Objective range  [6e+00, 1e+03]
  Bounds range     [1e+00, 1e+00]
  RHS range        [4e-15, 1e+00]
Warning: Model contains large matrix coefficient range
         Consider reformulating model or setting NumericFocus parameter
         to avoid numerical issues.
Found heuristic solution: objective 0.0000000
Presolve removed 585 rows and 479 columns
Presolve time: 0.03s
Presolved: 1438 rows, 2021 columns, 6044 nonzeros
Found heuristic solution: objective -8722.000000
Variable types: 0 continuous, 2021 integer (2021 binary)

Root relaxation: objective -4.036900e+04, 2909 iterations, 0.04 seconds (0.03 work units)

    Nodes    |    Current Node    |     Objective Bounds      |     Work
 Expl Unexpl |  Obj  Depth IntInf | Incumbent    BestBd   Gap | It/Node Time

*    0     0               0    -40369.00000 -40369.000  0.00%     -    0s

Explored 1 nodes (2909 simplex iterations) in 0.08 seconds (0.06 work units)
Thread count was 4 (of 56 available processors)

Solution count 3: -40369 -8722 0 
No other solutions better than -40369

Optimal solution found (tolerance 1.00e-04)
Best objective -4.036899999956e+04, best bound -4.036899999956e+04, gap 0.0000%
