
Gurobi 9.5.0 (linux64) logging started Fri Apr 29 08:45:18 2022

Set parameter LogFile to value "/local_workspace/chenrui/LogFiles/MKAP/new0U_R25_M10_N300_seed5_DWcuts_600.log"
Gurobi Optimizer version 9.5.0 build v9.5.0rc5 (linux64)
Thread count: 56 physical cores, 56 logical processors, using up to 4 threads
Optimize a model with 810 rows, 3250 columns and 9750 nonzeros
Model fingerprint: 0x5ebc99ad
Variable types: 0 continuous, 3250 integer (3250 binary)
Coefficient statistics:
  Matrix range     [1e+00, 1e+04]
  Objective range  [1e+00, 1e+03]
  Bounds range     [1e+00, 1e+00]
  RHS range        [3e-12, 1e+00]
Found heuristic solution: objective 0.0000000
Presolve time: 0.01s
Presolved: 810 rows, 3250 columns, 9750 nonzeros
Variable types: 0 continuous, 3250 integer (3250 binary)
Found heuristic solution: objective -5919.000000

Root relaxation: objective -6.801601e+04, 2974 iterations, 0.04 seconds (0.04 work units)

    Nodes    |    Current Node    |     Objective Bounds      |     Work
 Expl Unexpl |  Obj  Depth IntInf | Incumbent    BestBd   Gap | It/Node Time

     0     0 -68016.013    0   76 -5919.0000 -68016.013  1049%     -    0s
H    0     0                    -53597.00000 -68016.013  26.9%     -    0s
H    0     0                    -60812.00000 -68016.013  11.8%     -    0s
H    0     0                    -60834.00000 -68016.013  11.8%     -    0s
H    0     0                    -67512.00000 -68016.013  0.75%     -    0s
     0     0 -68016.013    0  141 -67512.000 -68016.013  0.75%     -    0s
H    0     0                    -67935.00000 -68016.013  0.12%     -    0s
     0     0 -68016.013    0  135 -67935.000 -68016.013  0.12%     -    0s
     0     0 -68016.013    0  174 -67935.000 -68016.013  0.12%     -    0s
     0     0 -68016.008    0   48 -67935.000 -68016.008  0.12%     -    0s
     0     0 -68016.004    0   85 -67935.000 -68016.004  0.12%     -    0s
     0     0 -68016.004    0   31 -67935.000 -68016.004  0.12%     -    0s
H    0     0                    -68016.00000 -68016.004  0.00%     -    0s
     0     0 -68016.004    0   31 -68016.000 -68016.004  0.00%     -    0s

Explored 1 nodes (8340 simplex iterations) in 0.40 seconds (0.30 work units)
Thread count was 4 (of 56 available processors)

Solution count 9: -68016 -67935 -67512 ... 0
No other solutions better than -68016

Optimal solution found (tolerance 1.00e-04)
Best objective -6.801600000000e+04, best bound -6.801600000000e+04, gap 0.0000%
