
Gurobi 9.5.0 (linux64) logging started Fri Apr 29 21:39:02 2022

Set parameter LogFile to value "/local_workspace/chenrui/LogFiles/MKAP/new0U_R10_M10_N300_seed8_DWcutsCT5_600.log"
Gurobi Optimizer version 9.5.0 build v9.5.0rc5 (linux64)
Thread count: 56 physical cores, 56 logical processors, using up to 4 threads
Optimize a model with 3454 rows, 3100 columns and 100152 nonzeros
Model fingerprint: 0x79c1c147
Variable types: 0 continuous, 3100 integer (3100 binary)
Coefficient statistics:
  Matrix range     [1e-13, 2e+04]
  Objective range  [4e+00, 1e+03]
  Bounds range     [1e+00, 1e+00]
  RHS range        [2e-16, 1e+00]
Warning: Model contains large matrix coefficient range
         Consider reformulating model or setting NumericFocus parameter
         to avoid numerical issues.
Found heuristic solution: objective 0.0000000
Presolve removed 81 rows and 110 columns
Presolve time: 0.27s
Presolved: 3373 rows, 2990 columns, 94760 nonzeros
Variable types: 0 continuous, 2990 integer (2990 binary)
Found heuristic solution: objective -11591.00000

Root relaxation: objective -1.165440e+05, 13165 iterations, 2.99 seconds (4.57 work units)

    Nodes    |    Current Node    |     Objective Bounds      |     Work
 Expl Unexpl |  Obj  Depth IntInf | Incumbent    BestBd   Gap | It/Node Time

*    0     0               0    -116544.0000 -116544.00  0.00%     -    3s

Explored 1 nodes (13165 simplex iterations) in 3.29 seconds (4.93 work units)
Thread count was 4 (of 56 available processors)

Solution count 3: -116544 -11591 0 
No other solutions better than -116544

Optimal solution found (tolerance 1.00e-04)
Best objective -1.165439999982e+05, best bound -1.165439999982e+05, gap 0.0000%
