
Gurobi 9.5.0 (linux64) logging started Mon Jun 20 09:27:25 2022

Set parameter LogFile to value "/local_workspace/chenrui/LogFiles/MKAP/new0U_R10_M30_N50_seed5_DWcutsCTp3_600.log"
Gurobi Optimizer version 9.5.0 build v9.5.0rc5 (linux64)
Thread count: 56 physical cores, 56 logical processors, using up to 4 threads
Optimize a model with 869 rows, 1800 columns and 5936 nonzeros
Model fingerprint: 0x8f63541f
Variable types: 0 continuous, 1800 integer (1800 binary)
Coefficient statistics:
  Matrix range     [5e-10, 1e+03]
  Objective range  [4e+00, 1e+03]
  Bounds range     [1e+00, 1e+00]
  RHS range        [1e-05, 1e+00]
Warning: Model contains large matrix coefficient range
         Consider reformulating model or setting NumericFocus parameter
         to avoid numerical issues.
Found heuristic solution: objective 0.0000000
Presolve removed 377 rows and 998 columns
Presolve time: 0.01s
Presolved: 492 rows, 802 columns, 2394 nonzeros
Found heuristic solution: objective -13674.00000
Variable types: 0 continuous, 802 integer (802 binary)

Root relaxation: objective -1.845500e+04, 472 iterations, 0.00 seconds (0.00 work units)

    Nodes    |    Current Node    |     Objective Bounds      |     Work
 Expl Unexpl |  Obj  Depth IntInf | Incumbent    BestBd   Gap | It/Node Time

*    0     0               0    -18455.00000 -18455.000  0.00%     -    0s

Explored 1 nodes (711 simplex iterations) in 0.02 seconds (0.02 work units)
Thread count was 4 (of 56 available processors)

Solution count 3: -18455 -13674 0 
No other solutions better than -18455

Optimal solution found (tolerance 1.00e-04)
Best objective -1.845500000008e+04, best bound -1.845500000008e+04, gap 0.0000%
