
Gurobi 9.5.0 (linux64) logging started Tue May  3 13:23:54 2022

Set parameter LogFile to value "/local_workspace/chenrui/LogFiles/MKAP/new0U_R10_M40_N50_seed2_DWcutsCT_600.log"
Gurobi Optimizer version 9.5.0 build v9.5.0rc5 (linux64)
Thread count: 56 physical cores, 56 logical processors, using up to 4 threads
Optimize a model with 890 rows, 2400 columns and 7139 nonzeros
Model fingerprint: 0x282d4bba
Variable types: 0 continuous, 2400 integer (2400 binary)
Coefficient statistics:
  Matrix range     [3e-08, 1e+03]
  Objective range  [4e+01, 1e+03]
  Bounds range     [1e+00, 1e+00]
  RHS range        [1e+00, 1e+00]
Found heuristic solution: objective 0.0000000
Presolve removed 737 rows and 1842 columns
Presolve time: 0.01s
Presolved: 153 rows, 558 columns, 1219 nonzeros
Found heuristic solution: objective -9962.000000
Variable types: 0 continuous, 558 integer (558 binary)

Root relaxation: objective -1.218800e+04, 57 iterations, 0.00 seconds (0.00 work units)

    Nodes    |    Current Node    |     Objective Bounds      |     Work
 Expl Unexpl |  Obj  Depth IntInf | Incumbent    BestBd   Gap | It/Node Time

     0     0 -12188.000    0    3 -9962.0000 -12188.000  22.3%     -    0s
H    0     0                    -12188.00000 -12188.000  0.00%     -    0s
     0     0 -12188.000    0    3 -12188.000 -12188.000  0.00%     -    0s

Explored 1 nodes (57 simplex iterations) in 0.01 seconds (0.01 work units)
Thread count was 4 (of 56 available processors)

Solution count 3: -12188 -9962 0 
No other solutions better than -12188

Optimal solution found (tolerance 1.00e-04)
Best objective -1.218800000000e+04, best bound -1.218800000000e+04, gap 0.0000%
