
Gurobi 9.5.0 (linux64) logging started Sun Jun 19 11:35:43 2022

Set parameter LogFile to value "/local_workspace/chenrui/LogFiles/MKAP/new0U_R25_M30_N300_seed5_DWcutsCTp5_600.log"
Gurobi Optimizer version 9.5.0 build v9.5.0rc5 (linux64)
Thread count: 56 physical cores, 56 logical processors, using up to 4 threads
Optimize a model with 18647 rows, 9750 columns and 237955 nonzeros
Model fingerprint: 0x345e0971
Variable types: 0 continuous, 9750 integer (9750 binary)
Coefficient statistics:
  Matrix range     [1e-13, 2e+04]
  Objective range  [1e+00, 1e+03]
  Bounds range     [1e+00, 1e+00]
  RHS range        [1e-05, 1e+00]
Warning: Model contains large matrix coefficient range
         Consider reformulating model or setting NumericFocus parameter
         to avoid numerical issues.
Found heuristic solution: objective 0.0000000
Presolve removed 3277 rows and 578 columns
Presolve time: 0.70s
Presolved: 15370 rows, 9172 columns, 183509 nonzeros
Variable types: 0 continuous, 9172 integer (9172 binary)
Found heuristic solution: objective -7727.000000

Root simplex log...

Iteration    Objective       Primal Inf.    Dual Inf.      Time
   21068   -1.2190703e+05   8.241919e+04   0.000000e+00      5s
   31362   -1.2132790e+05   0.000000e+00   0.000000e+00     10s

Root relaxation: objective -1.213279e+05, 31362 iterations, 8.97 seconds (14.27 work units)

    Nodes    |    Current Node    |     Objective Bounds      |     Work
 Expl Unexpl |  Obj  Depth IntInf | Incumbent    BestBd   Gap | It/Node Time

     0     0 -121327.90    0  737 -7727.0000 -121327.90  1470%     -    9s
H    0     0                    -97066.00000 -121327.90  25.0%     -    9s
H    0     0                    -116185.0001 -121327.90  4.43%     -   10s
H    0     0                    -116878.0001 -121327.90  3.81%     -   10s
H    0     0                    -116947.0000 -121327.90  3.75%     -   10s
H    0     0                    -117249.0000 -121327.25  3.48%     -   11s
H    0     0                    -119184.0000 -121327.25  1.80%     -   11s
     0     0 -121327.25    0  805 -119184.00 -121327.25  1.80%     -   11s
H    0     0                    -119305.0000 -121327.25  1.70%     -   15s
H    0     0                    -119509.0000 -121327.25  1.52%     -   16s
     0     0 -121327.00    0  805 -119509.00 -121327.00  1.52%     -   16s
     0     0 -121327.00    0  802 -119509.00 -121327.00  1.52%     -   16s
H    0     0                    -119895.0000 -121327.00  1.19%     -   17s
     0     0 -121327.00    0  797 -119895.00 -121327.00  1.19%     -   17s
     0     0 -121326.10    0  835 -119895.00 -121326.10  1.19%     -   18s
     0     0 -121325.94    0  811 -119895.00 -121325.94  1.19%     -   18s
     0     0 -121325.94    0  808 -119895.00 -121325.94  1.19%     -   18s
     0     0 -121325.51    0  833 -119895.00 -121325.51  1.19%     -   19s
H    0     0                    -119928.0000 -121325.51  1.17%     -   20s
     0     0 -121325.51    0  836 -119928.00 -121325.51  1.17%     -   20s
     0     0 -121325.51    0  839 -119928.00 -121325.51  1.17%     -   20s
     0     0 -121324.50    0  872 -119928.00 -121324.50  1.16%     -   21s
     0     0 -121324.46    0  817 -119928.00 -121324.46  1.16%     -   21s
     0     0 -121324.46    0  836 -119928.00 -121324.46  1.16%     -   21s
     0     0 -121323.64    0  874 -119928.00 -121323.64  1.16%     -   21s
H    0     0                    -120126.0000 -121323.64  1.00%     -   23s
     0     0 -121323.62    0  813 -120126.00 -121323.62  1.00%     -   23s
     0     0 -121323.62    0  835 -120126.00 -121323.62  1.00%     -   23s
     0     0 -121323.44    0  778 -120126.00 -121323.44  1.00%     -   24s
     0     0 -121323.44    0  772 -120126.00 -121323.44  1.00%     -   24s
     0     0 -121323.33    0  777 -120126.00 -121323.33  1.00%     -   24s
     0     0 -121323.29    0  796 -120126.00 -121323.29  1.00%     -   24s
     0     0 -121323.29    0  797 -120126.00 -121323.29  1.00%     -   24s
     0     0 -121323.15    0  799 -120126.00 -121323.15  1.00%     -   25s
     0     0 -121323.15    0  804 -120126.00 -121323.15  1.00%     -   25s
     0     0 -121323.05    0  785 -120126.00 -121323.05  1.00%     -   25s
     0     0 -121323.05    0  785 -120126.00 -121323.05  1.00%     -   34s
     0     2 -121323.05    0  785 -120126.00 -121323.05  1.00%     -   37s
     1     4 -121317.68    1  971 -120126.00 -121323.05  1.00%  1816   52s
     7    10 -121303.46    3  906 -120126.00 -121320.97  0.99%   660   56s
    11    14 -121299.14    4  905 -120126.00 -121320.26  0.99%   783   61s
    23    24 -121247.99    6  890 -120126.00 -121320.26  0.99%  1181   65s
H   27    28                    -120251.0000 -121320.26  0.89%  1130   71s
    38    41 -121237.39   10  960 -120251.00 -121320.26  0.89%   977   75s
    50    54 -121224.02   14  845 -120251.00 -121320.26  0.89%   966   80s
    57    58 -121216.13   16  828 -120251.00 -121320.26  0.89%   964   85s
    78    87 -121211.45   19  820 -120251.00 -121320.26  0.89%   878   91s
    90    91 -121202.40   21  844 -120251.00 -121320.26  0.89%   837   96s
H   92    91                    -120291.0000 -121320.26  0.86%   821   96s
   118   123 -121188.96   29  854 -120291.00 -121320.26  0.86%   776  101s
   147   162 -121185.39   36  697 -120291.00 -121320.26  0.86%   741  106s
H  164   162                    -120376.0000 -121320.26  0.78%   694  106s
   184   199 -121153.36   45  660 -120376.00 -121320.26  0.78%   672  111s
H  204   219                    -120421.0000 -121320.26  0.75%   662  113s
   226   242 -121150.55   50  659 -120421.00 -121320.26  0.75%   639  115s
H  253   251                    -120462.0000 -121320.26  0.71%   623  117s
   308   314 -121127.16   62  622 -120462.00 -121320.26  0.71%   579  122s
H  309   311                    -120520.0000 -121320.26  0.66%   577  122s
   361   377 -121087.20   73  528 -120520.00 -121320.26  0.66%   555  125s
   397   403 -121113.39   75  569 -120520.00 -121320.26  0.66%   528  130s
H  475   451                    -120531.0000 -121320.26  0.65%   504  136s
H  476   448                    -120713.0000 -121320.26  0.50%   503  136s
   555   572 -121070.13  103  431 -120713.00 -121320.26  0.50%   457  140s
   689   661 -120978.84  130  328 -120713.00 -121320.26  0.50%   418  149s
   764   669 -120796.01  152  236 -120713.00 -121320.26  0.50%   399  152s
   840   757 -121171.35   46  492 -120713.00 -121303.43  0.49%   400  157s
  1008   950 -121266.47    5  823 -120713.00 -121303.14  0.49%   392  162s
  1133   951 -121183.32   37  785 -120713.00 -121303.14  0.49%   372  176s
  1135   952 -121152.88   40  790 -120713.00 -121303.14  0.49%   372  186s
  1140   956 -121238.95   13  823 -120713.00 -121303.14  0.49%   370  190s
  1146   960 -121256.11   17  852 -120713.00 -121303.14  0.49%   368  201s
  1148   961 -121218.68   24  852 -120713.00 -121303.13  0.49%   368  223s
  1149   965 -121303.13   16  863 -120713.00 -121303.13  0.49%   411  262s
  1151   966 -121303.13   17  782 -120713.00 -121303.13  0.49%   412  270s
  1171   979 -121191.34   20  835 -120713.00 -121303.13  0.49%   420  276s
  1181   986 -121207.68   21  898 -120713.00 -121303.13  0.49%   423  281s
  1194   993 -121303.13   22  784 -120713.00 -121303.13  0.49%   430  285s
  1209  1004 -121279.64   23  752 -120713.00 -121303.13  0.49%   432  290s
  1240  1011 -121277.41   26  650 -120713.00 -121303.13  0.49%   437  298s
  1256  1023 -121273.53   28  738 -120713.00 -121303.13  0.49%   446  300s
  1297  1043 -121262.61   32  693 -120713.00 -121303.13  0.49%   455  306s
  1326  1046 -121255.50   38  705 -120713.00 -121303.13  0.49%   460  310s
  1367  1069 -121252.55   42  661 -120713.00 -121303.13  0.49%   468  315s
  1387  1079 -121249.58   45  539 -120713.00 -121303.13  0.49%   473  322s
  1421  1097 -121242.58   50  531 -120713.00 -121303.13  0.49%   479  326s
  1483  1101 -120746.77   59  520 -120713.00 -121303.13  0.49%   483  331s
  1524  1127 -121179.99   65  553 -120713.00 -121303.13  0.49%   491  336s
  1591  1157 -121176.04   73  538 -120713.00 -121303.13  0.49%   499  341s
  1649  1201 -121168.48   81  478 -120713.00 -121303.13  0.49%   507  345s
  1744  1252     cutoff   98      -120713.00 -121303.13  0.49%   511  350s
  1794  1289 -120753.58  109  313 -120713.00 -121303.13  0.49%   513  359s
  1858  1351 -120914.71  123  322 -120713.00 -121303.13  0.49%   511  361s
  2049  1399     cutoff  162      -120713.00 -121303.13  0.49%   494  367s
  2128  1458 -121252.03   30  753 -120713.00 -121303.13  0.49%   488  370s
  2365  1617 -121076.25   67  429 -120713.00 -121303.13  0.49%   466  375s
  2670  1627 -121220.66   28  680 -120713.00 -121301.81  0.49%   439  381s
  2734  1609 -121205.91   37  656 -120713.00 -121301.81  0.49%   441  389s
  2738  1634 -121199.71   36  621 -120713.00 -121301.81  0.49%   441  392s
H 2753  1579                    -120717.0000 -121301.81  0.48%   442  392s
  2766  1652 -121148.19   41  599 -120717.00 -121301.81  0.48%   443  396s
  2980  1806 -121039.04   77  435 -120717.00 -121301.81  0.48%   434  402s
  3102  1885 -120900.58  122  260 -120717.00 -121300.45  0.48%   430  406s
  3277  1884 -121188.67   32  756 -120717.00 -121300.41  0.48%   420  412s
  3360  1890     cutoff   45      -120717.00 -121300.41  0.48%   420  419s
  3403  1996     cutoff   56      -120717.00 -121299.40  0.48%   420  423s
  3546  1971 -121186.38   35  773 -120717.00 -121299.40  0.48%   417  427s
  3586  2046 -121156.69   41  750 -120717.00 -121299.40  0.48%   415  431s
  3687  2092 -121044.15   64  649 -120717.00 -121299.40  0.48%   416  435s
  3776  2106 -121004.44   80  536 -120717.00 -121299.40  0.48%   419  441s
  3828  2209 -120986.75   89  432 -120717.00 -121292.69  0.48%   418  446s
  3982  2241 -121198.27   29  706 -120717.00 -121288.71  0.47%   415  451s
  4037  2337 -121119.33   42  638 -120717.00 -121288.71  0.47%   417  457s
  4146  2468 -121063.65   61  586 -120717.00 -121288.03  0.47%   420  463s
  4322  2627 -121188.15   35  677 -120717.00 -121287.54  0.47%   416  470s
  4535  2724 -120754.24   72  439 -120717.00 -121285.48  0.47%   413  476s
  4679  2849 -121229.58   26  859 -120717.00 -121285.48  0.47%   415  483s
  4822  3070     cutoff   44      -120717.00 -121285.48  0.47%   417  491s
  5069  3259 -120997.28   65  547 -120717.00 -121283.95  0.47%   415  499s
  5372  3344 -121233.77   30  761 -120717.00 -121282.33  0.47%   409  507s
  5491  3445 -121151.88   41  735 -120717.00 -121282.33  0.47%   417  516s
  5643  3599 -121106.81   64  420 -120717.00 -121282.33  0.47%   424  525s
  5907  3603 -121102.63   25  773 -120717.00 -121282.15  0.47%   423  534s
  5911  3822 -121092.60   26  780 -120717.00 -121281.93  0.47%   423  543s
  6248  4036 -121268.32   31  697 -120717.00 -121280.43  0.47%   419  553s
  6553  4168 -121034.74   32  750 -120717.00 -121279.48  0.47%   419  563s
  6818  4287 -121225.57   32  760 -120717.00 -121279.14  0.47%   421  574s
  7024  4377 -121161.92   49  704 -120717.00 -121279.14  0.47%   427  584s
  7156  4574 -121133.90   65  583 -120717.00 -121279.14  0.47%   436  596s
  7457  4665 -121035.95   87  456 -120717.00 -121279.14  0.47%   439  600s

Cutting planes:
  Gomory: 1
  Cover: 121
  Clique: 16
  MIR: 3
  StrongCG: 2
  GUB cover: 1
  Mod-K: 1
  RLT: 6

Explored 7587 nodes (3363348 simplex iterations) in 600.01 seconds (1247.80 work units)
Thread count was 4 (of 56 available processors)

Solution count 10: -120717 -120713 -120531 ... -120126

Time limit reached
Best objective -1.207170000000e+05, best bound -1.212790000000e+05, gap 0.4656%
