
Gurobi 9.5.0 (linux64) logging started Tue May  3 16:31:18 2022

Set parameter LogFile to value "/local_workspace/chenrui/LogFiles/MKAP/new0U_R10_M30_N50_seed9_original_600.log"
Gurobi Optimizer version 9.5.0 build v9.5.0rc5 (linux64)
Thread count: 56 physical cores, 56 logical processors, using up to 4 threads
Optimize a model with 380 rows, 1800 columns and 3600 nonzeros
Model fingerprint: 0x740debb4
Variable types: 0 continuous, 1800 integer (1800 binary)
Coefficient statistics:
  Matrix range     [1e+00, 1e+03]
  Objective range  [9e+00, 1e+03]
  Bounds range     [1e+00, 1e+00]
  RHS range        [1e+00, 1e+00]
Found heuristic solution: objective 0.0000000
Presolve removed 173 rows and 1046 columns
Presolve time: 0.01s
Presolved: 207 rows, 754 columns, 1508 nonzeros
Variable types: 0 continuous, 754 integer (754 binary)
Found heuristic solution: objective -14465.00000

Root relaxation: objective -1.633421e+04, 238 iterations, 0.00 seconds (0.00 work units)

    Nodes    |    Current Node    |     Objective Bounds      |     Work
 Expl Unexpl |  Obj  Depth IntInf | Incumbent    BestBd   Gap | It/Node Time

     0     0 -16334.207    0    7 -14465.000 -16334.207  12.9%     -    0s
H    0     0                    -16302.00000 -16334.207  0.20%     -    0s

Explored 1 nodes (477 simplex iterations) in 0.02 seconds (0.01 work units)
Thread count was 4 (of 56 available processors)

Solution count 3: -16302 -14465 0 
No other solutions better than -16302

Optimal solution found (tolerance 1.00e-04)
Best objective -1.630200000000e+04, best bound -1.630200000000e+04, gap 0.0000%
