
Gurobi 9.5.0 (linux64) logging started Tue May  3 13:59:59 2022

Set parameter LogFile to value "/local_workspace/chenrui/LogFiles/MKAP/new0U_R25_M20_N100_seed4_DWcutsCT1_600.log"
Gurobi Optimizer version 9.5.0 build v9.5.0rc5 (linux64)
Thread count: 56 physical cores, 56 logical processors, using up to 4 threads
Optimize a model with 1469 rows, 2500 columns and 8637 nonzeros
Model fingerprint: 0x112fde98
Variable types: 0 continuous, 2500 integer (2500 binary)
Coefficient statistics:
  Matrix range     [1e-13, 3e+03]
  Objective range  [1e+01, 1e+03]
  Bounds range     [1e+00, 1e+00]
  RHS range        [1e-14, 1e+00]
Warning: Model contains large matrix coefficient range
         Consider reformulating model or setting NumericFocus parameter
         to avoid numerical issues.
Found heuristic solution: objective 0.0000000
Presolve removed 360 rows and 626 columns
Presolve time: 0.03s
Presolved: 1109 rows, 1874 columns, 5903 nonzeros
Found heuristic solution: objective -10867.00000
Variable types: 0 continuous, 1874 integer (1874 binary)

Root relaxation: objective -3.338001e+04, 3192 iterations, 0.06 seconds (0.05 work units)

    Nodes    |    Current Node    |     Objective Bounds      |     Work
 Expl Unexpl |  Obj  Depth IntInf | Incumbent    BestBd   Gap | It/Node Time

     0     0 -33380.006    0   36 -10867.000 -33380.006   207%     -    0s
H    0     0                    -33124.00000 -33380.006  0.77%     -    0s
H    0     0                    -33150.00000 -33380.006  0.69%     -    0s
     0     0 -33380.006    0   40 -33150.000 -33380.006  0.69%     -    0s
*    0     0               0    -33351.00000 -33351.000  0.00%     -    0s

Explored 1 nodes (4291 simplex iterations) in 0.18 seconds (0.12 work units)
Thread count was 4 (of 56 available processors)

Solution count 5: -33351 -33150 -33124 ... 0
No other solutions better than -33351

Optimal solution found (tolerance 1.00e-04)
Best objective -3.335100000000e+04, best bound -3.335100000000e+04, gap 0.0000%
