
Gurobi 9.5.0 (linux64) logging started Tue May  3 13:17:21 2022

Set parameter LogFile to value "/local_workspace/chenrui/LogFiles/MKAP/new0U_R2_M40_N50_seed6_DWcutsCT_600.log"
Gurobi Optimizer version 9.5.0 build v9.5.0rc5 (linux64)
Thread count: 56 physical cores, 56 logical processors, using up to 4 threads
Optimize a model with 250 rows, 2080 columns and 6215 nonzeros
Model fingerprint: 0x9365af7f
Variable types: 0 continuous, 2080 integer (2080 binary)
Coefficient statistics:
  Matrix range     [2e-08, 1e+03]
  Objective range  [2e+01, 1e+03]
  Bounds range     [1e+00, 1e+00]
  RHS range        [9e-09, 1e+00]
Found heuristic solution: objective 0.0000000
Presolve removed 93 rows and 1514 columns
Presolve time: 0.01s
Presolved: 157 rows, 566 columns, 1664 nonzeros
Found heuristic solution: objective -15633.00000
Variable types: 0 continuous, 566 integer (566 binary)

Root relaxation: objective -1.629400e+04, 244 iterations, 0.00 seconds (0.00 work units)

    Nodes    |    Current Node    |     Objective Bounds      |     Work
 Expl Unexpl |  Obj  Depth IntInf | Incumbent    BestBd   Gap | It/Node Time

H    0     0                    -16294.00000 -286215.00  1657%     -    0s
     0     0          -    0      -16294.000 -16294.000  0.00%     -    0s

Explored 1 nodes (285 simplex iterations) in 0.01 seconds (0.01 work units)
Thread count was 4 (of 56 available processors)

Solution count 3: -16294 -15633 0 
No other solutions better than -16294

Optimal solution found (tolerance 1.00e-04)
Best objective -1.629400000000e+04, best bound -1.629400000000e+04, gap 0.0000%
