
Gurobi 9.5.0 (linux64) logging started Fri Apr 15 16:45:42 2022

Set parameter LogFile to value "/local_workspace/chenrui/LogFiles/MKAP/new0U_R10_M20_N200_seed1_original_600.log"
Gurobi Optimizer version 9.5.0 build v9.5.0rc5 (linux64)
Thread count: 56 physical cores, 56 logical processors, using up to 4 threads
Optimize a model with 420 rows, 4200 columns and 8400 nonzeros
Model fingerprint: 0x49015769
Variable types: 0 continuous, 4200 integer (4200 binary)
Coefficient statistics:
  Matrix range     [1e+00, 5e+03]
  Objective range  [6e+00, 1e+03]
  Bounds range     [1e+00, 1e+00]
  RHS range        [1e+00, 1e+00]
Found heuristic solution: objective 0.0000000
Presolve removed 23 rows and 486 columns
Presolve time: 0.02s
Presolved: 397 rows, 3714 columns, 7428 nonzeros
Variable types: 0 continuous, 3714 integer (3714 binary)
Found heuristic solution: objective -48215.00000

Root relaxation: objective -8.451738e+04, 1404 iterations, 0.02 seconds (0.02 work units)

    Nodes    |    Current Node    |     Objective Bounds      |     Work
 Expl Unexpl |  Obj  Depth IntInf | Incumbent    BestBd   Gap | It/Node Time

     0     0 -84517.381    0   34 -48215.000 -84517.381  75.3%     -    0s
H    0     0                    -81829.00000 -84517.381  3.29%     -    0s
H    0     0                    -81883.00000 -84517.381  3.22%     -    0s
H    0     0                    -82068.00000 -84517.381  2.98%     -    0s
     0     0 -84517.381    0  166 -82068.000 -84517.381  2.98%     -    0s
H    0     0                    -82105.00000 -84517.381  2.94%     -    0s
     0     0 -84517.381    0  161 -82105.000 -84517.381  2.94%     -    0s
H    0     0                    -82380.00000 -84517.381  2.59%     -    0s
     0     0 -84517.381    0   87 -82380.000 -84517.381  2.59%     -    0s
     0     0 -84517.381    0   83 -82380.000 -84517.381  2.59%     -    0s
     0     2 -84517.381    0   75 -82380.000 -84517.381  2.59%     -    0s
H   81    81                    -82409.00000 -84517.381  2.56%  32.8    0s
H   82    81                    -82650.00000 -84517.381  2.26%  32.5    0s
H  765   717                    -82660.00000 -84517.381  2.25%  16.4    1s
H 1472  1325                    -82894.00000 -84517.381  1.96%  14.1    2s
H 1475  1260                    -83144.00000 -84499.600  1.63%  14.1    2s
  1496  1280 -84497.900   26   93 -83144.000 -84497.900  1.63%  29.9    5s
H 2549  1787                    -83164.00000 -84497.900  1.60%  26.9    7s
H 3190  1993                    -83192.00000 -84497.900  1.57%  23.0    7s
H 3213  1918                    -83201.00000 -84497.900  1.56%  23.0    7s
H 4449  2245                    -83229.00000 -84497.900  1.52%  20.1    8s
H 6418  3609                    -83268.00000 -84497.900  1.48%  18.0    8s
H 8635  4857                    -83327.00000 -84497.900  1.41%  17.9    9s
  8636  5299 -83540.240   96   65 -83327.000 -84497.900  1.41%  17.9   10s
 16908 11640 -83615.794  136   38 -83327.000 -84497.900  1.41%  19.2   15s
H19429 12690                    -83368.00000 -84497.900  1.36%  19.8   16s
 20911 13776 -83491.740  114   83 -83368.000 -84497.900  1.36%  20.5   20s
H20918 13091                    -83396.00000 -84497.900  1.32%  20.5   22s
 20925 13095 -83667.274  174  109 -83396.000 -84497.900  1.32%  20.5   25s
H21389 12742                    -83424.00000 -84497.900  1.29%  21.6   28s
 22396 13341 -83741.892  110   63 -83424.000 -84497.900  1.29%  21.4   30s
H22493 12685                    -83461.00000 -84497.900  1.24%  21.3   30s
 29560 16036 -84491.901   80   88 -83461.000 -84497.900  1.24%  20.9   35s
H29812 14822                    -83559.00000 -84497.900  1.12%  21.0   35s
H32182 15081                    -83588.00000 -84497.900  1.09%  20.9   36s
H32603 14609                    -83629.00000 -84497.900  1.04%  21.0   37s
 36213 16051 -83891.465  142   90 -83629.000 -84497.900  1.04%  21.9   40s
 42907 19155 -84329.024   91   83 -83629.000 -84497.900  1.04%  23.6   45s
 48412 21155     cutoff   79      -83629.000 -84497.900  1.04%  24.6   50s
 55350 25404 -84457.244   71   91 -83629.000 -84497.900  1.04%  25.5   55s
 59094 27817 -84489.598   60  111 -83629.000 -84497.900  1.04%  26.6   60s
 63460 31930 -84285.562   65  230 -83629.000 -84497.900  1.04%  27.4   65s
 67604 34513 -84475.289   59  135 -83629.000 -84497.900  1.04%  29.2   70s
 71322 38011 -84269.162  139   78 -83629.000 -84497.900  1.04%  30.5   75s
H73649 33557                    -83774.00000 -84497.900  0.86%  30.9   77s
 75600 35011     cutoff   82      -83774.000 -84497.900  0.86%  31.5   80s
 79000 37415 -84029.339   91  102 -83774.000 -84497.900  0.86%  32.8   85s
 82393 40325 -84435.619   69   89 -83774.000 -84497.900  0.86%  34.0   90s
 85809 42358 -83916.596   87  108 -83774.000 -84497.900  0.86%  35.1   95s
 89088 44733 -84496.711   62  119 -83774.000 -84497.900  0.86%  36.4  100s
 92045 46945 -84451.919   63  167 -83774.000 -84497.900  0.86%  37.6  105s
 94124 49418 -84495.920   65  123 -83774.000 -84497.900  0.86%  38.6  111s
 98599 51641 -83813.879  100   74 -83774.000 -84497.900  0.86%  39.4  115s
 101666 54045 -84477.281   79  174 -83774.000 -84497.900  0.86%  40.2  120s
 104948 56449 -84497.900   44  236 -83774.000 -84497.900  0.86%  41.2  125s
 106745 58413 -84391.855  119   63 -83774.000 -84497.900  0.86%  41.6  130s
 110242 60463 -84497.900   52  210 -83774.000 -84497.900  0.86%  42.5  135s
 112966 62303 -84177.917   92  119 -83774.000 -84497.879  0.86%  43.5  140s
 115345 66697 -84300.124   86  166 -83774.000 -84497.879  0.86%  44.2  149s
 119349 66785 -84305.204   65  116 -83774.000 -84497.872  0.86%  45.3  150s
 122338 69368 -84345.968   56  150 -83774.000 -84497.872  0.86%  45.7  155s
 126170 72054 -84252.583   72  167 -83774.000 -84497.872  0.86%  46.3  160s
 129175 74310 -84442.190   71  149 -83774.000 -84497.872  0.86%  46.8  165s
 132377 76732 -84463.498   86  187 -83774.000 -84497.872  0.86%  47.5  170s
 136734 79496 -84469.247   49  188 -83774.000 -84497.872  0.86%  47.8  175s
 139272 81672     cutoff   80      -83774.000 -84497.872  0.86%  48.1  180s
 142949 83960 -84364.304   89  164 -83774.000 -84497.872  0.86%  48.7  185s
 145589 85928 -83925.214  106  133 -83774.000 -84497.872  0.86%  49.0  190s
 148446 88150 -84189.042  117  136 -83774.000 -84497.872  0.86%  49.4  195s
 151545 90338 -83898.850   53  196 -83774.000 -84497.872  0.86%  50.0  200s
 155331 93166 -84143.744  101   76 -83774.000 -84497.872  0.86%  50.7  205s
 158144 95026 -84279.653   95  203 -83774.000 -84497.829  0.86%  51.2  210s
 160954 96731 -83976.299  103   71 -83774.000 -84497.772  0.86%  51.5  215s
 163452 98575 -84100.435   88   92 -83774.000 -84497.742  0.86%  52.1  220s
 166805 100774 -84023.405   72  137 -83774.000 -84497.726  0.86%  52.5  225s
 169728 102708 -84497.676   65  179 -83774.000 -84497.726  0.86%  53.0  230s
 173463 105378 -84094.252  115   98 -83774.000 -84497.726  0.86%  53.2  235s
 176992 107963 -84412.732   88  159 -83774.000 -84497.726  0.86%  53.4  240s
 180989 110481 -84496.144   83  175 -83774.000 -84497.726  0.86%  53.6  245s
 184085 112887 -84485.718   86  167 -83774.000 -84497.726  0.86%  53.9  250s
 186882 114775 -83937.396   93  147 -83774.000 -84497.726  0.86%  54.3  255s
 190226 117259 -84497.676   60  196 -83774.000 -84497.726  0.86%  54.7  260s
 193110 119254 -83933.424   97   96 -83774.000 -84497.724  0.86%  55.0  265s
 196447 121614 -84457.270   57  155 -83774.000 -84497.722  0.86%  55.2  270s
 200399 124151 -84450.263   73  187 -83774.000 -84497.722  0.86%  55.7  275s
H203254 123859                    -83797.00000 -84497.722  0.84%  56.0  280s
 206453 126451     cutoff   90      -83797.000 -84497.722  0.84%  56.2  285s
 209537 128595 -84483.939   77  185 -83797.000 -84497.722  0.84%  56.4  290s
 212495 130885     cutoff  116      -83797.000 -84497.722  0.84%  56.7  295s
 216150 133175 -84493.636   81  199 -83797.000 -84497.722  0.84%  56.9  300s
 220105 135965 -83907.922   91  165 -83797.000 -84497.722  0.84%  57.0  305s
 223407 138125     cutoff  131      -83797.000 -84497.722  0.84%  57.1  310s
 226518 140377 -84430.267   74  225 -83797.000 -84497.722  0.84%  57.4  315s
 230587 143340 -84497.643   73  202 -83797.000 -84497.721  0.84%  57.6  320s
 233936 145597 -84449.697   86  178 -83797.000 -84497.721  0.84%  57.9  325s
 237682 148493 -83947.322   84  139 -83797.000 -84497.721  0.84%  58.0  330s
 241320 150763 -84497.676   71  166 -83797.000 -84497.720  0.84%  58.2  335s
 244486 153183 -84278.913   83  127 -83797.000 -84497.720  0.84%  58.4  340s
 248890 156235 -84457.562   80  113 -83797.000 -84497.720  0.84%  58.4  345s
 251343 157995 -84206.850   76  171 -83797.000 -84497.720  0.84%  58.5  350s
 254804 160183 -83970.980   82  223 -83797.000 -84497.720  0.84%  58.5  355s
H256796 154926                    -83834.00000 -84497.720  0.79%  58.6  359s
 257374 155375 -84496.956   88  219 -83834.000 -84497.720  0.79%  58.7  360s
 260257 157414 -84497.664   72  199 -83834.000 -84497.720  0.79%  58.8  365s
 264207 160284 -84493.962   65  195 -83834.000 -84497.720  0.79%  58.9  370s
 267415 162337 -83965.970  141  101 -83834.000 -84497.720  0.79%  59.1  375s
 270726 164538 -84423.181   71  164 -83834.000 -84497.718  0.79%  59.4  380s
 273941 166941 -84030.462   66  153 -83834.000 -84497.717  0.79%  59.7  386s
 276053 168039 -84065.589   77  150 -83834.000 -84497.717  0.79%  60.1  390s
 278886 170139 -84497.301   69  264 -83834.000 -84497.716  0.79%  60.6  396s
 281663 171869 -84490.679   78  170 -83834.000 -84497.713  0.79%  61.0  400s
 284080 173445 -84495.971   87  174 -83834.000 -84497.713  0.79%  61.3  405s
 286536 175673 -84437.714   81  203 -83834.000 -84497.698  0.79%  61.6  410s
 290413 178095 -83987.590   85  261 -83834.000 -84497.676  0.79%  61.7  415s
 293844 180529 -83983.337  109  105 -83834.000 -84497.676  0.79%  61.8  420s
 296936 182894 -84178.860   80  126 -83834.000 -84497.676  0.79%  62.0  425s
 300090 184992 -84482.465   76  186 -83834.000 -84497.676  0.79%  62.0  430s
 303762 187473 -84455.519   71  244 -83834.000 -84497.676  0.79%  62.1  435s
 306933 189816 -84332.542   94  143 -83834.000 -84497.676  0.79%  62.3  440s
 310982 192733 -84469.289  113  146 -83834.000 -84497.676  0.79%  62.3  445s
 314105 194773 -83857.115  107  100 -83834.000 -84497.676  0.79%  62.4  450s
 318434 197782 -84497.127   67  188 -83834.000 -84497.676  0.79%  62.5  455s
 321097 199559 -84097.170   84  129 -83834.000 -84497.676  0.79%  62.6  460s
 324365 201945 -84193.984   85  190 -83834.000 -84497.676  0.79%  62.8  465s
 326763 203601 -84132.052   78  251 -83834.000 -84497.676  0.79%  62.8  470s
 330461 206042 -84080.756   90  147 -83834.000 -84497.676  0.79%  62.9  475s
 333807 208310 -84257.602   63  196 -83834.000 -84497.676  0.79%  63.0  480s
 338282 211237 -84497.657   54  225 -83834.000 -84497.676  0.79%  63.0  485s
 341118 213225 -84482.092   71  183 -83834.000 -84497.676  0.79%  63.2  490s
 343600 215089 -84405.175   64  172 -83834.000 -84497.676  0.79%  63.2  495s
 346585 217073 -84123.124   91  151 -83834.000 -84497.676  0.79%  63.3  500s
 350091 219793 -84462.888   88  172 -83834.000 -84497.676  0.79%  63.4  505s
 354765 222734 -84212.930  103  145 -83834.000 -84497.676  0.79%  63.4  510s
 358219 225171 -83936.292   90  170 -83834.000 -84497.676  0.79%  63.4  515s
 361263 227686 -84205.357   83  124 -83834.000 -84497.676  0.79%  63.4  520s
 364763 230071 -84043.596   95   75 -83834.000 -84497.676  0.79%  63.6  525s
 368679 232549 -83948.767   81  232 -83834.000 -84497.676  0.79%  63.6  530s
 371698 234770 -84282.316   94  132 -83834.000 -84497.676  0.79%  63.7  535s
 374527 237140 -84497.657   70  204 -83834.000 -84497.676  0.79%  63.7  540s
 378662 239906 -83948.923  199   16 -83834.000 -84497.676  0.79%  63.6  545s
 382656 242473 -84489.114   74  167 -83834.000 -84497.676  0.79%  63.6  550s
 385299 244240 -84119.188   91  195 -83834.000 -84497.676  0.79%  63.7  555s
 388918 246878 -84339.895   98  143 -83834.000 -84497.676  0.79%  63.7  560s
 392575 249570 -84483.745   75  185 -83834.000 -84497.676  0.79%  63.8  565s
 396139 251785 -84217.198   85  117 -83834.000 -84497.676  0.79%  63.8  570s
 396967 252474 -84491.614   77  170 -83834.000 -84497.676  0.79%  63.8  575s
 400506 255023 -84473.945   83  167 -83834.000 -84497.676  0.79%  63.9  580s
 403445 256956 -84205.955   89  122 -83834.000 -84497.676  0.79%  64.1  585s
 406042 258701 -84014.186  106   99 -83834.000 -84497.676  0.79%  64.2  590s
 409995 261388 -84497.657   70  242 -83834.000 -84497.676  0.79%  64.4  595s
 414161 264228 -83941.107   92   88 -83834.000 -84497.676  0.79%  64.4  600s

Cutting planes:
  Gomory: 55
  Cover: 1679
  Clique: 305
  MIR: 64
  StrongCG: 76
  Flow cover: 164
  Inf proof: 4
  Zero half: 21
  RLT: 15
  Relax-and-lift: 2

Explored 414534 nodes (26714484 simplex iterations) in 600.00 seconds (1041.70 work units)
Thread count was 4 (of 56 available processors)

Solution count 10: -83834 -83797 -83774 ... -83368

Time limit reached
Best objective -8.383400000000e+04, best bound -8.449700000000e+04, gap 0.7908%
