
Gurobi 9.5.0 (linux64) logging started Sat Jun 18 15:46:12 2022

Set parameter LogFile to value "/local_workspace/chenrui/LogFiles/MKAP/new0U_R10_M10_N100_seed7_DWcutsCTp2_600.log"
Gurobi Optimizer version 9.5.0 build v9.5.0rc5 (linux64)
Thread count: 56 physical cores, 56 logical processors, using up to 4 threads
Optimize a model with 570 rows, 1100 columns and 6043 nonzeros
Model fingerprint: 0x79983913
Variable types: 0 continuous, 1100 integer (1100 binary)
Coefficient statistics:
  Matrix range     [1e-13, 5e+03]
  Objective range  [4e+01, 1e+03]
  Bounds range     [1e+00, 1e+00]
  RHS range        [1e-05, 1e+00]
Warning: Model contains large matrix coefficient range
         Consider reformulating model or setting NumericFocus parameter
         to avoid numerical issues.
Found heuristic solution: objective 0.0000000
Presolve removed 26 rows and 130 columns
Presolve time: 0.02s
Presolved: 544 rows, 970 columns, 5315 nonzeros
Variable types: 0 continuous, 970 integer (970 binary)
Found heuristic solution: objective -5595.000000

Root relaxation: objective -3.727202e+04, 2354 iterations, 0.06 seconds (0.06 work units)

    Nodes    |    Current Node    |     Objective Bounds      |     Work
 Expl Unexpl |  Obj  Depth IntInf | Incumbent    BestBd   Gap | It/Node Time

     0     0 -37272.022    0  175 -5595.0000 -37272.022   566%     -    0s
H    0     0                    -32270.00000 -37272.022  15.5%     -    0s
H    0     0                    -32393.00000 -37272.022  15.1%     -    0s
H    0     0                    -33100.00000 -37272.022  12.6%     -    0s
H    0     0                    -34977.00000 -37272.022  6.56%     -    0s
     0     0 -37272.014    0  164 -34977.000 -37272.014  6.56%     -    0s
H    0     0                    -36378.00000 -37272.014  2.46%     -    0s
     0     0 -37272.014    0  159 -36378.000 -37272.014  2.46%     -    0s
H    0     0                    -37272.00000 -37272.014  0.00%     -    0s
     0     0 -37272.014    0  159 -37272.000 -37272.014  0.00%     -    0s

Cutting planes:
  Cover: 46
  Clique: 79
  MIR: 5
  StrongCG: 7
  Mod-K: 1

Explored 1 nodes (3058 simplex iterations) in 0.21 seconds (0.16 work units)
Thread count was 4 (of 56 available processors)

Solution count 8: -37272 -36378 -34977 ... 0
No other solutions better than -37272

Optimal solution found (tolerance 1.00e-04)
Best objective -3.727200000000e+04, best bound -3.727200000000e+04, gap 0.0000%
