
Gurobi 9.5.0 (linux64) logging started Mon Jun 20 11:52:47 2022

Set parameter LogFile to value "/local_workspace/chenrui/LogFiles/MKAP/new0U_R25_M30_N100_seed2_DWcutsCTp1_600.log"
Gurobi Optimizer version 9.5.0 build v9.5.0rc5 (linux64)
Thread count: 56 physical cores, 56 logical processors, using up to 4 threads
Optimize a model with 2032 rows, 3750 columns and 12542 nonzeros
Model fingerprint: 0x629f4b9c
Variable types: 0 continuous, 3750 integer (3750 binary)
Coefficient statistics:
  Matrix range     [1e-13, 3e+03]
  Objective range  [4e+01, 1e+03]
  Bounds range     [1e+00, 1e+00]
  RHS range        [1e-05, 1e+00]
Warning: Model contains large matrix coefficient range
         Consider reformulating model or setting NumericFocus parameter
         to avoid numerical issues.
Found heuristic solution: objective 0.0000000
Presolve removed 679 rows and 1383 columns
Presolve time: 0.04s
Presolved: 1353 rows, 2367 columns, 7530 nonzeros
Found heuristic solution: objective -20659.00000
Variable types: 0 continuous, 2367 integer (2367 binary)

Root relaxation: objective -4.037610e+04, 3902 iterations, 0.08 seconds (0.07 work units)

    Nodes    |    Current Node    |     Objective Bounds      |     Work
 Expl Unexpl |  Obj  Depth IntInf | Incumbent    BestBd   Gap | It/Node Time

     0     0 -40376.105    0  161 -20659.000 -40376.105  95.4%     -    0s
H    0     0                    -39889.00000 -40376.105  1.22%     -    0s
H    0     0                    -40090.00005 -40376.105  0.71%     -    0s
     0     0 -40376.032    0  153 -40090.000 -40376.032  0.71%     -    0s
     0     0 -40376.032    0  122 -40090.000 -40376.032  0.71%     -    0s
     0     0 -40376.002    0   83 -40090.000 -40376.002  0.71%     -    0s
H    0     0                    -40376.00000 -40376.002  0.00%     -    0s
     0     0 -40376.002    0   83 -40376.000 -40376.002  0.00%     -    0s

Cutting planes:
  Gomory: 5
  Cover: 2
  Clique: 5
  Zero half: 1

Explored 1 nodes (6288 simplex iterations) in 0.28 seconds (0.20 work units)
Thread count was 4 (of 56 available processors)

Solution count 5: -40376 -40090 -39889 ... 0
No other solutions better than -40376

Optimal solution found (tolerance 1.00e-04)
Best objective -4.037600000000e+04, best bound -4.037600000000e+04, gap 0.0000%
