
Gurobi 9.5.0 (linux64) logging started Mon Jun 20 11:48:51 2022

Set parameter LogFile to value "/local_workspace/chenrui/LogFiles/MKAP/new0U_R25_M20_N100_seed7_DWcutsCTp_600.log"
Gurobi Optimizer version 9.5.0 build v9.5.0rc5 (linux64)
Thread count: 56 physical cores, 56 logical processors, using up to 4 threads
Optimize a model with 1120 rows, 2500 columns and 7486 nonzeros
Model fingerprint: 0xd6dc3816
Variable types: 0 continuous, 2500 integer (2500 binary)
Coefficient statistics:
  Matrix range     [5e-10, 2e+03]
  Objective range  [4e+01, 1e+03]
  Bounds range     [1e+00, 1e+00]
  RHS range        [1e-05, 1e+00]
Warning: Model contains large matrix coefficient range
         Consider reformulating model or setting NumericFocus parameter
         to avoid numerical issues.
Found heuristic solution: objective 0.0000000
Presolve removed 196 rows and 482 columns
Presolve time: 0.02s
Presolved: 924 rows, 2018 columns, 5949 nonzeros
Found heuristic solution: objective -8969.000000
Variable types: 0 continuous, 2018 integer (2018 binary)

Root relaxation: objective -3.695301e+04, 3855 iterations, 0.07 seconds (0.06 work units)

    Nodes    |    Current Node    |     Objective Bounds      |     Work
 Expl Unexpl |  Obj  Depth IntInf | Incumbent    BestBd   Gap | It/Node Time

     0     0 -36953.012    0  130 -8969.0000 -36953.012   312%     -    0s
H    0     0                    -28734.00000 -36953.012  28.6%     -    0s
H    0     0                    -29016.00000 -36953.012  27.4%     -    0s
H    0     0                    -30696.00003 -36953.012  20.4%     -    0s
H    0     0                    -32002.00000 -36953.012  15.5%     -    0s
     0     0 -36953.012    0  128 -32002.000 -36953.012  15.5%     -    0s
H    0     0                    -32117.00000 -36953.012  15.1%     -    0s
H    0     0                    -35530.00000 -36953.012  4.01%     -    0s
     0     0 -36953.012    0  129 -35530.000 -36953.012  4.01%     -    0s
H    0     0                    -35734.00000 -36953.012  3.41%     -    0s
     0     0 -36953.012    0   80 -35734.000 -36953.012  3.41%     -    0s
H    0     0                    -36806.00000 -36953.012  0.40%     -    0s
     0     0 -36953.011    0   97 -36806.000 -36953.011  0.40%     -    0s
     0     0 -36953.011    0   49 -36806.000 -36953.011  0.40%     -    0s
     0     0 -36953.009    0   49 -36806.000 -36953.009  0.40%     -    0s
H    0     0                    -36845.00000 -36953.009  0.29%     -    0s
     0     0 -36953.002    0    9 -36845.000 -36953.002  0.29%     -    0s
     0     0 -36953.002    0   21 -36845.000 -36953.002  0.29%     -    0s
H    0     0                    -36847.00000 -36953.002  0.29%     -    0s
H    0     0                    -36953.00010 -36953.002  0.00%     -    0s

Cutting planes:
  Gomory: 1

Explored 1 nodes (6043 simplex iterations) in 0.30 seconds (0.21 work units)
Thread count was 4 (of 56 available processors)

Solution count 10: -36953 -36847 -36845 ... -30696

Optimal solution found (tolerance 1.00e-04)
Best objective -3.695300000000e+04, best bound -3.695300000000e+04, gap 0.0000%
