
Gurobi 9.5.0 (linux64) logging started Wed May  4 00:35:32 2022

Set parameter LogFile to value "/local_workspace/chenrui/LogFiles/MKAP/new0U_R25_M30_N100_seed1_objLB_600.log"
Gurobi Optimizer version 9.5.0 build v9.5.0rc5 (linux64)
Thread count: 56 physical cores, 56 logical processors, using up to 4 threads
Optimize a model with 881 rows, 3750 columns and 10500 nonzeros
Model fingerprint: 0x53f23147
Variable types: 0 continuous, 3750 integer (3750 binary)
Coefficient statistics:
  Matrix range     [1e+00, 2e+03]
  Objective range  [6e+00, 1e+03]
  Bounds range     [1e+00, 1e+00]
  RHS range        [1e+00, 4e+04]
Found heuristic solution: objective 0.0000000
Presolve removed 295 rows and 1183 columns
Presolve time: 0.03s
Presolved: 586 rows, 2567 columns, 7245 nonzeros
Variable types: 0 continuous, 2567 integer (2567 binary)
Found heuristic solution: objective -23896.00000

Root relaxation: objective -4.350300e+04, 1125 iterations, 0.01 seconds (0.02 work units)

    Nodes    |    Current Node    |     Objective Bounds      |     Work
 Expl Unexpl |  Obj  Depth IntInf | Incumbent    BestBd   Gap | It/Node Time

     0     0 -43503.000    0   55 -23896.000 -43503.000  82.1%     -    0s
H    0     0                    -37148.00000 -43503.000  17.1%     -    0s
H    0     0                    -37212.00000 -43503.000  16.9%     -    0s
H    0     0                    -38654.00000 -43503.000  12.5%     -    0s
H    0     0                    -38719.00000 -43503.000  12.4%     -    0s
H    0     0                    -39246.00000 -43503.000  10.8%     -    0s
     0     0 -43503.000    0  107 -39246.000 -43503.000  10.8%     -    0s
H    0     0                    -39750.00000 -43503.000  9.44%     -    0s
H    0     0                    -39899.00000 -43503.000  9.03%     -    0s
H    0     0                    -40481.00000 -43503.000  7.47%     -    0s
H    0     0                    -40708.00000 -43503.000  6.87%     -    0s
     0     0 -43503.000    0   39 -40708.000 -43503.000  6.87%     -    0s
     0     0 -43503.000    0   75 -40708.000 -43503.000  6.87%     -    0s
H    0     0                    -40785.00000 -43503.000  6.66%     -    0s
     0     0 -43503.000    0   57 -40785.000 -43503.000  6.66%     -    0s
     0     0 -43503.000    0   49 -40785.000 -43503.000  6.66%     -    0s
H    0     0                    -41018.00000 -43503.000  6.06%     -    0s
     0     2 -43503.000    0   49 -41018.000 -43503.000  6.06%     -    0s
H   31    38                    -41340.00000 -43503.000  5.23%   234    0s
H  100   148                    -41591.00000 -43503.000  4.60%   142    0s
H  158   303                    -41712.00000 -43503.000  4.29%   140    0s
H  425   421                    -41718.00000 -43503.000  4.28%   124    0s
H  494   296                    -42966.00000 -43503.000  1.25%   124    1s
H  545   325                    -43006.00002 -43503.000  1.16%   135    1s
H  570   325                    -43011.00000 -43503.000  1.14%   137    1s
H  727   273                    -43310.00000 -43503.000  0.45%   158    1s
H 1025   252                    -43412.00000 -43503.000  0.21%   195    2s
  2471   298 -43486.814   16  130 -43412.000 -43503.000  0.21%   314    5s
  4474   490 -43503.000    9   48 -43412.000 -43503.000  0.21%   334   10s
  4510   519 -43503.000   16  124 -43412.000 -43503.000  0.21%   339   15s
  5135   757 -43452.609   31  105 -43412.000 -43503.000  0.21%   329   20s
  7130  1084 -43471.080   68  102 -43412.000 -43503.000  0.21%   305   25s
  8487  1398 -43503.000   46   41 -43412.000 -43503.000  0.21%   302   30s
 11250  1757 -43503.000   57   42 -43412.000 -43503.000  0.21%   295   35s
 13769  2141 -43451.525   65  118 -43412.000 -43503.000  0.21%   289   40s
 14485  2241 -43500.515   56   99 -43412.000 -43503.000  0.21%   285   45s
 17742  2528     cutoff   49      -43412.000 -43503.000  0.21%   278   50s
 19096  2621 infeasible   53      -43412.000 -43503.000  0.21%   276   55s
 20722  3025     cutoff   49      -43412.000 -43503.000  0.21%   271   60s
 22657  3182     cutoff   42      -43412.000 -43503.000  0.21%   267   65s
 25337  3265 -43479.563   50  100 -43412.000 -43503.000  0.21%   266   70s
 28057  3508 -43499.506   42   84 -43412.000 -43503.000  0.21%   262   75s
 29593  3542     cutoff   40      -43412.000 -43503.000  0.21%   261   80s
 32058  3762 -43503.000   30   80 -43412.000 -43503.000  0.21%   259   85s
 34256  3847 -43503.000   42   67 -43412.000 -43503.000  0.21%   258   91s
 35023  3896     cutoff   34      -43412.000 -43503.000  0.21%   259   95s
 37635  4003 -43448.932   52  123 -43412.000 -43503.000  0.21%   259  100s
 39670  4134 -43503.000   30  142 -43412.000 -43503.000  0.21%   259  105s
 41590  4298 -43454.636   68   62 -43412.000 -43503.000  0.21%   260  110s
 42826  4400 -43440.593   50   88 -43412.000 -43503.000  0.21%   260  115s
 45551  4582 -43439.157   52  116 -43412.000 -43503.000  0.21%   257  120s
 47082  4789 -43503.000   63  108 -43412.000 -43503.000  0.21%   256  125s
 47937  4807     cutoff   40      -43412.000 -43503.000  0.21%   255  130s
 50896  4946     cutoff   61      -43412.000 -43503.000  0.21%   253  135s
 52579  5203 -43503.000   50  113 -43412.000 -43503.000  0.21%   251  140s
 55671  5454 -43503.000   51  125 -43412.000 -43503.000  0.21%   249  146s
 57152  5556     cutoff   46      -43412.000 -43503.000  0.21%   248  150s
 60260  5710 -43464.524   45   92 -43412.000 -43503.000  0.21%   247  156s
 62852  5882     cutoff   72      -43412.000 -43503.000  0.21%   244  161s
 62919  6245 -43503.000   39  111 -43412.000 -43503.000  0.21%   244  171s
 67138  6462 -43503.000   48  124 -43412.000 -43503.000  0.21%   243  176s
 69903  6526 -43474.300   52  131 -43412.000 -43503.000  0.21%   242  181s
 71744  6718 -43455.728   62  124 -43412.000 -43503.000  0.21%   241  185s
 73574  6873 -43503.000   27  108 -43412.000 -43503.000  0.21%   241  191s
 76368  7066 -43503.000   46  107 -43412.000 -43503.000  0.21%   240  196s
 78796  7228 -43503.000   52  128 -43412.000 -43503.000  0.21%   240  200s
 80581  7315 -43477.088   24  141 -43412.000 -43503.000  0.21%   239  206s
 81788  7601     cutoff   46      -43412.000 -43503.000  0.21%   239  210s
 84131  7704 -43481.593   48  140 -43412.000 -43503.000  0.21%   238  216s
 84312  7812     cutoff   48      -43412.000 -43503.000  0.21%   238  224s
 88039  7848 -43476.580   40  123 -43412.000 -43503.000  0.21%   237  225s
 90288  7969 -43503.000   38   96 -43412.000 -43503.000  0.21%   236  231s
 92063  8060 -43483.579   41   86 -43412.000 -43503.000  0.21%   236  237s
 93608  8202 -43428.641   53  139 -43412.000 -43503.000  0.21%   236  241s
 95200  8605     cutoff   53      -43412.000 -43503.000  0.21%   235  249s
 98208  8674 -43491.287   44  130 -43412.000 -43503.000  0.21%   236  250s
 100193  8826 -43448.679   35  152 -43412.000 -43503.000  0.21%   236  256s
 100791  9062 -43446.194   35  126 -43412.000 -43503.000  0.21%   236  260s
 103637  9402 -43484.389   46  124 -43412.000 -43503.000  0.21%   235  266s
 106008  9595     cutoff   44      -43412.000 -43503.000  0.21%   235  271s
 106422  9716     cutoff   39      -43412.000 -43503.000  0.21%   234  275s
 110822 10135 -43473.693   32  140 -43412.000 -43503.000  0.21%   234  280s
 112989 10389 -43503.000   39  127 -43412.000 -43503.000  0.21%   234  285s
 114877 10579     cutoff   47      -43412.000 -43503.000  0.21%   234  290s
 117678 10771     cutoff   36      -43412.000 -43503.000  0.21%   234  297s
 117994 10932     cutoff   50      -43412.000 -43503.000  0.21%   234  300s
 121795 11375 -43503.000   44   86 -43412.000 -43503.000  0.21%   233  305s
 123530 11458 -43437.143   42   98 -43412.000 -43503.000  0.21%   233  310s
 125878 11638 -43492.078   41   88 -43412.000 -43503.000  0.21%   233  315s
 127004 11766 -43503.000   36   89 -43412.000 -43503.000  0.21%   233  320s
 127977 11834 -43456.353   32  109 -43412.000 -43503.000  0.21%   233  325s
 130049 12009 -43503.000   47   83 -43412.000 -43503.000  0.21%   233  331s
 131786 12172 -43503.000   52   70 -43412.000 -43503.000  0.21%   233  335s
 135122 12266     cutoff   49      -43412.000 -43503.000  0.21%   232  342s
 135965 12526 -43503.000   45   81 -43412.000 -43503.000  0.21%   232  345s
 139472 12968     cutoff   30      -43412.000 -43503.000  0.21%   232  350s
 141579 13137 -43502.376   29  110 -43412.000 -43503.000  0.21%   232  356s
 143890 13306 -43479.898   52  153 -43412.000 -43503.000  0.21%   232  361s
 145400 13462     cutoff   43      -43412.000 -43503.000  0.21%   232  365s
 147540 13694 -43423.049   46  101 -43412.000 -43503.000  0.21%   231  371s
 150327 13995     cutoff   39      -43412.000 -43503.000  0.21%   231  375s
 151162 14095 -43503.000   32   44 -43412.000 -43503.000  0.21%   231  380s
 154534 14242 -43503.000   44  101 -43412.000 -43503.000  0.21%   231  386s
 156494 14428 -43480.667   43  112 -43412.000 -43503.000  0.21%   231  390s
 159110 14692     cutoff   35      -43412.000 -43503.000  0.21%   230  395s
 159859 15258 -43503.000   42   80 -43412.000 -43503.000  0.21%   230  404s
 163509 15369     cutoff   42      -43412.000 -43503.000  0.21%   230  405s
 164382 15437     cutoff   32      -43412.000 -43503.000  0.21%   230  410s
 166090 15572     cutoff   37      -43412.000 -43503.000  0.21%   230  416s
 168163 15642     cutoff   53      -43412.000 -43503.000  0.21%   230  420s
 171201 15893 -43503.000   52  124 -43412.000 -43503.000  0.21%   229  425s
 172442 15980 -43494.281   45  150 -43412.000 -43503.000  0.21%   229  430s
 175060 16227 -43478.343   32  136 -43412.000 -43503.000  0.21%   229  435s
 177158 16379 -43503.000   52  100 -43412.000 -43503.000  0.21%   229  440s
 178258 16401     cutoff   34      -43412.000 -43503.000  0.21%   229  446s
 180609 16625 -43501.229   52  124 -43412.000 -43503.000  0.21%   229  451s
 182079 16807     cutoff   38      -43412.000 -43503.000  0.21%   229  455s
 184324 16990 -43432.962   62   96 -43412.000 -43503.000  0.21%   229  460s
 186955 17144 -43503.000   19  126 -43412.000 -43503.000  0.21%   229  465s
 189370 17373 -43459.492   38  138 -43412.000 -43503.000  0.21%   229  470s
 191194 17529     cutoff   57      -43412.000 -43503.000  0.21%   229  476s
 192583 17687     cutoff   36      -43412.000 -43503.000  0.21%   228  480s
 193737 17796 -43471.826   47   97 -43412.000 -43503.000  0.21%   228  485s
 196300 17977     cutoff   56      -43412.000 -43503.000  0.21%   228  493s
 197129 17994 -43483.460   43  127 -43412.000 -43503.000  0.21%   228  495s
 199318 18141 -43503.000   44  108 -43412.000 -43503.000  0.21%   229  500s
 201176 18157 -43503.000   25   77 -43412.000 -43503.000  0.21%   229  505s
 204463 18593     cutoff   36      -43412.000 -43503.000  0.21%   228  510s
 206466 18804 -43478.140   40  129 -43412.000 -43503.000  0.21%   228  516s
 207218 19021 -43503.000   31   94 -43412.000 -43503.000  0.21%   228  522s
 209422 19363 -43439.466   57  107 -43412.000 -43503.000  0.21%   228  525s
 210870 19519 -43503.000   29   75 -43412.000 -43503.000  0.21%   227  530s
 214273 19720 -43503.000   32   51 -43412.000 -43503.000  0.21%   227  535s
 217594 20013 -43442.488   33   74 -43412.000 -43503.000  0.21%   227  540s
 221068 20234 -43464.356   46  102 -43412.000 -43503.000  0.21%   226  548s
 222287 20392     cutoff   38      -43412.000 -43503.000  0.21%   226  550s
 222914 20539 -43493.282   50  134 -43412.000 -43503.000  0.21%   226  558s
 226853 20537     cutoff   47      -43412.000 -43503.000  0.21%   225  560s
 229373 20767 -43485.860   42  120 -43412.000 -43503.000  0.21%   225  565s
 232513 20889 -43503.000   53   98 -43412.000 -43503.000  0.21%   225  571s
 233947 21019 -43503.000   46  126 -43412.000 -43503.000  0.21%   225  575s
 236889 21344     cutoff   44      -43412.000 -43503.000  0.21%   224  581s
 239337 21573 -43500.780   53  148 -43412.000 -43503.000  0.21%   224  585s
 241310 21652 -43484.036   47  159 -43412.000 -43503.000  0.21%   224  592s
 242840 21753 -43446.942   41   95 -43412.000 -43503.000  0.21%   224  595s
 245410 21957 -43427.901   47   41 -43412.000 -43503.000  0.21%   224  600s

Cutting planes:
  Gomory: 51
  Lift-and-project: 10
  Cover: 141
  Clique: 30
  MIR: 29
  StrongCG: 24
  Flow cover: 45
  Zero half: 19

Explored 245972 nodes (54966437 simplex iterations) in 600.00 seconds (1229.45 work units)
Thread count was 4 (of 56 available processors)

Solution count 10: -43412 -43310 -43011 ... -41018

Time limit reached
Best objective -4.341200000000e+04, best bound -4.350300000000e+04, gap 0.2096%
