
Gurobi 9.5.0 (linux64) logging started Sat Jun 18 19:21:25 2022

Set parameter LogFile to value "/local_workspace/chenrui/LogFiles/MKAP/new0U_R25_M20_N300_seed1_DWcutsCTp5_600.log"
Gurobi Optimizer version 9.5.0 build v9.5.0rc5 (linux64)
Thread count: 56 physical cores, 56 logical processors, using up to 4 threads
Optimize a model with 14302 rows, 6500 columns and 167848 nonzeros
Model fingerprint: 0x69b5f6d9
Variable types: 0 continuous, 6500 integer (6500 binary)
Coefficient statistics:
  Matrix range     [1e-13, 2e+04]
  Objective range  [6e+00, 1e+03]
  Bounds range     [1e+00, 1e+00]
  RHS range        [1e-05, 1e+00]
Warning: Model contains large matrix coefficient range
         Consider reformulating model or setting NumericFocus parameter
         to avoid numerical issues.
Found heuristic solution: objective 0.0000000
Presolve removed 1955 rows and 493 columns
Presolve time: 0.48s
Presolved: 12347 rows, 6007 columns, 117145 nonzeros
Found heuristic solution: objective -8147.000000
Variable types: 0 continuous, 6007 integer (6007 binary)

Root relaxation: objective -1.065231e+05, 20416 iterations, 4.33 seconds (6.51 work units)

    Nodes    |    Current Node    |     Objective Bounds      |     Work
 Expl Unexpl |  Obj  Depth IntInf | Incumbent    BestBd   Gap | It/Node Time

     0     0 -106523.05    0  284 -8147.0000 -106523.05  1208%     -    4s
H    0     0                    -106523.0000 -106523.05  0.00%     -    4s
     0     0 -106523.05    0  284 -106523.00 -106523.05  0.00%     -    4s

Explored 1 nodes (20417 simplex iterations) in 4.93 seconds (7.16 work units)
Thread count was 4 (of 56 available processors)

Solution count 3: -106523 -8147 0 
No other solutions better than -106523

Optimal solution found (tolerance 1.00e-04)
Best objective -1.065230000000e+05, best bound -1.065230000000e+05, gap 0.0000%
