
Gurobi 9.5.0 (linux64) logging started Wed May  4 01:05:51 2022

Set parameter LogFile to value "/local_workspace/chenrui/LogFiles/MKAP/new0U_R25_M30_N100_seed2_original_600.log"
Gurobi Optimizer version 9.5.0 build v9.5.0rc5 (linux64)
Thread count: 56 physical cores, 56 logical processors, using up to 4 threads
Optimize a model with 880 rows, 3750 columns and 7500 nonzeros
Model fingerprint: 0xf682195b
Variable types: 0 continuous, 3750 integer (3750 binary)
Coefficient statistics:
  Matrix range     [1e+00, 2e+03]
  Objective range  [4e+01, 1e+03]
  Bounds range     [1e+00, 1e+00]
  RHS range        [1e+00, 1e+00]
Found heuristic solution: objective 0.0000000
Presolve removed 354 rows and 1413 columns
Presolve time: 0.02s
Presolved: 526 rows, 2337 columns, 4674 nonzeros
Variable types: 0 continuous, 2337 integer (2337 binary)
Found heuristic solution: objective -23425.00000

Root relaxation: objective -4.235551e+04, 2115 iterations, 0.02 seconds (0.02 work units)

    Nodes    |    Current Node    |     Objective Bounds      |     Work
 Expl Unexpl |  Obj  Depth IntInf | Incumbent    BestBd   Gap | It/Node Time

     0     0 -42355.508    0   95 -23425.000 -42355.508  80.8%     -    0s
H    0     0                    -33958.00000 -42355.508  24.7%     -    0s
H    0     0                    -35990.00000 -42355.508  17.7%     -    0s
H    0     0                    -36705.00000 -42197.867  15.0%     -    0s
     0     0 -42195.567    0   97 -36705.000 -42195.567  15.0%     -    0s
H    0     0                    -37139.00000 -42195.567  13.6%     -    0s
     0     0 -42195.567    0  106 -37139.000 -42195.567  13.6%     -    0s
H    0     0                    -37930.00000 -42001.004  10.7%     -    0s
H    0     0                    -38590.00000 -42001.004  8.84%     -    0s
     0     0 -41955.547    0  106 -38590.000 -41955.547  8.72%     -    0s
     0     0 -41955.547    0  124 -38590.000 -41955.547  8.72%     -    0s
     0     0 -41955.547    0  118 -38590.000 -41955.547  8.72%     -    0s
     0     0 -41955.547    0  118 -38590.000 -41955.547  8.72%     -    0s
     0     0 -41780.592    0  119 -38590.000 -41780.592  8.27%     -    0s
H    0     0                    -38783.00000 -41751.632  7.65%     -    0s
H    0     0                    -39156.00000 -41751.632  6.63%     -    0s
     0     0 -41751.632    0  136 -39156.000 -41751.632  6.63%     -    0s
     0     0 -41746.842    0  124 -39156.000 -41746.842  6.62%     -    0s
     0     0 -41746.828    0  123 -39156.000 -41746.828  6.62%     -    0s
     0     0 -41510.884    0  121 -39156.000 -41510.884  6.01%     -    0s
     0     0 -41457.854    0  133 -39156.000 -41457.854  5.88%     -    0s
     0     0 -41456.214    0  126 -39156.000 -41456.214  5.87%     -    0s
H    0     0                    -39471.00000 -41455.447  5.03%     -    0s
     0     0 -41455.447    0  133 -39471.000 -41455.447  5.03%     -    0s
     0     0 -41354.696    0  105 -39471.000 -41354.696  4.77%     -    0s
     0     0 -41349.313    0  114 -39471.000 -41349.313  4.76%     -    0s
     0     0 -41349.146    0  114 -39471.000 -41349.146  4.76%     -    0s
H    0     0                    -39922.00000 -41181.870  3.16%     -    0s
     0     0 -41181.870    0  119 -39922.000 -41181.870  3.16%     -    0s
     0     0 -41175.351    0  118 -39922.000 -41175.351  3.14%     -    0s
     0     0 -41172.875    0  109 -39922.000 -41172.875  3.13%     -    0s
     0     0 -41172.716    0  116 -39922.000 -41172.716  3.13%     -    0s
     0     0 -41075.841    0  138 -39922.000 -41075.841  2.89%     -    0s
     0     0 -41066.040    0  132 -39922.000 -41066.040  2.87%     -    0s
     0     0 -41065.851    0  139 -39922.000 -41065.851  2.87%     -    0s
     0     0 -40992.974    0  105 -39922.000 -40992.974  2.68%     -    0s
     0     0 -40987.093    0  119 -39922.000 -40987.093  2.67%     -    0s
     0     0 -40934.945    0  151 -39922.000 -40934.945  2.54%     -    0s
     0     0 -40876.460    0  162 -39922.000 -40876.460  2.39%     -    0s
     0     0 -40871.992    0  155 -39922.000 -40871.992  2.38%     -    0s
     0     0 -40811.189    0   99 -39922.000 -40811.189  2.23%     -    0s
     0     0 -40784.354    0   75 -39922.000 -40784.354  2.16%     -    0s
H    0     0                    -40064.00000 -40778.870  1.78%     -    0s
     0     0 -40778.870    0   66 -40064.000 -40778.870  1.78%     -    0s
     0     0 -40775.585    0  116 -40064.000 -40775.585  1.78%     -    0s
     0     0 -40775.580    0  122 -40064.000 -40775.580  1.78%     -    0s
     0     0 -40731.077    0   75 -40064.000 -40731.077  1.67%     -    0s
H    0     0                    -40284.00000 -40731.077  1.11%     -    0s
     0     0 -40729.991    0   61 -40284.000 -40729.991  1.11%     -    0s
     0     0 -40676.036    0  128 -40284.000 -40676.036  0.97%     -    0s
     0     0 -40676.036    0  112 -40284.000 -40676.036  0.97%     -    0s
     0     0 -40676.036    0  114 -40284.000 -40676.036  0.97%     -    0s
     0     0 -40676.036    0  107 -40284.000 -40676.036  0.97%     -    0s
H    0     0                    -40285.00000 -40676.036  0.97%     -    0s
     0     0 -40676.036    0  100 -40285.000 -40676.036  0.97%     -    0s
     0     0 -40676.036    0  125 -40285.000 -40676.036  0.97%     -    0s
     0     0 -40676.036    0   79 -40285.000 -40676.036  0.97%     -    0s
     0     0 -40676.036    0   91 -40285.000 -40676.036  0.97%     -    0s
     0     0 -40676.036    0   92 -40285.000 -40676.036  0.97%     -    0s
     0     0 -40676.036    0   79 -40285.000 -40676.036  0.97%     -    0s
     0     0 -40506.191    0   71 -40285.000 -40506.191  0.55%     -    0s
     0     0 -40501.609    0  106 -40285.000 -40501.609  0.54%     -    0s
     0     0 -40500.569    0  106 -40285.000 -40500.569  0.54%     -    0s
     0     0 -40499.076    0  112 -40285.000 -40499.076  0.53%     -    0s
     0     0 -40498.541    0   61 -40285.000 -40498.541  0.53%     -    0s
     0     0 -40463.124    0  108 -40285.000 -40463.124  0.44%     -    0s
     0     0 -40463.124    0   58 -40285.000 -40463.124  0.44%     -    0s
H    0     0                    -40289.00000 -40463.124  0.43%     -    0s
     0     0 -40463.124    0   68 -40289.000 -40463.124  0.43%     -    0s
     0     0 -40463.124    0   68 -40289.000 -40463.124  0.43%     -    0s
     0     0 -40463.124    0   42 -40289.000 -40463.124  0.43%     -    0s
     0     0 -40463.124    0   56 -40289.000 -40463.124  0.43%     -    0s
     0     0 -40463.124    0   71 -40289.000 -40463.124  0.43%     -    0s
     0     0 -40463.124    0   52 -40289.000 -40463.124  0.43%     -    0s
     0     0 -40463.124    0   64 -40289.000 -40463.124  0.43%     -    0s
     0     0 -40463.124    0   88 -40289.000 -40463.124  0.43%     -    0s
     0     0 -40455.088    0   42 -40289.000 -40455.088  0.41%     -    0s
     0     0 -40454.498    0   28 -40289.000 -40454.498  0.41%     -    0s
     0     0 -40398.243    0   43 -40289.000 -40398.243  0.27%     -    0s
     0     0 -40397.699    0   30 -40289.000 -40397.699  0.27%     -    0s
     0     0 -40392.375    0   28 -40289.000 -40392.375  0.26%     -    0s
     0     0 -40392.375    0   32 -40289.000 -40392.375  0.26%     -    0s
     0     0 -40392.375    0   43 -40289.000 -40392.375  0.26%     -    0s
     0     0 -40392.375    0   50 -40289.000 -40392.375  0.26%     -    0s
     0     0 -40392.375    0   68 -40289.000 -40392.375  0.26%     -    0s
     0     0 -40392.375    0   47 -40289.000 -40392.375  0.26%     -    0s
     0     0 -40392.375    0   39 -40289.000 -40392.375  0.26%     -    0s
     0     0 -40392.375    0   43 -40289.000 -40392.375  0.26%     -    0s
     0     0 -40378.861    0   43 -40289.000 -40378.861  0.22%     -    0s
*    0     0               0    -40376.00004 -40376.000  0.00%     -    0s

Cutting planes:
  Gomory: 10
  Lift-and-project: 8
  Cover: 42
  Clique: 11
  MIR: 25
  StrongCG: 19
  RLT: 3

Explored 1 nodes (10946 simplex iterations) in 0.91 seconds (0.61 work units)
Thread count was 4 (of 56 available processors)

Solution count 10: -40376 -40289 -40285 ... -38590
No other solutions better than -40376

Optimal solution found (tolerance 1.00e-04)
Best objective -4.037600007482e+04, best bound -4.037600007482e+04, gap 0.0000%
