
Gurobi 9.5.0 (linux64) logging started Wed May  4 09:17:09 2022

Set parameter LogFile to value "/local_workspace/chenrui/LogFiles/MKAP/new0U_R25_M30_N200_seed5_DWcuts_600.log"
Gurobi Optimizer version 9.5.0 build v9.5.0rc5 (linux64)
Thread count: 56 physical cores, 56 logical processors, using up to 4 threads
Optimize a model with 1730 rows, 6750 columns and 20250 nonzeros
Model fingerprint: 0x596da540
Variable types: 0 continuous, 6750 integer (6750 binary)
Coefficient statistics:
  Matrix range     [7e-13, 3e+03]
  Objective range  [4e+00, 1e+03]
  Bounds range     [1e+00, 1e+00]
  RHS range        [1e-13, 1e+00]
Warning: Model contains large matrix coefficient range
         Consider reformulating model or setting NumericFocus parameter
         to avoid numerical issues.
Found heuristic solution: objective 0.0000000
Presolve removed 96 rows and 538 columns
Presolve time: 0.06s
Presolved: 1634 rows, 6212 columns, 18386 nonzeros
Found heuristic solution: objective -14088.00000
Variable types: 0 continuous, 6212 integer (6212 binary)

Root relaxation: objective -8.204434e+04, 9566 iterations, 0.28 seconds (0.29 work units)

    Nodes    |    Current Node    |     Objective Bounds      |     Work
 Expl Unexpl |  Obj  Depth IntInf | Incumbent    BestBd   Gap | It/Node Time

     0     0 -82044.340    0  121 -14088.000 -82044.340   482%     -    0s
H    0     0                    -74698.00000 -82044.340  9.83%     -    0s
H    0     0                    -76057.00000 -82044.340  7.87%     -    0s
H    0     0                    -76819.00004 -82044.340  6.80%     -    0s
H    0     0                    -77068.00000 -82044.340  6.46%     -    0s
     0     0 -82044.340    0  279 -77068.000 -82044.340  6.46%     -    0s
H    0     0                    -78354.00000 -82044.340  4.71%     -    1s
H    0     0                    -78672.00000 -82044.340  4.29%     -    1s
     0     0 -82044.340    0  261 -78672.000 -82044.340  4.29%     -    1s
     0     0 -82044.340    0   85 -78672.000 -82044.340  4.29%     -    1s
H    0     0                    -80255.00000 -82044.340  2.23%     -    1s
     0     0 -82044.340    0   88 -80255.000 -82044.340  2.23%     -    1s
     0     0 -82044.340    0   55 -80255.000 -82044.340  2.23%     -    1s
     0     0 -82044.340    0  160 -80255.000 -82044.340  2.23%     -    1s
     0     0 -82044.340    0  122 -80255.000 -82044.340  2.23%     -    2s
     0     0 -82044.340    0  160 -80255.000 -82044.340  2.23%     -    2s
     0     0 -82044.340    0   95 -80255.000 -82044.340  2.23%     -    2s
     0     0 -82044.340    0   88 -80255.000 -82044.340  2.23%     -    2s
     0     2 -82044.340    0   47 -80255.000 -82044.340  2.23%     -    3s
     3     8 -82044.340    2  166 -80255.000 -82044.340  2.23%  1215    5s
H   29    35                    -80500.00000 -82044.340  1.92%   497    7s
H   31    35                    -80614.00000 -82044.340  1.77%   501    7s
H   71    74                    -81110.00000 -82044.340  1.15%   348    7s
   145   155 -82044.340   30  148 -81110.000 -82044.340  1.15%   301   10s
H  150   155                    -81158.00000 -82044.340  1.09%   305   10s
H  300   296                    -81261.00000 -82044.340  0.96%   295   13s
   401   542 -82044.340   97  134 -81261.000 -82044.340  0.96%   294   16s
H  793  1093                    -81320.00000 -82044.340  0.89%   211   19s
  1127  1302 -82032.836  163  180 -81320.000 -82044.340  0.89%   163   21s
  1937  1908     cutoff   16      -81320.000 -82044.340  0.89%   124   25s
  2098  1915 -81875.387   75  146 -81320.000 -82044.340  0.89%   130   30s
  2103  1922 -82044.340   12  102 -81320.000 -82044.340  0.89%   151   35s
  2150  1951 -82044.340   18  164 -81320.000 -82044.340  0.89%   157   40s
  2268  2016 -82044.340   29  161 -81320.000 -82044.340  0.89%   167   46s
  2447  2132 -82044.340   45  102 -81320.000 -82044.340  0.89%   178   50s
  2649  2193 -81753.091   60  150 -81320.000 -82044.340  0.89%   190   56s
  3188  2496 -82044.340   86  145 -81320.000 -82044.340  0.89%   202   60s
  4278  3490 -81987.823  145  164 -81320.000 -82044.340  0.89%   192   66s
  4884  3454 -82017.532  183  183 -81320.000 -82044.340  0.89%   179   72s
  5111  3380 -81752.459  203  166 -81320.000 -82044.340  0.89%   177   75s
  5735  4124 -81815.091  255  127 -81320.000 -82044.340  0.89%   171   80s
  7354  4467 -82033.747   75  138 -81320.000 -82044.340  0.89%   164   86s
  8074  5185 -81893.496  139  130 -81320.000 -82044.340  0.89%   162   90s
  8970  5680 -81389.828   57  134 -81320.000 -82044.340  0.89%   160   95s
 10636  6607 -81522.448   95   88 -81320.000 -82044.340  0.89%   161  100s
 10650  6618 -82044.340   21   75 -81320.000 -82044.340  0.89%   164  106s
 10659  6620 -82044.340   24   77 -81320.000 -82044.340  0.89%   165  110s
 10684  6627 -82044.340   27  181 -81320.000 -82044.340  0.89%   165  115s
 10776  6684 -81764.306   36  150 -81320.000 -82044.340  0.89%   167  120s
 10917  6789 -81895.054   49  208 -81320.000 -82044.340  0.89%   169  125s
 11250  7000 -82021.139   83  192 -81320.000 -82044.340  0.89%   174  130s
 11702  7214 -81959.974  116  213 -81320.000 -82044.340  0.89%   176  136s
 11827  7290 -81830.477  124  172 -81320.000 -82044.340  0.89%   178  140s
 12072  7518 -82044.103  147  191 -81320.000 -82044.340  0.89%   182  145s
 12555  7889 -81967.728  190  180 -81320.000 -82044.340  0.89%   185  150s
 13629  8190 -81715.706   34  174 -81320.000 -82044.340  0.89%   182  155s
 14004  8618 -81989.355   56  185 -81320.000 -82044.340  0.89%   181  161s
H14287  8073                    -81387.00000 -82044.340  0.81%   180  161s
 14760  8362 -82044.110   42  241 -81387.000 -82044.340  0.81%   179  165s
 15503  8619 -81709.617  124  138 -81387.000 -82044.340  0.81%   183  170s
 15993  8900 -81763.476   46  205 -81387.000 -82044.340  0.81%   187  175s
 16883  9190 -81429.404   65  103 -81387.000 -82044.340  0.81%   190  180s
H17199  8482                    -81428.00000 -82044.340  0.76%   191  180s
 17867  9644 -81870.227   79  158 -81428.000 -82044.340  0.76%   190  187s
 18935  9630 -81757.355   66  130 -81428.000 -82044.340  0.76%   186  190s
 20326 10739 -81761.836  195  132 -81428.000 -82044.340  0.76%   188  202s
 21559 11088 -81874.374   63  157 -81428.000 -82044.340  0.76%   184  207s
 23500 11816 -81850.582  103  114 -81428.000 -82044.340  0.76%   181  211s
 24888 12653 -81735.606  210   74 -81428.000 -82044.340  0.76%   176  215s
 26497 13278 -81485.581  124  163 -81428.000 -82044.340  0.76%   173  221s
 27644 13533 -82044.340  137  137 -81428.000 -82044.340  0.76%   170  226s
 28656 14650 -81497.766   95  153 -81428.000 -82044.340  0.76%   168  230s
 31165 16477 -82044.339  126  173 -81428.000 -82044.340  0.76%   161  236s
 32368 16945 -81594.188   89  136 -81428.000 -82044.340  0.76%   160  240s
 32382 16956 -82044.340   33  122 -81428.000 -82044.340  0.76%   162  245s
 32395 16959 -81969.414   36  217 -81428.000 -82044.340  0.76%   162  251s
 32416 16958 -82044.340   39  215 -81428.000 -82044.340  0.76%   162  255s
 32466 16962     cutoff   45      -81428.000 -82044.340  0.76%   162  260s
 32556 16987 -82022.351   55  154 -81428.000 -82044.340  0.76%   162  266s
 32607 17012 -82005.343   62  154 -81428.000 -82044.340  0.76%   162  272s
 32640 17011 -81501.404   66  154 -81428.000 -82044.340  0.76%   163  275s
 32782 17075 -81775.402   82  131 -81428.000 -82044.340  0.76%   163  280s
 32930 17146 -81775.402   98  126 -81428.000 -82044.340  0.76%   164  285s
 33304 17313 -81666.869  139  129 -81428.000 -82044.340  0.76%   165  290s
 33425 17343 -81775.402  155  117 -81428.000 -82044.340  0.76%   166  295s
 33457 17393 -81775.402  159  131 -81428.000 -82044.340  0.76%   167  300s
 34260 17847 -81772.928  235  117 -81428.000 -82044.340  0.76%   167  305s
 35089 18039     cutoff  340      -81428.000 -82044.340  0.76%   166  310s
 36193 18575 -81862.209  177  195 -81428.000 -82044.340  0.76%   165  315s
 36960 18817 -81494.746   65  188 -81428.000 -82044.340  0.76%   165  321s
 37412 19198 -81522.514   77  178 -81428.000 -82044.340  0.76%   166  325s
 38156 19633 -81551.450   86  125 -81428.000 -82044.340  0.76%   166  335s
 39308 20009 -82019.687   58  216 -81428.000 -82044.340  0.76%   166  341s
 39854 20238 -81434.817   64  131 -81428.000 -82044.340  0.76%   167  347s
 41290 20926 -81984.324   86  286 -81428.000 -82044.340  0.76%   167  353s
 41807 21971 -82032.264  106  226 -81428.000 -82044.340  0.76%   166  356s
 43170 21518 -81872.064  322   88 -81428.000 -82044.340  0.76%   164  382s
 43175 21521 -81610.403  451  114 -81428.000 -82044.340  0.76%   164  385s
 43179 21524 -81560.752  208  208 -81428.000 -82044.340  0.76%   164  390s
 43183 21527 -81559.620  111  461 -81428.000 -82044.138  0.76%   164  395s
 43209 21544 -81839.029  267  461 -81428.000 -82028.816  0.74%   164  400s
 43216 21549 -81443.022   79  414 -81428.000 -82027.163  0.74%   164  405s
 43229 21557 -81926.127   72  388 -81428.000 -82024.156  0.73%   164  410s
 43240 21565 -81718.314  164  414 -81428.000 -82022.831  0.73%   163  415s
 43250 21571 -81889.479  147  450 -81428.000 -82022.413  0.73%   163  420s
 43260 21579 -81534.593  352  117 -81428.000 -82022.401  0.73%   165  425s
 43264 21582 -81630.885  236  185 -81428.000 -82022.401  0.73%   165  430s
 43268 21585 -81930.751  229  366 -81428.000 -82022.401  0.73%   165  435s
 43298 21605 -81673.523   81  442 -81428.000 -82017.081  0.72%   165  440s
 43307 21611 -82013.710  128  401 -81428.000 -82013.710  0.72%   165  445s
 43319 21620 -81650.812  236  139 -81428.000 -82013.658  0.72%   166  450s
 43324 21624 -81767.814  337  293 -81428.000 -82013.658  0.72%   166  455s
 43355 21644 -81851.767  112  392 -81428.000 -82013.658  0.72%   166  460s
 43362 21649 -82009.072  112  412 -81428.000 -82013.658  0.72%   166  466s
 43368 21653 -81930.751  229  401 -81428.000 -82013.658  0.72%   166  470s
 43379 21662 -81560.752  208  234 -81428.000 -82013.654  0.72%   167  475s
 43383 21665 -81559.620  111  259 -81428.000 -82013.654  0.72%   167  480s
 43408 21681 -81515.145  109  421 -81428.000 -82013.654  0.72%   167  485s
 43419 21690 -81650.812  236   87 -81428.000 -82013.435  0.72%   168  490s
 43425 21694 -81455.380  213  348 -81428.000 -82013.435  0.72%   168  495s
 43434 21700 -81836.634  109  436 -81428.000 -82013.435  0.72%   168  500s
 43465 21721 -81687.012  280  366 -81428.000 -82013.141  0.72%   168  505s
 43472 21726 -81991.724  131  362 -81428.000 -82012.992  0.72%   168  510s
 43480 21731 -81558.483  340  364 -81428.000 -82010.795  0.72%   168  515s
 43491 21738 -81479.975  164  385 -81428.000 -82010.186  0.71%   168  520s
 43499 21744 -81954.910  101  390 -81428.000 -82009.829  0.71%   168  525s
 43507 21749 -82009.722  128  377 -81428.000 -82009.722  0.71%   168  530s
 43516 21755 -81443.022   79  375 -81428.000 -82009.704  0.71%   168  535s
 43525 21763 -81455.380  213  105 -81428.000 -82009.704  0.71%   169  540s
 43531 21767 -81874.509   90  385 -81428.000 -82009.704  0.71%   169  545s
 43563 21788 -81966.934  246  354 -81428.000 -82009.704  0.71%   169  550s
 43571 21793 -81526.372  134  344 -81428.000 -82009.704  0.71%   169  555s
 43580 21799 -81558.483  340  340 -81428.000 -82009.704  0.71%   169  560s
 43586 21803 -81535.548  508  371 -81428.000 -82009.704  0.71%   169  565s
 43589 21808 -81998.962  108  377 -81428.000 -82003.484  0.71%   170  573s
 43591 21811 -81996.602  109  346 -81428.000 -82001.580  0.70%   170  579s
 43595 21813 -81987.172  110  379 -81428.000 -81999.703  0.70%   170  585s
 43603 21816 -81987.087  111  379 -81428.000 -81998.032  0.70%   170  591s
 43611 21820 -81985.907  112  442 -81428.000 -81997.215  0.70%   170  595s
 43627 21827 -81987.081  115  296 -81428.000 -81996.516  0.70%   170  600s

Cutting planes:
  Gomory: 43
  Cover: 580
  Implied bound: 1
  Clique: 183
  MIR: 132
  StrongCG: 57
  Flow cover: 229
  Zero half: 19
  RLT: 8
  Relax-and-lift: 2

Explored 43628 nodes (7459787 simplex iterations) in 600.01 seconds (824.64 work units)
Thread count was 4 (of 56 available processors)

Solution count 10: -81428 -81387 -81320 ... -78672

Time limit reached
Best objective -8.142800000000e+04, best bound -8.199600000000e+04, gap 0.6975%
