
Gurobi 9.5.0 (linux64) logging started Thu Apr 14 17:47:14 2022

Set parameter LogFile to value "/local_workspace/chenrui/LogFiles/MKAP/new0U_R25_M10_N200_seed1_original_600.log"
Gurobi Optimizer version 9.5.0 build v9.5.0rc5 (linux64)
Thread count: 56 physical cores, 56 logical processors, using up to 4 threads
Optimize a model with 460 rows, 2250 columns and 4500 nonzeros
Model fingerprint: 0xe613fff0
Variable types: 0 continuous, 2250 integer (2250 binary)
Coefficient statistics:
  Matrix range     [1e+00, 1e+04]
  Objective range  [6e+00, 1e+03]
  Bounds range     [1e+00, 1e+00]
  RHS range        [1e+00, 1e+00]
Found heuristic solution: objective 0.0000000
Presolve removed 10 rows and 10 columns
Presolve time: 0.01s
Presolved: 450 rows, 2240 columns, 4480 nonzeros
Variable types: 0 continuous, 2240 integer (2240 binary)
Found heuristic solution: objective -28291.00000

Root relaxation: objective -6.994330e+04, 1447 iterations, 0.01 seconds (0.01 work units)

    Nodes    |    Current Node    |     Objective Bounds      |     Work
 Expl Unexpl |  Obj  Depth IntInf | Incumbent    BestBd   Gap | It/Node Time

     0     0 -69943.296    0   59 -28291.000 -69943.296   147%     -    0s
H    0     0                    -39797.00000 -69943.296  75.8%     -    0s
H    0     0                    -40339.00000 -69943.296  73.4%     -    0s
H    0     0                    -45276.00000 -69943.296  54.5%     -    0s
     0     0 -69405.546    0  108 -45276.000 -69405.546  53.3%     -    0s
     0     0 -69178.072    0  111 -45276.000 -69178.072  52.8%     -    0s
     0     0 -69134.365    0  107 -45276.000 -69134.365  52.7%     -    0s
H    0     0                    -46046.00000 -69134.365  50.1%     -    0s
H    0     0                    -47310.00000 -69134.365  46.1%     -    0s
     0     0 -68975.215    0  146 -47310.000 -68975.215  45.8%     -    0s
     0     0 -68710.192    0  129 -47310.000 -68710.192  45.2%     -    0s
     0     2 -68710.192    0  129 -47310.000 -68710.192  45.2%     -    0s
H   33    40                    -47539.00000 -68601.096  44.3%  78.2    0s
H   74    87                    -47795.00000 -68601.096  43.5%  48.9    0s
H 1081   939                    -47901.00000 -62794.432  31.1%  24.7    1s
H 1083   893                    -48019.00000 -62773.950  30.7%  24.7    1s
H 1085   849                    -48025.00000 -62773.950  30.7%  24.7    1s
H 3192  1845                    -48101.00000 -62507.035  29.9%  14.0    2s
H10043  6878                    -48243.00000 -59893.527  24.1%   9.4    3s
H10144  6975                    -48249.00000 -59893.527  24.1%   9.4    3s
H10193  6866                    -48400.00000 -59885.282  23.7%   9.4    3s

Explored 20860 nodes (183354 simplex iterations) in 5.90 seconds (7.72 work units)
Thread count was 4 (of 56 available processors)

Solution count 10: -48400 -48249 -48243 ... -47310
No other solutions better than -48400

Optimal solution found (tolerance 1.00e-04)
Best objective -4.840000000000e+04, best bound -4.840000000000e+04, gap 0.0000%

Gurobi 9.5.0 (linux64) logging started Fri Apr 29 08:23:17 2022

Set parameter LogFile to value "/local_workspace/chenrui/LogFiles/MKAP/new0U_R25_M10_N200_seed1_original_600.log"
Gurobi Optimizer version 9.5.0 build v9.5.0rc5 (linux64)
Thread count: 56 physical cores, 56 logical processors, using up to 4 threads
Optimize a model with 460 rows, 2250 columns and 4500 nonzeros
Model fingerprint: 0xe613fff0
Variable types: 0 continuous, 2250 integer (2250 binary)
Coefficient statistics:
  Matrix range     [1e+00, 1e+04]
  Objective range  [6e+00, 1e+03]
  Bounds range     [1e+00, 1e+00]
  RHS range        [1e+00, 1e+00]
Found heuristic solution: objective 0.0000000
Presolve removed 10 rows and 10 columns
Presolve time: 0.01s
Presolved: 450 rows, 2240 columns, 4480 nonzeros
Variable types: 0 continuous, 2240 integer (2240 binary)
Found heuristic solution: objective -28291.00000

Root relaxation: objective -6.994330e+04, 1447 iterations, 0.01 seconds (0.01 work units)

    Nodes    |    Current Node    |     Objective Bounds      |     Work
 Expl Unexpl |  Obj  Depth IntInf | Incumbent    BestBd   Gap | It/Node Time

     0     0 -69943.296    0   59 -28291.000 -69943.296   147%     -    0s
H    0     0                    -39797.00000 -69943.296  75.8%     -    0s
H    0     0                    -40339.00000 -69943.296  73.4%     -    0s
H    0     0                    -45276.00000 -69943.296  54.5%     -    0s
     0     0 -69405.546    0  108 -45276.000 -69405.546  53.3%     -    0s
     0     0 -69178.072    0  111 -45276.000 -69178.072  52.8%     -    0s
     0     0 -69134.365    0  107 -45276.000 -69134.365  52.7%     -    0s
H    0     0                    -46046.00000 -69134.365  50.1%     -    0s
H    0     0                    -47310.00000 -69134.365  46.1%     -    0s
     0     0 -68975.215    0  146 -47310.000 -68975.215  45.8%     -    0s
     0     0 -68710.192    0  129 -47310.000 -68710.192  45.2%     -    0s
     0     2 -68710.192    0  129 -47310.000 -68710.192  45.2%     -    0s
H   33    40                    -47539.00000 -68601.096  44.3%  78.2    0s
H   74    87                    -47795.00000 -68601.096  43.5%  48.9    0s
H 1081   939                    -47901.00000 -62794.432  31.1%  24.7    1s
H 1083   893                    -48019.00000 -62773.950  30.7%  24.7    1s
H 1085   849                    -48025.00000 -62773.950  30.7%  24.7    1s
H 3192  1845                    -48101.00000 -62507.035  29.9%  14.0    2s
H10043  6878                    -48243.00000 -59893.527  24.1%   9.4    3s
H10144  6975                    -48249.00000 -59893.527  24.1%   9.4    3s
H10193  6866                    -48400.00000 -59885.282  23.7%   9.4    3s

Explored 20860 nodes (183354 simplex iterations) in 5.58 seconds (7.72 work units)
Thread count was 4 (of 56 available processors)

Solution count 10: -48400 -48249 -48243 ... -47310
No other solutions better than -48400

Optimal solution found (tolerance 1.00e-04)
Best objective -4.840000000000e+04, best bound -4.840000000000e+04, gap 0.0000%
