
Gurobi 9.5.0 (linux64) logging started Mon Jun 20 09:23:50 2022

Set parameter LogFile to value "/local_workspace/chenrui/LogFiles/MKAP/new0U_R5_M40_N50_seed8_DWcutsCTp4_600.log"
Gurobi Optimizer version 9.5.0 build v9.5.0rc5 (linux64)
Thread count: 56 physical cores, 56 logical processors, using up to 4 threads
Optimize a model with 508 rows, 2200 columns and 6699 nonzeros
Model fingerprint: 0x920ea44f
Variable types: 0 continuous, 2200 integer (2200 binary)
Coefficient statistics:
  Matrix range     [5e-11, 1e+03]
  Objective range  [2e+01, 9e+02]
  Bounds range     [1e+00, 1e+00]
  RHS range        [1e-05, 1e+00]
Warning: Model contains large matrix coefficient range
         Consider reformulating model or setting NumericFocus parameter
         to avoid numerical issues.
Found heuristic solution: objective 0.0000000
Presolve removed 271 rows and 1553 columns
Presolve time: 0.01s
Presolved: 237 rows, 647 columns, 1621 nonzeros
Found heuristic solution: objective -9626.000000
Variable types: 0 continuous, 647 integer (647 binary)

Root relaxation: objective -1.463300e+04, 273 iterations, 0.00 seconds (0.00 work units)

    Nodes    |    Current Node    |     Objective Bounds      |     Work
 Expl Unexpl |  Obj  Depth IntInf | Incumbent    BestBd   Gap | It/Node Time

     0     0 -14633.000    0   14 -9626.0000 -14633.000  52.0%     -    0s
H    0     0                    -14633.00000 -14633.000  0.00%     -    0s
     0     0 -14633.000    0   14 -14633.000 -14633.000  0.00%     -    0s

Explored 1 nodes (301 simplex iterations) in 0.01 seconds (0.01 work units)
Thread count was 4 (of 56 available processors)

Solution count 3: -14633 -9626 0 
No other solutions better than -14633

Optimal solution found (tolerance 1.00e-04)
Best objective -1.463300000000e+04, best bound -1.463300000000e+04, gap 0.0000%
