
Gurobi 9.5.0 (linux64) logging started Tue May  3 13:18:14 2022

Set parameter LogFile to value "/local_workspace/chenrui/LogFiles/MKAP/new0U_R5_M10_N50_seed5_DWcutsCT2_600.log"
Gurobi Optimizer version 9.5.0 build v9.5.0rc5 (linux64)
Thread count: 56 physical cores, 56 logical processors, using up to 4 threads
Optimize a model with 238 rows, 550 columns and 2407 nonzeros
Model fingerprint: 0x30b79de8
Variable types: 0 continuous, 550 integer (550 binary)
Coefficient statistics:
  Matrix range     [1e-13, 3e+03]
  Objective range  [4e+00, 1e+03]
  Bounds range     [1e+00, 1e+00]
  RHS range        [6e-14, 1e+00]
Warning: Model contains large matrix coefficient range
         Consider reformulating model or setting NumericFocus parameter
         to avoid numerical issues.
Found heuristic solution: objective 0.0000000
Presolve removed 9 rows and 118 columns
Presolve time: 0.01s
Presolved: 229 rows, 432 columns, 1831 nonzeros
Found heuristic solution: objective -964.0000000
Variable types: 0 continuous, 432 integer (432 binary)

Root relaxation: objective -2.119456e+04, 905 iterations, 0.01 seconds (0.01 work units)

    Nodes    |    Current Node    |     Objective Bounds      |     Work
 Expl Unexpl |  Obj  Depth IntInf | Incumbent    BestBd   Gap | It/Node Time

     0     0 -21194.559    0   41 -964.00000 -21194.559  2099%     -    0s
H    0     0                    -18603.00000 -21194.559  13.9%     -    0s
H    0     0                    -18614.00000 -21194.559  13.9%     -    0s
H    0     0                    -19416.00000 -21194.559  9.16%     -    0s
H    0     0                    -19626.00000 -21194.559  7.99%     -    0s
H    0     0                    -20380.00000 -21194.559  4.00%     -    0s
     0     0 -21194.559    0   71 -20380.000 -21194.559  4.00%     -    0s
     0     0 -21194.559    0   73 -20380.000 -21194.559  4.00%     -    0s
H    0     0                    -20590.00000 -21193.228  2.93%     -    0s
     0     0 -21193.228    0   84 -20590.000 -21193.228  2.93%     -    0s
H    0     0                    -20667.00000 -21193.228  2.55%     -    0s
     0     0 -21191.590    0   86 -20667.000 -21191.590  2.54%     -    0s
H    0     0                    -20840.00000 -21191.590  1.69%     -    0s
     0     0 -21191.144    0   77 -20840.000 -21191.144  1.68%     -    0s
     0     0 -21191.093    0   59 -20840.000 -21191.093  1.68%     -    0s
     0     0 -21191.093    0   58 -20840.000 -21191.093  1.68%     -    0s
     0     0 -21190.591    0   55 -20840.000 -21190.591  1.68%     -    0s
     0     0 -21190.591    0   83 -20840.000 -21190.591  1.68%     -    0s
     0     0 -21190.591    0   78 -20840.000 -21190.591  1.68%     -    0s
H    0     0                    -20995.00000 -21190.591  0.93%     -    0s
     0     0 -21190.591    0  101 -20995.000 -21190.591  0.93%     -    0s
     0     0 -21190.335    0   98 -20995.000 -21190.335  0.93%     -    0s
     0     0 -21189.706    0   97 -20995.000 -21189.706  0.93%     -    0s
     0     0 -21186.403    0   88 -20995.000 -21186.403  0.91%     -    0s
     0     0 -21185.936    0   98 -20995.000 -21185.936  0.91%     -    0s
     0     0 -21185.904    0  105 -20995.000 -21185.904  0.91%     -    0s
     0     0 -21185.904    0  105 -20995.000 -21185.904  0.91%     -    0s
     0     0 -21183.973    0  112 -20995.000 -21183.973  0.90%     -    0s
     0     0 -21183.621    0  112 -20995.000 -21183.621  0.90%     -    0s
     0     0 -21183.621    0  111 -20995.000 -21183.621  0.90%     -    0s
     0     0 -21182.747    0   94 -20995.000 -21182.747  0.89%     -    0s
     0     0 -21176.503    0   97 -20995.000 -21176.503  0.86%     -    0s
     0     0 -21176.255    0   99 -20995.000 -21176.255  0.86%     -    0s
     0     0 -21167.048    0   95 -20995.000 -21167.048  0.82%     -    0s
     0     0 -21167.048    0   92 -20995.000 -21167.048  0.82%     -    0s
     0     0 -21166.981    0   47 -20995.000 -21166.981  0.82%     -    0s
     0     0 -21166.981    0   85 -20995.000 -21166.981  0.82%     -    0s
     0     0 -21166.981    0   75 -20995.000 -21166.981  0.82%     -    0s
     0     0 -21166.981    0   87 -20995.000 -21166.981  0.82%     -    0s
     0     0 -21166.981    0   86 -20995.000 -21166.981  0.82%     -    0s
     0     0 -21166.981    0   85 -20995.000 -21166.981  0.82%     -    0s
     0     0 -21166.981    0   97 -20995.000 -21166.981  0.82%     -    0s
     0     0 -21166.981    0   95 -20995.000 -21166.981  0.82%     -    0s
     0     0 -21166.981    0  100 -20995.000 -21166.981  0.82%     -    0s
     0     0 -21166.981    0  101 -20995.000 -21166.981  0.82%     -    0s
     0     0 -21166.981    0   99 -20995.000 -21166.981  0.82%     -    0s
     0     0 -21166.981    0   91 -20995.000 -21166.981  0.82%     -    0s
     0     0 -21166.981    0  106 -20995.000 -21166.981  0.82%     -    0s
     0     0 -21166.981    0  110 -20995.000 -21166.981  0.82%     -    0s
     0     0 -21166.981    0  110 -20995.000 -21166.981  0.82%     -    0s
     0     0 -21166.981    0  110 -20995.000 -21166.981  0.82%     -    0s
     0     0 -21166.981    0  111 -20995.000 -21166.981  0.82%     -    0s
     0     0 -21166.981    0  100 -20995.000 -21166.981  0.82%     -    0s
     0     0 -21166.981    0  100 -20995.000 -21166.981  0.82%     -    0s
     0     2 -21166.981    0  100 -20995.000 -21166.981  0.82%     -    0s
H 1473   196                    -21016.00000 -21066.508  0.24%  19.4    0s

Cutting planes:
  Gomory: 9
  Cover: 84
  Clique: 44
  MIR: 16
  StrongCG: 5
  Inf proof: 4
  Zero half: 1
  RLT: 2

Explored 1996 nodes (40588 simplex iterations) in 0.81 seconds (0.68 work units)
Thread count was 4 (of 56 available processors)

Solution count 10: -21016 -20995 -20840 ... -18603
No other solutions better than -21016

Optimal solution found (tolerance 1.00e-04)
Best objective -2.101600000078e+04, best bound -2.101600000084e+04, gap 0.0000%
