
Gurobi 9.5.0 (linux64) logging started Tue May  3 13:28:59 2022

Set parameter LogFile to value "/local_workspace/chenrui/LogFiles/MKAP/new0U_R10_M40_N100_seed6_DWcutsCT_600.log"
Gurobi Optimizer version 9.5.0 build v9.5.0rc5 (linux64)
Thread count: 56 physical cores, 56 logical processors, using up to 4 threads
Optimize a model with 940 rows, 4400 columns and 13190 nonzeros
Model fingerprint: 0xc8556c4e
Variable types: 0 continuous, 4400 integer (4400 binary)
Coefficient statistics:
  Matrix range     [2e-13, 1e+03]
  Objective range  [1e+01, 1e+03]
  Bounds range     [1e+00, 1e+00]
  RHS range        [6e-14, 1e+00]
Warning: Model contains large matrix coefficient range
         Consider reformulating model or setting NumericFocus parameter
         to avoid numerical issues.
Found heuristic solution: objective 0.0000000
Presolve removed 164 rows and 1627 columns
Presolve time: 0.03s
Presolved: 776 rows, 2773 columns, 8114 nonzeros
Found heuristic solution: objective -14869.00000
Variable types: 0 continuous, 2773 integer (2773 binary)
Found heuristic solution: objective -15210.00000

Root relaxation: objective -3.910932e+04, 3003 iterations, 0.05 seconds (0.04 work units)

    Nodes    |    Current Node    |     Objective Bounds      |     Work
 Expl Unexpl |  Obj  Depth IntInf | Incumbent    BestBd   Gap | It/Node Time

     0     0 -39109.321    0   86 -15210.000 -39109.321   157%     -    0s
H    0     0                    -37520.00000 -39109.321  4.24%     -    0s
H    0     0                    -38248.00000 -39109.321  2.25%     -    0s
     0     0 -39109.321    0  120 -38248.000 -39109.321  2.25%     -    0s
H    0     0                    -38427.00000 -39109.321  1.78%     -    0s
     0     0 -39109.321    0  112 -38427.000 -39109.321  1.78%     -    0s
H    0     0                    -38587.00000 -39109.321  1.35%     -    0s
     0     0 -39109.321    0   38 -38587.000 -39109.321  1.35%     -    0s
     0     0 -39109.321    0   62 -38587.000 -39109.321  1.35%     -    0s
     0     0 -39109.321    0   58 -38587.000 -39109.321  1.35%     -    0s
     0     0 -39109.321    0   74 -38587.000 -39109.321  1.35%     -    0s
     0     0 -39109.321    0   57 -38587.000 -39109.321  1.35%     -    0s
     0     0 -39109.321    0   57 -38587.000 -39109.321  1.35%     -    0s
H    0     0                    -38646.00000 -39109.321  1.20%     -    0s
     0     2 -39109.321    0   57 -38646.000 -39109.321  1.20%     -    0s
H   33    35                    -38717.00000 -39109.321  1.01%   234    1s
H   65    68                    -38735.00000 -39109.321  0.97%   170    1s
H   97   105                    -38892.00000 -39109.321  0.56%   146    1s
H  140   176                    -38984.00000 -39109.321  0.32%   126    1s
H 1097   849                    -39000.00000 -39109.321  0.28%  56.3    5s
H 1645   936                    -39055.00000 -39109.321  0.14%  93.0    8s
  2568  1274 -39109.289   26  105 -39055.000 -39109.321  0.14%  86.4   10s
  5628  3339 -39106.106   35  129 -39055.000 -39108.824  0.14%  77.4   15s
 10748  6275 -39108.277   25  131 -39055.000 -39108.277  0.14%  68.4   20s
 12213  6951     cutoff   65      -39055.000 -39105.823  0.13%  69.9   25s
 17473  8641 -39105.229   38  110 -39055.000 -39105.565  0.13%  66.8   30s
 21129  9287 -39105.288   37  137 -39055.000 -39105.288  0.13%  65.3   35s
 23540  9979 -39090.544   55   79 -39055.000 -39105.288  0.13%  65.1   40s
 30580 12933 -39074.727   67   98 -39055.000 -39105.288  0.13%  59.4   45s
 31761 12814 -39091.304   80   92 -39055.000 -39105.060  0.13%  59.2   50s
 38245 15311     cutoff   96      -39055.000 -39104.736  0.13%  55.5   55s
 47990 17961 -39094.638   72   85 -39055.000 -39103.736  0.12%  52.7   60s
 52026 18846 -39091.406   73  152 -39055.000 -39103.421  0.12%  51.6   65s
 52087 18879 -39065.682   60  150 -39055.000 -39101.866  0.12%  51.9   70s
 53839 19721 -39092.082   83  121 -39055.000 -39100.803  0.12%  51.9   75s
 62724 22147 -39087.577   80   69 -39055.000 -39095.848  0.10%  50.9   80s
 72824 23005 -39057.894   90   46 -39055.000 -39092.526  0.10%  50.5   85s
 82008 23347     cutoff   91      -39055.000 -39090.049  0.09%  50.8   90s
 91943 22814 -39073.293   99   56 -39055.000 -39086.900  0.08%  50.7   95s
 102994 22506 -39075.606  102  104 -39055.000 -39085.506  0.08%  49.8  100s
 112770 22405     cutoff   78      -39055.000 -39082.853  0.07%  49.4  105s
 123100 23643     cutoff   87      -39055.000 -39080.262  0.06%  49.5  110s
 134653 24750     cutoff   84      -39055.000 -39078.223  0.06%  48.9  115s
 145313 25163 -39058.793  107   66 -39055.000 -39076.395  0.05%  48.2  120s
 158677 23272 -39065.268   99   41 -39055.000 -39075.137  0.05%  47.4  125s
 171285 20636     cutoff   82      -39055.000 -39072.914  0.05%  46.6  130s
 183534 17304 -39062.375   93  107 -39055.000 -39070.311  0.04%  46.1  135s
 198255 12040     cutoff   89      -39055.000 -39065.811  0.03%  45.2  140s
 213656  3007     cutoff  118      -39055.000 -39061.343  0.02%  44.0  145s

Cutting planes:
  Gomory: 29
  Cover: 157
  Clique: 23
  MIR: 63
  StrongCG: 21
  Flow cover: 110
  Zero half: 6
  RLT: 9

Explored 217387 nodes (9487908 simplex iterations) in 146.03 seconds (227.79 work units)
Thread count was 4 (of 56 available processors)

Solution count 10: -39055 -39055 -39000 ... -38587

Optimal solution found (tolerance 1.00e-04)
Best objective -3.905500000000e+04, best bound -3.905800000000e+04, gap 0.0077%
