
Gurobi 9.5.0 (linux64) logging started Sun Jun 19 18:14:44 2022

Set parameter LogFile to value "/local_workspace/chenrui/LogFiles/MKAP/new0U_R25_M30_N300_seed7_DWcutsCTp1_600.log"
Gurobi Optimizer version 9.5.0 build v9.5.0rc5 (linux64)
Thread count: 56 physical cores, 56 logical processors, using up to 4 threads
Optimize a model with 2506 rows, 9750 columns and 37613 nonzeros
Model fingerprint: 0x2697670f
Variable types: 0 continuous, 9750 integer (9750 binary)
Coefficient statistics:
  Matrix range     [1e-13, 5e+03]
  Objective range  [5e+00, 1e+03]
  Bounds range     [1e+00, 1e+00]
  RHS range        [1e-05, 1e+00]
Warning: Model contains large matrix coefficient range
         Consider reformulating model or setting NumericFocus parameter
         to avoid numerical issues.
Found heuristic solution: objective 0.0000000
Presolve removed 116 rows and 1244 columns
Presolve time: 0.10s
Presolved: 2390 rows, 8506 columns, 33091 nonzeros
Found heuristic solution: objective -11889.00000
Variable types: 0 continuous, 8506 integer (8506 binary)

Root relaxation: objective -1.207608e+05, 19526 iterations, 1.35 seconds (1.38 work units)

    Nodes    |    Current Node    |     Objective Bounds      |     Work
 Expl Unexpl |  Obj  Depth IntInf | Incumbent    BestBd   Gap | It/Node Time

     0     0 -120760.82    0  492 -11889.000 -120760.82   916%     -    1s
H    0     0                    -91788.00000 -120760.82  31.6%     -    1s
H    0     0                    -101847.0000 -120760.82  18.6%     -    1s
H    0     0                    -102786.0000 -120760.82  17.5%     -    1s
H    0     0                    -105548.0000 -120760.82  14.4%     -    1s
H    0     0                    -112516.0000 -120760.82  7.33%     -    1s
     0     0 -120760.82    0  462 -112516.00 -120760.82  7.33%     -    2s
H    0     0                    -113044.0000 -120760.82  6.83%     -    2s
H    0     0                    -116528.0000 -120760.82  3.63%     -    2s
H    0     0                    -118591.0000 -120760.82  1.83%     -    2s
     0     0 -120760.82    0  346 -118591.00 -120760.82  1.83%     -    2s
     0     0 -120760.82    0  423 -118591.00 -120760.82  1.83%     -    3s
     0     0 -120760.82    0  415 -118591.00 -120760.82  1.83%     -    3s
     0     0 -120760.82    0  387 -118591.00 -120760.82  1.83%     -    4s
     0     0 -120760.82    0  373 -118591.00 -120760.82  1.83%     -    4s
H    0     0                    -118608.0000 -120760.82  1.82%     -    4s
     0     0 -120760.82    0  413 -118608.00 -120760.82  1.82%     -    4s
     0     0 -120760.82    0  413 -118608.00 -120760.82  1.82%     -    5s
H    0     2                    -118983.0000 -120760.82  1.49%     -    6s
     0     2 -120760.82    0  413 -118983.00 -120760.82  1.49%     -    6s
     7    12 -120760.82    3  387 -118983.00 -120760.82  1.49%  1294   10s
H   30    36                    -119292.0000 -120760.82  1.23%   552   11s
H   31    36                    -119493.0000 -120760.82  1.06%   535   11s
H   60    68                    -119626.0000 -120760.82  0.95%   408   14s
H   64    68                    -119697.0000 -120760.82  0.89%   418   14s
    92   102 -120760.81   24  330 -119697.00 -120760.82  0.89%   339   15s
H   93   102                    -119782.0000 -120760.82  0.82%   336   15s
H  100   102                    -119987.0000 -120760.82  0.64%   318   15s
   204   226 -120760.81   46  212 -119987.00 -120760.82  0.64%   419   21s
H  284   258                    -120097.0000 -120760.82  0.55%   406   26s
H  290   258                    -120130.0000 -120760.82  0.53%   399   26s
H  300   323                    -120229.0000 -120760.82  0.44%   400   31s
   528   640 -120705.79   95  260 -120229.00 -120760.82  0.44%   322   35s
  1111  1067 -120652.54  195  210 -120229.00 -120760.82  0.44%   241   41s
  1270  1069 -120636.16   66  472 -120229.00 -120760.82  0.44%   242   45s
  1281  1077 -120695.56   72  388 -120229.00 -120760.81  0.44%   240   55s
  1284  1082 -120760.81   15  360 -120229.00 -120760.81  0.44%   266   63s
  1288  1084 -120760.81   16  307 -120229.00 -120760.81  0.44%   268   65s
  1310  1094 -120760.81   19  285 -120229.00 -120760.81  0.44%   281   70s
  1368  1133 -120760.81   26  252 -120229.00 -120760.81  0.44%   296   75s
  1412  1150 -120760.81   30  303 -120229.00 -120760.81  0.44%   308   80s
  1486  1224 -120760.80   35  403 -120229.00 -120760.81  0.44%   320   85s
H 1541  1167                    -120294.0000 -120760.81  0.39%   322   88s
  1557  1200 -120465.09   39  303 -120294.00 -120760.81  0.39%   323   91s
  1744  1443 -120751.73   54  225 -120294.00 -120760.81  0.39%   332   96s
  2399  1620 -120720.92  111  277 -120294.00 -120760.81  0.39%   307  101s
  2823  1822     cutoff  201      -120294.00 -120760.81  0.39%   308  106s
  3026  1986 -120760.04   45  271 -120294.00 -120760.81  0.39%   314  110s
  3420  2135 -120658.99   82  226 -120294.00 -120760.81  0.39%   301  118s
  3627  2180 -120745.68   41  444 -120294.00 -120760.81  0.39%   305  124s
H 3650  2109                    -120299.0001 -120760.81  0.38%   310  124s
H 3770  1674                    -120412.0000 -120760.81  0.29%   320  129s
  3892  1905 -120509.14   88  326 -120412.00 -120760.81  0.29%   324  135s
  4282  1968 -120759.14   30  423 -120412.00 -120760.81  0.29%   316  140s
H 4378  1393                    -120529.0000 -120760.81  0.19%   315  140s
  4439  1587 -120621.69   44  418 -120529.00 -120760.81  0.19%   318  146s
  4805  1955 -120639.71   63  349 -120529.00 -120760.81  0.19%   307  151s
H 4924  1668                    -120581.0000 -120760.81  0.15%   302  151s
  5296  1921 -120663.33   39  506 -120581.00 -120760.81  0.15%   295  156s
  5755  2215 -120750.44   40  555 -120581.00 -120760.81  0.15%   291  162s
  6159  2658 -120692.44   55  345 -120581.00 -120760.81  0.15%   288  168s
  6676  2903 -120600.13  113  305 -120581.00 -120760.81  0.15%   279  174s
  7005  3261 -120723.58   30  627 -120581.00 -120760.81  0.15%   280  180s
  7443  3483 -120691.88   65  519 -120581.00 -120760.81  0.15%   276  186s
  7733  3485 -120649.33   65  365 -120581.00 -120760.81  0.15%   280  191s
  7744  3493 -120673.77  101  271 -120581.00 -120760.81  0.15%   279  195s
  7749  3501 -120760.81   27  242 -120581.00 -120760.81  0.15%   284  202s
  7757  3504 -120755.53   28  221 -120581.00 -120760.81  0.15%   284  208s
  7761  3507 -120760.81   29  226 -120581.00 -120760.81  0.15%   285  210s
  7773  3514 -120760.81   30  252 -120581.00 -120760.81  0.15%   285  215s
  7804  3525 -120760.81   35  236 -120581.00 -120760.81  0.15%   287  220s
  7847  3547 -120760.26   39  240 -120581.00 -120760.81  0.15%   288  225s
  7927  3604 -120760.04   49  216 -120581.00 -120760.81  0.15%   291  230s
  8050  3675 -120759.46   64  236 -120581.00 -120760.81  0.15%   293  238s
  8181  3769 -120716.33   77  213 -120581.00 -120760.81  0.15%   295  243s
  8355  3761 -120743.49   86  179 -120581.00 -120760.81  0.15%   296  248s
  8454  4043 -120644.35   86   59 -120581.00 -120760.81  0.15%   296  255s
  8908  4352 -120651.45  114  129 -120581.00 -120760.81  0.15%   292  260s
 10178  4501 -120760.81   41  197 -120581.00 -120760.81  0.15%   290  268s
 10441  4415 -120693.24   87  413 -120581.00 -120760.81  0.15%   295  270s
 10456  4425 -120705.28   57  356 -120581.00 -120760.81  0.15%   294  275s
 10459  4432 -120760.81   36  250 -120581.00 -120760.81  0.15%   297  282s
 10467  4437 -120755.53   37  268 -120581.00 -120760.81  0.15%   298  288s
 10471  4438 -120760.81   38  243 -120581.00 -120760.81  0.15%   298  290s
 10479  4443 -120760.81   39  198 -120581.00 -120760.81  0.15%   299  295s
 10503  4454 -120760.81   43  202 -120581.00 -120760.81  0.15%   300  300s
 10542  4465 -120732.88   48  164 -120581.00 -120760.81  0.15%   303  305s
 10639  4522 -120760.81   59  177 -120581.00 -120760.81  0.15%   305  310s
 10772  4596 -120760.80   74  202 -120581.00 -120760.81  0.15%   307  315s
H10936  4408                    -120611.0000 -120760.81  0.12%   309  319s
 10991  4841 -120760.34  110  195 -120611.00 -120760.81  0.12%   308  325s
H11313  4489                    -120656.0000 -120760.81  0.09%   305  325s
 11985  4546 -120731.25   66  155 -120656.00 -120760.81  0.09%   296  332s
 12339  4547 -120760.81   73  216 -120656.00 -120760.81  0.09%   296  335s
 13075  4845 -120731.09   52  287 -120656.00 -120760.81  0.09%   293  343s
 13365  4932 -120753.97   62  224 -120656.00 -120760.81  0.09%   294  346s
 13708  4853 -120753.89   97   71 -120656.00 -120760.81  0.09%   295  354s
 13767  4921     cutoff   97      -120656.00 -120760.81  0.09%   295  360s
 14635  5306 -120746.71   66  312 -120656.00 -120760.81  0.09%   291  371s
 15080  5714     cutoff   70      -120656.00 -120760.81  0.09%   292  375s
 16413  5742 -120665.30   68  272 -120656.00 -120760.81  0.09%   290  384s
 16985  5938 -120718.94   76  172 -120656.00 -120760.81  0.09%   288  388s
 17547  6187 -120741.88   68  269 -120656.00 -120760.81  0.09%   285  397s
 18256  6212 -120724.96   96  170 -120656.00 -120760.81  0.09%   282  404s
 18642  6673 -120694.27   76  266 -120656.00 -120760.81  0.09%   280  409s
 19561  6789 -120760.80   59  297 -120656.00 -120760.81  0.09%   277  414s
 20295  7131 -120681.95   82  229 -120656.00 -120760.81  0.09%   278  420s
 21170  6854 -120672.44   76  283 -120656.00 -120760.81  0.09%   275  425s
 21177  6862 -120760.81   45  296 -120656.00 -120760.81  0.09%   276  430s
 21189  6867 -120760.81   47  288 -120656.00 -120760.81  0.09%   276  435s
 21202  6867     cutoff   48      -120656.00 -120760.81  0.09%   276  440s
 21238  6870     cutoff   52      -120656.00 -120760.81  0.09%   276  446s
 21292  6902 -120760.81   59  142 -120656.00 -120760.81  0.09%   277  451s
 21397  7047 -120760.75   65  335 -120656.00 -120760.81  0.09%   277  457s
 21559  7104 -120760.72   70  367 -120656.00 -120760.81  0.09%   277  461s
 22180  7291 -120748.29  100  120 -120656.00 -120760.81  0.09%   274  467s
 22549  7496 -120759.46   56  347 -120656.00 -120760.81  0.09%   273  470s
 23731  7643 -120737.55   66  281 -120656.00 -120760.81  0.09%   264  477s
 23863  7733 -120737.49   67  339 -120656.00 -120760.81  0.09%   264  480s
 24430  8193 -120754.35   82  164 -120656.00 -120760.81  0.09%   260  486s
 25583  8173 -120758.73   72  295 -120656.00 -120760.76  0.09%   253  495s
 26592  8808 -120663.61   73  238 -120656.00 -120760.62  0.09%   248  501s
 27743  8961 -120722.84  126  142 -120656.00 -120760.23  0.09%   243  507s
 28451  8842 -120756.96   79  333 -120656.00 -120759.99  0.09%   240  512s
 28659  9252 -120755.93   89  293 -120656.00 -120759.89  0.09%   240  515s
 30387  9791 -120744.22   81  262 -120656.00 -120759.53  0.09%   233  522s
 31454  9439 -120737.99  119  311 -120656.00 -120759.25  0.09%   228  525s
 31470  9452 -120759.25   58  230 -120656.00 -120759.25  0.09%   229  530s
 31479  9457 -120759.25   61  200 -120656.00 -120759.25  0.09%   229  536s
 31491  9459 -120742.89   62  223 -120656.00 -120759.25  0.09%   229  540s
 31521  9467 -120735.82   66  279 -120656.00 -120759.25  0.09%   229  545s
 31557  9478 -120759.25   71  171 -120656.00 -120759.25  0.09%   229  550s
 31672  9512 -120726.87   71  153 -120656.00 -120759.25  0.09%   230  556s
 31897  9598 -120759.25   88  116 -120656.00 -120759.25  0.09%   230  562s
 32289  9844 -120676.98   92  172 -120656.00 -120759.25  0.09%   229  566s
 32993 10099 -120725.96  122  198 -120656.00 -120759.25  0.09%   226  572s
 33463 10440     cutoff  130      -120656.00 -120759.25  0.09%   225  575s
 34602 10726 -120686.78   88  259 -120656.00 -120759.25  0.09%   221  581s
 35722 11182 -120716.36  131  164 -120656.00 -120759.25  0.09%   219  587s
 36567 11374 -120753.94   79  280 -120656.00 -120759.25  0.09%   216  591s
 37876 11928 -120758.02   84  240 -120656.00 -120759.25  0.09%   212  598s
 38811 11809 -120740.24   94  249 -120656.00 -120759.25  0.09%   209  600s

Cutting planes:
  Gomory: 2
  Cover: 185
  Clique: 203
  MIR: 12
  StrongCG: 13
  Flow cover: 35
  Zero half: 1
  RLT: 2

Explored 39258 nodes (8220678 simplex iterations) in 600.01 seconds (1045.17 work units)
Thread count was 4 (of 56 available processors)

Solution count 10: -120656 -120611 -120581 ... -120097

Time limit reached
Best objective -1.206560000000e+05, best bound -1.207590000000e+05, gap 0.0854%
