
Gurobi 9.5.0 (linux64) logging started Tue May  3 13:19:54 2022

Set parameter LogFile to value "/local_workspace/chenrui/LogFiles/MKAP/new0U_R5_M20_N50_seed4_DWcutsCT_600.log"
Gurobi Optimizer version 9.5.0 build v9.5.0rc5 (linux64)
Thread count: 56 physical cores, 56 logical processors, using up to 4 threads
Optimize a model with 270 rows, 1100 columns and 3297 nonzeros
Model fingerprint: 0x26a29835
Variable types: 0 continuous, 1100 integer (1100 binary)
Coefficient statistics:
  Matrix range     [9e-13, 1e+03]
  Objective range  [2e+01, 1e+03]
  Bounds range     [1e+00, 1e+00]
  RHS range        [1e-13, 1e+00]
Warning: Model contains large matrix coefficient range
         Consider reformulating model or setting NumericFocus parameter
         to avoid numerical issues.
Found heuristic solution: objective 0.0000000
Presolve removed 43 rows and 417 columns
Presolve time: 0.01s
Presolved: 227 rows, 683 columns, 1940 nonzeros
Found heuristic solution: objective -9297.000000
Variable types: 0 continuous, 683 integer (683 binary)

Root relaxation: objective -1.884634e+04, 752 iterations, 0.01 seconds (0.01 work units)

    Nodes    |    Current Node    |     Objective Bounds      |     Work
 Expl Unexpl |  Obj  Depth IntInf | Incumbent    BestBd   Gap | It/Node Time

     0     0 -18846.335    0   21 -9297.0000 -18846.335   103%     -    0s
H    0     0                    -18047.00000 -18846.335  4.43%     -    0s
H    0     0                    -18597.00000 -18846.335  1.34%     -    0s
     0     0 -18846.335    0   42 -18597.000 -18846.335  1.34%     -    0s
     0     0 -18846.335    0   30 -18597.000 -18846.335  1.34%     -    0s
     0     0 -18846.313    0   76 -18597.000 -18846.313  1.34%     -    0s
     0     0 -18846.313    0   77 -18597.000 -18846.313  1.34%     -    0s
H    0     0                    -18618.00000 -18846.212  1.23%     -    0s
     0     0 -18846.212    0   58 -18618.000 -18846.212  1.23%     -    0s
     0     0 -18846.212    0   51 -18618.000 -18846.212  1.23%     -    0s
     0     0 -18846.176    0   31 -18618.000 -18846.176  1.23%     -    0s
     0     0 -18846.087    0   59 -18618.000 -18846.087  1.23%     -    0s
     0     0 -18844.939    0   57 -18618.000 -18844.939  1.22%     -    0s
     0     0 -18844.720    0   51 -18618.000 -18844.720  1.22%     -    0s
     0     0 -18844.719    0   50 -18618.000 -18844.719  1.22%     -    0s
     0     0 -18844.042    0   51 -18618.000 -18844.042  1.21%     -    0s
     0     0 -18844.000    0   63 -18618.000 -18844.000  1.21%     -    0s
     0     0 -18843.820    0   71 -18618.000 -18843.820  1.21%     -    0s
     0     0 -18843.415    0   63 -18618.000 -18843.415  1.21%     -    0s
H    0     0                    -18722.00000 -18843.415  0.65%     -    0s
     0     0 -18843.375    0   78 -18722.000 -18843.375  0.65%     -    0s
     0     0 -18843.307    0   67 -18722.000 -18843.307  0.65%     -    0s
     0     0 -18843.291    0   68 -18722.000 -18843.291  0.65%     -    0s
     0     0 -18842.334    0   65 -18722.000 -18842.334  0.64%     -    0s
     0     0 -18841.284    0   56 -18722.000 -18841.284  0.64%     -    0s
     0     0 -18840.562    0   70 -18722.000 -18840.562  0.63%     -    0s
     0     0 -18840.115    0   68 -18722.000 -18840.115  0.63%     -    0s
     0     0 -18840.000    0    6 -18722.000 -18840.000  0.63%     -    0s
     0     0 -18840.000    0   10 -18722.000 -18840.000  0.63%     -    0s
     0     0 -18840.000    0    2 -18722.000 -18840.000  0.63%     -    0s
     0     0 -18840.000    0   24 -18722.000 -18840.000  0.63%     -    0s
     0     0 -18840.000    0   49 -18722.000 -18840.000  0.63%     -    0s
     0     0 -18840.000    0   71 -18722.000 -18840.000  0.63%     -    0s
     0     0 -18840.000    0   46 -18722.000 -18840.000  0.63%     -    0s
     0     0 -18840.000    0   49 -18722.000 -18840.000  0.63%     -    0s
     0     0 -18840.000    0   60 -18722.000 -18840.000  0.63%     -    0s
     0     0 -18840.000    0    4 -18722.000 -18840.000  0.63%     -    0s
     0     0 -18835.087    0   74 -18722.000 -18835.087  0.60%     -    0s
     0     0 -18834.798    0   72 -18722.000 -18834.798  0.60%     -    0s
     0     0 -18834.798    0   76 -18722.000 -18834.798  0.60%     -    0s
     0     0 -18834.798    0   75 -18722.000 -18834.798  0.60%     -    0s
H    0     0                    -18747.00000 -18834.798  0.47%     -    0s
     0     2 -18834.798    0   75 -18747.000 -18834.798  0.47%     -    0s
H  299   104                    -18769.99995 -18820.304  0.27%  23.7    0s
H  324   105                    -18770.00000 -18820.304  0.27%  22.9    0s
*  330   105              19    -18794.00000 -18819.875  0.14%  22.6    0s

Cutting planes:
  Gomory: 3
  Cover: 39
  Clique: 7
  MIR: 10
  StrongCG: 7
  Inf proof: 1

Explored 470 nodes (13185 simplex iterations) in 0.51 seconds (0.36 work units)
Thread count was 4 (of 56 available processors)

Solution count 10: -18794 -18770 -18770 ... 0
No other solutions better than -18794

Optimal solution found (tolerance 1.00e-04)
Best objective -1.879400000000e+04, best bound -1.879400000000e+04, gap 0.0000%
