
Gurobi 9.5.0 (linux64) logging started Tue May  3 14:49:35 2022

Set parameter LogFile to value "/local_workspace/chenrui/LogFiles/MKAP/new0U_R25_M30_N100_seed8_DWcutsCT3_600.log"
Gurobi Optimizer version 9.5.0 build v9.5.0rc5 (linux64)
Thread count: 56 physical cores, 56 logical processors, using up to 4 threads
Optimize a model with 2749 rows, 3750 columns and 13897 nonzeros
Model fingerprint: 0x591fe51e
Variable types: 0 continuous, 3750 integer (3750 binary)
Coefficient statistics:
  Matrix range     [1e-13, 2e+03]
  Objective range  [2e+01, 1e+03]
  Bounds range     [1e+00, 1e+00]
  RHS range        [1e-14, 1e+00]
Warning: Model contains large matrix coefficient range
         Consider reformulating model or setting NumericFocus parameter
         to avoid numerical issues.
Found heuristic solution: objective 0.0000000
Presolve removed 1261 rows and 1177 columns
Presolve time: 0.05s
Presolved: 1488 rows, 2573 columns, 7023 nonzeros
Found heuristic solution: objective -19127.00000
Variable types: 0 continuous, 2573 integer (2573 binary)

Root relaxation: objective -3.686641e+04, 3276 iterations, 0.05 seconds (0.04 work units)

    Nodes    |    Current Node    |     Objective Bounds      |     Work
 Expl Unexpl |  Obj  Depth IntInf | Incumbent    BestBd   Gap | It/Node Time

     0     0 -36866.409    0   81 -19127.000 -36866.409  92.7%     -    0s
H    0     0                    -36317.00000 -36866.409  1.51%     -    0s
H    0     0                    -36352.00000 -36855.455  1.38%     -    0s
     0     0 -36844.000    0   90 -36352.000 -36844.000  1.35%     -    0s
H    0     0                    -36500.00011 -36844.000  0.94%     -    0s
     0     0 -36839.095    0  111 -36500.000 -36839.095  0.93%     -    0s
     0     0 -36837.897    0  128 -36500.000 -36837.897  0.93%     -    0s
H    0     0                    -36668.00000 -36813.034  0.40%     -    0s
H    0     0                    -36703.00000 -36813.034  0.30%     -    0s
     0     0 -36812.474    0  120 -36703.000 -36812.474  0.30%     -    0s
H    0     0                    -36788.00002 -36812.474  0.07%     -    0s
     0     0 -36812.474    0  118 -36788.000 -36812.474  0.07%     -    0s
     0     0 -36812.474    0   27 -36788.000 -36812.474  0.07%     -    0s
     0     0 -36809.750    0   21 -36788.000 -36809.750  0.06%     -    0s
H    0     0                    -36800.00000 -36805.400  0.01%     -    0s

Cutting planes:
  Gomory: 7
  Lift-and-project: 13
  Clique: 7
  Zero half: 5
  RLT: 1

Explored 1 nodes (4162 simplex iterations) in 0.36 seconds (0.23 work units)
Thread count was 4 (of 56 available processors)

Solution count 10: -36800 -36788 -36788 ... 0
No other solutions better than -36800

Optimal solution found (tolerance 1.00e-04)
Best objective -3.680000000000e+04, best bound -3.680000000000e+04, gap 0.0000%
