
Gurobi 9.5.0 (linux64) logging started Tue May  3 14:44:23 2022

Set parameter LogFile to value "/local_workspace/chenrui/LogFiles/MKAP/new0U_R25_M10_N50_seed9_DWcutsCT5_600.log"
Gurobi Optimizer version 9.5.0 build v9.5.0rc5 (linux64)
Thread count: 56 physical cores, 56 logical processors, using up to 4 threads
Optimize a model with 709 rows, 750 columns and 2469 nonzeros
Model fingerprint: 0x6fc6cf8a
Variable types: 0 continuous, 750 integer (750 binary)
Coefficient statistics:
  Matrix range     [1e-13, 3e+03]
  Objective range  [9e+00, 1e+03]
  Bounds range     [1e+00, 1e+00]
  RHS range        [3e-14, 1e+00]
Warning: Model contains large matrix coefficient range
         Consider reformulating model or setting NumericFocus parameter
         to avoid numerical issues.
Found heuristic solution: objective 0.0000000
Presolve removed 314 rows and 220 columns
Presolve time: 0.01s
Presolved: 395 rows, 530 columns, 1394 nonzeros
Found heuristic solution: objective -6758.000000
Variable types: 0 continuous, 530 integer (530 binary)

Root relaxation: objective -1.313100e+04, 547 iterations, 0.00 seconds (0.00 work units)

    Nodes    |    Current Node    |     Objective Bounds      |     Work
 Expl Unexpl |  Obj  Depth IntInf | Incumbent    BestBd   Gap | It/Node Time

*    0     0               0    -13131.00000 -13131.000  0.00%     -    0s

Explored 1 nodes (547 simplex iterations) in 0.01 seconds (0.01 work units)
Thread count was 4 (of 56 available processors)

Solution count 3: -13131 -6758 0 
No other solutions better than -13131

Optimal solution found (tolerance 1.00e-04)
Best objective -1.313099999988e+04, best bound -1.313099999988e+04, gap 0.0000%
