
Gurobi 9.5.0 (linux64) logging started Tue May  3 16:11:32 2022

Set parameter LogFile to value "/local_workspace/chenrui/LogFiles/MKAP/new0U_R5_M30_N50_seed6_objLB_600.log"
Gurobi Optimizer version 9.5.0 build v9.5.0rc5 (linux64)
Thread count: 56 physical cores, 56 logical processors, using up to 4 threads
Optimize a model with 231 rows, 1650 columns and 4800 nonzeros
Model fingerprint: 0xd702d6a4
Variable types: 0 continuous, 1650 integer (1650 binary)
Coefficient statistics:
  Matrix range     [1e+00, 1e+03]
  Objective range  [2e+01, 1e+03]
  Bounds range     [1e+00, 1e+00]
  RHS range        [1e+00, 2e+04]
Found heuristic solution: objective 0.0000000
Presolve removed 92 rows and 1003 columns
Presolve time: 0.01s
Presolved: 139 rows, 647 columns, 1866 nonzeros
Variable types: 0 continuous, 647 integer (647 binary)
Found heuristic solution: objective -16737.00000

Root relaxation: objective -1.958200e+04, 312 iterations, 0.00 seconds (0.00 work units)

    Nodes    |    Current Node    |     Objective Bounds      |     Work
 Expl Unexpl |  Obj  Depth IntInf | Incumbent    BestBd   Gap | It/Node Time

     0     0 -19582.000    0   28 -16737.000 -19582.000  17.0%     -    0s
H    0     0                    -18958.00000 -19582.000  3.29%     -    0s
     0     0 -19582.000    0   36 -18958.000 -19582.000  3.29%     -    0s
H    0     0                    -19486.00000 -19582.000  0.49%     -    0s
H    0     0                    -19582.00000 -19582.000  0.00%     -    0s

Cutting planes:
  Gomory: 25
  Cover: 16
  Clique: 25
  MIR: 17
  StrongCG: 13

Explored 1 nodes (562 simplex iterations) in 0.04 seconds (0.03 work units)
Thread count was 4 (of 56 available processors)

Solution count 5: -19582 -19486 -18958 ... 0
No other solutions better than -19582

Optimal solution found (tolerance 1.00e-04)
Best objective -1.958200000000e+04, best bound -1.958200000000e+04, gap 0.0000%
