
Gurobi 9.5.0 (linux64) logging started Thu Apr 28 15:38:26 2022

Set parameter LogFile to value "/local_workspace/chenrui/LogFiles/MKAP/new0U_R10_M10_N100_seed8_DWcutsCT2_600.log"
Gurobi Optimizer version 9.5.0 build v9.5.0rc5 (linux64)
Thread count: 56 physical cores, 56 logical processors, using up to 4 threads
Optimize a model with 586 rows, 1100 columns and 6081 nonzeros
Model fingerprint: 0xc431d4d8
Variable types: 0 continuous, 1100 integer (1100 binary)
Coefficient statistics:
  Matrix range     [1e-13, 4e+03]
  Objective range  [2e+01, 1e+03]
  Bounds range     [1e+00, 1e+00]
  RHS range        [2e-11, 1e+00]
Warning: Model contains large matrix coefficient range
         Consider reformulating model or setting NumericFocus parameter
         to avoid numerical issues.
Found heuristic solution: objective 0.0000000
Presolve removed 18 rows and 85 columns
Presolve time: 0.02s
Presolved: 568 rows, 1015 columns, 5550 nonzeros
Found heuristic solution: objective -4713.000000
Variable types: 0 continuous, 1015 integer (1015 binary)

Root relaxation: objective -3.589801e+04, 2977 iterations, 0.09 seconds (0.09 work units)

    Nodes    |    Current Node    |     Objective Bounds      |     Work
 Expl Unexpl |  Obj  Depth IntInf | Incumbent    BestBd   Gap | It/Node Time

     0     0 -35898.006    0  177 -4713.0000 -35898.006   662%     -    0s
H    0     0                    -28302.00000 -35898.006  26.8%     -    0s
H    0     0                    -30293.00000 -35898.006  18.5%     -    0s
H    0     0                    -31714.00000 -35898.006  13.2%     -    0s
H    0     0                    -34814.00000 -35898.006  3.11%     -    0s
H    0     0                    -35362.00000 -35898.006  1.52%     -    0s
     0     0 -35898.006    0   72 -35362.000 -35898.006  1.52%     -    0s
     0     0 -35898.006    0   72 -35362.000 -35898.006  1.52%     -    0s
H    0     0                    -35803.00000 -35898.006  0.27%     -    0s
*    0     0               0    -35898.00000 -35898.000  0.00%     -    0s

Cutting planes:
  Gomory: 11
  Lift-and-project: 3
  Cover: 38
  Clique: 193
  MIR: 5
  StrongCG: 4

Explored 1 nodes (3403 simplex iterations) in 0.23 seconds (0.17 work units)
Thread count was 4 (of 56 available processors)

Solution count 9: -35898 -35803 -35362 ... 0
No other solutions better than -35898

Optimal solution found (tolerance 1.00e-04)
Best objective -3.589799999923e+04, best bound -3.589799999923e+04, gap 0.0000%

Gurobi 9.5.0 (linux64) logging started Thu Apr 28 17:32:57 2022

Set parameter LogFile to value "/local_workspace/chenrui/LogFiles/MKAP/new0U_R10_M10_N100_seed8_DWcutsCT2_600.log"
Gurobi Optimizer version 9.5.0 build v9.5.0rc5 (linux64)
Thread count: 56 physical cores, 56 logical processors, using up to 4 threads
Optimize a model with 586 rows, 1100 columns and 6081 nonzeros
Model fingerprint: 0xc431d4d8
Variable types: 0 continuous, 1100 integer (1100 binary)
Coefficient statistics:
  Matrix range     [1e-13, 4e+03]
  Objective range  [2e+01, 1e+03]
  Bounds range     [1e+00, 1e+00]
  RHS range        [2e-11, 1e+00]
Warning: Model contains large matrix coefficient range
         Consider reformulating model or setting NumericFocus parameter
         to avoid numerical issues.
Found heuristic solution: objective 0.0000000
Presolve removed 18 rows and 85 columns
Presolve time: 0.02s
Presolved: 568 rows, 1015 columns, 5550 nonzeros
Found heuristic solution: objective -4713.000000
Variable types: 0 continuous, 1015 integer (1015 binary)

Root relaxation: objective -3.589801e+04, 2977 iterations, 0.09 seconds (0.09 work units)

    Nodes    |    Current Node    |     Objective Bounds      |     Work
 Expl Unexpl |  Obj  Depth IntInf | Incumbent    BestBd   Gap | It/Node Time

     0     0 -35898.006    0  177 -4713.0000 -35898.006   662%     -    0s
H    0     0                    -28302.00000 -35898.006  26.8%     -    0s
H    0     0                    -30293.00000 -35898.006  18.5%     -    0s
H    0     0                    -31714.00000 -35898.006  13.2%     -    0s
H    0     0                    -34814.00000 -35898.006  3.11%     -    0s
H    0     0                    -35362.00000 -35898.006  1.52%     -    0s
     0     0 -35898.006    0   72 -35362.000 -35898.006  1.52%     -    0s
     0     0 -35898.006    0   72 -35362.000 -35898.006  1.52%     -    0s
H    0     0                    -35803.00000 -35898.006  0.27%     -    0s
*    0     0               0    -35898.00000 -35898.000  0.00%     -    0s

Cutting planes:
  Gomory: 11
  Lift-and-project: 3
  Cover: 38
  Clique: 193
  MIR: 5
  StrongCG: 4

Explored 1 nodes (3403 simplex iterations) in 0.23 seconds (0.17 work units)
Thread count was 4 (of 56 available processors)

Solution count 9: -35898 -35803 -35362 ... 0
No other solutions better than -35898

Optimal solution found (tolerance 1.00e-04)
Best objective -3.589799999923e+04, best bound -3.589799999923e+04, gap 0.0000%

Gurobi 9.5.0 (linux64) logging started Thu Apr 28 23:31:34 2022

Set parameter LogFile to value "/local_workspace/chenrui/LogFiles/MKAP/new0U_R10_M10_N100_seed8_DWcutsCT2_600.log"
Gurobi Optimizer version 9.5.0 build v9.5.0rc5 (linux64)
Thread count: 56 physical cores, 56 logical processors, using up to 4 threads
Optimize a model with 586 rows, 1100 columns and 6096 nonzeros
Model fingerprint: 0xf4891cc7
Variable types: 0 continuous, 1100 integer (1100 binary)
Coefficient statistics:
  Matrix range     [1e-13, 4e+03]
  Objective range  [2e+01, 1e+03]
  Bounds range     [1e+00, 1e+00]
  RHS range        [2e-16, 1e+00]
Warning: Model contains large matrix coefficient range
         Consider reformulating model or setting NumericFocus parameter
         to avoid numerical issues.
Found heuristic solution: objective 0.0000000
Presolve removed 18 rows and 85 columns
Presolve time: 0.02s
Presolved: 568 rows, 1015 columns, 5551 nonzeros
Found heuristic solution: objective -4713.000000
Variable types: 0 continuous, 1015 integer (1015 binary)

Root relaxation: objective -3.589801e+04, 2683 iterations, 0.08 seconds (0.07 work units)

    Nodes    |    Current Node    |     Objective Bounds      |     Work
 Expl Unexpl |  Obj  Depth IntInf | Incumbent    BestBd   Gap | It/Node Time

     0     0 -35898.006    0  163 -4713.0000 -35898.006   662%     -    0s
H    0     0                    -25981.00000 -35898.006  38.2%     -    0s
H    0     0                    -32640.00000 -35898.006  10.0%     -    0s
H    0     0                    -32793.00000 -35898.006  9.47%     -    0s
H    0     0                    -33984.00000 -35898.006  5.63%     -    0s
H    0     0                    -34846.00000 -35898.006  3.02%     -    0s
     0     0 -35898.006    0   58 -34846.000 -35898.006  3.02%     -    0s
H    0     0                    -35772.00000 -35898.006  0.35%     -    0s
     0     0 -35898.006    0   67 -35772.000 -35898.006  0.35%     -    0s
H    0     0                    -35864.00000 -35898.006  0.09%     -    0s
     0     0 -35898.003    0   38 -35864.000 -35898.003  0.09%     -    0s
*    0     0               0    -35898.00000 -35898.000  0.00%     -    0s

Explored 1 nodes (3622 simplex iterations) in 0.23 seconds (0.16 work units)
Thread count was 4 (of 56 available processors)

Solution count 10: -35898 -35864 -35772 ... 0
No other solutions better than -35898

Optimal solution found (tolerance 1.00e-04)
Best objective -3.589799999988e+04, best bound -3.589799999988e+04, gap 0.0000%

Gurobi 9.5.0 (linux64) logging started Fri Apr 29 21:00:37 2022

Set parameter LogFile to value "/local_workspace/chenrui/LogFiles/MKAP/new0U_R10_M10_N100_seed8_DWcutsCT2_600.log"
Gurobi Optimizer version 9.5.0 build v9.5.0rc5 (linux64)
Thread count: 56 physical cores, 56 logical processors, using up to 4 threads
Optimize a model with 586 rows, 1100 columns and 6096 nonzeros
Model fingerprint: 0xf4891cc7
Variable types: 0 continuous, 1100 integer (1100 binary)
Coefficient statistics:
  Matrix range     [1e-13, 4e+03]
  Objective range  [2e+01, 1e+03]
  Bounds range     [1e+00, 1e+00]
  RHS range        [2e-16, 1e+00]
Warning: Model contains large matrix coefficient range
         Consider reformulating model or setting NumericFocus parameter
         to avoid numerical issues.
Found heuristic solution: objective 0.0000000
Presolve removed 18 rows and 85 columns
Presolve time: 0.02s
Presolved: 568 rows, 1015 columns, 5551 nonzeros
Found heuristic solution: objective -4713.000000
Variable types: 0 continuous, 1015 integer (1015 binary)

Root relaxation: objective -3.589801e+04, 2683 iterations, 0.08 seconds (0.07 work units)

    Nodes    |    Current Node    |     Objective Bounds      |     Work
 Expl Unexpl |  Obj  Depth IntInf | Incumbent    BestBd   Gap | It/Node Time

     0     0 -35898.006    0  163 -4713.0000 -35898.006   662%     -    0s
H    0     0                    -25981.00000 -35898.006  38.2%     -    0s
H    0     0                    -32640.00000 -35898.006  10.0%     -    0s
H    0     0                    -32793.00000 -35898.006  9.47%     -    0s
H    0     0                    -33984.00000 -35898.006  5.63%     -    0s
H    0     0                    -34846.00000 -35898.006  3.02%     -    0s
     0     0 -35898.006    0   58 -34846.000 -35898.006  3.02%     -    0s
H    0     0                    -35772.00000 -35898.006  0.35%     -    0s
     0     0 -35898.006    0   67 -35772.000 -35898.006  0.35%     -    0s
H    0     0                    -35864.00000 -35898.006  0.09%     -    0s
     0     0 -35898.003    0   38 -35864.000 -35898.003  0.09%     -    0s
*    0     0               0    -35898.00000 -35898.000  0.00%     -    0s

Explored 1 nodes (3622 simplex iterations) in 0.22 seconds (0.16 work units)
Thread count was 4 (of 56 available processors)

Solution count 10: -35898 -35864 -35772 ... 0
No other solutions better than -35898

Optimal solution found (tolerance 1.00e-04)
Best objective -3.589799999988e+04, best bound -3.589799999988e+04, gap 0.0000%
