
Gurobi 9.5.0 (linux64) logging started Thu Apr 28 15:15:39 2022

Set parameter LogFile to value "/local_workspace/chenrui/LogFiles/MKAP/new0U_R10_M10_N100_seed6_DWcuts_600.log"
Gurobi Optimizer version 9.5.0 build v9.5.0rc5 (linux64)
Thread count: 56 physical cores, 56 logical processors, using up to 4 threads
Optimize a model with 310 rows, 1100 columns and 3300 nonzeros
Model fingerprint: 0xc5ccee9b
Variable types: 0 continuous, 1100 integer (1100 binary)
Coefficient statistics:
  Matrix range     [1e+00, 4e+03]
  Objective range  [1e+01, 1e+03]
  Bounds range     [1e+00, 1e+00]
  RHS range        [5e-13, 1e+00]
Found heuristic solution: objective 0.0000000
Presolve time: 0.01s
Presolved: 310 rows, 1100 columns, 3300 nonzeros
Variable types: 0 continuous, 1100 integer (1100 binary)
Found heuristic solution: objective -4334.000000

Root relaxation: objective -3.876801e+04, 1711 iterations, 0.03 seconds (0.02 work units)

    Nodes    |    Current Node    |     Objective Bounds      |     Work
 Expl Unexpl |  Obj  Depth IntInf | Incumbent    BestBd   Gap | It/Node Time

     0     0 -38768.011    0   49 -4334.0000 -38768.011   795%     -    0s
H    0     0                    -34181.00000 -38768.011  13.4%     -    0s
H    0     0                    -35965.00000 -38768.011  7.79%     -    0s
H    0     0                    -37358.00000 -38768.011  3.77%     -    0s
     0     0 -38768.011    0  126 -37358.000 -38768.011  3.77%     -    0s
     0     0 -38768.011    0  109 -37358.000 -38768.011  3.77%     -    0s
H    0     0                    -37797.00000 -38768.011  2.57%     -    0s
     0     0 -38768.011    0  106 -37797.000 -38768.011  2.57%     -    0s
     0     0 -38768.011    0  106 -37797.000 -38768.011  2.57%     -    0s
     0     2 -38768.011    0  106 -37797.000 -38768.011  2.57%     -    0s
H   63    83                    -37936.00000 -38768.011  2.19%   109    0s
H   64    83                    -38377.00000 -38768.011  1.02%   108    0s
H  191   143                    -38383.00000 -38768.011  1.00%  55.3    0s
H  213   143                    -38670.00000 -38768.011  0.25%  50.9    0s
H  230   148                    -38676.00000 -38768.011  0.24%  54.7    0s
H  341   178                    -38768.00000 -38768.011  0.00%  53.6    0s

Cutting planes:
  Gomory: 6
  Cover: 187
  Clique: 122
  MIR: 10
  StrongCG: 13
  RLT: 2

Explored 362 nodes (23875 simplex iterations) in 0.47 seconds (0.45 work units)
Thread count was 4 (of 56 available processors)

Solution count 10: -38768 -38676 -38670 ... -34181
No other solutions better than -38768

Optimal solution found (tolerance 1.00e-04)
Best objective -3.876800000000e+04, best bound -3.876800000000e+04, gap 0.0000%
