
Gurobi 9.5.0 (linux64) logging started Sat Jun 18 16:02:01 2022

Set parameter LogFile to value "/local_workspace/chenrui/LogFiles/MKAP/new0U_R10_M10_N200_seed5_DWcutsCTp_600.log"
Gurobi Optimizer version 9.5.0 build v9.5.0rc5 (linux64)
Thread count: 56 physical cores, 56 logical processors, using up to 4 threads
Optimize a model with 410 rows, 2100 columns and 6300 nonzeros
Model fingerprint: 0x7070cbd3
Variable types: 0 continuous, 2100 integer (2100 binary)
Coefficient statistics:
  Matrix range     [1e+00, 1e+04]
  Objective range  [4e+00, 1e+03]
  Bounds range     [1e+00, 1e+00]
  RHS range        [1e-05, 1e+00]
Found heuristic solution: objective 0.0000000
Presolve removed 0 rows and 42 columns
Presolve time: 0.01s
Presolved: 410 rows, 2058 columns, 6174 nonzeros
Variable types: 0 continuous, 2058 integer (2058 binary)
Found heuristic solution: objective -9803.000000

Root relaxation: objective -7.853901e+04, 3107 iterations, 0.05 seconds (0.05 work units)

    Nodes    |    Current Node    |     Objective Bounds      |     Work
 Expl Unexpl |  Obj  Depth IntInf | Incumbent    BestBd   Gap | It/Node Time

     0     0 -78539.014    0  135 -9803.0000 -78539.014   701%     -    0s
H    0     0                    -50509.00000 -78539.014  55.5%     -    0s
H    0     0                    -67479.00000 -78539.014  16.4%     -    0s
H    0     0                    -68471.00000 -78539.014  14.7%     -    0s
H    0     0                    -69953.00001 -78539.014  12.3%     -    0s
H    0     0                    -74432.00001 -78539.014  5.52%     -    0s
     0     0 -78539.014    0  248 -74432.000 -78539.014  5.52%     -    0s
H    0     0                    -76585.00000 -78539.014  2.55%     -    0s
     0     0 -78539.014    0  229 -76585.000 -78539.014  2.55%     -    0s
H    0     0                    -77108.00000 -78539.014  1.86%     -    0s
H    0     0                    -78307.00004 -78539.014  0.30%     -    0s
H    0     0                    -78539.00000 -78539.014  0.00%     -    0s
     0     0 -78539.000    0  295 -78539.000 -78539.000  0.00%     -    0s

Cutting planes:
  Gomory: 7
  Cover: 91
  Clique: 774
  MIR: 15
  StrongCG: 20

Explored 1 nodes (4482 simplex iterations) in 0.28 seconds (0.23 work units)
Thread count was 4 (of 56 available processors)

Solution count 10: -78539 -78307 -77108 ... -9803
No other solutions better than -78539

Optimal solution found (tolerance 1.00e-04)
Best objective -7.853900000000e+04, best bound -7.853900000000e+04, gap 0.0000%
