
Gurobi 9.5.0 (linux64) logging started Sun Jun 19 00:30:27 2022

Set parameter LogFile to value "/local_workspace/chenrui/LogFiles/MKAP/new0U_R25_M30_N300_seed2_DWcutsCTp_600.log"
Gurobi Optimizer version 9.5.0 build v9.5.0rc5 (linux64)
Thread count: 56 physical cores, 56 logical processors, using up to 4 threads
Optimize a model with 1830 rows, 9750 columns and 29228 nonzeros
Model fingerprint: 0x1b0446a0
Variable types: 0 continuous, 9750 integer (9750 binary)
Coefficient statistics:
  Matrix range     [2e-12, 4e+03]
  Objective range  [2e+00, 1e+03]
  Bounds range     [1e+00, 1e+00]
  RHS range        [1e-05, 1e+00]
Warning: Model contains large matrix coefficient range
         Consider reformulating model or setting NumericFocus parameter
         to avoid numerical issues.
Found heuristic solution: objective 0.0000000
Presolve removed 97 rows and 1006 columns
Presolve time: 0.07s
Presolved: 1733 rows, 8744 columns, 26118 nonzeros
Found heuristic solution: objective -9532.000000
Variable types: 0 continuous, 8744 integer (8744 binary)

Root relaxation: objective -1.169990e+05, 16192 iterations, 0.63 seconds (0.63 work units)

    Nodes    |    Current Node    |     Objective Bounds      |     Work
 Expl Unexpl |  Obj  Depth IntInf | Incumbent    BestBd   Gap | It/Node Time

     0     0 -116998.97    0  267 -9532.0000 -116998.97  1127%     -    0s
H    0     0                    -101710.0000 -116998.97  15.0%     -    0s
H    0     0                    -104850.0000 -116998.97  11.6%     -    0s
H    0     0                    -109986.0000 -116998.97  6.38%     -    1s
H    0     0                    -110729.0000 -116998.97  5.66%     -    1s
     0     0 -116998.97    0  418 -110729.00 -116998.97  5.66%     -    1s
     0     0 -116998.97    0  367 -110729.00 -116998.97  5.66%     -    1s
     0     0 -116998.97    0  393 -110729.00 -116998.97  5.66%     -    1s
H    0     0                    -111315.0000 -116998.97  5.11%     -    1s
     0     0 -116998.97    0  366 -111315.00 -116998.97  5.11%     -    2s
H    0     0                    -111798.0000 -116998.97  4.65%     -    2s
     0     0 -116998.97    0  382 -111798.00 -116998.97  4.65%     -    2s
     0     0 -116998.97    0  382 -111798.00 -116998.97  4.65%     -    3s
     0     2 -116998.97    0  382 -111798.00 -116998.97  4.65%     -    3s
     3     8 -116998.97    2  355 -111798.00 -116998.97  4.65%   413    5s
H   31    36                    -111928.0000 -116998.97  4.53%   390    8s
H   31    36                    -112805.0000 -116998.97  3.72%   390    8s
H   32    36                    -113121.0000 -116998.97  3.43%   385    8s
H   60    65                    -113511.0000 -116998.97  3.07%   345    9s
H   61    65                    -113721.0000 -116998.97  2.88%   342    9s
    69    82 -116943.63   13  245 -113721.00 -116998.97  2.88%   352   10s
H  102   109                    -114111.0000 -116998.97  2.53%   326   10s
H  203   214                    -114605.0000 -116998.97  2.09%   316   13s
   263   325 -116981.32   58  190 -114605.00 -116998.97  2.09%   312   15s
H  327   375                    -114703.0000 -116998.97  2.00%   309   16s
H  340   375                    -114753.0000 -116998.97  1.96%   314   16s
H  721   705                    -114754.0000 -116998.97  1.96%   269   19s
   728   776 -116199.89  156  253 -114754.00 -116998.97  1.96%   276   20s
H  822   814                    -114856.0000 -116998.97  1.87%   277   21s
H  828   813                    -114915.0000 -116998.97  1.81%   277   21s
H  954   944                    -115063.0000 -116998.97  1.68%   258   23s
  1381  1445 -116998.97   20  256 -115063.00 -116998.97  1.68%   216   25s
H 1562  1374                    -115107.0000 -116998.97  1.64%   202   28s
  1567  1377 -116263.85   71  384 -115107.00 -116998.97  1.64%   201   30s
H 1569  1309                    -116203.0000 -116998.97  0.68%   201   35s
  1573  1314 -116998.97   12  304 -116203.00 -116998.97  0.68%   217   40s
  1622  1342 -116998.97   18  208 -116203.00 -116998.97  0.68%   219   45s
H 1630  1276                    -116220.0000 -116998.97  0.67%   220   45s
H 1631  1214                    -116347.0000 -116998.97  0.56%   220   45s
H 1661  1160                    -116467.0001 -116998.97  0.46%   221   47s
H 1692  1109                    -116526.0001 -116998.97  0.41%   224   49s
H 1693  1056                    -116528.0000 -116998.97  0.40%   224   49s
  1698  1067     cutoff   24      -116528.00 -116998.97  0.40%   224   50s
H 1912  1121                    -116599.0000 -116998.97  0.34%   226   57s
  1932  1420 -116998.97   39  199 -116599.00 -116998.97  0.34%   227   60s
  2764  1686 -116997.32  108  142 -116599.00 -116998.97  0.34%   219   66s
  3274  1925 -116918.33  155  154 -116599.00 -116998.97  0.34%   219   71s
  3814  1991 -116855.75   22  282 -116599.00 -116998.97  0.34%   224   77s
  4247  2114     cutoff   79      -116599.00 -116998.97  0.34%   239   86s
  4538  2277 -116761.24   36  315 -116599.00 -116998.97  0.34%   245   93s
  4723  2295 -116915.42   32  284 -116599.00 -116998.97  0.34%   256   98s
  4745  2401 -116868.29   35  317 -116599.00 -116998.97  0.34%   259  101s
  4902  2433 -116683.37   45  339 -116599.00 -116998.97  0.34%   272  114s
H 4924  2176                    -116623.0000 -116998.97  0.32%   273  114s
  4959  2378     cutoff   56      -116623.00 -116998.97  0.32%   276  118s
  5259  2559 -116990.25   47  293 -116623.00 -116998.97  0.32%   287  122s
  5511  2688     cutoff  105      -116623.00 -116998.97  0.32%   294  132s
  5678  3106 -116883.25   44  315 -116623.00 -116998.97  0.32%   302  137s
  6159  3375 -116629.76  169  236 -116623.00 -116998.97  0.32%   298  143s
  6510  3474 -116839.85   41  346 -116623.00 -116998.97  0.32%   297  148s
H 6689  3417                    -116636.0001 -116998.97  0.31%   308  154s
  6914  3506     cutoff   65      -116636.00 -116998.97  0.31%   313  159s
  7053  3666 -116729.92   48  274 -116636.00 -116998.97  0.31%   318  165s
  7244  4244 -116675.96  109  307 -116636.00 -116998.97  0.31%   323  171s
  7952  4397 -116983.45   35   84 -116636.00 -116998.97  0.31%   318  180s
  8190  4553 -116983.43   52  269 -116636.00 -116998.97  0.31%   316  187s
  8477  4884 -116692.14  118  351 -116636.00 -116998.97  0.31%   315  195s
  8935  5252 -116996.89   48  257 -116636.00 -116998.97  0.31%   320  205s
  9343  5787 -116987.60   99  387 -116636.00 -116998.97  0.31%   318  215s
 10003  5973 -116815.71   48  426 -116636.00 -116998.97  0.31%   316  223s
 10309  5974 -116741.21  199  382 -116636.00 -116998.97  0.31%   318  228s
 10313  5977 -116742.06   43  388 -116636.00 -116998.97  0.31%   318  230s
 10321  5984 -116998.97   23  385 -116636.00 -116998.97  0.31%   320  237s
 10326  5987 -116998.97   25  336 -116636.00 -116998.97  0.31%   320  242s
 10334  5990 -116936.48   26  280 -116636.00 -116998.97  0.31%   320  246s
 10350  5989 -116724.79   28  259 -116636.00 -116998.97  0.31%   320  250s
 10410  6007 -116998.97   35  174 -116636.00 -116998.97  0.31%   320  255s
 10504  6036 -116835.58   44  199 -116636.00 -116998.97  0.31%   320  260s
 10580  6068 -116934.50   50  196 -116636.00 -116998.97  0.31%   321  265s
 10690  6113 -116998.97   66  197 -116636.00 -116998.97  0.31%   321  270s
 10772  6166 -116998.97   75  174 -116636.00 -116998.97  0.31%   322  275s
 10947  6256 -116944.53   96  175 -116636.00 -116998.97  0.31%   324  280s
 11175  6372 -116998.97  121  177 -116636.00 -116998.97  0.31%   326  285s
 11481  6513 -116998.97  154  101 -116636.00 -116998.97  0.31%   327  290s
 12010  6746 -116951.37  215  103 -116636.00 -116998.97  0.31%   325  295s
 12530  6973 -116787.41  134  213 -116636.00 -116998.97  0.31%   321  301s
 12823  6980 -116998.96   67  435 -116636.00 -116998.97  0.31%   321  306s
 13035  7131     cutoff  104      -116636.00 -116998.97  0.31%   323  310s
 13338  7247 -116936.03  228   75 -116636.00 -116998.97  0.31%   324  315s
 13645  7491 -116937.79   76  480 -116636.00 -116998.97  0.31%   325  327s
 14053  7513 -116674.01  163  241 -116636.00 -116998.97  0.31%   322  333s
 14269  7662 -116998.97   68  402 -116636.00 -116998.97  0.31%   325  339s
 14530  7935 -116998.97   76  234 -116636.00 -116998.97  0.31%   328  344s
 14996  7993 -116998.03   93  129 -116636.00 -116998.97  0.31%   330  351s
 15440  8157 -116997.98  116  225 -116636.00 -116998.97  0.31%   332  357s
 15841  8617 -116969.77  154  337 -116636.00 -116998.97  0.31%   335  363s
H16564  8404                    -116637.0000 -116998.97  0.31%   331  373s
 17130  8827 -116987.79  111  284 -116637.00 -116998.97  0.31%   327  380s
 17875  9059 -116985.03   90  464 -116637.00 -116998.97  0.31%   323  387s
 18451  9276 -116916.63   86  343 -116637.00 -116998.97  0.31%   320  394s
 18970  9665 -116902.03   97  386 -116637.00 -116998.97  0.31%   321  402s
 19645  9915 -116869.36  176  382 -116637.00 -116998.97  0.31%   317  410s
 20236 10065 -116989.05   84  512 -116637.00 -116998.97  0.31%   317  418s
 20646  9930 -116904.51  105  382 -116637.00 -116998.97  0.31%   316  425s
 20659  9939 -116722.05   97  550 -116637.00 -116998.97  0.31%   316  431s
 20660  9942 -116998.97   33  549 -116637.00 -116998.97  0.31%   318  436s
 20666  9945 -116998.97   35  424 -116637.00 -116998.97  0.31%   318  444s
 20670  9946 -116793.69   35  369 -116637.00 -116998.97  0.31%   318  447s
 20678  9948 -116925.53   36  379 -116637.00 -116998.97  0.31%   318  451s
 20691  9955 -116998.97   38  321 -116637.00 -116998.97  0.31%   318  455s
 20725  9961 -116978.89   40  301 -116637.00 -116998.97  0.31%   318  460s
 20775  9972 -116998.97   45  335 -116637.00 -116998.97  0.31%   318  465s
 20839  9998 -116998.97   51  264 -116637.00 -116998.97  0.31%   318  470s
 20907 10033 -116998.97   59  268 -116637.00 -116998.97  0.31%   318  475s
 20998 10076 -116998.97   68  240 -116637.00 -116998.97  0.31%   318  480s
 21119 10090 -116998.97   82  207 -116637.00 -116998.97  0.31%   318  485s
 21223 10146 -116998.97   94  187 -116637.00 -116998.97  0.31%   319  491s
 21278 10143 -116995.92   94  188 -116637.00 -116998.97  0.31%   318  497s
 21323 10163 -116998.94   98  255 -116637.00 -116998.97  0.31%   318  504s
 21354 10195 -116949.01  101  245 -116637.00 -116998.97  0.31%   319  506s
 21531 10520 -116998.94  115  262 -116637.00 -116998.97  0.31%   319  513s
 21813 10786 -116998.21  131  226 -116637.00 -116998.97  0.31%   318  519s
 22257 10949 -116996.22  154  299 -116637.00 -116998.97  0.31%   317  526s
 22665 11178 -116969.01  204  226 -116637.00 -116998.97  0.31%   316  532s
 23219 11134 -116976.71   87  339 -116637.00 -116998.97  0.31%   314  538s
 23565 11173 -116772.69  106  315 -116637.00 -116998.97  0.31%   315  545s
 23842 11514 -116650.64  140  146 -116637.00 -116998.97  0.31%   315  551s
 24346 11708 -116849.92   81  469 -116637.00 -116998.97  0.31%   313  559s
 24904 11796 -116640.38  132  297 -116637.00 -116998.97  0.31%   311  565s
 25339 11909 -116962.95   90  394 -116637.00 -116998.97  0.31%   310  571s
 25735 11867 -116983.74   80  249 -116637.00 -116998.97  0.31%   310  578s
 25917 12155 -116981.03   82  400 -116637.00 -116998.97  0.31%   314  585s
 26318 12368 -116994.81   81  627 -116637.00 -116998.97  0.31%   313  593s
 26809 12476 -116948.58   88  399 -116637.00 -116998.97  0.31%   313  600s

Cutting planes:
  Gomory: 120
  Cover: 1152
  Clique: 519
  MIR: 195
  StrongCG: 204
  Flow cover: 360
  Zero half: 44
  RLT: 1

Explored 27173 nodes (8522882 simplex iterations) in 600.01 seconds (1095.65 work units)
Thread count was 4 (of 56 available processors)

Solution count 10: -116637 -116636 -116623 ... -116203

Time limit reached
Best objective -1.166370000000e+05, best bound -1.169989667973e+05, gap 0.3103%
