
Gurobi 9.5.0 (linux64) logging started Tue May  3 15:07:21 2022

Set parameter LogFile to value "/local_workspace/chenrui/LogFiles/MKAP/new0U_R2_M40_N50_seed3_original_600.log"
Gurobi Optimizer version 9.5.0 build v9.5.0rc5 (linux64)
Thread count: 56 physical cores, 56 logical processors, using up to 4 threads
Optimize a model with 170 rows, 2080 columns and 4160 nonzeros
Model fingerprint: 0xd6f57c21
Variable types: 0 continuous, 2080 integer (2080 binary)
Coefficient statistics:
  Matrix range     [1e+00, 1e+03]
  Objective range  [3e+01, 1e+03]
  Bounds range     [1e+00, 1e+00]
  RHS range        [1e+00, 1e+00]
Found heuristic solution: objective 0.0000000
Presolve removed 68 rows and 1423 columns
Presolve time: 0.01s
Presolved: 102 rows, 657 columns, 1314 nonzeros
Variable types: 0 continuous, 657 integer (657 binary)
Found heuristic solution: objective -16718.00000

Root relaxation: objective -1.928581e+04, 168 iterations, 0.00 seconds (0.00 work units)

    Nodes    |    Current Node    |     Objective Bounds      |     Work
 Expl Unexpl |  Obj  Depth IntInf | Incumbent    BestBd   Gap | It/Node Time

     0     0 -19285.806    0   11 -16718.000 -19285.806  15.4%     -    0s
H    0     0                    -19039.00000 -19285.806  1.30%     -    0s
H    0     0                    -19069.00000 -19285.806  1.14%     -    0s
     0     0 -19199.431    0   17 -19069.000 -19199.431  0.68%     -    0s
     0     0 -19069.000    0   11 -19069.000 -19069.000  0.00%     -    0s

Cutting planes:
  Gomory: 6
  Cover: 7
  Clique: 1
  MIR: 10
  StrongCG: 9

Explored 1 nodes (449 simplex iterations) in 0.03 seconds (0.01 work units)
Thread count was 4 (of 56 available processors)

Solution count 4: -19069 -19039 -16718 0 
No other solutions better than -19069

Optimal solution found (tolerance 1.00e-04)
Best objective -1.906900000000e+04, best bound -1.906900000000e+04, gap 0.0000%
