
Gurobi 9.5.0 (linux64) logging started Thu Apr 14 19:39:43 2022

Set parameter LogFile to value "/local_workspace/chenrui/LogFiles/MKAP/new0U_R20_M10_N300_seed1_DWcutsT4_600.log"
Gurobi Optimizer version 9.5.0 build v9.5.0rc5 (linux64)
Thread count: 56 physical cores, 56 logical processors, using up to 4 threads
Optimize a model with 3710 rows, 3200 columns and 57039 nonzeros
Model fingerprint: 0x4a4e96c1
Variable types: 0 continuous, 3200 integer (3200 binary)
Coefficient statistics:
  Matrix range     [1e-13, 1e+04]
  Objective range  [6e+00, 1e+03]
  Bounds range     [1e+00, 1e+00]
  RHS range        [1e-09, 9e+02]
Warning: Model contains large matrix coefficient range
         Consider reformulating model or setting NumericFocus parameter
         to avoid numerical issues.
Found heuristic solution: objective 0.0000000
Presolve removed 263 rows and 0 columns
Presolve time: 0.30s
Presolved: 3447 rows, 3200 columns, 45485 nonzeros
Variable types: 0 continuous, 3200 integer (3200 binary)
Found heuristic solution: objective -7669.000000

Root relaxation: objective -8.188101e+04, 14001 iterations, 1.83 seconds (2.53 work units)

    Nodes    |    Current Node    |     Objective Bounds      |     Work
 Expl Unexpl |  Obj  Depth IntInf | Incumbent    BestBd   Gap | It/Node Time

     0     0 -81881.013    0  278 -7669.0000 -81881.013   968%     -    2s
H    0     0                    -65510.00000 -81881.013  25.0%     -    2s
H    0     0                    -81881.00000 -81881.013  0.00%     -    2s
     0     0 -81881.013    0  278 -81881.000 -81881.013  0.00%     -    2s

Explored 1 nodes (14302 simplex iterations) in 2.34 seconds (3.01 work units)
Thread count was 4 (of 56 available processors)

Solution count 4: -81881 -65510 -7669 0 
No other solutions better than -81881

Optimal solution found (tolerance 1.00e-04)
Best objective -8.188100000000e+04, best bound -8.188100000000e+04, gap 0.0000%
