
Gurobi 9.5.0 (linux64) logging started Mon Jun 20 17:00:40 2022

Set parameter LogFile to value "/local_workspace/chenrui/LogFiles/MKAP/new0U_R25_M30_N200_seed5_DWcutsCTp_600.log"
Gurobi Optimizer version 9.5.0 build v9.5.0rc5 (linux64)
Thread count: 56 physical cores, 56 logical processors, using up to 4 threads
Optimize a model with 1730 rows, 6750 columns and 20247 nonzeros
Model fingerprint: 0x946570d6
Variable types: 0 continuous, 6750 integer (6750 binary)
Coefficient statistics:
  Matrix range     [7e-13, 3e+03]
  Objective range  [4e+00, 1e+03]
  Bounds range     [1e+00, 1e+00]
  RHS range        [1e-05, 1e+00]
Warning: Model contains large matrix coefficient range
         Consider reformulating model or setting NumericFocus parameter
         to avoid numerical issues.
Found heuristic solution: objective 0.0000000
Presolve removed 75 rows and 530 columns
Presolve time: 0.04s
Presolved: 1655 rows, 6220 columns, 18519 nonzeros
Found heuristic solution: objective -8851.000000
Variable types: 0 continuous, 6220 integer (6220 binary)

Root relaxation: objective -8.204435e+04, 10583 iterations, 0.34 seconds (0.35 work units)

    Nodes    |    Current Node    |     Objective Bounds      |     Work
 Expl Unexpl |  Obj  Depth IntInf | Incumbent    BestBd   Gap | It/Node Time

     0     0 -82044.346    0  146 -8851.0000 -82044.346   827%     -    0s
H    0     0                    -72863.00000 -82044.346  12.6%     -    0s
H    0     0                    -77061.00000 -82044.346  6.47%     -    0s
     0     0 -82044.346    0  299 -77061.000 -82044.346  6.47%     -    0s
H    0     0                    -77488.00000 -82044.346  5.88%     -    0s
     0     0 -82044.346    0  255 -77488.000 -82044.346  5.88%     -    0s
     0     0 -82044.346    0  307 -77488.000 -82044.346  5.88%     -    1s
     0     0 -82044.346    0  291 -77488.000 -82044.346  5.88%     -    1s
     0     0 -82044.346    0  342 -77488.000 -82044.346  5.88%     -    1s
     0     0 -82044.346    0  342 -77488.000 -82044.346  5.88%     -    1s
H    0     0                    -78550.00000 -82044.346  4.45%     -    1s
H    0     0                    -79373.00000 -82044.346  3.37%     -    1s
     0     2 -82044.346    0  342 -79373.000 -82044.346  3.37%     -    1s
H   28    33                    -79966.00000 -82044.346  2.60%   353    4s
H   58    71                    -80061.00000 -82044.346  2.48%   280    5s
H   66    71                    -80571.00002 -82044.346  1.83%   290    5s
H  114   182                    -80704.00001 -82044.346  1.66%   257    6s
H  206   288                    -81077.00000 -82044.346  1.19%   265    7s
   519   915 -82021.257  107  286 -81077.000 -82044.346  1.19%   181   10s
  1853  1682 -81771.780   10  180 -81077.000 -82044.346  1.19%   122   15s
  1861  1691 -82044.345   14  299 -81077.000 -82044.345  1.19%   133   20s
  1883  1700 -82044.345   18  269 -81077.000 -82044.345  1.19%   138   25s
  2103  1854 -82044.344   45  125 -81077.000 -82044.345  1.19%   163   30s
  2597  2504 -82024.066  118   85 -81077.000 -82044.345  1.19%   171   35s
  3861  2841 -81659.829  280   67 -81077.000 -82044.345  1.19%   141   42s
H 3941  2567                    -81241.00000 -82044.345  0.99%   139   42s
H 4099  2240                    -81384.00011 -82044.345  0.81%   137   43s
  4643  2364 -81808.872   35  244 -81384.000 -82044.345  0.81%   131   45s
  5328  2895 -81856.246   29  209 -81384.000 -82044.345  0.81%   131   50s
  6228  3388 -81858.485   35  232 -81384.000 -82044.345  0.81%   129   55s
  7060  3851 -81595.145   43  286 -81384.000 -82044.345  0.81%   129   60s
  8280  4940 -81976.429   46  315 -81384.000 -82044.345  0.81%   125   66s
  8931  5608 -82001.416   55  232 -81384.000 -82044.345  0.81%   126   70s
  9958  6321 -81744.316  165  166 -81384.000 -82044.345  0.81%   124   75s
 11419  7514 -81965.185   44  369 -81384.000 -82044.345  0.81%   122   80s
 12727  8504 -81465.588  218   20 -81384.000 -82044.345  0.81%   117   88s
 12975  9200 -81820.370   51  202 -81384.000 -82044.345  0.81%   116   90s
 14283  9965 -81734.642   77  306 -81384.000 -82044.345  0.81%   114   95s
 15878 11381 -81842.381   50  293 -81384.000 -82044.345  0.81%   115  101s
H16031 10035                    -81473.00000 -82044.345  0.70%   114  101s
 16878 10351 -81567.872   69  207 -81473.000 -82044.345  0.70%   115  106s
 17853 11242 -82019.151   40  349 -81473.000 -82044.345  0.70%   115  111s
 18882 11804 -81997.339   48  270 -81473.000 -82044.345  0.70%   116  116s
 19568 12662 -81920.065  105  202 -81473.000 -82044.345  0.70%   117  121s
 20816 13144 -81941.788   34  342 -81473.000 -82044.344  0.70%   117  128s
 20823 13149 -81531.610   95  316 -81473.000 -82044.344  0.70%   117  130s
 20828 13155 -82044.311   26  290 -81473.000 -82044.344  0.70%   118  136s
 20834 13161 -82044.171   28  309 -81473.000 -82044.344  0.70%   118  140s
 20855 13174 -81775.261   30  276 -81473.000 -82044.344  0.70%   118  145s
 20942 13230 -82044.171   39  203 -81473.000 -82044.344  0.70%   119  150s
H21010 12600                    -81477.00007 -82044.344  0.70%   119  153s
 21021 12639 -81941.996   48  187 -81477.000 -82044.344  0.70%   119  155s
 21198 12733 -82036.774   67  218 -81477.000 -82044.344  0.70%   121  161s
 21361 12913 -82036.773   87  197 -81477.000 -82044.344  0.70%   123  166s
 21580 13010 -82036.756  110  156 -81477.000 -82044.344  0.70%   124  170s
 22457 13791 -81923.056  206  115 -81477.000 -82044.344  0.70%   126  178s
 23105 13718     cutoff  293      -81477.000 -82044.344  0.70%   125  182s
 23267 14349 -81514.967  294   96 -81477.000 -82044.344  0.70%   125  185s
 25799 15492 -81675.395  254  148 -81477.000 -82044.344  0.70%   124  191s
 27049 15668 -81621.370  146  190 -81477.000 -82044.344  0.70%   124  196s
 27935 16309 -81969.196  177  234 -81477.000 -82044.344  0.70%   125  201s
 28965 16567 -81671.844  218  108 -81477.000 -82044.344  0.70%   125  207s
 29188 17273 -81630.603  265  103 -81477.000 -82044.344  0.70%   125  215s
 31301 17401 -81814.412  222  342 -81477.000 -82044.344  0.70%   124  254s
 31303 17402 -81702.493  297  286 -81477.000 -82044.344  0.70%   124  255s
 31315 17410 -81728.267  161  356 -81477.000 -82027.033  0.68%   124  260s
 31324 17416 -81880.345   36  438 -81477.000 -82022.803  0.67%   124  265s
 31347 17432 -81721.299   99  389 -81477.000 -82009.539  0.65%   124  270s
H31367 16571                    -81489.00000 -82001.055  0.63%   124  274s
 31371 16574 -81764.347  239  399 -81489.000 -82000.524  0.63%   124  275s
 31379 16579 -81902.837  270  426 -81489.000 -81999.711  0.63%   124  280s
 31391 16587 -81876.491   39  390 -81489.000 -81998.104  0.62%   124  285s
 31399 16592 -81677.612   79  406 -81489.000 -81998.057  0.62%   124  290s
 31417 16606 -81677.025  206  411 -81489.000 -81998.057  0.62%   125  295s
 31466 16638 -81968.942  167  442 -81489.000 -81993.955  0.62%   125  301s
 31475 16644 -81862.157  178  476 -81489.000 -81992.333  0.62%   125  305s
 31488 16653 -81966.203  271  426 -81489.000 -81988.787  0.61%   125  310s
 31496 16658 -81930.243   65  421 -81489.000 -81988.388  0.61%   125  315s
 31505 16664 -81666.905   85  458 -81489.000 -81988.132  0.61%   125  320s
 31513 16670 -81701.362   92  447 -81489.000 -81988.020  0.61%   125  325s
 31526 16680 -81988.011   61  354 -81489.000 -81988.011  0.61%   126  330s
 31568 16708 -81988.011  135  414 -81489.000 -81988.011  0.61%   126  335s
 31582 16717 -81777.233  186  410 -81489.000 -81988.011  0.61%   126  340s
 31590 16723 -81553.910  272  445 -81489.000 -81988.011  0.61%   126  345s
 31595 16726 -81988.011   47  440 -81489.000 -81988.011  0.61%   126  350s
 31596 16730 -81977.866   64  462 -81489.000 -81988.011  0.61%   127  356s
 31598 16731 -81977.724   65  465 -81489.000 -81985.532  0.61%   127  362s
 31602 16732 -81975.485   66  434 -81489.000 -81981.017  0.60%   127  367s
 31606 16733 -81963.587   66  429 -81489.000 -81979.585  0.60%   127  371s
 31614 16737 -81962.385   67  414 -81489.000 -81979.276  0.60%   127  375s
 31642 16748 -81957.162   72  422 -81489.000 -81974.485  0.60%   127  380s
 31681 16764 -81819.286   77  435 -81489.000 -81971.117  0.59%   127  385s
 31793 16824 -81881.265   94  208 -81489.000 -81970.850  0.59%   127  390s
 31994 16883 -81816.141  117  192 -81489.000 -81970.850  0.59%   127  395s
 32363 16979 -81963.424   74  421 -81489.000 -81970.799  0.59%   128  400s
 32961 17205 -81792.885  162  232 -81489.000 -81970.799  0.59%   127  405s
 33602 17512 -81751.956  123  340 -81489.000 -81970.120  0.59%   126  410s
 34312 17805 -81790.301  144  384 -81489.000 -81963.930  0.58%   126  415s
 35435 18168 -81547.716  123  275 -81489.000 -81961.656  0.58%   126  420s
 36596 19002 -81888.477   94  394 -81489.000 -81959.271  0.58%   125  425s
 38215 19672 -81936.668   76  360 -81489.000 -81956.932  0.57%   124  432s
 39283 19968 -81626.839  148  334 -81489.000 -81956.932  0.57%   123  437s
 40008 20685 -81822.792   80  303 -81489.000 -81955.133  0.57%   123  441s
 41248 20865 -81913.646   88  400 -81489.000 -81952.890  0.57%   122  447s
 42125 21949 -81725.496  135  288 -81489.000 -81951.458  0.57%   122  453s
 43080 22053 -81579.766   97  379 -81489.000 -81950.726  0.57%   122  455s
 44460 22187 -81846.519  134  342 -81489.000 -81949.949  0.57%   123  463s
 44473 22714 -81845.763  136  329 -81489.000 -81949.249  0.56%   123  465s
 46007 23197 -81756.136   90  346 -81489.000 -81948.048  0.56%   123  471s
 47164 23866 -81809.212  127  394 -81489.000 -81946.741  0.56%   122  476s
 48272 24275 -81816.208  100  333 -81489.000 -81945.205  0.56%   122  481s
 49408 24794 -81910.320   88  329 -81489.000 -81944.730  0.56%   122  485s
 50114 24648 -81754.163  147  235 -81489.000 -81944.730  0.56%   122  490s
 50582 25457     cutoff  198      -81489.000 -81944.142  0.56%   122  495s
 52164 26089 -81738.574  161  340 -81489.000 -81942.751  0.56%   121  500s
 54090 26660 -81558.179   87  393 -81489.000 -81941.539  0.56%   121  506s
 54916 27034 -81756.674  101  303 -81489.000 -81940.837  0.55%   121  511s
 55960 27679 -81524.362  137  270 -81489.000 -81940.307  0.55%   121  515s
 57331 28136 -81891.015   88  319 -81489.000 -81939.854  0.55%   121  520s
 59034 29116 -81683.684  110  322 -81489.000 -81938.933  0.55%   121  527s
 60397 29415 -81504.096  170  167 -81489.000 -81938.351  0.55%   121  531s
 61657 29764 -81889.970   89  384 -81489.000 -81937.867  0.55%   120  535s
 62756 30307 -81682.985  142  213 -81489.000 -81937.438  0.55%   121  540s
 64372 30604 -81586.932  119  365 -81489.000 -81937.223  0.55%   120  545s
 65151 31167     cutoff  119      -81489.000 -81937.117  0.55%   121  550s
 66906 31790 -81555.644  109  396 -81489.000 -81936.541  0.55%   121  557s
 68246 32294 -81892.570   79  352 -81489.000 -81935.987  0.55%   120  561s
 69404 32914 -81683.368  104  393 -81489.000 -81935.306  0.55%   120  566s
 70667 33417 -81525.331  102  336 -81489.000 -81934.583  0.55%   120  570s
 71924 33804 -81693.084  116  214 -81489.000 -81933.977  0.55%   120  575s
 73603 34475 -81639.227  130  273 -81489.000 -81933.297  0.55%   120  582s
 74230 34720 -81617.775  122  341 -81489.000 -81932.628  0.54%   120  585s
 75695 35406 -81663.298   99  159 -81489.000 -81932.125  0.54%   120  590s
 77611 36157 -81836.635  103  328 -81489.000 -81931.380  0.54%   120  597s
 78924 36231 -81866.317   84  292 -81489.000 -81930.996  0.54%   120  600s

Cutting planes:
  Gomory: 57
  Lift-and-project: 28
  Cover: 800
  Clique: 221
  MIR: 137
  StrongCG: 54
  Flow cover: 247
  Zero half: 28
  RLT: 26
  Relax-and-lift: 1

Explored 79047 nodes (9520548 simplex iterations) in 600.00 seconds (944.04 work units)
Thread count was 4 (of 56 available processors)

Solution count 10: -81489 -81477 -81473 ... -79966

Time limit reached
Best objective -8.148900000000e+04, best bound -8.193099607304e+04, gap 0.5424%
