
Gurobi 9.5.0 (linux64) logging started Wed May  4 03:16:40 2022

Set parameter LogFile to value "/local_workspace/chenrui/LogFiles/MKAP/new0U_R25_M30_N100_seed8_objLB_600.log"
Gurobi Optimizer version 9.5.0 build v9.5.0rc5 (linux64)
Thread count: 56 physical cores, 56 logical processors, using up to 4 threads
Optimize a model with 881 rows, 3750 columns and 10500 nonzeros
Model fingerprint: 0x34f181b5
Variable types: 0 continuous, 3750 integer (3750 binary)
Coefficient statistics:
  Matrix range     [1e+00, 2e+03]
  Objective range  [2e+01, 1e+03]
  Bounds range     [1e+00, 1e+00]
  RHS range        [1e+00, 4e+04]
Found heuristic solution: objective 0.0000000
Presolve removed 306 rows and 1202 columns
Presolve time: 0.03s
Presolved: 575 rows, 2548 columns, 7200 nonzeros
Variable types: 0 continuous, 2548 integer (2548 binary)
Found heuristic solution: objective -21514.00000

Root relaxation: objective -3.686600e+04, 976 iterations, 0.01 seconds (0.01 work units)

    Nodes    |    Current Node    |     Objective Bounds      |     Work
 Expl Unexpl |  Obj  Depth IntInf | Incumbent    BestBd   Gap | It/Node Time

     0     0 -36866.000    0   47 -21514.000 -36866.000  71.4%     -    0s
H    0     0                    -31979.00000 -36866.000  15.3%     -    0s
H    0     0                    -33037.00000 -36866.000  11.6%     -    0s
H    0     0                    -33325.00000 -36866.000  10.6%     -    0s
H    0     0                    -33769.00000 -36866.000  9.17%     -    0s
     0     0 -36866.000    0  101 -33769.000 -36866.000  9.17%     -    0s
H    0     0                    -34374.00000 -36866.000  7.25%     -    0s
     0     0 -36866.000    0   78 -34374.000 -36866.000  7.25%     -    0s
H    0     0                    -34560.00000 -36866.000  6.67%     -    0s
H    0     0                    -34812.00000 -36866.000  5.90%     -    0s
     0     0 -36866.000    0   37 -34812.000 -36866.000  5.90%     -    0s
     0     0 -36866.000    0   36 -34812.000 -36866.000  5.90%     -    0s
     0     0 -36866.000    0   26 -34812.000 -36866.000  5.90%     -    0s
H    0     0                    -35004.00000 -36866.000  5.32%     -    0s
     0     2 -36866.000    0   26 -35004.000 -36866.000  5.32%     -    0s
H   31    37                    -35124.00000 -36866.000  4.96%   161    0s
H   34    37                    -35267.00000 -36866.000  4.53%   153    0s
H   61   118                    -35419.00000 -36866.000  4.09%   176    0s
H  140   252                    -35609.00000 -36866.000  3.53%   130    0s
H  203   252                    -35758.00000 -36866.000  3.10%   104    0s
H  229   252                    -36062.00000 -36866.000  2.23%   101    0s
H  373   311                    -36203.00000 -36866.000  1.83%  94.0    0s
H  400   439                    -36265.00000 -36866.000  1.66%  96.2    1s
H  461   434                    -36351.00000 -36866.000  1.42%  98.4    1s
H  602   519                    -36495.00000 -36866.000  1.02%  97.8    1s
H  921   701                    -36608.00009 -36866.000  0.70%  93.3    1s
  1159   756 -36866.000   15   96 -36608.000 -36866.000  0.70%   112    5s
H 2092  1119                    -36633.00000 -36866.000  0.64%   143    7s
H 2530  1068                    -36716.00016 -36866.000  0.41%   155    7s
H 2848   997                    -36725.00006 -36866.000  0.38%   162    8s
H 2958   890                    -36800.00010 -36866.000  0.18%   165   10s
  3689  1244 -36866.000   26   77 -36800.000 -36866.000  0.18%   171   15s
  6572  2200 -36866.000   37   96 -36800.000 -36866.000  0.18%   192   20s
  8560  2547     cutoff   33      -36800.000 -36866.000  0.18%   208   25s
  9711  2820     cutoff   54      -36800.000 -36866.000  0.18%   213   30s
 12548  3268     cutoff   20      -36800.000 -36866.000  0.18%   223   35s
 15053  3787     cutoff   45      -36800.000 -36866.000  0.18%   229   40s
 16562  4007 -36866.000   61   96 -36800.000 -36866.000  0.18%   235   45s
 19119  4425 -36866.000   38   85 -36800.000 -36866.000  0.18%   242   50s
 20893  4686 -36866.000   56   88 -36800.000 -36866.000  0.18%   243   55s
 22764  4837     cutoff   38      -36800.000 -36866.000  0.18%   248   60s
 24312  5043 -36866.000   36  118 -36800.000 -36866.000  0.18%   246   65s
 25910  5198 -36866.000   28  151 -36800.000 -36866.000  0.18%   245   71s
 27648  5367 -36866.000   21  132 -36800.000 -36866.000  0.18%   242   76s
 28689  5451     cutoff   22      -36800.000 -36866.000  0.18%   241   80s
 29428  5560 -36854.393   31  116 -36800.000 -36866.000  0.18%   241   85s
 31112  5758     cutoff   34      -36800.000 -36866.000  0.18%   239   90s
 32839  5997 -36866.000   27  137 -36800.000 -36866.000  0.18%   238   95s
 33462  6020 -36866.000   30   73 -36800.000 -36866.000  0.18%   237  103s
 34057  6169 -36841.130   56  105 -36800.000 -36866.000  0.18%   237  106s
 35507  6376     cutoff   27      -36800.000 -36866.000  0.18%   236  110s
 37584  6567 -36866.000   29   80 -36800.000 -36866.000  0.18%   235  116s
 38942  6747     cutoff   50      -36800.000 -36866.000  0.18%   234  120s
 40628  6763 -36824.527   32  127 -36800.000 -36866.000  0.18%   233  125s
 42283  6713 -36822.274   53   77 -36800.000 -36866.000  0.18%   233  131s
 43741  6777     cutoff   34      -36800.000 -36866.000  0.18%   231  135s
 46023  6920     cutoff   39      -36800.000 -36866.000  0.18%   230  142s
 46955  7045 -36866.000   50   93 -36800.000 -36866.000  0.18%   230  145s
 48161  7116     cutoff   51      -36800.000 -36866.000  0.18%   229  150s
 50704  7443     cutoff   59      -36800.000 -36866.000  0.18%   228  156s
 52396  7906     cutoff   26      -36800.000 -36866.000  0.18%   226  161s
 53919  8109     cutoff   40      -36800.000 -36866.000  0.18%   225  169s
 54628  8121     cutoff   44      -36800.000 -36866.000  0.18%   224  172s
 54759  8217     cutoff   46      -36800.000 -36866.000  0.18%   224  178s
 58490  8246     cutoff   59      -36800.000 -36866.000  0.18%   221  180s
 60402  8275 -36866.000   40  123 -36800.000 -36866.000  0.18%   220  186s
 62279  8178     cutoff   54      -36800.000 -36866.000  0.18%   219  192s
 63053  8136 -36836.268   67   54 -36800.000 -36866.000  0.18%   219  195s
 65104  8039 -36856.621   21  145 -36800.000 -36866.000  0.18%   220  201s
 66280  8067 -36811.188   42   67 -36800.000 -36866.000  0.18%   221  205s
 67654  8272     cutoff   25      -36800.000 -36866.000  0.18%   221  210s
 70243  8612 -36833.418   52   95 -36800.000 -36866.000  0.18%   220  216s
 71745  8829 -36839.768   28  117 -36800.000 -36866.000  0.18%   219  223s
 72894  8852     cutoff   37      -36800.000 -36866.000  0.18%   219  228s
 73541  8954 -36848.307   52  129 -36800.000 -36866.000  0.18%   219  231s
 75803  8722     cutoff   46      -36800.000 -36866.000  0.18%   218  235s
 77102  8781     cutoff   36      -36800.000 -36866.000  0.18%   218  240s
 79929  8653     cutoff   42      -36800.000 -36866.000  0.18%   217  245s
 81050  8393 -36830.849   68  125 -36800.000 -36866.000  0.18%   217  250s
 82726  8103 -36839.179   37   91 -36800.000 -36866.000  0.18%   218  255s
 84427  8162 -36866.000   67   77 -36800.000 -36866.000  0.18%   218  263s
 85154  8292     cutoff   46      -36800.000 -36866.000  0.18%   218  266s
 87364  8348     cutoff   40      -36800.000 -36866.000  0.18%   217  270s
 88347  8459 -36866.000   30  130 -36800.000 -36866.000  0.18%   217  276s
 88530  8665 -36840.857   41  150 -36800.000 -36866.000  0.18%   217  283s
 91594  8663     cutoff   42      -36800.000 -36866.000  0.18%   217  286s
 92350  8629 -36843.905   50  135 -36800.000 -36866.000  0.18%   217  290s
 92901  8497 -36824.260   58   99 -36800.000 -36866.000  0.18%   217  295s
 94911  8584 -36824.161   36  131 -36800.000 -36866.000  0.18%   218  301s
 96008  8667     cutoff   42      -36800.000 -36866.000  0.18%   218  306s
 96962  8859     cutoff   44      -36800.000 -36866.000  0.18%   218  310s
 98906  9101 -36832.567   46   93 -36800.000 -36866.000  0.18%   218  316s
 100476  9349 -36832.212   46  121 -36800.000 -36866.000  0.18%   218  321s
 102155  9560 -36837.283   62  126 -36800.000 -36866.000  0.18%   217  326s
 103191  9632 -36814.269   59  100 -36800.000 -36866.000  0.18%   217  330s
 105067 10106 -36866.000   55  121 -36800.000 -36866.000  0.18%   216  336s
 105737 10269 -36866.000   41  103 -36800.000 -36866.000  0.18%   217  340s
 106134 10374     cutoff   35      -36800.000 -36866.000  0.18%   217  345s
 107104 10724 -36866.000   61  157 -36800.000 -36866.000  0.18%   218  352s
 107876 11117 -36855.267   50   90 -36800.000 -36866.000  0.18%   218  356s
 109619 11344 -36866.000   64  108 -36800.000 -36866.000  0.18%   218  360s
 111491 11566     cutoff   82      -36800.000 -36866.000  0.18%   218  366s
 112627 11707 -36816.848   65   51 -36800.000 -36866.000  0.18%   218  370s
 112749 11771 -36866.000   66   71 -36800.000 -36866.000  0.18%   218  375s
 114706 11946     cutoff   58      -36800.000 -36866.000  0.18%   218  380s
 116381 12016     cutoff   66      -36800.000 -36866.000  0.18%   218  386s
 117921 12002     cutoff   51      -36800.000 -36866.000  0.18%   218  392s
 118713 12158 -36849.501   58  160 -36800.000 -36866.000  0.18%   218  395s
 120947 12352 -36859.685   37   76 -36800.000 -36866.000  0.18%   217  400s
 122648 12444     cutoff   84      -36800.000 -36866.000  0.18%   217  408s
 123576 12604 -36866.000   42   67 -36800.000 -36866.000  0.18%   217  411s
 124747 12765 -36866.000   40  123 -36800.000 -36866.000  0.18%   217  418s
 126025 12929 -36866.000   43  143 -36800.000 -36866.000  0.18%   217  421s
 127002 13009     cutoff   51      -36800.000 -36866.000  0.18%   217  425s
 128901 13125     cutoff   39      -36800.000 -36866.000  0.18%   217  431s
 130409 13230     cutoff   57      -36800.000 -36866.000  0.18%   217  437s
 130713 13487     cutoff   70      -36800.000 -36866.000  0.18%   217  441s
 132806 13689 -36866.000   74   68 -36800.000 -36866.000  0.18%   217  446s
 133823 13997 -36864.953   90   46 -36800.000 -36866.000  0.18%   217  450s
 134612 14055 -36866.000   70  131 -36800.000 -36866.000  0.18%   217  455s
 135208 14206 -36855.384   78  105 -36800.000 -36866.000  0.18%   217  461s
 137037 14393 -36866.000   76  114 -36800.000 -36866.000  0.18%   216  465s
 139456 14575     cutoff  101      -36800.000 -36866.000  0.18%   215  470s
 142090 14622 -36866.000   98  107 -36800.000 -36866.000  0.18%   214  475s
 144205 14814 -36866.000   71   82 -36800.000 -36866.000  0.18%   213  480s
 145119 14792 -36841.246   93   75 -36800.000 -36866.000  0.18%   213  485s
 147389 15049 -36837.078   88  127 -36800.000 -36866.000  0.18%   212  490s
 148887 15233 -36852.026   64  129 -36800.000 -36866.000  0.18%   212  495s
 150209 15374 -36866.000   50  106 -36800.000 -36866.000  0.18%   212  500s
 151707 15721     cutoff   57      -36800.000 -36866.000  0.18%   212  507s
 153976 15793 -36847.116   91   78 -36800.000 -36866.000  0.18%   211  510s
 155587 15975 -36865.302   95   59 -36800.000 -36866.000  0.18%   211  516s
 156171 16100 -36866.000   85   85 -36800.000 -36866.000  0.18%   211  522s
 157698 16237 -36838.764   90   96 -36800.000 -36866.000  0.18%   210  526s
 159396 16372     cutoff   75      -36800.000 -36866.000  0.18%   210  531s
 161368 16393 -36861.647   85   60 -36800.000 -36866.000  0.18%   210  536s
 162935 16418 -36864.456   90  158 -36800.000 -36866.000  0.18%   209  540s
 165090 16498 -36836.488   93   48 -36800.000 -36866.000  0.18%   209  546s
 166498 16535 -36866.000  101  112 -36800.000 -36866.000  0.18%   209  550s
 167910 16660 -36866.000   68  121 -36800.000 -36866.000  0.18%   209  555s
 169908 16731 -36866.000   90   69 -36800.000 -36866.000  0.18%   209  560s
 171569 16824 -36866.000   98  100 -36800.000 -36866.000  0.18%   209  566s
 172972 16915 -36866.000   91   78 -36800.000 -36866.000  0.18%   209  572s
 173156 16912 -36866.000   91   78 -36800.000 -36866.000  0.18%   209  576s
 175028 17075     cutoff   86      -36800.000 -36866.000  0.18%   208  580s
 175736 17148 -36823.958   65  127 -36800.000 -36866.000  0.18%   208  585s
 178069 17229     cutoff   51      -36800.000 -36866.000  0.18%   208  590s
 178948 17307 -36835.391   64   91 -36800.000 -36866.000  0.18%   208  596s
 180764 17332     cutoff   81      -36800.000 -36866.000  0.18%   208  600s

Cutting planes:
  Gomory: 95
  Lift-and-project: 13
  Cover: 179
  Clique: 41
  MIR: 28
  StrongCG: 28
  Flow cover: 60
  Zero half: 33

Explored 181061 nodes (37607506 simplex iterations) in 600.00 seconds (1413.12 work units)
Thread count was 4 (of 56 available processors)

Solution count 10: -36800 -36725 -36716 ... -36062

Time limit reached
Best objective -3.680000000000e+04, best bound -3.686600000000e+04, gap 0.1793%
