
Gurobi 9.5.0 (linux64) logging started Sat Jun 18 18:57:37 2022

Set parameter LogFile to value "/local_workspace/chenrui/LogFiles/MKAP/new0U_R25_M20_N200_seed5_DWcutsCTp_600.log"
Gurobi Optimizer version 9.5.0 build v9.5.0rc5 (linux64)
Thread count: 56 physical cores, 56 logical processors, using up to 4 threads
Optimize a model with 1220 rows, 4500 columns and 13500 nonzeros
Model fingerprint: 0x68de02c6
Variable types: 0 continuous, 4500 integer (4500 binary)
Coefficient statistics:
  Matrix range     [1e+00, 4e+03]
  Objective range  [4e+00, 1e+03]
  Bounds range     [1e+00, 1e+00]
  RHS range        [1e-05, 1e+00]
Found heuristic solution: objective 0.0000000
Presolve removed 39 rows and 276 columns
Presolve time: 0.03s
Presolved: 1181 rows, 4224 columns, 12618 nonzeros
Found heuristic solution: objective -6066.000000
Variable types: 0 continuous, 4224 integer (4224 binary)

Root relaxation: objective -7.497200e+04, 8994 iterations, 0.24 seconds (0.22 work units)

    Nodes    |    Current Node    |     Objective Bounds      |     Work
 Expl Unexpl |  Obj  Depth IntInf | Incumbent    BestBd   Gap | It/Node Time

     0     0 -74972.005    0  201 -6066.0000 -74972.005  1136%     -    0s
H    0     0                    -59008.00000 -74972.005  27.1%     -    0s
H    0     0                    -62673.00003 -74972.005  19.6%     -    0s
H    0     0                    -67878.00000 -74972.005  10.5%     -    0s
H    0     0                    -71453.00000 -74972.005  4.92%     -    0s
H    0     0                    -74659.00004 -74972.005  0.42%     -    0s
H    0     0                    -74972.00006 -74972.005  0.00%     -    0s
     0     0 -74972.000    0  187 -74972.000 -74972.000  0.00%     -    0s

Cutting planes:
  Gomory: 27
  Cover: 68
  Clique: 387
  MIR: 10
  StrongCG: 14

Explored 1 nodes (9926 simplex iterations) in 0.46 seconds (0.38 work units)
Thread count was 4 (of 56 available processors)

Solution count 8: -74972 -74659 -71453 ... 0
No other solutions better than -74972

Optimal solution found (tolerance 1.00e-04)
Best objective -7.497200005440e+04, best bound -7.497200005440e+04, gap 0.0000%
