
Gurobi 9.5.0 (linux64) logging started Sat Jun 18 16:05:18 2022

Set parameter LogFile to value "/local_workspace/chenrui/LogFiles/MKAP/new0U_R10_M10_N200_seed6_DWcutsCTp1_600.log"
Gurobi Optimizer version 9.5.0 build v9.5.0rc5 (linux64)
Thread count: 56 physical cores, 56 logical processors, using up to 4 threads
Optimize a model with 507 rows, 2100 columns and 8333 nonzeros
Model fingerprint: 0x1886771d
Variable types: 0 continuous, 2100 integer (2100 binary)
Coefficient statistics:
  Matrix range     [1e-13, 1e+04]
  Objective range  [1e+01, 1e+03]
  Bounds range     [1e+00, 1e+00]
  RHS range        [1e-05, 1e+00]
Warning: Model contains large matrix coefficient range
         Consider reformulating model or setting NumericFocus parameter
         to avoid numerical issues.
Found heuristic solution: objective 0.0000000
Presolve time: 0.01s
Presolved: 507 rows, 2100 columns, 8298 nonzeros
Variable types: 0 continuous, 2100 integer (2100 binary)
Found heuristic solution: objective -10235.00000

Root relaxation: objective -7.920101e+04, 4136 iterations, 0.10 seconds (0.10 work units)

    Nodes    |    Current Node    |     Objective Bounds      |     Work
 Expl Unexpl |  Obj  Depth IntInf | Incumbent    BestBd   Gap | It/Node Time

     0     0 -79201.009    0  211 -10235.000 -79201.009   674%     -    0s
H    0     0                    -54209.00000 -79201.009  46.1%     -    0s
H    0     0                    -66449.00000 -79201.009  19.2%     -    0s
H    0     0                    -68753.00000 -79201.009  15.2%     -    0s
H    0     0                    -72845.00000 -79201.009  8.73%     -    0s
     0     0 -79201.009    0  299 -72845.000 -79201.009  8.73%     -    0s
H    0     0                    -74847.00000 -79201.009  5.82%     -    0s
H    0     0                    -74875.00000 -79201.009  5.78%     -    0s
H    0     0                    -74932.00000 -79201.009  5.70%     -    0s
     0     0 -79201.009    0  257 -74932.000 -79201.009  5.70%     -    0s
H    0     0                    -77740.00000 -79201.009  1.88%     -    0s
H    0     0                    -79182.00009 -79201.009  0.02%     -    0s
H    0     0                    -79201.00008 -79201.009  0.00%     -    0s
     0     0 -79201.009    0  318 -79201.000 -79201.009  0.00%     -    0s

Cutting planes:
  Gomory: 1
  Cover: 76
  Clique: 658
  MIR: 16
  StrongCG: 25

Explored 1 nodes (5859 simplex iterations) in 0.48 seconds (0.38 work units)
Thread count was 4 (of 56 available processors)

Solution count 10: -79201 -79182 -77740 ... -54209
No other solutions better than -79201

Optimal solution found (tolerance 1.00e-04)
Warning: max constraint violation (3.0947e-06) exceeds tolerance
Best objective -7.920100008379e+04, best bound -7.920100008379e+04, gap 0.0000%
