
Gurobi 9.5.0 (linux64) logging started Tue May  3 20:38:39 2022

Set parameter LogFile to value "/local_workspace/chenrui/LogFiles/MKAP/new0U_R25_M40_N100_seed2_DWcutsCT4_600.log"
Gurobi Optimizer version 9.5.0 build v9.5.0rc5 (linux64)
Thread count: 56 physical cores, 56 logical processors, using up to 4 threads
Optimize a model with 2918 rows, 5000 columns and 16773 nonzeros
Model fingerprint: 0x66427a5d
Variable types: 0 continuous, 5000 integer (5000 binary)
Coefficient statistics:
  Matrix range     [1e-13, 2e+03]
  Objective range  [4e+01, 1e+03]
  Bounds range     [1e+00, 1e+00]
  RHS range        [1e-14, 1e+00]
Warning: Model contains large matrix coefficient range
         Consider reformulating model or setting NumericFocus parameter
         to avoid numerical issues.
Found heuristic solution: objective 0.0000000
Presolve removed 1552 rows and 2195 columns
Presolve time: 0.05s
Presolved: 1366 rows, 2805 columns, 7281 nonzeros
Found heuristic solution: objective -27472.00000
Variable types: 0 continuous, 2805 integer (2805 binary)

Root relaxation: objective -4.171100e+04, 2769 iterations, 0.04 seconds (0.03 work units)

    Nodes    |    Current Node    |     Objective Bounds      |     Work
 Expl Unexpl |  Obj  Depth IntInf | Incumbent    BestBd   Gap | It/Node Time

     0     0 -41711.000    0   51 -27472.000 -41711.000  51.8%     -    0s
H    0     0                    -41232.00000 -41711.000  1.16%     -    0s
H    0     0                    -41349.00000 -41711.000  0.88%     -    0s
     0     0 -41652.500    0   15 -41349.000 -41652.500  0.73%     -    0s
     0     0 -41652.500    0   30 -41349.000 -41652.500  0.73%     -    0s
H    0     0                    -41542.00000 -41652.500  0.27%     -    0s
     0     0 -41652.500    0    7 -41542.000 -41652.500  0.27%     -    0s
     0     0 -41652.500    0   12 -41542.000 -41652.500  0.27%     -    0s
     0     0 -41638.000    0   12 -41542.000 -41638.000  0.23%     -    0s
H    0     0                    -41552.00000 -41638.000  0.21%     -    0s
     0     0 -41601.000    0   29 -41552.000 -41601.000  0.12%     -    0s
     0     0 -41582.000    0   41 -41552.000 -41582.000  0.07%     -    0s

Cutting planes:
  Gomory: 2
  Clique: 2
  MIR: 3
  Zero half: 11

Explored 1 nodes (5486 simplex iterations) in 0.28 seconds (0.18 work units)
Thread count was 4 (of 56 available processors)

Solution count 6: -41552 -41542 -41349 ... 0
No other solutions better than -41552

Optimal solution found (tolerance 1.00e-04)
Best objective -4.155200000000e+04, best bound -4.155200000000e+04, gap 0.0000%
