
Gurobi 9.5.0 (linux64) logging started Tue May  3 13:24:25 2022

Set parameter LogFile to value "/local_workspace/chenrui/LogFiles/MKAP/new0U_R5_M20_N50_seed9_DWcutsCT1_600.log"
Gurobi Optimizer version 9.5.0 build v9.5.0rc5 (linux64)
Thread count: 56 physical cores, 56 logical processors, using up to 4 threads
Optimize a model with 354 rows, 1100 columns and 3948 nonzeros
Model fingerprint: 0x9428aa65
Variable types: 0 continuous, 1100 integer (1100 binary)
Coefficient statistics:
  Matrix range     [1e-13, 1e+03]
  Objective range  [9e+00, 1e+03]
  Bounds range     [1e+00, 1e+00]
  RHS range        [6e-14, 1e+00]
Warning: Model contains large matrix coefficient range
         Consider reformulating model or setting NumericFocus parameter
         to avoid numerical issues.
Found heuristic solution: objective 0.0000000
Presolve removed 41 rows and 399 columns
Presolve time: 0.01s
Presolved: 313 rows, 701 columns, 2524 nonzeros
Found heuristic solution: objective -9452.000000
Variable types: 0 continuous, 701 integer (701 binary)

Root relaxation: objective -1.873433e+04, 914 iterations, 0.01 seconds (0.01 work units)

    Nodes    |    Current Node    |     Objective Bounds      |     Work
 Expl Unexpl |  Obj  Depth IntInf | Incumbent    BestBd   Gap | It/Node Time

     0     0 -18734.334    0   54 -9452.0000 -18734.334  98.2%     -    0s
H    0     0                    -18444.00000 -18734.334  1.57%     -    0s
H    0     0                    -18580.00000 -18734.334  0.83%     -    0s
     0     0 -18734.334    0   64 -18580.000 -18734.334  0.83%     -    0s
     0     0 -18734.334    0   43 -18580.000 -18734.334  0.83%     -    0s
H    0     0                    -18608.00000 -18734.334  0.68%     -    0s
H    0     0                    -18633.00000 -18734.334  0.54%     -    0s
H    0     0                    -18655.00000 -18734.334  0.43%     -    0s
     0     0 -18734.334    0   67 -18655.000 -18734.334  0.43%     -    0s
H    0     0                    -18680.00000 -18734.334  0.29%     -    0s
     0     0 -18734.334    0   62 -18680.000 -18734.334  0.29%     -    0s
     0     0 -18734.334    0   64 -18680.000 -18734.334  0.29%     -    0s
     0     0 -18734.334    0   64 -18680.000 -18734.334  0.29%     -    0s
H    0     0                    -18692.00000 -18734.334  0.23%     -    0s
     0     0 -18734.334    0   66 -18692.000 -18734.334  0.23%     -    0s
     0     0 -18734.334    0   63 -18692.000 -18734.334  0.23%     -    0s
H    0     0                    -18694.00000 -18734.334  0.22%     -    0s
     0     0 -18734.334    0   61 -18694.000 -18734.334  0.22%     -    0s
     0     0 -18734.334    0   57 -18694.000 -18734.334  0.22%     -    0s
     0     0 -18734.334    0   62 -18694.000 -18734.334  0.22%     -    0s
     0     0 -18734.334    0   57 -18694.000 -18734.334  0.22%     -    0s
     0     0 -18734.334    0   65 -18694.000 -18734.334  0.22%     -    0s
     0     0 -18734.334    0   62 -18694.000 -18734.334  0.22%     -    0s
     0     0 -18734.333    0   64 -18694.000 -18734.333  0.22%     -    0s
     0     0 -18734.330    0   65 -18694.000 -18734.330  0.22%     -    0s
     0     0 -18734.330    0   66 -18694.000 -18734.330  0.22%     -    0s
     0     0 -18734.330    0   57 -18694.000 -18734.330  0.22%     -    0s
     0     0 -18734.330    0   59 -18694.000 -18734.330  0.22%     -    0s
     0     0 -18734.330    0   60 -18694.000 -18734.330  0.22%     -    0s
     0     0 -18734.330    0   68 -18694.000 -18734.330  0.22%     -    0s
     0     0 -18734.330    0   68 -18694.000 -18734.330  0.22%     -    0s
     0     0 -18734.330    0   81 -18694.000 -18734.330  0.22%     -    0s
H    0     0                    -18733.00003 -18734.330  0.01%     -    0s
     0     0 -18734.330    0   80 -18733.000 -18734.330  0.01%     -    0s

Cutting planes:
  Cover: 7
  Clique: 7
  MIR: 3
  Zero half: 2

Explored 1 nodes (3611 simplex iterations) in 0.24 seconds (0.14 work units)
Thread count was 4 (of 56 available processors)

Solution count 10: -18733 -18694 -18692 ... -9452

Optimal solution found (tolerance 1.00e-04)
Best objective -1.873300003490e+04, best bound -1.873400000000e+04, gap 0.0053%
