
Gurobi 9.5.0 (linux64) logging started Tue May  3 18:59:35 2022

Set parameter LogFile to value "/local_workspace/chenrui/LogFiles/MKAP/new0U_R10_M40_N100_seed5_DWcuts_600.log"
Gurobi Optimizer version 9.5.0 build v9.5.0rc5 (linux64)
Thread count: 56 physical cores, 56 logical processors, using up to 4 threads
Optimize a model with 940 rows, 4400 columns and 13200 nonzeros
Model fingerprint: 0xdd6ecfea
Variable types: 0 continuous, 4400 integer (4400 binary)
Coefficient statistics:
  Matrix range     [3e-13, 1e+03]
  Objective range  [4e+00, 1e+03]
  Bounds range     [1e+00, 1e+00]
  RHS range        [6e-14, 8e+00]
Warning: Model contains large matrix coefficient range
         Consider reformulating model or setting NumericFocus parameter
         to avoid numerical issues.
Found heuristic solution: objective 0.0000000
Presolve removed 303 rows and 1719 columns
Presolve time: 0.03s
Presolved: 637 rows, 2681 columns, 6994 nonzeros
Found heuristic solution: objective -30509.00000
Variable types: 0 continuous, 2681 integer (2681 binary)

Root relaxation: objective -4.264873e+04, 2550 iterations, 0.04 seconds (0.04 work units)

    Nodes    |    Current Node    |     Objective Bounds      |     Work
 Expl Unexpl |  Obj  Depth IntInf | Incumbent    BestBd   Gap | It/Node Time

     0     0 -42648.728    0   63 -30509.000 -42648.728  39.8%     -    0s
H    0     0                    -41566.00000 -42648.728  2.60%     -    0s
H    0     0                    -41708.00000 -42648.728  2.26%     -    0s
H    0     0                    -41742.00010 -42648.728  2.17%     -    0s
H    0     0                    -42403.00000 -42648.728  0.58%     -    0s
     0     0 -42648.728    0  110 -42403.000 -42648.728  0.58%     -    0s
H    0     0                    -42505.00000 -42648.728  0.34%     -    0s
     0     0 -42648.728    0   36 -42505.000 -42648.728  0.34%     -    0s
     0     0 -42648.728    0   67 -42505.000 -42648.728  0.34%     -    0s
     0     0 -42648.728    0   90 -42505.000 -42648.728  0.34%     -    0s
     0     0 -42648.728    0   73 -42505.000 -42648.728  0.34%     -    0s
     0     0 -42648.728    0   53 -42505.000 -42648.728  0.34%     -    0s
     0     0 -42648.728    0   53 -42505.000 -42648.728  0.34%     -    0s
     0     0 -42648.728    0   53 -42505.000 -42648.728  0.34%     -    0s
     0     0 -42648.728    0   99 -42505.000 -42648.728  0.34%     -    0s
     0     0 -42648.728    0   64 -42505.000 -42648.728  0.34%     -    0s
     0     0 -42648.728    0   66 -42505.000 -42648.728  0.34%     -    0s
     0     0 -42648.728    0   80 -42505.000 -42648.728  0.34%     -    0s
     0     0 -42648.728    0   89 -42505.000 -42648.728  0.34%     -    0s
     0     0 -42648.728    0   89 -42505.000 -42648.728  0.34%     -    0s
     0     2 -42648.728    0   89 -42505.000 -42648.728  0.34%     -    0s
  1231   975 -42623.361   27  105 -42505.000 -42648.699  0.34%  48.9    5s
* 4282  2552              49    -42506.00000 -42648.554  0.34%  40.4    8s
  6458  4028 -42513.281  150   49 -42506.000 -42648.154  0.33%  41.7   10s
 16030 11459 -42615.684   43   72 -42506.000 -42645.831  0.33%  36.8   15s
H17196  5446                    -42583.00000 -42645.662  0.15%  36.5   15s
 21638  7702 -42644.167   39  107 -42583.000 -42644.167  0.14%  37.2   20s
 29267 10094 -42621.127   63   70 -42583.000 -42641.528  0.14%  35.1   25s
 31947 10327 -42633.267   53   52 -42583.000 -42640.186  0.13%  34.4   30s
 32357 10401 -42628.855   45  104 -42583.000 -42640.186  0.13%  35.0   35s
 38880 11418 -42590.178   90   88 -42583.000 -42625.910  0.10%  36.0   40s
 48070 10971 -42606.432   61   86 -42583.000 -42617.183  0.08%  36.8   45s
 58542  9167 -42593.525   60   91 -42583.000 -42610.604  0.06%  36.9   50s
 69028  8306 -42584.411   62   82 -42583.000 -42605.328  0.05%  36.5   55s
 80348  7292     cutoff   59      -42583.000 -42600.286  0.04%  36.1   60s
 95703  1737     cutoff   63      -42583.000 -42591.791  0.02%  34.8   65s

Cutting planes:
  Gomory: 5
  Cover: 59
  Clique: 18
  MIR: 25
  StrongCG: 13
  Flow cover: 35
  Zero half: 5
  RLT: 3

Explored 99029 nodes (3398378 simplex iterations) in 65.72 seconds (92.71 work units)
Thread count was 4 (of 56 available processors)

Solution count 10: -42583 -42506 -42505 ... 0

Optimal solution found (tolerance 1.00e-04)
Best objective -4.258300000000e+04, best bound -4.258500000000e+04, gap 0.0047%
