
Gurobi 9.5.0 (linux64) logging started Fri Apr 29 22:07:16 2022

Set parameter LogFile to value "/local_workspace/chenrui/LogFiles/MKAP/new0U_R25_M10_N200_seed8_DWcutsCT_600.log"
Gurobi Optimizer version 9.5.0 build v9.5.0rc5 (linux64)
Thread count: 56 physical cores, 56 logical processors, using up to 4 threads
Optimize a model with 710 rows, 2250 columns and 6750 nonzeros
Model fingerprint: 0xc3cb9774
Variable types: 0 continuous, 2250 integer (2250 binary)
Coefficient statistics:
  Matrix range     [1e+00, 7e+03]
  Objective range  [4e+00, 1e+03]
  Bounds range     [1e+00, 1e+00]
  RHS range        [1e+00, 1e+00]
Found heuristic solution: objective 0.0000000
Presolve time: 0.02s
Presolved: 710 rows, 2250 columns, 6750 nonzeros
Variable types: 0 continuous, 2250 integer (2250 binary)
Found heuristic solution: objective -2853.000000

Root relaxation: objective -4.848700e+04, 3066 iterations, 0.05 seconds (0.04 work units)

    Nodes    |    Current Node    |     Objective Bounds      |     Work
 Expl Unexpl |  Obj  Depth IntInf | Incumbent    BestBd   Gap | It/Node Time

     0     0 -48487.000    0   58 -2853.0000 -48487.000  1600%     -    0s
H    0     0                    -43724.00000 -48487.000  10.9%     -    0s
H    0     0                    -47986.00000 -48487.000  1.04%     -    0s
H    0     0                    -48487.00000 -48487.000  0.00%     -    0s

Cutting planes:
  Gomory: 7
  Cover: 22
  Clique: 235
  MIR: 3
  StrongCG: 5

Explored 1 nodes (3221 simplex iterations) in 0.11 seconds (0.08 work units)
Thread count was 4 (of 56 available processors)

Solution count 5: -48487 -47986 -43724 ... 0
No other solutions better than -48487

Optimal solution found (tolerance 1.00e-04)
Best objective -4.848700000000e+04, best bound -4.848700000000e+04, gap 0.0000%
