
Gurobi 9.5.0 (linux64) logging started Tue May  3 13:27:15 2022

Set parameter LogFile to value "/local_workspace/chenrui/LogFiles/MKAP/new0U_R10_M20_N50_seed9_DWcutsCT1_600.log"
Gurobi Optimizer version 9.5.0 build v9.5.0rc5 (linux64)
Thread count: 56 physical cores, 56 logical processors, using up to 4 threads
Optimize a model with 604 rows, 1200 columns and 4046 nonzeros
Model fingerprint: 0x840deb6d
Variable types: 0 continuous, 1200 integer (1200 binary)
Coefficient statistics:
  Matrix range     [1e-13, 1e+03]
  Objective range  [9e+00, 1e+03]
  Bounds range     [1e+00, 1e+00]
  RHS range        [7e-15, 1e+00]
Warning: Model contains large matrix coefficient range
         Consider reformulating model or setting NumericFocus parameter
         to avoid numerical issues.
Found heuristic solution: objective 0.0000000
Presolve removed 177 rows and 445 columns
Presolve time: 0.01s
Presolved: 427 rows, 755 columns, 2265 nonzeros
Found heuristic solution: objective -7875.000000
Variable types: 0 continuous, 755 integer (755 binary)

Root relaxation: objective -1.866700e+04, 868 iterations, 0.01 seconds (0.01 work units)

    Nodes    |    Current Node    |     Objective Bounds      |     Work
 Expl Unexpl |  Obj  Depth IntInf | Incumbent    BestBd   Gap | It/Node Time

*    0     0               0    -18667.00000 -18667.000  0.00%     -    0s

Explored 1 nodes (880 simplex iterations) in 0.02 seconds (0.02 work units)
Thread count was 4 (of 56 available processors)

Solution count 3: -18667 -7875 0 
No other solutions better than -18667

Optimal solution found (tolerance 1.00e-04)
Warning: max constraint violation (3.9262e-06) exceeds tolerance
Best objective -1.866700000083e+04, best bound -1.866700000083e+04, gap 0.0000%
