
Gurobi 9.5.0 (linux64) logging started Tue May  3 15:37:23 2022

Set parameter LogFile to value "/local_workspace/chenrui/LogFiles/MKAP/new0U_R5_M10_N50_seed9_original_600.log"
Gurobi Optimizer version 9.5.0 build v9.5.0rc5 (linux64)
Thread count: 56 physical cores, 56 logical processors, using up to 4 threads
Optimize a model with 110 rows, 550 columns and 1100 nonzeros
Model fingerprint: 0xf0336019
Variable types: 0 continuous, 550 integer (550 binary)
Coefficient statistics:
  Matrix range     [1e+00, 3e+03]
  Objective range  [9e+00, 1e+03]
  Bounds range     [1e+00, 1e+00]
  RHS range        [1e+00, 1e+00]
Found heuristic solution: objective 0.0000000
Presolve removed 12 rows and 131 columns
Presolve time: 0.00s
Presolved: 98 rows, 419 columns, 838 nonzeros
Variable types: 0 continuous, 419 integer (419 binary)
Found heuristic solution: objective -11197.00000

Root relaxation: objective -1.926366e+04, 217 iterations, 0.00 seconds (0.00 work units)

    Nodes    |    Current Node    |     Objective Bounds      |     Work
 Expl Unexpl |  Obj  Depth IntInf | Incumbent    BestBd   Gap | It/Node Time

     0     0 -19263.662    0   32 -11197.000 -19263.662  72.0%     -    0s
H    0     0                    -18031.00000 -19263.662  6.84%     -    0s
H    0     0                    -18220.00000 -19263.662  5.73%     -    0s
     0     0 -19192.524    0   48 -18220.000 -19192.524  5.34%     -    0s
     0     0 -19191.905    0   50 -18220.000 -19191.905  5.33%     -    0s
     0     0 -19185.633    0   61 -18220.000 -19185.633  5.30%     -    0s
H    0     0                    -18426.00000 -19185.633  4.12%     -    0s
     0     0 -19184.966    0   64 -18426.000 -19184.966  4.12%     -    0s
     0     0 -19184.690    0   65 -18426.000 -19184.690  4.12%     -    0s
H    0     0                    -18531.00000 -19184.521  3.53%     -    0s
     0     0 -19184.521    0   71 -18531.000 -19184.521  3.53%     -    0s
     0     0 -19184.152    0   75 -18531.000 -19184.152  3.52%     -    0s
     0     0 -19176.621    0   90 -18531.000 -19176.621  3.48%     -    0s
     0     0 -19172.127    0   70 -18531.000 -19172.127  3.46%     -    0s
     0     0 -19171.033    0   81 -18531.000 -19171.033  3.45%     -    0s
     0     0 -19170.986    0   80 -18531.000 -19170.986  3.45%     -    0s
     0     0 -19155.840    0   72 -18531.000 -19155.840  3.37%     -    0s
     0     0 -19155.299    0   81 -18531.000 -19155.299  3.37%     -    0s
     0     0 -19153.985    0   72 -18531.000 -19153.985  3.36%     -    0s
     0     0 -19153.826    0   75 -18531.000 -19153.826  3.36%     -    0s
     0     0 -19153.812    0   80 -18531.000 -19153.812  3.36%     -    0s
H    0     0                    -18701.00000 -19143.340  2.37%     -    0s
     0     0 -19143.340    0   79 -18701.000 -19143.340  2.37%     -    0s
     0     0 -19139.574    0   53 -18701.000 -19139.574  2.35%     -    0s
     0     0 -19139.261    0   82 -18701.000 -19139.261  2.34%     -    0s
     0     0 -19138.856    0   73 -18701.000 -19138.856  2.34%     -    0s
     0     0 -19138.798    0   95 -18701.000 -19138.798  2.34%     -    0s
     0     0 -19129.915    0  112 -18701.000 -19129.915  2.29%     -    0s
     0     0 -19127.380    0   86 -18701.000 -19127.380  2.28%     -    0s
     0     0 -19126.550    0   89 -18701.000 -19126.550  2.28%     -    0s
     0     0 -19126.246    0   89 -18701.000 -19126.246  2.27%     -    0s
     0     0 -19126.171    0   92 -18701.000 -19126.171  2.27%     -    0s
     0     0 -19121.244    0  120 -18701.000 -19121.244  2.25%     -    0s
     0     0 -19120.437    0  120 -18701.000 -19120.437  2.24%     -    0s
     0     0 -19120.207    0  121 -18701.000 -19120.207  2.24%     -    0s
     0     0 -19120.025    0  114 -18701.000 -19120.025  2.24%     -    0s
     0     0 -19104.040    0   85 -18701.000 -19104.040  2.16%     -    0s
     0     0 -19098.982    0  103 -18701.000 -19098.982  2.13%     -    0s
H    0     0                    -18867.00000 -19097.820  1.22%     -    0s
     0     0 -19097.820    0   98 -18867.000 -19097.820  1.22%     -    0s
     0     0 -19097.446    0   97 -18867.000 -19097.446  1.22%     -    0s
     0     0 -19097.301    0  105 -18867.000 -19097.301  1.22%     -    0s
     0     0 -19090.703    0   91 -18867.000 -19090.703  1.19%     -    0s
     0     0 -19090.180    0  102 -18867.000 -19090.180  1.18%     -    0s
     0     0 -19089.985    0   97 -18867.000 -19089.985  1.18%     -    0s
     0     0 -19085.860    0   98 -18867.000 -19085.860  1.16%     -    0s
     0     0 -19084.672    0  105 -18867.000 -19084.672  1.15%     -    0s
     0     0 -19084.255    0  114 -18867.000 -19084.255  1.15%     -    0s
     0     0 -19084.143    0  111 -18867.000 -19084.143  1.15%     -    0s
     0     0 -19081.655    0  107 -18867.000 -19081.655  1.14%     -    0s
     0     0 -19080.005    0  102 -18867.000 -19080.005  1.13%     -    0s
     0     0 -19079.155    0   97 -18867.000 -19079.155  1.12%     -    0s
     0     0 -19079.080    0   98 -18867.000 -19079.080  1.12%     -    0s
     0     0 -19069.902    0  119 -18867.000 -19069.902  1.08%     -    0s
     0     0 -19065.520    0  122 -18867.000 -19065.520  1.05%     -    0s
     0     0 -19065.426    0  103 -18867.000 -19065.426  1.05%     -    0s
     0     0 -19062.979    0  124 -18867.000 -19062.979  1.04%     -    0s
     0     0 -19061.573    0  119 -18867.000 -19061.573  1.03%     -    0s
     0     0 -19060.964    0  121 -18867.000 -19060.964  1.03%     -    0s
     0     0 -19060.885    0  124 -18867.000 -19060.885  1.03%     -    0s
     0     0 -19058.314    0  113 -18867.000 -19058.314  1.01%     -    0s
     0     0 -19057.677    0  127 -18867.000 -19057.677  1.01%     -    0s
     0     0 -19057.521    0  128 -18867.000 -19057.521  1.01%     -    0s
     0     0 -19054.899    0  115 -18867.000 -19054.899  1.00%     -    0s
     0     0 -19054.662    0  121 -18867.000 -19054.662  0.99%     -    0s
     0     0 -19049.868    0  109 -18867.000 -19049.868  0.97%     -    0s
     0     0 -19049.211    0  121 -18867.000 -19049.211  0.97%     -    0s
     0     0 -19048.635    0  111 -18867.000 -19048.635  0.96%     -    0s
     0     0 -19048.432    0  121 -18867.000 -19048.432  0.96%     -    0s
     0     0 -19046.860    0  120 -18867.000 -19046.860  0.95%     -    0s
     0     0 -19046.860    0  116 -18867.000 -19046.860  0.95%     -    0s
     0     0 -19046.101    0   37 -18867.000 -19046.101  0.95%     -    0s
     0     0 -19046.101    0   68 -18867.000 -19046.101  0.95%     -    0s
     0     0 -19046.101    0   45 -18867.000 -19046.101  0.95%     -    0s
     0     0 -19046.101    0   79 -18867.000 -19046.101  0.95%     -    0s
     0     0 -19046.101    0   84 -18867.000 -19046.101  0.95%     -    0s
     0     0 -19046.101    0   96 -18867.000 -19046.101  0.95%     -    0s
     0     0 -19046.101    0  104 -18867.000 -19046.101  0.95%     -    0s
     0     0 -19046.101    0  107 -18867.000 -19046.101  0.95%     -    0s
     0     0 -19046.101    0  103 -18867.000 -19046.101  0.95%     -    0s
     0     0 -19046.101    0  119 -18867.000 -19046.101  0.95%     -    0s
H    0     0                    -18878.00000 -19046.101  0.89%     -    0s
     0     0 -19046.101    0  117 -18878.000 -19046.101  0.89%     -    0s
     0     0 -19044.759    0  102 -18878.000 -19044.759  0.88%     -    0s
     0     0 -19044.426    0  108 -18878.000 -19044.426  0.88%     -    0s
     0     0 -19043.459    0   92 -18878.000 -19043.459  0.88%     -    0s
     0     0 -19043.191    0   88 -18878.000 -19043.191  0.88%     -    0s
     0     0 -19043.006    0  112 -18878.000 -19043.006  0.87%     -    0s
     0     0 -19042.416    0   86 -18878.000 -19042.416  0.87%     -    0s
     0     0 -19038.740    0  116 -18878.000 -19038.740  0.85%     -    0s
     0     0 -19036.117    0  118 -18878.000 -19036.117  0.84%     -    0s
     0     0 -19035.921    0  121 -18878.000 -19035.921  0.84%     -    0s
     0     0 -19035.073    0  136 -18878.000 -19035.073  0.83%     -    0s
     0     0 -19035.073    0  130 -18878.000 -19035.073  0.83%     -    0s
     0     2 -19035.073    0  130 -18878.000 -19035.073  0.83%     -    0s
H  116    80                    -18925.00000 -19027.087  0.54%  22.6    0s

Cutting planes:
  Gomory: 7
  Cover: 76
  Clique: 25
  MIR: 51
  StrongCG: 23

Explored 1074 nodes (26717 simplex iterations) in 0.68 seconds (0.50 work units)
Thread count was 4 (of 56 available processors)

Solution count 10: -18925 -18878 -18867 ... 0
No other solutions better than -18925

Optimal solution found (tolerance 1.00e-04)
Best objective -1.892500000000e+04, best bound -1.892500000000e+04, gap 0.0000%
