
Gurobi 9.5.0 (linux64) logging started Sat Jun 18 18:48:25 2022

Set parameter LogFile to value "/local_workspace/chenrui/LogFiles/MKAP/new0U_R25_M20_N200_seed2_DWcutsCTp1_600.log"
Gurobi Optimizer version 9.5.0 build v9.5.0rc5 (linux64)
Thread count: 56 physical cores, 56 logical processors, using up to 4 threads
Optimize a model with 1675 rows, 4500 columns and 17304 nonzeros
Model fingerprint: 0xbdbc8450
Variable types: 0 continuous, 4500 integer (4500 binary)
Coefficient statistics:
  Matrix range     [1e-13, 6e+03]
  Objective range  [2e+00, 1e+03]
  Bounds range     [1e+00, 1e+00]
  RHS range        [1e-05, 1e+00]
Warning: Model contains large matrix coefficient range
         Consider reformulating model or setting NumericFocus parameter
         to avoid numerical issues.
Found heuristic solution: objective 0.0000000
Presolve removed 92 rows and 534 columns
Presolve time: 0.04s
Presolved: 1583 rows, 3966 columns, 14962 nonzeros
Found heuristic solution: objective -8164.000000
Variable types: 0 continuous, 3966 integer (3966 binary)

Root relaxation: objective -7.190503e+04, 9167 iterations, 0.35 seconds (0.33 work units)

    Nodes    |    Current Node    |     Objective Bounds      |     Work
 Expl Unexpl |  Obj  Depth IntInf | Incumbent    BestBd   Gap | It/Node Time

     0     0 -71905.031    0  276 -8164.0000 -71905.031   781%     -    0s
H    0     0                    -55918.00000 -71905.031  28.6%     -    0s
H    0     0                    -56060.00000 -71905.031  28.3%     -    0s
H    0     0                    -62070.00000 -71905.031  15.8%     -    0s
H    0     0                    -67731.00000 -71905.031  6.16%     -    0s
H    0     0                    -67761.00000 -71905.030  6.12%     -    0s
H    0     0                    -70674.00002 -71905.030  1.74%     -    0s
     0     0 -71905.030    0  256 -70674.000 -71905.030  1.74%     -    0s
     0     0 -71905.030    0  202 -70674.000 -71905.030  1.74%     -    0s
H    0     0                    -71124.00000 -71905.030  1.10%     -    0s
     0     0 -71905.029    0  215 -71124.000 -71905.029  1.10%     -    0s
H    0     0                    -71361.00000 -71905.029  0.76%     -    0s
     0     0 -71905.029    0  121 -71361.000 -71905.029  0.76%     -    0s
     0     0 -71905.029    0  238 -71361.000 -71905.029  0.76%     -    1s
     0     0 -71905.023    0  178 -71361.000 -71905.023  0.76%     -    1s
     0     0 -71905.023    0  125 -71361.000 -71905.023  0.76%     -    1s
     0     0 -71905.023    0  145 -71361.000 -71905.023  0.76%     -    1s
     0     0 -71905.022    0  235 -71361.000 -71905.022  0.76%     -    1s
     0     0 -71901.451    0  156 -71361.000 -71901.451  0.76%     -    1s
H    0     0                    -71374.00000 -71901.451  0.74%     -    1s
     0     0 -71900.051    0  147 -71374.000 -71900.051  0.74%     -    1s
     0     0 -71900.051    0   91 -71374.000 -71900.051  0.74%     -    1s
     0     0 -71898.108    0  150 -71374.000 -71898.108  0.73%     -    1s
     0     0 -71897.988    0  169 -71374.000 -71897.988  0.73%     -    1s
     0     0 -71897.789    0  176 -71374.000 -71897.789  0.73%     -    1s
     0     0 -71897.644    0  173 -71374.000 -71897.644  0.73%     -    1s
     0     0 -71897.644    0  173 -71374.000 -71897.644  0.73%     -    1s
     0     0 -71895.371    0  194 -71374.000 -71895.371  0.73%     -    1s
     0     0 -71894.535    0  213 -71374.000 -71894.535  0.73%     -    1s
     0     0 -71894.107    0  177 -71374.000 -71894.107  0.73%     -    1s
     0     0 -71894.107    0  181 -71374.000 -71894.107  0.73%     -    1s
     0     0 -71893.989    0  145 -71374.000 -71893.989  0.73%     -    1s
H    0     0                    -71747.00000 -71893.989  0.20%     -    1s
     0     0 -71892.883    0   93 -71747.000 -71892.883  0.20%     -    1s
     0     0 -71891.138    0  125 -71747.000 -71891.138  0.20%     -    1s
     0     0 -71891.138    0   55 -71747.000 -71891.138  0.20%     -    1s
     0     0 -71888.210    0  110 -71747.000 -71888.210  0.20%     -    1s
     0     0 -71880.922    0  125 -71747.000 -71880.922  0.19%     -    1s
     0     0 -71879.509    0   95 -71747.000 -71879.509  0.18%     -    1s
     0     0 -71879.338    0   95 -71747.000 -71879.338  0.18%     -    1s
     0     0 -71879.283    0   95 -71747.000 -71879.283  0.18%     -    1s
     0     0 -71879.283    0   97 -71747.000 -71879.283  0.18%     -    1s
     0     0 -71867.623    0  116 -71747.000 -71867.623  0.17%     -    1s
     0     0 -71867.623    0   58 -71747.000 -71867.623  0.17%     -    2s
     0     0 -71867.623    0   65 -71747.000 -71867.623  0.17%     -    2s
     0     0 -71853.076    0  106 -71747.000 -71853.076  0.15%     -    2s
     0     0 -71852.865    0   86 -71747.000 -71852.865  0.15%     -    2s
     0     0 -71852.865    0   87 -71747.000 -71852.865  0.15%     -    2s
     0     0 -71845.090    0   71 -71747.000 -71845.090  0.14%     -    2s
     0     0 -71844.447    0  109 -71747.000 -71844.447  0.14%     -    2s
     0     0 -71844.422    0  109 -71747.000 -71844.422  0.14%     -    2s
     0     0 -71844.422    0  111 -71747.000 -71844.422  0.14%     -    2s
     0     0 -71843.399    0   96 -71747.000 -71843.399  0.13%     -    2s
     0     0 -71843.399    0   59 -71747.000 -71843.399  0.13%     -    2s
H    0     0                    -71755.00000 -71843.399  0.12%     -    2s
     0     0 -71839.551    0   75 -71755.000 -71839.551  0.12%     -    2s
     0     0 -71836.599    0   72 -71755.000 -71836.599  0.11%     -    2s
     0     0 -71830.606    0   72 -71755.000 -71830.606  0.11%     -    2s
     0     0 -71830.574    0   81 -71755.000 -71830.574  0.11%     -    2s
     0     0 -71830.530    0   74 -71755.000 -71830.530  0.11%     -    2s
     0     0 -71830.516    0   79 -71755.000 -71830.516  0.11%     -    2s
     0     0 -71818.728    0   75 -71755.000 -71818.728  0.09%     -    2s
     0     0 -71818.728    0   47 -71755.000 -71818.728  0.09%     -    2s
H    0     0                    -71760.00001 -71818.728  0.08%     -    2s
H    0     0                    -71793.00011 -71818.728  0.04%     -    2s
     0     0 -71802.258    0   65 -71793.000 -71802.258  0.01%     -    2s
     0     0 -71802.258    0   29 -71793.000 -71802.258  0.01%     -    2s

Cutting planes:
  Cover: 6
  Clique: 6
  MIR: 1
  StrongCG: 2

Explored 1 nodes (28369 simplex iterations) in 2.21 seconds (1.62 work units)
Thread count was 4 (of 56 available processors)

Solution count 10: -71793 -71760 -71755 ... -70674

Optimal solution found (tolerance 1.00e-04)
Warning: max constraint violation (8.1726e-06) exceeds tolerance
Best objective -7.179300013604e+04, best bound -7.179700000000e+04, gap 0.0056%
