
Gurobi 9.5.0 (linux64) logging started Thu Apr 14 16:12:26 2022

Set parameter LogFile to value "/local_workspace/chenrui/LogFiles/MKAP/new0U_R20_M40_N50_seed1_DWcutsT1_600.log"
Gurobi Optimizer version 9.5.0 build v9.5.0rc5 (linux64)
Thread count: 56 physical cores, 56 logical processors, using up to 4 threads
Optimize a model with 2490 rows, 2800 columns and 8933 nonzeros
Model fingerprint: 0xb79a3354
Variable types: 0 continuous, 2800 integer (2800 binary)
Coefficient statistics:
  Matrix range     [2e-06, 1e+03]
  Objective range  [1e+01, 1e+03]
  Bounds range     [1e+00, 1e+00]
  RHS range        [2e-06, 1e+02]
Found heuristic solution: objective -6054.000000
Presolve removed 2254 rows and 2148 columns
Presolve time: 0.01s
Presolved: 236 rows, 652 columns, 1390 nonzeros
Found heuristic solution: objective -22459.00000
Variable types: 0 continuous, 652 integer (652 binary)

Root relaxation: cutoff, 0 iterations, 0.00 seconds (0.00 work units)

Explored 1 nodes (0 simplex iterations) in 0.02 seconds (0.01 work units)
Thread count was 4 (of 56 available processors)

Solution count 2: -22459 -6054 
No other solutions better than -22459

Optimal solution found (tolerance 1.00e-04)
Best objective -2.245900000000e+04, best bound -2.245900000000e+04, gap 0.0000%
