
Gurobi 9.5.0 (linux64) logging started Mon Jun 20 11:55:28 2022

Set parameter LogFile to value "/local_workspace/chenrui/LogFiles/MKAP/new0U_R25_M30_N100_seed6_DWcutsCTp1_600.log"
Gurobi Optimizer version 9.5.0 build v9.5.0rc5 (linux64)
Thread count: 56 physical cores, 56 logical processors, using up to 4 threads
Optimize a model with 2149 rows, 3750 columns and 12655 nonzeros
Model fingerprint: 0xe586f3b0
Variable types: 0 continuous, 3750 integer (3750 binary)
Coefficient statistics:
  Matrix range     [1e-13, 2e+03]
  Objective range  [1e+01, 1e+03]
  Bounds range     [1e+00, 1e+00]
  RHS range        [1e-05, 1e+00]
Warning: Model contains large matrix coefficient range
         Consider reformulating model or setting NumericFocus parameter
         to avoid numerical issues.
Found heuristic solution: objective 0.0000000
Presolve removed 480 rows and 843 columns
Presolve time: 0.04s
Presolved: 1669 rows, 2907 columns, 9400 nonzeros
Found heuristic solution: objective -20461.00000
Variable types: 0 continuous, 2907 integer (2907 binary)

Root relaxation: objective -3.857677e+04, 5476 iterations, 0.12 seconds (0.11 work units)

    Nodes    |    Current Node    |     Objective Bounds      |     Work
 Expl Unexpl |  Obj  Depth IntInf | Incumbent    BestBd   Gap | It/Node Time

     0     0 -38576.771    0  253 -20461.000 -38576.771  88.5%     -    0s
H    0     0                    -37397.00000 -38576.771  3.15%     -    0s
H    0     0                    -37949.00000 -38576.771  1.65%     -    0s
H    0     0                    -38181.00000 -38576.771  1.04%     -    0s
     0     0 -38576.361    0  260 -38181.000 -38576.361  1.04%     -    0s
H    0     0                    -38317.00003 -38576.361  0.68%     -    0s
     0     0 -38571.629    0  258 -38317.000 -38571.629  0.66%     -    0s
     0     0 -38571.629    0  229 -38317.000 -38571.629  0.66%     -    0s
H    0     0                    -38409.00002 -38571.629  0.42%     -    0s
     0     0 -38550.084    0  228 -38409.000 -38550.084  0.37%     -    0s
     0     0 -38550.084    0  167 -38409.000 -38550.084  0.37%     -    0s
     0     0 -38550.050    0  167 -38409.000 -38550.050  0.37%     -    0s
     0     0 -38545.050    0  152 -38409.000 -38545.050  0.35%     -    0s
     0     0 -38545.050    0  152 -38409.000 -38545.050  0.35%     -    0s
H    0     0                    -38479.00021 -38545.050  0.17%     -    0s
     0     0 -38545.030    0   95 -38479.000 -38545.030  0.17%     -    0s
     0     0 -38545.030    0   97 -38479.000 -38545.030  0.17%     -    0s
     0     0 -38529.045    0   97 -38479.000 -38529.045  0.13%     -    0s
     0     0 -38529.045    0   87 -38479.000 -38529.045  0.13%     -    0s
     0     0 -38529.045    0   93 -38479.000 -38529.045  0.13%     -    0s
     0     0 -38529.045    0   93 -38479.000 -38529.045  0.13%     -    0s
     0     0 -38527.370    0   98 -38479.000 -38527.370  0.13%     -    0s
H    0     0                    -38487.00002 -38518.622  0.08%     -    0s
     0     0 -38518.622    0  100 -38487.000 -38518.622  0.08%     -    0s
     0     0 -38487.000    0   90 -38487.000 -38487.000  0.00%     -    0s

Cutting planes:
  Clique: 7
  StrongCG: 1
  Zero half: 4

Explored 1 nodes (13031 simplex iterations) in 0.73 seconds (0.48 work units)
Thread count was 4 (of 56 available processors)

Solution count 9: -38487 -38479 -38409 ... 0
No other solutions better than -38487

Optimal solution found (tolerance 1.00e-04)
Warning: max constraint violation (4.4045e-06) exceeds tolerance
Best objective -3.848700001711e+04, best bound -3.848700001711e+04, gap 0.0000%
