
Gurobi 9.5.0 (linux64) logging started Fri Apr 29 23:21:25 2022

Set parameter LogFile to value "/local_workspace/chenrui/LogFiles/MKAP/new0U_R25_M20_N300_seed4_DWcutsCT6_600.log"
Gurobi Optimizer version 9.5.0 build v9.5.0rc5 (linux64)
Thread count: 56 physical cores, 56 logical processors, using up to 4 threads
Optimize a model with 27520 rows, 6500 columns and 334393 nonzeros
Model fingerprint: 0xc88be044
Variable types: 0 continuous, 6500 integer (6500 binary)
Coefficient statistics:
  Matrix range     [1e-13, 2e+04]
  Objective range  [2e+00, 1e+03]
  Bounds range     [1e+00, 1e+00]
  RHS range        [1e-16, 1e+00]
Warning: Model contains large matrix coefficient range
         Consider reformulating model or setting NumericFocus parameter
         to avoid numerical issues.
Found heuristic solution: objective 0.0000000
Presolve removed 6195 rows and 297 columns
Presolve time: 0.76s
Presolved: 21325 rows, 6203 columns, 180435 nonzeros
Variable types: 0 continuous, 6203 integer (6203 binary)
Found heuristic solution: objective -5469.000000

Root simplex log...

Iteration    Objective       Primal Inf.    Dual Inf.      Time
   12238   -1.1866549e+05   1.990650e+05   0.000000e+00      5s
   17069   -1.1033100e+05   0.000000e+00   0.000000e+00      7s

Root relaxation: objective -1.103310e+05, 17069 iterations, 6.38 seconds (12.19 work units)

    Nodes    |    Current Node    |     Objective Bounds      |     Work
 Expl Unexpl |  Obj  Depth IntInf | Incumbent    BestBd   Gap | It/Node Time

*    0     0               0    -110331.0000 -110331.00  0.00%     -    7s

Explored 1 nodes (17069 simplex iterations) in 7.21 seconds (13.21 work units)
Thread count was 4 (of 56 available processors)

Solution count 3: -110331 -5469 0 
No other solutions better than -110331

Optimal solution found (tolerance 1.00e-04)
Best objective -1.103309999999e+05, best bound -1.103309999999e+05, gap 0.0000%
