
Gurobi 9.5.0 (linux64) logging started Mon Jun 20 11:48:30 2022

Set parameter LogFile to value "/local_workspace/chenrui/LogFiles/MKAP/new0U_R25_M20_N100_seed6_DWcutsCTp2_600.log"
Gurobi Optimizer version 9.5.0 build v9.5.0rc5 (linux64)
Thread count: 56 physical cores, 56 logical processors, using up to 4 threads
Optimize a model with 2082 rows, 2500 columns and 9960 nonzeros
Model fingerprint: 0xdb4a2f91
Variable types: 0 continuous, 2500 integer (2500 binary)
Coefficient statistics:
  Matrix range     [1e-13, 4e+03]
  Objective range  [1e+01, 1e+03]
  Bounds range     [1e+00, 1e+00]
  RHS range        [1e-05, 1e+00]
Warning: Model contains large matrix coefficient range
         Consider reformulating model or setting NumericFocus parameter
         to avoid numerical issues.
Found heuristic solution: objective 0.0000000
Presolve removed 359 rows and 198 columns
Presolve time: 0.03s
Presolved: 1723 rows, 2302 columns, 7819 nonzeros
Found heuristic solution: objective -11584.00000
Variable types: 0 continuous, 2302 integer (2302 binary)

Root relaxation: objective -3.677658e+04, 5110 iterations, 0.10 seconds (0.09 work units)

    Nodes    |    Current Node    |     Objective Bounds      |     Work
 Expl Unexpl |  Obj  Depth IntInf | Incumbent    BestBd   Gap | It/Node Time

     0     0 -36776.580    0  170 -11584.000 -36776.580   217%     -    0s
H    0     0                    -35725.00000 -36776.580  2.94%     -    0s
H    0     0                    -36554.00000 -36776.580  0.61%     -    0s
H    0     0                    -36767.00000 -36776.580  0.03%     -    0s
     0     0     cutoff    0      -36767.000 -36767.000  0.00%     -    0s

Cutting planes:
  Gomory: 3

Explored 1 nodes (5129 simplex iterations) in 0.18 seconds (0.14 work units)
Thread count was 4 (of 56 available processors)

Solution count 5: -36767 -36554 -35725 ... 0
No other solutions better than -36767

Optimal solution found (tolerance 1.00e-04)
Best objective -3.676700000000e+04, best bound -3.676700000000e+04, gap 0.0000%
