
Gurobi 9.5.0 (linux64) logging started Tue May  3 16:11:28 2022

Set parameter LogFile to value "/local_workspace/chenrui/LogFiles/MKAP/new0U_R5_M30_N50_seed5_objLB_600.log"
Gurobi Optimizer version 9.5.0 build v9.5.0rc5 (linux64)
Thread count: 56 physical cores, 56 logical processors, using up to 4 threads
Optimize a model with 231 rows, 1650 columns and 4800 nonzeros
Model fingerprint: 0xa4f4a8c8
Variable types: 0 continuous, 1650 integer (1650 binary)
Coefficient statistics:
  Matrix range     [1e+00, 1e+03]
  Objective range  [4e+00, 1e+03]
  Bounds range     [1e+00, 1e+00]
  RHS range        [1e+00, 2e+04]
Found heuristic solution: objective 0.0000000
Presolve removed 85 rows and 920 columns
Presolve time: 0.01s
Presolved: 146 rows, 730 columns, 2112 nonzeros
Variable types: 0 continuous, 730 integer (730 binary)
Found heuristic solution: objective -17108.00000

Root relaxation: objective -1.845500e+04, 301 iterations, 0.00 seconds (0.00 work units)

    Nodes    |    Current Node    |     Objective Bounds      |     Work
 Expl Unexpl |  Obj  Depth IntInf | Incumbent    BestBd   Gap | It/Node Time

     0     0 -18455.000    0   42 -17108.000 -18455.000  7.87%     -    0s
H    0     0                    -18283.00000 -18455.000  0.94%     -    0s
H    0     0                    -18388.00000 -18455.000  0.36%     -    0s
     0     0 -18455.000    0   29 -18388.000 -18455.000  0.36%     -    0s
H    0     0                    -18455.00000 -18455.000  0.00%     -    0s
     0     0 -18455.000    0   29 -18455.000 -18455.000  0.00%     -    0s

Cutting planes:
  Gomory: 13
  Cover: 19
  Clique: 13
  MIR: 12
  StrongCG: 5
  GUB cover: 1
  RLT: 1

Explored 1 nodes (550 simplex iterations) in 0.04 seconds (0.02 work units)
Thread count was 4 (of 56 available processors)

Solution count 5: -18455 -18388 -18283 ... 0
No other solutions better than -18455

Optimal solution found (tolerance 1.00e-04)
Best objective -1.845500000000e+04, best bound -1.845500000000e+04, gap 0.0000%
