
Gurobi 9.5.0 (linux64) logging started Tue May  3 13:37:57 2022

Set parameter LogFile to value "/local_workspace/chenrui/LogFiles/MKAP/new0U_R10_M40_N100_seed7_DWcutsCT1_600.log"
Gurobi Optimizer version 9.5.0 build v9.5.0rc5 (linux64)
Thread count: 56 physical cores, 56 logical processors, using up to 4 threads
Optimize a model with 1272 rows, 4400 columns and 16064 nonzeros
Model fingerprint: 0xc07474b9
Variable types: 0 continuous, 4400 integer (4400 binary)
Coefficient statistics:
  Matrix range     [1e-13, 1e+03]
  Objective range  [4e+01, 1e+03]
  Bounds range     [1e+00, 1e+00]
  RHS range        [1e-14, 1e+00]
Warning: Model contains large matrix coefficient range
         Consider reformulating model or setting NumericFocus parameter
         to avoid numerical issues.
Found heuristic solution: objective 0.0000000
Presolve removed 194 rows and 1626 columns
Presolve time: 0.04s
Presolved: 1078 rows, 2774 columns, 10061 nonzeros
Found heuristic solution: objective -13793.00000
Variable types: 0 continuous, 2774 integer (2774 binary)

Root relaxation: objective -4.039144e+04, 4298 iterations, 0.15 seconds (0.15 work units)

    Nodes    |    Current Node    |     Objective Bounds      |     Work
 Expl Unexpl |  Obj  Depth IntInf | Incumbent    BestBd   Gap | It/Node Time

     0     0 -40391.439    0  161 -13793.000 -40391.439   193%     -    0s
H    0     0                    -39052.00000 -40391.439  3.43%     -    0s
H    0     0                    -39184.00000 -40391.439  3.08%     -    0s
H    0     0                    -39414.00000 -40391.439  2.48%     -    0s
H    0     0                    -39762.00000 -40391.439  1.58%     -    0s
     0     0 -40391.439    0  218 -39762.000 -40391.439  1.58%     -    0s
H    0     0                    -39863.00000 -40391.439  1.33%     -    0s
     0     0 -40391.439    0  216 -39863.000 -40391.439  1.33%     -    0s
     0     0 -40391.439    0  240 -39863.000 -40391.439  1.33%     -    0s
     0     0 -40391.439    0  229 -39863.000 -40391.439  1.33%     -    0s
     0     0 -40391.439    0  229 -39863.000 -40391.439  1.33%     -    0s
     0     0 -40391.439    0  246 -39863.000 -40391.439  1.33%     -    0s
     0     0 -40391.439    0  240 -39863.000 -40391.439  1.33%     -    0s
     0     0 -40391.439    0  216 -39863.000 -40391.439  1.33%     -    1s
     0     2 -40391.439    0  216 -39863.000 -40391.439  1.33%     -    1s
H   30    35                    -39946.00000 -40391.271  1.11%   189    2s
H   31    35                    -39964.00000 -40391.271  1.07%   186    2s
H  252   292                    -40070.00000 -40391.271  0.80%  92.0    3s
H  882   802                    -40142.00000 -40391.271  0.62%  51.9    4s
   986   960 -40374.218   30  122 -40142.000 -40391.172  0.62%  56.6    5s
  1165  1069 -40378.811   24  243 -40142.000 -40391.078  0.62%  76.5   10s
H 1355  1134                    -40143.00000 -40391.078  0.62%  85.2   11s
H 1358  1086                    -40205.00000 -40391.078  0.46%  85.3   11s
H 1517  1114                    -40206.00000 -40391.078  0.46%  85.3   12s
H 1725  1162                    -40289.00000 -40391.078  0.25%  85.5   13s
  2524  1436 -40329.563   47  133 -40289.000 -40390.760  0.25%  80.9   15s
  4627  2957 -40365.915   21  138 -40289.000 -40389.433  0.25%  75.3   20s
  7795  5313 -40348.380   52  167 -40289.000 -40388.721  0.25%  70.3   26s
 10408  7076 -40358.150   74  216 -40289.000 -40388.127  0.25%  69.0   30s
 10425  7092 -40388.127   22  217 -40289.000 -40388.127  0.25%  69.8   35s
H10771  6841                    -40354.00000 -40388.127  0.08%  71.4   39s
 10897  6814 infeasible   80      -40354.000 -40388.127  0.08%  71.5   40s
 15348  8496 -40374.418   54   98 -40354.000 -40385.215  0.08%  67.7   45s
 20254  9656 -40377.281   41  156 -40354.000 -40383.608  0.07%  66.4   50s
 21067  9443 -40379.124   44  188 -40354.000 -40383.365  0.07%  66.3   55s
 23680 10348 -40355.382   57   97 -40354.000 -40383.365  0.07%  66.4   60s
 29254 11595     cutoff   49      -40354.000 -40380.000  0.06%  64.7   65s
 31928 13139 -40372.562   65  139 -40354.000 -40378.914  0.06%  64.5   71s
 39782 13327 -40363.495   61  136 -40354.000 -40377.049  0.06%  62.9   75s
 41841 13307 -40361.076   69  216 -40354.000 -40376.686  0.06%  62.6   86s
 41870 13330 -40376.686   46  218 -40354.000 -40376.686  0.06%  62.7   90s
 42009 13346 -40362.713   68  153 -40354.000 -40376.686  0.06%  62.9   95s
 44631 13836 -40360.758   63  177 -40354.000 -40372.721  0.05%  63.0  100s
 48697 13809 -40366.396   65  104 -40354.000 -40369.105  0.04%  63.0  105s
 54137 12627 -40363.398   65  169 -40354.000 -40365.788  0.03%  63.0  110s
 58804 11240 -40357.987   85  164 -40354.000 -40363.782  0.02%  62.7  115s
 65833  7875 -40357.342   79  124 -40354.000 -40360.752  0.02%  61.8  120s

Cutting planes:
  Cover: 99
  Clique: 14
  MIR: 24
  StrongCG: 3
  Flow cover: 41
  Zero half: 14
  RLT: 4

Explored 69429 nodes (4254049 simplex iterations) in 122.41 seconds (193.59 work units)
Thread count was 4 (of 56 available processors)

Solution count 10: -40354 -40289 -40206 ... -39863

Optimal solution found (tolerance 1.00e-04)
Best objective -4.035400000000e+04, best bound -4.035800000000e+04, gap 0.0099%
