
Gurobi 9.5.0 (linux64) logging started Thu Apr 14 17:45:10 2022

Set parameter LogFile to value "/local_workspace/chenrui/LogFiles/MKAP/new0U_R20_M10_N200_seed1_DWcutsT6_600.log"
Gurobi Optimizer version 9.5.0 build v9.5.0rc5 (linux64)
Thread count: 56 physical cores, 56 logical processors, using up to 4 threads
Optimize a model with 13182 rows, 2200 columns and 132624 nonzeros
Model fingerprint: 0xaffb5982
Variable types: 0 continuous, 2200 integer (2200 binary)
Coefficient statistics:
  Matrix range     [1e-13, 2e+04]
  Objective range  [6e+00, 1e+03]
  Bounds range     [1e+00, 1e+00]
  RHS range        [1e-11, 2e+03]
Warning: Model contains large matrix coefficient range
         Consider reformulating model or setting NumericFocus parameter
         to avoid numerical issues.
Found heuristic solution: objective 0.0000000
Presolve removed 5416 rows and 0 columns
Presolve time: 0.54s
Presolved: 7766 rows, 2200 columns, 50282 nonzeros
Variable types: 0 continuous, 2200 integer (2200 binary)
Found heuristic solution: objective -4874.000000

Root relaxation: objective -5.487900e+04, 7357 iterations, 0.97 seconds (1.40 work units)

    Nodes    |    Current Node    |     Objective Bounds      |     Work
 Expl Unexpl |  Obj  Depth IntInf | Incumbent    BestBd   Gap | It/Node Time

*    0     0               0    -54879.00000 -54879.000  0.00%     -    1s

Explored 1 nodes (7357 simplex iterations) in 1.55 seconds (1.93 work units)
Thread count was 4 (of 56 available processors)

Solution count 3: -54879 -4874 0 
No other solutions better than -54879

Optimal solution found (tolerance 1.00e-04)
Best objective -5.487900000000e+04, best bound -5.487900000000e+04, gap 0.0000%
