
Gurobi 9.5.0 (linux64) logging started Fri Apr 29 22:45:15 2022

Set parameter LogFile to value "/local_workspace/chenrui/LogFiles/MKAP/new0U_R25_M20_N200_seed4_DWcutsCT1_600.log"
Gurobi Optimizer version 9.5.0 build v9.5.0rc5 (linux64)
Thread count: 56 physical cores, 56 logical processors, using up to 4 threads
Optimize a model with 1691 rows, 4500 columns and 17593 nonzeros
Model fingerprint: 0x4f87c9dd
Variable types: 0 continuous, 4500 integer (4500 binary)
Coefficient statistics:
  Matrix range     [1e-13, 4e+03]
  Objective range  [4e+00, 1e+03]
  Bounds range     [1e+00, 1e+00]
  RHS range        [1e-13, 1e+00]
Warning: Model contains large matrix coefficient range
         Consider reformulating model or setting NumericFocus parameter
         to avoid numerical issues.
Found heuristic solution: objective 0.0000000
Presolve removed 53 rows and 276 columns
Presolve time: 0.04s
Presolved: 1638 rows, 4224 columns, 15973 nonzeros
Variable types: 0 continuous, 4224 integer (4224 binary)
Found heuristic solution: objective -5046.000000

Root relaxation: objective -7.214201e+04, 8834 iterations, 0.34 seconds (0.30 work units)

    Nodes    |    Current Node    |     Objective Bounds      |     Work
 Expl Unexpl |  Obj  Depth IntInf | Incumbent    BestBd   Gap | It/Node Time

     0     0 -72142.010    0  229 -5046.0000 -72142.010  1330%     -    0s
H    0     0                    -47373.00000 -72142.010  52.3%     -    0s
H    0     0                    -59038.00000 -72142.010  22.2%     -    0s
H    0     0                    -65976.00000 -72142.010  9.35%     -    0s
H    0     0                    -68436.00000 -72142.010  5.42%     -    0s
H    0     0                    -68876.00000 -72142.010  4.74%     -    0s
     0     0 -72142.010    0  189 -68876.000 -72142.010  4.74%     -    0s
H    0     0                    -69048.00000 -72142.010  4.48%     -    0s
H    0     0                    -70697.00000 -72142.010  2.04%     -    0s
     0     0 -72142.010    0  173 -70697.000 -72142.010  2.04%     -    0s
H    0     0                    -71125.00000 -72142.010  1.43%     -    0s
     0     0 -72142.010    0  115 -71125.000 -72142.010  1.43%     -    0s
H    0     0                    -71244.00000 -72142.010  1.26%     -    0s
H    0     0                    -71440.00000 -72142.010  0.98%     -    0s
H    0     0                    -71568.00000 -72142.010  0.80%     -    0s
     0     0 -72142.010    0  153 -71568.000 -72142.010  0.80%     -    0s
     0     0 -72142.010    0   83 -71568.000 -72142.010  0.80%     -    1s
     0     0 -72142.010    0  177 -71568.000 -72142.010  0.80%     -    1s
H    0     0                    -71697.00000 -72142.010  0.62%     -    1s
     0     0 -72142.010    0  116 -71697.000 -72142.010  0.62%     -    1s
     0     0 -72142.010    0  136 -71697.000 -72142.010  0.62%     -    1s
     0     0 -72142.010    0   38 -71697.000 -72142.010  0.62%     -    1s
     0     0 -72142.010    0   68 -71697.000 -72142.010  0.62%     -    1s
     0     0 -72142.010    0   77 -71697.000 -72142.010  0.62%     -    1s
     0     0 -72142.010    0  100 -71697.000 -72142.010  0.62%     -    1s
H    0     0                    -71923.00000 -72142.010  0.30%     -    1s
     0     0 -72142.010    0   12 -71923.000 -72142.010  0.30%     -    1s
H    0     0                    -72096.00000 -72142.010  0.06%     -    1s
     0     0 -72142.002    0   38 -72096.000 -72142.002  0.06%     -    1s
     0     0 -72142.002    0   20 -72096.000 -72142.002  0.06%     -    1s
     0     0 -72142.002    0   24 -72096.000 -72142.002  0.06%     -    1s
H    0     0                    -72142.00000 -72142.002  0.00%     -    1s
     0     0 -72142.002    0   24 -72142.000 -72142.002  0.00%     -    1s

Explored 1 nodes (24050 simplex iterations) in 1.95 seconds (1.43 work units)
Thread count was 4 (of 56 available processors)

Solution count 10: -72142 -72096 -71977 ... -70697
No other solutions better than -72142

Optimal solution found (tolerance 1.00e-04)
Best objective -7.214200000000e+04, best bound -7.214200000000e+04, gap 0.0000%
