
Gurobi 9.5.0 (linux64) logging started Tue May  3 13:20:45 2022

Set parameter LogFile to value "/local_workspace/chenrui/LogFiles/MKAP/new0U_R5_M10_N50_seed9_DWcutsCT6_600.log"
Gurobi Optimizer version 9.5.0 build v9.5.0rc5 (linux64)
Thread count: 56 physical cores, 56 logical processors, using up to 4 threads
Optimize a model with 859 rows, 550 columns and 7520 nonzeros
Model fingerprint: 0x1032e479
Variable types: 0 continuous, 550 integer (550 binary)
Coefficient statistics:
  Matrix range     [1e-13, 4e+03]
  Objective range  [9e+00, 1e+03]
  Bounds range     [1e+00, 1e+00]
  RHS range        [1e-16, 1e+00]
Warning: Model contains large matrix coefficient range
         Consider reformulating model or setting NumericFocus parameter
         to avoid numerical issues.
Found heuristic solution: objective 0.0000000
Presolve removed 481 rows and 121 columns
Presolve time: 0.01s
Presolved: 378 rows, 429 columns, 2749 nonzeros
Found heuristic solution: objective -6040.000000
Variable types: 0 continuous, 429 integer (429 binary)

Root relaxation: objective -1.900775e+04, 676 iterations, 0.01 seconds (0.01 work units)

    Nodes    |    Current Node    |     Objective Bounds      |     Work
 Expl Unexpl |  Obj  Depth IntInf | Incumbent    BestBd   Gap | It/Node Time

     0     0 -19007.750    0   83 -6040.0000 -19007.750   215%     -    0s
H    0     0                    -18756.00000 -19007.750  1.34%     -    0s
     0     0 -18982.638    0   96 -18756.000 -18982.638  1.21%     -    0s
     0     0 -18979.060    0   98 -18756.000 -18979.060  1.19%     -    0s
H    0     0                    -18892.00000 -18971.224  0.42%     -    0s
     0     0 -18970.600    0  109 -18892.000 -18970.600  0.42%     -    0s
     0     0 -18966.589    0   98 -18892.000 -18966.589  0.39%     -    0s
     0     0 -18955.001    0  109 -18892.000 -18955.001  0.33%     -    0s
     0     0 -18954.437    0  106 -18892.000 -18954.437  0.33%     -    0s
     0     0 -18954.437    0   52 -18892.000 -18954.437  0.33%     -    0s
     0     0 -18954.437    0   93 -18892.000 -18954.437  0.33%     -    0s
     0     0 -18954.437    0   98 -18892.000 -18954.437  0.33%     -    0s
     0     0 -18954.437    0  100 -18892.000 -18954.437  0.33%     -    0s
     0     0 -18954.437    0   99 -18892.000 -18954.437  0.33%     -    0s
     0     2 -18954.437    0   98 -18892.000 -18954.437  0.33%     -    0s
H   14    11                    -18925.00000 -18954.437  0.16%  43.6    0s

Cutting planes:
  Gomory: 8
  Cover: 1
  Clique: 3
  MIR: 2
  StrongCG: 1
  Zero half: 4
  RLT: 2

Explored 56 nodes (3672 simplex iterations) in 0.34 seconds (0.27 work units)
Thread count was 4 (of 56 available processors)

Solution count 6: -18925 -18892 -18756 ... 0
No other solutions better than -18925

Optimal solution found (tolerance 1.00e-04)
Best objective -1.892499999984e+04, best bound -1.892500000000e+04, gap 0.0000%
