
Gurobi 9.5.0 (linux64) logging started Fri Apr 29 22:40:35 2022

Set parameter LogFile to value "/local_workspace/chenrui/LogFiles/MKAP/new0U_R25_M20_N200_seed8_DWcutsCT2_600.log"
Gurobi Optimizer version 9.5.0 build v9.5.0rc5 (linux64)
Thread count: 56 physical cores, 56 logical processors, using up to 4 threads
Optimize a model with 2662 rows, 4500 columns and 25764 nonzeros
Model fingerprint: 0xfb4f0dfc
Variable types: 0 continuous, 4500 integer (4500 binary)
Coefficient statistics:
  Matrix range     [1e-13, 5e+03]
  Objective range  [4e+00, 1e+03]
  Bounds range     [1e+00, 1e+00]
  RHS range        [1e-13, 1e+00]
Warning: Model contains large matrix coefficient range
         Consider reformulating model or setting NumericFocus parameter
         to avoid numerical issues.
Found heuristic solution: objective 0.0000000
Presolve removed 59 rows and 110 columns
Presolve time: 0.06s
Presolved: 2603 rows, 4390 columns, 23043 nonzeros
Variable types: 0 continuous, 4390 integer (4390 binary)
Found heuristic solution: objective -3656.000000

Root relaxation: objective -7.492502e+04, 13730 iterations, 0.95 seconds (0.92 work units)

    Nodes    |    Current Node    |     Objective Bounds      |     Work
 Expl Unexpl |  Obj  Depth IntInf | Incumbent    BestBd   Gap | It/Node Time

     0     0 -74925.015    0  281 -3656.0000 -74925.015  1949%     -    1s
H    0     0                    -65940.00000 -74925.015  13.6%     -    1s
H    0     0                    -70281.00000 -74925.015  6.61%     -    1s
H    0     0                    -73673.00000 -74925.015  1.70%     -    1s
H    0     0                    -74737.00000 -74925.015  0.25%     -    1s
     0     0 -74925.015    0  229 -74737.000 -74925.015  0.25%     -    1s
H    0     0                    -74925.00000 -74925.015  0.00%     -    1s
     0     0 -74925.015    0  229 -74925.000 -74925.015  0.00%     -    1s

Cutting planes:
  Gomory: 6
  Cover: 44
  Clique: 183
  MIR: 3
  StrongCG: 7

Explored 1 nodes (14998 simplex iterations) in 1.53 seconds (1.32 work units)
Thread count was 4 (of 56 available processors)

Solution count 7: -74925 -74737 -73673 ... 0
No other solutions better than -74925

Optimal solution found (tolerance 1.00e-04)
Best objective -7.492500000000e+04, best bound -7.492500000000e+04, gap 0.0000%
