
Gurobi 9.5.0 (linux64) logging started Tue May  3 21:32:42 2022

Set parameter LogFile to value "/local_workspace/chenrui/LogFiles/MKAP/new1W_R10_M40_N100_seed9_original_600.log"
Gurobi Optimizer version 9.5.0 build v9.5.0rc5 (linux64)
Thread count: 56 physical cores, 56 logical processors, using up to 4 threads
Optimize a model with 540 rows, 4400 columns and 8800 nonzeros
Model fingerprint: 0x0ff19277
Variable types: 0 continuous, 4400 integer (4400 binary)
Coefficient statistics:
  Matrix range     [1e+00, 1e+03]
  Objective range  [6e+01, 9e+02]
  Bounds range     [1e+00, 1e+00]
  RHS range        [1e+00, 1e+00]
Found heuristic solution: objective 0.0000000
Presolve removed 81 rows and 1681 columns
Presolve time: 0.02s
Presolved: 459 rows, 2719 columns, 5438 nonzeros
Found heuristic solution: objective -22149.00000
Variable types: 0 continuous, 2719 integer (2719 binary)

Root relaxation: objective -2.984074e+04, 1595 iterations, 0.01 seconds (0.01 work units)

    Nodes    |    Current Node    |     Objective Bounds      |     Work
 Expl Unexpl |  Obj  Depth IntInf | Incumbent    BestBd   Gap | It/Node Time

     0     0 -29840.737    0  130 -22149.000 -29840.737  34.7%     -    0s
H    0     0                    -26434.00000 -29840.737  12.9%     -    0s
H    0     0                    -27257.00000 -29840.737  9.48%     -    0s
H    0     0                    -27585.00000 -29746.570  7.84%     -    0s
     0     0 -29746.570    0  144 -27585.000 -29746.570  7.84%     -    0s
H    0     0                    -28307.00000 -29746.570  5.09%     -    0s
     0     0 -29743.234    0  144 -28307.000 -29743.234  5.07%     -    0s
     0     0 -29743.234    0  142 -28307.000 -29743.234  5.07%     -    0s
     0     0 -29743.234    0  150 -28307.000 -29743.234  5.07%     -    0s
     0     0 -29694.094    0  168 -28307.000 -29694.094  4.90%     -    0s
H    0     0                    -28540.00000 -29683.372  4.01%     -    0s
     0     0 -29683.372    0  183 -28540.000 -29683.372  4.01%     -    0s
     0     0 -29682.678    0  203 -28540.000 -29682.678  4.00%     -    0s
     0     0 -29682.673    0  205 -28540.000 -29682.673  4.00%     -    0s
     0     0 -29651.037    0  163 -28540.000 -29651.037  3.89%     -    0s
H    0     0                    -28755.00000 -29651.037  3.12%     -    0s
     0     0 -29649.632    0  164 -28755.000 -29649.632  3.11%     -    0s
     0     0 -29648.743    0  166 -28755.000 -29648.743  3.11%     -    0s
     0     0 -29594.463    0  199 -28755.000 -29594.463  2.92%     -    0s
     0     0 -29584.714    0  181 -28755.000 -29584.714  2.89%     -    0s
     0     0 -29583.584    0  179 -28755.000 -29583.584  2.88%     -    0s
     0     0 -29582.900    0  189 -28755.000 -29582.900  2.88%     -    0s
     0     0 -29582.900    0  190 -28755.000 -29582.900  2.88%     -    0s
H    0     0                    -28891.00000 -29509.813  2.14%     -    0s
     0     0 -29509.813    0  202 -28891.000 -29509.813  2.14%     -    0s
H    0     0                    -29007.00000 -29509.813  1.73%     -    0s
     0     0 -29506.905    0  203 -29007.000 -29506.905  1.72%     -    0s
     0     0 -29504.752    0  210 -29007.000 -29504.752  1.72%     -    0s
     0     0 -29504.752    0  210 -29007.000 -29504.752  1.72%     -    0s
     0     0 -29467.682    0  204 -29007.000 -29467.682  1.59%     -    0s
     0     0 -29465.011    0  182 -29007.000 -29465.011  1.58%     -    0s
     0     0 -29464.367    0  189 -29007.000 -29464.367  1.58%     -    0s
     0     0 -29464.256    0  190 -29007.000 -29464.256  1.58%     -    0s
     0     0 -29457.742    0  188 -29007.000 -29457.742  1.55%     -    0s
     0     0 -29457.480    0  179 -29007.000 -29457.480  1.55%     -    0s
     0     0 -29454.017    0  182 -29007.000 -29454.017  1.54%     -    0s
     0     0 -29454.017    0  169 -29007.000 -29454.017  1.54%     -    0s
     0     2 -29454.017    0  169 -29007.000 -29454.017  1.54%     -    0s
H   30    35                    -29141.00000 -29446.685  1.05%   111    1s
H   31    35                    -29200.00000 -29446.685  0.84%   108    1s
H   90    98                    -29212.00000 -29446.685  0.80%  73.7    1s
H   94    98                    -29284.00000 -29446.685  0.56%  73.4    1s
H  294   244                    -29294.00000 -29446.685  0.52%  53.8    1s
  1105   870 -29407.084   38  246 -29294.000 -29407.084  0.39%  39.6    5s
H 1219   901                    -29332.00000 -29397.856  0.22%  54.8    8s
H 1509   919                    -29338.00000 -29397.856  0.20%  61.5    8s
  1997  1024 -29378.351   42  138 -29338.000 -29391.837  0.18%  62.8   10s
  5218  2217 -29362.892   26  140 -29338.000 -29379.356  0.14%  62.9   15s
  8728  3597 -29360.567   52   95 -29338.000 -29373.363  0.12%  64.2   20s
 10462  4080 -29371.745   29  191 -29338.000 -29371.745  0.12%  63.9   25s
 11471  4219 -29361.089   38  175 -29338.000 -29371.745  0.12%  63.0   30s
 15656  4659 -29355.666   64   82 -29338.000 -29367.412  0.10%  57.2   35s
 22856  4056     cutoff   59      -29338.000 -29357.290  0.07%  51.8   40s
 30461  5784 -29341.179   55   96 -29338.000 -29356.984  0.06%  47.6   45s
 31450  5858 -29352.841   67   13 -29338.000 -29356.763  0.06%  47.6   51s
 37069  5437     cutoff   68      -29338.000 -29353.250  0.05%  46.5   55s
 45297  2855     cutoff   88      -29338.000 -29348.569  0.04%  44.7   60s

Cutting planes:
  Gomory: 37
  Cover: 275
  Clique: 18
  MIR: 184
  StrongCG: 103
  Flow cover: 98
  Zero half: 20
  RLT: 2

Explored 50168 nodes (2158272 simplex iterations) in 62.46 seconds (103.40 work units)
Thread count was 4 (of 56 available processors)

Solution count 10: -29338 -29332 -29294 ... -28755
No other solutions better than -29338

Optimal solution found (tolerance 1.00e-04)
Best objective -2.933800000000e+04, best bound -2.933800000000e+04, gap 0.0000%
