
Gurobi 9.5.0 (linux64) logging started Mon Jun 20 09:28:38 2022

Set parameter LogFile to value "/local_workspace/chenrui/LogFiles/MKAP/new1W_R10_M40_N50_seed4_DWcutsCTp6_600.log"
Gurobi Optimizer version 9.5.0 build v9.5.0rc5 (linux64)
Thread count: 56 physical cores, 56 logical processors, using up to 4 threads
Optimize a model with 906 rows, 2400 columns and 7278 nonzeros
Model fingerprint: 0x6f11dac8
Variable types: 0 continuous, 2400 integer (2400 binary)
Coefficient statistics:
  Matrix range     [9e-10, 1e+03]
  Objective range  [4e+01, 9e+02]
  Bounds range     [1e+00, 1e+00]
  RHS range        [1e-05, 1e+00]
Found heuristic solution: objective 0.0000000
Presolve removed 744 rows and 1668 columns
Presolve time: 0.01s
Presolved: 162 rows, 732 columns, 1532 nonzeros
Found heuristic solution: objective -8729.000000
Variable types: 0 continuous, 732 integer (732 binary)

Root relaxation: objective -9.210000e+03, 123 iterations, 0.00 seconds (0.00 work units)

    Nodes    |    Current Node    |     Objective Bounds      |     Work
 Expl Unexpl |  Obj  Depth IntInf | Incumbent    BestBd   Gap | It/Node Time

H    0     0                    -9210.000000 -204845.00  2124%     -    0s
     0     0          -    0      -9210.0000 -9210.0000  0.00%     -    0s

Explored 1 nodes (244 simplex iterations) in 0.01 seconds (0.01 work units)
Thread count was 4 (of 56 available processors)

Solution count 3: -9210 -8729 0 
No other solutions better than -9210

Optimal solution found (tolerance 1.00e-04)
Best objective -9.210000000000e+03, best bound -9.210000000000e+03, gap 0.0000%
