
Gurobi 9.5.0 (linux64) logging started Fri Apr 29 07:49:21 2022

Set parameter LogFile to value "/local_workspace/chenrui/LogFiles/MKAP/new1W_R10_M10_N300_seed10_objLB_600.log"
Gurobi Optimizer version 9.5.0 build v9.5.0rc5 (linux64)
Thread count: 56 physical cores, 56 logical processors, using up to 4 threads
Optimize a model with 411 rows, 3100 columns and 9200 nonzeros
Model fingerprint: 0xfb9f23ab
Variable types: 0 continuous, 3100 integer (3100 binary)
Coefficient statistics:
  Matrix range     [1e+00, 1e+04]
  Objective range  [8e+01, 1e+03]
  Bounds range     [1e+00, 1e+00]
  RHS range        [1e+00, 9e+04]
Found heuristic solution: objective 0.0000000
Presolve removed 10 rows and 10 columns
Presolve time: 0.01s
Presolved: 401 rows, 3090 columns, 9180 nonzeros
Variable types: 0 continuous, 3090 integer (3090 binary)
Found heuristic solution: objective -57465.00000

Root relaxation: objective -9.242800e+04, 768 iterations, 0.01 seconds (0.01 work units)

    Nodes    |    Current Node    |     Objective Bounds      |     Work
 Expl Unexpl |  Obj  Depth IntInf | Incumbent    BestBd   Gap | It/Node Time

     0     0 -92428.000    0   56 -57465.000 -92428.000  60.8%     -    0s
H    0     0                    -63102.00000 -92428.000  46.5%     -    0s
H    0     0                    -70319.00000 -92428.000  31.4%     -    0s
H    0     0                    -88245.00000 -92428.000  4.74%     -    0s
     0     0 -92428.000    0  281 -88245.000 -92428.000  4.74%     -    0s
H    0     0                    -88650.00000 -92428.000  4.26%     -    0s
     0     0 -92428.000    0  277 -88650.000 -92428.000  4.26%     -    0s
H    0     0                    -89506.00000 -92428.000  3.26%     -    0s
H    0     0                    -89531.00000 -92428.000  3.24%     -    0s
     0     0 -92428.000    0   75 -89531.000 -92428.000  3.24%     -    0s
     0     0 -92428.000    0   48 -89531.000 -92428.000  3.24%     -    0s
     0     2 -92428.000    0   44 -89531.000 -92428.000  3.24%     -    0s
H  335   444                    -90119.00000 -92428.000  2.56%  90.4    1s
H  459   554                    -90377.00000 -92428.000  2.27%  78.4    1s
H  531   522                    -91219.00000 -92428.000  1.33%  76.4    1s
H  652   734                    -91519.00000 -92428.000  0.99%  71.4    1s
H  833   723                    -91734.00000 -92428.000  0.76%  66.7    1s
H 1090   723                    -91770.00000 -92428.000  0.72%  65.2    1s
  1325   920 -92428.000   23   45 -91770.000 -92428.000  0.72%  80.5    5s
H 4930  1688                    -91972.00000 -92428.000  0.50%  38.2    7s
H 5658  1910                    -91977.00000 -92428.000  0.49%  35.8    7s
H 6903  2136                    -92016.00000 -92428.000  0.45%  33.1    7s
H 7576  2491                    -92037.00000 -92428.000  0.42%  31.4    7s
H 7838  2274                    -92071.00000 -92428.000  0.39%  30.8    7s
H 8302  2656                    -92088.00000 -92428.000  0.37%  29.6    7s
H 8303  2596                    -92096.00000 -92428.000  0.36%  29.6    7s
 21082 11651 -92128.084   75   10 -92096.000 -92428.000  0.36%  12.8   12s
 44317 25457 -92403.889   68   10 -92096.000 -92428.000  0.36%   7.0   15s
 82361 48423 -92428.000   41   11 -92096.000 -92428.000  0.36%   4.6   20s
 123809 73142 -92306.865   73    9 -92096.000 -92428.000  0.36%   3.7   25s
 167274 95335 -92362.129   60   10 -92096.000 -92428.000  0.36%   3.4   30s
 180076 102292 -92380.284   60   10 -92096.000 -92428.000  0.36%   3.3   35s
 215393 122111 -92333.993   78   14 -92096.000 -92428.000  0.36%   3.4   40s
 249038 141083 -92123.690   75   10 -92096.000 -92428.000  0.36%   3.5   45s
 286959 164968 -92193.417   70    9 -92096.000 -92428.000  0.36%   3.3   50s
 328428 188992 -92400.941   41   10 -92096.000 -92428.000  0.36%   3.1   55s
 371387 214656 -92216.685   85    8 -92096.000 -92428.000  0.36%   3.0   60s
 411956 237871 -92214.449  111   10 -92096.000 -92428.000  0.36%   2.8   65s
 455807 262876 -92146.855   81    8 -92096.000 -92428.000  0.36%   2.7   70s
 500222 287539 -92103.752   75    9 -92096.000 -92428.000  0.36%   2.6   75s
 544214 312644 -92173.629   58   10 -92096.000 -92428.000  0.36%   2.5   80s
 587131 338422 -92256.554   82    8 -92096.000 -92428.000  0.36%   2.5   85s
 622938 358195 -92290.739   65   10 -92096.000 -92428.000  0.36%   2.4   90s
 666457 384043 -92192.902   65   10 -92096.000 -92428.000  0.36%   2.4   95s
 711133 410233 -92411.282   49   10 -92096.000 -92428.000  0.36%   2.3  100s
 749624 430477 -92296.795   65   10 -92096.000 -92428.000  0.36%   2.3  105s
 764757 438479 -92271.446   72   10 -92096.000 -92428.000  0.36%   2.2  111s
 791539 452666 -92361.765   49   10 -92096.000 -92428.000  0.36%   2.2  115s
 829107 472501 -92247.664   60   10 -92096.000 -92428.000  0.36%   2.2  120s
 863739 491319 -92188.682   68   10 -92096.000 -92428.000  0.36%   2.2  125s
 903858 512639 -92162.816  103    7 -92096.000 -92428.000  0.36%   2.1  130s
 947479 535119 -92115.544   60   10 -92096.000 -92428.000  0.36%   2.1  135s
 991503 556742 -92121.049   84    9 -92096.000 -92428.000  0.36%   2.1  140s
 1035049 579276 -92373.765   59   10 -92096.000 -92428.000  0.36%   2.1  145s
 1078471 601933 -92361.830   57   10 -92096.000 -92428.000  0.36%   2.0  150s
 1121555 624537 -92353.331   70   10 -92096.000 -92428.000  0.36%   2.0  155s
 1164211 646705 -92322.249   95   10 -92096.000 -92428.000  0.36%   2.0  160s
 1207949 669941 -92188.204   91   10 -92096.000 -92428.000  0.36%   2.0  165s
 1253476 693861 -92289.935   66   10 -92096.000 -92428.000  0.36%   2.0  170s
 1296999 717267 -92117.150   89    9 -92096.000 -92428.000  0.36%   1.9  175s
 1339700 741643 -92370.617   58   10 -92096.000 -92428.000  0.36%   1.9  180s
 1380973 765762 -92241.668   69    9 -92096.000 -92428.000  0.36%   1.9  185s
 1423173 792214 -92167.399   87   10 -92096.000 -92428.000  0.36%   1.9  190s
 1463873 817139 -92360.945   64   10 -92096.000 -92428.000  0.36%   1.9  195s
 1503929 839718 -92428.000   61   11 -92096.000 -92428.000  0.36%   1.9  200s
 1547160 865702     cutoff   80      -92096.000 -92428.000  0.36%   1.9  205s
 1587466 889957 -92356.208   64   10 -92096.000 -92428.000  0.36%   1.9  210s
 1631249 915401 -92355.750   82   10 -92096.000 -92428.000  0.36%   1.9  215s
 1670001 938122 -92174.264   80    9 -92096.000 -92428.000  0.36%   1.9  220s
 1713921 963311 -92128.075   91   10 -92096.000 -92428.000  0.36%   1.9  225s
 1754988 986223 -92132.485   80   10 -92096.000 -92428.000  0.36%   1.9  230s
 1796761 1010372 -92264.664  100    9 -92096.000 -92428.000  0.36%   1.9  235s
 1837585 1033982 -92102.870   76    8 -92096.000 -92428.000  0.36%   1.9  240s
 1882009 1059833 -92423.601   56   10 -92096.000 -92428.000  0.36%   1.9  245s
 1920873 1082778 -92294.711   64   10 -92096.000 -92428.000  0.36%   1.9  250s
 1958373 1104885 -92152.086   80   10 -92096.000 -92428.000  0.36%   1.9  255s
 1996180 1126657 -92363.685   74   10 -92096.000 -92428.000  0.36%   1.9  260s
 2033046 1148225 -92144.085   69    9 -92096.000 -92428.000  0.36%   1.9  265s
 2070291 1169533 -92326.211   69   10 -92096.000 -92428.000  0.36%   1.9  270s
 2105395 1188845 -92202.830   92   10 -92096.000 -92428.000  0.36%   1.9  275s
 2142484 1208119 -92097.136   90    9 -92096.000 -92428.000  0.36%   1.9  280s
 2180340 1229442 -92351.622   74   10 -92096.000 -92428.000  0.36%   1.9  285s
 2218657 1251308 -92120.055   65    9 -92096.000 -92428.000  0.36%   1.9  290s
 2256106 1271227 -92265.930   73   10 -92096.000 -92428.000  0.36%   1.9  295s
 2295254 1292575 -92412.096   81   10 -92096.000 -92428.000  0.36%   1.9  300s
 2333240 1314304 -92405.686   71   10 -92096.000 -92428.000  0.36%   1.9  305s
 2368607 1334065 -92124.117   86    8 -92096.000 -92428.000  0.36%   1.9  310s
 2407574 1355516 -92110.869  115    8 -92096.000 -92428.000  0.36%   1.8  315s
 2444585 1375578 -92174.232   83    9 -92096.000 -92428.000  0.36%   1.8  320s
 2483172 1395593 -92174.147   79   10 -92096.000 -92428.000  0.36%   1.8  325s
 2520911 1416022 -92355.165   73   10 -92096.000 -92428.000  0.36%   1.8  330s
 2559678 1436680 -92257.405  101    9 -92096.000 -92428.000  0.36%   1.8  335s
 2597032 1456344 -92258.827   76    9 -92096.000 -92428.000  0.36%   1.8  340s
 2634011 1475608 -92153.874  109   10 -92096.000 -92428.000  0.36%   1.8  345s
 2670717 1495010 -92244.218   98   10 -92096.000 -92428.000  0.36%   1.8  350s
 2708547 1513351 -92215.044   85   10 -92096.000 -92428.000  0.36%   1.8  355s
 2742691 1530120 -92311.634   83    9 -92096.000 -92428.000  0.36%   1.8  360s
 2779428 1548203 -92266.447   72    8 -92096.000 -92428.000  0.36%   1.8  365s
 2815985 1566558 -92324.107   85    9 -92096.000 -92428.000  0.36%   1.8  370s
 2854010 1585734 -92329.602   88   10 -92096.000 -92428.000  0.36%   1.8  375s
 2891879 1603755 -92382.298   75   10 -92096.000 -92428.000  0.36%   1.8  380s
 2930148 1621764 -92330.160   85   10 -92096.000 -92428.000  0.36%   1.8  385s
 2967407 1639620 -92348.938   83   10 -92096.000 -92428.000  0.36%   1.8  390s
 3006190 1658184 -92183.454   85   10 -92096.000 -92428.000  0.36%   1.8  395s
 3042011 1675275 -92223.698   83   10 -92096.000 -92428.000  0.36%   1.8  400s
 3080474 1694477 -92377.470   87    9 -92096.000 -92428.000  0.36%   1.8  405s
 3118900 1713438     cutoff   93      -92096.000 -92428.000  0.36%   1.8  410s
 3154713 1730803 -92206.568   89   10 -92096.000 -92428.000  0.36%   1.8  415s
 3192667 1750591 -92385.427   76   10 -92096.000 -92428.000  0.36%   1.8  420s
 3229874 1769631 -92375.080   82   10 -92096.000 -92428.000  0.36%   1.8  425s
 3264275 1785851 -92282.953   82   10 -92096.000 -92428.000  0.36%   1.8  430s
 3299671 1803348 -92212.500   82   10 -92096.000 -92428.000  0.36%   1.8  435s
 3337300 1820501 -92306.723   88    9 -92096.000 -92428.000  0.36%   1.8  440s
 3374919 1837735 -92307.637   99    9 -92096.000 -92428.000  0.36%   1.8  445s
 3412795 1854753 -92372.562   83   10 -92096.000 -92428.000  0.36%   1.8  450s
 3447630 1872050 -92344.078   80   10 -92096.000 -92428.000  0.36%   1.8  455s
 3484974 1889591 -92106.949  102    9 -92096.000 -92428.000  0.36%   1.8  460s
 3521675 1906927 -92251.124  100   10 -92096.000 -92428.000  0.36%   1.8  465s
 3559789 1924796 -92099.712  103    8 -92096.000 -92428.000  0.36%   1.8  470s
 3596636 1941618 -92428.000   87   10 -92096.000 -92428.000  0.36%   1.8  475s
 3634356 1961829 -92379.177   88   10 -92096.000 -92428.000  0.36%   1.8  480s
 3669489 1979796 -92141.539  105    9 -92096.000 -92428.000  0.36%   1.8  485s
 3705310 1997198 -92265.577   94   10 -92096.000 -92428.000  0.36%   1.8  490s
 3743229 2013779 -92403.644   57   10 -92096.000 -92428.000  0.36%   1.8  495s
 3780918 2030709 -92140.423  116    9 -92096.000 -92428.000  0.36%   1.8  500s
 3816413 2048244 -92246.732   74   10 -92096.000 -92428.000  0.36%   1.8  505s
 3855237 2067523 -92176.000  120    8 -92096.000 -92428.000  0.36%   1.8  510s
 3892710 2085099 -92099.639  111   10 -92096.000 -92428.000  0.36%   1.8  515s
 3929309 2103784 -92308.759   75    9 -92096.000 -92428.000  0.36%   1.8  520s
 3965510 2122552 -92168.511   87   10 -92096.000 -92428.000  0.36%   1.8  525s
 4003331 2142689 -92235.594   91    9 -92096.000 -92428.000  0.36%   1.8  530s
 4039658 2161263 -92379.418   68   10 -92096.000 -92428.000  0.36%   1.8  535s
 4076710 2180290 -92206.216   89    9 -92096.000 -92428.000  0.36%   1.8  540s
 4112439 2197971 -92098.292   85    9 -92096.000 -92428.000  0.36%   1.8  545s
 4149958 2216658 -92140.222  101    9 -92096.000 -92428.000  0.36%   1.8  550s
 4186559 2234485 -92190.073   76   10 -92096.000 -92428.000  0.36%   1.8  555s
 4221996 2251823 -92297.848   82   10 -92096.000 -92428.000  0.36%   1.8  560s
 4257726 2269178 -92340.432   76    9 -92096.000 -92428.000  0.36%   1.8  565s
 4295146 2287877 -92123.479  101    8 -92096.000 -92428.000  0.36%   1.8  570s
 4331225 2305421 -92234.067   94    9 -92096.000 -92428.000  0.36%   1.8  575s
 4369127 2323180 -92276.257   82    9 -92096.000 -92428.000  0.36%   1.8  580s
 4405268 2340948 -92406.125   99   10 -92096.000 -92428.000  0.36%   1.8  585s
 4441601 2359242 -92231.517   96    8 -92096.000 -92428.000  0.36%   1.8  590s
 4478858 2378404 -92407.410   79   10 -92096.000 -92428.000  0.36%   1.8  595s
 4515678 2396435 -92366.850   73   10 -92096.000 -92428.000  0.36%   1.8  600s

Cutting planes:
  Cover: 87
  Clique: 367
  MIR: 4
  StrongCG: 19
  Flow cover: 28
  Zero half: 2

Explored 4515827 nodes (8336042 simplex iterations) in 600.00 seconds (880.53 work units)
Thread count was 4 (of 56 available processors)

Solution count 10: -92096 -92088 -92071 ... -91519

Time limit reached
Best objective -9.209600000000e+04, best bound -9.242799999999e+04, gap 0.3605%
