
Gurobi 9.5.0 (linux64) logging started Sat Apr 30 04:57:44 2022

Set parameter LogFile to value "/local_workspace/chenrui/LogFiles/MKAP/new1W_R25_M30_N300_seed2_DWcutsCT2_600.log"
Gurobi Optimizer version 9.5.0 build v9.5.0rc5 (linux64)
Thread count: 56 physical cores, 56 logical processors, using up to 4 threads
Optimize a model with 3877 rows, 9750 columns and 54660 nonzeros
Model fingerprint: 0x8b4900bb
Variable types: 0 continuous, 9750 integer (9750 binary)
Coefficient statistics:
  Matrix range     [1e-13, 5e+03]
  Objective range  [6e+01, 9e+02]
  Bounds range     [1e+00, 1e+00]
  RHS range        [2e-16, 1e+00]
Warning: Model contains large matrix coefficient range
         Consider reformulating model or setting NumericFocus parameter
         to avoid numerical issues.
Found heuristic solution: objective 0.0000000
Presolve removed 115 rows and 793 columns
Presolve time: 0.14s
Presolved: 3762 rows, 8957 columns, 50561 nonzeros
Found heuristic solution: objective -8484.000000
Variable types: 0 continuous, 8957 integer (8957 binary)

Root relaxation: objective -9.147862e+04, 26489 iterations, 3.37 seconds (3.58 work units)

    Nodes    |    Current Node    |     Objective Bounds      |     Work
 Expl Unexpl |  Obj  Depth IntInf | Incumbent    BestBd   Gap | It/Node Time

     0     0 -91478.617    0  344 -8484.0000 -91478.617   978%     -    4s
H    0     0                    -88051.00041 -91478.617  3.89%     -    4s
H    0     0                    -88177.00007 -91478.617  3.74%     -    4s
H    0     0                    -89182.00000 -91478.617  2.58%     -    5s
     0     0 -91478.617    0  602 -89182.000 -91478.617  2.58%     -    6s
H    0     0                    -89284.00000 -91478.617  2.46%     -    6s
H    0     0                    -89429.00000 -91478.617  2.29%     -    6s
     0     0 -91478.617    0  602 -89429.000 -91478.617  2.29%     -    6s
     0     0 -91478.617    0  455 -89429.000 -91478.617  2.29%     -    8s
     0     0 -91478.617    0  556 -89429.000 -91478.617  2.29%     -    9s
H    0     0                    -89554.00000 -91478.617  2.15%     -   10s
     0     0 -91478.617    0  432 -89554.000 -91478.617  2.15%     -   10s
     0     0 -91478.617    0  432 -89554.000 -91478.617  2.15%     -   13s
H    0     0                    -89574.00000 -91478.617  2.13%     -   15s
     0     2 -91478.617    0  350 -89574.000 -91478.617  2.13%     -   18s
     1     4 -91478.617    1  486 -89574.000 -91478.617  2.13%  3353   23s
     3     8 -91478.617    2  630 -89574.000 -91478.617  2.13%  1874   29s
     7    12 -91478.617    3  604 -89574.000 -91478.617  2.13%  1549   33s
    15    20 -91478.617    5  472 -89574.000 -91478.617  2.13%  1173   35s
H   31    36                    -89677.00000 -91478.617  2.01%   731   39s
    35    42 -91478.617   10  565 -89677.000 -91478.617  2.01%   789   41s
H   63    68                    -89734.00000 -91478.617  1.94%   632   47s
H   65    68                    -89902.00000 -91478.617  1.75%   632   47s
H   66    68                    -89966.00000 -91478.617  1.68%   645   47s
H  106   109                    -90237.00000 -91478.617  1.38%   542   53s
   124   138 -91478.615   19  482 -90237.000 -91478.617  1.38%   593   55s
H  139   142                    -90393.00000 -91478.617  1.20%   586   58s
H  141   142                    -90570.00000 -91478.617  1.00%   595   58s
   173   214 -91472.461   29  401 -90570.000 -91478.617  1.00%   587   62s
H  195   214                    -90605.00000 -91478.617  0.96%   576   62s
   252   296 -91431.471   50  433 -90605.000 -91478.617  0.96%   588   67s
   299   317 -91466.434   55  512 -90605.000 -91478.617  0.96%   602   71s
   320   385 -91466.434   58  453 -90605.000 -91478.617  0.96%   614   75s
   449   533 -91464.249   74  549 -90605.000 -91478.617  0.96%   599   81s
   542   680 -91253.400   76  498 -90605.000 -91478.617  0.96%   558   85s
   884  1110 -91443.230   95  503 -90605.000 -91478.617  0.96%   396   91s
  1363  1478 -91437.848  124  515 -90605.000 -91478.617  0.96%   289   96s
H 1569  1519                    -90629.00000 -91478.617  0.94%   268   98s
H 1599  1496                    -90682.00000 -91478.617  0.88%   267   98s
  1624  1582 -91351.084  164  445 -90682.000 -91478.617  0.88%   267  101s
  1826  1850 -91309.073  308  397 -90682.000 -91478.617  0.88%   269  107s
  1986  1994 -90924.305  404  316 -90682.000 -91478.617  0.88%   267  110s
  2144  2084 -91356.861   13  487 -90682.000 -91478.617  0.88%   267  115s
  2236  2085 -91107.178  249  432 -90682.000 -91478.617  0.88%   272  122s
  2238  2086 -91408.601   92  404 -90682.000 -91478.617  0.88%   271  128s
  2239  2087 -91125.493   93  473 -90682.000 -91478.617  0.88%   271  130s
  2244  2090 -91011.671  214  486 -90682.000 -91478.617  0.88%   271  135s
  2247  2092 -90882.320  424  392 -90682.000 -91478.617  0.88%   270  142s
  2249  2094 -91432.242   34  392 -90682.000 -91478.617  0.88%   270  157s
  2250  2097 -91478.582   12  568 -90682.000 -91478.617  0.88%   306  174s
  2252  2101 -91478.452   13  523 -90682.000 -91478.616  0.88%   307  187s
  2256  2103 -91478.410   14  504 -90682.000 -91478.616  0.88%   308  191s
  2260  2104 -91477.339   14  576 -90682.000 -91478.616  0.88%   310  195s
  2279  2118 -91478.410   17  444 -90682.000 -91478.615  0.88%   315  201s
  2301  2136 -91478.393   19  486 -90682.000 -91478.615  0.88%   323  205s
  2321  2151 -91476.790   21  515 -90682.000 -91478.615  0.88%   327  211s
  2335  2184 -91474.878   22  492 -90682.000 -91478.615  0.88%   334  215s
  2422  2239 -91472.591   32  420 -90682.000 -91478.615  0.88%   352  223s
  2469  2273     cutoff   36      -90682.000 -91478.615  0.88%   359  228s
H 2509  2155                    -90690.00000 -91478.615  0.87%   364  228s
  2523  2205 -91468.287   42  362 -90690.000 -91478.615  0.87%   363  234s
H 2565  2091                    -90719.00000 -91478.615  0.84%   372  234s
  2586  2157 -91464.525   50  411 -90719.000 -91478.615  0.84%   372  242s
  2676  2263 -91461.944   61  432 -90719.000 -91478.615  0.84%   377  248s
H 2700  2160                    -90764.00000 -91478.615  0.79%   379  248s
  2819  2207 -91087.339   73  397 -90764.000 -91478.615  0.79%   377  253s
  2908  2231 -91458.724   80  465 -90764.000 -91478.615  0.79%   377  258s
  2964  2328 -91456.621   88  414 -90764.000 -91478.615  0.79%   381  264s
  3088  2371 -91449.618  105  422 -90764.000 -91478.615  0.79%   380  271s
H 3122  2270                    -90824.00000 -91478.615  0.72%   381  271s
  3176  2376 -91449.204  122  472 -90824.000 -91478.615  0.72%   378  277s
  3304  2435 -91448.525  140  455 -90824.000 -91478.615  0.72%   377  283s
  3424  2618 -91447.722  154  417 -90824.000 -91478.615  0.72%   379  288s
  3675  2662 -91442.840  177  433 -90824.000 -91478.615  0.72%   371  293s
  3808  2664 -91439.750  196  410 -90824.000 -91478.615  0.72%   370  301s
H 3846  2557                    -90870.00000 -91478.615  0.67%   369  301s
H 3874  2465                    -90886.00000 -91478.615  0.65%   369  301s
  3875  2699 -91128.508  197  368 -90886.000 -91478.615  0.65%   369  310s
  4155  3034 -91392.026  231  352 -90886.000 -91478.615  0.65%   360  317s
  4691  2979 -91346.930  297  343 -90886.000 -91478.615  0.65%   339  323s
  4846  3128 -91174.210  340  285 -90886.000 -91478.615  0.65%   333  339s
  5131  3307     cutoff  379      -90886.000 -91478.615  0.65%   323  346s
  5639  3323 -91478.275   39  479 -90886.000 -91478.615  0.65%   307  355s
H 5647  3233                    -90901.00000 -91478.615  0.64%   307  355s
H 5698  3135                    -90910.00000 -91478.615  0.63%   307  356s
  5839  3670 -91478.275   48  426 -90910.000 -91478.615  0.63%   303  363s
  6517  3627 -91324.451   21  460 -90910.000 -91478.615  0.63%   289  373s
H 6563  3624                    -90916.00000 -91478.615  0.62%   290  373s
  6721  3911 -91230.046   26  452 -90916.000 -91478.615  0.62%   290  382s
  7057  4063 -91107.557  111  379 -90916.000 -91478.615  0.62%   292  392s
  7254  4688 -91107.151  112  407 -90916.000 -91478.544  0.62%   290  401s
  8016  5069 -91353.531   52  503 -90916.000 -91478.544  0.62%   278  412s
  8447  5490 -90932.146  165  342 -90916.000 -91478.544  0.62%   276  422s
  8938  6090 -91456.102   99  307 -90916.000 -91478.544  0.62%   274  440s
  9616  6855 -91371.579   23  420 -90916.000 -91478.544  0.62%   265  451s
 10506  7941 -91112.039  104  357 -90916.000 -91478.544  0.62%   259  468s
 11793  8452 -91321.731   27  407 -90916.000 -91478.544  0.62%   248  475s
 12377  8505 -91410.248   32  455 -90916.000 -91478.544  0.62%   245  483s
 12450  8664 -91408.583   42  327 -90916.000 -91478.544  0.62%   248  490s
 12668  8739 -91381.348   63  360 -90916.000 -91478.544  0.62%   253  499s
H12706  8499                    -90956.00000 -91478.544  0.57%   255  499s
 12754  8838 -91358.690   82  374 -90956.000 -91478.544  0.57%   257  509s
 13171  9428 -91329.842  134  316 -90956.000 -91478.544  0.57%   257  518s
 13907  9754 -91412.801   40  398 -90956.000 -91478.544  0.57%   255  530s
 14269 10679 -91390.598   61  435 -90956.000 -91478.544  0.57%   253  540s
 15501 11135 -91245.078  214  328 -90956.000 -91478.544  0.57%   245  572s
H15737 10484                    -90999.00000 -91478.544  0.53%   243  572s
 16043 10526     cutoff  402      -90999.000 -91478.530  0.53%   243  581s
H16132  9913                    -91029.00000 -91478.530  0.49%   245  581s
 16157 10136 -91454.968   51  508 -91029.000 -91478.530  0.49%   245  591s
H16313  9848                    -91044.00000 -91478.530  0.48%   244  591s
 16400  9965 -91144.618  207  291 -91044.000 -91478.511  0.48%   245  600s

Cutting planes:
  Cover: 302
  Clique: 338
  MIR: 23
  StrongCG: 18
  Flow cover: 70
  Zero half: 1
  RLT: 1

Explored 16566 nodes (4171519 simplex iterations) in 600.00 seconds (1103.65 work units)
Thread count was 4 (of 56 available processors)

Solution count 10: -91044 -91029 -90999 ... -90824

Time limit reached
Best objective -9.104400000000e+04, best bound -9.147800000000e+04, gap 0.4767%
