
Gurobi 9.5.0 (linux64) logging started Tue May  3 16:20:46 2022

Set parameter LogFile to value "/local_workspace/chenrui/LogFiles/MKAP/new1W_R10_M10_N50_seed6_objLB_600.log"
Gurobi Optimizer version 9.5.0 build v9.5.0rc5 (linux64)
Thread count: 56 physical cores, 56 logical processors, using up to 4 threads
Optimize a model with 161 rows, 600 columns and 1700 nonzeros
Model fingerprint: 0xb52a0972
Variable types: 0 continuous, 600 integer (600 binary)
Coefficient statistics:
  Matrix range     [1e+00, 3e+03]
  Objective range  [2e+01, 9e+02]
  Bounds range     [1e+00, 1e+00]
  RHS range        [1e+00, 1e+04]
Found heuristic solution: objective 0.0000000
Presolve removed 43 rows and 193 columns
Presolve time: 0.00s
Presolved: 118 rows, 407 columns, 1159 nonzeros
Variable types: 0 continuous, 407 integer (407 binary)
Found heuristic solution: objective -8726.000000

Root relaxation: objective -1.438300e+04, 206 iterations, 0.00 seconds (0.00 work units)

    Nodes    |    Current Node    |     Objective Bounds      |     Work
 Expl Unexpl |  Obj  Depth IntInf | Incumbent    BestBd   Gap | It/Node Time

     0     0 -14383.000    0   24 -8726.0000 -14383.000  64.8%     -    0s
H    0     0                    -11522.00000 -14383.000  24.8%     -    0s
H    0     0                    -12299.00000 -14383.000  16.9%     -    0s
H    0     0                    -12594.00000 -14383.000  14.2%     -    0s
     0     0 -14383.000    0   58 -12594.000 -14383.000  14.2%     -    0s
     0     0 -14383.000    0   51 -12594.000 -14383.000  14.2%     -    0s
H    0     0                    -13028.00000 -14383.000  10.4%     -    0s
     0     0 -14383.000    0   24 -13028.000 -14383.000  10.4%     -    0s
     0     0 -14383.000    0   20 -13028.000 -14383.000  10.4%     -    0s
     0     2 -14383.000    0    9 -13028.000 -14383.000  10.4%     -    0s
H   31    58                    -13092.00000 -14383.000  9.86%  45.5    0s
H   45    58                    -13356.00000 -14383.000  7.69%  43.3    0s
H  177   150                    -13689.00000 -14383.000  5.07%  24.4    0s
H  218   150                    -13806.00000 -14383.000  4.18%  29.5    0s
*  254   186              16    -13890.00000 -14383.000  3.55%  28.7    0s
H  329   214                    -13973.00000 -14383.000  2.93%  28.6    0s
H  337   214                    -14071.00000 -14383.000  2.22%  28.6    0s
H  416   214                    -14147.00000 -14383.000  1.67%  25.9    0s
H  497   217                    -14309.00000 -14383.000  0.52%  25.9    0s
H  524   217                    -14350.00000 -14383.000  0.23%  26.1    0s
*  581   204              12    -14383.00000 -14383.000  0.00%  28.2    0s

Cutting planes:
  Gomory: 10
  Cover: 107
  Clique: 44
  MIR: 25
  StrongCG: 9

Explored 610 nodes (18087 simplex iterations) in 0.20 seconds (0.19 work units)
Thread count was 4 (of 56 available processors)

Solution count 10: -14383 -14350 -14309 ... -13356
No other solutions better than -14383

Optimal solution found (tolerance 1.00e-04)
Best objective -1.438300000000e+04, best bound -1.438300000000e+04, gap 0.0000%
