
Gurobi 9.5.0 (linux64) logging started Sat Jun 18 19:50:08 2022

Set parameter LogFile to value "/local_workspace/chenrui/LogFiles/MKAP/new1W_R25_M20_N300_seed4_DWcutsCTp4_600.log"
Gurobi Optimizer version 9.5.0 build v9.5.0rc5 (linux64)
Thread count: 56 physical cores, 56 logical processors, using up to 4 threads
Optimize a model with 7355 rows, 6500 columns and 94570 nonzeros
Model fingerprint: 0x13eb6874
Variable types: 0 continuous, 6500 integer (6500 binary)
Coefficient statistics:
  Matrix range     [1e-13, 8e+03]
  Objective range  [3e+01, 9e+02]
  Bounds range     [1e+00, 1e+00]
  RHS range        [1e-05, 1e+00]
Warning: Model contains large matrix coefficient range
         Consider reformulating model or setting NumericFocus parameter
         to avoid numerical issues.
Found heuristic solution: objective 0.0000000
Presolve removed 403 rows and 835 columns
Presolve time: 0.29s
Presolved: 6952 rows, 5665 columns, 77692 nonzeros
Found heuristic solution: objective -8626.000000
Variable types: 0 continuous, 5665 integer (5665 binary)

Root relaxation: objective -8.567301e+04, 15009 iterations, 2.31 seconds (3.01 work units)

    Nodes    |    Current Node    |     Objective Bounds      |     Work
 Expl Unexpl |  Obj  Depth IntInf | Incumbent    BestBd   Gap | It/Node Time

     0     0 -85673.013    0  281 -8626.0000 -85673.013   893%     -    2s
H    0     0                    -85673.00000 -85673.013  0.00%     -    2s
     0     0 -85673.013    0  281 -85673.000 -85673.013  0.00%     -    2s

Explored 1 nodes (15014 simplex iterations) in 2.69 seconds (3.39 work units)
Thread count was 4 (of 56 available processors)

Solution count 3: -85673 -8626 0 
No other solutions better than -85673

Optimal solution found (tolerance 1.00e-04)
Best objective -8.567300000000e+04, best bound -8.567300000000e+04, gap 0.0000%
