
Gurobi 9.5.0 (linux64) logging started Thu Apr 28 15:36:40 2022

Set parameter LogFile to value "/local_workspace/chenrui/LogFiles/MKAP/new1W_R10_M10_N100_seed4_DWcutsCT2_600.log"
Gurobi Optimizer version 9.5.0 build v9.5.0rc5 (linux64)
Thread count: 56 physical cores, 56 logical processors, using up to 4 threads
Optimize a model with 578 rows, 1100 columns and 6115 nonzeros
Model fingerprint: 0x9d146f49
Variable types: 0 continuous, 1100 integer (1100 binary)
Coefficient statistics:
  Matrix range     [1e-13, 6e+03]
  Objective range  [4e+01, 9e+02]
  Bounds range     [1e+00, 1e+00]
  RHS range        [2e-07, 1e+00]
Warning: Model contains large matrix coefficient range
         Consider reformulating model or setting NumericFocus parameter
         to avoid numerical issues.
Found heuristic solution: objective 0.0000000
Presolve removed 28 rows and 115 columns
Presolve time: 0.02s
Presolved: 550 rows, 985 columns, 5545 nonzeros
Found heuristic solution: objective -4440.000000
Variable types: 0 continuous, 985 integer (985 binary)

Root relaxation: objective -2.960300e+04, 2535 iterations, 0.08 seconds (0.08 work units)

    Nodes    |    Current Node    |     Objective Bounds      |     Work
 Expl Unexpl |  Obj  Depth IntInf | Incumbent    BestBd   Gap | It/Node Time

*    0     0               0    -29603.00000 -29603.000  0.00%     -    0s

Explored 1 nodes (2535 simplex iterations) in 0.10 seconds (0.10 work units)
Thread count was 4 (of 56 available processors)

Solution count 3: -29603 -4440 0 
No other solutions better than -29603

Optimal solution found (tolerance 1.00e-04)
Best objective -2.960300000000e+04, best bound -2.960300000000e+04, gap 0.0000%

Gurobi 9.5.0 (linux64) logging started Thu Apr 28 17:34:28 2022

Set parameter LogFile to value "/local_workspace/chenrui/LogFiles/MKAP/new1W_R10_M10_N100_seed4_DWcutsCT2_600.log"
Gurobi Optimizer version 9.5.0 build v9.5.0rc5 (linux64)
Thread count: 56 physical cores, 56 logical processors, using up to 4 threads
Optimize a model with 578 rows, 1100 columns and 6115 nonzeros
Model fingerprint: 0x9d146f49
Variable types: 0 continuous, 1100 integer (1100 binary)
Coefficient statistics:
  Matrix range     [1e-13, 6e+03]
  Objective range  [4e+01, 9e+02]
  Bounds range     [1e+00, 1e+00]
  RHS range        [2e-07, 1e+00]
Warning: Model contains large matrix coefficient range
         Consider reformulating model or setting NumericFocus parameter
         to avoid numerical issues.
Found heuristic solution: objective 0.0000000
Presolve removed 28 rows and 115 columns
Presolve time: 0.02s
Presolved: 550 rows, 985 columns, 5545 nonzeros
Found heuristic solution: objective -4440.000000
Variable types: 0 continuous, 985 integer (985 binary)

Root relaxation: objective -2.960300e+04, 2535 iterations, 0.08 seconds (0.08 work units)

    Nodes    |    Current Node    |     Objective Bounds      |     Work
 Expl Unexpl |  Obj  Depth IntInf | Incumbent    BestBd   Gap | It/Node Time

*    0     0               0    -29603.00000 -29603.000  0.00%     -    0s

Explored 1 nodes (2535 simplex iterations) in 0.10 seconds (0.10 work units)
Thread count was 4 (of 56 available processors)

Solution count 3: -29603 -4440 0 
No other solutions better than -29603

Optimal solution found (tolerance 1.00e-04)
Best objective -2.960300000000e+04, best bound -2.960300000000e+04, gap 0.0000%

Gurobi 9.5.0 (linux64) logging started Fri Apr 29 21:01:50 2022

Set parameter LogFile to value "/local_workspace/chenrui/LogFiles/MKAP/new1W_R10_M10_N100_seed4_DWcutsCT2_600.log"
Gurobi Optimizer version 9.5.0 build v9.5.0rc5 (linux64)
Thread count: 56 physical cores, 56 logical processors, using up to 4 threads
Optimize a model with 578 rows, 1100 columns and 6120 nonzeros
Model fingerprint: 0x604afef4
Variable types: 0 continuous, 1100 integer (1100 binary)
Coefficient statistics:
  Matrix range     [1e-13, 6e+03]
  Objective range  [4e+01, 9e+02]
  Bounds range     [1e+00, 1e+00]
  RHS range        [6e-14, 1e+00]
Warning: Model contains large matrix coefficient range
         Consider reformulating model or setting NumericFocus parameter
         to avoid numerical issues.
Found heuristic solution: objective 0.0000000
Presolve removed 28 rows and 115 columns
Presolve time: 0.02s
Presolved: 550 rows, 985 columns, 5545 nonzeros
Found heuristic solution: objective -4440.000000
Variable types: 0 continuous, 985 integer (985 binary)

Root relaxation: objective -2.960300e+04, 2439 iterations, 0.07 seconds (0.07 work units)

    Nodes    |    Current Node    |     Objective Bounds      |     Work
 Expl Unexpl |  Obj  Depth IntInf | Incumbent    BestBd   Gap | It/Node Time

*    0     0               0    -29603.00000 -29603.000  0.00%     -    0s

Explored 1 nodes (2439 simplex iterations) in 0.09 seconds (0.09 work units)
Thread count was 4 (of 56 available processors)

Solution count 3: -29603 -4440 0 
No other solutions better than -29603

Optimal solution found (tolerance 1.00e-04)
Best objective -2.960299999968e+04, best bound -2.960299999968e+04, gap 0.0000%
