
Gurobi 9.5.0 (linux64) logging started Tue May  3 13:14:07 2022

Set parameter LogFile to value "/local_workspace/chenrui/LogFiles/MKAP/new1W_R2_M20_N50_seed8_DWcutsCT1_600.log"
Gurobi Optimizer version 9.5.0 build v9.5.0rc5 (linux64)
Thread count: 56 physical cores, 56 logical processors, using up to 4 threads
Optimize a model with 181 rows, 1040 columns and 3918 nonzeros
Model fingerprint: 0xccab0ea4
Variable types: 0 continuous, 1040 integer (1040 binary)
Coefficient statistics:
  Matrix range     [2e-13, 1e+03]
  Objective range  [6e+01, 9e+02]
  Bounds range     [1e+00, 1e+00]
  RHS range        [6e-14, 1e+00]
Warning: Model contains large matrix coefficient range
         Consider reformulating model or setting NumericFocus parameter
         to avoid numerical issues.
Found heuristic solution: objective 0.0000000
Presolve removed 34 rows and 451 columns
Presolve time: 0.01s
Presolved: 147 rows, 589 columns, 2308 nonzeros
Found heuristic solution: objective -12345.00000
Variable types: 0 continuous, 589 integer (589 binary)
Found heuristic solution: objective -12543.00000

Root relaxation: objective -1.426566e+04, 735 iterations, 0.01 seconds (0.01 work units)

    Nodes    |    Current Node    |     Objective Bounds      |     Work
 Expl Unexpl |  Obj  Depth IntInf | Incumbent    BestBd   Gap | It/Node Time

     0     0 -14265.657    0   19 -12543.000 -14265.657  13.7%     -    0s
H    0     0                    -14231.00000 -14265.657  0.24%     -    0s
     0     0 -14265.657    0   45 -14231.000 -14265.657  0.24%     -    0s
     0     0 -14265.657    0   26 -14231.000 -14265.657  0.24%     -    0s
     0     0 -14265.657    0   24 -14231.000 -14265.657  0.24%     -    0s
     0     0 -14265.657    0   24 -14231.000 -14265.657  0.24%     -    0s
     0     0 -14265.657    0   37 -14231.000 -14265.657  0.24%     -    0s
     0     0 -14265.657    0   37 -14231.000 -14265.657  0.24%     -    0s
     0     0 -14265.657    0   16 -14231.000 -14265.657  0.24%     -    0s
     0     0 -14265.657    0   42 -14231.000 -14265.657  0.24%     -    0s
     0     0 -14265.657    0   26 -14231.000 -14265.657  0.24%     -    0s
     0     0 -14265.657    0   34 -14231.000 -14265.657  0.24%     -    0s
     0     0 -14265.657    0   33 -14231.000 -14265.657  0.24%     -    0s
     0     0 -14265.657    0   31 -14231.000 -14265.657  0.24%     -    0s
     0     0 -14265.657    0   31 -14231.000 -14265.657  0.24%     -    0s
     0     2 -14265.657    0   31 -14231.000 -14265.657  0.24%     -    0s
 21243  5680 -14258.286   25   73 -14231.000 -14258.286  0.19%  19.0    5s

Cutting planes:
  Gomory: 1
  Cover: 23
  Clique: 10
  MIR: 49
  StrongCG: 24
  Flow cover: 19
  Zero half: 5
  RLT: 4

Explored 32596 nodes (793930 simplex iterations) in 9.21 seconds (10.54 work units)
Thread count was 4 (of 56 available processors)

Solution count 4: -14231 -12543 -12345 0 
No other solutions better than -14231

Optimal solution found (tolerance 1.00e-04)
Best objective -1.423100000000e+04, best bound -1.423100000002e+04, gap 0.0000%
