
Gurobi 9.5.0 (linux64) logging started Tue May  3 13:24:58 2022

Set parameter LogFile to value "/local_workspace/chenrui/LogFiles/MKAP/new1W_R5_M30_N50_seed6_DWcutsCT1_600.log"
Gurobi Optimizer version 9.5.0 build v9.5.0rc5 (linux64)
Thread count: 56 physical cores, 56 logical processors, using up to 4 threads
Optimize a model with 453 rows, 1650 columns and 5535 nonzeros
Model fingerprint: 0x4c0a0bb7
Variable types: 0 continuous, 1650 integer (1650 binary)
Coefficient statistics:
  Matrix range     [3e-10, 1e+03]
  Objective range  [2e+01, 9e+02]
  Bounds range     [1e+00, 1e+00]
  RHS range        [4e-15, 1e+00]
Warning: Model contains large matrix coefficient range
         Consider reformulating model or setting NumericFocus parameter
         to avoid numerical issues.
Found heuristic solution: objective 0.0000000
Presolve removed 173 rows and 961 columns
Presolve time: 0.01s
Presolved: 280 rows, 689 columns, 2260 nonzeros
Found heuristic solution: objective -9879.000000
Variable types: 0 continuous, 689 integer (689 binary)

Root relaxation: objective -1.470800e+04, 729 iterations, 0.01 seconds (0.01 work units)

    Nodes    |    Current Node    |     Objective Bounds      |     Work
 Expl Unexpl |  Obj  Depth IntInf | Incumbent    BestBd   Gap | It/Node Time

     0     0 -14708.000    0   19 -9879.0000 -14708.000  48.9%     -    0s
H    0     0                    -14341.00000 -14708.000  2.56%     -    0s
H    0     0                    -14385.00000 -14708.000  2.25%     -    0s
     0     0 -14708.000    0   23 -14385.000 -14708.000  2.25%     -    0s
H    0     0                    -14708.00000 -14708.000  0.00%     -    0s
     0     0 -14708.000    0   23 -14708.000 -14708.000  0.00%     -    0s

Cutting planes:
  Cover: 2
  Clique: 3
  MIR: 5
  StrongCG: 3

Explored 1 nodes (796 simplex iterations) in 0.04 seconds (0.02 work units)
Thread count was 4 (of 56 available processors)

Solution count 5: -14708 -14385 -14341 ... 0
No other solutions better than -14708

Optimal solution found (tolerance 1.00e-04)
Best objective -1.470800000000e+04, best bound -1.470800000000e+04, gap 0.0000%
