
Gurobi 9.5.0 (linux64) logging started Tue May  3 13:26:32 2022

Set parameter LogFile to value "/local_workspace/chenrui/LogFiles/MKAP/new1W_R10_M10_N50_seed9_DWcutsCT_600.log"
Gurobi Optimizer version 9.5.0 build v9.5.0rc5 (linux64)
Thread count: 56 physical cores, 56 logical processors, using up to 4 threads
Optimize a model with 260 rows, 600 columns and 1795 nonzeros
Model fingerprint: 0x527cfe9c
Variable types: 0 continuous, 600 integer (600 binary)
Coefficient statistics:
  Matrix range     [1e+00, 3e+03]
  Objective range  [4e+01, 1e+03]
  Bounds range     [1e+00, 1e+00]
  RHS range        [2e-11, 1e+00]
Found heuristic solution: objective 0.0000000
Presolve removed 58 rows and 166 columns
Presolve time: 0.01s
Presolved: 202 rows, 434 columns, 1260 nonzeros
Found heuristic solution: objective -4313.000000
Variable types: 0 continuous, 434 integer (434 binary)

Root relaxation: objective -1.383200e+04, 493 iterations, 0.00 seconds (0.00 work units)

    Nodes    |    Current Node    |     Objective Bounds      |     Work
 Expl Unexpl |  Obj  Depth IntInf | Incumbent    BestBd   Gap | It/Node Time

     0     0 -13832.002    0   25 -4313.0000 -13832.002   221%     -    0s
H    0     0                    -13371.00000 -13832.002  3.45%     -    0s
     0     0 -13832.002    0    3 -13371.000 -13832.002  3.45%     -    0s
H    0     0                    -13813.00000 -13832.002  0.14%     -    0s
*    0     0               0    -13832.00000 -13832.000  0.00%     -    0s

Cutting planes:
  Gomory: 9
  Cover: 13
  Clique: 50
  MIR: 2
  StrongCG: 3

Explored 1 nodes (733 simplex iterations) in 0.03 seconds (0.01 work units)
Thread count was 4 (of 56 available processors)

Solution count 5: -13832 -13813 -13371 ... 0
No other solutions better than -13832

Optimal solution found (tolerance 1.00e-04)
Best objective -1.383199999997e+04, best bound -1.383199999997e+04, gap 0.0000%
