
Gurobi 9.5.0 (linux64) logging started Mon Jun 20 09:22:07 2022

Set parameter LogFile to value "/local_workspace/chenrui/LogFiles/MKAP/new1W_R5_M30_N50_seed3_DWcutsCTp_600.log"
Gurobi Optimizer version 9.5.0 build v9.5.0rc5 (linux64)
Thread count: 56 physical cores, 56 logical processors, using up to 4 threads
Optimize a model with 380 rows, 1650 columns and 4948 nonzeros
Model fingerprint: 0x2784ebca
Variable types: 0 continuous, 1650 integer (1650 binary)
Coefficient statistics:
  Matrix range     [3e-12, 1e+03]
  Objective range  [4e+01, 9e+02]
  Bounds range     [1e+00, 1e+00]
  RHS range        [1e-05, 1e+00]
Warning: Model contains large matrix coefficient range
         Consider reformulating model or setting NumericFocus parameter
         to avoid numerical issues.
Found heuristic solution: objective 0.0000000
Presolve removed 118 rows and 932 columns
Presolve time: 0.01s
Presolved: 262 rows, 718 columns, 1932 nonzeros
Found heuristic solution: objective -8365.000000
Variable types: 0 continuous, 718 integer (718 binary)

Root relaxation: objective -1.379800e+04, 668 iterations, 0.01 seconds (0.00 work units)

    Nodes    |    Current Node    |     Objective Bounds      |     Work
 Expl Unexpl |  Obj  Depth IntInf | Incumbent    BestBd   Gap | It/Node Time

     0     0 -13798.001    0   44 -8365.0000 -13798.001  64.9%     -    0s
H    0     0                    -13280.00000 -13798.001  3.90%     -    0s
H    0     0                    -13331.00000 -13798.001  3.50%     -    0s
H    0     0                    -13480.00000 -13798.001  2.36%     -    0s
H    0     0                    -13798.00000 -13798.001  0.00%     -    0s
     0     0 -13798.001    0   30 -13798.000 -13798.001  0.00%     -    0s

Cutting planes:
  Gomory: 11
  Cover: 10
  Clique: 12
  MIR: 5
  StrongCG: 2

Explored 1 nodes (841 simplex iterations) in 0.04 seconds (0.02 work units)
Thread count was 4 (of 56 available processors)

Solution count 6: -13798 -13480 -13331 ... 0
No other solutions better than -13798

Optimal solution found (tolerance 1.00e-04)
Best objective -1.379800000000e+04, best bound -1.379800000000e+04, gap 0.0000%
