
Gurobi 9.5.0 (linux64) logging started Fri Apr 29 22:34:14 2022

Set parameter LogFile to value "/local_workspace/chenrui/LogFiles/MKAP/new1W_R25_M20_N200_seed6_DWcutsCT4_600.log"
Gurobi Optimizer version 9.5.0 build v9.5.0rc5 (linux64)
Thread count: 56 physical cores, 56 logical processors, using up to 4 threads
Optimize a model with 7188 rows, 4500 columns and 60793 nonzeros
Model fingerprint: 0xb5287d9b
Variable types: 0 continuous, 4500 integer (4500 binary)
Coefficient statistics:
  Matrix range     [1e-13, 1e+04]
  Objective range  [2e+01, 1e+03]
  Bounds range     [1e+00, 1e+00]
  RHS range        [1e-16, 1e+00]
Warning: Model contains large matrix coefficient range
         Consider reformulating model or setting NumericFocus parameter
         to avoid numerical issues.
Found heuristic solution: objective 0.0000000
Presolve removed 1200 rows and 268 columns
Presolve time: 0.16s
Presolved: 5988 rows, 4232 columns, 39874 nonzeros
Found heuristic solution: objective -5315.000000
Variable types: 0 continuous, 4232 integer (4232 binary)

Root relaxation: objective -5.940700e+04, 11634 iterations, 1.38 seconds (1.38 work units)

    Nodes    |    Current Node    |     Objective Bounds      |     Work
 Expl Unexpl |  Obj  Depth IntInf | Incumbent    BestBd   Gap | It/Node Time

*    0     0               0    -59407.00000 -59407.000  0.00%     -    1s

Explored 1 nodes (11634 simplex iterations) in 1.56 seconds (1.55 work units)
Thread count was 4 (of 56 available processors)

Solution count 3: -59407 -5315 0 
No other solutions better than -59407

Optimal solution found (tolerance 1.00e-04)
Best objective -5.940700000000e+04, best bound -5.940700000000e+04, gap 0.0000%
