
Gurobi 9.5.0 (linux64) logging started Thu Apr 14 19:00:09 2022

Set parameter LogFile to value "/local_workspace/chenrui/LogFiles/MKAP/new1W_R10_M40_N100_seed1_DWcutsT3_600.log"
Gurobi Optimizer version 9.5.0 build v9.5.0rc5 (linux64)
Thread count: 56 physical cores, 56 logical processors, using up to 4 threads
Optimize a model with 3679 rows, 4400 columns and 38123 nonzeros
Model fingerprint: 0xcf94b454
Variable types: 0 continuous, 4400 integer (4400 binary)
Coefficient statistics:
  Matrix range     [1e-13, 3e+03]
  Objective range  [9e+01, 9e+02]
  Bounds range     [1e+00, 1e+00]
  RHS range        [1e-13, 2e+01]
Warning: Model contains large matrix coefficient range
         Consider reformulating model or setting NumericFocus parameter
         to avoid numerical issues.
Found heuristic solution: objective 0.0000000
Presolve removed 1974 rows and 1976 columns
Presolve time: 0.15s
Presolved: 1705 rows, 2424 columns, 15776 nonzeros
Found heuristic solution: objective -11782.00000
Variable types: 0 continuous, 2424 integer (2424 binary)

Root relaxation: objective -2.957993e+04, 4378 iterations, 0.17 seconds (0.16 work units)

    Nodes    |    Current Node    |     Objective Bounds      |     Work
 Expl Unexpl |  Obj  Depth IntInf | Incumbent    BestBd   Gap | It/Node Time

     0     0 -29579.932    0   93 -11782.000 -29579.932   151%     -    0s
H    0     0                    -29325.00000 -29579.932  0.87%     -    0s
     0     0 -29579.932    0  102 -29325.000 -29579.932  0.87%     -    0s
H    0     0                    -29334.00000 -29579.932  0.84%     -    0s
     0     0 -29579.932    0   99 -29334.000 -29579.932  0.84%     -    0s
     0     0 -29579.932    0   93 -29334.000 -29579.932  0.84%     -    0s
     0     0 -29579.932    0   93 -29334.000 -29579.932  0.84%     -    0s
     0     0 -29577.812    0  109 -29334.000 -29577.812  0.83%     -    0s
H    0     0                    -29345.00000 -29577.812  0.79%     -    0s
     0     0 -29577.789    0  105 -29345.000 -29577.789  0.79%     -    0s
     0     0 -29577.763    0   89 -29345.000 -29577.763  0.79%     -    0s
     0     0 -29577.763    0   89 -29345.000 -29577.763  0.79%     -    1s
     0     2 -29577.763    0   88 -29345.000 -29577.763  0.79%     -    1s
H   28    32                    -29371.00000 -29576.780  0.70%   147    2s
H   63    66                    -29465.00000 -29576.780  0.38%   102    2s
H   64    66                    -29470.00000 -29576.780  0.36%   101    2s
H  133   142                    -29487.00000 -29576.780  0.30%  66.2    3s
H  251   222                    -29489.00000 -29576.780  0.30%  43.3    3s
H  459   377                    -29493.00000 -29576.608  0.28%  39.1    3s
H  799   541                    -29509.00000 -29573.191  0.22%  48.4    4s
  1074   660 -29550.908   23   89 -29509.000 -29571.661  0.21%  53.8    5s
H 1075   627                    -29537.00000 -29571.661  0.12%  53.7    5s

Explored 4428 nodes (189984 simplex iterations) in 8.24 seconds (10.66 work units)
Thread count was 4 (of 56 available processors)

Solution count 10: -29537 -29509 -29493 ... -29334
No other solutions better than -29537

Optimal solution found (tolerance 1.00e-04)
Best objective -2.953700000000e+04, best bound -2.953700000000e+04, gap 0.0000%
