
Gurobi 9.5.0 (linux64) logging started Tue May  3 13:24:00 2022

Set parameter LogFile to value "/local_workspace/chenrui/LogFiles/MKAP/new1W_R2_M20_N50_seed3_DWcuts_600.log"
Gurobi Optimizer version 9.5.0 build v9.5.0rc5 (linux64)
Thread count: 56 physical cores, 56 logical processors, using up to 4 threads
Optimize a model with 150 rows, 1040 columns and 2910 nonzeros
Model fingerprint: 0x5cdb7cec
Variable types: 0 continuous, 1040 integer (1040 binary)
Coefficient statistics:
  Matrix range     [1e+00, 1e+03]
  Objective range  [4e+01, 9e+02]
  Bounds range     [1e+00, 1e+00]
  RHS range        [6e-16, 3e+01]
Found heuristic solution: objective 0.0000000
Presolve removed 31 rows and 409 columns
Presolve time: 0.01s
Presolved: 119 rows, 631 columns, 1710 nonzeros
Variable types: 0 continuous, 631 integer (631 binary)
Found heuristic solution: objective -12697.00000

Root relaxation: objective -1.543467e+04, 337 iterations, 0.00 seconds (0.00 work units)

    Nodes    |    Current Node    |     Objective Bounds      |     Work
 Expl Unexpl |  Obj  Depth IntInf | Incumbent    BestBd   Gap | It/Node Time

     0     0 -15434.667    0   13 -12697.000 -15434.667  21.6%     -    0s
H    0     0                    -14968.00000 -15434.667  3.12%     -    0s
H    0     0                    -15171.00000 -15434.667  1.74%     -    0s
     0     0 -15434.667    0   20 -15171.000 -15434.667  1.74%     -    0s
H    0     0                    -15186.00000 -15434.667  1.64%     -    0s
H    0     0                    -15401.00000 -15434.667  0.22%     -    0s
     0     0 -15434.667    0    8 -15401.000 -15434.667  0.22%     -    0s
     0     0 -15434.667    0   27 -15401.000 -15434.667  0.22%     -    0s
     0     0 -15434.667    0   12 -15401.000 -15434.667  0.22%     -    0s
H    0     0                    -15409.00000 -15434.667  0.17%     -    0s
     0     0 -15434.667    0   10 -15409.000 -15434.667  0.17%     -    0s
     0     0 -15434.667    0    7 -15409.000 -15434.667  0.17%     -    0s
     0     0 -15434.667    0    5 -15409.000 -15434.667  0.17%     -    0s
     0     0 -15434.667    0    5 -15409.000 -15434.667  0.17%     -    0s
     0     0 -15434.667    0    4 -15409.000 -15434.667  0.17%     -    0s
     0     0 -15434.667    0   15 -15409.000 -15434.667  0.17%     -    0s
     0     0 -15434.667    0    9 -15409.000 -15434.667  0.17%     -    0s
     0     0 -15434.667    0    9 -15409.000 -15434.667  0.17%     -    0s
     0     2 -15434.667    0    9 -15409.000 -15434.667  0.17%     -    0s

Cutting planes:
  Gomory: 6
  Cover: 42
  Clique: 6
  MIR: 24
  StrongCG: 19

Explored 696 nodes (11669 simplex iterations) in 0.25 seconds (0.19 work units)
Thread count was 4 (of 56 available processors)

Solution count 7: -15409 -15401 -15186 ... 0
No other solutions better than -15409

Optimal solution found (tolerance 1.00e-04)
Best objective -1.540900000000e+04, best bound -1.540900000000e+04, gap 0.0000%
