
Gurobi 9.5.0 (linux64) logging started Mon Jun 20 11:46:03 2022

Set parameter LogFile to value "/local_workspace/chenrui/LogFiles/MKAP/new1W_R25_M20_N50_seed7_DWcutsCTp_600.log"
Gurobi Optimizer version 9.5.0 build v9.5.0rc5 (linux64)
Thread count: 56 physical cores, 56 logical processors, using up to 4 threads
Optimize a model with 1070 rows, 1500 columns and 4351 nonzeros
Model fingerprint: 0x616be29b
Variable types: 0 continuous, 1500 integer (1500 binary)
Coefficient statistics:
  Matrix range     [2e-06, 1e+03]
  Objective range  [1e+02, 9e+02]
  Bounds range     [1e+00, 1e+00]
  RHS range        [1e-05, 1e+00]
Found heuristic solution: objective 0.0000000
Presolve removed 726 rows and 774 columns
Presolve time: 0.01s
Presolved: 344 rows, 726 columns, 1863 nonzeros
Found heuristic solution: objective -11995.00000
Variable types: 0 continuous, 726 integer (726 binary)

Root relaxation: objective -1.311550e+04, 633 iterations, 0.01 seconds (0.00 work units)

    Nodes    |    Current Node    |     Objective Bounds      |     Work
 Expl Unexpl |  Obj  Depth IntInf | Incumbent    BestBd   Gap | It/Node Time

     0     0 -13115.501    0   12 -11995.000 -13115.501  9.34%     -    0s
H    0     0                    -12931.00000 -13115.501  1.43%     -    0s
     0     0 -13115.501    0   15 -12931.000 -13115.501  1.43%     -    0s
     0     0 -13115.500    0   18 -12931.000 -13115.500  1.43%     -    0s
H    0     0                    -13094.00000 -13115.500  0.16%     -    0s
*    0     0               0    -13096.00000 -13096.000  0.00%     -    0s

Cutting planes:
  Gomory: 5
  Zero half: 2
  RLT: 2

Explored 1 nodes (1141 simplex iterations) in 0.05 seconds (0.03 work units)
Thread count was 4 (of 56 available processors)

Solution count 5: -13096 -13094 -12931 ... 0

Optimal solution found (tolerance 1.00e-04)
Best objective -1.309600000000e+04, best bound -1.309600000000e+04, gap 0.0000%
