
Gurobi 9.5.0 (linux64) logging started Wed May  4 01:57:06 2022

Set parameter LogFile to value "/local_workspace/chenrui/LogFiles/MKAP/new1W_R25_M30_N100_seed4_original_600.log"
Gurobi Optimizer version 9.5.0 build v9.5.0rc5 (linux64)
Thread count: 56 physical cores, 56 logical processors, using up to 4 threads
Optimize a model with 880 rows, 3750 columns and 7500 nonzeros
Model fingerprint: 0xc4b2c0e7
Variable types: 0 continuous, 3750 integer (3750 binary)
Coefficient statistics:
  Matrix range     [1e+00, 2e+03]
  Objective range  [7e+01, 9e+02]
  Bounds range     [1e+00, 1e+00]
  RHS range        [1e+00, 1e+00]
Found heuristic solution: objective 0.0000000
Presolve removed 265 rows and 1022 columns
Presolve time: 0.02s
Presolved: 615 rows, 2728 columns, 5456 nonzeros
Variable types: 0 continuous, 2728 integer (2728 binary)
Found heuristic solution: objective -20586.00000

Root relaxation: objective -3.151185e+04, 1918 iterations, 0.02 seconds (0.01 work units)

    Nodes    |    Current Node    |     Objective Bounds      |     Work
 Expl Unexpl |  Obj  Depth IntInf | Incumbent    BestBd   Gap | It/Node Time

     0     0 -31511.848    0  109 -20586.000 -31511.848  53.1%     -    0s
H    0     0                    -26722.00000 -31511.848  17.9%     -    0s
H    0     0                    -27767.00000 -31511.848  13.5%     -    0s
     0     0 -31295.472    0  122 -27767.000 -31295.472  12.7%     -    0s
H    0     0                    -28437.00000 -31295.472  10.1%     -    0s
     0     0 -31293.475    0  125 -28437.000 -31293.475  10.0%     -    0s
     0     0 -31293.475    0  125 -28437.000 -31293.475  10.0%     -    0s
H    0     0                    -28653.00000 -31132.922  8.66%     -    0s
H    0     0                    -28697.00000 -31132.922  8.49%     -    0s
H    0     0                    -29010.00000 -31132.922  7.32%     -    0s
     0     0 -31132.922    0  162 -29010.000 -31132.922  7.32%     -    0s
H    0     0                    -29058.00000 -31132.922  7.14%     -    0s
     0     0 -31132.761    0  163 -29058.000 -31132.761  7.14%     -    0s
     0     0 -31024.035    0  149 -29058.000 -31024.035  6.77%     -    0s
H    0     0                    -29337.00000 -31024.035  5.75%     -    0s
     0     0 -31021.350    0  153 -29337.000 -31021.350  5.74%     -    0s
     0     0 -31020.292    0  154 -29337.000 -31020.292  5.74%     -    0s
H    0     0                    -29488.00000 -31019.897  5.19%     -    0s
     0     0 -31019.897    0  148 -29488.000 -31019.897  5.19%     -    0s
H    0     0                    -29569.00000 -30936.746  4.63%     -    0s
H    0     0                    -29649.00000 -30936.746  4.34%     -    0s
     0     0 -30936.746    0  151 -29649.000 -30936.746  4.34%     -    0s
     0     0 -30930.450    0  156 -29649.000 -30930.450  4.32%     -    0s
     0     0 -30930.316    0  161 -29649.000 -30930.316  4.32%     -    0s
     0     0 -30907.231    0  181 -29649.000 -30907.231  4.24%     -    0s
H    0     0                    -29849.00000 -30907.231  3.55%     -    0s
     0     0 -30900.328    0  164 -29849.000 -30900.328  3.52%     -    0s
     0     0 -30896.915    0  188 -29849.000 -30896.915  3.51%     -    0s
     0     0 -30896.005    0  179 -29849.000 -30896.005  3.51%     -    0s
     0     0 -30895.924    0  180 -29849.000 -30895.924  3.51%     -    0s
H    0     0                    -29862.00000 -30864.990  3.36%     -    0s
     0     0 -30864.990    0  137 -29862.000 -30864.990  3.36%     -    0s
     0     0 -30863.775    0  141 -29862.000 -30863.775  3.35%     -    0s
     0     0 -30863.730    0  140 -29862.000 -30863.730  3.35%     -    0s
H    0     0                    -29905.00000 -30863.730  3.21%     -    0s
H    0     0                    -29914.00000 -30831.943  3.07%     -    0s
     0     0 -30831.943    0  165 -29914.000 -30831.943  3.07%     -    0s
     0     0 -30825.146    0  163 -29914.000 -30825.146  3.05%     -    0s
     0     0 -30824.970    0  160 -29914.000 -30824.970  3.05%     -    0s
H    0     0                    -29942.00000 -30771.318  2.77%     -    0s
     0     0 -30771.318    0  183 -29942.000 -30771.318  2.77%     -    0s
     0     0 -30767.153    0  182 -29942.000 -30767.153  2.76%     -    0s
     0     0 -30767.153    0  180 -29942.000 -30767.153  2.76%     -    0s
     0     0 -30742.413    0  164 -29942.000 -30742.413  2.67%     -    0s
H    0     0                    -30316.00000 -30742.413  1.41%     -    0s
     0     0 -30742.413    0  175 -30316.000 -30742.413  1.41%     -    0s
     0     0 -30737.158    0  133 -30316.000 -30737.158  1.39%     -    0s
     0     0 -30736.396    0  131 -30316.000 -30736.396  1.39%     -    0s
     0     0 -30733.119    0  151 -30316.000 -30733.119  1.38%     -    0s
     0     0 -30733.119    0  144 -30316.000 -30733.119  1.38%     -    0s
     0     2 -30733.119    0  143 -30316.000 -30733.119  1.38%     -    0s
H   30    36                    -30331.00000 -30715.206  1.27%  39.1    0s
H   31    36                    -30334.00000 -30715.206  1.26%  39.0    0s
H   66    67                    -30341.00000 -30715.206  1.23%  33.5    0s
H   69    67                    -30406.00000 -30715.206  1.02%  34.7    0s
H  272   227                    -30419.00000 -30715.206  0.97%  29.1    1s
H  279   227                    -30443.00000 -30715.206  0.89%  28.6    1s
H  320   219                    -30497.00000 -30694.149  0.65%  27.1    1s
*  566   240              26    -30536.00000 -30687.219  0.50%  26.4    1s
* 2701   485              17    -30565.00000 -30596.615  0.10%  24.1    2s

Cutting planes:
  Gomory: 34
  Lift-and-project: 6
  Cover: 372
  Clique: 63
  MIR: 96
  StrongCG: 55
  Inf proof: 2

Explored 3297 nodes (81112 simplex iterations) in 2.99 seconds (3.97 work units)
Thread count was 4 (of 56 available processors)

Solution count 10: -30565 -30536 -30497 ... -30316

Optimal solution found (tolerance 1.00e-04)
Best objective -3.056500000000e+04, best bound -3.056600000000e+04, gap 0.0033%
