
Gurobi 9.5.0 (linux64) logging started Wed May  4 00:33:14 2022

Set parameter LogFile to value "/local_workspace/chenrui/LogFiles/MKAP/new1W_R25_M20_N100_seed9_objLB_600.log"
Gurobi Optimizer version 9.5.0 build v9.5.0rc5 (linux64)
Thread count: 56 physical cores, 56 logical processors, using up to 4 threads
Optimize a model with 621 rows, 2500 columns and 7000 nonzeros
Model fingerprint: 0xd18c55a3
Variable types: 0 continuous, 2500 integer (2500 binary)
Coefficient statistics:
  Matrix range     [1e+00, 2e+03]
  Objective range  [6e+01, 9e+02]
  Bounds range     [1e+00, 1e+00]
  RHS range        [1e+00, 3e+04]
Found heuristic solution: objective 0.0000000
Presolve removed 163 rows and 691 columns
Presolve time: 0.02s
Presolved: 458 rows, 1809 columns, 5086 nonzeros
Variable types: 0 continuous, 1809 integer (1809 binary)
Found heuristic solution: objective -17577.00000

Root relaxation: objective -2.702200e+04, 718 iterations, 0.01 seconds (0.01 work units)

    Nodes    |    Current Node    |     Objective Bounds      |     Work
 Expl Unexpl |  Obj  Depth IntInf | Incumbent    BestBd   Gap | It/Node Time

     0     0 -27022.000    0   23 -17577.000 -27022.000  53.7%     -    0s
H    0     0                    -24546.00000 -27022.000  10.1%     -    0s
H    0     0                    -25489.00000 -27022.000  6.01%     -    0s
     0     0 -27022.000    0   61 -25489.000 -27022.000  6.01%     -    0s
     0     0 -27022.000    0   55 -25489.000 -27022.000  6.01%     -    0s
     0     0 -27022.000    0   22 -25489.000 -27022.000  6.01%     -    0s
     0     0 -27022.000    0   20 -25489.000 -27022.000  6.01%     -    0s
H    0     0                    -25621.00000 -27022.000  5.47%     -    0s
     0     2 -27022.000    0   20 -25621.000 -27022.000  5.47%     -    0s
H   36    50                    -25701.00000 -27022.000  5.14%  82.9    0s
H   39    50                    -25820.00000 -27022.000  4.66%  82.8    0s
H   44    50                    -25831.00000 -27022.000  4.61%  77.4    0s
H   75   163                    -25885.00000 -27022.000  4.39%  80.2    0s
H  116   163                    -26208.00000 -27022.000  3.11%  74.2    0s
H  146   163                    -26348.00000 -27022.000  2.56%  67.6    0s
H  382   353                    -26419.00000 -27022.000  2.28%  48.2    0s
H  765   667                    -26451.00000 -27022.000  2.16%  44.9    0s
H  852   655                    -26524.00000 -27022.000  1.88%  41.6    0s
H  860   631                    -26633.00000 -27022.000  1.46%  43.0    0s
H  931   672                    -26716.00000 -27022.000  1.15%  43.8    0s
H 1048   669                    -26720.00000 -27022.000  1.13%  49.2    0s
H 1053   638                    -26973.00000 -27022.000  0.18%  49.0    1s
  2666   824 -27022.000   32   43 -26973.000 -27022.000  0.18%   105    5s
H 2989   344                    -27022.00000 -27022.000  0.00%   105    5s

Cutting planes:
  Gomory: 42
  Cover: 92
  Clique: 26
  MIR: 17
  StrongCG: 9
  Flow cover: 7
  Inf proof: 2
  Zero half: 6

Explored 3077 nodes (327084 simplex iterations) in 5.15 seconds (9.52 work units)
Thread count was 4 (of 56 available processors)

Solution count 10: -27022 -26973 -26720 ... -26208
No other solutions better than -27022

Optimal solution found (tolerance 1.00e-04)
Best objective -2.702200000000e+04, best bound -2.702200000000e+04, gap 0.0000%
