
Gurobi 9.5.0 (linux64) logging started Thu Apr 28 15:16:26 2022

Set parameter LogFile to value "/local_workspace/chenrui/LogFiles/MKAP/new1W_R10_M10_N100_seed6_objLB_600.log"
Gurobi Optimizer version 9.5.0 build v9.5.0rc5 (linux64)
Thread count: 56 physical cores, 56 logical processors, using up to 4 threads
Optimize a model with 211 rows, 1100 columns and 3200 nonzeros
Model fingerprint: 0xeed3a7b2
Variable types: 0 continuous, 1100 integer (1100 binary)
Coefficient statistics:
  Matrix range     [1e+00, 4e+03]
  Objective range  [1e+02, 9e+02]
  Bounds range     [1e+00, 1e+00]
  RHS range        [1e+00, 3e+04]
Found heuristic solution: objective 0.0000000
Presolve removed 19 rows and 150 columns
Presolve time: 0.01s
Presolved: 192 rows, 950 columns, 2769 nonzeros
Variable types: 0 continuous, 950 integer (950 binary)
Found heuristic solution: objective -19735.00000

Root relaxation: objective -2.960400e+04, 226 iterations, 0.00 seconds (0.00 work units)

    Nodes    |    Current Node    |     Objective Bounds      |     Work
 Expl Unexpl |  Obj  Depth IntInf | Incumbent    BestBd   Gap | It/Node Time

     0     0 -29604.000    0   28 -19735.000 -29604.000  50.0%     -    0s
H    0     0                    -21888.00000 -29604.000  35.3%     -    0s
H    0     0                    -26180.00000 -29604.000  13.1%     -    0s
H    0     0                    -27273.00000 -29604.000  8.55%     -    0s
H    0     0                    -27689.00000 -29604.000  6.92%     -    0s
     0     0 -29604.000    0   74 -27689.000 -29604.000  6.92%     -    0s
H    0     0                    -27804.00000 -29604.000  6.47%     -    0s
     0     0 -29604.000    0   75 -27804.000 -29604.000  6.47%     -    0s
H    0     0                    -28805.00000 -29604.000  2.77%     -    0s
H    0     0                    -29116.00000 -29604.000  1.68%     -    0s
     0     0 -29604.000    0   20 -29116.000 -29604.000  1.68%     -    0s
     0     0 -29604.000    0   71 -29116.000 -29604.000  1.68%     -    0s
H    0     0                    -29246.00000 -29604.000  1.22%     -    0s
     0     0 -29604.000    0   21 -29246.000 -29604.000  1.22%     -    0s
     0     0 -29604.000    0   14 -29246.000 -29604.000  1.22%     -    0s
     0     2 -29604.000    0   14 -29246.000 -29604.000  1.22%     -    0s
H  514   339                    -29257.00000 -29604.000  1.19%  33.6    0s
H16388  3190                    -29281.00000 -29604.000  1.10%  19.0    4s
 17501  3218     cutoff   43      -29281.000 -29604.000  1.10%  19.5    5s
H17504  3138                    -29343.00000 -29604.000  0.89%  19.5    5s
H31136  4481                    -29371.00000 -29604.000  0.79%  18.9    7s
H31140  4381                    -29401.00000 -29604.000  0.69%  18.9    7s
H42847  4576                    -29431.00000 -29604.000  0.59%  19.2   10s
H66504  5085                    -29453.00000 -29604.000  0.51%  20.5   13s
 72750  5322 -29604.000   30   12 -29453.000 -29604.000  0.51%  20.4   15s
H89539  5781                    -29470.00000 -29604.000  0.45%  19.8   17s
H113697  6399                    -29484.00000 -29604.000  0.41%  20.3   20s
 133883  7193 -29604.000   38   22 -29484.000 -29604.000  0.41%  22.7   25s
 159589  8092 -29604.000   49   25 -29484.000 -29604.000  0.41%  23.6   30s
 196734  8466     cutoff   41      -29484.000 -29604.000  0.41%  23.8   35s
H221216  8617                    -29529.00000 -29604.000  0.25%  23.8   38s
 226042  8857 -29604.000   33   22 -29529.000 -29604.000  0.25%  24.0   40s
 251339  9450     cutoff   39      -29529.000 -29604.000  0.25%  25.1   45s
 282049 10193     cutoff   50      -29529.000 -29604.000  0.25%  25.6   50s
 306015 10623 -29572.948   35    7 -29529.000 -29604.000  0.25%  25.7   55s
 339520 10906 -29604.000   48   34 -29529.000 -29604.000  0.25%  25.3   60s
 371209 11479 -29604.000   31   14 -29529.000 -29604.000  0.25%  25.5   65s
 401699 12467 infeasible   46      -29529.000 -29604.000  0.25%  25.5   70s
 429963 12978 -29604.000   41   26 -29529.000 -29604.000  0.25%  26.1   75s
 461104 13753     cutoff   33      -29529.000 -29604.000  0.25%  26.1   80s
 487632 14482     cutoff   37      -29529.000 -29604.000  0.25%  26.5   85s
 522270 15149 -29604.000   37   23 -29529.000 -29604.000  0.25%  26.3   90s
 559631 15385     cutoff   51      -29529.000 -29604.000  0.25%  26.1   95s
 595453 15488 -29604.000   43   12 -29529.000 -29604.000  0.25%  25.9  100s
 636793 15901     cutoff   39      -29529.000 -29604.000  0.25%  25.4  105s
 702783 16297 -29604.000   51   19 -29529.000 -29604.000  0.25%  24.2  110s
 754258 16432 infeasible   51      -29529.000 -29604.000  0.25%  23.4  115s
 794807 16378     cutoff   35      -29529.000 -29604.000  0.25%  23.3  120s
 824539 17236 -29604.000   38   30 -29529.000 -29604.000  0.25%  23.5  125s
 851403 17326 -29604.000   28   22 -29529.000 -29604.000  0.25%  23.8  130s
 877483 17750     cutoff   42      -29529.000 -29604.000  0.25%  24.1  135s
 905102 17640 -29604.000   48    9 -29529.000 -29604.000  0.25%  24.4  140s
 936287 17964 -29604.000   40   17 -29529.000 -29604.000  0.25%  24.5  145s
 963917 18050 -29604.000   51   24 -29529.000 -29604.000  0.25%  24.7  150s
 998347 19003     cutoff   44      -29529.000 -29604.000  0.25%  24.7  155s
 1019818 19225 -29604.000   54   34 -29529.000 -29604.000  0.25%  25.1  160s
 1039105 19305     cutoff   39      -29529.000 -29604.000  0.25%  25.4  165s
 1060362 19423 infeasible   43      -29529.000 -29604.000  0.25%  25.8  170s
 1082166 20217 -29604.000   33   33 -29529.000 -29604.000  0.25%  26.1  175s
 1106910 20798     cutoff   38      -29529.000 -29604.000  0.25%  26.3  180s
 1128030 20940     cutoff   52      -29529.000 -29604.000  0.25%  26.5  185s
 1155713 21078     cutoff   42      -29529.000 -29604.000  0.25%  26.6  190s
 1189036 21286 infeasible   44      -29529.000 -29604.000  0.25%  26.6  195s
 1221137 21600 -29604.000   47   16 -29529.000 -29604.000  0.25%  26.7  200s
 1251823 21650     cutoff   40      -29529.000 -29604.000  0.25%  26.8  205s
 1286934 21794 -29604.000   43   18 -29529.000 -29604.000  0.25%  26.7  210s
 1315798 22111     cutoff   39      -29529.000 -29604.000  0.25%  26.8  215s
 1346070 22717 -29604.000   22   28 -29529.000 -29604.000  0.25%  26.9  220s
 1388624 23178     cutoff   57      -29529.000 -29604.000  0.25%  26.6  225s
 1433600 23194     cutoff   60      -29529.000 -29604.000  0.25%  26.4  230s
 1463968 23335     cutoff   42      -29529.000 -29604.000  0.25%  26.5  235s
 1489548 23212     cutoff   35      -29529.000 -29604.000  0.25%  26.6  240s
 1520265 23475 -29604.000   42   14 -29529.000 -29604.000  0.25%  26.6  245s
 1545470 24198     cutoff   36      -29529.000 -29604.000  0.25%  26.7  250s
 1571224 24660     cutoff   46      -29529.000 -29604.000  0.25%  26.9  255s
 1595436 24540 -29604.000   40   18 -29529.000 -29604.000  0.25%  27.0  260s
 1618885 24603 -29604.000   27   21 -29529.000 -29604.000  0.25%  27.2  265s
 1649660 24846     cutoff   37      -29529.000 -29604.000  0.25%  27.3  270s
 1679588 25127 -29604.000   31   24 -29529.000 -29604.000  0.25%  27.2  275s
 1714270 25128 -29604.000   36   37 -29529.000 -29604.000  0.25%  27.2  280s
 1743970 25076 -29604.000   45   28 -29529.000 -29604.000  0.25%  27.2  285s
H1752049 23971                    -29572.00000 -29604.000  0.11%  27.3  287s
H1764887 23923                    -29581.00000 -29604.000  0.08%  27.3  289s
 1766168 23951     cutoff   40      -29581.000 -29604.000  0.08%  27.3  290s
 1793334 23910 -29604.000   40   36 -29581.000 -29604.000  0.08%  27.4  295s
 1830611 23955     cutoff   40      -29581.000 -29604.000  0.08%  27.3  300s
 1857390 24050 -29604.000   37   14 -29581.000 -29604.000  0.08%  27.3  305s
 1883968 24095 -29604.000   40   34 -29581.000 -29604.000  0.08%  27.4  310s
 1907700 24382 -29604.000   49   26 -29581.000 -29604.000  0.08%  27.6  315s
 1929931 24302 -29604.000   28   28 -29581.000 -29604.000  0.08%  27.7  320s
 1958757 25069     cutoff   55      -29581.000 -29604.000  0.08%  27.8  325s
 1995067 25324     cutoff   36      -29581.000 -29604.000  0.08%  27.7  330s
 2036789 25456 -29604.000   47   25 -29581.000 -29604.000  0.08%  27.6  335s
 2068791 25691     cutoff   51      -29581.000 -29604.000  0.08%  27.6  340s
 2093303 25844 -29604.000   52   25 -29581.000 -29604.000  0.08%  27.7  345s
 2132445 25878 -29604.000   31   19 -29581.000 -29604.000  0.08%  27.6  350s
 2159403 26022 -29604.000   61   37 -29581.000 -29604.000  0.08%  27.7  355s
 2197025 26209 -29604.000   38   20 -29581.000 -29604.000  0.08%  27.6  360s
 2238244 26638     cutoff   56      -29581.000 -29604.000  0.08%  27.5  365s
 2279237 26860 -29604.000   39   34 -29581.000 -29604.000  0.08%  27.4  370s
 2304541 26849 -29604.000   33   21 -29581.000 -29604.000  0.08%  27.4  375s
 2335293 27062 -29604.000   54   23 -29581.000 -29604.000  0.08%  27.4  380s
 2363618 27303     cutoff   36      -29581.000 -29604.000  0.08%  27.4  385s
 2387494 27818 -29604.000   46   28 -29581.000 -29604.000  0.08%  27.5  390s
 2414629 27976 -29604.000   38   35 -29581.000 -29604.000  0.08%  27.6  395s
 2437930 27987     cutoff   48      -29581.000 -29604.000  0.08%  27.7  400s
 2464479 28393 -29604.000   53   22 -29581.000 -29604.000  0.08%  27.7  405s
 2490457 28434     cutoff   60      -29581.000 -29604.000  0.08%  27.8  410s
 2517564 28590     cutoff   44      -29581.000 -29604.000  0.08%  27.8  415s
 2552041 28761 -29604.000   40   21 -29581.000 -29604.000  0.08%  27.8  420s
 2584620 29174     cutoff   56      -29581.000 -29604.000  0.08%  27.8  425s
 2619739 29151 -29604.000   48   29 -29581.000 -29604.000  0.08%  27.8  430s
 2646661 29424 -29604.000   30   34 -29581.000 -29604.000  0.08%  27.8  435s
 2678638 29503     cutoff   42      -29581.000 -29604.000  0.08%  27.8  440s
 2705055 29650 -29604.000   26   20 -29581.000 -29604.000  0.08%  27.9  445s
 2734003 29603     cutoff   44      -29581.000 -29604.000  0.08%  27.9  450s
 2766866 30062     cutoff   41      -29581.000 -29604.000  0.08%  27.9  455s
 2802355 30292 -29604.000   52   30 -29581.000 -29604.000  0.08%  27.8  460s
 2833873 30471 -29604.000   41   21 -29581.000 -29604.000  0.08%  27.8  465s
 2864832 30628 -29604.000   28   18 -29581.000 -29604.000  0.08%  27.8  470s
 2896435 30950 -29604.000   57   33 -29581.000 -29604.000  0.08%  27.8  475s
 2922843 31085 -29604.000   39   26 -29581.000 -29604.000  0.08%  27.8  480s
 2954191 31223 -29604.000   30   24 -29581.000 -29604.000  0.08%  27.8  485s
 2985108 31625 -29604.000   32   21 -29581.000 -29604.000  0.08%  27.8  490s
 3012996 31654     cutoff   48      -29581.000 -29604.000  0.08%  27.8  495s
 3045957 31835     cutoff   50      -29581.000 -29604.000  0.08%  27.8  500s
 3082567 31828 -29604.000   46   11 -29581.000 -29604.000  0.08%  27.8  505s
 3117304 32300     cutoff   38      -29581.000 -29604.000  0.08%  27.8  510s
 3144184 32506 -29604.000   44   35 -29581.000 -29604.000  0.08%  27.8  515s
 3166811 32521     cutoff   52      -29581.000 -29604.000  0.08%  27.8  520s
 3192009 32903 -29604.000   43   20 -29581.000 -29604.000  0.08%  27.8  525s
 3224239 33193     cutoff   56      -29581.000 -29604.000  0.08%  27.9  530s
 3252687 33442 -29604.000   49   21 -29581.000 -29604.000  0.08%  27.9  535s
 3279482 33508 -29604.000   50   21 -29581.000 -29604.000  0.08%  27.9  540s
 3311860 34057     cutoff   54      -29581.000 -29604.000  0.08%  27.9  545s
 3342568 34283 -29604.000   51   25 -29581.000 -29604.000  0.08%  27.9  550s
 3370810 34510     cutoff   44      -29581.000 -29604.000  0.08%  27.9  555s
 3396305 34484 -29604.000   34   17 -29581.000 -29604.000  0.08%  28.0  560s
 3424866 34516 -29604.000   37   27 -29581.000 -29604.000  0.08%  28.0  565s
 3453630 35123 -29604.000   33   26 -29581.000 -29604.000  0.08%  28.0  570s
 3479921 36192 -29604.000   47   54 -29581.000 -29604.000  0.08%  28.1  575s
 3506303 36246     cutoff   51      -29581.000 -29604.000  0.08%  28.1  580s
 3544021 36784 -29604.000   33   17 -29581.000 -29604.000  0.08%  28.0  585s
 3584417 37676     cutoff   39      -29581.000 -29604.000  0.08%  28.0  590s
 3618265 38680     cutoff   39      -29581.000 -29604.000  0.08%  27.9  595s
 3650294 39504 -29604.000   41   13 -29581.000 -29604.000  0.08%  27.9  600s

Cutting planes:
  Gomory: 12
  Lift-and-project: 1
  Cover: 87
  Clique: 73
  MIR: 12
  StrongCG: 24
  Flow cover: 31
  Zero half: 2

Explored 3650299 nodes (101963317 simplex iterations) in 600.00 seconds (932.37 work units)
Thread count was 4 (of 56 available processors)

Solution count 10: -29581 -29572 -29529 ... -29343

Time limit reached
Best objective -2.958100000000e+04, best bound -2.960400000000e+04, gap 0.0778%
