
Gurobi 9.5.0 (linux64) logging started Tue May  3 21:43:51 2022

Set parameter LogFile to value "/local_workspace/chenrui/LogFiles/MKAP/new1W_R10_M40_N100_seed9_DWcuts_600.log"
Gurobi Optimizer version 9.5.0 build v9.5.0rc5 (linux64)
Thread count: 56 physical cores, 56 logical processors, using up to 4 threads
Optimize a model with 940 rows, 4400 columns and 13080 nonzeros
Model fingerprint: 0xe368e37e
Variable types: 0 continuous, 4400 integer (4400 binary)
Coefficient statistics:
  Matrix range     [1e-13, 1e+03]
  Objective range  [6e+01, 9e+02]
  Bounds range     [1e+00, 1e+00]
  RHS range        [3e-14, 1e+01]
Warning: Model contains large matrix coefficient range
         Consider reformulating model or setting NumericFocus parameter
         to avoid numerical issues.
Found heuristic solution: objective 0.0000000
Presolve removed 117 rows and 1654 columns
Presolve time: 0.02s
Presolved: 823 rows, 2746 columns, 7739 nonzeros
Found heuristic solution: objective -15023.00000
Variable types: 0 continuous, 2746 integer (2746 binary)
Found heuristic solution: objective -15393.00000

Root relaxation: objective -2.940527e+04, 4036 iterations, 0.08 seconds (0.08 work units)

    Nodes    |    Current Node    |     Objective Bounds      |     Work
 Expl Unexpl |  Obj  Depth IntInf | Incumbent    BestBd   Gap | It/Node Time

     0     0 -29405.274    0  157 -15393.000 -29405.274  91.0%     -    0s
H    0     0                    -27287.00000 -29405.274  7.76%     -    0s
H    0     0                    -28098.00000 -29405.274  4.65%     -    0s
H    0     0                    -28269.00000 -29405.274  4.02%     -    0s
H    0     0                    -28396.00000 -29405.274  3.55%     -    0s
H    0     0                    -28602.00000 -29405.274  2.81%     -    0s
     0     0 -29405.274    0  136 -28602.000 -29405.274  2.81%     -    0s
H    0     0                    -29021.00000 -29405.274  1.32%     -    0s
H    0     0                    -29067.00000 -29405.274  1.16%     -    0s
     0     0 -29405.274    0  134 -29067.000 -29405.274  1.16%     -    0s
H    0     0                    -29109.00000 -29405.274  1.02%     -    0s
     0     0 -29405.274    0   86 -29109.000 -29405.274  1.02%     -    0s
     0     0 -29405.274    0   79 -29109.000 -29405.274  1.02%     -    0s
H    0     0                    -29190.00000 -29405.274  0.74%     -    0s
     0     0 -29405.274    0   92 -29190.000 -29405.274  0.74%     -    0s
     0     0 -29405.274    0  159 -29190.000 -29405.274  0.74%     -    0s
     0     0 -29405.274    0  105 -29190.000 -29405.274  0.74%     -    0s
     0     0 -29405.274    0  105 -29190.000 -29405.274  0.74%     -    0s
     0     2 -29405.274    0  105 -29190.000 -29405.274  0.74%     -    0s
H   99   113                    -29206.00000 -29405.274  0.68%   351    2s
H  101   113                    -29274.00000 -29405.274  0.45%   356    2s
H  308   293                    -29275.00000 -29405.274  0.44%   159    3s
H  308   291                    -29284.00000 -29405.274  0.41%   159    3s
   899   807 -29383.274   37   83 -29284.000 -29405.274  0.41%  89.9    5s
H 1129   919                    -29309.00000 -29405.274  0.33%  99.5    9s
  1229   968 -29400.972   29  174 -29309.000 -29405.274  0.33%   102   10s
  3138  1701 -29377.016   32  129 -29309.000 -29404.771  0.33%  75.8   15s
H 6890  3739                    -29330.00000 -29402.074  0.25%  62.1   19s
  7200  4301 -29348.576   85  104 -29330.000 -29402.054  0.25%  60.7   20s
 10549  6031 -29396.022   26  195 -29330.000 -29396.022  0.23%  54.3   25s
 11844  6378 -29336.396   51  139 -29330.000 -29385.423  0.19%  55.3   30s
 17197  7934 -29360.232   57   76 -29330.000 -29377.528  0.16%  53.9   35s
 20756  8207 -29376.165   37  189 -29330.000 -29376.165  0.16%  53.4   40s
 22049  8571 -29333.405   76  121 -29330.000 -29376.165  0.16%  53.7   45s
 29880 10461 -29364.333   59  119 -29330.000 -29376.165  0.16%  51.8   50s
 39543 12088 -29345.538   81  121 -29330.000 -29374.166  0.15%  49.4   55s
H40765 11363                    -29333.00000 -29373.779  0.14%  49.2   55s
H41152 10064                    -29338.00000 -29373.592  0.12%  49.1   55s
 42311 10019 -29340.706   81  105 -29338.000 -29373.187  0.12%  49.1   61s
 42348 10044 -29364.248   80  170 -29338.000 -29373.187  0.12%  49.0   65s
 42722 10074 -29373.187   77  132 -29338.000 -29373.187  0.12%  49.3   70s
 48194 10926 -29343.866   75  107 -29338.000 -29372.923  0.12%  48.3   75s
 58124 11827 -29357.102   76   43 -29338.000 -29367.140  0.10%  46.2   80s
 68080 11861     cutoff   94      -29338.000 -29363.747  0.09%  44.8   85s
 78467 14036     cutoff   93      -29338.000 -29362.262  0.08%  43.7   90s
 89241 17353 -29356.108  107  140 -29338.000 -29361.176  0.08%  42.7   95s
 99864 20133 -29349.368   91  124 -29338.000 -29359.784  0.07%  41.9  100s
 111276 22971 -29343.114   77   61 -29338.000 -29358.528  0.07%  41.1  105s
 123819 26844 -29351.161   92   64 -29338.000 -29357.460  0.07%  40.0  110s
 138162 32466 -29340.530   91   25 -29338.000 -29357.000  0.06%  38.7  115s
 147481 35858 -29352.814   76  155 -29338.000 -29357.000  0.06%  38.0  120s
 147512 35880 -29357.000   57  177 -29338.000 -29357.000  0.06%  38.0  125s
 148013 35944 -29357.000   83  154 -29338.000 -29357.000  0.06%  38.1  130s
 153591 37014 -29357.000   72   95 -29338.000 -29357.000  0.06%  38.2  135s
 165202 37812     cutoff   82      -29338.000 -29357.000  0.06%  38.2  140s
 168370 37638 -29357.000   67  199 -29338.000 -29357.000  0.06%  38.2  145s
 169377 37891 -29357.000   78  111 -29338.000 -29357.000  0.06%  38.2  150s
 177213 39481 -29352.552  104  134 -29338.000 -29357.000  0.06%  38.0  155s
 189797 40424 -29346.974  106  105 -29338.000 -29357.000  0.06%  37.9  160s
 189844 40453 -29357.000   78  144 -29338.000 -29357.000  0.06%  37.9  165s
 193288 41319 -29357.000  112   71 -29338.000 -29357.000  0.06%  37.9  170s
 205697 42670 -29355.273  106   31 -29338.000 -29357.000  0.06%  37.8  175s
 219675 43189     cutoff  102      -29338.000 -29357.000  0.06%  37.6  180s
 233115 43201 -29357.000   93   81 -29338.000 -29357.000  0.06%  37.4  185s
 248533 42337 -29357.000  106   19 -29338.000 -29357.000  0.06%  37.0  190s
 265952 42131     cutoff  117      -29338.000 -29357.000  0.06%  36.4  195s
 281788 40934     cutoff  108      -29338.000 -29357.000  0.06%  36.0  200s
 298068 40068 -29356.998  104   10 -29338.000 -29357.000  0.06%  35.6  205s
 315056 41876 -29342.299  102   77 -29338.000 -29357.000  0.06%  35.1  210s
 333280 48907 -29339.078  102   66 -29338.000 -29357.000  0.06%  34.6  215s
 350916 54871 -29356.068  103   87 -29338.000 -29357.000  0.06%  34.2  220s
 367662 59554     cutoff  112      -29338.000 -29357.000  0.06%  33.9  225s
 386112 65157     cutoff  118      -29338.000 -29357.000  0.06%  33.6  230s
 403437 70586 -29342.069  112   54 -29338.000 -29357.000  0.06%  33.3  235s
 419943 74663 -29353.802  107   51 -29338.000 -29357.000  0.06%  33.1  240s
 438077 78797 -29352.106  103   62 -29338.000 -29357.000  0.06%  32.9  245s
 454070 82365     cutoff  109      -29338.000 -29356.952  0.06%  32.8  250s
 471251 85685 -29339.999  110   58 -29338.000 -29356.534  0.06%  32.6  255s
 489043 89185 -29351.819  103  115 -29338.000 -29356.088  0.06%  32.4  260s
 506784 92337 -29346.190  121   58 -29338.000 -29355.671  0.06%  32.2  265s
 523801 94631 -29340.765  108   17 -29338.000 -29355.355  0.06%  32.1  270s
 541169 98600     cutoff  112      -29338.000 -29355.273  0.06%  32.0  275s
 557799 102572 -29343.581  113   80 -29338.000 -29355.202  0.06%  31.8  280s
 577478 106955 -29354.665  104   31 -29338.000 -29355.138  0.06%  31.6  285s
 595177 110018 -29344.202  114   49 -29338.000 -29355.073  0.06%  31.5  290s
 612268 112765     cutoff  112      -29338.000 -29354.985  0.06%  31.4  295s
 628818 115858     cutoff  101      -29338.000 -29354.890  0.06%  31.3  300s
 647639 118764     cutoff  112      -29338.000 -29354.778  0.06%  31.2  305s
 666392 121953     cutoff  120      -29338.000 -29354.632  0.06%  31.1  310s
 685479 125129 -29349.294  110   34 -29338.000 -29354.560  0.06%  30.9  315s
 703190 126996 -29341.520  124   18 -29338.000 -29354.436  0.06%  30.8  320s
 722120 128894 -29347.058  100   66 -29338.000 -29354.308  0.06%  30.7  325s
 741061 131227 -29351.279  117   51 -29338.000 -29354.197  0.06%  30.5  330s
 760742 133539 -29351.680  104   66 -29338.000 -29354.069  0.05%  30.4  335s
 779489 134971 -29348.191  111   60 -29338.000 -29353.927  0.05%  30.2  340s
 799429 137465 -29350.163  107   50 -29338.000 -29353.805  0.05%  30.1  345s
 820158 138209 -29351.223  114   35 -29338.000 -29353.636  0.05%  29.9  350s
 838595 138575 -29351.435  119   51 -29338.000 -29353.468  0.05%  29.8  355s
 859536 139145 -29345.890  111   45 -29338.000 -29353.274  0.05%  29.6  360s
 880707 139788 -29341.397  116   33 -29338.000 -29353.107  0.05%  29.5  365s
 900837 140330 -29347.607  119   46 -29338.000 -29352.950  0.05%  29.4  370s
 922277 140295     cutoff  106      -29338.000 -29352.765  0.05%  29.2  375s
 942908 140485 -29341.616  108   81 -29338.000 -29352.558  0.05%  29.1  380s
 963663 140232     cutoff  116      -29338.000 -29352.347  0.05%  28.9  385s
 985673 139420 -29340.364  111   43 -29338.000 -29352.117  0.05%  28.8  390s
 1007486 138891 -29344.564  112   20 -29338.000 -29351.912  0.05%  28.6  395s
 1028686 137894 -29340.669  116   50 -29338.000 -29351.684  0.05%  28.5  400s
 1049440 136908     cutoff  111      -29338.000 -29351.428  0.05%  28.4  405s
 1070575 135521     cutoff  103      -29338.000 -29351.154  0.04%  28.2  410s
 1092402 134094 -29346.358  103   96 -29338.000 -29350.882  0.04%  28.1  415s
 1115690 132167 -29345.230  100   45 -29338.000 -29350.586  0.04%  28.0  420s
 1135619 132987 -29347.308  126   48 -29338.000 -29350.570  0.04%  27.9  425s
 1155667 132710 -29349.277  107   13 -29338.000 -29350.496  0.04%  27.8  430s
 1178195 131094 -29344.359  104  110 -29338.000 -29350.330  0.04%  27.7  435s
 1199614 130247 -29349.296  118   68 -29338.000 -29350.135  0.04%  27.6  440s
 1222190 128567     cutoff  118      -29338.000 -29349.931  0.04%  27.5  445s
 1245294 126638 -29348.770  110   57 -29338.000 -29349.711  0.04%  27.4  450s
 1268563 125431     cutoff  125      -29338.000 -29349.510  0.04%  27.2  455s
 1291567 124856 -29346.215   98  112 -29338.000 -29349.346  0.04%  27.1  460s
 1316330 121018     cutoff  113      -29338.000 -29349.074  0.04%  27.0  465s
 1337960 117928 -29344.681  105   93 -29338.000 -29348.834  0.04%  26.9  470s
 1358739 115038 -29346.960  118  119 -29338.000 -29348.612  0.04%  26.8  475s
 1381964 111348 -29343.500  109   73 -29338.000 -29348.340  0.04%  26.7  480s
 1403593 106951 -29342.806  110   76 -29338.000 -29348.052  0.03%  26.6  485s
 1427555 102654     cutoff  109      -29338.000 -29347.729  0.03%  26.5  490s
 1450112 98455 -29346.776  124   69 -29338.000 -29347.465  0.03%  26.4  495s
 1473606 93828     cutoff  115      -29338.000 -29347.154  0.03%  26.3  500s
 1498738 89067     cutoff  113      -29338.000 -29346.832  0.03%  26.2  505s
 1520673 85003 -29342.043  111   16 -29338.000 -29346.546  0.03%  26.1  510s
 1544282 79854     cutoff   99      -29338.000 -29346.225  0.03%  26.0  515s
 1567381 74054     cutoff  111      -29338.000 -29345.872  0.03%  25.9  520s
 1593333 67864     cutoff  115      -29338.000 -29345.485  0.03%  25.8  525s
 1618080 61077     cutoff  119      -29338.000 -29345.083  0.02%  25.7  530s
 1644429 55041 -29344.103  118   39 -29338.000 -29344.668  0.02%  25.6  535s
 1668821 49132     cutoff  117      -29338.000 -29344.276  0.02%  25.5  540s
 1695474 42838 -29341.154  109   63 -29338.000 -29343.828  0.02%  25.3  545s
 1722980 35013     cutoff  101      -29338.000 -29343.287  0.02%  25.2  550s
 1750268 25737     cutoff  118      -29338.000 -29342.549  0.02%  25.0  555s
 1778587 14098 -29341.157  105   27 -29338.000 -29341.418  0.01%  24.9  560s

Cutting planes:
  Gomory: 12
  Cover: 92
  Clique: 21
  MIR: 21
  StrongCG: 13
  Flow cover: 33
  GUB cover: 1
  Zero half: 10

Explored 1788128 nodes (44345373 simplex iterations) in 561.41 seconds (759.42 work units)
Thread count was 4 (of 56 available processors)

Solution count 10: -29338 -29333 -29330 ... -29109

Optimal solution found (tolerance 1.00e-04)
Best objective -2.933800000000e+04, best bound -2.934000000000e+04, gap 0.0068%
