
Gurobi 9.5.0 (linux64) logging started Sat Jun 18 16:30:12 2022

Set parameter LogFile to value "/local_workspace/chenrui/LogFiles/MKAP/new1W_R25_M30_N300_seed2_DWcutsCT6_MultiCoreSimulation_600.log"
Gurobi Optimizer version 9.5.0 build v9.5.0rc5 (linux64)
Thread count: 56 physical cores, 56 logical processors, using up to 4 threads
Optimize a model with 34107 rows, 9750 columns and 431326 nonzeros
Model fingerprint: 0x679a2854
Variable types: 0 continuous, 9750 integer (9750 binary)
Coefficient statistics:
  Matrix range     [1e-13, 3e+04]
  Objective range  [6e+01, 9e+02]
  Bounds range     [1e+00, 1e+00]
  RHS range        [1e-05, 1e+00]
Warning: Model contains large matrix coefficient range
         Consider reformulating model or setting NumericFocus parameter
         to avoid numerical issues.

Loaded user MIP start with objective -90285

Presolve removed 8369 rows and 795 columns
Presolve time: 1.24s
Presolved: 25738 rows, 8955 columns, 299486 nonzeros
Variable types: 0 continuous, 8955 integer (8955 binary)

Root simplex log...

Iteration    Objective       Primal Inf.    Dual Inf.      Time
   14398   -9.1947440e+04   1.504456e+04   0.000000e+00      5s
   21808   -9.1478628e+04   0.000000e+00   0.000000e+00      9s

Root relaxation: objective -9.147863e+04, 21808 iterations, 8.19 seconds (17.10 work units)

    Nodes    |    Current Node    |     Objective Bounds      |     Work
 Expl Unexpl |  Obj  Depth IntInf | Incumbent    BestBd   Gap | It/Node Time

     0     0 -91478.628    0  719 -90285.000 -91478.628  1.32%     -    9s
     0     0 -91478.628    0  718 -90285.000 -91478.628  1.32%     -   11s
H    0     0                    -90785.00000 -91478.628  0.76%     -   19s
     0     0 -91478.249    0  740 -90785.000 -91478.249  0.76%     -   19s
H    0     0                    -90805.00000 -91478.249  0.74%     -   20s
     0     0 -91472.583    0  738 -90805.000 -91472.583  0.74%     -   21s
     0     0 -91472.583    0  738 -90805.000 -91472.583  0.74%     -   21s
     0     2 -91472.583    0  738 -90805.000 -91472.583  0.74%     -   24s
     3     8 -91472.056    2  729 -90805.000 -91472.583  0.74%   566   25s
    28    34 -91459.905    7  691 -90805.000 -91469.188  0.73%   950   30s
H   61    66                    -90829.00000 -91469.188  0.70%   833   35s
   164   145 -91142.246   26   76 -90829.000 -91469.188  0.70%   549   40s
   214   178 -91432.988    7  685 -90829.000 -91467.126  0.70%   573   45s
   313   284 -91414.081   14  659 -90829.000 -91467.126  0.70%   518   50s
H  382   294                    -90922.00000 -91467.126  0.60%   511   56s
   406   332 -91324.847   31  272 -90922.000 -91461.922  0.59%   528   60s
   511   391 -91437.021   10  676 -90922.000 -91460.231  0.59%   509   66s
   567   484 -91252.296   32  303 -90922.000 -91460.036  0.59%   534   71s
   636   487 -91439.666    5  694 -90922.000 -91460.036  0.59%   508   77s
   647   496 -91436.403    6  696 -90922.000 -91460.036  0.59%   511   80s
   668   527 -91414.486   12  688 -90922.000 -91460.036  0.59%   524   85s
   719   606 -91333.487   28  400 -90922.000 -91456.803  0.59%   540   90s
   826   701 -91386.252   16  363 -90922.000 -91454.405  0.59%   533   96s
   955   773 -91416.205    9  700 -90922.000 -91453.561  0.58%   525  102s
   999   816 -91382.326   14  529 -90922.000 -91453.561  0.58%   529  105s
  1057   817 -91131.728   27  738 -90922.000 -91453.561  0.58%   525  125s
  1059   818 -91346.533   17  683 -90922.000 -91453.561  0.58%   524  138s
  1060   819 -91446.906    6  703 -90922.000 -91453.561  0.58%   524  145s
  1062   820 -91394.406   13  706 -90922.000 -91453.561  0.58%   523  157s
  1064   822 -90994.617   49  706 -90922.000 -91453.561  0.58%   522  169s
  1065   825 -91453.561   13  742 -90922.000 -91453.561  0.58%   553  214s
  1067   829 -91453.561   14  811 -90922.000 -91453.561  0.58%   554  230s
  1075   834 -91414.924   15  755 -90922.000 -91453.561  0.58%   555  235s
  1087   843 -91453.561   17  766 -90922.000 -91453.561  0.58%   560  241s
  1098   848 -91453.561   19  814 -90922.000 -91453.561  0.58%   565  245s
  1109   854 -91453.561   20  781 -90922.000 -91453.561  0.58%   570  250s
  1122   859 -91443.974   21  713 -90922.000 -91453.561  0.58%   574  255s
  1139   874 -91447.339   23  757 -90922.000 -91453.561  0.58%   580  261s
  1161   889 -91441.742   26  827 -90922.000 -91453.561  0.58%   587  266s
  1184   914 -91429.108   28  780 -90922.000 -91453.561  0.58%   594  272s
  1201   925 -91417.958   31  775 -90922.000 -91453.561  0.58%   600  276s
  1235   952 -91388.178   35  647 -90922.000 -91453.561  0.58%   610  287s
  1256   965 -91381.541   38  669 -90922.000 -91453.561  0.58%   613  291s
  1276   968 -91355.185   40  648 -90922.000 -91453.561  0.58%   621  297s
  1286   991 -91357.601   41  620 -90922.000 -91453.561  0.58%   624  301s
  1312  1000 -91335.750   44  597 -90922.000 -91453.561  0.58%   628  306s
  1330  1021 -91331.795   47  650 -90922.000 -91453.561  0.58%   633  310s
  1387  1057 -91304.717   55  506 -90922.000 -91453.561  0.58%   645  318s
H 1393  1013                    -90968.00000 -91453.561  0.53%   645  318s
  1418  1034 -91291.459   58  615 -90968.000 -91453.561  0.53%   648  322s
  1454  1065 -91280.141   63  503 -90968.000 -91453.561  0.53%   653  327s
  1509  1098 -91257.384   68  557 -90968.000 -91453.561  0.53%   647  331s
  1575  1121 -91196.992   75  433 -90968.000 -91453.561  0.53%   641  335s
  1633  1159 -91224.313   81  333 -90968.000 -91453.561  0.53%   635  340s
  1713  1157 -91216.351   88  387 -90968.000 -91453.561  0.53%   629  346s
  1744  1198 -91211.738   90  380 -90968.000 -91453.561  0.53%   624  351s
  1925  1235 -91176.497  106  306 -90968.000 -91453.561  0.53%   603  359s
  2043  1230 -91058.438  130  274 -90968.000 -91453.561  0.53%   589  364s
  2124  1256 -91334.344   23  648 -90968.000 -91453.561  0.53%   584  367s
  2179  1280 -91199.756   41  612 -90968.000 -91453.561  0.53%   583  376s
H 2187  1203                    -90997.00000 -91453.561  0.50%   582  376s
  2221  1199 -91174.723   50  583 -90997.000 -91453.561  0.50%   582  383s
  2231  1260 -91151.628   51  580 -90997.000 -91453.561  0.50%   580  388s
  2321  1301 -91077.571   73  397 -90997.000 -91453.561  0.50%   576  393s
  2429  1289 -91342.887   19  702 -90997.000 -91453.561  0.50%   569  395s

Cutting planes:
  Cover: 19
  Clique: 11
  MIR: 1
  Zero half: 2

Explored 2453 nodes (1413440 simplex iterations) in 395.64 seconds (930.15 work units)
Thread count was 4 (of 56 available processors)

Solution count 7: -90997 -90968 -90922 ... -90285

Time limit reached
Best objective -9.099700000000e+04, best bound -9.145300000000e+04, gap 0.5011%
