
Gurobi 9.5.0 (linux64) logging started Sat Jun 18 18:25:57 2022

Set parameter LogFile to value "/local_workspace/chenrui/LogFiles/MKAP/new1W_R25_M10_N300_seed5_DWcutsCTp2_600.log"
Gurobi Optimizer version 9.5.0 build v9.5.0rc5 (linux64)
Thread count: 56 physical cores, 56 logical processors, using up to 4 threads
Optimize a model with 1495 rows, 3250 columns and 18170 nonzeros
Model fingerprint: 0x8775c055
Variable types: 0 continuous, 3250 integer (3250 binary)
Coefficient statistics:
  Matrix range     [1e-13, 1e+04]
  Objective range  [3e+01, 9e+02]
  Bounds range     [1e+00, 1e+00]
  RHS range        [1e-05, 1e+00]
Warning: Model contains large matrix coefficient range
         Consider reformulating model or setting NumericFocus parameter
         to avoid numerical issues.
Found heuristic solution: objective 0.0000000
Presolve removed 34 rows and 378 columns
Presolve time: 0.03s
Presolved: 1461 rows, 2872 columns, 15317 nonzeros
Found heuristic solution: objective -7343.000000
Variable types: 0 continuous, 2872 integer (2872 binary)

Root relaxation: objective -5.170000e+04, 6759 iterations, 0.20 seconds (0.20 work units)

    Nodes    |    Current Node    |     Objective Bounds      |     Work
 Expl Unexpl |  Obj  Depth IntInf | Incumbent    BestBd   Gap | It/Node Time

     0     0 -51700.004    0  112 -7343.0000 -51700.004   604%     -    0s
H    0     0                    -45285.00000 -51700.004  14.2%     -    0s
H    0     0                    -51700.00000 -51700.004  0.00%     -    0s
     0     0 -51700.004    0  112 -51700.000 -51700.004  0.00%     -    0s

Explored 1 nodes (7179 simplex iterations) in 0.28 seconds (0.28 work units)
Thread count was 4 (of 56 available processors)

Solution count 4: -51700 -45285 -7343 0 
No other solutions better than -51700

Optimal solution found (tolerance 1.00e-04)
Best objective -5.170000000150e+04, best bound -5.170000000150e+04, gap 0.0000%
