
Gurobi 9.5.0 (linux64) logging started Tue Jun 21 04:03:18 2022

Set parameter LogFile to value "/local_workspace/chenrui/LogFiles/MKAP/new1W_R25_M40_N100_seed9_DWcutsCTp4_600.log"
Gurobi Optimizer version 9.5.0 build v9.5.0rc5 (linux64)
Thread count: 56 physical cores, 56 logical processors, using up to 4 threads
Optimize a model with 3037 rows, 5000 columns and 16898 nonzeros
Model fingerprint: 0xd63ac43a
Variable types: 0 continuous, 5000 integer (5000 binary)
Coefficient statistics:
  Matrix range     [1e-13, 2e+03]
  Objective range  [6e+01, 9e+02]
  Bounds range     [1e+00, 1e+00]
  RHS range        [1e-05, 1e+00]
Warning: Model contains large matrix coefficient range
         Consider reformulating model or setting NumericFocus parameter
         to avoid numerical issues.
Found heuristic solution: objective 0.0000000
Presolve removed 1274 rows and 2053 columns
Presolve time: 0.04s
Presolved: 1763 rows, 2947 columns, 8526 nonzeros
Found heuristic solution: objective -20563.00000
Variable types: 0 continuous, 2947 integer (2947 binary)

Root relaxation: objective -2.891884e+04, 3353 iterations, 0.05 seconds (0.05 work units)

    Nodes    |    Current Node    |     Objective Bounds      |     Work
 Expl Unexpl |  Obj  Depth IntInf | Incumbent    BestBd   Gap | It/Node Time

     0     0 -28918.841    0  262 -20563.000 -28918.841  40.6%     -    0s
H    0     0                    -27968.00000 -28918.841  3.40%     -    0s
H    0     0                    -28041.00000 -28918.841  3.13%     -    0s
H    0     0                    -28280.00000 -28918.841  2.26%     -    0s
H    0     0                    -28816.00002 -28918.841  0.36%     -    0s
     0     0 -28915.647    0  236 -28816.000 -28915.647  0.35%     -    0s
     0     0 -28915.647    0  130 -28816.000 -28915.647  0.35%     -    0s
H    0     0                    -28907.00005 -28915.647  0.03%     -    0s
H    0     0                    -28910.00005 -28915.647  0.02%     -    0s
     0     0     cutoff    0      -28910.000 -28910.000  0.00%     -    0s

Cutting planes:
  Gomory: 23
  Cover: 2
  Clique: 5

Explored 1 nodes (5164 simplex iterations) in 0.31 seconds (0.21 work units)
Thread count was 4 (of 56 available processors)

Solution count 9: -28910 -28907 -28816 ... 0

Optimal solution found (tolerance 1.00e-04)
Best objective -2.891000000000e+04, best bound -2.891000009652e+04, gap 0.0000%
