
Gurobi 9.5.0 (linux64) logging started Mon Jun 20 09:07:46 2022

Set parameter LogFile to value "/local_workspace/chenrui/LogFiles/MKAP/new1W_R5_M10_N50_seed1_DWcutsCTp1_600.log"
Gurobi Optimizer version 9.5.0 build v9.5.0rc5 (linux64)
Thread count: 56 physical cores, 56 logical processors, using up to 4 threads
Optimize a model with 198 rows, 550 columns and 2009 nonzeros
Model fingerprint: 0x58e45128
Variable types: 0 continuous, 550 integer (550 binary)
Coefficient statistics:
  Matrix range     [1e-13, 2e+03]
  Objective range  [2e+02, 9e+02]
  Bounds range     [1e+00, 1e+00]
  RHS range        [1e-05, 1e+00]
Warning: Model contains large matrix coefficient range
         Consider reformulating model or setting NumericFocus parameter
         to avoid numerical issues.
Found heuristic solution: objective 0.0000000
Presolve removed 25 rows and 173 columns
Presolve time: 0.00s
Presolved: 173 rows, 377 columns, 1427 nonzeros
Found heuristic solution: objective -6913.000000
Variable types: 0 continuous, 377 integer (377 binary)

Root relaxation: objective -1.627400e+04, 679 iterations, 0.01 seconds (0.01 work units)

    Nodes    |    Current Node    |     Objective Bounds      |     Work
 Expl Unexpl |  Obj  Depth IntInf | Incumbent    BestBd   Gap | It/Node Time

     0     0 -16274.003    0   44 -6913.0000 -16274.003   135%     -    0s
H    0     0                    -16274.00000 -16274.003  0.00%     -    0s
     0     0 -16274.003    0   44 -16274.000 -16274.003  0.00%     -    0s

Explored 1 nodes (681 simplex iterations) in 0.02 seconds (0.01 work units)
Thread count was 4 (of 56 available processors)

Solution count 3: -16274 -6913 0 
No other solutions better than -16274

Optimal solution found (tolerance 1.00e-04)
Best objective -1.627400000000e+04, best bound -1.627400000000e+04, gap 0.0000%
