
Gurobi 9.5.0 (linux64) logging started Fri Apr 29 08:36:42 2022

Set parameter LogFile to value "/local_workspace/chenrui/LogFiles/MKAP/new1W_R25_M10_N200_seed7_original_600.log"
Gurobi Optimizer version 9.5.0 build v9.5.0rc5 (linux64)
Thread count: 56 physical cores, 56 logical processors, using up to 4 threads
Optimize a model with 460 rows, 2250 columns and 4500 nonzeros
Model fingerprint: 0x72fca707
Variable types: 0 continuous, 2250 integer (2250 binary)
Coefficient statistics:
  Matrix range     [1e+00, 9e+03]
  Objective range  [2e+01, 1e+03]
  Bounds range     [1e+00, 1e+00]
  RHS range        [1e+00, 1e+00]
Found heuristic solution: objective 0.0000000
Presolve removed 15 rows and 132 columns
Presolve time: 0.01s
Presolved: 445 rows, 2118 columns, 4236 nonzeros
Variable types: 0 continuous, 2118 integer (2118 binary)
Found heuristic solution: objective -28447.00000

Root relaxation: objective -4.797008e+04, 1339 iterations, 0.01 seconds (0.01 work units)

    Nodes    |    Current Node    |     Objective Bounds      |     Work
 Expl Unexpl |  Obj  Depth IntInf | Incumbent    BestBd   Gap | It/Node Time

     0     0 -47970.078    0   60 -28447.000 -47970.078  68.6%     -    0s
H    0     0                    -31751.00000 -47970.078  51.1%     -    0s
H    0     0                    -36631.00000 -47970.078  31.0%     -    0s
H    0     0                    -39757.00000 -47970.078  20.7%     -    0s
     0     0 -47714.496    0  127 -39757.000 -47714.496  20.0%     -    0s
     0     0 -47653.880    0  120 -39757.000 -47653.880  19.9%     -    0s
     0     0 -47648.767    0  135 -39757.000 -47648.767  19.9%     -    0s
     0     0 -47167.547    0  142 -39757.000 -47167.547  18.6%     -    0s
     0     0 -47151.399    0  146 -39757.000 -47151.399  18.6%     -    0s
     0     0 -47147.554    0  152 -39757.000 -47147.554  18.6%     -    0s
     0     0 -47147.554    0  154 -39757.000 -47147.554  18.6%     -    0s
     0     0 -46792.506    0  164 -39757.000 -46792.506  17.7%     -    0s
     0     0 -46755.394    0  193 -39757.000 -46755.394  17.6%     -    0s
H    0     0                    -39875.00000 -46662.949  17.0%     -    0s
     0     0 -46662.949    0  175 -39875.000 -46662.949  17.0%     -    0s
     0     0 -46662.616    0  178 -39875.000 -46662.616  17.0%     -    0s
     0     0 -46208.620    0  183 -39875.000 -46208.620  15.9%     -    0s
     0     0 -46159.318    0  199 -39875.000 -46159.318  15.8%     -    0s
     0     0 -46014.253    0  212 -39875.000 -46014.253  15.4%     -    0s
     0     0 -46007.516    0  223 -39875.000 -46007.516  15.4%     -    0s
     0     0 -45947.710    0  233 -39875.000 -45947.710  15.2%     -    0s
     0     0 -45923.093    0  235 -39875.000 -45923.093  15.2%     -    0s
     0     0 -45916.738    0  243 -39875.000 -45916.738  15.2%     -    0s
     0     0 -45911.605    0  241 -39875.000 -45911.605  15.1%     -    0s
     0     0 -45911.317    0  229 -39875.000 -45911.317  15.1%     -    0s
     0     0 -45551.874    0  248 -39875.000 -45551.874  14.2%     -    0s
     0     0 -45358.503    0  249 -39875.000 -45358.503  13.8%     -    0s
     0     0 -45326.814    0  217 -39875.000 -45326.814  13.7%     -    0s
     0     0 -45148.644    0  234 -39875.000 -45148.644  13.2%     -    0s
     0     0 -45052.150    0  234 -39875.000 -45052.150  13.0%     -    0s
     0     0 -45033.106    0  232 -39875.000 -45033.106  12.9%     -    0s
     0     0 -45007.105    0  225 -39875.000 -45007.105  12.9%     -    0s
     0     0 -45006.957    0  242 -39875.000 -45006.957  12.9%     -    0s
     0     0 -44067.007    0  281 -39875.000 -44067.007  10.5%     -    0s
     0     0 -43858.323    0  255 -39875.000 -43858.323  10.0%     -    0s
     0     0 -43797.180    0  271 -39875.000 -43797.180  9.84%     -    0s
     0     0 -43717.677    0  291 -39875.000 -43717.677  9.64%     -    0s
     0     0 -43681.530    0  293 -39875.000 -43681.530  9.55%     -    0s
     0     0 -43597.287    0  283 -39875.000 -43597.287  9.33%     -    0s
     0     0 -43553.059    0  321 -39875.000 -43553.059  9.22%     -    0s
     0     0 -43518.712    0  303 -39875.000 -43518.712  9.14%     -    0s
     0     0 -43485.268    0  285 -39875.000 -43485.268  9.05%     -    0s
     0     0 -43467.703    0  273 -39875.000 -43467.703  9.01%     -    0s
     0     0 -43466.149    0  291 -39875.000 -43466.149  9.01%     -    0s
     0     0 -42651.541    0  252 -39875.000 -42651.541  6.96%     -    0s
     0     0 -42571.731    0  243 -39875.000 -42571.731  6.76%     -    0s
     0     0 -42487.115    0  232 -39875.000 -42487.115  6.55%     -    0s
     0     0 -42479.283    0  251 -39875.000 -42479.283  6.53%     -    0s
     0     0 -42012.974    0  229 -39875.000 -42012.974  5.36%     -    0s
     0     0 -41930.696    0  211 -39875.000 -41930.696  5.16%     -    0s
     0     0 -41919.324    0  205 -39875.000 -41919.324  5.13%     -    0s
     0     0 -41172.990    0  241 -39875.000 -41172.990  3.26%     -    0s
     0     0 -40944.636    0  245 -39875.000 -40944.636  2.68%     -    0s
     0     0 -40695.589    0  237 -39875.000 -40695.589  2.06%     -    0s
     0     0 -40674.020    0  220 -39875.000 -40674.020  2.00%     -    0s
     0     0 -40555.213    0  207 -39875.000 -40555.213  1.71%     -    0s
     0     0 -40541.821    0  215 -39875.000 -40541.821  1.67%     -    0s
     0     0 -40378.753    0  214 -39875.000 -40378.753  1.26%     -    0s
     0     0 -40303.643    0  143 -39875.000 -40303.643  1.07%     -    0s
     0     0 -39948.377    0   89 -39875.000 -39948.377  0.18%     -    0s
     0     0 -39946.199    0  116 -39875.000 -39946.199  0.18%     -    0s
     0     0 -39924.604    0   77 -39875.000 -39924.604  0.12%     -    0s
     0     0 -39924.604    0   14 -39875.000 -39924.604  0.12%     -    1s

Cutting planes:
  Gomory: 1
  Cover: 7
  Clique: 52
  MIR: 1
  StrongCG: 2

Explored 1 nodes (11265 simplex iterations) in 1.02 seconds (0.69 work units)
Thread count was 4 (of 56 available processors)

Solution count 6: -39875 -39757 -36631 ... 0
No other solutions better than -39875

Optimal solution found (tolerance 1.00e-04)
Best objective -3.987500000000e+04, best bound -3.987500000000e+04, gap 0.0000%
