
Gurobi 9.5.0 (linux64) logging started Thu Apr 28 15:40:41 2022

Set parameter LogFile to value "/local_workspace/chenrui/LogFiles/MKAP/new1W_R10_M10_N100_seed10_DWcutsCT3_600.log"
Gurobi Optimizer version 9.5.0 build v9.5.0rc5 (linux64)
Thread count: 56 physical cores, 56 logical processors, using up to 4 threads
Optimize a model with 894 rows, 1100 columns and 9447 nonzeros
Model fingerprint: 0x8b90b72e
Variable types: 0 continuous, 1100 integer (1100 binary)
Coefficient statistics:
  Matrix range     [1e-13, 7e+03]
  Objective range  [1e+02, 9e+02]
  Bounds range     [1e+00, 1e+00]
  RHS range        [1e+00, 1e+00]
Warning: Model contains large matrix coefficient range
         Consider reformulating model or setting NumericFocus parameter
         to avoid numerical issues.
Found heuristic solution: objective 0.0000000
Presolve removed 56 rows and 135 columns
Presolve time: 0.03s
Presolved: 838 rows, 965 columns, 8209 nonzeros
Found heuristic solution: objective -5579.000000
Variable types: 0 continuous, 965 integer (965 binary)

Root relaxation: objective -3.233200e+04, 2501 iterations, 0.09 seconds (0.09 work units)

    Nodes    |    Current Node    |     Objective Bounds      |     Work
 Expl Unexpl |  Obj  Depth IntInf | Incumbent    BestBd   Gap | It/Node Time

*    0     0               0    -32332.00000 -32332.000  0.00%     -    0s

Explored 1 nodes (2501 simplex iterations) in 0.13 seconds (0.13 work units)
Thread count was 4 (of 56 available processors)

Solution count 3: -32332 -5579 0 
No other solutions better than -32332

Optimal solution found (tolerance 1.00e-04)
Best objective -3.233200000000e+04, best bound -3.233200000000e+04, gap 0.0000%

Gurobi 9.5.0 (linux64) logging started Thu Apr 28 17:35:10 2022

Set parameter LogFile to value "/local_workspace/chenrui/LogFiles/MKAP/new1W_R10_M10_N100_seed10_DWcutsCT3_600.log"
Gurobi Optimizer version 9.5.0 build v9.5.0rc5 (linux64)
Thread count: 56 physical cores, 56 logical processors, using up to 4 threads
Optimize a model with 894 rows, 1100 columns and 9447 nonzeros
Model fingerprint: 0x8b90b72e
Variable types: 0 continuous, 1100 integer (1100 binary)
Coefficient statistics:
  Matrix range     [1e-13, 7e+03]
  Objective range  [1e+02, 9e+02]
  Bounds range     [1e+00, 1e+00]
  RHS range        [1e+00, 1e+00]
Warning: Model contains large matrix coefficient range
         Consider reformulating model or setting NumericFocus parameter
         to avoid numerical issues.
Found heuristic solution: objective 0.0000000
Presolve removed 56 rows and 135 columns
Presolve time: 0.03s
Presolved: 838 rows, 965 columns, 8209 nonzeros
Found heuristic solution: objective -5579.000000
Variable types: 0 continuous, 965 integer (965 binary)

Root relaxation: objective -3.233200e+04, 2501 iterations, 0.09 seconds (0.09 work units)

    Nodes    |    Current Node    |     Objective Bounds      |     Work
 Expl Unexpl |  Obj  Depth IntInf | Incumbent    BestBd   Gap | It/Node Time

*    0     0               0    -32332.00000 -32332.000  0.00%     -    0s

Explored 1 nodes (2501 simplex iterations) in 0.13 seconds (0.13 work units)
Thread count was 4 (of 56 available processors)

Solution count 3: -32332 -5579 0 
No other solutions better than -32332

Optimal solution found (tolerance 1.00e-04)
Best objective -3.233200000000e+04, best bound -3.233200000000e+04, gap 0.0000%

Gurobi 9.5.0 (linux64) logging started Thu Apr 28 23:33:47 2022

Set parameter LogFile to value "/local_workspace/chenrui/LogFiles/MKAP/new1W_R10_M10_N100_seed10_DWcutsCT3_600.log"
Gurobi Optimizer version 9.5.0 build v9.5.0rc5 (linux64)
Thread count: 56 physical cores, 56 logical processors, using up to 4 threads
Optimize a model with 894 rows, 1100 columns and 9440 nonzeros
Model fingerprint: 0xb4cc1860
Variable types: 0 continuous, 1100 integer (1100 binary)
Coefficient statistics:
  Matrix range     [1e-13, 7e+03]
  Objective range  [1e+02, 9e+02]
  Bounds range     [1e+00, 1e+00]
  RHS range        [6e-14, 1e+00]
Warning: Model contains large matrix coefficient range
         Consider reformulating model or setting NumericFocus parameter
         to avoid numerical issues.
Found heuristic solution: objective 0.0000000
Presolve removed 56 rows and 135 columns
Presolve time: 0.03s
Presolved: 838 rows, 965 columns, 8208 nonzeros
Found heuristic solution: objective -5579.000000
Variable types: 0 continuous, 965 integer (965 binary)

Root relaxation: objective -3.233200e+04, 2406 iterations, 0.08 seconds (0.09 work units)

    Nodes    |    Current Node    |     Objective Bounds      |     Work
 Expl Unexpl |  Obj  Depth IntInf | Incumbent    BestBd   Gap | It/Node Time

*    0     0               0    -32332.00000 -32332.000  0.00%     -    0s

Explored 1 nodes (2406 simplex iterations) in 0.13 seconds (0.13 work units)
Thread count was 4 (of 56 available processors)

Solution count 3: -32332 -5579 0 
No other solutions better than -32332

Optimal solution found (tolerance 1.00e-04)
Best objective -3.233200000000e+04, best bound -3.233200000000e+04, gap 0.0000%

Gurobi 9.5.0 (linux64) logging started Fri Apr 29 21:02:55 2022

Set parameter LogFile to value "/local_workspace/chenrui/LogFiles/MKAP/new1W_R10_M10_N100_seed10_DWcutsCT3_600.log"
Gurobi Optimizer version 9.5.0 build v9.5.0rc5 (linux64)
Thread count: 56 physical cores, 56 logical processors, using up to 4 threads
Optimize a model with 894 rows, 1100 columns and 9440 nonzeros
Model fingerprint: 0xb4cc1860
Variable types: 0 continuous, 1100 integer (1100 binary)
Coefficient statistics:
  Matrix range     [1e-13, 7e+03]
  Objective range  [1e+02, 9e+02]
  Bounds range     [1e+00, 1e+00]
  RHS range        [6e-14, 1e+00]
Warning: Model contains large matrix coefficient range
         Consider reformulating model or setting NumericFocus parameter
         to avoid numerical issues.
Found heuristic solution: objective 0.0000000
Presolve removed 56 rows and 135 columns
Presolve time: 0.03s
Presolved: 838 rows, 965 columns, 8208 nonzeros
Found heuristic solution: objective -5579.000000
Variable types: 0 continuous, 965 integer (965 binary)

Root relaxation: objective -3.233200e+04, 2406 iterations, 0.08 seconds (0.09 work units)

    Nodes    |    Current Node    |     Objective Bounds      |     Work
 Expl Unexpl |  Obj  Depth IntInf | Incumbent    BestBd   Gap | It/Node Time

*    0     0               0    -32332.00000 -32332.000  0.00%     -    0s

Explored 1 nodes (2406 simplex iterations) in 0.13 seconds (0.13 work units)
Thread count was 4 (of 56 available processors)

Solution count 3: -32332 -5579 0 
No other solutions better than -32332

Optimal solution found (tolerance 1.00e-04)
Best objective -3.233200000000e+04, best bound -3.233200000000e+04, gap 0.0000%
