
Gurobi 9.5.0 (linux64) logging started Fri Apr 29 23:32:27 2022

Set parameter LogFile to value "/local_workspace/chenrui/LogFiles/MKAP/new1W_R25_M20_N300_seed5_DWcutsCT_600.log"
Gurobi Optimizer version 9.5.0 build v9.5.0rc5 (linux64)
Thread count: 56 physical cores, 56 logical processors, using up to 4 threads
Optimize a model with 1320 rows, 6500 columns and 19497 nonzeros
Model fingerprint: 0x7a3f1e34
Variable types: 0 continuous, 6500 integer (6500 binary)
Coefficient statistics:
  Matrix range     [2e-13, 7e+03]
  Objective range  [3e+01, 9e+02]
  Bounds range     [1e+00, 1e+00]
  RHS range        [2e-13, 1e+00]
Warning: Model contains large matrix coefficient range
         Consider reformulating model or setting NumericFocus parameter
         to avoid numerical issues.
Found heuristic solution: objective 0.0000000
Presolve removed 43 rows and 659 columns
Presolve time: 0.04s
Presolved: 1277 rows, 5841 columns, 17482 nonzeros
Found heuristic solution: objective -7075.000000
Variable types: 0 continuous, 5841 integer (5841 binary)

Root relaxation: objective -8.106735e+04, 9260 iterations, 0.30 seconds (0.26 work units)

    Nodes    |    Current Node    |     Objective Bounds      |     Work
 Expl Unexpl |  Obj  Depth IntInf | Incumbent    BestBd   Gap | It/Node Time

     0     0 -81067.355    0   61 -7075.0000 -81067.355  1046%     -    0s
H    0     0                    -74066.00000 -81067.355  9.45%     -    0s
H    0     0                    -78039.00000 -81067.355  3.88%     -    0s
H    0     0                    -78086.00000 -81067.355  3.82%     -    0s
H    0     0                    -78265.00008 -81067.355  3.58%     -    0s
H    0     0                    -79329.00000 -81067.355  2.19%     -    0s
     0     0 -81067.355    0  183 -79329.000 -81067.355  2.19%     -    0s
H    0     0                    -79673.00000 -81067.355  1.75%     -    0s
     0     0 -81067.355    0  161 -79673.000 -81067.355  1.75%     -    0s
     0     0 -81067.355    0   52 -79673.000 -81067.355  1.75%     -    0s
     0     0 -81067.355    0   71 -79673.000 -81067.355  1.75%     -    0s
     0     0 -81067.355    0   56 -79673.000 -81067.355  1.75%     -    0s
     0     0 -81067.355    0   50 -79673.000 -81067.355  1.75%     -    0s
H    0     0                    -80196.00000 -81067.355  1.09%     -    1s
     0     2 -81067.355    0   48 -80196.000 -81067.355  1.09%     -    1s
H   28    28                    -80226.00020 -81067.355  1.05%  96.1    1s
H   87    80                    -80351.00000 -81067.355  0.89%  97.7    2s
H   89    80                    -80670.00000 -81067.355  0.49%  96.4    2s
H  123    75                    -80759.00000 -81067.355  0.38%  93.9    3s
H  151    94                    -80870.00000 -81067.355  0.24%  90.9    3s
H  357   180                    -81018.00000 -81067.355  0.06%   108    4s
   494    39 -81067.355   84  103 -81018.000 -81067.355  0.06%  88.7    5s
H  758    64                    -81035.00000 -81067.355  0.04%  90.2    5s
H  873    72                    -81045.00000 -81067.355  0.03%  88.1    6s
H 1046    79                    -81053.00000 -81067.355  0.02%  89.3    6s
H 1206    60                    -81060.00000 -81067.355  0.01%  83.2    6s

Cutting planes:
  Gomory: 26
  Cover: 337
  Clique: 489
  MIR: 20
  StrongCG: 33

Explored 1297 nodes (123900 simplex iterations) in 6.81 seconds (9.38 work units)
Thread count was 4 (of 56 available processors)

Solution count 10: -81060 -81053 -81045 ... -80226

Optimal solution found (tolerance 1.00e-04)
Best objective -8.106000000000e+04, best bound -8.106700000000e+04, gap 0.0086%
