
Gurobi 9.5.0 (linux64) logging started Fri Apr 29 22:06:03 2022

Set parameter LogFile to value "/local_workspace/chenrui/LogFiles/MKAP/new1W_R25_M10_N100_seed3_DWcutsCT3_600.log"
Gurobi Optimizer version 9.5.0 build v9.5.0rc5 (linux64)
Thread count: 56 physical cores, 56 logical processors, using up to 4 threads
Optimize a model with 1887 rows, 1250 columns and 6947 nonzeros
Model fingerprint: 0x91148834
Variable types: 0 continuous, 1250 integer (1250 binary)
Coefficient statistics:
  Matrix range     [1e-13, 4e+03]
  Objective range  [5e+01, 9e+02]
  Bounds range     [1e+00, 1e+00]
  RHS range        [7e-15, 1e+00]
Warning: Model contains large matrix coefficient range
         Consider reformulating model or setting NumericFocus parameter
         to avoid numerical issues.
Found heuristic solution: objective 0.0000000
Presolve removed 878 rows and 94 columns
Presolve time: 0.01s
Presolved: 1009 rows, 1156 columns, 3368 nonzeros
Found heuristic solution: objective -3195.000000
Variable types: 0 continuous, 1156 integer (1156 binary)

Root relaxation: objective -2.101700e+04, 1310 iterations, 0.01 seconds (0.01 work units)

    Nodes    |    Current Node    |     Objective Bounds      |     Work
 Expl Unexpl |  Obj  Depth IntInf | Incumbent    BestBd   Gap | It/Node Time

*    0     0               0    -21017.00000 -21017.000  0.00%     -    0s

Explored 1 nodes (1310 simplex iterations) in 0.03 seconds (0.02 work units)
Thread count was 4 (of 56 available processors)

Solution count 3: -21017 -3195 0 
No other solutions better than -21017

Optimal solution found (tolerance 1.00e-04)
Best objective -2.101699999994e+04, best bound -2.101699999994e+04, gap 0.0000%
