
Gurobi 9.5.0 (linux64) logging started Fri Apr 29 22:49:52 2022

Set parameter LogFile to value "/local_workspace/chenrui/LogFiles/MKAP/new1W_R25_M20_N200_seed5_DWcutsCT3_600.log"
Gurobi Optimizer version 9.5.0 build v9.5.0rc5 (linux64)
Thread count: 56 physical cores, 56 logical processors, using up to 4 threads
Optimize a model with 4174 rows, 4500 columns and 37612 nonzeros
Model fingerprint: 0xfbfc55a0
Variable types: 0 continuous, 4500 integer (4500 binary)
Coefficient statistics:
  Matrix range     [1e-13, 7e+03]
  Objective range  [4e+01, 9e+02]
  Bounds range     [1e+00, 1e+00]
  RHS range        [2e-16, 1e+00]
Warning: Model contains large matrix coefficient range
         Consider reformulating model or setting NumericFocus parameter
         to avoid numerical issues.
Found heuristic solution: objective 0.0000000
Presolve removed 361 rows and 314 columns
Presolve time: 0.08s
Presolved: 3813 rows, 4186 columns, 29158 nonzeros
Found heuristic solution: objective -5020.000000
Variable types: 0 continuous, 4186 integer (4186 binary)

Root relaxation: objective -5.631800e+04, 9958 iterations, 0.84 seconds (0.77 work units)

    Nodes    |    Current Node    |     Objective Bounds      |     Work
 Expl Unexpl |  Obj  Depth IntInf | Incumbent    BestBd   Gap | It/Node Time

*    0     0               0    -56318.00000 -56318.000  0.00%     -    0s

Explored 1 nodes (9958 simplex iterations) in 0.94 seconds (0.86 work units)
Thread count was 4 (of 56 available processors)

Solution count 3: -56318 -5020 0 
No other solutions better than -56318

Optimal solution found (tolerance 1.00e-04)
Best objective -5.631799999998e+04, best bound -5.631799999998e+04, gap 0.0000%
