
Gurobi 9.5.0 (linux64) logging started Sat Apr 30 08:11:05 2022

Set parameter LogFile to value "/local_workspace/chenrui/LogFiles/MKAP/new1W_R25_M30_N300_seed8_original_600.log"
Gurobi Optimizer version 9.5.0 build v9.5.0rc5 (linux64)
Thread count: 56 physical cores, 56 logical processors, using up to 4 threads
Optimize a model with 1080 rows, 9750 columns and 19500 nonzeros
Model fingerprint: 0xadb5e082
Variable types: 0 continuous, 9750 integer (9750 binary)
Coefficient statistics:
  Matrix range     [1e+00, 4e+03]
  Objective range  [2e+01, 1e+03]
  Bounds range     [1e+00, 1e+00]
  RHS range        [1e+00, 1e+00]
Found heuristic solution: objective 0.0000000
Presolve removed 69 rows and 911 columns
Presolve time: 0.05s
Presolved: 1011 rows, 8839 columns, 17678 nonzeros
Variable types: 0 continuous, 8839 integer (8839 binary)
Found heuristic solution: objective -56942.00000

Root relaxation: objective -9.526536e+04, 3239 iterations, 0.05 seconds (0.05 work units)

    Nodes    |    Current Node    |     Objective Bounds      |     Work
 Expl Unexpl |  Obj  Depth IntInf | Incumbent    BestBd   Gap | It/Node Time

     0     0 -95265.355    0  100 -56942.000 -95265.355  67.3%     -    0s
H    0     0                    -88196.00000 -95265.355  8.02%     -    0s
H    0     0                    -89557.00000 -95265.355  6.37%     -    0s
     0     0 -95261.816    0  251 -89557.000 -95261.816  6.37%     -    0s
H    0     0                    -89823.00000 -95261.816  6.06%     -    0s
     0     0 -95261.816    0  244 -89823.000 -95261.816  6.06%     -    0s
     0     0 -95261.816    0  387 -89823.000 -95261.816  6.06%     -    1s
     0     0 -95261.816    0  133 -89823.000 -95261.816  6.06%     -    1s
     0     2 -95261.816    0  113 -89823.000 -95261.816  6.06%     -    1s
H   31    36                    -89901.00000 -95261.816  5.96%   110    2s
H   33    36                    -89941.00000 -95261.816  5.92%   107    2s
H   58    63                    -90405.00000 -95261.816  5.37%  72.7    2s
H  905   910                    -90720.00000 -95261.816  5.01%  31.6    4s
H  907   910                    -90916.00000 -95261.816  4.78%  31.7    4s
  1231  1423 -94909.816  246  118 -90916.000 -95261.816  4.78%  32.1    5s
H 1913  1915                    -90951.00000 -95261.816  4.74%  25.5    5s
H 2450  2288                    -91173.00071 -95261.816  4.48%  24.4    7s
  2458  2293 -95252.680   64  130 -91173.001 -95261.572  4.48%  24.3   10s
H 2486  2202                    -91273.00000 -95261.572  4.37%  36.6   14s
  2521  2225 -94055.307   20  153 -91273.000 -95261.572  4.37%  37.7   15s
H 2523  2115                    -91300.00000 -95261.572  4.34%  37.7   15s
H 2524  2012                    -91428.00000 -95261.572  4.19%  37.7   15s
H 2701  2034                    -91512.00000 -95261.572  4.10%  38.4   16s
H 2769  1986                    -91648.00000 -95261.572  3.94%  39.0   17s
H 2983  2118                    -91701.00000 -95261.572  3.88%  40.8   18s
  3484  2472 -95261.572  122  154 -91701.000 -95261.572  3.88%  44.8   20s
H 3968  2694                    -91836.00000 -95261.572  3.73%  49.6   24s
  4320  3215 -95240.256  177  132 -91836.000 -95261.572  3.73%  49.0   25s
H 5201  3285                    -91848.00000 -95261.572  3.72%  46.1   26s
H 6307  4110                    -91926.00000 -95261.572  3.63%  43.5   28s
H 7078  4625                    -92019.00000 -95261.572  3.52%  42.3   29s
  7550  5048 -93834.520  252  134 -92019.000 -95261.572  3.52%  40.8   30s
H 9537  6585                    -92243.00000 -95261.572  3.27%  39.8   32s
H10656  7484                    -92310.00000 -95261.572  3.20%  38.7   35s
H12286  8753                    -92382.00000 -95261.572  3.12%  40.2   38s
 12420  9739 -94922.271  225  119 -92382.000 -95261.572  3.12%  40.2   40s
H14784 10693                    -92426.00000 -95261.572  3.07%  40.7   43s
 15199 11543 -95151.412   24  226 -92426.000 -95261.572  3.07%  40.9   46s
H15790 11291                    -92527.00000 -95261.572  2.96%  41.6   48s
H15792 10976                    -92636.00000 -95261.572  2.83%  41.6   48s
 15793 11333 -94055.307   23  249 -92636.000 -95261.572  2.83%  41.6   50s
H16227 11589                    -92649.00000 -95261.572  2.82%  42.4   51s
 17660 13578 -95257.909   32  285 -92649.000 -95261.117  2.82%  42.8   55s
 20033 15395 -94826.938  216  141 -92649.000 -95261.117  2.82%  44.3   61s
 21179 15822 -93850.953  287  133 -92649.000 -95261.117  2.82%  44.9   75s
H21180 15031                    -92681.00000 -95261.117  2.78%  44.8   75s
 21187 15035 -93239.349  213  225 -92681.000 -95261.117  2.78%  44.8   80s
 21193 15039 -94898.316  229  242 -92681.000 -95261.117  2.78%  44.8   86s
H21194 14288                    -92685.00000 -95259.049  2.78%  44.8   88s
 21198 14291 -95154.221   25  233 -92685.000 -95257.454  2.78%  44.8   91s
 21202 14293 -92913.985   58  218 -92685.000 -95256.960  2.77%  44.8   95s
H21205 13580                    -92774.00000 -95256.924  2.68%  44.8  100s
 21210 13584 -94633.070  194  239 -92774.000 -95256.809  2.68%  44.8  105s
 21214 13586 -95039.681   61  384 -92774.000 -95256.048  2.68%  44.8  110s
 21218 13589 -93621.552  225  528 -92774.000 -95256.030  2.68%  44.8  115s
 21221 13591 -94142.287   55  257 -92774.000 -95254.770  2.67%  44.8  120s
 21225 13594 -93749.615   97  217 -92774.000 -95254.139  2.67%  44.8  125s
 21229 13596 -92904.350  214  303 -92774.000 -95253.632  2.67%  44.7  130s
H21232 12917                    -92835.00000 -95253.304  2.60%  44.7  136s
H21233 12271                    -92879.00000 -95252.675  2.56%  44.7  136s
 21236 12273 -95175.528  104  540 -92879.000 -95251.761  2.55%  44.7  140s
 21239 12275 -93334.828  273  405 -92879.000 -95250.463  2.55%  44.7  146s
 21242 12277 -94535.140  185  621 -92879.000 -95249.714  2.55%  44.7  151s
 21245 12279 -95056.134  133  585 -92879.000 -95236.627  2.54%  44.7  156s
 21254 12285 -93573.409  327  677 -92879.000 -95206.881  2.51%  44.7  160s
 21265 12292 -93810.142  109  688 -92879.000 -95163.252  2.46%  44.7  165s
 21274 12298 -93601.173  188  693 -92879.000 -95106.240  2.40%  44.7  171s
H21280 11685                    -92912.00000 -95091.832  2.35%  44.6  173s
 21287 11690 -93239.349  213  702 -92912.000 -95068.607  2.32%  44.6  175s
H21296 11110                    -92935.00000 -95034.601  2.26%  44.6  179s
 21297 11111 -94610.732  238  852 -92935.000 -95021.267  2.24%  44.6  180s
H21312 10562                    -93184.00000 -94981.824  1.93%  44.6  185s
 21326 10571 -94921.133   57  703 -93184.000 -94921.133  1.86%  44.5  190s
 21336 10578 -94882.084  104  727 -93184.000 -94882.084  1.82%  44.5  195s
 21350 10587 -93964.487   85  814 -93184.000 -94832.118  1.77%  44.5  200s
 21362 10595 -94797.392  169  799 -93184.000 -94797.392  1.73%  44.5  205s
 21373 10602 -93488.239  183  889 -93184.000 -94766.609  1.70%  44.4  210s
 21386 10611 -94726.347   97  912 -93184.000 -94726.347  1.66%  44.4  215s
 21405 10624 -94693.655   57  950 -93184.000 -94693.655  1.62%  44.4  220s
H21421 10099                    -93244.00000 -94678.155  1.54%  44.3  223s
 21433 10107 -94666.266   28  947 -93244.000 -94666.266  1.53%  44.3  225s
 21462 10127 -94645.020  169  906 -93244.000 -94645.020  1.50%  44.3  230s
 21484 10141 -94637.979   32  960 -93244.000 -94637.979  1.49%  44.2  235s
 21503 10154 -94632.967   42  956 -93244.000 -94632.967  1.49%  44.2  240s
 21524 10168 -93400.716  271 1004 -93244.000 -94629.682  1.49%  44.1  245s
 21538 10179 -93453.203  127  194 -93244.000 -94629.328  1.49%  62.7  250s
 21542 10181 -94535.140  185  245 -93244.000 -94629.328  1.49%  62.7  257s
 21544 10183 -93750.631  214  222 -93244.000 -94629.328  1.49%  62.7  260s
 21547 10190 -94629.328   32  195 -93244.000 -94629.328  1.49%  64.9  266s
 21551 10192 -94629.328   33  284 -93244.000 -94629.328  1.49%  64.9  270s
 21574 10210 -94629.328   35  227 -93244.000 -94629.328  1.49%  65.4  275s
 21641 10261 -94629.328   41  220 -93244.000 -94629.328  1.49%  65.9  280s
 21837 10404 -94629.328   57  214 -93244.000 -94629.328  1.49%  67.7  285s
 22064 10598 -94629.328   80  193 -93244.000 -94629.328  1.49%  69.5  290s
 22578 10874 -94629.328  120  215 -93244.000 -94629.328  1.49%  72.6  298s
 22612 10919 -94629.328  122  212 -93244.000 -94629.328  1.49%  72.7  300s
 23381 11522 -94629.328  183  175 -93244.000 -94629.328  1.49%  75.6  305s
 24225 11967 -94470.461  224  201 -93244.000 -94629.328  1.49%  76.2  310s
 25976 13078 -94629.328  148  234 -93244.000 -94629.328  1.49%  76.7  315s
 26963 13337 -94629.328  118  303 -93244.000 -94629.328  1.49%  77.1  320s
 27931 14093 -94629.328  244  236 -93244.000 -94629.328  1.49%  78.1  325s
 29440 14922 -93482.602  352   66 -93244.000 -94629.328  1.49%  78.3  330s
 30888 15709 -94629.328  233  177 -93244.000 -94629.328  1.49%  78.5  335s
H31458 15553                    -93252.00000 -94629.328  1.48%  78.8  337s
 31907 16060 -93345.746  306  100 -93252.000 -94629.328  1.48%  78.8  340s
 33086 16111 -94541.132  120  273 -93252.000 -94629.328  1.48%  80.0  345s
 33762 16663 -94589.228  167  247 -93252.000 -94629.328  1.48%  83.2  351s
 34379 16818 -94629.328  210  263 -93252.000 -94629.328  1.48%  85.2  356s
 34987 17361 -94629.328  137  301 -93252.000 -94629.328  1.48%  87.0  361s
 35702 17569 -94629.328  131  356 -93252.000 -94629.328  1.48%  89.2  366s
 36420 17950 -94335.765  273  317 -93252.000 -94629.328  1.48%  91.3  373s
 36815 18076 -94629.328  126  388 -93252.000 -94629.328  1.48%  92.4  376s
 37411 18403 -94581.614   60  452 -93252.000 -94629.328  1.48%  95.1  382s
 37692 18731 -93896.994  100  277 -93252.000 -94629.328  1.48%  96.6  385s
 38639 19266 -93908.060  167  192 -93252.000 -94629.328  1.48%  98.7  392s
 39228 19484 -94629.328  166  357 -93252.000 -94629.328  1.48%  99.3  395s
 40224 19637 -94629.328  174  409 -93252.000 -94629.328  1.48%   101  403s
 40228 19852 -94613.063  175  373 -93252.000 -94629.328  1.48%   101  407s
 40444 20205 -94458.994  210  256 -93252.000 -94629.328  1.48%   101  411s
 41275 20545 -94614.557  169  318 -93252.000 -94629.328  1.48%   103  418s
 41673 20515 -94629.328  110  446 -93252.000 -94629.328  1.48%   104  421s
 41810 20841 -94629.328  137  277 -93252.000 -94629.328  1.48%   106  426s
 42160 21155 -93802.110  194  239 -93252.000 -94629.328  1.48%   107  430s
 42812 21514 -94607.308  134  350 -93252.000 -94629.328  1.48%   108  436s
 43355 21492 -94629.328  142  293 -93252.000 -94629.328  1.48%   109  441s
 43840 22005 -93994.006  289  185 -93252.000 -94629.328  1.48%   110  448s
 44288 21864 -94629.328  135  564 -93252.000 -94629.328  1.48%   111  456s
H44298 20632                    -93347.00000 -94629.328  1.37%   111  456s
H44299 19768                    -93394.00000 -94629.328  1.32%   111  456s
 44693 20217 -94629.328  157  454 -93394.000 -94629.328  1.32%   112  462s
H44751 19371                    -93451.00000 -94629.328  1.26%   112  462s
H44923 18778                    -93500.00000 -94629.328  1.21%   112  466s
 45260 18967 -94629.328  236  291 -93500.000 -94629.328  1.21%   113  471s
 45564 19447 -94609.924  280  364 -93500.000 -94629.328  1.21%   114  475s
 46082 19647 -93894.814  416  178 -93500.000 -94629.328  1.21%   115  480s
H46343 19129                    -93574.00000 -94629.328  1.13%   116  484s
 46532 19420 -94629.328  123  454 -93574.000 -94629.328  1.13%   117  488s
 46852 19626 -94629.328  135  467 -93574.000 -94629.328  1.13%   118  494s
 47096 19813 -94629.328  142  494 -93574.000 -94629.328  1.13%   119  498s
 47283 20045 -94629.328  156  353 -93574.000 -94629.328  1.13%   121  502s
 47533 20251 -94629.328  171  453 -93574.000 -94629.328  1.13%   122  508s
 47770 20436 -94543.777  182  493 -93574.000 -94629.328  1.13%   123  513s
H47789 20275                    -93592.00000 -94629.328  1.11%   124  513s
 47960 20519 -94629.328  192  459 -93592.000 -94629.328  1.11%   125  518s
 48278 20692 -94629.328  200  451 -93592.000 -94629.328  1.11%   127  523s
 48465 21138 -94345.657  210  488 -93592.000 -94629.328  1.11%   128  529s
 48948 21315 -94536.844  233  410 -93592.000 -94629.328  1.11%   130  534s
 49141 21853 -94452.958  261  366 -93592.000 -94629.328  1.11%   131  542s
 49725 22179 -93682.900  320  283 -93592.000 -94629.328  1.11%   132  548s
 50097 22436 -94303.669  375  269 -93592.000 -94629.328  1.11%   134  555s
 50509 22621 -94629.328   62  582 -93592.000 -94629.328  1.11%   135  561s
 50741 22855 -94500.865  145  585 -93592.000 -94629.328  1.11%   137  567s
 51007 23149 -94407.027  160  551 -93592.000 -94629.328  1.11%   138  573s
 51390 23466 -94231.274  193  528 -93592.000 -94629.328  1.11%   140  578s
 51748 24234 -94111.508  246  380 -93592.000 -94629.328  1.11%   141  585s
 52566 24533 -94038.561  324  280 -93592.000 -94629.328  1.11%   141  590s
 53023 24926 -94629.328  131  579 -93592.000 -94629.328  1.11%   142  596s
 53446 25142 -94629.328  177  542 -93592.000 -94629.328  1.11%   142  600s

Cutting planes:
  Gomory: 120
  Lift-and-project: 1
  Cover: 1114
  Clique: 285
  MIR: 302
  StrongCG: 412
  Flow cover: 773
  Zero half: 91
  RLT: 10
  Relax-and-lift: 8

Explored 53662 nodes (7686233 simplex iterations) in 600.00 seconds (867.76 work units)
Thread count was 4 (of 56 available processors)

Solution count 10: -93592 -93574 -93500 ... -92935

Time limit reached
Best objective -9.359200000000e+04, best bound -9.462900000000e+04, gap 1.1080%
