
Gurobi 9.5.0 (linux64) logging started Tue May  3 14:02:30 2022

Set parameter LogFile to value "/local_workspace/chenrui/LogFiles/MKAP/new1W_R25_M30_N100_seed2_DWcutsCT1_600.log"
Gurobi Optimizer version 9.5.0 build v9.5.0rc5 (linux64)
Thread count: 56 physical cores, 56 logical processors, using up to 4 threads
Optimize a model with 2095 rows, 3750 columns and 12656 nonzeros
Model fingerprint: 0x26387b09
Variable types: 0 continuous, 3750 integer (3750 binary)
Coefficient statistics:
  Matrix range     [1e-13, 2e+03]
  Objective range  [7e+01, 9e+02]
  Bounds range     [1e+00, 1e+00]
  RHS range        [3e-14, 1e+00]
Warning: Model contains large matrix coefficient range
         Consider reformulating model or setting NumericFocus parameter
         to avoid numerical issues.
Found heuristic solution: objective 0.0000000
Presolve removed 757 rows and 1217 columns
Presolve time: 0.04s
Presolved: 1338 rows, 2533 columns, 7491 nonzeros
Found heuristic solution: objective -15321.00000
Variable types: 0 continuous, 2533 integer (2533 binary)

Root relaxation: objective -2.815400e+04, 3545 iterations, 0.07 seconds (0.06 work units)

    Nodes    |    Current Node    |     Objective Bounds      |     Work
 Expl Unexpl |  Obj  Depth IntInf | Incumbent    BestBd   Gap | It/Node Time

     0     0 -28154.000    0   27 -15321.000 -28154.000  83.8%     -    0s
H    0     0                    -27678.00000 -28154.000  1.72%     -    0s
H    0     0                    -27801.00000 -28154.000  1.27%     -    0s
     0     0 -28154.000    0   27 -27801.000 -28154.000  1.27%     -    0s
H    0     2                    -28095.00000 -28154.000  0.21%     -    0s
     0     2 -28154.000    0   27 -28095.000 -28154.000  0.21%     -    0s
*   36    24               9    -28110.00000 -28145.773  0.13%  46.8    0s
H  104    36                    -28115.00000 -28145.773  0.11%  26.2    0s

Cutting planes:
  Cover: 3

Explored 279 nodes (9530 simplex iterations) in 0.96 seconds (1.04 work units)
Thread count was 4 (of 56 available processors)

Solution count 7: -28115 -28110 -28095 ... 0
No other solutions better than -28115

Optimal solution found (tolerance 1.00e-04)
Best objective -2.811500000000e+04, best bound -2.811500000000e+04, gap 0.0000%
