
Gurobi 9.5.0 (linux64) logging started Thu Apr 14 16:12:05 2022

Set parameter LogFile to value "/local_workspace/chenrui/LogFiles/MKAP/new1W_R10_M40_N50_seed1_DWcutsT2_600.log"
Gurobi Optimizer version 9.5.0 build v9.5.0rc5 (linux64)
Thread count: 56 physical cores, 56 logical processors, using up to 4 threads
Optimize a model with 2090 rows, 2400 columns and 12058 nonzeros
Model fingerprint: 0x84de008c
Variable types: 0 continuous, 2400 integer (2400 binary)
Coefficient statistics:
  Matrix range     [8e-09, 1e+03]
  Objective range  [8e+01, 9e+02]
  Bounds range     [1e+00, 1e+00]
  RHS range        [8e-09, 1e+00]
Found heuristic solution: objective 0.0000000
Presolve removed 1885 rows and 1883 columns
Presolve time: 0.01s
Presolved: 205 rows, 517 columns, 1331 nonzeros
Found heuristic solution: objective -12039.00000
Variable types: 0 continuous, 517 integer (517 binary)

Root relaxation: objective -1.207800e+04, 123 iterations, 0.00 seconds (0.00 work units)

    Nodes    |    Current Node    |     Objective Bounds      |     Work
 Expl Unexpl |  Obj  Depth IntInf | Incumbent    BestBd   Gap | It/Node Time

*    0     0               0    -12078.00000 -12078.000  0.00%     -    0s

Explored 1 nodes (123 simplex iterations) in 0.02 seconds (0.01 work units)
Thread count was 4 (of 56 available processors)

Solution count 3: -12078 -12039 0 
No other solutions better than -12078

Optimal solution found (tolerance 1.00e-04)
Best objective -1.207800000000e+04, best bound -1.207800000000e+04, gap 0.0000%

Gurobi 9.5.0 (linux64) logging started Thu Apr 14 16:23:29 2022

Set parameter LogFile to value "/local_workspace/chenrui/LogFiles/MKAP/new1W_R10_M40_N50_seed1_DWcutsT2_600.log"
Gurobi Optimizer version 9.5.0 build v9.5.0rc5 (linux64)
Thread count: 56 physical cores, 56 logical processors, using up to 4 threads
Optimize a model with 2090 rows, 2400 columns and 12058 nonzeros
Model fingerprint: 0x84de008c
Variable types: 0 continuous, 2400 integer (2400 binary)
Coefficient statistics:
  Matrix range     [8e-09, 1e+03]
  Objective range  [8e+01, 9e+02]
  Bounds range     [1e+00, 1e+00]
  RHS range        [8e-09, 1e+00]
Found heuristic solution: objective 0.0000000
Presolve removed 1885 rows and 1883 columns
Presolve time: 0.01s
Presolved: 205 rows, 517 columns, 1331 nonzeros
Found heuristic solution: objective -12039.00000
Variable types: 0 continuous, 517 integer (517 binary)

Root relaxation: objective -1.207800e+04, 123 iterations, 0.00 seconds (0.00 work units)

    Nodes    |    Current Node    |     Objective Bounds      |     Work
 Expl Unexpl |  Obj  Depth IntInf | Incumbent    BestBd   Gap | It/Node Time

*    0     0               0    -12078.00000 -12078.000  0.00%     -    0s

Explored 1 nodes (123 simplex iterations) in 0.02 seconds (0.01 work units)
Thread count was 4 (of 56 available processors)

Solution count 3: -12078 -12039 0 
No other solutions better than -12078

Optimal solution found (tolerance 1.00e-04)
Best objective -1.207800000000e+04, best bound -1.207800000000e+04, gap 0.0000%
