
Gurobi 9.5.0 (linux64) logging started Wed May  4 16:36:56 2022

Set parameter LogFile to value "/local_workspace/chenrui/LogFiles/MKAP/new1W_R25_M40_N50_seed10_original_600.log"
Gurobi Optimizer version 9.5.0 build v9.5.0rc5 (linux64)
Thread count: 56 physical cores, 56 logical processors, using up to 4 threads
Optimize a model with 1090 rows, 3000 columns and 6000 nonzeros
Model fingerprint: 0x49099c5b
Variable types: 0 continuous, 3000 integer (3000 binary)
Coefficient statistics:
  Matrix range     [1e+00, 1e+03]
  Objective range  [7e+01, 8e+02]
  Bounds range     [1e+00, 1e+00]
  RHS range        [1e+00, 1e+00]
Found heuristic solution: objective 0.0000000
Presolve removed 1020 rows and 2430 columns
Presolve time: 0.01s
Presolved: 70 rows, 570 columns, 1140 nonzeros
Found heuristic solution: objective -9849.000000
Variable types: 0 continuous, 570 integer (570 binary)
Found heuristic solution: objective -10112.00000

Root relaxation: objective -1.047800e+04, 62 iterations, 0.00 seconds (0.00 work units)

    Nodes    |    Current Node    |     Objective Bounds      |     Work
 Expl Unexpl |  Obj  Depth IntInf | Incumbent    BestBd   Gap | It/Node Time

*    0     0               0    -10478.00000 -10478.000  0.00%     -    0s

Explored 1 nodes (62 simplex iterations) in 0.01 seconds (0.01 work units)
Thread count was 4 (of 56 available processors)

Solution count 4: -10478 -10112 -9849 0 
No other solutions better than -10478

Optimal solution found (tolerance 1.00e-04)
Best objective -1.047800000000e+04, best bound -1.047800000000e+04, gap 0.0000%
