
Gurobi 9.5.0 (linux64) logging started Thu Apr 14 17:58:51 2022

Set parameter LogFile to value "/local_workspace/chenrui/LogFiles/MKAP/new1W_R25_M10_N200_seed1_DWcutsT3_600.log"
Gurobi Optimizer version 9.5.0 build v9.5.0rc5 (linux64)
Thread count: 56 physical cores, 56 logical processors, using up to 4 threads
Optimize a model with 2456 rows, 2250 columns and 20905 nonzeros
Model fingerprint: 0xcfac4cfb
Variable types: 0 continuous, 2250 integer (2250 binary)
Coefficient statistics:
  Matrix range     [1e-13, 7e+03]
  Objective range  [2e+01, 9e+02]
  Bounds range     [1e+00, 1e+00]
  RHS range        [4e-08, 1e+03]
Warning: Model contains large matrix coefficient range
         Consider reformulating model or setting NumericFocus parameter
         to avoid numerical issues.
Found heuristic solution: objective 0.0000000
Presolve removed 174 rows and 0 columns
Presolve time: 0.08s
Presolved: 2282 rows, 2250 columns, 15688 nonzeros
Variable types: 0 continuous, 2250 integer (2250 binary)
Found heuristic solution: objective -3704.000000

Root relaxation: objective -4.245801e+04, 5306 iterations, 0.24 seconds (0.22 work units)

    Nodes    |    Current Node    |     Objective Bounds      |     Work
 Expl Unexpl |  Obj  Depth IntInf | Incumbent    BestBd   Gap | It/Node Time

     0     0 -42458.007    0   49 -3704.0000 -42458.007  1046%     -    0s
H    0     0                    -42458.00000 -42458.007  0.00%     -    0s
     0     0 -42458.007    0   49 -42458.000 -42458.007  0.00%     -    0s

Explored 1 nodes (5527 simplex iterations) in 0.36 seconds (0.33 work units)
Thread count was 4 (of 56 available processors)

Solution count 3: -42458 -3704 0 
No other solutions better than -42458

Optimal solution found (tolerance 1.00e-04)
Best objective -4.245800000000e+04, best bound -4.245800000000e+04, gap 0.0000%
