
Gurobi 9.5.0 (linux64) logging started Tue May  3 13:13:31 2022

Set parameter LogFile to value "/local_workspace/chenrui/LogFiles/MKAP/new1W_R2_M30_N50_seed4_DWcutsCT4_600.log"
Gurobi Optimizer version 9.5.0 build v9.5.0rc5 (linux64)
Thread count: 56 physical cores, 56 logical processors, using up to 4 threads
Optimize a model with 232 rows, 1560 columns and 5312 nonzeros
Model fingerprint: 0x4a2d6b9a
Variable types: 0 continuous, 1560 integer (1560 binary)
Coefficient statistics:
  Matrix range     [9e-13, 1e+03]
  Objective range  [4e+01, 8e+02]
  Bounds range     [1e+00, 1e+00]
  RHS range        [7e-13, 1e+00]
Warning: Model contains large matrix coefficient range
         Consider reformulating model or setting NumericFocus parameter
         to avoid numerical issues.
Found heuristic solution: objective 0.0000000
Presolve removed 65 rows and 896 columns
Presolve time: 0.01s
Presolved: 167 rows, 664 columns, 2043 nonzeros
Found heuristic solution: objective -11099.00000
Variable types: 0 continuous, 664 integer (664 binary)

Root relaxation: objective -1.304100e+04, 384 iterations, 0.00 seconds (0.00 work units)

    Nodes    |    Current Node    |     Objective Bounds      |     Work
 Expl Unexpl |  Obj  Depth IntInf | Incumbent    BestBd   Gap | It/Node Time

H    0     0                    -13041.00000 -202798.00  1455%     -    0s
     0     0          -    0      -13041.000 -13041.000  0.00%     -    0s

Explored 1 nodes (619 simplex iterations) in 0.02 seconds (0.01 work units)
Thread count was 4 (of 56 available processors)

Solution count 3: -13041 -11099 0 
No other solutions better than -13041

Optimal solution found (tolerance 1.00e-04)
Best objective -1.304100000000e+04, best bound -1.304100000000e+04, gap 0.0000%
