
Gurobi 9.5.0 (linux64) logging started Sat Jun 18 15:49:24 2022

Set parameter LogFile to value "/local_workspace/chenrui/LogFiles/MKAP/new1W_R10_M10_N100_seed10_DWcutsCTp_600.log"
Gurobi Optimizer version 9.5.0 build v9.5.0rc5 (linux64)
Thread count: 56 physical cores, 56 logical processors, using up to 4 threads
Optimize a model with 310 rows, 1100 columns and 3298 nonzeros
Model fingerprint: 0x2ca4ffb9
Variable types: 0 continuous, 1100 integer (1100 binary)
Coefficient statistics:
  Matrix range     [1e+00, 5e+03]
  Objective range  [1e+02, 9e+02]
  Bounds range     [1e+00, 1e+00]
  RHS range        [1e-05, 1e+00]
Found heuristic solution: objective 0.0000000
Presolve removed 20 rows and 135 columns
Presolve time: 0.01s
Presolved: 290 rows, 965 columns, 2880 nonzeros
Found heuristic solution: objective -5579.000000
Variable types: 0 continuous, 965 integer (965 binary)

Root relaxation: objective -3.233200e+04, 1541 iterations, 0.02 seconds (0.02 work units)

    Nodes    |    Current Node    |     Objective Bounds      |     Work
 Expl Unexpl |  Obj  Depth IntInf | Incumbent    BestBd   Gap | It/Node Time

     0     0 -32332.001    0   66 -5579.0000 -32332.001   480%     -    0s
H    0     0                    -29704.00000 -32332.001  8.85%     -    0s
H    0     0                    -30030.00000 -32332.001  7.67%     -    0s
H    0     0                    -30812.00000 -32332.001  4.93%     -    0s
H    0     0                    -32332.00001 -32332.001  0.00%     -    0s
     0     0 -32332.001    0   37 -32332.000 -32332.001  0.00%     -    0s

Cutting planes:
  Gomory: 6
  Cover: 23
  Clique: 222
  MIR: 2
  StrongCG: 7

Explored 1 nodes (1848 simplex iterations) in 0.06 seconds (0.04 work units)
Thread count was 4 (of 56 available processors)

Solution count 6: -32332 -30812 -30030 ... 0
No other solutions better than -32332

Optimal solution found (tolerance 1.00e-04)
Warning: max constraint violation (1.8063e-06) exceeds tolerance
Best objective -3.233200000789e+04, best bound -3.233200000823e+04, gap 0.0000%
