
Gurobi 9.5.0 (linux64) logging started Sat Jun 18 17:10:59 2022

Set parameter LogFile to value "/local_workspace/chenrui/LogFiles/MKAP/new1W_R10_M10_N300_seed6_DWcutsCTp3_600.log"
Gurobi Optimizer version 9.5.0 build v9.5.0rc5 (linux64)
Thread count: 56 physical cores, 56 logical processors, using up to 4 threads
Optimize a model with 1178 rows, 3100 columns and 30000 nonzeros
Model fingerprint: 0xf31d71cb
Variable types: 0 continuous, 3100 integer (3100 binary)
Coefficient statistics:
  Matrix range     [1e-13, 2e+04]
  Objective range  [3e+01, 1e+03]
  Bounds range     [1e+00, 1e+00]
  RHS range        [1e-05, 1e+00]
Warning: Model contains large matrix coefficient range
         Consider reformulating model or setting NumericFocus parameter
         to avoid numerical issues.
Found heuristic solution: objective 0.0000000
Presolve removed 3 rows and 0 columns
Presolve time: 0.05s
Presolved: 1175 rows, 3100 columns, 29699 nonzeros
Variable types: 0 continuous, 3100 integer (3100 binary)
Found heuristic solution: objective -14687.00000

Root relaxation: objective -9.195001e+04, 11714 iterations, 0.85 seconds (1.33 work units)

    Nodes    |    Current Node    |     Objective Bounds      |     Work
 Expl Unexpl |  Obj  Depth IntInf | Incumbent    BestBd   Gap | It/Node Time

     0     0 -91950.013    0  442 -14687.000 -91950.013   526%     -    0s
H    0     0                    -68920.00000 -91950.013  33.4%     -    1s
H    0     0                    -77435.00000 -91950.013  18.7%     -    1s
H    0     0                    -79726.00000 -91950.013  15.3%     -    1s
H    0     0                    -90353.00000 -91950.013  1.77%     -    1s
     0     0 -91950.013    0  495 -90353.000 -91950.013  1.77%     -    1s
     0     0 -91950.013    0  464 -90353.000 -91950.013  1.77%     -    1s
H    0     0                    -91121.00000 -91950.013  0.91%     -    2s
     0     0 -91950.013    0  528 -91121.000 -91950.013  0.91%     -    2s
H    0     0                    -91197.00001 -91950.013  0.83%     -    2s
     0     0 -91950.013    0  538 -91197.000 -91950.013  0.83%     -    2s
     0     0 -91950.013    0  547 -91197.000 -91950.013  0.83%     -    3s
     0     0 -91950.013    0  547 -91197.000 -91950.013  0.83%     -    3s
     0     2 -91950.013    0  547 -91197.000 -91950.013  0.83%     -    4s
     1     4 -91950.013    1  496 -91197.000 -91950.013  0.83%   588    5s
H   27    32                    -91367.00001 -91950.013  0.64%   665    7s
H   30    32                    -91412.00003 -91950.013  0.59%   690    7s
   128   149 -91927.067   20  365 -91412.000 -91950.013  0.59%   500   10s
H  171   170                    -91628.00000 -91950.013  0.35%   464   10s
H  177   170                    -91681.00001 -91950.013  0.29%   458   10s
H  185   170                    -91728.00000 -91950.013  0.24%   450   10s
H  227   245                    -91774.00002 -91950.013  0.19%   430   11s
H  237   245                    -91830.00000 -91950.013  0.13%   433   11s
*  335   234              11    -91855.00010 -91950.013  0.10%   391   12s
H  394   212                    -91897.00002 -91950.013  0.06%   396   14s
   419   207 -91949.757   10  220 -91897.000 -91950.013  0.06%   435   15s
H  501   225                    -91950.00000 -91950.013  0.00%   445   16s

Cutting planes:
  Cover: 203
  Clique: 683
  MIR: 33
  StrongCG: 39

Explored 502 nodes (244901 simplex iterations) in 16.39 seconds (32.79 work units)
Thread count was 4 (of 56 available processors)

Solution count 10: -91950 -91897 -91855 ... -91367
No other solutions better than -91950

Optimal solution found (tolerance 1.00e-04)
Best objective -9.195000000000e+04, best bound -9.195000000000e+04, gap 0.0000%
