
Gurobi 9.5.0 (linux64) logging started Fri Apr 29 08:37:24 2022

Set parameter LogFile to value "/local_workspace/chenrui/LogFiles/MKAP/new1W_R25_M10_N200_seed8_DWcuts_600.log"
Gurobi Optimizer version 9.5.0 build v9.5.0rc5 (linux64)
Thread count: 56 physical cores, 56 logical processors, using up to 4 threads
Optimize a model with 710 rows, 2250 columns and 6750 nonzeros
Model fingerprint: 0x3f3dd183
Variable types: 0 continuous, 2250 integer (2250 binary)
Coefficient statistics:
  Matrix range     [1e+00, 8e+03]
  Objective range  [2e+01, 1e+03]
  Bounds range     [1e+00, 1e+00]
  RHS range        [1e-04, 1e+00]
Found heuristic solution: objective 0.0000000
Presolve removed 17 rows and 22 columns
Presolve time: 0.02s
Presolved: 693 rows, 2228 columns, 6584 nonzeros
Variable types: 0 continuous, 2228 integer (2228 binary)
Found heuristic solution: objective -9701.000000

Root relaxation: objective -3.921901e+04, 2225 iterations, 0.03 seconds (0.02 work units)

    Nodes    |    Current Node    |     Objective Bounds      |     Work
 Expl Unexpl |  Obj  Depth IntInf | Incumbent    BestBd   Gap | It/Node Time

     0     0 -39219.009    0   37 -9701.0000 -39219.009   304%     -    0s
H    0     0                    -39219.00000 -39219.009  0.00%     -    0s
     0     0 -39219.009    0   37 -39219.000 -39219.009  0.00%     -    0s

Explored 1 nodes (2625 simplex iterations) in 0.06 seconds (0.05 work units)
Thread count was 4 (of 56 available processors)

Solution count 3: -39219 -9701 0 
No other solutions better than -39219

Optimal solution found (tolerance 1.00e-04)
Best objective -3.921900000000e+04, best bound -3.921900000000e+04, gap 0.0000%
