
Gurobi 9.5.0 (linux64) logging started Tue May  3 13:39:37 2022

Set parameter LogFile to value "/local_workspace/chenrui/LogFiles/MKAP/new1W_R2_M20_N50_seed5_DWcuts_600.log"
Gurobi Optimizer version 9.5.0 build v9.5.0rc5 (linux64)
Thread count: 56 physical cores, 56 logical processors, using up to 4 threads
Optimize a model with 150 rows, 1040 columns and 3120 nonzeros
Model fingerprint: 0x4c089dec
Variable types: 0 continuous, 1040 integer (1040 binary)
Coefficient statistics:
  Matrix range     [4e-12, 1e+03]
  Objective range  [7e+01, 9e+02]
  Bounds range     [1e+00, 1e+00]
  RHS range        [2e-13, 4e+01]
Warning: Model contains large matrix coefficient range
         Consider reformulating model or setting NumericFocus parameter
         to avoid numerical issues.
Found heuristic solution: objective 0.0000000
Presolve removed 26 rows and 412 columns
Presolve time: 0.01s
Presolved: 124 rows, 628 columns, 1869 nonzeros
Found heuristic solution: objective -12179.00000
Variable types: 0 continuous, 628 integer (628 binary)

Root relaxation: objective -1.482257e+04, 711 iterations, 0.01 seconds (0.01 work units)

    Nodes    |    Current Node    |     Objective Bounds      |     Work
 Expl Unexpl |  Obj  Depth IntInf | Incumbent    BestBd   Gap | It/Node Time

     0     0 -14822.569    0   10 -12179.000 -14822.569  21.7%     -    0s
H    0     0                    -14438.00000 -14822.569  2.66%     -    0s
H    0     0                    -14509.00000 -14822.569  2.16%     -    0s
H    0     0                    -14675.00000 -14822.569  1.01%     -    0s
     0     0 -14822.569    0   31 -14675.000 -14822.569  1.01%     -    0s
     0     0 -14822.569    0   35 -14675.000 -14822.569  1.01%     -    0s
     0     0 -14822.569    0   29 -14675.000 -14822.569  1.01%     -    0s
     0     0 -14822.569    0   27 -14675.000 -14822.569  1.01%     -    0s
H    0     0                    -14714.00000 -14822.569  0.74%     -    0s
     0     0 -14822.569    0   30 -14714.000 -14822.569  0.74%     -    0s
     0     0 -14822.569    0   22 -14714.000 -14822.569  0.74%     -    0s
     0     2 -14822.569    0   16 -14714.000 -14822.569  0.74%     -    0s
H  284   291                    -14726.00000 -14822.569  0.66%  18.4    0s
H  343   267                    -14754.00000 -14822.569  0.46%  18.8    0s
H  685   422                    -14767.00000 -14822.569  0.38%  23.4    0s

Cutting planes:
  Gomory: 4
  Cover: 60
  Clique: 4
  MIR: 58
  StrongCG: 33
  Flow cover: 53
  Zero half: 8

Explored 4349 nodes (145681 simplex iterations) in 3.18 seconds (3.74 work units)
Thread count was 4 (of 56 available processors)

Solution count 9: -14767 -14754 -14726 ... 0
No other solutions better than -14767

Optimal solution found (tolerance 1.00e-04)
Best objective -1.476700000000e+04, best bound -1.476700000000e+04, gap 0.0000%
