
Gurobi 9.5.0 (linux64) logging started Tue May  3 15:08:34 2022

Set parameter LogFile to value "/local_workspace/chenrui/LogFiles/MKAP/new1W_R5_M10_N50_seed1_original_600.log"
Gurobi Optimizer version 9.5.0 build v9.5.0rc5 (linux64)
Thread count: 56 physical cores, 56 logical processors, using up to 4 threads
Optimize a model with 110 rows, 550 columns and 1100 nonzeros
Model fingerprint: 0xc12391f8
Variable types: 0 continuous, 550 integer (550 binary)
Coefficient statistics:
  Matrix range     [1e+00, 2e+03]
  Objective range  [2e+02, 9e+02]
  Bounds range     [1e+00, 1e+00]
  RHS range        [1e+00, 1e+00]
Found heuristic solution: objective 0.0000000
Presolve removed 20 rows and 181 columns
Presolve time: 0.00s
Presolved: 90 rows, 369 columns, 738 nonzeros
Variable types: 0 continuous, 369 integer (369 binary)
Found heuristic solution: objective -12077.00000

Root relaxation: objective -1.655127e+04, 198 iterations, 0.00 seconds (0.00 work units)

    Nodes    |    Current Node    |     Objective Bounds      |     Work
 Expl Unexpl |  Obj  Depth IntInf | Incumbent    BestBd   Gap | It/Node Time

     0     0 -16551.270    0   23 -12077.000 -16551.270  37.0%     -    0s
H    0     0                    -15430.00000 -16551.270  7.27%     -    0s
H    0     0                    -15448.00000 -16551.270  7.14%     -    0s
     0     0 -16543.926    0   38 -15448.000 -16543.926  7.09%     -    0s
     0     0 -16523.488    0   49 -15448.000 -16523.488  6.96%     -    0s
     0     0 -16523.488    0   51 -15448.000 -16523.488  6.96%     -    0s
H    0     0                    -15822.00000 -16519.032  4.41%     -    0s
     0     0 -16519.032    0   22 -15822.000 -16519.032  4.41%     -    0s
H    0     0                    -15870.00000 -16519.032  4.09%     -    0s
     0     0 -16519.032    0   31 -15870.000 -16519.032  4.09%     -    0s
     0     0 -16518.170    0   42 -15870.000 -16518.170  4.08%     -    0s
     0     0 -16518.146    0   40 -15870.000 -16518.146  4.08%     -    0s
H    0     0                    -16062.00000 -16518.146  2.84%     -    0s
     0     0 -16502.115    0   56 -16062.000 -16502.115  2.74%     -    0s
     0     0 -16500.875    0   32 -16062.000 -16500.875  2.73%     -    0s
     0     0 -16485.539    0   47 -16062.000 -16485.539  2.64%     -    0s
     0     0 -16480.364    0   41 -16062.000 -16480.364  2.60%     -    0s
     0     0 -16479.387    0   69 -16062.000 -16479.387  2.60%     -    0s
     0     0 -16474.851    0   65 -16062.000 -16474.851  2.57%     -    0s
     0     0 -16473.454    0   82 -16062.000 -16473.454  2.56%     -    0s
     0     0 -16473.454    0   86 -16062.000 -16473.454  2.56%     -    0s
     0     0 -16463.680    0   76 -16062.000 -16463.680  2.50%     -    0s
     0     0 -16449.574    0   76 -16062.000 -16449.574  2.41%     -    0s
     0     0 -16446.384    0   83 -16062.000 -16446.384  2.39%     -    0s
     0     0 -16446.197    0   95 -16062.000 -16446.197  2.39%     -    0s
     0     0 -16446.157    0   97 -16062.000 -16446.157  2.39%     -    0s
     0     0 -16432.432    0   98 -16062.000 -16432.432  2.31%     -    0s
     0     0 -16431.694    0   97 -16062.000 -16431.694  2.30%     -    0s
     0     0 -16431.170    0  105 -16062.000 -16431.170  2.30%     -    0s
     0     0 -16430.996    0  103 -16062.000 -16430.996  2.30%     -    0s
     0     0 -16430.173    0  106 -16062.000 -16430.173  2.29%     -    0s
     0     0 -16429.757    0  100 -16062.000 -16429.757  2.29%     -    0s
     0     0 -16429.724    0  102 -16062.000 -16429.724  2.29%     -    0s
     0     0 -16420.023    0   77 -16062.000 -16420.023  2.23%     -    0s
     0     0 -16418.294    0   85 -16062.000 -16418.294  2.22%     -    0s
     0     0 -16417.727    0   93 -16062.000 -16417.727  2.21%     -    0s
     0     0 -16416.534    0   99 -16062.000 -16416.534  2.21%     -    0s
     0     0 -16415.734    0   84 -16062.000 -16415.734  2.20%     -    0s
     0     0 -16414.738    0   96 -16062.000 -16414.738  2.20%     -    0s
     0     0 -16414.618    0  101 -16062.000 -16414.618  2.20%     -    0s
     0     0 -16402.455    0  109 -16062.000 -16402.455  2.12%     -    0s
     0     0 -16401.241    0   59 -16062.000 -16401.241  2.11%     -    0s
     0     0 -16401.020    0   88 -16062.000 -16401.020  2.11%     -    0s
     0     0 -16400.972    0   81 -16062.000 -16400.972  2.11%     -    0s
     0     0 -16397.595    0   72 -16062.000 -16397.595  2.09%     -    0s
     0     0 -16387.549    0  114 -16062.000 -16387.549  2.03%     -    0s
     0     0 -16380.034    0  108 -16062.000 -16380.034  1.98%     -    0s
     0     0 -16378.684    0   98 -16062.000 -16378.684  1.97%     -    0s
     0     0 -16375.777    0  110 -16062.000 -16375.777  1.95%     -    0s
     0     0 -16375.304    0  108 -16062.000 -16375.304  1.95%     -    0s
     0     0 -16375.134    0  101 -16062.000 -16375.134  1.95%     -    0s
     0     0 -16373.289    0   64 -16062.000 -16373.289  1.94%     -    0s
     0     0 -16371.658    0   91 -16062.000 -16371.658  1.93%     -    0s
     0     0 -16371.522    0   94 -16062.000 -16371.522  1.93%     -    0s
     0     0 -16364.677    0  119 -16062.000 -16364.677  1.88%     -    0s
     0     0 -16363.096    0  128 -16062.000 -16363.096  1.87%     -    0s
     0     0 -16362.187    0   84 -16062.000 -16362.187  1.87%     -    0s
     0     0 -16362.017    0  130 -16062.000 -16362.017  1.87%     -    0s
     0     0 -16357.418    0  111 -16062.000 -16357.418  1.84%     -    0s
     0     0 -16356.325    0  118 -16062.000 -16356.325  1.83%     -    0s
     0     0 -16355.132    0  114 -16062.000 -16355.132  1.83%     -    0s
     0     0 -16353.417    0   71 -16062.000 -16353.417  1.81%     -    0s
     0     0 -16353.147    0   69 -16062.000 -16353.147  1.81%     -    0s
     0     0 -16352.714    0  114 -16062.000 -16352.714  1.81%     -    0s
     0     0 -16352.675    0   66 -16062.000 -16352.675  1.81%     -    0s
     0     0 -16350.622    0  109 -16062.000 -16350.622  1.80%     -    0s
     0     0 -16349.379    0   98 -16062.000 -16349.379  1.79%     -    0s
     0     0 -16348.489    0   91 -16062.000 -16348.489  1.78%     -    0s
     0     0 -16347.728    0  100 -16062.000 -16347.728  1.78%     -    0s
     0     0 -16347.707    0  101 -16062.000 -16347.707  1.78%     -    0s
     0     0 -16346.490    0   93 -16062.000 -16346.490  1.77%     -    0s
     0     0 -16346.141    0   88 -16062.000 -16346.141  1.77%     -    0s
     0     0 -16346.129    0   88 -16062.000 -16346.129  1.77%     -    0s
     0     0 -16345.307    0  100 -16062.000 -16345.307  1.76%     -    0s
     0     0 -16345.307    0   95 -16062.000 -16345.307  1.76%     -    0s
H    0     0                    -16116.00000 -16345.307  1.42%     -    0s
     0     2 -16345.307    0   95 -16116.000 -16345.307  1.42%     -    0s
H   71    86                    -16133.00000 -16337.712  1.27%  18.7    0s
H  358   221                    -16223.00000 -16322.528  0.61%  13.5    0s
H  427   227                    -16274.00000 -16318.810  0.28%  13.8    0s

Cutting planes:
  Gomory: 3
  Cover: 87
  Clique: 41
  MIR: 49
  StrongCG: 28
  Inf proof: 2

Explored 707 nodes (10964 simplex iterations) in 0.39 seconds (0.22 work units)
Thread count was 4 (of 56 available processors)

Solution count 10: -16274 -16223 -16133 ... -12077
No other solutions better than -16274

Optimal solution found (tolerance 1.00e-04)
Best objective -1.627400000000e+04, best bound -1.627400000000e+04, gap 0.0000%
