
Gurobi 9.5.0 (linux64) logging started Tue May  3 20:40:51 2022

Set parameter LogFile to value "/local_workspace/chenrui/LogFiles/MKAP/new1W_R25_M40_N100_seed5_DWcutsCT_600.log"
Gurobi Optimizer version 9.5.0 build v9.5.0rc5 (linux64)
Thread count: 56 physical cores, 56 logical processors, using up to 4 threads
Optimize a model with 2140 rows, 5000 columns and 14884 nonzeros
Model fingerprint: 0x74dea434
Variable types: 0 continuous, 5000 integer (5000 binary)
Coefficient statistics:
  Matrix range     [3e-12, 1e+03]
  Objective range  [1e+02, 9e+02]
  Bounds range     [1e+00, 1e+00]
  RHS range        [1e-13, 1e+00]
Warning: Model contains large matrix coefficient range
         Consider reformulating model or setting NumericFocus parameter
         to avoid numerical issues.
Found heuristic solution: objective 0.0000000
Presolve removed 1066 rows and 2127 columns
Presolve time: 0.05s
Presolved: 1074 rows, 2873 columns, 7752 nonzeros
Found heuristic solution: objective -22266.00000
Variable types: 0 continuous, 2873 integer (2873 binary)

Root relaxation: objective -3.158517e+04, 2891 iterations, 0.04 seconds (0.04 work units)

    Nodes    |    Current Node    |     Objective Bounds      |     Work
 Expl Unexpl |  Obj  Depth IntInf | Incumbent    BestBd   Gap | It/Node Time

     0     0 -31585.172    0   57 -22266.000 -31585.172  41.9%     -    0s
H    0     0                    -30623.00000 -31585.172  3.14%     -    0s
H    0     0                    -30968.00000 -31585.172  1.99%     -    0s
     0     0 -31585.172    0   89 -30968.000 -31585.172  1.99%     -    0s
H    0     0                    -31276.00000 -31585.172  0.99%     -    0s
H    0     0                    -31447.00000 -31585.172  0.44%     -    0s
H    0     0                    -31512.00000 -31585.172  0.23%     -    0s
     0     0 -31585.172    0    9 -31512.000 -31585.172  0.23%     -    0s
     0     0 -31585.172    0   34 -31512.000 -31585.172  0.23%     -    0s
     0     0 -31585.172    0   54 -31512.000 -31585.172  0.23%     -    0s
     0     0 -31584.836    0   89 -31512.000 -31584.836  0.23%     -    0s
     0     0 -31582.188    0   73 -31512.000 -31582.188  0.22%     -    0s
     0     0 -31581.236    0   70 -31512.000 -31581.236  0.22%     -    0s
     0     0 -31581.236    0   74 -31512.000 -31581.236  0.22%     -    0s
     0     0 -31580.287    0   47 -31512.000 -31580.287  0.22%     -    0s
H    0     0                    -31521.00000 -31580.287  0.19%     -    0s
     0     0 -31579.776    0   55 -31521.000 -31579.776  0.19%     -    0s
     0     0 -31579.776    0   33 -31521.000 -31579.776  0.19%     -    0s
     0     0 -31579.776    0   50 -31521.000 -31579.776  0.19%     -    0s
     0     0 -31579.689    0   64 -31521.000 -31579.689  0.19%     -    0s
     0     0 -31576.990    0   68 -31521.000 -31576.990  0.18%     -    0s
     0     0 -31576.984    0   55 -31521.000 -31576.984  0.18%     -    0s
     0     0 -31573.258    0   51 -31521.000 -31573.258  0.17%     -    0s
     0     0 -31572.792    0   77 -31521.000 -31572.792  0.16%     -    0s
     0     0 -31568.682    0   72 -31521.000 -31568.682  0.15%     -    0s
     0     0 -31561.056    0   59 -31521.000 -31561.056  0.13%     -    0s
     0     0 -31560.995    0   57 -31521.000 -31560.995  0.13%     -    0s
     0     0 -31560.947    0   44 -31521.000 -31560.947  0.13%     -    0s
     0     0 -31560.947    0   41 -31521.000 -31560.947  0.13%     -    0s
     0     0 -31560.947    0   56 -31521.000 -31560.947  0.13%     -    0s
     0     0 -31560.947    0   48 -31521.000 -31560.947  0.13%     -    0s
     0     0 -31560.947    0   58 -31521.000 -31560.947  0.13%     -    0s
     0     0 -31559.356    0    4 -31521.000 -31559.356  0.12%     -    0s
     0     0 -31559.356    0   12 -31521.000 -31559.356  0.12%     -    0s
H    0     0                    -31543.00001 -31559.356  0.05%     -    0s
     0     0 -31559.356    0   11 -31543.000 -31559.356  0.05%     -    0s
     0     0 -31559.356    0   10 -31543.000 -31559.356  0.05%     -    0s
     0     0 -31559.356    0   20 -31543.000 -31559.356  0.05%     -    0s
     0     0 -31559.356    0   41 -31543.000 -31559.356  0.05%     -    0s
     0     0 -31559.356    0   38 -31543.000 -31559.356  0.05%     -    0s
     0     0 -31559.356    0   28 -31543.000 -31559.356  0.05%     -    0s
     0     0 -31559.356    0   12 -31543.000 -31559.356  0.05%     -    0s
     0     0 -31559.356    0    4 -31543.000 -31559.356  0.05%     -    0s
     0     0 -31559.356    0   13 -31543.000 -31559.356  0.05%     -    0s
     0     0 -31559.356    0   10 -31543.000 -31559.356  0.05%     -    0s
     0     0 -31559.200    0   30 -31543.000 -31559.200  0.05%     -    0s
     0     0 -31559.000    0   12 -31543.000 -31559.000  0.05%     -    0s
     0     0 -31559.000    0   12 -31543.000 -31559.000  0.05%     -    0s
     0     0 -31559.000    0   12 -31543.000 -31559.000  0.05%     -    0s
     0     0 -31548.645    0   13 -31543.000 -31548.645  0.02%     -    0s

Cutting planes:
  Gomory: 1
  Cover: 6
  Clique: 1
  StrongCG: 3

Explored 1 nodes (7377 simplex iterations) in 0.50 seconds (0.30 work units)
Thread count was 4 (of 56 available processors)

Solution count 10: -31543 -31543 -31521 ... -30623

Optimal solution found (tolerance 1.00e-04)
Best objective -3.154300000000e+04, best bound -3.154300000525e+04, gap 0.0000%
