
Gurobi 9.5.0 (linux64) logging started Thu Apr 28 15:35:48 2022

Set parameter LogFile to value "/local_workspace/chenrui/LogFiles/MKAP/new1W_R10_M10_N100_seed3_DWcutsCT4_600.log"
Gurobi Optimizer version 9.5.0 build v9.5.0rc5 (linux64)
Thread count: 56 physical cores, 56 logical processors, using up to 4 threads
Optimize a model with 1542 rows, 1100 columns and 16071 nonzeros
Model fingerprint: 0x6f0f2563
Variable types: 0 continuous, 1100 integer (1100 binary)
Coefficient statistics:
  Matrix range     [1e-13, 8e+03]
  Objective range  [5e+01, 9e+02]
  Bounds range     [1e+00, 1e+00]
  RHS range        [1e-12, 1e+00]
Warning: Model contains large matrix coefficient range
         Consider reformulating model or setting NumericFocus parameter
         to avoid numerical issues.
Found heuristic solution: objective 0.0000000
Presolve removed 164 rows and 77 columns
Presolve time: 0.06s
Presolved: 1378 rows, 1023 columns, 12959 nonzeros
Found heuristic solution: objective -5736.000000
Variable types: 0 continuous, 1023 integer (1023 binary)

Root relaxation: objective -2.940480e+04, 2238 iterations, 0.10 seconds (0.11 work units)

    Nodes    |    Current Node    |     Objective Bounds      |     Work
 Expl Unexpl |  Obj  Depth IntInf | Incumbent    BestBd   Gap | It/Node Time

     0     0 -29404.800    0  167 -5736.0000 -29404.800   413%     -    0s
H    0     0                    -28858.00000 -29404.800  1.89%     -    0s
H    0     0                    -29395.00000 -29404.800  0.03%     -    0s
     0     0 -29404.000    0   36 -29395.000 -29404.000  0.03%     -    0s
     0     0 -29404.000    0  138 -29395.000 -29404.000  0.03%     -    0s
H    0     0                    -29396.00000 -29404.000  0.03%     -    0s

Cutting planes:
  Gomory: 1
  Cover: 3
  Clique: 25

Explored 1 nodes (2790 simplex iterations) in 0.31 seconds (0.26 work units)
Thread count was 4 (of 56 available processors)

Solution count 6: -29396 -29395 -28858 ... 0

Optimal solution found (tolerance 1.00e-04)
Best objective -2.939600000000e+04, best bound -2.939700000000e+04, gap 0.0034%

Gurobi 9.5.0 (linux64) logging started Thu Apr 28 17:33:36 2022

Set parameter LogFile to value "/local_workspace/chenrui/LogFiles/MKAP/new1W_R10_M10_N100_seed3_DWcutsCT4_600.log"
Gurobi Optimizer version 9.5.0 build v9.5.0rc5 (linux64)
Thread count: 56 physical cores, 56 logical processors, using up to 4 threads
Optimize a model with 1542 rows, 1100 columns and 16071 nonzeros
Model fingerprint: 0x6f0f2563
Variable types: 0 continuous, 1100 integer (1100 binary)
Coefficient statistics:
  Matrix range     [1e-13, 8e+03]
  Objective range  [5e+01, 9e+02]
  Bounds range     [1e+00, 1e+00]
  RHS range        [1e-12, 1e+00]
Warning: Model contains large matrix coefficient range
         Consider reformulating model or setting NumericFocus parameter
         to avoid numerical issues.
Found heuristic solution: objective 0.0000000
Presolve removed 164 rows and 77 columns
Presolve time: 0.06s
Presolved: 1378 rows, 1023 columns, 12959 nonzeros
Found heuristic solution: objective -5736.000000
Variable types: 0 continuous, 1023 integer (1023 binary)

Root relaxation: objective -2.940480e+04, 2238 iterations, 0.10 seconds (0.11 work units)

    Nodes    |    Current Node    |     Objective Bounds      |     Work
 Expl Unexpl |  Obj  Depth IntInf | Incumbent    BestBd   Gap | It/Node Time

     0     0 -29404.800    0  167 -5736.0000 -29404.800   413%     -    0s
H    0     0                    -28858.00000 -29404.800  1.89%     -    0s
H    0     0                    -29395.00000 -29404.800  0.03%     -    0s
     0     0 -29404.000    0   36 -29395.000 -29404.000  0.03%     -    0s
     0     0 -29404.000    0  138 -29395.000 -29404.000  0.03%     -    0s
H    0     0                    -29396.00000 -29404.000  0.03%     -    0s

Cutting planes:
  Gomory: 1
  Cover: 3
  Clique: 25

Explored 1 nodes (2790 simplex iterations) in 0.31 seconds (0.26 work units)
Thread count was 4 (of 56 available processors)

Solution count 6: -29396 -29395 -28858 ... 0

Optimal solution found (tolerance 1.00e-04)
Best objective -2.939600000000e+04, best bound -2.939700000000e+04, gap 0.0034%

Gurobi 9.5.0 (linux64) logging started Fri Apr 29 21:00:59 2022

Set parameter LogFile to value "/local_workspace/chenrui/LogFiles/MKAP/new1W_R10_M10_N100_seed3_DWcutsCT4_600.log"
Gurobi Optimizer version 9.5.0 build v9.5.0rc5 (linux64)
Thread count: 56 physical cores, 56 logical processors, using up to 4 threads
Optimize a model with 1542 rows, 1100 columns and 16112 nonzeros
Model fingerprint: 0xc2edc9d7
Variable types: 0 continuous, 1100 integer (1100 binary)
Coefficient statistics:
  Matrix range     [1e-13, 8e+03]
  Objective range  [5e+01, 9e+02]
  Bounds range     [1e+00, 1e+00]
  RHS range        [1e-16, 1e+00]
Warning: Model contains large matrix coefficient range
         Consider reformulating model or setting NumericFocus parameter
         to avoid numerical issues.
Found heuristic solution: objective 0.0000000
Presolve removed 161 rows and 77 columns
Presolve time: 0.06s
Presolved: 1381 rows, 1023 columns, 12959 nonzeros
Found heuristic solution: objective -5736.000000
Variable types: 0 continuous, 1023 integer (1023 binary)

Root relaxation: objective -2.940480e+04, 2165 iterations, 0.10 seconds (0.12 work units)

    Nodes    |    Current Node    |     Objective Bounds      |     Work
 Expl Unexpl |  Obj  Depth IntInf | Incumbent    BestBd   Gap | It/Node Time

     0     0 -29404.800    0  167 -5736.0000 -29404.800   413%     -    0s
H    0     0                    -27914.00000 -29404.800  5.34%     -    0s
H    0     0                    -29225.00000 -29404.800  0.62%     -    0s
H    0     0                    -29228.00000 -29404.800  0.60%     -    0s
H    0     0                    -29330.00000 -29404.800  0.26%     -    0s
H    0     0                    -29395.00000 -29404.173  0.03%     -    0s
     0     0 -29404.173    0  170 -29395.000 -29404.173  0.03%     -    0s
     0     0 -29404.173    0  141 -29395.000 -29404.173  0.03%     -    0s
H    0     0                    -29396.00000 -29404.173  0.03%     -    0s

Cutting planes:
  Gomory: 2
  Cover: 3
  Clique: 26

Explored 1 nodes (2656 simplex iterations) in 0.35 seconds (0.28 work units)
Thread count was 4 (of 56 available processors)

Solution count 8: -29396 -29395 -29330 ... 0

Optimal solution found (tolerance 1.00e-04)
Best objective -2.939600000000e+04, best bound -2.939800000000e+04, gap 0.0068%
