
Gurobi 9.5.0 (linux64) logging started Tue May  3 13:42:25 2022

Set parameter LogFile to value "/local_workspace/chenrui/LogFiles/MKAP/new1W_R10_M40_N100_seed7_DWcutsCT2_600.log"
Gurobi Optimizer version 9.5.0 build v9.5.0rc5 (linux64)
Thread count: 56 physical cores, 56 logical processors, using up to 4 threads
Optimize a model with 1665 rows, 4400 columns and 18923 nonzeros
Model fingerprint: 0xc21b6282
Variable types: 0 continuous, 4400 integer (4400 binary)
Coefficient statistics:
  Matrix range     [1e-13, 2e+03]
  Objective range  [2e+01, 9e+02]
  Bounds range     [1e+00, 1e+00]
  RHS range        [4e-15, 1e+00]
Warning: Model contains large matrix coefficient range
         Consider reformulating model or setting NumericFocus parameter
         to avoid numerical issues.
Found heuristic solution: objective 0.0000000
Presolve removed 378 rows and 1615 columns
Presolve time: 0.05s
Presolved: 1287 rows, 2785 columns, 11713 nonzeros
Found heuristic solution: objective -14340.00000
Variable types: 0 continuous, 2785 integer (2785 binary)

Root relaxation: objective -3.133954e+04, 3512 iterations, 0.09 seconds (0.08 work units)

    Nodes    |    Current Node    |     Objective Bounds      |     Work
 Expl Unexpl |  Obj  Depth IntInf | Incumbent    BestBd   Gap | It/Node Time

     0     0 -31339.539    0  140 -14340.000 -31339.539   119%     -    0s
H    0     0                    -30959.00000 -31339.539  1.23%     -    0s
H    0     0                    -31080.00000 -31339.539  0.84%     -    0s
     0     0 -31337.894    0  187 -31080.000 -31337.894  0.83%     -    0s
     0     0 -31330.833    0  193 -31080.000 -31330.833  0.81%     -    0s
     0     0 -31324.816    0  207 -31080.000 -31324.816  0.79%     -    0s
H    0     0                    -31177.00000 -31324.816  0.47%     -    0s
     0     0 -31321.642    0  192 -31177.000 -31321.642  0.46%     -    0s
H    0     0                    -31198.00000 -31321.642  0.40%     -    0s
     0     0 -31321.626    0  205 -31198.000 -31321.626  0.40%     -    0s
     0     0 -31317.862    0  183 -31198.000 -31317.862  0.38%     -    0s
     0     0 -31317.862    0  125 -31198.000 -31317.862  0.38%     -    0s
     0     0 -31316.999    0  156 -31198.000 -31316.999  0.38%     -    0s
H    0     0                    -31227.00000 -31316.999  0.29%     -    0s
     0     0 -31316.510    0  178 -31227.000 -31316.510  0.29%     -    0s
     0     0 -31316.510    0  179 -31227.000 -31316.510  0.29%     -    0s
     0     0 -31316.278    0  132 -31227.000 -31316.278  0.29%     -    0s
     0     0 -31316.278    0  129 -31227.000 -31316.278  0.29%     -    0s
     0     0 -31316.278    0  153 -31227.000 -31316.278  0.29%     -    0s
     0     0 -31316.278    0  114 -31227.000 -31316.278  0.29%     -    0s
     0     0 -31316.278    0  123 -31227.000 -31316.278  0.29%     -    0s
     0     0 -31316.278    0  111 -31227.000 -31316.278  0.29%     -    1s
     0     0 -31316.278    0  125 -31227.000 -31316.278  0.29%     -    1s
     0     0 -31316.278    0  117 -31227.000 -31316.278  0.29%     -    1s
     0     0 -31316.278    0  155 -31227.000 -31316.278  0.29%     -    1s
     0     0 -31316.278    0  115 -31227.000 -31316.278  0.29%     -    1s
     0     0 -31316.278    0  160 -31227.000 -31316.278  0.29%     -    1s
     0     0 -31316.278    0  145 -31227.000 -31316.278  0.29%     -    1s
     0     0 -31316.278    0  107 -31227.000 -31316.278  0.29%     -    1s
     0     0 -31316.278    0  122 -31227.000 -31316.278  0.29%     -    1s
     0     0 -31316.276    0  121 -31227.000 -31316.276  0.29%     -    1s
     0     0 -31316.239    0  108 -31227.000 -31316.239  0.29%     -    1s
     0     0 -31316.221    0  156 -31227.000 -31316.221  0.29%     -    1s
     0     0 -31316.208    0  158 -31227.000 -31316.208  0.29%     -    1s
     0     0 -31316.134    0  176 -31227.000 -31316.134  0.29%     -    1s
     0     0 -31316.107    0  173 -31227.000 -31316.107  0.29%     -    1s
     0     0 -31316.107    0  142 -31227.000 -31316.107  0.29%     -    1s
     0     2 -31315.452    0  142 -31227.000 -31315.452  0.28%     -    1s
H  203   151                    -31258.00003 -31309.128  0.16%  56.1    2s
*  436   231              12    -31264.00001 -31305.439  0.13%  55.7    2s
*  501   226              19    -31276.00000 -31305.439  0.09%  54.5    2s

Cutting planes:
  Gomory: 11
  Cover: 56
  Clique: 4
  MIR: 4
  Zero half: 2

Explored 1226 nodes (66963 simplex iterations) in 2.71 seconds (2.77 work units)
Thread count was 4 (of 56 available processors)

Solution count 10: -31276 -31264 -31258 ... 0
No other solutions better than -31276

Optimal solution found (tolerance 1.00e-04)
Best objective -3.127600000309e+04, best bound -3.127600000337e+04, gap 0.0000%
