
Gurobi 9.5.0 (linux64) logging started Tue May  3 16:31:10 2022

Set parameter LogFile to value "/local_workspace/chenrui/LogFiles/MKAP/new1W_R10_M30_N50_seed7_objLB_600.log"
Gurobi Optimizer version 9.5.0 build v9.5.0rc5 (linux64)
Thread count: 56 physical cores, 56 logical processors, using up to 4 threads
Optimize a model with 381 rows, 1800 columns and 5100 nonzeros
Model fingerprint: 0xe2fa32ff
Variable types: 0 continuous, 1800 integer (1800 binary)
Coefficient statistics:
  Matrix range     [1e+00, 1e+03]
  Objective range  [6e+01, 9e+02]
  Bounds range     [1e+00, 1e+00]
  RHS range        [1e+00, 1e+04]
Found heuristic solution: objective 0.0000000
Presolve removed 213 rows and 1058 columns
Presolve time: 0.01s
Presolved: 168 rows, 742 columns, 2129 nonzeros
Variable types: 0 continuous, 742 integer (742 binary)
Found heuristic solution: objective -11186.00000

Root relaxation: objective -1.303400e+04, 345 iterations, 0.00 seconds (0.00 work units)

    Nodes    |    Current Node    |     Objective Bounds      |     Work
 Expl Unexpl |  Obj  Depth IntInf | Incumbent    BestBd   Gap | It/Node Time

     0     0 -13034.000    0   10 -11186.000 -13034.000  16.5%     -    0s
H    0     0                    -12517.00000 -13034.000  4.13%     -    0s
H    0     0                    -12542.00000 -13034.000  3.92%     -    0s
H    0     0                    -12652.00000 -13034.000  3.02%     -    0s
     0     0 -13034.000    0   21 -12652.000 -13034.000  3.02%     -    0s
H    0     0                    -12665.00000 -13034.000  2.91%     -    0s
     0     0 -13034.000    0   27 -12665.000 -13034.000  2.91%     -    0s
H    0     0                    -12684.00000 -13034.000  2.76%     -    0s
H    0     0                    -12813.00000 -13034.000  1.72%     -    0s
H    0     0                    -12851.00000 -13034.000  1.42%     -    0s
     0     0 -13034.000    0   13 -12851.000 -13034.000  1.42%     -    0s
H    0     0                    -12896.00000 -13034.000  1.07%     -    0s
     0     0 -13034.000    0    6 -12896.000 -13034.000  1.07%     -    0s
     0     0 -13034.000    0   19 -12896.000 -13034.000  1.07%     -    0s
     0     0 -13034.000    0   23 -12896.000 -13034.000  1.07%     -    0s
     0     0 -13034.000    0   23 -12896.000 -13034.000  1.07%     -    0s
H    0     0                    -12922.00000 -13034.000  0.87%     -    0s
     0     2 -13034.000    0   23 -12922.000 -13034.000  0.87%     -    0s
H   35    31                    -12936.00000 -13034.000  0.76%  33.1    0s
H   91    52                    -12944.00000 -13034.000  0.70%  26.4    0s

Cutting planes:
  Gomory: 5
  Lift-and-project: 3
  Cover: 60
  Clique: 10
  MIR: 8
  StrongCG: 9
  Zero half: 1

Explored 1777 nodes (20046 simplex iterations) in 0.39 seconds (0.38 work units)
Thread count was 4 (of 56 available processors)

Solution count 10: -12944 -12936 -12922 ... -12542
No other solutions better than -12944

Optimal solution found (tolerance 1.00e-04)
Best objective -1.294400000000e+04, best bound -1.294400000000e+04, gap 0.0000%
