
Gurobi 9.5.0 (linux64) logging started Mon Jun 20 09:22:07 2022

Set parameter LogFile to value "/local_workspace/chenrui/LogFiles/MKAP/new1W_R5_M30_N50_seed3_DWcutsCTp1_600.log"
Gurobi Optimizer version 9.5.0 build v9.5.0rc5 (linux64)
Thread count: 56 physical cores, 56 logical processors, using up to 4 threads
Optimize a model with 439 rows, 1650 columns and 5320 nonzeros
Model fingerprint: 0x5b83c64e
Variable types: 0 continuous, 1650 integer (1650 binary)
Coefficient statistics:
  Matrix range     [1e-13, 1e+03]
  Objective range  [4e+01, 9e+02]
  Bounds range     [1e+00, 1e+00]
  RHS range        [1e-05, 1e+00]
Warning: Model contains large matrix coefficient range
         Consider reformulating model or setting NumericFocus parameter
         to avoid numerical issues.
Found heuristic solution: objective 0.0000000
Presolve removed 120 rows and 932 columns
Presolve time: 0.01s
Presolved: 319 rows, 718 columns, 2148 nonzeros
Found heuristic solution: objective -8365.000000
Variable types: 0 continuous, 718 integer (718 binary)

Root relaxation: objective -1.379801e+04, 608 iterations, 0.01 seconds (0.00 work units)

    Nodes    |    Current Node    |     Objective Bounds      |     Work
 Expl Unexpl |  Obj  Depth IntInf | Incumbent    BestBd   Gap | It/Node Time

     0     0 -13798.012    0   40 -8365.0000 -13798.012  64.9%     -    0s
H    0     0                    -13798.00000 -13798.012  0.00%     -    0s
     0     0 -13798.012    0   40 -13798.000 -13798.012  0.00%     -    0s

Explored 1 nodes (680 simplex iterations) in 0.02 seconds (0.01 work units)
Thread count was 4 (of 56 available processors)

Solution count 3: -13798 -8365 0 
No other solutions better than -13798

Optimal solution found (tolerance 1.00e-04)
Best objective -1.379800000000e+04, best bound -1.379800000000e+04, gap 0.0000%
