
Gurobi 9.5.0 (linux64) logging started Fri Apr 29 07:00:30 2022

Set parameter LogFile to value "/local_workspace/chenrui/LogFiles/MKAP/new1W_R10_M10_N300_seed9_objLB_600.log"
Gurobi Optimizer version 9.5.0 build v9.5.0rc5 (linux64)
Thread count: 56 physical cores, 56 logical processors, using up to 4 threads
Optimize a model with 411 rows, 3100 columns and 9200 nonzeros
Model fingerprint: 0x833e3af2
Variable types: 0 continuous, 3100 integer (3100 binary)
Coefficient statistics:
  Matrix range     [1e+00, 1e+04]
  Objective range  [5e+01, 1e+03]
  Bounds range     [1e+00, 1e+00]
  RHS range        [1e+00, 9e+04]
Found heuristic solution: objective 0.0000000
Presolve removed 10 rows and 10 columns
Presolve time: 0.01s
Presolved: 401 rows, 3090 columns, 9180 nonzeros
Variable types: 0 continuous, 3090 integer (3090 binary)
Found heuristic solution: objective -56904.00000

Root relaxation: objective -9.332700e+04, 651 iterations, 0.01 seconds (0.01 work units)

    Nodes    |    Current Node    |     Objective Bounds      |     Work
 Expl Unexpl |  Obj  Depth IntInf | Incumbent    BestBd   Gap | It/Node Time

     0     0 -93327.000    0   54 -56904.000 -93327.000  64.0%     -    0s
H    0     0                    -57247.00000 -93327.000  63.0%     -    0s
H    0     0                    -76423.00000 -93327.000  22.1%     -    0s
     0     0 -93327.000    0  319 -76423.000 -93327.000  22.1%     -    0s
H    0     0                    -83990.00000 -93327.000  11.1%     -    0s
     0     0 -93327.000    0  319 -83990.000 -93327.000  11.1%     -    0s
H    0     0                    -87595.00000 -93327.000  6.54%     -    0s
H    0     0                    -88697.00003 -93327.000  5.22%     -    0s
     0     0 -93327.000    0   51 -88697.000 -93327.000  5.22%     -    0s
     0     0 -93327.000    0   49 -88697.000 -93327.000  5.22%     -    0s
H    0     0                    -89169.00000 -93327.000  4.66%     -    0s
H    0     2                    -89663.00000 -93327.000  4.09%     -    0s
     0     2 -93327.000    0   43 -89663.000 -93327.000  4.09%     -    0s
H   68    97                    -89752.00000 -93327.000  3.98%   182    1s
H  103   198                    -89777.00000 -93327.000  3.95%   151    1s
H  132   198                    -90804.00000 -93327.000  2.78%   129    1s
H  300   490                    -91257.00000 -93327.000  2.27%  93.9    1s
H  741   621                    -91345.00000 -93327.000  2.17%  72.7    1s
H 1087   615                    -91370.00000 -93327.000  2.14%  67.4    2s
H 1512   714                    -91835.00000 -93327.000  1.62%  88.6    2s
H 1706   698                    -92053.00000 -93327.000  1.38%  79.0    2s
H 1910   561                    -92281.00000 -93327.000  1.13%  81.3    3s
H 1913   548                    -92318.00000 -93327.000  1.09%  82.3    3s
H 1932   504                    -92437.00000 -93327.000  0.96%  84.7    3s
H 2073   482                    -92566.00000 -93327.000  0.82%  87.9    3s
H 2088   453                    -92740.00000 -93327.000  0.63%  88.4    3s
H 2093   422                    -92774.00000 -93327.000  0.60%  88.4    4s
  2367   335 -93327.000    9  202 -92774.000 -93327.000  0.60%   124    5s
H 2588   353                    -92945.00000 -93327.000  0.41%   136    6s
  3168   567 -93327.000    8  103 -92945.000 -93327.000  0.41%   148   10s
H 3245   598                    -93031.00000 -93327.000  0.32%   154   12s
H 3277   731                    -93086.00000 -93327.000  0.26%   153   12s
H 3313   693                    -93139.00000 -93327.000  0.20%   153   12s
  4582   814 -93327.000   38   26 -93139.000 -93327.000  0.20%   119   15s
H16515  2886                    -93166.00000 -93327.000  0.17%  45.1   19s
H16552  2888                    -93167.00000 -93327.000  0.17%  45.1   19s
 17823  3027 -93198.886   70    9 -93167.000 -93327.000  0.17%  42.5   20s
 22032  4045     cutoff   93      -93167.000 -93327.000  0.17%  36.2   27s
 39084  5015     cutoff   76      -93167.000 -93327.000  0.17%  25.2   30s
 71381 12400 -93216.936   75    9 -93167.000 -93327.000  0.17%  17.2   35s
 96652 14243     cutoff  104      -93167.000 -93327.000  0.17%  15.5   40s
 132104 19054 -93275.924   59   10 -93167.000 -93327.000  0.17%  13.7   45s
 162005 25094 -93324.566  126   14 -93167.000 -93327.000  0.17%  12.8   50s
 191427 30253 -93322.206  102   14 -93167.000 -93327.000  0.17%  12.9   55s
 215294 32574     cutoff  114      -93167.000 -93327.000  0.17%  12.8   60s
 244163 37128     cutoff  108      -93167.000 -93327.000  0.17%  12.7   65s
 274044 40996 -93327.000  110   14 -93167.000 -93327.000  0.17%  12.5   70s
 302481 45026 -93295.718   99   13 -93167.000 -93327.000  0.17%  12.2   75s
 315436 47453 -93281.742  111   17 -93167.000 -93327.000  0.17%  12.1   81s
 331491 49060 -93306.597  103   15 -93167.000 -93327.000  0.17%  12.1   85s
 360605 53944 -93290.800   73   15 -93167.000 -93327.000  0.17%  12.0   90s
 388892 58380 -93327.000   47   33 -93167.000 -93327.000  0.17%  12.0   95s
 413768 62944 -93312.012   90   17 -93167.000 -93327.000  0.17%  11.9  100s
 442869 66504 -93285.467   70   18 -93167.000 -93327.000  0.17%  12.1  105s
 470364 71043     cutoff   69      -93167.000 -93327.000  0.17%  12.1  110s
 493729 74387 -93327.000   76   18 -93167.000 -93327.000  0.17%  12.2  115s
 527079 81761 -93312.231  100   18 -93167.000 -93327.000  0.17%  12.1  120s
 552653 87175 -93297.276  116   17 -93167.000 -93327.000  0.17%  11.9  125s
 579258 93804 -93270.932   92   14 -93167.000 -93327.000  0.17%  11.8  130s
 613669 102657 -93319.017   82   16 -93167.000 -93327.000  0.17%  11.6  135s
 638047 107553 -93240.735   56   10 -93167.000 -93327.000  0.17%  11.6  140s
 670080 117017 -93327.000   56   12 -93167.000 -93327.000  0.17%  11.3  145s
 695217 121155 -93327.000   35   30 -93167.000 -93327.000  0.17%  11.3  150s
 725426 128629 -93208.805   72   10 -93167.000 -93327.000  0.17%  11.1  155s
 741403 132615     cutoff   68      -93167.000 -93327.000  0.17%  11.2  160s
 766205 139530     cutoff   94      -93167.000 -93327.000  0.17%  11.4  165s
 785677 144854 -93327.000   69   21 -93167.000 -93327.000  0.17%  11.5  170s
 799606 146614     cutoff   67      -93167.000 -93327.000  0.17%  11.8  175s
 820253 147025 -93265.884   55   10 -93167.000 -93327.000  0.17%  12.2  180s
H832871   664                    -93327.00000 -93327.000  0.00%  12.1  182s

Cutting planes:
  Gomory: 2
  Cover: 95
  Clique: 336
  MIR: 9
  StrongCG: 15
  Flow cover: 21
  Zero half: 2

Explored 833352 nodes (10104036 simplex iterations) in 182.45 seconds (299.71 work units)
Thread count was 4 (of 56 available processors)

Solution count 10: -93327 -93167 -93166 ... -92566
No other solutions better than -93327

Optimal solution found (tolerance 1.00e-04)
Best objective -9.332700000000e+04, best bound -9.332700000000e+04, gap 0.0000%
