
Gurobi 9.5.0 (linux64) logging started Fri Apr 29 22:10:11 2022

Set parameter LogFile to value "/local_workspace/chenrui/LogFiles/MKAP/new1W_R25_M10_N200_seed9_DWcutsCT5_600.log"
Gurobi Optimizer version 9.5.0 build v9.5.0rc5 (linux64)
Thread count: 56 physical cores, 56 logical processors, using up to 4 threads
Optimize a model with 7516 rows, 2250 columns and 59616 nonzeros
Model fingerprint: 0x7cce0f51
Variable types: 0 continuous, 2250 integer (2250 binary)
Coefficient statistics:
  Matrix range     [1e-13, 1e+04]
  Objective range  [5e+01, 9e+02]
  Bounds range     [1e+00, 1e+00]
  RHS range        [1e-16, 1e+00]
Warning: Model contains large matrix coefficient range
         Consider reformulating model or setting NumericFocus parameter
         to avoid numerical issues.
Found heuristic solution: objective 0.0000000
Presolve removed 1564 rows and 18 columns
Presolve time: 0.15s
Presolved: 5952 rows, 2232 columns, 27924 nonzeros
Variable types: 0 continuous, 2232 integer (2232 binary)
Found heuristic solution: objective -3626.000000

Root relaxation: objective -4.100200e+04, 4463 iterations, 0.23 seconds (0.17 work units)

    Nodes    |    Current Node    |     Objective Bounds      |     Work
 Expl Unexpl |  Obj  Depth IntInf | Incumbent    BestBd   Gap | It/Node Time

*    0     0               0    -41002.00000 -41002.000  0.00%     -    0s

Explored 1 nodes (4463 simplex iterations) in 0.41 seconds (0.34 work units)
Thread count was 4 (of 56 available processors)

Solution count 3: -41002 -3626 0 
No other solutions better than -41002

Optimal solution found (tolerance 1.00e-04)
Best objective -4.100199999998e+04, best bound -4.100199999998e+04, gap 0.0000%
