
Gurobi 9.5.0 (linux64) logging started Tue May  3 22:48:43 2022

Set parameter LogFile to value "/local_workspace/chenrui/LogFiles/MKAP/new1W_R25_M20_N50_seed4_DWcuts_600.log"
Gurobi Optimizer version 9.5.0 build v9.5.0rc5 (linux64)
Thread count: 56 physical cores, 56 logical processors, using up to 4 threads
Optimize a model with 1070 rows, 1500 columns and 4500 nonzeros
Model fingerprint: 0x677f9a99
Variable types: 0 continuous, 1500 integer (1500 binary)
Coefficient statistics:
  Matrix range     [1e+00, 1e+03]
  Objective range  [4e+01, 8e+02]
  Bounds range     [1e+00, 1e+00]
  RHS range        [8e-09, 1e+00]
Found heuristic solution: objective 0.0000000
Presolve removed 743 rows and 787 columns
Presolve time: 0.01s
Presolved: 327 rows, 713 columns, 1818 nonzeros
Found heuristic solution: objective -10065.00000
Variable types: 0 continuous, 713 integer (713 binary)
Found heuristic solution: objective -10158.00000

Root relaxation: objective -1.167100e+04, 548 iterations, 0.00 seconds (0.00 work units)

    Nodes    |    Current Node    |     Objective Bounds      |     Work
 Expl Unexpl |  Obj  Depth IntInf | Incumbent    BestBd   Gap | It/Node Time

*    0     0               0    -11671.00000 -11671.000  0.00%     -    0s

Explored 1 nodes (548 simplex iterations) in 0.02 seconds (0.02 work units)
Thread count was 4 (of 56 available processors)

Solution count 4: -11671 -10158 -10065 0 
No other solutions better than -11671

Optimal solution found (tolerance 1.00e-04)
Best objective -1.167100000019e+04, best bound -1.167100000019e+04, gap 0.0000%
