
Gurobi 9.5.0 (linux64) logging started Tue May  3 13:37:32 2022

Set parameter LogFile to value "/local_workspace/chenrui/LogFiles/MKAP/new1W_R10_M40_N100_seed1_DWcutsCT4_600.log"
Gurobi Optimizer version 9.5.0 build v9.5.0rc5 (linux64)
Thread count: 56 physical cores, 56 logical processors, using up to 4 threads
Optimize a model with 2430 rows, 4400 columns and 26615 nonzeros
Model fingerprint: 0x7f5c27a4
Variable types: 0 continuous, 4400 integer (4400 binary)
Coefficient statistics:
  Matrix range     [1e-13, 6e+03]
  Objective range  [9e+01, 9e+02]
  Bounds range     [1e+00, 1e+00]
  RHS range        [1e-16, 1e+00]
Warning: Model contains large matrix coefficient range
         Consider reformulating model or setting NumericFocus parameter
         to avoid numerical issues.
Found heuristic solution: objective 0.0000000
Presolve removed 1117 rows and 1976 columns
Presolve time: 0.06s
Presolved: 1313 rows, 2424 columns, 12032 nonzeros
Found heuristic solution: objective -11643.00000
Variable types: 0 continuous, 2424 integer (2424 binary)

Root relaxation: objective -2.957993e+04, 3427 iterations, 0.09 seconds (0.08 work units)

    Nodes    |    Current Node    |     Objective Bounds      |     Work
 Expl Unexpl |  Obj  Depth IntInf | Incumbent    BestBd   Gap | It/Node Time

     0     0 -29579.929    0   97 -11643.000 -29579.929   154%     -    0s
H    0     0                    -28314.00000 -29579.929  4.47%     -    0s
H    0     0                    -28849.00000 -29579.929  2.53%     -    0s
H    0     0                    -28930.00000 -29579.929  2.25%     -    0s
     0     0 -29563.851    0  116 -28930.000 -29563.851  2.19%     -    0s
H    0     0                    -29332.00003 -29563.851  0.79%     -    0s
     0     0 -29561.284    0  150 -29332.000 -29561.284  0.78%     -    0s
     0     0 -29561.284    0  154 -29332.000 -29561.284  0.78%     -    0s
     0     0 -29560.534    0  147 -29332.000 -29560.534  0.78%     -    0s
     0     0 -29560.534    0  150 -29332.000 -29560.534  0.78%     -    0s
     0     0 -29560.534    0  153 -29332.000 -29560.534  0.78%     -    0s
     0     0 -29559.561    0  142 -29332.000 -29559.561  0.78%     -    0s
H    0     0                    -29349.00000 -29558.084  0.71%     -    0s
     0     0 -29558.084    0  153 -29349.000 -29558.084  0.71%     -    0s
     0     0 -29558.084    0  157 -29349.000 -29558.084  0.71%     -    0s
     0     0 -29557.869    0  144 -29349.000 -29557.869  0.71%     -    0s
     0     0 -29557.863    0  146 -29349.000 -29557.863  0.71%     -    0s
     0     0 -29557.863    0  144 -29349.000 -29557.863  0.71%     -    0s
     0     0 -29557.863    0  127 -29349.000 -29557.863  0.71%     -    0s
H    0     0                    -29468.00000 -29557.863  0.30%     -    0s
     0     0 -29557.783    0   81 -29468.000 -29557.783  0.30%     -    0s
H    0     0                    -29480.00000 -29557.783  0.26%     -    0s
     0     0 -29557.783    0  145 -29480.000 -29557.783  0.26%     -    0s
H    0     0                    -29501.00000 -29557.783  0.19%     -    0s
     0     0 -29557.783    0  117 -29501.000 -29557.783  0.19%     -    0s
     0     0 -29557.573    0  118 -29501.000 -29557.573  0.19%     -    0s
     0     0 -29557.071    0   74 -29501.000 -29557.071  0.19%     -    0s
     0     0 -29557.071    0   69 -29501.000 -29557.071  0.19%     -    0s
     0     0 -29557.071    0   87 -29501.000 -29557.071  0.19%     -    1s
H    0     0                    -29533.00000 -29556.321  0.08%     -    1s
     0     0 -29556.321    0   94 -29533.000 -29556.321  0.08%     -    1s
     0     0 -29556.321    0   94 -29533.000 -29556.321  0.08%     -    1s
     0     0 -29556.321    0   80 -29533.000 -29556.321  0.08%     -    1s
     0     0 -29556.321    0   35 -29533.000 -29556.321  0.08%     -    1s
     0     0 -29555.042    0   50 -29533.000 -29555.042  0.07%     -    1s
     0     0 -29555.042    0   36 -29533.000 -29555.042  0.07%     -    1s
     0     0 -29555.028    0   56 -29533.000 -29555.028  0.07%     -    1s
     0     0 -29549.190    0   68 -29533.000 -29549.190  0.05%     -    1s
H    0     0                    -29537.00000 -29549.190  0.04%     -    1s
     0     0 -29548.436    0   61 -29537.000 -29548.436  0.04%     -    1s
     0     0 -29548.198    0   63 -29537.000 -29548.198  0.04%     -    1s
     0     0 -29548.167    0   63 -29537.000 -29548.167  0.04%     -    1s
     0     0 -29548.167    0   65 -29537.000 -29548.167  0.04%     -    1s
     0     0 -29548.149    0   67 -29537.000 -29548.149  0.04%     -    1s
     0     0 -29548.043    0   49 -29537.000 -29548.043  0.04%     -    1s
     0     0 -29547.892    0   39 -29537.000 -29547.892  0.04%     -    1s
     0     0 -29547.892    0   37 -29537.000 -29547.892  0.04%     -    1s
     0     0 -29547.892    0   37 -29537.000 -29547.892  0.04%     -    1s
     0     0 -29543.351    0   25 -29537.000 -29543.351  0.02%     -    1s
     0     0 -29543.351    0   38 -29537.000 -29543.351  0.02%     -    1s
     0     0 -29542.000    0   42 -29537.000 -29542.000  0.02%     -    1s
     0     0 -29542.000    0   43 -29537.000 -29542.000  0.02%     -    1s

Cutting planes:
  Gomory: 13
  Clique: 2
  Zero half: 6
  RLT: 1

Explored 1 nodes (11258 simplex iterations) in 1.19 seconds (0.80 work units)
Thread count was 4 (of 56 available processors)

Solution count 10: -29537 -29533 -29533 ... -28849

Optimal solution found (tolerance 1.00e-04)
Best objective -2.953700000000e+04, best bound -2.953800000000e+04, gap 0.0034%
