
Gurobi 9.5.0 (linux64) logging started Sat Jun 18 17:54:33 2022

Set parameter LogFile to value "/local_workspace/chenrui/LogFiles/MKAP/new1W_R25_M10_N200_seed3_DWcutsCTp2_600.log"
Gurobi Optimizer version 9.5.0 build v9.5.0rc5 (linux64)
Thread count: 56 physical cores, 56 logical processors, using up to 4 threads
Optimize a model with 1452 rows, 2250 columns and 13112 nonzeros
Model fingerprint: 0x907d8f20
Variable types: 0 continuous, 2250 integer (2250 binary)
Coefficient statistics:
  Matrix range     [1e-13, 7e+03]
  Objective range  [7e+01, 1e+03]
  Bounds range     [1e+00, 1e+00]
  RHS range        [1e-05, 1e+00]
Warning: Model contains large matrix coefficient range
         Consider reformulating model or setting NumericFocus parameter
         to avoid numerical issues.
Found heuristic solution: objective 0.0000000
Presolve removed 9 rows and 0 columns
Presolve time: 0.02s
Presolved: 1443 rows, 2250 columns, 11616 nonzeros
Variable types: 0 continuous, 2250 integer (2250 binary)
Found heuristic solution: objective -3054.000000

Root relaxation: objective -4.225701e+04, 4223 iterations, 0.13 seconds (0.13 work units)

    Nodes    |    Current Node    |     Objective Bounds      |     Work
 Expl Unexpl |  Obj  Depth IntInf | Incumbent    BestBd   Gap | It/Node Time

     0     0 -42257.011    0  145 -3054.0000 -42257.011  1284%     -    0s
H    0     0                    -33035.00000 -42257.011  27.9%     -    0s
H    0     0                    -37840.00001 -42257.011  11.7%     -    0s
H    0     0                    -42257.00000 -42257.011  0.00%     -    0s

Cutting planes:
  Gomory: 11
  Cover: 27
  Clique: 307
  MIR: 6
  StrongCG: 7

Explored 1 nodes (4350 simplex iterations) in 0.24 seconds (0.20 work units)
Thread count was 4 (of 56 available processors)

Solution count 5: -42257 -37840 -33035 ... 0
No other solutions better than -42257

Optimal solution found (tolerance 1.00e-04)
Best objective -4.225700000000e+04, best bound -4.225700000000e+04, gap 0.0000%
