
Gurobi 9.5.0 (linux64) logging started Fri Apr 15 16:45:22 2022

Set parameter LogFile to value "/local_workspace/chenrui/LogFiles/MKAP/new1W_R25_M20_N100_seed1_DWcutsT1_600.log"
Gurobi Optimizer version 9.5.0 build v9.5.0rc5 (linux64)
Thread count: 56 physical cores, 56 logical processors, using up to 4 threads
Optimize a model with 1620 rows, 2500 columns and 9716 nonzeros
Model fingerprint: 0xd319094c
Variable types: 0 continuous, 2500 integer (2500 binary)
Coefficient statistics:
  Matrix range     [1e-13, 4e+03]
  Objective range  [8e+01, 9e+02]
  Bounds range     [1e+00, 1e+00]
  RHS range        [2e-13, 1e+00]
Warning: Model contains large matrix coefficient range
         Consider reformulating model or setting NumericFocus parameter
         to avoid numerical issues.
Found heuristic solution: objective 0.0000000
Presolve removed 509 rows and 626 columns
Presolve time: 0.04s
Presolved: 1111 rows, 1874 columns, 5996 nonzeros
Found heuristic solution: objective -7283.000000
Variable types: 0 continuous, 1874 integer (1874 binary)

Root relaxation: objective -2.759750e+04, 3407 iterations, 0.07 seconds (0.05 work units)

    Nodes    |    Current Node    |     Objective Bounds      |     Work
 Expl Unexpl |  Obj  Depth IntInf | Incumbent    BestBd   Gap | It/Node Time

     0     0 -27597.501    0   38 -7283.0000 -27597.501   279%     -    0s
H    0     0                    -27520.00000 -27597.501  0.28%     -    0s
     0     0 -27597.501    0   32 -27520.000 -27597.501  0.28%     -    0s
     0     0 -27597.501    0   30 -27520.000 -27597.501  0.28%     -    0s
H    0     0                    -27593.00000 -27597.501  0.02%     -    0s
     0     0 -27597.501    0   41 -27593.000 -27597.501  0.02%     -    0s
     0     0 infeasible    0      -27593.000 -27593.000  0.00%     -    0s

Explored 1 nodes (4090 simplex iterations) in 0.19 seconds (0.13 work units)
Thread count was 4 (of 56 available processors)

Solution count 8: -27593 -27520 -26792 ... 0
No other solutions better than -27593

Optimal solution found (tolerance 1.00e-04)
Best objective -2.759300000000e+04, best bound -2.759300000000e+04, gap 0.0000%
