
Gurobi 9.5.0 (linux64) logging started Wed May  4 09:33:54 2022

Set parameter LogFile to value "/local_workspace/chenrui/LogFiles/MKAP/new1W_R25_M30_N200_seed5_objLB_600.log"
Gurobi Optimizer version 9.5.0 build v9.5.0rc5 (linux64)
Thread count: 56 physical cores, 56 logical processors, using up to 4 threads
Optimize a model with 981 rows, 6750 columns and 19500 nonzeros
Model fingerprint: 0x4d30ae18
Variable types: 0 continuous, 6750 integer (6750 binary)
Coefficient statistics:
  Matrix range     [1e+00, 3e+03]
  Objective range  [4e+01, 9e+02]
  Bounds range     [1e+00, 1e+00]
  RHS range        [1e+00, 6e+04]
Found heuristic solution: objective 0.0000000
Presolve removed 107 rows and 1052 columns
Presolve time: 0.05s
Presolved: 874 rows, 5698 columns, 16451 nonzeros
Variable types: 0 continuous, 5698 integer (5698 binary)
Found heuristic solution: objective -35068.00000

Root relaxation: objective -6.028300e+04, 1788 iterations, 0.06 seconds (0.10 work units)

    Nodes    |    Current Node    |     Objective Bounds      |     Work
 Expl Unexpl |  Obj  Depth IntInf | Incumbent    BestBd   Gap | It/Node Time

     0     0 -60283.000    0   85 -35068.000 -60283.000  71.9%     -    0s
H    0     0                    -52338.00000 -60283.000  15.2%     -    0s
H    0     0                    -52427.00000 -60283.000  15.0%     -    0s
H    0     0                    -54579.00000 -60283.000  10.5%     -    0s
     0     0 -60283.000    0  220 -54579.000 -60283.000  10.5%     -    0s
H    0     0                    -55847.00000 -60283.000  7.94%     -    0s
     0     0 -60283.000    0  202 -55847.000 -60283.000  7.94%     -    0s
H    0     0                    -56217.00000 -60283.000  7.23%     -    0s
H    0     0                    -56256.00000 -60283.000  7.16%     -    0s
H    0     0                    -56482.00000 -60283.000  6.73%     -    0s
     0     0 -60283.000    0   84 -56482.000 -60283.000  6.73%     -    0s
     0     0 -60283.000    0   84 -56482.000 -60283.000  6.73%     -    0s
H    0     0                    -56658.00000 -60283.000  6.40%     -    1s
     0     2 -60283.000    0   84 -56658.000 -60283.000  6.40%     -    1s
H   31    36                    -56694.00000 -60283.000  6.33%   380    1s
H   31    36                    -57164.00000 -60283.000  5.46%   380    1s
H  120   223                    -57447.00000 -60283.000  4.94%   194    1s
H  273   459                    -57516.00000 -60283.000  4.81%   156    1s
H  771   738                    -57753.00000 -60283.000  4.38%   124    2s
H  772   730                    -57857.00000 -60283.000  4.19%   125    2s
H  773   719                    -57981.00000 -60283.000  3.97%   125    2s
H  803   826                    -58128.00000 -60283.000  3.71%   129    3s
H  843   826                    -58130.00000 -60283.000  3.70%   132    3s
H 1215  1014                    -58135.00000 -60283.000  3.69%   140    4s
H 1215   963                    -58213.00000 -60283.000  3.56%   140    4s
  1218   965 -59989.983   38   93 -58213.000 -60283.000  3.56%   139    5s
  1245   988 -60283.000   17  140 -58213.000 -60283.000  3.56%   174   10s
H 1255   947                    -58299.00000 -60283.000  3.40%   174   10s
H 1309   958                    -58735.00000 -60283.000  2.64%   172   12s
H 1420  1180                    -58912.00000 -60283.000  2.33%   170   14s
H 1639  1893                    -59015.00000 -60283.000  2.15%   166   15s
H 2600  1852                    -59099.00037 -60283.000  2.00%   167   16s
H 3454  2189                    -59181.00000 -60283.000  1.86%   152   18s
H 3934  2125                    -59310.00000 -60283.000  1.64%   144   20s
H 3950  2118                    -59321.00000 -60283.000  1.62%   144   20s
H 3984  2692                    -59362.00000 -60283.000  1.55%   143   20s
H 5086  2941                    -59420.00000 -60283.000  1.45%   134   22s
  6729  4204 -59850.597  183   64 -59420.000 -60283.000  1.45%   119   25s
H 8854  5767                    -59432.00000 -60283.000  1.43%   110   27s
 11847  8035 infeasible  185      -59432.000 -60283.000  1.43%  96.8   30s
H11848  7708                    -59546.00000 -60283.000  1.24%  96.8   30s
H12933  8046                    -59549.00000 -60283.000  1.23%  93.3   30s
H13265  7989                    -59558.00000 -60283.000  1.22%  92.2   30s
H14394  8499                    -59618.00000 -60283.000  1.12%  90.2   31s
H14684  8537                    -59641.00000 -60283.000  1.08%  89.8   32s
H15310  8506                    -59657.00000 -60283.000  1.05%  89.9   32s
H15510  8700                    -59660.00000 -60283.000  1.04%  90.4   33s
 16474  9473 -59812.181  135   60 -59660.000 -60283.000  1.04%  91.1   35s
H19096  8653                    -59834.00000 -60283.000  0.75%  92.4   37s
 20364  9445 -60227.069  194   91 -59834.000 -60283.000  0.75%  93.9   40s
 21030  9759 -59889.815  133   83 -59834.000 -60283.000  0.75%  93.9   46s
 23602 11105 -59943.699  207   98 -59834.000 -60283.000  0.75%  97.3   50s
 25846 12554 -60283.000  129   73 -59834.000 -60283.000  0.75%   101   55s
 31724 14906 -59981.799  163   43 -59834.000 -60283.000  0.75%  94.5   60s
 37008 16501 -59986.037  140   32 -59834.000 -60283.000  0.75%  91.2   65s
 42118 18484     cutoff  161      -59834.000 -60283.000  0.75%  90.7   70s
 47615 20464 -59882.176  156   55 -59834.000 -60283.000  0.75%  90.2   75s
 52760 22755 -60280.200  140   59 -59834.000 -60283.000  0.75%  89.0   80s
 59048 24686 -59919.126  139   31 -59834.000 -60283.000  0.75%  88.1   85s
 64619 26687 -60086.170  144   34 -59834.000 -60283.000  0.75%  87.4   90s
 70044 29107     cutoff  133      -59834.000 -60283.000  0.75%  86.8   95s
 74396 31059 -60283.000   98   97 -59834.000 -60283.000  0.75%  88.0  100s
 79393 32982     cutoff  129      -59834.000 -60283.000  0.75%  90.0  105s
 85129 35548 -60217.635  152   45 -59834.000 -60283.000  0.75%  91.5  110s
 91673 38397 -60049.634  124   71 -59834.000 -60283.000  0.75%  90.6  115s
 96081 39948 -59884.399  145   86 -59834.000 -60283.000  0.75%  91.5  120s
 100738 41638 -60095.195  131   76 -59834.000 -60283.000  0.75%  92.6  125s
 104806 43124     cutoff  149      -59834.000 -60283.000  0.75%  94.4  130s
 109061 44839 -60045.352  122   78 -59834.000 -60283.000  0.75%  96.2  135s
 113978 46422 -59995.595  126   83 -59834.000 -60283.000  0.75%  98.0  140s
 118480 48450 -59863.344  156   30 -59834.000 -60283.000  0.75%  98.9  145s
H119100 47342                    -59863.00000 -60283.000  0.70%  98.9  145s
H122689 44313                    -59925.00000 -60283.000  0.60%   100  149s
 123052 44436 -60031.928  134   51 -59925.000 -60283.000  0.60%   100  150s
 127394 46088 -60089.977  133   51 -59925.000 -60283.000  0.60%   101  155s
 133667 48426 -60082.653  145   50 -59925.000 -60283.000  0.60%   100  160s
 138571 50309 -60186.543  132   61 -59925.000 -60283.000  0.60%   101  165s
 141864 51366 -60028.187  116   67 -59925.000 -60283.000  0.60%   102  170s
 146790 53059     cutoff  128      -59925.000 -60283.000  0.60%   103  175s
 151820 54746 -60283.000  126   87 -59925.000 -60283.000  0.60%   104  180s
 156162 56146 -60059.771  126   66 -59925.000 -60283.000  0.60%   105  185s
 161527 58390 -60283.000  140   74 -59925.000 -60283.000  0.60%   105  190s
 167835 61674 -60246.113  143   52 -59925.000 -60283.000  0.60%   104  195s
 173152 63864 -60105.594  143   52 -59925.000 -60283.000  0.60%   104  200s
 178745 65926     cutoff  129      -59925.000 -60283.000  0.60%   104  205s
 184128 67798 -60176.511  123   68 -59925.000 -60283.000  0.60%   105  210s
 188918 69760 -60072.856  148   59 -59925.000 -60283.000  0.60%   105  215s
 194527 71896 -60165.901  142   73 -59925.000 -60283.000  0.60%   105  220s
 199673 73795     cutoff  147      -59925.000 -60283.000  0.60%   106  225s
 204678 75999 -60144.842  143   51 -59925.000 -60283.000  0.60%   106  230s
 211251 78970 -60151.175  143   48 -59925.000 -60283.000  0.60%   105  235s
 216300 80947     cutoff  131      -59925.000 -60283.000  0.60%   105  240s
 221312 82914     cutoff  177      -59925.000 -60283.000  0.60%   105  245s
 228926 86368 -60141.566  156   44 -59925.000 -60283.000  0.60%   105  250s
 234822 88145 -60067.660  136   65 -59925.000 -60283.000  0.60%   105  255s
 238044 89651 -60065.444  130   55 -59925.000 -60283.000  0.60%   105  260s
 244271 91913 -60283.000  131   87 -59925.000 -60283.000  0.60%   105  265s
 248934 93488 -60068.851  162   47 -59925.000 -60283.000  0.60%   106  270s
 253194 94770 -60283.000  127   82 -59925.000 -60283.000  0.60%   106  275s
 258674 97024 -60065.638  118   94 -59925.000 -60283.000  0.60%   107  280s
 263516 98953     cutoff  131      -59925.000 -60283.000  0.60%   107  285s
 268127 100564 -60205.672  136   70 -59925.000 -60283.000  0.60%   107  290s
 273416 102361 -60019.256  149   57 -59925.000 -60283.000  0.60%   108  295s
 277817 103860     cutoff  136      -59925.000 -60283.000  0.60%   108  300s
 282641 105240 -60247.725  129   84 -59925.000 -60283.000  0.60%   108  305s
 287693 107085 -60077.120  151   59 -59925.000 -60283.000  0.60%   109  310s
 292948 108818 infeasible  148      -59925.000 -60283.000  0.60%   109  315s
 298403 110519 -60041.185  163   64 -59925.000 -60283.000  0.60%   109  320s
 304183 112787 -60283.000  119   95 -59925.000 -60283.000  0.60%   109  325s
 309687 114633 -60001.664  148   41 -59925.000 -60283.000  0.60%   109  330s
 314453 117042 -60140.546  134   53 -59925.000 -60283.000  0.60%   108  335s
 319583 118957     cutoff  138      -59925.000 -60283.000  0.60%   108  340s
 325034 120353 -60157.801  144   57 -59925.000 -60283.000  0.60%   109  345s
 329983 122502 -60083.083  132   68 -59925.000 -60283.000  0.60%   109  350s
 335131 124370 -60053.106  132   70 -59925.000 -60283.000  0.60%   109  355s
 339950 126092     cutoff  149      -59925.000 -60283.000  0.60%   109  360s
 344456 127557 -60182.769  132   75 -59925.000 -60283.000  0.60%   110  365s
 349347 128935 -60014.549  143   73 -59925.000 -60283.000  0.60%   110  370s
 355077 131613 -60160.500  140   69 -59925.000 -60283.000  0.60%   110  375s
 360320 133987     cutoff  129      -59925.000 -60283.000  0.60%   110  380s
 364851 135484 -60142.412  144   56 -59925.000 -60283.000  0.60%   110  385s
 370499 137800 -60061.978  167   35 -59925.000 -60283.000  0.60%   110  390s
 375807 139996 -60021.387  166   55 -59925.000 -60283.000  0.60%   110  395s
 381269 142382 -60157.727  159   62 -59925.000 -60283.000  0.60%   110  400s
 385691 143851     cutoff  132      -59925.000 -60283.000  0.60%   110  405s
 391282 145780 -59992.852  146   48 -59925.000 -60283.000  0.60%   110  410s
 395643 147614 -60069.793  126   70 -59925.000 -60283.000  0.60%   110  415s
 401012 149271 -60063.952  153   34 -59925.000 -60283.000  0.60%   111  420s
 406170 151060 -60198.620  135   91 -59925.000 -60283.000  0.60%   110  425s
 410825 152865 -60134.356  125   85 -59925.000 -60283.000  0.60%   111  430s
 415329 154460 -60178.123  121   62 -59925.000 -60283.000  0.60%   111  435s
 419174 155423 -60070.930  130   81 -59925.000 -60283.000  0.60%   112  440s
 424357 157325 -60169.250  134   50 -59925.000 -60283.000  0.60%   112  445s
 429612 159321 -60142.802  126   85 -59925.000 -60283.000  0.60%   112  450s
 433890 161091     cutoff  142      -59925.000 -60283.000  0.60%   112  455s
 438392 162378 -60163.947  120   84 -59925.000 -60283.000  0.60%   112  460s
 443509 164310 -60144.266  123   59 -59925.000 -60283.000  0.60%   113  465s
 448778 166086     cutoff  133      -59925.000 -60283.000  0.60%   113  470s
 453204 167451     cutoff  136      -59925.000 -60283.000  0.60%   113  475s
 457841 168933 -60087.773  129   78 -59925.000 -60283.000  0.60%   113  480s
 463435 170580 -60191.007  127   58 -59925.000 -60283.000  0.60%   114  485s
 467728 172071 -60017.797  133   47 -59925.000 -60283.000  0.60%   114  490s
 473004 174792 -60004.354  150   63 -59925.000 -60283.000  0.60%   113  495s
 480024 177991     cutoff  146      -59925.000 -60283.000  0.60%   113  500s
 486304 180620     cutoff  149      -59925.000 -60283.000  0.60%   112  505s
 492231 183216     cutoff  151      -59925.000 -60283.000  0.60%   112  510s
 498265 185768 -60246.979  136   56 -59925.000 -60283.000  0.60%   111  515s
 503809 187657 -60104.539  156   66 -59925.000 -60283.000  0.60%   112  520s
 508454 189063 -60077.763  167   79 -59925.000 -60283.000  0.60%   112  525s
 513497 190615     cutoff  136      -59925.000 -60283.000  0.60%   112  530s
 518688 192475 -60108.661  162   43 -59925.000 -60283.000  0.60%   112  535s
 524902 195007     cutoff  122      -59925.000 -60283.000  0.60%   112  540s
 530410 197083 -60283.000  153   82 -59925.000 -60283.000  0.60%   112  545s
 535704 198623 -59997.602  156   47 -59925.000 -60283.000  0.60%   112  550s
 541326 201068 -60238.525  139   40 -59925.000 -60283.000  0.60%   112  555s
 548488 204238 -60283.000  149   73 -59925.000 -60283.000  0.60%   111  560s
 553443 206356 -60097.713  135   45 -59925.000 -60283.000  0.60%   111  565s
 557899 210164 -60275.567  143   45 -59925.000 -60283.000  0.60%   111  571s
 565868 212294 infeasible  158      -59925.000 -60283.000  0.60%   110  575s
 571151 214591 -60020.010  137   50 -59925.000 -60283.000  0.60%   110  580s
 576872 216956 -60266.128  131   85 -59925.000 -60283.000  0.60%   110  585s
 582800 219369 -60283.000  118   70 -59925.000 -60283.000  0.60%   110  590s
 588920 222035 -60190.545  163   49 -59925.000 -60283.000  0.60%   110  595s
 595031 224157 -59987.814  172   36 -59925.000 -60283.000  0.60%   110  600s

Cutting planes:
  Gomory: 35
  Lift-and-project: 11
  Cover: 222
  Clique: 116
  MIR: 50
  StrongCG: 58
  Flow cover: 88
  Zero half: 24
  RLT: 3

Explored 595112 nodes (65244825 simplex iterations) in 600.00 seconds (1236.80 work units)
Thread count was 4 (of 56 available processors)

Solution count 10: -59925 -59863 -59834 ... -59546

Time limit reached
Best objective -5.992500000000e+04, best bound -6.028300000000e+04, gap 0.5974%
