
Gurobi 9.5.0 (linux64) logging started Tue May  3 16:11:40 2022

Set parameter LogFile to value "/local_workspace/chenrui/LogFiles/MKAP/new1W_R5_M30_N50_seed7_original_600.log"
Gurobi Optimizer version 9.5.0 build v9.5.0rc5 (linux64)
Thread count: 56 physical cores, 56 logical processors, using up to 4 threads
Optimize a model with 230 rows, 1650 columns and 3300 nonzeros
Model fingerprint: 0x585edc68
Variable types: 0 continuous, 1650 integer (1650 binary)
Coefficient statistics:
  Matrix range     [1e+00, 1e+03]
  Objective range  [6e+01, 9e+02]
  Bounds range     [1e+00, 1e+00]
  RHS range        [1e+00, 1e+00]
Found heuristic solution: objective 0.0000000
Presolve removed 89 rows and 935 columns
Presolve time: 0.01s
Presolved: 141 rows, 715 columns, 1429 nonzeros
Variable types: 0 continuous, 715 integer (715 binary)
Found heuristic solution: objective -10830.00000

Root relaxation: objective -1.334421e+04, 360 iterations, 0.00 seconds (0.00 work units)

    Nodes    |    Current Node    |     Objective Bounds      |     Work
 Expl Unexpl |  Obj  Depth IntInf | Incumbent    BestBd   Gap | It/Node Time

     0     0 -13344.207    0   33 -10830.000 -13344.207  23.2%     -    0s
H    0     0                    -12650.00000 -13344.207  5.49%     -    0s
H    0     0                    -12654.00000 -13344.207  5.45%     -    0s
H    0     0                    -12872.00000 -13344.207  3.67%     -    0s
H    0     0                    -12909.00000 -13219.507  2.41%     -    0s
     0     0 -13219.507    0   59 -12909.000 -13219.507  2.41%     -    0s
H    0     0                    -12930.00000 -13219.507  2.24%     -    0s
H    0     0                    -13000.00000 -13188.814  1.45%     -    0s
     0     0 -13186.766    0   63 -13000.000 -13186.766  1.44%     -    0s
     0     0 -13157.454    0   61 -13000.000 -13157.454  1.21%     -    0s
     0     0 -13143.405    0   67 -13000.000 -13143.405  1.10%     -    0s
     0     0 -13139.400    0   64 -13000.000 -13139.400  1.07%     -    0s
     0     0 -13139.042    0   62 -13000.000 -13139.042  1.07%     -    0s
     0     0 -13139.042    0   62 -13000.000 -13139.042  1.07%     -    0s
     0     2 -13139.042    0   54 -13000.000 -13139.042  1.07%     -    0s
H   26    27                    -13019.00000 -13127.737  0.84%   7.9    0s
*  175    84              39    -13041.00000 -13121.463  0.62%   7.3    0s

Cutting planes:
  Gomory: 4
  Cover: 45
  Clique: 5
  MIR: 20
  StrongCG: 18
  Zero half: 2

Explored 1312 nodes (11370 simplex iterations) in 0.33 seconds (0.25 work units)
Thread count was 4 (of 56 available processors)

Solution count 10: -13041 -13019 -13000 ... 0
No other solutions better than -13041

Optimal solution found (tolerance 1.00e-04)
Best objective -1.304100000000e+04, best bound -1.304100000000e+04, gap 0.0000%
