
Gurobi 9.5.0 (linux64) logging started Mon Jun 20 09:05:00 2022

Set parameter LogFile to value "/local_workspace/chenrui/LogFiles/MKAP/new1W_R2_M30_N50_seed2_DWcutsCTp2_600.log"
Gurobi Optimizer version 9.5.0 build v9.5.0rc5 (linux64)
Thread count: 56 physical cores, 56 logical processors, using up to 4 threads
Optimize a model with 284 rows, 1560 columns and 5889 nonzeros
Model fingerprint: 0xfcc51ea3
Variable types: 0 continuous, 1560 integer (1560 binary)
Coefficient statistics:
  Matrix range     [1e-13, 1e+03]
  Objective range  [4e+01, 9e+02]
  Bounds range     [1e+00, 1e+00]
  RHS range        [9e-06, 1e+00]
Warning: Model contains large matrix coefficient range
         Consider reformulating model or setting NumericFocus parameter
         to avoid numerical issues.
Found heuristic solution: objective 0.0000000
Presolve removed 81 rows and 885 columns
Presolve time: 0.01s
Presolved: 203 rows, 675 columns, 2433 nonzeros
Variable types: 0 continuous, 675 integer (675 binary)
Found heuristic solution: objective -10823.00000

Root relaxation: objective -1.298901e+04, 228 iterations, 0.00 seconds (0.00 work units)

    Nodes    |    Current Node    |     Objective Bounds      |     Work
 Expl Unexpl |  Obj  Depth IntInf | Incumbent    BestBd   Gap | It/Node Time

     0     0 -12989.015    0   37 -10823.000 -12989.015  20.0%     -    0s
H    0     0                    -12468.00000 -12989.015  4.18%     -    0s
H    0     0                    -12886.00000 -12989.015  0.80%     -    0s
     0     0 -12989.015    0   33 -12886.000 -12989.015  0.80%     -    0s
     0     0 -12989.015    0   29 -12886.000 -12989.015  0.80%     -    0s
     0     0 -12989.015    0   29 -12886.000 -12989.015  0.80%     -    0s
     0     0 -12989.015    0   33 -12886.000 -12989.015  0.80%     -    0s
     0     0 -12989.015    0   34 -12886.000 -12989.015  0.80%     -    0s
     0     0 -12989.015    0   33 -12886.000 -12989.015  0.80%     -    0s
     0     2 -12989.015    0   32 -12886.000 -12989.015  0.80%     -    0s

Cutting planes:
  Cover: 73
  MIR: 6
  StrongCG: 2
  Inf proof: 3

Explored 2985 nodes (29150 simplex iterations) in 0.34 seconds (0.26 work units)
Thread count was 4 (of 56 available processors)

Solution count 4: -12886 -12468 -10823 0 
No other solutions better than -12886

Optimal solution found (tolerance 1.00e-04)
Best objective -1.288600000000e+04, best bound -1.288600000000e+04, gap 0.0000%
