
Gurobi 9.5.0 (linux64) logging started Fri Apr 29 23:22:48 2022

Set parameter LogFile to value "/local_workspace/chenrui/LogFiles/MKAP/new1W_R25_M20_N300_seed4_DWcutsCT_600.log"
Gurobi Optimizer version 9.5.0 build v9.5.0rc5 (linux64)
Thread count: 56 physical cores, 56 logical processors, using up to 4 threads
Optimize a model with 1320 rows, 6500 columns and 19486 nonzeros
Model fingerprint: 0xdb3f7f17
Variable types: 0 continuous, 6500 integer (6500 binary)
Coefficient statistics:
  Matrix range     [1e+00, 8e+03]
  Objective range  [3e+01, 9e+02]
  Bounds range     [1e+00, 1e+00]
  RHS range        [1e-13, 1e+00]
Found heuristic solution: objective 0.0000000
Presolve removed 58 rows and 835 columns
Presolve time: 0.03s
Presolved: 1262 rows, 5665 columns, 16974 nonzeros
Found heuristic solution: objective -8626.000000
Variable types: 0 continuous, 5665 integer (5665 binary)

Root relaxation: objective -8.567301e+04, 6598 iterations, 0.15 seconds (0.13 work units)

    Nodes    |    Current Node    |     Objective Bounds      |     Work
 Expl Unexpl |  Obj  Depth IntInf | Incumbent    BestBd   Gap | It/Node Time

     0     0 -85673.009    0  180 -8626.0000 -85673.009   893%     -    0s
H    0     0                    -55304.00000 -85673.009  54.9%     -    0s
H    0     0                    -71124.00000 -85673.009  20.5%     -    0s
H    0     0                    -71921.00000 -85673.009  19.1%     -    0s
H    0     0                    -75147.00000 -85673.009  14.0%     -    0s
     0     0 -85673.009    0  194 -75147.000 -85673.009  14.0%     -    0s
H    0     0                    -81954.00000 -85673.009  4.54%     -    0s
H    0     0                    -84511.00000 -85673.009  1.37%     -    0s
     0     0 -85673.009    0  140 -84511.000 -85673.009  1.37%     -    0s
     0     0 -85673.009    0  103 -84511.000 -85673.009  1.37%     -    0s
     0     0 -85673.009    0  121 -84511.000 -85673.009  1.37%     -    0s
     0     0 -85673.009    0  112 -84511.000 -85673.009  1.37%     -    0s
     0     0 -85673.009    0   74 -84511.000 -85673.009  1.37%     -    0s
H    0     0                    -84934.00000 -85673.009  0.87%     -    1s
     0     2 -85673.009    0   68 -84934.000 -85673.009  0.87%     -    1s
H   30    32                    -84979.00000 -85673.009  0.82%  82.1    1s
H   33    32                    -85027.00000 -85673.009  0.76%  80.3    1s
H   64    63                    -85072.00000 -85673.009  0.71%  52.6    1s
H   97    95                    -85358.00000 -85673.009  0.37%  52.9    1s
H  130   111                    -85394.00000 -85673.009  0.33%  56.2    2s
H  130   111                    -85521.00000 -85673.009  0.18%  56.2    2s
H  160   125                    -85523.00000 -85673.009  0.18%  61.0    2s
H  257   194                    -85571.00000 -85673.009  0.12%  61.3    2s
H  420   243                    -85638.00000 -85673.009  0.04%  53.9    2s
H  482   243                    -85673.00000 -85673.009  0.00%  51.7    2s

Cutting planes:
  Gomory: 30
  Lift-and-project: 2
  Cover: 217
  Clique: 403
  MIR: 22
  StrongCG: 26
  RLT: 2

Explored 497 nodes (37611 simplex iterations) in 2.94 seconds (3.44 work units)
Thread count was 4 (of 56 available processors)

Solution count 10: -85673 -85638 -85571 ... -84979
No other solutions better than -85673

Optimal solution found (tolerance 1.00e-04)
Best objective -8.567300000000e+04, best bound -8.567300000000e+04, gap 0.0000%
