
Gurobi 9.5.0 (linux64) logging started Thu Apr 28 15:37:47 2022

Set parameter LogFile to value "/local_workspace/chenrui/LogFiles/MKAP/new1W_R10_M10_N100_seed5_DWcutsCT6_600.log"
Gurobi Optimizer version 9.5.0 build v9.5.0rc5 (linux64)
Thread count: 56 physical cores, 56 logical processors, using up to 4 threads
Optimize a model with 4288 rows, 1100 columns and 42548 nonzeros
Model fingerprint: 0x06da9c4e
Variable types: 0 continuous, 1100 integer (1100 binary)
Coefficient statistics:
  Matrix range     [1e-13, 2e+04]
  Objective range  [1e+02, 9e+02]
  Bounds range     [1e+00, 1e+00]
  RHS range        [5e-13, 1e+00]
Warning: Model contains large matrix coefficient range
         Consider reformulating model or setting NumericFocus parameter
         to avoid numerical issues.
Found heuristic solution: objective 0.0000000
Presolve removed 1803 rows and 29 columns
Presolve time: 0.13s
Presolved: 2485 rows, 1071 columns, 20106 nonzeros
Variable types: 0 continuous, 1071 integer (1071 binary)
Found heuristic solution: objective -4409.000000

Root relaxation: objective -3.145200e+04, 2732 iterations, 0.16 seconds (0.22 work units)

    Nodes    |    Current Node    |     Objective Bounds      |     Work
 Expl Unexpl |  Obj  Depth IntInf | Incumbent    BestBd   Gap | It/Node Time

*    0     0               0    -31452.00000 -31452.000  0.00%     -    0s

Explored 1 nodes (2732 simplex iterations) in 0.31 seconds (0.36 work units)
Thread count was 4 (of 56 available processors)

Solution count 3: -31452 -4409 0 
No other solutions better than -31452

Optimal solution found (tolerance 1.00e-04)
Best objective -3.145200000000e+04, best bound -3.145200000000e+04, gap 0.0000%

Gurobi 9.5.0 (linux64) logging started Thu Apr 28 17:35:37 2022

Set parameter LogFile to value "/local_workspace/chenrui/LogFiles/MKAP/new1W_R10_M10_N100_seed5_DWcutsCT6_600.log"
Gurobi Optimizer version 9.5.0 build v9.5.0rc5 (linux64)
Thread count: 56 physical cores, 56 logical processors, using up to 4 threads
Optimize a model with 4288 rows, 1100 columns and 42548 nonzeros
Model fingerprint: 0x06da9c4e
Variable types: 0 continuous, 1100 integer (1100 binary)
Coefficient statistics:
  Matrix range     [1e-13, 2e+04]
  Objective range  [1e+02, 9e+02]
  Bounds range     [1e+00, 1e+00]
  RHS range        [5e-13, 1e+00]
Warning: Model contains large matrix coefficient range
         Consider reformulating model or setting NumericFocus parameter
         to avoid numerical issues.
Found heuristic solution: objective 0.0000000
Presolve removed 1803 rows and 29 columns
Presolve time: 0.13s
Presolved: 2485 rows, 1071 columns, 20106 nonzeros
Variable types: 0 continuous, 1071 integer (1071 binary)
Found heuristic solution: objective -4409.000000

Root relaxation: objective -3.145200e+04, 2732 iterations, 0.16 seconds (0.22 work units)

    Nodes    |    Current Node    |     Objective Bounds      |     Work
 Expl Unexpl |  Obj  Depth IntInf | Incumbent    BestBd   Gap | It/Node Time

*    0     0               0    -31452.00000 -31452.000  0.00%     -    0s

Explored 1 nodes (2732 simplex iterations) in 0.31 seconds (0.36 work units)
Thread count was 4 (of 56 available processors)

Solution count 3: -31452 -4409 0 
No other solutions better than -31452

Optimal solution found (tolerance 1.00e-04)
Best objective -3.145200000000e+04, best bound -3.145200000000e+04, gap 0.0000%

Gurobi 9.5.0 (linux64) logging started Fri Apr 29 21:02:56 2022

Set parameter LogFile to value "/local_workspace/chenrui/LogFiles/MKAP/new1W_R10_M10_N100_seed5_DWcutsCT6_600.log"
Gurobi Optimizer version 9.5.0 build v9.5.0rc5 (linux64)
Thread count: 56 physical cores, 56 logical processors, using up to 4 threads
Optimize a model with 4288 rows, 1100 columns and 42565 nonzeros
Model fingerprint: 0x7fcf5913
Variable types: 0 continuous, 1100 integer (1100 binary)
Coefficient statistics:
  Matrix range     [1e-13, 2e+04]
  Objective range  [1e+02, 9e+02]
  Bounds range     [1e+00, 1e+00]
  RHS range        [1e-16, 1e+00]
Warning: Model contains large matrix coefficient range
         Consider reformulating model or setting NumericFocus parameter
         to avoid numerical issues.
Found heuristic solution: objective 0.0000000
Presolve removed 1799 rows and 29 columns
Presolve time: 0.13s
Presolved: 2489 rows, 1071 columns, 20177 nonzeros
Variable types: 0 continuous, 1071 integer (1071 binary)
Found heuristic solution: objective -4409.000000

Root relaxation: objective -3.145200e+04, 2770 iterations, 0.15 seconds (0.20 work units)

    Nodes    |    Current Node    |     Objective Bounds      |     Work
 Expl Unexpl |  Obj  Depth IntInf | Incumbent    BestBd   Gap | It/Node Time

*    0     0               0    -31452.00000 -31452.000  0.00%     -    0s

Explored 1 nodes (2770 simplex iterations) in 0.30 seconds (0.34 work units)
Thread count was 4 (of 56 available processors)

Solution count 3: -31452 -4409 0 
No other solutions better than -31452

Optimal solution found (tolerance 1.00e-04)
Best objective -3.145199999997e+04, best bound -3.145199999997e+04, gap 0.0000%
