
Gurobi 9.5.0 (linux64) logging started Mon Jun 20 09:25:00 2022

Set parameter LogFile to value "/local_workspace/chenrui/LogFiles/MKAP/new1W_R10_M10_N50_seed8_DWcutsCTp1_600.log"
Gurobi Optimizer version 9.5.0 build v9.5.0rc5 (linux64)
Thread count: 56 physical cores, 56 logical processors, using up to 4 threads
Optimize a model with 351 rows, 600 columns and 2202 nonzeros
Model fingerprint: 0xb44d105d
Variable types: 0 continuous, 600 integer (600 binary)
Coefficient statistics:
  Matrix range     [1e-13, 2e+03]
  Objective range  [6e+01, 9e+02]
  Bounds range     [1e+00, 1e+00]
  RHS range        [1e-05, 1e+00]
Warning: Model contains large matrix coefficient range
         Consider reformulating model or setting NumericFocus parameter
         to avoid numerical issues.
Found heuristic solution: objective 0.0000000
Presolve removed 30 rows and 101 columns
Presolve time: 0.01s
Presolved: 321 rows, 499 columns, 1725 nonzeros
Found heuristic solution: objective -2736.000000
Variable types: 0 continuous, 499 integer (499 binary)

Root relaxation: objective -1.329191e+04, 831 iterations, 0.01 seconds (0.01 work units)

    Nodes    |    Current Node    |     Objective Bounds      |     Work
 Expl Unexpl |  Obj  Depth IntInf | Incumbent    BestBd   Gap | It/Node Time

     0     0 -13291.907    0   89 -2736.0000 -13291.907   386%     -    0s
H    0     0                    -13160.00000 -13291.907  1.00%     -    0s
     0     0 -13291.903    0   99 -13160.000 -13291.903  1.00%     -    0s
     0     0 -13291.882    0   70 -13160.000 -13291.882  1.00%     -    0s
     0     0 -13284.851    0   94 -13160.000 -13284.851  0.95%     -    0s
     0     0 -13267.661    0   97 -13160.000 -13267.661  0.82%     -    0s
     0     0 -13267.661    0   49 -13160.000 -13267.661  0.82%     -    0s
     0     0 -13238.504    0   56 -13160.000 -13238.504  0.60%     -    0s
     0     0 -13232.299    0   61 -13160.000 -13232.299  0.55%     -    0s
     0     0 -13229.557    0   76 -13160.000 -13229.557  0.53%     -    0s
     0     0 -13199.788    0   62 -13160.000 -13199.788  0.30%     -    0s
     0     0 -13176.000    0   59 -13160.000 -13176.000  0.12%     -    0s

Cutting planes:
  Gomory: 5
  Cover: 8
  Clique: 11

Explored 1 nodes (2173 simplex iterations) in 0.11 seconds (0.06 work units)
Thread count was 4 (of 56 available processors)

Solution count 3: -13160 -2736 0 
No other solutions better than -13160

Optimal solution found (tolerance 1.00e-04)
Best objective -1.316000000000e+04, best bound -1.316000000000e+04, gap 0.0000%
