
Gurobi 9.5.0 (linux64) logging started Sat Jun 18 18:18:42 2022

Set parameter LogFile to value "/local_workspace/chenrui/LogFiles/MKAP/new1W_R25_M10_N300_seed3_DWcutsCTp3_600.log"
Gurobi Optimizer version 9.5.0 build v9.5.0rc5 (linux64)
Thread count: 56 physical cores, 56 logical processors, using up to 4 threads
Optimize a model with 2555 rows, 3250 columns and 31887 nonzeros
Model fingerprint: 0x02ffb0c9
Variable types: 0 continuous, 3250 integer (3250 binary)
Coefficient statistics:
  Matrix range     [1e-13, 1e+04]
  Objective range  [6e+01, 9e+02]
  Bounds range     [1e+00, 1e+00]
  RHS range        [1e-05, 1e+00]
Warning: Model contains large matrix coefficient range
         Consider reformulating model or setting NumericFocus parameter
         to avoid numerical issues.
Found heuristic solution: objective 0.0000000
Presolve removed 41 rows and 0 columns
Presolve time: 0.11s
Presolved: 2514 rows, 3250 columns, 28114 nonzeros
Variable types: 0 continuous, 3250 integer (3250 binary)
Found heuristic solution: objective -5720.000000

Root relaxation: objective -5.747100e+04, 7309 iterations, 0.42 seconds (0.53 work units)

    Nodes    |    Current Node    |     Objective Bounds      |     Work
 Expl Unexpl |  Obj  Depth IntInf | Incumbent    BestBd   Gap | It/Node Time

     0     0 -57471.001    0  138 -5720.0000 -57471.001   905%     -    0s
H    0     0                    -50632.00000 -57471.001  13.5%     -    0s
H    0     0                    -57471.00000 -57471.001  0.00%     -    0s
     0     0 -57471.001    0  138 -57471.000 -57471.001  0.00%     -    0s

Explored 1 nodes (7407 simplex iterations) in 0.60 seconds (0.71 work units)
Thread count was 4 (of 56 available processors)

Solution count 4: -57471 -50632 -5720 0 
No other solutions better than -57471

Optimal solution found (tolerance 1.00e-04)
Best objective -5.747100000000e+04, best bound -5.747100000000e+04, gap 0.0000%
