
Gurobi 9.5.0 (linux64) logging started Thu Apr 28 15:37:41 2022

Set parameter LogFile to value "/local_workspace/chenrui/LogFiles/MKAP/new1W_R10_M10_N100_seed5_DWcutsCT2_600.log"
Gurobi Optimizer version 9.5.0 build v9.5.0rc5 (linux64)
Thread count: 56 physical cores, 56 logical processors, using up to 4 threads
Optimize a model with 608 rows, 1100 columns and 6371 nonzeros
Model fingerprint: 0xd4fa8ce8
Variable types: 0 continuous, 1100 integer (1100 binary)
Coefficient statistics:
  Matrix range     [1e-13, 6e+03]
  Objective range  [1e+02, 9e+02]
  Bounds range     [1e+00, 1e+00]
  RHS range        [5e-13, 1e+00]
Warning: Model contains large matrix coefficient range
         Consider reformulating model or setting NumericFocus parameter
         to avoid numerical issues.
Found heuristic solution: objective 0.0000000
Presolve removed 13 rows and 29 columns
Presolve time: 0.02s
Presolved: 595 rows, 1071 columns, 6083 nonzeros
Variable types: 0 continuous, 1071 integer (1071 binary)
Found heuristic solution: objective -4409.000000

Root relaxation: objective -3.145200e+04, 2587 iterations, 0.07 seconds (0.07 work units)

    Nodes    |    Current Node    |     Objective Bounds      |     Work
 Expl Unexpl |  Obj  Depth IntInf | Incumbent    BestBd   Gap | It/Node Time

     0     0 -31452.003    0  162 -4409.0000 -31452.003   613%     -    0s
H    0     0                    -30469.00000 -31452.003  3.23%     -    0s
H    0     0                    -30706.00000 -31452.003  2.43%     -    0s
H    0     0                    -30751.00000 -31452.003  2.28%     -    0s
     0     0 -31452.003    0  102 -30751.000 -31452.003  2.28%     -    0s
H    0     0                    -31280.00000 -31452.003  0.55%     -    0s
     0     0 -31452.003    0   88 -31280.000 -31452.003  0.55%     -    0s
H    0     0                    -31322.00000 -31452.003  0.42%     -    0s
     0     0 -31452.003    0  108 -31322.000 -31452.003  0.42%     -    0s
     0     0 -31452.003    0   91 -31322.000 -31452.003  0.42%     -    0s
H    0     0                    -31443.00000 -31452.003  0.03%     -    0s
     0     0 -31452.003    0   10 -31443.000 -31452.003  0.03%     -    0s
H    0     0                    -31452.00000 -31452.003  0.00%     -    0s

Cutting planes:
  Cover: 8
  Clique: 99
  MIR: 3
  StrongCG: 1

Explored 1 nodes (5292 simplex iterations) in 0.36 seconds (0.26 work units)
Thread count was 4 (of 56 available processors)

Solution count 10: -31452 -31443 -31322 ... 0
No other solutions better than -31452

Optimal solution found (tolerance 1.00e-04)
Best objective -3.145200000000e+04, best bound -3.145200000000e+04, gap 0.0000%

Gurobi 9.5.0 (linux64) logging started Thu Apr 28 17:35:31 2022

Set parameter LogFile to value "/local_workspace/chenrui/LogFiles/MKAP/new1W_R10_M10_N100_seed5_DWcutsCT2_600.log"
Gurobi Optimizer version 9.5.0 build v9.5.0rc5 (linux64)
Thread count: 56 physical cores, 56 logical processors, using up to 4 threads
Optimize a model with 608 rows, 1100 columns and 6371 nonzeros
Model fingerprint: 0xd4fa8ce8
Variable types: 0 continuous, 1100 integer (1100 binary)
Coefficient statistics:
  Matrix range     [1e-13, 6e+03]
  Objective range  [1e+02, 9e+02]
  Bounds range     [1e+00, 1e+00]
  RHS range        [5e-13, 1e+00]
Warning: Model contains large matrix coefficient range
         Consider reformulating model or setting NumericFocus parameter
         to avoid numerical issues.
Found heuristic solution: objective 0.0000000
Presolve removed 13 rows and 29 columns
Presolve time: 0.02s
Presolved: 595 rows, 1071 columns, 6083 nonzeros
Variable types: 0 continuous, 1071 integer (1071 binary)
Found heuristic solution: objective -4409.000000

Root relaxation: objective -3.145200e+04, 2587 iterations, 0.07 seconds (0.07 work units)

    Nodes    |    Current Node    |     Objective Bounds      |     Work
 Expl Unexpl |  Obj  Depth IntInf | Incumbent    BestBd   Gap | It/Node Time

     0     0 -31452.003    0  162 -4409.0000 -31452.003   613%     -    0s
H    0     0                    -30469.00000 -31452.003  3.23%     -    0s
H    0     0                    -30706.00000 -31452.003  2.43%     -    0s
H    0     0                    -30751.00000 -31452.003  2.28%     -    0s
     0     0 -31452.003    0  102 -30751.000 -31452.003  2.28%     -    0s
H    0     0                    -31280.00000 -31452.003  0.55%     -    0s
     0     0 -31452.003    0   88 -31280.000 -31452.003  0.55%     -    0s
H    0     0                    -31322.00000 -31452.003  0.42%     -    0s
     0     0 -31452.003    0  108 -31322.000 -31452.003  0.42%     -    0s
     0     0 -31452.003    0   91 -31322.000 -31452.003  0.42%     -    0s
H    0     0                    -31443.00000 -31452.003  0.03%     -    0s
     0     0 -31452.003    0   10 -31443.000 -31452.003  0.03%     -    0s
H    0     0                    -31452.00000 -31452.003  0.00%     -    0s

Cutting planes:
  Cover: 8
  Clique: 99
  MIR: 3
  StrongCG: 1

Explored 1 nodes (5292 simplex iterations) in 0.35 seconds (0.26 work units)
Thread count was 4 (of 56 available processors)

Solution count 10: -31452 -31443 -31322 ... 0
No other solutions better than -31452

Optimal solution found (tolerance 1.00e-04)
Best objective -3.145200000000e+04, best bound -3.145200000000e+04, gap 0.0000%

Gurobi 9.5.0 (linux64) logging started Fri Apr 29 21:02:50 2022

Set parameter LogFile to value "/local_workspace/chenrui/LogFiles/MKAP/new1W_R10_M10_N100_seed5_DWcutsCT2_600.log"
Gurobi Optimizer version 9.5.0 build v9.5.0rc5 (linux64)
Thread count: 56 physical cores, 56 logical processors, using up to 4 threads
Optimize a model with 608 rows, 1100 columns and 6377 nonzeros
Model fingerprint: 0xaa83f76c
Variable types: 0 continuous, 1100 integer (1100 binary)
Coefficient statistics:
  Matrix range     [1e-13, 6e+03]
  Objective range  [1e+02, 9e+02]
  Bounds range     [1e+00, 1e+00]
  RHS range        [1e-13, 1e+00]
Warning: Model contains large matrix coefficient range
         Consider reformulating model or setting NumericFocus parameter
         to avoid numerical issues.
Found heuristic solution: objective 0.0000000
Presolve removed 13 rows and 29 columns
Presolve time: 0.02s
Presolved: 595 rows, 1071 columns, 6084 nonzeros
Variable types: 0 continuous, 1071 integer (1071 binary)
Found heuristic solution: objective -4409.000000

Root relaxation: objective -3.145200e+04, 2602 iterations, 0.08 seconds (0.08 work units)

    Nodes    |    Current Node    |     Objective Bounds      |     Work
 Expl Unexpl |  Obj  Depth IntInf | Incumbent    BestBd   Gap | It/Node Time

     0     0 -31452.003    0  180 -4409.0000 -31452.003   613%     -    0s
H    0     0                    -28464.00000 -31452.003  10.5%     -    0s
H    0     0                    -28564.00000 -31452.003  10.1%     -    0s
H    0     0                    -29543.00000 -31452.003  6.46%     -    0s
H    0     0                    -30162.00000 -31452.003  4.28%     -    0s
H    0     0                    -30875.00000 -31452.003  1.87%     -    0s
     0     0 -31452.003    0   92 -30875.000 -31452.003  1.87%     -    0s
H    0     0                    -31230.00000 -31452.003  0.71%     -    0s
H    0     0                    -31281.00000 -31452.003  0.55%     -    0s
     0     0 -31452.003    0   43 -31281.000 -31452.003  0.55%     -    0s
H    0     0                    -31430.00000 -31452.003  0.07%     -    0s
     0     0 -31452.003    0   23 -31430.000 -31452.003  0.07%     -    0s
H    0     0                    -31452.00000 -31452.003  0.00%     -    0s
     0     0 -31452.003    0   23 -31452.000 -31452.003  0.00%     -    0s

Cutting planes:
  Cover: 29
  Clique: 110
  MIR: 4
  StrongCG: 2

Explored 1 nodes (3100 simplex iterations) in 0.25 seconds (0.17 work units)
Thread count was 4 (of 56 available processors)

Solution count 10: -31452 -31430 -31281 ... -4409
No other solutions better than -31452

Optimal solution found (tolerance 1.00e-04)
Best objective -3.145200000000e+04, best bound -3.145200000000e+04, gap 0.0000%
