
Gurobi 9.5.0 (linux64) logging started Mon Jun 20 09:24:41 2022

Set parameter LogFile to value "/local_workspace/chenrui/LogFiles/MKAP/new1W_R10_M10_N50_seed5_DWcutsCTp6_600.log"
Gurobi Optimizer version 9.5.0 build v9.5.0rc5 (linux64)
Thread count: 56 physical cores, 56 logical processors, using up to 4 threads
Optimize a model with 658 rows, 600 columns and 3105 nonzeros
Model fingerprint: 0x8a7173c6
Variable types: 0 continuous, 600 integer (600 binary)
Coefficient statistics:
  Matrix range     [1e-13, 2e+03]
  Objective range  [7e+01, 9e+02]
  Bounds range     [1e+00, 1e+00]
  RHS range        [1e-05, 1e+00]
Warning: Model contains large matrix coefficient range
         Consider reformulating model or setting NumericFocus parameter
         to avoid numerical issues.
Found heuristic solution: objective 0.0000000
Presolve removed 193 rows and 57 columns
Presolve time: 0.01s
Presolved: 465 rows, 543 columns, 2086 nonzeros
Found heuristic solution: objective -3377.000000
Variable types: 0 continuous, 543 integer (543 binary)

Root relaxation: objective -1.343402e+04, 1242 iterations, 0.02 seconds (0.01 work units)

    Nodes    |    Current Node    |     Objective Bounds      |     Work
 Expl Unexpl |  Obj  Depth IntInf | Incumbent    BestBd   Gap | It/Node Time

     0     0 -13434.018    0   67 -3377.0000 -13434.018   298%     -    0s
H    0     0                    -13434.00000 -13434.018  0.00%     -    0s
     0     0 -13434.018    0   67 -13434.000 -13434.018  0.00%     -    0s

Explored 1 nodes (1244 simplex iterations) in 0.03 seconds (0.02 work units)
Thread count was 4 (of 56 available processors)

Solution count 3: -13434 -3377 0 
No other solutions better than -13434

Optimal solution found (tolerance 1.00e-04)
Best objective -1.343400000000e+04, best bound -1.343400000000e+04, gap 0.0000%
