
Gurobi 9.5.0 (linux64) logging started Sat Jun 18 18:58:47 2022

Set parameter LogFile to value "/local_workspace/chenrui/LogFiles/MKAP/new1W_R25_M20_N200_seed5_DWcutsCTp3_600.log"
Gurobi Optimizer version 9.5.0 build v9.5.0rc5 (linux64)
Thread count: 56 physical cores, 56 logical processors, using up to 4 threads
Optimize a model with 4174 rows, 4500 columns and 37612 nonzeros
Model fingerprint: 0xe8fb15e2
Variable types: 0 continuous, 4500 integer (4500 binary)
Coefficient statistics:
  Matrix range     [1e-13, 7e+03]
  Objective range  [4e+01, 9e+02]
  Bounds range     [1e+00, 1e+00]
  RHS range        [1e-05, 1e+00]
Warning: Model contains large matrix coefficient range
         Consider reformulating model or setting NumericFocus parameter
         to avoid numerical issues.
Found heuristic solution: objective 0.0000000
Presolve removed 320 rows and 314 columns
Presolve time: 0.07s
Presolved: 3854 rows, 4186 columns, 29473 nonzeros
Found heuristic solution: objective -5020.000000
Variable types: 0 continuous, 4186 integer (4186 binary)

Root relaxation: objective -5.631810e+04, 9296 iterations, 0.66 seconds (0.63 work units)

    Nodes    |    Current Node    |     Objective Bounds      |     Work
 Expl Unexpl |  Obj  Depth IntInf | Incumbent    BestBd   Gap | It/Node Time

     0     0 -56318.101    0  324 -5020.0000 -56318.101  1022%     -    0s
H    0     0                    -56318.00000 -56318.101  0.00%     -    0s
     0     0 -56318.101    0  324 -56318.000 -56318.101  0.00%     -    0s

Explored 1 nodes (9315 simplex iterations) in 0.79 seconds (0.74 work units)
Thread count was 4 (of 56 available processors)

Solution count 3: -56318 -5020 0 
No other solutions better than -56318

Optimal solution found (tolerance 1.00e-04)
Best objective -5.631800000000e+04, best bound -5.631800000000e+04, gap 0.0000%
