
Gurobi 9.5.0 (linux64) logging started Tue May  3 14:47:33 2022

Set parameter LogFile to value "/local_workspace/chenrui/LogFiles/MKAP/new1W_R25_M30_N50_seed8_DWcutsCT5_600.log"
Gurobi Optimizer version 9.5.0 build v9.5.0rc5 (linux64)
Thread count: 56 physical cores, 56 logical processors, using up to 4 threads
Optimize a model with 1697 rows, 2250 columns and 6717 nonzeros
Model fingerprint: 0x5d440af0
Variable types: 0 continuous, 2250 integer (2250 binary)
Coefficient statistics:
  Matrix range     [2e-08, 1e+03]
  Objective range  [6e+01, 9e+02]
  Bounds range     [1e+00, 1e+00]
  RHS range        [1e-14, 1e+00]
Found heuristic solution: objective 0.0000000
Presolve removed 1364 rows and 1474 columns
Presolve time: 0.01s
Presolved: 333 rows, 776 columns, 1843 nonzeros
Found heuristic solution: objective -11536.00000
Variable types: 0 continuous, 776 integer (776 binary)

Root relaxation: objective -1.230400e+04, 493 iterations, 0.00 seconds (0.00 work units)

    Nodes    |    Current Node    |     Objective Bounds      |     Work
 Expl Unexpl |  Obj  Depth IntInf | Incumbent    BestBd   Gap | It/Node Time

*    0     0               0    -12304.00000 -12304.000  0.00%     -    0s

Explored 1 nodes (493 simplex iterations) in 0.02 seconds (0.02 work units)
Thread count was 4 (of 56 available processors)

Solution count 3: -12304 -11536 0 
No other solutions better than -12304

Optimal solution found (tolerance 1.00e-04)
Best objective -1.230400000083e+04, best bound -1.230400000083e+04, gap 0.0000%
