
Gurobi 9.5.0 (linux64) logging started Thu Apr 28 14:54:24 2022

Set parameter LogFile to value "/local_workspace/chenrui/LogFiles/MKAP/new1W_R10_M10_N100_seed4_original_600.log"
Gurobi Optimizer version 9.5.0 build v9.5.0rc5 (linux64)
Thread count: 56 physical cores, 56 logical processors, using up to 4 threads
Optimize a model with 210 rows, 1100 columns and 2200 nonzeros
Model fingerprint: 0x1dccc4c7
Variable types: 0 continuous, 1100 integer (1100 binary)
Coefficient statistics:
  Matrix range     [1e+00, 6e+03]
  Objective range  [4e+01, 9e+02]
  Bounds range     [1e+00, 1e+00]
  RHS range        [1e+00, 1e+00]
Found heuristic solution: objective 0.0000000
Presolve removed 19 rows and 124 columns
Presolve time: 0.01s
Presolved: 191 rows, 976 columns, 1952 nonzeros
Found heuristic solution: objective -19504.00000
Variable types: 0 continuous, 976 integer (976 binary)

Root relaxation: objective -3.100943e+04, 472 iterations, 0.00 seconds (0.00 work units)

    Nodes    |    Current Node    |     Objective Bounds      |     Work
 Expl Unexpl |  Obj  Depth IntInf | Incumbent    BestBd   Gap | It/Node Time

     0     0 -31009.431    0   27 -19504.000 -31009.431  59.0%     -    0s
H    0     0                    -24561.00000 -31009.431  26.3%     -    0s
H    0     0                    -24600.00000 -31009.431  26.1%     -    0s
H    0     0                    -28551.00000 -31009.431  8.61%     -    0s
     0     0 -30797.198    0   93 -28551.000 -30797.198  7.87%     -    0s
     0     0 -30636.287    0   75 -28551.000 -30636.287  7.30%     -    0s
     0     0 -30612.493    0   77 -28551.000 -30612.493  7.22%     -    0s
H    0     0                    -28696.00000 -30612.493  6.68%     -    0s
     0     0 -30591.437    0  102 -28696.000 -30591.437  6.61%     -    0s
     0     0 -30586.690    0   65 -28696.000 -30586.690  6.59%     -    0s
     0     2 -30586.690    0   58 -28696.000 -30586.690  6.59%     -    0s
H  128   129                    -28787.00000 -30586.690  6.25%  13.7    0s
H 1092   851                    -28823.00000 -30586.690  6.12%  13.0    0s
H 2026  1193                    -29189.00000 -30586.690  4.79%  11.8    0s
H 3308  1530                    -29329.00000 -30586.690  4.29%  10.5    0s
H 5897  3005                    -29393.00000 -30586.690  4.06%   9.9    0s
H 7070  3572                    -29395.00000 -30586.690  4.05%   9.8    1s
H16515  7841                    -29443.00000 -30517.919  3.65%   9.5    1s
H20571  9649                    -29452.00000 -30494.257  3.54%   9.5    1s
 20994  9703 -29699.987   29  157 -29452.000 -29699.987  0.84%   9.8    5s
H21021  9224                    -29510.00000 -29696.702  0.63%   9.8    5s
H21167  8761                    -29603.00000 -29691.338  0.30%   9.9    5s

Cutting planes:
  Gomory: 41
  Cover: 131
  Clique: 138
  MIR: 32
  StrongCG: 39
  Flow cover: 76
  Zero half: 16
  RLT: 13
  Relax-and-lift: 19

Explored 21732 nodes (226662 simplex iterations) in 6.07 seconds (6.78 work units)
Thread count was 4 (of 56 available processors)

Solution count 10: -29603 -29510 -29452 ... -28787
No other solutions better than -29603

Optimal solution found (tolerance 1.00e-04)
Best objective -2.960300000000e+04, best bound -2.960300000000e+04, gap 0.0000%
