
Gurobi 9.5.0 (linux64) logging started Sat Jun 18 19:06:45 2022

Set parameter LogFile to value "/local_workspace/chenrui/LogFiles/MKAP/new1W_R25_M20_N200_seed7_DWcutsCTp3_600.log"
Gurobi Optimizer version 9.5.0 build v9.5.0rc5 (linux64)
Thread count: 56 physical cores, 56 logical processors, using up to 4 threads
Optimize a model with 4107 rows, 4500 columns and 37324 nonzeros
Model fingerprint: 0xba636f29
Variable types: 0 continuous, 4500 integer (4500 binary)
Coefficient statistics:
  Matrix range     [1e-13, 7e+03]
  Objective range  [2e+01, 1e+03]
  Bounds range     [1e+00, 1e+00]
  RHS range        [1e-05, 1e+00]
Warning: Model contains large matrix coefficient range
         Consider reformulating model or setting NumericFocus parameter
         to avoid numerical issues.
Found heuristic solution: objective 0.0000000
Presolve removed 215 rows and 441 columns
Presolve time: 0.07s
Presolved: 3892 rows, 4059 columns, 30059 nonzeros
Found heuristic solution: objective -6934.000000
Variable types: 0 continuous, 4059 integer (4059 binary)

Root relaxation: objective -5.731403e+04, 8984 iterations, 0.66 seconds (0.66 work units)

    Nodes    |    Current Node    |     Objective Bounds      |     Work
 Expl Unexpl |  Obj  Depth IntInf | Incumbent    BestBd   Gap | It/Node Time

     0     0 -57314.035    0  254 -6934.0000 -57314.035   727%     -    0s
H    0     0                    -56880.00000 -57314.035  0.76%     -    0s
H    0     0                    -56970.00000 -57314.035  0.60%     -    0s
     0     0 -57314.029    0  250 -56970.000 -57314.029  0.60%     -    0s
H    0     0                    -57251.00000 -57314.029  0.11%     -    0s
     0     0 -57311.265    0  159 -57251.000 -57311.265  0.11%     -    1s
     0     0 -57311.265    0  159 -57251.000 -57311.265  0.11%     -    1s
     0     0 -57311.265    0   69 -57251.000 -57311.265  0.11%     -    2s
     0     0 -57311.265    0   69 -57251.000 -57311.265  0.11%     -    2s
     0     0 -57311.265    0   48 -57251.000 -57311.265  0.11%     -    2s
     0     0 -57311.265    0   48 -57251.000 -57311.265  0.11%     -    2s
     0     0 -57311.265    0   66 -57251.000 -57311.265  0.11%     -    2s
     0     0 -57311.265    0   66 -57251.000 -57311.265  0.11%     -    2s
     0     2 -57311.265    0   66 -57251.000 -57311.265  0.11%     -    2s

Explored 60 nodes (16620 simplex iterations) in 2.74 seconds (2.68 work units)
Thread count was 4 (of 56 available processors)

Solution count 6: -57251 -56970 -56880 ... 0
No other solutions better than -57251

Optimal solution found (tolerance 1.00e-04)
Best objective -5.725100000000e+04, best bound -5.725100000000e+04, gap 0.0000%
