
Gurobi 9.5.0 (linux64) logging started Fri Apr 29 22:06:15 2022

Set parameter LogFile to value "/local_workspace/chenrui/LogFiles/MKAP/new1W_R25_M10_N100_seed4_DWcutsCT_600.log"
Gurobi Optimizer version 9.5.0 build v9.5.0rc5 (linux64)
Thread count: 56 physical cores, 56 logical processors, using up to 4 threads
Optimize a model with 610 rows, 1250 columns and 3727 nonzeros
Model fingerprint: 0x36c0f78c
Variable types: 0 continuous, 1250 integer (1250 binary)
Coefficient statistics:
  Matrix range     [1e+00, 6e+03]
  Objective range  [4e+01, 9e+02]
  Bounds range     [1e+00, 1e+00]
  RHS range        [1e+00, 1e+00]
Found heuristic solution: objective 0.0000000
Presolve removed 68 rows and 139 columns
Presolve time: 0.01s
Presolved: 542 rows, 1111 columns, 3299 nonzeros
Found heuristic solution: objective -3802.000000
Variable types: 0 continuous, 1111 integer (1111 binary)

Root relaxation: objective -2.041800e+04, 1412 iterations, 0.01 seconds (0.01 work units)

    Nodes    |    Current Node    |     Objective Bounds      |     Work
 Expl Unexpl |  Obj  Depth IntInf | Incumbent    BestBd   Gap | It/Node Time

     0     0 -20418.001    0    3 -3802.0000 -20418.001   437%     -    0s
H    0     0                    -20418.00000 -20418.001  0.00%     -    0s
     0     0 -20418.001    0    3 -20418.000 -20418.001  0.00%     -    0s

Explored 1 nodes (1479 simplex iterations) in 0.03 seconds (0.02 work units)
Thread count was 4 (of 56 available processors)

Solution count 3: -20418 -3802 0 
No other solutions better than -20418

Optimal solution found (tolerance 1.00e-04)
Best objective -2.041800000000e+04, best bound -2.041800000000e+04, gap 0.0000%
