
Gurobi 9.5.0 (linux64) logging started Tue May  3 13:22:13 2022

Set parameter LogFile to value "/local_workspace/chenrui/LogFiles/MKAP/new1W_R10_M10_N50_seed5_DWcutsCT3_600.log"
Gurobi Optimizer version 9.5.0 build v9.5.0rc5 (linux64)
Thread count: 56 physical cores, 56 logical processors, using up to 4 threads
Optimize a model with 626 rows, 600 columns and 3049 nonzeros
Model fingerprint: 0x1e654a65
Variable types: 0 continuous, 600 integer (600 binary)
Coefficient statistics:
  Matrix range     [1e-13, 3e+03]
  Objective range  [7e+01, 9e+02]
  Bounds range     [1e+00, 1e+00]
  RHS range        [1e-14, 1e+00]
Warning: Model contains large matrix coefficient range
         Consider reformulating model or setting NumericFocus parameter
         to avoid numerical issues.
Found heuristic solution: objective 0.0000000
Presolve removed 188 rows and 57 columns
Presolve time: 0.01s
Presolved: 438 rows, 543 columns, 1932 nonzeros
Found heuristic solution: objective -3377.000000
Variable types: 0 continuous, 543 integer (543 binary)

Root relaxation: objective -1.343400e+04, 934 iterations, 0.01 seconds (0.01 work units)

    Nodes    |    Current Node    |     Objective Bounds      |     Work
 Expl Unexpl |  Obj  Depth IntInf | Incumbent    BestBd   Gap | It/Node Time

*    0     0               0    -13434.00000 -13434.000  0.00%     -    0s

Explored 1 nodes (934 simplex iterations) in 0.02 seconds (0.02 work units)
Thread count was 4 (of 56 available processors)

Solution count 3: -13434 -3377 0 
No other solutions better than -13434

Optimal solution found (tolerance 1.00e-04)
Best objective -1.343400000000e+04, best bound -1.343400000000e+04, gap 0.0000%
