
Gurobi 9.5.0 (linux64) logging started Mon Jun 20 09:22:14 2022

Set parameter LogFile to value "/local_workspace/chenrui/LogFiles/MKAP/new1W_R5_M30_N50_seed4_DWcutsCTp1_600.log"
Gurobi Optimizer version 9.5.0 build v9.5.0rc5 (linux64)
Thread count: 56 physical cores, 56 logical processors, using up to 4 threads
Optimize a model with 452 rows, 1650 columns and 5547 nonzeros
Model fingerprint: 0xfa366523
Variable types: 0 continuous, 1650 integer (1650 binary)
Coefficient statistics:
  Matrix range     [1e-11, 1e+03]
  Objective range  [4e+01, 8e+02]
  Bounds range     [1e+00, 1e+00]
  RHS range        [1e-05, 1e+00]
Warning: Model contains large matrix coefficient range
         Consider reformulating model or setting NumericFocus parameter
         to avoid numerical issues.
Found heuristic solution: objective 0.0000000
Presolve removed 143 rows and 924 columns
Presolve time: 0.02s
Presolved: 309 rows, 726 columns, 2274 nonzeros
Found heuristic solution: objective -6994.000000
Variable types: 0 continuous, 726 integer (726 binary)

Root relaxation: objective -1.304101e+04, 658 iterations, 0.01 seconds (0.01 work units)

    Nodes    |    Current Node    |     Objective Bounds      |     Work
 Expl Unexpl |  Obj  Depth IntInf | Incumbent    BestBd   Gap | It/Node Time

     0     0 -13041.014    0   49 -6994.0000 -13041.014  86.5%     -    0s
H    0     0                    -13003.00000 -13041.014  0.29%     -    0s
H    0     0                    -13041.00000 -13041.014  0.00%     -    0s
     0     0 -13041.014    0   49 -13041.000 -13041.014  0.00%     -    0s

Explored 1 nodes (675 simplex iterations) in 0.03 seconds (0.02 work units)
Thread count was 4 (of 56 available processors)

Solution count 4: -13041 -13003 -6994 0 
No other solutions better than -13041

Optimal solution found (tolerance 1.00e-04)
Best objective -1.304100000000e+04, best bound -1.304100000000e+04, gap 0.0000%
