
Gurobi 9.5.0 (linux64) logging started Fri Apr 29 22:38:12 2022

Set parameter LogFile to value "/local_workspace/chenrui/LogFiles/MKAP/new1W_R25_M20_N200_seed7_DWcutsCT2_600.log"
Gurobi Optimizer version 9.5.0 build v9.5.0rc5 (linux64)
Thread count: 56 physical cores, 56 logical processors, using up to 4 threads
Optimize a model with 2538 rows, 4500 columns and 24454 nonzeros
Model fingerprint: 0x849ff3f3
Variable types: 0 continuous, 4500 integer (4500 binary)
Coefficient statistics:
  Matrix range     [1e-13, 5e+03]
  Objective range  [2e+01, 1e+03]
  Bounds range     [1e+00, 1e+00]
  RHS range        [4e-16, 1e+00]
Warning: Model contains large matrix coefficient range
         Consider reformulating model or setting NumericFocus parameter
         to avoid numerical issues.
Found heuristic solution: objective 0.0000000
Presolve removed 123 rows and 441 columns
Presolve time: 0.05s
Presolved: 2415 rows, 4059 columns, 20959 nonzeros
Found heuristic solution: objective -6934.000000
Variable types: 0 continuous, 4059 integer (4059 binary)

Root relaxation: objective -5.731401e+04, 10121 iterations, 0.63 seconds (0.58 work units)

    Nodes    |    Current Node    |     Objective Bounds      |     Work
 Expl Unexpl |  Obj  Depth IntInf | Incumbent    BestBd   Gap | It/Node Time

     0     0 -57314.007    0  210 -6934.0000 -57314.007   727%     -    0s
H    0     0                    -49012.00000 -57314.007  16.9%     -    0s
H    0     0                    -56571.00000 -57314.007  1.31%     -    0s
H    0     0                    -56770.00000 -57314.007  0.96%     -    0s
H    0     0                    -56921.00000 -57314.007  0.69%     -    0s
     0     0 -57314.007    0   73 -56921.000 -57314.007  0.69%     -    0s
H    0     0                    -57098.00000 -57314.007  0.38%     -    1s
     0     0 -57314.007    0   65 -57098.000 -57314.007  0.38%     -    1s
     0     0 -57314.007    0   70 -57098.000 -57314.007  0.38%     -    1s
     0     0 -57314.007    0   74 -57098.000 -57314.007  0.38%     -    1s
     0     0 -57314.007    0  171 -57098.000 -57314.007  0.38%     -    1s
     0     0 -57314.007    0   81 -57098.000 -57314.007  0.38%     -    1s
H    0     0                    -57226.00000 -57314.007  0.15%     -    1s
     0     0 -57314.007    0   58 -57226.000 -57314.007  0.15%     -    1s
     0     0 -57314.007    0   62 -57226.000 -57314.007  0.15%     -    1s
     0     0 -57314.007    0   33 -57226.000 -57314.007  0.15%     -    2s
     0     0 -57314.007    0   52 -57226.000 -57314.007  0.15%     -    2s
     0     0 -57314.007    0   56 -57226.000 -57314.007  0.15%     -    2s
     0     0 -57314.007    0   69 -57226.000 -57314.007  0.15%     -    2s
     0     0 -57314.007    0   74 -57226.000 -57314.007  0.15%     -    2s
     0     0 -57314.006    0   76 -57226.000 -57314.006  0.15%     -    2s
     0     0 -57314.002    0   77 -57226.000 -57314.002  0.15%     -    2s
H    0     0                    -57251.00000 -57314.002  0.11%     -    2s
     0     0 -57314.001    0   45 -57251.000 -57314.001  0.11%     -    2s
     0     0 -57314.001    0   30 -57251.000 -57314.001  0.11%     -    2s
     0     0 -57314.001    0   68 -57251.000 -57314.001  0.11%     -    2s
     0     0 -57314.001    0   71 -57251.000 -57314.001  0.11%     -    2s
     0     0 -57314.001    0   65 -57251.000 -57314.001  0.11%     -    2s
     0     0 -57314.001    0   73 -57251.000 -57314.001  0.11%     -    2s
     0     0 -57314.001    0   45 -57251.000 -57314.001  0.11%     -    2s
     0     0 -57314.000    0   68 -57251.000 -57314.000  0.11%     -    2s
     0     0 -57313.937    0   45 -57251.000 -57313.937  0.11%     -    2s
     0     0 -57313.937    0   45 -57251.000 -57313.937  0.11%     -    2s
     0     0 -57313.937    0   47 -57251.000 -57313.937  0.11%     -    2s
     0     0 -57313.937    0   16 -57251.000 -57313.937  0.11%     -    2s
     0     0 -57313.937    0   20 -57251.000 -57313.937  0.11%     -    2s
     0     0 -57313.937    0   65 -57251.000 -57313.937  0.11%     -    2s
     0     0 -57313.937    0   62 -57251.000 -57313.937  0.11%     -    2s
     0     0 -57313.937    0   43 -57251.000 -57313.937  0.11%     -    2s
     0     0 -57313.937    0   61 -57251.000 -57313.937  0.11%     -    2s
     0     0 -57313.937    0   62 -57251.000 -57313.937  0.11%     -    2s
     0     0 -57313.937    0   62 -57251.000 -57313.937  0.11%     -    2s
     0     2 -57313.937    0   45 -57251.000 -57313.937  0.11%     -    2s

Cutting planes:
  Cover: 11
  Clique: 26
  MIR: 5
  StrongCG: 3

Explored 54 nodes (26324 simplex iterations) in 2.66 seconds (2.09 work units)
Thread count was 4 (of 56 available processors)

Solution count 10: -57251 -57226 -57098 ... -6934
No other solutions better than -57251

Optimal solution found (tolerance 1.00e-04)
Best objective -5.725100000000e+04, best bound -5.725100000000e+04, gap 0.0000%
