
Gurobi 9.5.0 (linux64) logging started Mon Jun 20 09:25:07 2022

Set parameter LogFile to value "/local_workspace/chenrui/LogFiles/MKAP/new1W_R10_M10_N50_seed9_DWcutsCTp_600.log"
Gurobi Optimizer version 9.5.0 build v9.5.0rc5 (linux64)
Thread count: 56 physical cores, 56 logical processors, using up to 4 threads
Optimize a model with 260 rows, 600 columns and 1795 nonzeros
Model fingerprint: 0xfd680885
Variable types: 0 continuous, 600 integer (600 binary)
Coefficient statistics:
  Matrix range     [1e+00, 3e+03]
  Objective range  [4e+01, 1e+03]
  Bounds range     [1e+00, 1e+00]
  RHS range        [1e-05, 1e+00]
Found heuristic solution: objective 0.0000000
Presolve removed 58 rows and 166 columns
Presolve time: 0.00s
Presolved: 202 rows, 434 columns, 1260 nonzeros
Found heuristic solution: objective -4313.000000
Variable types: 0 continuous, 434 integer (434 binary)

Root relaxation: objective -1.383200e+04, 514 iterations, 0.00 seconds (0.00 work units)

    Nodes    |    Current Node    |     Objective Bounds      |     Work
 Expl Unexpl |  Obj  Depth IntInf | Incumbent    BestBd   Gap | It/Node Time

     0     0 -13832.003    0   46 -4313.0000 -13832.003   221%     -    0s
H    0     0                    -10618.00000 -13832.003  30.3%     -    0s
H    0     0                    -13407.00000 -13832.003  3.17%     -    0s
     0     0 -13832.003    0   28 -13407.000 -13832.003  3.17%     -    0s
H    0     0                    -13813.00000 -13832.003  0.14%     -    0s
H    0     0                    -13832.00000 -13832.003  0.00%     -    0s

Cutting planes:
  Gomory: 15
  Cover: 18
  Clique: 40
  MIR: 3
  StrongCG: 3
  RLT: 1

Explored 1 nodes (649 simplex iterations) in 0.04 seconds (0.01 work units)
Thread count was 4 (of 56 available processors)

Solution count 6: -13832 -13813 -13407 ... 0
No other solutions better than -13832

Optimal solution found (tolerance 1.00e-04)
Best objective -1.383200000000e+04, best bound -1.383200000000e+04, gap 0.0000%
