
Gurobi 9.5.0 (linux64) logging started Fri Apr 29 22:09:41 2022

Set parameter LogFile to value "/local_workspace/chenrui/LogFiles/MKAP/new1W_R25_M10_N200_seed2_DWcutsCT_600.log"
Gurobi Optimizer version 9.5.0 build v9.5.0rc5 (linux64)
Thread count: 56 physical cores, 56 logical processors, using up to 4 threads
Optimize a model with 710 rows, 2250 columns and 6750 nonzeros
Model fingerprint: 0x620495a1
Variable types: 0 continuous, 2250 integer (2250 binary)
Coefficient statistics:
  Matrix range     [1e+00, 1e+04]
  Objective range  [5e+01, 1e+03]
  Bounds range     [1e+00, 1e+00]
  RHS range        [5e-11, 1e+00]
Found heuristic solution: objective 0.0000000
Presolve time: 0.02s
Presolved: 710 rows, 2250 columns, 6750 nonzeros
Variable types: 0 continuous, 2250 integer (2250 binary)
Found heuristic solution: objective -3297.000000

Root relaxation: objective -4.406701e+04, 2402 iterations, 0.03 seconds (0.02 work units)

    Nodes    |    Current Node    |     Objective Bounds      |     Work
 Expl Unexpl |  Obj  Depth IntInf | Incumbent    BestBd   Gap | It/Node Time

     0     0 -44067.011    0   54 -3297.0000 -44067.011  1237%     -    0s
H    0     0                    -38008.00000 -44067.011  15.9%     -    0s
H    0     0                    -38229.00000 -44067.011  15.3%     -    0s
H    0     0                    -42231.00000 -44067.011  4.35%     -    0s
H    0     0                    -42431.00000 -44067.011  3.86%     -    0s
     0     0 -44067.011    0   78 -42431.000 -44067.011  3.86%     -    0s
H    0     0                    -42862.00000 -44067.011  2.81%     -    0s
H    0     0                    -42991.00000 -44067.011  2.50%     -    0s
     0     0 -44067.011    0   80 -42991.000 -44067.011  2.50%     -    0s
     0     0 -44067.011    0   73 -42991.000 -44067.011  2.50%     -    0s
     0     0 -44067.011    0   67 -42991.000 -44067.011  2.50%     -    0s
H    0     0                    -43040.00000 -44067.011  2.39%     -    0s
H    0     0                    -43113.00000 -44067.011  2.21%     -    0s
H    0     0                    -43421.00000 -44067.011  1.49%     -    0s
     0     0 -44067.011    0   75 -43421.000 -44067.011  1.49%     -    0s
     0     0 -44067.011    0   25 -43421.000 -44067.011  1.49%     -    0s
H    0     0                    -43615.00000 -44067.011  1.04%     -    0s
     0     0 -44067.011    0   22 -43615.000 -44067.011  1.04%     -    0s
H    0     0                    -43666.00000 -44067.011  0.92%     -    0s
     0     0 -44067.011    0   65 -43666.000 -44067.011  0.92%     -    0s
H    0     0                    -44008.00000 -44067.011  0.13%     -    0s
H    0     0                    -44028.00000 -44067.011  0.09%     -    0s
H    0     0                    -44067.00000 -44067.011  0.00%     -    0s
     0     0          -    0      -44067.000 -44067.000  0.00%     -    0s

Cutting planes:
  Gomory: 3
  Cover: 10
  Clique: 33
  MIR: 1
  StrongCG: 4

Explored 1 nodes (7786 simplex iterations) in 0.41 seconds (0.27 work units)
Thread count was 4 (of 56 available processors)

Solution count 10: -44067 -44028 -44008 ... -42862
No other solutions better than -44067

Optimal solution found (tolerance 1.00e-04)
Best objective -4.406700000000e+04, best bound -4.406700000000e+04, gap 0.0000%
