
Gurobi 9.5.0 (linux64) logging started Thu Apr 14 17:00:04 2022

Set parameter LogFile to value "/local_workspace/chenrui/LogFiles/MKAP/new1W_R10_M10_N200_seed1_objLB_600.log"
Gurobi Optimizer version 9.5.0 build v9.5.0rc5 (linux64)
Thread count: 56 physical cores, 56 logical processors, using up to 4 threads
Optimize a model with 311 rows, 2100 columns and 6200 nonzeros
Model fingerprint: 0xaef35410
Variable types: 0 continuous, 2100 integer (2100 binary)
Coefficient statistics:
  Matrix range     [1e+00, 7e+03]
  Objective range  [2e+01, 9e+02]
  Bounds range     [1e+00, 1e+00]
  RHS range        [1e+00, 6e+04]
Found heuristic solution: objective 0.0000000
Presolve removed 10 rows and 10 columns
Presolve time: 0.01s
Presolved: 301 rows, 2090 columns, 6180 nonzeros
Variable types: 0 continuous, 2090 integer (2090 binary)
Found heuristic solution: objective -37789.00000

Root relaxation: objective -6.073300e+04, 471 iterations, 0.01 seconds (0.01 work units)

    Nodes    |    Current Node    |     Objective Bounds      |     Work
 Expl Unexpl |  Obj  Depth IntInf | Incumbent    BestBd   Gap | It/Node Time

     0     0 -60733.000    0   41 -37789.000 -60733.000  60.7%     -    0s
H    0     0                    -41993.00000 -60733.000  44.6%     -    0s
H    0     0                    -43152.00000 -60733.000  40.7%     -    0s
H    0     0                    -44609.00000 -60733.000  36.1%     -    0s
     0     0 -60733.000    0  190 -44609.000 -60733.000  36.1%     -    0s
H    0     0                    -50987.00000 -60733.000  19.1%     -    0s
H    0     0                    -51054.00000 -60733.000  19.0%     -    0s
H    0     0                    -59077.00000 -60733.000  2.80%     -    0s
     0     0 -60733.000    0  199 -59077.000 -60733.000  2.80%     -    0s
H    0     0                    -59441.00000 -60733.000  2.17%     -    0s
H    0     0                    -59442.00000 -60733.000  2.17%     -    0s
     0     0 -60733.000    0   53 -59442.000 -60733.000  2.17%     -    0s
     0     0 -60733.000    0   66 -59442.000 -60733.000  2.17%     -    0s
     0     0 -60733.000    0   38 -59442.000 -60733.000  2.17%     -    0s
     0     0 -60733.000    0   34 -59442.000 -60733.000  2.17%     -    0s
     0     2 -60733.000    0   32 -59442.000 -60733.000  2.17%     -    0s
H  160   193                    -59628.00000 -60733.000  1.85%  61.7    0s
H  641   636                    -59693.00000 -60733.000  1.74%  38.5    1s
H  688   630                    -59727.00000 -60733.000  1.68%  41.0    1s
H 2007   871                    -59816.00000 -60733.000  1.53%  45.3    3s
H 2378   779                    -59874.00000 -60733.000  1.43%  41.0    3s
H 3593  1197                    -59906.00000 -60733.000  1.38%  30.4    3s
H 3594  1122                    -59966.00000 -60733.000  1.28%  30.4    3s
H 4965  1814                    -60089.00000 -60733.000  1.07%  22.8    4s
H 6272  2555                    -60228.00000 -60733.000  0.84%  18.5    4s
H10023  3631                    -60279.00000 -60733.000  0.75%  12.5    5s
H10025  1542                    -60541.00000 -60733.000  0.32%  12.5    5s
 31226  6700 -60633.309   63   10 -60541.000 -60733.000  0.32%   6.1   10s
 81684 17704 -60648.044   54   13 -60541.000 -60733.000  0.32%   4.7   15s
 114049 25949     cutoff  147      -60541.000 -60733.000  0.32%   6.8   20s
H142644 27521                    -60573.00000 -60733.000  0.26%   6.5   22s
 163660 29891 -60733.000   44   22 -60573.000 -60733.000  0.26%   6.6   25s
 183453 32558 -60733.000   90   19 -60573.000 -60733.000  0.26%   8.1   30s
H197895 34696                    -60574.00000 -60733.000  0.26%   8.3   32s
 213830 37182 -60733.000   70   26 -60574.000 -60733.000  0.26%   8.4   35s
 241271 40116 infeasible   66      -60574.000 -60733.000  0.26%   9.7   40s
 269313 44118 infeasible   80      -60574.000 -60733.000  0.26%  10.4   45s
 299305 50280 -60704.137   69   12 -60574.000 -60733.000  0.26%  10.5   50s
 340015 57730 -60733.000   70   24 -60574.000 -60733.000  0.26%  10.5   55s
 380139 66477     cutoff   62      -60574.000 -60733.000  0.26%  10.0   60s
 436745 77142 infeasible   67      -60574.000 -60733.000  0.26%   9.3   65s
 482798 86952 -60695.066   67   10 -60574.000 -60733.000  0.26%   8.7   70s
 536657 97637 -60659.279   62   10 -60574.000 -60733.000  0.26%   8.2   75s
 589170 108488 -60588.387   69    9 -60574.000 -60733.000  0.26%   7.7   80s
 629273 116493     cutoff   56      -60574.000 -60733.000  0.26%   7.5   85s
 673452 122759 -60733.000   62   10 -60574.000 -60733.000  0.26%   7.6   90s
 724438 135335 -60695.395   60   10 -60574.000 -60733.000  0.26%   7.3   95s
 774652 146591 -60691.241   61    9 -60574.000 -60733.000  0.26%   7.2  100s
 826057 159885 -60733.000   61   12 -60574.000 -60733.000  0.26%   7.0  105s
 882122 171584 -60642.126   67    8 -60574.000 -60733.000  0.26%   6.8  110s
 928379 183094 -60725.171   66   10 -60574.000 -60733.000  0.26%   6.7  115s
 979871 194897 -60667.634   83    8 -60574.000 -60733.000  0.26%   6.6  120s
 1027476 205746     cutoff   69      -60574.000 -60733.000  0.26%   6.5  125s
 1085176 216945 -60648.250   67    9 -60574.000 -60733.000  0.26%   6.4  130s
 1134954 228623 -60697.829   65    8 -60574.000 -60733.000  0.26%   6.3  135s
 1191315 240892 -60733.000   60   12 -60574.000 -60733.000  0.26%   6.2  140s
 1241522 252222 -60668.502   68    9 -60574.000 -60733.000  0.26%   6.1  145s
 1297982 264898 -60621.524   78    8 -60574.000 -60733.000  0.26%   6.0  150s
 1340097 273214 -60733.000   57   10 -60574.000 -60733.000  0.26%   6.0  155s
 1399086 283793 -60733.000   69    9 -60574.000 -60733.000  0.26%   5.9  160s
 1448667 292645 -60612.287   68   10 -60574.000 -60733.000  0.26%   5.8  165s
 1506633 303261 -60733.000   67   10 -60574.000 -60733.000  0.26%   5.7  170s
 1557566 311834 -60619.430   86    7 -60574.000 -60733.000  0.26%   5.6  175s
 1610180 320870 -60700.096   77    9 -60574.000 -60733.000  0.26%   5.6  180s
H1640081 115696                    -60662.00000 -60733.000  0.12%   5.5  183s
 1655479 115653 -60695.816   66   10 -60662.000 -60733.000  0.12%   5.5  185s
 1709256 118894     cutoff   78      -60662.000 -60733.000  0.12%   5.5  190s
 1761400 120652     cutoff   60      -60662.000 -60733.000  0.12%   5.5  195s
 1809955 121780 -60696.661   64    8 -60662.000 -60733.000  0.12%   5.5  200s
 1857986 123822     cutoff   74      -60662.000 -60733.000  0.12%   5.5  205s
 1906109 124544 -60733.000   66   10 -60662.000 -60733.000  0.12%   5.5  210s
 1960021 125536 -60676.574   63   10 -60662.000 -60733.000  0.12%   5.6  215s
 1992639 127928     cutoff   78      -60662.000 -60733.000  0.12%   5.8  220s
 2025437 130937     cutoff   51      -60662.000 -60733.000  0.12%   5.9  225s
H2052208 51351                    -60694.00000 -60733.000  0.06%   6.1  229s
 2052216 51419 -60702.376   86   15 -60694.000 -60733.000  0.06%   6.1  230s
 2079803 51898 -60733.000   72   19 -60694.000 -60733.000  0.06%   6.2  235s
 2106206 54930     cutoff   71      -60694.000 -60733.000  0.06%   6.5  240s
 2129055 53626     cutoff   62      -60694.000 -60733.000  0.06%   6.7  245s
 2142886 53876 -60733.000   70   16 -60694.000 -60733.000  0.06%   6.8  250s
 2178097 53834     cutoff   75      -60694.000 -60733.000  0.06%   7.1  255s
 2209777 53837     cutoff   72      -60694.000 -60733.000  0.06%   7.2  260s
 2242803 54428 -60733.000   59   21 -60694.000 -60733.000  0.06%   7.4  265s
 2271907 54460 -60733.000   52   10 -60694.000 -60733.000  0.06%   7.5  270s
 2316106 54240     cutoff   62      -60694.000 -60733.000  0.06%   7.6  275s
 2346605 53863     cutoff   79      -60694.000 -60733.000  0.06%   7.7  280s
 2379011 55202     cutoff   66      -60694.000 -60733.000  0.06%   8.0  285s
 2403556 56035     cutoff   54      -60694.000 -60733.000  0.06%   8.1  290s
 2437927 56436     cutoff   64      -60694.000 -60733.000  0.06%   8.3  295s
 2464207 54320     cutoff   72      -60694.000 -60733.000  0.06%   8.5  300s
 2495960 54981 -60733.000   70   16 -60694.000 -60733.000  0.06%   8.7  305s
 2533735 54201     cutoff   54      -60694.000 -60733.000  0.06%   8.8  310s
 2580072 54331 -60704.993   60   10 -60694.000 -60733.000  0.06%   8.9  315s
 2611075 54436 -60708.470   60   10 -60694.000 -60733.000  0.06%   9.0  320s
 2657810 55410     cutoff   66      -60694.000 -60733.000  0.06%   9.0  325s
 2710188 55907 -60713.260   65   10 -60694.000 -60733.000  0.06%   9.0  330s
 2768105 55994     cutoff   72      -60694.000 -60733.000  0.06%   8.9  335s
 2821985 56662     cutoff   67      -60694.000 -60733.000  0.06%   8.9  340s
 2877505 56667     cutoff   64      -60694.000 -60733.000  0.06%   8.9  345s
 2930645 56929     cutoff   49      -60694.000 -60733.000  0.06%   8.8  350s
 2977797 56624 -60725.128   63    9 -60694.000 -60733.000  0.06%   8.8  355s
 3027770 57021     cutoff   55      -60694.000 -60733.000  0.06%   8.8  360s
 3076439 56912     cutoff   64      -60694.000 -60733.000  0.06%   8.8  365s
 3115939 57473 -60733.000   78   11 -60694.000 -60733.000  0.06%   8.8  370s
 3161622 57702 -60729.443   75    9 -60694.000 -60733.000  0.06%   8.8  375s
 3204671 59279 -60733.000   64   11 -60694.000 -60733.000  0.06%   8.8  380s
 3253855 59221     cutoff   68      -60694.000 -60733.000  0.06%   8.8  385s
 3303009 59057     cutoff   75      -60694.000 -60733.000  0.06%   8.8  390s
 3346048 59416 -60733.000   69   11 -60694.000 -60733.000  0.06%   8.8  395s
 3395603 59701     cutoff  127      -60694.000 -60733.000  0.06%   8.8  400s
 3432163 60600 -60733.000   57   12 -60694.000 -60733.000  0.06%   8.8  405s
 3471869 60573 -60726.275   52   10 -60694.000 -60733.000  0.06%   8.8  410s
 3515781 61431 -60733.000   60   11 -60694.000 -60733.000  0.06%   8.8  415s
 3569009 61373 -60733.000   54   11 -60694.000 -60733.000  0.06%   8.8  420s
 3618634 61778 -60733.000   70   11 -60694.000 -60733.000  0.06%   8.8  425s
 3671650 62287 -60718.104   72    9 -60694.000 -60733.000  0.06%   8.8  430s
 3715782 62309 -60698.716   75    9 -60694.000 -60733.000  0.06%   8.8  435s
 3769298 62367 -60733.000   75   11 -60694.000 -60733.000  0.06%   8.8  440s
 3820399 62626 -60733.000   75   11 -60694.000 -60733.000  0.06%   8.8  445s
 3863443 62617     cutoff   57      -60694.000 -60733.000  0.06%   8.8  450s
 3913434 62770 -60733.000   59   11 -60694.000 -60733.000  0.06%   8.8  455s
 3964463 63651     cutoff   77      -60694.000 -60733.000  0.06%   8.8  460s
 4008071 64341 -60733.000   85   10 -60694.000 -60733.000  0.06%   8.8  465s
 4067271 65055 -60711.566   77   10 -60694.000 -60733.000  0.06%   8.8  470s
 4116132 65798     cutoff   86      -60694.000 -60733.000  0.06%   8.8  475s
 4167118 67079     cutoff   74      -60694.000 -60733.000  0.06%   8.7  480s
 4214203 68133 -60733.000   72   12 -60694.000 -60733.000  0.06%   8.7  485s
 4266172 68725 -60733.000   52   12 -60694.000 -60733.000  0.06%   8.7  490s
 4312495 67762 -60733.000   75   11 -60694.000 -60733.000  0.06%   8.7  495s
 4365339 65395     cutoff   72      -60694.000 -60733.000  0.06%   8.7  500s
 4406425 65438 -60733.000   54   11 -60694.000 -60733.000  0.06%   8.7  505s
 4449791 65277     cutoff   65      -60694.000 -60733.000  0.06%   8.7  510s
 4494606 66827     cutoff   62      -60694.000 -60733.000  0.06%   8.8  515s
 4536784 66290 -60733.000   74   10 -60694.000 -60733.000  0.06%   8.8  520s
 4587418 66035 -60733.000   77   14 -60694.000 -60733.000  0.06%   8.8  525s
 4624463 66081 -60706.521   81   10 -60694.000 -60733.000  0.06%   8.8  530s
 4670343 66393     cutoff   62      -60694.000 -60733.000  0.06%   8.8  535s
 4713040 66816 -60733.000   51   12 -60694.000 -60733.000  0.06%   8.8  540s
 4756385 67500 -60733.000   66   11 -60694.000 -60733.000  0.06%   8.8  545s
 4804773 68525     cutoff   80      -60694.000 -60733.000  0.06%   8.8  550s
 4850298 68225 -60733.000   50   10 -60694.000 -60733.000  0.06%   8.8  555s
 4901310 68674     cutoff   62      -60694.000 -60733.000  0.06%   8.8  560s
 4950301 69227 -60733.000   67   11 -60694.000 -60733.000  0.06%   8.8  565s
 4999983 69269 -60717.028   76   10 -60694.000 -60733.000  0.06%   8.8  570s
 5045303 70648 -60733.000   72   13 -60694.000 -60733.000  0.06%   8.8  575s
 5084128 70045 -60733.000   68   11 -60694.000 -60733.000  0.06%   8.8  580s
 5143399 72227 -60733.000   65   11 -60694.000 -60733.000  0.06%   8.8  585s
 5189881 72689     cutoff   58      -60694.000 -60733.000  0.06%   8.8  590s
 5240878 72875 -60733.000   58   10 -60694.000 -60733.000  0.06%   8.8  595s
 5298345 73916 -60733.000   62   11 -60694.000 -60733.000  0.06%   8.7  600s

Cutting planes:
  Gomory: 3
  Cover: 77
  Clique: 209
  MIR: 14
  StrongCG: 22
  Flow cover: 24
  Zero half: 5
  RLT: 1

Explored 5298350 nodes (46289214 simplex iterations) in 600.00 seconds (880.15 work units)
Thread count was 4 (of 56 available processors)

Solution count 10: -60694 -60662 -60574 ... -59906

Time limit reached
Best objective -6.069400000000e+04, best bound -6.073300000000e+04, gap 0.0643%

Gurobi 9.5.0 (linux64) logging started Thu Apr 28 16:54:23 2022

Set parameter LogFile to value "/local_workspace/chenrui/LogFiles/MKAP/new1W_R10_M10_N200_seed1_objLB_600.log"
Gurobi Optimizer version 9.5.0 build v9.5.0rc5 (linux64)
Thread count: 56 physical cores, 56 logical processors, using up to 4 threads
Optimize a model with 311 rows, 2100 columns and 6200 nonzeros
Model fingerprint: 0xaef35410
Variable types: 0 continuous, 2100 integer (2100 binary)
Coefficient statistics:
  Matrix range     [1e+00, 7e+03]
  Objective range  [2e+01, 9e+02]
  Bounds range     [1e+00, 1e+00]
  RHS range        [1e+00, 6e+04]
Found heuristic solution: objective 0.0000000
Presolve removed 10 rows and 10 columns
Presolve time: 0.01s
Presolved: 301 rows, 2090 columns, 6180 nonzeros
Variable types: 0 continuous, 2090 integer (2090 binary)
Found heuristic solution: objective -37789.00000

Root relaxation: objective -6.073300e+04, 471 iterations, 0.01 seconds (0.01 work units)

    Nodes    |    Current Node    |     Objective Bounds      |     Work
 Expl Unexpl |  Obj  Depth IntInf | Incumbent    BestBd   Gap | It/Node Time

     0     0 -60733.000    0   41 -37789.000 -60733.000  60.7%     -    0s
H    0     0                    -41993.00000 -60733.000  44.6%     -    0s
H    0     0                    -43152.00000 -60733.000  40.7%     -    0s
H    0     0                    -44609.00000 -60733.000  36.1%     -    0s
     0     0 -60733.000    0  190 -44609.000 -60733.000  36.1%     -    0s
H    0     0                    -50987.00000 -60733.000  19.1%     -    0s
H    0     0                    -51054.00000 -60733.000  19.0%     -    0s
H    0     0                    -59077.00000 -60733.000  2.80%     -    0s
     0     0 -60733.000    0  199 -59077.000 -60733.000  2.80%     -    0s
H    0     0                    -59441.00000 -60733.000  2.17%     -    0s
H    0     0                    -59442.00000 -60733.000  2.17%     -    0s
     0     0 -60733.000    0   53 -59442.000 -60733.000  2.17%     -    0s
     0     0 -60733.000    0   66 -59442.000 -60733.000  2.17%     -    0s
     0     0 -60733.000    0   38 -59442.000 -60733.000  2.17%     -    0s
     0     0 -60733.000    0   34 -59442.000 -60733.000  2.17%     -    0s
     0     2 -60733.000    0   32 -59442.000 -60733.000  2.17%     -    0s
H  160   193                    -59628.00000 -60733.000  1.85%  61.7    0s
H  641   636                    -59693.00000 -60733.000  1.74%  38.5    1s
H  688   630                    -59727.00000 -60733.000  1.68%  41.0    1s
H 2007   871                    -59816.00000 -60733.000  1.53%  45.3    3s
H 2378   779                    -59874.00000 -60733.000  1.43%  41.0    3s
H 3593  1197                    -59906.00000 -60733.000  1.38%  30.4    3s
H 3594  1122                    -59966.00000 -60733.000  1.28%  30.4    3s
H 4965  1814                    -60089.00000 -60733.000  1.07%  22.8    4s
H 6272  2555                    -60228.00000 -60733.000  0.84%  18.5    4s
H10023  3631                    -60279.00000 -60733.000  0.75%  12.5    5s
H10025  1542                    -60541.00000 -60733.000  0.32%  12.5    5s
 31226  6700 -60633.309   63   10 -60541.000 -60733.000  0.32%   6.1   10s
 84517 18482 -60683.520   50   15 -60541.000 -60733.000  0.32%   4.7   15s
 118633 26715 -60610.877   67    9 -60541.000 -60733.000  0.32%   7.1   20s
H142644 27521                    -60573.00000 -60733.000  0.26%   6.5   22s
 168287 30019     cutoff   97      -60573.000 -60733.000  0.26%   6.9   25s
 190731 34201 -60733.000   67   19 -60573.000 -60733.000  0.26%   8.1   30s
H197895 34696                    -60574.00000 -60733.000  0.26%   8.3   31s
 219830 37665     cutoff  104      -60574.000 -60733.000  0.26%   8.7   35s
 246623 40986 -60733.000   33   28 -60574.000 -60733.000  0.26%   9.8   40s
 273258 44666 -60733.000   71   24 -60574.000 -60733.000  0.26%  10.5   45s
 307938 51715 -60668.151   73   12 -60574.000 -60733.000  0.26%  10.5   50s
 349812 60415 -60710.589   54   10 -60574.000 -60733.000  0.26%  10.5   55s
 395080 68776 -60678.581   74    9 -60574.000 -60733.000  0.26%   9.8   60s
 441383 78277 -60639.572   65   10 -60574.000 -60733.000  0.26%   9.2   65s
 497597 89954 -60591.647   74    9 -60574.000 -60733.000  0.26%   8.5   70s
 550937 101002 -60675.455   73    8 -60574.000 -60733.000  0.26%   8.0   75s
 592881 109875 -60706.199   63    9 -60574.000 -60733.000  0.26%   7.7   80s
 647018 119325     cutoff   70      -60574.000 -60733.000  0.26%   7.6   85s
 695878 127431     cutoff   64      -60574.000 -60733.000  0.26%   7.5   90s
 746826 140382 -60733.000   60   18 -60574.000 -60733.000  0.26%   7.2   95s
 798515 153076 -60733.000   66   10 -60574.000 -60733.000  0.26%   7.1  100s
 853442 165579 -60714.531   57   16 -60574.000 -60733.000  0.26%   6.9  105s
 906161 177445 -60733.000   66    9 -60574.000 -60733.000  0.26%   6.8  110s
 958116 189890 -60597.541   73    7 -60574.000 -60733.000  0.26%   6.7  115s
 1003788 200317 -60733.000   65   12 -60574.000 -60733.000  0.26%   6.6  120s
 1056332 211257     cutoff   60      -60574.000 -60733.000  0.26%   6.5  125s
 1106651 221957 -60632.710   72    9 -60574.000 -60733.000  0.26%   6.4  130s
 1165304 235028     cutoff   58      -60574.000 -60733.000  0.26%   6.3  135s
 1219818 247463 -60653.511   66   10 -60574.000 -60733.000  0.26%   6.2  140s
 1271096 258857 -60612.071   95    6 -60574.000 -60733.000  0.26%   6.1  145s
 1323497 269741 -60733.000   66   13 -60574.000 -60733.000  0.26%   6.0  150s
 1372252 279287 -60619.001   70   10 -60574.000 -60733.000  0.26%   5.9  155s
 1432509 289450 -60720.712   75   10 -60574.000 -60733.000  0.26%   5.8  160s
 1486524 299714 -60725.395   55   10 -60574.000 -60733.000  0.26%   5.7  165s
 1540027 308648 -60652.619   72    9 -60574.000 -60733.000  0.26%   5.7  170s
 1594362 318404 -60696.986   62   10 -60574.000 -60733.000  0.26%   5.6  175s
H1640081 115696                    -60662.00000 -60733.000  0.12%   5.5  179s
 1641027 115657 -60733.000   69   10 -60662.000 -60733.000  0.12%   5.5  180s
 1688715 117697 -60675.165   71   10 -60662.000 -60733.000  0.12%   5.5  185s
 1738721 119769     cutoff   59      -60662.000 -60733.000  0.12%   5.5  190s
 1789901 121143 -60688.250   77   10 -60662.000 -60733.000  0.12%   5.5  195s
 1844493 123624 -60691.545   65   10 -60662.000 -60733.000  0.12%   5.5  200s
 1886988 124579 -60696.013   68    9 -60662.000 -60733.000  0.12%   5.5  205s
 1939845 125373     cutoff   70      -60662.000 -60733.000  0.12%   5.5  210s
 1979285 126057 -60733.000   66   13 -60662.000 -60733.000  0.12%   5.7  215s
 2015669 130428     cutoff   74      -60662.000 -60733.000  0.12%   5.9  220s
 2049214 131569 -60733.000   69   17 -60662.000 -60733.000  0.12%   6.0  225s
H2052208 51351                    -60694.00000 -60733.000  0.06%   6.1  226s
 2074540 51902 -60731.712   67   17 -60694.000 -60733.000  0.06%   6.2  230s
 2096029 53633 -60733.000   68   21 -60694.000 -60733.000  0.06%   6.4  235s
 2118969 54561 -60724.739   79   23 -60694.000 -60733.000  0.06%   6.6  240s
 2142873 53833 -60733.000   69   18 -60694.000 -60733.000  0.06%   6.8  246s
 2165662 53113 -60733.000   38   18 -60694.000 -60733.000  0.06%   7.0  250s
 2199657 53658 -60733.000   72   12 -60694.000 -60733.000  0.06%   7.2  255s
 2237638 54308 -60733.000   62   18 -60694.000 -60733.000  0.06%   7.3  260s
 2261905 53953 -60733.000   61   17 -60694.000 -60733.000  0.06%   7.5  265s
 2308953 54493     cutoff   79      -60694.000 -60733.000  0.06%   7.6  270s
 2345169 53914     cutoff   68      -60694.000 -60733.000  0.06%   7.7  275s
 2374100 55334 -60733.000   77   20 -60694.000 -60733.000  0.06%   7.9  280s
 2394863 56049 -60733.000   70   20 -60694.000 -60733.000  0.06%   8.1  285s
 2431061 56362     cutoff   72      -60694.000 -60733.000  0.06%   8.3  290s
 2459082 54971 -60733.000   63   14 -60694.000 -60733.000  0.06%   8.5  295s
 2489634 55124 -60733.000   79   16 -60694.000 -60733.000  0.06%   8.7  300s
 2526726 54156 -60733.000   65   12 -60694.000 -60733.000  0.06%   8.8  305s
 2573734 54486 -60733.000   50   14 -60694.000 -60733.000  0.06%   8.8  310s
 2608114 54554     cutoff   77      -60694.000 -60733.000  0.06%   9.0  315s
 2651361 55355     cutoff   60      -60694.000 -60733.000  0.06%   9.0  320s
 2704006 55746     cutoff   61      -60694.000 -60733.000  0.06%   9.0  325s
 2763553 55986 -60733.000   70   11 -60694.000 -60733.000  0.06%   8.9  330s
 2817475 56575 -60733.000   69   10 -60694.000 -60733.000  0.06%   8.9  335s
 2873632 56678 -60723.625   70   10 -60694.000 -60733.000  0.06%   8.9  340s
 2927771 56878 -60733.000   55   11 -60694.000 -60733.000  0.06%   8.8  345s
 2977080 56605 -60712.306   60   10 -60694.000 -60733.000  0.06%   8.8  350s
 3028470 57117 -60733.000   50   13 -60694.000 -60733.000  0.06%   8.8  355s
 3076439 56912     cutoff   64      -60694.000 -60733.000  0.06%   8.8  360s
 3118884 57347     cutoff   44      -60694.000 -60733.000  0.06%   8.8  365s
 3165314 57761 -60733.000   70   11 -60694.000 -60733.000  0.06%   8.8  370s
 3207773 59380 -60733.000   52   11 -60694.000 -60733.000  0.06%   8.8  375s
 3257867 59016 -60720.687   59   10 -60694.000 -60733.000  0.06%   8.8  380s
 3307440 59159     cutoff   48      -60694.000 -60733.000  0.06%   8.8  385s
 3351392 59580 -60733.000   63   11 -60694.000 -60733.000  0.06%   8.8  390s
 3399554 59945     cutoff   49      -60694.000 -60733.000  0.06%   8.8  395s
 3433930 60676 -60721.302   59   10 -60694.000 -60733.000  0.06%   8.8  400s
 3478426 60809 -60727.367   49   10 -60694.000 -60733.000  0.06%   8.8  405s
 3524480 61507 -60698.904   57    9 -60694.000 -60733.000  0.06%   8.8  410s
 3576329 61269 -60733.000   42   26 -60694.000 -60733.000  0.06%   8.8  415s
 3620199 61766 -60733.000   62   10 -60694.000 -60733.000  0.06%   8.8  420s
 3677183 62279 -60708.079   69    9 -60694.000 -60733.000  0.06%   8.8  425s
 3725535 62282     cutoff   76      -60694.000 -60733.000  0.06%   8.8  430s
 3774424 62353 -60733.000   68   11 -60694.000 -60733.000  0.06%   8.8  435s
 3830471 62581 -60733.000   62   11 -60694.000 -60733.000  0.06%   8.8  440s
 3873732 62731 -60733.000   61   11 -60694.000 -60733.000  0.06%   8.8  445s
 3923776 62273 -60733.000   36   31 -60694.000 -60733.000  0.06%   8.8  450s
 3974331 63762     cutoff   70      -60694.000 -60733.000  0.06%   8.8  455s
 4024099 64297     cutoff   75      -60694.000 -60733.000  0.06%   8.8  460s
 4082845 65355 infeasible   72      -60694.000 -60733.000  0.06%   8.8  465s
 4132166 65907 -60697.520   89    8 -60694.000 -60733.000  0.06%   8.8  470s
 4175639 67216     cutoff   72      -60694.000 -60733.000  0.06%   8.7  475s
 4234370 68429 -60733.000   67   12 -60694.000 -60733.000  0.06%   8.7  480s
 4283683 68872 -60724.700   66    8 -60694.000 -60733.000  0.06%   8.7  485s
 4333713 66218 -60698.923   61    8 -60694.000 -60733.000  0.06%   8.7  490s
 4378122 64705 -60733.000   63   14 -60694.000 -60733.000  0.06%   8.7  495s
 4416826 65377 -60733.000   61   11 -60694.000 -60733.000  0.06%   8.7  500s
 4465988 66701 -60733.000   60   11 -60694.000 -60733.000  0.06%   8.7  505s
 4503057 66986 -60733.000   68   14 -60694.000 -60733.000  0.06%   8.8  510s
 4556788 66025 infeasible   73      -60694.000 -60733.000  0.06%   8.8  515s
 4600550 66121 -60733.000   59   11 -60694.000 -60733.000  0.06%   8.8  520s
 4638173 66258     cutoff   61      -60694.000 -60733.000  0.06%   8.8  525s
 4681907 66304 -60724.092   86    9 -60694.000 -60733.000  0.06%   8.8  530s
 4727786 67455 -60696.440   65   10 -60694.000 -60733.000  0.06%   8.8  535s
 4776918 67779     cutoff   50      -60694.000 -60733.000  0.06%   8.8  540s
 4823394 68036 -60733.000   63   12 -60694.000 -60733.000  0.06%   8.8  545s
 4872632 68531     cutoff   80      -60694.000 -60733.000  0.06%   8.8  550s
 4928054 69163 -60695.087   68    8 -60694.000 -60733.000  0.06%   8.8  555s
 4973401 69106     cutoff   47      -60694.000 -60733.000  0.06%   8.8  560s
 5023358 69358     cutoff   42      -60694.000 -60733.000  0.06%   8.8  565s
 5065203 70798 -60733.000   70   10 -60694.000 -60733.000  0.06%   8.8  570s
 5110488 70279 -60724.505   59   10 -60694.000 -60733.000  0.06%   8.8  575s
 5163503 72476 -60733.000   75   11 -60694.000 -60733.000  0.06%   8.8  580s
 5216633 73009 -60733.000   65   11 -60694.000 -60733.000  0.06%   8.8  585s
 5268964 73073 -60719.453   58   10 -60694.000 -60733.000  0.06%   8.7  590s
 5325763 74068     cutoff   74      -60694.000 -60733.000  0.06%   8.7  595s
 5375109 74535 -60708.711   61   10 -60694.000 -60733.000  0.06%   8.7  600s

Cutting planes:
  Gomory: 3
  Cover: 77
  Clique: 209
  MIR: 14
  StrongCG: 22
  Flow cover: 24
  Zero half: 5
  RLT: 1

Explored 5375750 nodes (46818419 simplex iterations) in 600.00 seconds (890.84 work units)
Thread count was 4 (of 56 available processors)

Solution count 10: -60694 -60662 -60574 ... -59906

Time limit reached
Best objective -6.069400000000e+04, best bound -6.073300000000e+04, gap 0.0643%
