
Gurobi 9.5.0 (linux64) logging started Fri Apr 29 22:33:22 2022

Set parameter LogFile to value "/local_workspace/chenrui/LogFiles/MKAP/new1W_R25_M10_N300_seed5_DWcutsCT1_600.log"
Gurobi Optimizer version 9.5.0 build v9.5.0rc5 (linux64)
Thread count: 56 physical cores, 56 logical processors, using up to 4 threads
Optimize a model with 1049 rows, 3250 columns and 12769 nonzeros
Model fingerprint: 0x93470f45
Variable types: 0 continuous, 3250 integer (3250 binary)
Coefficient statistics:
  Matrix range     [1e-13, 1e+04]
  Objective range  [3e+01, 9e+02]
  Bounds range     [1e+00, 1e+00]
  RHS range        [1e-13, 1e+00]
Warning: Model contains large matrix coefficient range
         Consider reformulating model or setting NumericFocus parameter
         to avoid numerical issues.
Found heuristic solution: objective 0.0000000
Presolve removed 33 rows and 378 columns
Presolve time: 0.02s
Presolved: 1016 rows, 2872 columns, 10956 nonzeros
Found heuristic solution: objective -7343.000000
Variable types: 0 continuous, 2872 integer (2872 binary)

Root relaxation: objective -5.170000e+04, 5041 iterations, 0.11 seconds (0.09 work units)

    Nodes    |    Current Node    |     Objective Bounds      |     Work
 Expl Unexpl |  Obj  Depth IntInf | Incumbent    BestBd   Gap | It/Node Time

     0     0 -51700.000    0   53 -7343.0000 -51700.000   604%     -    0s
H    0     0                    -51700.00000 -51700.000  0.00%     -    0s
     0     0 -51700.000    0   53 -51700.000 -51700.000  0.00%     -    0s

Explored 1 nodes (5397 simplex iterations) in 0.16 seconds (0.13 work units)
Thread count was 4 (of 56 available processors)

Solution count 3: -51700 -7343 0 
No other solutions better than -51700

Optimal solution found (tolerance 1.00e-04)
Best objective -5.170000000000e+04, best bound -5.170000000000e+04, gap 0.0000%
