
Gurobi 9.5.0 (linux64) logging started Sat Jun 18 15:44:36 2022

Set parameter LogFile to value "/local_workspace/chenrui/LogFiles/MKAP/new1W_R10_M10_N100_seed5_DWcutsCTp3_600.log"
Gurobi Optimizer version 9.5.0 build v9.5.0rc5 (linux64)
Thread count: 56 physical cores, 56 logical processors, using up to 4 threads
Optimize a model with 950 rows, 1100 columns and 10038 nonzeros
Model fingerprint: 0x2a8e0087
Variable types: 0 continuous, 1100 integer (1100 binary)
Coefficient statistics:
  Matrix range     [1e-13, 7e+03]
  Objective range  [1e+02, 9e+02]
  Bounds range     [1e+00, 1e+00]
  RHS range        [1e-05, 1e+00]
Warning: Model contains large matrix coefficient range
         Consider reformulating model or setting NumericFocus parameter
         to avoid numerical issues.
Found heuristic solution: objective 0.0000000
Presolve removed 36 rows and 29 columns
Presolve time: 0.03s
Presolved: 914 rows, 1071 columns, 9315 nonzeros
Variable types: 0 continuous, 1071 integer (1071 binary)
Found heuristic solution: objective -4409.000000

Root relaxation: objective -3.145201e+04, 2052 iterations, 0.07 seconds (0.08 work units)

    Nodes    |    Current Node    |     Objective Bounds      |     Work
 Expl Unexpl |  Obj  Depth IntInf | Incumbent    BestBd   Gap | It/Node Time

     0     0 -31452.012    0  122 -4409.0000 -31452.012   613%     -    0s
H    0     0                    -31388.00000 -31452.012  0.20%     -    0s
H    0     0                    -31452.00001 -31452.012  0.00%     -    0s
     0     0 -31452.012    0  122 -31452.000 -31452.012  0.00%     -    0s

Explored 1 nodes (2052 simplex iterations) in 0.11 seconds (0.12 work units)
Thread count was 4 (of 56 available processors)

Solution count 4: -31452 -31388 -4409 0 
No other solutions better than -31452

Optimal solution found (tolerance 1.00e-04)
Best objective -3.145200001287e+04, best bound -3.145200001287e+04, gap 0.0000%
