
Gurobi 9.5.0 (linux64) logging started Sat Apr 16 05:23:24 2022

Set parameter LogFile to value "/local_workspace/chenrui/LogFiles/MKAP/new1W_R20_M20_N300_seed1_objLB_600.log"
Gurobi Optimizer version 9.5.0 build v9.5.0rc5 (linux64)
Thread count: 56 physical cores, 56 logical processors, using up to 4 threads
Optimize a model with 721 rows, 6400 columns and 18800 nonzeros
Model fingerprint: 0x5b992fab
Variable types: 0 continuous, 6400 integer (6400 binary)
Coefficient statistics:
  Matrix range     [1e+00, 8e+03]
  Objective range  [1e+01, 1e+03]
  Bounds range     [1e+00, 1e+00]
  RHS range        [1e+00, 9e+04]
Found heuristic solution: objective 0.0000000
Presolve removed 39 rows and 851 columns
Presolve time: 0.04s
Presolved: 682 rows, 5549 columns, 16286 nonzeros
Variable types: 0 continuous, 5549 integer (5549 binary)
Found heuristic solution: objective -57094.00000

Root relaxation: objective -9.337200e+04, 1161 iterations, 0.03 seconds (0.03 work units)

    Nodes    |    Current Node    |     Objective Bounds      |     Work
 Expl Unexpl |  Obj  Depth IntInf | Incumbent    BestBd   Gap | It/Node Time

     0     0 -93372.000    0   59 -57094.000 -93372.000  63.5%     -    0s
H    0     0                    -70043.00000 -93372.000  33.3%     -    0s
H    0     0                    -70554.00000 -93372.000  32.3%     -    0s
H    0     0                    -72558.00000 -93372.000  28.7%     -    0s
H    0     0                    -82815.00000 -93372.000  12.7%     -    0s
     0     0 -93372.000    0  274 -82815.000 -93372.000  12.7%     -    0s
H    0     0                    -82990.00000 -93372.000  12.5%     -    0s
H    0     0                    -83587.00000 -93372.000  11.7%     -    0s
     0     0 -93372.000    0  295 -83587.000 -93372.000  11.7%     -    0s
H    0     0                    -86279.00000 -93372.000  8.22%     -    0s
H    0     0                    -86424.00000 -93372.000  8.04%     -    0s
     0     0 -93372.000    0   49 -86424.000 -93372.000  8.04%     -    0s
     0     0 -93372.000    0   79 -86424.000 -93372.000  8.04%     -    0s
H    0     0                    -88254.00292 -93372.000  5.80%     -    0s
     0     0 -93372.000    0   57 -88254.003 -93372.000  5.80%     -    1s
     0     0 -93372.000    0   39 -88254.003 -93372.000  5.80%     -    1s
     0     2 -93372.000    0   31 -88254.003 -93372.000  5.80%     -    1s
H   30    38                    -88353.00000 -93372.000  5.68%   408    1s
H   30    38                    -88787.00000 -93372.000  5.16%   408    1s
H   71   104                    -88964.00000 -93372.000  4.95%   394    2s
H  104   104                    -89027.00000 -93372.000  4.88%   349    2s
H  130   331                    -89481.00000 -93372.000  4.35%   327    2s
H  462   775                    -89563.00000 -93372.000  4.25%   175    3s
H  808   886                    -89870.00000 -93372.000  3.90%   149    3s
H  882   880                    -90048.00000 -93372.000  3.69%   146    3s
  1113  1178 -93372.000  101   56 -90048.000 -93372.000  3.69%   157    5s
H 1220  1164                    -90434.00000 -93372.000  3.25%   150    5s
H 1333  1104                    -90502.00000 -93372.000  3.17%   150    8s
H 1336  1053                    -90680.00000 -93372.000  2.97%   176    9s
  1337  1055 -93372.000   12  107 -90680.000 -93372.000  2.97%   177   10s
H 1395  1088                    -90759.00000 -93372.000  2.88%   184   15s
H 1490  1233                    -90815.00000 -93372.000  2.82%   214   17s
H 1534  1170                    -90898.00000 -93372.000  2.72%   219   17s
H 1684  1775                    -90927.00000 -93372.000  2.69%   220   20s
H 1684  1732                    -90955.00033 -93372.000  2.66%   220   20s
H 2143  1538                    -91073.00000 -93372.000  2.52%   202   20s
H 2659  1347                    -91497.00000 -93372.000  2.05%   187   22s
H 2738  1279                    -91520.00000 -93372.000  2.02%   183   22s
H 2886  1310                    -91636.00000 -93372.000  1.89%   177   26s
H 3033  1225                    -91644.00000 -93372.000  1.89%   169   26s
H 3106  1222                    -91887.00000 -93372.000  1.62%   168   27s
  3789  1860 -93372.000   64   72 -91887.000 -93372.000  1.62%   159   30s
H 4376  1593                    -92295.00000 -93372.000  1.17%   146   37s
H 4714  1981                    -92406.00000 -93372.000  1.05%   140   39s
  5309  2313 -93372.000   84   68 -92406.000 -93372.000  1.05%   130   40s
H14087  5993                    -92572.00000 -93372.000  0.86%  74.1   46s
 19636  8965 -93155.809   59   58 -92572.000 -93372.000  0.86%  63.2   50s
 21146 10582 -92855.508   59   44 -92572.000 -93372.000  0.86%  60.5   66s
 25584 11748     cutoff   65      -92572.000 -93372.000  0.86%  56.1   75s
H25591  8846                    -92748.00000 -93372.000  0.67%  56.1   78s
 28200 10028 -93372.000   62   53 -92748.000 -93372.000  0.67%  55.1   80s
 31892 11864 -92975.074   71   50 -92748.000 -93372.000  0.67%  54.2   85s
 38797 13697 -93372.000   68   55 -92748.000 -93372.000  0.67%  54.3   91s
 42660 15595 -93222.626   67   46 -92748.000 -93372.000  0.67%  53.9   95s
 46811 17152 -92918.049   76   50 -92748.000 -93372.000  0.67%  54.9  100s
 47946 18085 -93372.000   61   59 -92748.000 -93372.000  0.67%  56.2  105s
H53214 12038                    -92979.00000 -93372.000  0.42%  55.1  109s
H54230 11724                    -92984.00000 -93372.000  0.42%  54.9  112s
H54236 11002                    -93003.00000 -93372.000  0.40%  54.9  112s
 57077 11815 -93158.836  142   39 -93003.000 -93372.000  0.40%  53.8  115s
H57079 10402                    -93041.00000 -93372.000  0.36%  53.8  115s
 67361 13459 -93362.518  152   29 -93041.000 -93372.000  0.36%  50.2  120s
 81178 16908 -93372.000  137   45 -93041.000 -93372.000  0.36%  45.7  125s
 87567 17491 -93372.000   54  110 -93041.000 -93372.000  0.36%  46.7  131s
H87571 17306                    -93046.00000 -93372.000  0.35%  46.7  131s
 88019 17589 -93372.000   38  135 -93046.000 -93372.000  0.35%  47.7  135s
 89117 18415 -93372.000   52  121 -93046.000 -93372.000  0.35%  49.3  140s
 91696 18913 -93372.000   96   37 -93046.000 -93372.000  0.35%  49.7  146s
H91872 18775                    -93050.00000 -93372.000  0.35%  49.6  146s
 93593 19243 -93372.000   56  126 -93050.000 -93372.000  0.35%  50.7  151s
 95904 20517 -93351.868   79   46 -93050.000 -93372.000  0.35%  51.9  155s
 99011 21611     cutoff   98      -93050.000 -93372.000  0.35%  53.3  161s
 107578 23527 -93372.000   54   94 -93050.000 -93372.000  0.35%  51.6  165s
 115248 24851 -93372.000   66   45 -93050.000 -93372.000  0.35%  51.7  172s
 118508 25611     cutoff   86      -93050.000 -93372.000  0.35%  51.6  175s
 123744 26310 -93255.330   60   64 -93050.000 -93372.000  0.35%  52.9  180s
 132311 28950 -93302.596   62   55 -93050.000 -93372.000  0.35%  51.9  185s
 138622 30521 -93327.116   59   64 -93050.000 -93372.000  0.35%  50.9  190s
H138628 26306                    -93137.00000 -93372.000  0.25%  50.9  191s
 142088 26805 -93372.000   56   60 -93137.000 -93372.000  0.25%  51.0  195s
 145871 27096     cutoff   61      -93137.000 -93372.000  0.25%  52.2  200s
 147582 27251     cutoff   62      -93137.000 -93372.000  0.25%  53.4  205s
 150134 27536     cutoff   82      -93137.000 -93372.000  0.25%  55.1  211s
 157661 27910 infeasible  100      -93137.000 -93372.000  0.25%  54.6  217s
 163710 27970 -93372.000   88   39 -93137.000 -93372.000  0.25%  53.7  220s
 169832 28585 -93346.159   71   30 -93137.000 -93372.000  0.25%  53.9  225s
 173636 28901 -93227.485   53   49 -93137.000 -93372.000  0.25%  53.9  230s
 182556 30581 infeasible   59      -93137.000 -93372.000  0.25%  52.9  235s
H182570 28124                    -93173.00000 -93372.000  0.21%  52.9  235s
 183660 28193 -93365.170   81   71 -93173.000 -93372.000  0.21%  53.7  240s
 187929 28787 infeasible   75      -93173.000 -93372.000  0.21%  53.8  245s
 190854 28896     cutoff   69      -93173.000 -93372.000  0.21%  55.1  251s
 192648 28960 -93372.000   58   71 -93173.000 -93372.000  0.21%  56.2  255s
 194612 29148 -93372.000   69   69 -93173.000 -93372.000  0.21%  57.2  260s
 200272 29875 -93372.000   61   88 -93173.000 -93372.000  0.21%  56.9  265s
 202729 30363 -93372.000   99  168 -93173.000 -93372.000  0.21%  58.1  270s
 206330 30578 -93372.000   61   52 -93173.000 -93372.000  0.21%  58.6  275s
 207798 30830 -93372.000   77   84 -93173.000 -93372.000  0.21%  60.0  280s
 208439 30924     cutoff   63      -93173.000 -93372.000  0.21%  60.6  285s
 210413 31219 -93372.000   78   86 -93173.000 -93372.000  0.21%  62.3  290s
 212032 31388     cutoff   83      -93173.000 -93372.000  0.21%  63.4  295s
 213455 31577     cutoff   89      -93173.000 -93372.000  0.21%  64.5  301s
 215637 31719 -93257.565   61  121 -93173.000 -93372.000  0.21%  65.8  305s
 217146 31806 -93360.243   90   48 -93173.000 -93372.000  0.21%  66.8  310s
 219114 31851     cutoff   92      -93173.000 -93372.000  0.21%  68.1  317s
 219921 31934 -93363.744   73  106 -93173.000 -93372.000  0.21%  68.6  320s
 222693 32086 -93243.053   78   65 -93173.000 -93372.000  0.21%  70.2  326s
 224413 32154     cutoff   81      -93173.000 -93372.000  0.21%  71.3  330s
 226506 32193 infeasible   92      -93173.000 -93372.000  0.21%  72.8  337s
 227223 32282 -93345.236   54  112 -93173.000 -93372.000  0.21%  73.3  340s
 229135 32335     cutoff   76      -93173.000 -93372.000  0.21%  74.5  345s
 231426 32740 -93372.000   70   92 -93173.000 -93372.000  0.21%  75.7  352s
 232571 32811 -93372.000   68   94 -93173.000 -93372.000  0.21%  76.3  356s
 234687 33005 -93372.000   86   63 -93173.000 -93372.000  0.21%  77.8  360s
 236862 33101     cutoff   84      -93173.000 -93372.000  0.21%  78.8  366s
 238334 33219 -93372.000   81  108 -93173.000 -93372.000  0.21%  79.6  370s
 240169 33373     cutoff   90      -93173.000 -93372.000  0.21%  80.8  376s
 241597 33512 -93290.968   95   60 -93173.000 -93372.000  0.21%  81.6  387s
 245555 33582     cutoff   80      -93173.000 -93372.000  0.21%  84.1  391s
 246563 33627 -93293.292   95   70 -93173.000 -93372.000  0.21%  84.7  395s
 247938 33717     cutoff   80      -93173.000 -93372.000  0.21%  85.6  400s
 249485 34010 -93372.000   83   78 -93173.000 -93372.000  0.21%  86.6  405s
 251268 34256 -93372.000   66   77 -93173.000 -93372.000  0.21%  87.7  410s
 251973 34620 -93325.248   74   63 -93173.000 -93372.000  0.21%  88.2  421s
 256111 34667 -93372.000   67  116 -93173.000 -93372.000  0.21%  90.7  426s
 257352 34740 -93372.000   82   81 -93173.000 -93372.000  0.21%  91.4  431s
 258301 34840 -93372.000   89   90 -93173.000 -93372.000  0.21%  92.0  435s
 260197 34921 -93262.683   80   66 -93173.000 -93372.000  0.21%  93.1  440s
 261355 35152     cutoff   53      -93173.000 -93372.000  0.21%  93.9  445s
 263797 35518 -93372.000   75   92 -93173.000 -93372.000  0.21%  94.9  450s
 264422 35568 -93372.000   84   95 -93173.000 -93372.000  0.21%  95.1  455s
 267517 36157 -93289.252   83   32 -93173.000 -93372.000  0.21%  96.0  460s
 269422 36540 -93372.000   93   75 -93173.000 -93372.000  0.21%  96.6  465s
 270990 36920 -93297.231  100   55 -93173.000 -93372.000  0.21%  97.4  471s
 272532 37044 -93372.000   89  109 -93173.000 -93372.000  0.21%  98.1  476s
 272550 37284 -93372.000   90   73 -93173.000 -93372.000  0.21%  98.2  485s
 277862 37397 -93372.000   96   65 -93173.000 -93372.000  0.21%   101  492s
 278627 37445 -93372.000  107   63 -93173.000 -93372.000  0.21%   101  495s
 280741 37571 -93372.000   95   71 -93173.000 -93372.000  0.21%   102  500s
 282050 37627 -93372.000   90   85 -93173.000 -93372.000  0.21%   102  505s
 283453 37757 -93330.463  100   71 -93173.000 -93372.000  0.21%   103  511s
 285054 37794     cutoff   59      -93173.000 -93372.000  0.21%   103  515s
H285174 35135                    -93200.00000 -93372.000  0.18%   103  515s
H286353 34999                    -93203.00000 -93372.000  0.18%   104  518s
 286462 35018     cutoff   68      -93203.000 -93372.000  0.18%   104  520s
 287445 35109     cutoff   72      -93203.000 -93372.000  0.18%   105  525s
 293713 35631 -93372.000   71   44 -93203.000 -93372.000  0.18%   104  530s
 296292 35688 -93372.000   79   40 -93203.000 -93372.000  0.18%   103  535s
 299244 35807 -93352.550   68   54 -93203.000 -93372.000  0.18%   103  540s
 301525 35989 -93372.000   89   77 -93203.000 -93372.000  0.18%   104  545s
 303677 36250 -93372.000   53   76 -93203.000 -93372.000  0.18%   105  550s
 304571 36318 -93372.000   81   86 -93203.000 -93372.000  0.18%   105  556s
 306716 36376 -93347.428   89   52 -93203.000 -93372.000  0.18%   106  561s
 307503 36379     cutoff   84      -93203.000 -93372.000  0.18%   106  565s
 309099 36726 -93372.000   73   60 -93203.000 -93372.000  0.18%   107  571s
 310982 36894     cutoff   51      -93203.000 -93372.000  0.18%   108  575s
 312664 37269 -93372.000   84   71 -93203.000 -93372.000  0.18%   108  580s
 313846 37580 -93368.882   59  107 -93203.000 -93372.000  0.18%   109  586s
 314948 38031     cutoff   61      -93203.000 -93372.000  0.18%   109  590s
 315928 38279     cutoff   49      -93203.000 -93372.000  0.18%   110  595s
 316863 38481     cutoff   53      -93203.000 -93372.000  0.18%   111  600s

Cutting planes:
  Gomory: 25
  Cover: 151
  Clique: 300
  MIR: 21
  StrongCG: 44
  Flow cover: 43
  Zero half: 17

Explored 317277 nodes (35174415 simplex iterations) in 600.00 seconds (1314.29 work units)
Thread count was 4 (of 56 available processors)

Solution count 10: -93203 -93200 -93173 ... -92979

Time limit reached
Best objective -9.320300000000e+04, best bound -9.337200000000e+04, gap 0.1813%
