
Gurobi 9.5.0 (linux64) logging started Tue May  3 13:26:11 2022

Set parameter LogFile to value "/local_workspace/chenrui/LogFiles/MKAP/new1W_R10_M10_N50_seed6_DWcutsCT4_600.log"
Gurobi Optimizer version 9.5.0 build v9.5.0rc5 (linux64)
Thread count: 56 physical cores, 56 logical processors, using up to 4 threads
Optimize a model with 704 rows, 600 columns and 3485 nonzeros
Model fingerprint: 0xb661b694
Variable types: 0 continuous, 600 integer (600 binary)
Coefficient statistics:
  Matrix range     [1e-13, 6e+03]
  Objective range  [2e+01, 9e+02]
  Bounds range     [1e+00, 1e+00]
  RHS range        [2e-16, 1e+00]
Warning: Model contains large matrix coefficient range
         Consider reformulating model or setting NumericFocus parameter
         to avoid numerical issues.
Found heuristic solution: objective 0.0000000
Presolve removed 348 rows and 187 columns
Presolve time: 0.01s
Presolved: 356 rows, 413 columns, 1531 nonzeros
Found heuristic solution: objective -4190.000000
Variable types: 0 continuous, 413 integer (413 binary)

Root relaxation: objective -1.438300e+04, 645 iterations, 0.01 seconds (0.00 work units)

    Nodes    |    Current Node    |     Objective Bounds      |     Work
 Expl Unexpl |  Obj  Depth IntInf | Incumbent    BestBd   Gap | It/Node Time

*    0     0               0    -14383.00000 -14383.000  0.00%     -    0s

Explored 1 nodes (645 simplex iterations) in 0.02 seconds (0.01 work units)
Thread count was 4 (of 56 available processors)

Solution count 3: -14383 -4190 0 
No other solutions better than -14383

Optimal solution found (tolerance 1.00e-04)
Best objective -1.438300000000e+04, best bound -1.438300000000e+04, gap 0.0000%
