
Gurobi 9.5.0 (linux64) logging started Thu Apr 14 16:36:40 2022

Set parameter LogFile to value "/local_workspace/chenrui/LogFiles/MKAP/new1W_R25_M10_N100_seed1_DWcuts_600.log"
Gurobi Optimizer version 9.5.0 build v9.5.0rc5 (linux64)
Thread count: 56 physical cores, 56 logical processors, using up to 4 threads
Optimize a model with 610 rows, 1250 columns and 3750 nonzeros
Model fingerprint: 0xaa7fa60e
Variable types: 0 continuous, 1250 integer (1250 binary)
Coefficient statistics:
  Matrix range     [1e+00, 4e+03]
  Objective range  [8e+01, 9e+02]
  Bounds range     [1e+00, 1e+00]
  RHS range        [9e-11, 2e+01]
Found heuristic solution: objective 0.0000000
Presolve removed 34 rows and 54 columns
Presolve time: 0.01s
Presolved: 576 rows, 1196 columns, 3513 nonzeros
Variable types: 0 continuous, 1196 integer (1196 binary)
Found heuristic solution: objective -8138.000000

Root relaxation: objective -2.063000e+04, 1335 iterations, 0.01 seconds (0.01 work units)

    Nodes    |    Current Node    |     Objective Bounds      |     Work
 Expl Unexpl |  Obj  Depth IntInf | Incumbent    BestBd   Gap | It/Node Time

     0     0 -20630.000    0   10 -8138.0000 -20630.000   154%     -    0s
H    0     0                    -20630.00000 -20630.000  0.00%     -    0s
     0     0 -20630.000    0   10 -20630.000 -20630.000  0.00%     -    0s

Explored 1 nodes (1374 simplex iterations) in 0.03 seconds (0.03 work units)
Thread count was 4 (of 56 available processors)

Solution count 3: -20630 -8138 0 
No other solutions better than -20630

Optimal solution found (tolerance 1.00e-04)
Best objective -2.063000000000e+04, best bound -2.063000000000e+04, gap 0.0000%

Gurobi 9.5.0 (linux64) logging started Fri Apr 29 08:22:00 2022

Set parameter LogFile to value "/local_workspace/chenrui/LogFiles/MKAP/new1W_R25_M10_N100_seed1_DWcuts_600.log"
Gurobi Optimizer version 9.5.0 build v9.5.0rc5 (linux64)
Thread count: 56 physical cores, 56 logical processors, using up to 4 threads
Optimize a model with 610 rows, 1250 columns and 3750 nonzeros
Model fingerprint: 0xaa7fa60e
Variable types: 0 continuous, 1250 integer (1250 binary)
Coefficient statistics:
  Matrix range     [1e+00, 4e+03]
  Objective range  [8e+01, 9e+02]
  Bounds range     [1e+00, 1e+00]
  RHS range        [9e-11, 2e+01]
Found heuristic solution: objective 0.0000000
Presolve removed 34 rows and 54 columns
Presolve time: 0.01s
Presolved: 576 rows, 1196 columns, 3513 nonzeros
Variable types: 0 continuous, 1196 integer (1196 binary)
Found heuristic solution: objective -8138.000000

Root relaxation: objective -2.063000e+04, 1335 iterations, 0.01 seconds (0.01 work units)

    Nodes    |    Current Node    |     Objective Bounds      |     Work
 Expl Unexpl |  Obj  Depth IntInf | Incumbent    BestBd   Gap | It/Node Time

     0     0 -20630.000    0   10 -8138.0000 -20630.000   154%     -    0s
H    0     0                    -20630.00000 -20630.000  0.00%     -    0s
     0     0 -20630.000    0   10 -20630.000 -20630.000  0.00%     -    0s

Explored 1 nodes (1374 simplex iterations) in 0.03 seconds (0.03 work units)
Thread count was 4 (of 56 available processors)

Solution count 3: -20630 -8138 0 
No other solutions better than -20630

Optimal solution found (tolerance 1.00e-04)
Best objective -2.063000000000e+04, best bound -2.063000000000e+04, gap 0.0000%
