
Gurobi 9.5.0 (linux64) logging started Sat Jun 18 18:18:40 2022

Set parameter LogFile to value "/local_workspace/chenrui/LogFiles/MKAP/new1W_R25_M10_N300_seed3_DWcutsCTp2_600.log"
Gurobi Optimizer version 9.5.0 build v9.5.0rc5 (linux64)
Thread count: 56 physical cores, 56 logical processors, using up to 4 threads
Optimize a model with 1560 rows, 3250 columns and 19333 nonzeros
Model fingerprint: 0x83173717
Variable types: 0 continuous, 3250 integer (3250 binary)
Coefficient statistics:
  Matrix range     [1e-13, 1e+04]
  Objective range  [6e+01, 9e+02]
  Bounds range     [1e+00, 1e+00]
  RHS range        [1e-05, 1e+00]
Warning: Model contains large matrix coefficient range
         Consider reformulating model or setting NumericFocus parameter
         to avoid numerical issues.
Found heuristic solution: objective 0.0000000
Presolve removed 1 rows and 0 columns
Presolve time: 0.04s
Presolved: 1559 rows, 3250 columns, 18284 nonzeros
Variable types: 0 continuous, 3250 integer (3250 binary)
Found heuristic solution: objective -5720.000000

Root relaxation: objective -5.747100e+04, 7598 iterations, 0.30 seconds (0.35 work units)

    Nodes    |    Current Node    |     Objective Bounds      |     Work
 Expl Unexpl |  Obj  Depth IntInf | Incumbent    BestBd   Gap | It/Node Time

     0     0 -57471.000    0   70 -5720.0000 -57471.000   905%     -    0s
H    0     0                    -57471.00000 -57471.000  0.00%     -    0s
     0     0 -57471.000    0   70 -57471.000 -57471.000  0.00%     -    0s

Explored 1 nodes (7860 simplex iterations) in 0.39 seconds (0.45 work units)
Thread count was 4 (of 56 available processors)

Solution count 3: -57471 -5720 0 
No other solutions better than -57471

Optimal solution found (tolerance 1.00e-04)
Best objective -5.747100000000e+04, best bound -5.747100000000e+04, gap 0.0000%
