
Gurobi 9.5.0 (linux64) logging started Mon Jun 20 06:39:32 2022

Set parameter LogFile to value "/local_workspace/chenrui/LogFiles/MKAP/new1W_R25_M30_N300_seed10_DWcutsCTp2_600.log"
Gurobi Optimizer version 9.5.0 build v9.5.0rc5 (linux64)
Thread count: 56 physical cores, 56 logical processors, using up to 4 threads
Optimize a model with 3893 rows, 9750 columns and 55559 nonzeros
Model fingerprint: 0xed55bfd1
Variable types: 0 continuous, 9750 integer (9750 binary)
Coefficient statistics:
  Matrix range     [1e-13, 4e+03]
  Objective range  [8e+01, 1e+03]
  Bounds range     [1e+00, 1e+00]
  RHS range        [1e-05, 1e+00]
Warning: Model contains large matrix coefficient range
         Consider reformulating model or setting NumericFocus parameter
         to avoid numerical issues.
Found heuristic solution: objective 0.0000000
Presolve removed 74 rows and 638 columns
Presolve time: 0.13s
Presolved: 3819 rows, 9112 columns, 52893 nonzeros
Found heuristic solution: objective -6862.000000
Variable types: 0 continuous, 9112 integer (9112 binary)

Root relaxation: objective -9.297061e+04, 28993 iterations, 3.53 seconds (4.32 work units)

    Nodes    |    Current Node    |     Objective Bounds      |     Work
 Expl Unexpl |  Obj  Depth IntInf | Incumbent    BestBd   Gap | It/Node Time

     0     0 -92970.612    0  657 -6862.0000 -92970.612  1255%     -    3s
H    0     0                    -74159.00000 -92970.612  25.4%     -    3s
H    0     0                    -80179.00003 -92970.612  16.0%     -    3s
H    0     0                    -85698.00000 -92970.612  8.49%     -    4s
H    0     0                    -87890.00000 -92970.612  5.78%     -    4s
H    0     0                    -88063.00001 -92970.612  5.57%     -    5s
H    0     0                    -88370.00023 -92970.612  5.21%     -    5s
     0     0 -92970.612    0  733 -88370.000 -92970.612  5.21%     -    5s
H    0     0                    -89745.00000 -92970.612  3.59%     -    5s
     0     0 -92970.612    0  647 -89745.000 -92970.612  3.59%     -    6s
     0     0 -92970.612    0  650 -89745.000 -92970.612  3.59%     -    7s
     0     0 -92970.612    0  635 -89745.000 -92970.612  3.59%     -    7s
H    0     0                    -90108.00000 -92970.612  3.18%     -    8s
     0     0 -92970.612    0  593 -90108.000 -92970.612  3.18%     -    8s
     0     0 -92970.612    0  593 -90108.000 -92970.612  3.18%     -    8s
H    0     0                    -90818.00008 -92970.612  2.37%     -   10s
     0     2 -92970.612    0  593 -90818.000 -92970.612  2.37%     -   10s
     1     4 -92970.612    1  550 -90818.000 -92970.612  2.37%  1439   15s
     3     8 -92970.612    2  567 -90818.000 -92970.612  2.37%  1169   21s
     7    12 -92794.379    3  556 -90818.000 -92970.612  2.37%  1366   25s
    15    20 -92970.612    4  614 -90818.000 -92970.612  2.37%  2348   32s
    23    29 -92970.612    5  588 -90818.000 -92970.612  2.37%  2123   37s
H   29    33                    -90898.00000 -92970.612  2.28%  2210   39s
H   30    33                    -91133.00000 -92970.612  2.02%  2156   39s
    32    55 -92970.612    7  539 -91133.000 -92970.612  2.02%  2130   42s
    54   152 -92970.612   12  606 -91133.000 -92970.612  2.02%  1564   51s
H   57   152                    -91273.00000 -92970.612  1.86%  1505   51s
H   76   152                    -91319.00000 -92970.612  1.81%  1322   51s
H  155   320                    -91509.00000 -92970.612  1.60%   856   63s
H  214   320                    -91549.00005 -92970.612  1.55%   780   63s
   323   648 -92849.517   80  537 -91549.000 -92970.612  1.55%   819   83s
H  447   648                    -91917.00000 -92970.612  1.15%   802   83s
   661  1425 -92842.736  140  502 -91917.000 -92970.612  1.15%   672   98s
H 1471  1668                    -92113.00000 -92970.612  0.93%   447  107s
  1765  1937 -92970.612   15  606 -92113.000 -92970.612  0.93%   419  123s
  2124  2215 -92970.182   30  566 -92113.000 -92970.612  0.93%   396  132s
H 2195  2157                    -92246.00000 -92970.612  0.79%   404  132s
  2458  2830 -92955.870   81  434 -92246.000 -92970.612  0.79%   400  142s
  3234  2831 -92886.116  164  593 -92246.000 -92970.612  0.79%   358  149s
H 3235  2690                    -92320.00000 -92970.612  0.70%   357  153s
  3237  2691 -92458.704  323  618 -92320.000 -92970.610  0.70%   357  155s
  3242  2694 -92966.272   37  671 -92320.000 -92970.610  0.70%   357  161s
  3248  2699 -92484.657  281  699 -92320.000 -92970.610  0.70%   371  166s
  3251  2701 -92495.078  258  588 -92320.000 -92970.610  0.70%   370  170s
  3255  2704 -92674.805  308  556 -92320.000 -92970.610  0.70%   370  175s
  3259  2707 -92840.335  149  623 -92320.000 -92970.610  0.70%   370  180s
  3261  2708 -92625.903  283  623 -92320.000 -92970.610  0.70%   369  198s
  3262  2712 -92970.610   30  543 -92320.000 -92970.610  0.70%   388  214s
  3264  2715 -92970.609   31  601 -92320.000 -92970.609  0.70%   389  234s
  3268  2718 -92970.608   32  622 -92320.000 -92970.608  0.70%   394  243s
  3272  2720 -92916.603   32  541 -92320.000 -92970.608  0.70%   398  248s
  3276  2723 -92970.608   33  620 -92320.000 -92970.608  0.70%   402  250s
  3284  2729 -92970.608   34  565 -92320.000 -92970.608  0.70%   411  256s
  3289  2733 -92970.379   34  588 -92320.000 -92970.608  0.70%   422  260s
  3307  2748 -92970.608   36  555 -92320.000 -92970.608  0.70%   433  266s
  3324  2757 -92970.608   38  563 -92320.000 -92970.608  0.70%   441  271s
H 3328  2620                    -92387.00000 -92970.608  0.63%   443  271s
  3338  2632 -92970.608   39  552 -92387.000 -92970.608  0.63%   449  276s
  3355  2653 -92970.406   41  518 -92387.000 -92970.608  0.63%   458  282s
  3372  2664 -92970.406   43  468 -92387.000 -92970.608  0.63%   465  285s
  3389  2680 -92970.406   45  494 -92387.000 -92970.608  0.63%   474  291s
H 3406  2546                    -92407.00000 -92970.608  0.61%   480  291s
  3413  2579 -92970.406   48  524 -92407.000 -92970.608  0.61%   482  296s
  3457  2604 -92970.406   53  498 -92407.000 -92970.608  0.61%   495  305s
  3496  2650 -92970.406   58  526 -92407.000 -92970.608  0.61%   514  312s
  3565  2695 -92964.962   68  491 -92407.000 -92970.608  0.61%   530  323s
  3633  2761 -92969.065   78  502 -92407.000 -92970.608  0.61%   543  337s
  3722  2955 -92968.834   93  551 -92407.000 -92970.608  0.61%   557  356s
H 3743  2825                    -92410.00000 -92970.608  0.61%   556  356s
  3950  3030 -92883.216  147  388 -92410.000 -92970.608  0.61%   565  375s
  4261  3203 -92870.235  225  325 -92410.000 -92970.608  0.61%   563  391s
  4579  3241 -92741.930  315  252 -92410.000 -92970.608  0.61%   554  407s
H 4684  3089                    -92411.00000 -92970.608  0.61%   547  407s
  4786  3255 -92937.585   41  600 -92411.000 -92970.608  0.61%   549  422s
  4991  3616 -92882.722  113  407 -92411.000 -92970.608  0.61%   545  438s
  5469  3828 -92762.169  250  245 -92411.000 -92970.608  0.61%   524  453s
  6007  3965 -92970.394   46  706 -92411.000 -92970.608  0.61%   503  466s
  6442  4408 -92968.752   64  602 -92411.000 -92970.608  0.61%   485  479s
  7113  4688 -92645.929  177  342 -92411.000 -92970.608  0.61%   458  494s
  7716  4942 -92627.642   44  723 -92411.000 -92970.608  0.61%   443  520s
  8233  5386 -92658.751   58  622 -92411.000 -92970.607  0.61%   430  537s
  9077  5765 -92945.702   60  521 -92411.000 -92970.607  0.61%   407  552s
  9835  5530 -92944.448   45  765 -92411.000 -92970.607  0.61%   392  578s
H 9839  5192                    -92463.00000 -92970.607  0.55%   392  578s
  9855  5724 -92929.198   50  638 -92463.000 -92970.607  0.55%   392  594s
 10501  5888 -92536.630   84  390 -92463.000 -92970.607  0.55%   382  600s

Cutting planes:
  Gomory: 4
  Cover: 914
  Clique: 887
  MIR: 107
  StrongCG: 104
  Flow cover: 187
  Zero half: 4
  RLT: 1

Explored 10747 nodes (4110987 simplex iterations) in 600.01 seconds (1211.97 work units)
Thread count was 4 (of 56 available processors)

Solution count 10: -92463 -92411 -92410 ... -91549

Time limit reached
Best objective -9.246300000000e+04, best bound -9.297000000000e+04, gap 0.5483%
