
Gurobi 9.5.0 (linux64) logging started Sat Apr 30 08:25:21 2022

Set parameter LogFile to value "/local_workspace/chenrui/LogFiles/MKAP/new1W_R25_M30_N300_seed8_DWcutsCT3_600.log"
Gurobi Optimizer version 9.5.0 build v9.5.0rc5 (linux64)
Thread count: 56 physical cores, 56 logical processors, using up to 4 threads
Optimize a model with 6246 rows, 9750 columns and 84658 nonzeros
Model fingerprint: 0x2bbc031c
Variable types: 0 continuous, 9750 integer (9750 binary)
Coefficient statistics:
  Matrix range     [1e-13, 5e+03]
  Objective range  [2e+01, 1e+03]
  Bounds range     [1e+00, 1e+00]
  RHS range        [2e-16, 1e+00]
Warning: Model contains large matrix coefficient range
         Consider reformulating model or setting NumericFocus parameter
         to avoid numerical issues.
Found heuristic solution: objective 0.0000000
Presolve removed 335 rows and 867 columns
Presolve time: 0.26s
Presolved: 5911 rows, 8883 columns, 77363 nonzeros
Found heuristic solution: objective -8720.000000
Variable types: 0 continuous, 8883 integer (8883 binary)

Root simplex log...

Iteration    Objective       Primal Inf.    Dual Inf.      Time
   25545   -9.4354794e+04   9.872966e+03   0.000000e+00      5s
   31276   -9.4346549e+04   0.000000e+00   0.000000e+00      7s

Root relaxation: objective -9.434655e+04, 31276 iterations, 6.76 seconds (7.19 work units)

    Nodes    |    Current Node    |     Objective Bounds      |     Work
 Expl Unexpl |  Obj  Depth IntInf | Incumbent    BestBd   Gap | It/Node Time

     0     0 -94346.549    0  429 -8720.0000 -94346.549   982%     -    7s
H    0     0                    -81420.00000 -94346.549  15.9%     -    7s
H    0     0                    -87859.00000 -94346.549  7.38%     -    7s
H    0     0                    -90073.00000 -94346.549  4.74%     -    8s
H    0     0                    -92345.00000 -94346.549  2.17%     -    8s
     0     0 -94346.549    0  703 -92345.000 -94346.549  2.17%     -   10s
H    0     0                    -92568.00000 -94346.549  1.92%     -   10s
H    0     0                    -92647.00000 -94346.549  1.83%     -   11s
H    0     0                    -93075.00000 -94346.549  1.37%     -   11s
     0     0 -94346.549    0  653 -93075.000 -94346.549  1.37%     -   11s
     0     0 -94346.549    0  543 -93075.000 -94346.549  1.37%     -   13s
     0     0 -94346.549    0  481 -93075.000 -94346.549  1.37%     -   14s
     0     0 -94346.549    0  366 -93075.000 -94346.549  1.37%     -   15s
     0     0 -94346.549    0  416 -93075.000 -94346.549  1.37%     -   16s
     0     0 -94346.549    0  513 -93075.000 -94346.549  1.37%     -   16s
     0     0 -94346.549    0  507 -93075.000 -94346.549  1.37%     -   17s
     0     0 -94346.549    0  492 -93075.000 -94346.549  1.37%     -   17s
     0     0 -94346.549    0  474 -93075.000 -94346.549  1.37%     -   24s
     0     2 -94346.549    0  473 -93075.000 -94346.549  1.37%     -   26s
     1     4 -94346.549    1  570 -93075.000 -94346.549  1.37%  1191   33s
     3     8 -94346.549    2  586 -93075.000 -94346.549  1.37%  1019   39s
     7    12 -94346.549    3  552 -93075.000 -94346.549  1.37%  1063   46s
    15    20 -94346.546    4  595 -93075.000 -94346.549  1.37%  1451   51s
    29    34 -94346.537    6  744 -93075.000 -94346.547  1.37%  1407   58s
H   30    34                    -93200.00000 -94346.547  1.23%  1360   58s
H   30    34                    -93302.00000 -94346.547  1.12%  1360   58s
H   36    34                    -93412.00000 -94346.547  1.00%  1300   58s
    37    54 -94346.544    6  618 -93412.000 -94346.547  1.00%  1326   64s
    57    97 -94346.432   10  668 -93412.000 -94346.547  1.00%  1185   73s
H   80    97                    -93413.00000 -94346.547  1.00%  1074   73s
H   86    97                    -93458.00000 -94346.547  0.95%  1054   73s
   100   236 -94339.823   27  706 -93458.000 -94346.547  0.95%  1033   90s
H  222   236                    -93594.00000 -94346.547  0.80%   821   91s
   239   462 -94331.550   82  619 -93594.000 -94346.547  0.80%   773  112s
H  248   462                    -93601.00000 -94346.547  0.80%   764  112s
H  304   462                    -93607.00000 -94346.547  0.79%   725  112s
   467   833 -94288.645  133  640 -93607.000 -94346.547  0.79%   637  129s
H  544   833                    -93652.00000 -94346.547  0.74%   590  129s
   856  1335 -94193.010  192  553 -93652.000 -94346.547  0.74%   461  141s
  1432  1515 -93814.637  344  396 -93652.000 -94346.546  0.74%   347  149s
H 1627  1491                    -93695.00000 -94346.546  0.70%   342  149s
  1651  1779 -94284.415   63  532 -93695.000 -94346.546  0.70%   351  164s
H 1944  1754                    -93752.00000 -94346.546  0.63%   333  164s
  1946  1755 -93853.857  118  474 -93752.000 -94346.546  0.63%   333  177s
  1948  1756 -94139.498   36  546 -93752.000 -94346.546  0.63%   333  185s
  1953  1760 -94128.417  210  547 -93752.000 -94346.546  0.63%   332  191s
  1957  1762 -94330.970   75  511 -93752.000 -94346.546  0.63%   331  195s
  1961  1765 -94257.797  110  468 -93752.000 -94346.546  0.63%   331  200s
  1965  1768 -94287.076   57  431 -93752.000 -94346.546  0.63%   330  208s
  1967  1769 -93869.596  325  395 -93752.000 -94346.545  0.63%   330  223s
  1968  1773 -94346.545   13  505 -93752.000 -94346.545  0.63%   377  246s
  1970  1776 -94346.545   14  451 -93752.000 -94346.545  0.63%   378  260s
  1978  1780 -94346.545   15  520 -93752.000 -94346.545  0.63%   380  267s
  1982  1783 -94346.538   16  649 -93752.000 -94346.545  0.63%   381  271s
  1990  1790 -94346.531   17  733 -93752.000 -94346.545  0.63%   384  278s
  1996  1792 -94343.880   17  493 -93752.000 -94346.545  0.63%   393  280s
  2012  1807 -94341.655   20  517 -93752.000 -94346.545  0.63%   396  285s
H 2027  1724                    -93791.00000 -94346.545  0.59%   399  290s
  2053  1745 -94337.616   25  630 -93791.000 -94346.545  0.59%   403  298s
  2065  1748     cutoff   26      -93791.000 -94346.545  0.59%   405  300s
  2089  1759 -94335.673   30  621 -93791.000 -94346.545  0.59%   410  307s
H 2091  1674                    -93818.00000 -94346.545  0.56%   411  307s
  2103  1689 -94335.500   32  564 -93818.000 -94346.545  0.56%   413  311s
  2129  1708 -94333.049   36  613 -93818.000 -94346.545  0.56%   419  315s
  2155  1717 -94332.400   40  547 -93818.000 -94346.545  0.56%   424  322s
  2184  1734 -94332.371   44  561 -93818.000 -94346.545  0.56%   430  325s
  2225  1744 -94332.232   48  536 -93818.000 -94346.545  0.56%   435  330s
  2292  1787 -94332.239   55  530 -93818.000 -94346.545  0.56%   437  336s
  2322  1782 -94332.194   58  523 -93818.000 -94346.545  0.56%   438  343s
H 2325  1698                    -93845.00000 -94346.545  0.53%   438  343s
  2329  1724 -94332.189   59  520 -93845.000 -94346.545  0.53%   439  346s
  2375  1738 -94319.143   66  518 -93845.000 -94346.545  0.53%   441  351s
  2436  1774 -94316.710   83  519 -93845.000 -94346.545  0.53%   443  356s
  2512  1803 -94307.056  100  465 -93845.000 -94346.545  0.53%   442  361s
  2550  1802 -94299.106  106  511 -93845.000 -94346.545  0.53%   446  365s
  2609  1824 -94306.430  113  482 -93845.000 -94346.545  0.53%   451  371s
  2687  1855 -94306.251  127  398 -93845.000 -94346.545  0.53%   454  381s
  2697  1874 -94163.508  127  385 -93845.000 -94346.545  0.53%   456  388s
  2727  1885 -94305.553  135  375 -93845.000 -94346.545  0.53%   456  393s
  2750  1954 -94304.828  137  366 -93845.000 -94346.545  0.53%   458  407s
  2842  2010 -94303.140  149  331 -93845.000 -94346.545  0.53%   457  412s
  2997  1989 -94160.091  172  336 -93845.000 -94346.545  0.53%   453  417s
  3033  2115 -94260.445  181  263 -93845.000 -94346.545  0.53%   454  423s
  3196  2259 -94232.516  214  194 -93845.000 -94346.545  0.53%   449  430s
  3470  2247 -93921.883  273  192 -93845.000 -94346.545  0.53%   432  437s
H 3530  2151                    -93846.00000 -94346.545  0.53%   428  437s
  3577  2349     cutoff   20      -93846.000 -94346.531  0.53%   427  444s
  3892  2267 -94329.372   41  449 -93846.000 -94346.524  0.53%   412  454s
H 3918  2135                    -93870.00000 -94346.524  0.51%   411  454s
  3924  2238 -94327.184   50  439 -93870.000 -94346.524  0.51%   411  467s
  4037  2439 -94275.101   68  416 -93870.000 -94346.524  0.51%   410  477s
  4349  2434 -93932.072  198  155 -93870.000 -94346.518  0.51%   400  488s
  4534  2465 -94080.961   61  445 -93870.000 -94346.518  0.51%   400  500s
  4712  2610 -94325.799   32  430 -93870.000 -94346.517  0.51%   403  513s
  4979  2607 -93893.793   55  552 -93870.000 -94346.457  0.51%   397  528s
  5091  2893 -94346.273   20  466 -93870.000 -94346.457  0.51%   400  543s
  5506  2919 -94115.396   24  592 -93870.000 -94346.421  0.51%   392  560s
  5800  3061 -94309.476   35  450 -93870.000 -94346.380  0.51%   393  587s
  6167  3218 -94107.055   49  481 -93870.000 -94346.369  0.51%   394  600s

Cutting planes:
  Cover: 139
  Clique: 141
  MIR: 6
  StrongCG: 9

Explored 6478 nodes (2602928 simplex iterations) in 600.01 seconds (1079.67 work units)
Thread count was 4 (of 56 available processors)

Solution count 10: -93870 -93846 -93845 ... -93601

Time limit reached
Best objective -9.387000000000e+04, best bound -9.434600000000e+04, gap 0.5071%
