
Gurobi 9.5.0 (linux64) logging started Thu Apr 28 21:05:07 2022

Set parameter LogFile to value "/local_workspace/chenrui/LogFiles/MKAP/new1W_R10_M10_N200_seed7_original_600.log"
Gurobi Optimizer version 9.5.0 build v9.5.0rc5 (linux64)
Thread count: 56 physical cores, 56 logical processors, using up to 4 threads
Optimize a model with 310 rows, 2100 columns and 4200 nonzeros
Model fingerprint: 0xa3d6f347
Variable types: 0 continuous, 2100 integer (2100 binary)
Coefficient statistics:
  Matrix range     [1e+00, 9e+03]
  Objective range  [2e+01, 1e+03]
  Bounds range     [1e+00, 1e+00]
  RHS range        [1e+00, 1e+00]
Found heuristic solution: objective 0.0000000
Presolve removed 10 rows and 127 columns
Presolve time: 0.01s
Presolved: 300 rows, 1973 columns, 3946 nonzeros
Variable types: 0 continuous, 1973 integer (1973 binary)
Found heuristic solution: objective -36458.00000

Root relaxation: objective -6.141963e+04, 730 iterations, 0.01 seconds (0.01 work units)

    Nodes    |    Current Node    |     Objective Bounds      |     Work
 Expl Unexpl |  Obj  Depth IntInf | Incumbent    BestBd   Gap | It/Node Time

     0     0 -61419.628    0   31 -36458.000 -61419.628  68.5%     -    0s
H    0     0                    -57132.00000 -61419.628  7.50%     -    0s
H    0     0                    -57178.00000 -61419.628  7.42%     -    0s
H    0     0                    -58263.00000 -61419.628  5.42%     -    0s
H    0     0                    -58593.00000 -61419.628  4.82%     -    0s
     0     0 -61410.299    0   77 -58593.000 -61410.299  4.81%     -    0s
     0     0 -61303.735    0  100 -58593.000 -61303.735  4.63%     -    0s
H    0     0                    -58594.00000 -61303.735  4.62%     -    0s
H    0     0                    -58769.00000 -61303.735  4.31%     -    0s
     0     0 -61122.968    0   75 -58769.000 -61122.968  4.01%     -    0s
     0     0 -61121.029    0   45 -58769.000 -61121.029  4.00%     -    0s
     0     2 -61121.029    0   45 -58769.000 -61121.029  4.00%     -    0s
H 4507  2272                    -59071.00000 -61121.029  3.47%  13.2    1s
H 9995  5987                    -59179.00000 -61121.029  3.28%  11.3    2s
 20825 12689 -59570.403   40   45 -59179.000 -60987.935  3.06%  11.7    5s
H20826 12055                    -59211.00000 -60987.935  3.00%  11.7    5s
H20874 11482                    -59375.00000 -60441.655  1.80%  11.6    8s
H20888 10915                    -59389.00000 -60209.218  1.38%  11.6    9s
 20903 10925 -59565.972   58  529 -59389.000 -60079.114  1.16%  11.6   10s
H20936 10398                    -59401.00000 -59956.469  0.94%  11.6   12s
H20940  9879                    -59428.00000 -59952.173  0.88%  11.6   12s
 20949  9889 -59941.436   20  535 -59428.000 -59943.570  0.87%  13.1   15s
 23343 10745 -59760.339   37   11 -59428.000 -59871.232  0.75%  14.1   20s
 32054 12771 -59676.880   53   12 -59428.000 -59823.150  0.66%  16.2   25s
 40595 14400     cutoff   37      -59428.000 -59802.470  0.63%  17.5   30s
 49792 16078 -59713.230   53   11 -59428.000 -59784.654  0.60%  18.3   35s
 57839 19725 -59523.981   32  149 -59428.000 -59774.615  0.58%  19.0   40s
H63163 21937                    -59440.00000 -59768.510  0.55%  19.5   43s
 66175 23416 -59600.180   58  264 -59440.000 -59765.155  0.55%  19.6   45s
 73763 26750 -59496.944   46  237 -59440.000 -59758.769  0.54%  20.1   50s
 83248 30667     cutoff   41      -59440.000 -59751.246  0.52%  20.4   55s
 91620 34051 -59695.544   39  198 -59440.000 -59745.261  0.51%  20.6   60s
 101634 38105 -59659.345   49   11 -59440.000 -59738.482  0.50%  20.7   65s
 110361 41984 -59448.666   63  210 -59440.000 -59733.527  0.49%  20.7   70s
 119695 45538 -59553.105   42   14 -59440.000 -59728.143  0.48%  20.7   75s
 128463 48703 -59670.874   43    9 -59440.000 -59723.991  0.48%  20.8   80s
H136728 48034                    -59485.00000 -59719.952  0.39%  20.8   84s
 137070 48214 -59646.220   63    9 -59485.000 -59719.695  0.39%  20.8   85s
H137198 48061                    -59486.00000 -59719.695  0.39%  20.8   85s
 146178 50767 -59664.963   51  260 -59486.000 -59715.460  0.39%  20.8   90s
 155672 53620 -59596.218   57  136 -59486.000 -59710.838  0.38%  20.8   95s
 165961 56508 -59576.877   59   10 -59486.000 -59706.178  0.37%  20.8  100s
 174867 58912 -59518.605   46  200 -59486.000 -59702.394  0.36%  20.9  105s
 184447 61394     cutoff   50      -59486.000 -59698.550  0.36%  20.9  110s
 193297 63767     cutoff   49      -59486.000 -59695.072  0.35%  21.0  115s
 202810 66097     cutoff   65      -59486.000 -59692.057  0.35%  21.0  120s
 212092 68327     cutoff   49      -59486.000 -59689.031  0.34%  21.0  125s
 221671 70494 -59538.740   44  142 -59486.000 -59686.026  0.34%  21.0  130s
 231906 72616 -59596.551   45  275 -59486.000 -59683.141  0.33%  20.9  135s
 241404 74488     cutoff   44      -59486.000 -59680.234  0.33%  20.9  140s
 250442 76288 -59572.747   48  216 -59486.000 -59677.793  0.32%  21.0  145s
 260295 78187     cutoff   56      -59486.000 -59674.982  0.32%  21.0  150s
 269817 79910     cutoff   43      -59486.000 -59672.662  0.31%  20.9  155s
 278648 81415 -59572.258   56    8 -59486.000 -59670.473  0.31%  21.0  160s
 288465 83046     cutoff   54      -59486.000 -59668.064  0.31%  20.9  165s
 298499 84687 -59546.535   48  176 -59486.000 -59665.660  0.30%  20.9  170s
 308110 86181 -59636.415   57    9 -59486.000 -59663.267  0.30%  20.9  175s
 317276 87533     cutoff   49      -59486.000 -59661.198  0.29%  20.9  180s
 327087 89050 -59543.644   46  184 -59486.000 -59658.933  0.29%  20.9  185s
 336978 90548 infeasible   58      -59486.000 -59656.826  0.29%  20.9  190s
 346510 91791 -59521.736   35   10 -59486.000 -59654.837  0.28%  20.9  195s
 355899 92944     cutoff   44      -59486.000 -59652.834  0.28%  20.9  200s
 365295 94148 -59634.635   45  287 -59486.000 -59650.952  0.28%  20.9  205s
 374846 95229     cutoff   43      -59486.000 -59648.954  0.27%  20.9  210s
 385178 96356 -59510.040   37  242 -59486.000 -59647.040  0.27%  20.9  215s
 394214 97188     cutoff   43      -59486.000 -59645.221  0.27%  20.8  220s
 404251 98112     cutoff   54      -59486.000 -59643.386  0.26%  20.8  225s
 413923 99106 -59557.542   50  320 -59486.000 -59641.710  0.26%  20.8  230s
 424002 100020 -59620.116   52   83 -59486.000 -59639.872  0.26%  20.8  235s
 433050 100728 -59521.080   42    9 -59486.000 -59638.264  0.26%  20.8  240s
 442654 101476 -59570.185   50   10 -59486.000 -59636.513  0.25%  20.8  245s
 452617 101995 -59623.564   44    9 -59486.000 -59634.690  0.25%  20.8  250s
 462752 102924 -59610.648   50   11 -59486.000 -59633.099  0.25%  20.7  255s
 472966 103507     cutoff   47      -59486.000 -59631.391  0.24%  20.7  260s
 482460 104123 -59569.418   44  282 -59486.000 -59629.792  0.24%  20.7  265s
 491733 104495     cutoff   43      -59486.000 -59628.279  0.24%  20.7  270s
 501043 104825     cutoff   61      -59486.000 -59626.759  0.24%  20.7  275s
 511678 105330 -59553.187   52  392 -59486.000 -59624.998  0.23%  20.7  280s
 521287 105593 -59599.522   44  240 -59486.000 -59623.480  0.23%  20.7  285s
 531354 105578 -59603.492   42   91 -59486.000 -59621.771  0.23%  20.7  290s
 540871 105851 -59510.142   46   87 -59486.000 -59620.353  0.23%  20.7  295s
 550831 105866 -59565.704   42  119 -59486.000 -59618.757  0.22%  20.7  300s
 560200 105796     cutoff   65      -59486.000 -59617.227  0.22%  20.7  305s
 570287 105554 -59520.181   59    9 -59486.000 -59615.574  0.22%  20.7  310s
 579565 105398     cutoff   37      -59486.000 -59614.062  0.22%  20.7  315s
 589526 105138 -59553.564   42  349 -59486.000 -59612.351  0.21%  20.7  320s
 599623 104833     cutoff   41      -59486.000 -59610.741  0.21%  20.7  325s
 609526 104638 -59529.754   36  125 -59486.000 -59609.129  0.21%  20.7  330s
 619278 104243 -59547.297   49  143 -59486.000 -59607.624  0.20%  20.7  335s
 629050 103807     cutoff   43      -59486.000 -59606.134  0.20%  20.7  340s
 638719 103250     cutoff   39      -59486.000 -59604.487  0.20%  20.6  345s
 647879 102652     cutoff   43      -59486.000 -59603.059  0.20%  20.7  350s
 657996 101980     cutoff   48      -59486.000 -59601.342  0.19%  20.7  355s
 667738 101426     cutoff   53      -59486.000 -59599.897  0.19%  20.7  360s
 678070 100601     cutoff   72      -59486.000 -59598.240  0.19%  20.6  365s
 687762 99791 -59556.240   75   10 -59486.000 -59596.716  0.19%  20.6  370s
 697595 98624 -59583.594   66   12 -59486.000 -59595.047  0.18%  20.6  375s
 707698 97628 -59572.328   45  181 -59486.000 -59593.503  0.18%  20.6  380s
 716915 96732 -59561.221   37  158 -59486.000 -59592.044  0.18%  20.6  385s
 727083 95533     cutoff   49      -59486.000 -59590.283  0.18%  20.6  390s
 736929 94371 -59550.564   36    8 -59486.000 -59588.635  0.17%  20.6  395s
 746518 93139 -59530.096   55   15 -59486.000 -59587.082  0.17%  20.6  400s
 756296 91853 -59522.718   47  245 -59486.000 -59585.432  0.17%  20.6  405s
 766012 90373 -59540.320   52  105 -59486.000 -59583.756  0.16%  20.6  410s
 775416 89018 -59570.058   51  266 -59486.000 -59582.173  0.16%  20.6  415s
 786162 87219     cutoff   61      -59486.000 -59580.217  0.16%  20.6  420s
 796005 85340 -59548.255   48  239 -59486.000 -59578.424  0.16%  20.6  425s
 805620 83640 -59527.848   43  341 -59486.000 -59576.736  0.15%  20.6  430s
 815374 81718     cutoff   62      -59486.000 -59574.941  0.15%  20.6  435s
 825999 79611 -59544.687   60  267 -59486.000 -59572.914  0.15%  20.6  440s
 835417 77469     cutoff   40      -59486.000 -59571.094  0.14%  20.6  445s
 845734 74884 -59511.326   43  175 -59486.000 -59568.976  0.14%  20.6  450s
 856008 72299     cutoff   68      -59486.000 -59566.851  0.14%  20.6  455s
 866442 69522     cutoff   67      -59486.000 -59564.596  0.13%  20.6  460s
 875820 66832     cutoff   43      -59486.000 -59562.468  0.13%  20.6  465s
 885990 63975 -59522.871   44    7 -59486.000 -59560.254  0.12%  20.6  470s
 896570 60842     cutoff   41      -59486.000 -59557.707  0.12%  20.6  475s
 906763 57589     cutoff   41      -59486.000 -59555.090  0.12%  20.5  480s
 917063 54078 -59518.184   57   73 -59486.000 -59552.329  0.11%  20.5  485s
 926997 50472 -59538.076   41  214 -59486.000 -59549.445  0.11%  20.5  490s
 937534 46495     cutoff   43      -59486.000 -59546.309  0.10%  20.5  495s
 949346 41635     cutoff   34      -59486.000 -59542.430  0.09%  20.5  500s
 959958 36755     cutoff   61      -59486.000 -59538.375  0.09%  20.5  505s
 971950 30779     cutoff   60      -59486.000 -59533.122  0.08%  20.4  510s
 982922 24670     cutoff   43      -59486.000 -59527.134  0.07%  20.4  515s
 996205 15516     cutoff   67      -59486.000 -59517.978  0.05%  20.3  520s
 1009649  4686     cutoff   50      -59486.000 -59502.686  0.03%  20.2  525s

Cutting planes:
  Gomory: 119
  Cover: 256
  Clique: 655
  MIR: 46
  StrongCG: 74
  Flow cover: 220
  Zero half: 25
  RLT: 41

Explored 1016153 nodes (20462146 simplex iterations) in 526.61 seconds (776.67 work units)
Thread count was 4 (of 56 available processors)

Solution count 10: -59486 -59485 -59440 ... -59071

Optimal solution found (tolerance 1.00e-04)
Best objective -5.948600000000e+04, best bound -5.948895052836e+04, gap 0.0050%
