
Gurobi 9.5.0 (linux64) logging started Sat Jun 18 18:15:48 2022

Set parameter LogFile to value "/local_workspace/chenrui/LogFiles/MKAP/new1W_R25_M10_N300_seed2_DWcutsCTp6_600.log"
Gurobi Optimizer version 9.5.0 build v9.5.0rc5 (linux64)
Thread count: 56 physical cores, 56 logical processors, using up to 4 threads
Optimize a model with 16092 rows, 3250 columns and 201521 nonzeros
Model fingerprint: 0x6ede3ca3
Variable types: 0 continuous, 3250 integer (3250 binary)
Coefficient statistics:
  Matrix range     [1e-13, 5e+04]
  Objective range  [6e+01, 9e+02]
  Bounds range     [1e+00, 1e+00]
  RHS range        [1e-05, 1e+00]
Warning: Model contains large matrix coefficient range
         Consider reformulating model or setting NumericFocus parameter
         to avoid numerical issues.
Found heuristic solution: objective 0.0000000
Presolve removed 1160 rows and 0 columns
Presolve time: 0.42s
Presolved: 14932 rows, 3250 columns, 119535 nonzeros
Variable types: 0 continuous, 3250 integer (3250 binary)
Found heuristic solution: objective -6849.000000

Root relaxation: objective -6.217100e+04, 12598 iterations, 2.95 seconds (5.90 work units)

    Nodes    |    Current Node    |     Objective Bounds      |     Work
 Expl Unexpl |  Obj  Depth IntInf | Incumbent    BestBd   Gap | It/Node Time

*    0     0               0    -62171.00056 -62171.001  0.00%     -    3s

Explored 1 nodes (15163 simplex iterations) in 3.73 seconds (7.10 work units)
Thread count was 4 (of 56 available processors)

Solution count 3: -62171 -6849 0 

Optimal solution found (tolerance 1.00e-04)
Best objective -6.217100000000e+04, best bound -6.217100000000e+04, gap 0.0000%
