
Gurobi 9.5.0 (linux64) logging started Mon Jun 20 09:17:34 2022

Set parameter LogFile to value "/local_workspace/chenrui/LogFiles/MKAP/new1W_R5_M20_N50_seed4_DWcutsCTp_600.log"
Gurobi Optimizer version 9.5.0 build v9.5.0rc5 (linux64)
Thread count: 56 physical cores, 56 logical processors, using up to 4 threads
Optimize a model with 270 rows, 1100 columns and 3298 nonzeros
Model fingerprint: 0x40ea777d
Variable types: 0 continuous, 1100 integer (1100 binary)
Coefficient statistics:
  Matrix range     [2e-05, 1e+03]
  Objective range  [4e+01, 8e+02]
  Bounds range     [1e+00, 1e+00]
  RHS range        [1e-05, 1e+00]
Found heuristic solution: objective 0.0000000
Presolve removed 48 rows and 426 columns
Presolve time: 0.01s
Presolved: 222 rows, 674 columns, 2000 nonzeros
Found heuristic solution: objective -4291.000000
Variable types: 0 continuous, 674 integer (674 binary)

Root relaxation: objective -1.338667e+04, 897 iterations, 0.01 seconds (0.01 work units)

    Nodes    |    Current Node    |     Objective Bounds      |     Work
 Expl Unexpl |  Obj  Depth IntInf | Incumbent    BestBd   Gap | It/Node Time

     0     0 -13386.667    0   84 -4291.0000 -13386.667   212%     -    0s
H    0     0                    -12816.00000 -13386.667  4.45%     -    0s
H    0     0                    -12984.00000 -13386.667  3.10%     -    0s
H    0     0                    -13022.00000 -13386.667  2.80%     -    0s
H    0     0                    -13054.00000 -13386.667  2.55%     -    0s
H    0     0                    -13268.00000 -13386.667  0.89%     -    0s
     0     0 -13386.667    0   57 -13268.000 -13386.667  0.89%     -    0s
     0     0 -13386.667    0   56 -13268.000 -13386.667  0.89%     -    0s
     0     0 -13386.667    0   84 -13268.000 -13386.667  0.89%     -    0s
     0     0 -13386.667    0   91 -13268.000 -13386.667  0.89%     -    0s
     0     0 -13386.667    0   81 -13268.000 -13386.667  0.89%     -    0s
     0     0 -13386.667    0   81 -13268.000 -13386.667  0.89%     -    0s
     0     0 -13386.667    0   37 -13268.000 -13386.667  0.89%     -    0s
     0     0 -13386.667    0   68 -13268.000 -13386.667  0.89%     -    0s
     0     0 -13386.667    0   68 -13268.000 -13386.667  0.89%     -    0s
     0     0 -13386.667    0   67 -13268.000 -13386.667  0.89%     -    0s
     0     0 -13386.667    0   63 -13268.000 -13386.667  0.89%     -    0s
     0     0 -13386.667    0   83 -13268.000 -13386.667  0.89%     -    0s
     0     0 -13386.667    0   70 -13268.000 -13386.667  0.89%     -    0s
     0     0 -13386.667    0   67 -13268.000 -13386.667  0.89%     -    0s
     0     0 -13386.667    0   67 -13268.000 -13386.667  0.89%     -    0s
     0     2 -13386.667    0   67 -13268.000 -13386.667  0.89%     -    0s
H    9    12                    -13270.00000 -13386.667  0.88%  66.7    0s
H   35    40                    -13292.00000 -13386.598  0.71%  42.1    0s
H  269   218                    -13338.00000 -13386.551  0.36%  23.6    0s

Cutting planes:
  Gomory: 1
  Cover: 83
  Clique: 27
  MIR: 7
  StrongCG: 5
  Inf proof: 1

Explored 2048 nodes (60938 simplex iterations) in 0.81 seconds (0.90 work units)
Thread count was 4 (of 56 available processors)

Solution count 10: -13338 -13292 -13270 ... 0
No other solutions better than -13338

Optimal solution found (tolerance 1.00e-04)
Best objective -1.333800000733e+04, best bound -1.333800000733e+04, gap 0.0000%
