
Gurobi 9.5.0 (linux64) logging started Sat Jun 18 18:08:42 2022

Set parameter LogFile to value "/local_workspace/chenrui/LogFiles/MKAP/new1W_R25_M10_N200_seed10_DWcutsCTp4_600.log"
Gurobi Optimizer version 9.5.0 build v9.5.0rc5 (linux64)
Thread count: 56 physical cores, 56 logical processors, using up to 4 threads
Optimize a model with 4154 rows, 2250 columns and 34979 nonzeros
Model fingerprint: 0xcde51179
Variable types: 0 continuous, 2250 integer (2250 binary)
Coefficient statistics:
  Matrix range     [1e-13, 8e+03]
  Objective range  [8e+01, 1e+03]
  Bounds range     [1e+00, 1e+00]
  RHS range        [1e-05, 1e+00]
Warning: Model contains large matrix coefficient range
         Consider reformulating model or setting NumericFocus parameter
         to avoid numerical issues.
Found heuristic solution: objective 0.0000000
Presolve removed 196 rows and 0 columns
Presolve time: 0.07s
Presolved: 3958 rows, 2250 columns, 22680 nonzeros
Variable types: 0 continuous, 2250 integer (2250 binary)
Found heuristic solution: objective -5056.000000

Root relaxation: objective -4.046704e+04, 4368 iterations, 0.25 seconds (0.29 work units)

    Nodes    |    Current Node    |     Objective Bounds      |     Work
 Expl Unexpl |  Obj  Depth IntInf | Incumbent    BestBd   Gap | It/Node Time

     0     0 -40467.045    0  108 -5056.0000 -40467.045   700%     -    0s
H    0     0                    -40467.00000 -40467.045  0.00%     -    0s
     0     0 -40467.045    0  108 -40467.000 -40467.045  0.00%     -    0s

Explored 1 nodes (4368 simplex iterations) in 0.35 seconds (0.38 work units)
Thread count was 4 (of 56 available processors)

Solution count 3: -40467 -5056 0 
No other solutions better than -40467

Optimal solution found (tolerance 1.00e-04)
Best objective -4.046700000000e+04, best bound -4.046700000000e+04, gap 0.0000%
