
Gurobi 9.5.0 (linux64) logging started Tue May  3 13:25:23 2022

Set parameter LogFile to value "/local_workspace/chenrui/LogFiles/MKAP/new1W_R5_M30_N50_seed9_DWcutsCT1_600.log"
Gurobi Optimizer version 9.5.0 build v9.5.0rc5 (linux64)
Thread count: 56 physical cores, 56 logical processors, using up to 4 threads
Optimize a model with 424 rows, 1650 columns and 5287 nonzeros
Model fingerprint: 0x57f1447d
Variable types: 0 continuous, 1650 integer (1650 binary)
Coefficient statistics:
  Matrix range     [5e-13, 1e+03]
  Objective range  [4e+01, 1e+03]
  Bounds range     [1e+00, 1e+00]
  RHS range        [1e-14, 1e+00]
Warning: Model contains large matrix coefficient range
         Consider reformulating model or setting NumericFocus parameter
         to avoid numerical issues.
Found heuristic solution: objective 0.0000000
Presolve removed 145 rows and 870 columns
Presolve time: 0.01s
Presolved: 279 rows, 780 columns, 2143 nonzeros
Found heuristic solution: objective -8771.000000
Variable types: 0 continuous, 780 integer (780 binary)

Root relaxation: objective -1.196947e+04, 711 iterations, 0.01 seconds (0.01 work units)

    Nodes    |    Current Node    |     Objective Bounds      |     Work
 Expl Unexpl |  Obj  Depth IntInf | Incumbent    BestBd   Gap | It/Node Time

     0     0 -11969.470    0   18 -8771.0000 -11969.470  36.5%     -    0s
H    0     0                    -11906.00000 -11969.470  0.53%     -    0s
H    0     0                    -11931.00000 -11969.470  0.32%     -    0s
     0     0 -11957.830    0   19 -11931.000 -11957.830  0.22%     -    0s
     0     0 -11957.830    0   20 -11931.000 -11957.830  0.22%     -    0s
     0     0 -11943.601    0   12 -11931.000 -11943.601  0.11%     -    0s
     0     0 -11943.601    0    7 -11931.000 -11943.601  0.11%     -    0s
H    0     0                    -11942.00000 -11943.601  0.01%     -    0s
     0     0 -11942.000    0   13 -11942.000 -11942.000  0.00%     -    0s

Cutting planes:
  Gomory: 1
  Zero half: 1
  RLT: 1

Explored 1 nodes (2004 simplex iterations) in 0.08 seconds (0.05 work units)
Thread count was 4 (of 56 available processors)

Solution count 6: -11942 -11931 -11908 ... 0
No other solutions better than -11942

Optimal solution found (tolerance 1.00e-04)
Best objective -1.194200000000e+04, best bound -1.194200000000e+04, gap 0.0000%
