
Gurobi 9.5.0 (linux64) logging started Thu Apr 28 19:51:54 2022

Set parameter LogFile to value "/local_workspace/chenrui/LogFiles/MKAP/new1W_R10_M10_N200_seed5_objLB_600.log"
Gurobi Optimizer version 9.5.0 build v9.5.0rc5 (linux64)
Thread count: 56 physical cores, 56 logical processors, using up to 4 threads
Optimize a model with 311 rows, 2100 columns and 6200 nonzeros
Model fingerprint: 0xe7cc6014
Variable types: 0 continuous, 2100 integer (2100 binary)
Coefficient statistics:
  Matrix range     [1e+00, 8e+03]
  Objective range  [4e+01, 9e+02]
  Bounds range     [1e+00, 1e+00]
  RHS range        [1e+00, 6e+04]
Found heuristic solution: objective 0.0000000
Presolve removed 10 rows and 75 columns
Presolve time: 0.01s
Presolved: 301 rows, 2025 columns, 5985 nonzeros
Variable types: 0 continuous, 2025 integer (2025 binary)
Found heuristic solution: objective -39583.00000

Root relaxation: objective -5.997700e+04, 404 iterations, 0.00 seconds (0.00 work units)

    Nodes    |    Current Node    |     Objective Bounds      |     Work
 Expl Unexpl |  Obj  Depth IntInf | Incumbent    BestBd   Gap | It/Node Time

     0     0 -59977.000    0   39 -39583.000 -59977.000  51.5%     -    0s
H    0     0                    -48313.00000 -59977.000  24.1%     -    0s
H    0     0                    -48541.00000 -59977.000  23.6%     -    0s
H    0     0                    -52335.00000 -59977.000  14.6%     -    0s
     0     0 -59977.000    0  169 -52335.000 -59977.000  14.6%     -    0s
H    0     0                    -52404.00000 -59977.000  14.5%     -    0s
     0     0 -59977.000    0  163 -52404.000 -59977.000  14.5%     -    0s
H    0     0                    -53854.00000 -59977.000  11.4%     -    0s
H    0     0                    -54152.00000 -59977.000  10.8%     -    0s
H    0     0                    -57322.00000 -59977.000  4.63%     -    0s
H    0     0                    -58083.00000 -59977.000  3.26%     -    0s
     0     0 -59977.000    0   36 -58083.000 -59977.000  3.26%     -    0s
     0     0 -59977.000    0   30 -58083.000 -59977.000  3.26%     -    0s
     0     2 -59977.000    0   28 -58083.000 -59977.000  3.26%     -    0s
H   31    37                    -58131.00000 -59977.000  3.18%   116    0s
H   32    37                    -58250.00000 -59977.000  2.96%   112    0s
H   35    37                    -58286.00000 -59977.000  2.90%   107    0s
H  204   290                    -58326.00000 -59977.000  2.83%  50.9    0s
H  209   290                    -58368.00000 -59977.000  2.76%  50.7    0s
H 1452   622                    -58534.00000 -59977.000  2.47%  50.9    1s
H 2430  1141                    -58545.00000 -59977.000  2.45%  43.4    1s
H 2430  1084                    -58566.00000 -59977.000  2.41%  43.4    1s
H 2431  1030                    -58612.00000 -59977.000  2.33%  43.4    1s
H 2433   980                    -58773.00000 -59977.000  2.05%  43.3    2s
H 3391  1309                    -58972.00000 -59977.000  1.70%  41.7    4s
H 4507  1680                    -59056.00000 -59977.000  1.56%  38.5    4s
H 4756  1661                    -59069.00000 -59977.000  1.54%  38.3    4s
  4949  1752 -59977.000   24   53 -59069.000 -59977.000  1.54%  38.0    5s
H 5045  1168                    -59400.00000 -59977.000  0.97%  37.8    5s
H 6438  1841                    -59407.00000 -59977.000  0.96%  37.2    6s
H 6439  1735                    -59472.00000 -59977.000  0.85%  37.2    6s
H 6803  1883                    -59492.00000 -59977.000  0.82%  38.2    7s
H 6804  1731                    -59581.00000 -59977.000  0.66%  38.2    7s
H 6807  1752                    -59594.00000 -59977.000  0.64%  38.2    8s
 19402  6109     cutoff   93      -59594.000 -59977.000  0.64%  21.9   10s
H20147  5292                    -59733.00000 -59977.000  0.41%  21.3   10s
H23205  5786                    -59788.00000 -59977.000  0.32%  19.1   12s
H24692  5651                    -59797.00000 -59977.000  0.30%  18.3   12s
H24693  2370                    -59956.00000 -59977.000  0.04%  18.3   13s
H24718  2183                    -59965.00000 -59977.000  0.02%  18.2   14s
 35127  2406     cutoff   52      -59965.000 -59977.000  0.02%  16.0   15s
 96187  5214 -59977.000   84   10 -59965.000 -59977.000  0.02%  10.8   20s
 143481  9941 -59977.000   91    9 -59965.000 -59977.000  0.02%   9.5   25s
 221369 14968     cutoff   96      -59965.000 -59977.000  0.02%   8.5   30s
 268751 15954 -59977.000   86    7 -59965.000 -59977.000  0.02%   8.3   35s
 344904 15958 -59977.000   91    9 -59965.000 -59977.000  0.02%   8.0   40s
 408095 16201 -59977.000   89   10 -59965.000 -59977.000  0.02%   7.9   45s
H428326   207                    -59977.00000 -59977.000  0.00%   7.9   46s

Cutting planes:
  Gomory: 12
  Cover: 102
  Clique: 334
  MIR: 14
  StrongCG: 25
  Flow cover: 30
  Zero half: 6

Explored 428327 nodes (3393778 simplex iterations) in 46.98 seconds (70.92 work units)
Thread count was 4 (of 56 available processors)

Solution count 10: -59977 -59965 -59956 ... -59472
No other solutions better than -59977

Optimal solution found (tolerance 1.00e-04)
Best objective -5.997700000000e+04, best bound -5.997700000000e+04, gap 0.0000%
