
Gurobi 9.5.0 (linux64) logging started Mon Jun 20 09:24:23 2022

Set parameter LogFile to value "/local_workspace/chenrui/LogFiles/MKAP/new1W_R10_M10_N50_seed3_DWcutsCTp_600.log"
Gurobi Optimizer version 9.5.0 build v9.5.0rc5 (linux64)
Thread count: 56 physical cores, 56 logical processors, using up to 4 threads
Optimize a model with 260 rows, 600 columns and 1788 nonzeros
Model fingerprint: 0x3fe2c416
Variable types: 0 continuous, 600 integer (600 binary)
Coefficient statistics:
  Matrix range     [1e+00, 2e+03]
  Objective range  [4e+01, 9e+02]
  Bounds range     [1e+00, 1e+00]
  RHS range        [1e-05, 1e+00]
Found heuristic solution: objective 0.0000000
Presolve removed 44 rows and 145 columns
Presolve time: 0.00s
Presolved: 216 rows, 455 columns, 1354 nonzeros
Found heuristic solution: objective -3330.000000
Variable types: 0 continuous, 455 integer (455 binary)

Root relaxation: objective -1.390900e+04, 496 iterations, 0.00 seconds (0.00 work units)

    Nodes    |    Current Node    |     Objective Bounds      |     Work
 Expl Unexpl |  Obj  Depth IntInf | Incumbent    BestBd   Gap | It/Node Time

     0     0 -13909.002    0   13 -3330.0000 -13909.002   318%     -    0s
H    0     0                    -13215.00000 -13909.002  5.25%     -    0s
H    0     0                    -13331.00001 -13909.002  4.34%     -    0s
     0     0 -13909.002    0   38 -13331.000 -13909.002  4.34%     -    0s
H    0     0                    -13907.00000 -13909.002  0.01%     -    0s
     0     0 -13909.002    0   29 -13907.000 -13909.002  0.01%     -    0s
*    0     0               0    -13909.00006 -13909.000  0.00%     -    0s

Explored 1 nodes (1047 simplex iterations) in 0.05 seconds (0.02 work units)
Thread count was 4 (of 56 available processors)

Solution count 6: -13909 -13907 -13331 ... 0

Optimal solution found (tolerance 1.00e-04)
Best objective -1.390900000000e+04, best bound -1.390900000000e+04, gap 0.0000%
