
Gurobi 9.5.0 (linux64) logging started Tue May  3 13:08:15 2022

Set parameter LogFile to value "/local_workspace/chenrui/LogFiles/MKAP/new1W_R2_M20_N50_seed1_DWcutsCT6_600.log"
Gurobi Optimizer version 9.5.0 build v9.5.0rc5 (linux64)
Thread count: 56 physical cores, 56 logical processors, using up to 4 threads
Optimize a model with 650 rows, 1040 columns and 15023 nonzeros
Model fingerprint: 0xdd62bc4f
Variable types: 0 continuous, 1040 integer (1040 binary)
Coefficient statistics:
  Matrix range     [1e-13, 5e+03]
  Objective range  [9e+01, 9e+02]
  Bounds range     [1e+00, 1e+00]
  RHS range        [2e-16, 1e+00]
Warning: Model contains large matrix coefficient range
         Consider reformulating model or setting NumericFocus parameter
         to avoid numerical issues.
Found heuristic solution: objective 0.0000000
Presolve removed 307 rows and 434 columns
Presolve time: 0.03s
Presolved: 343 rows, 606 columns, 5960 nonzeros
Variable types: 0 continuous, 606 integer (606 binary)
Found heuristic solution: objective -12777.00000

Root relaxation: objective -1.532889e+04, 570 iterations, 0.01 seconds (0.01 work units)

    Nodes    |    Current Node    |     Objective Bounds      |     Work
 Expl Unexpl |  Obj  Depth IntInf | Incumbent    BestBd   Gap | It/Node Time

     0     0 -15328.889    0   35 -12777.000 -15328.889  20.0%     -    0s
H    0     0                    -15133.00000 -15328.889  1.29%     -    0s
H    0     0                    -15211.00000 -15328.889  0.78%     -    0s
H    0     0                    -15261.00000 -15328.889  0.44%     -    0s
H    0     0                    -15295.00000 -15328.889  0.22%     -    0s
     0     0 -15328.469    0   49 -15295.000 -15328.469  0.22%     -    0s
     0     0 -15328.469    0   35 -15295.000 -15328.469  0.22%     -    0s
     0     0 -15325.799    0   43 -15295.000 -15325.799  0.20%     -    0s
H    0     0                    -15302.00000 -15325.799  0.16%     -    0s
     0     0 -15318.042    0   45 -15302.000 -15318.042  0.10%     -    0s
     0     0 -15316.376    0   46 -15302.000 -15316.376  0.09%     -    0s

Cutting planes:
  Gomory: 1
  Cover: 6
  Clique: 2
  MIR: 3
  StrongCG: 2
  Zero half: 5
  RLT: 2

Explored 1 nodes (1166 simplex iterations) in 0.15 seconds (0.12 work units)
Thread count was 4 (of 56 available processors)

Solution count 9: -15302 -15295 -15295 ... 0

Optimal solution found (tolerance 1.00e-04)
Best objective -1.530200000000e+04, best bound -1.530300000000e+04, gap 0.0065%
