
Gurobi 9.5.0 (linux64) logging started Mon Jun 20 11:49:01 2022

Set parameter LogFile to value "/local_workspace/chenrui/LogFiles/MKAP/new1W_R25_M20_N100_seed7_DWcutsCTp1_600.log"
Gurobi Optimizer version 9.5.0 build v9.5.0rc5 (linux64)
Thread count: 56 physical cores, 56 logical processors, using up to 4 threads
Optimize a model with 1519 rows, 2500 columns and 8988 nonzeros
Model fingerprint: 0x3502b0a3
Variable types: 0 continuous, 2500 integer (2500 binary)
Coefficient statistics:
  Matrix range     [1e-13, 3e+03]
  Objective range  [2e+01, 9e+02]
  Bounds range     [1e+00, 1e+00]
  RHS range        [1e-05, 1e+00]
Warning: Model contains large matrix coefficient range
         Consider reformulating model or setting NumericFocus parameter
         to avoid numerical issues.
Found heuristic solution: objective 0.0000000
Presolve removed 223 rows and 460 columns
Presolve time: 0.02s
Presolved: 1296 rows, 2040 columns, 6993 nonzeros
Found heuristic solution: objective -9551.000000
Variable types: 0 continuous, 2040 integer (2040 binary)

Root relaxation: objective -2.817104e+04, 3792 iterations, 0.08 seconds (0.08 work units)

    Nodes    |    Current Node    |     Objective Bounds      |     Work
 Expl Unexpl |  Obj  Depth IntInf | Incumbent    BestBd   Gap | It/Node Time

     0     0 -28171.039    0  148 -9551.0000 -28171.039   195%     -    0s
H    0     0                    -27578.00000 -28171.039  2.15%     -    0s
H    0     0                    -27654.00005 -28171.039  1.87%     -    0s
H    0     0                    -27835.00003 -28171.039  1.21%     -    0s
H    0     0                    -27963.00025 -28171.039  0.74%     -    0s
     0     0 -28171.032    0   92 -27963.000 -28171.032  0.74%     -    0s
H    0     0                    -28155.00000 -28171.032  0.06%     -    0s
     0     0 -28171.005    0   50 -28155.000 -28171.005  0.06%     -    0s
     0     0 -28171.002    0   30 -28155.000 -28171.002  0.06%     -    0s

Explored 1 nodes (4584 simplex iterations) in 0.22 seconds (0.16 work units)
Thread count was 4 (of 56 available processors)

Solution count 7: -28155 -27963 -27835 ... 0
No other solutions better than -28155

Optimal solution found (tolerance 1.00e-04)
Best objective -2.815500000000e+04, best bound -2.815500000000e+04, gap 0.0000%
