
Gurobi 9.5.0 (linux64) logging started Fri Apr 29 06:50:04 2022

Set parameter LogFile to value "/local_workspace/chenrui/LogFiles/MKAP/new1W_R10_M10_N300_seed9_original_600.log"
Gurobi Optimizer version 9.5.0 build v9.5.0rc5 (linux64)
Thread count: 56 physical cores, 56 logical processors, using up to 4 threads
Optimize a model with 410 rows, 3100 columns and 6200 nonzeros
Model fingerprint: 0x0eda121e
Variable types: 0 continuous, 3100 integer (3100 binary)
Coefficient statistics:
  Matrix range     [1e+00, 1e+04]
  Objective range  [5e+01, 1e+03]
  Bounds range     [1e+00, 1e+00]
  RHS range        [1e+00, 1e+00]
Found heuristic solution: objective 0.0000000
Presolve removed 10 rows and 10 columns
Presolve time: 0.01s
Presolved: 400 rows, 3090 columns, 6180 nonzeros
Variable types: 0 continuous, 3090 integer (3090 binary)
Found heuristic solution: objective -56904.00000

Root relaxation: objective -9.450495e+04, 946 iterations, 0.01 seconds (0.01 work units)

    Nodes    |    Current Node    |     Objective Bounds      |     Work
 Expl Unexpl |  Obj  Depth IntInf | Incumbent    BestBd   Gap | It/Node Time

     0     0 -94504.946    0   36 -56904.000 -94504.946  66.1%     -    0s
H    0     0                    -87074.00000 -94504.946  8.53%     -    0s
H    0     0                    -88227.00000 -94504.946  7.12%     -    0s
H    0     0                    -88265.00000 -94504.946  7.07%     -    0s
     0     0 -94504.946    0  104 -88265.000 -94504.946  7.07%     -    0s
H    0     0                    -91268.00000 -94504.946  3.55%     -    0s
     0     0 -94504.946    0  104 -91268.000 -94504.946  3.55%     -    0s
H    0     0                    -92218.00000 -94504.946  2.48%     -    0s
H    0     0                    -92272.00000 -94504.946  2.42%     -    0s
H    0     0                    -92283.00000 -94504.946  2.41%     -    0s
     0     0 -94001.791    0   83 -92283.000 -94001.791  1.86%     -    0s
     0     0 -94001.791    0   65 -92283.000 -94001.791  1.86%     -    0s
     0     2 -94001.791    0   60 -92283.000 -94001.791  1.86%     -    0s
H  940   694                    -92781.00000 -94001.791  1.32%  11.3    1s
H 1212   756                    -92901.00000 -94001.791  1.18%  11.1    1s
H 1212   718                    -93221.00000 -94001.791  0.84%  11.1    1s
H 1214   683                    -93247.00000 -94001.791  0.81%  11.0    1s
H 1244   675                    -93260.00000 -94001.791  0.80%  15.5    1s
 13894  7200 -93410.357   46   29 -93260.000 -93931.626  0.72%  22.4    5s
 20464 10832 -93444.487   91  569 -93260.000 -93897.809  0.68%  20.4   10s
 20497 10854 -93411.593  101  573 -93260.000 -93805.421  0.58%  20.3   15s
H20515 10321                    -93321.00000 -93694.467  0.40%  20.3   18s
 20538 10336 -93370.245   66 1043 -93321.000 -93674.918  0.38%  20.3   20s
 20546 10345 -93672.747   26  905 -93321.000 -93672.747  0.38%  21.9   25s
 20707 10441 -93575.514   47  443 -93321.000 -93659.825  0.36%  22.4   30s
H21486 10185                    -93327.00000 -93646.028  0.34%  22.7   31s
 22886 10692 -93512.678   35   11 -93327.000 -93618.369  0.31%  24.9   35s
 24998 11470 -93493.742   39  614 -93327.000 -93602.804  0.30%  26.6   40s
 29490 12845 -93486.059   44  312 -93327.000 -93588.560  0.28%  28.1   45s
 34955 13734 -93498.379   53    8 -93327.000 -93579.427  0.27%  28.9   50s
 39895 15180 -93419.587   45  397 -93327.000 -93572.350  0.26%  28.9   55s
 46893 16374 -93511.952   66    7 -93327.000 -93565.793  0.26%  28.4   60s
 52222 18066 -93533.717   67    6 -93327.000 -93561.878  0.25%  28.3   65s
 59458 21270 -93514.362   53    7 -93327.000 -93556.803  0.25%  28.1   70s
 64627 23806 -93389.206   42  121 -93327.000 -93553.486  0.24%  28.1   75s
 71076 26709 -93548.828   52    7 -93327.000 -93550.433  0.24%  27.9   80s
 76829 29299 -93533.872   58    8 -93327.000 -93547.459  0.24%  28.1   85s
 82243 31684 -93334.557   60    7 -93327.000 -93545.102  0.23%  28.0   90s
 88087 34195 -93422.035   46   11 -93327.000 -93542.960  0.23%  28.0   95s
 94716 37115 -93432.974   47  344 -93327.000 -93540.740  0.23%  27.9  100s
 101014 39687 -93424.042   48   16 -93327.000 -93538.662  0.23%  27.7  105s
 106605 42152 -93382.526   64    7 -93327.000 -93536.925  0.22%  27.9  110s
 112836 44591 -93437.249   59    9 -93327.000 -93535.238  0.22%  27.8  115s
 119752 47381     cutoff   49      -93327.000 -93533.187  0.22%  27.6  120s
 125333 49556 -93502.639   34   11 -93327.000 -93531.795  0.22%  27.6  125s
 131977 52222     cutoff   51      -93327.000 -93530.009  0.22%  27.5  130s
 138509 54721 -93378.456   52   11 -93327.000 -93528.463  0.22%  27.4  135s
 145828 57489 -93359.761   47    8 -93327.000 -93526.851  0.21%  27.2  140s
 151233 59560 -93415.260   41  369 -93327.000 -93525.559  0.21%  27.3  145s
 157508 61932 -93503.919   48  617 -93327.000 -93524.163  0.21%  27.3  150s
 163836 64273 -93373.185   64    9 -93327.000 -93522.875  0.21%  27.2  155s
 170062 66635     cutoff   63      -93327.000 -93521.602  0.21%  27.2  160s
 176472 68934 -93419.467   53  318 -93327.000 -93520.508  0.21%  27.2  165s
 182116 70947     cutoff   66      -93327.000 -93519.393  0.21%  27.3  170s
 188772 73383 -93516.666   60    9 -93327.000 -93518.136  0.20%  27.2  175s
 195742 75714 -93490.575   35   11 -93327.000 -93516.998  0.20%  27.1  180s
 201840 77870 -93401.754   46  322 -93327.000 -93515.985  0.20%  27.1  185s
 207637 79915     cutoff   58      -93327.000 -93515.074  0.20%  27.1  190s
 214351 82367 -93466.811   45  368 -93327.000 -93513.859  0.20%  27.1  195s
 220493 84394 -93496.665   50   10 -93327.000 -93512.962  0.20%  27.1  200s
 226426 86243     cutoff   64      -93327.000 -93512.007  0.20%  27.1  205s
 232164 88273 -93413.259   54   10 -93327.000 -93511.120  0.20%  27.2  210s
 238544 90380 -93422.736   52   11 -93327.000 -93510.192  0.20%  27.1  215s
 244469 92253 -93483.787   56    9 -93327.000 -93509.284  0.20%  27.2  220s
 250249 94083     cutoff   59      -93327.000 -93508.491  0.19%  27.2  225s
 256415 96216 -93431.146   57    8 -93327.000 -93507.653  0.19%  27.2  230s
 262248 98020     cutoff   49      -93327.000 -93506.749  0.19%  27.2  235s
 268469 99905 -93427.345   42  255 -93327.000 -93505.975  0.19%  27.2  240s
 274351 101740 -93389.452   48  335 -93327.000 -93505.186  0.19%  27.2  245s
 280619 103612 -93370.683   48    9 -93327.000 -93504.411  0.19%  27.2  250s
 287065 105555 -93338.545   54    6 -93327.000 -93503.562  0.19%  27.2  255s
 293512 107598 -93366.240   48  432 -93327.000 -93502.777  0.19%  27.1  260s
 300132 109642 -93397.564   54   12 -93327.000 -93502.064  0.19%  27.1  265s
 307258 111790 -93468.315   45  375 -93327.000 -93501.265  0.19%  27.0  270s
 313043 113620     cutoff   58      -93327.000 -93500.603  0.19%  27.0  275s
 319906 115628     cutoff   54      -93327.000 -93499.728  0.19%  27.0  280s
 326303 117524 -93459.559   54   10 -93327.000 -93499.064  0.18%  26.9  285s
 332445 119299     cutoff   51      -93327.000 -93498.365  0.18%  26.9  290s
 339359 121263     cutoff   58      -93327.000 -93497.626  0.18%  26.9  295s
 345965 123199 -93399.350   46   10 -93327.000 -93496.887  0.18%  26.8  300s
 352672 125106 -93449.289   54   11 -93327.000 -93496.207  0.18%  26.8  305s
 358750 126811     cutoff   52      -93327.000 -93495.578  0.18%  26.8  310s
 365060 128578 -93380.499   54  278 -93327.000 -93494.872  0.18%  26.8  315s
 370620 130250 -93462.559   57   10 -93327.000 -93494.350  0.18%  26.8  320s
 377525 132125 -93328.688   44  313 -93327.000 -93493.673  0.18%  26.8  325s
 383721 133699 -93444.684   65    6 -93327.000 -93493.098  0.18%  26.7  330s
 390007 135438 -93357.750   49    9 -93327.000 -93492.423  0.18%  26.7  335s
 396141 136946 -93488.383   49   11 -93327.000 -93491.824  0.18%  26.7  340s
 402336 138809 -93470.878   59    7 -93327.000 -93491.264  0.18%  26.7  345s
 409367 140538 -93430.412   48  426 -93327.000 -93490.618  0.18%  26.7  350s
 416026 142383 -93394.606   38  141 -93327.000 -93490.039  0.17%  26.6  355s
 422690 144128     cutoff   64      -93327.000 -93489.423  0.17%  26.6  360s
 429417 145815 -93410.270   61   11 -93327.000 -93488.799  0.17%  26.5  365s
 436324 147628 -93401.027   38  399 -93327.000 -93488.212  0.17%  26.5  370s
 442693 149431     cutoff   50      -93327.000 -93487.643  0.17%  26.5  375s
 449533 151173     cutoff   45      -93327.000 -93487.125  0.17%  26.4  380s
 456544 153079 -93484.539   53  290 -93327.000 -93486.562  0.17%  26.3  385s
 463391 154667     cutoff   76      -93327.000 -93485.935  0.17%  26.3  390s
 469948 156178 -93412.882   46  417 -93327.000 -93485.431  0.17%  26.3  395s
 477001 158032 -93442.406   48   10 -93327.000 -93484.871  0.17%  26.3  400s
 483580 159499     cutoff   55      -93327.000 -93484.336  0.17%  26.2  405s
 490412 161202 -93404.377   66    7 -93327.000 -93483.793  0.17%  26.2  410s
 496598 162633 -93460.194   47   12 -93327.000 -93483.283  0.17%  26.2  415s
 503670 164400 -93374.704   64    7 -93327.000 -93482.653  0.17%  26.1  420s
 510521 165883 -93337.506   48    9 -93327.000 -93482.106  0.17%  26.1  425s
 517162 167509 -93353.572   60   11 -93327.000 -93481.558  0.17%  26.1  430s
 523707 169118 -93431.791   38  482 -93327.000 -93481.085  0.17%  26.1  435s
 529625 170585 -93414.762   55   14 -93327.000 -93480.671  0.16%  26.1  440s
 535972 172029     cutoff   52      -93327.000 -93480.210  0.16%  26.1  445s
 542002 173432     cutoff   56      -93327.000 -93479.781  0.16%  26.1  450s
 547731 174822 -93417.775   48   10 -93327.000 -93479.338  0.16%  26.1  455s
 555070 176403     cutoff   61      -93327.000 -93478.832  0.16%  26.1  460s
 561853 177897 -93345.555   50   11 -93327.000 -93478.324  0.16%  26.0  465s
 568324 179339 -93385.893   63    8 -93327.000 -93477.864  0.16%  26.0  470s
 575766 180977 -93397.973   48   85 -93327.000 -93477.345  0.16%  26.0  475s
 581841 182509 -93429.142   50   11 -93327.000 -93476.903  0.16%  26.0  480s
 588683 183919     cutoff   64      -93327.000 -93476.401  0.16%  25.9  485s
 595846 185507 -93406.251   49  212 -93327.000 -93475.969  0.16%  25.9  490s
 601911 186894 -93362.681   69    7 -93327.000 -93475.531  0.16%  25.9  495s
 609305 188333     cutoff   53      -93327.000 -93475.040  0.16%  25.9  500s
 615464 189766 -93390.035   67    6 -93327.000 -93474.621  0.16%  25.9  505s
 622825 191304 -93451.735   71  214 -93327.000 -93474.156  0.16%  25.8  510s
 629759 192759 -93423.998   60  385 -93327.000 -93473.674  0.16%  25.8  515s
 635985 194059     cutoff   62      -93327.000 -93473.255  0.16%  25.8  520s
 643150 195382 -93437.731   63    8 -93327.000 -93472.806  0.16%  25.7  525s
 649452 196810 -93407.024   61    7 -93327.000 -93472.421  0.16%  25.7  530s
 656108 198027     cutoff   80      -93327.000 -93471.985  0.16%  25.7  535s
 662857 199462 -93429.801   52   12 -93327.000 -93471.560  0.15%  25.7  540s
 669482 200692     cutoff   68      -93327.000 -93471.119  0.15%  25.7  545s
 676728 202152     cutoff   55      -93327.000 -93470.668  0.15%  25.7  550s
 682985 203313 -93452.653   51  376 -93327.000 -93470.261  0.15%  25.7  555s
 689909 204795 -93422.066   71   11 -93327.000 -93469.882  0.15%  25.6  560s
 696783 206223 -93423.439   51    9 -93327.000 -93469.450  0.15%  25.6  565s
 703556 207548 -93467.304   56    9 -93327.000 -93469.052  0.15%  25.6  570s
 710734 209116 -93350.028   48  315 -93327.000 -93468.666  0.15%  25.6  575s
 717349 210457 -93459.999   53  357 -93327.000 -93468.288  0.15%  25.5  580s
 724285 211872 -93380.850   48  401 -93327.000 -93467.873  0.15%  25.5  585s
 731204 213137 -93454.426   60    8 -93327.000 -93467.477  0.15%  25.5  590s
 737898 214372 -93449.547   58    8 -93327.000 -93467.111  0.15%  25.5  595s
 744656 215582 -93436.509   60    8 -93327.000 -93466.709  0.15%  25.5  600s

Cutting planes:
  Gomory: 142
  Cover: 265
  Clique: 1314
  MIR: 49
  StrongCG: 76
  Flow cover: 274
  Zero half: 31
  RLT: 32

Explored 744756 nodes (18973307 simplex iterations) in 600.00 seconds (981.56 work units)
Thread count was 4 (of 56 available processors)

Solution count 10: -93327 -93321 -93260 ... -92218

Time limit reached
Best objective -9.332700000000e+04, best bound -9.346600000000e+04, gap 0.1489%
