
Gurobi 9.5.0 (linux64) logging started Sat Jun 18 16:09:20 2022

Set parameter LogFile to value "/local_workspace/chenrui/LogFiles/MKAP/new1W_R10_M10_N200_seed7_DWcutsCTp3_600.log"
Gurobi Optimizer version 9.5.0 build v9.5.0rc5 (linux64)
Thread count: 56 physical cores, 56 logical processors, using up to 4 threads
Optimize a model with 1019 rows, 2100 columns and 18726 nonzeros
Model fingerprint: 0x45e205b9
Variable types: 0 continuous, 2100 integer (2100 binary)
Coefficient statistics:
  Matrix range     [1e-13, 9e+03]
  Objective range  [2e+01, 1e+03]
  Bounds range     [1e+00, 1e+00]
  RHS range        [1e-05, 1e+00]
Warning: Model contains large matrix coefficient range
         Consider reformulating model or setting NumericFocus parameter
         to avoid numerical issues.
Found heuristic solution: objective 0.0000000
Presolve removed 15 rows and 117 columns
Presolve time: 0.03s
Presolved: 1004 rows, 1983 columns, 17932 nonzeros
Variable types: 0 continuous, 1983 integer (1983 binary)
Found heuristic solution: objective -10030.00000

Root relaxation: objective -5.948602e+04, 8523 iterations, 0.48 seconds (0.70 work units)

    Nodes    |    Current Node    |     Objective Bounds      |     Work
 Expl Unexpl |  Obj  Depth IntInf | Incumbent    BestBd   Gap | It/Node Time

     0     0 -59486.017    0  350 -10030.000 -59486.017   493%     -    0s
H    0     0                    -42547.00000 -59486.017  39.8%     -    0s
H    0     0                    -46081.00000 -59486.017  29.1%     -    0s
H    0     0                    -52192.00000 -59486.017  14.0%     -    0s
H    0     0                    -52252.00001 -59486.017  13.8%     -    0s
H    0     0                    -58415.00000 -59486.017  1.83%     -    0s
     0     0 -59486.017    0  408 -58415.000 -59486.017  1.83%     -    0s
H    0     0                    -58616.00000 -59486.017  1.48%     -    0s
H    0     0                    -58625.00000 -59486.017  1.47%     -    0s
     0     0 -59486.017    0  324 -58625.000 -59486.017  1.47%     -    0s
H    0     0                    -58652.00000 -59486.017  1.42%     -    1s
     0     0 -59486.017    0  439 -58652.000 -59486.017  1.42%     -    1s
H    0     0                    -59486.00000 -59486.017  0.00%     -    1s
     0     0 -59486.017    0  439 -59486.000 -59486.017  0.00%     -    1s

Cutting planes:
  Cover: 41
  Clique: 272
  MIR: 8
  StrongCG: 9

Explored 1 nodes (11568 simplex iterations) in 1.21 seconds (1.39 work units)
Thread count was 4 (of 56 available processors)

Solution count 10: -59486 -58652 -58625 ... -10030
No other solutions better than -59486

Optimal solution found (tolerance 1.00e-04)
Best objective -5.948600000000e+04, best bound -5.948600000000e+04, gap 0.0000%
