
Gurobi 9.5.0 (linux64) logging started Fri Apr 15 10:56:23 2022

Set parameter LogFile to value "/local_workspace/chenrui/LogFiles/MKAP/new1W_R10_M60_N100_seed1_DWcuts_600.log"
Gurobi Optimizer version 9.5.0 build v9.5.0rc5 (linux64)
Thread count: 56 physical cores, 56 logical processors, using up to 4 threads
Optimize a model with 1360 rows, 6600 columns and 19800 nonzeros
Model fingerprint: 0x2d39d9ec
Variable types: 0 continuous, 6600 integer (6600 binary)
Coefficient statistics:
  Matrix range     [6e-13, 1e+03]
  Objective range  [9e+01, 9e+02]
  Bounds range     [1e+00, 1e+00]
  RHS range        [6e-14, 4e+01]
Warning: Model contains large matrix coefficient range
         Consider reformulating model or setting NumericFocus parameter
         to avoid numerical issues.
Found heuristic solution: objective 0.0000000
Presolve removed 647 rows and 3870 columns
Presolve time: 0.03s
Presolved: 713 rows, 2730 columns, 6552 nonzeros
Found heuristic solution: objective -18100.00000
Variable types: 0 continuous, 2730 integer (2730 binary)

Root relaxation: objective -2.721400e+04, 1736 iterations, 0.02 seconds (0.02 work units)

    Nodes    |    Current Node    |     Objective Bounds      |     Work
 Expl Unexpl |  Obj  Depth IntInf | Incumbent    BestBd   Gap | It/Node Time

     0     0 -27214.000    0   10 -18100.000 -27214.000  50.4%     -    0s
H    0     0                    -26814.00000 -27214.000  1.49%     -    0s
H    0     0                    -27122.00000 -27214.000  0.34%     -    0s
     0     0 -27214.000    0   16 -27122.000 -27214.000  0.34%     -    0s
H    0     0                    -27214.00000 -27214.000  0.00%     -    0s
     0     0 -27214.000    0    3 -27214.000 -27214.000  0.00%     -    0s

Explored 1 nodes (4233 simplex iterations) in 0.16 seconds (0.10 work units)
Thread count was 4 (of 56 available processors)

Solution count 5: -27214 -27122 -26814 ... 0
No other solutions better than -27214

Optimal solution found (tolerance 1.00e-04)
Best objective -2.721400000000e+04, best bound -2.721400000000e+04, gap 0.0000%
