
Gurobi 9.5.0 (linux64) logging started Mon Jun 20 09:16:19 2022

Set parameter LogFile to value "/local_workspace/chenrui/LogFiles/MKAP/new1W_R5_M10_N50_seed10_DWcutsCTp2_600.log"
Gurobi Optimizer version 9.5.0 build v9.5.0rc5 (linux64)
Thread count: 56 physical cores, 56 logical processors, using up to 4 threads
Optimize a model with 273 rows, 550 columns and 2797 nonzeros
Model fingerprint: 0xd019f6e8
Variable types: 0 continuous, 550 integer (550 binary)
Coefficient statistics:
  Matrix range     [1e-13, 2e+03]
  Objective range  [7e+01, 8e+02]
  Bounds range     [1e+00, 1e+00]
  RHS range        [1e-05, 1e+00]
Warning: Model contains large matrix coefficient range
         Consider reformulating model or setting NumericFocus parameter
         to avoid numerical issues.
Found heuristic solution: objective 0.0000000
Presolve removed 15 rows and 90 columns
Presolve time: 0.01s
Presolved: 258 rows, 460 columns, 2378 nonzeros
Variable types: 0 continuous, 460 integer (460 binary)
Found heuristic solution: objective -5180.000000

Root relaxation: objective -1.487909e+04, 932 iterations, 0.02 seconds (0.02 work units)

    Nodes    |    Current Node    |     Objective Bounds      |     Work
 Expl Unexpl |  Obj  Depth IntInf | Incumbent    BestBd   Gap | It/Node Time

     0     0 -14879.092    0   97 -5180.0000 -14879.092   187%     -    0s
H    0     0                    -14046.00000 -14879.092  5.93%     -    0s
     0     0 -14878.767    0  102 -14046.000 -14878.767  5.93%     -    0s
H    0     0                    -14515.00001 -14878.767  2.51%     -    0s
     0     0 -14878.642    0  106 -14515.000 -14878.642  2.51%     -    0s
H    0     0                    -14668.00000 -14877.603  1.43%     -    0s
     0     0 -14877.603    0  101 -14668.000 -14877.603  1.43%     -    0s
H    0     0                    -14734.00000 -14877.603  0.97%     -    0s
     0     0 -14877.229    0  107 -14734.000 -14877.229  0.97%     -    0s
     0     0 -14876.999    0   46 -14734.000 -14876.999  0.97%     -    0s
     0     0 -14876.999    0   64 -14734.000 -14876.999  0.97%     -    0s
     0     0 -14876.999    0   79 -14734.000 -14876.999  0.97%     -    0s
     0     0 -14876.999    0   74 -14734.000 -14876.999  0.97%     -    0s
     0     0 -14876.999    0   98 -14734.000 -14876.999  0.97%     -    0s
     0     0 -14876.999    0   98 -14734.000 -14876.999  0.97%     -    0s
     0     0 -14876.999    0   99 -14734.000 -14876.999  0.97%     -    0s
     0     0 -14876.999    0  115 -14734.000 -14876.999  0.97%     -    0s
     0     0 -14876.999    0   76 -14734.000 -14876.999  0.97%     -    0s
     0     0 -14876.999    0  100 -14734.000 -14876.999  0.97%     -    0s
     0     0 -14876.999    0  109 -14734.000 -14876.999  0.97%     -    0s
     0     0 -14876.999    0  104 -14734.000 -14876.999  0.97%     -    0s
     0     0 -14876.999    0   86 -14734.000 -14876.999  0.97%     -    0s
     0     0 -14876.999    0   90 -14734.000 -14876.999  0.97%     -    0s
     0     0 -14876.999    0   88 -14734.000 -14876.999  0.97%     -    0s
     0     0 -14876.999    0  114 -14734.000 -14876.999  0.97%     -    0s
     0     0 -14876.999    0  109 -14734.000 -14876.999  0.97%     -    0s
     0     2 -14876.999    0  109 -14734.000 -14876.999  0.97%     -    0s
H  110   117                    -14737.00001 -14873.671  0.93%  36.3    0s
H  223   180                    -14756.00000 -14871.751  0.78%  33.8    0s
H 1633   291                    -14817.00002 -14848.431  0.21%  25.8    0s

Cutting planes:
  Gomory: 4
  Cover: 73
  Clique: 31
  MIR: 7
  StrongCG: 6

Explored 2886 nodes (73258 simplex iterations) in 1.05 seconds (1.25 work units)
Thread count was 4 (of 56 available processors)

Solution count 10: -14817 -14756 -14737 ... 0
No other solutions better than -14817

Optimal solution found (tolerance 1.00e-04)
Warning: max constraint violation (8.2646e-06) exceeds tolerance
Best objective -1.481700004207e+04, best bound -1.481700004207e+04, gap 0.0000%
