
Gurobi 9.5.0 (linux64) logging started Mon Jun 20 18:38:24 2022

Set parameter LogFile to value "/local_workspace/chenrui/LogFiles/MKAP/new1W_R25_M30_N200_seed5_DWcutsCTp4_600.log"
Gurobi Optimizer version 9.5.0 build v9.5.0rc5 (linux64)
Thread count: 56 physical cores, 56 logical processors, using up to 4 threads
Optimize a model with 8798 rows, 6750 columns and 74536 nonzeros
Model fingerprint: 0x15839991
Variable types: 0 continuous, 6750 integer (6750 binary)
Coefficient statistics:
  Matrix range     [1e-13, 6e+03]
  Objective range  [4e+01, 9e+02]
  Bounds range     [1e+00, 1e+00]
  RHS range        [1e-05, 1e+00]
Warning: Model contains large matrix coefficient range
         Consider reformulating model or setting NumericFocus parameter
         to avoid numerical issues.
Found heuristic solution: objective 0.0000000
Presolve removed 1919 rows and 1008 columns
Presolve time: 0.17s
Presolved: 6879 rows, 5742 columns, 51444 nonzeros
Found heuristic solution: objective -10875.00000
Variable types: 0 continuous, 5742 integer (5742 binary)

Root relaxation: objective -6.028407e+04, 15396 iterations, 1.49 seconds (1.48 work units)

    Nodes    |    Current Node    |     Objective Bounds      |     Work
 Expl Unexpl |  Obj  Depth IntInf | Incumbent    BestBd   Gap | It/Node Time

     0     0 -60284.075    0  736 -10875.000 -60284.075   454%     -    1s
H    0     0                    -56384.00000 -60284.075  6.92%     -    1s
H    0     0                    -57773.00000 -60284.075  4.35%     -    1s
H    0     0                    -58166.00000 -60284.075  3.64%     -    1s
     0     0 -60260.743    0  725 -58166.000 -60260.743  3.60%     -    2s
H    0     0                    -59541.00000 -60260.743  1.21%     -    3s
H    0     0                    -59583.00000 -60260.743  1.14%     -    3s
H    0     0                    -59611.00000 -60260.743  1.09%     -    3s
     0     0 -60241.922    0  755 -59611.000 -60241.922  1.06%     -    3s
H    0     0                    -59916.00000 -60241.922  0.54%     -    4s
     0     0 -60241.922    0  756 -59916.000 -60241.922  0.54%     -    4s
     0     0 -60233.784    0  751 -59916.000 -60233.784  0.53%     -    4s
     0     0 -60232.773    0  757 -59916.000 -60232.773  0.53%     -    4s
     0     0 -60232.757    0  758 -59916.000 -60232.757  0.53%     -    4s
     0     0 -60232.349    0  770 -59916.000 -60232.349  0.53%     -    4s
     0     0 -60232.314    0  766 -59916.000 -60232.314  0.53%     -    4s
     0     0 -60232.302    0  774 -59916.000 -60232.302  0.53%     -    4s
     0     0 -60232.288    0  772 -59916.000 -60232.288  0.53%     -    4s
     0     0 -60232.288    0  772 -59916.000 -60232.288  0.53%     -    6s
     0     2 -60228.614    0  772 -59916.000 -60228.614  0.52%     -    6s
H   37    38                    -59992.00006 -60202.928  0.35%   367   10s
   293   217     cutoff   12      -59992.000 -60183.475  0.32%   242   15s
   647   431 -60112.985   13  702 -59992.000 -60157.357  0.28%   243   20s
H  979   329                    -60071.00000 -60146.603  0.13%   242   24s
  1025   275 -60120.785   17  772 -60071.000 -60146.603  0.13%   240   26s
  1031   279 -60115.923    9  670 -60071.000 -60146.603  0.13%   238   30s
  1040   285 -60141.172   10  699 -60071.000 -60146.603  0.13%   236   36s
  1048   292 -60135.373   15  577 -60071.000 -60146.603  0.13%   252   40s
  1059   300 -60146.603   29  607 -60071.000 -60146.603  0.13%   266   52s
  1070   302 -60115.787   33  559 -60071.000 -60145.382  0.12%   265   55s
  1267   297 -60105.876   50  531 -60071.000 -60121.856  0.08%   252   60s
  1699   206     cutoff   59      -60071.000 -60096.914  0.04%   232   65s

Cutting planes:
  Gomory: 93
  Lift-and-project: 4
  Cover: 44
  Clique: 1
  MIR: 3
  StrongCG: 2
  Flow cover: 19
  RLT: 1

Explored 1944 nodes (450177 simplex iterations) in 66.46 seconds (103.42 work units)
Thread count was 4 (of 56 available processors)

Solution count 10: -60071 -59992 -59916 ... -10875
No other solutions better than -60071

Optimal solution found (tolerance 1.00e-04)
Best objective -6.007100000000e+04, best bound -6.007100000000e+04, gap 0.0000%
