
Gurobi 9.5.0 (linux64) logging started Thu Apr 28 23:55:26 2022

Set parameter LogFile to value "/local_workspace/chenrui/LogFiles/MKAP/new1W_R10_M10_N300_seed6_DWcutsCT5_600.log"
Gurobi Optimizer version 9.5.0 build v9.5.0rc5 (linux64)
Thread count: 56 physical cores, 56 logical processors, using up to 4 threads
Optimize a model with 3463 rows, 3100 columns and 100791 nonzeros
Model fingerprint: 0xa44d8b1d
Variable types: 0 continuous, 3100 integer (3100 binary)
Coefficient statistics:
  Matrix range     [1e-13, 2e+04]
  Objective range  [3e+01, 1e+03]
  Bounds range     [1e+00, 1e+00]
  RHS range        [2e-16, 1e+00]
Warning: Model contains large matrix coefficient range
         Consider reformulating model or setting NumericFocus parameter
         to avoid numerical issues.
Found heuristic solution: objective 0.0000000
Presolve removed 86 rows and 0 columns
Presolve time: 0.26s
Presolved: 3377 rows, 3100 columns, 96902 nonzeros
Variable types: 0 continuous, 3100 integer (3100 binary)
Found heuristic solution: objective -14687.00000

Root relaxation: objective -9.195001e+04, 15766 iterations, 3.71 seconds (6.06 work units)

    Nodes    |    Current Node    |     Objective Bounds      |     Work
 Expl Unexpl |  Obj  Depth IntInf | Incumbent    BestBd   Gap | It/Node Time

     0     0 -91950.013    0  371 -14687.000 -91950.013   526%     -    4s
H    0     0                    -89139.00000 -91950.013  3.15%     -    4s
H    0     0                    -89210.00000 -91950.013  3.07%     -    4s
H    0     0                    -91759.00000 -91950.013  0.21%     -    4s
H    0     0                    -91950.00000 -91950.000  0.00%     -    4s
     0     0          -    0      -91950.000 -91950.000  0.00%     -    4s

Cutting planes:
  Cover: 11
  Clique: 926
  MIR: 3
  StrongCG: 2

Explored 1 nodes (17151 simplex iterations) in 4.91 seconds (7.49 work units)
Thread count was 4 (of 56 available processors)

Solution count 6: -91950 -91759 -89210 ... 0
No other solutions better than -91950

Optimal solution found (tolerance 1.00e-04)
Best objective -9.194999999811e+04, best bound -9.194999999811e+04, gap 0.0000%

Gurobi 9.5.0 (linux64) logging started Fri Apr 29 21:25:21 2022

Set parameter LogFile to value "/local_workspace/chenrui/LogFiles/MKAP/new1W_R10_M10_N300_seed6_DWcutsCT5_600.log"
Gurobi Optimizer version 9.5.0 build v9.5.0rc5 (linux64)
Thread count: 56 physical cores, 56 logical processors, using up to 4 threads
Optimize a model with 3463 rows, 3100 columns and 100791 nonzeros
Model fingerprint: 0x836b3839
Variable types: 0 continuous, 3100 integer (3100 binary)
Coefficient statistics:
  Matrix range     [1e-13, 2e+04]
  Objective range  [3e+01, 1e+03]
  Bounds range     [1e+00, 1e+00]
  RHS range        [2e-16, 1e+00]
Warning: Model contains large matrix coefficient range
         Consider reformulating model or setting NumericFocus parameter
         to avoid numerical issues.
Found heuristic solution: objective 0.0000000
Presolve removed 86 rows and 0 columns
Presolve time: 0.26s
Presolved: 3377 rows, 3100 columns, 96902 nonzeros
Variable types: 0 continuous, 3100 integer (3100 binary)
Found heuristic solution: objective -14687.00000

Root relaxation: objective -9.195001e+04, 15985 iterations, 3.93 seconds (6.13 work units)

    Nodes    |    Current Node    |     Objective Bounds      |     Work
 Expl Unexpl |  Obj  Depth IntInf | Incumbent    BestBd   Gap | It/Node Time

     0     0 -91950.013    0  374 -14687.000 -91950.013   526%     -    4s
H    0     0                    -89681.00000 -91950.013  2.53%     -    4s
H    0     0                    -91637.00000 -91950.013  0.34%     -    4s
H    0     0                    -91897.00000 -91950.000  0.06%     -    5s
H    0     0                    -91950.00000 -91950.000  0.00%     -    5s
     0     0          -    0      -91950.000 -91950.000  0.00%     -    5s

Cutting planes:
  Cover: 12
  Clique: 881
  MIR: 3

Explored 1 nodes (16876 simplex iterations) in 5.08 seconds (7.40 work units)
Thread count was 4 (of 56 available processors)

Solution count 6: -91950 -91897 -91637 ... 0
No other solutions better than -91950

Optimal solution found (tolerance 1.00e-04)
Best objective -9.194999999927e+04, best bound -9.194999999927e+04, gap 0.0000%
