
Gurobi 9.5.0 (linux64) logging started Tue May  3 13:26:32 2022

Set parameter LogFile to value "/local_workspace/chenrui/LogFiles/MKAP/new1W_R10_M10_N50_seed9_DWcutsCT2_600.log"
Gurobi Optimizer version 9.5.0 build v9.5.0rc5 (linux64)
Thread count: 56 physical cores, 56 logical processors, using up to 4 threads
Optimize a model with 427 rows, 600 columns and 2504 nonzeros
Model fingerprint: 0xeec596db
Variable types: 0 continuous, 600 integer (600 binary)
Coefficient statistics:
  Matrix range     [1e-13, 4e+03]
  Objective range  [4e+01, 1e+03]
  Bounds range     [1e+00, 1e+00]
  RHS range        [3e-14, 1e+00]
Warning: Model contains large matrix coefficient range
         Consider reformulating model or setting NumericFocus parameter
         to avoid numerical issues.
Found heuristic solution: objective 0.0000000
Presolve removed 91 rows and 166 columns
Presolve time: 0.01s
Presolved: 336 rows, 434 columns, 1596 nonzeros
Found heuristic solution: objective -4313.000000
Variable types: 0 continuous, 434 integer (434 binary)

Root relaxation: objective -1.383200e+04, 740 iterations, 0.01 seconds (0.01 work units)

    Nodes    |    Current Node    |     Objective Bounds      |     Work
 Expl Unexpl |  Obj  Depth IntInf | Incumbent    BestBd   Gap | It/Node Time

     0     0 -13832.002    0   24 -4313.0000 -13832.002   221%     -    0s
H    0     0                    -13537.00000 -13832.002  2.18%     -    0s
H    0     0                    -13832.00000 -13832.002  0.00%     -    0s
     0     0 -13832.002    0   24 -13832.000 -13832.002  0.00%     -    0s

Explored 1 nodes (752 simplex iterations) in 0.02 seconds (0.02 work units)
Thread count was 4 (of 56 available processors)

Solution count 4: -13832 -13537 -4313 0 
No other solutions better than -13832

Optimal solution found (tolerance 1.00e-04)
Best objective -1.383200000000e+04, best bound -1.383200000000e+04, gap 0.0000%
