
Gurobi 9.5.0 (linux64) logging started Tue May  3 14:01:55 2022

Set parameter LogFile to value "/local_workspace/chenrui/LogFiles/MKAP/new1W_R25_M30_N100_seed1_DWcutsCT_600.log"
Gurobi Optimizer version 9.5.0 build v9.5.0rc5 (linux64)
Thread count: 56 physical cores, 56 logical processors, using up to 4 threads
Optimize a model with 1630 rows, 3750 columns and 11130 nonzeros
Model fingerprint: 0xd4c8d58c
Variable types: 0 continuous, 3750 integer (3750 binary)
Coefficient statistics:
  Matrix range     [1e+00, 2e+03]
  Objective range  [8e+01, 9e+02]
  Bounds range     [1e+00, 1e+00]
  RHS range        [1e-13, 1e+00]
Found heuristic solution: objective 0.0000000
Presolve removed 520 rows and 1165 columns
Presolve time: 0.04s
Presolved: 1110 rows, 2585 columns, 7465 nonzeros
Found heuristic solution: objective -14012.00000
Variable types: 0 continuous, 2585 integer (2585 binary)

Root relaxation: objective -2.927351e+04, 3500 iterations, 0.05 seconds (0.04 work units)

    Nodes    |    Current Node    |     Objective Bounds      |     Work
 Expl Unexpl |  Obj  Depth IntInf | Incumbent    BestBd   Gap | It/Node Time

     0     0 -29273.506    0   46 -14012.000 -29273.506   109%     -    0s
H    0     0                    -28840.00000 -29273.506  1.50%     -    0s
     0     0 -29273.506    0   76 -28840.000 -29273.506  1.50%     -    0s
H    0     0                    -29165.00000 -29273.506  0.37%     -    0s
H    0     0                    -29182.00000 -29273.506  0.31%     -    0s
     0     0 -29272.971    0   52 -29182.000 -29272.971  0.31%     -    0s
     0     0 -29272.971    0   41 -29182.000 -29272.971  0.31%     -    0s
H    0     0                    -29188.00000 -29272.971  0.29%     -    0s
     0     0 -29270.339    0   49 -29188.000 -29270.339  0.28%     -    0s
     0     0 -29269.762    0    9 -29188.000 -29269.762  0.28%     -    0s
     0     0 -29231.259    0   32 -29188.000 -29231.259  0.15%     -    0s
     0     0 -29223.802    0   11 -29188.000 -29223.802  0.12%     -    0s
     0     0 -29223.802    0    7 -29188.000 -29223.802  0.12%     -    0s
     0     0     cutoff    0      -29188.000 -29188.000  0.00%     -    0s

Cutting planes:
  Gomory: 4
  Cover: 4
  Clique: 7

Explored 1 nodes (6578 simplex iterations) in 0.34 seconds (0.20 work units)
Thread count was 4 (of 56 available processors)

Solution count 6: -29188 -29182 -29165 ... 0
No other solutions better than -29188

Optimal solution found (tolerance 1.00e-04)
Best objective -2.918800000000e+04, best bound -2.918800000000e+04, gap 0.0000%
