
Gurobi 9.5.0 (linux64) logging started Tue May  3 13:22:39 2022

Set parameter LogFile to value "/local_workspace/chenrui/LogFiles/MKAP/new1W_R10_M20_N50_seed3_DWcutsCT1_600.log"
Gurobi Optimizer version 9.5.0 build v9.5.0rc5 (linux64)
Thread count: 56 physical cores, 56 logical processors, using up to 4 threads
Optimize a model with 586 rows, 1200 columns and 3853 nonzeros
Model fingerprint: 0x370ae5a1
Variable types: 0 continuous, 1200 integer (1200 binary)
Coefficient statistics:
  Matrix range     [1e-13, 1e+03]
  Objective range  [4e+01, 9e+02]
  Bounds range     [1e+00, 1e+00]
  RHS range        [3e-14, 1e+00]
Warning: Model contains large matrix coefficient range
         Consider reformulating model or setting NumericFocus parameter
         to avoid numerical issues.
Found heuristic solution: objective 0.0000000
Presolve removed 190 rows and 455 columns
Presolve time: 0.01s
Presolved: 396 rows, 745 columns, 1958 nonzeros
Found heuristic solution: objective -8670.000000
Variable types: 0 continuous, 745 integer (745 binary)

Root relaxation: objective -1.493200e+04, 607 iterations, 0.00 seconds (0.00 work units)

    Nodes    |    Current Node    |     Objective Bounds      |     Work
 Expl Unexpl |  Obj  Depth IntInf | Incumbent    BestBd   Gap | It/Node Time

     0     0 -14932.000    0    7 -8670.0000 -14932.000  72.2%     -    0s
H    0     0                    -14751.00000 -14932.000  1.23%     -    0s
H    0     0                    -14932.00000 -14932.000  0.00%     -    0s
     0     0 -14932.000    0    7 -14932.000 -14932.000  0.00%     -    0s

Explored 1 nodes (607 simplex iterations) in 0.02 seconds (0.01 work units)
Thread count was 4 (of 56 available processors)

Solution count 4: -14932 -14751 -8670 0 
No other solutions better than -14932

Optimal solution found (tolerance 1.00e-04)
Best objective -1.493200000000e+04, best bound -1.493200000000e+04, gap 0.0000%
