
Gurobi 9.5.0 (linux64) logging started Tue May  3 22:27:13 2022

Set parameter LogFile to value "/local_workspace/chenrui/LogFiles/MKAP/new1W_R25_M40_N100_seed7_DWcutsCT_600.log"
Gurobi Optimizer version 9.5.0 build v9.5.0rc5 (linux64)
Thread count: 56 physical cores, 56 logical processors, using up to 4 threads
Optimize a model with 2140 rows, 5000 columns and 14857 nonzeros
Model fingerprint: 0x16497e47
Variable types: 0 continuous, 5000 integer (5000 binary)
Coefficient statistics:
  Matrix range     [1e-12, 1e+03]
  Objective range  [2e+01, 9e+02]
  Bounds range     [1e+00, 1e+00]
  RHS range        [4e-15, 1e+00]
Warning: Model contains large matrix coefficient range
         Consider reformulating model or setting NumericFocus parameter
         to avoid numerical issues.
Found heuristic solution: objective 0.0000000
Presolve removed 932 rows and 1986 columns
Presolve time: 0.05s
Presolved: 1208 rows, 3014 columns, 8341 nonzeros
Found heuristic solution: objective -21689.00000
Variable types: 0 continuous, 3014 integer (3014 binary)

Root relaxation: objective -3.093834e+04, 3564 iterations, 0.06 seconds (0.05 work units)

    Nodes    |    Current Node    |     Objective Bounds      |     Work
 Expl Unexpl |  Obj  Depth IntInf | Incumbent    BestBd   Gap | It/Node Time

     0     0 -30938.340    0   11 -21689.000 -30938.340  42.6%     -    0s
H    0     0                    -30328.00000 -30938.340  2.01%     -    0s
H    0     0                    -30448.00000 -30938.340  1.61%     -    0s
H    0     0                    -30540.00000 -30938.340  1.30%     -    0s
     0     0 -30938.340    0   60 -30540.000 -30938.340  1.30%     -    0s
     0     0 -30938.340    0   30 -30540.000 -30938.340  1.30%     -    0s
     0     0 -30938.340    0   26 -30540.000 -30938.340  1.30%     -    0s
H    0     0                    -30805.00000 -30938.340  0.43%     -    0s
     0     0 -30938.340    0   40 -30805.000 -30938.340  0.43%     -    0s
     0     0 -30938.340    0   35 -30805.000 -30938.340  0.43%     -    0s
     0     0 -30938.340    0   10 -30805.000 -30938.340  0.43%     -    0s
     0     0 -30938.340    0   57 -30805.000 -30938.340  0.43%     -    0s
     0     0 -30938.340    0   52 -30805.000 -30938.340  0.43%     -    0s
H    0     0                    -30818.00000 -30938.340  0.39%     -    0s
     0     0 -30938.340    0   29 -30818.000 -30938.340  0.39%     -    0s
     0     0 -30938.340    0   52 -30818.000 -30938.340  0.39%     -    0s
     0     0 -30938.340    0   23 -30818.000 -30938.340  0.39%     -    0s
     0     0 -30938.340    0   17 -30818.000 -30938.340  0.39%     -    0s
     0     0 -30938.340    0   24 -30818.000 -30938.340  0.39%     -    0s
H    0     0                    -30819.00000 -30938.340  0.39%     -    0s
     0     0 -30938.340    0   21 -30819.000 -30938.340  0.39%     -    0s
     0     0 -30938.340    0   21 -30819.000 -30938.340  0.39%     -    0s
     0     0 -30938.340    0   17 -30819.000 -30938.340  0.39%     -    0s
     0     0 -30938.340    0   33 -30819.000 -30938.340  0.39%     -    0s
     0     0 -30938.340    0   51 -30819.000 -30938.340  0.39%     -    0s
H    0     0                    -30863.00000 -30938.340  0.24%     -    0s
     0     0 -30938.340    0   16 -30863.000 -30938.340  0.24%     -    0s
     0     0 -30938.340    0   23 -30863.000 -30938.340  0.24%     -    0s
     0     0 -30938.340    0   26 -30863.000 -30938.340  0.24%     -    0s
     0     0 -30938.340    0   64 -30863.000 -30938.340  0.24%     -    0s
     0     0 -30938.340    0   88 -30863.000 -30938.340  0.24%     -    0s
     0     0 -30938.340    0   78 -30863.000 -30938.340  0.24%     -    0s
     0     0 -30938.340    0   13 -30863.000 -30938.340  0.24%     -    0s
     0     0 -30938.340    0   16 -30863.000 -30938.340  0.24%     -    0s
     0     0 -30938.340    0   46 -30863.000 -30938.340  0.24%     -    0s
     0     0 -30938.340    0   55 -30863.000 -30938.340  0.24%     -    0s
     0     0 -30938.340    0   46 -30863.000 -30938.340  0.24%     -    0s
     0     0 -30937.818    0   46 -30863.000 -30937.818  0.24%     -    0s
     0     0 -30937.818    0   22 -30863.000 -30937.818  0.24%     -    0s
     0     0 -30937.818    0   22 -30863.000 -30937.818  0.24%     -    0s
     0     2 -30937.818    0   22 -30863.000 -30937.818  0.24%     -    0s
H  122   102                    -30865.00000 -30937.818  0.24%  24.2    1s
H  316   238                    -30871.00000 -30937.757  0.22%  15.7    1s
H  338   237                    -30898.00000 -30937.639  0.13%  15.5    1s

Cutting planes:
  Gomory: 2
  Cover: 90
  Clique: 10
  MIR: 6
  StrongCG: 1
  Inf proof: 1
  Zero half: 1
  RLT: 1

Explored 9082 nodes (81951 simplex iterations) in 2.14 seconds (2.04 work units)
Thread count was 4 (of 56 available processors)

Solution count 10: -30898 -30871 -30865 ... -30448

Optimal solution found (tolerance 1.00e-04)
Best objective -3.089800000000e+04, best bound -3.089900000000e+04, gap 0.0032%
