
Gurobi 9.5.0 (linux64) logging started Tue May  3 16:11:51 2022

Set parameter LogFile to value "/local_workspace/chenrui/LogFiles/MKAP/new1W_R5_M30_N50_seed9_objLB_600.log"
Gurobi Optimizer version 9.5.0 build v9.5.0rc5 (linux64)
Thread count: 56 physical cores, 56 logical processors, using up to 4 threads
Optimize a model with 231 rows, 1650 columns and 4800 nonzeros
Model fingerprint: 0x929d510c
Variable types: 0 continuous, 1650 integer (1650 binary)
Coefficient statistics:
  Matrix range     [1e+00, 1e+03]
  Objective range  [4e+01, 1e+03]
  Bounds range     [1e+00, 1e+00]
  RHS range        [1e+00, 1e+04]
Found heuristic solution: objective 0.0000000
Presolve removed 91 rows and 891 columns
Presolve time: 0.01s
Presolved: 140 rows, 759 columns, 2204 nonzeros
Variable types: 0 continuous, 759 integer (759 binary)
Found heuristic solution: objective -10016.00000

Root relaxation: objective -1.197900e+04, 280 iterations, 0.00 seconds (0.00 work units)

    Nodes    |    Current Node    |     Objective Bounds      |     Work
 Expl Unexpl |  Obj  Depth IntInf | Incumbent    BestBd   Gap | It/Node Time

     0     0 -11979.000    0   18 -10016.000 -11979.000  19.6%     -    0s
H    0     0                    -11255.00000 -11979.000  6.43%     -    0s
H    0     0                    -11429.00000 -11979.000  4.81%     -    0s
H    0     0                    -11453.00000 -11979.000  4.59%     -    0s
     0     0 -11979.000    0   46 -11453.000 -11979.000  4.59%     -    0s
H    0     0                    -11595.00000 -11979.000  3.31%     -    0s
H    0     0                    -11714.00000 -11979.000  2.26%     -    0s
H    0     0                    -11750.00000 -11979.000  1.95%     -    0s
     0     0 -11979.000    0   27 -11750.000 -11979.000  1.95%     -    0s
     0     0 -11979.000    0   27 -11750.000 -11979.000  1.95%     -    0s
H    0     0                    -11787.00000 -11979.000  1.63%     -    0s
     0     2 -11979.000    0   24 -11787.000 -11979.000  1.63%     -    0s
H   42    80                    -11931.00000 -11979.000  0.40%  49.1    0s
H  670   262                    -11942.00000 -11979.000  0.31%  20.0    0s
 19461  4518 -11979.000   42   32 -11942.000 -11979.000  0.31%  19.6    5s
 36703  9419 -11966.648   33   18 -11942.000 -11979.000  0.31%  21.7   10s
 55734 14877 -11979.000   23   45 -11942.000 -11979.000  0.31%  22.5   15s
 73092 18433 -11979.000   27   31 -11942.000 -11979.000  0.31%  23.6   20s
 89688 21888 -11955.664   33   29 -11942.000 -11979.000  0.31%  24.7   25s
 107063 25328     cutoff   35      -11942.000 -11979.000  0.31%  25.1   30s
 126260 30341     cutoff   52      -11942.000 -11979.000  0.31%  24.7   35s
 150725 35549 -11949.757   22   18 -11942.000 -11979.000  0.31%  23.9   40s
 171048 39819 -11960.796   28   22 -11942.000 -11979.000  0.31%  23.6   45s
 189449 44154 -11979.000   45   16 -11942.000 -11979.000  0.31%  23.5   50s
 208011 46295 -11964.932   48   13 -11942.000 -11979.000  0.31%  24.2   55s
 225685 48990 -11979.000   37   18 -11942.000 -11979.000  0.31%  24.7   60s
 241030 51230 -11979.000   41   21 -11942.000 -11979.000  0.31%  25.1   65s
 259333 53834 -11978.735   38   37 -11942.000 -11979.000  0.31%  25.2   70s
 297350 60316     cutoff   49      -11942.000 -11976.291  0.29%  23.2   75s
 351513 67139     cutoff   38      -11942.000 -11973.325  0.26%  20.6   80s
 404773 71697 -11944.999   43   16 -11942.000 -11970.044  0.23%  18.7   85s
 462275 76632     cutoff   50      -11942.000 -11968.014  0.22%  17.0   90s
 517134 80444 -11958.644   36   22 -11942.000 -11965.903  0.20%  15.8   95s
 571794 83907 -11953.077   40   17 -11942.000 -11964.436  0.19%  14.8  100s
 630549 83955 -11959.604   27   25 -11942.000 -11962.630  0.17%  13.9  105s
 690365 84805 -11953.012   37   22 -11942.000 -11960.420  0.15%  13.2  110s
 754077 82407 -11950.931   38    7 -11942.000 -11958.756  0.14%  12.5  115s
 808866 78302 -11951.895   58    5 -11942.000 -11956.803  0.12%  12.1  120s
 871062 77056     cutoff   46      -11942.000 -11955.618  0.11%  11.6  125s
 934176 71084 -11953.194   48    9 -11942.000 -11954.189  0.10%  11.1  130s
 999079 61887     cutoff   43      -11942.000 -11952.823  0.09%  10.7  135s
 1073615 48109     cutoff   41      -11942.000 -11950.977  0.08%  10.3  140s
 1139257 30104     cutoff   52      -11942.000 -11948.022  0.05%  10.0  145s
 1212030 13768     cutoff   55      -11942.000 -11944.374  0.02%   9.6  150s

Cutting planes:
  Gomory: 27
  Cover: 53
  Clique: 5
  MIR: 52
  StrongCG: 37
  Flow cover: 39
  GUB cover: 4
  Zero half: 10

Explored 1251226 nodes (11844148 simplex iterations) in 152.38 seconds (261.61 work units)
Thread count was 4 (of 56 available processors)

Solution count 10: -11942 -11931 -11787 ... -10016

Optimal solution found (tolerance 1.00e-04)
Best objective -1.194200000000e+04, best bound -1.194300000000e+04, gap 0.0084%
