
Gurobi 9.5.0 (linux64) logging started Mon Jun 20 08:54:03 2022

Set parameter LogFile to value "/local_workspace/chenrui/LogFiles/MKAP/new1W_R2_M20_N50_seed6_DWcutsCTp2_600.log"
Gurobi Optimizer version 9.5.0 build v9.5.0rc5 (linux64)
Thread count: 56 physical cores, 56 logical processors, using up to 4 threads
Optimize a model with 237 rows, 1040 columns and 5133 nonzeros
Model fingerprint: 0x8f6fe852
Variable types: 0 continuous, 1040 integer (1040 binary)
Coefficient statistics:
  Matrix range     [2e-13, 1e+03]
  Objective range  [2e+01, 9e+02]
  Bounds range     [1e+00, 1e+00]
  RHS range        [1e-05, 1e+00]
Warning: Model contains large matrix coefficient range
         Consider reformulating model or setting NumericFocus parameter
         to avoid numerical issues.
Found heuristic solution: objective 0.0000000
Presolve removed 42 rows and 465 columns
Presolve time: 0.01s
Presolved: 195 rows, 575 columns, 3291 nonzeros
Found heuristic solution: objective -13350.00000
Variable types: 0 continuous, 575 integer (575 binary)

Root relaxation: objective -1.569991e+04, 695 iterations, 0.01 seconds (0.01 work units)

    Nodes    |    Current Node    |     Objective Bounds      |     Work
 Expl Unexpl |  Obj  Depth IntInf | Incumbent    BestBd   Gap | It/Node Time

     0     0 -15699.909    0   38 -13350.000 -15699.909  17.6%     -    0s
H    0     0                    -15492.00000 -15699.909  1.34%     -    0s
H    0     0                    -15571.00000 -15699.909  0.83%     -    0s
     0     0 -15699.909    0   38 -15571.000 -15699.909  0.83%     -    0s
     0     0 -15699.909    0   41 -15571.000 -15699.909  0.83%     -    0s
     0     0 -15699.720    0   43 -15571.000 -15699.720  0.83%     -    0s
     0     0 -15699.080    0   44 -15571.000 -15699.080  0.82%     -    0s
     0     0 -15699.080    0   41 -15571.000 -15699.080  0.82%     -    0s
     0     0 -15699.080    0   41 -15571.000 -15699.080  0.82%     -    0s
     0     0 -15699.080    0   33 -15571.000 -15699.080  0.82%     -    0s
     0     0 -15699.080    0   41 -15571.000 -15699.080  0.82%     -    0s
     0     0 -15699.080    0   37 -15571.000 -15699.080  0.82%     -    0s
     0     0 -15699.080    0   44 -15571.000 -15699.080  0.82%     -    0s
     0     0 -15699.080    0   42 -15571.000 -15699.080  0.82%     -    0s
     0     0 -15699.065    0   42 -15571.000 -15699.065  0.82%     -    0s
     0     0 -15698.949    0   41 -15571.000 -15698.949  0.82%     -    0s
     0     0 -15698.949    0   40 -15571.000 -15698.949  0.82%     -    0s
     0     2 -15698.880    0   40 -15571.000 -15698.880  0.82%     -    0s
H  110   122                    -15622.00000 -15698.880  0.49%  27.9    0s
 24799 10670 -15673.553   42   41 -15622.000 -15683.723  0.40%  18.2    5s
 76818 22797     cutoff   70      -15622.000 -15675.642  0.34%  18.0   10s
 128034 34809 -15666.369   51   49 -15622.000 -15668.963  0.30%  18.1   15s
 181366 43080     cutoff   51      -15622.000 -15663.250  0.26%  17.9   20s
 228044 47592 -15627.672   61   26 -15622.000 -15659.116  0.24%  17.7   25s
 287591 50173 -15636.208   55   34 -15622.000 -15654.303  0.21%  17.5   30s
*320504 47682              56    -15627.00002 -15651.959  0.16%  17.3   32s
 346657 44642 -15649.348   62   20 -15627.000 -15649.582  0.14%  17.2   35s
 416079 29821 -15639.529   47   17 -15627.000 -15643.015  0.10%  16.7   40s

Cutting planes:
  Cover: 1
  MIR: 8
  StrongCG: 3
  Flow cover: 1
  Inf proof: 16

Explored 480667 nodes (7616021 simplex iterations) in 44.19 seconds (61.36 work units)
Thread count was 4 (of 56 available processors)

Solution count 6: -15627 -15622 -15571 ... 0

Optimal solution found (tolerance 1.00e-04)
Best objective -1.562700000000e+04, best bound -1.562700000000e+04, gap 0.0000%
