
Gurobi 9.5.0 (linux64) logging started Tue May  3 16:30:25 2022

Set parameter LogFile to value "/local_workspace/chenrui/LogFiles/MKAP/new1W_R10_M30_N50_seed3_objLB_600.log"
Gurobi Optimizer version 9.5.0 build v9.5.0rc5 (linux64)
Thread count: 56 physical cores, 56 logical processors, using up to 4 threads
Optimize a model with 381 rows, 1800 columns and 5100 nonzeros
Model fingerprint: 0x6ed86fb5
Variable types: 0 continuous, 1800 integer (1800 binary)
Coefficient statistics:
  Matrix range     [1e+00, 1e+03]
  Objective range  [4e+01, 9e+02]
  Bounds range     [1e+00, 1e+00]
  RHS range        [1e+00, 1e+04]
Found heuristic solution: objective 0.0000000
Presolve removed 209 rows and 1083 columns
Presolve time: 0.01s
Presolved: 172 rows, 717 columns, 2049 nonzeros
Variable types: 0 continuous, 717 integer (717 binary)
Found heuristic solution: objective -11231.00000

Root relaxation: objective -1.362500e+04, 299 iterations, 0.00 seconds (0.00 work units)

    Nodes    |    Current Node    |     Objective Bounds      |     Work
 Expl Unexpl |  Obj  Depth IntInf | Incumbent    BestBd   Gap | It/Node Time

     0     0 -13625.000    0   10 -11231.000 -13625.000  21.3%     -    0s
H    0     0                    -13350.00000 -13625.000  2.06%     -    0s
H    0     0                    -13395.00000 -13625.000  1.72%     -    0s
H    0     0                    -13426.00000 -13625.000  1.48%     -    0s
H    0     0                    -13435.00000 -13625.000  1.41%     -    0s
     0     0 -13625.000    0   19 -13435.000 -13625.000  1.41%     -    0s
H    0     0                    -13498.00000 -13625.000  0.94%     -    0s
H    0     0                    -13583.00000 -13625.000  0.31%     -    0s
H    0     0                    -13625.00000 -13625.000  0.00%     -    0s
     0     0 -13625.000    0    1 -13625.000 -13625.000  0.00%     -    0s

Cutting planes:
  Gomory: 25
  Cover: 13
  Clique: 13
  MIR: 9
  StrongCG: 5
  Mod-K: 1

Explored 1 nodes (724 simplex iterations) in 0.06 seconds (0.04 work units)
Thread count was 4 (of 56 available processors)

Solution count 9: -13625 -13583 -13498 ... 0
No other solutions better than -13625

Optimal solution found (tolerance 1.00e-04)
Best objective -1.362500000000e+04, best bound -1.362500000000e+04, gap 0.0000%
