
Gurobi 9.5.0 (linux64) logging started Fri Apr 15 19:44:02 2022

Set parameter LogFile to value "/local_workspace/chenrui/LogFiles/MKAP/new1W_R10_M80_N50_seed1_DWcutsT4_600.log"
Gurobi Optimizer version 9.5.0 build v9.5.0rc5 (linux64)
Thread count: 56 physical cores, 56 logical processors, using up to 4 threads
Optimize a model with 13730 rows, 4800 columns and 66608 nonzeros
Model fingerprint: 0xad3c1536
Variable types: 0 continuous, 4800 integer (4800 binary)
Coefficient statistics:
  Matrix range     [1e+00, 1e+03]
  Objective range  [8e+01, 9e+02]
  Bounds range     [1e+00, 1e+00]
  RHS range        [1e+00, 1e+00]
Found heuristic solution: objective 0.0000000
Presolve removed 13693 rows and 4637 columns
Presolve time: 0.01s
Presolved: 37 rows, 163 columns, 326 nonzeros
Found heuristic solution: objective -4673.000000
Variable types: 0 continuous, 163 integer (163 binary)

Root relaxation: cutoff, 0 iterations, 0.00 seconds (0.00 work units)

Explored 1 nodes (0 simplex iterations) in 0.01 seconds (0.02 work units)
Thread count was 4 (of 56 available processors)

Solution count 2: -4673 0 
No other solutions better than -4673

Optimal solution found (tolerance 1.00e-04)
Best objective -4.673000000000e+03, best bound -4.673000000000e+03, gap 0.0000%
