
Gurobi 9.5.0 (linux64) logging started Tue May  3 22:49:20 2022

Set parameter LogFile to value "/local_workspace/chenrui/LogFiles/MKAP/new1W_R25_M20_N50_seed9_objLB_600.log"
Gurobi Optimizer version 9.5.0 build v9.5.0rc5 (linux64)
Thread count: 56 physical cores, 56 logical processors, using up to 4 threads
Optimize a model with 571 rows, 1500 columns and 4000 nonzeros
Model fingerprint: 0x7b007698
Variable types: 0 continuous, 1500 integer (1500 binary)
Coefficient statistics:
  Matrix range     [1e+00, 1e+03]
  Objective range  [4e+01, 1e+03]
  Bounds range     [1e+00, 1e+00]
  RHS range        [1e+00, 1e+04]
Found heuristic solution: objective 0.0000000
Presolve removed 399 rows and 794 columns
Presolve time: 0.01s
Presolved: 172 rows, 706 columns, 2012 nonzeros
Variable types: 0 continuous, 706 integer (706 binary)
Found heuristic solution: objective -11814.00000

Root relaxation: objective -1.290500e+04, 290 iterations, 0.00 seconds (0.00 work units)

    Nodes    |    Current Node    |     Objective Bounds      |     Work
 Expl Unexpl |  Obj  Depth IntInf | Incumbent    BestBd   Gap | It/Node Time

     0     0 -12905.000    0    9 -11814.000 -12905.000  9.23%     -    0s
H    0     0                    -12282.00000 -12905.000  5.07%     -    0s
H    0     0                    -12621.00000 -12905.000  2.25%     -    0s
     0     0 -12905.000    0   10 -12621.000 -12905.000  2.25%     -    0s
H    0     0                    -12662.00000 -12905.000  1.92%     -    0s
H    0     0                    -12713.00000 -12905.000  1.51%     -    0s
     0     0 -12905.000    0    2 -12713.000 -12905.000  1.51%     -    0s
     0     0 -12905.000    0    3 -12713.000 -12905.000  1.51%     -    0s
H    0     0                    -12798.00000 -12905.000  0.84%     -    0s
     0     0 -12905.000    0    5 -12798.000 -12905.000  0.84%     -    0s
     0     0 -12905.000    0    5 -12798.000 -12905.000  0.84%     -    0s
H    0     0                    -12854.00000 -12905.000  0.40%     -    0s
     0     2 -12905.000    0    5 -12854.000 -12905.000  0.40%     -    0s
H  283    91                    -12894.00000 -12905.000  0.09%  30.4    0s
*  471   120              12    -12905.00000 -12905.000  0.00%  32.2    0s

Cutting planes:
  Gomory: 8
  Cover: 76
  Clique: 7
  MIR: 3
  StrongCG: 1
  GUB cover: 2

Explored 553 nodes (19641 simplex iterations) in 0.25 seconds (0.29 work units)
Thread count was 4 (of 56 available processors)

Solution count 10: -12905 -12894 -12854 ... 0
No other solutions better than -12905

Optimal solution found (tolerance 1.00e-04)
Best objective -1.290500000000e+04, best bound -1.290500000000e+04, gap 0.0000%
