
Gurobi 9.5.0 (linux64) logging started Mon Jun 20 11:47:06 2022

Set parameter LogFile to value "/local_workspace/chenrui/LogFiles/MKAP/new1W_R25_M20_N100_seed2_DWcutsCTp1_600.log"
Gurobi Optimizer version 9.5.0 build v9.5.0rc5 (linux64)
Thread count: 56 physical cores, 56 logical processors, using up to 4 threads
Optimize a model with 1545 rows, 2500 columns and 8935 nonzeros
Model fingerprint: 0x0c1fa0e0
Variable types: 0 continuous, 2500 integer (2500 binary)
Coefficient statistics:
  Matrix range     [1e-13, 2e+03]
  Objective range  [7e+01, 9e+02]
  Bounds range     [1e+00, 1e+00]
  RHS range        [1e-05, 1e+00]
Warning: Model contains large matrix coefficient range
         Consider reformulating model or setting NumericFocus parameter
         to avoid numerical issues.
Found heuristic solution: objective 0.0000000
Presolve removed 173 rows and 331 columns
Presolve time: 0.02s
Presolved: 1372 rows, 2169 columns, 7346 nonzeros
Found heuristic solution: objective -10038.00000
Variable types: 0 continuous, 2169 integer (2169 binary)

Root relaxation: objective -2.770509e+04, 3935 iterations, 0.08 seconds (0.07 work units)

    Nodes    |    Current Node    |     Objective Bounds      |     Work
 Expl Unexpl |  Obj  Depth IntInf | Incumbent    BestBd   Gap | It/Node Time

     0     0 -27705.090    0  210 -10038.000 -27705.090   176%     -    0s
H    0     0                    -24208.00000 -27705.090  14.4%     -    0s
H    0     0                    -26399.00004 -27705.090  4.95%     -    0s
H    0     0                    -26886.00000 -27705.090  3.05%     -    0s
H    0     0                    -27369.00000 -27705.090  1.23%     -    0s
H    0     0                    -27633.00000 -27705.090  0.26%     -    0s
     0     0 -27705.045    0  164 -27633.000 -27705.045  0.26%     -    0s
H    0     0                    -27690.00001 -27705.045  0.05%     -    0s
     0     0 -27705.039    0  147 -27690.000 -27705.039  0.05%     -    0s
*    0     0               0    -27701.00001 -27701.000  0.00%     -    0s

Explored 1 nodes (4673 simplex iterations) in 0.22 seconds (0.15 work units)
Thread count was 4 (of 56 available processors)

Solution count 9: -27701 -27690 -27633 ... 0
No other solutions better than -27701

Optimal solution found (tolerance 1.00e-04)
Warning: max constraint violation (8.0304e-06) exceeds tolerance
Best objective -2.770100001079e+04, best bound -2.770100001079e+04, gap 0.0000%
