
Gurobi 9.5.0 (linux64) logging started Fri Apr 29 18:51:16 2022

Set parameter LogFile to value "/local_workspace/chenrui/LogFiles/MKAP/new1W_R25_M20_N300_seed7_DWcuts_600.log"
Gurobi Optimizer version 9.5.0 build v9.5.0rc5 (linux64)
Thread count: 56 physical cores, 56 logical processors, using up to 4 threads
Optimize a model with 1320 rows, 6500 columns and 19500 nonzeros
Model fingerprint: 0xc0429a05
Variable types: 0 continuous, 6500 integer (6500 binary)
Coefficient statistics:
  Matrix range     [1e+00, 8e+03]
  Objective range  [2e+01, 1e+03]
  Bounds range     [1e+00, 1e+00]
  RHS range        [2e-13, 1e+00]
Found heuristic solution: objective 0.0000000
Presolve removed 65 rows and 615 columns
Presolve time: 0.04s
Presolved: 1255 rows, 5885 columns, 17612 nonzeros
Variable types: 0 continuous, 5885 integer (5885 binary)
Found heuristic solution: objective -8269.000000

Root relaxation: objective -8.505302e+04, 8995 iterations, 0.24 seconds (0.21 work units)

    Nodes    |    Current Node    |     Objective Bounds      |     Work
 Expl Unexpl |  Obj  Depth IntInf | Incumbent    BestBd   Gap | It/Node Time

     0     0 -85053.020    0   60 -8269.0000 -85053.020   929%     -    0s
H    0     0                    -82131.00000 -85053.020  3.56%     -    0s
H    0     0                    -82829.00000 -85053.020  2.69%     -    0s
H    0     0                    -83177.00000 -85053.020  2.26%     -    0s
H    0     0                    -83369.00000 -85053.020  2.02%     -    0s
     0     0 -85053.020    0  202 -83369.000 -85053.020  2.02%     -    0s
H    0     0                    -83830.00000 -85053.020  1.46%     -    0s
     0     0 -85053.020    0  183 -83830.000 -85053.020  1.46%     -    0s
H    0     0                    -83946.00000 -85053.020  1.32%     -    0s
     0     0 -85053.020    0   97 -83946.000 -85053.020  1.32%     -    1s
H    0     0                    -84110.00000 -85053.020  1.12%     -    1s
H    0     0                    -84646.00000 -85053.020  0.48%     -    1s
     0     0 -85053.020    0  137 -84646.000 -85053.020  0.48%     -    1s
     0     0 -85053.020    0   54 -84646.000 -85053.020  0.48%     -    1s
     0     0 -85053.020    0   53 -84646.000 -85053.020  0.48%     -    1s
     0     0 -85053.020    0   53 -84646.000 -85053.020  0.48%     -    1s
     0     2 -85053.020    0   46 -84646.000 -85053.020  0.48%     -    1s
H   31    33                    -84726.00000 -85053.020  0.39%   179    2s
H   59    62                    -84728.00000 -85053.020  0.38%   192    3s
H   60    62                    -84776.00000 -85053.020  0.33%   191    3s
H  198   177                    -84788.00000 -85053.020  0.31%   131    4s
   224   203 -85053.020   49   96 -84788.000 -85053.020  0.31%   125    6s
H  225   203                    -84868.00000 -85053.020  0.22%   125    6s
  1086   726 -85018.909   67   92 -84868.000 -85053.020  0.22%  77.0   10s
H 1088   690                    -84888.00000 -85053.020  0.19%  76.8   10s
H 1094   660                    -84964.00000 -85053.020  0.10%   100   12s
  1238   706 -85040.181   53  105 -84964.000 -85053.020  0.10%   112   15s
H 1283   661                    -84973.00000 -85053.020  0.09%   109   15s
H 1375   668                    -84990.00000 -85053.020  0.07%   104   15s
H 1383   640                    -85030.00000 -85053.020  0.03%   104   15s
H 2208   691                    -85034.00000 -85053.020  0.02%  79.9   17s
H 2283   535                    -85043.00000 -85053.020  0.01%  78.5   17s
  5754  1219 -85053.020  105   78 -85043.000 -85053.020  0.01%  55.2   20s
H 7071  1026                    -85045.00000 -85053.020  0.01%  52.4   21s

Cutting planes:
  Gomory: 10
  Lift-and-project: 1
  Cover: 105
  Clique: 161
  MIR: 15
  StrongCG: 15
  Flow cover: 25
  Zero half: 1

Explored 7138 nodes (396792 simplex iterations) in 21.27 seconds (25.16 work units)
Thread count was 4 (of 56 available processors)

Solution count 10: -85045 -85043 -85034 ... -84788

Optimal solution found (tolerance 1.00e-04)
Best objective -8.504500000000e+04, best bound -8.505300000000e+04, gap 0.0094%
