
Gurobi 9.5.0 (linux64) logging started Tue May  3 15:37:49 2022

Set parameter LogFile to value "/local_workspace/chenrui/LogFiles/MKAP/new1W_R5_M10_N50_seed9_DWcuts_600.log"
Gurobi Optimizer version 9.5.0 build v9.5.0rc5 (linux64)
Thread count: 56 physical cores, 56 logical processors, using up to 4 threads
Optimize a model with 160 rows, 550 columns and 1650 nonzeros
Model fingerprint: 0x7c506d96
Variable types: 0 continuous, 550 integer (550 binary)
Coefficient statistics:
  Matrix range     [9e-07, 3e+03]
  Objective range  [4e+01, 1e+03]
  Bounds range     [1e+00, 1e+00]
  RHS range        [8e-04, 2e+01]
Found heuristic solution: objective 0.0000000
Presolve removed 11 rows and 143 columns
Presolve time: 0.00s
Presolved: 149 rows, 407 columns, 1216 nonzeros
Found heuristic solution: objective -5951.000000
Variable types: 0 continuous, 407 integer (407 binary)

Root relaxation: objective -1.464100e+04, 518 iterations, 0.00 seconds (0.00 work units)

    Nodes    |    Current Node    |     Objective Bounds      |     Work
 Expl Unexpl |  Obj  Depth IntInf | Incumbent    BestBd   Gap | It/Node Time

     0     0 -14641.000    0    1 -5951.0000 -14641.000   146%     -    0s
H    0     0                    -14602.00000 -14641.000  0.27%     -    0s
     0     0 -14641.000    0    7 -14602.000 -14641.000  0.27%     -    0s
     0     0 -14640.999    0   12 -14602.000 -14640.999  0.27%     -    0s
     0     0 -14640.999    0    1 -14602.000 -14640.999  0.27%     -    0s
     0     0 -14640.999    0   11 -14602.000 -14640.999  0.27%     -    0s
     0     0 -14640.997    0   16 -14602.000 -14640.997  0.27%     -    0s
     0     0 -14640.997    0   31 -14602.000 -14640.997  0.27%     -    0s
     0     0 -14640.996    0   32 -14602.000 -14640.996  0.27%     -    0s
     0     0 -14640.993    0   32 -14602.000 -14640.993  0.27%     -    0s
     0     0 -14640.993    0   32 -14602.000 -14640.993  0.27%     -    0s
     0     2 -14640.993    0   32 -14602.000 -14640.993  0.27%     -    0s

Cutting planes:
  Gomory: 1
  Lift-and-project: 2
  Cover: 42
  Clique: 46
  MIR: 4
  StrongCG: 4
  RLT: 2

Explored 245 nodes (4646 simplex iterations) in 0.13 seconds (0.11 work units)
Thread count was 4 (of 56 available processors)

Solution count 3: -14602 -5951 0 
No other solutions better than -14602

Optimal solution found (tolerance 1.00e-04)
Best objective -1.460200000000e+04, best bound -1.460200000000e+04, gap 0.0000%
