
Gurobi 9.5.0 (linux64) logging started Tue May  3 16:20:05 2022

Set parameter LogFile to value "/local_workspace/chenrui/LogFiles/MKAP/new1W_R10_M10_N50_seed2_DWcuts_600.log"
Gurobi Optimizer version 9.5.0 build v9.5.0rc5 (linux64)
Thread count: 56 physical cores, 56 logical processors, using up to 4 threads
Optimize a model with 260 rows, 600 columns and 1800 nonzeros
Model fingerprint: 0xcd03992e
Variable types: 0 continuous, 600 integer (600 binary)
Coefficient statistics:
  Matrix range     [2e-03, 2e+03]
  Objective range  [4e+01, 1e+03]
  Bounds range     [1e+00, 1e+00]
  RHS range        [1e-13, 1e+00]
Found heuristic solution: objective 0.0000000
Presolve removed 36 rows and 83 columns
Presolve time: 0.01s
Presolved: 224 rows, 517 columns, 1511 nonzeros
Found heuristic solution: objective -4630.000000
Variable types: 0 continuous, 517 integer (517 binary)

Root relaxation: objective -1.454650e+04, 830 iterations, 0.01 seconds (0.01 work units)

    Nodes    |    Current Node    |     Objective Bounds      |     Work
 Expl Unexpl |  Obj  Depth IntInf | Incumbent    BestBd   Gap | It/Node Time

     0     0 -14546.504    0   16 -4630.0000 -14546.504   214%     -    0s
H    0     0                    -13686.00000 -14546.504  6.29%     -    0s
H    0     0                    -13955.00000 -14546.504  4.24%     -    0s
H    0     0                    -14529.00000 -14546.504  0.12%     -    0s
     0     0 -14546.504    0   14 -14529.000 -14546.504  0.12%     -    0s

Cutting planes:
  Cover: 7
  Clique: 9

Explored 1 nodes (973 simplex iterations) in 0.04 seconds (0.02 work units)
Thread count was 4 (of 56 available processors)

Solution count 5: -14529 -13955 -13686 ... 0
No other solutions better than -14529

Optimal solution found (tolerance 1.00e-04)
Best objective -1.452900000000e+04, best bound -1.452900000000e+04, gap 0.0000%
