
Gurobi 9.5.0 (linux64) logging started Sat Jun 18 18:29:46 2022

Set parameter LogFile to value "/local_workspace/chenrui/LogFiles/MKAP/new1W_R25_M10_N300_seed6_DWcutsCTp6_600.log"
Gurobi Optimizer version 9.5.0 build v9.5.0rc5 (linux64)
Thread count: 56 physical cores, 56 logical processors, using up to 4 threads
Optimize a model with 14569 rows, 3250 columns and 179351 nonzeros
Model fingerprint: 0x0c338547
Variable types: 0 continuous, 3250 integer (3250 binary)
Coefficient statistics:
  Matrix range     [1e-13, 2e+04]
  Objective range  [3e+01, 1e+03]
  Bounds range     [1e+00, 1e+00]
  RHS range        [1e-05, 1e+00]
Warning: Model contains large matrix coefficient range
         Consider reformulating model or setting NumericFocus parameter
         to avoid numerical issues.
Found heuristic solution: objective 0.0000000
Presolve removed 1223 rows and 0 columns
Presolve time: 0.39s
Presolved: 13346 rows, 3250 columns, 108324 nonzeros
Variable types: 0 continuous, 3250 integer (3250 binary)
Found heuristic solution: objective -5302.000000

Root relaxation: objective -5.719700e+04, 7798 iterations, 1.67 seconds (3.29 work units)

    Nodes    |    Current Node    |     Objective Bounds      |     Work
 Expl Unexpl |  Obj  Depth IntInf | Incumbent    BestBd   Gap | It/Node Time

     0     0 -57197.001    0   27 -5302.0000 -57197.001   979%     -    2s
H    0     0                    -57197.00000 -57197.001  0.00%     -    2s
     0     0 -57197.001    0   27 -57197.000 -57197.001  0.00%     -    2s

Explored 1 nodes (7798 simplex iterations) in 2.13 seconds (3.85 work units)
Thread count was 4 (of 56 available processors)

Solution count 3: -57197 -5302 0 
No other solutions better than -57197

Optimal solution found (tolerance 1.00e-04)
Best objective -5.719700000000e+04, best bound -5.719700000000e+04, gap 0.0000%
