
Gurobi 9.5.0 (linux64) logging started Mon Jun 20 08:46:51 2022

Set parameter LogFile to value "/local_workspace/chenrui/LogFiles/MKAP/new1W_R2_M20_N50_seed3_DWcutsCTp1_600.log"
Gurobi Optimizer version 9.5.0 build v9.5.0rc5 (linux64)
Thread count: 56 physical cores, 56 logical processors, using up to 4 threads
Optimize a model with 168 rows, 1040 columns and 3305 nonzeros
Model fingerprint: 0xdca27890
Variable types: 0 continuous, 1040 integer (1040 binary)
Coefficient statistics:
  Matrix range     [2e-12, 1e+03]
  Objective range  [4e+01, 9e+02]
  Bounds range     [1e+00, 1e+00]
  RHS range        [1e-05, 1e+00]
Warning: Model contains large matrix coefficient range
         Consider reformulating model or setting NumericFocus parameter
         to avoid numerical issues.
Found heuristic solution: objective 0.0000000
Presolve removed 31 rows and 409 columns
Presolve time: 0.01s
Presolved: 137 rows, 631 columns, 2034 nonzeros
Variable types: 0 continuous, 631 integer (631 binary)
Found heuristic solution: objective -13007.00000

Root relaxation: objective -1.543467e+04, 547 iterations, 0.01 seconds (0.00 work units)

    Nodes    |    Current Node    |     Objective Bounds      |     Work
 Expl Unexpl |  Obj  Depth IntInf | Incumbent    BestBd   Gap | It/Node Time

     0     0 -15434.669    0   20 -13007.000 -15434.669  18.7%     -    0s
H    0     0                    -14918.00000 -15434.669  3.46%     -    0s
H    0     0                    -15025.00000 -15434.669  2.73%     -    0s
H    0     0                    -15058.00000 -15434.669  2.50%     -    0s
H    0     0                    -15251.00000 -15434.669  1.20%     -    0s
     0     0 -15434.669    0   40 -15251.000 -15434.669  1.20%     -    0s
H    0     0                    -15325.00000 -15434.669  0.72%     -    0s
     0     0 -15434.669    0   39 -15325.000 -15434.669  0.72%     -    0s
     0     0 -15434.669    0   30 -15325.000 -15434.669  0.72%     -    0s
     0     0 -15434.669    0   40 -15325.000 -15434.669  0.72%     -    0s
H    0     0                    -15409.00000 -15434.669  0.17%     -    0s
     0     0 -15434.669    0   46 -15409.000 -15434.669  0.17%     -    0s
     0     0 -15434.669    0   46 -15409.000 -15434.669  0.17%     -    0s
     0     0 -15434.669    0   33 -15409.000 -15434.669  0.17%     -    0s
     0     0 -15434.669    0   38 -15409.000 -15434.669  0.17%     -    0s
     0     0 -15434.669    0   23 -15409.000 -15434.669  0.17%     -    0s
     0     0 -15434.669    0   47 -15409.000 -15434.669  0.17%     -    0s
     0     0 -15434.669    0   47 -15409.000 -15434.669  0.17%     -    0s
     0     0 -15434.669    0   43 -15409.000 -15434.669  0.17%     -    0s
     0     0 -15434.669    0   43 -15409.000 -15434.669  0.17%     -    0s
     0     0 -15434.667    0   30 -15409.000 -15434.667  0.17%     -    0s
     0     0 -15434.667    0   37 -15409.000 -15434.667  0.17%     -    0s
     0     0 -15434.667    0   44 -15409.000 -15434.667  0.17%     -    0s
     0     0 -15432.557    0   51 -15409.000 -15432.557  0.15%     -    0s
     0     0 -15432.387    0   49 -15409.000 -15432.387  0.15%     -    0s
     0     0 -15431.735    0   43 -15409.000 -15431.735  0.15%     -    0s
     0     0 -15431.510    0   52 -15409.000 -15431.510  0.15%     -    0s
     0     0 -15431.441    0   54 -15409.000 -15431.441  0.15%     -    0s
     0     0 -15431.441    0   54 -15409.000 -15431.441  0.15%     -    0s
     0     0 -15431.115    0   57 -15409.000 -15431.115  0.14%     -    0s
     0     0 -15431.115    0   56 -15409.000 -15431.115  0.14%     -    0s
     0     0 -15430.427    0   63 -15409.000 -15430.427  0.14%     -    0s
     0     0 -15429.611    0   60 -15409.000 -15429.611  0.13%     -    0s
     0     0 -15429.594    0   64 -15409.000 -15429.594  0.13%     -    0s
     0     0 -15429.498    0   61 -15409.000 -15429.498  0.13%     -    0s
     0     0 -15429.498    0   63 -15409.000 -15429.498  0.13%     -    0s
     0     0 -15429.222    0   69 -15409.000 -15429.222  0.13%     -    0s
     0     0 -15429.222    0   69 -15409.000 -15429.222  0.13%     -    0s
     0     0 -15426.248    0    5 -15409.000 -15426.248  0.11%     -    0s
     0     0 -15426.248    0   35 -15409.000 -15426.248  0.11%     -    0s
     0     0 -15426.248    0   39 -15409.000 -15426.248  0.11%     -    0s
     0     0 -15426.248    0   18 -15409.000 -15426.248  0.11%     -    0s
     0     0 -15426.248    0   15 -15409.000 -15426.248  0.11%     -    0s
     0     0 -15426.248    0   44 -15409.000 -15426.248  0.11%     -    0s
     0     0 -15426.248    0   25 -15409.000 -15426.248  0.11%     -    0s
     0     0 -15426.248    0   52 -15409.000 -15426.248  0.11%     -    0s
     0     0 -15426.248    0   61 -15409.000 -15426.248  0.11%     -    0s
     0     0 -15426.248    0   63 -15409.000 -15426.248  0.11%     -    0s
     0     0 -15426.248    0   65 -15409.000 -15426.248  0.11%     -    0s
     0     0 -15426.248    0   64 -15409.000 -15426.248  0.11%     -    0s
     0     0 -15426.248    0   64 -15409.000 -15426.248  0.11%     -    0s
     0     2 -15426.248    0   64 -15409.000 -15426.248  0.11%     -    0s

Cutting planes:
  Gomory: 1
  Cover: 29
  Clique: 4
  MIR: 11
  StrongCG: 7

Explored 79 nodes (4093 simplex iterations) in 0.30 seconds (0.15 work units)
Thread count was 4 (of 56 available processors)

Solution count 8: -15409 -15325 -15251 ... 0
No other solutions better than -15409

Optimal solution found (tolerance 1.00e-04)
Best objective -1.540900000000e+04, best bound -1.540900000000e+04, gap 0.0000%
