
Gurobi 9.5.0 (linux64) logging started Mon Jun 20 11:55:44 2022

Set parameter LogFile to value "/local_workspace/chenrui/LogFiles/MKAP/new1W_R25_M30_N100_seed6_DWcutsCTp1_600.log"
Gurobi Optimizer version 9.5.0 build v9.5.0rc5 (linux64)
Thread count: 56 physical cores, 56 logical processors, using up to 4 threads
Optimize a model with 2122 rows, 3750 columns and 12643 nonzeros
Model fingerprint: 0x7ef47944
Variable types: 0 continuous, 3750 integer (3750 binary)
Coefficient statistics:
  Matrix range     [1e-13, 2e+03]
  Objective range  [4e+01, 9e+02]
  Bounds range     [1e+00, 1e+00]
  RHS range        [1e-05, 1e+00]
Warning: Model contains large matrix coefficient range
         Consider reformulating model or setting NumericFocus parameter
         to avoid numerical issues.
Found heuristic solution: objective 0.0000000
Presolve removed 588 rows and 1155 columns
Presolve time: 0.03s
Presolved: 1534 rows, 2595 columns, 8363 nonzeros
Found heuristic solution: objective -15626.00000
Variable types: 0 continuous, 2595 integer (2595 binary)

Root relaxation: objective -3.031197e+04, 4206 iterations, 0.09 seconds (0.08 work units)

    Nodes    |    Current Node    |     Objective Bounds      |     Work
 Expl Unexpl |  Obj  Depth IntInf | Incumbent    BestBd   Gap | It/Node Time

     0     0 -30311.973    0  203 -15626.000 -30311.973  94.0%     -    0s
H    0     0                    -29092.00000 -30311.973  4.19%     -    0s
H    0     0                    -29099.00000 -30311.973  4.17%     -    0s
H    0     0                    -29673.00006 -30311.973  2.15%     -    0s
     0     0 -30311.973    0  204 -29673.000 -30311.973  2.15%     -    0s
H    0     0                    -29988.00000 -30311.973  1.08%     -    0s
H    0     0                    -30125.00000 -30311.973  0.62%     -    0s
     0     0 -30311.973    0  206 -30125.000 -30311.973  0.62%     -    0s
     0     0 -30311.937    0  166 -30125.000 -30311.937  0.62%     -    0s
H    0     0                    -30138.00000 -30311.937  0.58%     -    0s
H    0     0                    -30158.00000 -30311.937  0.51%     -    0s
     0     0 -30311.937    0  164 -30158.000 -30311.937  0.51%     -    0s
     0     0 -30311.937    0  172 -30158.000 -30311.937  0.51%     -    0s
H    0     0                    -30202.00000 -30311.937  0.36%     -    0s
H    0     0                    -30207.00000 -30311.937  0.35%     -    0s
H    0     0                    -30281.00000 -30311.937  0.10%     -    0s
     0     0 -30311.937    0  161 -30281.000 -30311.937  0.10%     -    0s
     0     0 -30311.877    0   43 -30281.000 -30311.877  0.10%     -    0s
     0     0 -30308.819    0   62 -30281.000 -30308.819  0.09%     -    0s
     0     0 -30306.646    0   25 -30281.000 -30306.646  0.08%     -    0s
     0     0 -30306.070    0   18 -30281.000 -30306.070  0.08%     -    0s
     0     0 -30299.405    0   26 -30281.000 -30299.405  0.06%     -    0s
     0     0 -30299.405    0   30 -30281.000 -30299.405  0.06%     -    0s
     0     0 -30281.000    0   26 -30281.000 -30281.000  0.00%     -    0s

Cutting planes:
  Gomory: 6
  Cover: 3
  Clique: 2
  MIR: 1

Explored 1 nodes (8290 simplex iterations) in 0.48 seconds (0.31 work units)
Thread count was 4 (of 56 available processors)

Solution count 10: -30281 -30272 -30207 ... -29099
No other solutions better than -30281

Optimal solution found (tolerance 1.00e-04)
Best objective -3.028099999727e+04, best bound -3.028099999995e+04, gap 0.0000%
