
Gurobi 9.5.0 (linux64) logging started Wed May  4 17:54:49 2022

Set parameter LogFile to value "/local_workspace/chenrui/LogFiles/MKAP/new1W_R25_M40_N100_seed4_DWcuts_600.log"
Gurobi Optimizer version 9.5.0 build v9.5.0rc5 (linux64)
Thread count: 56 physical cores, 56 logical processors, using up to 4 threads
Optimize a model with 2140 rows, 5000 columns and 15000 nonzeros
Model fingerprint: 0x8980f299
Variable types: 0 continuous, 5000 integer (5000 binary)
Coefficient statistics:
  Matrix range     [2e-06, 1e+03]
  Objective range  [7e+01, 9e+02]
  Bounds range     [1e+00, 1e+00]
  RHS range        [4e-07, 1e+00]
Found heuristic solution: objective 0.0000000
Presolve removed 943 rows and 2045 columns
Presolve time: 0.04s
Presolved: 1197 rows, 2955 columns, 8240 nonzeros
Found heuristic solution: objective -23292.00000
Variable types: 0 continuous, 2955 integer (2955 binary)

Root relaxation: objective -3.093625e+04, 3478 iterations, 0.05 seconds (0.05 work units)

    Nodes    |    Current Node    |     Objective Bounds      |     Work
 Expl Unexpl |  Obj  Depth IntInf | Incumbent    BestBd   Gap | It/Node Time

     0     0 -30936.252    0   76 -23292.000 -30936.252  32.8%     -    0s
H    0     0                    -30156.00000 -30936.252  2.59%     -    0s
H    0     0                    -30363.00000 -30936.252  1.89%     -    0s
H    0     0                    -30509.00000 -30936.252  1.40%     -    0s
     0     0 -30936.252    0   73 -30509.000 -30936.252  1.40%     -    0s
H    0     0                    -30664.00000 -30936.252  0.89%     -    0s
H    0     0                    -30752.00000 -30936.252  0.60%     -    0s
     0     0 -30936.252    0   94 -30752.000 -30936.252  0.60%     -    0s
     0     0 -30936.252    0   65 -30752.000 -30936.252  0.60%     -    0s
H    0     0                    -30767.00000 -30936.252  0.55%     -    0s
H    0     0                    -30861.00000 -30936.252  0.24%     -    0s
     0     0 -30936.252    0   50 -30861.000 -30936.252  0.24%     -    0s
     0     0 -30936.252    0   60 -30861.000 -30936.252  0.24%     -    0s
H    0     0                    -30896.00000 -30936.252  0.13%     -    0s
     0     0 -30932.344    0   55 -30896.000 -30932.344  0.12%     -    0s
     0     0 -30925.594    0   64 -30896.000 -30925.594  0.10%     -    0s
     0     0 -30922.165    0   43 -30896.000 -30922.165  0.08%     -    0s
     0     0 -30922.096    0   58 -30896.000 -30922.096  0.08%     -    0s
     0     0 -30922.096    0   54 -30896.000 -30922.096  0.08%     -    0s
     0     0 -30922.096    0   49 -30896.000 -30922.096  0.08%     -    0s
     0     0 -30922.096    0   47 -30896.000 -30922.096  0.08%     -    0s
     0     0 -30922.096    0   56 -30896.000 -30922.096  0.08%     -    0s
     0     0 -30922.096    0   56 -30896.000 -30922.096  0.08%     -    0s
     0     0 -30922.096    0   57 -30896.000 -30922.096  0.08%     -    0s
     0     0 -30922.096    0   60 -30896.000 -30922.096  0.08%     -    0s
     0     0 -30922.096    0   58 -30896.000 -30922.096  0.08%     -    0s
     0     0 -30922.096    0   50 -30896.000 -30922.096  0.08%     -    0s
H    0     0                    -30906.00002 -30922.096  0.05%     -    0s
     0     0 -30922.078    0   61 -30906.000 -30922.078  0.05%     -    0s
H    0     0                    -30922.00000 -30922.078  0.00%     -    0s

Cutting planes:
  Gomory: 3
  Cover: 4
  Clique: 5

Explored 1 nodes (9938 simplex iterations) in 0.52 seconds (0.33 work units)
Thread count was 4 (of 56 available processors)

Solution count 10: -30922 -30906 -30896 ... -30471
No other solutions better than -30922

Optimal solution found (tolerance 1.00e-04)
Best objective -3.092200000000e+04, best bound -3.092200000000e+04, gap 0.0000%
