
Gurobi 9.5.0 (linux64) logging started Tue May  3 22:29:21 2022

Set parameter LogFile to value "/local_workspace/chenrui/LogFiles/MKAP/new1W_R25_M40_N100_seed10_DWcutsCT5_600.log"
Gurobi Optimizer version 9.5.0 build v9.5.0rc5 (linux64)
Thread count: 56 physical cores, 56 logical processors, using up to 4 threads
Optimize a model with 2867 rows, 5000 columns and 16828 nonzeros
Model fingerprint: 0x73eae008
Variable types: 0 continuous, 5000 integer (5000 binary)
Coefficient statistics:
  Matrix range     [1e-13, 2e+03]
  Objective range  [1e+02, 9e+02]
  Bounds range     [1e+00, 1e+00]
  RHS range        [1e-14, 1e+00]
Warning: Model contains large matrix coefficient range
         Consider reformulating model or setting NumericFocus parameter
         to avoid numerical issues.
Found heuristic solution: objective 0.0000000
Presolve removed 1452 rows and 2012 columns
Presolve time: 0.04s
Presolved: 1415 rows, 2988 columns, 7460 nonzeros
Found heuristic solution: objective -22483.00000
Variable types: 0 continuous, 2988 integer (2988 binary)

Root relaxation: objective -3.177050e+04, 2592 iterations, 0.03 seconds (0.03 work units)

    Nodes    |    Current Node    |     Objective Bounds      |     Work
 Expl Unexpl |  Obj  Depth IntInf | Incumbent    BestBd   Gap | It/Node Time

     0     0 -31770.500    0   38 -22483.000 -31770.500  41.3%     -    0s
H    0     0                    -31688.00000 -31770.500  0.26%     -    0s
     0     0 -31763.000    0   66 -31688.000 -31763.000  0.24%     -    0s
     0     0 -31763.000    0   12 -31688.000 -31763.000  0.24%     -    0s
H    0     0                    -31713.00000 -31763.000  0.16%     -    0s
*    0     0               0    -31730.00000 -31730.000  0.00%     -    0s

Cutting planes:
  Gomory: 7
  Clique: 2

Explored 1 nodes (3461 simplex iterations) in 0.18 seconds (0.13 work units)
Thread count was 4 (of 56 available processors)

Solution count 6: -31730 -31713 -31688 ... 0
No other solutions better than -31730

Optimal solution found (tolerance 1.00e-04)
Best objective -3.173000000000e+04, best bound -3.173000000000e+04, gap 0.0000%
