
Gurobi 9.5.0 (linux64) logging started Sat Apr 16 02:09:37 2022

Set parameter LogFile to value "/local_workspace/chenrui/LogFiles/MKAP/new1W_R10_M20_N300_seed1_DWcutsT5_600.log"
Gurobi Optimizer version 9.5.0 build v9.5.0rc5 (linux64)
Thread count: 56 physical cores, 56 logical processors, using up to 4 threads
Optimize a model with 6631 rows, 6200 columns and 196988 nonzeros
Model fingerprint: 0xe4fdab0b
Variable types: 0 continuous, 6200 integer (6200 binary)
Coefficient statistics:
  Matrix range     [1e-13, 8e+03]
  Objective range  [1e+01, 1e+03]
  Bounds range     [1e+00, 1e+00]
  RHS range        [6e-14, 4e+01]
Warning: Model contains large matrix coefficient range
         Consider reformulating model or setting NumericFocus parameter
         to avoid numerical issues.
Found heuristic solution: objective 0.0000000
Presolve removed 737 rows and 818 columns
Presolve time: 0.59s
Presolved: 5894 rows, 5382 columns, 167560 nonzeros
Found heuristic solution: objective -16615.00000
Variable types: 0 continuous, 5382 integer (5382 binary)

Root simplex log...

Iteration    Objective       Primal Inf.    Dual Inf.      Time
   18332   -9.7203849e+04   4.646011e+03   0.000000e+00      5s
Warning: Markowitz tolerance tightened to 0.03125
   25031   -9.7203779e+04   0.000000e+00   0.000000e+00      8s

Root relaxation: objective -9.720378e+04, 25031 iterations, 7.12 seconds (11.51 work units)

    Nodes    |    Current Node    |     Objective Bounds      |     Work
 Expl Unexpl |  Obj  Depth IntInf | Incumbent    BestBd   Gap | It/Node Time

     0     0 -97203.779    0  616 -16615.000 -97203.779   485%     -    8s
H    0     0                    -88615.00000 -97203.779  9.69%     -    8s
H    0     0                    -95834.00000 -97203.779  1.43%     -    8s
H    0     0                    -95931.00000 -97203.779  1.33%     -    8s
H    0     0                    -95991.00000 -97202.934  1.26%     -   14s
     0     0 -97202.934    0  829 -95991.000 -97202.934  1.26%     -   14s
     0     0 -97202.934    0  830 -95991.000 -97202.934  1.26%     -   15s
H    0     0                    -96038.00000 -97201.709  1.21%     -   28s
     0     0 -97201.709    0  659 -96038.000 -97201.709  1.21%     -   28s
H    0     0                    -96057.00000 -97201.709  1.19%     -   33s
     0     0 -97201.708    0  624 -96057.000 -97201.708  1.19%     -   35s
H    0     0                    -96130.00000 -97201.707  1.11%     -   56s
H    0     0                    -96169.00000 -97201.707  1.07%     -   56s
H    0     0                    -96235.00000 -97201.707  1.00%     -   56s
H    0     0                    -96431.00000 -97201.707  0.80%     -   56s
H    0     0                    -96488.00000 -97201.707  0.74%     -   56s
     0     0 -97201.707    0  709 -96488.000 -97201.707  0.74%     -   56s
H    0     0                    -96496.00000 -97201.707  0.73%     -   57s
     0     0 -97201.706    0  605 -96496.000 -97201.706  0.73%     -   59s
H    0     0                    -96562.00000 -97201.706  0.66%     -   61s
     0     0 -97201.706    0  684 -96562.000 -97201.706  0.66%     -   61s
     0     0 -97201.706    0  639 -96562.000 -97201.706  0.66%     -   65s
     0     0 -97201.706    0  646 -96562.000 -97201.706  0.66%     -   67s
     0     0 -97201.706    0  642 -96562.000 -97201.706  0.66%     -   69s
     0     0 -97201.706    0  626 -96562.000 -97201.706  0.66%     -   71s
     0     0 -97201.706    0  626 -96562.000 -97201.706  0.66%     -   76s
     0     2 -97201.706    0  626 -96562.000 -97201.706  0.66%     -   83s
     1     4 -97201.706    1  567 -96562.000 -97201.706  0.66%  1756   89s
     3     8 -97201.706    2  675 -96562.000 -97201.706  0.66%  2676   94s
     7    12 -97201.705    3  709 -96562.000 -97201.706  0.66%  2861  101s
    11    16 -97201.700    3  786 -96562.000 -97201.706  0.66%  3939  106s
    15    20 -97201.648    4  775 -96562.000 -97201.704  0.66%  4592  117s
    19    24 -97201.336    4  590 -96562.000 -97201.700  0.66%  5401  122s
    23    28 -97201.626    5  719 -96562.000 -97201.700  0.66%  5597  126s
    27    32 -97201.580    5  713 -96562.000 -97201.700  0.66%  5908  139s
    31    36 -97200.911    6  485 -96562.000 -97201.700  0.66%  6493  144s
    35    47 -97201.329    6  642 -96562.000 -97201.700  0.66%  6803  158s
    46   137 -97200.721    8  587 -96562.000 -97201.700  0.66%  7591  204s
H   57   137                    -96617.00000 -97201.700  0.61%  6830  204s
   136   583 -97199.054   20  270 -96617.000 -97201.700  0.61%  4950  222s
H  270   583                    -96667.00000 -97201.700  0.55%  2658  222s
   584  1045 -97060.280  102  125 -96667.000 -97201.700  0.55%  1519  233s
  1122  1050 -97201.563   16  607 -96667.000 -97201.674  0.55%   862  246s
H 1123  1050                    -96668.00102 -97201.674  0.55%   861  246s
  1128  1051 -96963.623   48  626 -96668.001 -97201.674  0.55%   862  269s
H 1129   999                    -96680.00000 -97201.674  0.54%   862  276s
  1131  1000 -96975.326   57  706 -96680.000 -97201.674  0.54%   860  286s
  1132  1001 -96956.319  137  629 -96680.000 -97201.674  0.54%   859  291s
  1134  1002 -96843.026  193  657 -96680.000 -97201.674  0.54%   858  298s
  1135  1003 -96977.638   87  655 -96680.000 -97201.674  0.54%   857  300s
  1138  1005 -97143.168   85  677 -96680.000 -97201.674  0.54%   855  312s
  1139  1005 -97201.030    5  690 -96680.000 -97201.674  0.54%   854  315s
  1141  1007 -96978.365  113  684 -96680.000 -97201.674  0.54%   853  325s
  1143  1008 -97198.806   22  647 -96680.000 -97201.674  0.54%   851  331s
  1144  1009 -97162.732   83  661 -96680.000 -97201.674  0.54%   850  342s
  1146  1010 -97123.170   39  685 -96680.000 -97201.674  0.54%   849  346s
  1147  1011 -96883.113  136  674 -96680.000 -97201.674  0.54%   848  350s
  1148  1011 -97197.803   18  656 -96680.000 -97201.674  0.54%   847  357s
  1150  1013 -97065.138   28  648 -96680.000 -97201.674  0.54%   846  389s
  1151  1016 -97201.674   16  612 -96680.000 -97201.674  0.54%   977  419s
  1153  1020 -97201.674   17  635 -96680.000 -97201.674  0.54%   982  443s
  1157  1022 -97201.674   18  717 -96680.000 -97201.674  0.54%   991  449s
  1161  1025 -97201.648   18  678 -96680.000 -97201.674  0.54%  1002  458s
  1165  1028 -97201.648   19  692 -96680.000 -97201.674  0.54%  1032  463s
  1169  1030 -97201.530   19  595 -96680.000 -97201.674  0.54%  1040  465s
  1173  1034 -97201.463   20  598 -96680.000 -97201.674  0.54%  1047  471s
  1178  1036 -97201.423   21  539 -96680.000 -97201.674  0.54%  1066  476s
  1182  1040 -97200.779   21  666 -96680.000 -97201.674  0.54%  1077  480s
  1187  1056 -97201.423   22  532 -96680.000 -97201.674  0.54%  1085  487s
  1205  1123 -97094.510   25  573 -96680.000 -97201.674  0.54%  1111  517s
  1278  1447 -97200.381   33  447 -96680.000 -97201.674  0.54%  1166  582s
  1706  1656 -97125.231   87  225 -96680.000 -97201.674  0.54%  1079  600s

Cutting planes:
  Cover: 65
  Clique: 225
  MIR: 11
  StrongCG: 8
  Flow cover: 13
  Zero half: 4
  RLT: 4

Explored 2183 nodes (2140979 simplex iterations) in 600.01 seconds (1183.55 work units)
Thread count was 4 (of 56 available processors)

Solution count 10: -96680 -96668 -96667 ... -96169

Time limit reached
Best objective -9.668000000000e+04, best bound -9.720100000000e+04, gap 0.5389%
