
Gurobi 9.5.0 (linux64) logging started Tue May  3 13:17:07 2022

Set parameter LogFile to value "/local_workspace/chenrui/LogFiles/MKAP/new1W_R2_M30_N50_seed9_DWcutsCT_600.log"
Gurobi Optimizer version 9.5.0 build v9.5.0rc5 (linux64)
Thread count: 56 physical cores, 56 logical processors, using up to 4 threads
Optimize a model with 200 rows, 1560 columns and 4680 nonzeros
Model fingerprint: 0x9bc35fa4
Variable types: 0 continuous, 1560 integer (1560 binary)
Coefficient statistics:
  Matrix range     [3e-13, 1e+03]
  Objective range  [4e+01, 1e+03]
  Bounds range     [1e+00, 1e+00]
  RHS range        [6e-14, 1e+00]
Warning: Model contains large matrix coefficient range
         Consider reformulating model or setting NumericFocus parameter
         to avoid numerical issues.
Found heuristic solution: objective 0.0000000
Presolve removed 67 rows and 849 columns
Presolve time: 0.01s
Presolved: 133 rows, 711 columns, 1904 nonzeros
Found heuristic solution: objective -10512.00000
Variable types: 0 continuous, 711 integer (711 binary)

Root relaxation: objective -1.213400e+04, 405 iterations, 0.00 seconds (0.00 work units)

    Nodes    |    Current Node    |     Objective Bounds      |     Work
 Expl Unexpl |  Obj  Depth IntInf | Incumbent    BestBd   Gap | It/Node Time

     0     0 -12134.000    0    7 -10512.000 -12134.000  15.4%     -    0s
H    0     0                    -11587.00000 -12134.000  4.72%     -    0s
H    0     0                    -11892.00000 -12134.000  2.03%     -    0s
H    0     0                    -11956.00000 -12134.000  1.49%     -    0s
     0     0 -12134.000    0   23 -11956.000 -12134.000  1.49%     -    0s
H    0     0                    -12036.00000 -12134.000  0.81%     -    0s
H    0     0                    -12134.00000 -12134.000  0.00%     -    0s
     0     0 -12134.000    0   17 -12134.000 -12134.000  0.00%     -    0s

Cutting planes:
  Gomory: 21
  Cover: 15
  Clique: 3
  MIR: 12
  StrongCG: 10
  Zero half: 3

Explored 1 nodes (942 simplex iterations) in 0.05 seconds (0.02 work units)
Thread count was 4 (of 56 available processors)

Solution count 7: -12134 -12036 -11956 ... 0
No other solutions better than -12134

Optimal solution found (tolerance 1.00e-04)
Best objective -1.213400000000e+04, best bound -1.213400000000e+04, gap 0.0000%
