
Gurobi 9.5.0 (linux64) logging started Tue May  3 16:19:54 2022

Set parameter LogFile to value "/local_workspace/chenrui/LogFiles/MKAP/new1W_R5_M40_N50_seed10_objLB_600.log"
Gurobi Optimizer version 9.5.0 build v9.5.0rc5 (linux64)
Thread count: 56 physical cores, 56 logical processors, using up to 4 threads
Optimize a model with 291 rows, 2200 columns and 6400 nonzeros
Model fingerprint: 0x521ed12b
Variable types: 0 continuous, 2200 integer (2200 binary)
Coefficient statistics:
  Matrix range     [1e+00, 1e+03]
  Objective range  [7e+01, 8e+02]
  Bounds range     [1e+00, 1e+00]
  RHS range        [1e+00, 1e+04]
Found heuristic solution: objective 0.0000000
Presolve removed 154 rows and 1563 columns
Presolve time: 0.01s
Presolved: 137 rows, 637 columns, 1837 nonzeros
Variable types: 0 continuous, 637 integer (637 binary)
Found heuristic solution: objective -9832.000000

Root relaxation: objective -1.047800e+04, 128 iterations, 0.00 seconds (0.00 work units)

    Nodes    |    Current Node    |     Objective Bounds      |     Work
 Expl Unexpl |  Obj  Depth IntInf | Incumbent    BestBd   Gap | It/Node Time

     0     0 -10478.000    0    1 -9832.0000 -10478.000  6.57%     -    0s
H    0     0                    -10478.00000 -10478.000  0.00%     -    0s
     0     0 -10478.000    0    1 -10478.000 -10478.000  0.00%     -    0s

Explored 1 nodes (128 simplex iterations) in 0.01 seconds (0.01 work units)
Thread count was 4 (of 56 available processors)

Solution count 3: -10478 -9832 0 
No other solutions better than -10478

Optimal solution found (tolerance 1.00e-04)
Best objective -1.047800000000e+04, best bound -1.047800000000e+04, gap 0.0000%
