
Gurobi 9.5.0 (linux64) logging started Mon Jun 20 09:07:47 2022

Set parameter LogFile to value "/local_workspace/chenrui/LogFiles/MKAP/new1W_R5_M10_N50_seed1_DWcutsCTp4_600.log"
Gurobi Optimizer version 9.5.0 build v9.5.0rc5 (linux64)
Thread count: 56 physical cores, 56 logical processors, using up to 4 threads
Optimize a model with 565 rows, 550 columns and 5705 nonzeros
Model fingerprint: 0xd4993868
Variable types: 0 continuous, 550 integer (550 binary)
Coefficient statistics:
  Matrix range     [1e-13, 9e+03]
  Objective range  [2e+02, 9e+02]
  Bounds range     [1e+00, 1e+00]
  RHS range        [1e-05, 1e+00]
Warning: Model contains large matrix coefficient range
         Consider reformulating model or setting NumericFocus parameter
         to avoid numerical issues.
Found heuristic solution: objective 0.0000000
Presolve removed 153 rows and 173 columns
Presolve time: 0.01s
Presolved: 412 rows, 377 columns, 3716 nonzeros
Found heuristic solution: objective -6913.000000
Variable types: 0 continuous, 377 integer (377 binary)

Root relaxation: objective -1.627402e+04, 729 iterations, 0.01 seconds (0.02 work units)

    Nodes    |    Current Node    |     Objective Bounds      |     Work
 Expl Unexpl |  Obj  Depth IntInf | Incumbent    BestBd   Gap | It/Node Time

     0     0 -16274.023    0  105 -6913.0000 -16274.023   135%     -    0s
H    0     0                    -16274.00000 -16274.023  0.00%     -    0s
     0     0 -16274.023    0  105 -16274.000 -16274.023  0.00%     -    0s

Explored 1 nodes (742 simplex iterations) in 0.04 seconds (0.03 work units)
Thread count was 4 (of 56 available processors)

Solution count 3: -16274 -6913 0 
No other solutions better than -16274

Optimal solution found (tolerance 1.00e-04)
Best objective -1.627400000000e+04, best bound -1.627400000000e+04, gap 0.0000%
