
Gurobi 9.5.0 (linux64) logging started Wed May  4 08:25:25 2022

Set parameter LogFile to value "/local_workspace/chenrui/LogFiles/MKAP/new1W_R25_M30_N200_seed4_objLB_600.log"
Gurobi Optimizer version 9.5.0 build v9.5.0rc5 (linux64)
Thread count: 56 physical cores, 56 logical processors, using up to 4 threads
Optimize a model with 981 rows, 6750 columns and 19500 nonzeros
Model fingerprint: 0x1f941d7b
Variable types: 0 continuous, 6750 integer (6750 binary)
Coefficient statistics:
  Matrix range     [1e+00, 4e+03]
  Objective range  [1e+02, 9e+02]
  Bounds range     [1e+00, 1e+00]
  RHS range        [1e+00, 6e+04]
Found heuristic solution: objective 0.0000000
Presolve removed 115 rows and 1162 columns
Presolve time: 0.04s
Presolved: 866 rows, 5588 columns, 16129 nonzeros
Variable types: 0 continuous, 5588 integer (5588 binary)
Found heuristic solution: objective -35333.00000

Root relaxation: objective -6.337400e+04, 1556 iterations, 0.03 seconds (0.04 work units)

    Nodes    |    Current Node    |     Objective Bounds      |     Work
 Expl Unexpl |  Obj  Depth IntInf | Incumbent    BestBd   Gap | It/Node Time

     0     0 -63374.000    0   64 -35333.000 -63374.000  79.4%     -    0s
H    0     0                    -54448.00000 -63374.000  16.4%     -    0s
H    0     0                    -54504.00000 -63374.000  16.3%     -    0s
H    0     0                    -58203.00000 -63374.000  8.88%     -    0s
H    0     0                    -58752.00000 -63374.000  7.87%     -    0s
     0     0 -63374.000    0  186 -58752.000 -63374.000  7.87%     -    0s
     0     0 -63374.000    0  163 -58752.000 -63374.000  7.87%     -    0s
H    0     0                    -58768.00000 -63374.000  7.84%     -    0s
     0     0 -63374.000    0   68 -58768.000 -63374.000  7.84%     -    0s
     0     0 -63374.000    0   68 -58768.000 -63374.000  7.84%     -    0s
     0     2 -63374.000    0   56 -58768.000 -63374.000  7.84%     -    0s
H   31    36                    -58997.00000 -63374.000  7.42%   262    1s
H   31    36                    -59523.00000 -63374.000  6.47%   262    1s
H   33    36                    -59740.00026 -63374.000  6.08%   254    1s
H  438   546                    -59876.00000 -63374.000  5.84%   121    2s
H  445   546                    -59922.00000 -63374.000  5.76%   121    2s
H  505   535                    -60597.00000 -63374.000  4.58%   121    2s
H  976   944                    -60716.00000 -63374.000  4.38%   116    2s
H  979   943                    -60756.00000 -63374.000  4.31%   117    2s
H 1157  1111                    -61009.00000 -63374.000  3.88%   120    3s
H 1173  1057                    -61025.00000 -63374.000  3.85%   119    3s
H 1173  1004                    -61189.00000 -63374.000  3.57%   119    3s
H 1173   954                    -61197.00000 -63374.000  3.56%   119    3s
H 1177   908                    -61443.00000 -63374.000  3.14%   119    4s
  1179   910 -62447.405  121   87 -61443.000 -63374.000  3.14%   119    5s
H 1212   890                    -61469.00000 -63374.000  3.10%   141    8s
H 1288   956                    -61605.00000 -63374.000  2.87%   139    9s
  1350  1368 -63264.773   39  164 -61605.000 -63374.000  2.87%   139   11s
H 1358  1323                    -61683.00000 -63374.000  2.74%   139   11s
H 1359  1284                    -61716.00000 -63374.000  2.69%   139   11s
H 1453  1215                    -61756.00000 -63374.000  2.62%   141   11s
H 1535  1153                    -61921.00000 -63374.000  2.35%   140   11s
H 1794  1582                    -61929.00000 -63374.000  2.33%   140   13s
H 1975  1489                    -62155.00000 -63374.000  1.96%   139   13s
H 2522  1445                    -62171.00000 -63374.000  1.93%   120   15s
H 2637  1375                    -62188.00000 -63374.000  1.91%   116   15s
H 2638  1321                    -62265.00000 -63374.000  1.78%   116   15s
H 2757  1283                    -62290.00000 -63374.000  1.74%   114   15s
H 2784  1833                    -62401.00000 -63374.000  1.56%   113   16s
H 3558  2223                    -62427.00000 -63374.000  1.52%  98.4   17s
H 4069  2265                    -62474.00000 -63374.000  1.44%  94.4   19s
  4162  2991 -63085.264   66  128 -62474.000 -63374.000  1.44%  94.9   20s
H 5099  3009                    -62477.00000 -63374.000  1.44%  86.0   23s
H 5100  2979                    -62523.00000 -63374.000  1.36%  86.1   23s
  5321  3353 -63374.000   45  128 -62523.000 -63374.000  1.36%  91.8   25s
H 5404  3029                    -62777.00000 -63374.000  0.95%  95.0   25s
  6694  3820 -63374.000   79  134 -62777.000 -63374.000  0.95%  87.3   30s
H 6705  3710                    -62832.00000 -63374.000  0.86%  87.8   30s
 11132  8771 -63374.000   93  106 -62832.000 -63374.000  0.86%  66.5   35s
 14997 10863 -63374.000   35  102 -62832.000 -63374.000  0.86%  60.4   40s
 20286 14628 -63374.000   89  117 -62832.000 -63374.000  0.86%  55.2   45s
 20290 14632 -63374.000   90  113 -62832.000 -63374.000  0.86%  55.2   51s
H20291 14134                    -62925.00000 -63374.000  0.71%  55.2   51s
 21412 15841 -63374.000   47  130 -62925.000 -63374.000  0.71%  55.2   58s
 22833 16721 -63374.000   33  126 -62925.000 -63374.000  0.71%  55.6   60s
 28333 20851 -63374.000   85  120 -62925.000 -63374.000  0.71%  54.9   65s
 31443 23036 -63374.000   51  120 -62925.000 -63374.000  0.71%  54.2   70s
 32778 24215 -63285.754   99  103 -62925.000 -63374.000  0.71%  55.1   75s
 38171 27944 -63374.000   76  118 -62925.000 -63374.000  0.71%  53.3   80s
H43890 31189                    -62932.00000 -63374.000  0.70%  52.5   86s
 47000 33754 -63374.000  108  106 -62932.000 -63374.000  0.70%  52.4   90s
 50574 35844 -63275.763  120  103 -62932.000 -63374.000  0.70%  52.3   95s
 54020 38018 -63091.979   56  102 -62932.000 -63374.000  0.70%  53.2  103s
 56136 39432 -63371.544   62  118 -62932.000 -63374.000  0.70%  52.9  106s
 56993 40407 -63374.000   83   90 -62932.000 -63374.000  0.70%  52.8  110s
 62126 44044 -63374.000   56  103 -62932.000 -63374.000  0.70%  52.4  115s
 65454 45723 -63232.225   52  110 -62932.000 -63374.000  0.70%  51.7  121s
 69222 48671 -63374.000   69  108 -62932.000 -63374.000  0.70%  51.5  125s
H69733 48658                    -62936.00000 -63374.000  0.70%  51.5  126s
 75058 52111 -63374.000   51  131 -62936.000 -63374.000  0.70%  50.6  130s
 78780 54035 -63359.604   68  109 -62936.000 -63374.000  0.70%  50.4  139s
 79411 54753 -63374.000   58  104 -62936.000 -63374.000  0.70%  50.4  140s
 84986 58109     cutoff   85      -62936.000 -63374.000  0.70%  50.2  145s
 88411 60247 -63374.000   19  120 -62936.000 -63374.000  0.70%  49.9  150s
 93878 63840     cutoff   44      -62936.000 -63374.000  0.70%  49.8  155s
 98186 66613 -63374.000   38  130 -62936.000 -63374.000  0.70%  49.6  160s
 101398 68816 -63054.682   67   90 -62936.000 -63374.000  0.70%  49.6  165s
 106299 71883 -63239.590  121   83 -62936.000 -63374.000  0.70%  49.2  170s
 111548 75242 -63372.830  101  103 -62936.000 -63374.000  0.70%  48.7  175s
 113059 76133 -63374.000   32   97 -62936.000 -63374.000  0.70%  48.7  180s
 116837 79060 -63374.000   42  110 -62936.000 -63374.000  0.70%  48.8  185s
 120953 82857 -63374.000   72  106 -62936.000 -63374.000  0.70%  48.9  190s
 122358 83789 -63374.000   70  115 -62936.000 -63374.000  0.70%  48.8  195s
 126042 86680 -63370.587  104  118 -62936.000 -63374.000  0.70%  48.7  200s
 132299 91242 -63141.464   94   88 -62936.000 -63374.000  0.70%  48.5  205s
 135325 92943 -63087.917   97   95 -62936.000 -63374.000  0.70%  48.4  212s
 136839 94796 -63374.000   90  108 -62936.000 -63374.000  0.70%  48.3  215s
 142751 98800 -63352.813   88   90 -62936.000 -63374.000  0.70%  48.3  220s
 146304 101255 -63374.000   86  121 -62936.000 -63374.000  0.70%  48.2  225s
 151379 104388 -63374.000   66  116 -62936.000 -63374.000  0.70%  48.1  232s
 154193 106183 -63374.000   64  101 -62936.000 -63374.000  0.70%  47.9  236s
 158950 109635 -63374.000   69  102 -62936.000 -63374.000  0.70%  47.6  240s
 165220 113397 -63374.000   64  103 -62936.000 -63374.000  0.70%  47.3  246s
 168463 115825 -62998.555   97   95 -62936.000 -63374.000  0.70%  47.1  250s
 172861 118209 -63357.774   81   93 -62936.000 -63374.000  0.70%  46.9  255s
 178276 121189 -63374.000   51  111 -62936.000 -63374.000  0.70%  46.5  263s
 179772 122429 -63197.998   55  109 -62936.000 -63374.000  0.70%  46.5  265s
 184879 125598 -63324.576   58  110 -62936.000 -63374.000  0.70%  46.4  270s
 188893 127896 -63327.432   63  111 -62936.000 -63374.000  0.70%  46.5  275s
 193578 130603 -63374.000   74  107 -62936.000 -63374.000  0.70%  46.7  282s
H193579 128682                    -62966.00000 -63374.000  0.65%  46.7  282s
 194810 129351 -63162.639   94   97 -62966.000 -63374.000  0.65%  46.7  285s
 196998 130975 -63374.000   57  108 -62966.000 -63374.000  0.65%  46.9  290s
 198643 132303 -63374.000   71   94 -62966.000 -63374.000  0.65%  47.0  295s
 203489 135601 -63374.000   56  108 -62966.000 -63374.000  0.65%  47.3  300s
 205716 136649 -63200.010   69  113 -62966.000 -63374.000  0.65%  47.6  306s
 207038 137978 -63374.000   55  117 -62966.000 -63374.000  0.65%  47.7  310s
 210806 140565 -63342.995   74  118 -62966.000 -63374.000  0.65%  48.3  315s
 212983 141375 -63374.000   56  128 -62966.000 -63374.000  0.65%  48.6  322s
 215322 143113 -63122.667   85  100 -62966.000 -63374.000  0.65%  48.7  325s
 219081 144978 -63374.000   66  111 -62966.000 -63374.000  0.65%  49.1  330s
 222205 147051 -63357.552   68  105 -62966.000 -63374.000  0.65%  49.4  335s
 224458 148044 -63374.000   79  106 -62966.000 -63374.000  0.65%  49.6  340s
 228458 150503 -63374.000  111  108 -62966.000 -63374.000  0.65%  49.9  345s
H230794 149991                    -62981.00000 -63374.000  0.62%  50.2  349s
 230842 150289 -63374.000  100  114 -62981.000 -63374.000  0.62%  50.2  350s
 233442 151609 -63374.000   71  131 -62981.000 -63374.000  0.62%  50.4  356s
 236110 153122 -63374.000   24   81 -62981.000 -63374.000  0.62%  50.6  360s
 238603 154258 -63292.064   59  101 -62981.000 -63374.000  0.62%  51.0  369s
H238606 144372                    -63047.00000 -63374.000  0.52%  51.0  369s
 238608 144557 -63292.064   60  101 -63047.000 -63374.000  0.52%  51.0  371s
 240100 145329 -63374.000   58  114 -63047.000 -63374.000  0.52%  51.2  375s
 244699 147941 -63374.000   88  129 -63047.000 -63374.000  0.52%  51.6  381s
 247303 149599 -63302.104   56  111 -63047.000 -63374.000  0.52%  52.1  385s
 250401 150953     cutoff   67      -63047.000 -63374.000  0.52%  52.3  392s
 252450 152476 -63215.433   38  116 -63047.000 -63374.000  0.52%  52.5  395s
 255790 154223 -63374.000   63  111 -63047.000 -63374.000  0.52%  52.9  400s
 258385 155600     cutoff   66      -63047.000 -63374.000  0.52%  53.1  406s
 260945 157429 -63358.452   53  136 -63047.000 -63374.000  0.52%  53.3  410s
 262848 158116 -63374.000   44  101 -63047.000 -63374.000  0.52%  53.4  415s
 262991 160540 -63374.000   45   98 -63047.000 -63374.000  0.52%  53.4  420s
 269140 161826 -63374.000   49  109 -63047.000 -63374.000  0.52%  54.1  427s
 270292 162935 -63262.584   79  133 -63047.000 -63374.000  0.52%  54.2  430s
 273401 164653 -63374.000   48  106 -63047.000 -63374.000  0.52%  54.4  435s
 277671 166787 -63285.307   61  107 -63047.000 -63374.000  0.52%  54.8  441s
 280315 168933 -63374.000   49  117 -63047.000 -63374.000  0.52%  54.9  445s
 281951 169856 -63374.000   63  126 -63047.000 -63374.000  0.52%  55.0  450s
 285015 172141 -63374.000   63  104 -63047.000 -63374.000  0.52%  55.2  455s
 289011 174701 -63199.031   93  116 -63047.000 -63374.000  0.52%  55.5  460s
 289882 175228 -63264.637   77  117 -63047.000 -63374.000  0.52%  55.5  465s
 293500 177614 -63374.000   94   96 -63047.000 -63374.000  0.52%  55.8  470s
 296657 179095 -63296.857   63  107 -63047.000 -63374.000  0.52%  56.0  475s
H297470 176898                    -63057.00000 -63374.000  0.50%  56.1  477s
 298904 177820 -63374.000   61  106 -63057.000 -63374.000  0.50%  56.1  480s
 301242 179843 -63374.000   65  111 -63057.000 -63374.000  0.50%  56.3  485s
 303284 180959 -63374.000   97   86 -63057.000 -63374.000  0.50%  56.4  490s
 306007 182287 -63164.566   52  105 -63057.000 -63374.000  0.50%  56.5  495s
 310522 184524 -63374.000   60  106 -63057.000 -63374.000  0.50%  56.7  500s
H311158 178598                    -63075.00000 -63374.000  0.47%  56.7  502s
 312660 179260 -63347.720   61  116 -63075.000 -63374.000  0.47%  56.8  506s
 314533 180567 -63374.000   57  127 -63075.000 -63374.000  0.47%  57.0  510s
 318029 182278 -63374.000   58  101 -63075.000 -63374.000  0.47%  57.1  517s
 319680 183315 -63374.000   63  112 -63075.000 -63374.000  0.47%  57.2  520s
 323609 185563 -63374.000   62  114 -63075.000 -63374.000  0.47%  57.5  525s
 325861 186423 -63374.000   70  107 -63075.000 -63374.000  0.47%  57.6  532s
 327082 187574 -63374.000   62  106 -63075.000 -63374.000  0.47%  57.7  535s
 331512 189578 -63374.000   52  114 -63075.000 -63374.000  0.47%  57.9  540s
 335494 191762 -63357.592   85  136 -63075.000 -63374.000  0.47%  58.1  545s
 337699 193371 -63347.973   44  117 -63075.000 -63374.000  0.47%  58.2  550s
 341387 194941 -63374.000   87  117 -63075.000 -63374.000  0.47%  58.4  555s
 343538 196099 -63349.021   54  118 -63075.000 -63374.000  0.47%  58.6  560s
 346980 197763 -63205.407   52  102 -63075.000 -63374.000  0.47%  58.8  565s
 348674 198631 -63368.229   74  130 -63075.000 -63374.000  0.47%  59.0  570s
 353105 201479 -63218.997   53  106 -63075.000 -63374.000  0.47%  59.1  575s
 356294 202819 -63190.081   40  127 -63075.000 -63374.000  0.47%  59.2  582s
 357157 203476 -63374.000   55  103 -63075.000 -63374.000  0.47%  59.2  585s
 360292 205256     cutoff   73      -63075.000 -63374.000  0.47%  59.4  593s
 360904 205554 -63199.304   48  115 -63075.000 -63374.000  0.47%  59.4  595s
 364568 207576     cutoff   44      -63075.000 -63374.000  0.47%  59.5  600s

Cutting planes:
  Gomory: 61
  Lift-and-project: 3
  Cover: 171
  Clique: 132
  MIR: 31
  StrongCG: 47
  Flow cover: 79
  Zero half: 13
  RLT: 4

Explored 365313 nodes (21761735 simplex iterations) in 600.01 seconds (1299.29 work units)
Thread count was 4 (of 56 available processors)

Solution count 10: -63075 -63057 -63047 ... -62777

Time limit reached
Best objective -6.307500000000e+04, best bound -6.337400000000e+04, gap 0.4740%
