
Gurobi 9.5.0 (linux64) logging started Wed May  4 19:51:15 2022

Set parameter LogFile to value "/local_workspace/chenrui/LogFiles/MKAP/new1W_R25_M40_N100_seed9_objLB_600.log"
Gurobi Optimizer version 9.5.0 build v9.5.0rc5 (linux64)
Thread count: 56 physical cores, 56 logical processors, using up to 4 threads
Optimize a model with 1141 rows, 5000 columns and 14000 nonzeros
Model fingerprint: 0xd4af5033
Variable types: 0 continuous, 5000 integer (5000 binary)
Coefficient statistics:
  Matrix range     [1e+00, 1e+03]
  Objective range  [6e+01, 9e+02]
  Bounds range     [1e+00, 1e+00]
  RHS range        [1e+00, 3e+04]
Found heuristic solution: objective 0.0000000
Presolve removed 492 rows and 2092 columns
Presolve time: 0.03s
Presolved: 649 rows, 2908 columns, 8216 nonzeros
Variable types: 0 continuous, 2908 integer (2908 binary)
Found heuristic solution: objective -20909.00000

Root relaxation: objective -2.891800e+04, 1266 iterations, 0.01 seconds (0.02 work units)

    Nodes    |    Current Node    |     Objective Bounds      |     Work
 Expl Unexpl |  Obj  Depth IntInf | Incumbent    BestBd   Gap | It/Node Time

     0     0 -28918.000    0   41 -20909.000 -28918.000  38.3%     -    0s
H    0     0                    -26643.00000 -28918.000  8.54%     -    0s
H    0     0                    -26825.00000 -28918.000  7.80%     -    0s
H    0     0                    -26952.00000 -28918.000  7.29%     -    0s
H    0     0                    -27169.00000 -28918.000  6.44%     -    0s
     0     0 -28918.000    0  101 -27169.000 -28918.000  6.44%     -    0s
H    0     0                    -27388.00000 -28918.000  5.59%     -    0s
H    0     0                    -27728.00000 -28918.000  4.29%     -    0s
H    0     0                    -27838.00000 -28918.000  3.88%     -    0s
H    0     0                    -27983.00000 -28918.000  3.34%     -    0s
     0     0 -28918.000    0   40 -27983.000 -28918.000  3.34%     -    0s
     0     0 -28918.000    0   40 -27983.000 -28918.000  3.34%     -    0s
H    0     0                    -28022.00000 -28918.000  3.20%     -    0s
     0     2 -28918.000    0   39 -28022.000 -28918.000  3.20%     -    0s
H   31    38                    -28099.00000 -28918.000  2.91%   221    0s
H   32    38                    -28127.00000 -28918.000  2.81%   215    0s
H   33    38                    -28195.00000 -28918.000  2.56%   211    0s
H   93   189                    -28198.00000 -28918.000  2.55%   139    0s
H  136   189                    -28229.00000 -28918.000  2.44%   129    0s
H  164   189                    -28300.00000 -28918.000  2.18%   119    0s
H  191   363                    -28399.00000 -28918.000  1.83%   113    0s
H  486   507                    -28477.00000 -28918.000  1.55%  76.4    0s
H  675   562                    -28495.00000 -28918.000  1.48%  72.3    0s
H  675   557                    -28502.00000 -28918.000  1.46%  72.3    0s
H  703   554                    -28512.00000 -28918.000  1.42%  77.3    0s
H  713   503                    -28605.00000 -28918.000  1.09%  83.2    0s
H  713   475                    -28654.00000 -28918.000  0.92%  83.2    0s
H  839   537                    -28671.00000 -28918.000  0.86%  86.0    1s
H  981   493                    -28754.00000 -28918.000  0.57%  95.4    1s
  1089   583 -28918.000   20   80 -28754.000 -28918.000  0.57%   124    5s
H 2379  1019                    -28759.00000 -28918.000  0.55%   137    6s
H 2559  1203                    -28770.00001 -28918.000  0.51%   136    7s
H 2796  1208                    -28780.00000 -28918.000  0.48%   137    7s
H 2818  1100                    -28821.00000 -28918.000  0.34%   137    7s
H 3077  1198                    -28831.00000 -28918.000  0.30%   140    8s
H 3104  1170                    -28848.00000 -28918.000  0.24%   140    9s
H 3231  1130                    -28858.00000 -28918.000  0.21%   142    9s
  3311  1167 -28918.000   40   42 -28858.000 -28918.000  0.21%   144   10s
H 3352  1128                    -28864.00002 -28918.000  0.19%   144   10s
  4967  1684     cutoff   50      -28864.000 -28918.000  0.19%   172   15s
H 5345  1689                    -28869.00000 -28918.000  0.17%   174   16s
  7376  2479     cutoff   73      -28869.000 -28918.000  0.17%   190   20s
  8793  2796 -28918.000   81   71 -28869.000 -28918.000  0.17%   201   25s
 10207  3055     cutoff   77      -28869.000 -28918.000  0.17%   206   30s
 12678  3358     cutoff   60      -28869.000 -28918.000  0.17%   213   36s
H12681  2887                    -28910.00000 -28918.000  0.03%   213   36s
 14525  2998 -28918.000   50   99 -28910.000 -28918.000  0.03%   221   40s
 16721  3090 -28918.000   55   51 -28910.000 -28918.000  0.03%   230   45s
 18780  3162 -28918.000   67   80 -28910.000 -28918.000  0.03%   237   50s
 20650  3247 -28918.000   52   75 -28910.000 -28918.000  0.03%   241   58s
 20947  3188     cutoff   54      -28910.000 -28918.000  0.03%   242   62s
 21755  3197     cutoff   36      -28910.000 -28918.000  0.03%   250   65s
 22778  3405 -28918.000   28   99 -28910.000 -28918.000  0.03%   254   72s
 23368  3603     cutoff   42      -28910.000 -28918.000  0.03%   254   75s
 25136  3668 -28913.619   31   98 -28910.000 -28918.000  0.03%   254   81s
 26011  3801 -28918.000   35  115 -28910.000 -28918.000  0.03%   252   86s
 27939  3881     cutoff   60      -28910.000 -28918.000  0.03%   249   91s
 28989  3954 -28915.287   50   87 -28910.000 -28918.000  0.03%   249   96s
 30329  4038 -28918.000   43   90 -28910.000 -28918.000  0.03%   250  101s
 31246  4354 -28918.000   36  107 -28910.000 -28918.000  0.03%   250  106s
 33291  4532 -28918.000   53   58 -28910.000 -28918.000  0.03%   247  112s
 33326  4565 -28918.000   54   25 -28910.000 -28918.000  0.03%   247  115s
 35289  4814     cutoff   55      -28910.000 -28918.000  0.03%   245  122s
 36723  4988 -28918.000   48  140 -28910.000 -28918.000  0.03%   244  125s
 37966  5234 -28918.000   29  156 -28910.000 -28918.000  0.03%   243  131s
 39072  5334 -28918.000   54   97 -28910.000 -28918.000  0.03%   242  135s
 40335  5522     cutoff   68      -28910.000 -28918.000  0.03%   242  140s
 42093  5584 -28918.000   40   69 -28910.000 -28918.000  0.03%   242  147s
 42597  5709     cutoff   23      -28910.000 -28918.000  0.03%   242  151s
 44524  5815 -28918.000   33  111 -28910.000 -28918.000  0.03%   241  155s
 45729  5904     cutoff   49      -28910.000 -28918.000  0.03%   242  160s
 46352  6156     cutoff   45      -28910.000 -28918.000  0.03%   242  165s
 48085  6256     cutoff   40      -28910.000 -28918.000  0.03%   241  170s
 49730  6486 -28918.000   33  138 -28910.000 -28918.000  0.03%   240  176s
 50668  6581 -28914.405   53   91 -28910.000 -28918.000  0.03%   240  181s
 52148  6685 -28918.000   55  163 -28910.000 -28918.000  0.03%   240  185s
 52303  6825 -28918.000   39   74 -28910.000 -28918.000  0.03%   240  192s
 54898  6824 -28917.401   43   81 -28910.000 -28918.000  0.03%   239  197s
 55492  6891 -28917.852   61  101 -28910.000 -28918.000  0.03%   239  201s
 56898  6989     cutoff   34      -28910.000 -28918.000  0.03%   239  205s
 57947  7070     cutoff   45      -28910.000 -28918.000  0.03%   239  211s
 59449  7140 -28918.000   31  116 -28910.000 -28918.000  0.03%   239  217s
 60551  7241 -28918.000   54   89 -28910.000 -28918.000  0.03%   239  220s
 62443  7273     cutoff   49      -28910.000 -28918.000  0.03%   239  227s
 62459  7396 -28918.000   42   48 -28910.000 -28918.000  0.03%   239  239s
 66463  7409 -28918.000   40  123 -28910.000 -28918.000  0.03%   239  241s
 66909  7417 -28913.198   31  146 -28910.000 -28918.000  0.03%   239  246s
 68206  7425 -28918.000   29  116 -28910.000 -28918.000  0.03%   239  250s
 69904  7600 -28918.000   48   96 -28910.000 -28918.000  0.03%   239  255s
 71198  7739 -28918.000   59  143 -28910.000 -28918.000  0.03%   239  260s
 71864  7738     cutoff   45      -28910.000 -28918.000  0.03%   239  269s
 71908  7820     cutoff   45      -28910.000 -28918.000  0.03%   239  271s
 73076  7936 -28918.000   38   52 -28910.000 -28918.000  0.03%   239  275s
 74214  7981 -28918.000   39  136 -28910.000 -28918.000  0.03%   239  280s
 76106  8174 -28918.000   33  116 -28910.000 -28918.000  0.03%   239  286s
 77636  8231 -28915.790   53  110 -28910.000 -28918.000  0.03%   239  291s
 78610  8352 -28918.000   42   66 -28910.000 -28918.000  0.03%   239  295s
 80032  8517 -28918.000   48  110 -28910.000 -28918.000  0.03%   239  301s
 81325  8551 -28918.000   43  120 -28910.000 -28918.000  0.03%   239  305s
 82893  8586 -28918.000   45   79 -28910.000 -28918.000  0.03%   238  311s
 84110  8707 -28918.000   43  112 -28910.000 -28918.000  0.03%   238  315s
 85056  8707     cutoff   40      -28910.000 -28918.000  0.03%   238  321s
 85513  8802 -28918.000   41  142 -28910.000 -28918.000  0.03%   238  330s
 86876  8860     cutoff   46      -28910.000 -28918.000  0.03%   238  337s
 88500  8963     cutoff   45      -28910.000 -28918.000  0.03%   238  341s
 90664  9141 -28918.000   47  135 -28910.000 -28918.000  0.03%   238  346s
 91055  9155 -28918.000   36  138 -28910.000 -28918.000  0.03%   238  352s
 91819  9245 -28918.000   41  104 -28910.000 -28918.000  0.03%   238  356s
 93075  9297 -28917.503   48   81 -28910.000 -28918.000  0.03%   238  360s
 95344  9377 -28918.000   48  114 -28910.000 -28918.000  0.03%   237  365s
 96993  9484     cutoff   49      -28910.000 -28918.000  0.03%   237  370s
 98113  9492 -28918.000   45  114 -28910.000 -28918.000  0.03%   237  384s
 98119  9520 -28918.000   46  126 -28910.000 -28918.000  0.03%   237  386s
 99147  9548     cutoff   43      -28910.000 -28918.000  0.03%   237  390s
 100776  9587 -28918.000   43  133 -28910.000 -28918.000  0.03%   237  396s
 102004  9603     cutoff   49      -28910.000 -28918.000  0.03%   237  400s
 103570  9632     cutoff   56      -28910.000 -28918.000  0.03%   238  405s
 105527  9673 -28918.000   43   77 -28910.000 -28918.000  0.03%   238  410s
 107246  9807 -28918.000   43  129 -28910.000 -28918.000  0.03%   238  416s
 108459  9901     cutoff   31      -28910.000 -28918.000  0.03%   238  427s
 109269  9916 -28918.000   35   80 -28910.000 -28918.000  0.03%   238  431s
 110476 10010     cutoff   52      -28910.000 -28918.000  0.03%   238  435s
 111920 10070 -28918.000   37  123 -28910.000 -28918.000  0.03%   238  440s
 113532 10107     cutoff   36      -28910.000 -28918.000  0.03%   238  446s
 114758 10120 -28918.000   48  102 -28910.000 -28918.000  0.03%   238  450s
 116548 10306 -28918.000   29  142 -28910.000 -28918.000  0.03%   238  455s
 118329 10375 -28918.000   59   61 -28910.000 -28918.000  0.03%   239  474s
 118334 10381 -28913.931   60   86 -28910.000 -28918.000  0.03%   239  476s
 119396 10415     cutoff   39      -28910.000 -28918.000  0.03%   239  480s
 121279 10459 -28918.000   33  105 -28910.000 -28918.000  0.03%   239  486s
 122263 10506     cutoff   56      -28910.000 -28918.000  0.03%   239  490s
 124254 10660     cutoff   42      -28910.000 -28918.000  0.03%   239  496s
 125346 10755 -28918.000   29  118 -28910.000 -28918.000  0.03%   239  501s
 127138 10857 -28918.000   47  148 -28910.000 -28918.000  0.03%   239  506s
 128150 10899     cutoff   40      -28910.000 -28918.000  0.03%   239  510s
 130091 11051 -28918.000   31  160 -28910.000 -28918.000  0.03%   239  515s
 131777 11162 -28918.000   41  147 -28910.000 -28918.000  0.03%   239  521s
 132442 11148 -28918.000   31  137 -28910.000 -28918.000  0.03%   239  526s
 133443 11230 -28918.000   54  101 -28910.000 -28918.000  0.03%   239  531s
 134654 11265 -28918.000   35  102 -28910.000 -28918.000  0.03%   239  539s
 135182 11282 -28918.000   42   25 -28910.000 -28918.000  0.03%   239  541s
 136452 11313     cutoff   52      -28910.000 -28918.000  0.03%   239  545s
 138216 11361     cutoff   53      -28910.000 -28918.000  0.03%   239  551s
 138772 11409     cutoff   44      -28910.000 -28918.000  0.03%   240  555s
 140372 11467     cutoff   49      -28910.000 -28918.000  0.03%   240  561s
 141476 11525 -28915.965   46  127 -28910.000 -28918.000  0.03%   240  565s
 142588 11576 -28918.000   43   96 -28910.000 -28918.000  0.03%   240  570s
 143780 11741 -28918.000   31  157 -28910.000 -28918.000  0.03%   240  576s
 144869 11803 -28918.000   41  130 -28910.000 -28918.000  0.03%   240  581s
 146090 11836 -28918.000   43   71 -28910.000 -28918.000  0.03%   241  585s
 146669 11923 -28918.000   43  110 -28910.000 -28918.000  0.03%   241  591s
 148167 12007     cutoff   53      -28910.000 -28918.000  0.03%   241  596s
 149549 12060     cutoff   35      -28910.000 -28918.000  0.03%   241  600s

Cutting planes:
  Gomory: 95
  Lift-and-project: 21
  Cover: 125
  Clique: 34
  MIR: 38
  StrongCG: 32
  Flow cover: 61
  Zero half: 32
  RLT: 1

Explored 150104 nodes (36179677 simplex iterations) in 600.01 seconds (1486.12 work units)
Thread count was 4 (of 56 available processors)

Solution count 10: -28910 -28869 -28864 ... -28759

Time limit reached
Best objective -2.891000000000e+04, best bound -2.891800000000e+04, gap 0.0277%
