
Gurobi 9.5.0 (linux64) logging started Tue May  3 16:31:10 2022

Set parameter LogFile to value "/local_workspace/chenrui/LogFiles/MKAP/new1W_R10_M30_N50_seed7_DWcuts_600.log"
Gurobi Optimizer version 9.5.0 build v9.5.0rc5 (linux64)
Thread count: 56 physical cores, 56 logical processors, using up to 4 threads
Optimize a model with 680 rows, 1800 columns and 5400 nonzeros
Model fingerprint: 0x37671899
Variable types: 0 continuous, 1800 integer (1800 binary)
Coefficient statistics:
  Matrix range     [8e-13, 1e+03]
  Objective range  [6e+01, 9e+02]
  Bounds range     [1e+00, 1e+00]
  RHS range        [6e-14, 2e+01]
Warning: Model contains large matrix coefficient range
         Consider reformulating model or setting NumericFocus parameter
         to avoid numerical issues.
Found heuristic solution: objective 0.0000000
Presolve removed 387 rows and 1042 columns
Presolve time: 0.01s
Presolved: 293 rows, 758 columns, 2050 nonzeros
Found heuristic solution: objective -10997.00000
Variable types: 0 continuous, 758 integer (758 binary)

Root relaxation: objective -1.303401e+04, 570 iterations, 0.00 seconds (0.00 work units)

    Nodes    |    Current Node    |     Objective Bounds      |     Work
 Expl Unexpl |  Obj  Depth IntInf | Incumbent    BestBd   Gap | It/Node Time

     0     0 -13034.011    0   15 -10997.000 -13034.011  18.5%     -    0s
H    0     0                    -12593.00000 -13034.011  3.50%     -    0s
H    0     0                    -12675.00000 -13034.011  2.83%     -    0s
H    0     0                    -12898.00000 -13034.011  1.05%     -    0s
     0     0 -13034.011    0   42 -12898.000 -13034.011  1.05%     -    0s
H    0     0                    -12904.00000 -13034.011  1.01%     -    0s
     0     0 -13025.029    0   21 -12904.000 -13025.029  0.94%     -    0s
     0     0 -13025.029    0   21 -12904.000 -13025.029  0.94%     -    0s
     0     0 -13017.712    0   45 -12904.000 -13017.712  0.88%     -    0s
     0     0 -13017.611    0   44 -12904.000 -13017.611  0.88%     -    0s
     0     0 -13005.698    0   58 -12904.000 -13005.698  0.79%     -    0s
     0     0 -13003.948    0   59 -12904.000 -13003.948  0.77%     -    0s
     0     0 -12999.565    0   62 -12904.000 -12999.565  0.74%     -    0s
     0     0 -12999.058    0   60 -12904.000 -12999.058  0.74%     -    0s
     0     0 -12998.768    0   64 -12904.000 -12998.768  0.73%     -    0s
H    0     0                    -12944.00000 -12998.526  0.42%     -    0s
     0     0 -12995.659    0   48 -12944.000 -12995.659  0.40%     -    0s
     0     0 -12995.659    0   20 -12944.000 -12995.659  0.40%     -    0s
     0     0 -12995.659    0   43 -12944.000 -12995.659  0.40%     -    0s
     0     0 -12995.659    0   46 -12944.000 -12995.659  0.40%     -    0s
     0     0 -12995.659    0   56 -12944.000 -12995.659  0.40%     -    0s
     0     0 -12995.000    0   22 -12944.000 -12995.000  0.39%     -    0s
     0     0 -12989.287    0   49 -12944.000 -12989.287  0.35%     -    0s
     0     0 -12989.261    0   49 -12944.000 -12989.261  0.35%     -    0s
     0     0 -12989.226    0   56 -12944.000 -12989.226  0.35%     -    0s
     0     0 -12988.930    0   52 -12944.000 -12988.930  0.35%     -    0s
     0     0 -12987.031    0   38 -12944.000 -12987.031  0.33%     -    0s
     0     0 -12985.453    0   53 -12944.000 -12985.453  0.32%     -    0s
     0     0 -12984.612    0   58 -12944.000 -12984.612  0.31%     -    0s
     0     0 -12983.806    0   61 -12944.000 -12983.806  0.31%     -    0s
     0     0 -12982.997    0   49 -12944.000 -12982.997  0.30%     -    0s
     0     0 -12977.452    0   46 -12944.000 -12977.452  0.26%     -    0s
     0     0 -12977.367    0   43 -12944.000 -12977.367  0.26%     -    0s
     0     0 -12967.621    0   24 -12944.000 -12967.621  0.18%     -    0s
     0     0 -12967.621    0   12 -12944.000 -12967.621  0.18%     -    0s
     0     0 -12967.621    0   34 -12944.000 -12967.621  0.18%     -    0s
     0     0 -12967.600    0   23 -12944.000 -12967.600  0.18%     -    0s
     0     0 -12967.600    0   21 -12944.000 -12967.600  0.18%     -    0s
     0     0 -12944.000    0   47 -12944.000 -12944.000  0.00%     -    0s

Cutting planes:
  Gomory: 8
  Lift-and-project: 13
  Cover: 7
  Clique: 3
  StrongCG: 1
  Zero half: 3

Explored 1 nodes (2456 simplex iterations) in 0.19 seconds (0.09 work units)
Thread count was 4 (of 56 available processors)

Solution count 7: -12944 -12904 -12898 ... 0
No other solutions better than -12944

Optimal solution found (tolerance 1.00e-04)
Best objective -1.294400000000e+04, best bound -1.294400000000e+04, gap 0.0000%
