
Gurobi 9.5.0 (linux64) logging started Tue May  3 13:17:00 2022

Set parameter LogFile to value "/local_workspace/chenrui/LogFiles/MKAP/new1W_R2_M30_N50_seed8_DWcutsCT1_600.log"
Gurobi Optimizer version 9.5.0 build v9.5.0rc5 (linux64)
Thread count: 56 physical cores, 56 logical processors, using up to 4 threads
Optimize a model with 214 rows, 1560 columns and 5018 nonzeros
Model fingerprint: 0xf39312f4
Variable types: 0 continuous, 1560 integer (1560 binary)
Coefficient statistics:
  Matrix range     [2e-12, 1e+03]
  Objective range  [6e+01, 9e+02]
  Bounds range     [1e+00, 1e+00]
  RHS range        [6e-14, 1e+00]
Warning: Model contains large matrix coefficient range
         Consider reformulating model or setting NumericFocus parameter
         to avoid numerical issues.
Found heuristic solution: objective 0.0000000
Presolve removed 75 rows and 861 columns
Presolve time: 0.01s
Presolved: 139 rows, 699 columns, 1730 nonzeros
Variable types: 0 continuous, 699 integer (699 binary)
Found heuristic solution: objective -10939.00000

Root relaxation: objective -1.236900e+04, 170 iterations, 0.00 seconds (0.00 work units)

    Nodes    |    Current Node    |     Objective Bounds      |     Work
 Expl Unexpl |  Obj  Depth IntInf | Incumbent    BestBd   Gap | It/Node Time

H    0     0                    -12369.00000 -198922.00  1508%     -    0s
     0     0          -    0      -12369.000 -12369.000  0.00%     -    0s

Explored 1 nodes (312 simplex iterations) in 0.01 seconds (0.01 work units)
Thread count was 4 (of 56 available processors)

Solution count 3: -12369 -10939 0 
No other solutions better than -12369

Optimal solution found (tolerance 1.00e-04)
Best objective -1.236900000000e+04, best bound -1.236900000000e+04, gap 0.0000%
