
Gurobi 9.5.0 (linux64) logging started Sat Jun 18 15:49:26 2022

Set parameter LogFile to value "/local_workspace/chenrui/LogFiles/MKAP/new1W_R10_M10_N100_seed10_DWcutsCTp4_600.log"
Gurobi Optimizer version 9.5.0 build v9.5.0rc5 (linux64)
Thread count: 56 physical cores, 56 logical processors, using up to 4 threads
Optimize a model with 1494 rows, 1100 columns and 15701 nonzeros
Model fingerprint: 0xe5c6e0fb
Variable types: 0 continuous, 1100 integer (1100 binary)
Coefficient statistics:
  Matrix range     [1e-13, 7e+03]
  Objective range  [1e+02, 9e+02]
  Bounds range     [1e+00, 1e+00]
  RHS range        [1e-05, 1e+00]
Warning: Model contains large matrix coefficient range
         Consider reformulating model or setting NumericFocus parameter
         to avoid numerical issues.
Found heuristic solution: objective 0.0000000
Presolve removed 128 rows and 135 columns
Presolve time: 0.06s
Presolved: 1366 rows, 965 columns, 12778 nonzeros
Found heuristic solution: objective -5579.000000
Variable types: 0 continuous, 965 integer (965 binary)

Root relaxation: objective -3.233200e+04, 2281 iterations, 0.10 seconds (0.13 work units)

    Nodes    |    Current Node    |     Objective Bounds      |     Work
 Expl Unexpl |  Obj  Depth IntInf | Incumbent    BestBd   Gap | It/Node Time

     0     0 -32332.004    0  103 -5579.0000 -32332.004   480%     -    0s
H    0     0                    -32332.00000 -32332.004  0.00%     -    0s
     0     0 -32332.004    0  103 -32332.000 -32332.004  0.00%     -    0s

Explored 1 nodes (2281 simplex iterations) in 0.18 seconds (0.21 work units)
Thread count was 4 (of 56 available processors)

Solution count 3: -32332 -5579 0 
No other solutions better than -32332

Optimal solution found (tolerance 1.00e-04)
Best objective -3.233200000000e+04, best bound -3.233200000000e+04, gap 0.0000%
