
Gurobi 9.5.0 (linux64) logging started Wed May  4 16:36:28 2022

Set parameter LogFile to value "/local_workspace/chenrui/LogFiles/MKAP/new1W_R25_M40_N50_seed7_DWcuts_600.log"
Gurobi Optimizer version 9.5.0 build v9.5.0rc5 (linux64)
Thread count: 56 physical cores, 56 logical processors, using up to 4 threads
Optimize a model with 2090 rows, 3000 columns and 9000 nonzeros
Model fingerprint: 0x4e20be15
Variable types: 0 continuous, 3000 integer (3000 binary)
Coefficient statistics:
  Matrix range     [8e-12, 1e+03]
  Objective range  [6e+01, 9e+02]
  Bounds range     [1e+00, 1e+00]
  RHS range        [2e-12, 1e+00]
Warning: Model contains large matrix coefficient range
         Consider reformulating model or setting NumericFocus parameter
         to avoid numerical issues.
Found heuristic solution: objective 0.0000000
Presolve removed 1970 rows and 2312 columns
Presolve time: 0.01s
Presolved: 120 rows, 688 columns, 1376 nonzeros
Variable types: 0 continuous, 688 integer (688 binary)
Found heuristic solution: objective -9754.000000

Root relaxation: objective -1.041000e+04, 80 iterations, 0.00 seconds (0.00 work units)

    Nodes    |    Current Node    |     Objective Bounds      |     Work
 Expl Unexpl |  Obj  Depth IntInf | Incumbent    BestBd   Gap | It/Node Time

     0     0 -10410.000    0    2 -9754.0000 -10410.000  6.73%     -    0s
H    0     0                    -10410.00000 -10410.000  0.00%     -    0s
     0     0 -10410.000    0    2 -10410.000 -10410.000  0.00%     -    0s

Explored 1 nodes (80 simplex iterations) in 0.01 seconds (0.01 work units)
Thread count was 4 (of 56 available processors)

Solution count 3: -10410 -9754 0 
No other solutions better than -10410

Optimal solution found (tolerance 1.00e-04)
Best objective -1.041000000000e+04, best bound -1.041000000000e+04, gap 0.0000%
