
Gurobi 9.5.0 (linux64) logging started Fri Apr 15 02:49:05 2022

Set parameter LogFile to value "/local_workspace/chenrui/LogFiles/MKAP/new1W_R10_M40_N150_seed1_DWcutsT6_600.log"
Gurobi Optimizer version 9.5.0 build v9.5.0rc5 (linux64)
Thread count: 56 physical cores, 56 logical processors, using up to 4 threads
Optimize a model with 25644 rows, 6400 columns and 363119 nonzeros
Model fingerprint: 0x1e1005b1
Variable types: 0 continuous, 6400 integer (6400 binary)
Coefficient statistics:
  Matrix range     [1e-13, 3e+03]
  Objective range  [2e+01, 9e+02]
  Bounds range     [1e+00, 1e+00]
  RHS range        [3e-14, 4e+02]
Warning: Model contains large matrix coefficient range
         Consider reformulating model or setting NumericFocus parameter
         to avoid numerical issues.
Found heuristic solution: objective 0.0000000
Presolve removed 9636 rows and 1532 columns
Presolve time: 1.60s
Presolved: 16008 rows, 4868 columns, 225516 nonzeros
Found heuristic solution: objective -9762.000000
Variable types: 0 continuous, 4868 integer (4868 binary)

Root relaxation: objective -4.469457e+04, 12158 iterations, 3.32 seconds (6.17 work units)
Total elapsed time = 5.00s

    Nodes    |    Current Node    |     Objective Bounds      |     Work
 Expl Unexpl |  Obj  Depth IntInf | Incumbent    BestBd   Gap | It/Node Time

     0     0 -44694.567    0  454 -9762.0000 -44694.567   358%     -    5s
H    0     0                    -41997.00000 -44694.567  6.42%     -    5s
H    0     0                    -43333.00000 -44694.567  3.14%     -    5s
H    0     0                    -43861.00000 -44694.567  1.90%     -    5s
     0     0 -44680.946    0  456 -43861.000 -44680.946  1.87%     -    7s
H    0     0                    -44020.00000 -44680.946  1.50%     -   11s
     0     0 -44670.374    0  463 -44020.000 -44670.374  1.48%     -   13s
H    0     0                    -44054.00000 -44670.374  1.40%     -   13s
     0     0 -44668.081    0  466 -44054.000 -44668.081  1.39%     -   14s
     0     0 -44667.544    0  454 -44054.000 -44667.544  1.39%     -   15s
     0     0 -44667.366    0  435 -44054.000 -44667.366  1.39%     -   15s
     0     0 -44667.341    0  448 -44054.000 -44667.341  1.39%     -   16s
     0     0 -44667.341    0  445 -44054.000 -44667.341  1.39%     -   16s
     0     2 -44667.338    0  445 -44054.000 -44667.338  1.39%     -   17s
    11    16 -44662.716    4  460 -44054.000 -44665.607  1.39%   949   20s
H   29    32                    -44118.00000 -44665.607  1.24%   914   22s
    42    51 -44652.308    8  381 -44118.000 -44665.607  1.24%   924   26s
H   44    51                    -44301.00000 -44665.607  0.82%   894   26s
H   63    72                    -44363.00000 -44665.607  0.68%   849   29s
H   66    72                    -44371.00000 -44665.607  0.66%   837   29s
    71    93 -44644.727   14  404 -44371.000 -44665.607  0.66%   837   30s
H   94   105                    -44416.00000 -44665.607  0.56%   771   33s
   136   174 -44617.497   28  231 -44416.000 -44665.607  0.56%   668   35s
   272   251 -44656.248   11  424 -44416.000 -44664.800  0.56%   516   40s
   396   419 -44533.052   50  235 -44416.000 -44664.800  0.56%   536   46s
   610   533 -44643.513   13  365 -44416.000 -44664.069  0.56%   451   51s
   802   676 -44657.887    9  416 -44416.000 -44663.399  0.56%   423   56s
   856   720 -44651.152   10  393 -44416.000 -44663.399  0.56%   427   61s
   945   861 -44612.912   25  333 -44416.000 -44663.399  0.56%   444   65s
  1050   862 -44584.361   27  445 -44416.000 -44663.399  0.56%   431   75s
  1052   863 -44596.144   30  452 -44416.000 -44663.399  0.56%   430   80s
  1054   865 -44614.401   40  436 -44416.000 -44663.399  0.56%   429   85s
  1058   867 -44586.331   31  444 -44416.000 -44663.399  0.56%   428   92s
  1060   869 -44427.857   47  444 -44416.000 -44663.399  0.56%   427  104s
  1061   872 -44663.399   11  467 -44416.000 -44663.399  0.56%   443  125s
  1063   876 -44663.399   12  464 -44416.000 -44663.399  0.56%   445  141s
  1071   881 -44663.399   13  455 -44416.000 -44663.399  0.56%   447  145s
  1089   893 -44661.309   15  439 -44416.000 -44663.399  0.56%   455  153s
  1093   897 -44657.754   16  438 -44416.000 -44663.399  0.56%   456  155s
  1113   910 -44658.559   18  425 -44416.000 -44663.399  0.56%   463  160s
H 1121   867                    -44456.00000 -44663.399  0.47%   468  161s
  1132   884 -44653.464   21  457 -44456.000 -44663.399  0.47%   473  165s
  1157   903 -44652.214   24  418 -44456.000 -44663.399  0.47%   480  170s
H 1188   869                    -44470.00000 -44663.399  0.43%   490  174s
  1189   884 -44649.564   28  432 -44470.000 -44663.399  0.43%   491  175s
  1235   903 -44644.638   33  446 -44470.000 -44663.399  0.43%   504  182s
  1254   931 -44641.961   35  390 -44470.000 -44663.399  0.43%   509  185s
  1307   974 -44630.540   40  411 -44470.000 -44663.399  0.43%   519  191s
  1382  1010 -44636.938   46  405 -44470.000 -44663.399  0.43%   529  196s
  1429  1065 -44634.879   49  390 -44470.000 -44663.399  0.43%   531  201s
  1510  1110 -44627.798   53  359 -44470.000 -44663.399  0.43%   532  206s
  1595  1135 -44626.871   56  393 -44470.000 -44663.399  0.43%   523  214s
  1632  1167 -44626.553   57  397 -44470.000 -44663.399  0.43%   517  216s
  1704  1200 -44623.120   62  396 -44470.000 -44663.399  0.43%   516  223s
  1755  1230 -44620.176   64  362 -44470.000 -44663.399  0.43%   510  225s
  1852  1273 -44616.678   71  357 -44470.000 -44663.399  0.43%   505  231s
  1931  1309 -44598.621   79  275 -44470.000 -44663.399  0.43%   512  236s
  2015  1364 -44607.197   88  317 -44470.000 -44663.399  0.43%   514  242s
  2075  1377 -44599.412   93  329 -44470.000 -44663.399  0.43%   514  246s
  2215  1434 -44589.374  101  279 -44470.000 -44663.399  0.43%   508  252s
  2302  1469 -44583.339  109  274 -44470.000 -44663.399  0.43%   503  255s
  2466  1581 -44558.021  133  260 -44470.000 -44663.399  0.43%   499  263s
  2563  1684 -44553.561  143  276 -44470.000 -44663.399  0.43%   492  266s
  2719  1756 -44549.935  157  301 -44470.000 -44663.399  0.43%   480  271s
  2888  1809 -44537.983  173  265 -44470.000 -44663.399  0.43%   467  275s
  3056  1793 -44533.212  194  263 -44470.000 -44663.399  0.43%   456  283s
  3112  1841     cutoff  215      -44470.000 -44663.399  0.43%   454  287s
  3217  1908 -44660.423   19  465 -44470.000 -44663.399  0.43%   451  292s
  3365  1903 -44652.527   25  422 -44470.000 -44663.399  0.43%   445  298s
  3411  2002 -44643.642   31  410 -44470.000 -44663.399  0.43%   449  304s
  3524  2193 -44626.412   36  379 -44470.000 -44663.399  0.43%   452  309s
  3767  2280 -44608.445   52  343 -44470.000 -44663.399  0.43%   440  315s
  3854  2425 -44592.996   69  275 -44470.000 -44663.399  0.43%   445  320s
  4003  2595 -44545.728  102  298 -44470.000 -44662.182  0.43%   445  326s
  4230  2720 -44656.800   19  464 -44470.000 -44662.180  0.43%   437  334s
  4372  2827 -44631.716   42  376 -44470.000 -44662.180  0.43%   440  343s
  4494  3136 -44595.571   69  310 -44470.000 -44662.180  0.43%   439  352s
  4836  3348 -44473.233  198  263 -44470.000 -44661.420  0.43%   429  368s
  5081  3411 -44589.170   49  266 -44470.000 -44661.185  0.43%   427  378s
  5187  3519 -44654.780   17  423 -44470.000 -44660.490  0.43%   426  389s
  5308  3783 -44637.825   33  412 -44470.000 -44660.423  0.43%   427  401s
  5604  4004 -44633.254   22  370 -44470.000 -44660.298  0.43%   425  413s
  5883  4095 -44650.185   25  430 -44470.000 -44660.298  0.43%   421  434s
  5983  4324 -44628.439   40  380 -44470.000 -44660.298  0.43%   428  447s
  6231  4691 -44585.937   65  140 -44470.000 -44659.863  0.43%   431  460s
  6661  4957 -44641.009   23  403 -44470.000 -44659.863  0.43%   424  474s
  7013  5173 -44572.286   50  328 -44470.000 -44659.863  0.43%   426  489s
  7300  5395     cutoff  116      -44470.000 -44659.706  0.43%   427  504s
  7616  5754 -44654.250   17  429 -44470.000 -44659.638  0.43%   428  519s
  8028  6124 -44549.638   86  341 -44470.000 -44659.579  0.43%   428  535s
  8471  6645 -44654.316   19  450 -44470.000 -44659.209  0.43%   429  553s
  9090  6790 -44651.177   18  429 -44470.000 -44659.153  0.43%   423  571s
  9235  7402 -44627.662   36  383 -44470.000 -44659.064  0.43%   425  590s
  9914  7580 -44597.987   47  376 -44470.000 -44659.017  0.43%   420  600s

Cutting planes:
  Cover: 18
  Clique: 3
  MIR: 26
  StrongCG: 5
  Flow cover: 20
  Zero half: 2
  RLT: 1

Explored 10130 nodes (4246994 simplex iterations) in 600.01 seconds (1319.09 work units)
Thread count was 4 (of 56 available processors)

Solution count 10: -44470 -44456 -44416 ... -43861

Time limit reached
Best objective -4.447000000000e+04, best bound -4.465900000000e+04, gap 0.4250%
