
Gurobi 9.5.0 (linux64) logging started Tue May  3 16:19:58 2022

Set parameter LogFile to value "/local_workspace/chenrui/LogFiles/MKAP/new1W_R10_M10_N50_seed1_objLB_600.log"
Gurobi Optimizer version 9.5.0 build v9.5.0rc5 (linux64)
Thread count: 56 physical cores, 56 logical processors, using up to 4 threads
Optimize a model with 161 rows, 600 columns and 1700 nonzeros
Model fingerprint: 0xfb324a1c
Variable types: 0 continuous, 600 integer (600 binary)
Coefficient statistics:
  Matrix range     [1e+00, 2e+03]
  Objective range  [2e+02, 9e+02]
  Bounds range     [1e+00, 1e+00]
  RHS range        [1e+00, 1e+04]
Found heuristic solution: objective 0.0000000
Presolve removed 43 rows and 204 columns
Presolve time: 0.00s
Presolved: 118 rows, 396 columns, 1131 nonzeros
Variable types: 0 continuous, 396 integer (396 binary)
Found heuristic solution: objective -10161.00000

Root relaxation: objective -1.495900e+04, 162 iterations, 0.00 seconds (0.00 work units)

    Nodes    |    Current Node    |     Objective Bounds      |     Work
 Expl Unexpl |  Obj  Depth IntInf | Incumbent    BestBd   Gap | It/Node Time

     0     0 -14959.000    0   12 -10161.000 -14959.000  47.2%     -    0s
H    0     0                    -14016.00000 -14959.000  6.73%     -    0s
H    0     0                    -14101.00000 -14959.000  6.08%     -    0s
H    0     0                    -14183.00000 -14959.000  5.47%     -    0s
     0     0 -14959.000    0   34 -14183.000 -14959.000  5.47%     -    0s
H    0     0                    -14341.00000 -14959.000  4.31%     -    0s
H    0     0                    -14623.00000 -14959.000  2.30%     -    0s
     0     0 -14959.000    0   29 -14623.000 -14959.000  2.30%     -    0s
H    0     0                    -14714.00000 -14959.000  1.67%     -    0s
     0     0 -14959.000    0   25 -14714.000 -14959.000  1.67%     -    0s
H    0     0                    -14726.00000 -14959.000  1.58%     -    0s
     0     0 -14959.000    0    7 -14726.000 -14959.000  1.58%     -    0s
     0     0 -14959.000    0   26 -14726.000 -14959.000  1.58%     -    0s
H    0     0                    -14760.00000 -14959.000  1.35%     -    0s
     0     0 -14959.000    0   11 -14760.000 -14959.000  1.35%     -    0s
     0     0 -14959.000    0   10 -14760.000 -14959.000  1.35%     -    0s
     0     2 -14959.000    0   10 -14760.000 -14959.000  1.35%     -    0s
H   31    62                    -14792.00000 -14959.000  1.13%  42.0    0s
H  383   177                    -14909.00000 -14959.000  0.34%  25.5    0s
H  384   177                    -14920.00000 -14959.000  0.26%  25.6    0s
H  569   193                    -14921.00000 -14959.000  0.25%  33.9    0s
H  613   193                    -14948.00000 -14959.000  0.07%  36.9    0s
* 1146    49              21    -14959.00000 -14959.000  0.00%  60.1    0s

Cutting planes:
  Gomory: 17
  Cover: 152
  Clique: 27
  MIR: 31
  StrongCG: 13
  Inf proof: 4
  RLT: 1

Explored 1165 nodes (72466 simplex iterations) in 0.55 seconds (0.74 work units)
Thread count was 4 (of 56 available processors)

Solution count 10: -14959 -14948 -14921 ... -14623
No other solutions better than -14959

Optimal solution found (tolerance 1.00e-04)
Best objective -1.495900000000e+04, best bound -1.495900000000e+04, gap 0.0000%
