
Gurobi 9.5.0 (linux64) logging started Tue May  3 13:13:22 2022

Set parameter LogFile to value "/local_workspace/chenrui/LogFiles/MKAP/new1W_R2_M30_N50_seed3_DWcutsCT1_600.log"
Gurobi Optimizer version 9.5.0 build v9.5.0rc5 (linux64)
Thread count: 56 physical cores, 56 logical processors, using up to 4 threads
Optimize a model with 220 rows, 1560 columns and 5016 nonzeros
Model fingerprint: 0x807e8ad6
Variable types: 0 continuous, 1560 integer (1560 binary)
Coefficient statistics:
  Matrix range     [1e-13, 1e+03]
  Objective range  [4e+01, 9e+02]
  Bounds range     [1e+00, 1e+00]
  RHS range        [1e-13, 1e+00]
Warning: Model contains large matrix coefficient range
         Consider reformulating model or setting NumericFocus parameter
         to avoid numerical issues.
Found heuristic solution: objective 0.0000000
Presolve removed 60 rows and 916 columns
Presolve time: 0.01s
Presolved: 160 rows, 644 columns, 1927 nonzeros
Found heuristic solution: objective -11845.00000
Variable types: 0 continuous, 644 integer (644 binary)
Found heuristic solution: objective -11928.00000

Root relaxation: objective -1.379800e+04, 371 iterations, 0.00 seconds (0.00 work units)

    Nodes    |    Current Node    |     Objective Bounds      |     Work
 Expl Unexpl |  Obj  Depth IntInf | Incumbent    BestBd   Gap | It/Node Time

     0     0 -13798.005    0   10 -11928.000 -13798.005  15.7%     -    0s
H    0     0                    -13755.00000 -13798.005  0.31%     -    0s
*    0     0               0    -13798.00000 -13798.000  0.00%     -    0s

Cutting planes:
  Gomory: 9
  Cover: 4
  MIR: 4
  StrongCG: 4

Explored 1 nodes (574 simplex iterations) in 0.03 seconds (0.01 work units)
Thread count was 4 (of 56 available processors)

Solution count 5: -13798 -13755 -11928 ... 0
No other solutions better than -13798

Optimal solution found (tolerance 1.00e-04)
Warning: max constraint violation (4.2217e-06) exceeds tolerance
Best objective -1.379800000011e+04, best bound -1.379800000011e+04, gap 0.0000%
