
Gurobi 9.5.0 (linux64) logging started Mon Jun 20 09:27:45 2022

Set parameter LogFile to value "/local_workspace/chenrui/LogFiles/MKAP/new1W_R10_M30_N50_seed7_DWcutsCTp2_600.log"
Gurobi Optimizer version 9.5.0 build v9.5.0rc5 (linux64)
Thread count: 56 physical cores, 56 logical processors, using up to 4 threads
Optimize a model with 911 rows, 1800 columns and 6051 nonzeros
Model fingerprint: 0x6561d0a0
Variable types: 0 continuous, 1800 integer (1800 binary)
Coefficient statistics:
  Matrix range     [1e-13, 1e+03]
  Objective range  [6e+01, 9e+02]
  Bounds range     [1e+00, 1e+00]
  RHS range        [1e-05, 1e+00]
Warning: Model contains large matrix coefficient range
         Consider reformulating model or setting NumericFocus parameter
         to avoid numerical issues.
Found heuristic solution: objective 0.0000000
Presolve removed 445 rows and 1037 columns
Presolve time: 0.01s
Presolved: 466 rows, 763 columns, 2410 nonzeros
Found heuristic solution: objective -10590.00000
Variable types: 0 continuous, 763 integer (763 binary)

Root relaxation: objective -1.303400e+04, 735 iterations, 0.01 seconds (0.01 work units)

    Nodes    |    Current Node    |     Objective Bounds      |     Work
 Expl Unexpl |  Obj  Depth IntInf | Incumbent    BestBd   Gap | It/Node Time

     0     0 -13034.005    0   55 -10590.000 -13034.005  23.1%     -    0s
H    0     0                    -12904.00000 -13034.005  1.01%     -    0s
     0     0 -12995.008    0   74 -12904.000 -12995.008  0.71%     -    0s
     0     0 -12995.008    0   39 -12904.000 -12995.008  0.71%     -    0s
     0     0 -12992.677    0   67 -12904.000 -12992.677  0.69%     -    0s
H    0     0                    -12944.00001 -12992.677  0.38%     -    0s
     0     0 -12974.452    0   65 -12944.000 -12974.452  0.24%     -    0s
     0     0 -12973.631    0   68 -12944.000 -12973.631  0.23%     -    0s
     0     0 -12965.500    0   71 -12944.000 -12965.500  0.17%     -    0s
     0     0 -12965.500    0   31 -12944.000 -12965.500  0.17%     -    0s
     0     0 -12965.500    0   52 -12944.000 -12965.500  0.17%     -    0s
     0     0 -12965.500    0   49 -12944.000 -12965.500  0.17%     -    0s
     0     0 -12951.906    0   48 -12944.000 -12951.906  0.06%     -    0s
     0     0 -12950.002    0   36 -12944.000 -12950.002  0.05%     -    0s
     0     0 -12950.002    0   36 -12944.000 -12950.002  0.05%     -    0s
     0     0 -12950.002    0   28 -12944.000 -12950.002  0.05%     -    0s
     0     0 -12950.002    0   41 -12944.000 -12950.002  0.05%     -    0s
     0     0 -12950.002    0   41 -12944.000 -12950.002  0.05%     -    0s
     0     0 -12950.002    0   41 -12944.000 -12950.002  0.05%     -    0s
     0     0 -12950.002    0   44 -12944.000 -12950.002  0.05%     -    0s
     0     0 -12947.699    0   44 -12944.000 -12947.699  0.03%     -    0s

Cutting planes:
  Gomory: 2
  Cover: 3
  MIR: 1
  Mod-K: 1
  RLT: 1

Explored 1 nodes (2295 simplex iterations) in 0.18 seconds (0.09 work units)
Thread count was 4 (of 56 available processors)

Solution count 5: -12944 -12936 -12904 ... 0

Optimal solution found (tolerance 1.00e-04)
Best objective -1.294400000000e+04, best bound -1.294400000000e+04, gap 0.0000%
