
Gurobi 9.5.0 (linux64) logging started Sat Jun 18 17:00:34 2022

Set parameter LogFile to value "/local_workspace/chenrui/LogFiles/MKAP/new1W_R10_M10_N300_seed5_DWcutsCTp1_600.log"
Gurobi Optimizer version 9.5.0 build v9.5.0rc5 (linux64)
Thread count: 56 physical cores, 56 logical processors, using up to 4 threads
Optimize a model with 610 rows, 3100 columns and 12275 nonzeros
Model fingerprint: 0x29661e50
Variable types: 0 continuous, 3100 integer (3100 binary)
Coefficient statistics:
  Matrix range     [1e-13, 1e+04]
  Objective range  [3e+01, 9e+02]
  Bounds range     [1e+00, 1e+00]
  RHS range        [1e-05, 1e+00]
Warning: Model contains large matrix coefficient range
         Consider reformulating model or setting NumericFocus parameter
         to avoid numerical issues.
Found heuristic solution: objective 0.0000000
Presolve removed 0 rows and 371 columns
Presolve time: 0.02s
Presolved: 610 rows, 2729 columns, 10869 nonzeros
Variable types: 0 continuous, 2729 integer (2729 binary)
Found heuristic solution: objective -14597.00000

Root relaxation: objective -8.533481e+04, 6600 iterations, 0.16 seconds (0.17 work units)

    Nodes    |    Current Node    |     Objective Bounds      |     Work
 Expl Unexpl |  Obj  Depth IntInf | Incumbent    BestBd   Gap | It/Node Time

     0     0 -85334.808    0  225 -14597.000 -85334.808   485%     -    0s
H    0     0                    -79444.00000 -85334.808  7.42%     -    0s
H    0     0                    -80396.00000 -85334.808  6.14%     -    0s
H    0     0                    -80484.00000 -85334.808  6.03%     -    0s
H    0     0                    -85218.00000 -85334.808  0.14%     -    0s
     0     0 -85334.808    0  142 -85218.000 -85334.808  0.14%     -    0s
H    0     0                    -85264.00001 -85334.808  0.08%     -    0s
     0     0 -85334.808    0  112 -85264.000 -85334.808  0.08%     -    0s
     0     0 -85334.807    0  195 -85264.000 -85334.807  0.08%     -    0s
     0     0 -85334.807    0  197 -85264.000 -85334.807  0.08%     -    0s
     0     0 -85334.807    0  150 -85264.000 -85334.807  0.08%     -    1s
     0     0 -85334.807    0  186 -85264.000 -85334.807  0.08%     -    1s
     0     0 -85334.807    0  158 -85264.000 -85334.807  0.08%     -    1s
     0     0 -85334.807    0  158 -85264.000 -85334.807  0.08%     -    1s
     0     2 -85334.807    0  158 -85264.000 -85334.807  0.08%     -    1s
H  150   119                    -85276.00000 -85334.801  0.07%  93.0    2s
H  358   155                    -85288.00001 -85334.778  0.05%  74.4    2s
*  366   155              21    -85310.00009 -85334.778  0.03%  73.3    2s

Cutting planes:
  Gomory: 1
  Cover: 281
  Clique: 878
  MIR: 25
  StrongCG: 21
  Inf proof: 1
  Zero half: 1
  RLT: 3

Explored 819 nodes (142605 simplex iterations) in 4.36 seconds (6.82 work units)
Thread count was 4 (of 56 available processors)

Solution count 10: -85310 -85288 -85276 ... -14597

Optimal solution found (tolerance 1.00e-04)
Warning: max constraint violation (3.7902e-06) exceeds tolerance
Best objective -8.531000008650e+04, best bound -8.531400000000e+04, gap 0.0047%
