
Gurobi 9.5.0 (linux64) logging started Mon Jun 20 09:23:42 2022

Set parameter LogFile to value "/local_workspace/chenrui/LogFiles/MKAP/new1W_R5_M40_N50_seed6_DWcutsCTp6_600.log"
Gurobi Optimizer version 9.5.0 build v9.5.0rc5 (linux64)
Thread count: 56 physical cores, 56 logical processors, using up to 4 threads
Optimize a model with 521 rows, 2200 columns and 6797 nonzeros
Model fingerprint: 0xb1b16e29
Variable types: 0 continuous, 2200 integer (2200 binary)
Coefficient statistics:
  Matrix range     [1e-13, 1e+03]
  Objective range  [2e+01, 9e+02]
  Bounds range     [1e+00, 1e+00]
  RHS range        [1e-05, 1e+00]
Warning: Model contains large matrix coefficient range
         Consider reformulating model or setting NumericFocus parameter
         to avoid numerical issues.
Found heuristic solution: objective 0.0000000
Presolve removed 313 rows and 1592 columns
Presolve time: 0.01s
Presolved: 208 rows, 608 columns, 1602 nonzeros
Found heuristic solution: objective -9393.000000
Variable types: 0 continuous, 608 integer (608 binary)

Root relaxation: objective -1.299300e+04, 213 iterations, 0.00 seconds (0.00 work units)

    Nodes    |    Current Node    |     Objective Bounds      |     Work
 Expl Unexpl |  Obj  Depth IntInf | Incumbent    BestBd   Gap | It/Node Time

*    0     0               0    -12993.00003 -12993.000  0.00%     -    0s

Explored 1 nodes (224 simplex iterations) in 0.01 seconds (0.01 work units)
Thread count was 4 (of 56 available processors)

Solution count 3: -12993 -9393 0 
No other solutions better than -12993

Optimal solution found (tolerance 1.00e-04)
Warning: max constraint violation (6.3838e-06) exceeds tolerance
Best objective -1.299300003211e+04, best bound -1.299300003211e+04, gap 0.0000%
