
Gurobi 9.5.0 (linux64) logging started Tue May  3 13:58:26 2022

Set parameter LogFile to value "/local_workspace/chenrui/LogFiles/MKAP/new1W_R25_M20_N50_seed3_DWcutsCT_600.log"
Gurobi Optimizer version 9.5.0 build v9.5.0rc5 (linux64)
Thread count: 56 physical cores, 56 logical processors, using up to 4 threads
Optimize a model with 1070 rows, 1500 columns and 4381 nonzeros
Model fingerprint: 0x3291ae57
Variable types: 0 continuous, 1500 integer (1500 binary)
Coefficient statistics:
  Matrix range     [1e+00, 1e+03]
  Objective range  [4e+01, 9e+02]
  Bounds range     [1e+00, 1e+00]
  RHS range        [2e-11, 1e+00]
Found heuristic solution: objective 0.0000000
Presolve removed 754 rows and 765 columns
Presolve time: 0.01s
Presolved: 316 rows, 735 columns, 1839 nonzeros
Found heuristic solution: objective -12103.00000
Variable types: 0 continuous, 735 integer (735 binary)

Root relaxation: objective -1.410800e+04, 572 iterations, 0.01 seconds (0.00 work units)

    Nodes    |    Current Node    |     Objective Bounds      |     Work
 Expl Unexpl |  Obj  Depth IntInf | Incumbent    BestBd   Gap | It/Node Time

     0     0 -14108.001    0    2 -12103.000 -14108.001  16.6%     -    0s
H    0     0                    -14108.00000 -14108.001  0.00%     -    0s
     0     0 -14108.001    0    2 -14108.000 -14108.001  0.00%     -    0s

Explored 1 nodes (572 simplex iterations) in 0.03 seconds (0.02 work units)
Thread count was 4 (of 56 available processors)

Solution count 3: -14108 -12103 0 
No other solutions better than -14108

Optimal solution found (tolerance 1.00e-04)
Best objective -1.410799999998e+04, best bound -1.410799999998e+04, gap 0.0000%
