
Gurobi 9.5.0 (linux64) logging started Thu Apr 28 15:36:44 2022

Set parameter LogFile to value "/local_workspace/chenrui/LogFiles/MKAP/new1W_R10_M10_N100_seed6_DWcutsCT4_600.log"
Gurobi Optimizer version 9.5.0 build v9.5.0rc5 (linux64)
Thread count: 56 physical cores, 56 logical processors, using up to 4 threads
Optimize a model with 1475 rows, 1100 columns and 15430 nonzeros
Model fingerprint: 0x51aebea2
Variable types: 0 continuous, 1100 integer (1100 binary)
Coefficient statistics:
  Matrix range     [1e-13, 6e+03]
  Objective range  [1e+02, 9e+02]
  Bounds range     [1e+00, 1e+00]
  RHS range        [1e+00, 1e+00]
Warning: Model contains large matrix coefficient range
         Consider reformulating model or setting NumericFocus parameter
         to avoid numerical issues.
Found heuristic solution: objective 0.0000000
Presolve removed 102 rows and 141 columns
Presolve time: 0.06s
Presolved: 1373 rows, 959 columns, 12662 nonzeros
Variable types: 0 continuous, 959 integer (959 binary)
Found heuristic solution: objective -5550.000000

Root relaxation: objective -2.960400e+04, 2808 iterations, 0.14 seconds (0.16 work units)

    Nodes    |    Current Node    |     Objective Bounds      |     Work
 Expl Unexpl |  Obj  Depth IntInf | Incumbent    BestBd   Gap | It/Node Time

     0     0 -29604.000    0   55 -5550.0000 -29604.000   433%     -    0s
H    0     0                    -29581.00000 -29604.000  0.08%     -    0s
     0     0 -29603.965    0   59 -29581.000 -29603.965  0.08%     -    0s
     0     0     cutoff    0      -29581.000 -29581.000  0.00%     -    0s

Explored 1 nodes (3419 simplex iterations) in 0.31 seconds (0.29 work units)
Thread count was 4 (of 56 available processors)

Solution count 3: -29581 -5550 0 
No other solutions better than -29581

Optimal solution found (tolerance 1.00e-04)
Best objective -2.958100000000e+04, best bound -2.958100000000e+04, gap 0.0000%

Gurobi 9.5.0 (linux64) logging started Thu Apr 28 17:31:17 2022

Set parameter LogFile to value "/local_workspace/chenrui/LogFiles/MKAP/new1W_R10_M10_N100_seed6_DWcutsCT4_600.log"
Gurobi Optimizer version 9.5.0 build v9.5.0rc5 (linux64)
Thread count: 56 physical cores, 56 logical processors, using up to 4 threads
Optimize a model with 1475 rows, 1100 columns and 15430 nonzeros
Model fingerprint: 0x51aebea2
Variable types: 0 continuous, 1100 integer (1100 binary)
Coefficient statistics:
  Matrix range     [1e-13, 6e+03]
  Objective range  [1e+02, 9e+02]
  Bounds range     [1e+00, 1e+00]
  RHS range        [1e+00, 1e+00]
Warning: Model contains large matrix coefficient range
         Consider reformulating model or setting NumericFocus parameter
         to avoid numerical issues.
Found heuristic solution: objective 0.0000000
Presolve removed 102 rows and 141 columns
Presolve time: 0.06s
Presolved: 1373 rows, 959 columns, 12662 nonzeros
Variable types: 0 continuous, 959 integer (959 binary)
Found heuristic solution: objective -5550.000000

Root relaxation: objective -2.960400e+04, 2808 iterations, 0.14 seconds (0.16 work units)

    Nodes    |    Current Node    |     Objective Bounds      |     Work
 Expl Unexpl |  Obj  Depth IntInf | Incumbent    BestBd   Gap | It/Node Time

     0     0 -29604.000    0   55 -5550.0000 -29604.000   433%     -    0s
H    0     0                    -29581.00000 -29604.000  0.08%     -    0s
     0     0 -29603.965    0   59 -29581.000 -29603.965  0.08%     -    0s
     0     0     cutoff    0      -29581.000 -29581.000  0.00%     -    0s

Explored 1 nodes (3419 simplex iterations) in 0.31 seconds (0.29 work units)
Thread count was 4 (of 56 available processors)

Solution count 3: -29581 -5550 0 
No other solutions better than -29581

Optimal solution found (tolerance 1.00e-04)
Best objective -2.958100000000e+04, best bound -2.958100000000e+04, gap 0.0000%

Gurobi 9.5.0 (linux64) logging started Thu Apr 28 23:29:56 2022

Set parameter LogFile to value "/local_workspace/chenrui/LogFiles/MKAP/new1W_R10_M10_N100_seed6_DWcutsCT4_600.log"
Gurobi Optimizer version 9.5.0 build v9.5.0rc5 (linux64)
Thread count: 56 physical cores, 56 logical processors, using up to 4 threads
Optimize a model with 1475 rows, 1100 columns and 15427 nonzeros
Model fingerprint: 0x25ee2bc8
Variable types: 0 continuous, 1100 integer (1100 binary)
Coefficient statistics:
  Matrix range     [1e-13, 1e+04]
  Objective range  [1e+02, 9e+02]
  Bounds range     [1e+00, 1e+00]
  RHS range        [2e-16, 1e+00]
Warning: Model contains large matrix coefficient range
         Consider reformulating model or setting NumericFocus parameter
         to avoid numerical issues.
Found heuristic solution: objective 0.0000000
Presolve removed 102 rows and 141 columns
Presolve time: 0.06s
Presolved: 1373 rows, 959 columns, 12669 nonzeros
Variable types: 0 continuous, 959 integer (959 binary)

Root relaxation: objective -2.960400e+04, 3298 iterations, 0.16 seconds (0.18 work units)

    Nodes    |    Current Node    |     Objective Bounds      |     Work
 Expl Unexpl |  Obj  Depth IntInf | Incumbent    BestBd   Gap | It/Node Time

     0     0 -29604.000    0   55    0.00000 -29604.000      -     -    0s
H    0     0                    -26769.00000 -29604.000  10.6%     -    0s
H    0     0                    -26898.00000 -29604.000  10.1%     -    0s
H    0     0                    -29581.00000 -29604.000  0.08%     -    0s
     0     0 -29603.789    0   59 -29581.000 -29603.789  0.08%     -    0s
     0     0     cutoff    0      -29581.000 -29581.000  0.00%     -    0s

Explored 1 nodes (3803 simplex iterations) in 0.32 seconds (0.31 work units)
Thread count was 4 (of 56 available processors)

Solution count 4: -29581 -26898 -26769 0 
No other solutions better than -29581

Optimal solution found (tolerance 1.00e-04)
Best objective -2.958100000000e+04, best bound -2.958100000000e+04, gap 0.0000%

Gurobi 9.5.0 (linux64) logging started Fri Apr 29 20:58:55 2022

Set parameter LogFile to value "/local_workspace/chenrui/LogFiles/MKAP/new1W_R10_M10_N100_seed6_DWcutsCT4_600.log"
Gurobi Optimizer version 9.5.0 build v9.5.0rc5 (linux64)
Thread count: 56 physical cores, 56 logical processors, using up to 4 threads
Optimize a model with 1475 rows, 1100 columns and 15427 nonzeros
Model fingerprint: 0x25ee2bc8
Variable types: 0 continuous, 1100 integer (1100 binary)
Coefficient statistics:
  Matrix range     [1e-13, 1e+04]
  Objective range  [1e+02, 9e+02]
  Bounds range     [1e+00, 1e+00]
  RHS range        [2e-16, 1e+00]
Warning: Model contains large matrix coefficient range
         Consider reformulating model or setting NumericFocus parameter
         to avoid numerical issues.
Found heuristic solution: objective 0.0000000
Presolve removed 102 rows and 141 columns
Presolve time: 0.06s
Presolved: 1373 rows, 959 columns, 12669 nonzeros
Variable types: 0 continuous, 959 integer (959 binary)

Root relaxation: objective -2.960400e+04, 3298 iterations, 0.16 seconds (0.18 work units)

    Nodes    |    Current Node    |     Objective Bounds      |     Work
 Expl Unexpl |  Obj  Depth IntInf | Incumbent    BestBd   Gap | It/Node Time

     0     0 -29604.000    0   55    0.00000 -29604.000      -     -    0s
H    0     0                    -26769.00000 -29604.000  10.6%     -    0s
H    0     0                    -26898.00000 -29604.000  10.1%     -    0s
H    0     0                    -29581.00000 -29604.000  0.08%     -    0s
     0     0 -29603.789    0   59 -29581.000 -29603.789  0.08%     -    0s
     0     0     cutoff    0      -29581.000 -29581.000  0.00%     -    0s

Explored 1 nodes (3803 simplex iterations) in 0.33 seconds (0.31 work units)
Thread count was 4 (of 56 available processors)

Solution count 4: -29581 -26898 -26769 0 
No other solutions better than -29581

Optimal solution found (tolerance 1.00e-04)
Best objective -2.958100000000e+04, best bound -2.958100000000e+04, gap 0.0000%
