
Gurobi 9.5.0 (linux64) logging started Fri Apr 29 22:36:57 2022

Set parameter LogFile to value "/local_workspace/chenrui/LogFiles/MKAP/new1W_R25_M20_N200_seed1_DWcutsCT5_600.log"
Gurobi Optimizer version 9.5.0 build v9.5.0rc5 (linux64)
Thread count: 56 physical cores, 56 logical processors, using up to 4 threads
Optimize a model with 11783 rows, 4500 columns and 94001 nonzeros
Model fingerprint: 0xb63f47d6
Variable types: 0 continuous, 4500 integer (4500 binary)
Coefficient statistics:
  Matrix range     [1e-13, 2e+04]
  Objective range  [2e+01, 1e+03]
  Bounds range     [1e+00, 1e+00]
  RHS range        [1e-16, 1e+00]
Warning: Model contains large matrix coefficient range
         Consider reformulating model or setting NumericFocus parameter
         to avoid numerical issues.
Found heuristic solution: objective 0.0000000
Presolve removed 4783 rows and 209 columns
Presolve time: 0.21s
Presolved: 7000 rows, 4291 columns, 41192 nonzeros
Variable types: 0 continuous, 4291 integer (4291 binary)
Found heuristic solution: objective -4201.000000

Root relaxation: objective -5.905000e+04, 12938 iterations, 1.03 seconds (0.97 work units)

    Nodes    |    Current Node    |     Objective Bounds      |     Work
 Expl Unexpl |  Obj  Depth IntInf | Incumbent    BestBd   Gap | It/Node Time

*    0     0               0    -59050.00000 -59050.000  0.00%     -    1s

Explored 1 nodes (12938 simplex iterations) in 1.26 seconds (1.18 work units)
Thread count was 4 (of 56 available processors)

Solution count 3: -59050 -4201 0 
No other solutions better than -59050

Optimal solution found (tolerance 1.00e-04)
Warning: max constraint violation (1.0111e-06) exceeds tolerance
Best objective -5.904999999955e+04, best bound -5.905000000070e+04, gap 0.0000%
