
Gurobi 9.5.0 (linux64) logging started Fri Apr 15 12:52:57 2022

Set parameter LogFile to value "/local_workspace/chenrui/LogFiles/MKAP/new1W_R5_M60_N150_seed1_DWcuts_600.log"
Gurobi Optimizer version 9.5.0 build v9.5.0rc5 (linux64)
Thread count: 56 physical cores, 56 logical processors, using up to 4 threads
Optimize a model with 810 rows, 9300 columns and 27900 nonzeros
Model fingerprint: 0xfc315d76
Variable types: 0 continuous, 9300 integer (9300 binary)
Coefficient statistics:
  Matrix range     [2e-13, 1e+03]
  Objective range  [2e+01, 9e+02]
  Bounds range     [1e+00, 1e+00]
  RHS range        [6e-14, 8e+00]
Warning: Model contains large matrix coefficient range
         Consider reformulating model or setting NumericFocus parameter
         to avoid numerical issues.
Found heuristic solution: objective 0.0000000
Presolve removed 47 rows and 3528 columns
Presolve time: 0.05s
Presolved: 763 rows, 5772 columns, 17187 nonzeros
Found heuristic solution: objective -22496.00000
Variable types: 0 continuous, 5772 integer (5772 binary)

Root relaxation: objective -4.437421e+04, 5669 iterations, 0.22 seconds (0.23 work units)

    Nodes    |    Current Node    |     Objective Bounds      |     Work
 Expl Unexpl |  Obj  Depth IntInf | Incumbent    BestBd   Gap | It/Node Time

     0     0 -44374.207    0   62 -22496.000 -44374.207  97.3%     -    0s
H    0     0                    -43447.00000 -44374.207  2.13%     -    0s
H    0     0                    -43663.00000 -44374.207  1.63%     -    1s
H    0     0                    -43709.00335 -44374.207  1.52%     -    1s
H    0     0                    -43727.00000 -44374.207  1.48%     -    1s
H    0     0                    -43797.00000 -44374.207  1.32%     -    1s
     0     0 -44374.207    0  120 -43797.000 -44374.207  1.32%     -    1s
H    0     0                    -43807.00000 -44374.207  1.29%     -    1s
H    0     0                    -44002.00000 -44374.207  0.85%     -    1s
     0     0 -44374.207    0  102 -44002.000 -44374.207  0.85%     -    1s
     0     0 -44374.207    0  106 -44002.000 -44374.207  0.85%     -    1s
     0     0 -44374.207    0  175 -44002.000 -44374.207  0.85%     -    1s
     0     0 -44374.207    0  102 -44002.000 -44374.207  0.85%     -    2s
     0     0 -44374.207    0   71 -44002.000 -44374.207  0.85%     -    2s
     0     2 -44374.207    0   70 -44002.000 -44374.207  0.85%     -    2s
H   27    32                    -44044.00000 -44374.207  0.75%   336    5s
H   28    32                    -44045.00000 -44374.207  0.75%   346    5s
H   30    32                    -44155.00000 -44374.207  0.50%   338    5s
H   61    64                    -44174.00000 -44374.207  0.45%   320    6s
   198   217 -44374.103   26  222 -44174.000 -44374.207  0.45%   341   10s
H  203   217                    -44268.00000 -44374.207  0.24%   340   10s
   805   964 -44308.728  174   95 -44268.000 -44374.207  0.24%   153   15s
  1369  1286 -44327.460   85   49 -44268.000 -44374.207  0.24%   126   20s
  1427  1331 -44374.207   22   82 -44268.000 -44374.207  0.24%   157   25s
  1522  1402 -44374.203   30  182 -44268.000 -44374.207  0.24%   188   30s
  1840  1792 -44373.422   68  183 -44268.000 -44374.207  0.24%   204   36s
  2350  1928 -44372.607   94  170 -44268.000 -44374.207  0.24%   191   40s
  3004  2540 -44369.701  156  142 -44268.000 -44374.207  0.24%   181   46s
  3908  2850 -44359.988  213  143 -44268.000 -44374.207  0.24%   165   53s
  4043  3330 -44347.475  230  148 -44268.000 -44374.207  0.24%   167   55s
  5369  3499 -44374.207   34  121 -44268.000 -44374.207  0.24%   149   60s
H 5370  3331                    -44285.00000 -44374.207  0.20%   149   60s
  6612  5134 -44343.582  249   75 -44285.000 -44374.207  0.20%   139   65s
  8712  7157 -44374.067   45  116 -44285.000 -44374.207  0.20%   126   71s
 10369  8226 -44371.583   80  170 -44285.000 -44374.207  0.20%   122   79s
 10732  9968 -44371.524   81  188 -44285.000 -44374.207  0.20%   119   83s
 12584 10244     cutoff  110      -44285.000 -44374.207  0.20%   117   85s
 13207 11042 -44300.254   66  183 -44285.000 -44374.207  0.20%   118   90s
 14712 11799 -44301.379  113  163 -44285.000 -44374.207  0.20%   117  100s
 15120 12588 -44374.177   39  205 -44285.000 -44374.207  0.20%   117  106s
 16740 13889 -44374.207   34  132 -44285.000 -44374.207  0.20%   114  110s
 18024 14576 -44289.766   65  126 -44285.000 -44374.207  0.20%   114  115s
 18335 15201 -44368.316   34  164 -44285.000 -44374.207  0.20%   115  122s
 20149 16464 -44309.757  313   99 -44285.000 -44374.207  0.20%   114  126s
 21214 17250 -44352.154  132   72 -44285.000 -44374.207  0.20%   113  130s
 21229 17264 -44374.207   25   98 -44285.000 -44374.207  0.20%   114  136s
 21258 17282 -44374.207   29  118 -44285.000 -44374.207  0.20%   115  140s
 21307 17317 -44374.207   34   74 -44285.000 -44374.207  0.20%   116  145s
 21384 17352 -44361.502   42   90 -44285.000 -44374.207  0.20%   117  151s
 21456 17415 -44374.207   49  110 -44285.000 -44374.207  0.20%   118  156s
 21536 17495 -44374.207   55   61 -44285.000 -44374.207  0.20%   118  160s
H21675 16610                    -44317.00000 -44374.207  0.13%   119  161s
 21836 16810 -44374.206   69   97 -44317.000 -44374.207  0.13%   120  165s
 22750 17637 -44373.911  121  128 -44317.000 -44374.207  0.13%   120  171s
 23806 18054 -44355.791  186  130 -44317.000 -44374.207  0.13%   118  176s
 24651 18793 -44332.402   34  172 -44317.000 -44374.207  0.13%   117  181s
 25545 18535     cutoff   62      -44317.000 -44374.207  0.13%   116  185s
 26497 19201 -44374.207   57  108 -44317.000 -44374.207  0.13%   114  192s
 27571 19933 -44370.617   52  183 -44317.000 -44374.207  0.13%   113  196s
 28312 20302 -44368.684   96  161 -44317.000 -44374.207  0.13%   113  201s
 29411 20678 -44351.288   31  129 -44317.000 -44374.207  0.13%   113  208s
 29710 21195 -44351.833   72  163 -44317.000 -44374.207  0.13%   114  211s
 30992 22345 -44374.207   68   81 -44317.000 -44374.207  0.13%   114  216s
 32339 22395 -44356.290  471   29 -44317.000 -44374.207  0.13%   112  253s
 32972 23496 -44363.232  124  159 -44317.000 -44374.207  0.13%   112  256s
 34998 23443 -44328.692  127  142 -44317.000 -44374.207  0.13%   110  263s
 35251 24083 -44372.878   50  201 -44317.000 -44374.207  0.13%   110  265s
 36761 24280 -44374.207   46  152 -44317.000 -44374.207  0.13%   109  270s
 37331 24530 -44374.207   63   96 -44317.000 -44374.207  0.13%   110  279s
 37463 24951 -44374.206   79  185 -44317.000 -44374.207  0.13%   110  283s
 38015 25161 -44373.557  103  182 -44317.000 -44374.207  0.13%   111  286s
 39161 25720 -44364.286  158  124 -44317.000 -44374.207  0.13%   112  291s
 40194 26906 -44361.168  259  125 -44317.000 -44374.207  0.13%   112  296s
 42214 27503 -44356.930   75  215 -44317.000 -44374.207  0.13%   111  301s
 43049 27226 -44349.912  206   71 -44317.000 -44374.207  0.13%   111  306s
 43062 27235 -44368.316   93   84 -44317.000 -44374.207  0.13%   111  310s
 43081 27252 -44370.837   38  151 -44317.000 -44374.207  0.13%   112  315s
 43107 27279 -44374.207   42  147 -44317.000 -44374.207  0.13%   112  320s
 43177 27398 -44374.008   52  131 -44317.000 -44374.207  0.13%   113  328s
 43268 27643 -44373.927   65  228 -44317.000 -44374.207  0.13%   113  333s
 43543 28052 -44372.710   92  119 -44317.000 -44374.207  0.13%   114  338s
 44104 28283 -44371.290  145  162 -44317.000 -44374.207  0.13%   115  343s
 44543 28644 -44370.723  190  157 -44317.000 -44374.207  0.13%   116  347s
 45105 28926 -44365.822  244  141 -44317.000 -44374.207  0.13%   116  351s
 46518 29365 -44327.170  439  131 -44317.000 -44374.207  0.13%   115  357s
 47100 29440     cutoff   66      -44317.000 -44374.207  0.13%   115  361s
 48141 30425 -44374.207   53  175 -44317.000 -44374.207  0.13%   116  367s
 48878 30769 -44327.278  231   92 -44317.000 -44374.207  0.13%   115  370s
 50532 31842 -44372.999   60  148 -44317.000 -44374.207  0.13%   114  376s
 52003 32364 -44362.091   95  172 -44317.000 -44374.207  0.13%   113  381s
 53079 32468 -44351.261  180  161 -44317.000 -44374.207  0.13%   114  389s
 53154 32987 -44346.515  197  162 -44317.000 -44374.207  0.13%   115  392s
 53908 32744 -44344.381  130  102 -44317.000 -44374.207  0.13%   115  395s
 53919 32756 -44374.207   46  115 -44317.000 -44374.207  0.13%   115  400s
 53935 32767 -44371.492   48  238 -44317.000 -44374.207  0.13%   115  405s
 53963 32787 -44369.599   52  134 -44317.000 -44374.207  0.13%   116  410s
 54005 32827 -44374.207   58  156 -44317.000 -44374.207  0.13%   117  415s
 54123 32937 -44370.934   67  178 -44317.000 -44374.207  0.13%   118  422s
 54263 32960 -44374.182   76  142 -44317.000 -44374.207  0.13%   118  425s
 54639 33617 -44373.093  108   66 -44317.000 -44374.207  0.13%   120  435s
 55871 34183 -44372.357  198  121 -44317.000 -44374.207  0.13%   120  443s
 56373 34419 -44370.134  249   56 -44317.000 -44374.207  0.13%   121  446s
 56954 34438 -44362.951  341   85 -44317.000 -44374.207  0.13%   121  453s
 57234 34712     cutoff  376      -44317.000 -44374.207  0.13%   121  456s
 58108 34600 -44374.006   59  238 -44317.000 -44374.207  0.13%   121  460s
 58701 35245 -44374.142   70  100 -44317.000 -44374.207  0.13%   123  466s
 59895 35846 -44364.954  117  170 -44317.000 -44374.207  0.13%   124  473s
 60498 36297 -44362.248   86  164 -44317.000 -44374.207  0.13%   125  477s
 61930 35892 -44333.235  107  173 -44317.000 -44374.207  0.13%   124  481s
 63098 37540 -44356.780  190  123 -44317.000 -44374.207  0.13%   124  488s
 64298 37959 -44334.429  179  162 -44317.000 -44374.207  0.13%   123  493s
 65199 38287 -44352.065  278   90 -44317.000 -44374.207  0.13%   124  496s
 66362 38921 -44367.849  111  169 -44317.000 -44374.207  0.13%   126  502s
 67254 39707 -44348.148  297   93 -44317.000 -44374.207  0.13%   126  505s
 68987 40212 -44364.388  112  198 -44317.000 -44374.207  0.13%   124  510s
 70841 40551 -44373.926   62  177 -44317.000 -44374.207  0.13%   124  516s
 71887 41253 -44374.207   63  138 -44317.000 -44374.207  0.13%   124  521s
 72976 41809 -44374.207   59   92 -44317.000 -44374.207  0.13%   124  525s
 73459 42114 -44374.132   71   86 -44317.000 -44374.207  0.13%   125  530s
 74325 42620 -44371.873   86  196 -44317.000 -44374.207  0.13%   126  535s
 75397 43704 -44343.696  187   86 -44317.000 -44374.207  0.13%   127  545s
 77500 44404 -44357.779  159  153 -44317.000 -44374.207  0.13%   126  551s
 78601 45132 -44349.621  220  228 -44317.000 -44374.207  0.13%   127  556s
 80465 45726     cutoff   62      -44317.000 -44374.207  0.13%   126  560s
 81545 46898 -44361.609  112  174 -44317.000 -44374.207  0.13%   126  565s
 82401 47121 -44374.187   67  158 -44317.000 -44374.207  0.13%   126  571s
 83598 47635 -44374.207   54  134 -44317.000 -44374.207  0.13%   125  575s
 85184 49059 -44344.774  107  196 -44317.000 -44374.207  0.13%   126  583s
 86269 49344 -44373.634   85  138 -44317.000 -44374.207  0.13%   126  585s
 87700 49972 -44344.640  132  124 -44317.000 -44374.207  0.13%   125  591s
 88946 51015 -44373.143   66  194 -44317.000 -44374.207  0.13%   125  595s
 90348 51182 -44359.421   58  204 -44317.000 -44374.207  0.13%   124  600s

Cutting planes:
  Gomory: 8
  Cover: 118
  Clique: 59
  MIR: 175
  StrongCG: 170
  Flow cover: 132
  Zero half: 14
  RLT: 1

Explored 90565 nodes (11313980 simplex iterations) in 600.01 seconds (1063.49 work units)
Thread count was 4 (of 56 available processors)

Solution count 10: -44317 -44285 -44268 ... -43797

Time limit reached
Best objective -4.431700000000e+04, best bound -4.437400000000e+04, gap 0.1286%
