
Gurobi 9.5.0 (linux64) logging started Fri Apr 29 22:05:37 2022

Set parameter LogFile to value "/local_workspace/chenrui/LogFiles/MKAP/new1W_R25_M10_N100_seed1_DWcutsCT3_600.log"
Gurobi Optimizer version 9.5.0 build v9.5.0rc5 (linux64)
Thread count: 56 physical cores, 56 logical processors, using up to 4 threads
Optimize a model with 1861 rows, 1250 columns and 7257 nonzeros
Model fingerprint: 0xe5698a77
Variable types: 0 continuous, 1250 integer (1250 binary)
Coefficient statistics:
  Matrix range     [1e-13, 4e+03]
  Objective range  [8e+01, 9e+02]
  Bounds range     [1e+00, 1e+00]
  RHS range        [6e-14, 1e+00]
Warning: Model contains large matrix coefficient range
         Consider reformulating model or setting NumericFocus parameter
         to avoid numerical issues.
Found heuristic solution: objective 0.0000000
Presolve removed 842 rows and 48 columns
Presolve time: 0.01s
Presolved: 1019 rows, 1202 columns, 3446 nonzeros
Variable types: 0 continuous, 1202 integer (1202 binary)
Found heuristic solution: objective -2704.000000

Root relaxation: objective -2.063000e+04, 1392 iterations, 0.01 seconds (0.01 work units)

    Nodes    |    Current Node    |     Objective Bounds      |     Work
 Expl Unexpl |  Obj  Depth IntInf | Incumbent    BestBd   Gap | It/Node Time

*    0     0               0    -20630.00000 -20630.000  0.00%     -    0s

Explored 1 nodes (1392 simplex iterations) in 0.03 seconds (0.02 work units)
Thread count was 4 (of 56 available processors)

Solution count 3: -20630 -2704 0 
No other solutions better than -20630

Optimal solution found (tolerance 1.00e-04)
Best objective -2.062999999982e+04, best bound -2.062999999982e+04, gap 0.0000%
