
Gurobi 9.5.0 (linux64) logging started Thu Apr 28 14:54:31 2022

Set parameter LogFile to value "/local_workspace/chenrui/LogFiles/MKAP/new1W_R10_M10_N100_seed4_objLB_600.log"
Gurobi Optimizer version 9.5.0 build v9.5.0rc5 (linux64)
Thread count: 56 physical cores, 56 logical processors, using up to 4 threads
Optimize a model with 211 rows, 1100 columns and 3200 nonzeros
Model fingerprint: 0xa5976e0c
Variable types: 0 continuous, 1100 integer (1100 binary)
Coefficient statistics:
  Matrix range     [1e+00, 6e+03]
  Objective range  [4e+01, 9e+02]
  Bounds range     [1e+00, 1e+00]
  RHS range        [1e+00, 3e+04]
Found heuristic solution: objective 0.0000000
Presolve removed 19 rows and 124 columns
Presolve time: 0.01s
Presolved: 192 rows, 976 columns, 2847 nonzeros
Variable types: 0 continuous, 976 integer (976 binary)
Found heuristic solution: objective -19504.00000

Root relaxation: objective -2.960300e+04, 263 iterations, 0.00 seconds (0.00 work units)

    Nodes    |    Current Node    |     Objective Bounds      |     Work
 Expl Unexpl |  Obj  Depth IntInf | Incumbent    BestBd   Gap | It/Node Time

     0     0 -29603.000    0   27 -19504.000 -29603.000  51.8%     -    0s
H    0     0                    -24584.00000 -29603.000  20.4%     -    0s
     0     0 -29603.000    0   98 -24584.000 -29603.000  20.4%     -    0s
H    0     0                    -27759.00000 -29603.000  6.64%     -    0s
H    0     0                    -29074.00000 -29603.000  1.82%     -    0s
     0     0 -29603.000    0   98 -29074.000 -29603.000  1.82%     -    0s
     0     0 -29603.000    0   20 -29074.000 -29603.000  1.82%     -    0s
     0     0 -29603.000    0   39 -29074.000 -29603.000  1.82%     -    0s
     0     0 -29603.000    0   41 -29074.000 -29603.000  1.82%     -    0s
     0     0 -29603.000    0   39 -29074.000 -29603.000  1.82%     -    0s
     0     2 -29603.000    0   27 -29074.000 -29603.000  1.82%     -    0s
H   31    63                    -29230.00000 -29603.000  1.28%  73.2    0s
H   38    63                    -29268.00000 -29603.000  1.14%  68.7    0s
H  234   188                    -29424.00000 -29603.000  0.61%  44.1    0s
H 1062   168                    -29543.00000 -29603.000  0.20%   102    1s
H 3063   346                    -29558.00000 -29603.000  0.15%  89.7    2s
H 3063   208                    -29603.00000 -29603.000  0.00%  89.7    2s

Cutting planes:
  Gomory: 10
  Cover: 498
  Clique: 110
  MIR: 28
  StrongCG: 19
  Inf proof: 9
  RLT: 1

Explored 3156 nodes (285818 simplex iterations) in 2.59 seconds (3.79 work units)
Thread count was 4 (of 56 available processors)

Solution count 10: -29603 -29558 -29543 ... -19504
No other solutions better than -29603

Optimal solution found (tolerance 1.00e-04)
Best objective -2.960300000000e+04, best bound -2.960300000000e+04, gap 0.0000%
