
Gurobi 9.5.0 (linux64) logging started Fri Apr 15 19:10:51 2022

Set parameter LogFile to value "/local_workspace/chenrui/LogFiles/MKAP/new1W_R10_M20_N200_seed1_DWcutsT3_600.log"
Gurobi Optimizer version 9.5.0 build v9.5.0rc5 (linux64)
Thread count: 56 physical cores, 56 logical processors, using up to 4 threads
Optimize a model with 1988 rows, 4200 columns and 40990 nonzeros
Model fingerprint: 0x4387624d
Variable types: 0 continuous, 4200 integer (4200 binary)
Coefficient statistics:
  Matrix range     [1e-13, 5e+03]
  Objective range  [2e+01, 1e+03]
  Bounds range     [1e+00, 1e+00]
  RHS range        [2e-13, 1e+01]
Warning: Model contains large matrix coefficient range
         Consider reformulating model or setting NumericFocus parameter
         to avoid numerical issues.
Found heuristic solution: objective 0.0000000
Presolve removed 78 rows and 201 columns
Presolve time: 0.10s
Presolved: 1910 rows, 3999 columns, 38774 nonzeros
Variable types: 0 continuous, 3999 integer (3999 binary)
Found heuristic solution: objective -10656.00000

Root relaxation: objective -6.257077e+04, 18479 iterations, 2.41 seconds (3.40 work units)

    Nodes    |    Current Node    |     Objective Bounds      |     Work
 Expl Unexpl |  Obj  Depth IntInf | Incumbent    BestBd   Gap | It/Node Time

     0     0 -62570.765    0  416 -10656.000 -62570.765   487%     -    2s
H    0     0                    -54357.00000 -62570.765  15.1%     -    2s
H    0     0                    -54388.00000 -62570.765  15.0%     -    2s
H    0     0                    -60032.00000 -62570.765  4.23%     -    2s
     0     0 -62570.765    0  502 -60032.000 -62570.765  4.23%     -    3s
H    0     0                    -60127.00000 -62570.765  4.06%     -    4s
     0     0 -62570.765    0  444 -60127.000 -62570.765  4.06%     -    4s
     0     0 -62570.765    0  458 -60127.000 -62570.765  4.06%     -    4s
H    0     0                    -60305.00000 -62570.765  3.76%     -    5s
     0     0 -62570.765    0  409 -60305.000 -62570.765  3.76%     -    5s
     0     0 -62570.765    0  446 -60305.000 -62570.765  3.76%     -    6s
     0     0 -62570.765    0  420 -60305.000 -62570.765  3.76%     -    6s
     0     0 -62570.765    0  392 -60305.000 -62570.765  3.76%     -    6s
     0     0 -62570.765    0  338 -60305.000 -62570.765  3.76%     -    8s
H    0     0                    -60783.00000 -62570.765  2.94%     -    9s
     0     2 -62570.765    0  312 -60783.000 -62570.765  2.94%     -    9s
     1     4 -62570.765    1  349 -60783.000 -62570.765  2.94%  1411   11s
     7    12 -62570.390    3  390 -60783.000 -62570.765  2.94%  1683   15s
    29    45 -62570.108    8  336 -60783.000 -62570.765  2.94%  1325   20s
H   43    45                    -60952.00000 -62570.765  2.66%   980   20s
H   87   156                    -61029.00000 -62570.765  2.53%   850   25s
H  112   156                    -61126.00000 -62570.765  2.36%   748   25s
   155   463 -62569.659   38  263 -61126.000 -62570.765  2.36%   776   30s
H  169   463                    -61227.00000 -62570.765  2.19%   729   30s
H  462  1081                    -61337.00000 -62570.765  2.01%   468   36s
H  494  1081                    -61432.00000 -62570.765  1.85%   442   36s
H  933  1081                    -61648.00000 -62570.765  1.50%   263   36s
  1390  1355 -62138.739   26  262 -61648.000 -62570.765  1.50%   219   42s
H 1402  1348                    -61678.00000 -62570.765  1.45%   220   42s
  1570  1349 -61878.479  180  338 -61678.000 -62570.765  1.45%   228   46s
  1574  1352 -62127.218   80  433 -61678.000 -62570.765  1.45%   227   50s
  1581  1356 -62563.502   32  409 -61678.000 -62570.765  1.45%   226   56s
  1584  1361 -62570.765   12  360 -61678.000 -62570.765  1.45%   250   65s
  1590  1367 -62570.765   14  340 -61678.000 -62570.765  1.45%   254   71s
  1606  1381 -62570.765   16  340 -61678.000 -62570.765  1.45%   265   75s
H 1616  1313                    -61701.00000 -62570.765  1.41%   267   76s
  1644  1346 -62570.647   21  306 -61701.000 -62570.765  1.41%   278   80s
  1723  1555 -62570.305   33  277 -61701.000 -62570.765  1.41%   297   87s
  1895  1783 -62565.968   61  231 -61701.000 -62570.765  1.41%   308   93s
H 1975  1691                    -61798.00000 -62570.765  1.25%   304   93s
  2194  2164 -62554.217  102  191 -61798.000 -62570.765  1.25%   301   97s
H 2375  2042                    -61805.00000 -62570.765  1.24%   285   97s
  2882  1986 -62077.438  192  149 -61805.000 -62570.765  1.24%   258  100s
H 3051  1868                    -61823.00000 -62570.765  1.21%   246  100s
H 3089  1796                    -61839.00000 -62570.765  1.18%   244  100s
  3204  1887 -62569.415   42  321 -61839.000 -62570.765  1.18%   265  107s
  3271  2217 -62569.015   67  287 -61839.000 -62570.765  1.18%   270  110s
  3848  2649 -62546.000   36  267 -61839.000 -62570.765  1.18%   260  115s
  4757  2948 -62570.660   52  321 -61839.000 -62570.765  1.18%   236  122s
  5005  3683 -62497.928  141  123 -61839.000 -62570.765  1.18%   239  125s
  6257  4360 -62570.765   30  297 -61839.000 -62570.765  1.18%   217  132s
  6678  4634 -62566.024   37  289 -61839.000 -62570.765  1.18%   215  136s
  6977  5123 -62079.168   49  174 -61839.000 -62570.765  1.18%   217  141s
  7574  5360 -62570.765   29  370 -61839.000 -62570.765  1.18%   212  146s
  7865  5656 -62570.549   35  292 -61839.000 -62570.765  1.18%   215  151s
  8243  6053 -62570.754   27  292 -61839.000 -62570.765  1.18%   212  157s
  8704  6404 -62186.571   37  262 -61839.000 -62570.765  1.18%   213  162s
  9114  7184 -62499.281   65  158 -61839.000 -62570.765  1.18%   211  169s
 10002  7809 -61908.871   51   92 -61839.000 -62570.765  1.18%   205  175s
 10779  8574 -62258.445   34  266 -61839.000 -62570.765  1.18%   201  183s
 11655  8978 -62166.695   22  280 -61839.000 -62570.765  1.18%   202  189s
H12077  8919                    -61863.00000 -62570.765  1.14%   203  189s
 12188  9429 -62570.765   20  349 -61863.000 -62570.765  1.14%   204  196s
 12844  9712 -62550.479   35  327 -61863.000 -62570.765  1.14%   203  202s
 13169 10266 -62521.920   44  256 -61863.000 -62570.765  1.14%   206  208s
 13905 10736 -62569.962   39  313 -61863.000 -62570.765  1.14%   204  215s
 14446 11239 -62570.407   27  361 -61863.000 -62570.765  1.14%   204  221s
 15025 11432 -62529.487  110  205 -61863.000 -62570.765  1.14%   205  227s
 15262 11954 -62570.765   16  382 -61863.000 -62570.765  1.14%   204  234s
 15861 12444 -62566.348   33  293 -61863.000 -62570.765  1.14%   205  242s
 16424 12935 -62186.988  149   45 -61863.000 -62570.765  1.14%   206  249s
 17091 13106 -62259.209   42  284 -61863.000 -62570.765  1.14%   206  256s
H17299 13086                    -61865.00000 -62570.765  1.14%   206  256s
 17311 13840 -62517.551   34  293 -61865.000 -62570.765  1.14%   207  263s
H17638 13833                    -61867.00000 -62570.765  1.14%   205  263s
H18105 13584                    -61892.00000 -62570.765  1.10%   204  263s
 18230 13886 -62570.765   22  319 -61892.000 -62570.765  1.10%   204  270s
H18290 12635                    -61974.00000 -62570.765  0.96%   205  270s
 18590 12934 -62216.138   45  147 -61974.000 -62570.765  0.96%   207  277s
 19023 13256 -62409.760   31  241 -61974.000 -62570.765  0.96%   207  284s
 19406 13631 -62568.728   33  291 -61974.000 -62570.765  0.96%   209  291s
 19892 13871 -62294.559   28  245 -61974.000 -62570.765  0.96%   210  298s
 20178 14459 -62570.258   36  307 -61974.000 -62570.765  0.96%   213  306s
 20862 14658 -62220.580   45  240 -61974.000 -62570.765  0.96%   214  313s
 21119 14989 -62128.014   33  252 -61974.000 -62570.765  0.96%   216  381s
 21559 15979 -62233.580   22  241 -61974.000 -62570.765  0.96%   220  393s
 22791 16366 -62519.803   35  277 -61974.000 -62570.765  0.96%   219  399s
 23243 16789 -62534.026   31  238 -61974.000 -62570.765  0.96%   218  406s
 23860 17158 -62514.765   32  266 -61974.000 -62570.765  0.96%   219  414s
 24360 17587 -62167.023   40  255 -61974.000 -62570.765  0.96%   219  422s
 24915 17753 -62570.631   27  315 -61974.000 -62570.765  0.96%   221  429s
 25106 18203 -62570.015   46  310 -61974.000 -62570.765  0.96%   222  438s
 25682 18407 -62494.936   72  220 -61974.000 -62570.765  0.96%   223  446s
 25959 18827 -62569.688   28  355 -61974.000 -62570.765  0.96%   226  455s
 26485 19187 -62570.545   37  346 -61974.000 -62570.765  0.96%   226  463s
 26926 19583 -62569.024   40  387 -61974.000 -62570.765  0.96%   229  473s
 27407 20253 -62138.684   25  244 -61974.000 -62570.765  0.96%   232  482s
 28316 20601 -62114.391   45  221 -61974.000 -62570.765  0.96%   231  491s
 28761 20987 -62519.134   33  282 -61974.000 -62570.765  0.96%   233  500s
 29215 21821 -62562.097   40  288 -61974.000 -62570.765  0.96%   236  509s
 30232 22044 -62494.603   94  169 -61974.000 -62570.765  0.96%   234  517s
 30509 22433 -62569.548   45  322 -61974.000 -62570.765  0.96%   235  526s
 31014 22838 -62010.100   78   98 -61974.000 -62570.765  0.96%   237  535s
 31509 22877 -62071.622   25  327 -61974.000 -62570.765  0.96%   239  544s
 31548 26007 -62069.309   34  305 -61974.000 -62570.765  0.96%   239  600s

Cutting planes:
  Cover: 120
  Clique: 173
  MIR: 25
  StrongCG: 13
  Flow cover: 33
  RLT: 1

Explored 35440 nodes (8933853 simplex iterations) in 600.02 seconds (1001.44 work units)
Thread count was 4 (of 56 available processors)

Solution count 10: -61974 -61892 -61867 ... -61701

Time limit reached
Best objective -6.197400000000e+04, best bound -6.257000000000e+04, gap 0.9617%
