
Gurobi 9.5.0 (linux64) logging started Wed May  4 18:50:09 2022

Set parameter LogFile to value "/local_workspace/chenrui/LogFiles/MKAP/new1W_R25_M40_N100_seed7_objLB_600.log"
Gurobi Optimizer version 9.5.0 build v9.5.0rc5 (linux64)
Thread count: 56 physical cores, 56 logical processors, using up to 4 threads
Optimize a model with 1141 rows, 5000 columns and 14000 nonzeros
Model fingerprint: 0xaf42d5a5
Variable types: 0 continuous, 5000 integer (5000 binary)
Coefficient statistics:
  Matrix range     [1e+00, 1e+03]
  Objective range  [2e+01, 9e+02]
  Bounds range     [1e+00, 1e+00]
  RHS range        [1e+00, 3e+04]
Found heuristic solution: objective 0.0000000
Presolve removed 501 rows and 2021 columns
Presolve time: 0.04s
Presolved: 640 rows, 2979 columns, 8438 nonzeros
Variable types: 0 continuous, 2979 integer (2979 binary)
Found heuristic solution: objective -21716.00000

Root relaxation: objective -3.093800e+04, 1248 iterations, 0.01 seconds (0.02 work units)

    Nodes    |    Current Node    |     Objective Bounds      |     Work
 Expl Unexpl |  Obj  Depth IntInf | Incumbent    BestBd   Gap | It/Node Time

     0     0 -30938.000    0   47 -21716.000 -30938.000  42.5%     -    0s
H    0     0                    -28711.00000 -30938.000  7.76%     -    0s
H    0     0                    -28957.00000 -30938.000  6.84%     -    0s
H    0     0                    -29223.00000 -30938.000  5.87%     -    0s
     0     0 -30938.000    0   97 -29223.000 -30938.000  5.87%     -    0s
H    0     0                    -29430.00000 -30938.000  5.12%     -    0s
H    0     0                    -29486.00000 -30938.000  4.92%     -    0s
     0     0 -30938.000    0   37 -29486.000 -30938.000  4.92%     -    0s
H    0     0                    -29659.00000 -30938.000  4.31%     -    0s
H    0     0                    -29788.00000 -30938.000  3.86%     -    0s
H    0     0                    -30163.00000 -30938.000  2.57%     -    0s
     0     0 -30938.000    0   38 -30163.000 -30938.000  2.57%     -    0s
     0     0 -30938.000    0   38 -30163.000 -30938.000  2.57%     -    0s
H    0     0                    -30183.00000 -30938.000  2.50%     -    0s
H    0     2                    -30231.00000 -30938.000  2.34%     -    0s
     0     2 -30938.000    0   38 -30231.000 -30938.000  2.34%     -    0s
H   34    36                    -30289.00000 -30938.000  2.14%   161    0s
H   71    87                    -30390.00000 -30938.000  1.80%   125    0s
H  122   170                    -30410.00000 -30938.000  1.74%   102    0s
H  140   170                    -30439.00000 -30938.000  1.64%   100    0s
H  160   170                    -30543.00000 -30938.000  1.29%  99.3    0s
H  361   307                    -30629.00000 -30938.000  1.01%  92.6    0s
H  521   405                    -30690.00000 -30938.000  0.81%   116    1s
H  810   532                    -30803.00000 -30938.000  0.44%   129    1s
  1132   641 -30938.000   14   73 -30803.000 -30938.000  0.44%   173    5s
H 1646   770                    -30809.00000 -30938.000  0.42%   190    8s
H 1678   775                    -30819.00000 -30938.000  0.39%   192    8s
H 1701   678                    -30863.00000 -30938.000  0.24%   193    8s
H 1846   574                    -30871.00000 -30938.000  0.22%   193    9s
  2051   656 -30938.000   30   82 -30871.000 -30938.000  0.22%   201   10s
  2632   691 -30910.485   29   65 -30871.000 -30938.000  0.22%   215   15s
H 2751   573                    -30898.00000 -30938.000  0.13%   214   15s
  4208  1086 -30938.000   31   61 -30898.000 -30938.000  0.13%   234   20s
  6116  1380 -30938.000   23   85 -30898.000 -30938.000  0.13%   250   26s
  7747  1521 -30929.651   38   73 -30898.000 -30938.000  0.13%   267   31s
  8686  1548 -30929.516   30  100 -30898.000 -30938.000  0.13%   279   35s
  9872  1725     cutoff   48      -30898.000 -30938.000  0.13%   286   40s
 11697  1984 -30905.472   30   79 -30898.000 -30938.000  0.13%   287   46s
 13335  2224     cutoff   44      -30898.000 -30938.000  0.13%   284   50s
 15506  2370 -30937.725   41   65 -30898.000 -30938.000  0.13%   275   55s
 16235  2466 -30938.000   34   68 -30898.000 -30938.000  0.13%   274   60s
 17329  2646 -30938.000   48   26 -30898.000 -30938.000  0.13%   273   65s
 20878  3100     cutoff   24      -30898.000 -30938.000  0.13%   255   72s
 23093  3253 -30938.000   43  103 -30898.000 -30938.000  0.13%   250   75s
 25024  3407 -30938.000   32   37 -30898.000 -30938.000  0.13%   245   80s
 27161  3911 -30908.678   47   35 -30898.000 -30938.000  0.13%   239   85s
 29945  4099 -30916.503   44   81 -30898.000 -30938.000  0.13%   235   90s
 31464  4266 -30925.520   31  123 -30898.000 -30938.000  0.13%   235   96s
 31633  4625 -30908.469   33   89 -30898.000 -30938.000  0.13%   235  102s
 35046  4660 -30938.000   44   81 -30898.000 -30938.000  0.13%   235  106s
 37066  5265 -30938.000   43   60 -30898.000 -30938.000  0.13%   233  110s
 39602  5641 -30924.402   59   75 -30898.000 -30938.000  0.13%   231  115s
 41859  5955 -30899.547   42  106 -30898.000 -30938.000  0.13%   231  121s
 44216  6460 -30938.000   34   93 -30898.000 -30938.000  0.13%   229  126s
 44507  6581 -30907.089   64   17 -30898.000 -30938.000  0.13%   228  131s
 48010  7369 -30913.772   68   30 -30898.000 -30938.000  0.13%   225  135s
 50377  7834     cutoff   66      -30898.000 -30938.000  0.13%   224  141s
 53853  8707 -30927.523   36   94 -30898.000 -30938.000  0.13%   219  146s
 56619  9266 -30938.000   61   35 -30898.000 -30938.000  0.13%   218  151s
 58210  9806     cutoff   38      -30898.000 -30938.000  0.13%   217  155s
 61043 10429 -30938.000   27   60 -30898.000 -30938.000  0.13%   216  160s
 62724 10683 -30938.000   30  123 -30898.000 -30938.000  0.13%   216  165s
 65076 10879 -30938.000   38   57 -30898.000 -30938.000  0.13%   217  171s
 66661 10996     cutoff   32      -30898.000 -30938.000  0.13%   218  175s
 68107 11234 -30909.692   36   93 -30898.000 -30938.000  0.13%   219  180s
 70104 11695     cutoff   60      -30898.000 -30938.000  0.13%   219  186s
 71725 11840 -30934.138   36  137 -30898.000 -30938.000  0.13%   219  190s
 73730 11955 -30904.142   52  107 -30898.000 -30938.000  0.13%   221  195s
 73936 12078 -30938.000   33   88 -30898.000 -30938.000  0.13%   221  201s
 77045 12076     cutoff   56      -30898.000 -30938.000  0.13%   223  205s
 81316 13552     cutoff   39      -30898.000 -30938.000  0.13%   217  210s
 88132 14634 -30905.545   29   88 -30898.000 -30938.000  0.13%   207  216s
 89257 15039     cutoff   58      -30898.000 -30938.000  0.13%   207  220s
 92606 15887 -30938.000   52   57 -30898.000 -30938.000  0.13%   207  225s
 94626 16142 -30938.000   54   62 -30898.000 -30938.000  0.13%   208  230s
 96535 16611 -30938.000   44   89 -30898.000 -30938.000  0.13%   208  235s
 98629 17363 -30938.000   49   63 -30898.000 -30938.000  0.13%   208  240s
 100997 18079 -30930.238   73   63 -30898.000 -30938.000  0.13%   206  245s
 105862 19290 -30928.930   71   31 -30898.000 -30938.000  0.13%   202  250s
 108037 19650 -30938.000   45   77 -30898.000 -30938.000  0.13%   202  255s
 108569 19818 -30906.451   71    3 -30898.000 -30938.000  0.13%   202  260s
 113734 21428 -30916.681   73   23 -30898.000 -30938.000  0.13%   198  265s
 121140 22610 -30938.000   78   36 -30898.000 -30938.000  0.13%   190  270s
 127713 24086     cutoff   71      -30898.000 -30938.000  0.13%   184  275s
 133759 24837 -30904.439   68   13 -30898.000 -30938.000  0.13%   180  281s
 138545 25907 -30938.000   38   90 -30898.000 -30938.000  0.13%   176  285s
 144746 26383     cutoff   78      -30898.000 -30938.000  0.13%   172  290s
 153075 27540 -30899.301   86    8 -30898.000 -30938.000  0.13%   166  295s
 156343 28312 -30910.720   75    1 -30898.000 -30938.000  0.13%   165  301s
 162985 29276     cutoff   71      -30898.000 -30938.000  0.13%   161  305s
 166306 29644 -30899.301   86    2 -30898.000 -30938.000  0.13%   159  310s
 170811 30208 -30924.907   85   37 -30898.000 -30938.000  0.13%   157  315s
 179916 30832 -30938.000   86   24 -30898.000 -30938.000  0.13%   153  320s
 186020 31339     cutoff   78      -30898.000 -30938.000  0.13%   150  325s
 189688 31589 -30936.008   79    7 -30898.000 -30938.000  0.13%   150  330s
 192788 31925 -30938.000   71   48 -30898.000 -30938.000  0.13%   150  335s
 195994 32140 -30938.000   64   34 -30898.000 -30938.000  0.13%   150  340s
 198084 32312 -30938.000   20  122 -30898.000 -30938.000  0.13%   150  345s
 199301 32416 -30938.000   46   84 -30898.000 -30938.000  0.13%   151  350s
 201822 32827 -30929.737   40  103 -30898.000 -30938.000  0.13%   151  355s
 203867 33039 -30923.845   56   65 -30898.000 -30938.000  0.13%   152  360s
 207383 33560     cutoff   53      -30898.000 -30938.000  0.13%   152  365s
 210157 33931 -30938.000   33   55 -30898.000 -30938.000  0.13%   153  371s
 212737 34285 -30938.000   52  110 -30898.000 -30938.000  0.13%   153  375s
 215153 34487 -30918.110   61   93 -30898.000 -30938.000  0.13%   154  383s
 217463 34758 -30924.023   49  112 -30898.000 -30938.000  0.13%   154  385s
 220241 35081     cutoff   64      -30898.000 -30938.000  0.13%   154  390s
 223049 35460 -30899.327   58   96 -30898.000 -30938.000  0.13%   155  398s
 223457 35962 -30938.000   37   76 -30898.000 -30938.000  0.13%   155  403s
 226860 36116 -30906.451   93    3 -30898.000 -30938.000  0.13%   155  407s
 228976 36371 -30938.000   73   11 -30898.000 -30938.000  0.13%   155  411s
 229862 36536 -30925.093   47  102 -30898.000 -30938.000  0.13%   155  415s
 236692 37874     cutoff   75      -30898.000 -30938.000  0.13%   153  420s
 245159 39026 -30907.339   87    5 -30898.000 -30938.000  0.13%   151  425s
 250724 39913 -30904.187   78   43 -30898.000 -30938.000  0.13%   149  430s
 255641 40373 -30925.437   88   11 -30898.000 -30938.000  0.13%   148  435s
 262387 41157     cutoff   63      -30898.000 -30938.000  0.13%   146  440s
 269440 41770 -30903.070   73   21 -30898.000 -30938.000  0.13%   144  445s
 275296 42980     cutoff   61      -30898.000 -30938.000  0.13%   143  451s
 278430 43370 -30938.000   53   91 -30898.000 -30938.000  0.13%   143  455s
 283065 44573 -30911.141   88   16 -30898.000 -30938.000  0.13%   143  462s
 284368 44816     cutoff   46      -30898.000 -30938.000  0.13%   143  465s
 289653 45383 -30935.616   80   52 -30898.000 -30938.000  0.13%   143  470s
 291503 45763     cutoff   47      -30898.000 -30938.000  0.13%   143  475s
 296281 46440 -30916.069   43  106 -30898.000 -30938.000  0.13%   142  480s
 299897 46863 -30938.000   58   93 -30898.000 -30938.000  0.13%   143  485s
 303221 47168     cutoff   68      -30898.000 -30938.000  0.13%   143  491s
 306769 48033     cutoff   74      -30898.000 -30938.000  0.13%   143  495s
 310643 48685     cutoff   43      -30898.000 -30938.000  0.13%   143  500s
 313060 49049 -30934.427   77   32 -30898.000 -30938.000  0.13%   143  506s
 316131 49596 -30938.000   64   55 -30898.000 -30938.000  0.13%   143  510s
 319386 49910     cutoff   57      -30898.000 -30938.000  0.13%   143  517s
 320714 50181     cutoff   47      -30898.000 -30938.000  0.13%   143  520s
 323758 50785 -30937.673   59   78 -30898.000 -30938.000  0.13%   143  525s
 328959 51420 -30938.000   49   79 -30898.000 -30938.000  0.13%   143  530s
 329594 51451 -30938.000   67   27 -30898.000 -30938.000  0.13%   143  535s
 336580 52481     cutoff   67      -30898.000 -30938.000  0.13%   142  540s
 342474 53300     cutoff   59      -30898.000 -30938.000  0.13%   142  545s
 346286 53729 -30924.495   53   85 -30898.000 -30938.000  0.13%   142  550s
 350822 54246     cutoff   54      -30898.000 -30938.000  0.13%   141  555s
 355960 54959 -30909.254   72   69 -30898.000 -30938.000  0.13%   141  560s
 359281 55331 -30938.000   75   48 -30898.000 -30938.000  0.13%   141  565s
 362047 55779     cutoff   67      -30898.000 -30938.000  0.13%   141  570s
 364560 56208 -30933.753   50  104 -30898.000 -30938.000  0.13%   141  578s
 366000 56335 -30912.443   63  102 -30898.000 -30938.000  0.13%   141  581s
 367287 56681 -30938.000   23   88 -30898.000 -30938.000  0.13%   141  585s
 371784 57491 -30938.000   49   75 -30898.000 -30938.000  0.13%   142  590s
 375145 58040 infeasible   59      -30898.000 -30938.000  0.13%   142  596s

Cutting planes:
  Gomory: 46
  Lift-and-project: 7
  Cover: 118
  Clique: 29
  MIR: 37
  StrongCG: 30
  Flow cover: 60
  GUB cover: 1
  Zero half: 18

Explored 377658 nodes (53749673 simplex iterations) in 600.00 seconds (1290.84 work units)
Thread count was 4 (of 56 available processors)

Solution count 10: -30898 -30871 -30863 ... -30439

Time limit reached
Best objective -3.089800000000e+04, best bound -3.093800000000e+04, gap 0.1295%
