
Gurobi 9.5.0 (linux64) logging started Tue May  3 14:48:23 2022

Set parameter LogFile to value "/local_workspace/chenrui/LogFiles/MKAP/new1W_R25_M30_N100_seed6_DWcutsCT2_600.log"
Gurobi Optimizer version 9.5.0 build v9.5.0rc5 (linux64)
Thread count: 56 physical cores, 56 logical processors, using up to 4 threads
Optimize a model with 2644 rows, 3750 columns and 13618 nonzeros
Model fingerprint: 0x4fabc692
Variable types: 0 continuous, 3750 integer (3750 binary)
Coefficient statistics:
  Matrix range     [1e-13, 3e+03]
  Objective range  [4e+01, 9e+02]
  Bounds range     [1e+00, 1e+00]
  RHS range        [1e-14, 1e+00]
Warning: Model contains large matrix coefficient range
         Consider reformulating model or setting NumericFocus parameter
         to avoid numerical issues.
Found heuristic solution: objective 0.0000000
Presolve removed 1099 rows and 1155 columns
Presolve time: 0.03s
Presolved: 1545 rows, 2595 columns, 7057 nonzeros
Found heuristic solution: objective -15626.00000
Variable types: 0 continuous, 2595 integer (2595 binary)

Root relaxation: objective -3.031188e+04, 2813 iterations, 0.04 seconds (0.03 work units)

    Nodes    |    Current Node    |     Objective Bounds      |     Work
 Expl Unexpl |  Obj  Depth IntInf | Incumbent    BestBd   Gap | It/Node Time

     0     0 -30311.875    0   35 -15626.000 -30311.875  94.0%     -    0s
H    0     0                    -30158.00000 -30311.875  0.51%     -    0s
H    0     0                    -30202.00000 -30311.875  0.36%     -    0s
     0     0 -30301.727    0   69 -30202.000 -30301.727  0.33%     -    0s
     0     0 -30301.727    0   15 -30202.000 -30301.727  0.33%     -    0s
H    0     0                    -30207.00000 -30301.727  0.31%     -    0s
H    0     0                    -30238.00000 -30301.727  0.21%     -    0s
H    0     0                    -30266.00000 -30301.727  0.12%     -    0s
     0     0 -30297.667    0   40 -30266.000 -30297.667  0.10%     -    0s
H    0     0                    -30272.00000 -30297.667  0.08%     -    0s
*    0     0               0    -30281.00002 -30281.000  0.00%     -    0s

Cutting planes:
  Gomory: 14
  Clique: 2
  Zero half: 5

Explored 1 nodes (3900 simplex iterations) in 0.22 seconds (0.14 work units)
Thread count was 4 (of 56 available processors)

Solution count 9: -30281 -30272 -30266 ... 0

Optimal solution found (tolerance 1.00e-04)
Best objective -3.028100000000e+04, best bound -3.028100002218e+04, gap 0.0000%
