
Gurobi 9.5.0 (linux64) logging started Thu Apr 28 15:33:47 2022

Set parameter LogFile to value "/local_workspace/chenrui/LogFiles/MKAP/new1W_R10_M10_N100_seed1_DWcutsCT5_600.log"
Gurobi Optimizer version 9.5.0 build v9.5.0rc5 (linux64)
Thread count: 56 physical cores, 56 logical processors, using up to 4 threads
Optimize a model with 2610 rows, 1100 columns and 26777 nonzeros
Model fingerprint: 0x8ccfe4cd
Variable types: 0 continuous, 1100 integer (1100 binary)
Coefficient statistics:
  Matrix range     [1e-13, 7e+03]
  Objective range  [8e+01, 9e+02]
  Bounds range     [1e+00, 1e+00]
  RHS range        [5e-13, 1e+00]
Warning: Model contains large matrix coefficient range
         Consider reformulating model or setting NumericFocus parameter
         to avoid numerical issues.
Found heuristic solution: objective 0.0000000
Presolve removed 541 rows and 43 columns
Presolve time: 0.10s
Presolved: 2069 rows, 1057 columns, 19196 nonzeros
Found heuristic solution: objective -5249.000000
Variable types: 0 continuous, 1057 integer (1057 binary)

Root relaxation: objective -2.881850e+04, 2485 iterations, 0.14 seconds (0.19 work units)

    Nodes    |    Current Node    |     Objective Bounds      |     Work
 Expl Unexpl |  Obj  Depth IntInf | Incumbent    BestBd   Gap | It/Node Time

     0     0 -28818.500    0   87 -5249.0000 -28818.500   449%     -    0s
H    0     0                    -25476.00000 -28818.500  13.1%     -    0s
H    0     0                    -26598.00000 -28818.500  8.35%     -    0s
H    0     0                    -28694.00000 -28813.632  0.42%     -    0s
H    0     0                    -28773.00000 -28813.632  0.14%     -    0s
     0     0 -28813.632    0  110 -28773.000 -28813.632  0.14%     -    0s
     0     0 -28813.174    0  115 -28773.000 -28813.174  0.14%     -    0s
     0     0 -28813.174    0   62 -28773.000 -28813.174  0.14%     -    0s
     0     0 -28804.727    0   61 -28773.000 -28804.727  0.11%     -    0s
     0     0 -28804.727    0   38 -28773.000 -28804.727  0.11%     -    0s
     0     0 -28780.836    0   28 -28773.000 -28780.836  0.03%     -    0s

Cutting planes:
  Gomory: 1
  Cover: 1
  Clique: 13
  StrongCG: 1

Explored 1 nodes (3915 simplex iterations) in 0.63 seconds (0.60 work units)
Thread count was 4 (of 56 available processors)

Solution count 8: -28773 -28694 -26598 ... 0
No other solutions better than -28773

Optimal solution found (tolerance 1.00e-04)
Best objective -2.877300000000e+04, best bound -2.877300000000e+04, gap 0.0000%

Gurobi 9.5.0 (linux64) logging started Thu Apr 28 17:31:33 2022

Set parameter LogFile to value "/local_workspace/chenrui/LogFiles/MKAP/new1W_R10_M10_N100_seed1_DWcutsCT5_600.log"
Gurobi Optimizer version 9.5.0 build v9.5.0rc5 (linux64)
Thread count: 56 physical cores, 56 logical processors, using up to 4 threads
Optimize a model with 2610 rows, 1100 columns and 26777 nonzeros
Model fingerprint: 0x8ccfe4cd
Variable types: 0 continuous, 1100 integer (1100 binary)
Coefficient statistics:
  Matrix range     [1e-13, 7e+03]
  Objective range  [8e+01, 9e+02]
  Bounds range     [1e+00, 1e+00]
  RHS range        [5e-13, 1e+00]
Warning: Model contains large matrix coefficient range
         Consider reformulating model or setting NumericFocus parameter
         to avoid numerical issues.
Found heuristic solution: objective 0.0000000
Presolve removed 541 rows and 43 columns
Presolve time: 0.10s
Presolved: 2069 rows, 1057 columns, 19196 nonzeros
Found heuristic solution: objective -5249.000000
Variable types: 0 continuous, 1057 integer (1057 binary)

Root relaxation: objective -2.881850e+04, 2485 iterations, 0.14 seconds (0.19 work units)

    Nodes    |    Current Node    |     Objective Bounds      |     Work
 Expl Unexpl |  Obj  Depth IntInf | Incumbent    BestBd   Gap | It/Node Time

     0     0 -28818.500    0   87 -5249.0000 -28818.500   449%     -    0s
H    0     0                    -25476.00000 -28818.500  13.1%     -    0s
H    0     0                    -26598.00000 -28818.500  8.35%     -    0s
H    0     0                    -28694.00000 -28813.632  0.42%     -    0s
H    0     0                    -28773.00000 -28813.632  0.14%     -    0s
     0     0 -28813.632    0  110 -28773.000 -28813.632  0.14%     -    0s
     0     0 -28813.174    0  115 -28773.000 -28813.174  0.14%     -    0s
     0     0 -28813.174    0   62 -28773.000 -28813.174  0.14%     -    0s
     0     0 -28804.727    0   61 -28773.000 -28804.727  0.11%     -    0s
     0     0 -28804.727    0   38 -28773.000 -28804.727  0.11%     -    0s
     0     0 -28780.836    0   28 -28773.000 -28780.836  0.03%     -    0s

Cutting planes:
  Gomory: 1
  Cover: 1
  Clique: 13
  StrongCG: 1

Explored 1 nodes (3915 simplex iterations) in 0.62 seconds (0.60 work units)
Thread count was 4 (of 56 available processors)

Solution count 8: -28773 -28694 -26598 ... 0
No other solutions better than -28773

Optimal solution found (tolerance 1.00e-04)
Best objective -2.877300000000e+04, best bound -2.877300000000e+04, gap 0.0000%

Gurobi 9.5.0 (linux64) logging started Fri Apr 29 20:59:02 2022

Set parameter LogFile to value "/local_workspace/chenrui/LogFiles/MKAP/new1W_R10_M10_N100_seed1_DWcutsCT5_600.log"
Gurobi Optimizer version 9.5.0 build v9.5.0rc5 (linux64)
Thread count: 56 physical cores, 56 logical processors, using up to 4 threads
Optimize a model with 2610 rows, 1100 columns and 26781 nonzeros
Model fingerprint: 0x16e20892
Variable types: 0 continuous, 1100 integer (1100 binary)
Coefficient statistics:
  Matrix range     [1e-13, 7e+03]
  Objective range  [8e+01, 9e+02]
  Bounds range     [1e+00, 1e+00]
  RHS range        [2e-16, 1e+00]
Warning: Model contains large matrix coefficient range
         Consider reformulating model or setting NumericFocus parameter
         to avoid numerical issues.
Found heuristic solution: objective 0.0000000
Presolve removed 524 rows and 43 columns
Presolve time: 0.10s
Presolved: 2086 rows, 1057 columns, 19349 nonzeros
Found heuristic solution: objective -5249.000000
Variable types: 0 continuous, 1057 integer (1057 binary)

Root relaxation: objective -2.881850e+04, 2254 iterations, 0.12 seconds (0.16 work units)

    Nodes    |    Current Node    |     Objective Bounds      |     Work
 Expl Unexpl |  Obj  Depth IntInf | Incumbent    BestBd   Gap | It/Node Time

     0     0 -28818.500    0   85 -5249.0000 -28818.500   449%     -    0s
H    0     0                    -28694.00000 -28818.500  0.43%     -    0s
H    0     0                    -28773.00000 -28818.500  0.16%     -    0s
     0     0 -28818.371    0   87 -28773.000 -28818.371  0.16%     -    0s
     0     0 -28818.371    0   64 -28773.000 -28818.371  0.16%     -    0s
     0     0 -28802.200    0   67 -28773.000 -28802.200  0.10%     -    0s
     0     0 -28802.200    0   41 -28773.000 -28802.200  0.10%     -    0s

Cutting planes:
  Gomory: 6
  StrongCG: 1

Explored 1 nodes (3572 simplex iterations) in 0.56 seconds (0.54 work units)
Thread count was 4 (of 56 available processors)

Solution count 6: -28773 -28694 -25917 ... 0
No other solutions better than -28773

Optimal solution found (tolerance 1.00e-04)
Best objective -2.877300000000e+04, best bound -2.877300000000e+04, gap 0.0000%
