
Gurobi 9.5.0 (linux64) logging started Sat Apr 30 11:00:09 2022

Set parameter LogFile to value "/local_workspace/chenrui/LogFiles/MKAP/new1W_R25_M30_N300_seed4_DWcutsCT1_600.log"
Gurobi Optimizer version 9.5.0 build v9.5.0rc5 (linux64)
Thread count: 56 physical cores, 56 logical processors, using up to 4 threads
Optimize a model with 2517 rows, 9750 columns and 37942 nonzeros
Model fingerprint: 0xa48c9d3e
Variable types: 0 continuous, 9750 integer (9750 binary)
Coefficient statistics:
  Matrix range     [1e-13, 5e+03]
  Objective range  [3e+01, 1e+03]
  Bounds range     [1e+00, 1e+00]
  RHS range        [6e-14, 1e+00]
Warning: Model contains large matrix coefficient range
         Consider reformulating model or setting NumericFocus parameter
         to avoid numerical issues.
Found heuristic solution: objective 0.0000000
Presolve removed 108 rows and 1038 columns
Presolve time: 0.08s
Presolved: 2409 rows, 8712 columns, 34224 nonzeros
Variable types: 0 continuous, 8712 integer (8712 binary)
Found heuristic solution: objective -7670.000000

Root relaxation: objective -9.430851e+04, 21480 iterations, 1.79 seconds (1.72 work units)

    Nodes    |    Current Node    |     Objective Bounds      |     Work
 Expl Unexpl |  Obj  Depth IntInf | Incumbent    BestBd   Gap | It/Node Time

     0     0 -94308.514    0  450 -7670.0000 -94308.514  1130%     -    2s
H    0     0                    -74267.00000 -94308.514  27.0%     -    2s
H    0     0                    -78491.00002 -94308.514  20.2%     -    2s
H    0     0                    -85084.00000 -94308.514  10.8%     -    2s
H    0     0                    -89949.00000 -94308.514  4.85%     -    2s
H    0     0                    -91320.00016 -94308.514  3.27%     -    3s
     0     0 -94308.514    0  591 -91320.000 -94308.514  3.27%     -    3s
     0     0 -94308.514    0  516 -91320.000 -94308.514  3.27%     -    3s
     0     0 -94308.514    0  533 -91320.000 -94308.514  3.27%     -    4s
     0     0 -94308.514    0  545 -91320.000 -94308.514  3.27%     -    5s
     0     0 -94308.514    0  612 -91320.000 -94308.514  3.27%     -    5s
     0     0 -94308.514    0  611 -91320.000 -94308.514  3.27%     -    8s
     0     2 -94308.514    0  610 -91320.000 -94308.514  3.27%     -    9s
     1     4 -94308.514    1  501 -91320.000 -94308.514  3.27%   431   12s
     3     8 -94308.513    2  470 -91320.000 -94308.513  3.27%   882   15s
     7    12 -94308.508    3  494 -91320.000 -94308.513  3.27%  1083   20s
    19    24 -94308.509    4  491 -91320.000 -94308.509  3.27%  1675   25s
H   29    32                    -91596.00000 -94308.509  2.96%  1354   27s
    39    45 -94308.509    7  403 -91596.000 -94308.509  2.96%  1338   30s
H   59   100                    -91605.00000 -94308.509  2.95%  1216   35s
H   72   100                    -92367.00000 -94308.509  2.10%  1130   35s
    99   173 -94308.487   21  332 -92367.000 -94308.509  2.10%  1076   40s
H  117   173                    -92433.00000 -94308.509  2.03%   990   40s
H  172   245                    -92544.00000 -94308.509  1.91%   893   44s
   246   354 -93966.303   49  316 -92544.000 -94308.509  1.91%   872   48s
H  250   352                    -93066.00000 -94308.509  1.34%   863   48s
   357   436 -93820.422   64  323 -93066.000 -94308.509  1.34%   774   51s
H  420   435                    -93106.00000 -94308.509  1.29%   726   51s
   454   526 -93927.776   79  260 -93106.000 -94308.509  1.29%   695   55s
H  500   524                    -93191.00000 -94308.509  1.20%   670   55s
H  614   745                    -93214.00000 -94308.509  1.17%   608   58s
   773   793 -93867.885  151  246 -93214.000 -94308.509  1.17%   547   62s
  1099  1282 -93484.144  229  164 -93214.000 -94308.509  1.17%   444   67s
H 1376  1309                    -93285.00000 -94308.509  1.10%   387   69s
H 1388  1305                    -93293.00000 -94308.509  1.09%   393   69s
H 1388  1302                    -93299.00000 -94308.509  1.08%   393   69s
  1437  1372 -94308.444   18  465 -93299.000 -94308.509  1.08%   390   72s
  1516  1373 -93958.714  100  611 -93299.000 -94308.509  1.08%   394   76s
H 1517  1305                    -93334.00000 -94308.509  1.04%   394   78s
  1523  1309 -93911.265  110  519 -93334.000 -94308.509  1.04%   392   80s
  1534  1319 -94308.504   16  437 -93334.000 -94308.504  1.04%   411   91s
  1536  1322 -94308.504   17  441 -93334.000 -94308.504  1.04%   412  100s
  1544  1328 -94137.076   18  480 -93334.000 -94308.504  1.04%   414  105s
  1562  1341 -94307.515   21  430 -93334.000 -94308.504  1.04%   416  110s
H 1566  1273                    -93392.00000 -94308.504  0.98%   418  110s
  1596  1297 -94308.504   24  428 -93392.000 -94308.504  0.98%   424  116s
H 1599  1233                    -93443.00000 -94308.504  0.93%   424  116s
  1630  1258 -94308.504   28  440 -93443.000 -94308.504  0.93%   431  120s
H 1631  1198                    -93457.00000 -94308.504  0.91%   431  120s
  1663  1218 -94308.504   31  422 -93457.000 -94308.504  0.91%   434  125s
H 1664  1162                    -93589.00000 -94308.504  0.77%   434  125s
H 1697  1129                    -93605.00002 -94308.504  0.75%   439  129s
  1704  1156 -94308.503   35  426 -93605.000 -94308.504  0.75%   440  131s
  1782  1176 -94308.503   44  396 -93605.000 -94308.504  0.75%   445  142s
H 1793  1120                    -93707.00000 -94308.504  0.64%   444  142s
H 1796  1078                    -93731.00000 -94308.504  0.62%   444  148s
  1807  1159 -94308.487   52  386 -93731.000 -94308.504  0.62%   445  150s
  1893  1234 -94308.428   59  384 -93731.000 -94308.504  0.62%   445  161s
H 1999  1150                    -93785.00000 -94308.504  0.56%   443  161s
  2000  1327 -94307.985   69  408 -93785.000 -94308.504  0.56%   444  165s
  2383  1507 -94306.071   97  359 -93785.000 -94308.504  0.56%   435  171s
  2768  1813 -94299.970  120  353 -93785.000 -94308.504  0.56%   428  179s
H 3092  1659                    -93793.00000 -94308.504  0.55%   420  187s
H 3096  1612                    -93812.00000 -94308.504  0.53%   420  187s
  3097  1675 -94288.402  141  340 -93812.000 -94308.504  0.53%   420  197s
H 3116  1546                    -93878.00000 -94308.504  0.46%   421  197s
  3179  1900 -94299.148  151  265 -93878.000 -94308.504  0.46%   416  203s
  3726  1860 -94299.145  191  256 -93878.000 -94308.504  0.46%   395  208s
H 3898  1974                    -93890.00000 -94308.504  0.45%   396  223s
H 3941  1683                    -93955.00000 -94308.504  0.38%   396  223s
  4074  2042 -94201.188  235  268 -93955.000 -94308.504  0.38%   397  229s
  4492  2091 -94251.116  283  269 -93955.000 -94308.504  0.38%   387  245s
  4562  2550 -94233.229  283  267 -93955.000 -94308.504  0.38%   383  252s
  5373  2625 -94307.724   43  441 -93955.000 -94308.504  0.38%   359  259s
  5469  2899 -94052.380   61  388 -93955.000 -94308.504  0.38%   361  265s
  5847  3053 -93998.819   94  446 -93955.000 -94308.504  0.38%   362  273s
  6051  3256 -93984.114   95  441 -93955.000 -94308.504  0.38%   358  281s
  6324  3669 -94007.728   44  397 -93955.000 -94308.504  0.38%   354  289s
  6800  4134 -94128.546   46  348 -93955.000 -94308.504  0.38%   350  296s
  7328  4651 -94061.659  178  253 -93955.000 -94308.504  0.38%   346  310s
  8044  4971 -94020.531   48  334 -93955.000 -94308.504  0.38%   336  318s
  8663  5351 -93989.623   99  289 -93955.000 -94308.504  0.38%   336  329s
  9110  5488 -94086.478  158  297 -93955.000 -94308.504  0.38%   337  341s
  9255  6361 -94086.478  159  300 -93955.000 -94308.504  0.38%   337  350s
 10260  6930 -94024.816   65  366 -93955.000 -94308.504  0.38%   327  364s
 11103  7246 -94115.140  105  411 -93955.000 -94308.503  0.38%   327  374s
 11614  7353 -94003.432   83  351 -93955.000 -94308.503  0.38%   332  385s
 11753  7536 -94308.503   41  471 -93955.000 -94308.503  0.38%   332  421s
 12002  8259 -94295.481   94  349 -93955.000 -94308.503  0.38%   334  436s
 12902  8927 -93982.115  167  267 -93955.000 -94308.503  0.38%   333  449s
H13260  8620                    -93967.00000 -94308.503  0.36%   332  449s
 13632  8784 -94057.264   94  324 -93967.000 -94308.503  0.36%   332  462s
 13862  9475 -94232.893  100  376 -93967.000 -94308.503  0.36%   332  475s
 14806  9555 -94030.066   60  405 -93967.000 -94308.503  0.36%   329  488s
 15062  9952 -94290.220   66  398 -93967.000 -94308.503  0.36%   332  501s
 15607 10144 -94246.744   95  446 -93967.000 -94308.503  0.36%   333  514s
 15838 10701 -93987.740  121  368 -93967.000 -94308.503  0.36%   333  527s
H16602  9920                    -93990.00000 -94308.503  0.34%   335  539s
 16976 10437 -94156.713  121  358 -93990.000 -94308.503  0.34%   341  551s
 17677 10865 -94108.754  192  318 -93990.000 -94308.503  0.34%   346  564s
 18301 11052 -94094.382  264  253 -93990.000 -94308.503  0.34%   348  579s
 18630 11780 -94085.579  311  223 -93990.000 -94308.503  0.34%   347  591s
 19613 12295 -94308.503   60  408 -93990.000 -94308.503  0.34%   344  600s

Cutting planes:
  Gomory: 4
  Cover: 357
  Clique: 202
  MIR: 25
  StrongCG: 36
  RLT: 1

Explored 20208 nodes (6985057 simplex iterations) in 600.00 seconds (1075.73 work units)
Thread count was 4 (of 56 available processors)

Solution count 10: -93990 -93967 -93955 ... -93707

Time limit reached
Best objective -9.399000000000e+04, best bound -9.430800000000e+04, gap 0.3383%
