
Gurobi 9.5.0 (linux64) logging started Wed May  4 00:33:58 2022

Set parameter LogFile to value "/local_workspace/chenrui/LogFiles/MKAP/new1W_R25_M30_N50_seed1_objLB_600.log"
Gurobi Optimizer version 9.5.0 build v9.5.0rc5 (linux64)
Thread count: 56 physical cores, 56 logical processors, using up to 4 threads
Optimize a model with 831 rows, 2250 columns and 6000 nonzeros
Model fingerprint: 0x2a238a50
Variable types: 0 continuous, 2250 integer (2250 binary)
Coefficient statistics:
  Matrix range     [1e+00, 1e+03]
  Objective range  [9e+01, 9e+02]
  Bounds range     [1e+00, 1e+00]
  RHS range        [1e+00, 1e+04]
Found heuristic solution: objective 0.0000000
Presolve removed 711 rows and 1593 columns
Presolve time: 0.01s
Presolved: 120 rows, 657 columns, 1919 nonzeros
Variable types: 0 continuous, 657 integer (657 binary)
Found heuristic solution: objective -12951.00000

Root relaxation: objective -1.363500e+04, 254 iterations, 0.00 seconds (0.00 work units)

    Nodes    |    Current Node    |     Objective Bounds      |     Work
 Expl Unexpl |  Obj  Depth IntInf | Incumbent    BestBd   Gap | It/Node Time

     0     0 -13635.000    0    7 -12951.000 -13635.000  5.28%     -    0s
H    0     0                    -13602.00000 -13635.000  0.24%     -    0s
H    0     0                    -13620.00000 -13635.000  0.11%     -    0s
     0     0 -13635.000    0   15 -13620.000 -13635.000  0.11%     -    0s
     0     0 -13635.000    0    9 -13620.000 -13635.000  0.11%     -    0s
     0     0 -13635.000    0   13 -13620.000 -13635.000  0.11%     -    0s
     0     0 -13635.000    0   13 -13620.000 -13635.000  0.11%     -    0s
     0     2 -13635.000    0   13 -13620.000 -13635.000  0.11%     -    0s

Cutting planes:
  Cover: 5
  Clique: 1
  MIR: 2
  StrongCG: 1
  GUB cover: 1

Explored 3 nodes (1082 simplex iterations) in 0.12 seconds (0.09 work units)
Thread count was 4 (of 56 available processors)

Solution count 4: -13620 -13602 -12951 0 
No other solutions better than -13620

Optimal solution found (tolerance 1.00e-04)
Best objective -1.362000000000e+04, best bound -1.362000000000e+04, gap 0.0000%
