
Gurobi 9.5.0 (linux64) logging started Fri Apr 29 04:35:42 2022

Set parameter LogFile to value "/local_workspace/chenrui/LogFiles/MKAP/new1W_R10_M10_N300_seed6_original_600.log"
Gurobi Optimizer version 9.5.0 build v9.5.0rc5 (linux64)
Thread count: 56 physical cores, 56 logical processors, using up to 4 threads
Optimize a model with 410 rows, 3100 columns and 6200 nonzeros
Model fingerprint: 0xb9e14b68
Variable types: 0 continuous, 3100 integer (3100 binary)
Coefficient statistics:
  Matrix range     [1e+00, 2e+04]
  Objective range  [3e+01, 1e+03]
  Bounds range     [1e+00, 1e+00]
  RHS range        [1e+00, 1e+00]
Found heuristic solution: objective 0.0000000
Presolve removed 10 rows and 10 columns
Presolve time: 0.01s
Presolved: 400 rows, 3090 columns, 6180 nonzeros
Variable types: 0 continuous, 3090 integer (3090 binary)
Found heuristic solution: objective -61343.00000

Root relaxation: objective -9.539219e+04, 1189 iterations, 0.01 seconds (0.01 work units)

    Nodes    |    Current Node    |     Objective Bounds      |     Work
 Expl Unexpl |  Obj  Depth IntInf | Incumbent    BestBd   Gap | It/Node Time

     0     0 -95392.188    0   31 -61343.000 -95392.188  55.5%     -    0s
H    0     0                    -90267.00000 -95392.188  5.68%     -    0s
H    0     0                    -90558.00000 -95392.188  5.34%     -    0s
H    0     0                    -90647.00000 -95392.188  5.23%     -    0s
H    0     0                    -91018.00000 -95392.188  4.81%     -    0s
     0     0 -94347.459    0  112 -91018.000 -94347.459  3.66%     -    0s
     0     0 -94347.459    0  162 -91018.000 -94347.459  3.66%     -    0s
H    0     0                    -91332.00000 -94347.459  3.30%     -    0s
H    0     0                    -91447.00000 -94347.459  3.17%     -    0s
     0     0 -94168.828    0  150 -91447.000 -94168.828  2.98%     -    0s
     0     0 -94159.318    0  142 -91447.000 -94159.318  2.97%     -    0s
H    0     2                    -91465.00000 -94159.318  2.95%     -    0s
     0     2 -94159.318    0  142 -91465.000 -94159.318  2.95%     -    0s
H 2964  1567                    -91680.00000 -94159.318  2.70%  19.7    2s
H 7696  4352                    -91685.00000 -94159.318  2.70%  22.8    3s
 13398  8248 -93298.532   44   25 -91685.000 -94141.247  2.68%  23.0    5s
 20740 12591 -93454.773   46  519 -91685.000 -94054.174  2.58%  23.6   10s
 20770 12611 -92621.353   45  844 -91685.000 -93157.847  1.61%  23.6   15s
 20807 12635 -91708.138  106  949 -91685.000 -92550.420  0.94%  23.5   20s
H20807 12001                    -91782.00000 -92543.867  0.83%  23.5   20s
H20807 11400                    -91886.00000 -92543.867  0.72%  23.5   20s
 20826 11415 -92459.147   30  368 -91886.000 -92498.943  0.67%  25.8   25s
 20828 11417 -92429.631   31  748 -91886.000 -92498.318  0.67%  25.8   30s
 20901 11449     cutoff   42      -91886.000 -92479.976  0.65%  25.9   35s
H20932 10879                    -91912.00000 -92479.713  0.62%  25.9   35s
H22094 10833                    -91938.00000 -92462.396  0.57%  25.2   38s
 23327 11257 -92428.069   40  196 -91938.000 -92445.429  0.55%  24.6   40s
H26550 12017                    -91949.00000 -92438.165  0.53%  23.1   43s
 28994 13312 -91992.701   81   54 -91949.000 -92431.883  0.53%  22.5   45s
 37955 16638 -92403.681   40   18 -91949.000 -92410.498  0.50%  20.8   50s
 44770 19444 -92299.829   63   15 -91949.000 -92400.197  0.49%  19.9   55s
 51894 22905 -92158.898  103   92 -91949.000 -92392.651  0.48%  19.2   60s
 61959 29626 -92207.510   60   16 -91949.000 -92384.526  0.47%  18.3   65s
 71358 35974 -92292.777   52   15 -91949.000 -92378.747  0.47%  17.7   70s
 80734 42337 -92261.827   53   12 -91949.000 -92374.811  0.46%  17.2   75s
 89850 49007 -92286.942   52  242 -91949.000 -92370.803  0.46%  16.7   80s
 98479 54631 -92068.514   58   10 -91949.000 -92367.746  0.46%  16.3   85s
 108181 60702 -91999.001   67   11 -91949.000 -92364.134  0.45%  16.1   90s
 118650 67580 -92297.332   61   12 -91949.000 -92360.720  0.45%  15.8   95s
 128084 73607 -92217.744   78   16 -91949.000 -92358.242  0.45%  15.5  100s
 133667 77267 -92276.565   48   14 -91949.000 -92356.816  0.44%  15.4  105s
 143662 83561 -92328.407   50  154 -91949.000 -92354.152  0.44%  15.2  110s
 153660 90040 -92133.441   69   16 -91949.000 -92351.920  0.44%  15.0  115s
 161833 95165 -92179.576   64  512 -91949.000 -92350.159  0.44%  14.9  120s
 171105 100762 -92089.596   76   14 -91949.000 -92348.221  0.43%  14.8  125s
 180510 106675 -92344.905   51   14 -91949.000 -92346.171  0.43%  14.7  130s
 189300 112185 -92172.960   79  209 -91949.000 -92344.611  0.43%  14.6  135s
 198077 117860 -92025.303   79   15 -91949.000 -92342.956  0.43%  14.6  140s
 206322 122628 -92295.549   49   14 -91949.000 -92341.505  0.43%  14.5  145s
 216003 128678 -91998.904   65   80 -91949.000 -92339.792  0.43%  14.4  150s
 224427 133647 -92274.771   55  731 -91949.000 -92338.378  0.42%  14.3  155s
 232046 138466 -92081.409   62  275 -91949.000 -92337.174  0.42%  14.3  160s
 240964 143640 -92100.656   69  267 -91949.000 -92335.880  0.42%  14.3  165s
 250648 149572 -92235.453   41  124 -91949.000 -92334.486  0.42%  14.2  170s
 260237 155308 -92207.112   63  199 -91949.000 -92333.011  0.42%  14.1  175s
 270250 161313 -92214.389   63   14 -91949.000 -92331.555  0.42%  14.0  180s
 279753 167191     cutoff   58      -91949.000 -92330.291  0.41%  13.9  185s
 289582 172844 -92290.423   54   81 -91949.000 -92329.023  0.41%  13.9  190s
 297551 177841 -92094.356   58   10 -91949.000 -92328.144  0.41%  13.8  195s
 305924 183327 -92013.316   61   14 -91949.000 -92327.167  0.41%  13.8  200s
 314426 187958 -92175.514   58   14 -91949.000 -92326.043  0.41%  13.7  205s
 324133 193488 -92091.527   71   14 -91949.000 -92324.961  0.41%  13.7  210s
 333430 199096 -92075.215   72   31 -91949.000 -92324.047  0.41%  13.6  215s
 343212 204991 -92048.230   73   13 -91949.000 -92322.886  0.41%  13.6  220s
 352676 210289 -92237.813   60  154 -91949.000 -92321.893  0.41%  13.5  225s
 362158 216040 -92200.612   55   12 -91949.000 -92320.775  0.40%  13.5  230s
 372351 221795 -92221.304   61   15 -91949.000 -92319.643  0.40%  13.4  235s
 381591 227359 -92246.821   55  148 -91949.000 -92318.639  0.40%  13.4  240s
 391487 232971     cutoff   54      -91949.000 -92317.642  0.40%  13.4  245s
 400214 238244 -92064.671   54   10 -91949.000 -92316.755  0.40%  13.4  250s
 409458 243580 -92058.223   64   15 -91949.000 -92315.934  0.40%  13.3  255s
 417973 248332 -92229.342   56  422 -91949.000 -92315.108  0.40%  13.3  260s
 428021 254043 -92100.292   66  213 -91949.000 -92314.139  0.40%  13.2  265s
 436954 259220 -92064.857   72   76 -91949.000 -92313.368  0.40%  13.2  270s
 445953 264543 -92110.895   74   11 -91949.000 -92312.580  0.40%  13.2  275s
 456325 270297 -92046.283   65   11 -91949.000 -92311.736  0.39%  13.2  280s
 465492 275397 -92147.524   54   14 -91949.000 -92311.033  0.39%  13.1  285s
 474658 280496 -92187.153   61   17 -91949.000 -92310.286  0.39%  13.1  290s
 484379 285895 -92136.703   52   14 -91949.000 -92309.576  0.39%  13.1  295s
 493745 291055 -92032.761   66  213 -91949.000 -92308.897  0.39%  13.1  300s
 504057 296979 -92149.672   66  110 -91949.000 -92308.027  0.39%  13.0  305s
 511028 301195 -92226.525   59   12 -91949.000 -92307.480  0.39%  13.0  310s
 521265 306873 -92191.386   63   11 -91949.000 -92306.714  0.39%  13.0  315s
 530565 312336 -92110.611   79   15 -91949.000 -92306.049  0.39%  13.0  320s
 539727 317487 -92029.632   69   13 -91949.000 -92305.407  0.39%  13.0  325s
 549292 322832     cutoff   75      -91949.000 -92304.753  0.39%  13.0  330s
 559040 328235 -92053.633   56  306 -91949.000 -92304.017  0.39%  12.9  335s
 568718 333699 -92183.723   65   12 -91949.000 -92303.302  0.39%  12.9  340s
 578250 338918 -92202.865   79   11 -91949.000 -92302.599  0.38%  12.9  345s
 588077 344592 -92238.970   79   11 -91949.000 -92302.008  0.38%  12.9  350s
 596990 349484     cutoff   72      -91949.000 -92301.503  0.38%  12.9  355s
 606773 354992 -92208.515   55   15 -91949.000 -92300.867  0.38%  12.8  360s
 617368 360869 -92136.516   70  294 -91949.000 -92300.228  0.38%  12.8  365s
 626195 366027 -92110.791   85   11 -91949.000 -92299.712  0.38%  12.8  370s
 634945 370625 -92233.561   48   14 -91949.000 -92299.212  0.38%  12.8  375s
 642839 375074 -92128.012   74   15 -91949.000 -92298.755  0.38%  12.8  380s
 652307 380366 -92011.279   76   10 -91949.000 -92298.224  0.38%  12.8  385s
 661868 385515 -92072.702   74   14 -91949.000 -92297.670  0.38%  12.7  390s
 670495 390418 -92165.386   83   11 -91949.000 -92297.136  0.38%  12.7  395s
 678858 394988 -91968.723   57   14 -91949.000 -92296.675  0.38%  12.7  400s
 689254 400490     cutoff   66      -91949.000 -92296.108  0.38%  12.7  405s
 698993 405947 -92063.882   73   12 -91949.000 -92295.563  0.38%  12.7  410s
 709101 411194     cutoff   61      -91949.000 -92294.975  0.38%  12.7  415s
 719084 416838     cutoff   56      -91949.000 -92294.435  0.38%  12.6  420s
 728813 422393 -92235.132   66  128 -91949.000 -92293.877  0.38%  12.6  425s
 738934 427621 -92152.086   93   10 -91949.000 -92293.383  0.37%  12.6  430s
 748425 432822 -92051.967   64   12 -91949.000 -92292.855  0.37%  12.6  435s
 758238 438183 -92235.141   45   12 -91949.000 -92292.367  0.37%  12.6  440s
 768180 443576 -92172.337   77   11 -91949.000 -92291.809  0.37%  12.6  445s
 777679 448600 -92086.249   70   14 -91949.000 -92291.334  0.37%  12.6  450s
 787746 453964 -92238.223   57   24 -91949.000 -92290.815  0.37%  12.5  455s
 798056 459714 -92174.697   55   12 -91949.000 -92290.256  0.37%  12.5  460s
 807870 464690 -92241.369   50  122 -91949.000 -92289.776  0.37%  12.5  465s
 816799 469612 -92168.716   77   18 -91949.000 -92289.346  0.37%  12.5  470s
 827190 475033 -92192.007   58   14 -91949.000 -92288.880  0.37%  12.5  475s
 836987 480089 -92178.694   52   15 -91949.000 -92288.366  0.37%  12.5  480s
 847815 486131 -92074.305   74   11 -91949.000 -92287.883  0.37%  12.5  485s
 856969 490782 -92237.665   54   11 -91949.000 -92287.441  0.37%  12.4  490s
 867777 496233 -91986.844   55   13 -91949.000 -92286.885  0.37%  12.4  495s
 878306 501879 -92109.132   66   12 -91949.000 -92286.413  0.37%  12.4  500s
 887603 506971 -92132.103   70   16 -91949.000 -92285.938  0.37%  12.4  505s
 897713 512449 -92159.551   77   12 -91949.000 -92285.528  0.37%  12.4  510s
 908083 518100 -92140.620   59   12 -91949.000 -92285.074  0.37%  12.4  515s
 917830 523020     cutoff   69      -91949.000 -92284.642  0.37%  12.4  520s
 928046 528588 -92033.395   84   77 -91949.000 -92284.190  0.36%  12.4  525s
 937749 533813 -91980.974   58   10 -91949.000 -92283.766  0.36%  12.4  530s
 948364 539222 -92072.239   65   10 -91949.000 -92283.317  0.36%  12.3  535s
 958884 545067     cutoff   83      -91949.000 -92282.903  0.36%  12.3  540s
 968483 550467 -92064.865   56   12 -91949.000 -92282.523  0.36%  12.3  545s
 979070 555847 -92232.753   61   18 -91949.000 -92282.049  0.36%  12.3  550s
 988880 560947 -92199.098   55   12 -91949.000 -92281.629  0.36%  12.3  555s
 999137 566643 -91967.503   99    7 -91949.000 -92281.225  0.36%  12.3  560s
 1009638 572002 -92088.603   62   12 -91949.000 -92280.863  0.36%  12.3  565s
 1019806 577570 -92083.955   64   12 -91949.000 -92280.449  0.36%  12.3  570s
 1029248 582887 -92177.924   74   11 -91949.000 -92280.117  0.36%  12.3  575s
 1039835 588750 -92133.152   61   12 -91949.000 -92279.708  0.36%  12.2  580s
 1049786 593848 -92227.889   54   13 -91949.000 -92279.291  0.36%  12.2  585s
 1059963 599135     cutoff   85      -91949.000 -92278.923  0.36%  12.2  590s
 1069617 604123 -92214.781   77   11 -91949.000 -92278.544  0.36%  12.2  595s
 1080036 609605 -92215.695   63   15 -91949.000 -92278.185  0.36%  12.2  600s

Cutting planes:
  Gomory: 89
  Cover: 333
  Clique: 1023
  MIR: 30
  StrongCG: 47
  Flow cover: 219
  Zero half: 31
  RLT: 45
  Relax-and-lift: 1

Explored 1080542 nodes (13201270 simplex iterations) in 600.01 seconds (955.57 work units)
Thread count was 4 (of 56 available processors)

Solution count 10: -91949 -91938 -91912 ... -91332

Time limit reached
Best objective -9.194900000000e+04, best bound -9.227800000000e+04, gap 0.3578%
