
Gurobi 9.5.0 (linux64) logging started Sat Jun 18 18:00:37 2022

Set parameter LogFile to value "/local_workspace/chenrui/LogFiles/MKAP/new1W_R25_M10_N200_seed6_DWcutsCTp1_600.log"
Gurobi Optimizer version 9.5.0 build v9.5.0rc5 (linux64)
Thread count: 56 physical cores, 56 logical processors, using up to 4 threads
Optimize a model with 960 rows, 2250 columns and 8948 nonzeros
Model fingerprint: 0xcbffdded
Variable types: 0 continuous, 2250 integer (2250 binary)
Coefficient statistics:
  Matrix range     [1e-13, 8e+03]
  Objective range  [2e+01, 1e+03]
  Bounds range     [1e+00, 1e+00]
  RHS range        [1e-05, 1e+00]
Warning: Model contains large matrix coefficient range
         Consider reformulating model or setting NumericFocus parameter
         to avoid numerical issues.
Found heuristic solution: objective 0.0000000
Presolve time: 0.02s
Presolved: 960 rows, 2250 columns, 8625 nonzeros
Variable types: 0 continuous, 2250 integer (2250 binary)
Found heuristic solution: objective -4943.000000

Root relaxation: objective -4.359600e+04, 3739 iterations, 0.07 seconds (0.07 work units)

    Nodes    |    Current Node    |     Objective Bounds      |     Work
 Expl Unexpl |  Obj  Depth IntInf | Incumbent    BestBd   Gap | It/Node Time

     0     0 -43596.002    0   68 -4943.0000 -43596.002   782%     -    0s
H    0     0                    -38540.00000 -43596.002  13.1%     -    0s
H    0     0                    -38867.00002 -43596.002  12.2%     -    0s
H    0     0                    -43596.00000 -43596.002  0.00%     -    0s

Cutting planes:
  Gomory: 7
  Cover: 13
  Clique: 188
  MIR: 3
  StrongCG: 7

Explored 1 nodes (3797 simplex iterations) in 0.14 seconds (0.12 work units)
Thread count was 4 (of 56 available processors)

Solution count 5: -43596 -38867 -38540 ... 0
No other solutions better than -43596

Optimal solution found (tolerance 1.00e-04)
Best objective -4.359600001031e+04, best bound -4.359600001031e+04, gap 0.0000%
