
Gurobi 9.5.0 (linux64) logging started Tue May  3 15:04:31 2022

Set parameter LogFile to value "/local_workspace/chenrui/LogFiles/MKAP/new1W_R2_M30_N50_seed5_objLB_600.log"
Gurobi Optimizer version 9.5.0 build v9.5.0rc5 (linux64)
Thread count: 56 physical cores, 56 logical processors, using up to 4 threads
Optimize a model with 141 rows, 1560 columns and 4620 nonzeros
Model fingerprint: 0x1e77ed46
Variable types: 0 continuous, 1560 integer (1560 binary)
Coefficient statistics:
  Matrix range     [1e+00, 1e+03]
  Objective range  [7e+01, 9e+02]
  Bounds range     [1e+00, 1e+00]
  RHS range        [1e+00, 1e+04]
Found heuristic solution: objective 0.0000000
Presolve removed 44 rows and 878 columns
Presolve time: 0.01s
Presolved: 97 rows, 682 columns, 2019 nonzeros
Variable types: 0 continuous, 682 integer (682 binary)
Found heuristic solution: objective -10781.00000

Root relaxation: objective -1.271100e+04, 147 iterations, 0.00 seconds (0.00 work units)

    Nodes    |    Current Node    |     Objective Bounds      |     Work
 Expl Unexpl |  Obj  Depth IntInf | Incumbent    BestBd   Gap | It/Node Time

     0     0 -12711.000    0   12 -10781.000 -12711.000  17.9%     -    0s
H    0     0                    -12479.00000 -12711.000  1.86%     -    0s
H    0     0                    -12523.00000 -12711.000  1.50%     -    0s
     0     0 -12711.000    0   15 -12523.000 -12711.000  1.50%     -    0s
H    0     0                    -12631.00000 -12711.000  0.63%     -    0s
H    0     0                    -12653.00000 -12711.000  0.46%     -    0s
     0     0 -12711.000    0    7 -12653.000 -12711.000  0.46%     -    0s
     0     0 -12711.000    0   13 -12653.000 -12711.000  0.46%     -    0s
     0     0 -12711.000    0    7 -12653.000 -12711.000  0.46%     -    0s
     0     0 -12711.000    0    7 -12653.000 -12711.000  0.46%     -    0s
     0     2 -12711.000    0    7 -12653.000 -12711.000  0.46%     -    0s
H   36    15                    -12711.00000 -12711.000  0.00%  41.8    0s

Cutting planes:
  Gomory: 9
  Cover: 34
  Clique: 3
  MIR: 19
  StrongCG: 15
  GUB cover: 1

Explored 38 nodes (2227 simplex iterations) in 0.11 seconds (0.07 work units)
Thread count was 4 (of 56 available processors)

Solution count 7: -12711 -12653 -12631 ... 0
No other solutions better than -12711

Optimal solution found (tolerance 1.00e-04)
Best objective -1.271100000000e+04, best bound -1.271100000000e+04, gap 0.0000%
