
Gurobi 9.5.0 (linux64) logging started Tue May  3 16:29:08 2022

Set parameter LogFile to value "/local_workspace/chenrui/LogFiles/MKAP/new1W_R10_M20_N50_seed8_objLB_600.log"
Gurobi Optimizer version 9.5.0 build v9.5.0rc5 (linux64)
Thread count: 56 physical cores, 56 logical processors, using up to 4 threads
Optimize a model with 271 rows, 1200 columns and 3400 nonzeros
Model fingerprint: 0xd23687eb
Variable types: 0 continuous, 1200 integer (1200 binary)
Coefficient statistics:
  Matrix range     [1e+00, 1e+03]
  Objective range  [6e+01, 9e+02]
  Bounds range     [1e+00, 1e+00]
  RHS range        [1e+00, 1e+04]
Found heuristic solution: objective 0.0000000
Presolve removed 82 rows and 506 columns
Presolve time: 0.01s
Presolved: 189 rows, 694 columns, 1960 nonzeros
Variable types: 0 continuous, 694 integer (694 binary)
Found heuristic solution: objective -9635.000000

Root relaxation: objective -1.394700e+04, 342 iterations, 0.00 seconds (0.00 work units)

    Nodes    |    Current Node    |     Objective Bounds      |     Work
 Expl Unexpl |  Obj  Depth IntInf | Incumbent    BestBd   Gap | It/Node Time

     0     0 -13947.000    0   22 -9635.0000 -13947.000  44.8%     -    0s
H    0     0                    -12388.00000 -13947.000  12.6%     -    0s
H    0     0                    -12539.00000 -13947.000  11.2%     -    0s
H    0     0                    -12697.00000 -13947.000  9.84%     -    0s
     0     0 -13947.000    0   40 -12697.000 -13947.000  9.84%     -    0s
H    0     0                    -12859.00000 -13947.000  8.46%     -    0s
H    0     0                    -13030.00000 -13947.000  7.04%     -    0s
H    0     0                    -13034.00000 -13947.000  7.00%     -    0s
     0     0 -13947.000    0   19 -13034.000 -13947.000  7.00%     -    0s
H    0     0                    -13171.00000 -13947.000  5.89%     -    0s
     0     0 -13947.000    0   22 -13171.000 -13947.000  5.89%     -    0s
H    0     0                    -13232.00000 -13947.000  5.40%     -    0s
H    0     0                    -13495.00000 -13947.000  3.35%     -    0s
     0     0 -13947.000    0   28 -13495.000 -13947.000  3.35%     -    0s
     0     0 -13947.000    0   28 -13495.000 -13947.000  3.35%     -    0s
H    0     0                    -13513.00000 -13947.000  3.21%     -    0s
     0     2 -13947.000    0   28 -13513.000 -13947.000  3.21%     -    0s
H   31    76                    -13548.00000 -13947.000  2.95%  66.4    0s
H   67    76                    -13574.00000 -13947.000  2.75%  43.8    0s
H  124   111                    -13606.00000 -13947.000  2.51%  45.7    0s
H  188   144                    -13609.00000 -13947.000  2.48%  48.9    0s
H  203   144                    -13900.00000 -13947.000  0.34%  46.2    0s

Cutting planes:
  Gomory: 15
  Cover: 161
  Clique: 14
  MIR: 33
  StrongCG: 15
  GUB cover: 2
  Inf proof: 1
  Zero half: 1

Explored 739 nodes (56787 simplex iterations) in 0.55 seconds (0.73 work units)
Thread count was 4 (of 56 available processors)

Solution count 10: -13900 -13609 -13606 ... -13034
No other solutions better than -13900

Optimal solution found (tolerance 1.00e-04)
Best objective -1.390000000000e+04, best bound -1.390000000000e+04, gap 0.0000%
