
Gurobi 9.5.0 (linux64) logging started Wed May  4 05:56:38 2022

Set parameter LogFile to value "/local_workspace/chenrui/LogFiles/MKAP/new1W_R25_M30_N200_seed2_DWcuts_600.log"
Gurobi Optimizer version 9.5.0 build v9.5.0rc5 (linux64)
Thread count: 56 physical cores, 56 logical processors, using up to 4 threads
Optimize a model with 1730 rows, 6750 columns and 20250 nonzeros
Model fingerprint: 0x416aaed6
Variable types: 0 continuous, 6750 integer (6750 binary)
Coefficient statistics:
  Matrix range     [1e-12, 4e+03]
  Objective range  [9e+01, 1e+03]
  Bounds range     [1e+00, 1e+00]
  RHS range        [6e-14, 9e+00]
Warning: Model contains large matrix coefficient range
         Consider reformulating model or setting NumericFocus parameter
         to avoid numerical issues.
Found heuristic solution: objective 0.0000000
Presolve removed 103 rows and 682 columns
Presolve time: 0.06s
Presolved: 1627 rows, 6068 columns, 17939 nonzeros
Found heuristic solution: objective -15973.00000
Variable types: 0 continuous, 6068 integer (6068 binary)
Found heuristic solution: objective -16135.00000

Root relaxation: objective -6.426410e+04, 8380 iterations, 0.25 seconds (0.24 work units)

    Nodes    |    Current Node    |     Objective Bounds      |     Work
 Expl Unexpl |  Obj  Depth IntInf | Incumbent    BestBd   Gap | It/Node Time

     0     0 -64264.102    0  153 -16135.000 -64264.102   298%     -    0s
H    0     0                    -59582.00000 -64264.102  7.86%     -    0s
H    0     0                    -59763.00000 -64264.102  7.53%     -    0s
H    0     0                    -60466.00000 -64264.102  6.28%     -    0s
H    0     0                    -61481.00000 -64264.102  4.53%     -    0s
     0     0 -64264.102    0  313 -61481.000 -64264.102  4.53%     -    0s
     0     0 -64264.102    0  290 -61481.000 -64264.102  4.53%     -    0s
     0     0 -64264.102    0  228 -61481.000 -64264.102  4.53%     -    1s
     0     0 -64264.102    0  186 -61481.000 -64264.102  4.53%     -    1s
     0     0 -64264.102    0  267 -61481.000 -64264.102  4.53%     -    1s
     0     0 -64264.102    0  260 -61481.000 -64264.102  4.53%     -    1s
H    0     0                    -62547.00000 -64264.102  2.75%     -    2s
     0     2 -64264.102    0  260 -62547.000 -64264.102  2.75%     -    2s
H   29    33                    -63084.00000 -64264.102  1.87%   399    4s
    32    39 -64264.102    8  171 -63084.000 -64264.102  1.87%   384    5s
H   62    67                    -63175.00000 -64264.102  1.72%   298    5s
H  107   121                    -63190.00000 -64264.102  1.70%   234    6s
H  115   121                    -63259.00000 -64264.102  1.59%   230    6s
H  190   202                    -63281.00000 -64264.102  1.55%   214    7s
   400   467 -64264.084   97  207 -63281.000 -64264.102  1.55%   253   10s
H  414   467                    -63292.00000 -64264.102  1.54%   257   10s
H  492   723                    -63300.00000 -64264.102  1.52%   255   12s
H  741   930                    -63313.00000 -64264.102  1.50%   196   13s
H  815   930                    -63357.00000 -64264.102  1.43%   188   13s
H  955  1217                    -63457.00000 -64264.102  1.27%   167   14s
H 1437  1354                    -63516.00000 -64264.102  1.18%   137   14s
  1461  1451 -63869.876  256  177 -63516.000 -64264.102  1.18%   139   15s
  1636  1519 -64215.797   11  247 -63516.000 -64264.102  1.18%   149   20s
  1639  1524 -64264.102   12  164 -63516.000 -64264.102  1.18%   160   25s
  1734  1587 -64263.955   23  188 -63516.000 -64264.102  1.18%   169   31s
H 1778  1530                    -63571.00000 -64264.102  1.09%   174   32s
H 1815  1497                    -63680.00000 -64264.102  0.92%   175   33s
H 1862  1440                    -63711.00000 -64264.102  0.87%   179   34s
  1865  1458     cutoff   37      -63711.000 -64264.102  0.87%   180   35s
H 1931  1412                    -63825.00000 -64264.102  0.69%   186   36s
  2271  1617 -64236.663   71  221 -63825.000 -64264.102  0.69%   212   40s
  2492  1760 -64218.084   92  229 -63825.000 -64264.102  0.69%   231   45s
  3107  2021 -64003.257  155  146 -63825.000 -64264.102  0.69%   247   50s
  3329  2256 -63991.894  171  179 -63825.000 -64264.102  0.69%   248   55s
H 4214  2111                    -63875.00000 -64264.102  0.61%   231   59s
  4217  2297 -64056.775   38  151 -63875.000 -64264.102  0.61%   232   60s
  4821  2635 -63958.562  207  128 -63875.000 -64264.102  0.61%   226   68s
  5491  2836 -63892.067   75  126 -63875.000 -64264.102  0.61%   211   71s
  5970  3343 -64129.007   55  156 -63875.000 -64264.102  0.61%   216   75s
  7061  4077 -64226.497   37  155 -63875.000 -64264.102  0.61%   218   80s
  8171  4747 -64221.090   48  171 -63875.000 -64264.102  0.61%   221   86s
  8556  5489 -64168.669  132  167 -63875.000 -64264.102  0.61%   220   90s
  9732  5995 -64217.200   49  138 -63875.000 -64264.102  0.61%   215   95s
 10574  6526 -64126.189   49  146 -63875.000 -64264.102  0.61%   212  100s
 10593  6540 -64264.102   29  130 -63875.000 -64264.102  0.61%   215  105s
 10621  6548 -64221.015   32  192 -63875.000 -64264.102  0.61%   216  110s
 10733  6584 -64249.933   46  135 -63875.000 -64264.102  0.61%   219  115s
 10834  6628 -64264.102   58  107 -63875.000 -64264.102  0.61%   220  120s
 10983  6713 -64264.102   77  210 -63875.000 -64264.102  0.61%   222  125s
 11391  6797 -64237.897  101  243 -63875.000 -64264.102  0.61%   239  130s
 11659  6940 -64218.052  121  149 -63875.000 -64264.102  0.61%   248  135s
 12148  7237 -64218.052  179  136 -63875.000 -64264.102  0.61%   265  140s
 13353  7619 -64105.618  323  197 -63875.000 -64264.102  0.61%   286  145s
 13821  7649 -64068.543  367  168 -63875.000 -64264.102  0.61%   294  153s
 14265  7893 -64038.814  437  109 -63875.000 -64264.102  0.61%   297  155s
 14909  8198 -63945.271  141  134 -63875.000 -64264.102  0.61%   317  160s
 15685  8375 -64100.432  103  187 -63875.000 -64264.102  0.61%   336  172s
 16110  8636 -63919.892  235  124 -63875.000 -64264.102  0.61%   341  176s
 16583  9067 -64138.608  169  171 -63875.000 -64264.102  0.61%   349  181s
 17252  9219 -64071.343   78  122 -63875.000 -64264.102  0.61%   354  186s
 18285  9865 -64042.521  138  143 -63875.000 -64264.102  0.61%   366  190s
 19200 10287 -63889.603  243  167 -63875.000 -64264.102  0.61%   374  195s
 20265 10639 -64013.804  179  164 -63875.000 -64264.102  0.61%   381  200s
 20883 10437 -64202.477   94  228 -63875.000 -64264.102  0.61%   383  207s
 20887 13604 -64202.477   95  233 -63875.000 -64264.102  0.61%   383  225s
 25104 12707 -64111.436  181  111 -63875.000 -64264.102  0.61%   409  230s
 26174 12839 -64058.205  276  172 -63875.000 -64264.102  0.61%   414  237s
 26847 13256 -63995.557  353  139 -63875.000 -64264.102  0.61%   418  242s
 27721 13927     cutoff  119      -63875.000 -64264.102  0.61%   419  247s
 29086 14674     cutoff  132      -63875.000 -64264.101  0.61%   424  251s
 30818 15537 -64258.424   86  169 -63875.000 -64263.310  0.61%   409  256s
 31479 15538 -64126.232  124  260 -63875.000 -64263.110  0.61%   405  293s
 31483 15541 -64179.345  101  221 -63875.000 -64263.110  0.61%   404  295s
 31488 15544 -64022.875  140  300 -63875.000 -64263.110  0.61%   404  300s
 31500 15552 -64032.692  177  448 -63875.000 -64245.294  0.58%   404  305s
 31526 15569 -63965.031  231  528 -63875.000 -64230.797  0.56%   404  310s
 31534 15575 -64052.249   95  515 -63875.000 -64228.612  0.55%   404  316s
 31541 15579 -63948.675  181  463 -63875.000 -64228.316  0.55%   404  320s
 31552 15587 -64172.050  184  486 -63875.000 -64227.234  0.55%   404  325s
 31562 15593 -63981.027  147  471 -63875.000 -64226.811  0.55%   403  330s
 31573 15602 -63896.326  239  359 -63875.000 -64226.808  0.55%   405  335s
 31578 15605 -63933.234  135  385 -63875.000 -64226.808  0.55%   405  340s
 31608 15625 -64045.202  193  455 -63875.000 -64226.624  0.55%   405  346s
 31617 15631 -63909.741  251  504 -63875.000 -64222.770  0.54%   405  350s
 31631 15641 -63894.786  200  507 -63875.000 -64219.255  0.54%   405  355s
 31646 15651 -64007.821  115  452 -63875.000 -64216.028  0.53%   404  360s
 31655 15657 -64215.256   88  487 -63875.000 -64215.256  0.53%   404  365s
 31663 15662 -64063.466  128  489 -63875.000 -64214.944  0.53%   404  370s
 31676 15671 -63884.558  124  531 -63875.000 -64213.317  0.53%   404  375s
 31684 15676 -64045.222   90  513 -63875.000 -64212.842  0.53%   404  380s
 31697 15686 -64143.315   92  330 -63875.000 -64212.778  0.53%   405  385s
 31708 15693 -64045.202  193  459 -63875.000 -64212.778  0.53%   405  390s
 31738 15713 -63966.815  191  518 -63875.000 -64212.778  0.53%   405  395s
 31752 15723 -64172.050  184  508 -63875.000 -64212.726  0.53%   405  400s
 31756 15725 -63939.383  220  486 -63875.000 -64212.660  0.53%   405  405s
 31759 15729 -64211.853   55  492 -63875.000 -64211.853  0.53%   406  414s
 31761 15730 -64208.017   56  504 -63875.000 -64208.017  0.52%   406  420s
 31764 15733 -64205.055   57  504 -63875.000 -64205.055  0.52%   406  426s
 31768 15734 -64202.913   58  501 -63875.000 -64202.913  0.51%   406  432s
 31772 15736 -64134.400   58  462 -63875.000 -64201.176  0.51%   406  435s
 31784 15741 -64200.543   60  301 -63875.000 -64200.543  0.51%   406  441s
 31802 15753 -64198.151   63  345 -63875.000 -64198.151  0.51%   406  446s
 31828 15766 -64060.737   66  220 -63875.000 -64192.482  0.50%   406  450s
 31870 15790 -64175.309   73  329 -63875.000 -64188.479  0.49%   406  455s
 31918 15821 -64171.565   79  320 -63875.000 -64188.479  0.49%   405  460s
 32015 15857 -64135.743   94  241 -63875.000 -64188.479  0.49%   405  465s
 32145 15894 -64120.503  114  277 -63875.000 -64188.479  0.49%   404  471s
 32361 15929 -64071.048  138  176 -63875.000 -64188.479  0.49%   402  475s
 32626 15969     cutoff  173      -63875.000 -64188.479  0.49%   400  481s
 32898 16047     cutoff  211      -63875.000 -64188.241  0.49%   397  485s
 33358 16172 -64033.012  117  288 -63875.000 -64187.886  0.49%   393  491s
 33712 16304 -64155.187   66  361 -63875.000 -64172.523  0.47%   391  496s
 34183 16443 -64025.539  110  298 -63875.000 -64172.523  0.47%   388  501s
 34546 16601 -63895.889  142  194 -63875.000 -64168.644  0.46%   385  505s
 35151 16754 -63990.847   78  315 -63875.000 -64158.634  0.44%   381  511s
 35564 16967 -63998.757  100  301 -63875.000 -64158.634  0.44%   378  515s
 36204 17120 -63956.790   72  311 -63875.000 -64154.551  0.44%   373  520s
 36951 17400 -63915.423   89  386 -63875.000 -64148.242  0.43%   369  526s
 37664 17703 -64049.977   72  383 -63875.000 -64146.936  0.43%   365  533s
 38227 17878 -63908.516  152  308 -63875.000 -64146.277  0.42%   362  537s
 38697 18016 -63956.034   96  314 -63875.000 -64145.376  0.42%   359  540s
 39726 18432 -63886.092  145  173 -63875.000 -64143.480  0.42%   353  547s
 40263 18532 -63937.470  133  245 -63875.000 -64142.058  0.42%   350  551s
 40652 18728 -63973.183   72  253 -63875.000 -64139.998  0.41%   348  555s
 41906 19379 -64049.755   82  308 -63875.000 -64135.719  0.41%   343  565s
 43440 19568 -63986.522   85  343 -63875.000 -64132.714  0.40%   336  571s
 44493 19923 -63972.181   99  330 -63875.000 -64131.103  0.40%   331  577s
 45009 20047 -64097.130   69  300 -63875.000 -64129.603  0.40%   329  580s
 45989 20481 -63973.162   93  347 -63875.000 -64128.189  0.40%   325  585s
 47016 20872 -63922.035   82  316 -63875.000 -64126.626  0.39%   321  591s
 47929 20971     cutoff   90      -63875.000 -64124.748  0.39%   318  597s
 48317 21209 -63982.969   86  218 -63875.000 -64123.822  0.39%   317  600s

Cutting planes:
  Gomory: 51
  Cover: 811
  Clique: 220
  MIR: 145
  StrongCG: 61
  Flow cover: 290
  Zero half: 46
  RLT: 26

Explored 48876 nodes (15403370 simplex iterations) in 600.01 seconds (902.77 work units)
Thread count was 4 (of 56 available processors)

Solution count 10: -63875 -63825 -63711 ... -63300

Time limit reached
Best objective -6.387500000000e+04, best bound -6.412300000000e+04, gap 0.3883%
