
Gurobi 9.5.0 (linux64) logging started Tue May  3 13:26:32 2022

Set parameter LogFile to value "/local_workspace/chenrui/LogFiles/MKAP/new1W_R10_M10_N50_seed9_DWcutsCT1_600.log"
Gurobi Optimizer version 9.5.0 build v9.5.0rc5 (linux64)
Thread count: 56 physical cores, 56 logical processors, using up to 4 threads
Optimize a model with 331 rows, 600 columns and 2128 nonzeros
Model fingerprint: 0xa5a1fb4f
Variable types: 0 continuous, 600 integer (600 binary)
Coefficient statistics:
  Matrix range     [1e-13, 4e+03]
  Objective range  [4e+01, 1e+03]
  Bounds range     [1e+00, 1e+00]
  RHS range        [6e-14, 1e+00]
Warning: Model contains large matrix coefficient range
         Consider reformulating model or setting NumericFocus parameter
         to avoid numerical issues.
Found heuristic solution: objective 0.0000000
Presolve removed 76 rows and 166 columns
Presolve time: 0.01s
Presolved: 255 rows, 434 columns, 1411 nonzeros
Found heuristic solution: objective -4313.000000
Variable types: 0 continuous, 434 integer (434 binary)

Root relaxation: objective -1.383200e+04, 598 iterations, 0.01 seconds (0.00 work units)

    Nodes    |    Current Node    |     Objective Bounds      |     Work
 Expl Unexpl |  Obj  Depth IntInf | Incumbent    BestBd   Gap | It/Node Time

     0     0 -13832.002    0   25 -4313.0000 -13832.002   221%     -    0s
H    0     0                    -13453.00000 -13832.002  2.82%     -    0s
H    0     0                    -13537.00000 -13832.002  2.18%     -    0s
H    0     0                    -13748.00000 -13832.002  0.61%     -    0s
*    0     0               0    -13832.00000 -13832.000  0.00%     -    0s

Cutting planes:
  Gomory: 7
  Cover: 4
  Clique: 36
  MIR: 3
  StrongCG: 2

Explored 1 nodes (665 simplex iterations) in 0.03 seconds (0.01 work units)
Thread count was 4 (of 56 available processors)

Solution count 6: -13832 -13748 -13537 ... 0
No other solutions better than -13832

Optimal solution found (tolerance 1.00e-04)
Best objective -1.383199999970e+04, best bound -1.383199999970e+04, gap 0.0000%
