
Gurobi 9.5.0 (linux64) logging started Sat Jun 18 18:46:22 2022

Set parameter LogFile to value "/local_workspace/chenrui/LogFiles/MKAP/new1W_R25_M20_N200_seed1_DWcutsCTp3_600.log"
Gurobi Optimizer version 9.5.0 build v9.5.0rc5 (linux64)
Thread count: 56 physical cores, 56 logical processors, using up to 4 threads
Optimize a model with 4338 rows, 4500 columns and 39297 nonzeros
Model fingerprint: 0x46b37079
Variable types: 0 continuous, 4500 integer (4500 binary)
Coefficient statistics:
  Matrix range     [1e-13, 7e+03]
  Objective range  [2e+01, 1e+03]
  Bounds range     [1e+00, 1e+00]
  RHS range        [1e-05, 1e+00]
Warning: Model contains large matrix coefficient range
         Consider reformulating model or setting NumericFocus parameter
         to avoid numerical issues.
Found heuristic solution: objective 0.0000000
Presolve removed 306 rows and 208 columns
Presolve time: 0.07s
Presolved: 4032 rows, 4292 columns, 32212 nonzeros
Variable types: 0 continuous, 4292 integer (4292 binary)
Found heuristic solution: objective -4100.000000

Root relaxation: objective -5.905005e+04, 8408 iterations, 0.63 seconds (0.62 work units)

    Nodes    |    Current Node    |     Objective Bounds      |     Work
 Expl Unexpl |  Obj  Depth IntInf | Incumbent    BestBd   Gap | It/Node Time

     0     0 -59050.046    0  333 -4100.0000 -59050.046  1340%     -    0s
H    0     0                    -59050.00000 -59050.046  0.00%     -    0s
     0     0 -59050.046    0  333 -59050.000 -59050.046  0.00%     -    0s

Explored 1 nodes (8418 simplex iterations) in 0.76 seconds (0.73 work units)
Thread count was 4 (of 56 available processors)

Solution count 3: -59050 -4100 0 
No other solutions better than -59050

Optimal solution found (tolerance 1.00e-04)
Best objective -5.905000000000e+04, best bound -5.905000000000e+04, gap 0.0000%
