
Gurobi 9.5.0 (linux64) logging started Wed May  4 13:11:04 2022

Set parameter LogFile to value "/local_workspace/chenrui/LogFiles/MKAP/new1W_R25_M30_N200_seed8_DWcuts_600.log"
Gurobi Optimizer version 9.5.0 build v9.5.0rc5 (linux64)
Thread count: 56 physical cores, 56 logical processors, using up to 4 threads
Optimize a model with 1730 rows, 6750 columns and 20250 nonzeros
Model fingerprint: 0xf1c68cf3
Variable types: 0 continuous, 6750 integer (6750 binary)
Coefficient statistics:
  Matrix range     [1e+00, 3e+03]
  Objective range  [2e+01, 1e+03]
  Bounds range     [1e+00, 1e+00]
  RHS range        [2e-13, 1e+00]
Found heuristic solution: objective 0.0000000
Presolve removed 66 rows and 700 columns
Presolve time: 0.05s
Presolved: 1664 rows, 6050 columns, 18039 nonzeros
Found heuristic solution: objective -14135.00000
Variable types: 0 continuous, 6050 integer (6050 binary)

Root relaxation: objective -6.260324e+04, 9743 iterations, 0.31 seconds (0.31 work units)

    Nodes    |    Current Node    |     Objective Bounds      |     Work
 Expl Unexpl |  Obj  Depth IntInf | Incumbent    BestBd   Gap | It/Node Time

     0     0 -62603.238    0   91 -14135.000 -62603.238   343%     -    0s
H    0     0                    -58883.00000 -62603.238  6.32%     -    0s
H    0     0                    -59610.00000 -62603.238  5.02%     -    0s
H    0     0                    -59787.00000 -62603.238  4.71%     -    0s
H    0     0                    -60980.00000 -62603.238  2.66%     -    0s
     0     0 -62603.238    0  247 -60980.000 -62603.238  2.66%     -    0s
     0     0 -62603.238    0  209 -60980.000 -62603.238  2.66%     -    0s
     0     0 -62603.238    0   70 -60980.000 -62603.238  2.66%     -    1s
     0     0 -62603.238    0  122 -60980.000 -62603.238  2.66%     -    1s
H    0     0                    -61054.00000 -62603.238  2.54%     -    1s
     0     0 -62603.238    0   44 -61054.000 -62603.238  2.54%     -    1s
     0     0 -62603.238    0  149 -61054.000 -62603.238  2.54%     -    1s
     0     0 -62603.238    0   51 -61054.000 -62603.238  2.54%     -    1s
     0     0 -62603.238    0  172 -61054.000 -62603.238  2.54%     -    1s
H    0     0                    -61077.00000 -62603.238  2.50%     -    1s
H    0     0                    -61375.00000 -62603.238  2.00%     -    1s
     0     0 -62603.238    0   73 -61375.000 -62603.238  2.00%     -    1s
     0     0 -62603.238    0   73 -61375.000 -62603.238  2.00%     -    2s
     0     2 -62603.238    0   66 -61375.000 -62603.238  2.00%     -    2s
H   27    31                    -61622.00000 -62603.238  1.59%   300    4s
    52    60 -62603.238   15  190 -61622.000 -62603.238  1.59%   231    5s
H   60    64                    -61837.00000 -62603.238  1.24%   223    5s
H  106   109                    -61899.00000 -62603.238  1.14%   200    6s
H  216   229                    -62003.00000 -62603.238  0.97%   161    8s
   427   431 -62603.238   89  126 -62003.000 -62603.238  0.97%   143   10s
H  436   428                    -62108.00000 -62603.238  0.80%   142   10s
   870  1077 -62601.474  195  221 -62108.000 -62603.238  0.80%   152   15s
  1547  1708 -62346.988   64  106 -62108.000 -62603.238  0.80%   141   21s
  1853  1720 -62603.238   10   70 -62108.000 -62603.238  0.80%   166   26s
  1886  1731 -62569.295   15  166 -62108.000 -62603.238  0.80%   169   30s
H 1984  1678                    -62119.00000 -62603.238  0.78%   180   33s
  2022  1690 -62592.110   26  193 -62119.000 -62603.238  0.78%   182   35s
H 2024  1607                    -62208.00000 -62603.238  0.64%   182   35s
  2165  1674 -62602.405   40  181 -62208.000 -62603.238  0.64%   191   40s
  2580  1858 -62556.218   79  150 -62208.000 -62603.238  0.64%   207   45s
H 2589  1770                    -62223.00000 -62603.238  0.61%   207   45s
  3365  2218 -62428.293  152  187 -62223.000 -62603.238  0.61%   219   51s
H 3409  1982                    -62287.00000 -62603.238  0.51%   221   51s
  3644  2058 -62554.451   28  163 -62287.000 -62603.238  0.51%   218   55s
H 4196  2045                    -62289.00000 -62603.238  0.50%   219   59s
  4451  2191 -62343.078  144   95 -62289.000 -62603.238  0.50%   219   60s
  4879  2412     cutoff  263      -62289.000 -62603.238  0.50%   219   66s
  5081  2393 -62514.369   46  163 -62289.000 -62603.238  0.50%   221   70s
H 5129  2102                    -62319.00000 -62603.238  0.46%   222   70s
  5948  2952 -62589.782  126  111 -62319.000 -62603.238  0.46%   233   77s
H 6628  3106                    -62327.00000 -62603.238  0.44%   238   79s
  6834  3486 -62497.780  230  171 -62327.000 -62603.238  0.44%   236   82s
  7364  3797 -62443.037  271  130 -62327.000 -62603.238  0.44%   233   85s
  7814  3799 -62509.870   86  180 -62327.000 -62603.238  0.44%   232   90s
  7820  3964 -62509.870   87  165 -62327.000 -62603.238  0.44%   232   98s
  8036  4414 -62497.984  135  163 -62327.000 -62603.238  0.44%   231  101s
  9034  5180 -62542.158   76  148 -62327.000 -62603.238  0.44%   228  107s
  9769  5874 -62595.529   63  193 -62327.000 -62603.238  0.44%   223  110s
 10797  5886 -62603.238   21  141 -62327.000 -62603.238  0.44%   219  116s
 10818  5887 -62583.415   25  131 -62327.000 -62603.238  0.44%   219  120s
 10898  5905 -62596.824   34  104 -62327.000 -62603.238  0.44%   219  125s
 11031  5916     cutoff   50      -62327.000 -62603.238  0.44%   218  131s
 11144  5949 -62603.238   63  145 -62327.000 -62603.238  0.44%   218  135s
 11667  6120 -62603.238  116  129 -62327.000 -62603.238  0.44%   219  140s
 11808  6140 -62603.238  131  118 -62327.000 -62603.238  0.44%   220  145s
 12325  6318 -62495.194  178  195 -62327.000 -62603.238  0.44%   224  150s
 12967  6461 -62462.305  227  167 -62327.000 -62603.238  0.44%   227  156s
 13457  6786 -62537.293  266  202 -62327.000 -62603.238  0.44%   230  162s
 13845  7006 -62530.533  303  166 -62327.000 -62603.238  0.44%   231  165s
 15122  7618 -62448.749  113  147 -62327.000 -62603.238  0.44%   226  171s
 16505  8172     cutoff   42      -62327.000 -62603.238  0.44%   222  182s
 17287  8338 -62423.851   41  141 -62327.000 -62603.238  0.44%   219  185s
 18490  8397 -62450.486   79  143 -62327.000 -62603.238  0.44%   216  193s
 18578  8870 -62603.238   52  158 -62327.000 -62603.238  0.44%   216  195s
 20091  8972 -62449.077   79  204 -62327.000 -62603.238  0.44%   213  201s
 20354  9489 -62390.319   63  164 -62327.000 -62603.238  0.44%   213  209s
 21110  9814 -62466.858   55  161 -62327.000 -62603.238  0.44%   213  213s
 22188  9800 -62544.117   63  161 -62327.000 -62603.238  0.44%   213  215s
 24567 10336 -62423.683   93  111 -62327.000 -62603.238  0.44%   208  222s
 25413 11010 -62345.078  213  109 -62327.000 -62603.238  0.44%   209  226s
 26774 11195 -62602.666   65  134 -62327.000 -62603.238  0.44%   208  230s
 27255 11038 -62435.426   98  143 -62327.000 -62603.238  0.44%   209  235s
 28533 11651 -62394.388   62  155 -62327.000 -62603.238  0.44%   209  242s
 29357 12500 -62399.710   82  154 -62327.000 -62603.238  0.44%   208  245s
 30921 13931 -62542.058  119  141 -62327.000 -62603.238  0.44%   207  251s
 31569 13932 -62504.563  367   73 -62327.000 -62603.238  0.44%   206  302s
 31575 13936 -62346.462  175  311 -62327.000 -62603.238  0.44%   206  305s
 31580 13939 -62344.482  135  250 -62327.000 -62603.238  0.44%   206  311s
 31583 13944 -62603.238   32  206 -62327.000 -62603.238  0.44%   207  316s
 31589 13948 -62603.238   34  186 -62327.000 -62603.238  0.44%   207  321s
 31597 13950 -62603.238   35  185 -62327.000 -62603.238  0.44%   207  325s
 31610 13949 -62603.238   36  217 -62327.000 -62603.238  0.44%   207  330s
 31628 13953 -62603.238   38  260 -62327.000 -62603.238  0.44%   208  335s
 31647 13959 -62603.238   41  221 -62327.000 -62603.238  0.44%   208  340s
 31682 13967 -62603.238   46  222 -62327.000 -62603.238  0.44%   208  345s
 31768 13982 -62513.291   57  196 -62327.000 -62603.238  0.44%   209  350s
 31834 14026 -62601.367   64  233 -62327.000 -62603.238  0.44%   210  355s
 31987 14105 -62582.655   75  243 -62327.000 -62603.238  0.44%   211  360s
 32109 14174 -62559.932   85  259 -62327.000 -62603.238  0.44%   211  366s
 32317 14299 -62582.655   98  232 -62327.000 -62603.238  0.44%   211  371s
 32531 14410 -62582.654  113  260 -62327.000 -62603.238  0.44%   211  375s
 32650 14474 -62578.827  127  300 -62327.000 -62603.238  0.44%   212  380s
 32756 14788 -62536.312  137  316 -62327.000 -62603.238  0.44%   211  385s
 33472 14879 -62464.993  204  183 -62327.000 -62603.238  0.44%   211  394s
 33738 15112 -62528.798  236  273 -62327.000 -62603.238  0.44%   212  398s
 34182 15229 -62511.993  287  214 -62327.000 -62603.238  0.44%   212  403s
 34573 15527 -62466.181  360  141 -62327.000 -62603.238  0.44%   212  407s
 35092 15768 -62366.731  125  134 -62327.000 -62603.238  0.44%   213  412s
 35662 15895 -62588.626   49  244 -62327.000 -62603.238  0.44%   213  416s
 36087 16199 -62402.762   97  201 -62327.000 -62603.238  0.44%   214  421s
 36654 16383 -62381.391  268  192 -62327.000 -62603.238  0.44%   215  425s
 37198 16394 -62334.967   93  317 -62327.000 -62603.238  0.44%   215  430s
 37512 16679 -62510.880   89  163 -62327.000 -62603.238  0.44%   217  435s
 37983 17102 -62442.369  186  191 -62327.000 -62603.238  0.44%   219  440s
 38706 17361 -62544.314  209  378 -62327.000 -62603.238  0.44%   219  445s
 39312 17324 -62441.296   54  204 -62327.000 -62603.238  0.44%   219  452s
 39523 17980 -62423.790   71  327 -62327.000 -62603.238  0.44%   221  458s
 40416 18396 -62536.826   62  211 -62327.000 -62603.238  0.44%   220  463s
 41208 18468 -62588.638   79  239 -62327.000 -62603.238  0.44%   220  471s
 41670 18670 infeasible  167      -62327.000 -62603.238  0.44%   221  478s
 42108 19188 -62547.819  117  205 -62327.000 -62603.238  0.44%   223  488s
 42909 19998 -62515.467  125  304 -62327.000 -62603.238  0.44%   224  496s
 44188 19772 -62600.487   80  294 -62327.000 -62603.238  0.44%   221  501s
 44468 19987 -62587.419  104  177 -62327.000 -62603.238  0.44%   222  505s
 44843 20262     cutoff  155      -62327.000 -62603.238  0.44%   223  510s
 45977 20631     cutoff   46      -62327.000 -62603.238  0.44%   224  522s
 46561 20805 -62478.604   67  181 -62327.000 -62603.238  0.44%   225  527s
 47159 20774 -62479.965   78  286 -62327.000 -62602.857  0.44%   225  533s
 47350 21263 -62397.699  113  324 -62327.000 -62602.851  0.44%   226  538s
 48009 21508 -62361.035  116  254 -62327.000 -62602.764  0.44%   226  543s
 48589 21753 -62395.153   84  282 -62327.000 -62602.511  0.44%   226  548s
 49088 22252 -62475.892  104  290 -62327.000 -62601.850  0.44%   227  553s
 49883 22446 -62553.253   68  141 -62327.000 -62601.733  0.44%   227  558s
 50433 22774 -62481.434  249  227 -62327.000 -62601.554  0.44%   227  563s
 51134 23024 -62578.724   82  303 -62327.000 -62601.369  0.44%   227  568s
 51758 23040 -62387.594   85  301 -62327.000 -62600.737  0.44%   227  573s
 52182 23283 -62462.445   90  216 -62327.000 -62600.487  0.44%   228  578s
 52729 23764 -62351.395   81  158 -62327.000 -62600.487  0.44%   229  587s
 53650 23922 -62600.039   74  307 -62327.000 -62600.487  0.44%   229  592s
 54450 24094 -62561.081  227  380 -62327.000 -62600.487  0.44%   228  596s
 54998 24093 -62475.563  117  216 -62327.000 -62600.487  0.44%   228  600s

Cutting planes:
  Gomory: 78
  Cover: 419
  Implied bound: 1
  Clique: 347
  MIR: 94
  StrongCG: 66
  Flow cover: 161
  Zero half: 34
  RLT: 7
  Relax-and-lift: 6

Explored 55238 nodes (12646487 simplex iterations) in 600.00 seconds (1080.38 work units)
Thread count was 4 (of 56 available processors)

Solution count 10: -62327 -62319 -62289 ... -61899

Time limit reached
Best objective -6.232700000000e+04, best bound -6.260000000000e+04, gap 0.4380%
