
Gurobi 9.5.0 (linux64) logging started Sat Jun 18 17:52:25 2022

Set parameter LogFile to value "/local_workspace/chenrui/LogFiles/MKAP/new1W_R25_M10_N200_seed2_DWcutsCTp_600.log"
Gurobi Optimizer version 9.5.0 build v9.5.0rc5 (linux64)
Thread count: 56 physical cores, 56 logical processors, using up to 4 threads
Optimize a model with 710 rows, 2250 columns and 6750 nonzeros
Model fingerprint: 0xc6bd4c51
Variable types: 0 continuous, 2250 integer (2250 binary)
Coefficient statistics:
  Matrix range     [1e+00, 1e+04]
  Objective range  [5e+01, 1e+03]
  Bounds range     [1e+00, 1e+00]
  RHS range        [1e-05, 1e+00]
Found heuristic solution: objective 0.0000000
Presolve time: 0.02s
Presolved: 710 rows, 2250 columns, 6750 nonzeros
Variable types: 0 continuous, 2250 integer (2250 binary)
Found heuristic solution: objective -3297.000000

Root relaxation: objective -4.406701e+04, 2770 iterations, 0.03 seconds (0.03 work units)

    Nodes    |    Current Node    |     Objective Bounds      |     Work
 Expl Unexpl |  Obj  Depth IntInf | Incumbent    BestBd   Gap | It/Node Time

     0     0 -44067.014    0   83 -3297.0000 -44067.014  1237%     -    0s
H    0     0                    -41011.00000 -44067.014  7.45%     -    0s
H    0     0                    -41232.00000 -44067.014  6.88%     -    0s
H    0     0                    -41563.00000 -44067.014  6.02%     -    0s
H    0     0                    -41845.00000 -44067.014  5.31%     -    0s
H    0     0                    -42225.00000 -44067.014  4.36%     -    0s
H    0     0                    -42474.00001 -44067.014  3.75%     -    0s
     0     0 -44067.014    0  136 -42474.000 -44067.014  3.75%     -    0s
H    0     0                    -43138.00000 -44067.014  2.15%     -    0s
H    0     0                    -43710.00001 -44067.014  0.82%     -    0s
     0     0 -44067.013    0   84 -43710.000 -44067.013  0.82%     -    0s
H    0     0                    -44047.00001 -44067.013  0.05%     -    0s
     0     0 -44067.013    0   92 -44047.000 -44067.013  0.05%     -    0s
*    0     0               0    -44067.00011 -44067.000  0.00%     -    0s

Explored 1 nodes (5194 simplex iterations) in 0.21 seconds (0.14 work units)
Thread count was 4 (of 56 available processors)

Solution count 10: -44067 -44047 -43710 ... -41232

Optimal solution found (tolerance 1.00e-04)
Best objective -4.406700000000e+04, best bound -4.406700000000e+04, gap 0.0000%
