
Gurobi 9.5.0 (linux64) logging started Wed May  4 18:26:57 2022

Set parameter LogFile to value "/local_workspace/chenrui/LogFiles/MKAP/new1W_R25_M40_N100_seed6_original_600.log"
Gurobi Optimizer version 9.5.0 build v9.5.0rc5 (linux64)
Thread count: 56 physical cores, 56 logical processors, using up to 4 threads
Optimize a model with 1140 rows, 5000 columns and 10000 nonzeros
Model fingerprint: 0xedf51c69
Variable types: 0 continuous, 5000 integer (5000 binary)
Coefficient statistics:
  Matrix range     [1e+00, 1e+03]
  Objective range  [4e+01, 9e+02]
  Bounds range     [1e+00, 1e+00]
  RHS range        [1e+00, 1e+00]
Found heuristic solution: objective 0.0000000
Presolve removed 471 rows and 2023 columns
Presolve time: 0.02s
Presolved: 669 rows, 2977 columns, 5954 nonzeros
Variable types: 0 continuous, 2977 integer (2977 binary)
Found heuristic solution: objective -22192.00000

Root relaxation: objective -3.107207e+04, 2030 iterations, 0.02 seconds (0.01 work units)

    Nodes    |    Current Node    |     Objective Bounds      |     Work
 Expl Unexpl |  Obj  Depth IntInf | Incumbent    BestBd   Gap | It/Node Time

     0     0 -31072.067    0  104 -22192.000 -31072.067  40.0%     -    0s
H    0     0                    -27700.00000 -31072.067  12.2%     -    0s
H    0     0                    -28009.00000 -31072.067  10.9%     -    0s
H    0     0                    -28312.00000 -31072.067  9.75%     -    0s
     0     0 -31001.091    0  114 -28312.000 -31001.091  9.50%     -    0s
H    0     0                    -28646.00000 -31001.091  8.22%     -    0s
     0     0 -31000.944    0  118 -28646.000 -31000.944  8.22%     -    0s
     0     0 -30878.292    0  101 -28646.000 -30878.292  7.79%     -    0s
H    0     0                    -29312.00000 -30878.292  5.34%     -    0s
H    0     0                    -29847.00000 -30878.292  3.46%     -    0s
     0     0 -30869.977    0   99 -29847.000 -30869.977  3.43%     -    0s
     0     0 -30846.306    0  135 -29847.000 -30846.306  3.35%     -    0s
H    0     0                    -29868.00000 -30846.306  3.28%     -    0s
     0     0 -30845.168    0  121 -29868.000 -30845.168  3.27%     -    0s
     0     0 -30843.698    0  108 -29868.000 -30843.698  3.27%     -    0s
     0     0 -30843.510    0  108 -29868.000 -30843.510  3.27%     -    0s
     0     0 -30771.990    0  155 -29868.000 -30771.990  3.03%     -    0s
     0     0 -30766.175    0  144 -29868.000 -30766.175  3.01%     -    0s
     0     0 -30766.175    0  145 -29868.000 -30766.175  3.01%     -    0s
     0     0 -30726.744    0  138 -29868.000 -30726.744  2.88%     -    0s
     0     0 -30726.240    0  154 -29868.000 -30726.240  2.87%     -    0s
     0     0 -30724.666    0  150 -29868.000 -30724.666  2.87%     -    0s
     0     0 -30685.914    0  126 -29868.000 -30685.914  2.74%     -    0s
     0     0 -30683.102    0  121 -29868.000 -30683.102  2.73%     -    0s
     0     0 -30683.095    0  124 -29868.000 -30683.095  2.73%     -    0s
     0     0 -30651.849    0  130 -29868.000 -30651.849  2.62%     -    0s
H    0     0                    -30021.00000 -30649.981  2.10%     -    0s
     0     0 -30649.981    0  133 -30021.000 -30649.981  2.10%     -    0s
     0     0 -30649.957    0  132 -30021.000 -30649.957  2.10%     -    0s
     0     0 -30581.559    0  157 -30021.000 -30581.559  1.87%     -    0s
     0     0 -30580.755    0  149 -30021.000 -30580.755  1.86%     -    0s
     0     0 -30580.525    0  140 -30021.000 -30580.525  1.86%     -    0s
H    0     0                    -30152.00000 -30558.197  1.35%     -    0s
     0     0 -30558.197    0  129 -30152.000 -30558.197  1.35%     -    0s
H    0     0                    -30219.00000 -30558.197  1.12%     -    0s
     0     0 -30556.807    0  139 -30219.000 -30556.807  1.12%     -    0s
     0     0 -30556.805    0  145 -30219.000 -30556.805  1.12%     -    0s
     0     0 -30534.818    0  148 -30219.000 -30534.818  1.05%     -    0s
     0     0 -30533.383    0  141 -30219.000 -30533.383  1.04%     -    0s
     0     0 -30533.383    0  143 -30219.000 -30533.383  1.04%     -    0s
     0     0 -30491.771    0  161 -30219.000 -30491.771  0.90%     -    0s
     0     0 -30489.101    0  149 -30219.000 -30489.101  0.89%     -    0s
     0     0 -30489.027    0  145 -30219.000 -30489.027  0.89%     -    0s
     0     0 -30469.290    0  172 -30219.000 -30469.290  0.83%     -    0s
     0     0 -30464.959    0  155 -30219.000 -30464.959  0.81%     -    0s
     0     0 -30462.649    0  181 -30219.000 -30462.649  0.81%     -    0s
     0     0 -30462.636    0  180 -30219.000 -30462.636  0.81%     -    0s
     0     0 -30444.214    0  134 -30219.000 -30444.214  0.75%     -    0s
     0     0 -30443.505    0  155 -30219.000 -30443.505  0.74%     -    0s
     0     0 -30437.115    0  117 -30219.000 -30437.115  0.72%     -    0s
     0     0 -30433.392    0   98 -30219.000 -30433.392  0.71%     -    0s
     0     0 -30433.392    0  109 -30219.000 -30433.392  0.71%     -    0s
     0     0 -30429.078    0  123 -30219.000 -30429.078  0.70%     -    0s
     0     0 -30429.078    0   82 -30219.000 -30429.078  0.70%     -    0s
     0     0 -30429.078    0   59 -30219.000 -30429.078  0.70%     -    0s
     0     0 -30429.078    0   58 -30219.000 -30429.078  0.70%     -    0s
     0     0 -30429.078    0  125 -30219.000 -30429.078  0.70%     -    0s
     0     0 -30429.078    0  113 -30219.000 -30429.078  0.70%     -    0s
     0     0 -30429.078    0  133 -30219.000 -30429.078  0.70%     -    0s
     0     0 -30429.078    0  150 -30219.000 -30429.078  0.70%     -    0s
     0     0 -30429.078    0  117 -30219.000 -30429.078  0.70%     -    0s
     0     0 -30429.078    0  107 -30219.000 -30429.078  0.70%     -    0s
     0     0 -30429.078    0  158 -30219.000 -30429.078  0.70%     -    0s
     0     0 -30429.078    0  131 -30219.000 -30429.078  0.70%     -    0s
     0     0 -30429.078    0  141 -30219.000 -30429.078  0.70%     -    0s
     0     0 -30429.078    0  135 -30219.000 -30429.078  0.70%     -    0s
     0     0 -30429.078    0  144 -30219.000 -30429.078  0.70%     -    0s
     0     0 -30411.271    0  130 -30219.000 -30411.271  0.64%     -    0s
     0     0 -30411.225    0  137 -30219.000 -30411.225  0.64%     -    0s
     0     0 -30396.089    0   93 -30219.000 -30396.089  0.59%     -    1s
H    0     0                    -30225.00000 -30396.089  0.57%     -    1s
H    0     0                    -30278.00000 -30396.089  0.39%     -    1s
     0     0 -30393.754    0  111 -30278.000 -30393.754  0.38%     -    1s
     0     0 -30393.500    0   59 -30278.000 -30393.500  0.38%     -    1s
     0     0 -30393.500    0   42 -30278.000 -30393.500  0.38%     -    1s
     0     0 -30393.500    0   92 -30278.000 -30393.500  0.38%     -    1s
     0     0 -30393.500    0   73 -30278.000 -30393.500  0.38%     -    1s
     0     0 -30393.500    0   46 -30278.000 -30393.500  0.38%     -    1s
     0     0 -30393.500    0   96 -30278.000 -30393.500  0.38%     -    1s
     0     0 -30393.500    0   94 -30278.000 -30393.500  0.38%     -    1s
     0     0 -30393.500    0   81 -30278.000 -30393.500  0.38%     -    1s
     0     0 -30393.500    0   87 -30278.000 -30393.500  0.38%     -    1s
H    0     0                    -30304.00000 -30393.500  0.30%     -    1s
     0     0 -30393.500    0   92 -30304.000 -30393.500  0.30%     -    1s
     0     0 -30393.500    0   97 -30304.000 -30393.500  0.30%     -    1s
     0     0 -30393.500    0   94 -30304.000 -30393.500  0.30%     -    1s
     0     0 -30391.933    0   42 -30304.000 -30391.933  0.29%     -    1s
     0     0 -30391.933    0   48 -30304.000 -30391.933  0.29%     -    1s
     0     0 -30391.933    0  105 -30304.000 -30391.933  0.29%     -    1s
     0     0 -30391.933    0  102 -30304.000 -30391.933  0.29%     -    1s
     0     0 -30391.933    0   74 -30304.000 -30391.933  0.29%     -    1s
     0     0 -30391.933    0   74 -30304.000 -30391.933  0.29%     -    1s
     0     0 -30391.933    0   76 -30304.000 -30391.933  0.29%     -    1s
     0     0 -30391.933    0   69 -30304.000 -30391.933  0.29%     -    1s
     0     0 -30387.892    0   62 -30304.000 -30387.892  0.28%     -    1s
H    0     0                    -30329.00000 -30387.892  0.19%     -    1s
     0     0 -30378.356    0   86 -30329.000 -30378.356  0.16%     -    1s
     0     0 -30378.356    0   89 -30329.000 -30378.356  0.16%     -    1s
     0     0 -30378.356    0   58 -30329.000 -30378.356  0.16%     -    1s
     0     0 -30378.356    0   77 -30329.000 -30378.356  0.16%     -    1s
     0     0 -30378.356    0   75 -30329.000 -30378.356  0.16%     -    1s
     0     0 -30378.356    0   75 -30329.000 -30378.356  0.16%     -    1s
     0     0 -30378.356    0   66 -30329.000 -30378.356  0.16%     -    1s
     0     0 -30378.356    0   66 -30329.000 -30378.356  0.16%     -    1s
     0     0 -30378.356    0   69 -30329.000 -30378.356  0.16%     -    1s
     0     0 -30372.480    0   68 -30329.000 -30372.480  0.14%     -    1s
     0     0 -30371.150    0   73 -30329.000 -30371.150  0.14%     -    1s
     0     0 -30367.294    0   43 -30329.000 -30367.294  0.13%     -    1s
     0     0 -30366.992    0   69 -30329.000 -30366.992  0.13%     -    1s
     0     0 -30366.992    0   70 -30329.000 -30366.992  0.13%     -    1s
     0     0 -30366.992    0   70 -30329.000 -30366.992  0.13%     -    1s
     0     0 -30366.992    0   70 -30329.000 -30366.992  0.13%     -    1s
     0     0 -30366.992    0   69 -30329.000 -30366.992  0.13%     -    1s
     0     0 -30366.992    0   47 -30329.000 -30366.992  0.13%     -    1s
     0     0 -30366.992    0   59 -30329.000 -30366.992  0.13%     -    1s
     0     0 -30366.992    0   60 -30329.000 -30366.992  0.13%     -    1s
     0     0 -30366.992    0   60 -30329.000 -30366.992  0.13%     -    1s
     0     0 -30348.800    0   14 -30329.000 -30348.800  0.07%     -    1s
     0     0 -30348.800    0   46 -30329.000 -30348.800  0.07%     -    1s
     0     0 -30348.800    0   62 -30329.000 -30348.800  0.07%     -    1s
     0     0 -30348.800    0   70 -30329.000 -30348.800  0.07%     -    1s
     0     0 -30348.800    0   71 -30329.000 -30348.800  0.07%     -    1s
     0     0 -30348.800    0   74 -30329.000 -30348.800  0.07%     -    1s
     0     0 -30348.800    0   74 -30329.000 -30348.800  0.07%     -    1s
     0     0 -30348.800    0   76 -30329.000 -30348.800  0.07%     -    1s
     0     0 -30348.800    0   51 -30329.000 -30348.800  0.07%     -    1s
     0     2 -30348.800    0   44 -30329.000 -30348.800  0.07%     -    1s
*   11     2               4    -30332.00000 -30343.130  0.04%  18.7    1s

Cutting planes:
  Gomory: 3
  Cover: 8
  Clique: 5
  MIR: 11
  StrongCG: 3
  Zero half: 1
  RLT: 2

Explored 13 nodes (14029 simplex iterations) in 1.45 seconds (0.96 work units)
Thread count was 4 (of 56 available processors)

Solution count 10: -30332 -30329 -30329 ... -30225

Optimal solution found (tolerance 1.00e-04)
Best objective -3.033200000000e+04, best bound -3.033500000000e+04, gap 0.0099%
