
Gurobi 9.5.0 (linux64) logging started Sat Apr 30 10:03:39 2022

Set parameter LogFile to value "/local_workspace/chenrui/LogFiles/MKAP/new1W_R25_M30_N300_seed9_DWcuts_600.log"
Gurobi Optimizer version 9.5.0 build v9.5.0rc5 (linux64)
Thread count: 56 physical cores, 56 logical processors, using up to 4 threads
Optimize a model with 1830 rows, 9750 columns and 29250 nonzeros
Model fingerprint: 0x05bba217
Variable types: 0 continuous, 9750 integer (9750 binary)
Coefficient statistics:
  Matrix range     [2e-12, 4e+03]
  Objective range  [5e+01, 1e+03]
  Bounds range     [1e+00, 1e+00]
  RHS range        [9e-13, 1e+00]
Warning: Model contains large matrix coefficient range
         Consider reformulating model or setting NumericFocus parameter
         to avoid numerical issues.
Found heuristic solution: objective 0.0000000
Presolve removed 46 rows and 905 columns
Presolve time: 0.07s
Presolved: 1784 rows, 8845 columns, 26407 nonzeros
Found heuristic solution: objective -12110.00000
Variable types: 0 continuous, 8845 integer (8845 binary)

Root relaxation: objective -9.326144e+04, 17833 iterations, 0.82 seconds (0.77 work units)

    Nodes    |    Current Node    |     Objective Bounds      |     Work
 Expl Unexpl |  Obj  Depth IntInf | Incumbent    BestBd   Gap | It/Node Time

     0     0 -93261.438    0  312 -12110.000 -93261.438   670%     -    1s
H    0     0                    -81301.00000 -93261.438  14.7%     -    1s
H    0     0                    -82558.00000 -93261.438  13.0%     -    1s
H    0     0                    -87766.00000 -93261.438  6.26%     -    1s
     0     0 -93261.438    0  502 -87766.000 -93261.438  6.26%     -    2s
H    0     0                    -87980.00000 -93261.438  6.00%     -    2s
     0     0 -93261.438    0  453 -87980.000 -93261.438  6.00%     -    2s
     0     0 -93261.438    0  518 -87980.000 -93261.438  6.00%     -    3s
     0     0 -93261.438    0  460 -87980.000 -93261.438  6.00%     -    3s
H    0     0                    -89194.00000 -93261.438  4.56%     -    4s
     0     0 -93261.438    0  471 -89194.000 -93261.438  4.56%     -    4s
     0     0 -93261.438    0  440 -89194.000 -93261.438  4.56%     -    4s
     0     2 -93261.438    0  294 -89194.000 -93261.438  4.56%     -    5s
H   27    32                    -90128.00000 -93261.438  3.48%  1221    7s
H  128   153                    -90352.00000 -93261.438  3.22%   617    8s
H  152   318                    -90374.00000 -93261.438  3.19%   582    9s
H  168   318                    -90491.00000 -93261.438  3.06%   550    9s
H  184   318                    -90521.00000 -93261.438  3.03%   526    9s
H  249   318                    -90537.00000 -93261.438  3.01%   391    9s
   317   501 -93232.212   35  139 -90537.000 -93261.438  3.01%   321   10s
H  337   501                    -91003.00000 -93261.438  2.48%   310   10s
H  523   580                    -91104.00000 -93261.438  2.37%   214   10s
H  951   883                    -91410.00000 -93261.438  2.03%   193   14s
  1029   879 -92305.363   78  440 -91410.000 -93261.438  2.03%   189   16s
  1034   882 -92650.699   70  467 -91410.000 -93261.438  2.03%   188   20s
  1039   889 -93261.438   14  297 -91410.000 -93261.438  2.03%   226   26s
  1053   900 -93261.438   17  231 -91410.000 -93261.438  2.03%   229   30s
H 1068   864                    -91513.00000 -93261.438  1.91%   231   32s
  1096   884 -93250.973   21  248 -91513.000 -93261.438  1.91%   238   36s
H 1097   841                    -91630.00000 -93261.438  1.78%   237   36s
H 1099   801                    -91671.00000 -93261.438  1.73%   238   36s
  1161   885 -93250.973   29  264 -91671.000 -93261.438  1.73%   251   40s
  1236   955 -93250.973   37  253 -91671.000 -93261.438  1.73%   261   45s
H 1336   976                    -91711.00000 -93261.438  1.69%   266   48s
  1408  1205 -93250.973   59  207 -91711.000 -93261.438  1.69%   267   50s
  2018  1349 -93168.543  107  202 -91711.000 -93261.438  1.69%   248   60s
H 2020  1313                    -91910.00000 -93261.438  1.47%   247   60s
  3274  2003 -92912.458  292  143 -91910.000 -93261.438  1.47%   187   71s
H 3275  1999                    -91962.00000 -93261.438  1.41%   187   71s
H 3276  1978                    -92076.00000 -93261.438  1.29%   187   71s
H 3277  1975                    -92097.00000 -93261.438  1.26%   187   71s
H 3278  2044                    -92127.00000 -93261.438  1.23%   187   73s
H 3326  2022                    -92168.00000 -93261.438  1.19%   187   73s
  3360  2328 -92911.924  293  138 -92168.000 -93261.438  1.19%   188   75s
  3749  2798 -93082.424   74  179 -92168.000 -93261.438  1.19%   183   86s
H 3941  2779                    -92198.00000 -93261.438  1.15%   178   86s
  6818  4935 -92991.714  205  110 -92198.000 -93261.438  1.15%   141   92s
H 7268  4819                    -92276.00000 -93261.438  1.07%   136   92s
  7849  6000 -93213.848  151  127 -92276.000 -93261.438  1.07%   136   95s
 10451  9566 -92790.642  186  107 -92276.000 -93261.438  1.07%   124  102s
 14964 11283 -92278.600  280  119 -92276.000 -93261.438  1.07%   110  105s
 18409 13720 -92460.087  105  149 -92276.000 -93261.438  1.07%   105  110s
 19858 14666 -92494.434  172  122 -92276.000 -93261.438  1.07%   106  115s
H19859 13706                    -92329.00000 -93261.438  1.01%   106  115s
 19875 13713 -92461.384  174  127 -92329.000 -93261.438  1.01%   106  122s
 21004 15140 -92852.732  146  167 -92329.000 -93261.438  1.01%   106  165s
 22634 16246 -93073.732  147  169 -92329.000 -93261.438  1.01%   110  171s
 24068 17342 -93014.644  208  144 -92329.000 -93261.438  1.01%   112  176s
H24166 17126                    -92341.00000 -93261.438  1.00%   112  176s
 24476 17130 -92608.513   85  159 -92341.000 -93261.438  1.00%   112  187s
 25126 18273 -93242.556  165  226 -92341.000 -93261.438  1.00%   113  191s
 27025 19640 -92721.428  227  138 -92341.000 -93261.438  1.00%   114  197s
 28243 20720 -93019.205  127  153 -92341.000 -93261.438  1.00%   115  200s
 30660 22299 -93248.616   88  201 -92341.000 -93261.438  1.00%   116  206s
 31688 23685 -93052.247  137  165 -92341.000 -93261.438  1.00%   118  210s
 32845 23689 -93235.611  103  182 -92341.000 -93261.438  1.00%   118  220s
 34154 25381     cutoff  219      -92341.000 -93261.438  1.00%   118  225s
 35623 26283 -92490.757  154  155 -92341.000 -93261.438  1.00%   119  230s
 36455 26686 -93187.271  101  173 -92341.000 -93261.438  1.00%   120  243s
 36459 27035 -93187.271  102  192 -92341.000 -93261.438  1.00%   120  245s
 37628 28119 -92729.218  220  187 -92341.000 -93261.438  1.00%   121  250s
 39541 29298 -92548.575  359  116 -92341.000 -93261.438  1.00%   121  256s
 40563 29941 -93242.556  108  195 -92341.000 -93261.438  1.00%   122  260s
 41421 30697 -93204.660   43  240 -92341.000 -93261.438  1.00%   123  265s
 42259 31700 -93202.547  157  175 -92341.000 -93261.438  1.00%   124  270s
 43603 32490     cutoff  159      -92341.000 -93261.438  1.00%   125  275s
 44535 33463 -93239.088   92  215 -92341.000 -93261.438  1.00%   126  280s
 45994 34945 -93097.043  310  178 -92341.000 -93261.438  1.00%   126  285s
 47461 35391 -92995.788  183  157 -92341.000 -93261.438  1.00%   126  293s
 47465 35613 -92991.711  184  156 -92341.000 -93261.438  1.00%   126  295s
H47582 35536                    -92345.00000 -93261.438  0.99%   126  295s
 48989 37107 -93238.766   48  207 -92345.000 -93261.438  0.99%   126  301s
 50482 38395 -93233.863   59  201 -92345.000 -93261.438  0.99%   126  305s
 51889 39992 -92702.521   97  197 -92345.000 -93261.438  0.99%   127  312s
 53666 41070 -93138.196   92  212 -92345.000 -93261.438  0.99%   127  316s
 55333 42389 -92464.660  112  165 -92345.000 -93261.438  0.99%   127  320s
 56647 43085 -93063.255   71  206 -92345.000 -93261.438  0.99%   128  328s
 56675 43587 -93063.255   72  204 -92345.000 -93261.438  0.99%   128  330s
 58145 44441 -93063.647   59  185 -92345.000 -93261.438  0.99%   129  336s
 59303 45863 -93047.361  175  185 -92345.000 -93261.438  0.99%   129  341s
 60409 46603 -92501.654   64  137 -92345.000 -93261.438  0.99%   130  345s
 61256 46875 -92789.167   93  196 -92345.000 -93261.438  0.99%   131  352s
 61631 47295 -92773.906  159  211 -92345.000 -93261.438  0.99%   131  356s
H61679 43911                    -92403.00000 -93261.438  0.93%   131  356s
 62358 44618 -92587.541   59  185 -92403.000 -93261.438  0.93%   132  360s
 62695 44619 -92461.579   82  126 -92403.000 -93261.438  0.93%   132  367s
 63222 45707 -93097.424  106  180 -92403.000 -93261.438  0.93%   132  372s
 63998 46206 -92903.840  279  154 -92403.000 -93261.438  0.93%   133  375s
H64644 43724                    -92449.00000 -93261.438  0.88%   133  377s
 65431 44222 -92940.502  137  159 -92449.000 -93261.438  0.88%   133  389s
 65435 44406 -92701.243  138  158 -92449.000 -93261.438  0.88%   133  393s
H65466 42088                    -92485.00000 -93261.438  0.84%   133  393s
H65501 40412                    -92518.00000 -93261.438  0.80%   133  393s
 65625 40926 -92698.740  170  141 -92518.000 -93261.438  0.80%   134  395s
 66727 41802 -92882.910  208  197 -92518.000 -93261.438  0.80%   134  400s
 68113 42843 -92835.564  116  201 -92518.000 -93261.438  0.80%   135  405s
 69221 43961 -92942.351   70  221 -92518.000 -93261.438  0.80%   136  410s
 70223 44630 -92840.920  288  139 -92518.000 -93261.438  0.80%   137  418s
 70570 45050 -93238.422   85  198 -92518.000 -93261.438  0.80%   137  420s
 71735 45939 -93254.866   72  188 -92518.000 -93261.438  0.80%   138  426s
 72773 46901 -92644.604  218  174 -92518.000 -93261.438  0.80%   139  431s
 74014 47998 -92891.337  208  195 -92518.000 -93261.438  0.80%   140  436s
 74865 48024 -92903.374   52  207 -92518.000 -93261.438  0.80%   141  441s
 75429 48680 -92735.987  140  179 -92518.000 -93261.438  0.80%   141  446s
 76687 50029 -93061.833   98  216 -92518.000 -93261.438  0.80%   142  450s
H77706 47400                    -92553.00000 -93261.438  0.77%   142  453s
 77865 47847 -92894.843   69  216 -92553.000 -93261.438  0.77%   142  455s
 79553 48921 -92573.543  233  150 -92553.000 -93261.438  0.77%   143  461s
 80287 49593 -92611.071  111  180 -92553.000 -93261.438  0.77%   143  465s
 80721 49651 -92957.545  113  198 -92553.000 -93261.438  0.77%   144  473s
H80722 49546                    -92554.00000 -93261.438  0.76%   144  473s
 80779 49978 -92957.545  115  198 -92554.000 -93261.438  0.76%   144  475s
 81632 50938 -92886.435   72  165 -92554.000 -93261.438  0.76%   145  480s
H82332 49113                    -92578.00000 -93261.438  0.74%   145  484s
 82434 49532 -92807.501  112  209 -92578.000 -93261.438  0.74%   145  486s
 83345 50364 -92616.808   95  225 -92578.000 -93261.438  0.74%   146  491s
 84529 51292 -92884.825  109  117 -92578.000 -93261.438  0.74%   146  497s
 85786 51558 -92679.698   82  174 -92578.000 -93261.438  0.74%   147  505s
 86552 52030 -93222.798   60  201 -92578.000 -93261.438  0.74%   147  513s
 86556 52139 -93222.798   61  179 -92578.000 -93261.438  0.74%   147  517s
 87280 52977 -93091.217  101  217 -92578.000 -93261.438  0.74%   147  521s
 88489 53964 -93198.285   60  196 -92578.000 -93261.438  0.74%   147  526s
 89557 55061     cutoff  367      -92578.000 -93261.438  0.74%   148  531s
 91041 55919 -93086.461  113  224 -92578.000 -93261.438  0.74%   148  536s
 92167 57156 -92682.139  164  148 -92578.000 -93261.438  0.74%   149  541s
 93708 58401 -93220.787  135  168 -92578.000 -93261.438  0.74%   149  560s
 94828 59343 -93096.882  102  213 -92578.000 -93261.438  0.74%   149  566s
 96203 60627 -92688.658  147  159 -92578.000 -93261.438  0.74%   149  570s
 98140 61528 -92700.191  211  171 -92578.000 -93261.438  0.74%   149  576s
 99083 62542 -92986.240  118  152 -92578.000 -93261.438  0.74%   149  580s
 100977 64310 -93225.888   79  189 -92578.000 -93261.438  0.74%   149  586s
 102276 65219 -93233.418   80  235 -92578.000 -93261.438  0.74%   149  590s
 103810 66387 -92719.790  360  144 -92578.000 -93261.438  0.74%   150  598s
 104048 66721 -93233.445   65  214 -92578.000 -93261.438  0.74%   150  600s

Cutting planes:
  Gomory: 24
  Cover: 384
  Clique: 238
  MIR: 20
  StrongCG: 54
  Flow cover: 52
  Zero half: 7
  RLT: 1

Explored 104402 nodes (15710260 simplex iterations) in 600.01 seconds (877.72 work units)
Thread count was 4 (of 56 available processors)

Solution count 10: -92578 -92554 -92553 ... -92329

Time limit reached
Best objective -9.257800000000e+04, best bound -9.326100000000e+04, gap 0.7378%
