
Gurobi 9.5.0 (linux64) logging started Tue May  3 13:14:32 2022

Set parameter LogFile to value "/local_workspace/chenrui/LogFiles/MKAP/new1W_R2_M20_N50_seed8_DWcutsCT6_600.log"
Gurobi Optimizer version 9.5.0 build v9.5.0rc5 (linux64)
Thread count: 56 physical cores, 56 logical processors, using up to 4 threads
Optimize a model with 1561 rows, 1040 columns and 36972 nonzeros
Model fingerprint: 0xa896b2a0
Variable types: 0 continuous, 1040 integer (1040 binary)
Coefficient statistics:
  Matrix range     [1e-13, 2e+03]
  Objective range  [6e+01, 9e+02]
  Bounds range     [1e+00, 1e+00]
  RHS range        [2e-16, 1e+00]
Warning: Model contains large matrix coefficient range
         Consider reformulating model or setting NumericFocus parameter
         to avoid numerical issues.
Found heuristic solution: objective 0.0000000
Presolve removed 575 rows and 466 columns
Presolve time: 0.11s
Presolved: 986 rows, 574 columns, 20701 nonzeros
Found heuristic solution: objective -13228.00000
Variable types: 0 continuous, 574 integer (574 binary)

Root relaxation: objective -1.425308e+04, 701 iterations, 0.02 seconds (0.03 work units)

    Nodes    |    Current Node    |     Objective Bounds      |     Work
 Expl Unexpl |  Obj  Depth IntInf | Incumbent    BestBd   Gap | It/Node Time

     0     0 -14253.084    0   69 -13228.000 -14253.084  7.75%     -    0s
H    0     0                    -13676.00000 -14253.084  4.22%     -    0s
H    0     0                    -13782.00000 -14253.084  3.42%     -    0s
H    0     0                    -13969.00000 -14250.594  2.02%     -    0s
     0     0 -14250.594    0   92 -13969.000 -14250.594  2.02%     -    0s
H    0     0                    -14038.00000 -14250.594  1.51%     -    0s
     0     0 -14248.673    0   95 -14038.000 -14248.673  1.50%     -    0s
     0     0 -14248.443    0   96 -14038.000 -14248.443  1.50%     -    0s
     0     0 -14245.367    0  115 -14038.000 -14245.367  1.48%     -    0s
     0     0 -14245.298    0  105 -14038.000 -14245.298  1.48%     -    0s
H    0     0                    -14057.00000 -14245.298  1.34%     -    0s
     0     0 -14243.079    0   89 -14057.000 -14243.079  1.32%     -    0s
     0     0 -14242.020    0  101 -14057.000 -14242.020  1.32%     -    0s
     0     0 -14241.890    0   97 -14057.000 -14241.890  1.32%     -    0s
     0     0 -14241.890    0   98 -14057.000 -14241.890  1.32%     -    0s
     0     0 -14241.890    0   97 -14057.000 -14241.890  1.32%     -    0s
H    0     0                    -14231.00000 -14241.890  0.08%     -    0s
     0     0 -14240.632    0   63 -14231.000 -14240.632  0.07%     -    0s
     0     0 -14240.632    0   86 -14231.000 -14240.632  0.07%     -    0s
     0     0 -14240.632    0   90 -14231.000 -14240.632  0.07%     -    0s
     0     0 -14240.632    0   90 -14231.000 -14240.632  0.07%     -    0s
     0     0 -14240.632    0   91 -14231.000 -14240.632  0.07%     -    0s
     0     0 -14240.632    0   85 -14231.000 -14240.632  0.07%     -    0s
     0     0 -14240.449    0   85 -14231.000 -14240.449  0.07%     -    0s
     0     0 -14240.250    0   94 -14231.000 -14240.250  0.07%     -    0s
     0     0 -14240.124    0   84 -14231.000 -14240.124  0.06%     -    0s
     0     0 -14239.814    0   89 -14231.000 -14239.814  0.06%     -    0s
     0     0 -14239.400    0   84 -14231.000 -14239.400  0.06%     -    0s
     0     0 -14238.189    0   60 -14231.000 -14238.189  0.05%     -    0s
     0     0 -14237.610    0   83 -14231.000 -14237.610  0.05%     -    0s
     0     0 -14236.359    0   84 -14231.000 -14236.359  0.04%     -    0s
     0     0 -14236.307    0   86 -14231.000 -14236.307  0.04%     -    0s
     0     0 -14235.467    0   83 -14231.000 -14235.467  0.03%     -    0s
     0     0 -14235.467    0   67 -14231.000 -14235.467  0.03%     -    0s
     0     0 -14235.467    0   68 -14231.000 -14235.467  0.03%     -    0s
     0     0 -14235.467    0   78 -14231.000 -14235.467  0.03%     -    0s
     0     0 -14235.467    0   72 -14231.000 -14235.467  0.03%     -    0s
     0     0 -14235.467    0   65 -14231.000 -14235.467  0.03%     -    0s
     0     0 -14235.467    0   64 -14231.000 -14235.467  0.03%     -    0s
     0     0 -14234.991    0   84 -14231.000 -14234.991  0.03%     -    0s
     0     0 -14234.920    0   87 -14231.000 -14234.920  0.03%     -    0s
     0     0 -14234.855    0   84 -14231.000 -14234.855  0.03%     -    0s
     0     0 -14232.982    0   77 -14231.000 -14232.982  0.01%     -    0s

Cutting planes:
  Cover: 6
  Clique: 3
  MIR: 15
  StrongCG: 8
  GUB cover: 1
  Zero half: 1

Explored 1 nodes (3328 simplex iterations) in 0.96 seconds (1.07 work units)
Thread count was 4 (of 56 available processors)

Solution count 10: -14231 -14231 -14057 ... 0

Optimal solution found (tolerance 1.00e-04)
Best objective -1.423100000006e+04, best bound -1.423200000000e+04, gap 0.0070%
