
Gurobi 9.5.0 (linux64) logging started Thu Apr 14 15:55:53 2022

Set parameter LogFile to value "/local_workspace/chenrui/LogFiles/MKAP/new1W_R10_M10_N100_seed1_DWcutsT4_600.log"
Gurobi Optimizer version 9.5.0 build v9.5.0rc5 (linux64)
Thread count: 56 physical cores, 56 logical processors, using up to 4 threads
Optimize a model with 1793 rows, 1100 columns and 18280 nonzeros
Model fingerprint: 0x0efca817
Variable types: 0 continuous, 1100 integer (1100 binary)
Coefficient statistics:
  Matrix range     [1e-13, 5e+03]
  Objective range  [8e+01, 9e+02]
  Bounds range     [1e+00, 1e+00]
  RHS range        [5e-13, 3e+02]
Warning: Model contains large matrix coefficient range
         Consider reformulating model or setting NumericFocus parameter
         to avoid numerical issues.
Found heuristic solution: objective 0.0000000
Presolve removed 235 rows and 43 columns
Presolve time: 0.13s
Presolved: 1558 rows, 1057 columns, 14203 nonzeros
Found heuristic solution: objective -5249.000000
Variable types: 0 continuous, 1057 integer (1057 binary)

Root relaxation: objective -2.881850e+04, 4254 iterations, 0.22 seconds (0.26 work units)

    Nodes    |    Current Node    |     Objective Bounds      |     Work
 Expl Unexpl |  Obj  Depth IntInf | Incumbent    BestBd   Gap | It/Node Time

     0     0 -28818.500    0   91 -5249.0000 -28818.500   449%     -    0s
H    0     0                    -28694.00000 -28818.500  0.43%     -    0s
H    0     0                    -28773.00000 -28818.500  0.16%     -    0s
     0     0 -28818.465    0   87 -28773.000 -28818.465  0.16%     -    0s
     0     0 -28818.465    0   81 -28773.000 -28818.465  0.16%     -    0s
     0     0 -28817.698    0   95 -28773.000 -28817.698  0.16%     -    0s
     0     0 -28817.652    0   58 -28773.000 -28817.652  0.16%     -    0s
     0     0 -28817.652    0   58 -28773.000 -28817.652  0.16%     -    0s
     0     0 -28814.801    0   47 -28773.000 -28814.801  0.15%     -    0s
     0     0 -28812.001    0   55 -28773.000 -28812.001  0.14%     -    0s
     0     0 -28811.990    0   54 -28773.000 -28811.990  0.14%     -    0s
     0     0 -28811.990    0   56 -28773.000 -28811.990  0.14%     -    0s
     0     0 -28808.087    0   46 -28773.000 -28808.087  0.12%     -    0s
     0     0 -28808.087    0   42 -28773.000 -28808.087  0.12%     -    1s
     0     0 -28808.087    0   50 -28773.000 -28808.087  0.12%     -    1s
     0     0 -28808.087    0   41 -28773.000 -28808.087  0.12%     -    1s
     0     0 -28808.087    0   54 -28773.000 -28808.087  0.12%     -    1s
     0     0 -28806.655    0   55 -28773.000 -28806.655  0.12%     -    1s
     0     0 -28806.655    0   54 -28773.000 -28806.655  0.12%     -    1s
     0     0 -28794.268    0   46 -28773.000 -28794.268  0.07%     -    1s
     0     0 -28790.435    0   47 -28773.000 -28790.435  0.06%     -    1s
     0     0 -28789.912    0   47 -28773.000 -28789.912  0.06%     -    1s

Cutting planes:
  Gomory: 1
  Cover: 4
  Clique: 6
  MIR: 2
  StrongCG: 1
  GUB cover: 1
  RLT: 1

Explored 1 nodes (9816 simplex iterations) in 1.11 seconds (1.05 work units)
Thread count was 4 (of 56 available processors)

Solution count 4: -28773 -28694 -5249 0 
No other solutions better than -28773

Optimal solution found (tolerance 1.00e-04)
Best objective -2.877300000000e+04, best bound -2.877300000000e+04, gap 0.0000%

Gurobi 9.5.0 (linux64) logging started Thu Apr 14 16:33:39 2022

Set parameter LogFile to value "/local_workspace/chenrui/LogFiles/MKAP/new1W_R10_M10_N100_seed1_DWcutsT4_600.log"
Gurobi Optimizer version 9.5.0 build v9.5.0rc5 (linux64)
Thread count: 56 physical cores, 56 logical processors, using up to 4 threads
Optimize a model with 1793 rows, 1100 columns and 18280 nonzeros
Model fingerprint: 0x0efca817
Variable types: 0 continuous, 1100 integer (1100 binary)
Coefficient statistics:
  Matrix range     [1e-13, 5e+03]
  Objective range  [8e+01, 9e+02]
  Bounds range     [1e+00, 1e+00]
  RHS range        [5e-13, 3e+02]
Warning: Model contains large matrix coefficient range
         Consider reformulating model or setting NumericFocus parameter
         to avoid numerical issues.
Found heuristic solution: objective 0.0000000
Presolve removed 235 rows and 43 columns
Presolve time: 0.13s
Presolved: 1558 rows, 1057 columns, 14203 nonzeros
Found heuristic solution: objective -5249.000000
Variable types: 0 continuous, 1057 integer (1057 binary)

Root relaxation: objective -2.881850e+04, 4254 iterations, 0.22 seconds (0.26 work units)

    Nodes    |    Current Node    |     Objective Bounds      |     Work
 Expl Unexpl |  Obj  Depth IntInf | Incumbent    BestBd   Gap | It/Node Time

     0     0 -28818.500    0   91 -5249.0000 -28818.500   449%     -    0s
H    0     0                    -28694.00000 -28818.500  0.43%     -    0s
H    0     0                    -28773.00000 -28818.500  0.16%     -    0s
     0     0 -28818.465    0   87 -28773.000 -28818.465  0.16%     -    0s
     0     0 -28818.465    0   81 -28773.000 -28818.465  0.16%     -    0s
     0     0 -28817.698    0   95 -28773.000 -28817.698  0.16%     -    0s
     0     0 -28817.652    0   58 -28773.000 -28817.652  0.16%     -    0s
     0     0 -28817.652    0   58 -28773.000 -28817.652  0.16%     -    0s
     0     0 -28814.801    0   47 -28773.000 -28814.801  0.15%     -    0s
     0     0 -28812.001    0   55 -28773.000 -28812.001  0.14%     -    0s
     0     0 -28811.990    0   54 -28773.000 -28811.990  0.14%     -    0s
     0     0 -28811.990    0   56 -28773.000 -28811.990  0.14%     -    0s
     0     0 -28808.087    0   46 -28773.000 -28808.087  0.12%     -    1s
     0     0 -28808.087    0   42 -28773.000 -28808.087  0.12%     -    1s
     0     0 -28808.087    0   50 -28773.000 -28808.087  0.12%     -    1s
     0     0 -28808.087    0   41 -28773.000 -28808.087  0.12%     -    1s
     0     0 -28808.087    0   54 -28773.000 -28808.087  0.12%     -    1s
     0     0 -28806.655    0   55 -28773.000 -28806.655  0.12%     -    1s
     0     0 -28806.655    0   54 -28773.000 -28806.655  0.12%     -    1s
     0     0 -28794.268    0   46 -28773.000 -28794.268  0.07%     -    1s
     0     0 -28790.435    0   47 -28773.000 -28790.435  0.06%     -    1s
     0     0 -28789.912    0   47 -28773.000 -28789.912  0.06%     -    1s

Cutting planes:
  Gomory: 1
  Cover: 4
  Clique: 6
  MIR: 2
  StrongCG: 1
  GUB cover: 1
  RLT: 1

Explored 1 nodes (9816 simplex iterations) in 1.16 seconds (1.05 work units)
Thread count was 4 (of 56 available processors)

Solution count 4: -28773 -28694 -5249 0 
No other solutions better than -28773

Optimal solution found (tolerance 1.00e-04)
Best objective -2.877300000000e+04, best bound -2.877300000000e+04, gap 0.0000%
