
Gurobi 9.5.0 (linux64) logging started Wed May  4 00:01:19 2022

Set parameter LogFile to value "/local_workspace/chenrui/LogFiles/MKAP/new1W_R25_M20_N100_seed5_DWcuts_600.log"
Gurobi Optimizer version 9.5.0 build v9.5.0rc5 (linux64)
Thread count: 56 physical cores, 56 logical processors, using up to 4 threads
Optimize a model with 1120 rows, 2500 columns and 7500 nonzeros
Model fingerprint: 0x56d6c04e
Variable types: 0 continuous, 2500 integer (2500 binary)
Coefficient statistics:
  Matrix range     [6e-06, 2e+03]
  Objective range  [1e+02, 9e+02]
  Bounds range     [1e+00, 1e+00]
  RHS range        [3e-08, 1e+00]
Found heuristic solution: objective 0.0000000
Presolve removed 251 rows and 540 columns
Presolve time: 0.02s
Presolved: 869 rows, 1960 columns, 5714 nonzeros
Found heuristic solution: objective -12240.00000
Variable types: 0 continuous, 1960 integer (1960 binary)

Root relaxation: objective -2.979700e+04, 2797 iterations, 0.04 seconds (0.03 work units)

    Nodes    |    Current Node    |     Objective Bounds      |     Work
 Expl Unexpl |  Obj  Depth IntInf | Incumbent    BestBd   Gap | It/Node Time

     0     0 -29797.005    0   13 -12240.000 -29797.005   143%     -    0s
H    0     0                    -29541.00000 -29797.005  0.87%     -    0s
     0     0 -29797.005    0   25 -29541.000 -29797.005  0.87%     -    0s
     0     0 -29797.005    0   37 -29541.000 -29797.005  0.87%     -    0s
H    0     0                    -29775.00000 -29797.005  0.07%     -    0s
     0     0 -29797.004    0   22 -29775.000 -29797.004  0.07%     -    0s
     0     0 -29797.004    0   22 -29775.000 -29797.004  0.07%     -    0s
     0     0 -29797.004    0   42 -29775.000 -29797.004  0.07%     -    0s
     0     0 -29797.000    0   48 -29775.000 -29797.000  0.07%     -    0s
H    0     0                    -29797.00000 -29797.000  0.00%     -    0s
     0     0 -29797.000    0   48 -29797.000 -29797.000  0.00%     -    0s

Explored 1 nodes (3912 simplex iterations) in 0.17 seconds (0.11 work units)
Thread count was 4 (of 56 available processors)

Solution count 5: -29797 -29775 -29541 ... 0
No other solutions better than -29797

Optimal solution found (tolerance 1.00e-04)
Best objective -2.979700000000e+04, best bound -2.979700000000e+04, gap 0.0000%
