
Gurobi 9.5.0 (linux64) logging started Tue May  3 13:24:53 2022

Set parameter LogFile to value "/local_workspace/chenrui/LogFiles/MKAP/new2S_R5_M20_N50_seed10_DWcutsCT3_600.log"
Gurobi Optimizer version 9.5.0 build v9.5.0rc5 (linux64)
Thread count: 56 physical cores, 56 logical processors, using up to 4 threads
Optimize a model with 522 rows, 1100 columns and 5594 nonzeros
Model fingerprint: 0xe57c4a59
Variable types: 0 continuous, 1100 integer (1100 binary)
Coefficient statistics:
  Matrix range     [1e-13, 2e+03]
  Objective range  [6e+01, 1e+03]
  Bounds range     [1e+00, 1e+00]
  RHS range        [3e-14, 1e+00]
Warning: Model contains large matrix coefficient range
         Consider reformulating model or setting NumericFocus parameter
         to avoid numerical issues.
Found heuristic solution: objective 0.0000000
Presolve removed 133 rows and 452 columns
Presolve time: 0.02s
Presolved: 389 rows, 648 columns, 3345 nonzeros
Found heuristic solution: objective -9684.000000
Variable types: 0 continuous, 648 integer (648 binary)
Found heuristic solution: objective -9746.000000

Root relaxation: objective -1.749317e+04, 849 iterations, 0.01 seconds (0.01 work units)

    Nodes    |    Current Node    |     Objective Bounds      |     Work
 Expl Unexpl |  Obj  Depth IntInf | Incumbent    BestBd   Gap | It/Node Time

     0     0 -17493.167    0   73 -9746.0000 -17493.167  79.5%     -    0s
H    0     0                    -16471.00000 -17493.167  6.21%     -    0s
H    0     0                    -17064.00000 -17493.167  2.52%     -    0s
H    0     0                    -17219.00000 -17493.167  1.59%     -    0s
     0     0 -17485.167    0   77 -17219.000 -17485.167  1.55%     -    0s
     0     0 -17481.207    0   75 -17219.000 -17481.207  1.52%     -    0s
     0     0 -17480.019    0   90 -17219.000 -17480.019  1.52%     -    0s
H    0     0                    -17240.00000 -17480.019  1.39%     -    0s
     0     0 -17480.019    0   90 -17240.000 -17480.019  1.39%     -    0s
H    0     0                    -17435.00000 -17480.019  0.26%     -    0s
     0     0 -17475.042    0   59 -17435.000 -17475.042  0.23%     -    0s
     0     0 -17475.042    0   53 -17435.000 -17475.042  0.23%     -    0s
     0     0 -17475.042    0   55 -17435.000 -17475.042  0.23%     -    0s
     0     0 -17469.522    0   82 -17435.000 -17469.522  0.20%     -    0s
     0     0 -17465.466    0   61 -17435.000 -17465.466  0.17%     -    0s
     0     0 -17465.466    0   61 -17435.000 -17465.466  0.17%     -    0s
     0     0 -17465.466    0   61 -17435.000 -17465.466  0.17%     -    0s
     0     0 -17465.466    0   55 -17435.000 -17465.466  0.17%     -    0s
     0     0 -17464.218    0   55 -17435.000 -17464.218  0.17%     -    0s
H    0     0                    -17455.00000 -17464.218  0.05%     -    0s

Cutting planes:
  Gomory: 12
  Cover: 2
  Zero half: 2
  RLT: 4

Explored 1 nodes (1696 simplex iterations) in 0.22 seconds (0.16 work units)
Thread count was 4 (of 56 available processors)

Solution count 10: -17455 -17435 -17435 ... -9684
No other solutions better than -17455

Optimal solution found (tolerance 1.00e-04)
Best objective -1.745500000000e+04, best bound -1.745500000000e+04, gap 0.0000%
