
Gurobi 9.5.0 (linux64) logging started Tue May  3 16:13:32 2022

Set parameter LogFile to value "/local_workspace/chenrui/LogFiles/MKAP/new2S_R25_M30_N200_seed7_DWcutsCT4_600.log"
Gurobi Optimizer version 9.5.0 build v9.5.0rc5 (linux64)
Thread count: 56 physical cores, 56 logical processors, using up to 4 threads
Optimize a model with 8716 rows, 6750 columns and 75315 nonzeros
Model fingerprint: 0xa176e472
Variable types: 0 continuous, 6750 integer (6750 binary)
Coefficient statistics:
  Matrix range     [1e-13, 1e+04]
  Objective range  [5e+00, 1e+03]
  Bounds range     [1e+00, 1e+00]
  RHS range        [1e-16, 1e+00]
Warning: Model contains large matrix coefficient range
         Consider reformulating model or setting NumericFocus parameter
         to avoid numerical issues.
Found heuristic solution: objective 0.0000000
Presolve removed 1949 rows and 1350 columns
Presolve time: 0.23s
Presolved: 6767 rows, 5400 columns, 50354 nonzeros
Found heuristic solution: objective -7445.000000
Variable types: 0 continuous, 5400 integer (5400 binary)
Found heuristic solution: objective -7564.000000

Root relaxation: objective -6.364153e+04, 12504 iterations, 1.16 seconds (1.14 work units)

    Nodes    |    Current Node    |     Objective Bounds      |     Work
 Expl Unexpl |  Obj  Depth IntInf | Incumbent    BestBd   Gap | It/Node Time

     0     0 -63641.525    0  331 -7564.0000 -63641.525   741%     -    1s
H    0     0                    -58962.00000 -63641.525  7.94%     -    1s
H    0     0                    -61944.00000 -63641.525  2.74%     -    1s
H    0     0                    -62378.00000 -63641.525  2.03%     -    1s
H    0     0                    -62386.00000 -63641.525  2.01%     -    1s
H    0     0                    -62448.00000 -63641.525  1.91%     -    1s
H    0     0                    -63530.00000 -63637.402  0.17%     -    1s
     0     0 -63637.402    0  299 -63530.000 -63637.402  0.17%     -    1s
     0     0 -63635.911    0  307 -63530.000 -63635.911  0.17%     -    1s
     0     0 -63635.200    0  316 -63530.000 -63635.200  0.17%     -    2s
     0     0 -63635.178    0  316 -63530.000 -63635.178  0.17%     -    2s
     0     0 -63634.460    0  263 -63530.000 -63634.460  0.16%     -    2s
     0     0 -63634.195    0  263 -63530.000 -63634.195  0.16%     -    2s
     0     0 -63634.195    0  265 -63530.000 -63634.195  0.16%     -    2s
     0     0 -63634.192    0  266 -63530.000 -63634.192  0.16%     -    2s
     0     0 -63630.990    0  257 -63530.000 -63630.990  0.16%     -    4s
     0     0 -63630.990    0  305 -63530.000 -63630.990  0.16%     -    5s
     0     0 -63630.990    0  304 -63530.000 -63630.990  0.16%     -    5s
     0     0 -63630.990    0  247 -63530.000 -63630.990  0.16%     -    5s
     0     0 -63630.990    0  253 -63530.000 -63630.990  0.16%     -    6s
     0     0 -63630.990    0  234 -63530.000 -63630.990  0.16%     -    7s
     0     2 -63628.367    0  234 -63530.000 -63628.367  0.15%     -    7s
    17    14 -63610.998    6  272 -63530.000 -63613.501  0.13%   131   10s
*   32    23               8    -63596.00000 -63613.501  0.03%   108   10s

Cutting planes:
  Gomory: 5
  Cover: 19
  Clique: 20
  MIR: 4
  RLT: 2

Explored 68 nodes (29747 simplex iterations) in 10.64 seconds (9.90 work units)
Thread count was 4 (of 56 available processors)

Solution count 10: -63596 -63530 -62448 ... 0

Optimal solution found (tolerance 1.00e-04)
Best objective -6.359599999973e+04, best bound -6.360000000000e+04, gap 0.0063%
