
Gurobi 9.5.0 (linux64) logging started Tue May  3 14:02:41 2022

Set parameter LogFile to value "/local_workspace/chenrui/LogFiles/MKAP/new2S_R25_M30_N100_seed2_DWcutsCT_600.log"
Gurobi Optimizer version 9.5.0 build v9.5.0rc5 (linux64)
Thread count: 56 physical cores, 56 logical processors, using up to 4 threads
Optimize a model with 1630 rows, 3750 columns and 11141 nonzeros
Model fingerprint: 0x43fd3fc9
Variable types: 0 continuous, 3750 integer (3750 binary)
Coefficient statistics:
  Matrix range     [3e-09, 2e+03]
  Objective range  [1e+02, 1e+03]
  Bounds range     [1e+00, 1e+00]
  RHS range        [1e-12, 1e+00]
Found heuristic solution: objective 0.0000000
Presolve removed 622 rows and 1299 columns
Presolve time: 0.04s
Presolved: 1008 rows, 2451 columns, 6987 nonzeros
Found heuristic solution: objective -17654.00000
Variable types: 0 continuous, 2451 integer (2451 binary)

Root relaxation: objective -3.315900e+04, 2836 iterations, 0.04 seconds (0.03 work units)

    Nodes    |    Current Node    |     Objective Bounds      |     Work
 Expl Unexpl |  Obj  Depth IntInf | Incumbent    BestBd   Gap | It/Node Time

     0     0 -33159.003    0   56 -17654.000 -33159.003  87.8%     -    0s
H    0     0                    -31385.00000 -33159.003  5.65%     -    0s
H    0     0                    -31730.00000 -33159.003  4.50%     -    0s
H    0     0                    -32210.00000 -33159.003  2.95%     -    0s
     0     0 -33159.003    0   44 -32210.000 -33159.003  2.95%     -    0s
H    0     0                    -32674.00000 -33159.003  1.48%     -    0s
H    0     0                    -32920.00000 -33159.003  0.73%     -    0s
     0     0 -33159.003    0   44 -32920.000 -33159.003  0.73%     -    0s
     0     0 -33159.003    0   52 -32920.000 -33159.003  0.73%     -    0s
     0     0 -33159.003    0   69 -32920.000 -33159.003  0.73%     -    0s
H    0     0                    -32992.00000 -33159.003  0.51%     -    0s
H    0     0                    -33003.00000 -33159.003  0.47%     -    0s
     0     0 -33159.003    0   70 -33003.000 -33159.003  0.47%     -    0s
H    0     0                    -33049.00000 -33159.003  0.33%     -    0s
     0     0 -33159.003    0   76 -33049.000 -33159.003  0.33%     -    0s
     0     0 -33159.003    0   45 -33049.000 -33159.003  0.33%     -    0s
     0     0 -33159.003    0   23 -33049.000 -33159.003  0.33%     -    0s
H    0     0                    -33060.00000 -33159.003  0.30%     -    0s
     0     0 -33159.003    0   50 -33060.000 -33159.003  0.30%     -    0s
     0     0 -33159.003    0   75 -33060.000 -33159.003  0.30%     -    0s
     0     0 -33159.003    0   25 -33060.000 -33159.003  0.30%     -    0s
     0     0 -33159.000    0   22 -33060.000 -33159.000  0.30%     -    0s
     0     0 -33159.000    0   22 -33060.000 -33159.000  0.30%     -    0s
     0     0 -33157.532    0   38 -33060.000 -33157.532  0.30%     -    0s
     0     0 -33157.532    0   40 -33060.000 -33157.532  0.30%     -    0s
     0     0 -33157.532    0   64 -33060.000 -33157.532  0.30%     -    0s
     0     0 -33157.532    0   28 -33060.000 -33157.532  0.30%     -    0s
     0     0 -33145.313    0   55 -33060.000 -33145.313  0.26%     -    0s
     0     0 -33145.195    0   61 -33060.000 -33145.195  0.26%     -    0s
     0     0 -33145.189    0   48 -33060.000 -33145.189  0.26%     -    0s
     0     0 -33143.992    0   46 -33060.000 -33143.992  0.25%     -    0s
     0     0 -33143.992    0   39 -33060.000 -33143.992  0.25%     -    0s
     0     0 -33143.992    0   41 -33060.000 -33143.992  0.25%     -    0s
     0     0 -33143.992    0   43 -33060.000 -33143.992  0.25%     -    0s
     0     0 -33143.992    0   42 -33060.000 -33143.992  0.25%     -    0s
     0     0 -33143.992    0   43 -33060.000 -33143.992  0.25%     -    0s
     0     0 -33140.182    0   35 -33060.000 -33140.182  0.24%     -    0s
     0     0 -33134.810    0   38 -33060.000 -33134.810  0.23%     -    0s
     0     0 -33116.127    0   31 -33060.000 -33116.127  0.17%     -    0s
     0     0 -33112.740    0   38 -33060.000 -33112.740  0.16%     -    0s
     0     0 -33112.708    0   38 -33060.000 -33112.708  0.16%     -    0s
     0     0 -33112.708    0    9 -33060.000 -33112.708  0.16%     -    0s
H    0     0                    -33085.00000 -33112.708  0.08%     -    0s
     0     0 -33112.708    0    9 -33085.000 -33112.708  0.08%     -    0s
     0     0 -33112.708    0   12 -33085.000 -33112.708  0.08%     -    0s
     0     0 -33112.333    0   25 -33085.000 -33112.333  0.08%     -    0s
H    0     0                    -33094.00000 -33112.333  0.06%     -    0s
H    0     0                    -33100.00000 -33112.333  0.04%     -    0s
H    0     0                    -33111.00000 -33112.333  0.00%     -    0s

Cutting planes:
  Gomory: 5
  Cover: 2
  Clique: 1
  MIR: 1
  StrongCG: 1

Explored 1 nodes (9893 simplex iterations) in 0.54 seconds (0.31 work units)
Thread count was 4 (of 56 available processors)

Solution count 10: -33111 -33100 -33094 ... -32920
No other solutions better than -33111

Optimal solution found (tolerance 1.00e-04)
Best objective -3.311100000000e+04, best bound -3.311100000000e+04, gap 0.0000%
