
Gurobi 9.5.0 (linux64) logging started Fri Apr 15 10:52:34 2022

Set parameter LogFile to value "/local_workspace/chenrui/LogFiles/MKAP/new2S_R5_M60_N100_seed1_objLB_600.log"
Gurobi Optimizer version 9.5.0 build v9.5.0rc5 (linux64)
Thread count: 56 physical cores, 56 logical processors, using up to 4 threads
Optimize a model with 461 rows, 6300 columns and 18600 nonzeros
Model fingerprint: 0x8dd73371
Variable types: 0 continuous, 6300 integer (6300 binary)
Coefficient statistics:
  Matrix range     [1e+00, 1e+03]
  Objective range  [4e+01, 1e+03]
  Bounds range     [1e+00, 1e+00]
  RHS range        [1e+00, 4e+04]
Found heuristic solution: objective 0.0000000
Presolve removed 154 rows and 3844 columns
Presolve time: 0.03s
Presolved: 307 rows, 2456 columns, 7202 nonzeros
Variable types: 0 continuous, 2456 integer (2456 binary)
Found heuristic solution: objective -30898.00000

Root relaxation: objective -3.537800e+04, 878 iterations, 0.01 seconds (0.01 work units)

    Nodes    |    Current Node    |     Objective Bounds      |     Work
 Expl Unexpl |  Obj  Depth IntInf | Incumbent    BestBd   Gap | It/Node Time

     0     0 -35378.000    0   30 -30898.000 -35378.000  14.5%     -    0s
H    0     0                    -34410.00000 -35378.000  2.81%     -    0s
H    0     0                    -34641.00000 -35378.000  2.13%     -    0s
     0     0 -35378.000    0   45 -34641.000 -35378.000  2.13%     -    0s
H    0     0                    -34779.00000 -35378.000  1.72%     -    0s
H    0     0                    -34940.00000 -35378.000  1.25%     -    0s
H    0     0                    -35224.00000 -35378.000  0.44%     -    0s
     0     0 -35378.000    0   45 -35224.000 -35378.000  0.44%     -    0s
     0     0 -35378.000    0   21 -35224.000 -35378.000  0.44%     -    0s
H    0     0                    -35239.00000 -35378.000  0.39%     -    0s
     0     0 -35378.000    0   16 -35239.000 -35378.000  0.39%     -    0s
     0     0 -35378.000    0   59 -35239.000 -35378.000  0.39%     -    0s
H    0     0                    -35271.00000 -35378.000  0.30%     -    0s
H    0     0                    -35284.00000 -35378.000  0.27%     -    0s
     0     0 -35378.000    0   18 -35284.000 -35378.000  0.27%     -    0s
     0     0 -35378.000    0   18 -35284.000 -35378.000  0.27%     -    0s
     0     2 -35378.000    0   18 -35284.000 -35378.000  0.27%     -    0s
H   61   101                    -35295.00000 -35378.000  0.24%  89.4    0s
H   61   101                    -35310.00000 -35378.000  0.19%  89.4    0s
H  362   251                    -35313.00000 -35378.000  0.18%  58.5    0s
H  444   315                    -35319.00000 -35378.000  0.17%  54.7    0s
  3763  1498 -35378.000   20   49 -35319.000 -35378.000  0.17%  48.0    5s
  9415  3109 -35378.000   39   28 -35319.000 -35378.000  0.17%  50.9   10s
 14313  4634     cutoff   24      -35319.000 -35378.000  0.17%  53.5   15s
 19881  6436 -35375.609   39   42 -35319.000 -35378.000  0.17%  55.8   20s
 24725  7901 -35329.409   45   50 -35319.000 -35378.000  0.17%  56.4   25s
 34452  9993 -35327.367   46    5 -35319.000 -35370.768  0.15%  49.7   30s
 56623 12235     cutoff   50      -35319.000 -35351.970  0.09%  36.4   35s
 79837 12416     cutoff   57      -35319.000 -35337.845  0.05%  29.8   40s
 105985 11547     cutoff   43      -35319.000 -35330.289  0.03%  25.0   45s
 135918  7571     cutoff   50      -35319.000 -35325.784  0.02%  21.3   50s

Cutting planes:
  Gomory: 26
  Lift-and-project: 17
  Cover: 96
  Clique: 12
  MIR: 88
  StrongCG: 77
  Flow cover: 69
  Zero half: 46

Explored 167855 nodes (3090210 simplex iterations) in 54.86 seconds (93.40 work units)
Thread count was 4 (of 56 available processors)

Solution count 10: -35319 -35313 -35310 ... -34779

Optimal solution found (tolerance 1.00e-04)
Best objective -3.531900000000e+04, best bound -3.532200000000e+04, gap 0.0085%
