
Gurobi 9.5.0 (linux64) logging started Mon Jun 20 08:52:16 2022

Set parameter LogFile to value "/local_workspace/chenrui/LogFiles/MKAP/new2S_R2_M20_N50_seed4_DWcutsCTp5_600.log"
Gurobi Optimizer version 9.5.0 build v9.5.0rc5 (linux64)
Thread count: 56 physical cores, 56 logical processors, using up to 4 threads
Optimize a model with 760 rows, 1040 columns and 16194 nonzeros
Model fingerprint: 0x3684abd8
Variable types: 0 continuous, 1040 integer (1040 binary)
Coefficient statistics:
  Matrix range     [1e-13, 9e+03]
  Objective range  [9e+01, 1e+03]
  Bounds range     [1e+00, 1e+00]
  RHS range        [1e-05, 1e+00]
Warning: Model contains large matrix coefficient range
         Consider reformulating model or setting NumericFocus parameter
         to avoid numerical issues.
Found heuristic solution: objective 0.0000000
Presolve removed 297 rows and 394 columns
Presolve time: 0.04s
Presolved: 463 rows, 646 columns, 8346 nonzeros
Found heuristic solution: objective -16352.00000
Variable types: 0 continuous, 646 integer (646 binary)

Root relaxation: objective -1.739901e+04, 738 iterations, 0.01 seconds (0.02 work units)

    Nodes    |    Current Node    |     Objective Bounds      |     Work
 Expl Unexpl |  Obj  Depth IntInf | Incumbent    BestBd   Gap | It/Node Time

     0     0 -17399.012    0   76 -16352.000 -17399.012  6.40%     -    0s
H    0     0                    -17295.00000 -17399.012  0.60%     -    0s
H    0     0                    -17361.00000 -17399.012  0.22%     -    0s
     0     0 -17398.942    0   77 -17361.000 -17398.942  0.22%     -    0s
     0     0 -17398.942    0   72 -17361.000 -17398.942  0.22%     -    0s
     0     0 -17398.896    0   74 -17361.000 -17398.896  0.22%     -    0s
     0     0 -17389.450    0   74 -17361.000 -17389.450  0.16%     -    0s
     0     2 -17389.450    0   74 -17361.000 -17389.450  0.16%     -    0s
*   54    11              14    -17368.00013 -17383.468  0.09%  34.9    0s

Cutting planes:
  Cover: 1

Explored 90 nodes (3958 simplex iterations) in 0.34 seconds (0.38 work units)
Thread count was 4 (of 56 available processors)

Solution count 5: -17368 -17361 -17295 ... 0
No other solutions better than -17368

Optimal solution found (tolerance 1.00e-04)
Best objective -1.736800017947e+04, best bound -1.736800017947e+04, gap 0.0000%
