
Gurobi 9.5.0 (linux64) logging started Tue May  3 13:18:10 2022

Set parameter LogFile to value "/local_workspace/chenrui/LogFiles/MKAP/new2S_R5_M10_N50_seed4_DWcutsCT6_600.log"
Gurobi Optimizer version 9.5.0 build v9.5.0rc5 (linux64)
Thread count: 56 physical cores, 56 logical processors, using up to 4 threads
Optimize a model with 1172 rows, 550 columns and 11821 nonzeros
Model fingerprint: 0x45f3b91a
Variable types: 0 continuous, 550 integer (550 binary)
Coefficient statistics:
  Matrix range     [1e-13, 9e+03]
  Objective range  [1e+02, 1e+03]
  Bounds range     [1e+00, 1e+00]
  RHS range        [1e-16, 1e+00]
Warning: Model contains large matrix coefficient range
         Consider reformulating model or setting NumericFocus parameter
         to avoid numerical issues.
Found heuristic solution: objective 0.0000000
Presolve removed 730 rows and 134 columns
Presolve time: 0.02s
Presolved: 442 rows, 416 columns, 4034 nonzeros
Found heuristic solution: objective -6309.000000
Variable types: 0 continuous, 416 integer (416 binary)

Root relaxation: objective -1.754142e+04, 890 iterations, 0.02 seconds (0.02 work units)

    Nodes    |    Current Node    |     Objective Bounds      |     Work
 Expl Unexpl |  Obj  Depth IntInf | Incumbent    BestBd   Gap | It/Node Time

     0     0 -17541.423    0  121 -6309.0000 -17541.423   178%     -    0s
H    0     0                    -16375.00000 -17541.423  7.12%     -    0s
H    0     0                    -16457.00000 -17541.423  6.59%     -    0s
H    0     0                    -16619.00000 -17541.423  5.55%     -    0s
H    0     0                    -16784.00000 -17541.423  4.51%     -    0s
H    0     0                    -16928.00000 -17541.423  3.62%     -    0s
     0     0 -17529.537    0  132 -16928.000 -17529.537  3.55%     -    0s
H    0     0                    -17088.00000 -17529.537  2.58%     -    0s
     0     0 -17515.800    0  139 -17088.000 -17515.800  2.50%     -    0s
H    0     0                    -17156.00000 -17515.800  2.10%     -    0s
     0     0 -17515.294    0  144 -17156.000 -17515.294  2.09%     -    0s
     0     0 -17515.294    0  141 -17156.000 -17515.294  2.09%     -    0s
H    0     0                    -17313.00000 -17501.720  1.09%     -    0s
     0     0 -17501.720    0  148 -17313.000 -17501.720  1.09%     -    0s
     0     0 -17501.631    0  156 -17313.000 -17501.631  1.09%     -    0s
H    0     0                    -17317.00000 -17489.520  1.00%     -    0s
     0     0 -17489.520    0  154 -17317.000 -17489.520  1.00%     -    0s
     0     0 -17489.520    0  154 -17317.000 -17489.520  1.00%     -    0s
     0     2 -17489.520    0  154 -17317.000 -17489.520  1.00%     -    0s
*   79    74              16    -17446.00000 -17489.520  0.25%  40.0    0s

Cutting planes:
  Cover: 12
  Clique: 1
  MIR: 2
  Zero half: 18
  Mod-K: 1

Explored 248 nodes (8604 simplex iterations) in 0.41 seconds (0.45 work units)
Thread count was 4 (of 56 available processors)

Solution count 10: -17446 -17317 -17313 ... -16375
No other solutions better than -17446

Optimal solution found (tolerance 1.00e-04)
Best objective -1.744599999973e+04, best bound -1.744600000000e+04, gap 0.0000%
