
Gurobi 9.5.0 (linux64) logging started Sat Apr 30 12:04:48 2022

Set parameter LogFile to value "/local_workspace/chenrui/LogFiles/MKAP/new2S_R25_M30_N300_seed4_DWcutsCT_600.log"
Gurobi Optimizer version 9.5.0 build v9.5.0rc5 (linux64)
Thread count: 56 physical cores, 56 logical processors, using up to 4 threads
Optimize a model with 1830 rows, 9750 columns and 29244 nonzeros
Model fingerprint: 0x9bbc1bca
Variable types: 0 continuous, 9750 integer (9750 binary)
Coefficient statistics:
  Matrix range     [2e-13, 6e+03]
  Objective range  [2e+01, 1e+03]
  Bounds range     [1e+00, 1e+00]
  RHS range        [1e-13, 1e+00]
Warning: Model contains large matrix coefficient range
         Consider reformulating model or setting NumericFocus parameter
         to avoid numerical issues.
Found heuristic solution: objective 0.0000000
Presolve removed 46 rows and 893 columns
Presolve time: 0.07s
Presolved: 1784 rows, 8857 columns, 26435 nonzeros
Found heuristic solution: objective -10311.00000
Variable types: 0 continuous, 8857 integer (8857 binary)

Root relaxation: objective -9.894109e+04, 6828 iterations, 0.18 seconds (0.17 work units)

    Nodes    |    Current Node    |     Objective Bounds      |     Work
 Expl Unexpl |  Obj  Depth IntInf | Incumbent    BestBd   Gap | It/Node Time

     0     0 -98941.090    0  135 -10311.000 -98941.090   860%     -    0s
H    0     0                    -96126.00000 -98941.090  2.93%     -    0s
H    0     0                    -96959.00000 -98941.090  2.04%     -    0s
H    0     0                    -97269.00000 -98941.090  1.72%     -    0s
H    0     0                    -97451.00000 -98941.090  1.53%     -    0s
     0     0 -98941.090    0  322 -97451.000 -98941.090  1.53%     -    1s
H    0     0                    -97646.00000 -98941.090  1.33%     -    1s
     0     0 -98941.090    0  317 -97646.000 -98941.090  1.33%     -    1s
     0     0 -98941.090    0  159 -97646.000 -98941.090  1.33%     -    1s
     0     0 -98941.090    0  193 -97646.000 -98941.090  1.33%     -    2s
     0     0 -98941.090    0  154 -97646.000 -98941.090  1.33%     -    2s
     0     0 -98941.090    0   94 -97646.000 -98941.090  1.33%     -    3s
     0     2 -98941.090    0   94 -97646.000 -98941.090  1.33%     -    3s
     7    12 -98941.090    3  244 -97646.000 -98941.090  1.33%   738    5s
H   30    32                    -97741.00000 -98941.090  1.23%   349    7s
H   33    32                    -97819.00000 -98941.090  1.15%   324    7s
H   64    69                    -97821.00000 -98941.090  1.15%   229    8s
H   87    89                    -97902.00000 -98941.090  1.06%   214    9s
    94   112 -98937.952   20  212 -97902.000 -98941.090  1.06%   209   10s
H  251   240                    -97938.00000 -98941.090  1.02%   215   13s
   300   306 -98935.403   58  233 -97938.000 -98941.090  1.02%   220   15s
H  309   306                    -98087.00000 -98941.090  0.87%   219   15s
H  354   378                    -98128.00000 -98941.090  0.83%   213   16s
H  391   450                    -98194.00000 -98941.090  0.76%   211   18s
H  494   611                    -98202.00000 -98941.090  0.75%   216   19s
   629   714 -98926.417  117  233 -98202.000 -98941.090  0.75%   218   27s
H  686   712                    -98342.00000 -98941.090  0.61%   224   27s
   736   828 -98921.525  146  221 -98342.000 -98941.090  0.61%   232   30s
H  802   828                    -98386.00000 -98941.090  0.56%   233   30s
  1454  1489 -98808.803    7  206 -98386.000 -98941.090  0.56%   224   35s
  1626  1496 -98720.994  135  177 -98386.000 -98941.039  0.56%   232   44s
  1627  1500 -98941.039   10  172 -98386.000 -98941.039  0.56%   254   46s
  1641  1507 -98941.039   13  227 -98386.000 -98941.039  0.56%   255   50s
  1698  1541 -98941.039   18  209 -98386.000 -98941.039  0.56%   256   55s
H 1744  1486                    -98391.00000 -98941.039  0.56%   257   58s
H 1807  1447                    -98415.00000 -98941.039  0.53%   259   59s
  1813  1465 -98924.053   27  207 -98415.000 -98941.039  0.53%   259   60s
  1977  1521 -98869.867   46  214 -98415.000 -98941.039  0.53%   259   66s
H 1982  1453                    -98454.00000 -98941.039  0.49%   258   70s
  2508  1791     cutoff  124      -98454.000 -98941.039  0.49%   264   75s
  3108  2064 -98890.894  182  177 -98454.000 -98941.039  0.49%   251   82s
  3237  2156 -98890.894  199  179 -98454.000 -98941.039  0.49%   252   85s
  3601  2347 -98890.800  236  169 -98454.000 -98941.039  0.49%   247   95s
  4237  2838 -98795.347  318  146 -98454.000 -98941.039  0.49%   230  100s
  4908  2973 -98923.505   34  207 -98454.000 -98941.039  0.49%   213  113s
H 4924  2276                    -98605.00000 -98941.039  0.34%   213  113s
  4976  2561 -98838.164   51  253 -98605.000 -98941.039  0.34%   212  115s
H 5341  2447                    -98607.00000 -98941.039  0.34%   206  115s
H 5866  2762                    -98609.00000 -98941.039  0.34%   200  119s
  5951  3007 -98928.166   25  240 -98609.000 -98940.964  0.34%   200  121s
  6329  3196 -98862.010   26  189 -98609.000 -98940.766  0.34%   199  125s
  7514  4256 -98806.338  161  152 -98609.000 -98940.766  0.34%   194  131s
  8731  5302 -98842.373  112  185 -98609.000 -98940.373  0.34%   188  135s
 10177  6440 -98615.194  187  172 -98609.000 -98940.072  0.34%   179  140s
 10804  7762 -98825.706  143  212 -98609.000 -98939.623  0.34%   178  146s
 12593  8225 -98619.999  129  198 -98609.000 -98938.695  0.33%   169  150s
 13402  8906 -98852.035   29  194 -98609.000 -98938.361  0.33%   167  155s
 14222  9606 -98869.299   46  178 -98609.000 -98938.132  0.33%   165  160s
 15478 10712 -98746.510  174  205 -98609.000 -98938.106  0.33%   161  165s
 16286 10981 -98673.612  318  154 -98609.000 -98937.804  0.33%   160  172s
 16626 11366 -98885.962   67  206 -98609.000 -98937.795  0.33%   159  175s
 17937 12513 -98804.327   49  236 -98609.000 -98937.479  0.33%   156  180s
 19310 12868 -98634.501   64  193 -98609.000 -98936.844  0.33%   154  190s
 19971 13826 -98750.233   79  223 -98609.000 -98936.844  0.33%   154  195s
 21126 14271 -98767.685   67   94 -98609.000 -98936.644  0.33%   154  257s
 21133 14276 -98743.362  101  613 -98609.000 -98936.644  0.33%   154  260s
 21145 14284 -98657.736  169  381 -98609.000 -98934.743  0.33%   154  266s
 21147 14285 -98897.653   85  376 -98609.000 -98934.631  0.33%   154  270s
 21150 14287 -98610.639  152  509 -98609.000 -98934.574  0.33%   154  275s
 21153 14289 -98841.035  137  344 -98609.000 -98934.545  0.33%   154  281s
 21155 14290 -98842.068   40  332 -98609.000 -98934.522  0.33%   154  285s
 21158 14292 -98802.552  150  551 -98609.000 -98934.467  0.33%   154  290s
 21161 14294 -98630.171  108  446 -98609.000 -98934.417  0.33%   154  297s
 21163 14296 -98623.716   50  420 -98609.000 -98934.396  0.33%   154  300s
 21167 14298 -98657.498  169  487 -98609.000 -98934.329  0.33%   154  306s
 21169 14300 -98657.737   94  458 -98609.000 -98934.309  0.33%   154  310s
 21172 14302 -98802.756  150  585 -98609.000 -98934.253  0.33%   154  315s
 21175 14304 -98625.054  118  393 -98609.000 -98934.097  0.33%   154  321s
 21178 14306 -98912.996   55  494 -98609.000 -98933.894  0.33%   153  326s
 21181 14308 -98857.810   42  443 -98609.000 -98933.774  0.33%   153  331s
 21184 14310 -98677.400   95  553 -98609.000 -98933.711  0.33%   153  336s
 21187 14312 -98901.413   93  433 -98609.000 -98933.608  0.33%   153  341s
 21189 14313 -98753.707   26  407 -98609.000 -98933.538  0.33%   153  345s
 21193 14316 -98841.875   34  297 -98609.000 -98933.497  0.33%   153  350s
 21196 14318 -98902.408   28  431 -98609.000 -98933.464  0.33%   153  355s
 21199 14320 -98701.672  103  377 -98609.000 -98933.455  0.33%   153  360s
 21203 14322 -98743.972  185  287 -98609.000 -98933.430  0.33%   153  366s
 21206 14324 -98705.242  108  476 -98609.000 -98933.402  0.33%   153  370s
 21209 14326 -98933.314   26  437 -98609.000 -98933.314  0.33%   153  375s
 21212 14328 -98662.103  191  470 -98609.000 -98933.310  0.33%   153  380s
 21215 14330 -98886.670   41  352 -98609.000 -98933.288  0.33%   153  386s
 21218 14332 -98820.392   46  552 -98609.000 -98933.255  0.33%   153  390s
 21221 14334 -98886.703   58  425 -98609.000 -98933.185  0.33%   153  396s
 21223 14336 -98626.468   93  469 -98609.000 -98933.066  0.33%   153  400s
 21227 14338 -98705.029   90  488 -98609.000 -98932.963  0.33%   153  407s
 21229 14340 -98755.806  266  386 -98609.000 -98932.956  0.33%   153  410s
 21232 14342 -98718.190  116  535 -98609.000 -98932.917  0.33%   153  415s
 21235 14344 -98901.192   70  374 -98609.000 -98932.877  0.33%   153  420s
 21239 14346 -98843.163   39  383 -98609.000 -98932.869  0.33%   153  425s
 21243 14349 -98722.758  180  451 -98609.000 -98932.869  0.33%   153  431s
 21245 14350 -98657.736  169  516 -98609.000 -98932.869  0.33%   153  438s
 21247 14352 -98897.653   85  515 -98609.000 -98932.869  0.33%   153  442s
 21248 14355 -98932.562   23  407 -98609.000 -98932.866  0.33%   170  456s
 21250 14358 -98932.527   24  577 -98609.000 -98932.527  0.33%   171  473s
 21254 14360 -98932.370   25  684 -98609.000 -98932.370  0.33%   171  489s
 21258 14362 -98918.956   25  608 -98609.000 -98932.370  0.33%   172  495s
 21270 14373 -98932.370   27  647 -98609.000 -98932.370  0.33%   173  502s
 21277 14378 -98932.370   28  647 -98609.000 -98932.370  0.33%   173  505s
 21301 14395 -98932.360   31  588 -98609.000 -98932.360  0.33%   174  511s
 21309 14419 -98932.360   32  598 -98609.000 -98932.360  0.33%   174  515s
 21358 14479 -98931.334   38  577 -98609.000 -98932.359  0.33%   176  525s
 21422 14502 -98929.161   44  523 -98609.000 -98932.359  0.33%   178  532s
 21482 14554 -98927.523   48  427 -98609.000 -98932.359  0.33%   181  539s
 21582 14579 -98912.710   56  407 -98609.000 -98932.359  0.33%   184  546s
 21681 14616 -98925.174   65  534 -98609.000 -98932.359  0.33%   187  552s
 21779 14700 -98915.030   73  558 -98609.000 -98932.359  0.33%   189  559s
 21907 14795 -98906.064   85  409 -98609.000 -98932.359  0.33%   191  566s
 22049 14856 -98894.787   96  358 -98609.000 -98932.359  0.33%   193  573s
 22170 14983 -98891.555  106  305 -98609.000 -98932.359  0.33%   195  580s
 22342 15145 -98876.595  127  284 -98609.000 -98932.359  0.33%   197  586s
 22599 15149 -98867.112  154  294 -98609.000 -98932.359  0.33%   198  593s
 22722 15386 -98816.965  167  320 -98609.000 -98932.359  0.33%   198  600s

Cutting planes:
  Gomory: 31
  Lift-and-project: 1
  Cover: 1263
  Implied bound: 1
  Clique: 660
  MIR: 200
  StrongCG: 158
  Flow cover: 457
  Zero half: 60
  RLT: 45

Explored 23043 nodes (4648111 simplex iterations) in 600.00 seconds (807.67 work units)
Thread count was 4 (of 56 available processors)

Solution count 10: -98609 -98607 -98605 ... -98194

Time limit reached
Best objective -9.860900000000e+04, best bound -9.893200000000e+04, gap 0.3276%
