
Gurobi 9.5.0 (linux64) logging started Thu Apr 28 15:46:53 2022

Set parameter LogFile to value "/local_workspace/chenrui/LogFiles/MKAP/new2S_R10_M10_N200_seed7_DWcutsCT1_600.log"
Gurobi Optimizer version 9.5.0 build v9.5.0rc5 (linux64)
Thread count: 56 physical cores, 56 logical processors, using up to 4 threads
Optimize a model with 510 rows, 2100 columns and 8325 nonzeros
Model fingerprint: 0x4fd2f416
Variable types: 0 continuous, 2100 integer (2100 binary)
Coefficient statistics:
  Matrix range     [3e-13, 1e+04]
  Objective range  [5e+00, 1e+03]
  Bounds range     [1e+00, 1e+00]
  RHS range        [6e-12, 1e+00]
Warning: Model contains large matrix coefficient range
         Consider reformulating model or setting NumericFocus parameter
         to avoid numerical issues.
Found heuristic solution: objective 0.0000000
Presolve removed 1 rows and 134 columns
Presolve time: 0.01s
Presolved: 509 rows, 1966 columns, 7812 nonzeros
Variable types: 0 continuous, 1966 integer (1966 binary)
Found heuristic solution: objective -12958.00000

Root relaxation: objective -6.582301e+04, 3157 iterations, 0.06 seconds (0.06 work units)

    Nodes    |    Current Node    |     Objective Bounds      |     Work
 Expl Unexpl |  Obj  Depth IntInf | Incumbent    BestBd   Gap | It/Node Time

     0     0 -65823.009    0  212 -12958.000 -65823.009   408%     -    0s
H    0     0                    -51310.00000 -65823.009  28.3%     -    0s
H    0     0                    -55773.00000 -65823.009  18.0%     -    0s
H    0     0                    -61078.00000 -65823.009  7.77%     -    0s
H    0     0                    -64411.00000 -65823.009  2.19%     -    0s
     0     0 -65823.009    0  274 -64411.000 -65823.009  2.19%     -    0s
     0     0 -65823.009    0  223 -64411.000 -65823.009  2.19%     -    0s
H    0     0                    -64686.00000 -65823.009  1.76%     -    0s
H    0     0                    -65114.00000 -65823.009  1.09%     -    0s
     0     0 -65823.009    0  270 -65114.000 -65823.009  1.09%     -    0s
     0     0 -65823.009    0  270 -65114.000 -65823.009  1.09%     -    0s
H    0     0                    -65275.00000 -65823.009  0.84%     -    0s
H    0     0                    -65701.00000 -65823.009  0.19%     -    0s
     0     2 -65823.009    0  270 -65701.000 -65823.009  0.19%     -    0s
H   28    31                    -65795.00000 -65823.009  0.04%   198    1s
H   70    59                    -65811.00000 -65823.009  0.02%   114    1s
H   76    88                    -65813.00000 -65823.009  0.02%   114    1s
H  198    90                    -65820.00000 -65823.006  0.00%  71.3    1s
*  215    90              11    -65823.00000 -65823.006  0.00%  66.4    1s

Cutting planes:
  Cover: 86
  Clique: 404
  MIR: 16
  StrongCG: 22
  RLT: 2

Explored 327 nodes (22925 simplex iterations) in 1.36 seconds (1.44 work units)
Thread count was 4 (of 56 available processors)

Solution count 10: -65823 -65820 -65813 ... -64411
No other solutions better than -65823

Optimal solution found (tolerance 1.00e-04)
Best objective -6.582300000000e+04, best bound -6.582300000000e+04, gap 0.0000%

Gurobi 9.5.0 (linux64) logging started Thu Apr 28 17:41:15 2022

Set parameter LogFile to value "/local_workspace/chenrui/LogFiles/MKAP/new2S_R10_M10_N200_seed7_DWcutsCT1_600.log"
Gurobi Optimizer version 9.5.0 build v9.5.0rc5 (linux64)
Thread count: 56 physical cores, 56 logical processors, using up to 4 threads
Optimize a model with 510 rows, 2100 columns and 8325 nonzeros
Model fingerprint: 0x4fd2f416
Variable types: 0 continuous, 2100 integer (2100 binary)
Coefficient statistics:
  Matrix range     [3e-13, 1e+04]
  Objective range  [5e+00, 1e+03]
  Bounds range     [1e+00, 1e+00]
  RHS range        [6e-12, 1e+00]
Warning: Model contains large matrix coefficient range
         Consider reformulating model or setting NumericFocus parameter
         to avoid numerical issues.
Found heuristic solution: objective 0.0000000
Presolve removed 1 rows and 134 columns
Presolve time: 0.01s
Presolved: 509 rows, 1966 columns, 7812 nonzeros
Variable types: 0 continuous, 1966 integer (1966 binary)
Found heuristic solution: objective -12958.00000

Root relaxation: objective -6.582301e+04, 3157 iterations, 0.06 seconds (0.06 work units)

    Nodes    |    Current Node    |     Objective Bounds      |     Work
 Expl Unexpl |  Obj  Depth IntInf | Incumbent    BestBd   Gap | It/Node Time

     0     0 -65823.009    0  212 -12958.000 -65823.009   408%     -    0s
H    0     0                    -51310.00000 -65823.009  28.3%     -    0s
H    0     0                    -55773.00000 -65823.009  18.0%     -    0s
H    0     0                    -61078.00000 -65823.009  7.77%     -    0s
H    0     0                    -64411.00000 -65823.009  2.19%     -    0s
     0     0 -65823.009    0  274 -64411.000 -65823.009  2.19%     -    0s
     0     0 -65823.009    0  223 -64411.000 -65823.009  2.19%     -    0s
H    0     0                    -64686.00000 -65823.009  1.76%     -    0s
H    0     0                    -65114.00000 -65823.009  1.09%     -    0s
     0     0 -65823.009    0  270 -65114.000 -65823.009  1.09%     -    0s
     0     0 -65823.009    0  270 -65114.000 -65823.009  1.09%     -    0s
H    0     0                    -65275.00000 -65823.009  0.84%     -    0s
H    0     0                    -65701.00000 -65823.009  0.19%     -    0s
     0     2 -65823.009    0  270 -65701.000 -65823.009  0.19%     -    0s
H   28    31                    -65795.00000 -65823.009  0.04%   198    1s
H   70    59                    -65811.00000 -65823.009  0.02%   114    1s
H   76    88                    -65813.00000 -65823.009  0.02%   114    1s
H  198    90                    -65820.00000 -65823.006  0.00%  71.3    1s
*  215    90              11    -65823.00000 -65823.006  0.00%  66.4    1s

Cutting planes:
  Cover: 86
  Clique: 404
  MIR: 16
  StrongCG: 22
  RLT: 2

Explored 327 nodes (22925 simplex iterations) in 1.35 seconds (1.44 work units)
Thread count was 4 (of 56 available processors)

Solution count 10: -65823 -65820 -65813 ... -64411
No other solutions better than -65823

Optimal solution found (tolerance 1.00e-04)
Best objective -6.582300000000e+04, best bound -6.582300000000e+04, gap 0.0000%

Gurobi 9.5.0 (linux64) logging started Thu Apr 28 23:40:00 2022

Set parameter LogFile to value "/local_workspace/chenrui/LogFiles/MKAP/new2S_R10_M10_N200_seed7_DWcutsCT1_600.log"
Gurobi Optimizer version 9.5.0 build v9.5.0rc5 (linux64)
Thread count: 56 physical cores, 56 logical processors, using up to 4 threads
Optimize a model with 510 rows, 2100 columns and 8325 nonzeros
Model fingerprint: 0x4f9b4be1
Variable types: 0 continuous, 2100 integer (2100 binary)
Coefficient statistics:
  Matrix range     [3e-13, 1e+04]
  Objective range  [5e+00, 1e+03]
  Bounds range     [1e+00, 1e+00]
  RHS range        [6e-14, 1e+00]
Warning: Model contains large matrix coefficient range
         Consider reformulating model or setting NumericFocus parameter
         to avoid numerical issues.
Found heuristic solution: objective 0.0000000
Presolve removed 1 rows and 134 columns
Presolve time: 0.01s
Presolved: 509 rows, 1966 columns, 7812 nonzeros
Variable types: 0 continuous, 1966 integer (1966 binary)
Found heuristic solution: objective -12958.00000

Root relaxation: objective -6.582301e+04, 3106 iterations, 0.06 seconds (0.05 work units)

    Nodes    |    Current Node    |     Objective Bounds      |     Work
 Expl Unexpl |  Obj  Depth IntInf | Incumbent    BestBd   Gap | It/Node Time

     0     0 -65823.009    0  193 -12958.000 -65823.009   408%     -    0s
H    0     0                    -40063.00000 -65823.009  64.3%     -    0s
H    0     0                    -63068.00020 -65823.009  4.37%     -    0s
H    0     0                    -63933.00000 -65823.009  2.96%     -    0s
     0     0 -65823.009    0  277 -63933.000 -65823.009  2.96%     -    0s
H    0     0                    -63942.00000 -65823.009  2.94%     -    0s
H    0     0                    -64878.00000 -65823.009  1.46%     -    0s
     0     0 -65823.009    0  225 -64878.000 -65823.009  1.46%     -    0s
     0     0 -65823.009    0  180 -64878.000 -65823.009  1.46%     -    0s
     0     0 -65823.009    0  180 -64878.000 -65823.009  1.46%     -    0s
     0     2 -65823.009    0  180 -64878.000 -65823.009  1.46%     -    0s
H   29    34                    -65022.00000 -65823.009  1.23%   256    1s
H   32    34                    -65563.00000 -65823.009  0.40%   244    1s
H   40    42                    -65753.00000 -65823.009  0.11%   211    1s
H   62    66                    -65767.00000 -65823.009  0.09%   173    1s
H   74   109                    -65811.00000 -65823.009  0.02%   146    1s
H  162   129                    -65813.00000 -65823.009  0.02%   100    1s
H  205   129                    -65823.00000 -65823.009  0.00%  89.1    1s

Cutting planes:
  Gomory: 2
  Cover: 120
  Clique: 429
  MIR: 12
  StrongCG: 22
  RLT: 1

Explored 236 nodes (25116 simplex iterations) in 1.49 seconds (1.86 work units)
Thread count was 4 (of 56 available processors)

Solution count 10: -65823 -65813 -65811 ... -63933
No other solutions better than -65823

Optimal solution found (tolerance 1.00e-04)
Best objective -6.582300000000e+04, best bound -6.582300000000e+04, gap 0.0000%

Gurobi 9.5.0 (linux64) logging started Fri Apr 29 21:09:22 2022

Set parameter LogFile to value "/local_workspace/chenrui/LogFiles/MKAP/new2S_R10_M10_N200_seed7_DWcutsCT1_600.log"
Gurobi Optimizer version 9.5.0 build v9.5.0rc5 (linux64)
Thread count: 56 physical cores, 56 logical processors, using up to 4 threads
Optimize a model with 510 rows, 2100 columns and 8325 nonzeros
Model fingerprint: 0x4f9b4be1
Variable types: 0 continuous, 2100 integer (2100 binary)
Coefficient statistics:
  Matrix range     [3e-13, 1e+04]
  Objective range  [5e+00, 1e+03]
  Bounds range     [1e+00, 1e+00]
  RHS range        [6e-14, 1e+00]
Warning: Model contains large matrix coefficient range
         Consider reformulating model or setting NumericFocus parameter
         to avoid numerical issues.
Found heuristic solution: objective 0.0000000
Presolve removed 1 rows and 134 columns
Presolve time: 0.01s
Presolved: 509 rows, 1966 columns, 7812 nonzeros
Variable types: 0 continuous, 1966 integer (1966 binary)
Found heuristic solution: objective -12958.00000

Root relaxation: objective -6.582301e+04, 3106 iterations, 0.06 seconds (0.05 work units)

    Nodes    |    Current Node    |     Objective Bounds      |     Work
 Expl Unexpl |  Obj  Depth IntInf | Incumbent    BestBd   Gap | It/Node Time

     0     0 -65823.009    0  193 -12958.000 -65823.009   408%     -    0s
H    0     0                    -40063.00000 -65823.009  64.3%     -    0s
H    0     0                    -63068.00020 -65823.009  4.37%     -    0s
H    0     0                    -63933.00000 -65823.009  2.96%     -    0s
     0     0 -65823.009    0  277 -63933.000 -65823.009  2.96%     -    0s
H    0     0                    -63942.00000 -65823.009  2.94%     -    0s
H    0     0                    -64878.00000 -65823.009  1.46%     -    0s
     0     0 -65823.009    0  225 -64878.000 -65823.009  1.46%     -    0s
     0     0 -65823.009    0  180 -64878.000 -65823.009  1.46%     -    0s
     0     0 -65823.009    0  180 -64878.000 -65823.009  1.46%     -    0s
     0     2 -65823.009    0  180 -64878.000 -65823.009  1.46%     -    0s
H   29    34                    -65022.00000 -65823.009  1.23%   256    1s
H   32    34                    -65563.00000 -65823.009  0.40%   244    1s
H   40    42                    -65753.00000 -65823.009  0.11%   211    1s
H   62    66                    -65767.00000 -65823.009  0.09%   173    1s
H   74   109                    -65811.00000 -65823.009  0.02%   146    1s
H  162   129                    -65813.00000 -65823.009  0.02%   100    1s
H  205   129                    -65823.00000 -65823.009  0.00%  89.1    1s

Cutting planes:
  Gomory: 2
  Cover: 120
  Clique: 429
  MIR: 12
  StrongCG: 22
  RLT: 1

Explored 236 nodes (25116 simplex iterations) in 1.50 seconds (1.86 work units)
Thread count was 4 (of 56 available processors)

Solution count 10: -65823 -65813 -65811 ... -63933
No other solutions better than -65823

Optimal solution found (tolerance 1.00e-04)
Best objective -6.582300000000e+04, best bound -6.582300000000e+04, gap 0.0000%
