
Gurobi 9.5.0 (linux64) logging started Thu Apr 28 22:27:10 2022

Set parameter LogFile to value "/local_workspace/chenrui/LogFiles/MKAP/new2S_R10_M10_N200_seed8_objLB_600.log"
Gurobi Optimizer version 9.5.0 build v9.5.0rc5 (linux64)
Thread count: 56 physical cores, 56 logical processors, using up to 4 threads
Optimize a model with 311 rows, 2100 columns and 6200 nonzeros
Model fingerprint: 0x554c4ae4
Variable types: 0 continuous, 2100 integer (2100 binary)
Coefficient statistics:
  Matrix range     [1e+00, 9e+03]
  Objective range  [5e+01, 1e+03]
  Bounds range     [1e+00, 1e+00]
  RHS range        [1e+00, 7e+04]
Found heuristic solution: objective 0.0000000
Presolve removed 13 rows and 173 columns
Presolve time: 0.01s
Presolved: 298 rows, 1927 columns, 5694 nonzeros
Variable types: 0 continuous, 1927 integer (1927 binary)
Found heuristic solution: objective -50950.00000

Root relaxation: objective -6.575900e+04, 477 iterations, 0.01 seconds (0.01 work units)

    Nodes    |    Current Node    |     Objective Bounds      |     Work
 Expl Unexpl |  Obj  Depth IntInf | Incumbent    BestBd   Gap | It/Node Time

     0     0 -65759.000    0   35 -50950.000 -65759.000  29.1%     -    0s
H    0     0                    -54818.00000 -65759.000  20.0%     -    0s
H    0     0                    -56682.00000 -65759.000  16.0%     -    0s
     0     0 -65759.000    0  202 -56682.000 -65759.000  16.0%     -    0s
H    0     0                    -60070.00000 -65759.000  9.47%     -    0s
     0     0 -65759.000    0  199 -60070.000 -65759.000  9.47%     -    0s
H    0     0                    -61613.00000 -65759.000  6.73%     -    0s
H    0     0                    -61997.00000 -65759.000  6.07%     -    0s
H    0     0                    -63974.00000 -65759.000  2.79%     -    0s
     0     0 -65759.000    0   28 -63974.000 -65759.000  2.79%     -    0s
H    0     0                    -64007.00000 -65759.000  2.74%     -    0s
     0     0 -65759.000    0   81 -64007.000 -65759.000  2.74%     -    0s
H    0     0                    -64540.00000 -65759.000  1.89%     -    0s
     0     0 -65759.000    0   31 -64540.000 -65759.000  1.89%     -    0s
     0     0 -65759.000    0   27 -64540.000 -65759.000  1.89%     -    0s
H    0     0                    -64573.00000 -65759.000  1.84%     -    0s
     0     2 -65759.000    0   26 -64573.000 -65759.000  1.84%     -    0s
H   31    36                    -64660.00000 -65759.000  1.70%   133    0s
H   31    36                    -64663.00008 -65759.000  1.69%   133    0s
H   32    36                    -65083.00000 -65759.000  1.04%   129    0s
H   99   166                    -65148.00000 -65759.000  0.94%  84.9    0s
H  289   372                    -65169.00000 -65759.000  0.91%  55.1    0s
H  561   548                    -65231.00000 -65759.000  0.81%  44.5    0s
H 1149   742                    -65289.00000 -65759.000  0.72%  48.8    1s
H 6857  1799                    -65338.00000 -65759.000  0.64%  25.7    5s
H 6859  1613                    -65398.00000 -65759.000  0.55%  25.7    5s
H 6860  1527                    -65413.00000 -65759.000  0.53%  25.7    5s
 41856 14833 -65616.752   93    9 -65413.000 -65759.000  0.53%   7.5   10s
 99543 40776     cutoff   86      -65413.000 -65759.000  0.53%   5.0   15s
 156658 70303 -65715.517   79    8 -65413.000 -65759.000  0.53%   4.0   20s
H211068 90445                    -65454.00000 -65759.000  0.47%   3.8   24s
 216465 92817 -65759.000   65    9 -65454.000 -65759.000  0.47%   3.8   25s
 279576 125165 -65610.180   95    8 -65454.000 -65759.000  0.47%   3.4   30s
 341012 153528     cutoff   88      -65454.000 -65759.000  0.47%   3.2   35s
 401918 183939 -65508.918   65    8 -65454.000 -65759.000  0.47%   3.0   40s
 460972 208403 -65600.372  102    9 -65454.000 -65759.000  0.47%   3.0   45s
 518647 226626 -65720.266   88   10 -65454.000 -65759.000  0.47%   3.0   50s
 584132 245331 -65693.939  119   10 -65454.000 -65759.000  0.47%   3.1   55s
 641368 262387 -65633.759  103    9 -65454.000 -65759.000  0.47%   3.1   60s
H679931 195984                    -65561.00000 -65759.000  0.30%   3.1   63s
H681212 158809                    -65595.00000 -65759.000  0.25%   3.1   64s
H681213 152603                    -65600.00000 -65759.000  0.24%   3.1   64s
 682457 152711     cutoff   97      -65600.000 -65759.000  0.24%   3.1   65s
H699616 129811                    -65619.00000 -65759.000  0.21%   3.2   68s
 711373 129723 infeasible   90      -65619.000 -65759.000  0.21%   3.3   70s
 760037 132337     cutoff  122      -65619.000 -65759.000  0.21%   3.5   75s
 821102 134989 -65759.000   86   11 -65619.000 -65759.000  0.21%   3.8   80s
 880969 137837     cutoff  100      -65619.000 -65759.000  0.21%   4.0   85s
H889998 126616                    -65628.00000 -65759.000  0.20%   4.1   87s
 903512 127117 -65759.000   91   11 -65628.000 -65759.000  0.20%   4.1   90s
 961776 128211 infeasible   91      -65628.000 -65759.000  0.20%   4.4   95s
H964000 93458                    -65656.00000 -65759.000  0.16%   4.4   95s
 1000498 94617 -65759.000   98   13 -65656.000 -65759.000  0.16%   4.6  100s
 1046659 97075 -65722.337   64    9 -65656.000 -65759.000  0.16%   4.7  105s
 1099166 103482 -65678.972   89    9 -65656.000 -65759.000  0.16%   4.6  110s
 1151280 109888     cutoff   81      -65656.000 -65759.000  0.16%   4.7  115s
 1206373 113110 -65759.000   87   13 -65656.000 -65759.000  0.16%   4.8  120s
 1251582 113591     cutoff   91      -65656.000 -65759.000  0.16%   4.9  125s
 1312868 114311 -65759.000   94   12 -65656.000 -65759.000  0.16%   5.1  130s
 1362968 114974 -65759.000   96   12 -65656.000 -65759.000  0.16%   5.3  135s
 1421880 116023 -65759.000   94   12 -65656.000 -65759.000  0.16%   5.4  140s
 1475805 116603 -65759.000   94   11 -65656.000 -65759.000  0.16%   5.5  145s
 1530051 116104 -65759.000   88   13 -65656.000 -65759.000  0.16%   5.6  150s
 1583029 118016 -65759.000   88   11 -65656.000 -65759.000  0.16%   5.7  155s
 1635432 118616     cutoff   88      -65656.000 -65759.000  0.16%   5.8  160s
 1692915 119136 infeasible   91      -65656.000 -65759.000  0.16%   5.9  165s
 1746463 119861 -65759.000   86   12 -65656.000 -65759.000  0.16%   6.0  170s
 1803588 120712     cutoff   98      -65656.000 -65759.000  0.16%   6.1  175s
 1854661 120994     cutoff  108      -65656.000 -65759.000  0.16%   6.2  180s
 1906322 121953 infeasible   97      -65656.000 -65759.000  0.16%   6.2  185s
 1958563 122528 -65759.000   91   12 -65656.000 -65759.000  0.16%   6.3  190s
 2013737 123017 -65759.000   96   12 -65656.000 -65759.000  0.16%   6.4  195s
 2069796 124053 infeasible   97      -65656.000 -65759.000  0.16%   6.4  200s
 2126218 124805     cutoff  102      -65656.000 -65759.000  0.16%   6.5  205s
 2183057 125087 -65759.000   97   11 -65656.000 -65759.000  0.16%   6.5  210s
 2233277 124703 -65759.000   96   12 -65656.000 -65759.000  0.16%   6.6  215s
 2293030 123117 infeasible   92      -65656.000 -65759.000  0.16%   6.6  220s
 2341106 124140     cutoff   96      -65656.000 -65759.000  0.16%   6.7  225s
 2391586 123812     cutoff   85      -65656.000 -65759.000  0.16%   6.8  230s
 2444098 129236 -65734.375   71    9 -65656.000 -65759.000  0.16%   6.7  235s
H2444877 99534                    -65678.00000 -65759.000  0.12%   6.7  235s
 2466749 101692 -65759.000   28   29 -65678.000 -65759.000  0.12%   6.8  240s
 2516093 107993 -65712.810   76    9 -65678.000 -65759.000  0.12%   6.8  245s
 2569948 112454 -65759.000   70   13 -65678.000 -65759.000  0.12%   6.7  250s
 2613915 116099 -65738.446   63    9 -65678.000 -65759.000  0.12%   6.7  255s
 2668611 121899 -65746.392   69    9 -65678.000 -65759.000  0.12%   6.6  260s
 2722911 126819 -65759.000   27   30 -65678.000 -65759.000  0.12%   6.5  265s
 2780499 131986     cutoff   73      -65678.000 -65759.000  0.12%   6.5  270s
 2819320 135398 -65741.749   70    9 -65678.000 -65759.000  0.12%   6.5  275s
 2869605 141001 -65759.000   62   10 -65678.000 -65759.000  0.12%   6.4  280s
 2924158 147157 -65757.917   71    9 -65678.000 -65759.000  0.12%   6.4  285s
 2974549 153314 -65714.198   80    9 -65678.000 -65759.000  0.12%   6.3  290s
 3027768 158560 -65712.267   74    9 -65678.000 -65759.000  0.12%   6.3  295s
 3089130 164642     cutoff   54      -65678.000 -65759.000  0.12%   6.2  300s
 3131083 168279     cutoff   78      -65678.000 -65759.000  0.12%   6.2  305s
 3166567 172182 -65740.449   57    9 -65678.000 -65759.000  0.12%   6.2  310s
 3205691 174110 -65759.000   31   47 -65678.000 -65759.000  0.12%   6.3  315s
 3220190 174956     cutoff   47      -65678.000 -65759.000  0.12%   6.5  320s
 3249386 178193     cutoff   27      -65678.000 -65759.000  0.12%   6.6  325s
 3290753 184426     cutoff   44      -65678.000 -65759.000  0.12%   6.6  330s
 3305706 184930     cutoff   34      -65678.000 -65759.000  0.12%   6.8  335s
 3339324 187669 -65759.000   51   23 -65678.000 -65759.000  0.12%   6.9  340s
 3370807 189741 -65759.000   34   24 -65678.000 -65759.000  0.12%   7.0  345s
 3405860 194177 -65759.000   68   10 -65678.000 -65759.000  0.12%   6.9  350s
 3462512 198265 -65755.482   52    9 -65678.000 -65759.000  0.12%   6.9  355s
 3518710 202995 -65729.148   61    9 -65678.000 -65759.000  0.12%   6.9  360s
 3571267 206959 -65703.441   79    7 -65678.000 -65759.000  0.12%   6.8  365s
 3623942 209681 -65759.000   42   24 -65678.000 -65759.000  0.12%   6.8  370s
 3676692 214427 -65734.689   57   11 -65678.000 -65759.000  0.12%   6.8  375s
 3726195 218518 -65692.601   60    9 -65678.000 -65759.000  0.12%   6.8  380s
 3775509 222220 -65727.357   53    9 -65678.000 -65759.000  0.12%   6.8  385s
 3828954 226167     cutoff   75      -65678.000 -65759.000  0.12%   6.7  390s
 3878713 227652 -65718.902   47    9 -65678.000 -65759.000  0.12%   6.7  395s
 3928148 232343 -65688.965   68    7 -65678.000 -65759.000  0.12%   6.7  400s
 3976146 236485 -65759.000   44   26 -65678.000 -65759.000  0.12%   6.8  405s
 4025377 239497 -65752.989   70    9 -65678.000 -65759.000  0.12%   6.7  410s
 4078398 240783 -65751.020   75    9 -65678.000 -65759.000  0.12%   6.7  415s
 4135936 243479     cutoff   78      -65678.000 -65759.000  0.12%   6.7  420s
 4190448 245010     cutoff   76      -65678.000 -65759.000  0.12%   6.7  425s
 4248657 247305 -65713.327   72    9 -65678.000 -65759.000  0.12%   6.7  430s
 4298871 250284 -65715.498   66    9 -65678.000 -65759.000  0.12%   6.7  435s
 4351903 254782 -65751.739   57    9 -65678.000 -65759.000  0.12%   6.7  440s
 4401837 257624 -65759.000   33   35 -65678.000 -65759.000  0.12%   6.7  445s
 4438238 260866 -65740.680   56    9 -65678.000 -65759.000  0.12%   6.7  450s
 4496987 264788 -65714.276   66    8 -65678.000 -65759.000  0.12%   6.6  455s
 4545168 268219 -65685.898   74    9 -65678.000 -65759.000  0.12%   6.6  460s
 4597384 271924 -65712.037   62    7 -65678.000 -65759.000  0.12%   6.6  465s
 4645531 275374 -65759.000   33   49 -65678.000 -65759.000  0.12%   6.6  470s
 4694492 277617     cutoff   49      -65678.000 -65759.000  0.12%   6.6  475s
 4742980 284324 -65712.668   68   15 -65678.000 -65759.000  0.12%   6.6  480s
 4788596 290356 -65733.650   56    9 -65678.000 -65759.000  0.12%   6.6  485s
 4832659 293142 -65751.975   70   13 -65678.000 -65759.000  0.12%   6.6  490s
 4877693 298622 -65759.000   47   12 -65678.000 -65759.000  0.12%   6.6  495s
 4916448 303037 -65725.895   61   10 -65678.000 -65759.000  0.12%   6.6  500s
 4946148 304571 -65759.000   36   35 -65678.000 -65759.000  0.12%   6.6  505s
 4974034 306119 -65759.000   41   24 -65678.000 -65759.000  0.12%   6.7  510s
 5024973 312626 -65691.439   62    9 -65678.000 -65759.000  0.12%   6.7  515s
 5077403 313661 -65759.000   54   43 -65678.000 -65759.000  0.12%   6.8  520s
 5109839 314878     cutoff   38      -65678.000 -65759.000  0.12%   6.8  525s
 5148427 316927 -65692.286   45    9 -65678.000 -65759.000  0.12%   6.8  530s
 5172920 318058     cutoff   43      -65678.000 -65759.000  0.12%   6.9  535s
 5195289 319091 -65759.000   51   26 -65678.000 -65759.000  0.12%   6.9  540s
 5229481 321886 -65759.000   62   12 -65678.000 -65759.000  0.12%   7.0  545s
 5286624 325529 -65759.000   67   42 -65678.000 -65759.000  0.12%   7.0  550s
 5313308 325326 -65759.000   50   32 -65678.000 -65759.000  0.12%   7.0  555s
 5330369 325688     cutoff   57      -65678.000 -65759.000  0.12%   7.1  560s
 5344275 325657     cutoff   50      -65678.000 -65759.000  0.12%   7.2  565s
 5359689 325976 -65759.000   43   40 -65678.000 -65759.000  0.12%   7.3  570s
 5398701 330253 -65759.000   44   39 -65678.000 -65759.000  0.12%   7.3  575s
 5434909 332188     cutoff   47      -65678.000 -65759.000  0.12%   7.3  580s
 5461502 333389 -65747.623   45    9 -65678.000 -65759.000  0.12%   7.4  585s
 5477976 334182 -65744.707   47    9 -65678.000 -65759.000  0.12%   7.4  590s
 5520581 338061 -65709.568   64    9 -65678.000 -65759.000  0.12%   7.5  595s
 5551315 338378 -65759.000   39   37 -65678.000 -65759.000  0.12%   7.5  600s

Cutting planes:
  Cover: 78
  Clique: 168
  MIR: 5
  StrongCG: 13
  Flow cover: 12
  Zero half: 1

Explored 5551326 nodes (41590659 simplex iterations) in 600.00 seconds (912.88 work units)
Thread count was 4 (of 56 available processors)

Solution count 10: -65678 -65656 -65628 ... -65398

Time limit reached
Best objective -6.567800000000e+04, best bound -6.575900000000e+04, gap 0.1233%
