
Gurobi 9.5.0 (linux64) logging started Thu Apr 28 15:39:11 2022

Set parameter LogFile to value "/local_workspace/chenrui/LogFiles/MKAP/new2S_R10_M10_N100_seed8_DWcutsCT3_600.log"
Gurobi Optimizer version 9.5.0 build v9.5.0rc5 (linux64)
Thread count: 56 physical cores, 56 logical processors, using up to 4 threads
Optimize a model with 929 rows, 1100 columns and 9930 nonzeros
Model fingerprint: 0xa7953f6a
Variable types: 0 continuous, 1100 integer (1100 binary)
Coefficient statistics:
  Matrix range     [1e-13, 8e+03]
  Objective range  [4e+01, 1e+03]
  Bounds range     [1e+00, 1e+00]
  RHS range        [1e+00, 1e+00]
Warning: Model contains large matrix coefficient range
         Consider reformulating model or setting NumericFocus parameter
         to avoid numerical issues.
Found heuristic solution: objective 0.0000000
Presolve removed 42 rows and 88 columns
Presolve time: 0.03s
Presolved: 887 rows, 1012 columns, 9069 nonzeros
Found heuristic solution: objective -7585.000000
Variable types: 0 continuous, 1012 integer (1012 binary)

Root relaxation: objective -3.349400e+04, 1938 iterations, 0.07 seconds (0.07 work units)

    Nodes    |    Current Node    |     Objective Bounds      |     Work
 Expl Unexpl |  Obj  Depth IntInf | Incumbent    BestBd   Gap | It/Node Time

     0     0 -33494.000    0   32 -7585.0000 -33494.000   342%     -    0s
H    0     0                    -33254.00000 -33494.000  0.72%     -    0s
H    0     0                    -33397.00000 -33494.000  0.29%     -    0s
H    0     0                    -33435.00000 -33494.000  0.18%     -    0s
     0     0 -33493.857    0   32 -33435.000 -33493.857  0.18%     -    0s
     0     0 -33493.045    0   32 -33435.000 -33493.045  0.17%     -    0s
     0     0 -33487.193    0   63 -33435.000 -33487.193  0.16%     -    0s
     0     0 -33483.504    0   99 -33435.000 -33483.504  0.15%     -    0s
     0     0 -33483.482    0   98 -33435.000 -33483.482  0.15%     -    0s
     0     0 -33482.221    0   76 -33435.000 -33482.221  0.14%     -    0s
     0     0 -33482.070    0   77 -33435.000 -33482.070  0.14%     -    0s
     0     0 -33482.040    0   77 -33435.000 -33482.040  0.14%     -    0s
     0     0 -33473.553    0   67 -33435.000 -33473.553  0.12%     -    0s
     0     0 -33473.553    0   83 -33435.000 -33473.553  0.12%     -    0s
     0     0 -33473.553    0   69 -33435.000 -33473.553  0.12%     -    0s
     0     0 -33473.553    0   83 -33435.000 -33473.553  0.12%     -    0s
H    0     0                    -33442.00000 -33470.587  0.09%     -    0s
     0     0 -33470.587    0   71 -33442.000 -33470.587  0.09%     -    0s
     0     0 -33468.363    0   33 -33442.000 -33468.363  0.08%     -    0s
     0     0 -33468.088    0   33 -33442.000 -33468.088  0.08%     -    0s
     0     0 -33468.088    0   33 -33442.000 -33468.088  0.08%     -    0s
     0     0 -33460.175    0   29 -33442.000 -33460.175  0.05%     -    0s

Cutting planes:
  Gomory: 1
  Clique: 22

Explored 1 nodes (4649 simplex iterations) in 0.67 seconds (0.57 work units)
Thread count was 4 (of 56 available processors)

Solution count 8: -33442 -33435 -33435 ... 0
No other solutions better than -33442

Optimal solution found (tolerance 1.00e-04)
Best objective -3.344200000000e+04, best bound -3.344200000000e+04, gap 0.0000%

Gurobi 9.5.0 (linux64) logging started Thu Apr 28 17:33:41 2022

Set parameter LogFile to value "/local_workspace/chenrui/LogFiles/MKAP/new2S_R10_M10_N100_seed8_DWcutsCT3_600.log"
Gurobi Optimizer version 9.5.0 build v9.5.0rc5 (linux64)
Thread count: 56 physical cores, 56 logical processors, using up to 4 threads
Optimize a model with 929 rows, 1100 columns and 9930 nonzeros
Model fingerprint: 0xa7953f6a
Variable types: 0 continuous, 1100 integer (1100 binary)
Coefficient statistics:
  Matrix range     [1e-13, 8e+03]
  Objective range  [4e+01, 1e+03]
  Bounds range     [1e+00, 1e+00]
  RHS range        [1e+00, 1e+00]
Warning: Model contains large matrix coefficient range
         Consider reformulating model or setting NumericFocus parameter
         to avoid numerical issues.
Found heuristic solution: objective 0.0000000
Presolve removed 42 rows and 88 columns
Presolve time: 0.03s
Presolved: 887 rows, 1012 columns, 9069 nonzeros
Found heuristic solution: objective -7585.000000
Variable types: 0 continuous, 1012 integer (1012 binary)

Root relaxation: objective -3.349400e+04, 1938 iterations, 0.07 seconds (0.07 work units)

    Nodes    |    Current Node    |     Objective Bounds      |     Work
 Expl Unexpl |  Obj  Depth IntInf | Incumbent    BestBd   Gap | It/Node Time

     0     0 -33494.000    0   32 -7585.0000 -33494.000   342%     -    0s
H    0     0                    -33254.00000 -33494.000  0.72%     -    0s
H    0     0                    -33397.00000 -33494.000  0.29%     -    0s
H    0     0                    -33435.00000 -33494.000  0.18%     -    0s
     0     0 -33493.857    0   32 -33435.000 -33493.857  0.18%     -    0s
     0     0 -33493.045    0   32 -33435.000 -33493.045  0.17%     -    0s
     0     0 -33487.193    0   63 -33435.000 -33487.193  0.16%     -    0s
     0     0 -33483.504    0   99 -33435.000 -33483.504  0.15%     -    0s
     0     0 -33483.482    0   98 -33435.000 -33483.482  0.15%     -    0s
     0     0 -33482.221    0   76 -33435.000 -33482.221  0.14%     -    0s
     0     0 -33482.070    0   77 -33435.000 -33482.070  0.14%     -    0s
     0     0 -33482.040    0   77 -33435.000 -33482.040  0.14%     -    0s
     0     0 -33473.553    0   67 -33435.000 -33473.553  0.12%     -    0s
     0     0 -33473.553    0   83 -33435.000 -33473.553  0.12%     -    0s
     0     0 -33473.553    0   69 -33435.000 -33473.553  0.12%     -    0s
     0     0 -33473.553    0   83 -33435.000 -33473.553  0.12%     -    0s
H    0     0                    -33442.00000 -33470.587  0.09%     -    0s
     0     0 -33470.587    0   71 -33442.000 -33470.587  0.09%     -    0s
     0     0 -33468.363    0   33 -33442.000 -33468.363  0.08%     -    0s
     0     0 -33468.088    0   33 -33442.000 -33468.088  0.08%     -    0s
     0     0 -33468.088    0   33 -33442.000 -33468.088  0.08%     -    0s
     0     0 -33460.175    0   29 -33442.000 -33460.175  0.05%     -    0s

Cutting planes:
  Gomory: 1
  Clique: 22

Explored 1 nodes (4649 simplex iterations) in 0.67 seconds (0.57 work units)
Thread count was 4 (of 56 available processors)

Solution count 8: -33442 -33435 -33435 ... 0
No other solutions better than -33442

Optimal solution found (tolerance 1.00e-04)
Best objective -3.344200000000e+04, best bound -3.344200000000e+04, gap 0.0000%

Gurobi 9.5.0 (linux64) logging started Thu Apr 28 23:32:19 2022

Set parameter LogFile to value "/local_workspace/chenrui/LogFiles/MKAP/new2S_R10_M10_N100_seed8_DWcutsCT3_600.log"
Gurobi Optimizer version 9.5.0 build v9.5.0rc5 (linux64)
Thread count: 56 physical cores, 56 logical processors, using up to 4 threads
Optimize a model with 929 rows, 1100 columns and 9942 nonzeros
Model fingerprint: 0x68545338
Variable types: 0 continuous, 1100 integer (1100 binary)
Coefficient statistics:
  Matrix range     [1e-13, 8e+03]
  Objective range  [4e+01, 1e+03]
  Bounds range     [1e+00, 1e+00]
  RHS range        [2e-16, 1e+00]
Warning: Model contains large matrix coefficient range
         Consider reformulating model or setting NumericFocus parameter
         to avoid numerical issues.
Found heuristic solution: objective 0.0000000
Presolve removed 42 rows and 88 columns
Presolve time: 0.03s
Presolved: 887 rows, 1012 columns, 9069 nonzeros
Found heuristic solution: objective -7585.000000
Variable types: 0 continuous, 1012 integer (1012 binary)

Root relaxation: objective -3.349400e+04, 2047 iterations, 0.06 seconds (0.07 work units)

    Nodes    |    Current Node    |     Objective Bounds      |     Work
 Expl Unexpl |  Obj  Depth IntInf | Incumbent    BestBd   Gap | It/Node Time

     0     0 -33494.000    0   34 -7585.0000 -33494.000   342%     -    0s
H    0     0                    -33371.00000 -33494.000  0.37%     -    0s
H    0     0                    -33421.00000 -33494.000  0.22%     -    0s
H    0     0                    -33435.00000 -33494.000  0.18%     -    0s
H    0     0                    -33442.00000 -33493.813  0.15%     -    0s
     0     0 -33493.813    0   34 -33442.000 -33493.813  0.15%     -    0s
     0     0 -33492.089    0   30 -33442.000 -33492.089  0.15%     -    0s
     0     0 -33487.040    0   71 -33442.000 -33487.040  0.13%     -    0s
     0     0 -33479.825    0   66 -33442.000 -33479.825  0.11%     -    0s
     0     0 -33479.064    0  105 -33442.000 -33479.064  0.11%     -    0s
     0     0 -33479.017    0  105 -33442.000 -33479.017  0.11%     -    0s
     0     0 -33470.582    0   79 -33442.000 -33470.582  0.09%     -    0s
     0     0 -33470.582    0   34 -33442.000 -33470.582  0.09%     -    0s
     0     0 -33470.582    0   84 -33442.000 -33470.582  0.09%     -    0s
     0     0 -33470.582    0   75 -33442.000 -33470.582  0.09%     -    0s
     0     0 -33470.582    0   65 -33442.000 -33470.582  0.09%     -    0s
     0     0 -33466.488    0   54 -33442.000 -33466.488  0.07%     -    0s
     0     0 -33466.488    0   30 -33442.000 -33466.488  0.07%     -    0s
     0     0 -33466.488    0   47 -33442.000 -33466.488  0.07%     -    0s
     0     0 -33466.488    0   69 -33442.000 -33466.488  0.07%     -    0s
     0     0 -33466.488    0   51 -33442.000 -33466.488  0.07%     -    0s
     0     0 -33466.488    0   52 -33442.000 -33466.488  0.07%     -    0s
     0     0 -33466.488    0   52 -33442.000 -33466.488  0.07%     -    0s
     0     0 -33465.920    0   68 -33442.000 -33465.920  0.07%     -    0s
     0     0 -33453.928    0   52 -33442.000 -33453.928  0.04%     -    0s
     0     0 -33453.928    0   17 -33442.000 -33453.928  0.04%     -    0s
     0     0 -33453.928    0   57 -33442.000 -33453.928  0.04%     -    0s
     0     0 -33453.928    0   49 -33442.000 -33453.928  0.04%     -    0s
     0     0 -33453.928    0   54 -33442.000 -33453.928  0.04%     -    0s
     0     0 -33453.928    0   21 -33442.000 -33453.928  0.04%     -    0s
     0     0 -33453.928    0   41 -33442.000 -33453.928  0.04%     -    0s
     0     0 -33453.928    0   55 -33442.000 -33453.928  0.04%     -    0s
     0     0 -33453.928    0   40 -33442.000 -33453.928  0.04%     -    0s
     0     0 -33453.928    0   18 -33442.000 -33453.928  0.04%     -    0s

Cutting planes:
  Gomory: 2
  Cover: 9
  Clique: 20
  MIR: 1
  StrongCG: 5
  RLT: 1

Explored 1 nodes (5780 simplex iterations) in 0.67 seconds (0.53 work units)
Thread count was 4 (of 56 available processors)

Solution count 8: -33442 -33435 -33435 ... 0

Optimal solution found (tolerance 1.00e-04)
Best objective -3.344200000000e+04, best bound -3.344500000000e+04, gap 0.0090%

Gurobi 9.5.0 (linux64) logging started Fri Apr 29 21:01:23 2022

Set parameter LogFile to value "/local_workspace/chenrui/LogFiles/MKAP/new2S_R10_M10_N100_seed8_DWcutsCT3_600.log"
Gurobi Optimizer version 9.5.0 build v9.5.0rc5 (linux64)
Thread count: 56 physical cores, 56 logical processors, using up to 4 threads
Optimize a model with 929 rows, 1100 columns and 9942 nonzeros
Model fingerprint: 0x68545338
Variable types: 0 continuous, 1100 integer (1100 binary)
Coefficient statistics:
  Matrix range     [1e-13, 8e+03]
  Objective range  [4e+01, 1e+03]
  Bounds range     [1e+00, 1e+00]
  RHS range        [2e-16, 1e+00]
Warning: Model contains large matrix coefficient range
         Consider reformulating model or setting NumericFocus parameter
         to avoid numerical issues.
Found heuristic solution: objective 0.0000000
Presolve removed 42 rows and 88 columns
Presolve time: 0.03s
Presolved: 887 rows, 1012 columns, 9069 nonzeros
Found heuristic solution: objective -7585.000000
Variable types: 0 continuous, 1012 integer (1012 binary)

Root relaxation: objective -3.349400e+04, 2047 iterations, 0.06 seconds (0.07 work units)

    Nodes    |    Current Node    |     Objective Bounds      |     Work
 Expl Unexpl |  Obj  Depth IntInf | Incumbent    BestBd   Gap | It/Node Time

     0     0 -33494.000    0   34 -7585.0000 -33494.000   342%     -    0s
H    0     0                    -33371.00000 -33494.000  0.37%     -    0s
H    0     0                    -33421.00000 -33494.000  0.22%     -    0s
H    0     0                    -33435.00000 -33494.000  0.18%     -    0s
H    0     0                    -33442.00000 -33493.813  0.15%     -    0s
     0     0 -33493.813    0   34 -33442.000 -33493.813  0.15%     -    0s
     0     0 -33492.089    0   30 -33442.000 -33492.089  0.15%     -    0s
     0     0 -33487.040    0   71 -33442.000 -33487.040  0.13%     -    0s
     0     0 -33479.825    0   66 -33442.000 -33479.825  0.11%     -    0s
     0     0 -33479.064    0  105 -33442.000 -33479.064  0.11%     -    0s
     0     0 -33479.017    0  105 -33442.000 -33479.017  0.11%     -    0s
     0     0 -33470.582    0   79 -33442.000 -33470.582  0.09%     -    0s
     0     0 -33470.582    0   34 -33442.000 -33470.582  0.09%     -    0s
     0     0 -33470.582    0   84 -33442.000 -33470.582  0.09%     -    0s
     0     0 -33470.582    0   75 -33442.000 -33470.582  0.09%     -    0s
     0     0 -33470.582    0   65 -33442.000 -33470.582  0.09%     -    0s
     0     0 -33466.488    0   54 -33442.000 -33466.488  0.07%     -    0s
     0     0 -33466.488    0   30 -33442.000 -33466.488  0.07%     -    0s
     0     0 -33466.488    0   47 -33442.000 -33466.488  0.07%     -    0s
     0     0 -33466.488    0   69 -33442.000 -33466.488  0.07%     -    0s
     0     0 -33466.488    0   51 -33442.000 -33466.488  0.07%     -    0s
     0     0 -33466.488    0   52 -33442.000 -33466.488  0.07%     -    0s
     0     0 -33466.488    0   52 -33442.000 -33466.488  0.07%     -    0s
     0     0 -33465.920    0   68 -33442.000 -33465.920  0.07%     -    0s
     0     0 -33453.928    0   52 -33442.000 -33453.928  0.04%     -    0s
     0     0 -33453.928    0   17 -33442.000 -33453.928  0.04%     -    0s
     0     0 -33453.928    0   57 -33442.000 -33453.928  0.04%     -    0s
     0     0 -33453.928    0   49 -33442.000 -33453.928  0.04%     -    0s
     0     0 -33453.928    0   54 -33442.000 -33453.928  0.04%     -    0s
     0     0 -33453.928    0   21 -33442.000 -33453.928  0.04%     -    0s
     0     0 -33453.928    0   41 -33442.000 -33453.928  0.04%     -    0s
     0     0 -33453.928    0   55 -33442.000 -33453.928  0.04%     -    0s
     0     0 -33453.928    0   40 -33442.000 -33453.928  0.04%     -    0s
     0     0 -33453.928    0   18 -33442.000 -33453.928  0.04%     -    0s

Cutting planes:
  Gomory: 2
  Cover: 9
  Clique: 20
  MIR: 1
  StrongCG: 5
  RLT: 1

Explored 1 nodes (5780 simplex iterations) in 0.68 seconds (0.53 work units)
Thread count was 4 (of 56 available processors)

Solution count 8: -33442 -33435 -33435 ... 0

Optimal solution found (tolerance 1.00e-04)
Best objective -3.344200000000e+04, best bound -3.344500000000e+04, gap 0.0090%
