
Gurobi 9.5.0 (linux64) logging started Thu Apr 28 23:58:19 2022

Set parameter LogFile to value "/local_workspace/chenrui/LogFiles/MKAP/new2S_R10_M10_N300_seed6_DWcutsCT6_600.log"
Gurobi Optimizer version 9.5.0 build v9.5.0rc5 (linux64)
Thread count: 56 physical cores, 56 logical processors, using up to 4 threads
Optimize a model with 6601 rows, 3100 columns and 195409 nonzeros
Model fingerprint: 0x48d11932
Variable types: 0 continuous, 3100 integer (3100 binary)
Coefficient statistics:
  Matrix range     [1e-13, 1e+04]
  Objective range  [8e+00, 1e+03]
  Bounds range     [1e+00, 1e+00]
  RHS range        [2e-16, 1e+00]
Warning: Model contains large matrix coefficient range
         Consider reformulating model or setting NumericFocus parameter
         to avoid numerical issues.
Found heuristic solution: objective 0.0000000
Presolve removed 308 rows and 144 columns
Presolve time: 0.51s
Presolved: 6293 rows, 2956 columns, 185320 nonzeros
Variable types: 0 continuous, 2956 integer (2956 binary)
Found heuristic solution: objective -20628.00000

Root simplex log...

Iteration    Objective       Primal Inf.    Dual Inf.      Time
   11991   -9.5512481e+04   1.489945e+04   0.000000e+00      5s
   12345   -9.5512000e+04   0.000000e+00   0.000000e+00      5s

Root relaxation: objective -9.551200e+04, 12345 iterations, 4.66 seconds (8.08 work units)

    Nodes    |    Current Node    |     Objective Bounds      |     Work
 Expl Unexpl |  Obj  Depth IntInf | Incumbent    BestBd   Gap | It/Node Time

*    0     0               0    -95512.00000 -95512.000  0.00%     -    5s

Explored 1 nodes (12345 simplex iterations) in 5.22 seconds (8.82 work units)
Thread count was 4 (of 56 available processors)

Solution count 3: -95512 -20628 0 
No other solutions better than -95512

Optimal solution found (tolerance 1.00e-04)
Best objective -9.551199999750e+04, best bound -9.551200000001e+04, gap 0.0000%

Gurobi 9.5.0 (linux64) logging started Fri Apr 29 21:28:21 2022

Set parameter LogFile to value "/local_workspace/chenrui/LogFiles/MKAP/new2S_R10_M10_N300_seed6_DWcutsCT6_600.log"
Gurobi Optimizer version 9.5.0 build v9.5.0rc5 (linux64)
Thread count: 56 physical cores, 56 logical processors, using up to 4 threads
Optimize a model with 6601 rows, 3100 columns and 195409 nonzeros
Model fingerprint: 0xc62eb69d
Variable types: 0 continuous, 3100 integer (3100 binary)
Coefficient statistics:
  Matrix range     [1e-13, 1e+04]
  Objective range  [8e+00, 1e+03]
  Bounds range     [1e+00, 1e+00]
  RHS range        [2e-16, 1e+00]
Warning: Model contains large matrix coefficient range
         Consider reformulating model or setting NumericFocus parameter
         to avoid numerical issues.
Found heuristic solution: objective 0.0000000
Presolve removed 308 rows and 144 columns
Presolve time: 0.51s
Presolved: 6293 rows, 2956 columns, 185320 nonzeros
Variable types: 0 continuous, 2956 integer (2956 binary)
Found heuristic solution: objective -20628.00000

Root simplex log...

Iteration    Objective       Primal Inf.    Dual Inf.      Time
   12113   -9.5515066e+04   3.757239e+04   0.000000e+00      5s
   13256   -9.5512000e+04   0.000000e+00   0.000000e+00      6s

Root relaxation: objective -9.551200e+04, 13256 iterations, 5.04 seconds (8.65 work units)

    Nodes    |    Current Node    |     Objective Bounds      |     Work
 Expl Unexpl |  Obj  Depth IntInf | Incumbent    BestBd   Gap | It/Node Time

*    0     0               0    -95512.00000 -95512.000  0.00%     -    5s

Explored 1 nodes (13256 simplex iterations) in 5.62 seconds (9.39 work units)
Thread count was 4 (of 56 available processors)

Solution count 3: -95512 -20628 0 
No other solutions better than -95512

Optimal solution found (tolerance 1.00e-04)
Best objective -9.551199999950e+04, best bound -9.551200000000e+04, gap 0.0000%
