
Gurobi 9.5.0 (linux64) logging started Sat Jun 18 18:50:36 2022

Set parameter LogFile to value "/local_workspace/chenrui/LogFiles/MKAP/new2S_R25_M20_N200_seed2_DWcutsCTp1_600.log"
Gurobi Optimizer version 9.5.0 build v9.5.0rc5 (linux64)
Thread count: 56 physical cores, 56 logical processors, using up to 4 threads
Optimize a model with 1657 rows, 4500 columns and 17249 nonzeros
Model fingerprint: 0xda88671f
Variable types: 0 continuous, 4500 integer (4500 binary)
Coefficient statistics:
  Matrix range     [1e-13, 6e+03]
  Objective range  [8e+01, 1e+03]
  Bounds range     [1e+00, 1e+00]
  RHS range        [1e-05, 1e+00]
Warning: Model contains large matrix coefficient range
         Consider reformulating model or setting NumericFocus parameter
         to avoid numerical issues.
Found heuristic solution: objective 0.0000000
Presolve removed 114 rows and 646 columns
Presolve time: 0.04s
Presolved: 1543 rows, 3854 columns, 14819 nonzeros
Found heuristic solution: objective -4803.000000
Variable types: 0 continuous, 3854 integer (3854 binary)

Root relaxation: objective -5.930200e+04, 6686 iterations, 0.20 seconds (0.19 work units)

    Nodes    |    Current Node    |     Objective Bounds      |     Work
 Expl Unexpl |  Obj  Depth IntInf | Incumbent    BestBd   Gap | It/Node Time

     0     0 -59302.004    0  137 -4803.0000 -59302.004  1135%     -    0s
H    0     0                    -56429.00000 -59302.004  5.09%     -    0s
H    0     0                    -56522.00000 -59302.004  4.92%     -    0s
H    0     0                    -59067.00000 -59302.004  0.40%     -    0s
H    0     0                    -59227.00000 -59302.004  0.13%     -    0s
     0     0 -59302.004    0   20 -59227.000 -59302.004  0.13%     -    0s
     0     0 -59302.001    0   63 -59227.000 -59302.001  0.13%     -    0s
H    0     0                    -59302.00000 -59302.001  0.00%     -    0s
     0     0 -59302.001    0   63 -59302.000 -59302.001  0.00%     -    0s

Explored 1 nodes (12271 simplex iterations) in 0.61 seconds (0.52 work units)
Thread count was 4 (of 56 available processors)

Solution count 8: -59302 -59227 -59067 ... 0
No other solutions better than -59302

Optimal solution found (tolerance 1.00e-04)
Best objective -5.930200000000e+04, best bound -5.930200000000e+04, gap 0.0000%
