
Gurobi 9.5.0 (linux64) logging started Tue May  3 15:39:53 2022

Set parameter LogFile to value "/local_workspace/chenrui/LogFiles/MKAP/new2S_R5_M10_N50_seed9_DWcuts_600.log"
Gurobi Optimizer version 9.5.0 build v9.5.0rc5 (linux64)
Thread count: 56 physical cores, 56 logical processors, using up to 4 threads
Optimize a model with 160 rows, 550 columns and 1650 nonzeros
Model fingerprint: 0x11d17126
Variable types: 0 continuous, 550 integer (550 binary)
Coefficient statistics:
  Matrix range     [1e+00, 3e+03]
  Objective range  [1e+02, 1e+03]
  Bounds range     [1e+00, 1e+00]
  RHS range        [2e-13, 9e+00]
Found heuristic solution: objective 0.0000000
Presolve removed 10 rows and 80 columns
Presolve time: 0.01s
Presolved: 150 rows, 470 columns, 1406 nonzeros
Variable types: 0 continuous, 470 integer (470 binary)
Found heuristic solution: objective -5058.000000

Root relaxation: objective -1.627982e+04, 514 iterations, 0.00 seconds (0.00 work units)

    Nodes    |    Current Node    |     Objective Bounds      |     Work
 Expl Unexpl |  Obj  Depth IntInf | Incumbent    BestBd   Gap | It/Node Time

     0     0 -16279.823    0   18 -5058.0000 -16279.823   222%     -    0s
H    0     0                    -15573.00000 -16279.823  4.54%     -    0s
H    0     0                    -15754.00000 -16279.823  3.34%     -    0s
H    0     0                    -15763.00000 -16279.823  3.28%     -    0s
H    0     0                    -15916.00000 -16279.823  2.29%     -    0s
     0     0 -16279.823    0   56 -15916.000 -16279.823  2.29%     -    0s
     0     0 -16279.823    0   47 -15916.000 -16279.823  2.29%     -    0s
     0     0 -16279.823    0   13 -15916.000 -16279.823  2.29%     -    0s
H    0     0                    -15996.00000 -16279.823  1.77%     -    0s
     0     0 -16279.823    0   51 -15996.000 -16279.823  1.77%     -    0s
     0     0 -16279.823    0   40 -15996.000 -16279.823  1.77%     -    0s
     0     0 -16279.823    0   58 -15996.000 -16279.823  1.77%     -    0s
H    0     0                    -16145.00000 -16279.823  0.84%     -    0s
     0     0 -16279.823    0   24 -16145.000 -16279.823  0.84%     -    0s
     0     0 -16279.823    0   21 -16145.000 -16279.823  0.84%     -    0s
     0     2 -16279.823    0   14 -16145.000 -16279.823  0.84%     -    0s
H  107   111                    -16151.00000 -16279.823  0.80%  46.0    0s
H  480   311                    -16154.00000 -16279.823  0.78%  28.5    0s
H 4679  1207                    -16156.00000 -16277.751  0.75%  16.5    1s
H11826  3806                    -16174.00000 -16277.080  0.64%  13.4    1s
H21309  6147                    -16188.00000 -16273.017  0.53%  12.4    2s
 31441  6174 -16261.211   43   70 -16188.000 -16264.107  0.47%  11.9    5s
H31549  5882                    -16194.00000 -16258.827  0.40%  12.0    5s
*31829  5597              54    -16226.00000 -16254.576  0.18%  12.1    5s

Cutting planes:
  Gomory: 4
  Cover: 51
  Clique: 21
  MIR: 56
  StrongCG: 23
  Flow cover: 35
  Zero half: 7
  RLT: 6
  Relax-and-lift: 1

Explored 32119 nodes (394121 simplex iterations) in 5.49 seconds (5.47 work units)
Thread count was 4 (of 56 available processors)

Solution count 10: -16226 -16194 -16188 ... -15916
No other solutions better than -16226

Optimal solution found (tolerance 1.00e-04)
Best objective -1.622600000000e+04, best bound -1.622600000000e+04, gap 0.0000%
