
Gurobi 9.5.0 (linux64) logging started Tue May  3 22:49:30 2022

Set parameter LogFile to value "/local_workspace/chenrui/LogFiles/MKAP/new2S_R25_M20_N50_seed10_objLB_600.log"
Gurobi Optimizer version 9.5.0 build v9.5.0rc5 (linux64)
Thread count: 56 physical cores, 56 logical processors, using up to 4 threads
Optimize a model with 571 rows, 1500 columns and 4000 nonzeros
Model fingerprint: 0xe6d38a30
Variable types: 0 continuous, 1500 integer (1500 binary)
Coefficient statistics:
  Matrix range     [1e+00, 1e+03]
  Objective range  [6e+01, 1e+03]
  Bounds range     [1e+00, 1e+00]
  RHS range        [1e+00, 2e+04]
Found heuristic solution: objective 0.0000000
Presolve removed 382 rows and 802 columns
Presolve time: 0.01s
Presolved: 189 rows, 698 columns, 1976 nonzeros
Variable types: 0 continuous, 698 integer (698 binary)
Found heuristic solution: objective -14000.00000

Root relaxation: objective -1.588000e+04, 360 iterations, 0.00 seconds (0.00 work units)

    Nodes    |    Current Node    |     Objective Bounds      |     Work
 Expl Unexpl |  Obj  Depth IntInf | Incumbent    BestBd   Gap | It/Node Time

     0     0 -15880.000    0   21 -14000.000 -15880.000  13.4%     -    0s
H    0     0                    -15129.00000 -15880.000  4.96%     -    0s
H    0     0                    -15341.00000 -15880.000  3.51%     -    0s
     0     0 -15880.000    0   34 -15341.000 -15880.000  3.51%     -    0s
H    0     0                    -15622.00000 -15880.000  1.65%     -    0s
     0     0 -15880.000    0   30 -15622.000 -15880.000  1.65%     -    0s
H    0     0                    -15671.00000 -15880.000  1.33%     -    0s
     0     0 -15880.000    0    9 -15671.000 -15880.000  1.33%     -    0s
H    0     0                    -15685.00000 -15880.000  1.24%     -    0s
     0     0 -15880.000    0    4 -15685.000 -15880.000  1.24%     -    0s
H    0     0                    -15845.00000 -15880.000  0.22%     -    0s
     0     0 -15880.000    0    4 -15845.000 -15880.000  0.22%     -    0s
     0     0 -15880.000    0   12 -15845.000 -15880.000  0.22%     -    0s
     0     0 -15880.000    0   12 -15845.000 -15880.000  0.22%     -    0s
H    0     0                    -15859.00000 -15880.000  0.13%     -    0s
     0     2 -15880.000    0   12 -15859.000 -15880.000  0.13%     -    0s
*   64    55              15    -15861.00000 -15880.000  0.12%  14.6    0s
H  127    91                    -15880.00000 -15880.000  0.00%  16.2    0s

Cutting planes:
  Gomory: 13
  Cover: 29
  Clique: 11
  MIR: 17
  StrongCG: 10
  GUB cover: 1

Explored 151 nodes (3758 simplex iterations) in 0.16 seconds (0.13 work units)
Thread count was 4 (of 56 available processors)

Solution count 10: -15880 -15861 -15859 ... -14000
No other solutions better than -15880

Optimal solution found (tolerance 1.00e-04)
Best objective -1.588000000000e+04, best bound -1.588000000000e+04, gap 0.0000%
