
Gurobi 9.5.0 (linux64) logging started Mon Jun 20 11:15:09 2022

Set parameter LogFile to value "/local_workspace/chenrui/LogFiles/MKAP/new2S_R10_M40_N100_seed9_DWcutsCTp6_600.log"
Gurobi Optimizer version 9.5.0 build v9.5.0rc5 (linux64)
Thread count: 56 physical cores, 56 logical processors, using up to 4 threads
Optimize a model with 3056 rows, 4400 columns and 30108 nonzeros
Model fingerprint: 0x5f86fef7
Variable types: 0 continuous, 4400 integer (4400 binary)
Coefficient statistics:
  Matrix range     [1e-13, 4e+03]
  Objective range  [4e+01, 1e+03]
  Bounds range     [1e+00, 1e+00]
  RHS range        [1e-05, 1e+00]
Warning: Model contains large matrix coefficient range
         Consider reformulating model or setting NumericFocus parameter
         to avoid numerical issues.
Found heuristic solution: objective 0.0000000
Presolve removed 1311 rows and 1622 columns
Presolve time: 0.07s
Presolved: 1745 rows, 2778 columns, 13796 nonzeros
Found heuristic solution: objective -8210.000000
Variable types: 0 continuous, 2778 integer (2778 binary)

Root relaxation: objective -3.229122e+04, 4402 iterations, 0.14 seconds (0.13 work units)

    Nodes    |    Current Node    |     Objective Bounds      |     Work
 Expl Unexpl |  Obj  Depth IntInf | Incumbent    BestBd   Gap | It/Node Time

     0     0 -32291.216    0  367 -8210.0000 -32291.216   293%     -    0s
H    0     0                    -30395.00000 -32291.216  6.24%     -    0s
H    0     0                    -31644.00000 -32291.216  2.05%     -    0s
H    0     0                    -31700.00000 -32291.216  1.87%     -    0s
H    0     0                    -31805.00000 -32291.216  1.53%     -    0s
     0     0 -32291.216    0  367 -31805.000 -32291.216  1.53%     -    0s
H    0     0                    -32094.00000 -32291.216  0.61%     -    0s
H    0     0                    -32096.00000 -32291.216  0.61%     -    0s
     0     2 -32291.216    0  367 -32096.000 -32291.216  0.61%     -    0s
H   29    36                    -32103.00000 -32281.182  0.56%   257    1s
H   49    54                    -32104.00000 -32281.182  0.55%   238    1s
H   50    54                    -32134.00000 -32281.182  0.46%   236    1s
H   51    54                    -32169.00000 -32281.182  0.35%   233    1s
H   52    54                    -32235.00000 -32281.182  0.14%   230    1s
H  260   136                    -32244.00002 -32279.572  0.11%   138    2s
H  290   149                    -32246.00002 -32269.539  0.07%   141    2s
H  303   146                    -32247.00000 -32269.410  0.07%   142    2s
*  765   165              38    -32249.00014 -32261.713  0.04%   125    3s

Cutting planes:
  Cover: 17

Explored 1062 nodes (119305 simplex iterations) in 3.43 seconds (4.99 work units)
Thread count was 4 (of 56 available processors)

Solution count 10: -32249 -32247 -32246 ... -32096
No other solutions better than -32249

Optimal solution found (tolerance 1.00e-04)
Warning: max constraint violation (6.2125e-06) exceeds tolerance
Best objective -3.224900015082e+04, best bound -3.224900015082e+04, gap 0.0000%
