
Gurobi 9.5.0 (linux64) logging started Mon Jun 20 09:03:27 2022

Set parameter LogFile to value "/local_workspace/chenrui/LogFiles/MKAP/new2S_R2_M20_N50_seed9_DWcutsCTp2_600.log"
Gurobi Optimizer version 9.5.0 build v9.5.0rc5 (linux64)
Thread count: 56 physical cores, 56 logical processors, using up to 4 threads
Optimize a model with 218 rows, 1040 columns and 4625 nonzeros
Model fingerprint: 0x2fbc03ac
Variable types: 0 continuous, 1040 integer (1040 binary)
Coefficient statistics:
  Matrix range     [1e-13, 1e+03]
  Objective range  [9e+01, 1e+03]
  Bounds range     [1e+00, 1e+00]
  RHS range        [1e-05, 1e+00]
Warning: Model contains large matrix coefficient range
         Consider reformulating model or setting NumericFocus parameter
         to avoid numerical issues.
Found heuristic solution: objective 0.0000000
Presolve removed 31 rows and 442 columns
Presolve time: 0.01s
Presolved: 187 rows, 598 columns, 2850 nonzeros
Found heuristic solution: objective -13820.00000
Variable types: 0 continuous, 598 integer (598 binary)

Root relaxation: objective -1.609157e+04, 874 iterations, 0.01 seconds (0.01 work units)

    Nodes    |    Current Node    |     Objective Bounds      |     Work
 Expl Unexpl |  Obj  Depth IntInf | Incumbent    BestBd   Gap | It/Node Time

     0     0 -16091.574    0   50 -13820.000 -16091.574  16.4%     -    0s
H    0     0                    -15505.00000 -16091.574  3.78%     -    0s
H    0     0                    -15935.00001 -16091.574  0.98%     -    0s
     0     0 -16091.574    0   78 -15935.000 -16091.574  0.98%     -    0s
     0     0 -16091.574    0   54 -15935.000 -16091.574  0.98%     -    0s
H    0     0                    -16015.00001 -16091.574  0.48%     -    0s
     0     0 -16091.574    0   56 -16015.000 -16091.574  0.48%     -    0s
     0     0 -16091.574    0   69 -16015.000 -16091.574  0.48%     -    0s
     0     0 -16091.574    0   67 -16015.000 -16091.574  0.48%     -    0s
     0     0 -16091.574    0   39 -16015.000 -16091.574  0.48%     -    0s
     0     0 -16091.574    0   62 -16015.000 -16091.574  0.48%     -    0s
     0     0 -16091.574    0   71 -16015.000 -16091.574  0.48%     -    0s
     0     0 -16091.574    0   74 -16015.000 -16091.574  0.48%     -    0s
     0     0 -16091.574    0   79 -16015.000 -16091.574  0.48%     -    0s
     0     0 -16091.573    0   77 -16015.000 -16091.573  0.48%     -    0s
     0     0 -16091.573    0   77 -16015.000 -16091.573  0.48%     -    0s
     0     0 -16091.573    0   47 -16015.000 -16091.573  0.48%     -    0s
     0     0 -16091.573    0   66 -16015.000 -16091.573  0.48%     -    0s
     0     0 -16091.573    0   84 -16015.000 -16091.573  0.48%     -    0s
     0     0 -16091.573    0   71 -16015.000 -16091.573  0.48%     -    0s
     0     0 -16091.573    0   77 -16015.000 -16091.573  0.48%     -    0s
     0     0 -16091.573    0   92 -16015.000 -16091.573  0.48%     -    0s
     0     0 -16091.573    0   92 -16015.000 -16091.573  0.48%     -    0s
H    0     0                    -16066.00000 -16091.573  0.16%     -    0s
     0     0 -16091.573    0   63 -16066.000 -16091.573  0.16%     -    0s
     0     0 -16091.573    0   62 -16066.000 -16091.573  0.16%     -    0s
     0     0 -16091.573    0   88 -16066.000 -16091.573  0.16%     -    0s
     0     0 -16091.573    0   89 -16066.000 -16091.573  0.16%     -    0s
     0     0 -16091.573    0   82 -16066.000 -16091.573  0.16%     -    0s
     0     0 -16091.572    0   88 -16066.000 -16091.572  0.16%     -    0s
     0     0 -16091.572    0   88 -16066.000 -16091.572  0.16%     -    0s
     0     2 -16091.572    0   88 -16066.000 -16091.572  0.16%     -    0s

Cutting planes:
  Cover: 25
  Clique: 6
  MIR: 18
  StrongCG: 17

Explored 471 nodes (19515 simplex iterations) in 0.56 seconds (0.44 work units)
Thread count was 4 (of 56 available processors)

Solution count 6: -16066 -16015 -15935 ... 0
No other solutions better than -16066

Optimal solution found (tolerance 1.00e-04)
Best objective -1.606600000000e+04, best bound -1.606600000000e+04, gap 0.0000%
