
Gurobi 9.5.0 (linux64) logging started Fri Apr 29 23:17:47 2022

Set parameter LogFile to value "/local_workspace/chenrui/LogFiles/MKAP/new2S_R25_M20_N300_seed8_DWcutsCT6_600.log"
Gurobi Optimizer version 9.5.0 build v9.5.0rc5 (linux64)
Thread count: 56 physical cores, 56 logical processors, using up to 4 threads
Optimize a model with 27932 rows, 6500 columns and 355300 nonzeros
Model fingerprint: 0x1e0ea6c8
Variable types: 0 continuous, 6500 integer (6500 binary)
Coefficient statistics:
  Matrix range     [1e-13, 2e+04]
  Objective range  [5e+00, 1e+03]
  Bounds range     [1e+00, 1e+00]
  RHS range        [1e-16, 1e+00]
Warning: Model contains large matrix coefficient range
         Consider reformulating model or setting NumericFocus parameter
         to avoid numerical issues.
Found heuristic solution: objective 0.0000000
Presolve removed 3158 rows and 510 columns
Presolve time: 0.94s
Presolved: 24774 rows, 5990 columns, 261142 nonzeros
Found heuristic solution: objective -7570.000000
Variable types: 0 continuous, 5990 integer (5990 binary)

Root simplex log...

Iteration    Objective       Primal Inf.    Dual Inf.      Time
   13302   -9.3266163e+04   3.616706e+04   0.000000e+00      5s
   16597   -9.2783000e+04   0.000000e+00   0.000000e+00      7s

Root relaxation: objective -9.278300e+04, 16597 iterations, 5.58 seconds (10.62 work units)

    Nodes    |    Current Node    |     Objective Bounds      |     Work
 Expl Unexpl |  Obj  Depth IntInf | Incumbent    BestBd   Gap | It/Node Time

*    0     0               0    -92783.00000 -92783.000  0.00%     -    6s

Explored 1 nodes (16597 simplex iterations) in 6.61 seconds (11.81 work units)
Thread count was 4 (of 56 available processors)

Solution count 3: -92783 -7570 0 
No other solutions better than -92783

Optimal solution found (tolerance 1.00e-04)
Best objective -9.278299999991e+04, best bound -9.278299999991e+04, gap 0.0000%
