
Gurobi 9.5.0 (linux64) logging started Fri Apr 29 04:05:30 2022

Set parameter LogFile to value "/local_workspace/chenrui/LogFiles/MKAP/new2S_R10_M10_N300_seed5_original_600.log"
Gurobi Optimizer version 9.5.0 build v9.5.0rc5 (linux64)
Thread count: 56 physical cores, 56 logical processors, using up to 4 threads
Optimize a model with 410 rows, 3100 columns and 6200 nonzeros
Model fingerprint: 0x3553f140
Variable types: 0 continuous, 3100 integer (3100 binary)
Coefficient statistics:
  Matrix range     [1e+00, 1e+04]
  Objective range  [4e+01, 1e+03]
  Bounds range     [1e+00, 1e+00]
  RHS range        [1e+00, 1e+00]
Found heuristic solution: objective 0.0000000
Presolve removed 10 rows and 29 columns
Presolve time: 0.01s
Presolved: 400 rows, 3071 columns, 6142 nonzeros
Variable types: 0 continuous, 3071 integer (3071 binary)
Found heuristic solution: objective -66094.00000

Root relaxation: objective -9.655867e+04, 923 iterations, 0.01 seconds (0.01 work units)

    Nodes    |    Current Node    |     Objective Bounds      |     Work
 Expl Unexpl |  Obj  Depth IntInf | Incumbent    BestBd   Gap | It/Node Time

     0     0 -96558.672    0   34 -66094.000 -96558.672  46.1%     -    0s
H    0     0                    -92654.00000 -96558.672  4.21%     -    0s
H    0     0                    -92673.00000 -96558.672  4.19%     -    0s
H    0     0                    -93970.00000 -96558.672  2.75%     -    0s
     0     0 -96558.672    0  134 -93970.000 -96558.672  2.75%     -    0s
H    0     0                    -94047.00000 -96558.672  2.67%     -    0s
     0     0 -96558.672    0  132 -94047.000 -96558.672  2.67%     -    0s
H    0     0                    -94078.00000 -96558.672  2.64%     -    0s
H    0     0                    -94276.00000 -96558.672  2.42%     -    0s
     0     0 -96476.194    0   89 -94276.000 -96476.194  2.33%     -    0s
     0     0 -96476.194    0   89 -94276.000 -96476.194  2.33%     -    0s
     0     2 -96476.194    0   54 -94276.000 -96476.194  2.33%     -    0s
H  124   132                    -94282.00000 -96476.194  2.33%  35.9    0s
H  126   132                    -94305.00000 -96476.194  2.30%  36.3    0s
H  386   428                    -94340.00000 -96476.194  2.26%  22.0    1s
H  406   428                    -94344.00000 -96476.194  2.26%  21.2    1s
H  426   428                    -94388.00000 -96476.194  2.21%  20.5    1s
H  534   465                    -95027.00000 -96476.194  1.53%  17.6    1s
H  725   538                    -95171.00000 -96476.194  1.37%  18.1    1s
 19113 13270 -95950.447   28   56 -95171.000 -96320.030  1.21%  11.7    5s
H41644 27959                    -95182.00000 -96250.766  1.12%  11.0    9s
H43230 26577                    -95221.00000 -96245.289  1.08%  11.0    9s
 44459 27302 -95412.882   61   10 -95221.000 -96242.850  1.07%  11.0   10s
 84272 53376 -95261.531   89   10 -95221.000 -96150.028  0.98%  11.1   15s
 125318 78683 -95920.926   60   32 -95221.000 -96068.470  0.89%  11.2   20s
 167748 104727 -95625.292   44   26 -95221.000 -96026.022  0.85%  11.1   25s
H177918 110181                    -95223.00000 -96015.184  0.83%  11.1   26s
H178305 106805                    -95235.00000 -96015.184  0.82%  11.1   26s
 201284 120967 -95482.098   83    9 -95235.000 -95988.770  0.79%  11.2   30s
 242637 143760 -95934.403   33   51 -95235.000 -95943.729  0.74%  11.3   35s
 281723 165152 -95311.310   42   29 -95235.000 -95906.856  0.71%  11.4   40s
 319623 185490 -95274.109   83   13 -95235.000 -95873.278  0.67%  11.6   45s
 360003 207076 -95587.519   71   10 -95235.000 -95843.263  0.64%  11.6   50s
 401217 229469     cutoff   38      -95235.000 -95819.885  0.61%  11.6   55s
 444325 254195 -95445.311   59   28 -95235.000 -95801.412  0.59%  11.4   60s
 488057 280210 -95511.362   51   26 -95235.000 -95786.241  0.58%  11.1   65s
 533105 306239 -95605.181   72   10 -95235.000 -95771.447  0.56%  10.9   70s
 579223 333187 -95491.120   36   34 -95235.000 -95758.427  0.55%  10.7   75s
 622838 357775 -95588.463   36   38 -95235.000 -95746.731  0.54%  10.5   80s
 670172 384731     cutoff   49      -95235.000 -95735.600  0.53%  10.3   85s
H690973 351174                    -95268.00000 -95731.399  0.49%  10.2   87s
H690978 344990                    -95272.00000 -95731.399  0.48%  10.2   87s
 708304 354434 -95620.420   65   13 -95272.000 -95727.251  0.48%  10.1   90s
 754294 379594 -95565.137   50   13 -95272.000 -95718.102  0.47%  10.0   95s
 801698 405880 -95673.075   51   24 -95272.000 -95709.719  0.46%   9.7  100s
 849064 431607 -95392.853   59   10 -95272.000 -95700.920  0.45%   9.6  105s
 896883 457432 -95421.614  110    8 -95272.000 -95693.063  0.44%   9.4  110s
 942778 482052 -95472.924   62   10 -95272.000 -95686.230  0.43%   9.3  115s
 991002 508667 -95301.460   43   26 -95272.000 -95679.779  0.43%   9.1  120s
 1038892 535198 -95322.738  120    9 -95272.000 -95673.821  0.42%   9.0  125s
 1086794 561749 -95504.205   85   10 -95272.000 -95667.559  0.42%   8.9  130s
 1135840 588603     cutoff   40      -95272.000 -95661.913  0.41%   8.7  135s
 1182722 614285 -95532.697   70   10 -95272.000 -95657.003  0.40%   8.6  140s
 1231539 641235 -95370.436   73   10 -95272.000 -95652.377  0.40%   8.5  145s
 1281090 668760 -95384.540   82    9 -95272.000 -95647.909  0.39%   8.3  150s
 1330678 696153 -95406.345   57   10 -95272.000 -95643.805  0.39%   8.2  155s
 1379209 723134 -95408.336   73    9 -95272.000 -95640.022  0.39%   8.1  160s
 1430923 751962 -95479.516   79   10 -95272.000 -95636.290  0.38%   8.0  165s
 1482099 780827 -95474.509   56   21 -95272.000 -95632.720  0.38%   7.8  170s
 1531382 808512 -95388.154   69   10 -95272.000 -95629.587  0.38%   7.7  175s
 1584189 837809 -95294.922  104   10 -95272.000 -95626.507  0.37%   7.6  180s
 1631141 865029 -95322.192   80   10 -95272.000 -95623.948  0.37%   7.5  185s
 1684114 894921 -95460.106   63   10 -95272.000 -95621.181  0.37%   7.4  190s
 1736504 924805 -95338.087   75   10 -95272.000 -95618.596  0.36%   7.3  195s
 1786207 952676 -95285.662   32   35 -95272.000 -95616.310  0.36%   7.2  200s
 1841962 984565 -95455.069  114   10 -95272.000 -95613.920  0.36%   7.1  205s
 1893053 1012934 -95529.716   73   10 -95272.000 -95611.742  0.36%   7.0  210s
 1946930 1043641 -95496.870   71   10 -95272.000 -95609.730  0.35%   6.9  215s
 2000669 1073765 -95415.413   62   12 -95272.000 -95607.775  0.35%   6.8  220s
 2053498 1103829 -95274.200  104   10 -95272.000 -95605.913  0.35%   6.7  225s
 2107724 1134728 -95539.134   71   10 -95272.000 -95604.191  0.35%   6.6  230s
 2158765 1163070 -95490.892   85   10 -95272.000 -95602.599  0.35%   6.5  235s
 2209738 1192638 -95399.678  119   10 -95272.000 -95601.106  0.35%   6.4  240s
 2264820 1223815 -95466.661   79   10 -95272.000 -95599.513  0.34%   6.4  245s
 2319501 1255108 -95277.230  106    8 -95272.000 -95597.979  0.34%   6.3  250s
 2374711 1286504 -95355.147   85   10 -95272.000 -95596.619  0.34%   6.2  255s
 2428688 1317286 -95290.281   68   10 -95272.000 -95595.314  0.34%   6.1  260s
 2484420 1349208 -95332.063   82    9 -95272.000 -95593.976  0.34%   6.1  265s
 2538877 1380161 -95276.092  127    8 -95272.000 -95592.781  0.34%   6.0  270s
 2593850 1411568 -95326.111   82   10 -95272.000 -95591.628  0.34%   5.9  275s
 2649080 1443122 -95334.784   67   10 -95272.000 -95590.480  0.33%   5.8  280s
 2704064 1474503     cutoff  115      -95272.000 -95589.421  0.33%   5.8  285s
 2759676 1505941 -95537.579   50   10 -95272.000 -95588.375  0.33%   5.7  290s
 2809421 1534014 -95285.960  104    8 -95272.000 -95587.422  0.33%   5.7  295s
 2864714 1565609 -95319.308   34   29 -95272.000 -95586.500  0.33%   5.6  300s
 2920487 1597399 -95322.946   67   10 -95272.000 -95585.519  0.33%   5.5  305s
 2974388 1628060 -95497.059   80   13 -95272.000 -95584.631  0.33%   5.5  310s
 3029828 1659622     cutoff   89      -95272.000 -95583.750  0.33%   5.4  315s
 3087100 1692196 -95274.342   91   10 -95272.000 -95582.896  0.33%   5.4  320s
 3141464 1722715 -95329.271   84   10 -95272.000 -95582.078  0.33%   5.3  325s
 3197916 1754883 -95482.907   72    9 -95272.000 -95581.284  0.32%   5.3  330s
 3252804 1785681 -95296.873   99   10 -95272.000 -95580.514  0.32%   5.2  335s
 3309726 1817579 -95564.171   71   10 -95272.000 -95579.749  0.32%   5.2  340s
 3364735 1848330 -95310.838   54   26 -95272.000 -95579.035  0.32%   5.1  345s
 3420166 1879521 -95502.489   76   10 -95272.000 -95578.351  0.32%   5.1  350s
 3477833 1912134 -95299.928  140    8 -95272.000 -95577.613  0.32%   5.0  355s
 3533896 1943731 -95376.707   79   10 -95272.000 -95576.919  0.32%   5.0  360s
 3589717 1975049 -95321.806   38   26 -95272.000 -95576.237  0.32%   5.0  365s
 3648154 2007765 -95346.362   40   22 -95272.000 -95575.534  0.32%   4.9  370s
 3697780 2036040 -95287.844  120    6 -95272.000 -95575.001  0.32%   4.9  375s
 3752825 2066870 -95554.920   75   10 -95272.000 -95574.340  0.32%   4.9  380s
 3810270 2099515 -95320.739  104   10 -95272.000 -95573.714  0.32%   4.8  385s
 3866789 2131273 -95572.850   65   10 -95272.000 -95573.106  0.32%   4.8  390s
 3923024 2163187 -95469.367   87   10 -95272.000 -95572.521  0.32%   4.7  395s
 3980314 2195428 -95281.647  103   11 -95272.000 -95571.925  0.31%   4.7  400s
 4035875 2226449 -95280.655  138    6 -95272.000 -95571.374  0.31%   4.7  405s
 4091558 2257269 -95353.359   76   10 -95272.000 -95570.838  0.31%   4.6  410s
 4147422 2288562 -95538.705   62   10 -95272.000 -95570.292  0.31%   4.6  415s
 4202562 2319559 -95364.612   79   10 -95272.000 -95569.761  0.31%   4.6  420s
 4259115 2351427 -95495.720   92   10 -95272.000 -95569.244  0.31%   4.6  425s
 4315217 2382206 -95549.459   95   10 -95272.000 -95568.683  0.31%   4.5  430s
 4370298 2412739 -95476.284   55   10 -95272.000 -95568.197  0.31%   4.5  435s
 4426429 2444429 -95323.792  111    9 -95272.000 -95567.731  0.31%   4.5  440s
 4482513 2475329 -95354.130  111   10 -95272.000 -95567.277  0.31%   4.4  445s
 4540066 2507535 -95562.103   70   10 -95272.000 -95566.772  0.31%   4.4  450s
 4594646 2537675 -95342.242   98    9 -95272.000 -95566.300  0.31%   4.4  455s
 4653304 2570301 -95365.500   91    9 -95272.000 -95565.852  0.31%   4.4  460s
 4710974 2602293 -95435.794   97   10 -95272.000 -95565.385  0.31%   4.3  465s
 4762632 2630579 -95368.871   58   10 -95272.000 -95564.985  0.31%   4.3  470s
 4820114 2662444     cutoff   70      -95272.000 -95564.553  0.31%   4.3  475s
 4875097 2692322 -95319.922  112   10 -95272.000 -95564.141  0.31%   4.3  480s
 4932376 2723859 -95500.619   61   13 -95272.000 -95563.717  0.31%   4.2  485s
 4988819 2754859 -95365.959  105   10 -95272.000 -95563.296  0.31%   4.2  490s
 5044314 2785792 -95478.155   90   10 -95272.000 -95562.901  0.31%   4.2  495s
 5100992 2817721 -95521.267   83   10 -95272.000 -95562.488  0.30%   4.2  500s
 5157034 2848452     cutoff   53      -95272.000 -95562.117  0.30%   4.1  505s
 5210169 2877904 -95518.637   78   10 -95272.000 -95561.749  0.30%   4.1  510s
 5268346 2910558 -95368.058  131    9 -95272.000 -95561.339  0.30%   4.1  515s
 5323990 2940793     cutoff   87      -95272.000 -95560.977  0.30%   4.1  520s
 5380498 2971933 -95313.327  101   10 -95272.000 -95560.607  0.30%   4.1  525s
 5436005 3002247 -95315.547   78   13 -95272.000 -95560.230  0.30%   4.0  530s
 5493425 3033946 -95333.825  102   10 -95272.000 -95559.853  0.30%   4.0  535s
 5549845 3064996 -95274.189  102   10 -95272.000 -95559.489  0.30%   4.0  540s
 5604900 3095500 -95403.590   97   10 -95272.000 -95559.151  0.30%   4.0  545s
 5661950 3126653 -95394.996   80    9 -95272.000 -95558.793  0.30%   4.0  550s
 5716850 3156859 -95443.793   93    9 -95272.000 -95558.456  0.30%   3.9  555s
 5772774 3187854 -95364.342   88   10 -95272.000 -95558.121  0.30%   3.9  560s
 5829311 3218820 -95544.348   64   12 -95272.000 -95557.776  0.30%   3.9  565s
 5883673 3248202 -95344.815   91   10 -95272.000 -95557.448  0.30%   3.9  570s
 5941134 3279512 -95273.566   87    9 -95272.000 -95557.124  0.30%   3.9  575s
 5998174 3310743 -95450.467   87   10 -95272.000 -95556.827  0.30%   3.9  580s
 6054256 3341698 -95371.238  116    8 -95272.000 -95556.523  0.30%   3.8  585s
 6111723 3373446 -95298.650   75   13 -95272.000 -95556.207  0.30%   3.8  590s
 6163794 3401910 -95303.285  130    7 -95272.000 -95555.921  0.30%   3.8  595s
 6220905 3432989 -95395.360   76   10 -95272.000 -95555.603  0.30%   3.8  600s

Cutting planes:
  Clique: 79
  StrongCG: 2

Explored 6221318 nodes (23603697 simplex iterations) in 600.00 seconds (878.45 work units)
Thread count was 4 (of 56 available processors)

Solution count 10: -95272 -95268 -95235 ... -94344

Time limit reached
Best objective -9.527200000000e+04, best bound -9.555500000000e+04, gap 0.2970%
