
Gurobi 9.5.0 (linux64) logging started Mon Jun 20 11:52:35 2022

Set parameter LogFile to value "/local_workspace/chenrui/LogFiles/MKAP/new2S_R25_M30_N100_seed1_DWcutsCTp_600.log"
Gurobi Optimizer version 9.5.0 build v9.5.0rc5 (linux64)
Thread count: 56 physical cores, 56 logical processors, using up to 4 threads
Optimize a model with 1630 rows, 3750 columns and 11208 nonzeros
Model fingerprint: 0xa49cbff7
Variable types: 0 continuous, 3750 integer (3750 binary)
Coefficient statistics:
  Matrix range     [1e+00, 2e+03]
  Objective range  [3e+01, 1e+03]
  Bounds range     [1e+00, 1e+00]
  RHS range        [1e-05, 1e+00]
Found heuristic solution: objective 0.0000000
Presolve removed 351 rows and 930 columns
Presolve time: 0.03s
Presolved: 1279 rows, 2820 columns, 8190 nonzeros
Found heuristic solution: objective -15887.00000
Variable types: 0 continuous, 2820 integer (2820 binary)

Root relaxation: objective -3.147551e+04, 3677 iterations, 0.05 seconds (0.04 work units)

    Nodes    |    Current Node    |     Objective Bounds      |     Work
 Expl Unexpl |  Obj  Depth IntInf | Incumbent    BestBd   Gap | It/Node Time

     0     0 -31475.508    0  151 -15887.000 -31475.508  98.1%     -    0s
H    0     0                    -28498.00000 -31475.508  10.4%     -    0s
H    0     0                    -29108.00001 -31475.508  8.13%     -    0s
H    0     0                    -29352.00001 -31475.508  7.23%     -    0s
H    0     0                    -30967.00000 -31475.508  1.64%     -    0s
H    0     0                    -31312.00000 -31475.507  0.52%     -    0s
     0     0 -31475.507    0  119 -31312.000 -31475.507  0.52%     -    0s
     0     0 -31475.507    0  113 -31312.000 -31475.507  0.52%     -    0s
     0     0 -31475.507    0  123 -31312.000 -31475.507  0.52%     -    0s
     0     0 -31475.505    0  104 -31312.000 -31475.505  0.52%     -    0s
     0     0 -31475.505    0   92 -31312.000 -31475.505  0.52%     -    0s
     0     0 -31475.505    0  119 -31312.000 -31475.505  0.52%     -    0s
H    0     0                    -31385.00006 -31475.505  0.29%     -    0s
     0     0 -31475.505    0  110 -31385.000 -31475.505  0.29%     -    0s
     0     0 -31475.505    0  106 -31385.000 -31475.505  0.29%     -    0s
     0     0 -31475.505    0  104 -31385.000 -31475.505  0.29%     -    0s
     0     0 -31475.504    0   84 -31385.000 -31475.504  0.29%     -    0s
     0     0 -31474.732    0   88 -31385.000 -31474.732  0.29%     -    0s
H    0     0                    -31401.00000 -31474.732  0.23%     -    0s
     0     0 -31474.732    0   98 -31401.000 -31474.732  0.23%     -    0s
H    0     0                    -31436.00000 -31474.732  0.12%     -    0s
     0     0 -31468.679    0   79 -31436.000 -31468.679  0.10%     -    0s
     0     0 -31467.198    0   45 -31436.000 -31467.198  0.10%     -    0s
     0     0 -31467.198    0   49 -31436.000 -31467.198  0.10%     -    0s
     0     0 -31467.198    0   23 -31436.000 -31467.198  0.10%     -    0s
     0     0 -31465.966    0   71 -31436.000 -31465.966  0.10%     -    0s
     0     0 -31463.500    0   22 -31436.000 -31463.500  0.09%     -    0s
     0     0 -31463.500    0   23 -31436.000 -31463.500  0.09%     -    0s
     0     0 -31463.500    0   47 -31436.000 -31463.500  0.09%     -    0s
     0     0 -31463.500    0   52 -31436.000 -31463.500  0.09%     -    0s
     0     0 -31462.811    0   56 -31436.000 -31462.811  0.09%     -    0s
     0     0 -31462.048    0   62 -31436.000 -31462.048  0.08%     -    0s
     0     0 -31462.003    0   56 -31436.000 -31462.003  0.08%     -    0s
     0     0 -31462.003    0   55 -31436.000 -31462.003  0.08%     -    0s
     0     0 -31462.003    0   38 -31436.000 -31462.003  0.08%     -    0s
H    0     0                    -31437.00000 -31462.003  0.08%     -    0s
     0     0 -31462.003    0   18 -31437.000 -31462.003  0.08%     -    0s
     0     0 -31462.003    0   48 -31437.000 -31462.003  0.08%     -    0s
     0     0 -31461.504    0   46 -31437.000 -31461.504  0.08%     -    0s
     0     0 -31461.127    0   45 -31437.000 -31461.127  0.08%     -    0s
     0     0 -31457.165    0   49 -31437.000 -31457.165  0.06%     -    0s
     0     0 -31456.468    0   48 -31437.000 -31456.468  0.06%     -    0s
     0     0 -31456.468    0   48 -31437.000 -31456.468  0.06%     -    0s
     0     0 -31450.677    0   33 -31437.000 -31450.677  0.04%     -    0s
     0     0 -31450.677    0   15 -31437.000 -31450.677  0.04%     -    0s
     0     0 -31450.677    0   49 -31437.000 -31450.677  0.04%     -    0s
     0     0 -31450.677    0   51 -31437.000 -31450.677  0.04%     -    0s
     0     0 -31450.677    0   43 -31437.000 -31450.677  0.04%     -    0s
     0     0 -31450.677    0   41 -31437.000 -31450.677  0.04%     -    0s
     0     0 -31450.677    0   42 -31437.000 -31450.677  0.04%     -    0s
     0     0 -31450.677    0   43 -31437.000 -31450.677  0.04%     -    0s
     0     0 -31450.677    0   44 -31437.000 -31450.677  0.04%     -    0s
     0     0 -31450.677    0   43 -31437.000 -31450.677  0.04%     -    0s
     0     0 -31450.677    0   50 -31437.000 -31450.677  0.04%     -    0s
     0     0 -31450.677    0   46 -31437.000 -31450.677  0.04%     -    0s
     0     0 -31450.677    0   46 -31437.000 -31450.677  0.04%     -    0s
     0     2 -31450.519    0   46 -31437.000 -31450.519  0.04%     -    0s

Cutting planes:
  Gomory: 3
  Cover: 6
  Clique: 2
  Zero half: 2
  RLT: 2

Explored 32 nodes (10226 simplex iterations) in 0.66 seconds (0.36 work units)
Thread count was 4 (of 56 available processors)

Solution count 10: -31437 -31437 -31436 ... -28498
No other solutions better than -31437

Optimal solution found (tolerance 1.00e-04)
Best objective -3.143700000000e+04, best bound -3.143700000000e+04, gap 0.0000%
