
Gurobi 9.5.0 (linux64) logging started Mon Jun 20 09:22:50 2022

Set parameter LogFile to value "/local_workspace/chenrui/LogFiles/MKAP/new2S_R5_M30_N50_seed8_DWcutsCTp1_600.log"
Gurobi Optimizer version 9.5.0 build v9.5.0rc5 (linux64)
Thread count: 56 physical cores, 56 logical processors, using up to 4 threads
Optimize a model with 463 rows, 1650 columns and 5756 nonzeros
Model fingerprint: 0x345f9da5
Variable types: 0 continuous, 1650 integer (1650 binary)
Coefficient statistics:
  Matrix range     [6e-11, 1e+03]
  Objective range  [2e+02, 1e+03]
  Bounds range     [1e+00, 1e+00]
  RHS range        [1e-05, 1e+00]
Warning: Model contains large matrix coefficient range
         Consider reformulating model or setting NumericFocus parameter
         to avoid numerical issues.
Found heuristic solution: objective 0.0000000
Presolve removed 220 rows and 1079 columns
Presolve time: 0.01s
Presolved: 243 rows, 571 columns, 1853 nonzeros
Found heuristic solution: objective -11185.00000
Variable types: 0 continuous, 571 integer (571 binary)
Found heuristic solution: objective -11479.00000

Root relaxation: objective -1.567100e+04, 319 iterations, 0.00 seconds (0.00 work units)

    Nodes    |    Current Node    |     Objective Bounds      |     Work
 Expl Unexpl |  Obj  Depth IntInf | Incumbent    BestBd   Gap | It/Node Time

*    0     0               0    -15671.00035 -15671.000  0.00%     -    0s

Explored 1 nodes (371 simplex iterations) in 0.02 seconds (0.01 work units)
Thread count was 4 (of 56 available processors)

Solution count 4: -15671 -11479 -11185 0 

Optimal solution found (tolerance 1.00e-04)
Best objective -1.567100000000e+04, best bound -1.567100000000e+04, gap 0.0000%
