
Gurobi 9.5.0 (linux64) logging started Thu Apr 28 15:38:02 2022

Set parameter LogFile to value "/local_workspace/chenrui/LogFiles/MKAP/new2S_R10_M10_N100_seed7_DWcutsCT1_600.log"
Gurobi Optimizer version 9.5.0 build v9.5.0rc5 (linux64)
Thread count: 56 physical cores, 56 logical processors, using up to 4 threads
Optimize a model with 409 rows, 1100 columns and 4359 nonzeros
Model fingerprint: 0xffce007d
Variable types: 0 continuous, 1100 integer (1100 binary)
Coefficient statistics:
  Matrix range     [1e-13, 6e+03]
  Objective range  [1e+02, 1e+03]
  Bounds range     [1e+00, 1e+00]
  RHS range        [1e+00, 1e+00]
Warning: Model contains large matrix coefficient range
         Consider reformulating model or setting NumericFocus parameter
         to avoid numerical issues.
Found heuristic solution: objective 0.0000000
Presolve removed 7 rows and 68 columns
Presolve time: 0.01s
Presolved: 402 rows, 1032 columns, 4031 nonzeros
Found heuristic solution: objective -5763.000000
Variable types: 0 continuous, 1032 integer (1032 binary)

Root relaxation: objective -3.182201e+04, 1935 iterations, 0.04 seconds (0.03 work units)

    Nodes    |    Current Node    |     Objective Bounds      |     Work
 Expl Unexpl |  Obj  Depth IntInf | Incumbent    BestBd   Gap | It/Node Time

     0     0 -31822.006    0  132 -5763.0000 -31822.006   452%     -    0s
H    0     0                    -30626.00000 -31822.006  3.91%     -    0s
H    0     0                    -30661.00000 -31822.006  3.79%     -    0s
H    0     0                    -30787.00000 -31822.006  3.36%     -    0s
H    0     0                    -31350.00000 -31822.006  1.51%     -    0s
H    0     0                    -31661.00000 -31822.005  0.51%     -    0s
     0     0 -31822.005    0   41 -31661.000 -31822.005  0.51%     -    0s
H    0     0                    -31775.00000 -31822.005  0.15%     -    0s
     0     0 -31822.005    0   31 -31775.000 -31822.005  0.15%     -    0s
     0     0 -31822.005    0   37 -31775.000 -31822.005  0.15%     -    0s
     0     0 -31822.005    0   12 -31775.000 -31822.005  0.15%     -    0s
     0     0 -31822.005    0   42 -31775.000 -31822.005  0.15%     -    0s
     0     0 -31822.005    0   14 -31775.000 -31822.005  0.15%     -    0s
     0     0 -31821.998    0   20 -31775.000 -31821.998  0.15%     -    0s
     0     0 -31821.998    0  101 -31775.000 -31821.998  0.15%     -    0s
     0     0 -31821.740    0   64 -31775.000 -31821.740  0.15%     -    0s
     0     0 -31821.740    0   64 -31775.000 -31821.740  0.15%     -    0s
     0     2 -31821.740    0   64 -31775.000 -31821.740  0.15%     -    0s

Cutting planes:
  Gomory: 1
  Cover: 43
  Clique: 171
  MIR: 2
  StrongCG: 4

Explored 317 nodes (11020 simplex iterations) in 0.52 seconds (0.45 work units)
Thread count was 4 (of 56 available processors)

Solution count 8: -31775 -31661 -31350 ... 0
No other solutions better than -31775

Optimal solution found (tolerance 1.00e-04)
Best objective -3.177500000000e+04, best bound -3.177500000000e+04, gap 0.0000%

Gurobi 9.5.0 (linux64) logging started Thu Apr 28 17:32:33 2022

Set parameter LogFile to value "/local_workspace/chenrui/LogFiles/MKAP/new2S_R10_M10_N100_seed7_DWcutsCT1_600.log"
Gurobi Optimizer version 9.5.0 build v9.5.0rc5 (linux64)
Thread count: 56 physical cores, 56 logical processors, using up to 4 threads
Optimize a model with 409 rows, 1100 columns and 4359 nonzeros
Model fingerprint: 0xffce007d
Variable types: 0 continuous, 1100 integer (1100 binary)
Coefficient statistics:
  Matrix range     [1e-13, 6e+03]
  Objective range  [1e+02, 1e+03]
  Bounds range     [1e+00, 1e+00]
  RHS range        [1e+00, 1e+00]
Warning: Model contains large matrix coefficient range
         Consider reformulating model or setting NumericFocus parameter
         to avoid numerical issues.
Found heuristic solution: objective 0.0000000
Presolve removed 7 rows and 68 columns
Presolve time: 0.01s
Presolved: 402 rows, 1032 columns, 4031 nonzeros
Found heuristic solution: objective -5763.000000
Variable types: 0 continuous, 1032 integer (1032 binary)

Root relaxation: objective -3.182201e+04, 1935 iterations, 0.04 seconds (0.03 work units)

    Nodes    |    Current Node    |     Objective Bounds      |     Work
 Expl Unexpl |  Obj  Depth IntInf | Incumbent    BestBd   Gap | It/Node Time

     0     0 -31822.006    0  132 -5763.0000 -31822.006   452%     -    0s
H    0     0                    -30626.00000 -31822.006  3.91%     -    0s
H    0     0                    -30661.00000 -31822.006  3.79%     -    0s
H    0     0                    -30787.00000 -31822.006  3.36%     -    0s
H    0     0                    -31350.00000 -31822.006  1.51%     -    0s
H    0     0                    -31661.00000 -31822.005  0.51%     -    0s
     0     0 -31822.005    0   41 -31661.000 -31822.005  0.51%     -    0s
H    0     0                    -31775.00000 -31822.005  0.15%     -    0s
     0     0 -31822.005    0   31 -31775.000 -31822.005  0.15%     -    0s
     0     0 -31822.005    0   37 -31775.000 -31822.005  0.15%     -    0s
     0     0 -31822.005    0   12 -31775.000 -31822.005  0.15%     -    0s
     0     0 -31822.005    0   42 -31775.000 -31822.005  0.15%     -    0s
     0     0 -31822.005    0   14 -31775.000 -31822.005  0.15%     -    0s
     0     0 -31821.998    0   20 -31775.000 -31821.998  0.15%     -    0s
     0     0 -31821.998    0  101 -31775.000 -31821.998  0.15%     -    0s
     0     0 -31821.740    0   64 -31775.000 -31821.740  0.15%     -    0s
     0     0 -31821.740    0   64 -31775.000 -31821.740  0.15%     -    0s
     0     2 -31821.740    0   64 -31775.000 -31821.740  0.15%     -    0s

Cutting planes:
  Gomory: 1
  Cover: 43
  Clique: 171
  MIR: 2
  StrongCG: 4

Explored 317 nodes (11020 simplex iterations) in 0.48 seconds (0.45 work units)
Thread count was 4 (of 56 available processors)

Solution count 8: -31775 -31661 -31350 ... 0
No other solutions better than -31775

Optimal solution found (tolerance 1.00e-04)
Best objective -3.177500000000e+04, best bound -3.177500000000e+04, gap 0.0000%

Gurobi 9.5.0 (linux64) logging started Thu Apr 28 23:31:11 2022

Set parameter LogFile to value "/local_workspace/chenrui/LogFiles/MKAP/new2S_R10_M10_N100_seed7_DWcutsCT1_600.log"
Gurobi Optimizer version 9.5.0 build v9.5.0rc5 (linux64)
Thread count: 56 physical cores, 56 logical processors, using up to 4 threads
Optimize a model with 409 rows, 1100 columns and 4359 nonzeros
Model fingerprint: 0xdaedc79c
Variable types: 0 continuous, 1100 integer (1100 binary)
Coefficient statistics:
  Matrix range     [1e-13, 6e+03]
  Objective range  [1e+02, 1e+03]
  Bounds range     [1e+00, 1e+00]
  RHS range        [1e-13, 1e+00]
Warning: Model contains large matrix coefficient range
         Consider reformulating model or setting NumericFocus parameter
         to avoid numerical issues.
Found heuristic solution: objective 0.0000000
Presolve removed 7 rows and 68 columns
Presolve time: 0.01s
Presolved: 402 rows, 1032 columns, 4031 nonzeros
Found heuristic solution: objective -5763.000000
Variable types: 0 continuous, 1032 integer (1032 binary)

Root relaxation: objective -3.182201e+04, 1692 iterations, 0.03 seconds (0.03 work units)

    Nodes    |    Current Node    |     Objective Bounds      |     Work
 Expl Unexpl |  Obj  Depth IntInf | Incumbent    BestBd   Gap | It/Node Time

     0     0 -31822.006    0  128 -5763.0000 -31822.006   452%     -    0s
H    0     0                    -29982.00000 -31822.006  6.14%     -    0s
H    0     0                    -30512.00000 -31822.006  4.29%     -    0s
H    0     0                    -30670.00000 -31822.006  3.76%     -    0s
     0     0 -31822.005    0   33 -30670.000 -31822.005  3.76%     -    0s
H    0     0                    -31307.00000 -31822.005  1.65%     -    0s
     0     0 -31822.005    0   33 -31307.000 -31822.005  1.65%     -    0s
H    0     0                    -31775.00000 -31822.005  0.15%     -    0s
     0     0 -31822.005    0   47 -31775.000 -31822.005  0.15%     -    0s
     0     0 -31822.005    0   44 -31775.000 -31822.005  0.15%     -    0s
     0     0 -31822.004    0   75 -31775.000 -31822.004  0.15%     -    0s
     0     0 -31822.004    0   40 -31775.000 -31822.004  0.15%     -    0s
     0     0 -31822.004    0   16 -31775.000 -31822.004  0.15%     -    0s
     0     0 -31822.004    0   75 -31775.000 -31822.004  0.15%     -    0s
     0     0 -31821.996    0   38 -31775.000 -31821.996  0.15%     -    0s
     0     0 -31821.992    0   38 -31775.000 -31821.992  0.15%     -    0s
     0     2 -31821.992    0   38 -31775.000 -31821.992  0.15%     -    0s

Cutting planes:
  Cover: 42
  Clique: 195
  MIR: 3
  StrongCG: 2
  RLT: 1

Explored 162 nodes (9190 simplex iterations) in 0.44 seconds (0.39 work units)
Thread count was 4 (of 56 available processors)

Solution count 7: -31775 -31307 -30670 ... 0
No other solutions better than -31775

Optimal solution found (tolerance 1.00e-04)
Best objective -3.177500000000e+04, best bound -3.177500000000e+04, gap 0.0000%

Gurobi 9.5.0 (linux64) logging started Fri Apr 29 21:00:13 2022

Set parameter LogFile to value "/local_workspace/chenrui/LogFiles/MKAP/new2S_R10_M10_N100_seed7_DWcutsCT1_600.log"
Gurobi Optimizer version 9.5.0 build v9.5.0rc5 (linux64)
Thread count: 56 physical cores, 56 logical processors, using up to 4 threads
Optimize a model with 409 rows, 1100 columns and 4359 nonzeros
Model fingerprint: 0xdaedc79c
Variable types: 0 continuous, 1100 integer (1100 binary)
Coefficient statistics:
  Matrix range     [1e-13, 6e+03]
  Objective range  [1e+02, 1e+03]
  Bounds range     [1e+00, 1e+00]
  RHS range        [1e-13, 1e+00]
Warning: Model contains large matrix coefficient range
         Consider reformulating model or setting NumericFocus parameter
         to avoid numerical issues.
Found heuristic solution: objective 0.0000000
Presolve removed 7 rows and 68 columns
Presolve time: 0.01s
Presolved: 402 rows, 1032 columns, 4031 nonzeros
Found heuristic solution: objective -5763.000000
Variable types: 0 continuous, 1032 integer (1032 binary)

Root relaxation: objective -3.182201e+04, 1692 iterations, 0.03 seconds (0.03 work units)

    Nodes    |    Current Node    |     Objective Bounds      |     Work
 Expl Unexpl |  Obj  Depth IntInf | Incumbent    BestBd   Gap | It/Node Time

     0     0 -31822.006    0  128 -5763.0000 -31822.006   452%     -    0s
H    0     0                    -29982.00000 -31822.006  6.14%     -    0s
H    0     0                    -30512.00000 -31822.006  4.29%     -    0s
H    0     0                    -30670.00000 -31822.006  3.76%     -    0s
     0     0 -31822.005    0   33 -30670.000 -31822.005  3.76%     -    0s
H    0     0                    -31307.00000 -31822.005  1.65%     -    0s
     0     0 -31822.005    0   33 -31307.000 -31822.005  1.65%     -    0s
H    0     0                    -31775.00000 -31822.005  0.15%     -    0s
     0     0 -31822.005    0   47 -31775.000 -31822.005  0.15%     -    0s
     0     0 -31822.005    0   44 -31775.000 -31822.005  0.15%     -    0s
     0     0 -31822.004    0   75 -31775.000 -31822.004  0.15%     -    0s
     0     0 -31822.004    0   40 -31775.000 -31822.004  0.15%     -    0s
     0     0 -31822.004    0   16 -31775.000 -31822.004  0.15%     -    0s
     0     0 -31822.004    0   75 -31775.000 -31822.004  0.15%     -    0s
     0     0 -31821.996    0   38 -31775.000 -31821.996  0.15%     -    0s
     0     0 -31821.992    0   38 -31775.000 -31821.992  0.15%     -    0s
     0     2 -31821.992    0   38 -31775.000 -31821.992  0.15%     -    0s

Cutting planes:
  Cover: 42
  Clique: 195
  MIR: 3
  StrongCG: 2
  RLT: 1

Explored 162 nodes (9190 simplex iterations) in 0.44 seconds (0.39 work units)
Thread count was 4 (of 56 available processors)

Solution count 7: -31775 -31307 -30670 ... 0
No other solutions better than -31775

Optimal solution found (tolerance 1.00e-04)
Best objective -3.177500000000e+04, best bound -3.177500000000e+04, gap 0.0000%
