
Gurobi 9.5.0 (linux64) logging started Mon Jun 20 09:26:53 2022

Set parameter LogFile to value "/local_workspace/chenrui/LogFiles/MKAP/new2S_R10_M20_N50_seed10_DWcutsCTp1_600.log"
Gurobi Optimizer version 9.5.0 build v9.5.0rc5 (linux64)
Thread count: 56 physical cores, 56 logical processors, using up to 4 threads
Optimize a model with 574 rows, 1200 columns and 3936 nonzeros
Model fingerprint: 0x1944e720
Variable types: 0 continuous, 1200 integer (1200 binary)
Coefficient statistics:
  Matrix range     [1e-13, 2e+03]
  Objective range  [6e+01, 1e+03]
  Bounds range     [1e+00, 1e+00]
  RHS range        [1e-05, 1e+00]
Warning: Model contains large matrix coefficient range
         Consider reformulating model or setting NumericFocus parameter
         to avoid numerical issues.
Found heuristic solution: objective 0.0000000
Presolve removed 183 rows and 510 columns
Presolve time: 0.01s
Presolved: 391 rows, 690 columns, 2254 nonzeros
Found heuristic solution: objective -8551.000000
Variable types: 0 continuous, 690 integer (690 binary)

Root relaxation: objective -1.731537e+04, 830 iterations, 0.01 seconds (0.01 work units)

    Nodes    |    Current Node    |     Objective Bounds      |     Work
 Expl Unexpl |  Obj  Depth IntInf | Incumbent    BestBd   Gap | It/Node Time

     0     0 -17315.372    0  108 -8551.0000 -17315.372   102%     -    0s
H    0     0                    -16856.00000 -17315.372  2.73%     -    0s
H    0     0                    -16940.00000 -17315.372  2.22%     -    0s
H    0     0                    -17293.00000 -17315.372  0.13%     -    0s
     0     0 -17315.371    0  109 -17293.000 -17315.371  0.13%     -    0s
     0     0 -17315.334    0   23 -17293.000 -17315.334  0.13%     -    0s
H    0     0                    -17294.00013 -17315.334  0.12%     -    0s

Cutting planes:
  Gomory: 15
  Cover: 1
  Clique: 10
  MIR: 1

Explored 1 nodes (1089 simplex iterations) in 0.07 seconds (0.03 work units)
Thread count was 4 (of 56 available processors)

Solution count 7: -17294 -17293 -16940 ... 0
No other solutions better than -17294

Optimal solution found (tolerance 1.00e-04)
Warning: max constraint violation (8.9407e-06) exceeds tolerance
Best objective -1.729400012822e+04, best bound -1.729400012822e+04, gap 0.0000%
