
Gurobi 9.5.0 (linux64) logging started Sat Apr 30 04:28:48 2022

Set parameter LogFile to value "/local_workspace/chenrui/LogFiles/MKAP/new2S_R25_M30_N300_seed5_DWcuts_600.log"
Gurobi Optimizer version 9.5.0 build v9.5.0rc5 (linux64)
Thread count: 56 physical cores, 56 logical processors, using up to 4 threads
Optimize a model with 1830 rows, 9750 columns and 29250 nonzeros
Model fingerprint: 0x784dab98
Variable types: 0 continuous, 9750 integer (9750 binary)
Coefficient statistics:
  Matrix range     [1e-11, 6e+03]
  Objective range  [4e+01, 1e+03]
  Bounds range     [1e+00, 1e+00]
  RHS range        [2e-13, 1e+00]
Warning: Model contains large matrix coefficient range
         Consider reformulating model or setting NumericFocus parameter
         to avoid numerical issues.
Found heuristic solution: objective 0.0000000
Presolve removed 32 rows and 961 columns
Presolve time: 0.06s
Presolved: 1798 rows, 8789 columns, 26286 nonzeros
Found heuristic solution: objective -12228.00000
Variable types: 0 continuous, 8789 integer (8789 binary)

Root relaxation: objective -9.467817e+04, 6642 iterations, 0.14 seconds (0.13 work units)

    Nodes    |    Current Node    |     Objective Bounds      |     Work
 Expl Unexpl |  Obj  Depth IntInf | Incumbent    BestBd   Gap | It/Node Time

     0     0 -94678.170    0  143 -12228.000 -94678.170   674%     -    0s
H    0     0                    -90883.00000 -94678.170  4.18%     -    0s
H    0     0                    -91427.00000 -94678.170  3.56%     -    0s
H    0     0                    -92523.00000 -94678.170  2.33%     -    0s
     0     0 -94678.170    0  406 -92523.000 -94678.170  2.33%     -    1s
H    0     0                    -92580.00000 -94678.170  2.27%     -    1s
H    0     0                    -92598.00000 -94678.170  2.25%     -    1s
     0     0 -94678.170    0  328 -92598.000 -94678.170  2.25%     -    1s
     0     0 -94678.170    0  195 -92598.000 -94678.170  2.25%     -    2s
     0     0 -94678.170    0  245 -92598.000 -94678.170  2.25%     -    2s
H    0     0                    -92743.00000 -94678.170  2.09%     -    2s
     0     0 -94678.170    0  389 -92743.000 -94678.170  2.09%     -    2s
     0     0 -94678.170    0  389 -92743.000 -94678.170  2.09%     -    2s
     0     2 -94678.170    0  385 -92743.000 -94678.170  2.09%     -    2s
H   27    32                    -92744.00000 -94678.170  2.09%   871    3s
H   28    32                    -92799.00000 -94678.170  2.02%   879    3s
H   30    32                    -92971.00000 -94678.170  1.84%   867    3s
H  223   240                    -93037.00000 -94678.170  1.76%   475    4s
   241   274 -94528.765   47   95 -93037.000 -94678.170  1.76%   489    5s
H  260   274                    -93078.00000 -94678.170  1.72%   478    5s
H  593   549                    -93110.00000 -94678.170  1.68%   369    7s
H 1056   879                    -93151.00000 -94678.170  1.64%   309   10s
H 1056   835                    -93247.00000 -94678.170  1.53%   309   10s
  1065   844 -94678.170   12  206 -93247.000 -94678.170  1.53%   347   15s
  1083   858 -94567.475   15  295 -93247.000 -94678.170  1.53%   354   20s
H 1094   822                    -93321.00000 -94678.170  1.45%   355   22s
  1126   844 -94678.170   19  260 -93321.000 -94678.170  1.45%   354   25s
H 1162   830                    -93396.00000 -94678.170  1.37%   371   27s
  1271   930 -94678.170   32  211 -93396.000 -94678.170  1.37%   368   31s
  1310   961 -94678.170   36  233 -93396.000 -94678.170  1.37%   366   35s
H 1358  1063                    -93499.00000 -94678.170  1.26%   366   37s
H 1535  1099                    -93606.00000 -94678.170  1.15%   365   39s
  1657  1272 -94678.170   60  210 -93606.000 -94678.170  1.15%   357   40s
  1894  1423 -94654.279   83  189 -93606.000 -94678.170  1.15%   338   45s
H 2148  1299                    -93781.00000 -94678.170  0.96%   319   45s
H 2747  1573                    -93791.00000 -94678.170  0.95%   291   49s
H 2780  1522                    -93886.00000 -94678.170  0.84%   290   49s
  2782  1698 -94670.678   27  279 -93886.000 -94678.170  0.84%   290   51s
  3273  2647 -94613.211  105  208 -93886.000 -94678.170  0.84%   288   55s
H 4080  2634                    -93924.00000 -94678.170  0.80%   260   59s
  4087  2741 -94612.865  190  149 -93924.000 -94678.170  0.80%   260   62s
H 4162  2691                    -94004.00000 -94678.170  0.72%   258   62s
  4209  3323 -94609.065  217  167 -94004.000 -94678.170  0.72%   256   65s
  5761  4028 -94121.855   85  145 -94004.000 -94678.170  0.72%   228   72s
H 5954  4000                    -94040.00000 -94678.170  0.68%   226   74s
  6064  4575 -94111.183   96  226 -94040.000 -94678.170  0.68%   228   77s
  6791  4960 -94640.165   80  277 -94040.000 -94678.170  0.68%   217   89s
H 6890  4831                    -94078.00000 -94678.170  0.64%   217   89s
  7230  4918     cutoff  177      -94078.000 -94678.170  0.64%   215   93s
  7421  5556 -94678.170   36  289 -94078.000 -94678.170  0.64%   215   96s
H 8404  5158                    -94185.00000 -94678.170  0.52%   211   98s
  8584  5147 -94301.376  166  182 -94185.000 -94678.170  0.52%   211  105s
  8893  5697 -94678.170   73  307 -94185.000 -94678.170  0.52%   220  112s
  9184  6386 -94674.047   98  264 -94185.000 -94678.170  0.52%   223  115s
H 9962  6295                    -94202.00000 -94678.170  0.51%   220  119s
  9966  6600 -94678.170   68  387 -94202.000 -94678.170  0.51%   221  122s
 10336  7256 -94631.474   91  251 -94202.000 -94678.170  0.51%   227  127s
 11128  7308 -94678.170   82  224 -94202.000 -94678.170  0.51%   236  132s
H11175  7220                    -94212.00000 -94678.170  0.49%   236  132s
H11187  6922                    -94236.00000 -94678.170  0.47%   237  132s
 11190  7561 -94678.170   86  307 -94236.000 -94678.170  0.47%   237  136s
 11936  7660 -94587.810  124  194 -94236.000 -94678.170  0.47%   248  147s
 12104  8336 -94569.198  125  186 -94236.000 -94678.170  0.47%   248  152s
 13260  8509 -94586.096   77  297 -94236.000 -94678.170  0.47%   251  157s
 13478  8807 -94295.358  142  250 -94236.000 -94678.170  0.47%   252  161s
 13871  9302 -94673.271   89  317 -94236.000 -94678.170  0.47%   255  165s
 14906 10052 -94413.662  106  311 -94236.000 -94678.170  0.47%   259  173s
 15336 10198 -94678.170   38  374 -94236.000 -94678.170  0.47%   264  178s
 15494 10348 -94642.322   43  228 -94236.000 -94678.170  0.47%   268  183s
 15649 11076 -94636.180   75  241 -94236.000 -94678.170  0.47%   270  188s
 16530 11547 -94593.376  272  200 -94236.000 -94678.170  0.47%   271  193s
 17108 11586 -94538.950   89  243 -94236.000 -94678.170  0.47%   273  200s
 17532 12165 -94551.992  100  254 -94236.000 -94678.170  0.47%   281  210s
 17818 12494 -94678.170   37  415 -94236.000 -94678.170  0.47%   284  215s
 18215 12593 infeasible   88      -94236.000 -94678.170  0.47%   290  220s
 18379 12943 -94678.170   58  286 -94236.000 -94678.170  0.47%   294  225s
 18765 13271 -94342.602  193  177 -94236.000 -94678.170  0.47%   301  238s
H18902 12837                    -94256.00000 -94678.170  0.45%   304  238s
 19146 13080 -94610.375   30  406 -94256.000 -94678.170  0.45%   306  244s
H19147 12636                    -94282.00000 -94678.170  0.42%   306  244s
 19405 13214 -94398.013   34  294 -94282.000 -94678.170  0.42%   308  250s
 20059 13598 -94306.567  126  192 -94282.000 -94678.170  0.42%   312  256s
 20559 13599 -94557.195  199  389 -94282.000 -94678.170  0.42%   316  261s
 20568 13605 -94497.204   96  568 -94282.000 -94678.170  0.42%   316  267s
 20571 13610 -94678.170   24  518 -94282.000 -94678.170  0.42%   318  276s
 20573 13611 -94678.170   25  432 -94282.000 -94678.170  0.42%   318  281s
 20581 13615 -94678.170   27  412 -94282.000 -94678.170  0.42%   318  288s
 20585 13617 -94566.373   27  420 -94282.000 -94678.170  0.42%   318  291s
 20593 13621 -94588.761   28  351 -94282.000 -94678.170  0.42%   318  295s
 20610 13630 -94678.170   30  268 -94282.000 -94678.170  0.42%   318  300s
 20635 13639 -94678.170   32  226 -94282.000 -94678.170  0.42%   319  305s
 20667 13662 -94660.561   38  216 -94282.000 -94678.170  0.42%   319  311s
 20731 13705 -94678.170   51  207 -94282.000 -94678.170  0.42%   319  315s
H20780 13066                    -94311.00000 -94678.170  0.39%   319  317s
 20847 13108 -94629.354   64  216 -94311.000 -94678.170  0.39%   318  320s
 21095 13246 -94658.036  101  212 -94311.000 -94678.170  0.39%   317  325s
 21429 13427 -94678.170  137  288 -94311.000 -94678.170  0.39%   316  331s
 21497 13564 -94636.241  142  233 -94311.000 -94678.170  0.39%   316  335s
 22071 14157 -94678.170  186  222 -94311.000 -94678.170  0.39%   312  344s
 22610 14005 -94678.170  226  240 -94311.000 -94678.170  0.39%   309  351s
 22646 14534 -94671.381  230  207 -94311.000 -94678.170  0.39%   309  356s
 23327 14931 -94641.327  273  209 -94311.000 -94678.170  0.39%   305  360s
 24875 15194     cutoff  405      -94311.000 -94678.170  0.39%   294  367s
 25261 15223     cutoff  136      -94311.000 -94678.170  0.39%   293  370s
 25840 15777 -94678.170  170  283 -94311.000 -94678.170  0.39%   291  378s
 26400 16176 -94678.170  341  186 -94311.000 -94678.170  0.39%   289  382s
 27125 16173 -94523.269  435  226 -94311.000 -94678.170  0.39%   285  386s
 27427 16251 -94407.688  475  191 -94311.000 -94678.170  0.39%   284  390s
 27683 16478 -94621.096  347  250 -94311.000 -94678.170  0.39%   283  395s
 28117 16756 -94318.446  355  281 -94311.000 -94678.170  0.39%   281  400s
 29241 16882 -94583.077  351  307 -94311.000 -94678.170  0.39%   279  409s
 29598 17017 -94594.317  356  299 -94311.000 -94678.170  0.39%   279  414s
 29982 17219 -94331.565  367  313 -94311.000 -94678.170  0.39%   280  418s
 30433 17299 -94624.302  362  304 -94311.000 -94678.170  0.39%   281  423s
 30732 17483 -94378.394  399  317 -94311.000 -94678.170  0.39%   284  428s
 31109 17905 -94417.142  232  344 -94311.000 -94678.170  0.39%   286  467s
 31853 18087 -94320.234  428  307 -94311.000 -94678.170  0.39%   287  472s
 32522 18228 -94436.316  389  243 -94311.000 -94678.170  0.39%   288  478s
 33059 18273 -94617.681  203  362 -94311.000 -94678.170  0.39%   290  484s
 33427 18287 -94314.492  316  358 -94311.000 -94678.170  0.39%   292  491s
 33640 18371 -94353.360  204  370 -94311.000 -94678.170  0.39%   295  499s
 33845 18639 -94320.555  260  363 -94311.000 -94678.170  0.39%   297  506s
 34338 18701     cutoff  466      -94311.000 -94678.170  0.39%   301  518s
 34664 18896 -94334.441  395  257 -94311.000 -94678.170  0.39%   304  526s
 35137 19253 -94622.790  289  382 -94311.000 -94678.170  0.39%   307  534s
 35779 19300 -94420.165  487  179 -94311.000 -94678.170  0.39%   310  542s
 36217 19384 -94411.780  316  270 -94311.000 -94678.170  0.39%   313  551s
 36565 19685 -94392.584  160  321 -94311.000 -94678.170  0.39%   316  559s
 37091 19935 -94462.358  172  403 -94311.000 -94678.170  0.39%   319  575s
 37714 19976     cutoff  241      -94311.000 -94678.170  0.39%   321  584s
 38157 20066 -94326.074  335  375 -94311.000 -94678.170  0.39%   324  593s
 38694 20190 -94463.131  307  297 -94311.000 -94678.170  0.39%   328  600s

Cutting planes:
  Gomory: 113
  Cover: 1780
  Clique: 545
  MIR: 138
  StrongCG: 154
  Flow cover: 133
  Inf proof: 1
  Zero half: 48
  RLT: 12

Explored 39062 nodes (12928266 simplex iterations) in 600.01 seconds (943.94 work units)
Thread count was 4 (of 56 available processors)

Solution count 10: -94311 -94282 -94256 ... -94004

Time limit reached
Best objective -9.431100000000e+04, best bound -9.467800000000e+04, gap 0.3891%
