
Gurobi 9.5.0 (linux64) logging started Wed May  4 17:34:29 2022

Set parameter LogFile to value "/local_workspace/chenrui/LogFiles/MKAP/new2S_R25_M40_N100_seed3_DWcuts_600.log"
Gurobi Optimizer version 9.5.0 build v9.5.0rc5 (linux64)
Thread count: 56 physical cores, 56 logical processors, using up to 4 threads
Optimize a model with 2140 rows, 5000 columns and 15000 nonzeros
Model fingerprint: 0x9e805cee
Variable types: 0 continuous, 5000 integer (5000 binary)
Coefficient statistics:
  Matrix range     [1e+00, 1e+03]
  Objective range  [6e+01, 1e+03]
  Bounds range     [1e+00, 1e+00]
  RHS range        [7e-15, 1e+00]
Found heuristic solution: objective 0.0000000
Presolve removed 1009 rows and 2043 columns
Presolve time: 0.04s
Presolved: 1131 rows, 2957 columns, 8138 nonzeros
Found heuristic solution: objective -28332.00000
Variable types: 0 continuous, 2957 integer (2957 binary)

Root relaxation: objective -3.359251e+04, 2824 iterations, 0.03 seconds (0.03 work units)

    Nodes    |    Current Node    |     Objective Bounds      |     Work
 Expl Unexpl |  Obj  Depth IntInf | Incumbent    BestBd   Gap | It/Node Time

     0     0 -33592.506    0   10 -28332.000 -33592.506  18.6%     -    0s
H    0     0                    -33196.00000 -33592.506  1.19%     -    0s
H    0     0                    -33405.00000 -33592.506  0.56%     -    0s
H    0     0                    -33454.00000 -33592.506  0.41%     -    0s
     0     0 -33592.506    0   20 -33454.000 -33592.506  0.41%     -    0s
     0     0 -33592.506    0   55 -33454.000 -33592.506  0.41%     -    0s
     0     0 -33592.506    0   61 -33454.000 -33592.506  0.41%     -    0s
H    0     0                    -33501.00000 -33592.506  0.27%     -    0s
     0     0 -33592.506    0   49 -33501.000 -33592.506  0.27%     -    0s
     0     0 -33592.506    0   42 -33501.000 -33592.506  0.27%     -    0s
H    0     0                    -33565.00000 -33592.506  0.08%     -    0s
     0     0 -33592.506    0   47 -33565.000 -33592.506  0.08%     -    0s
*    0     0               0    -33592.00000 -33592.000  0.00%     -    0s

Explored 1 nodes (6958 simplex iterations) in 0.30 seconds (0.20 work units)
Thread count was 4 (of 56 available processors)

Solution count 10: -33592 -33565 -33565 ... -28332
No other solutions better than -33592

Optimal solution found (tolerance 1.00e-04)
Best objective -3.359200000000e+04, best bound -3.359200000000e+04, gap 0.0000%
