
Gurobi 9.5.0 (linux64) logging started Sat Jun 18 20:45:19 2022

Set parameter LogFile to value "/local_workspace/chenrui/LogFiles/MKAP/new2S_R25_M20_N300_seed10_DWcutsCTp1_600.log"
Gurobi Optimizer version 9.5.0 build v9.5.0rc5 (linux64)
Thread count: 56 physical cores, 56 logical processors, using up to 4 threads
Optimize a model with 1805 rows, 6500 columns and 25668 nonzeros
Model fingerprint: 0x05ecd1ad
Variable types: 0 continuous, 6500 integer (6500 binary)
Coefficient statistics:
  Matrix range     [1e-13, 9e+03]
  Objective range  [2e+01, 1e+03]
  Bounds range     [1e+00, 1e+00]
  RHS range        [1e-05, 1e+00]
Warning: Model contains large matrix coefficient range
         Consider reformulating model or setting NumericFocus parameter
         to avoid numerical issues.
Found heuristic solution: objective 0.0000000
Presolve removed 30 rows and 430 columns
Presolve time: 0.06s
Presolved: 1775 rows, 6070 columns, 23886 nonzeros
Variable types: 0 continuous, 6070 integer (6070 binary)
Found heuristic solution: objective -8699.000000

Root relaxation: objective -9.645003e+04, 9634 iterations, 0.33 seconds (0.32 work units)

    Nodes    |    Current Node    |     Objective Bounds      |     Work
 Expl Unexpl |  Obj  Depth IntInf | Incumbent    BestBd   Gap | It/Node Time

     0     0 -96450.028    0  374 -8699.0000 -96450.028  1009%     -    0s
H    0     0                    -83793.00000 -96450.028  15.1%     -    0s
H    0     0                    -89578.00001 -96450.028  7.67%     -    0s
H    0     0                    -93139.00000 -96450.028  3.55%     -    0s
     0     0 -96450.028    0  330 -93139.000 -96450.028  3.55%     -    0s
H    0     0                    -95383.00004 -96450.028  1.12%     -    0s
     0     0 -96450.028    0  244 -95383.000 -96450.028  1.12%     -    0s
     0     0 -96450.028    0  226 -95383.000 -96450.028  1.12%     -    1s
H    0     0                    -95592.00000 -96450.028  0.90%     -    1s
     0     0 -96450.028    0  245 -95592.000 -96450.028  0.90%     -    1s
     0     0 -96450.028    0  234 -95592.000 -96450.028  0.90%     -    1s
     0     0 -96450.028    0  234 -95592.000 -96450.028  0.90%     -    2s
H    0     0                    -95873.00000 -96450.028  0.60%     -    2s
     0     2 -96450.028    0  234 -95873.000 -96450.028  0.60%     -    2s
H   29    34                    -96042.00000 -96450.028  0.42%  94.7    4s
    47    52 -96450.028   11  198 -96042.000 -96450.028  0.42%   124    5s
H   96   104                    -96088.00000 -96450.028  0.38%   142    6s
H  102   104                    -96171.00000 -96450.028  0.29%   139    6s
H  184   191                    -96203.00000 -96450.028  0.26%   184    7s
H  199   191                    -96208.00008 -96450.028  0.25%   189    7s
H  312   295                    -96278.00002 -96450.028  0.18%   176    9s
H  395   329                    -96363.00001 -96450.028  0.09%   168   10s
H  805   264                    -96409.00001 -96450.028  0.04%   144   12s
  1045   195 -96450.027   24  192 -96409.000 -96450.027  0.04%   164   15s
H 1154   187                    -96414.00000 -96450.027  0.04%   157   17s
* 1209   178              62    -96423.00015 -96450.027  0.03%   153   17s
H 1337   210                    -96450.00000 -96450.027  0.00%   143   17s

Explored 1415 nodes (209343 simplex iterations) in 17.67 seconds (25.39 work units)
Thread count was 4 (of 56 available processors)

Solution count 10: -96450 -96423 -96414 ... -96088
No other solutions better than -96450

Optimal solution found (tolerance 1.00e-04)
Best objective -9.645000000000e+04, best bound -9.645000000000e+04, gap 0.0000%
