
Gurobi 9.5.0 (linux64) logging started Sat Jun 18 18:44:18 2022

Set parameter LogFile to value "/local_workspace/chenrui/LogFiles/MKAP/new2S_R25_M10_N300_seed10_DWcutsCTp4_600.log"
Gurobi Optimizer version 9.5.0 build v9.5.0rc5 (linux64)
Thread count: 56 physical cores, 56 logical processors, using up to 4 threads
Optimize a model with 4333 rows, 3250 columns and 49589 nonzeros
Model fingerprint: 0x534121c4
Variable types: 0 continuous, 3250 integer (3250 binary)
Coefficient statistics:
  Matrix range     [1e-13, 1e+04]
  Objective range  [2e+01, 1e+03]
  Bounds range     [1e+00, 1e+00]
  RHS range        [1e-05, 1e+00]
Warning: Model contains large matrix coefficient range
         Consider reformulating model or setting NumericFocus parameter
         to avoid numerical issues.
Found heuristic solution: objective 0.0000000
Presolve removed 64 rows and 107 columns
Presolve time: 0.16s
Presolved: 4269 rows, 3143 columns, 43426 nonzeros
Variable types: 0 continuous, 3143 integer (3143 binary)
Found heuristic solution: objective -6384.000000

Root relaxation: objective -6.885300e+04, 6174 iterations, 0.47 seconds (0.63 work units)

    Nodes    |    Current Node    |     Objective Bounds      |     Work
 Expl Unexpl |  Obj  Depth IntInf | Incumbent    BestBd   Gap | It/Node Time

     0     0 -68853.005    0   34 -6384.0000 -68853.005   979%     -    0s
H    0     0                    -68853.00001 -68853.005  0.00%     -    0s
     0     0 -68853.005    0   34 -68853.000 -68853.005  0.00%     -    0s

Explored 1 nodes (6174 simplex iterations) in 0.67 seconds (0.83 work units)
Thread count was 4 (of 56 available processors)

Solution count 3: -68853 -6384 0 
No other solutions better than -68853

Optimal solution found (tolerance 1.00e-04)
Best objective -6.885300000708e+04, best bound -6.885300000708e+04, gap 0.0000%
