
Gurobi 9.5.0 (linux64) logging started Mon Jun 20 09:00:29 2022

Set parameter LogFile to value "/local_workspace/chenrui/LogFiles/MKAP/new2S_R2_M20_N50_seed7_DWcutsCTp6_600.log"
Gurobi Optimizer version 9.5.0 build v9.5.0rc5 (linux64)
Thread count: 56 physical cores, 56 logical processors, using up to 4 threads
Optimize a model with 1231 rows, 1040 columns and 28971 nonzeros
Model fingerprint: 0x1abe9423
Variable types: 0 continuous, 1040 integer (1040 binary)
Coefficient statistics:
  Matrix range     [1e-13, 4e+03]
  Objective range  [8e+01, 1e+03]
  Bounds range     [1e+00, 1e+00]
  RHS range        [1e-05, 1e+00]
Warning: Model contains large matrix coefficient range
         Consider reformulating model or setting NumericFocus parameter
         to avoid numerical issues.
Found heuristic solution: objective 0.0000000
Presolve removed 496 rows and 428 columns
Presolve time: 0.08s
Presolved: 735 rows, 612 columns, 16076 nonzeros
Variable types: 0 continuous, 612 integer (612 binary)
Found heuristic solution: objective -15241.00000

Root relaxation: objective -1.690621e+04, 653 iterations, 0.02 seconds (0.03 work units)

    Nodes    |    Current Node    |     Objective Bounds      |     Work
 Expl Unexpl |  Obj  Depth IntInf | Incumbent    BestBd   Gap | It/Node Time

     0     0 -16906.214    0   62 -15241.000 -16906.214  10.9%     -    0s
H    0     0                    -16668.00000 -16906.214  1.43%     -    0s
H    0     0                    -16713.00000 -16906.214  1.16%     -    0s
     0     0 -16905.532    0   68 -16713.000 -16905.532  1.15%     -    0s
H    0     0                    -16805.00000 -16905.532  0.60%     -    0s
H    0     0                    -16898.00000 -16905.532  0.04%     -    0s

Cutting planes:
  Cover: 2
  Clique: 3
  MIR: 2
  StrongCG: 1
  Zero half: 5
  RLT: 1

Explored 1 nodes (674 simplex iterations) in 0.22 seconds (0.23 work units)
Thread count was 4 (of 56 available processors)

Solution count 6: -16898 -16805 -16713 ... 0
No other solutions better than -16898

Optimal solution found (tolerance 1.00e-04)
Best objective -1.689800000000e+04, best bound -1.689800000000e+04, gap 0.0000%
