
Gurobi 9.5.0 (linux64) logging started Mon Jun 20 09:27:01 2022

Set parameter LogFile to value "/local_workspace/chenrui/LogFiles/MKAP/new2S_R10_M30_N50_seed1_DWcutsCTp1_600.log"
Gurobi Optimizer version 9.5.0 build v9.5.0rc5 (linux64)
Thread count: 56 physical cores, 56 logical processors, using up to 4 threads
Optimize a model with 782 rows, 1800 columns and 5792 nonzeros
Model fingerprint: 0x5939d139
Variable types: 0 continuous, 1800 integer (1800 binary)
Coefficient statistics:
  Matrix range     [1e-13, 1e+03]
  Objective range  [6e+01, 1e+03]
  Bounds range     [1e+00, 1e+00]
  RHS range        [1e-05, 1e+00]
Warning: Model contains large matrix coefficient range
         Consider reformulating model or setting NumericFocus parameter
         to avoid numerical issues.
Found heuristic solution: objective 0.0000000
Presolve removed 457 rows and 1179 columns
Presolve time: 0.01s
Presolved: 325 rows, 621 columns, 1782 nonzeros
Found heuristic solution: objective -12257.00000
Variable types: 0 continuous, 621 integer (621 binary)

Root relaxation: objective -1.493000e+04, 456 iterations, 0.00 seconds (0.00 work units)

    Nodes    |    Current Node    |     Objective Bounds      |     Work
 Expl Unexpl |  Obj  Depth IntInf | Incumbent    BestBd   Gap | It/Node Time

*    0     0               0    -14930.00016 -14930.000  0.00%     -    0s

Explored 1 nodes (509 simplex iterations) in 0.02 seconds (0.01 work units)
Thread count was 4 (of 56 available processors)

Solution count 3: -14930 -12257 0 
No other solutions better than -14930

Optimal solution found (tolerance 1.00e-04)
Warning: max constraint violation (5.4351e-06) exceeds tolerance
Best objective -1.493000016589e+04, best bound -1.493000016589e+04, gap 0.0000%
