
Gurobi 9.5.0 (linux64) logging started Tue May  3 13:24:35 2022

Set parameter LogFile to value "/local_workspace/chenrui/LogFiles/MKAP/new2S_R5_M20_N50_seed9_DWcutsCT1_600.log"
Gurobi Optimizer version 9.5.0 build v9.5.0rc5 (linux64)
Thread count: 56 physical cores, 56 logical processors, using up to 4 threads
Optimize a model with 341 rows, 1100 columns and 3945 nonzeros
Model fingerprint: 0x8c9ebb10
Variable types: 0 continuous, 1100 integer (1100 binary)
Coefficient statistics:
  Matrix range     [1e-13, 2e+03]
  Objective range  [9e+01, 1e+03]
  Bounds range     [1e+00, 1e+00]
  RHS range        [6e-14, 1e+00]
Warning: Model contains large matrix coefficient range
         Consider reformulating model or setting NumericFocus parameter
         to avoid numerical issues.
Found heuristic solution: objective 0.0000000
Presolve removed 52 rows and 439 columns
Presolve time: 0.01s
Presolved: 289 rows, 661 columns, 2290 nonzeros
Found heuristic solution: objective -1503.000000
Variable types: 0 continuous, 661 integer (661 binary)

Root relaxation: objective -1.583950e+04, 596 iterations, 0.01 seconds (0.00 work units)

    Nodes    |    Current Node    |     Objective Bounds      |     Work
 Expl Unexpl |  Obj  Depth IntInf | Incumbent    BestBd   Gap | It/Node Time

     0     0 -15839.502    0   77 -1503.0000 -15839.502   954%     -    0s
H    0     0                    -13045.00000 -15839.502  21.4%     -    0s
H    0     0                    -14292.00000 -15839.502  10.8%     -    0s
H    0     0                    -14621.00000 -15839.502  8.33%     -    0s
H    0     0                    -14629.00000 -15839.502  8.27%     -    0s
H    0     0                    -15360.00000 -15839.502  3.12%     -    0s
     0     0 -15839.502    0   68 -15360.000 -15839.502  3.12%     -    0s
H    0     0                    -15692.00000 -15839.502  0.94%     -    0s
     0     0 -15839.502    0   30 -15692.000 -15839.502  0.94%     -    0s
     0     0 -15839.502    0   80 -15692.000 -15839.502  0.94%     -    0s
     0     0 -15839.502    0   42 -15692.000 -15839.502  0.94%     -    0s
H    0     0                    -15747.00000 -15839.502  0.59%     -    0s
H    0     0                    -15800.00000 -15839.502  0.25%     -    0s
     0     0 -15839.502    0   27 -15800.000 -15839.502  0.25%     -    0s
     0     0 -15839.502    0   14 -15800.000 -15839.502  0.25%     -    0s
H    0     0                    -15805.00000 -15839.502  0.22%     -    0s
     0     0 -15839.502    0   65 -15805.000 -15839.502  0.22%     -    0s
H    0     0                    -15838.00000 -15839.502  0.01%     -    0s

Cutting planes:
  Cover: 4
  Clique: 6

Explored 1 nodes (1683 simplex iterations) in 0.10 seconds (0.05 work units)
Thread count was 4 (of 56 available processors)

Solution count 10: -15838 -15805 -15800 ... -13045

Optimal solution found (tolerance 1.00e-04)
Best objective -1.583800000000e+04, best bound -1.583900000000e+04, gap 0.0063%
