
Gurobi 9.5.0 (linux64) logging started Mon Jun 20 11:53:15 2022

Set parameter LogFile to value "/local_workspace/chenrui/LogFiles/MKAP/new2S_R25_M30_N100_seed2_DWcutsCTp5_600.log"
Gurobi Optimizer version 9.5.0 build v9.5.0rc5 (linux64)
Thread count: 56 physical cores, 56 logical processors, using up to 4 threads
Optimize a model with 2725 rows, 3750 columns and 14263 nonzeros
Model fingerprint: 0x69eafde5
Variable types: 0 continuous, 3750 integer (3750 binary)
Coefficient statistics:
  Matrix range     [1e-13, 3e+03]
  Objective range  [1e+02, 1e+03]
  Bounds range     [1e+00, 1e+00]
  RHS range        [1e-05, 1e+00]
Warning: Model contains large matrix coefficient range
         Consider reformulating model or setting NumericFocus parameter
         to avoid numerical issues.
Found heuristic solution: objective 0.0000000
Presolve removed 1090 rows and 1304 columns
Presolve time: 0.04s
Presolved: 1635 rows, 2446 columns, 7885 nonzeros
Found heuristic solution: objective -17654.00000
Variable types: 0 continuous, 2446 integer (2446 binary)

Root relaxation: objective -3.315903e+04, 3605 iterations, 0.06 seconds (0.05 work units)

    Nodes    |    Current Node    |     Objective Bounds      |     Work
 Expl Unexpl |  Obj  Depth IntInf | Incumbent    BestBd   Gap | It/Node Time

     0     0 -33159.034    0  189 -17654.000 -33159.034  87.8%     -    0s
H    0     0                    -32936.00000 -33159.034  0.68%     -    0s
H    0     0                    -33003.00000 -33159.034  0.47%     -    0s
H    0     0                    -33060.00001 -33159.034  0.30%     -    0s
     0     0 -33158.019    0  117 -33060.000 -33158.019  0.30%     -    0s
     0     0 -33158.019    0  117 -33060.000 -33158.019  0.30%     -    0s
     0     0 -33158.019    0   82 -33060.000 -33158.019  0.30%     -    0s
     0     0 -33112.335    0   86 -33060.000 -33112.335  0.16%     -    0s
H    0     0                    -33083.00000 -33112.335  0.09%     -    0s
H    0     0                    -33111.00000 -33112.335  0.00%     -    0s

Cutting planes:
  Gomory: 11
  Lift-and-project: 4
  Zero half: 1

Explored 1 nodes (4697 simplex iterations) in 0.32 seconds (0.20 work units)
Thread count was 4 (of 56 available processors)

Solution count 8: -33111 -33083 -33060 ... 0
No other solutions better than -33111

Optimal solution found (tolerance 1.00e-04)
Best objective -3.311100000000e+04, best bound -3.311100000000e+04, gap 0.0000%
