
Gurobi 9.5.0 (linux64) logging started Tue May  3 16:21:35 2022

Set parameter LogFile to value "/local_workspace/chenrui/LogFiles/MKAP/new2S_R10_M20_N50_seed2_objLB_600.log"
Gurobi Optimizer version 9.5.0 build v9.5.0rc5 (linux64)
Thread count: 56 physical cores, 56 logical processors, using up to 4 threads
Optimize a model with 271 rows, 1200 columns and 3400 nonzeros
Model fingerprint: 0x8ade44e2
Variable types: 0 continuous, 1200 integer (1200 binary)
Coefficient statistics:
  Matrix range     [1e+00, 1e+03]
  Objective range  [4e+01, 1e+03]
  Bounds range     [1e+00, 1e+00]
  RHS range        [1e+00, 1e+04]
Found heuristic solution: objective 0.0000000
Presolve removed 115 rows and 560 columns
Presolve time: 0.01s
Presolved: 156 rows, 640 columns, 1827 nonzeros
Variable types: 0 continuous, 640 integer (640 binary)
Found heuristic solution: objective -11484.00000

Root relaxation: objective -1.476000e+04, 334 iterations, 0.00 seconds (0.00 work units)

    Nodes    |    Current Node    |     Objective Bounds      |     Work
 Expl Unexpl |  Obj  Depth IntInf | Incumbent    BestBd   Gap | It/Node Time

     0     0 -14760.000    0   12 -11484.000 -14760.000  28.5%     -    0s
H    0     0                    -14391.00000 -14760.000  2.56%     -    0s
H    0     0                    -14452.00000 -14760.000  2.13%     -    0s
     0     0 -14760.000    0   27 -14452.000 -14760.000  2.13%     -    0s
H    0     0                    -14523.00000 -14760.000  1.63%     -    0s
     0     0 -14760.000    0   44 -14523.000 -14760.000  1.63%     -    0s
     0     0 -14760.000    0   15 -14523.000 -14760.000  1.63%     -    0s
     0     0 -14760.000    0   15 -14523.000 -14760.000  1.63%     -    0s
     0     2 -14760.000    0   15 -14523.000 -14760.000  1.63%     -    0s
H   43    75                    -14549.00000 -14760.000  1.45%  61.3    0s
*   98   128              34    -14560.00000 -14760.000  1.37%  44.1    0s
H  182   148                    -14596.00000 -14760.000  1.12%  42.8    0s
H  213   148                    -14618.00000 -14760.000  0.97%  46.0    0s
H  214   184                    -14642.00000 -14760.000  0.81%  46.0    0s
H  257   184                    -14693.00000 -14760.000  0.46%  46.7    0s
H  378   165                    -14706.00000 -14760.000  0.37%  56.5    0s

Cutting planes:
  Gomory: 28
  Cover: 127
  Clique: 9
  MIR: 23
  StrongCG: 18
  GUB cover: 1
  Zero half: 1
  RLT: 2

Explored 1163 nodes (62895 simplex iterations) in 0.76 seconds (0.97 work units)
Thread count was 4 (of 56 available processors)

Solution count 10: -14706 -14693 -14642 ... -14391
No other solutions better than -14706

Optimal solution found (tolerance 1.00e-04)
Best objective -1.470600000000e+04, best bound -1.470600000000e+04, gap 0.0000%
