
Gurobi 9.5.0 (linux64) logging started Thu Apr 14 19:48:50 2022

Set parameter LogFile to value "/local_workspace/chenrui/LogFiles/MKAP/new2S_R25_M10_N300_seed1_DWcutsT1_600.log"
Gurobi Optimizer version 9.5.0 build v9.5.0rc5 (linux64)
Thread count: 56 physical cores, 56 logical processors, using up to 4 threads
Optimize a model with 1060 rows, 3250 columns and 13000 nonzeros
Model fingerprint: 0xb1a2a8a8
Variable types: 0 continuous, 3250 integer (3250 binary)
Coefficient statistics:
  Matrix range     [5e-03, 1e+04]
  Objective range  [5e+01, 1e+03]
  Bounds range     [1e+00, 1e+00]
  RHS range        [5e-03, 1e+00]
Found heuristic solution: objective 0.0000000
Presolve time: 0.03s
Presolved: 1060 rows, 3250 columns, 13000 nonzeros
Variable types: 0 continuous, 3250 integer (3250 binary)
Found heuristic solution: objective -6840.000000

Root relaxation: objective -7.350900e+04, 4483 iterations, 0.09 seconds (0.09 work units)

    Nodes    |    Current Node    |     Objective Bounds      |     Work
 Expl Unexpl |  Obj  Depth IntInf | Incumbent    BestBd   Gap | It/Node Time

     0     0 -73509.001    0    4 -6840.0000 -73509.001   975%     -    0s
H    0     0                    -73509.00000 -73509.001  0.00%     -    0s
     0     0 -73509.001    0    4 -73509.000 -73509.001  0.00%     -    0s

Explored 1 nodes (4806 simplex iterations) in 0.15 seconds (0.13 work units)
Thread count was 4 (of 56 available processors)

Solution count 3: -73509 -6840 0 
No other solutions better than -73509

Optimal solution found (tolerance 1.00e-04)
Best objective -7.350900000000e+04, best bound -7.350900000000e+04, gap 0.0000%
