
Gurobi 9.5.0 (linux64) logging started Tue May  3 16:29:22 2022

Set parameter LogFile to value "/local_workspace/chenrui/LogFiles/MKAP/new2S_R10_M20_N50_seed9_objLB_600.log"
Gurobi Optimizer version 9.5.0 build v9.5.0rc5 (linux64)
Thread count: 56 physical cores, 56 logical processors, using up to 4 threads
Optimize a model with 271 rows, 1200 columns and 3400 nonzeros
Model fingerprint: 0x6f0a764f
Variable types: 0 continuous, 1200 integer (1200 binary)
Coefficient statistics:
  Matrix range     [1e+00, 1e+03]
  Objective range  [9e+01, 1e+03]
  Bounds range     [1e+00, 1e+00]
  RHS range        [1e+00, 2e+04]
Found heuristic solution: objective 0.0000000
Presolve removed 103 rows and 521 columns
Presolve time: 0.01s
Presolved: 168 rows, 679 columns, 1939 nonzeros
Variable types: 0 continuous, 679 integer (679 binary)
Found heuristic solution: objective -11370.00000

Root relaxation: objective -1.556400e+04, 299 iterations, 0.00 seconds (0.00 work units)

    Nodes    |    Current Node    |     Objective Bounds      |     Work
 Expl Unexpl |  Obj  Depth IntInf | Incumbent    BestBd   Gap | It/Node Time

     0     0 -15564.000    0   20 -11370.000 -15564.000  36.9%     -    0s
H    0     0                    -13949.00000 -15564.000  11.6%     -    0s
H    0     0                    -14477.00000 -15564.000  7.51%     -    0s
H    0     0                    -14570.00000 -15564.000  6.82%     -    0s
     0     0 -15564.000    0   65 -14570.000 -15564.000  6.82%     -    0s
H    0     0                    -14772.00000 -15564.000  5.36%     -    0s
     0     0 -15564.000    0   63 -14772.000 -15564.000  5.36%     -    0s
H    0     0                    -15219.00000 -15564.000  2.27%     -    0s
     0     0 -15564.000    0   23 -15219.000 -15564.000  2.27%     -    0s
     0     0 -15564.000    0   20 -15219.000 -15564.000  2.27%     -    0s
H    0     0                    -15329.00002 -15564.000  1.53%     -    0s
H    0     0                    -15338.00000 -15564.000  1.47%     -    0s
H    0     2                    -15430.00000 -15564.000  0.87%     -    0s
     0     2 -15564.000    0   19 -15430.000 -15564.000  0.87%     -    0s
H  216   189                    -15457.00000 -15564.000  0.69%  26.0    0s
H  330   198                    -15541.00000 -15564.000  0.15%  31.5    0s
  5290   303 -15564.000   15   22 -15541.000 -15564.000  0.15%  95.2    5s
 11552   322     cutoff   34      -15541.000 -15564.000  0.15%  95.4   10s
 20426   454 -15559.138   38   34 -15541.000 -15564.000  0.15%  90.7   15s
 25850   467 -15564.000   34   59 -15541.000 -15564.000  0.15%  92.6   20s
 32306   449     cutoff   40      -15541.000 -15564.000  0.15%  98.1   25s
 40065   456 -15564.000   43   43 -15541.000 -15564.000  0.15%  98.5   30s
 47558   241 -15562.241   39   23 -15541.000 -15564.000  0.15%   100   35s

Cutting planes:
  Gomory: 22
  Cover: 53
  Clique: 16
  MIR: 19
  StrongCG: 13
  Flow cover: 13
  Zero half: 7

Explored 48934 nodes (4838887 simplex iterations) in 35.36 seconds (56.46 work units)
Thread count was 4 (of 56 available processors)

Solution count 10: -15541 -15457 -15430 ... -13949
No other solutions better than -15541

Optimal solution found (tolerance 1.00e-04)
Best objective -1.554100000000e+04, best bound -1.554100000000e+04, gap 0.0000%
