
Gurobi 9.5.0 (linux64) logging started Tue May  3 15:07:00 2022

Set parameter LogFile to value "/local_workspace/chenrui/LogFiles/MKAP/new2S_R2_M30_N50_seed8_objLB_600.log"
Gurobi Optimizer version 9.5.0 build v9.5.0rc5 (linux64)
Thread count: 56 physical cores, 56 logical processors, using up to 4 threads
Optimize a model with 141 rows, 1560 columns and 4620 nonzeros
Model fingerprint: 0xf0bf63aa
Variable types: 0 continuous, 1560 integer (1560 binary)
Coefficient statistics:
  Matrix range     [1e+00, 1e+03]
  Objective range  [2e+02, 1e+03]
  Bounds range     [1e+00, 1e+00]
  RHS range        [1e+00, 2e+04]
Found heuristic solution: objective 0.0000000
Presolve removed 68 rows and 1059 columns
Presolve time: 0.01s
Presolved: 73 rows, 501 columns, 1478 nonzeros
Variable types: 0 continuous, 501 integer (501 binary)
Found heuristic solution: objective -13978.00000

Root relaxation: objective -1.573200e+04, 157 iterations, 0.00 seconds (0.00 work units)

    Nodes    |    Current Node    |     Objective Bounds      |     Work
 Expl Unexpl |  Obj  Depth IntInf | Incumbent    BestBd   Gap | It/Node Time

     0     0 -15732.000    0    6 -13978.000 -15732.000  12.5%     -    0s
H    0     0                    -15143.00000 -15732.000  3.89%     -    0s
H    0     0                    -15195.00000 -15732.000  3.53%     -    0s
     0     0 -15732.000    0   11 -15195.000 -15732.000  3.53%     -    0s
H    0     0                    -15621.00000 -15732.000  0.71%     -    0s
     0     0 -15732.000    0    3 -15621.000 -15732.000  0.71%     -    0s
     0     0 -15732.000    0    6 -15621.000 -15732.000  0.71%     -    0s
     0     0 -15732.000    0    5 -15621.000 -15732.000  0.71%     -    0s
     0     0 -15732.000    0    5 -15621.000 -15732.000  0.71%     -    0s
     0     2 -15732.000    0    5 -15621.000 -15732.000  0.71%     -    0s
H    7    12                    -15671.00000 -15732.000  0.39%  22.1    0s
H   31    27                    -15684.00000 -15732.000  0.31%  12.1    0s
*   98    65               7    -15692.00000 -15732.000  0.25%  11.2    0s
H  166    79                    -15696.00000 -15732.000  0.23%  11.3    0s
H  328    10                    -15700.00000 -15732.000  0.20%  13.8    0s

Cutting planes:
  Gomory: 2
  Cover: 23
  Clique: 4
  MIR: 12
  StrongCG: 13

Explored 402 nodes (7536 simplex iterations) in 0.14 seconds (0.12 work units)
Thread count was 4 (of 56 available processors)

Solution count 10: -15700 -15696 -15692 ... 0
No other solutions better than -15700

Optimal solution found (tolerance 1.00e-04)
Best objective -1.570000000000e+04, best bound -1.570000000000e+04, gap 0.0000%
