
Gurobi 9.5.0 (linux64) logging started Sun Jun 19 03:22:09 2022

Set parameter LogFile to value "/local_workspace/chenrui/LogFiles/MKAP/new2S_R25_M30_N300_seed2_DWcutsCTp5_600.log"
Gurobi Optimizer version 9.5.0 build v9.5.0rc5 (linux64)
Thread count: 56 physical cores, 56 logical processors, using up to 4 threads
Optimize a model with 15983 rows, 9750 columns and 205825 nonzeros
Model fingerprint: 0xd2833a3e
Variable types: 0 continuous, 9750 integer (9750 binary)
Coefficient statistics:
  Matrix range     [1e-13, 1e+04]
  Objective range  [3e+01, 1e+03]
  Bounds range     [1e+00, 1e+00]
  RHS range        [1e-05, 1e+00]
Warning: Model contains large matrix coefficient range
         Consider reformulating model or setting NumericFocus parameter
         to avoid numerical issues.
Found heuristic solution: objective 0.0000000
Presolve removed 1929 rows and 1793 columns
Presolve time: 0.61s
Presolved: 14054 rows, 7957 columns, 159489 nonzeros
Found heuristic solution: objective -8447.000000
Variable types: 0 continuous, 7957 integer (7957 binary)

Root relaxation: objective -9.900623e+04, 15518 iterations, 3.30 seconds (5.40 work units)

    Nodes    |    Current Node    |     Objective Bounds      |     Work
 Expl Unexpl |  Obj  Depth IntInf | Incumbent    BestBd   Gap | It/Node Time

     0     0 -99006.231    0  512 -8447.0000 -99006.231  1072%     -    4s
H    0     0                    -97103.00000 -99006.231  1.96%     -    4s
H    0     0                    -97728.00000 -99006.231  1.31%     -    4s
H    0     0                    -98153.00000 -99006.231  0.87%     -    4s
     0     0 -99006.231    0  519 -98153.000 -99006.231  0.87%     -    4s
H    0     0                    -98619.00000 -99006.231  0.39%     -    5s
H    0     0                    -98784.00000 -99006.231  0.22%     -    6s
     0     0 -99006.230    0  517 -98784.000 -99006.230  0.22%     -   11s
     0     0 -99006.230    0  517 -98784.000 -99006.230  0.22%     -   11s
     0     2 -99006.230    0  517 -98784.000 -99006.230  0.22%     -   12s
     3     8 -99001.300    2  505 -98784.000 -99001.567  0.22%   489   18s
    15    20 -98996.864    5  512 -98784.000 -99000.244  0.22%   552   21s
H   29    31                    -98830.00000 -99000.244  0.17%   489   24s
H   30    31                    -98882.00000 -99000.244  0.12%   524   24s
    33    35 -98978.560    7  477 -98882.000 -99000.244  0.12%   584   25s
    65    58 -98963.597   12  388 -98882.000 -99000.244  0.12%   536   30s
H   96    82                    -98922.00000 -99000.244  0.08%   534   33s
   113    93 -98955.426   26  344 -98922.000 -99000.244  0.08%   491   35s
   199   133     cutoff   47      -98922.000 -98999.217  0.08%   439   40s
H  200   133                    -98938.00000 -98999.217  0.06%   437   40s
   270   142 -98943.994   13  428 -98938.000 -98987.234  0.05%   439   46s
   333   142 -98963.362   13  517 -98938.000 -98986.732  0.05%   440   54s
   335   143 -98948.106   11  372 -98938.000 -98986.732  0.05%   437   58s
   336   144 -98973.587   11  377 -98938.000 -98986.732  0.05%   436   61s
   342   149 -98981.478    6  360 -98938.000 -98986.732  0.05%   480   66s
   345   153 -98986.732   26  344 -98938.000 -98986.732  0.05%   505   75s
   372   162 -98978.960   31  405 -98938.000 -98986.732  0.05%   496   80s
   438   162 -98945.223   37  376 -98938.000 -98986.732  0.05%   490   85s
   558   143 -98945.961   41  338 -98938.000 -98981.161  0.04%   447   90s
H  785   113                    -98946.00001 -98973.178  0.03%   397   94s
   827   108 -98964.052   43  363 -98946.000 -98965.862  0.02%   397   96s
  1074    86     cutoff   47      -98946.000 -98960.070  0.01%   364  100s

Cutting planes:
  Clique: 1

Explored 1254 nodes (441414 simplex iterations) in 102.35 seconds (195.60 work units)
Thread count was 4 (of 56 available processors)

Solution count 10: -98946 -98938 -98922 ... -97103

Optimal solution found (tolerance 1.00e-04)
Warning: max constraint violation (1.7392e-06) exceeds tolerance
Best objective -9.894600007528e+04, best bound -9.895500000000e+04, gap 0.0091%
