
Gurobi 9.5.0 (linux64) logging started Thu Apr 28 15:41:34 2022

Set parameter LogFile to value "/local_workspace/chenrui/LogFiles/MKAP/new2S_R10_M10_N200_seed1_DWcutsCT5_600.log"
Gurobi Optimizer version 9.5.0 build v9.5.0rc5 (linux64)
Thread count: 56 physical cores, 56 logical processors, using up to 4 threads
Optimize a model with 3173 rows, 2100 columns and 64054 nonzeros
Model fingerprint: 0xd1173b0b
Variable types: 0 continuous, 2100 integer (2100 binary)
Coefficient statistics:
  Matrix range     [1e-13, 1e+04]
  Objective range  [2e+01, 1e+03]
  Bounds range     [1e+00, 1e+00]
  RHS range        [1e+00, 1e+00]
Warning: Model contains large matrix coefficient range
         Consider reformulating model or setting NumericFocus parameter
         to avoid numerical issues.
Found heuristic solution: objective 0.0000000
Presolve removed 134 rows and 170 columns
Presolve time: 0.22s
Presolved: 3039 rows, 1930 columns, 60341 nonzeros
Found heuristic solution: objective -12877.00000
Variable types: 0 continuous, 1930 integer (1930 binary)

Root relaxation: objective -6.743175e+04, 6987 iterations, 1.06 seconds (1.60 work units)

    Nodes    |    Current Node    |     Objective Bounds      |     Work
 Expl Unexpl |  Obj  Depth IntInf | Incumbent    BestBd   Gap | It/Node Time

     0     0 -67431.750    0   64 -12877.000 -67431.750   424%     -    1s
H    0     0                    -67364.00000 -67431.750  0.10%     -    1s
H    0     0                    -67413.00000 -67431.750  0.03%     -    1s
     0     0 -67431.750    0   64 -67413.000 -67431.750  0.03%     -    1s
     0     0 -67431.750    0   61 -67413.000 -67431.750  0.03%     -    2s
H    0     0                    -67415.00000 -67431.750  0.02%     -    2s
H    0     0                    -67424.00000 -67431.743  0.01%     -    2s
     0     0 -67431.743    0   61 -67424.000 -67431.743  0.01%     -    2s
     0     0 -67431.743    0   56 -67424.000 -67431.743  0.01%     -    2s
     0     0 -67430.860    0  160 -67424.000 -67430.860  0.01%     -    2s

Explored 1 nodes (14200 simplex iterations) in 2.97 seconds (4.09 work units)
Thread count was 4 (of 56 available processors)

Solution count 8: -67424 -67415 -67413 ... 0

Optimal solution found (tolerance 1.00e-04)
Best objective -6.742400000000e+04, best bound -6.743000000000e+04, gap 0.0089%

Gurobi 9.5.0 (linux64) logging started Thu Apr 28 17:39:25 2022

Set parameter LogFile to value "/local_workspace/chenrui/LogFiles/MKAP/new2S_R10_M10_N200_seed1_DWcutsCT5_600.log"
Gurobi Optimizer version 9.5.0 build v9.5.0rc5 (linux64)
Thread count: 56 physical cores, 56 logical processors, using up to 4 threads
Optimize a model with 3173 rows, 2100 columns and 64054 nonzeros
Model fingerprint: 0xd1173b0b
Variable types: 0 continuous, 2100 integer (2100 binary)
Coefficient statistics:
  Matrix range     [1e-13, 1e+04]
  Objective range  [2e+01, 1e+03]
  Bounds range     [1e+00, 1e+00]
  RHS range        [1e+00, 1e+00]
Warning: Model contains large matrix coefficient range
         Consider reformulating model or setting NumericFocus parameter
         to avoid numerical issues.
Found heuristic solution: objective 0.0000000
Presolve removed 134 rows and 170 columns
Presolve time: 0.22s
Presolved: 3039 rows, 1930 columns, 60341 nonzeros
Found heuristic solution: objective -12877.00000
Variable types: 0 continuous, 1930 integer (1930 binary)

Root relaxation: objective -6.743175e+04, 6987 iterations, 1.06 seconds (1.60 work units)

    Nodes    |    Current Node    |     Objective Bounds      |     Work
 Expl Unexpl |  Obj  Depth IntInf | Incumbent    BestBd   Gap | It/Node Time

     0     0 -67431.750    0   64 -12877.000 -67431.750   424%     -    1s
H    0     0                    -67364.00000 -67431.750  0.10%     -    1s
H    0     0                    -67413.00000 -67431.750  0.03%     -    1s
     0     0 -67431.750    0   64 -67413.000 -67431.750  0.03%     -    1s
     0     0 -67431.750    0   61 -67413.000 -67431.750  0.03%     -    2s
H    0     0                    -67415.00000 -67431.750  0.02%     -    2s
H    0     0                    -67424.00000 -67431.743  0.01%     -    2s
     0     0 -67431.743    0   61 -67424.000 -67431.743  0.01%     -    2s
     0     0 -67431.743    0   56 -67424.000 -67431.743  0.01%     -    2s
     0     0 -67430.860    0  160 -67424.000 -67430.860  0.01%     -    2s

Explored 1 nodes (14200 simplex iterations) in 2.96 seconds (4.09 work units)
Thread count was 4 (of 56 available processors)

Solution count 8: -67424 -67415 -67413 ... 0

Optimal solution found (tolerance 1.00e-04)
Best objective -6.742400000000e+04, best bound -6.743000000000e+04, gap 0.0089%

Gurobi 9.5.0 (linux64) logging started Fri Apr 29 21:06:36 2022

Set parameter LogFile to value "/local_workspace/chenrui/LogFiles/MKAP/new2S_R10_M10_N200_seed1_DWcutsCT5_600.log"
Gurobi Optimizer version 9.5.0 build v9.5.0rc5 (linux64)
Thread count: 56 physical cores, 56 logical processors, using up to 4 threads
Optimize a model with 3172 rows, 2100 columns and 64032 nonzeros
Model fingerprint: 0x7bf5e6da
Variable types: 0 continuous, 2100 integer (2100 binary)
Coefficient statistics:
  Matrix range     [1e-13, 2e+04]
  Objective range  [2e+01, 1e+03]
  Bounds range     [1e+00, 1e+00]
  RHS range        [2e-16, 1e+00]
Warning: Model contains large matrix coefficient range
         Consider reformulating model or setting NumericFocus parameter
         to avoid numerical issues.
Found heuristic solution: objective 0.0000000
Presolve removed 125 rows and 170 columns
Presolve time: 0.22s
Presolved: 3047 rows, 1930 columns, 60500 nonzeros
Found heuristic solution: objective -12877.00000
Variable types: 0 continuous, 1930 integer (1930 binary)

Root relaxation: objective -6.743175e+04, 6587 iterations, 0.97 seconds (1.47 work units)

    Nodes    |    Current Node    |     Objective Bounds      |     Work
 Expl Unexpl |  Obj  Depth IntInf | Incumbent    BestBd   Gap | It/Node Time

     0     0 -67431.750    0   64 -12877.000 -67431.750   424%     -    1s
H    0     0                    -67413.00000 -67431.750  0.03%     -    1s
H    0     0                    -67424.00000 -67431.750  0.01%     -    1s
     0     0 -67431.750    0   64 -67424.000 -67431.750  0.01%     -    1s
     0     0 -67431.750    0   56 -67424.000 -67431.750  0.01%     -    1s
     0     0 -67430.906    0  155 -67424.000 -67430.906  0.01%     -    2s

Explored 1 nodes (10614 simplex iterations) in 2.12 seconds (2.95 work units)
Thread count was 4 (of 56 available processors)

Solution count 5: -67424 -67413 -66883 ... 0

Optimal solution found (tolerance 1.00e-04)
Best objective -6.742400000000e+04, best bound -6.743000000000e+04, gap 0.0089%
