
Gurobi 9.5.0 (linux64) logging started Tue May  3 19:37:08 2022

Set parameter LogFile to value "/local_workspace/chenrui/LogFiles/MKAP/new2S_R25_M30_N200_seed9_DWcutsCT1_600.log"
Gurobi Optimizer version 9.5.0 build v9.5.0rc5 (linux64)
Thread count: 56 physical cores, 56 logical processors, using up to 4 threads
Optimize a model with 2454 rows, 6750 columns and 26300 nonzeros
Model fingerprint: 0x79ccea07
Variable types: 0 continuous, 6750 integer (6750 binary)
Coefficient statistics:
  Matrix range     [1e-13, 5e+03]
  Objective range  [6e+01, 1e+03]
  Bounds range     [1e+00, 1e+00]
  RHS range        [3e-14, 1e+00]
Warning: Model contains large matrix coefficient range
         Consider reformulating model or setting NumericFocus parameter
         to avoid numerical issues.
Found heuristic solution: objective 0.0000000
Presolve removed 104 rows and 653 columns
Presolve time: 0.05s
Presolved: 2350 rows, 6097 columns, 23253 nonzeros
Found heuristic solution: objective -8666.000000
Variable types: 0 continuous, 6097 integer (6097 binary)

Root relaxation: objective -6.601998e+04, 10432 iterations, 0.51 seconds (0.47 work units)

    Nodes    |    Current Node    |     Objective Bounds      |     Work
 Expl Unexpl |  Obj  Depth IntInf | Incumbent    BestBd   Gap | It/Node Time

     0     0 -66019.977    0  303 -8666.0000 -66019.977   662%     -    0s
H    0     0                    -59229.00000 -66019.977  11.5%     -    0s
H    0     0                    -62826.00000 -66019.977  5.08%     -    0s
H    0     0                    -64290.00000 -66019.977  2.69%     -    0s
     0     0 -66019.977    0  327 -64290.000 -66019.977  2.69%     -    1s
H    0     0                    -64897.00000 -66019.977  1.73%     -    1s
     0     0 -66019.977    0  284 -64897.000 -66019.977  1.73%     -    1s
     0     0 -66019.977    0  299 -64897.000 -66019.977  1.73%     -    1s
H    0     0                    -64963.00000 -66019.977  1.63%     -    1s
     0     0 -66019.977    0  273 -64963.000 -66019.977  1.63%     -    1s
H    0     0                    -65045.00000 -66019.977  1.50%     -    1s
     0     0 -66019.977    0  248 -65045.000 -66019.977  1.50%     -    1s
     0     0 -66019.977    0  312 -65045.000 -66019.977  1.50%     -    2s
     0     0 -66019.977    0  297 -65045.000 -66019.977  1.50%     -    2s
     0     0 -66019.977    0  295 -65045.000 -66019.977  1.50%     -    3s
H    0     0                    -65288.00000 -66019.977  1.12%     -    3s
H    0     0                    -65358.00000 -66019.977  1.01%     -    3s
H    0     2                    -65421.00000 -66019.977  0.92%     -    4s
     0     2 -66019.977    0  295 -65421.000 -66019.977  0.92%     -    4s
     1     4 -66019.977    1  302 -65421.000 -66019.977  0.92%   353    5s
    32    37 -66019.977    8  343 -65421.000 -66019.977  0.92%   661   10s
H   64    83                    -65427.00000 -66019.977  0.91%   510   12s
H   70    83                    -65440.00000 -66019.977  0.89%   493   12s
H  107   115                    -65596.00000 -66019.977  0.65%   481   14s
   114   138 -66010.410   26  326 -65596.000 -66019.977  0.65%   524   15s
H  225   239                    -65614.00000 -66019.977  0.62%   468   18s
H  232   238                    -65635.00000 -66019.977  0.59%   462   18s
   315   356 -65963.830   75  304 -65635.000 -66019.977  0.59%   417   20s
H  469   466                    -65664.00000 -66019.977  0.54%   340   22s
   567   615 -65822.981  147  227 -65664.000 -66019.977  0.54%   298   27s
   649   705 -65852.658  163  232 -65664.000 -66019.977  0.54%   271   31s
  1055  1193 -65782.234  234  161 -65664.000 -66019.977  0.54%   188   35s
  1485  1326 -65929.432  175  333 -65664.000 -66019.977  0.54%   167   40s
  1499  1336 -65819.012  227  366 -65664.000 -66019.757  0.54%   182   45s
  1518  1349 -65874.765  146  489 -65664.000 -66014.616  0.53%   179   50s
  1533  1360 -65725.216  165  389 -65664.000 -66014.048  0.53%   199   55s
  1567  1383 -65856.062  154  511 -65664.000 -66002.595  0.52%   195   60s
  1596  1403 -65916.331   93  495 -65664.000 -66002.595  0.52%   212   65s
  1611  1415 -66001.085   20  394 -65664.000 -66001.085  0.51%   228   70s
  1643  1436 -65900.101  164  509 -65664.000 -65995.902  0.51%   224   75s
  1663  1451 -65887.694  207  387 -65664.000 -65993.901  0.50%   240   80s
  1703  1478 -65929.322  180  525 -65664.000 -65987.635  0.49%   234   85s
  1733  1499 -65725.216  165  290 -65664.000 -65978.853  0.48%   250   90s
  1769  1523 -65776.760   13  510 -65664.000 -65978.683  0.48%   245   96s
  1783  1533 -65978.570    5  390 -65664.000 -65978.570  0.48%   260  100s
  1823  1561 -65727.277  124  351 -65664.000 -65978.422  0.48%   270  105s
  1847  1577 -65902.026   38  562 -65664.000 -65978.422  0.48%   266  110s
  1872  1595 -65799.520  193  389 -65664.000 -65977.887  0.48%   279  115s
  1903  1616 -65929.322  180  500 -65664.000 -65977.760  0.48%   274  120s
  1925  1632 -65740.111  303  475 -65664.000 -65977.760  0.48%   286  125s
  1958  1655 -65783.953  226  365 -65664.000 -65975.143  0.47%   296  130s
  1990  1676 -65888.436  193  494 -65664.000 -65975.105  0.47%   291  135s
  2008  1689 -65792.786  152  436 -65664.000 -65971.866  0.47%   304  140s
  2037  1708 -65963.834   73  520 -65664.000 -65971.787  0.47%   300  145s
  2073  1734 -65800.053  194  534 -65664.000 -65971.787  0.47%   309  150s
  2091  1748 -65929.712   30  535 -65664.000 -65971.773  0.47%   319  155s
  2117  1767 -65773.785  135  364 -65664.000 -65971.425  0.47%   328  160s
  2149  1788 -65819.364  167  540 -65664.000 -65970.299  0.47%   323  165s
  2167  1801 -65856.062  154  471 -65664.000 -65970.023  0.47%   334  170s
  2201  1825 -65855.827  100  452 -65664.000 -65970.022  0.47%   341  175s
  2237  1850 -65963.834   73  344 -65664.000 -65969.325  0.46%   348  180s
  2266  1870 -65719.199  233  533 -65664.000 -65969.217  0.46%   344  185s
  2282  1882 -65968.497   60  477 -65664.000 -65968.497  0.46%   353  190s
  2320  1908 -65914.423  109  344 -65664.000 -65968.293  0.46%   360  195s
  2353  1930 -65929.267   31  539 -65664.000 -65968.293  0.46%   355  200s
  2369  1942 -65776.760   13  483 -65664.000 -65968.267  0.46%   365  205s
  2405  1967 -65874.611   25  318 -65664.000 -65968.241  0.46%   372  210s
  2444  1993 -65968.203   57  480 -65664.000 -65968.203  0.46%   366  216s
  2456  2003 -65842.876  183  500 -65664.000 -65968.201  0.46%   375  220s
  2494  2028 -65885.675  190  572 -65664.000 -65964.879  0.46%   369  225s
  2524  2050 -65773.881  287  488 -65664.000 -65964.879  0.46%   377  230s
  2548  2067 -65821.994   99  485 -65664.000 -65963.860  0.46%   384  235s
  2587  2094 -65792.510  267  320 -65664.000 -65963.755  0.46%   389  240s
  2623  2118 -65727.277  124  506 -65664.000 -65963.755  0.46%   384  245s
  2639  2130 -65929.113   50  454 -65664.000 -65963.737  0.46%   392  250s
  2676  2156 -65947.948  104  320 -65664.000 -65963.722  0.46%   396  255s
  2711  2180 -65962.641   20  499 -65664.000 -65962.641  0.45%   391  261s
  2724  2190 -65773.881  287  508 -65664.000 -65962.534  0.45%   399  265s
  2755  2211 -65962.534   20  499 -65664.000 -65962.534  0.45%   395  270s
  2758  2216 -65962.125  351  483 -65664.000 -65962.125  0.45%   404  280s
  2760  2219 -65961.542  352  465 -65664.000 -65961.542  0.45%   404  287s
  2772  2227 -65943.936  354  500 -65664.000 -65960.017  0.45%   403  290s
  2843  2259 -65706.100  365  356 -65664.000 -65960.017  0.45%   397  295s
  2956  2313 -65830.699  383  403 -65664.000 -65960.017  0.45%   388  301s
  3002  2354 -65791.730  390  371 -65664.000 -65960.017  0.45%   384  305s
  3351  2480 -65744.570  440  279 -65664.000 -65960.017  0.45%   359  311s
  3530  2517 -65679.023  465  240 -65664.000 -65959.980  0.45%   347  315s
  3655  2544 -65854.574  386  382 -65664.000 -65959.955  0.45%   340  320s
  4179  2793 -65684.596  471  166 -65664.000 -65957.549  0.45%   313  325s
  4961  3172 -65936.173  364  420 -65664.000 -65952.014  0.44%   279  330s
  5960  3805 -65868.171  373  422 -65664.000 -65947.003  0.43%   251  335s
  6684  3995 -65896.560  375  402 -65664.000 -65944.482  0.43%   236  340s
  7204  4369 -65774.184  416  393 -65664.000 -65943.198  0.43%   232  346s
  7881  4662 -65727.222  466  337 -65664.000 -65941.707  0.42%   221  350s
  8857  5044 -65897.319  372  503 -65664.000 -65939.564  0.42%   211  356s
  9537  5555 -65917.331  366  502 -65664.000 -65937.837  0.42%   207  361s
 10406  6507 -65688.923  414  332 -65664.000 -65936.495  0.41%   199  368s
 11177  6576 -65856.647  388  457 -65664.000 -65936.127  0.41%   193  370s
 11641  7233 -65710.290  434  366 -65664.000 -65935.710  0.41%   191  375s
 12384  7775 -65829.975  380  368 -65664.000 -65934.607  0.41%   187  380s
 13429  8234 -65822.053  388  353 -65664.000 -65932.913  0.41%   182  387s
 13525  8552 -65673.698  435  226 -65664.000 -65932.895  0.41%   182  390s
 14490  9358 -65812.881  371  413 -65664.000 -65931.500  0.41%   178  396s
 15026  9739 -65689.912  392  389 -65664.000 -65930.970  0.41%   176  400s
 16147 10675 -65680.167  396  339 -65664.000 -65929.400  0.40%   172  406s
 16737 11045 -65839.195  391  265 -65664.000 -65929.237  0.40%   170  410s
 17952 11922 -65818.993  387  375 -65664.000 -65928.266  0.40%   167  416s
 18398 12368 -65742.438  427  248 -65664.000 -65927.741  0.40%   167  420s
 19561 13126 -65808.775  421  383 -65664.000 -65926.813  0.40%   165  430s
 20597 14170 -65736.627  421  313 -65664.000 -65925.550  0.40%   162  437s
 21248 14171 -65838.588  377  295 -65664.000 -65925.326  0.40%   161  472s
 21253 14174 -65819.219  388  383 -65664.000 -65925.326  0.40%   161  475s
 21292 14200 -65868.006  375  481 -65664.000 -65925.326  0.40%   161  480s
 21299 14205 -65829.977  380  490 -65664.000 -65925.326  0.40%   161  485s
 21308 14211 -65725.487  427  488 -65664.000 -65925.326  0.40%   161  490s
 21312 14214 -65884.924  372  500 -65664.000 -65925.326  0.40%   160  495s
 21317 14217 -65774.292  388  491 -65664.000 -65925.326  0.40%   160  500s
 21321 14220 -65679.419  475  488 -65664.000 -65925.326  0.40%   160  506s
 21324 14225 -65925.326  365  468 -65664.000 -65925.326  0.40%   162  518s
 21326 14228 -65925.326  366  498 -65664.000 -65925.326  0.40%   162  526s
 21330 14228 -65925.326  367  430 -65664.000 -65925.326  0.40%   162  533s
 21334 14228 -65925.326  367  479 -65664.000 -65925.326  0.40%   162  539s
 21338 14231 -65925.326  368  499 -65664.000 -65925.326  0.40%   162  541s
 21351 14238 -65925.326  369  459 -65664.000 -65925.326  0.40%   162  545s
 21381 14261 -65925.326  373  441 -65664.000 -65925.326  0.40%   162  550s
 21453 14306 -65825.735  379  341 -65664.000 -65925.326  0.40%   162  555s
 21574 14354 -65826.061  389  260 -65664.000 -65925.326  0.40%   162  560s
 21757 14398 -65869.730  407  341 -65664.000 -65925.326  0.40%   163  565s
 21963 14449 -65801.029  439  247 -65664.000 -65925.326  0.40%   163  570s
 22228 14611 infeasible  468      -65664.000 -65925.326  0.40%   162  575s
 22780 14840 -65865.477  399  335 -65664.000 -65925.326  0.40%   162  581s
 23217 15055 -65785.060  374  408 -65664.000 -65925.326  0.40%   161  585s
 23835 15402     cutoff  446      -65664.000 -65925.326  0.40%   160  590s
 24545 15551 -65806.945  416  350 -65664.000 -65925.326  0.40%   159  597s
 24956 15711 -65847.399  424  404 -65664.000 -65925.326  0.40%   158  600s

Cutting planes:
  Gomory: 17
  Cover: 573
  Clique: 188
  MIR: 74
  StrongCG: 40
  Flow cover: 200
  Zero half: 16
  RLT: 13
  Relax-and-lift: 2

Explored 25068 nodes (3984459 simplex iterations) in 600.00 seconds (700.00 work units)
Thread count was 4 (of 56 available processors)

Solution count 10: -65664 -65635 -65614 ... -65045

Time limit reached
Best objective -6.566399999982e+04, best bound -6.592500000000e+04, gap 0.3975%
