
Gurobi 9.5.0 (linux64) logging started Sat Jun 18 16:01:24 2022

Set parameter LogFile to value "/local_workspace/chenrui/LogFiles/MKAP/new2S_R10_M10_N200_seed4_DWcutsCTp5_600.log"
Gurobi Optimizer version 9.5.0 build v9.5.0rc5 (linux64)
Thread count: 56 physical cores, 56 logical processors, using up to 4 threads
Optimize a model with 3510 rows, 2100 columns and 71381 nonzeros
Model fingerprint: 0x89e747f1
Variable types: 0 continuous, 2100 integer (2100 binary)
Coefficient statistics:
  Matrix range     [1e-13, 1e+04]
  Objective range  [5e+01, 1e+03]
  Bounds range     [1e+00, 1e+00]
  RHS range        [1e-05, 1e+00]
Warning: Model contains large matrix coefficient range
         Consider reformulating model or setting NumericFocus parameter
         to avoid numerical issues.
Found heuristic solution: objective 0.0000000
Presolve removed 9 rows and 0 columns
Presolve time: 0.22s
Presolved: 3501 rows, 2100 columns, 70531 nonzeros
Variable types: 0 continuous, 2100 integer (2100 binary)
Found heuristic solution: objective -14183.00000

Root relaxation: objective -6.580800e+04, 7022 iterations, 1.19 seconds (1.92 work units)

    Nodes    |    Current Node    |     Objective Bounds      |     Work
 Expl Unexpl |  Obj  Depth IntInf | Incumbent    BestBd   Gap | It/Node Time

*    0     0               0    -65808.00010 -65808.000  0.00%     -    1s

Explored 1 nodes (7022 simplex iterations) in 1.44 seconds (2.19 work units)
Thread count was 4 (of 56 available processors)

Solution count 3: -65808 -14183 0 
No other solutions better than -65808

Optimal solution found (tolerance 1.00e-04)
Best objective -6.580800009830e+04, best bound -6.580800009830e+04, gap 0.0000%
