
Gurobi 9.5.0 (linux64) logging started Thu Apr 14 16:22:35 2022

Set parameter LogFile to value "/local_workspace/chenrui/LogFiles/MKAP/new2S_R5_M40_N50_seed1_original_600.log"
Gurobi Optimizer version 9.5.0 build v9.5.0rc5 (linux64)
Thread count: 56 physical cores, 56 logical processors, using up to 4 threads
Optimize a model with 290 rows, 2200 columns and 4400 nonzeros
Model fingerprint: 0x7fe4d881
Variable types: 0 continuous, 2200 integer (2200 binary)
Coefficient statistics:
  Matrix range     [1e+00, 1e+03]
  Objective range  [6e+01, 1e+03]
  Bounds range     [1e+00, 1e+00]
  RHS range        [1e+00, 1e+00]
Found heuristic solution: objective 0.0000000
Presolve removed 128 rows and 1468 columns
Presolve time: 0.01s
Presolved: 162 rows, 732 columns, 1463 nonzeros
Variable types: 0 continuous, 732 integer (732 binary)
Found heuristic solution: objective -9411.000000

Root relaxation: objective -1.030702e+04, 143 iterations, 0.00 seconds (0.00 work units)

    Nodes    |    Current Node    |     Objective Bounds      |     Work
 Expl Unexpl |  Obj  Depth IntInf | Incumbent    BestBd   Gap | It/Node Time

     0     0 -10307.020    0    2 -9411.0000 -10307.020  9.52%     -    0s
H    0     0                    -10263.00000 -10307.020  0.43%     -    0s

Explored 1 nodes (344 simplex iterations) in 0.02 seconds (0.01 work units)
Thread count was 4 (of 56 available processors)

Solution count 3: -10263 -9411 0 
No other solutions better than -10263

Optimal solution found (tolerance 1.00e-04)
Best objective -1.026300000000e+04, best bound -1.026300000000e+04, gap 0.0000%

Gurobi 9.5.0 (linux64) logging started Tue May  3 16:19:15 2022

Set parameter LogFile to value "/local_workspace/chenrui/LogFiles/MKAP/new2S_R5_M40_N50_seed1_original_600.log"
Gurobi Optimizer version 9.5.0 build v9.5.0rc5 (linux64)
Thread count: 56 physical cores, 56 logical processors, using up to 4 threads
Optimize a model with 290 rows, 2200 columns and 4400 nonzeros
Model fingerprint: 0x7fe4d881
Variable types: 0 continuous, 2200 integer (2200 binary)
Coefficient statistics:
  Matrix range     [1e+00, 1e+03]
  Objective range  [6e+01, 1e+03]
  Bounds range     [1e+00, 1e+00]
  RHS range        [1e+00, 1e+00]
Found heuristic solution: objective 0.0000000
Presolve removed 128 rows and 1468 columns
Presolve time: 0.01s
Presolved: 162 rows, 732 columns, 1463 nonzeros
Variable types: 0 continuous, 732 integer (732 binary)
Found heuristic solution: objective -9411.000000

Root relaxation: objective -1.030702e+04, 143 iterations, 0.00 seconds (0.00 work units)

    Nodes    |    Current Node    |     Objective Bounds      |     Work
 Expl Unexpl |  Obj  Depth IntInf | Incumbent    BestBd   Gap | It/Node Time

     0     0 -10307.020    0    2 -9411.0000 -10307.020  9.52%     -    0s
H    0     0                    -10263.00000 -10307.020  0.43%     -    0s

Explored 1 nodes (344 simplex iterations) in 0.02 seconds (0.01 work units)
Thread count was 4 (of 56 available processors)

Solution count 3: -10263 -9411 0 
No other solutions better than -10263

Optimal solution found (tolerance 1.00e-04)
Best objective -1.026300000000e+04, best bound -1.026300000000e+04, gap 0.0000%
