
Gurobi 9.5.0 (linux64) logging started Mon Jun 20 09:15:15 2022

Set parameter LogFile to value "/local_workspace/chenrui/LogFiles/MKAP/new2S_R5_M10_N50_seed8_DWcutsCTp_600.log"
Gurobi Optimizer version 9.5.0 build v9.5.0rc5 (linux64)
Thread count: 56 physical cores, 56 logical processors, using up to 4 threads
Optimize a model with 160 rows, 550 columns and 1648 nonzeros
Model fingerprint: 0xe398f374
Variable types: 0 continuous, 550 integer (550 binary)
Coefficient statistics:
  Matrix range     [1e-09, 3e+03]
  Objective range  [1e+02, 1e+03]
  Bounds range     [1e+00, 1e+00]
  RHS range        [1e-05, 1e+00]
Warning: Model contains large matrix coefficient range
         Consider reformulating model or setting NumericFocus parameter
         to avoid numerical issues.
Found heuristic solution: objective 0.0000000
Presolve removed 21 rows and 96 columns
Presolve time: 0.01s
Presolved: 139 rows, 454 columns, 1334 nonzeros
Found heuristic solution: objective -7517.000000
Variable types: 0 continuous, 454 integer (454 binary)

Root relaxation: objective -1.756584e+04, 419 iterations, 0.00 seconds (0.00 work units)

    Nodes    |    Current Node    |     Objective Bounds      |     Work
 Expl Unexpl |  Obj  Depth IntInf | Incumbent    BestBd   Gap | It/Node Time

     0     0 -17565.835    0   31 -7517.0000 -17565.835   134%     -    0s
H    0     0                    -16266.00000 -17565.835  7.99%     -    0s
H    0     0                    -16542.00000 -17565.835  6.19%     -    0s
     0     0 -17565.835    0   44 -16542.000 -17565.835  6.19%     -    0s
H    0     0                    -16599.00000 -17565.835  5.82%     -    0s
     0     0 -17565.835    0   32 -16599.000 -17565.835  5.82%     -    0s
H    0     0                    -16934.00000 -17565.835  3.73%     -    0s
     0     0 -17565.835    0   38 -16934.000 -17565.835  3.73%     -    0s
H    0     0                    -16939.00000 -17565.835  3.70%     -    0s
H    0     0                    -17115.00000 -17565.835  2.63%     -    0s
     0     0 -17565.835    0   43 -17115.000 -17565.835  2.63%     -    0s
H    0     0                    -17202.00000 -17565.835  2.12%     -    0s
     0     0 -17565.835    0   28 -17202.000 -17565.835  2.12%     -    0s
     0     0 -17565.835    0   12 -17202.000 -17565.835  2.12%     -    0s
     0     2 -17565.835    0   12 -17202.000 -17565.835  2.12%     -    0s
H   33    40                    -17213.00000 -17565.835  2.05%  53.2    0s
H  159   179                    -17279.00000 -17565.835  1.66%  19.7    0s
H  187   179                    -17291.00000 -17565.835  1.59%  17.9    0s
H  236   198                    -17324.00000 -17565.835  1.40%  17.3    0s
H  270   249                    -17332.00000 -17565.835  1.35%  16.5    0s
H 1259   814                    -17462.00000 -17565.835  0.59%  14.7    0s
H 1290   779                    -17494.00000 -17565.835  0.41%  14.7    0s
*33592  5239              52    -17498.00004 -17538.488  0.23%   9.0    3s

Cutting planes:
  Gomory: 5
  Cover: 39
  Clique: 13
  MIR: 28
  StrongCG: 10
  Flow cover: 12
  Zero half: 5
  RLT: 2

Explored 37809 nodes (390012 simplex iterations) in 4.44 seconds (4.57 work units)
Thread count was 4 (of 56 available processors)

Solution count 10: -17498 -17494 -17462 ... -17115

Optimal solution found (tolerance 1.00e-04)
Best objective -1.749800000000e+04, best bound -1.749800000000e+04, gap 0.0000%
