
Gurobi 9.5.0 (linux64) logging started Tue Jun 21 04:02:47 2022

Set parameter LogFile to value "/local_workspace/chenrui/LogFiles/MKAP/new2S_R25_M40_N100_seed8_DWcutsCTp_600.log"
Gurobi Optimizer version 9.5.0 build v9.5.0rc5 (linux64)
Thread count: 56 physical cores, 56 logical processors, using up to 4 threads
Optimize a model with 2140 rows, 5000 columns and 14856 nonzeros
Model fingerprint: 0x63d3dcbd
Variable types: 0 continuous, 5000 integer (5000 binary)
Coefficient statistics:
  Matrix range     [9e-13, 1e+03]
  Objective range  [2e+01, 1e+03]
  Bounds range     [1e+00, 1e+00]
  RHS range        [1e-05, 1e+00]
Warning: Model contains large matrix coefficient range
         Consider reformulating model or setting NumericFocus parameter
         to avoid numerical issues.
Found heuristic solution: objective 0.0000000
Presolve removed 942 rows and 1994 columns
Presolve time: 0.04s
Presolved: 1198 rows, 3006 columns, 8238 nonzeros
Found heuristic solution: objective -25017.00000
Variable types: 0 continuous, 3006 integer (3006 binary)

Root relaxation: objective -3.224667e+04, 3150 iterations, 0.04 seconds (0.04 work units)

    Nodes    |    Current Node    |     Objective Bounds      |     Work
 Expl Unexpl |  Obj  Depth IntInf | Incumbent    BestBd   Gap | It/Node Time

     0     0 -32246.675    0  111 -25017.000 -32246.675  28.9%     -    0s
H    0     0                    -29461.00000 -32246.675  9.46%     -    0s
H    0     0                    -30484.00000 -32246.675  5.78%     -    0s
H    0     0                    -31010.00000 -32246.675  3.99%     -    0s
H    0     0                    -31013.00000 -32246.675  3.98%     -    0s
H    0     0                    -31111.00000 -32246.675  3.65%     -    0s
     0     0 -32246.675    0   90 -31111.000 -32246.675  3.65%     -    0s
H    0     0                    -31455.00000 -32246.675  2.52%     -    0s
H    0     0                    -31742.00000 -32246.675  1.59%     -    0s
     0     0 -32246.674    0   88 -31742.000 -32246.674  1.59%     -    0s
H    0     0                    -31906.00000 -32246.674  1.07%     -    0s
H    0     0                    -31920.00000 -32246.674  1.02%     -    0s
     0     0 -32246.674    0   94 -31920.000 -32246.674  1.02%     -    0s
     0     0 -32246.674    0   87 -31920.000 -32246.674  1.02%     -    0s
H    0     0                    -32185.00000 -32246.674  0.19%     -    0s
     0     0 -32246.674    0   87 -32185.000 -32246.674  0.19%     -    0s
     0     0 -32246.674    0   95 -32185.000 -32246.674  0.19%     -    0s
     0     0 -32246.672    0   25 -32185.000 -32246.672  0.19%     -    0s
     0     0 -32246.672    0   87 -32185.000 -32246.672  0.19%     -    0s
     0     0 -32246.672    0   83 -32185.000 -32246.672  0.19%     -    0s
     0     0 -32246.328    0   81 -32185.000 -32246.328  0.19%     -    0s
     0     0 -32245.324    0   80 -32185.000 -32245.324  0.19%     -    0s
     0     0 -32244.709    0  115 -32185.000 -32244.709  0.19%     -    0s
     0     0 -32244.709    0   26 -32185.000 -32244.709  0.19%     -    0s
     0     0 -32244.709    0   59 -32185.000 -32244.709  0.19%     -    0s
     0     0 -32244.709    0   69 -32185.000 -32244.709  0.19%     -    0s
     0     0 -32242.694    0   68 -32185.000 -32242.694  0.18%     -    0s
     0     0 -32242.694    0   70 -32185.000 -32242.694  0.18%     -    0s
     0     0 -32242.694    0   68 -32185.000 -32242.694  0.18%     -    0s
     0     0 -32241.296    0   63 -32185.000 -32241.296  0.17%     -    0s
     0     0 -32241.296    0   66 -32185.000 -32241.296  0.17%     -    0s
     0     0 -32241.220    0   44 -32185.000 -32241.220  0.17%     -    0s
     0     0 -32237.730    0   53 -32185.000 -32237.730  0.16%     -    0s
     0     0 -32237.730    0   70 -32185.000 -32237.730  0.16%     -    0s
     0     0 -32237.730    0   70 -32185.000 -32237.730  0.16%     -    0s
     0     2 -32237.730    0   70 -32185.000 -32237.730  0.16%     -    0s
*   66    13              14    -32193.00009 -32227.097  0.11%  17.3    0s

Cutting planes:
  Gomory: 1
  Lift-and-project: 1
  Cover: 19
  Clique: 2
  MIR: 1
  Zero half: 3

Explored 151 nodes (8486 simplex iterations) in 0.55 seconds (0.36 work units)
Thread count was 4 (of 56 available processors)

Solution count 10: -32193 -32185 -31920 ... -30642

Optimal solution found (tolerance 1.00e-04)
Best objective -3.219300000000e+04, best bound -3.219300010338e+04, gap 0.0000%
