
Gurobi 9.5.0 (linux64) logging started Sat Jun 18 16:07:27 2022

Set parameter LogFile to value "/local_workspace/chenrui/LogFiles/MKAP/new2S_R10_M10_N200_seed6_DWcutsCTp1_600.log"
Gurobi Optimizer version 9.5.0 build v9.5.0rc5 (linux64)
Thread count: 56 physical cores, 56 logical processors, using up to 4 threads
Optimize a model with 510 rows, 2100 columns and 8398 nonzeros
Model fingerprint: 0x926bc960
Variable types: 0 continuous, 2100 integer (2100 binary)
Coefficient statistics:
  Matrix range     [1e-13, 9e+03]
  Objective range  [2e+01, 1e+03]
  Bounds range     [1e+00, 1e+00]
  RHS range        [1e-05, 1e+00]
Warning: Model contains large matrix coefficient range
         Consider reformulating model or setting NumericFocus parameter
         to avoid numerical issues.
Found heuristic solution: objective 0.0000000
Presolve removed 0 rows and 50 columns
Presolve time: 0.01s
Presolved: 510 rows, 2050 columns, 8193 nonzeros
Variable types: 0 continuous, 2050 integer (2050 binary)
Found heuristic solution: objective -10794.00000

Root relaxation: objective -6.523400e+04, 3805 iterations, 0.08 seconds (0.08 work units)

    Nodes    |    Current Node    |     Objective Bounds      |     Work
 Expl Unexpl |  Obj  Depth IntInf | Incumbent    BestBd   Gap | It/Node Time

     0     0 -65234.001    0   19 -10794.000 -65234.001   504%     -    0s
H    0     0                    -65122.00000 -65234.001  0.17%     -    0s
H    0     0                    -65234.00000 -65234.001  0.00%     -    0s
     0     0 -65234.001    0   19 -65234.000 -65234.001  0.00%     -    0s

Explored 1 nodes (4232 simplex iterations) in 0.12 seconds (0.12 work units)
Thread count was 4 (of 56 available processors)

Solution count 4: -65234 -65122 -10794 0 
No other solutions better than -65234

Optimal solution found (tolerance 1.00e-04)
Best objective -6.523400000000e+04, best bound -6.523400000000e+04, gap 0.0000%
