
Gurobi 9.5.0 (linux64) logging started Fri Apr 29 10:25:17 2022

Set parameter LogFile to value "/local_workspace/chenrui/LogFiles/MKAP/new2S_R25_M20_N200_seed3_DWcuts_600.log"
Gurobi Optimizer version 9.5.0 build v9.5.0rc5 (linux64)
Thread count: 56 physical cores, 56 logical processors, using up to 4 threads
Optimize a model with 1220 rows, 4500 columns and 13500 nonzeros
Model fingerprint: 0x4173e435
Variable types: 0 continuous, 4500 integer (4500 binary)
Coefficient statistics:
  Matrix range     [1e+00, 6e+03]
  Objective range  [3e+01, 1e+03]
  Bounds range     [1e+00, 1e+00]
  RHS range        [1e-06, 1e+00]
Found heuristic solution: objective 0.0000000
Presolve removed 132 rows and 715 columns
Presolve time: 0.05s
Presolved: 1088 rows, 3785 columns, 11139 nonzeros
Found heuristic solution: objective -26215.00000
Variable types: 0 continuous, 3785 integer (3785 binary)

Root relaxation: objective -6.165100e+04, 3341 iterations, 0.05 seconds (0.04 work units)

    Nodes    |    Current Node    |     Objective Bounds      |     Work
 Expl Unexpl |  Obj  Depth IntInf | Incumbent    BestBd   Gap | It/Node Time

     0     0 -61651.002    0  123 -26215.000 -61651.002   135%     -    0s
H    0     0                    -55830.00000 -61651.002  10.4%     -    0s
H    0     0                    -55912.00000 -61651.002  10.3%     -    0s
H    0     0                    -55925.00000 -61651.002  10.2%     -    0s
H    0     0                    -58105.00000 -61651.002  6.10%     -    0s
     0     0 -61651.002    0   84 -58105.000 -61651.002  6.10%     -    0s
H    0     0                    -59646.00000 -61651.002  3.36%     -    0s
H    0     0                    -60870.00000 -61651.002  1.28%     -    0s
H    0     0                    -61147.00000 -61651.002  0.82%     -    0s
H    0     0                    -61176.00000 -61651.002  0.78%     -    0s
H    0     0                    -61604.00000 -61651.002  0.08%     -    0s
     0     0 -61651.002    0   92 -61604.000 -61651.002  0.08%     -    0s
     0     0 -61651.002    0   92 -61604.000 -61651.002  0.08%     -    0s
     0     0 -61651.002    0   50 -61604.000 -61651.002  0.08%     -    0s
     0     0 -61651.002    0  113 -61604.000 -61651.002  0.08%     -    0s
     0     0 -61651.002    0   92 -61604.000 -61651.002  0.08%     -    0s
H    0     0                    -61638.00000 -61651.002  0.02%     -    0s
     0     0 -61651.002    0   71 -61638.000 -61651.002  0.02%     -    0s
     0     0 -61651.002    0   47 -61638.000 -61651.002  0.02%     -    0s
H    0     0                    -61640.00000 -61651.002  0.02%     -    0s
     0     0 -61651.002    0   87 -61640.000 -61651.002  0.02%     -    0s
     0     0 -61651.002    0   26 -61640.000 -61651.002  0.02%     -    0s
     0     0 -61651.001    0   73 -61640.000 -61651.001  0.02%     -    0s
     0     0 -61651.001    0   27 -61640.000 -61651.001  0.02%     -    0s
H    0     0                    -61643.00000 -61650.999  0.01%     -    0s
H    0     0                    -61650.00000 -61650.999  0.00%     -    0s
     0     0 -61650.986    0   44 -61650.000 -61650.986  0.00%     -    0s

Cutting planes:
  Gomory: 6
  Cover: 7
  Clique: 58
  StrongCG: 2
  RLT: 1

Explored 1 nodes (10053 simplex iterations) in 0.63 seconds (0.42 work units)
Thread count was 4 (of 56 available processors)

Solution count 10: -61650 -61643 -61640 ... -58105

Optimal solution found (tolerance 1.00e-04)
Best objective -6.165000000000e+04, best bound -6.165098566045e+04, gap 0.0016%
