
Gurobi 9.5.0 (linux64) logging started Wed May  4 18:37:15 2022

Set parameter LogFile to value "/local_workspace/chenrui/LogFiles/MKAP/new2S_R25_M40_N100_seed6_objLB_600.log"
Gurobi Optimizer version 9.5.0 build v9.5.0rc5 (linux64)
Thread count: 56 physical cores, 56 logical processors, using up to 4 threads
Optimize a model with 1141 rows, 5000 columns and 14000 nonzeros
Model fingerprint: 0xe2f3ce79
Variable types: 0 continuous, 5000 integer (5000 binary)
Coefficient statistics:
  Matrix range     [1e+00, 1e+03]
  Objective range  [2e+01, 1e+03]
  Bounds range     [1e+00, 1e+00]
  RHS range        [1e+00, 3e+04]
Found heuristic solution: objective 0.0000000
Presolve removed 523 rows and 2039 columns
Presolve time: 0.04s
Presolved: 618 rows, 2961 columns, 8406 nonzeros
Variable types: 0 continuous, 2961 integer (2961 binary)
Found heuristic solution: objective -28082.00000

Root relaxation: objective -3.319000e+04, 1463 iterations, 0.03 seconds (0.04 work units)

    Nodes    |    Current Node    |     Objective Bounds      |     Work
 Expl Unexpl |  Obj  Depth IntInf | Incumbent    BestBd   Gap | It/Node Time

     0     0 -33190.000    0   36 -28082.000 -33190.000  18.2%     -    0s
H    0     0                    -30889.00000 -33190.000  7.45%     -    0s
H    0     0                    -31137.00000 -33190.000  6.59%     -    0s
H    0     0                    -31173.00000 -33190.000  6.47%     -    0s
     0     0 -33190.000    0   78 -31173.000 -33190.000  6.47%     -    0s
H    0     0                    -31709.00000 -33190.000  4.67%     -    0s
H    0     0                    -31951.00000 -33190.000  3.88%     -    0s
     0     0 -33190.000    0   79 -31951.000 -33190.000  3.88%     -    0s
H    0     0                    -32181.00000 -33190.000  3.14%     -    0s
H    0     0                    -32407.00000 -33190.000  2.42%     -    0s
     0     0 -33190.000    0   22 -32407.000 -33190.000  2.42%     -    0s
     0     0 -33190.000    0   44 -32407.000 -33190.000  2.42%     -    0s
     0     0 -33190.000    0   31 -32407.000 -33190.000  2.42%     -    0s
     0     0 -33190.000    0   31 -32407.000 -33190.000  2.42%     -    0s
H    0     0                    -32699.00000 -33190.000  1.50%     -    0s
H    0     2                    -32806.00000 -33190.000  1.17%     -    0s
     0     2 -33190.000    0   29 -32806.000 -33190.000  1.17%     -    0s
H   33    39                    -32843.00000 -33190.000  1.06%   167    0s
H   78   107                    -32876.00000 -33190.000  0.96%   130    0s
H   90   107                    -32901.00000 -33190.000  0.88%   119    0s
H  130   196                    -32905.00000 -33190.000  0.87%   102    0s
H  157   196                    -32973.00000 -33190.000  0.66%  91.2    0s
H  450   397                    -33021.00000 -33190.000  0.51%  66.0    0s
H  622   461                    -33053.00000 -33190.000  0.41%  72.1    1s
H  665   415                    -33103.00000 -33190.000  0.26%  75.1    1s
H  746   403                    -33111.00000 -33190.000  0.24%  81.7    1s
H 1152   472                    -33118.00000 -33190.000  0.22%  98.3    1s
H 1166   391                    -33177.00000 -33190.000  0.04%  98.2    1s
  3247   720     cutoff   20      -33177.000 -33190.000  0.04%   182    5s
  5618   836     cutoff   20      -33177.000 -33190.000  0.04%   218   10s
  6397   902 -33190.000   17   48 -33177.000 -33190.000  0.04%   227   15s
  6523  1199 -33190.000   30   21 -33177.000 -33190.000  0.04%   228   20s
  9745  1102     cutoff   63      -33177.000 -33190.000  0.04%   212   25s
 12315  1301 -33186.618   50   98 -33177.000 -33190.000  0.04%   200   30s
 13808  1420 -33190.000   52   50 -33177.000 -33190.000  0.04%   198   35s
 16152  1560 -33190.000   53   48 -33177.000 -33190.000  0.04%   195   40s
 20824  1693     cutoff   66      -33177.000 -33190.000  0.04%   190   45s
 22968  2038     cutoff   50      -33177.000 -33190.000  0.04%   193   50s
 26470  2204     cutoff   50      -33177.000 -33190.000  0.04%   191   55s
 30152  2294     cutoff   43      -33177.000 -33190.000  0.04%   189   63s
 31545  2335 -33190.000   32   31 -33177.000 -33190.000  0.04%   189   65s
 36713  2355 -33181.579   59    5 -33177.000 -33190.000  0.04%   187   70s
 38628  2456     cutoff   66      -33177.000 -33190.000  0.04%   186   75s
 44219  2905 -33190.000   40   46 -33177.000 -33190.000  0.04%   183   80s
 48798  3272 -33190.000   39    9 -33177.000 -33190.000  0.04%   185   85s
 52449  3551     cutoff   71      -33177.000 -33190.000  0.04%   187   90s
 55050  3778     cutoff   60      -33177.000 -33190.000  0.04%   188   95s
 59975  4005     cutoff   38      -33177.000 -33190.000  0.04%   188  100s
 64037  4131     cutoff   50      -33177.000 -33190.000  0.04%   188  105s
 68660  4187 -33190.000   57   46 -33177.000 -33190.000  0.04%   188  110s
 69885  4212     cutoff   70      -33177.000 -33190.000  0.04%   189  115s
 73964  4358 -33179.799   43   69 -33177.000 -33190.000  0.04%   190  120s
 76879  4639 -33190.000   30   43 -33177.000 -33190.000  0.04%   190  125s
 81013  4909 -33190.000   50   33 -33177.000 -33190.000  0.04%   190  130s
 83885  4997     cutoff   57      -33177.000 -33190.000  0.04%   190  135s
 87463  5224     cutoff   55      -33177.000 -33190.000  0.04%   189  142s
 88820  5445 -33186.645   52   43 -33177.000 -33190.000  0.04%   188  146s
 93558  5587     cutoff  100      -33177.000 -33190.000  0.04%   187  150s
 97760  5845 -33190.000   33   57 -33177.000 -33190.000  0.04%   186  155s
 100870  5933 -33190.000   57   50 -33177.000 -33190.000  0.04%   186  160s
 102734  5988     cutoff   42      -33177.000 -33190.000  0.04%   186  167s
 103496  6134     cutoff   51      -33177.000 -33190.000  0.04%   186  170s
 106766  6404     cutoff   73      -33177.000 -33190.000  0.04%   187  175s
 107971  6581 -33184.464   50   68 -33177.000 -33190.000  0.04%   187  180s
 111194  6677 -33190.000   69   60 -33177.000 -33190.000  0.04%   187  185s
 114852  7050     cutoff   51      -33177.000 -33190.000  0.04%   187  190s
 118301  7313 -33190.000   49   17 -33177.000 -33190.000  0.04%   187  195s
 118331  7771 -33190.000   50   15 -33177.000 -33190.000  0.04%   187  200s
 124697  7965     cutoff   63      -33177.000 -33190.000  0.04%   187  205s
 127920  7950     cutoff   65      -33177.000 -33190.000  0.04%   187  210s
 128783  7884 -33190.000   63   16 -33177.000 -33190.000  0.04%   187  219s
 132756  7878 -33190.000   66   29 -33177.000 -33190.000  0.04%   186  220s
 136039  8095     cutoff   54      -33177.000 -33190.000  0.04%   186  225s
 137621  8115 -33190.000   57   42 -33177.000 -33190.000  0.04%   186  230s
 139337  8246     cutoff   37      -33177.000 -33190.000  0.04%   186  235s
 139449  8512 -33190.000   55   53 -33177.000 -33190.000  0.04%   186  243s
 144248  8700 -33190.000   32   52 -33177.000 -33190.000  0.04%   186  245s
 146600  8828 -33190.000   33   66 -33177.000 -33190.000  0.04%   186  250s
 148839  8892 -33186.796   32   69 -33177.000 -33190.000  0.04%   186  258s
 148969  8953 -33190.000   33   43 -33177.000 -33190.000  0.04%   186  260s
 152483  9139     cutoff   62      -33177.000 -33190.000  0.04%   186  265s
 156280  9400     cutoff   49      -33177.000 -33190.000  0.04%   185  272s
 157629  9616     cutoff   43      -33177.000 -33190.000  0.04%   185  275s
 162154  9951 -33186.239   57   23 -33177.000 -33190.000  0.04%   184  280s
 165854 10156     cutoff   61      -33177.000 -33190.000  0.04%   183  285s
 169861 10570 -33190.000   33   21 -33177.000 -33190.000  0.04%   182  290s
 171233 10638 -33190.000   21   42 -33177.000 -33190.000  0.04%   182  297s
 171862 10704 -33190.000   32   53 -33177.000 -33190.000  0.04%   182  300s
 176387 11026 -33190.000   55   23 -33177.000 -33190.000  0.04%   182  305s
 179716 11315 -33190.000   50   48 -33177.000 -33190.000  0.04%   182  310s
 182079 11559     cutoff   52      -33177.000 -33190.000  0.04%   182  315s
 184165 11674     cutoff   64      -33177.000 -33190.000  0.04%   182  320s
 186033 11697 -33190.000   56   84 -33177.000 -33190.000  0.04%   182  327s
 187453 11861     cutoff   65      -33177.000 -33190.000  0.04%   183  330s
 189698 11983 -33190.000   56   79 -33177.000 -33190.000  0.04%   183  337s
 190980 12031     cutoff   34      -33177.000 -33190.000  0.04%   183  340s
 193556 12149     cutoff   52      -33177.000 -33190.000  0.04%   183  346s
 195728 12226 -33190.000   63   28 -33177.000 -33190.000  0.04%   183  350s
 198125 12415 -33190.000   49   42 -33177.000 -33190.000  0.04%   182  355s
 201154 12556 -33190.000   54   47 -33177.000 -33190.000  0.04%   182  360s
 203399 12593 -33190.000   37   33 -33177.000 -33190.000  0.04%   182  369s
 203464 12651 -33190.000   38   53 -33177.000 -33190.000  0.04%   182  370s
 207308 12641 -33190.000   55   28 -33177.000 -33190.000  0.04%   181  378s
 208177 12661 -33190.000   42   43 -33177.000 -33190.000  0.04%   181  380s
 211868 12849     cutoff   57      -33177.000 -33190.000  0.04%   180  385s
 214647 12995 -33190.000   32   17 -33177.000 -33190.000  0.04%   180  390s
 218034 13088 -33190.000   54   25 -33177.000 -33190.000  0.04%   180  395s
 220674 13255 -33190.000   47   60 -33177.000 -33190.000  0.04%   179  400s
 224068 13361 -33190.000   57   54 -33177.000 -33190.000  0.04%   179  405s
 226632 13342 -33185.465   63   46 -33177.000 -33190.000  0.04%   178  410s
 228970 13494 -33182.685   34   57 -33177.000 -33190.000  0.04%   178  415s
 229960 13570     cutoff   39      -33177.000 -33190.000  0.04%   178  421s
 231868 13740     cutoff   36      -33177.000 -33190.000  0.04%   178  425s
 234592 14120     cutoff   53      -33177.000 -33190.000  0.04%   178  430s
 235471 14126 -33190.000   49   50 -33177.000 -33190.000  0.04%   178  439s
 238972 14194 -33190.000   63   13 -33177.000 -33190.000  0.04%   178  440s
 241405 14515     cutoff   53      -33177.000 -33190.000  0.04%   178  445s
 243915 14575     cutoff   57      -33177.000 -33190.000  0.04%   178  451s
 246185 14612 -33190.000   29   77 -33177.000 -33190.000  0.04%   178  456s
 247670 14676 -33190.000   49   49 -33177.000 -33190.000  0.04%   178  460s
 250614 14757 -33190.000   45   71 -33177.000 -33190.000  0.04%   178  466s
 252625 14787 -33190.000   43  102 -33177.000 -33190.000  0.04%   178  475s
 254750 14899 -33190.000   42   58 -33177.000 -33190.000  0.04%   178  480s
 257140 15069 -33189.937   60   44 -33177.000 -33190.000  0.04%   178  485s
 259470 15081     cutoff   57      -33177.000 -33190.000  0.04%   178  492s
 261037 15115     cutoff   29      -33177.000 -33190.000  0.04%   178  495s
 263611 15297 -33182.042   66   53 -33177.000 -33190.000  0.04%   178  500s
 263780 15309 -33190.000   50   95 -33177.000 -33190.000  0.04%   178  506s
 264928 15397     cutoff   42      -33177.000 -33190.000  0.04%   178  510s
 268096 15637 -33190.000   48   17 -33177.000 -33190.000  0.04%   178  515s
 270765 15681     cutoff   41      -33177.000 -33190.000  0.04%   178  520s
 272564 15723 -33186.566   57   37 -33177.000 -33190.000  0.04%   178  528s
 273597 15707     cutoff   55      -33177.000 -33190.000  0.04%   178  530s
 274915 15698 -33190.000   57   31 -33177.000 -33190.000  0.04%   178  536s
 277237 15688     cutoff   42      -33177.000 -33190.000  0.04%   178  540s
 279679 15746 -33190.000   45   40 -33177.000 -33190.000  0.04%   178  548s
 280506 15703     cutoff   50      -33177.000 -33190.000  0.04%   178  551s
 282941 15746 -33190.000   43   27 -33177.000 -33190.000  0.04%   178  556s
 285651 15736 -33189.275   52   14 -33177.000 -33190.000  0.04%   177  561s
 287966 15816 -33190.000   49   58 -33177.000 -33190.000  0.04%   177  565s
 289871 15868     cutoff   58      -33177.000 -33190.000  0.04%   177  575s
 291518 15853     cutoff   43      -33177.000 -33190.000  0.04%   177  580s
 293785 15965 -33190.000   29   72 -33177.000 -33190.000  0.04%   176  587s
 294580 15986 -33190.000   43   78 -33177.000 -33190.000  0.04%   176  590s
 297218 16157     cutoff   56      -33177.000 -33190.000  0.04%   176  595s
 300162 16160     cutoff   60      -33177.000 -33190.000  0.04%   176  600s

Cutting planes:
  Gomory: 66
  Lift-and-project: 10
  Cover: 112
  Clique: 17
  MIR: 48
  StrongCG: 38
  Flow cover: 44
  Inf proof: 3
  Zero half: 35

Explored 300251 nodes (52745351 simplex iterations) in 600.00 seconds (1103.40 work units)
Thread count was 4 (of 56 available processors)

Solution count 10: -33177 -33118 -33111 ... -32876

Time limit reached
Best objective -3.317700000000e+04, best bound -3.319000000000e+04, gap 0.0392%
