
Gurobi 9.5.0 (linux64) logging started Fri Apr 29 23:07:35 2022

Set parameter LogFile to value "/local_workspace/chenrui/LogFiles/MKAP/new2S_R25_M20_N300_seed7_DWcutsCT3_600.log"
Gurobi Optimizer version 9.5.0 build v9.5.0rc5 (linux64)
Thread count: 56 physical cores, 56 logical processors, using up to 4 threads
Optimize a model with 4741 rows, 6500 columns and 62395 nonzeros
Model fingerprint: 0x0a8ab6bf
Variable types: 0 continuous, 6500 integer (6500 binary)
Coefficient statistics:
  Matrix range     [1e-13, 8e+03]
  Objective range  [2e+01, 1e+03]
  Bounds range     [1e+00, 1e+00]
  RHS range        [2e-16, 1e+00]
Warning: Model contains large matrix coefficient range
         Consider reformulating model or setting NumericFocus parameter
         to avoid numerical issues.
Found heuristic solution: objective 0.0000000
Presolve removed 131 rows and 186 columns
Presolve time: 0.17s
Presolved: 4610 rows, 6314 columns, 57458 nonzeros
Variable types: 0 continuous, 6314 integer (6314 binary)
Found heuristic solution: objective -5779.000000

Root relaxation: objective -8.945401e+04, 17067 iterations, 2.14 seconds (2.52 work units)

    Nodes    |    Current Node    |     Objective Bounds      |     Work
 Expl Unexpl |  Obj  Depth IntInf | Incumbent    BestBd   Gap | It/Node Time

     0     0 -89454.013    0  192 -5779.0000 -89454.013  1448%     -    2s
H    0     0                    -89085.00000 -89454.013  0.41%     -    2s
H    0     0                    -89193.00000 -89454.013  0.29%     -    2s
H    0     0                    -89251.00000 -89454.013  0.23%     -    2s
H    0     0                    -89438.00000 -89454.013  0.02%     -    2s
     0     0 -89454.003    0  105 -89438.000 -89454.003  0.02%     -    2s
H    0     0                    -89452.00000 -89454.003  0.00%     -    2s

Cutting planes:
  Cover: 26
  Clique: 320
  MIR: 1
  StrongCG: 1

Explored 1 nodes (18018 simplex iterations) in 3.03 seconds (3.24 work units)
Thread count was 4 (of 56 available processors)

Solution count 7: -89452 -89438 -89251 ... 0

Optimal solution found (tolerance 1.00e-04)
Best objective -8.945200000000e+04, best bound -8.945400000000e+04, gap 0.0022%
