
Gurobi 9.5.0 (linux64) logging started Tue Jun 21 01:07:53 2022

Set parameter LogFile to value "/local_workspace/chenrui/LogFiles/MKAP/new2S_R25_M30_N200_seed9_DWcutsCTp3_600.log"
Gurobi Optimizer version 9.5.0 build v9.5.0rc5 (linux64)
Thread count: 56 physical cores, 56 logical processors, using up to 4 threads
Optimize a model with 6027 rows, 6750 columns and 54416 nonzeros
Model fingerprint: 0xf69bc9c1
Variable types: 0 continuous, 6750 integer (6750 binary)
Coefficient statistics:
  Matrix range     [1e-13, 6e+03]
  Objective range  [6e+01, 1e+03]
  Bounds range     [1e+00, 1e+00]
  RHS range        [1e-05, 1e+00]
Warning: Model contains large matrix coefficient range
         Consider reformulating model or setting NumericFocus parameter
         to avoid numerical issues.
Found heuristic solution: objective 0.0000000
Presolve removed 637 rows and 653 columns
Presolve time: 0.12s
Presolved: 5390 rows, 6097 columns, 44416 nonzeros
Found heuristic solution: objective -8666.000000
Variable types: 0 continuous, 6097 integer (6097 binary)

Root relaxation: objective -6.602004e+04, 13468 iterations, 0.97 seconds (0.92 work units)

    Nodes    |    Current Node    |     Objective Bounds      |     Work
 Expl Unexpl |  Obj  Depth IntInf | Incumbent    BestBd   Gap | It/Node Time

     0     0 -66020.036    0  588 -8666.0000 -66020.036   662%     -    1s
H    0     0                    -58957.00000 -66020.036  12.0%     -    1s
H    0     0                    -64108.00000 -66020.036  2.98%     -    1s
H    0     0                    -64336.00000 -66020.036  2.62%     -    1s
     0     0 -66011.998    0  607 -64336.000 -66011.998  2.61%     -    1s
H    0     0                    -65552.00000 -66011.998  0.70%     -    2s
     0     0 -66000.321    0  599 -65552.000 -66000.321  0.68%     -    3s
H    0     0                    -65565.00000 -66000.321  0.66%     -    3s
     0     0 -65996.020    0  615 -65565.000 -65996.020  0.66%     -    3s
     0     0 -65995.278    0  619 -65565.000 -65995.278  0.66%     -    3s
     0     0 -65995.099    0  616 -65565.000 -65995.099  0.66%     -    3s
     0     0 -65995.099    0  616 -65565.000 -65995.099  0.66%     -    4s
     0     2 -65995.099    0  616 -65565.000 -65995.099  0.66%     -    4s
     3     8 -65992.155    2  609 -65565.000 -65992.155  0.65%   401    5s
H   28    33                    -65587.00000 -65991.993  0.62%   271    7s
H   58    81                    -65597.00004 -65991.993  0.60%   229    8s
H   63    81                    -65602.00000 -65991.993  0.59%   220    8s
   152   193 -65981.071   43  556 -65602.000 -65991.993  0.59%   159   10s
H  312   319                    -65608.00000 -65991.993  0.59%   133   14s
   318   342 -65967.492   86  564 -65608.000 -65991.993  0.59%   135   15s
   658   689 -65881.456  166  529 -65608.000 -65991.993  0.59%   149   20s
  1000  1058 -65791.609  232  479 -65608.000 -65991.993  0.59%   154   25s
  1519  1438 -65701.419  241  616 -65608.000 -65990.152  0.58%   163   31s
  1527  1443 -65699.917  259  612 -65608.000 -65990.152  0.58%   163   35s
  1539  1451 -65790.602  178  641 -65608.000 -65990.137  0.58%   161   41s
  1540  1454 -65990.046   11  644 -65608.000 -65990.046  0.58%   171   54s
  1542  1455 -65979.539   12  613 -65608.000 -65979.539  0.57%   172   55s
H 1572  1398                    -65627.00000 -65972.485  0.53%   176   59s
  1573  1404 -65873.336   17  609 -65627.000 -65972.485  0.53%   176   60s
H 1601  1351                    -65648.00000 -65972.485  0.49%   179   61s
H 1602  1285                    -65698.00000 -65972.485  0.42%   179   61s
  1719  1326 -65925.047   23  560 -65698.000 -65971.729  0.42%   182   65s
H 1926  1291                    -65768.00000 -65971.729  0.31%   188   69s
  1983  1286 -65806.690   61  499 -65768.000 -65971.729  0.31%   188   70s
  2279  1380 -65770.547   58  375 -65768.000 -65941.446  0.26%   191   75s
  2710  1545 -65820.597   36  571 -65768.000 -65930.935  0.25%   191   80s
  3041  1583 -65826.910   28  577 -65768.000 -65924.618  0.24%   195   87s
  3195  1670 -65830.143   31  553 -65768.000 -65921.017  0.23%   196   90s
  3555  1748 -65847.470   28  573 -65768.000 -65918.575  0.23%   200   95s
  3904  1793 -65814.466   42  490 -65768.000 -65916.449  0.23%   204  100s
  4292  1811     cutoff   38      -65768.000 -65913.878  0.22%   206  105s
  4778  1923 -65809.914   43  508 -65768.000 -65910.328  0.22%   207  111s
  5038  1981 -65843.931   26  586 -65768.000 -65907.398  0.21%   206  116s
  5529  2288 -65865.841   30  590 -65768.000 -65903.969  0.21%   205  121s
  6087  2556 -65790.910   27  574 -65768.000 -65901.353  0.20%   206  126s
  6697  2950 -65831.673   36  485 -65768.000 -65898.743  0.20%   208  133s
  7021  3113 -65831.910   32  493 -65768.000 -65898.118  0.20%   208  136s
  7372  3285 -65841.189   33  577 -65768.000 -65896.561  0.20%   210  143s
  7702  3467 -65882.684   29  600 -65768.000 -65894.796  0.19%   211  147s
  8048  3526 -65798.061   41  542 -65768.000 -65893.573  0.19%   212  151s
  8219  3729 -65871.493   32  570 -65768.000 -65892.868  0.19%   212  155s
  9022  4099 infeasible   45      -65768.000 -65889.597  0.18%   213  164s
  9424  4292 -65782.016   59  549 -65768.000 -65888.119  0.18%   214  169s
  9921  4486 -65773.931   40  498 -65768.000 -65886.307  0.18%   215  175s
 10343  4688     cutoff   36      -65768.000 -65885.546  0.18%   215  181s
 10855  4906 -65811.257   37  468 -65768.000 -65884.144  0.18%   217  187s
 11446  5097 -65860.616   28  563 -65768.000 -65882.290  0.17%   217  193s
 11966  5352 -65802.707   28  541 -65768.000 -65880.172  0.17%   219  198s
 12542  5386 -65778.817   44  459 -65768.000 -65877.746  0.17%   220  204s
 12672  5597 -65842.071   32  539 -65768.000 -65877.465  0.17%   220  210s
 13304  5783     cutoff   41      -65768.000 -65875.628  0.16%   221  217s
 13966  6029 -65773.615   30  531 -65768.000 -65873.578  0.16%   222  223s
 14658  6283 -65808.477   43  556 -65768.000 -65871.922  0.16%   222  229s
 15300  6286     cutoff   29      -65768.000 -65870.125  0.16%   222  237s
 15344  6510 -65844.514   39  506 -65768.000 -65869.665  0.15%   222  243s
 16014  6681 -65808.254   36  493 -65768.000 -65868.346  0.15%   223  249s
 16566  6887 infeasible   32      -65768.000 -65867.153  0.15%   223  256s
 17178  7120 -65821.283   35  578 -65768.000 -65865.622  0.15%   223  262s
 17808  7355 -65776.771   57  458 -65768.000 -65864.225  0.15%   223  268s
 18425  7609 -65772.795   53  497 -65768.000 -65863.046  0.14%   224  275s
 19053  7782 -65772.928   33  430 -65768.000 -65861.661  0.14%   225  281s
 19676  7971 -65821.318   43  572 -65768.000 -65860.281  0.14%   226  287s
 20334  8149     cutoff   45      -65768.000 -65858.473  0.14%   226  293s
 21004  8150 -65843.913   41  616 -65768.000 -65857.117  0.14%   226  345s
 21017  8159 -65845.168   37  723 -65768.000 -65857.117  0.14%   226  352s
 21020  8161 -65812.918   48  714 -65768.000 -65857.117  0.14%   226  357s
 21022  8162 -65794.546   37  722 -65768.000 -65857.117  0.14%   226  361s
 21024  8163 -65791.002   36  710 -65768.000 -65857.117  0.14%   226  365s
 21027  8167 -65857.117   22  679 -65768.000 -65857.117  0.14%   227  384s
 21029  8170 -65857.117   23  667 -65768.000 -65857.117  0.14%   227  400s
 21032  8171 -65857.117   24  656 -65768.000 -65857.117  0.14%   227  414s
 21036  8170 -65857.117   25  676 -65768.000 -65857.117  0.14%   227  419s
 21040  8171 -65857.117   25  656 -65768.000 -65857.117  0.14%   227  423s
 21048  8175 -65857.117   26  629 -65768.000 -65857.117  0.14%   227  426s
 21067  8182 -65857.117   28  638 -65768.000 -65857.117  0.14%   227  430s
 21110  8187 -65857.117   36  633 -65768.000 -65857.117  0.14%   227  436s
 21172  8181 -65849.759   44  628 -65768.000 -65857.117  0.14%   227  440s
 21285  8175 -65812.722   59  558 -65768.000 -65857.117  0.14%   226  445s
 21452  8204 -65857.117   33  610 -65768.000 -65857.117  0.14%   226  450s
 21712  8235 -65857.117   28  606 -65768.000 -65857.117  0.14%   225  455s
 22088  8313 -65853.100   47  629 -65768.000 -65857.117  0.14%   225  461s
 22323  8334 -65811.966   35  586 -65768.000 -65857.117  0.14%   224  465s
 22708  8395 -65791.405   56  460 -65768.000 -65857.117  0.14%   224  470s
 22972  8493 -65812.243   46  533 -65768.000 -65857.117  0.14%   224  475s
 23537  8557 -65840.587   39  603 -65768.000 -65857.117  0.14%   223  481s
 23891  8631 -65789.862   41  600 -65768.000 -65857.117  0.14%   223  486s
 24322  8680 -65837.917   36  551 -65768.000 -65857.117  0.14%   223  491s
 24809  8697 -65844.826   47  636 -65768.000 -65857.117  0.14%   223  497s
 25084  8663 -65797.172   36  602 -65768.000 -65857.117  0.14%   223  500s
 25685  8684     cutoff   50      -65768.000 -65854.645  0.13%   223  506s
 26018  8665     cutoff   62      -65768.000 -65852.949  0.13%   223  510s
 26716  8613     cutoff   42      -65768.000 -65848.414  0.12%   223  518s
 27080  8569 -65790.159   44  504 -65768.000 -65846.664  0.12%   223  522s
 27508  8511 -65813.537   62  534 -65768.000 -65843.481  0.11%   223  527s
 27881  8441 -65813.157   46  613 -65768.000 -65840.724  0.11%   224  532s
 28245  8389 -65782.493   54  508 -65768.000 -65838.358  0.11%   224  537s
 28712  8359 -65798.597   44  571 -65768.000 -65835.235  0.10%   224  543s
 29305  8183 -65780.627   33  587 -65768.000 -65833.437  0.10%   223  550s
 29825  8052     cutoff   41      -65768.000 -65830.257  0.09%   224  557s
 30513  7835 -65800.695   30  587 -65768.000 -65827.019  0.09%   223  564s
 31247  7649 -65773.573   47  529 -65768.000 -65823.321  0.08%   223  574s
 32251  7301     cutoff   75      -65768.000 -65820.274  0.08%   223  580s
 32864  7136 -65797.145   78  466 -65768.000 -65816.440  0.07%   223  585s
 33446  6921 -65780.156   53  536 -65768.000 -65813.918  0.07%   223  591s
 34078  6603 -65771.313   57  533 -65768.000 -65810.180  0.06%   223  597s
 34734  6371 -65769.062   64  436 -65768.000 -65807.375  0.06%   223  600s

Cutting planes:
  Gomory: 20
  Lift-and-project: 2
  Cover: 115
  Clique: 13
  MIR: 36
  StrongCG: 16
  Flow cover: 111
  Zero half: 2
  RLT: 4

Explored 35009 nodes (7800431 simplex iterations) in 600.01 seconds (1002.58 work units)
Thread count was 4 (of 56 available processors)

Solution count 10: -65768 -65698 -65648 ... -65552

Time limit reached
Best objective -6.576800000000e+04, best bound -6.580600000000e+04, gap 0.0578%
