
Gurobi 9.5.0 (linux64) logging started Mon Jun 20 08:55:41 2022

Set parameter LogFile to value "/local_workspace/chenrui/LogFiles/MKAP/new2S_R2_M20_N50_seed6_DWcutsCTp_600.log"
Gurobi Optimizer version 9.5.0 build v9.5.0rc5 (linux64)
Thread count: 56 physical cores, 56 logical processors, using up to 4 threads
Optimize a model with 150 rows, 1040 columns and 3120 nonzeros
Model fingerprint: 0x0368539c
Variable types: 0 continuous, 1040 integer (1040 binary)
Coefficient statistics:
  Matrix range     [1e-12, 1e+03]
  Objective range  [2e+02, 1e+03]
  Bounds range     [1e+00, 1e+00]
  RHS range        [1e-05, 1e+00]
Warning: Model contains large matrix coefficient range
         Consider reformulating model or setting NumericFocus parameter
         to avoid numerical issues.
Found heuristic solution: objective 0.0000000
Presolve removed 28 rows and 384 columns
Presolve time: 0.01s
Presolved: 122 rows, 656 columns, 1985 nonzeros
Variable types: 0 continuous, 656 integer (656 binary)
Found heuristic solution: objective -13987.00000

Root relaxation: objective -1.711134e+04, 347 iterations, 0.00 seconds (0.00 work units)

    Nodes    |    Current Node    |     Objective Bounds      |     Work
 Expl Unexpl |  Obj  Depth IntInf | Incumbent    BestBd   Gap | It/Node Time

     0     0 -17111.336    0   60 -13987.000 -17111.336  22.3%     -    0s
H    0     0                    -16012.00000 -17111.336  6.87%     -    0s
H    0     0                    -16143.00000 -17111.336  6.00%     -    0s
H    0     0                    -16428.00000 -17111.336  4.16%     -    0s
H    0     0                    -16737.00000 -17111.336  2.24%     -    0s
     0     0 -17111.336    0   47 -16737.000 -17111.336  2.24%     -    0s
     0     0 -17111.336    0   46 -16737.000 -17111.336  2.24%     -    0s
H    0     0                    -16924.00000 -17111.336  1.11%     -    0s
     0     0 -17111.336    0   32 -16924.000 -17111.336  1.11%     -    0s
H    0     0                    -17095.00000 -17111.336  0.10%     -    0s
     0     0 -17111.336    0   21 -17095.000 -17111.336  0.10%     -    0s
     0     0 -17111.336    0   35 -17095.000 -17111.336  0.10%     -    0s
     0     0 -17111.336    0   26 -17095.000 -17111.336  0.10%     -    0s
     0     0 -17111.336    0   44 -17095.000 -17111.336  0.10%     -    0s
     0     0 -17111.336    0   53 -17095.000 -17111.336  0.10%     -    0s
     0     0 -17111.336    0   26 -17095.000 -17111.336  0.10%     -    0s
     0     0 -17111.336    0    6 -17095.000 -17111.336  0.10%     -    0s
     0     0 -17111.336    0   44 -17095.000 -17111.336  0.10%     -    0s
     0     0 -17111.336    0   44 -17095.000 -17111.336  0.10%     -    0s
     0     0 -17111.336    0   41 -17095.000 -17111.336  0.10%     -    0s
     0     0 -17111.336    0   51 -17095.000 -17111.336  0.10%     -    0s
     0     0 -17111.336    0   37 -17095.000 -17111.336  0.10%     -    0s
     0     0 -17111.336    0   34 -17095.000 -17111.336  0.10%     -    0s
     0     0 -17111.336    0   11 -17095.000 -17111.336  0.10%     -    0s
     0     0 -17111.336    0    1 -17095.000 -17111.336  0.10%     -    0s
     0     0 -17111.336    0   18 -17095.000 -17111.336  0.10%     -    0s
     0     0 -17111.336    0   61 -17095.000 -17111.336  0.10%     -    0s
     0     0 -17111.336    0   51 -17095.000 -17111.336  0.10%     -    0s
     0     0 -17111.336    0   44 -17095.000 -17111.336  0.10%     -    0s
     0     0 -17111.336    0   27 -17095.000 -17111.336  0.10%     -    0s
     0     2 -17111.336    0   20 -17095.000 -17111.336  0.10%     -    0s

Cutting planes:
  Gomory: 1
  Cover: 39
  Clique: 2
  MIR: 26
  StrongCG: 17
  RLT: 2

Explored 413 nodes (16708 simplex iterations) in 0.35 seconds (0.29 work units)
Thread count was 4 (of 56 available processors)

Solution count 8: -17095 -16924 -16737 ... 0
No other solutions better than -17095

Optimal solution found (tolerance 1.00e-04)
Best objective -1.709500000000e+04, best bound -1.709500000000e+04, gap 0.0000%
