
Gurobi 9.5.0 (linux64) logging started Tue May  3 16:04:48 2022

Set parameter LogFile to value "/local_workspace/chenrui/LogFiles/MKAP/new2S_R5_M20_N50_seed7_DWcuts_600.log"
Gurobi Optimizer version 9.5.0 build v9.5.0rc5 (linux64)
Thread count: 56 physical cores, 56 logical processors, using up to 4 threads
Optimize a model with 270 rows, 1100 columns and 3300 nonzeros
Model fingerprint: 0x701d258c
Variable types: 0 continuous, 1100 integer (1100 binary)
Coefficient statistics:
  Matrix range     [4e-06, 1e+03]
  Objective range  [8e+01, 1e+03]
  Bounds range     [1e+00, 1e+00]
  RHS range        [3e-07, 2e+01]
Found heuristic solution: objective 0.0000000
Presolve removed 65 rows and 437 columns
Presolve time: 0.01s
Presolved: 205 rows, 663 columns, 1932 nonzeros
Found heuristic solution: objective -9282.000000
Variable types: 0 continuous, 663 integer (663 binary)

Root relaxation: objective -1.669817e+04, 450 iterations, 0.00 seconds (0.00 work units)

    Nodes    |    Current Node    |     Objective Bounds      |     Work
 Expl Unexpl |  Obj  Depth IntInf | Incumbent    BestBd   Gap | It/Node Time

     0     0 -16698.168    0   26 -9282.0000 -16698.168  79.9%     -    0s
H    0     0                    -15914.00000 -16698.168  4.93%     -    0s
H    0     0                    -16119.00000 -16698.168  3.59%     -    0s
H    0     0                    -16172.00075 -16698.168  3.25%     -    0s
H    0     0                    -16451.00000 -16698.168  1.50%     -    0s
     0     0 -16698.168    0   36 -16451.000 -16698.168  1.50%     -    0s
     0     0 -16694.947    0   82 -16451.000 -16694.947  1.48%     -    0s
     0     0 -16694.790    0   88 -16451.000 -16694.790  1.48%     -    0s
     0     0 -16694.626    0   93 -16451.000 -16694.626  1.48%     -    0s
     0     0 -16694.044    0  107 -16451.000 -16694.044  1.48%     -    0s
     0     0 -16694.036    0  105 -16451.000 -16694.036  1.48%     -    0s
     0     0 -16693.722    0  110 -16451.000 -16693.722  1.48%     -    0s
     0     0 -16693.707    0  109 -16451.000 -16693.707  1.48%     -    0s
     0     0 -16693.268    0  102 -16451.000 -16693.268  1.47%     -    0s
H    0     0                    -16503.00000 -16693.062  1.15%     -    0s
     0     0 -16693.062    0  103 -16503.000 -16693.062  1.15%     -    0s
     0     0 -16692.984    0  101 -16503.000 -16692.984  1.15%     -    0s
     0     0 -16692.527    0  102 -16503.000 -16692.527  1.15%     -    0s
     0     0 -16692.415    0  115 -16503.000 -16692.415  1.15%     -    0s
     0     0 -16692.414    0  105 -16503.000 -16692.414  1.15%     -    0s
     0     0 -16692.352    0  118 -16503.000 -16692.352  1.15%     -    0s
H    0     0                    -16649.00000 -16692.352  0.26%     -    0s
     0     0 -16692.327    0  116 -16649.000 -16692.327  0.26%     -    0s
     0     0 -16692.327    0   24 -16649.000 -16692.327  0.26%     -    0s
     0     0 -16692.327    0   21 -16649.000 -16692.327  0.26%     -    0s
     0     0 -16692.327    0   55 -16649.000 -16692.327  0.26%     -    0s
     0     0 -16692.327    0   69 -16649.000 -16692.327  0.26%     -    0s
     0     0 -16692.327    0   91 -16649.000 -16692.327  0.26%     -    0s
     0     0 -16692.094    0   88 -16649.000 -16692.094  0.26%     -    0s
     0     0 -16692.079    0   89 -16649.000 -16692.079  0.26%     -    0s
     0     0 -16691.522    0   83 -16649.000 -16691.522  0.26%     -    0s
     0     0 -16691.385    0   90 -16649.000 -16691.385  0.25%     -    0s
     0     0 -16691.376    0   88 -16649.000 -16691.376  0.25%     -    0s
     0     0 -16690.966    0   97 -16649.000 -16690.966  0.25%     -    0s
     0     0 -16690.683    0   99 -16649.000 -16690.683  0.25%     -    0s
     0     0 -16690.658    0  104 -16649.000 -16690.658  0.25%     -    0s
     0     0 -16690.650    0  106 -16649.000 -16690.650  0.25%     -    0s
     0     0 -16690.481    0  101 -16649.000 -16690.481  0.25%     -    0s
     0     0 -16690.481    0  101 -16649.000 -16690.481  0.25%     -    0s
     0     0 -16690.402    0   19 -16649.000 -16690.402  0.25%     -    0s
     0     0 -16690.402    0   64 -16649.000 -16690.402  0.25%     -    0s
     0     0 -16690.402    0   81 -16649.000 -16690.402  0.25%     -    0s
     0     0 -16690.402    0   82 -16649.000 -16690.402  0.25%     -    0s
     0     0 -16690.402    0   84 -16649.000 -16690.402  0.25%     -    0s
     0     0 -16690.372    0   91 -16649.000 -16690.372  0.25%     -    0s
     0     0 -16690.239    0  101 -16649.000 -16690.239  0.25%     -    0s
     0     0 -16690.052    0   72 -16649.000 -16690.052  0.25%     -    0s
     0     0 -16689.782    0   89 -16649.000 -16689.782  0.24%     -    0s
     0     0 -16689.772    0   91 -16649.000 -16689.772  0.24%     -    0s
     0     0 -16689.562    0   91 -16649.000 -16689.562  0.24%     -    0s
     0     0 -16689.525    0   90 -16649.000 -16689.525  0.24%     -    0s
     0     0 -16689.525    0   91 -16649.000 -16689.525  0.24%     -    0s
     0     0 -16689.411    0   88 -16649.000 -16689.411  0.24%     -    0s
     0     0 -16689.404    0   90 -16649.000 -16689.404  0.24%     -    0s
     0     0 -16689.375    0   59 -16649.000 -16689.375  0.24%     -    0s
     0     0 -16689.375    0   59 -16649.000 -16689.375  0.24%     -    0s
     0     0 -16689.375    0   22 -16649.000 -16689.375  0.24%     -    0s
     0     0 -16689.375    0   43 -16649.000 -16689.375  0.24%     -    0s
     0     0 -16688.575    0   46 -16649.000 -16688.575  0.24%     -    0s
     0     0 -16686.956    0   48 -16649.000 -16686.956  0.23%     -    0s
     0     0 -16685.104    0   43 -16649.000 -16685.104  0.22%     -    0s
     0     0 -16685.097    0   42 -16649.000 -16685.097  0.22%     -    0s
     0     0 -16684.191    0   76 -16649.000 -16684.191  0.21%     -    0s
     0     0 -16684.187    0   77 -16649.000 -16684.187  0.21%     -    0s
     0     0 -16684.073    0   81 -16649.000 -16684.073  0.21%     -    0s
     0     0 -16684.062    0   76 -16649.000 -16684.062  0.21%     -    0s
     0     0 -16684.062    0   76 -16649.000 -16684.062  0.21%     -    0s
     0     2 -16683.303    0   76 -16649.000 -16683.303  0.21%     -    0s
*   97    25              20    -16658.00000 -16681.021  0.14%  20.9    0s

Cutting planes:
  Gomory: 4
  Cover: 16
  Clique: 4
  MIR: 17
  StrongCG: 9

Explored 143 nodes (6110 simplex iterations) in 0.38 seconds (0.22 work units)
Thread count was 4 (of 56 available processors)

Solution count 9: -16658 -16649 -16503 ... 0
No other solutions better than -16658

Optimal solution found (tolerance 1.00e-04)
Best objective -1.665800002138e+04, best bound -1.665800002138e+04, gap 0.0000%
