
Gurobi 9.5.0 (linux64) logging started Fri Apr 15 10:33:30 2022

Set parameter LogFile to value "/local_workspace/chenrui/LogFiles/MKAP/new2S_R10_M15_N300_seed1_DWcutsT1_600.log"
Gurobi Optimizer version 9.5.0 build v9.5.0rc5 (linux64)
Thread count: 56 physical cores, 56 logical processors, using up to 4 threads
Optimize a model with 765 rows, 4650 columns and 18600 nonzeros
Model fingerprint: 0x8268c956
Variable types: 0 continuous, 4650 integer (4650 binary)
Coefficient statistics:
  Matrix range     [1e-01, 1e+04]
  Objective range  [5e+01, 1e+03]
  Bounds range     [1e+00, 1e+00]
  RHS range        [2e-06, 1e+00]
Found heuristic solution: objective 0.0000000
Presolve removed 0 rows and 86 columns
Presolve time: 0.03s
Presolved: 765 rows, 4564 columns, 18256 nonzeros
Variable types: 0 continuous, 4564 integer (4564 binary)
Found heuristic solution: objective -16998.00000

Root relaxation: objective -1.024979e+05, 6397 iterations, 0.22 seconds (0.24 work units)

    Nodes    |    Current Node    |     Objective Bounds      |     Work
 Expl Unexpl |  Obj  Depth IntInf | Incumbent    BestBd   Gap | It/Node Time

     0     0 -102497.92    0  280 -16998.000 -102497.92   503%     -    0s
H    0     0                    -96423.00000 -102497.92  6.30%     -    0s
H    0     0                    -100868.0000 -102497.92  1.62%     -    0s
H    0     0                    -101026.0000 -102497.92  1.46%     -    0s
H    0     0                    -101096.0000 -102497.92  1.39%     -    0s
     0     0 -102497.92    0  343 -101096.00 -102497.92  1.39%     -    1s
     0     0 -102497.92    0  305 -101096.00 -102497.92  1.39%     -    1s
     0     0 -102497.92    0  429 -101096.00 -102497.92  1.39%     -    1s
H    0     0                    -101405.0000 -102497.92  1.08%     -    1s
     0     0 -102497.92    0  331 -101405.00 -102497.92  1.08%     -    1s
     0     0 -102497.92    0  481 -101405.00 -102497.92  1.08%     -    2s
     0     0 -102497.92    0  481 -101405.00 -102497.92  1.08%     -    2s
     0     2 -102497.92    0  481 -101405.00 -102497.92  1.08%     -    2s
H   28    41                    -101668.0000 -102497.92  0.82%  1118    3s
H   62   112                    -101728.0000 -102497.92  0.76%   683    4s
H  198   237                    -101876.0001 -102497.92  0.61%   250    4s
H  267   299                    -101894.0000 -102497.92  0.59%   193    4s
   298   439 -102405.53   18   65 -101894.00 -102497.92  0.59%   174    5s
H  306   439                    -101907.0000 -102497.92  0.58%   171    5s
H  581   549                    -101950.0000 -102497.92  0.54%   103    5s
H  746   681                    -101977.0000 -102497.92  0.51%  87.1    6s
H 1301  1080                    -101985.0000 -102497.92  0.50%  71.1    9s
H 1301  1026                    -102002.0000 -102497.92  0.49%  71.1    9s
  1303  1027 -102084.13  151  431 -102002.00 -102497.92  0.49%  70.9   10s
  1310  1035 -102497.92   12  342 -102002.00 -102497.92  0.49%  85.8   15s
  1382  1122 -102497.77   22  211 -102002.00 -102497.92  0.49%   108   20s
H 1689  1232                    -102021.0000 -102497.92  0.47%   125   22s
H 1988  1287                    -102027.0000 -102497.92  0.46%   119   24s
  2334  1647 -102497.92   46  218 -102027.00 -102497.92  0.46%   120   25s
  4262  2521 -102497.92   36  155 -102027.00 -102497.92  0.46%   102   30s
  7963  5864 -102487.40   40  162 -102027.00 -102497.92  0.46%  80.3   35s
  9987  7455 -102497.74   38  170 -102027.00 -102497.92  0.46%  84.1   40s
 11171  9093 -102481.18   30  131 -102027.00 -102497.92  0.46%  90.8   45s
 13332 10550 -102497.92   28  184 -102027.00 -102497.92  0.46%  94.1   50s
 16246 12702 -102497.75   32  223 -102027.00 -102497.92  0.46%  91.3   55s
 18396 13936 -102355.18   38   83 -102027.00 -102497.92  0.46%  92.6   60s
 20028 15835 -102483.55   33  169 -102027.00 -102497.92  0.46%  96.3   65s
 21191 16758 -102439.20   43  135 -102027.00 -102497.92  0.46%  95.1   79s
 22373 17074 -102461.58   39  114 -102027.00 -102497.92  0.46%  93.5   80s
 25477 19557 -102483.95   55   94 -102027.00 -102497.92  0.46%  92.0   85s
 27261 20972 -102462.90   58   98 -102027.00 -102497.92  0.46%  94.0   90s
 29120 22477 -102452.94   30  209 -102027.00 -102497.92  0.46%  97.1   95s
 31568 24159 -102306.02   28  157 -102027.00 -102497.92  0.46%  96.0  100s
 35901 27902 -102479.46   52  104 -102027.00 -102497.92  0.46%  93.1  105s
 37961 29251 -102497.83   53  194 -102027.00 -102497.92  0.46%  93.7  110s
 39965 30884 -102387.68   52  116 -102027.00 -102497.92  0.46%  95.7  115s
 42801 33707 -102497.75   49  199 -102027.00 -102497.92  0.46%  94.2  120s
 48471 37910 -102356.64   67   26 -102027.00 -102497.92  0.46%  88.7  125s
 52178 40403 -102497.92   49  157 -102027.00 -102497.92  0.46%  85.8  130s
H55306 41389                    -102043.0000 -102497.92  0.45%  84.1  134s
H55531 37425                    -102086.0000 -102497.92  0.40%  84.0  134s
 55699 37634 -102442.49   60   98 -102086.00 -102497.92  0.40%  84.2  135s
H55825 36367                    -102100.0000 -102497.92  0.39%  84.2  135s
 58744 38805 -102380.24   74   34 -102100.00 -102497.92  0.39%  83.7  140s
 62494 41467 -102432.15   40  130 -102100.00 -102497.92  0.39%  82.8  145s
 64826 43838 -102176.07  168   18 -102100.00 -102497.92  0.39%  83.2  150s
 69069 46646 -102475.35   48   68 -102100.00 -102497.92  0.39%  82.3  155s
 73626 50345 -102351.89   59   59 -102100.00 -102497.92  0.39%  80.4  160s
 76617 52204 -102474.86   62   59 -102100.00 -102497.92  0.39%  80.1  165s
 78791 54344 -102486.94   49   88 -102100.00 -102497.92  0.39%  80.8  170s
 83779 57726 -102497.92   25  174 -102100.00 -102497.92  0.39%  79.2  175s
 85826 59546 -102447.23   35  139 -102100.00 -102497.92  0.39%  80.0  181s
 89105 62096 -102487.16   39  137 -102100.00 -102497.92  0.39%  81.1  185s
 93760 65201 -102497.89   32  110 -102100.00 -102497.92  0.39%  80.0  190s
 96448 67623 -102484.83   50  141 -102100.00 -102497.92  0.39%  80.2  196s
 99249 69441 -102372.89   57   65 -102100.00 -102497.92  0.39%  80.9  200s
 101624 71019 -102451.62   42   81 -102100.00 -102497.92  0.39%  81.4  205s
 103416 72166 -102497.92   31  115 -102100.00 -102497.92  0.39%  82.5  210s
 105839 74178 -102373.14   52   76 -102100.00 -102497.92  0.39%  83.2  215s
 108983 76375 -102490.44   66   99 -102100.00 -102497.92  0.39%  83.3  220s
H111761 77901                    -102103.0000 -102497.92  0.39%  83.6  226s
 114080 79469 -102420.06   35  112 -102103.00 -102497.92  0.39%  83.8  230s
 117125 82142 -102206.88   31  108 -102103.00 -102497.92  0.39%  84.2  236s
 118814 83112 -102496.37   23  180 -102103.00 -102497.92  0.39%  84.6  240s
 120771 84518 -102497.92   30  221 -102103.00 -102497.92  0.39%  85.7  245s
 122717 86369 -102466.25   57   77 -102103.00 -102497.92  0.39%  85.9  250s
 124862 87651 -102194.05   38   64 -102103.00 -102497.92  0.39%  86.5  255s
 126867 89249     cutoff   25      -102103.00 -102497.92  0.39%  87.6  260s
 129594 91145 -102385.04   26  142 -102103.00 -102497.92  0.39%  88.2  265s
 132345 93213 -102366.78   50   63 -102103.00 -102497.92  0.39%  88.4  270s
 135339 95829 -102479.74   22  114 -102103.00 -102497.92  0.39%  88.0  275s
 138341 98734 -102497.92   21  202 -102103.00 -102497.92  0.39%  88.1  280s
 142034 100757 -102264.88   50   29 -102103.00 -102497.92  0.39%  87.9  285s
 144842 103006 -102497.92   27  129 -102103.00 -102497.92  0.39%  87.9  290s
 149878 106562 -102223.86  106   19 -102103.00 -102497.92  0.39%  86.4  295s
 152080 108379 -102376.01   36   83 -102103.00 -102497.92  0.39%  86.7  300s
 154104 109757 -102485.62   33   80 -102103.00 -102497.92  0.39%  87.1  305s
 156671 112097 -102466.09   39  112 -102103.00 -102497.92  0.39%  87.1  310s
 161029 115046 -102310.56   94   28 -102103.00 -102497.92  0.39%  86.8  315s
 164379 117543 -102497.90   57  106 -102103.00 -102497.92  0.39%  86.5  320s
 167841 119983 -102401.92   44  114 -102103.00 -102497.92  0.39%  86.5  325s
 170733 122592 -102485.67   47  135 -102103.00 -102497.92  0.39%  86.5  330s
 174525 125077 -102325.69   93   32 -102103.00 -102497.92  0.39%  86.4  335s
 177442 127316 -102497.92   46  147 -102103.00 -102497.92  0.39%  86.4  340s
 182312 130740 -102497.92   44  137 -102103.00 -102497.92  0.39%  85.5  345s
 185982 134038 -102497.92   48  114 -102103.00 -102497.92  0.39%  85.0  350s
 189354 136414 -102497.72   40  188 -102103.00 -102497.92  0.39%  84.9  355s
 193784 139830 -102221.21   93   36 -102103.00 -102497.92  0.39%  84.4  360s
 197668 143211 -102497.92   38  146 -102103.00 -102497.92  0.39%  84.0  365s
 200815 145001 -102496.45   35  201 -102103.00 -102497.92  0.39%  84.0  370s
 202908 146993 -102497.71   33  188 -102103.00 -102497.92  0.39%  83.9  375s
 206698 149612 -102305.18   54  123 -102103.00 -102497.92  0.39%  83.5  380s
 210429 152508 -102458.23   46  158 -102103.00 -102497.92  0.39%  83.3  385s
 214780 155753 -102349.68   69   25 -102103.00 -102497.92  0.39%  82.6  390s
 218028 158151 -102415.17   28   95 -102103.00 -102497.92  0.39%  82.4  395s
 222212 161350 -102444.28   36  138 -102103.00 -102497.92  0.39%  82.2  400s
 226322 164249 -102176.11   71   64 -102103.00 -102497.91  0.39%  81.8  405s
 229673 166797 -102495.94   28  146 -102103.00 -102497.91  0.39%  81.9  410s
 234209 170499 -102228.83   58   57 -102103.00 -102497.90  0.39%  81.3  415s
 238611 173346 -102487.06   47  136 -102103.00 -102497.90  0.39%  80.9  420s
 243987 177710 -102456.07   36   96 -102103.00 -102497.90  0.39%  80.4  425s
 247602 180143 -102424.53   59   87 -102103.00 -102497.90  0.39%  80.1  430s
 251384 182857 -102494.00   40   85 -102103.00 -102497.89  0.39%  79.9  435s
 256006 186631 -102207.35   86   25 -102103.00 -102497.89  0.39%  79.6  440s
 260471 189481 -102344.73   48   38 -102103.00 -102497.88  0.39%  79.2  445s
 263599 191404 -102463.29   37  224 -102103.00 -102497.88  0.39%  79.0  450s
 266426 193909 -102396.16   67   86 -102103.00 -102497.88  0.39%  79.2  455s
 270882 196777 -102159.34   79   27 -102103.00 -102497.87  0.39%  78.9  460s
 273570 198577 -102233.73   49   57 -102103.00 -102497.87  0.39%  79.0  465s
 275650 199979     cutoff   36      -102103.00 -102497.87  0.39%  79.1  471s
 277708 202069 -102223.28   49  124 -102103.00 -102497.86  0.39%  79.1  475s
 282183 205345 -102484.03   45   90 -102103.00 -102497.86  0.39%  79.0  480s
 285875 208161 -102377.64   60   31 -102103.00 -102497.85  0.39%  78.9  485s
 289265 210391 -102468.54   44  104 -102103.00 -102497.85  0.39%  78.7  490s
 292691 213032 -102398.03   38   91 -102103.00 -102497.84  0.39%  78.7  495s
 296158 215331 -102497.64   36  183 -102103.00 -102497.84  0.39%  78.7  500s
 298667 217335 -102484.13   35  131 -102103.00 -102497.83  0.39%  79.1  505s
 300870 219089 -102434.93   38  156 -102103.00 -102497.83  0.39%  79.4  511s
 302445 220122 -102466.39   45   85 -102103.00 -102497.83  0.39%  79.7  515s
 304275 221470 -102491.71   31  263 -102103.00 -102497.83  0.39%  80.0  520s
 306867 223855 -102488.82   32  138 -102103.00 -102497.83  0.39%  80.4  526s
 309790 225336 -102468.61   34  136 -102103.00 -102497.82  0.39%  80.5  530s
 311356 226308 -102376.35   43  125 -102103.00 -102497.82  0.39%  81.0  535s
 313245 228147 -102489.13   55  136 -102103.00 -102497.82  0.39%  81.2  540s
 317300 230922 -102337.50   47   90 -102103.00 -102497.80  0.39%  81.1  545s
 319051 232532 -102462.48   40  120 -102103.00 -102497.80  0.39%  81.4  550s
 322888 234925 -102429.89   41  127 -102103.00 -102497.79  0.39%  81.6  555s
 325315 237048 -102171.14  118   21 -102103.00 -102497.79  0.39%  81.7  560s
 328286 238776 -102159.42   75   59 -102103.00 -102497.78  0.39%  81.7  565s
 330580 240590 -102306.36   81   51 -102103.00 -102497.77  0.39%  82.0  571s
 332514 241940 -102425.59   38  139 -102103.00 -102497.77  0.39%  82.2  576s
 334467 243337 -102386.50   28  105 -102103.00 -102497.77  0.39%  82.5  581s
 335596 244367 -102469.01   29  175 -102103.00 -102497.77  0.39%  83.0  585s
 338184 246322 -102401.71   39  105 -102103.00 -102497.77  0.39%  83.4  591s
 340555 248166 -102276.77   39   88 -102103.00 -102497.77  0.39%  83.6  596s
 342168 248825 -102224.32   40   60 -102103.00 -102497.77  0.39%  83.9  600s

Cutting planes:
  Cover: 147
  Clique: 191
  MIR: 18
  StrongCG: 26
  Flow cover: 25
  Zero half: 3

Explored 342171 nodes (28717260 simplex iterations) in 600.00 seconds (1005.70 work units)
Thread count was 4 (of 56 available processors)

Solution count 10: -102103 -102100 -102086 ... -101950

Time limit reached
Best objective -1.021030000000e+05, best bound -1.024970000000e+05, gap 0.3859%
