
Gurobi 9.5.0 (linux64) logging started Fri Apr 15 15:19:37 2022

Set parameter LogFile to value "/local_workspace/chenrui/LogFiles/MKAP/new2S_R10_M20_N100_seed1_original_600.log"
Gurobi Optimizer version 9.5.0 build v9.5.0rc5 (linux64)
Thread count: 56 physical cores, 56 logical processors, using up to 4 threads
Optimize a model with 320 rows, 2200 columns and 4400 nonzeros
Model fingerprint: 0xf1f45833
Variable types: 0 continuous, 2200 integer (2200 binary)
Coefficient statistics:
  Matrix range     [1e+00, 3e+03]
  Objective range  [3e+01, 1e+03]
  Bounds range     [1e+00, 1e+00]
  RHS range        [1e+00, 1e+00]
Found heuristic solution: objective 0.0000000
Presolve removed 42 rows and 442 columns
Presolve time: 0.01s
Presolved: 278 rows, 1758 columns, 3516 nonzeros
Found heuristic solution: objective -24150.00000
Variable types: 0 continuous, 1758 integer (1758 binary)

Root relaxation: objective -3.229425e+04, 993 iterations, 0.01 seconds (0.01 work units)

    Nodes    |    Current Node    |     Objective Bounds      |     Work
 Expl Unexpl |  Obj  Depth IntInf | Incumbent    BestBd   Gap | It/Node Time

     0     0 -32294.254    0   66 -24150.000 -32294.254  33.7%     -    0s
H    0     0                    -30471.00000 -32294.254  5.98%     -    0s
H    0     0                    -30749.00000 -32294.254  5.03%     -    0s
     0     0 -32293.515    0  111 -30749.000 -32293.515  5.02%     -    0s
H    0     0                    -30757.00000 -32293.515  5.00%     -    0s
H    0     0                    -30890.00000 -32293.515  4.54%     -    0s
     0     0 -32293.515    0   91 -30890.000 -32293.515  4.54%     -    0s
H    0     0                    -30967.00000 -32291.159  4.28%     -    0s
     0     0 -32291.159    0  126 -30967.000 -32291.159  4.28%     -    0s
H    0     0                    -31420.00000 -32291.159  2.77%     -    0s
     0     0 -32290.456    0  116 -31420.000 -32290.456  2.77%     -    0s
     0     0 -32290.456    0  120 -31420.000 -32290.456  2.77%     -    0s
     0     0 -32285.510    0  104 -31420.000 -32285.510  2.75%     -    0s
     0     0 -32285.099    0  118 -31420.000 -32285.099  2.75%     -    0s
     0     0 -32285.094    0  123 -31420.000 -32285.094  2.75%     -    0s
     0     0 -32283.261    0  174 -31420.000 -32283.261  2.75%     -    0s
     0     0 -32281.477    0  190 -31420.000 -32281.477  2.74%     -    0s
     0     0 -32281.292    0  180 -31420.000 -32281.292  2.74%     -    0s
     0     0 -32281.286    0  185 -31420.000 -32281.286  2.74%     -    0s
     0     0 -32279.051    0  136 -31420.000 -32279.051  2.73%     -    0s
     0     0 -32277.185    0  163 -31420.000 -32277.185  2.73%     -    0s
     0     0 -32276.764    0  102 -31420.000 -32276.764  2.73%     -    0s
     0     0 -32276.760    0  109 -31420.000 -32276.760  2.73%     -    0s
     0     0 -32273.303    0  139 -31420.000 -32273.303  2.72%     -    0s
     0     0 -32272.426    0  145 -31420.000 -32272.426  2.71%     -    0s
     0     0 -32272.047    0  126 -31420.000 -32272.047  2.71%     -    0s
     0     0 -32272.005    0  145 -31420.000 -32272.005  2.71%     -    0s
     0     0 -32268.387    0  205 -31420.000 -32268.387  2.70%     -    0s
     0     0 -32266.514    0  215 -31420.000 -32266.514  2.69%     -    0s
     0     0 -32266.306    0  214 -31420.000 -32266.306  2.69%     -    0s
     0     0 -32266.194    0  217 -31420.000 -32266.194  2.69%     -    0s
     0     0 -32265.731    0  205 -31420.000 -32265.731  2.69%     -    0s
     0     0 -32265.697    0  210 -31420.000 -32265.697  2.69%     -    0s
     0     0 -32263.524    0  211 -31420.000 -32263.524  2.68%     -    0s
     0     0 -32262.694    0  193 -31420.000 -32262.694  2.68%     -    0s
     0     0 -32262.569    0  196 -31420.000 -32262.569  2.68%     -    0s
     0     0 -32262.554    0  200 -31420.000 -32262.554  2.68%     -    0s
     0     0 -32257.839    0  185 -31420.000 -32257.839  2.67%     -    0s
     0     0 -32256.172    0  207 -31420.000 -32256.172  2.66%     -    0s
     0     0 -32255.634    0  236 -31420.000 -32255.634  2.66%     -    0s
     0     0 -32255.582    0  243 -31420.000 -32255.582  2.66%     -    0s
     0     0 -32250.735    0  227 -31420.000 -32250.735  2.64%     -    0s
H    0     0                    -31480.00000 -32250.735  2.45%     -    0s
H    0     0                    -31487.00000 -32250.007  2.42%     -    0s
     0     0 -32250.007    0  188 -31487.000 -32250.007  2.42%     -    0s
     0     0 -32249.711    0  196 -31487.000 -32249.711  2.42%     -    0s
     0     0 -32249.561    0  221 -31487.000 -32249.561  2.42%     -    0s
     0     0 -32249.555    0  226 -31487.000 -32249.555  2.42%     -    0s
     0     0 -32246.952    0  223 -31487.000 -32246.952  2.41%     -    0s
H    0     0                    -31587.00000 -32246.952  2.09%     -    0s
     0     0 -32245.408    0  231 -31587.000 -32245.408  2.08%     -    0s
     0     0 -32245.014    0  232 -31587.000 -32245.014  2.08%     -    0s
     0     0 -32244.486    0  226 -31587.000 -32244.486  2.08%     -    0s
     0     0 -32244.387    0  239 -31587.000 -32244.387  2.08%     -    0s
     0     0 -32244.233    0  222 -31587.000 -32244.233  2.08%     -    0s
     0     0 -32244.084    0  234 -31587.000 -32244.084  2.08%     -    0s
     0     0 -32244.025    0  233 -31587.000 -32244.025  2.08%     -    0s
     0     0 -32240.111    0  196 -31587.000 -32240.111  2.07%     -    0s
     0     0 -32239.110    0  214 -31587.000 -32239.110  2.06%     -    0s
     0     0 -32239.034    0  232 -31587.000 -32239.034  2.06%     -    0s
     0     0 -32233.428    0  237 -31587.000 -32233.428  2.05%     -    0s
     0     0 -32230.406    0  260 -31587.000 -32230.406  2.04%     -    0s
     0     0 -32227.319    0  245 -31587.000 -32227.319  2.03%     -    0s
     0     0 -32226.319    0  262 -31587.000 -32226.319  2.02%     -    0s
     0     0 -32225.655    0  260 -31587.000 -32225.655  2.02%     -    0s
H    0     0                    -31610.00000 -32225.434  1.95%     -    0s
     0     0 -32225.434    0  263 -31610.000 -32225.434  1.95%     -    0s
     0     0 -32225.427    0  263 -31610.000 -32225.427  1.95%     -    0s
H    0     0                    -31677.00000 -32223.589  1.73%     -    0s
     0     0 -32223.589    0  248 -31677.000 -32223.589  1.73%     -    0s
     0     0 -32222.259    0  259 -31677.000 -32222.259  1.72%     -    1s
     0     0 -32221.863    0  248 -31677.000 -32221.863  1.72%     -    1s
     0     0 -32221.859    0  251 -31677.000 -32221.859  1.72%     -    1s
     0     0 -32220.403    0  258 -31677.000 -32220.403  1.72%     -    1s
     0     0 -32219.260    0  252 -31677.000 -32219.260  1.71%     -    1s
     0     0 -32219.021    0  255 -31677.000 -32219.021  1.71%     -    1s
     0     0 -32218.950    0  247 -31677.000 -32218.950  1.71%     -    1s
     0     0 -32218.238    0  282 -31677.000 -32218.238  1.71%     -    1s
     0     0 -32218.053    0  282 -31677.000 -32218.053  1.71%     -    1s
     0     0 -32217.870    0  290 -31677.000 -32217.870  1.71%     -    1s
     0     0 -32217.703    0  303 -31677.000 -32217.703  1.71%     -    1s
     0     0 -32216.244    0  282 -31677.000 -32216.244  1.70%     -    1s
     0     0 -32216.085    0  304 -31677.000 -32216.085  1.70%     -    1s
     0     0 -32214.723    0  289 -31677.000 -32214.723  1.70%     -    1s
     0     0 -32214.723    0  289 -31677.000 -32214.723  1.70%     -    1s
     0     2 -32214.698    0  289 -31677.000 -32214.698  1.70%     -    1s
  1089   999 -32182.483   19  316 -31677.000 -32182.483  1.60%  42.2    5s
H 1179  1023                    -31698.00000 -32180.171  1.52%  57.4    6s
H 1306  1057                    -31733.00000 -32180.171  1.41%  59.1    7s
H 1422  1120                    -31784.00000 -32180.171  1.25%  58.4    7s
H 1476  1076                    -31841.00000 -32180.171  1.07%  57.5    7s
H 1748  1091                    -31851.00000 -32179.701  1.03%  57.1    8s
  2714  1600 -32160.243   25  301 -31851.000 -32178.107  1.03%  54.7   10s
  6339  4142 -32107.058   27  263 -31851.000 -32170.726  1.00%  58.0   15s
  9639  6979 -31977.061   61  128 -31851.000 -32168.241  1.00%  59.6   20s
 13255  9703 -32002.636   81   87 -31851.000 -32166.325  0.99%  60.7   25s
 16305 12184 -31862.529   61  201 -31851.000 -32164.126  0.98%  63.3   30s
 20132 14823 -31929.157   40  144 -31851.000 -32162.677  0.98%  65.0   35s
 20785 14824 -32088.827   45  289 -31851.000 -32162.644  0.98%  65.2   44s
 20792 14829 -32114.758   37  249 -31851.000 -32162.644  0.98%  65.2   45s
 20859 14873 -32120.072   43  374 -31851.000 -32147.529  0.93%  65.0   50s
 20876 14890 -32146.251   28  348 -31851.000 -32146.251  0.93%  65.8   55s
H20987 14217                    -31867.00000 -32144.394  0.87%  66.2   59s
 21031 14250 -32097.605   49  221 -31867.000 -32144.394  0.87%  66.3   60s
H21070 13537                    -31881.00000 -32144.394  0.83%  66.3   60s
H21744 13119                    -31890.00000 -32144.377  0.80%  67.1   63s
H21842 12548                    -31899.00000 -32144.377  0.77%  67.1   63s
 22380 12878 -31962.651  122  101 -31899.000 -32140.567  0.76%  67.3   65s
 24270 13670 -32086.959   48  285 -31899.000 -32135.383  0.74%  68.7   70s
 26592 14630 -32062.752   41  277 -31899.000 -32130.790  0.73%  71.0   75s
 29365 15678 -31944.975   51  152 -31899.000 -32128.225  0.72%  73.0   80s
 31803 16441 -32101.461   47  341 -31899.000 -32124.866  0.71%  75.2   85s
 33739 17425 -32054.045   61  170 -31899.000 -32122.946  0.70%  76.8   90s
 36374 18202 -32064.449   51  322 -31899.000 -32121.610  0.70%  77.7   95s
 38440 18805     cutoff   53      -31899.000 -32119.772  0.69%  79.3  100s
 40905 19750 -31929.834  113   88 -31899.000 -32118.444  0.69%  81.2  105s
 42731 20385 -31924.660   80  177 -31899.000 -32117.145  0.68%  82.6  110s
 45207 21141 -31955.805   86  260 -31899.000 -32116.190  0.68%  84.0  115s
 47089 21580 -31995.529   47  323 -31899.000 -32115.021  0.68%  85.6  120s
 49341 22291 -32045.413   43  322 -31899.000 -32114.059  0.67%  87.0  125s
 51634 23136 -31911.029   71  199 -31899.000 -32113.068  0.67%  88.6  131s
 53311 23808 -31955.964   56  248 -31899.000 -32112.578  0.67%  89.5  136s
 55511 24225 -31939.714   55  287 -31899.000 -32111.693  0.67%  90.1  140s
 57802 25162 -32057.090   90  226 -31899.000 -32110.892  0.66%  91.1  145s
 59540 26393 -31925.881   58  146 -31899.000 -32110.301  0.66%  91.9  150s
 61753 27753 -31982.738   50  355 -31899.000 -32109.471  0.66%  92.9  155s
H62964 28013                    -31902.00000 -32109.036  0.65%  93.2  157s
 63636 28717 -32048.849   42  324 -31902.000 -32108.639  0.65%  93.3  160s
 65815 30215 -32018.753   54  174 -31902.000 -32107.970  0.65%  94.4  166s
H66211 28586                    -31914.00000 -32107.962  0.61%  94.4  166s
H66511 25607                    -31930.00000 -32107.857  0.56%  94.5  167s
H66738 23851                    -31939.00000 -32107.811  0.53%  94.6  167s
 67688 24538 -31996.796   87   71 -31939.000 -32107.520  0.53%  94.8  170s
 69710 25801 -32069.231   43  273 -31939.000 -32106.469  0.52%  95.2  175s
H70268 11109                    -32021.00000 -32106.368  0.27%  95.4  177s
 72164 11478 -32046.186   56  330 -32021.000 -32104.759  0.26%  96.0  181s
 73905 12256 -32057.571   44  266 -32021.000 -32103.587  0.26%  96.6  185s
H74801 11263                    -32029.00000 -32103.234  0.23%  97.0  187s
 75714 11688 -32034.453   62   71 -32029.000 -32102.440  0.23%  97.3  190s
 78270 12558 -32092.647   54  237 -32029.000 -32101.087  0.23%  97.9  196s
 80046 13174 -32034.712   51  294 -32029.000 -32100.088  0.22%  98.4  200s
 82368 13943     cutoff   51      -32029.000 -32098.908  0.22%  99.1  206s
 84243 14528 -32064.489   53  129 -32029.000 -32097.881  0.22%  99.5  210s
 86875 15526 -32075.135   37  293 -32029.000 -32096.540  0.21%   100  216s
 88435 16052 -32081.413   50  204 -32029.000 -32095.804  0.21%   100  220s
 90908 16838 -32062.341   46  188 -32029.000 -32094.717  0.21%   100  225s
 93398 17720 -32069.493   65  159 -32029.000 -32093.846  0.20%   101  231s
 95234 18283 -32035.195   42  313 -32029.000 -32093.026  0.20%   101  235s
 97760 19260 -32070.238   48  310 -32029.000 -32092.055  0.20%   101  240s
 100227 20062 -32036.629   72  152 -32029.000 -32091.140  0.19%   102  245s
 102661 20753 -32070.337   51  161 -32029.000 -32090.288  0.19%   102  250s
 105092 21614 -32072.536   56  238 -32029.000 -32089.436  0.19%   102  255s
 107501 22260     cutoff   59      -32029.000 -32088.703  0.19%   102  260s
 109814 23007 -32064.511   53  202 -32029.000 -32088.105  0.18%   102  265s
 112722 23889 -32083.044   47  279 -32029.000 -32087.257  0.18%   102  271s
 115121 24535 -32047.746   67  118 -32029.000 -32086.577  0.18%   102  276s
 117016 25145 -32064.281   71  254 -32029.000 -32086.064  0.18%   102  280s
 119358 25846 -32063.830   64  324 -32029.000 -32085.494  0.18%   103  285s
 121601 26456 -32036.732   45  259 -32029.000 -32084.910  0.17%   103  290s
 124103 27205 -32039.245   60  264 -32029.000 -32084.338  0.17%   103  295s
 126684 27904 -32036.849   50  202 -32029.000 -32083.677  0.17%   103  300s
 129202 28585 -32074.740   59  152 -32029.000 -32083.124  0.17%   103  305s
 131640 29412 -32036.166   47  260 -32029.000 -32082.559  0.17%   103  310s
 134780 30302     cutoff   56      -32029.000 -32081.867  0.17%   103  316s
 137247 31072     cutoff   56      -32029.000 -32081.366  0.16%   103  320s
 139628 31601     cutoff   82      -32029.000 -32080.944  0.16%   103  325s
 141910 32107     cutoff   62      -32029.000 -32080.440  0.16%   103  330s
 144238 32736 -32057.148   47  250 -32029.000 -32079.984  0.16%   103  335s
 146805 33274     cutoff   49      -32029.000 -32079.488  0.16%   103  340s
 149275 33724 -32058.341   61  156 -32029.000 -32078.971  0.16%   103  345s
 151663 34242     cutoff   71      -32029.000 -32078.490  0.15%   103  350s
 154014 34674 -32037.517   59  226 -32029.000 -32078.027  0.15%   103  355s
 156254 35126 -32069.266   57  191 -32029.000 -32077.614  0.15%   104  360s
 158775 35532 -32043.560   57  155 -32029.000 -32077.135  0.15%   104  365s
 161664 36070 -32042.821   54   80 -32029.000 -32076.584  0.15%   104  370s
 163887 36452 -32057.507   35  181 -32029.000 -32076.243  0.15%   104  375s
 166397 36816 -32048.401   67  191 -32029.000 -32075.837  0.15%   104  380s
 168717 37169 -32039.655   54  252 -32029.000 -32075.444  0.15%   104  385s
 171678 37553     cutoff   70      -32029.000 -32074.920  0.14%   104  391s
 174147 37769 -32071.023   62  106 -32029.000 -32074.456  0.14%   104  395s
 176732 38258     cutoff   68      -32029.000 -32074.023  0.14%   104  400s
 179782 38720 -32056.197   64  220 -32029.000 -32073.562  0.14%   104  406s
 182037 39019 -32034.579   59  196 -32029.000 -32073.260  0.14%   104  410s
 184333 39326 -32047.522   49  282 -32029.000 -32072.822  0.14%   104  415s
 186669 39735 -32053.583   51  201 -32029.000 -32072.480  0.14%   104  420s
 189066 40146     cutoff   49      -32029.000 -32072.141  0.13%   104  425s
 192236 40682 -32062.910   70  133 -32029.000 -32071.678  0.13%   104  431s
 194638 41104 -32052.592   59  119 -32029.000 -32071.351  0.13%   104  435s
 196926 41431     cutoff   73      -32029.000 -32071.046  0.13%   104  440s
 199466 41734     cutoff   56      -32029.000 -32070.695  0.13%   104  445s
 202562 42161     cutoff   62      -32029.000 -32070.283  0.13%   103  450s
 204722 42419     cutoff   56      -32029.000 -32069.991  0.13%   103  455s
 207019 42700     cutoff   70      -32029.000 -32069.719  0.13%   104  460s
 210113 43025     cutoff   62      -32029.000 -32069.299  0.13%   104  466s
 212551 43216 -32065.420   66  203 -32029.000 -32069.006  0.12%   104  470s
 214995 43573     cutoff   54      -32029.000 -32068.645  0.12%   104  475s
 217546 43807 -32040.944   79  153 -32029.000 -32068.314  0.12%   104  480s
 220055 44045 -32037.241   63  163 -32029.000 -32068.023  0.12%   103  485s
 222980 44362     cutoff   64      -32029.000 -32067.690  0.12%   103  491s
 225521 44589     cutoff   67      -32029.000 -32067.415  0.12%   103  495s
 228789 44889 -32040.747   63  212 -32029.000 -32067.044  0.12%   103  501s
 231140 45148 -32045.161   59  168 -32029.000 -32066.838  0.12%   103  505s
 233616 45407 -32048.907   56  221 -32029.000 -32066.547  0.12%   103  510s
 236530 45621     cutoff   57      -32029.000 -32066.215  0.12%   103  515s
 238866 45900     cutoff   58      -32029.000 -32065.961  0.12%   103  520s
 241344 46119 -32056.146   51  120 -32029.000 -32065.705  0.11%   103  525s
 243798 46316 -32038.332   66  137 -32029.000 -32065.443  0.11%   103  530s
 246339 46514     cutoff   66      -32029.000 -32065.159  0.11%   103  535s
 249275 46670     cutoff   73      -32029.000 -32064.838  0.11%   103  540s
 251660 46877 -32041.643   55  233 -32029.000 -32064.567  0.11%   103  545s
 254109 47009 -32039.497   60  219 -32029.000 -32064.318  0.11%   103  550s
 256995 47187 -32056.067   65  148 -32029.000 -32064.003  0.11%   103  555s
 260014 47389     cutoff   50      -32029.000 -32063.693  0.11%   103  561s
 262586 47512     cutoff   53      -32029.000 -32063.431  0.11%   103  565s
 264956 47673 -32038.640   52  174 -32029.000 -32063.213  0.11%   103  570s
 267952 47823     cutoff   52      -32029.000 -32062.879  0.11%   103  575s
 270398 47966 -32047.892   62  192 -32029.000 -32062.630  0.10%   103  580s
 272907 48091 -32049.977   68   98 -32029.000 -32062.402  0.10%   103  585s
 275885 48178 -32031.181   67   74 -32029.000 -32062.112  0.10%   103  590s
 278426 48302 -32034.626   67  184 -32029.000 -32061.844  0.10%   103  595s
 281490 48423 -32033.462   48  272 -32029.000 -32061.578  0.10%   103  600s

Cutting planes:
  Gomory: 52
  Cover: 702
  Clique: 79
  MIR: 392
  StrongCG: 210
  Flow cover: 224
  Zero half: 51
  RLT: 22
  Relax-and-lift: 6

Explored 281639 nodes (28938351 simplex iterations) in 600.00 seconds (1072.80 work units)
Thread count was 4 (of 56 available processors)

Solution count 10: -32029 -32021 -31939 ... -31867

Time limit reached
Best objective -3.202900000000e+04, best bound -3.206100000000e+04, gap 0.0999%
