
Gurobi 9.5.0 (linux64) logging started Tue May  3 16:21:42 2022

Set parameter LogFile to value "/local_workspace/chenrui/LogFiles/MKAP/new2S_R10_M20_N50_seed3_objLB_600.log"
Gurobi Optimizer version 9.5.0 build v9.5.0rc5 (linux64)
Thread count: 56 physical cores, 56 logical processors, using up to 4 threads
Optimize a model with 271 rows, 1200 columns and 3400 nonzeros
Model fingerprint: 0x23a53eac
Variable types: 0 continuous, 1200 integer (1200 binary)
Coefficient statistics:
  Matrix range     [1e+00, 1e+03]
  Objective range  [6e+01, 1e+03]
  Bounds range     [1e+00, 1e+00]
  RHS range        [1e+00, 2e+04]
Found heuristic solution: objective 0.0000000
Presolve removed 109 rows and 517 columns
Presolve time: 0.01s
Presolved: 162 rows, 683 columns, 1954 nonzeros
Variable types: 0 continuous, 683 integer (683 binary)
Found heuristic solution: objective -12075.00000

Root relaxation: objective -1.554400e+04, 365 iterations, 0.00 seconds (0.00 work units)

    Nodes    |    Current Node    |     Objective Bounds      |     Work
 Expl Unexpl |  Obj  Depth IntInf | Incumbent    BestBd   Gap | It/Node Time

     0     0 -15544.000    0   22 -12075.000 -15544.000  28.7%     -    0s
H    0     0                    -14724.00000 -15544.000  5.57%     -    0s
H    0     0                    -14957.00000 -15544.000  3.92%     -    0s
     0     0 -15544.000    0   20 -14957.000 -15544.000  3.92%     -    0s
H    0     0                    -15246.00000 -15544.000  1.95%     -    0s
     0     0 -15544.000    0   28 -15246.000 -15544.000  1.95%     -    0s
     0     0 -15544.000    0   46 -15246.000 -15544.000  1.95%     -    0s
     0     0 -15544.000    0   46 -15246.000 -15544.000  1.95%     -    0s
     0     0 -15544.000    0    9 -15246.000 -15544.000  1.95%     -    0s
H    0     0                    -15319.00000 -15544.000  1.47%     -    0s
     0     0 -15544.000    0   28 -15319.000 -15544.000  1.47%     -    0s
H    0     0                    -15334.00000 -15544.000  1.37%     -    0s
     0     0 -15544.000    0   13 -15334.000 -15544.000  1.37%     -    0s
     0     0 -15544.000    0   13 -15334.000 -15544.000  1.37%     -    0s
H    0     0                    -15386.00000 -15544.000  1.03%     -    0s
     0     2 -15544.000    0   13 -15386.000 -15544.000  1.03%     -    0s
H   33    40                    -15398.00000 -15544.000  0.95%   102    0s
H  154   133                    -15409.00000 -15544.000  0.88%  54.3    0s
H  167   133                    -15453.00000 -15544.000  0.59%  52.1    0s
H  203   132                    -15468.00000 -15544.000  0.49%  45.8    0s

Cutting planes:
  Gomory: 6
  Cover: 125
  Clique: 24
  MIR: 30
  StrongCG: 11
  Zero half: 1
  RLT: 1

Explored 2272 nodes (62302 simplex iterations) in 0.81 seconds (0.92 work units)
Thread count was 4 (of 56 available processors)

Solution count 10: -15468 -15453 -15409 ... -14724
No other solutions better than -15468

Optimal solution found (tolerance 1.00e-04)
Best objective -1.546800000000e+04, best bound -1.546800000000e+04, gap 0.0000%
