
Gurobi 9.5.0 (linux64) logging started Fri Apr 15 15:08:26 2022

Set parameter LogFile to value "/local_workspace/chenrui/LogFiles/MKAP/new2S_R5_M60_N150_seed1_DWcutsT4_600.log"
Gurobi Optimizer version 9.5.0 build v9.5.0rc5 (linux64)
Thread count: 56 physical cores, 56 logical processors, using up to 4 threads
Optimize a model with 5227 rows, 9300 columns and 157062 nonzeros
Model fingerprint: 0x1396d8e5
Variable types: 0 continuous, 9300 integer (9300 binary)
Coefficient statistics:
  Matrix range     [1e-13, 2e+03]
  Objective range  [6e+01, 1e+03]
  Bounds range     [1e+00, 1e+00]
  RHS range        [6e-08, 4e+02]
Warning: Model contains large matrix coefficient range
         Consider reformulating model or setting NumericFocus parameter
         to avoid numerical issues.
Found heuristic solution: objective 0.0000000
Presolve removed 1615 rows and 3825 columns
Presolve time: 0.49s
Presolved: 3612 rows, 5475 columns, 84754 nonzeros
Found heuristic solution: objective -20493.00000
Variable types: 0 continuous, 5475 integer (5475 binary)

Root relaxation: objective -5.296663e+04, 8073 iterations, 0.95 seconds (1.18 work units)

    Nodes    |    Current Node    |     Objective Bounds      |     Work
 Expl Unexpl |  Obj  Depth IntInf | Incumbent    BestBd   Gap | It/Node Time

     0     0 -52966.632    0  248 -20493.000 -52966.632   158%     -    1s
H    0     0                    -51637.00000 -52966.632  2.57%     -    1s
H    0     0                    -52197.00000 -52966.632  1.47%     -    1s
H    0     0                    -52351.00000 -52966.632  1.18%     -    1s
     0     0 -52954.404    0  305 -52351.000 -52954.404  1.15%     -    2s
H    0     0                    -52745.00000 -52954.404  0.40%     -    3s
     0     0 -52954.401    0  305 -52745.000 -52954.401  0.40%     -    3s
     0     0 -52936.242    0  218 -52745.000 -52936.242  0.36%     -    3s
H    0     0                    -52750.00000 -52936.242  0.35%     -    3s
     0     0 -52936.241    0  219 -52750.000 -52936.241  0.35%     -    4s
     0     0 -52936.241    0  222 -52750.000 -52936.241  0.35%     -    4s
     0     0 -52936.241    0  219 -52750.000 -52936.241  0.35%     -    4s
     0     0 -52936.241    0  220 -52750.000 -52936.241  0.35%     -    4s
     0     0 -52936.241    0  220 -52750.000 -52936.241  0.35%     -    5s
     0     2 -52936.241    0  220 -52750.000 -52936.241  0.35%     -    5s
    11    16 -52932.913    3  346 -52750.000 -52936.127  0.35%   476   10s
H   30    36                    -52863.00000 -52936.127  0.14%   345   11s
   149   210 -52931.816   30  294 -52863.000 -52936.127  0.14%   180   15s
H  235   416                    -52881.00000 -52936.127  0.10%   171   17s
   664   791 -52921.122  119  242 -52881.000 -52936.127  0.10%   120   21s
H  792   787                    -52893.00000 -52936.127  0.08%   116   21s
  1128  1137 -52921.713   15  266 -52893.000 -52936.015  0.08%   120   26s
  1295  1139 -52931.159   39  302 -52893.000 -52936.015  0.08%   124   30s
  1301  1143 -52925.156  133  216 -52893.000 -52936.013  0.08%   124   36s
  1302  1147 -52935.520   14  312 -52893.000 -52936.013  0.08%   131   41s
  1320  1160 -52932.958   17  301 -52893.000 -52936.013  0.08%   134   45s
  1471  1233 -52923.437   33  225 -52893.000 -52936.013  0.08%   157   50s
  1610  1313 -52924.638   47  250 -52893.000 -52936.013  0.08%   173   56s
  1733  1399     cutoff   54      -52893.000 -52936.013  0.08%   182   60s
  2014  1553 -52916.563   83  244 -52893.000 -52936.013  0.08%   187   66s
  2347  1565 -52910.121  115  193 -52893.000 -52933.719  0.08%   185   71s
  2877  1852     cutoff  158      -52893.000 -52932.572  0.07%   181   76s
  3319  2125 -52922.456   32  187 -52893.000 -52932.120  0.07%   178   80s
  3990  2482 -52927.066   20  228 -52893.000 -52931.570  0.07%   176   86s
  4763  2883 -52917.201   29  285 -52893.000 -52931.021  0.07%   173   91s
  5177  3187 -52903.762   31  302 -52893.000 -52930.603  0.07%   173   95s
  6054  3761 -52910.517   41  213 -52893.000 -52929.830  0.07%   176  102s
  6337  4042 -52919.989   34  240 -52893.000 -52929.652  0.07%   179  105s
  6941  4601 -52898.414   33  256 -52893.000 -52929.169  0.07%   184  113s
  7541  4850 -52913.268   34  262 -52893.000 -52929.015  0.07%   184  117s
  7955  5102 -52918.807   34  270 -52893.000 -52928.473  0.07%   186  121s
  8388  5399 -52904.257   69  171 -52893.000 -52928.210  0.07%   189  125s
  8838  5555 -52896.692   36  293 -52893.000 -52927.982  0.07%   192  130s
  9125  5951 -52915.237   34  237 -52893.000 -52927.767  0.07%   194  135s
  9733  6166 -52920.036   27  280 -52893.000 -52927.524  0.07%   195  140s
 10030  6575 -52910.167   40  189 -52893.000 -52927.316  0.06%   197  145s
 10666  6939 infeasible   60      -52893.000 -52926.803  0.06%   198  152s
 11281  7439 -52903.949   59  271 -52893.000 -52926.498  0.06%   199  158s
 12092  7670 -52903.271   40  202 -52893.000 -52926.172  0.06%   200  163s
 12495  8018 -52918.753   32  304 -52893.000 -52925.979  0.06%   200  168s
 13145  8414 -52902.124  106  182 -52893.000 -52925.939  0.06%   202  174s
 13811  8900 -52914.560   57  219 -52893.000 -52925.596  0.06%   202  179s
 14526  9069 -52918.568   34  291 -52893.000 -52925.414  0.06%   201  184s
H14713  8339                    -52897.00000 -52925.357  0.05%   202  184s
 14766  8817 -52898.404   40  170 -52897.000 -52925.318  0.05%   202  190s
 15453  9172 -52917.133   26  246 -52897.000 -52925.114  0.05%   203  195s
 16017  9586 -52909.980   58  238 -52897.000 -52924.868  0.05%   205  200s
 16671  9733 -52918.637   27  293 -52897.000 -52924.637  0.05%   206  207s
 16932 10185 -52914.537   27  212 -52897.000 -52924.581  0.05%   206  213s
 17661 10443 -52907.052   59  127 -52897.000 -52924.336  0.05%   207  218s
 18127 10787 -52907.670   31  255 -52897.000 -52924.214  0.05%   207  224s
 18706 11277 -52920.019   38  309 -52897.000 -52924.035  0.05%   209  229s
 19415 11612 -52901.909   31  252 -52897.000 -52923.813  0.05%   209  235s
 19996 11958 -52904.263   23  232 -52897.000 -52923.655  0.05%   210  240s
 20614 12283 -52908.087   32  270 -52897.000 -52923.428  0.05%   210  246s
 21203 12284 -52912.152   26  220 -52897.000 -52923.333  0.05%   212  256s
 21208 12287 -52913.060   39  201 -52897.000 -52923.333  0.05%   212  260s
 21211 12289 -52914.851   34  216 -52897.000 -52923.333  0.05%   212  265s
 21215 12297 -52923.333   25  278 -52897.000 -52923.333  0.05%   212  273s
 21219 12300 -52923.333   26  272 -52897.000 -52923.333  0.05%   212  276s
 21227 12303 -52923.333   27  268 -52897.000 -52923.333  0.05%   212  281s
 21240 12310 -52923.333   28  266 -52897.000 -52923.333  0.05%   213  285s
 21263 12321 -52923.333   31  273 -52897.000 -52923.333  0.05%   213  290s
 21312 12338 -52923.333   37  258 -52897.000 -52923.333  0.05%   213  295s
 21402 12373 -52910.961   48  220 -52897.000 -52923.333  0.05%   214  300s
 21476 12410 -52905.195   61  240 -52897.000 -52923.333  0.05%   214  305s
 21686 12496 -52923.333   50  287 -52897.000 -52923.333  0.05%   214  310s
 21970 12555 -52913.864  100  204 -52897.000 -52923.333  0.05%   213  315s
 22297 12731 -52915.791   59  241 -52897.000 -52923.333  0.05%   212  320s
 22755 13028 -52917.575   61  263 -52897.000 -52923.333  0.05%   211  326s
 23098 13072 -52923.333   30  270 -52897.000 -52923.333  0.05%   210  330s
 23598 13283 -52909.944   38  225 -52897.000 -52923.333  0.05%   210  338s
 23953 13465 -52907.982   34  190 -52897.000 -52923.333  0.05%   209  342s
 24410 13728 -52906.982   61  205 -52897.000 -52923.333  0.05%   209  347s
 25073 13797 -52901.533   41  242 -52897.000 -52923.333  0.05%   207  351s
 25544 13770 -52918.310   49  240 -52897.000 -52923.333  0.05%   207  356s
 25790 14017 -52911.353   64  195 -52897.000 -52923.333  0.05%   206  361s
 26364 14174 -52917.713   36  271 -52897.000 -52923.333  0.05%   206  365s
 26900 14533 -52907.612   63  250 -52897.000 -52923.333  0.05%   205  370s
 27652 14773 -52920.910   45  308 -52897.000 -52923.333  0.05%   203  375s
 28334 14775 -52918.135   62  319 -52897.000 -52923.333  0.05%   202  381s
 28639 14871 -52913.219   58  294 -52897.000 -52923.333  0.05%   202  386s
 29039 15278 -52901.060   93  187 -52897.000 -52923.333  0.05%   202  391s
 29758 15478 -52906.244   69  219 -52897.000 -52923.333  0.05%   201  397s
 30465 15637     cutoff   50      -52897.000 -52923.333  0.05%   201  402s
 31049 15834 -52913.284   35  255 -52897.000 -52923.333  0.05%   200  408s
 31725 16217 -52920.052   45  245 -52897.000 -52923.333  0.05%   200  416s
 32674 16316 -52910.680   85  254 -52897.000 -52923.225  0.05%   200  421s
 33307 16439 -52918.127   39  265 -52897.000 -52922.996  0.05%   199  426s
 33806 16676 -52912.921   52  274 -52897.000 -52922.872  0.05%   199  431s
 34461 16771 -52898.665   66  266 -52897.000 -52922.647  0.05%   198  436s
 35003 16869 -52916.958   59  210 -52897.000 -52922.502  0.05%   198  441s
 35505 17005 -52902.427   65  186 -52897.000 -52922.335  0.05%   198  446s
 36132 17198 -52901.975   43  285 -52897.000 -52922.242  0.05%   198  451s
 36767 17275 -52900.035   93  205 -52897.000 -52922.027  0.05%   198  456s
 37333 17298 -52914.044   52  299 -52897.000 -52921.828  0.05%   198  461s
 37749 17450 -52904.511   66  242 -52897.000 -52921.680  0.05%   198  466s
 38332 17524 -52902.297   59  221 -52897.000 -52921.497  0.05%   198  471s
 38932 17630     cutoff   36      -52897.000 -52921.355  0.05%   198  476s
 39519 17831 -52907.328   60  269 -52897.000 -52921.177  0.05%   198  481s
 40153 18032 -52913.432   39  254 -52897.000 -52921.055  0.05%   198  486s
 40780 18208 -52907.057   57  269 -52897.000 -52920.897  0.05%   198  491s
 41446 18411 -52912.940   55  262 -52897.000 -52920.755  0.04%   198  497s
 42080 18552 -52909.659   39  231 -52897.000 -52920.622  0.04%   198  503s
 42760 18736 -52911.340   61  260 -52897.000 -52920.474  0.04%   198  509s
 43448 18890 -52904.858   49  265 -52897.000 -52920.352  0.04%   198  514s
 44087 19049 -52906.871   54  247 -52897.000 -52920.116  0.04%   198  521s
 44698 19128 infeasible   66      -52897.000 -52920.043  0.04%   197  526s
 45234 19289 -52914.435   42  264 -52897.000 -52919.945  0.04%   198  531s
 45851 19331 -52907.500   45  263 -52897.000 -52919.841  0.04%   197  536s
 46346 19337 -52913.975   51  290 -52897.000 -52919.680  0.04%   198  541s
 46788 19523 -52904.100   56  287 -52897.000 -52919.620  0.04%   198  547s
 47411 19636 -52911.051   46  296 -52897.000 -52919.519  0.04%   198  552s
 48005 19638 -52907.436   48  253 -52897.000 -52919.352  0.04%   199  558s
 48429 19791 -52914.661   55  266 -52897.000 -52919.342  0.04%   199  563s
 49048 19805 -52911.809   37  332 -52897.000 -52919.213  0.04%   199  571s
 49430 19984 -52908.648   52  282 -52897.000 -52919.161  0.04%   199  577s
 50075 19969 -52907.196   65  263 -52897.000 -52918.999  0.04%   199  582s
 50664 20139 -52898.541   37  232 -52897.000 -52918.940  0.04%   200  588s
 51295 20343 -52903.996   85  236 -52897.000 -52918.826  0.04%   200  594s
 51968 20421 -52909.335   42  298 -52897.000 -52918.751  0.04%   200  599s

Cutting planes:
  Cover: 66
  Clique: 2
  MIR: 189
  StrongCG: 122
  Flow cover: 33
  Zero half: 1

Explored 52555 nodes (10542835 simplex iterations) in 600.01 seconds (1316.73 work units)
Thread count was 4 (of 56 available processors)

Solution count 10: -52897 -52893 -52881 ... -20493

Time limit reached
Best objective -5.289700000000e+04, best bound -5.291800000000e+04, gap 0.0397%
