
Gurobi 9.5.0 (linux64) logging started Mon Jun 20 23:54:12 2022

Set parameter LogFile to value "/local_workspace/chenrui/LogFiles/MKAP/new2S_R25_M30_N200_seed8_DWcutsCTp5_600.log"
Gurobi Optimizer version 9.5.0 build v9.5.0rc5 (linux64)
Thread count: 56 physical cores, 56 logical processors, using up to 4 threads
Optimize a model with 14097 rows, 6750 columns and 113505 nonzeros
Model fingerprint: 0x448ff51d
Variable types: 0 continuous, 6750 integer (6750 binary)
Coefficient statistics:
  Matrix range     [1e-13, 1e+04]
  Objective range  [2e+01, 1e+03]
  Bounds range     [1e+00, 1e+00]
  RHS range        [1e-05, 1e+00]
Warning: Model contains large matrix coefficient range
         Consider reformulating model or setting NumericFocus parameter
         to avoid numerical issues.
Found heuristic solution: objective 0.0000000
Presolve removed 7331 rows and 628 columns
Presolve time: 0.22s
Presolved: 6766 rows, 6122 columns, 49347 nonzeros
Found heuristic solution: objective -7639.000000
Variable types: 0 continuous, 6122 integer (6122 binary)

Root relaxation: objective -6.524034e+04, 15294 iterations, 1.20 seconds (1.15 work units)

    Nodes    |    Current Node    |     Objective Bounds      |     Work
 Expl Unexpl |  Obj  Depth IntInf | Incumbent    BestBd   Gap | It/Node Time

     0     0 -65240.338    0  980 -7639.0000 -65240.338   754%     -    1s
H    0     0                    -57285.00000 -65240.338  13.9%     -    1s
H    0     0                    -63877.00000 -65240.338  2.13%     -    1s
     0     0 -65226.905    0  989 -63877.000 -65226.905  2.11%     -    2s
H    0     0                    -64581.00000 -65226.905  1.00%     -    3s
     0     0 -65226.854    0  987 -64581.000 -65226.854  1.00%     -    3s
     0     0 -65225.460    0 1003 -64581.000 -65225.460  1.00%     -    3s
     0     0 -65223.652    0  986 -64581.000 -65223.652  1.00%     -    3s
     0     0 -65223.493    0 1001 -64581.000 -65223.493  0.99%     -    3s
     0     0 -65221.619    0  986 -64581.000 -65221.619  0.99%     -    4s
H    0     0                    -64591.00000 -65221.619  0.98%     -    4s
     0     0 -65219.915    0  974 -64591.000 -65219.915  0.97%     -    4s
     0     0 -65219.915    0  980 -64591.000 -65219.915  0.97%     -    4s
     0     0 -65219.915    0  982 -64591.000 -65219.915  0.97%     -    4s
     0     0 -65219.871    0  982 -64591.000 -65219.871  0.97%     -    5s
     0     2 -65219.871    0  982 -64591.000 -65219.871  0.97%     -    6s
    32    36 -65188.756    9  970 -64591.000 -65199.359  0.94%   466   10s
H   54    55                    -64766.00000 -65199.359  0.67%   453   11s
H  150   145                    -64776.00000 -65199.359  0.65%   372   14s
   200   217 -65080.606   41  683 -64776.000 -65199.359  0.65%   348   15s
H  416   411                    -64864.00000 -65199.359  0.52%   271   17s
   638   598 -65033.317   24  539 -64864.000 -65197.717  0.51%   263   20s
   993   857 -64999.114   25  648 -64864.000 -65189.213  0.50%   267   25s
H 1014   826                    -64884.00000 -65189.213  0.47%   265   25s
H 1014   717                    -64921.00000 -65189.213  0.41%   265   25s
  1040   718 -65069.509   45  971 -64921.000 -65189.213  0.41%   261   34s
H 1041   682                    -65031.00000 -65189.213  0.24%   261   38s
  1043   685 -65189.174   10  961 -65031.000 -65189.174  0.24%   278   59s
  1045   686 -65189.174   11  996 -65031.000 -65189.174  0.24%   279   61s
  1073   702 -65144.260   15  917 -65031.000 -65189.174  0.24%   282   65s
  1168   716 -65141.623   24  879 -65031.000 -65189.174  0.24%   290   70s
  1310   731 -65107.748   24  877 -65031.000 -65189.174  0.24%   293   75s
  1566   768 -65153.665   20  934 -65031.000 -65167.233  0.21%   291   80s
  1904   824 -65051.568   27  849 -65031.000 -65156.661  0.19%   292   85s
  2169   851 -65040.672   46  812 -65031.000 -65155.212  0.19%   294   90s
  2531   897 -65073.277   32  855 -65031.000 -65145.814  0.18%   290   95s
  2819   957 -65094.428   22  868 -65031.000 -65140.446  0.17%   291  100s
  3050   921 -65073.136   34  883 -65031.000 -65137.785  0.16%   290  105s
  3421  1014 -65100.429   33  833 -65031.000 -65132.810  0.16%   292  111s
  3610  1171     cutoff   18      -65031.000 -65131.180  0.15%   293  115s
  3980  1250     cutoff   40      -65031.000 -65128.532  0.15%   289  120s
  4253  1299     cutoff   23      -65031.000 -65125.214  0.14%   287  126s
  4727  1440     cutoff   37      -65031.000 -65122.802  0.14%   287  132s
  4987  1509 -65084.440   28  817 -65031.000 -65119.721  0.14%   287  135s
  5514  1705 -65078.672   29  823 -65031.000 -65117.137  0.13%   288  143s
  5814  1815 -65051.467   33  786 -65031.000 -65115.440  0.13%   289  147s
  6138  1844 -65078.844   34  879 -65031.000 -65113.393  0.13%   290  152s
  6285  1927 -65073.621   33  845 -65031.000 -65113.034  0.13%   289  156s
  6669  2000 -65040.128   48  538 -65031.000 -65110.117  0.12%   290  161s
H 6773  1529                    -65055.00000 -65110.117  0.08%   289  161s
  6994  1502 infeasible   34      -65055.000 -65108.856  0.08%   290  166s
  7263  1523 -65078.709   27  735 -65055.000 -65107.027  0.08%   287  172s
  7706  1480 -65085.141   40  860 -65055.000 -65103.609  0.07%   286  177s
  8211  1419 -65066.739   33  846 -65055.000 -65097.865  0.07%   283  184s
  8757  1335 -65064.663   28  820 -65055.000 -65093.543  0.06%   282  190s
  9329  1211 -65085.078   36  894 -65055.000 -65089.235  0.05%   280  198s
 10065  1031     cutoff   28      -65055.000 -65084.742  0.05%   278  205s
 10636   804     cutoff   21      -65055.000 -65079.710  0.04%   277  211s
 11164   648     cutoff   22      -65055.000 -65074.651  0.03%   276  219s
 11438   378     cutoff   34      -65055.000 -65074.182  0.03%   275  224s
 11935    82     cutoff   31      -65055.000 -65066.107  0.02%   272  226s

Cutting planes:
  Gomory: 5
  Cover: 10
  Clique: 1
  MIR: 3
  RLT: 4

Explored 12308 nodes (3314123 simplex iterations) in 226.76 seconds (382.52 work units)
Thread count was 4 (of 56 available processors)

Solution count 10: -65055 -65031 -64921 ... -63877

Optimal solution found (tolerance 1.00e-04)
Best objective -6.505500000000e+04, best bound -6.505800000000e+04, gap 0.0046%
