
Gurobi 9.5.0 (linux64) logging started Sat Apr 30 09:10:12 2022

Set parameter LogFile to value "/local_workspace/chenrui/LogFiles/MKAP/new2S_R25_M30_N300_seed8_DWcutsCT_600.log"
Gurobi Optimizer version 9.5.0 build v9.5.0rc5 (linux64)
Thread count: 56 physical cores, 56 logical processors, using up to 4 threads
Optimize a model with 1830 rows, 9750 columns and 29230 nonzeros
Model fingerprint: 0xa8e53120
Variable types: 0 continuous, 9750 integer (9750 binary)
Coefficient statistics:
  Matrix range     [7e-01, 5e+03]
  Objective range  [5e+00, 1e+03]
  Bounds range     [1e+00, 1e+00]
  RHS range        [1e-13, 1e+00]
Found heuristic solution: objective 0.0000000
Presolve removed 75 rows and 1162 columns
Presolve time: 0.06s
Presolved: 1755 rows, 8588 columns, 25713 nonzeros
Found heuristic solution: objective -9990.000000
Variable types: 0 continuous, 8588 integer (8588 binary)

Root relaxation: objective -9.533499e+04, 6842 iterations, 0.16 seconds (0.14 work units)

    Nodes    |    Current Node    |     Objective Bounds      |     Work
 Expl Unexpl |  Obj  Depth IntInf | Incumbent    BestBd   Gap | It/Node Time

     0     0 -95334.987    0  339 -9990.0000 -95334.987   854%     -    0s
H    0     0                    -74962.00000 -95334.987  27.2%     -    0s
H    0     0                    -87128.00000 -95334.987  9.42%     -    0s
H    0     0                    -88400.00000 -95334.987  7.85%     -    0s
     0     0 -95334.987    0  379 -88400.000 -95334.987  7.85%     -    1s
H    0     0                    -92062.00002 -95334.987  3.56%     -    1s
     0     0 -95334.987    0  364 -92062.000 -95334.987  3.56%     -    1s
     0     0 -95334.987    0  340 -92062.000 -95334.987  3.56%     -    1s
     0     0 -95334.987    0  357 -92062.000 -95334.987  3.56%     -    1s
     0     0 -95334.987    0  184 -92062.000 -95334.987  3.56%     -    2s
     0     0 -95334.987    0  214 -92062.000 -95334.987  3.56%     -    2s
     0     0 -95334.987    0  141 -92062.000 -95334.987  3.56%     -    3s
H    0     0                    -92491.00001 -95334.987  3.07%     -    3s
     0     0 -95334.987    0  225 -92491.000 -95334.987  3.07%     -    3s
H    0     0                    -92959.00000 -95334.987  2.56%     -    3s
     0     0 -95334.987    0  305 -92959.000 -95334.987  2.56%     -    3s
     0     0 -95334.987    0  289 -92959.000 -95334.987  2.56%     -    4s
     0     2 -95334.987    0  184 -92959.000 -95334.987  2.56%     -    4s
     1     4 -95334.987    1  171 -92959.000 -95334.987  2.56%  1406    5s
H   28    33                    -93091.00000 -95334.987  2.41%   474    7s
H   29    33                    -93202.00000 -95334.987  2.29%   470    7s
H   30    33                    -93342.00000 -95334.987  2.14%   457    7s
H   31    33                    -93659.00000 -95334.987  1.79%   443    7s
H   61    65                    -93811.00000 -95334.987  1.62%   298    9s
H   62    65                    -93840.00000 -95334.987  1.59%   302    9s
H   63    65                    -93871.00000 -95334.987  1.56%   298    9s
H   93   101                    -94057.00000 -95334.987  1.36%   265   10s
H  106   120                    -94703.00000 -95334.987  0.67%   262   10s
H  290   317                    -94800.00000 -95334.987  0.56%   232   13s
H  375   422                    -94930.00000 -95334.987  0.43%   233   14s
   430   572 -95333.464   91  193 -94930.000 -95334.987  0.43%   227   16s
H  538   569                    -94954.00000 -95334.987  0.40%   194   16s
H  583   588                    -94956.00000 -95334.987  0.40%   188   19s
H  584   588                    -94958.00000 -95334.987  0.40%   188   19s
H  592   587                    -94978.00000 -95334.987  0.38%   188   19s
   603   952 -95333.464   93  195 -94978.000 -95334.987  0.38%   187   20s
H 1482  1327                    -94982.00000 -95334.987  0.37%   146   24s
  1484  1329 -95198.710   81  338 -94982.000 -95334.987  0.37%   146   25s
  1490  1336 -95334.987   11  347 -94982.000 -95334.987  0.37%   156   31s
  1512  1347 -95334.987   15  249 -94982.000 -95334.987  0.37%   161   35s
  1597  1407 -95334.987   23  180 -94982.000 -95334.987  0.37%   169   40s
H 1627  1352                    -94984.00000 -95334.987  0.37%   171   40s
  1726  1426 -95334.904   36  208 -94984.000 -95334.987  0.37%   180   47s
H 1736  1359                    -95012.00000 -95334.987  0.34%   180   47s
  1898  1469 -95287.521   50  241 -95012.000 -95334.987  0.34%   187   50s
  2710  1793 -95227.778  102  166 -95012.000 -95334.987  0.34%   184   55s
  2848  1765     cutoff  131      -95012.000 -95334.987  0.34%   181   61s
  3417  2389     cutoff  233      -95012.000 -95334.987  0.34%   171   65s
  4492  2521     cutoff  115      -95012.000 -95334.987  0.34%   151   70s
H 4849  2405                    -95016.00000 -95334.987  0.34%   146   77s
  5805  3468 -95106.333  154  168 -95016.000 -95334.987  0.34%   135   80s
  7351  4476 -95285.908  158  123 -95016.000 -95334.987  0.34%   129   85s
  8599  4874 -95073.519   97  138 -95016.000 -95334.987  0.34%   126   91s
H 8712  4573                    -95038.00000 -95334.987  0.31%   126   91s
  9376  5478 -95322.062  101  144 -95038.000 -95334.987  0.31%   124   95s
 11059  6924 -95047.650  119  147 -95038.000 -95334.987  0.31%   120  101s
 12275  6928 -95334.987   70  168 -95038.000 -95334.987  0.31%   118  108s
H12277  6161                    -95062.00000 -95334.987  0.29%   118  108s
 12279  6471 -95334.987   71  164 -95062.000 -95334.987  0.29%   118  110s
 12733  6596 -95063.543  193  125 -95062.000 -95334.987  0.29%   118  120s
H13156  6533                    -95068.00000 -95334.987  0.28%   118  124s
 13157  7330 -95219.398   73  137 -95068.000 -95334.987  0.28%   118  126s
 14253  7344 -95165.872  106  131 -95068.000 -95334.987  0.28%   116  130s
 15171  8189 -95209.950   82  148 -95068.000 -95334.987  0.28%   116  139s
 15345  8937 -95186.924   87  117 -95068.000 -95334.987  0.28%   115  142s
 17158  9856 -95120.501  146  140 -95068.000 -95334.987  0.28%   113  146s
 19351 11736 -95241.634  120  166 -95068.000 -95334.987  0.28%   112  151s
 21917 14222 -95275.852  304   87 -95068.000 -95334.987  0.28%   108  199s
 24332 14362 -95082.186  250  114 -95068.000 -95334.987  0.28%   104  200s
 24659 14366 -95305.538  221  112 -95068.000 -95334.987  0.28%   103  207s
 24663 14413 -95327.254  221  111 -95068.000 -95334.987  0.28%   103  210s
 26392 15551 -95130.990  141  134 -95068.000 -95334.987  0.28%   101  216s
 27957 16647     cutoff  180      -95068.000 -95334.987  0.28%  99.2  220s
H29591 17168                    -95075.00000 -95334.987  0.27%  98.7  225s
 31851 19178 -95307.228  124  176 -95075.000 -95334.987  0.27%  97.7  230s
 32955 20450 -95230.435  169  111 -95075.000 -95334.987  0.27%  97.1  236s
 35361 22005 -95138.505  145  143 -95075.000 -95334.987  0.27%  97.8  244s
 36094 22647 -95334.535  104  143 -95075.000 -95334.987  0.27%  97.7  246s
 38346 24210 -95168.704  158  130 -95075.000 -95334.987  0.27%  97.7  251s
 39767 24999 -95132.191  134  113 -95075.000 -95334.987  0.27%  97.8  256s
 41177 26323 -95212.248  190  148 -95075.000 -95334.987  0.27%  98.2  261s
 41950 26957 -95202.610  142  154 -95075.000 -95334.987  0.27%  98.1  266s
 42658 27190 -95298.777  121  173 -95075.000 -95334.987  0.27%  98.0  272s
 42973 29185     cutoff  180      -95075.000 -95334.987  0.27%  98.0  278s
 45902 29934 -95330.200   87  147 -95075.000 -95334.987  0.27%  98.3  281s
 47138 30771 -95087.554   86  142 -95075.000 -95334.987  0.27%  98.5  285s
 48728 32016 -95194.409  107  173 -95075.000 -95334.987  0.27%  98.8  290s
 49683 32723 -95314.829  118  149 -95075.000 -95334.987  0.27%  98.9  296s
 50462 32728     cutoff  142      -95075.000 -95334.987  0.27%  98.9  302s
 51337 33780 -95110.302  164  147 -95075.000 -95334.987  0.27%  98.9  306s
 53483 35653 -95122.987  158  150 -95075.000 -95334.987  0.27%  99.2  312s
 55310 36611 -95324.740   86  162 -95075.000 -95334.987  0.27%  98.9  315s
 57719 38712     cutoff  185      -95075.000 -95334.987  0.27%  98.3  320s
 58956 39387 -95333.479  103  164 -95075.000 -95334.987  0.27%  98.1  325s
 60917 40873     cutoff   99      -95075.000 -95334.987  0.27%  98.4  330s
 62820 41864 -95203.486  146  121 -95075.000 -95334.987  0.27%  98.4  338s
 63415 42233 -95116.112  211  159 -95075.000 -95334.987  0.27%  98.4  343s
H63416 35977                    -95110.00000 -95334.987  0.24%  98.4  343s
 63427 36456     cutoff  212      -95110.000 -95334.987  0.24%  98.4  345s
 64674 37113 -95217.315  154  166 -95110.000 -95334.987  0.24%  98.6  351s
 66003 38042 -95137.298  117  129 -95110.000 -95334.987  0.24%  98.7  356s
 67290 39020 -95286.463  118  183 -95110.000 -95334.987  0.24%  98.9  360s
 68150 39543 -95272.330   90  129 -95110.000 -95334.987  0.24%  99.1  365s
 69912 40750 -95179.468  104  147 -95110.000 -95334.987  0.24%   100  370s
 71849 41755 -95170.549   94  126 -95110.000 -95334.987  0.24%   100  380s
 72986 42167 -95115.398  148  174 -95110.000 -95334.987  0.24%   100  386s
 73893 43164 -95249.018  129  162 -95110.000 -95334.987  0.24%   100  390s
 75236 43620 -95291.206  130  120 -95110.000 -95334.987  0.24%   101  399s
 75240 44006 -95291.115  131  146 -95110.000 -95334.987  0.24%   101  401s
 77485 45580 -95254.269  144  137 -95110.000 -95334.987  0.24%   101  406s
 79465 46664 -95329.239  101  137 -95110.000 -95334.987  0.24%   101  410s
 81072 47708     cutoff   95      -95110.000 -95334.987  0.24%   101  415s
 82960 49026 -95162.839   71  174 -95110.000 -95334.987  0.24%   102  421s
 84731 50567 -95225.718  115  143 -95110.000 -95334.987  0.24%   102  427s
 85727 50649 -95125.709  137  111 -95110.000 -95334.987  0.24%   102  430s
 86479 51124     cutoff  183      -95110.000 -95334.987  0.24%   102  437s
 87163 52062 -95325.118  140  120 -95110.000 -95334.987  0.24%   102  441s
 89665 53279 -95190.954  230  123 -95110.000 -95334.987  0.24%   102  446s
 91274 54375 -95166.879  118  166 -95110.000 -95334.987  0.24%   102  450s
 92325 54902     cutoff  213      -95110.000 -95334.987  0.24%   102  456s
 93144 55219 -95220.301  162   77 -95110.000 -95334.987  0.24%   102  465s
 94354 56428 -95204.737  228  130 -95110.000 -95334.987  0.24%   102  470s
 96327 57682 -95137.829  197  134 -95110.000 -95334.987  0.24%   103  476s
 98068 58542 -95265.043   92  103 -95110.000 -95334.987  0.24%   103  481s
 99126 59317 -95171.458  132  157 -95110.000 -95334.987  0.24%   103  485s
 101151 60704 -95201.369  141  146 -95110.000 -95334.987  0.24%   103  490s
H101756 57778                    -95121.00000 -95334.987  0.22%   103  494s
 101841 57864 -95286.095  114  159 -95121.000 -95334.987  0.22%   103  501s
 102507 58614 -95333.670   96  110 -95121.000 -95334.987  0.22%   103  505s
 103275 59097     cutoff  163      -95121.000 -95334.987  0.22%   103  510s
 105189 60447 -95185.068  144  138 -95121.000 -95334.987  0.22%   104  516s
 106544 61193 -95253.935  121  204 -95121.000 -95334.987  0.22%   104  520s
 108282 62282 -95312.495  139  138 -95121.000 -95334.987  0.22%   104  525s
 109663 63245 -95195.123  139  173 -95121.000 -95334.987  0.22%   104  530s
 111468 64034 -95322.987  121  151 -95121.000 -95334.987  0.22%   105  538s
 111472 64059 -95322.987  122  137 -95121.000 -95334.987  0.22%   105  542s
 112081 64921 -95330.958  132  146 -95121.000 -95334.987  0.22%   105  546s
 113950 66146 -95217.444  120  114 -95121.000 -95334.987  0.22%   105  551s
 115189 66904 -95131.756  161  151 -95121.000 -95334.987  0.22%   106  555s
 116733 67625 -95285.713  114  140 -95121.000 -95334.987  0.22%   106  565s
 117755 68732 -95330.561   93  221 -95121.000 -95334.987  0.22%   106  571s
 119271 69518     cutoff   61      -95121.000 -95334.987  0.22%   107  576s
 119874 69885 -95199.262   99  165 -95121.000 -95334.987  0.22%   107  581s
 121078 70784 -95307.008  115  173 -95121.000 -95334.987  0.22%   108  587s
 122227 71398 -95155.737   98  183 -95121.000 -95334.987  0.22%   108  594s
 122476 71908 -95263.066   95  174 -95121.000 -95334.987  0.22%   108  597s
 123195 72472 -95313.744   84  152 -95121.000 -95334.987  0.22%   109  600s

Cutting planes:
  Gomory: 38
  Cover: 334
  Clique: 278
  MIR: 23
  StrongCG: 38
  Flow cover: 41
  Zero half: 3
  RLT: 2

Explored 123906 nodes (13492573 simplex iterations) in 600.01 seconds (884.82 work units)
Thread count was 4 (of 56 available processors)

Solution count 10: -95121 -95110 -95075 ... -94982

Time limit reached
Best objective -9.512100000000e+04, best bound -9.533498743027e+04, gap 0.2250%
