
Gurobi 9.5.0 (linux64) logging started Mon Jun 20 09:36:16 2022

Set parameter LogFile to value "/local_workspace/chenrui/LogFiles/MKAP/new2S_R10_M40_N100_seed1_DWcutsCTp2_600.log"
Gurobi Optimizer version 9.5.0 build v9.5.0rc5 (linux64)
Thread count: 56 physical cores, 56 logical processors, using up to 4 threads
Optimize a model with 1795 rows, 4400 columns and 19921 nonzeros
Model fingerprint: 0xa4eeaa42
Variable types: 0 continuous, 4400 integer (4400 binary)
Coefficient statistics:
  Matrix range     [1e-13, 2e+03]
  Objective range  [4e+01, 1e+03]
  Bounds range     [1e+00, 1e+00]
  RHS range        [1e-05, 1e+00]
Warning: Model contains large matrix coefficient range
         Consider reformulating model or setting NumericFocus parameter
         to avoid numerical issues.
Found heuristic solution: objective 0.0000000
Presolve removed 224 rows and 1554 columns
Presolve time: 0.05s
Presolved: 1571 rows, 2846 columns, 12997 nonzeros
Found heuristic solution: objective -9116.000000
Variable types: 0 continuous, 2846 integer (2846 binary)

Root relaxation: objective -3.317282e+04, 3786 iterations, 0.09 seconds (0.08 work units)

    Nodes    |    Current Node    |     Objective Bounds      |     Work
 Expl Unexpl |  Obj  Depth IntInf | Incumbent    BestBd   Gap | It/Node Time

     0     0 -33172.820    0  369 -9116.0000 -33172.820   264%     -    0s
H    0     0                    -32775.00000 -33172.820  1.21%     -    0s
H    0     0                    -33016.00000 -33172.820  0.47%     -    0s
     0     0 -33168.829    0  370 -33016.000 -33168.829  0.46%     -    0s
H    0     0                    -33091.00019 -33168.447  0.23%     -    0s
H    0     0                    -33111.00005 -33168.447  0.17%     -    0s
     0     0 -33168.435    0  356 -33111.000 -33168.435  0.17%     -    0s
     0     0 -33168.370    0  360 -33111.000 -33168.370  0.17%     -    0s
     0     0 -33168.370    0  316 -33111.000 -33168.370  0.17%     -    0s
     0     0 -33167.176    0  319 -33111.000 -33167.176  0.17%     -    0s
     0     0 -33167.175    0  312 -33111.000 -33167.175  0.17%     -    0s
H    0     0                    -33117.00000 -33167.175  0.15%     -    0s
     0     0 -33167.111    0  312 -33117.000 -33167.111  0.15%     -    0s
     0     0 -33167.088    0  313 -33117.000 -33167.088  0.15%     -    0s
     0     0 -33166.922    0  308 -33117.000 -33166.922  0.15%     -    0s
H    0     0                    -33157.00010 -33166.922  0.03%     -    0s
     0     0 -33166.649    0  260 -33157.000 -33166.649  0.03%     -    0s
     0     0 -33166.649    0  128 -33157.000 -33166.649  0.03%     -    0s
     0     0 -33164.841    0   88 -33157.000 -33164.841  0.02%     -    0s
     0     0     cutoff    0      -33157.000 -33157.000  0.00%     -    0s

Explored 1 nodes (8509 simplex iterations) in 0.81 seconds (0.51 work units)
Thread count was 4 (of 56 available processors)

Solution count 10: -33157 -33157 -33117 ... -9116

Optimal solution found (tolerance 1.00e-04)
Best objective -3.315700000000e+04, best bound -3.315700000000e+04, gap 0.0000%
