
Gurobi 9.5.0 (linux64) logging started Tue May  3 13:10:35 2022

Set parameter LogFile to value "/local_workspace/chenrui/LogFiles/MKAP/new2S_R2_M20_N50_seed6_DWcutsCT3_600.log"
Gurobi Optimizer version 9.5.0 build v9.5.0rc5 (linux64)
Thread count: 56 physical cores, 56 logical processors, using up to 4 threads
Optimize a model with 344 rows, 1040 columns and 7584 nonzeros
Model fingerprint: 0x683449c4
Variable types: 0 continuous, 1040 integer (1040 binary)
Coefficient statistics:
  Matrix range     [1e-13, 3e+03]
  Objective range  [2e+02, 1e+03]
  Bounds range     [1e+00, 1e+00]
  RHS range        [1e-16, 1e+00]
Warning: Model contains large matrix coefficient range
         Consider reformulating model or setting NumericFocus parameter
         to avoid numerical issues.
Found heuristic solution: objective 0.0000000
Presolve removed 56 rows and 383 columns
Presolve time: 0.02s
Presolved: 288 rows, 657 columns, 5264 nonzeros
Found heuristic solution: objective -15283.00000
Variable types: 0 continuous, 657 integer (657 binary)
Found heuristic solution: objective -15288.00000

Root relaxation: objective -1.711134e+04, 732 iterations, 0.01 seconds (0.01 work units)

    Nodes    |    Current Node    |     Objective Bounds      |     Work
 Expl Unexpl |  Obj  Depth IntInf | Incumbent    BestBd   Gap | It/Node Time

     0     0 -17111.336    0   21 -15288.000 -17111.336  11.9%     -    0s
H    0     0                    -17095.00000 -17111.336  0.10%     -    0s
     0     0 -17111.336    0   52 -17095.000 -17111.336  0.10%     -    0s
     0     0 -17111.336    0   15 -17095.000 -17111.336  0.10%     -    0s
     0     0 -17111.336    0   59 -17095.000 -17111.336  0.10%     -    0s
     0     0 -17111.336    0   61 -17095.000 -17111.336  0.10%     -    0s
     0     0 -17111.336    0   66 -17095.000 -17111.336  0.10%     -    0s
     0     0 -17111.336    0   61 -17095.000 -17111.336  0.10%     -    0s
     0     0 -17111.336    0   58 -17095.000 -17111.336  0.10%     -    0s
     0     0 -17111.307    0   60 -17095.000 -17111.307  0.10%     -    0s
     0     0 -17111.307    0   59 -17095.000 -17111.307  0.10%     -    0s
     0     0 -17111.307    0   44 -17095.000 -17111.307  0.10%     -    0s
     0     0 -17111.307    0   45 -17095.000 -17111.307  0.10%     -    0s
     0     0 -17111.307    0   52 -17095.000 -17111.307  0.10%     -    0s
     0     0 -17111.040    0   52 -17095.000 -17111.040  0.09%     -    0s
     0     0 -17111.040    0   51 -17095.000 -17111.040  0.09%     -    0s
     0     0 -17110.886    0   48 -17095.000 -17110.886  0.09%     -    0s
     0     0 -17110.886    0   48 -17095.000 -17110.886  0.09%     -    0s
     0     2 -17110.671    0   48 -17095.000 -17110.671  0.09%     -    0s

Cutting planes:
  Gomory: 4
  Cover: 8
  Clique: 5
  MIR: 11
  StrongCG: 8

Explored 132 nodes (5371 simplex iterations) in 0.31 seconds (0.27 work units)
Thread count was 4 (of 56 available processors)

Solution count 4: -17095 -15288 -15283 0 
No other solutions better than -17095

Optimal solution found (tolerance 1.00e-04)
Best objective -1.709499999979e+04, best bound -1.709499999997e+04, gap 0.0000%
