
Gurobi 9.5.0 (linux64) logging started Thu Apr 28 15:35:11 2022

Set parameter LogFile to value "/local_workspace/chenrui/LogFiles/MKAP/new2S_R10_M10_N100_seed2_DWcutsCT6_600.log"
Gurobi Optimizer version 9.5.0 build v9.5.0rc5 (linux64)
Thread count: 56 physical cores, 56 logical processors, using up to 4 threads
Optimize a model with 4976 rows, 1100 columns and 51471 nonzeros
Model fingerprint: 0x7d1ec8a3
Variable types: 0 continuous, 1100 integer (1100 binary)
Coefficient statistics:
  Matrix range     [1e-13, 4e+04]
  Objective range  [7e+01, 1e+03]
  Bounds range     [1e+00, 1e+00]
  RHS range        [5e-13, 1e+00]
Warning: Model contains large matrix coefficient range
         Consider reformulating model or setting NumericFocus parameter
         to avoid numerical issues.
Found heuristic solution: objective 0.0000000
Presolve removed 2154 rows and 84 columns
Presolve time: 0.15s
Presolved: 2822 rows, 1016 columns, 24578 nonzeros
Found heuristic solution: objective -6636.000000
Variable types: 0 continuous, 1016 integer (1016 binary)

Root relaxation: objective -3.520817e+04, 1946 iterations, 0.12 seconds (0.18 work units)

    Nodes    |    Current Node    |     Objective Bounds      |     Work
 Expl Unexpl |  Obj  Depth IntInf | Incumbent    BestBd   Gap | It/Node Time

     0     0 -35208.167    0   69 -6636.0000 -35208.167   431%     -    0s
H    0     0                    -35099.00000 -35208.167  0.31%     -    0s
H    0     0                    -35145.00000 -35208.167  0.18%     -    0s
     0     0 -35208.167    0   69 -35145.000 -35208.167  0.18%     -    0s
     0     0 -35208.167    0   58 -35145.000 -35208.167  0.18%     -    0s
     0     0 -35208.159    0   58 -35145.000 -35208.159  0.18%     -    0s
     0     0 -35208.159    0   46 -35145.000 -35208.159  0.18%     -    1s
     0     0 -35206.757    0   46 -35145.000 -35206.757  0.18%     -    1s
H    0     0                    -35194.00000 -35206.757  0.04%     -    1s

Cutting planes:
  Clique: 3

Explored 1 nodes (5807 simplex iterations) in 1.20 seconds (1.29 work units)
Thread count was 4 (of 56 available processors)

Solution count 5: -35194 -35145 -35099 ... 0

Optimal solution found (tolerance 1.00e-04)
Best objective -3.519400000000e+04, best bound -3.519700000000e+04, gap 0.0085%

Gurobi 9.5.0 (linux64) logging started Thu Apr 28 17:32:58 2022

Set parameter LogFile to value "/local_workspace/chenrui/LogFiles/MKAP/new2S_R10_M10_N100_seed2_DWcutsCT6_600.log"
Gurobi Optimizer version 9.5.0 build v9.5.0rc5 (linux64)
Thread count: 56 physical cores, 56 logical processors, using up to 4 threads
Optimize a model with 4976 rows, 1100 columns and 51471 nonzeros
Model fingerprint: 0x7d1ec8a3
Variable types: 0 continuous, 1100 integer (1100 binary)
Coefficient statistics:
  Matrix range     [1e-13, 4e+04]
  Objective range  [7e+01, 1e+03]
  Bounds range     [1e+00, 1e+00]
  RHS range        [5e-13, 1e+00]
Warning: Model contains large matrix coefficient range
         Consider reformulating model or setting NumericFocus parameter
         to avoid numerical issues.
Found heuristic solution: objective 0.0000000
Presolve removed 2154 rows and 84 columns
Presolve time: 0.15s
Presolved: 2822 rows, 1016 columns, 24578 nonzeros
Found heuristic solution: objective -6636.000000
Variable types: 0 continuous, 1016 integer (1016 binary)

Root relaxation: objective -3.520817e+04, 1946 iterations, 0.12 seconds (0.18 work units)

    Nodes    |    Current Node    |     Objective Bounds      |     Work
 Expl Unexpl |  Obj  Depth IntInf | Incumbent    BestBd   Gap | It/Node Time

     0     0 -35208.167    0   69 -6636.0000 -35208.167   431%     -    0s
H    0     0                    -35099.00000 -35208.167  0.31%     -    0s
H    0     0                    -35145.00000 -35208.167  0.18%     -    0s
     0     0 -35208.167    0   69 -35145.000 -35208.167  0.18%     -    0s
     0     0 -35208.167    0   58 -35145.000 -35208.167  0.18%     -    0s
     0     0 -35208.159    0   58 -35145.000 -35208.159  0.18%     -    0s
     0     0 -35208.159    0   46 -35145.000 -35208.159  0.18%     -    1s
     0     0 -35206.757    0   46 -35145.000 -35206.757  0.18%     -    1s
H    0     0                    -35194.00000 -35206.757  0.04%     -    1s

Cutting planes:
  Clique: 3

Explored 1 nodes (5807 simplex iterations) in 1.21 seconds (1.29 work units)
Thread count was 4 (of 56 available processors)

Solution count 5: -35194 -35145 -35099 ... 0

Optimal solution found (tolerance 1.00e-04)
Best objective -3.519400000000e+04, best bound -3.519700000000e+04, gap 0.0085%

Gurobi 9.5.0 (linux64) logging started Fri Apr 29 21:00:23 2022

Set parameter LogFile to value "/local_workspace/chenrui/LogFiles/MKAP/new2S_R10_M10_N100_seed2_DWcutsCT6_600.log"
Gurobi Optimizer version 9.5.0 build v9.5.0rc5 (linux64)
Thread count: 56 physical cores, 56 logical processors, using up to 4 threads
Optimize a model with 4974 rows, 1100 columns and 51342 nonzeros
Model fingerprint: 0x59ed82af
Variable types: 0 continuous, 1100 integer (1100 binary)
Coefficient statistics:
  Matrix range     [1e-13, 3e+04]
  Objective range  [7e+01, 1e+03]
  Bounds range     [1e+00, 1e+00]
  RHS range        [1e-16, 1e+00]
Warning: Model contains large matrix coefficient range
         Consider reformulating model or setting NumericFocus parameter
         to avoid numerical issues.
Found heuristic solution: objective 0.0000000
Presolve removed 2144 rows and 84 columns
Presolve time: 0.15s
Presolved: 2830 rows, 1016 columns, 24621 nonzeros
Found heuristic solution: objective -6636.000000
Variable types: 0 continuous, 1016 integer (1016 binary)

Root relaxation: objective -3.520817e+04, 1939 iterations, 0.12 seconds (0.18 work units)

    Nodes    |    Current Node    |     Objective Bounds      |     Work
 Expl Unexpl |  Obj  Depth IntInf | Incumbent    BestBd   Gap | It/Node Time

     0     0 -35208.167    0   68 -6636.0000 -35208.167   431%     -    0s
H    0     0                    -34838.00000 -35208.167  1.06%     -    0s
H    0     0                    -35145.00000 -35208.167  0.18%     -    0s
     0     0 -35208.167    0   68 -35145.000 -35208.167  0.18%     -    0s
     0     0 -35208.167    0   64 -35145.000 -35208.167  0.18%     -    0s
H    0     0                    -35194.00000 -35208.167  0.04%     -    0s
     0     0 -35204.576    0   64 -35194.000 -35204.576  0.03%     -    0s
     0     0 -35201.111    0   57 -35194.000 -35201.111  0.02%     -    0s

Explored 1 nodes (4112 simplex iterations) in 0.99 seconds (1.07 work units)
Thread count was 4 (of 56 available processors)

Solution count 5: -35194 -35145 -34838 ... 0
No other solutions better than -35194

Optimal solution found (tolerance 1.00e-04)
Best objective -3.519400000000e+04, best bound -3.519400000000e+04, gap 0.0000%
