
Gurobi 9.5.0 (linux64) logging started Tue May  3 13:20:39 2022

Set parameter LogFile to value "/local_workspace/chenrui/LogFiles/MKAP/new2S_R5_M30_N50_seed1_DWcutsCT1_600.log"
Gurobi Optimizer version 9.5.0 build v9.5.0rc5 (linux64)
Thread count: 56 physical cores, 56 logical processors, using up to 4 threads
Optimize a model with 448 rows, 1650 columns and 5535 nonzeros
Model fingerprint: 0x66ebb28b
Variable types: 0 continuous, 1650 integer (1650 binary)
Coefficient statistics:
  Matrix range     [2e-13, 1e+03]
  Objective range  [6e+01, 1e+03]
  Bounds range     [1e+00, 1e+00]
  RHS range        [3e-14, 1e+00]
Warning: Model contains large matrix coefficient range
         Consider reformulating model or setting NumericFocus parameter
         to avoid numerical issues.
Found heuristic solution: objective 0.0000000
Presolve removed 224 rows and 1097 columns
Presolve time: 0.01s
Presolved: 224 rows, 553 columns, 1641 nonzeros
Found heuristic solution: objective -7872.000000
Variable types: 0 continuous, 553 integer (553 binary)

Root relaxation: objective -1.524002e+04, 486 iterations, 0.00 seconds (0.00 work units)

    Nodes    |    Current Node    |     Objective Bounds      |     Work
 Expl Unexpl |  Obj  Depth IntInf | Incumbent    BestBd   Gap | It/Node Time

     0     0 -15240.024    0    9 -7872.0000 -15240.024  93.6%     -    0s
H    0     0                    -14950.00000 -15240.024  1.94%     -    0s
H    0     0                    -15172.00000 -15240.024  0.45%     -    0s
H    0     0                    -15187.00000 -15240.024  0.35%     -    0s
H    0     0                    -15240.00000 -15240.024  0.00%     -    0s

Cutting planes:
  Gomory: 11
  Cover: 1
  Clique: 3

Explored 1 nodes (486 simplex iterations) in 0.03 seconds (0.01 work units)
Thread count was 4 (of 56 available processors)

Solution count 6: -15240 -15187 -15172 ... 0
No other solutions better than -15240

Optimal solution found (tolerance 1.00e-04)
Best objective -1.524000000000e+04, best bound -1.524000000000e+04, gap 0.0000%
