
Gurobi 9.5.0 (linux64) logging started Sun Jun 19 14:10:14 2022

Set parameter LogFile to value "/local_workspace/chenrui/LogFiles/MKAP/new2S_R25_M30_N300_seed5_DWcutsCTp6_600.log"
Gurobi Optimizer version 9.5.0 build v9.5.0rc5 (linux64)
Thread count: 56 physical cores, 56 logical processors, using up to 4 threads
Optimize a model with 35237 rows, 9750 columns and 448276 nonzeros
Model fingerprint: 0xc81e99e7
Variable types: 0 continuous, 9750 integer (9750 binary)
Coefficient statistics:
  Matrix range     [1e-13, 9e+04]
  Objective range  [4e+01, 1e+03]
  Bounds range     [1e+00, 1e+00]
  RHS range        [1e-05, 1e+00]
Warning: Model contains large matrix coefficient range
         Consider reformulating model or setting NumericFocus parameter
         to avoid numerical issues.
Found heuristic solution: objective 0.0000000
Presolve removed 7353 rows and 959 columns
Presolve time: 1.14s
Presolved: 27884 rows, 8791 columns, 331062 nonzeros
Found heuristic solution: objective -10318.00000
Variable types: 0 continuous, 8791 integer (8791 binary)

Root simplex log...

Iteration    Objective       Primal Inf.    Dual Inf.      Time
   14295   -9.4929579e+04   2.250199e+04   0.000000e+00      5s
   20387   -9.4678199e+04   0.000000e+00   0.000000e+00      9s

Root relaxation: objective -9.467820e+04, 20387 iterations, 7.74 seconds (17.45 work units)

    Nodes    |    Current Node    |     Objective Bounds      |     Work
 Expl Unexpl |  Obj  Depth IntInf | Incumbent    BestBd   Gap | It/Node Time

     0     0 -94678.199    0  874 -10318.000 -94678.199   818%     -    9s
H    0     0                    -80964.00000 -94678.199  16.9%     -    9s
H    0     0                    -93254.00000 -94678.199  1.53%     -   11s
H    0     0                    -93690.00000 -94678.199  1.05%     -   11s
     0     0 -94678.199    0  888 -93690.000 -94678.199  1.05%     -   12s
H    0     0                    -93817.00000 -94678.199  0.92%     -   20s
     0     0 -94678.199    0  887 -93817.000 -94678.199  0.92%     -   21s
H    0     0                    -93934.00000 -94678.199  0.79%     -   22s
     0     0 -94678.199    0  887 -93934.000 -94678.199  0.79%     -   22s
     0     2 -94678.199    0  887 -93934.000 -94678.199  0.79%     -   24s
     1     4 -94677.493    1  904 -93934.000 -94678.199  0.79%  1138   25s
    19    24 -94631.563    5  773 -93934.000 -94673.305  0.79%  1188   30s
H   29    32                    -94007.00000 -94673.305  0.71%  1175   32s
    51    58 -94599.935   12  401 -94007.000 -94673.305  0.71%   993   37s
H   54    58                    -94048.00003 -94673.305  0.66%   962   37s
H   58    62                    -94055.00000 -94673.305  0.66%   924   40s
   266   247 -94651.372    5  863 -94055.000 -94670.107  0.65%   351   45s
   316   266 -94622.920    7  783 -94055.000 -94670.107  0.65%   373   51s
   358   318 -94584.849   16  543 -94055.000 -94670.107  0.65%   425   55s
H  495   409                    -94190.00023 -94670.107  0.51%   374   59s
   507   404     cutoff   45      -94190.000 -94668.557  0.51%   371   60s
   553   434 -94641.851   11  735 -94190.000 -94668.557  0.51%   405   65s
   638   567 -94520.624   30  339 -94190.000 -94668.557  0.51%   417   71s
   766   629 -94657.826    8  813 -94190.000 -94664.162  0.50%   393   75s
H  787   645                    -94195.00000 -94664.162  0.50%   397   79s
H  808   616                    -94247.00000 -94664.162  0.44%   395   79s
   809   627 -94653.637   10  771 -94247.000 -94664.162  0.44%   396   80s
   832   631 -94645.522   13  768 -94247.000 -94664.162  0.44%   400   88s
   847   653 -94638.359   17  722 -94247.000 -94664.162  0.44%   414   91s
   877   691 -94583.078   27  439 -94247.000 -94664.162  0.44%   428   98s
H  882   674                    -94280.00000 -94664.162  0.41%   427   98s
   896   731 -94561.667   33  389 -94280.000 -94664.162  0.41%   432  101s
  1008   771 -94633.462   12  679 -94280.000 -94663.424  0.41%   438  106s
  1023   772 -94371.170   29  887 -94280.000 -94663.424  0.41%   447  127s
H 1024   734                    -94294.00002 -94663.424  0.39%   447  138s
  1026   735 -94592.243   17  882 -94294.000 -94663.424  0.39%   446  145s
  1028   736 -94646.026   11  883 -94294.000 -94663.424  0.39%   445  158s
  1030   738 -94632.943    9  883 -94294.000 -94663.424  0.39%   444  167s
  1031   741 -94663.424   10  891 -94294.000 -94663.424  0.39%   470  218s
  1033   745 -94663.424   11  915 -94294.000 -94663.424  0.39%   471  233s
  1037   747 -94663.424   12  905 -94294.000 -94663.424  0.39%   473  235s
  1041   750 -94648.862   12  943 -94294.000 -94663.424  0.39%   475  240s
  1049   753 -94663.424   13  898 -94294.000 -94663.424  0.39%   478  245s
  1063   766 -94663.424   15  895 -94294.000 -94663.424  0.39%   482  250s
  1076   773 -94661.514   16  938 -94294.000 -94663.424  0.39%   488  256s
  1089   781 -94660.014   18  832 -94294.000 -94663.424  0.39%   494  262s
H 1091   743                    -94307.00000 -94663.424  0.38%   494  262s
  1094   748 -94645.039   18  893 -94307.000 -94663.424  0.38%   498  265s
  1116   767 -94656.103   21  925 -94307.000 -94663.424  0.38%   506  272s
  1133   777 -94652.878   23  923 -94307.000 -94663.424  0.38%   513  276s
H 1151   749                    -94350.00000 -94663.424  0.33%   518  282s
  1157   756 -94641.758   26  824 -94350.000 -94663.424  0.33%   521  285s
  1189   767 -94638.028   29  827 -94350.000 -94663.424  0.33%   529  295s
  1209   799 -94579.773   31  719 -94350.000 -94663.424  0.33%   533  300s
  1258   829 -94633.089   35  935 -94350.000 -94663.424  0.33%   534  305s
  1309   862 -94600.145   38  882 -94350.000 -94663.424  0.33%   537  310s
  1368   885 -94604.079   42  646 -94350.000 -94663.424  0.33%   539  316s
  1417   919 -94576.797   46  670 -94350.000 -94663.424  0.33%   546  322s
  1449   933 -94582.730   49  710 -94350.000 -94663.424  0.33%   548  325s
  1536   981 -94503.777   54  632 -94350.000 -94663.424  0.33%   546  331s
  1686   981 -94554.830   61  577 -94350.000 -94663.424  0.33%   521  337s
  1781   959 infeasible   64      -94350.000 -94663.424  0.33%   505  340s
  1834  1007 -94534.008   70  545 -94350.000 -94663.424  0.33%   509  345s
H 1912   998                    -94355.00000 -94663.424  0.33%   512  351s
  1944  1029 -94515.082   84  604 -94355.000 -94663.424  0.33%   515  356s
  2010  1058     cutoff   90      -94355.000 -94663.424  0.33%   514  361s
  2074  1116 -94494.538   97  560 -94355.000 -94663.424  0.33%   510  366s
  2161  1130 -94481.719  102  458 -94355.000 -94663.424  0.33%   504  371s
H 2178  1047                    -94376.00000 -94663.424  0.30%   503  371s
  2234  1048     cutoff  110      -94376.000 -94663.424  0.30%   499  378s
  2280  1086 -94392.418  118  393 -94376.000 -94663.424  0.30%   499  382s
  2386  1047     cutoff  132      -94376.000 -94663.424  0.30%   490  391s
H 2402   952                    -94391.00003 -94663.424  0.29%   490  403s
  2414   990 -94662.455   19  925 -94391.000 -94663.424  0.29%   491  407s
  2460  1049 -94624.108   28  813 -94391.000 -94663.424  0.29%   494  411s
  2536  1072 -94587.347   38  776 -94391.000 -94663.424  0.29%   494  415s
  2599  1120 -94473.884   51  700 -94391.000 -94663.424  0.29%   496  420s
  2767  1133 -94548.232   23  792 -94391.000 -94662.885  0.29%   495  431s
  2781  1196 -94542.741   27  826 -94391.000 -94662.885  0.29%   494  436s
  2877  1230 -94399.964   50  593 -94391.000 -94660.932  0.29%   493  441s
  2964  1269 -94599.392   24  738 -94391.000 -94651.661  0.28%   493  448s
  3028  1388 -94535.097   36  605 -94391.000 -94651.661  0.28%   495  456s
  3165  1436 -94481.090   55  478 -94391.000 -94651.661  0.28%   498  465s
  3298  1524 -94441.886   70  407 -94391.000 -94651.124  0.28%   491  473s
  3477  1627 -94583.940   27  671 -94391.000 -94651.123  0.28%   486  483s
  3582  1778 -94501.811   55  671 -94391.000 -94651.123  0.28%   487  492s
  3761  1899 -94404.449   97  507 -94391.000 -94650.115  0.27%   481  501s
  3920  1997 -94548.182   40  720 -94391.000 -94650.053  0.27%   481  511s
H 3941  1282                    -94480.00001 -94650.053  0.18%   481  511s
  4052  1348     cutoff   74      -94480.000 -94649.749  0.18%   481  521s
  4226  1479 -94589.462   35  729 -94480.000 -94648.822  0.18%   482  532s
  4399  1564 -94605.032   24  805 -94480.000 -94648.822  0.18%   485  544s
  4525  1680     cutoff   35      -94480.000 -94647.275  0.18%   487  555s
  4702  1861 -94635.945   29  777 -94480.000 -94646.022  0.18%   489  568s
  4943  2010 -94609.784   29  802 -94480.000 -94645.856  0.18%   487  581s
  5156  2190 -94496.336   77  662 -94480.000 -94645.359  0.18%   487  595s
  5414  2247 -94622.737   21  816 -94480.000 -94645.073  0.17%   488  600s

Cutting planes:
  Cover: 16

Explored 5504 nodes (2701492 simplex iterations) in 600.01 seconds (1618.77 work units)
Thread count was 4 (of 56 available processors)

Solution count 10: -94480 -94391 -94376 ... -94195

Time limit reached
Warning: max constraint violation (1.2300e-06) exceeds tolerance
Best objective -9.448000009014e+04, best bound -9.464500000000e+04, gap 0.1746%
