
Gurobi 9.5.0 (linux64) logging started Thu Apr 28 20:34:22 2022

Set parameter LogFile to value "/local_workspace/chenrui/LogFiles/MKAP/new2S_R10_M10_N200_seed6_original_600.log"
Gurobi Optimizer version 9.5.0 build v9.5.0rc5 (linux64)
Thread count: 56 physical cores, 56 logical processors, using up to 4 threads
Optimize a model with 310 rows, 2100 columns and 4200 nonzeros
Model fingerprint: 0x5da4d1dd
Variable types: 0 continuous, 2100 integer (2100 binary)
Coefficient statistics:
  Matrix range     [1e+00, 8e+03]
  Objective range  [2e+01, 1e+03]
  Bounds range     [1e+00, 1e+00]
  RHS range        [1e+00, 1e+00]
Found heuristic solution: objective 0.0000000
Presolve removed 10 rows and 60 columns
Presolve time: 0.01s
Presolved: 300 rows, 2040 columns, 4080 nonzeros
Variable types: 0 continuous, 2040 integer (2040 binary)
Found heuristic solution: objective -46357.00000

Root relaxation: objective -6.601275e+04, 682 iterations, 0.01 seconds (0.01 work units)

    Nodes    |    Current Node    |     Objective Bounds      |     Work
 Expl Unexpl |  Obj  Depth IntInf | Incumbent    BestBd   Gap | It/Node Time

     0     0 -66012.750    0   33 -46357.000 -66012.750  42.4%     -    0s
H    0     0                    -62598.00000 -66012.750  5.46%     -    0s
H    0     0                    -62824.00000 -66012.750  5.08%     -    0s
H    0     0                    -63266.00000 -66012.750  4.34%     -    0s
H    0     0                    -63939.00000 -66012.750  3.24%     -    0s
     0     0 -66012.750    0   95 -63939.000 -66012.750  3.24%     -    0s
H    0     0                    -63978.00000 -66012.750  3.18%     -    0s
     0     0 -65990.611    0   95 -63978.000 -65990.611  3.15%     -    0s
H    0     0                    -64481.00000 -65985.998  2.33%     -    0s
H    0     0                    -64503.00000 -65985.998  2.30%     -    0s
     0     0 -65929.743    0   73 -64503.000 -65929.743  2.21%     -    0s
     0     0 -65929.743    0   48 -64503.000 -65929.743  2.21%     -    0s
     0     2 -65929.743    0   40 -64503.000 -65929.743  2.21%     -    0s
H  403   448                    -64732.00000 -65929.743  1.85%  17.4    0s
H  477   455                    -64803.00000 -65929.743  1.74%  15.3    0s
H  496   450                    -64828.00000 -65929.743  1.70%  14.8    0s
H  497   450                    -64840.00000 -65929.743  1.68%  14.8    0s
H  589   443                    -64984.00000 -65929.743  1.46%  14.4    0s
H 1053   801                    -65087.00000 -65929.743  1.29%  12.8    0s
H 1087   790                    -65145.00000 -65929.743  1.20%  15.8    1s
 21322 14280 -65502.523   89  118 -65145.000 -65907.422  1.17%   8.9    5s
H21356 13587                    -65164.00000 -65836.753  1.03%   8.9    8s
 21391 13610 -65250.885   80  524 -65164.000 -65727.285  0.86%   8.9   10s
 21427 13639 -65668.698   31  472 -65164.000 -65672.776  0.78%  10.2   15s
H22275 13369                    -65201.00000 -65667.493  0.72%  10.8   17s
 23966 14104 -65620.700   39  218 -65201.000 -65655.089  0.70%  12.5   20s
 30950 16983 -65618.158   36  261 -65201.000 -65640.092  0.67%  16.7   25s
 37890 19670 -65387.695   65  191 -65201.000 -65629.182  0.66%  18.6   30s
 45446 22515 -65477.452   52  239 -65201.000 -65621.617  0.65%  20.3   35s
 53364 25407 -65566.896   43  293 -65201.000 -65616.661  0.64%  21.3   40s
 61979 28790 -65465.803   62  225 -65201.000 -65611.774  0.63%  22.0   45s
 69934 34299 -65310.353   74   14 -65201.000 -65608.159  0.62%  22.6   50s
 77563 39219 -65589.151   43  367 -65201.000 -65605.410  0.62%  22.9   55s
 86013 45191 -65241.557   60  136 -65201.000 -65602.684  0.62%  23.0   60s
 94994 51308 -65475.572   64  148 -65201.000 -65600.220  0.61%  23.1   65s
 103079 56461 -65317.413   60  188 -65201.000 -65597.947  0.61%  23.3   70s
 112133 62272 -65546.294   44  132 -65201.000 -65595.593  0.61%  23.3   75s
 120163 67493 -65520.930   55   17 -65201.000 -65593.796  0.60%  23.5   80s
 128685 72826 -65245.947   78   15 -65201.000 -65592.212  0.60%  23.5   85s
 137065 78534 -65476.385   49  240 -65201.000 -65590.758  0.60%  23.6   90s
 144929 83367 -65505.179   53   17 -65201.000 -65589.494  0.60%  23.7   95s
 153297 88468 -65476.053   54  370 -65201.000 -65587.803  0.59%  23.9  100s
 161661 93909 -65417.301   63   14 -65201.000 -65586.404  0.59%  23.8  105s
 170764 99863 -65453.564   48   54 -65201.000 -65585.181  0.59%  23.8  110s
 179504 105554 -65506.630   60   17 -65201.000 -65584.169  0.59%  23.7  115s
 187889 110802 -65560.359   57  261 -65201.000 -65583.088  0.59%  23.8  120s
 196757 116501 -65348.583   59   77 -65201.000 -65582.051  0.58%  23.8  125s
 205107 121847 -65493.115   50  315 -65201.000 -65580.936  0.58%  23.9  130s
 213357 127094 -65316.636   58  266 -65201.000 -65580.155  0.58%  24.0  135s
 221439 132191 -65417.158   60  303 -65201.000 -65579.322  0.58%  24.0  140s
 229630 137484 -65417.733   57   19 -65201.000 -65578.547  0.58%  24.1  145s
 238321 143093 -65354.143   67   93 -65201.000 -65577.671  0.58%  24.1  150s
 246837 148438 -65399.401   68   13 -65201.000 -65576.866  0.58%  24.1  155s
 255260 153574 -65501.355   50  200 -65201.000 -65575.987  0.58%  24.2  160s
 263614 159154 -65323.047   64   15 -65201.000 -65575.249  0.57%  24.2  165s
 272704 164620 -65298.388   67   86 -65201.000 -65574.387  0.57%  24.2  170s
 281289 170097 -65415.009   67  126 -65201.000 -65573.626  0.57%  24.2  175s
 290109 175656 -65556.328   48  156 -65201.000 -65573.053  0.57%  24.2  180s
 298457 180955     cutoff   64      -65201.000 -65572.426  0.57%  24.3  185s
 307015 186387     cutoff   82      -65201.000 -65571.816  0.57%  24.3  190s
 314731 191098 -65338.946   66  105 -65201.000 -65571.196  0.57%  24.3  195s
 323234 196383 -65231.773   84  191 -65201.000 -65570.638  0.57%  24.3  200s
 331913 201923 -65303.311   72   45 -65201.000 -65570.050  0.57%  24.4  205s
 339894 206737     cutoff   68      -65201.000 -65569.580  0.57%  24.4  210s
 348827 212367 -65553.745   47  133 -65201.000 -65569.007  0.56%  24.3  215s
 357857 217831 -65216.317   76   34 -65201.000 -65568.406  0.56%  24.3  220s
 366823 223581 -65482.217   57   18 -65201.000 -65567.917  0.56%  24.3  225s
 374881 228809 -65512.318   53   33 -65201.000 -65567.485  0.56%  24.3  230s
 384177 234475     cutoff   66      -65201.000 -65566.969  0.56%  24.3  235s
 393193 239927 -65514.820   53  364 -65201.000 -65566.459  0.56%  24.2  240s
 401845 245348 -65557.039   46   19 -65201.000 -65565.985  0.56%  24.3  245s
 410280 250405 -65232.384   71   12 -65201.000 -65565.533  0.56%  24.2  250s
 418793 255562 -65402.538   58  237 -65201.000 -65565.122  0.56%  24.2  255s
 427938 261192 -65520.538   47  182 -65201.000 -65564.631  0.56%  24.2  260s
 436294 266110 -65551.255   57  285 -65201.000 -65564.241  0.56%  24.2  265s
 445157 271718 -65506.364   61  157 -65201.000 -65563.825  0.56%  24.2  270s
 453407 276905 -65523.583   47  204 -65201.000 -65563.485  0.56%  24.2  275s
 462725 282492 -65463.755   57   16 -65201.000 -65563.034  0.56%  24.2  280s
 470717 287308 -65410.285   63  407 -65201.000 -65562.606  0.55%  24.2  285s
 479809 293045 -65528.635   53  363 -65201.000 -65562.199  0.55%  24.2  290s
 488101 298146     cutoff   61      -65201.000 -65561.853  0.55%  24.2  295s
 497205 303933 -65418.157   74  216 -65201.000 -65561.402  0.55%  24.2  300s
 506418 309556 -65237.483   65   15 -65201.000 -65561.017  0.55%  24.2  305s
 515404 315275 -65318.281   65   78 -65201.000 -65560.647  0.55%  24.1  310s
 524197 320853 -65231.468   87   15 -65201.000 -65560.300  0.55%  24.1  315s
 532497 325883 -65398.356   50  153 -65201.000 -65559.957  0.55%  24.1  320s
 542300 331840 -65527.508   54  154 -65201.000 -65559.573  0.55%  24.1  325s
 551339 337313 -65523.991   48   18 -65201.000 -65559.219  0.55%  24.0  330s
 560344 342703     cutoff   72      -65201.000 -65558.927  0.55%  24.0  335s
 568824 347698 -65471.263   45   15 -65201.000 -65558.610  0.55%  24.0  340s
 577790 353273 -65433.423   61  228 -65201.000 -65558.246  0.55%  24.0  345s
 586341 358374 -65455.384   56  328 -65201.000 -65557.940  0.55%  24.0  350s
 595334 363704 -65380.506   75  327 -65201.000 -65557.573  0.55%  24.0  355s
 603773 368872 -65317.340   59   80 -65201.000 -65557.249  0.55%  24.0  360s
 612297 373965     cutoff   59      -65201.000 -65556.953  0.55%  24.0  365s
 620323 378966 -65435.006   64   16 -65201.000 -65556.662  0.55%  24.0  370s
 629267 384312 -65527.578   59   17 -65201.000 -65556.345  0.54%  24.0  375s
 637613 389462     cutoff   67      -65201.000 -65556.080  0.54%  24.0  380s
 645643 394274 -65518.829   49   16 -65201.000 -65555.785  0.54%  24.0  385s
 654475 399641 -65423.781   59  147 -65201.000 -65555.522  0.54%  24.0  390s
 663195 404590 -65487.183   49  188 -65201.000 -65555.242  0.54%  24.0  395s
 671554 409762 -65434.556   61   17 -65201.000 -65554.933  0.54%  24.0  400s
 680617 415090 -65542.654   52  235 -65201.000 -65554.627  0.54%  24.0  405s
 688342 419683     cutoff   62      -65201.000 -65554.341  0.54%  24.0  410s
H689190 410431                    -65225.00000 -65554.321  0.50%  24.0  410s
H690077 404432                    -65234.00000 -65554.302  0.49%  24.0  410s
 695762 407961 -65510.560   65  145 -65234.000 -65554.107  0.49%  24.0  415s
 704509 412925 -65269.335   63  190 -65234.000 -65553.832  0.49%  24.0  420s
 713444 418155 -65295.745   66  145 -65234.000 -65553.586  0.49%  24.1  425s
 722798 423536 -65241.681   61  165 -65234.000 -65553.285  0.49%  24.0  430s
 731484 428654 -65420.845   77   12 -65234.000 -65553.005  0.49%  24.0  435s
 740021 433272 -65532.731   51  131 -65234.000 -65552.717  0.49%  24.0  440s
 748425 438145 -65255.348   75  215 -65234.000 -65552.485  0.49%  24.0  445s
 756651 442844     cutoff   67      -65234.000 -65552.248  0.49%  24.0  450s
 764696 447366 -65328.910   80   16 -65234.000 -65551.986  0.49%  24.0  455s
 772962 452315     cutoff   64      -65234.000 -65551.758  0.49%  24.0  460s
 781739 457180 -65481.442   59  211 -65234.000 -65551.491  0.49%  24.0  465s
 789426 461366 -65347.388   59  207 -65234.000 -65551.266  0.49%  24.1  470s
 798133 466291 -65516.379   57   17 -65234.000 -65550.973  0.49%  24.1  475s
 806616 470995 -65437.509   62   78 -65234.000 -65550.743  0.49%  24.0  480s
 814860 475494 -65353.487   56  364 -65234.000 -65550.502  0.49%  24.0  485s
 823914 480530     cutoff   59      -65234.000 -65550.255  0.48%  24.0  490s
 831246 484791 -65298.646   66   14 -65234.000 -65550.056  0.48%  24.1  495s
 840191 489674 -65490.347   53   17 -65234.000 -65549.832  0.48%  24.1  500s
 848871 494541     cutoff   58      -65234.000 -65549.578  0.48%  24.1  505s
 857750 499632     cutoff   68      -65234.000 -65549.350  0.48%  24.1  510s
 866607 504551 -65253.043   66   15 -65234.000 -65549.073  0.48%  24.0  515s
 874619 508965 -65374.587   67   13 -65234.000 -65548.889  0.48%  24.0  520s
 883080 513550 -65507.738   55   78 -65234.000 -65548.672  0.48%  24.0  525s
 891899 518400 -65432.727   52  106 -65234.000 -65548.438  0.48%  24.0  530s
 900198 523118 -65442.701   55   17 -65234.000 -65548.240  0.48%  24.0  535s
 908623 527806 -65489.321   51   88 -65234.000 -65548.048  0.48%  24.0  540s
 917186 532737 -65453.812   49   19 -65234.000 -65547.844  0.48%  24.0  545s
 925599 537456 -65303.307   61  221 -65234.000 -65547.630  0.48%  24.0  550s
 934451 542376 -65425.102   57  266 -65234.000 -65547.421  0.48%  24.0  555s
 942913 547246 -65351.475   63  156 -65234.000 -65547.210  0.48%  24.0  560s
 950918 551790 -65517.155   48   18 -65234.000 -65547.028  0.48%  24.0  565s
 959634 556706 -65419.192   64   79 -65234.000 -65546.817  0.48%  24.0  570s
 967670 561225 -65415.994   62   18 -65234.000 -65546.597  0.48%  24.0  575s
 976603 566082 -65461.405   59  242 -65234.000 -65546.378  0.48%  24.0  580s
 985028 570955 -65369.840   67  221 -65234.000 -65546.167  0.48%  24.0  585s
 993849 575924 -65365.535   63   41 -65234.000 -65545.930  0.48%  24.0  590s
 1002887 581014 -65346.106   51  262 -65234.000 -65545.737  0.48%  24.0  595s

Cutting planes:
  Gomory: 136
  Cover: 315
  Clique: 691
  MIR: 43
  StrongCG: 102
  Flow cover: 228
  Zero half: 20
  RLT: 35
  Relax-and-lift: 1

Explored 1011622 nodes (24284766 simplex iterations) in 600.00 seconds (913.98 work units)
Thread count was 4 (of 56 available processors)

Solution count 10: -65234 -65225 -65201 ... -64803

Time limit reached
Best objective -6.523400000000e+04, best bound -6.554500000000e+04, gap 0.4767%
