
Gurobi 9.5.0 (linux64) logging started Tue May  3 14:18:02 2022

Set parameter LogFile to value "/local_workspace/chenrui/LogFiles/MKAP/new2S_R10_M40_N100_seed9_DWcutsCT6_600.log"
Gurobi Optimizer version 9.5.0 build v9.5.0rc5 (linux64)
Thread count: 56 physical cores, 56 logical processors, using up to 4 threads
Optimize a model with 3056 rows, 4400 columns and 30108 nonzeros
Model fingerprint: 0xda1ea54c
Variable types: 0 continuous, 4400 integer (4400 binary)
Coefficient statistics:
  Matrix range     [1e-13, 4e+03]
  Objective range  [4e+01, 1e+03]
  Bounds range     [1e+00, 1e+00]
  RHS range        [1e-16, 1e+00]
Warning: Model contains large matrix coefficient range
         Consider reformulating model or setting NumericFocus parameter
         to avoid numerical issues.
Found heuristic solution: objective 0.0000000
Presolve removed 1399 rows and 1622 columns
Presolve time: 0.07s
Presolved: 1657 rows, 2778 columns, 13110 nonzeros
Found heuristic solution: objective -8210.000000
Variable types: 0 continuous, 2778 integer (2778 binary)

Root relaxation: objective -3.229113e+04, 4083 iterations, 0.14 seconds (0.12 work units)

    Nodes    |    Current Node    |     Objective Bounds      |     Work
 Expl Unexpl |  Obj  Depth IntInf | Incumbent    BestBd   Gap | It/Node Time

     0     0 -32291.134    0  179 -8210.0000 -32291.134   293%     -    0s
H    0     0                    -31314.00000 -32291.134  3.12%     -    0s
H    0     0                    -31344.00000 -32291.134  3.02%     -    0s
H    0     0                    -31540.00000 -32291.134  2.38%     -    0s
H    0     0                    -31848.00000 -32291.134  1.39%     -    0s
     0     0 -32290.598    0  201 -31848.000 -32290.598  1.39%     -    0s
H    0     0                    -32026.00000 -32290.598  0.83%     -    0s
H    0     0                    -32091.00000 -32290.598  0.62%     -    0s
H    0     0                    -32099.00000 -32285.739  0.58%     -    0s
     0     0 -32285.728    0  198 -32099.000 -32285.728  0.58%     -    0s
     0     2 -32285.727    0  198 -32099.000 -32285.727  0.58%     -    0s
H   28    34                    -32142.00000 -32283.510  0.44%   116    1s
H   31    34                    -32149.00000 -32283.510  0.42%   110    1s
H   32    34                    -32159.00000 -32283.510  0.39%   108    1s
H   71    71                    -32211.00000 -32283.510  0.23%   108    1s
H   95    79                    -32223.00000 -32283.510  0.19%   100    1s
H   98    79                    -32233.00000 -32283.510  0.16%   100    1s
H  242   118                    -32249.00000 -32270.468  0.07%  82.2    2s

Cutting planes:
  Cover: 10
  Zero half: 6

Explored 630 nodes (46945 simplex iterations) in 2.88 seconds (3.58 work units)
Thread count was 4 (of 56 available processors)

Solution count 10: -32249 -32233 -32223 ... -32026

Optimal solution found (tolerance 1.00e-04)
Best objective -3.224899999998e+04, best bound -3.225100000000e+04, gap 0.0062%
