
Gurobi 9.5.0 (linux64) logging started Mon Jun 20 16:59:16 2022

Set parameter LogFile to value "/local_workspace/chenrui/LogFiles/MKAP/new2S_R25_M30_N200_seed4_DWcutsCTp2_600.log"
Gurobi Optimizer version 9.5.0 build v9.5.0rc5 (linux64)
Thread count: 56 physical cores, 56 logical processors, using up to 4 threads
Optimize a model with 3403 rows, 6750 columns and 34052 nonzeros
Model fingerprint: 0x2b301345
Variable types: 0 continuous, 6750 integer (6750 binary)
Coefficient statistics:
  Matrix range     [1e-13, 6e+03]
  Objective range  [5e+01, 1e+03]
  Bounds range     [1e+00, 1e+00]
  RHS range        [1e-05, 1e+00]
Warning: Model contains large matrix coefficient range
         Consider reformulating model or setting NumericFocus parameter
         to avoid numerical issues.
Found heuristic solution: objective 0.0000000
Presolve removed 390 rows and 1604 columns
Presolve time: 0.07s
Presolved: 3013 rows, 5146 columns, 27230 nonzeros
Found heuristic solution: objective -4679.000000
Variable types: 0 continuous, 5146 integer (5146 binary)

Root relaxation: objective -6.390650e+04, 10279 iterations, 0.61 seconds (0.60 work units)

    Nodes    |    Current Node    |     Objective Bounds      |     Work
 Expl Unexpl |  Obj  Depth IntInf | Incumbent    BestBd   Gap | It/Node Time

     0     0 -63906.502    0  460 -4679.0000 -63906.502  1266%     -    0s
H    0     0                    -58238.00000 -63906.502  9.73%     -    0s
H    0     0                    -62308.00002 -63906.502  2.57%     -    0s
H    0     0                    -62682.00000 -63906.502  1.95%     -    0s
H    0     0                    -63545.00000 -63906.502  0.57%     -    0s
     0     0 -63906.496    0  372 -63545.000 -63906.496  0.57%     -    1s
     0     0 -63906.496    0  375 -63545.000 -63906.496  0.57%     -    1s
H    0     0                    -63637.00000 -63906.225  0.42%     -    1s
     0     0 -63906.225    0  451 -63637.000 -63906.225  0.42%     -    1s
     0     0 -63906.225    0  438 -63637.000 -63906.225  0.42%     -    1s
     0     0 -63905.416    0  440 -63637.000 -63905.416  0.42%     -    1s
H    0     0                    -63831.00000 -63905.416  0.12%     -    1s
     0     0 -63905.162    0  393 -63831.000 -63905.162  0.12%     -    1s
     0     0 -63905.162    0  393 -63831.000 -63905.162  0.12%     -    1s
     0     0 -63903.724    0  393 -63831.000 -63903.724  0.11%     -    1s
     0     0 -63903.724    0  309 -63831.000 -63903.724  0.11%     -    2s
     0     0 -63903.724    0  269 -63831.000 -63903.724  0.11%     -    2s
     0     0 -63903.724    0  270 -63831.000 -63903.724  0.11%     -    2s
     0     0 -63903.724    0  269 -63831.000 -63903.724  0.11%     -    2s
     0     0 -63903.724    0  252 -63831.000 -63903.724  0.11%     -    2s
     0     0 -63903.724    0  246 -63831.000 -63903.724  0.11%     -    2s
     0     0 -63901.271    0  227 -63831.000 -63901.271  0.11%     -    2s
     0     0 -63900.597    0  212 -63831.000 -63900.597  0.11%     -    2s
H    0     0                    -63884.00000 -63900.597  0.03%     -    2s
     0     0 -63900.437    0  191 -63884.000 -63900.437  0.03%     -    2s
     0     0 -63900.435    0  191 -63884.000 -63900.435  0.03%     -    2s
     0     0 -63900.394    0  208 -63884.000 -63900.394  0.03%     -    3s
     0     0 -63900.394    0  146 -63884.000 -63900.394  0.03%     -    3s
     0     0 -63885.399    0   22 -63884.000 -63885.399  0.00%     -    3s

Cutting planes:
  Gomory: 5
  Cover: 7
  Implied bound: 1
  Clique: 58
  MIR: 1
  Zero half: 1
  RLT: 1

Explored 1 nodes (27259 simplex iterations) in 3.07 seconds (2.44 work units)
Thread count was 4 (of 56 available processors)

Solution count 10: -63884 -63831 -63637 ... 0

Optimal solution found (tolerance 1.00e-04)
Best objective -6.388400000000e+04, best bound -6.388500000000e+04, gap 0.0016%
