
Gurobi 9.5.0 (linux64) logging started Thu Apr 28 17:50:35 2022

Set parameter LogFile to value "/local_workspace/chenrui/LogFiles/MKAP/new2S_R10_M10_N200_seed10_DWcutsCT_600.log"
Gurobi Optimizer version 9.5.0 build v9.5.0rc5 (linux64)
Thread count: 56 physical cores, 56 logical processors, using up to 4 threads
Optimize a model with 410 rows, 2100 columns and 6300 nonzeros
Model fingerprint: 0x53a92e6b
Variable types: 0 continuous, 2100 integer (2100 binary)
Coefficient statistics:
  Matrix range     [1e+00, 1e+04]
  Objective range  [6e+01, 1e+03]
  Bounds range     [1e+00, 1e+00]
  RHS range        [5e-13, 1e+00]
Found heuristic solution: objective 0.0000000
Presolve time: 0.01s
Presolved: 410 rows, 2100 columns, 6300 nonzeros
Variable types: 0 continuous, 2100 integer (2100 binary)
Found heuristic solution: objective -12419.00000

Root relaxation: objective -6.707102e+04, 3225 iterations, 0.05 seconds (0.05 work units)

    Nodes    |    Current Node    |     Objective Bounds      |     Work
 Expl Unexpl |  Obj  Depth IntInf | Incumbent    BestBd   Gap | It/Node Time

     0     0 -67071.019    0  130 -12419.000 -67071.019   440%     -    0s
H    0     0                    -53555.00000 -67071.019  25.2%     -    0s
H    0     0                    -59508.00000 -67071.019  12.7%     -    0s
H    0     0                    -60381.00000 -67071.019  11.1%     -    0s
     0     0 -67071.019    0  227 -60381.000 -67071.019  11.1%     -    0s
H    0     0                    -60385.00000 -67071.019  11.1%     -    0s
H    0     0                    -65090.00000 -67071.019  3.04%     -    0s
     0     0 -67071.019    0  199 -65090.000 -67071.019  3.04%     -    0s
     0     0 -67071.019    0  279 -65090.000 -67071.019  3.04%     -    0s
     0     0 -67071.019    0  270 -65090.000 -67071.019  3.04%     -    0s
H    0     0                    -65271.00000 -67071.019  2.76%     -    0s
     0     2 -67071.019    0  259 -65271.000 -67071.019  2.76%     -    0s
H   33    39                    -65424.00000 -67071.019  2.52%   167    0s
H   35    39                    -65961.00000 -67071.019  1.68%   159    0s
H   62    83                    -66267.00000 -67071.019  1.21%   123    1s
H   68    83                    -66442.00000 -67071.019  0.95%   119    1s
H  217   235                    -66493.00000 -67071.019  0.87%  64.5    1s
H  235   235                    -66498.00000 -67071.019  0.86%  60.9    1s
H  345   318                    -66583.00000 -67071.019  0.73%  47.4    1s
H  491   262                    -66862.00000 -67071.019  0.31%  46.9    1s
H  836   348                    -66965.00000 -67071.019  0.16%  45.7    1s
H 1102   415                    -67016.00000 -67071.019  0.08%  45.8    2s
H 1103   394                    -67053.00000 -67071.019  0.03%  45.8    2s
H 1124   390                    -67071.00000 -67071.019  0.00%  57.2    3s

Cutting planes:
  Gomory: 4
  Cover: 107
  Clique: 648
  MIR: 4
  StrongCG: 13
  Flow cover: 23
  RLT: 1

Explored 1124 nodes (74177 simplex iterations) in 3.73 seconds (3.43 work units)
Thread count was 4 (of 56 available processors)

Solution count 10: -67071 -67053 -67016 ... -66267
No other solutions better than -67071

Optimal solution found (tolerance 1.00e-04)
Best objective -6.707100000000e+04, best bound -6.707100000000e+04, gap 0.0000%

Gurobi 9.5.0 (linux64) logging started Thu Apr 28 23:49:24 2022

Set parameter LogFile to value "/local_workspace/chenrui/LogFiles/MKAP/new2S_R10_M10_N200_seed10_DWcutsCT_600.log"
Gurobi Optimizer version 9.5.0 build v9.5.0rc5 (linux64)
Thread count: 56 physical cores, 56 logical processors, using up to 4 threads
Optimize a model with 410 rows, 2100 columns and 6300 nonzeros
Model fingerprint: 0x53a92e6b
Variable types: 0 continuous, 2100 integer (2100 binary)
Coefficient statistics:
  Matrix range     [1e+00, 1e+04]
  Objective range  [6e+01, 1e+03]
  Bounds range     [1e+00, 1e+00]
  RHS range        [5e-13, 1e+00]
Found heuristic solution: objective 0.0000000
Presolve time: 0.01s
Presolved: 410 rows, 2100 columns, 6300 nonzeros
Variable types: 0 continuous, 2100 integer (2100 binary)
Found heuristic solution: objective -12419.00000

Root relaxation: objective -6.707102e+04, 3225 iterations, 0.05 seconds (0.05 work units)

    Nodes    |    Current Node    |     Objective Bounds      |     Work
 Expl Unexpl |  Obj  Depth IntInf | Incumbent    BestBd   Gap | It/Node Time

     0     0 -67071.019    0  130 -12419.000 -67071.019   440%     -    0s
H    0     0                    -53555.00000 -67071.019  25.2%     -    0s
H    0     0                    -59508.00000 -67071.019  12.7%     -    0s
H    0     0                    -60381.00000 -67071.019  11.1%     -    0s
     0     0 -67071.019    0  227 -60381.000 -67071.019  11.1%     -    0s
H    0     0                    -60385.00000 -67071.019  11.1%     -    0s
H    0     0                    -65090.00000 -67071.019  3.04%     -    0s
     0     0 -67071.019    0  199 -65090.000 -67071.019  3.04%     -    0s
     0     0 -67071.019    0  279 -65090.000 -67071.019  3.04%     -    0s
     0     0 -67071.019    0  270 -65090.000 -67071.019  3.04%     -    0s
H    0     0                    -65271.00000 -67071.019  2.76%     -    0s
     0     2 -67071.019    0  259 -65271.000 -67071.019  2.76%     -    0s
H   33    39                    -65424.00000 -67071.019  2.52%   167    0s
H   35    39                    -65961.00000 -67071.019  1.68%   159    0s
H   62    83                    -66267.00000 -67071.019  1.21%   123    1s
H   68    83                    -66442.00000 -67071.019  0.95%   119    1s
H  217   235                    -66493.00000 -67071.019  0.87%  64.5    1s
H  235   235                    -66498.00000 -67071.019  0.86%  60.9    1s
H  345   318                    -66583.00000 -67071.019  0.73%  47.4    1s
H  491   262                    -66862.00000 -67071.019  0.31%  46.9    1s
H  836   348                    -66965.00000 -67071.019  0.16%  45.7    1s
H 1102   415                    -67016.00000 -67071.019  0.08%  45.8    2s
H 1103   394                    -67053.00000 -67071.019  0.03%  45.8    2s
H 1124   390                    -67071.00000 -67071.019  0.00%  57.2    3s

Cutting planes:
  Gomory: 4
  Cover: 107
  Clique: 648
  MIR: 4
  StrongCG: 13
  Flow cover: 23
  RLT: 1

Explored 1124 nodes (74177 simplex iterations) in 3.73 seconds (3.43 work units)
Thread count was 4 (of 56 available processors)

Solution count 10: -67071 -67053 -67016 ... -66267
No other solutions better than -67071

Optimal solution found (tolerance 1.00e-04)
Best objective -6.707100000000e+04, best bound -6.707100000000e+04, gap 0.0000%

Gurobi 9.5.0 (linux64) logging started Fri Apr 29 21:19:06 2022

Set parameter LogFile to value "/local_workspace/chenrui/LogFiles/MKAP/new2S_R10_M10_N200_seed10_DWcutsCT_600.log"
Gurobi Optimizer version 9.5.0 build v9.5.0rc5 (linux64)
Thread count: 56 physical cores, 56 logical processors, using up to 4 threads
Optimize a model with 410 rows, 2100 columns and 6300 nonzeros
Model fingerprint: 0x53a92e6b
Variable types: 0 continuous, 2100 integer (2100 binary)
Coefficient statistics:
  Matrix range     [1e+00, 1e+04]
  Objective range  [6e+01, 1e+03]
  Bounds range     [1e+00, 1e+00]
  RHS range        [5e-13, 1e+00]
Found heuristic solution: objective 0.0000000
Presolve time: 0.01s
Presolved: 410 rows, 2100 columns, 6300 nonzeros
Variable types: 0 continuous, 2100 integer (2100 binary)
Found heuristic solution: objective -12419.00000

Root relaxation: objective -6.707102e+04, 3225 iterations, 0.05 seconds (0.05 work units)

    Nodes    |    Current Node    |     Objective Bounds      |     Work
 Expl Unexpl |  Obj  Depth IntInf | Incumbent    BestBd   Gap | It/Node Time

     0     0 -67071.019    0  130 -12419.000 -67071.019   440%     -    0s
H    0     0                    -53555.00000 -67071.019  25.2%     -    0s
H    0     0                    -59508.00000 -67071.019  12.7%     -    0s
H    0     0                    -60381.00000 -67071.019  11.1%     -    0s
     0     0 -67071.019    0  227 -60381.000 -67071.019  11.1%     -    0s
H    0     0                    -60385.00000 -67071.019  11.1%     -    0s
H    0     0                    -65090.00000 -67071.019  3.04%     -    0s
     0     0 -67071.019    0  199 -65090.000 -67071.019  3.04%     -    0s
     0     0 -67071.019    0  279 -65090.000 -67071.019  3.04%     -    0s
     0     0 -67071.019    0  270 -65090.000 -67071.019  3.04%     -    0s
H    0     0                    -65271.00000 -67071.019  2.76%     -    0s
     0     2 -67071.019    0  259 -65271.000 -67071.019  2.76%     -    0s
H   33    39                    -65424.00000 -67071.019  2.52%   167    0s
H   35    39                    -65961.00000 -67071.019  1.68%   159    0s
H   62    83                    -66267.00000 -67071.019  1.21%   123    1s
H   68    83                    -66442.00000 -67071.019  0.95%   119    1s
H  217   235                    -66493.00000 -67071.019  0.87%  64.5    1s
H  235   235                    -66498.00000 -67071.019  0.86%  60.9    1s
H  345   318                    -66583.00000 -67071.019  0.73%  47.4    1s
H  491   262                    -66862.00000 -67071.019  0.31%  46.9    1s
H  836   348                    -66965.00000 -67071.019  0.16%  45.7    1s
H 1102   415                    -67016.00000 -67071.019  0.08%  45.8    2s
H 1103   394                    -67053.00000 -67071.019  0.03%  45.8    2s
H 1124   390                    -67071.00000 -67071.019  0.00%  57.2    3s

Cutting planes:
  Gomory: 4
  Cover: 107
  Clique: 648
  MIR: 4
  StrongCG: 13
  Flow cover: 23
  RLT: 1

Explored 1124 nodes (74177 simplex iterations) in 3.79 seconds (3.43 work units)
Thread count was 4 (of 56 available processors)

Solution count 10: -67071 -67053 -67016 ... -66267
No other solutions better than -67071

Optimal solution found (tolerance 1.00e-04)
Best objective -6.707100000000e+04, best bound -6.707100000000e+04, gap 0.0000%
