
Gurobi 9.5.0 (linux64) logging started Mon Jun 20 09:22:28 2022

Set parameter LogFile to value "/local_workspace/chenrui/LogFiles/MKAP/new2S_R5_M30_N50_seed6_DWcutsCTp_600.log"
Gurobi Optimizer version 9.5.0 build v9.5.0rc5 (linux64)
Thread count: 56 physical cores, 56 logical processors, using up to 4 threads
Optimize a model with 380 rows, 1650 columns and 4940 nonzeros
Model fingerprint: 0xb7e909eb
Variable types: 0 continuous, 1650 integer (1650 binary)
Coefficient statistics:
  Matrix range     [5e-13, 1e+03]
  Objective range  [8e+01, 1e+03]
  Bounds range     [1e+00, 1e+00]
  RHS range        [1e-05, 1e+00]
Warning: Model contains large matrix coefficient range
         Consider reformulating model or setting NumericFocus parameter
         to avoid numerical issues.
Found heuristic solution: objective 0.0000000
Presolve removed 132 rows and 927 columns
Presolve time: 0.01s
Presolved: 248 rows, 723 columns, 2010 nonzeros
Found heuristic solution: objective -8553.000000
Variable types: 0 continuous, 723 integer (723 binary)

Root relaxation: objective -1.562050e+04, 710 iterations, 0.01 seconds (0.00 work units)

    Nodes    |    Current Node    |     Objective Bounds      |     Work
 Expl Unexpl |  Obj  Depth IntInf | Incumbent    BestBd   Gap | It/Node Time

     0     0 -15620.504    0   46 -8553.0000 -15620.504  82.6%     -    0s
H    0     0                    -14993.00000 -15620.504  4.19%     -    0s
H    0     0                    -15213.00000 -15620.504  2.68%     -    0s
H    0     0                    -15410.00000 -15620.504  1.37%     -    0s
     0     0 -15620.504    0   45 -15410.000 -15620.504  1.37%     -    0s
H    0     0                    -15434.00000 -15620.504  1.21%     -    0s
H    0     0                    -15566.00000 -15620.504  0.35%     -    0s
H    0     0                    -15595.00000 -15620.504  0.16%     -    0s
     0     0 -15620.504    0   32 -15595.000 -15620.504  0.16%     -    0s
     0     0 -15620.504    0   39 -15595.000 -15620.504  0.16%     -    0s
     0     0 -15620.504    0   13 -15595.000 -15620.504  0.16%     -    0s
     0     0 -15620.503    0    4 -15595.000 -15620.503  0.16%     -    0s
     0     0 -15620.503    0   19 -15595.000 -15620.503  0.16%     -    0s
     0     0 -15620.503    0    3 -15595.000 -15620.503  0.16%     -    0s
     0     0 -15617.668    0   21 -15595.000 -15617.668  0.15%     -    0s
     0     0 -15615.156    0   21 -15595.000 -15615.156  0.13%     -    0s
     0     0 -15615.156    0   20 -15595.000 -15615.156  0.13%     -    0s
     0     0 -15615.006    0   28 -15595.000 -15615.006  0.13%     -    0s
     0     0 -15615.006    0   24 -15595.000 -15615.006  0.13%     -    0s
     0     0 -15615.006    0   41 -15595.000 -15615.006  0.13%     -    0s
H    0     0                    -15615.00000 -15615.006  0.00%     -    0s
     0     0 -15615.006    0   23 -15615.000 -15615.006  0.00%     -    0s

Cutting planes:
  Gomory: 2
  Cover: 4
  MIR: 1

Explored 1 nodes (2493 simplex iterations) in 0.12 seconds (0.06 work units)
Thread count was 4 (of 56 available processors)

Solution count 10: -15615 -15595 -15566 ... -8553
No other solutions better than -15615

Optimal solution found (tolerance 1.00e-04)
Best objective -1.561500000000e+04, best bound -1.561500000000e+04, gap 0.0000%
