
Gurobi 9.5.0 (linux64) logging started Sat Jun 18 17:48:50 2022

Set parameter LogFile to value "/local_workspace/chenrui/LogFiles/MKAP/new2S_R25_M10_N100_seed7_DWcutsCTp3_600.log"
Gurobi Optimizer version 9.5.0 build v9.5.0rc5 (linux64)
Thread count: 56 physical cores, 56 logical processors, using up to 4 threads
Optimize a model with 1774 rows, 1250 columns and 6458 nonzeros
Model fingerprint: 0xffcf50d5
Variable types: 0 continuous, 1250 integer (1250 binary)
Coefficient statistics:
  Matrix range     [1e-13, 7e+03]
  Objective range  [1e+02, 1e+03]
  Bounds range     [1e+00, 1e+00]
  RHS range        [1e-05, 1e+00]
Warning: Model contains large matrix coefficient range
         Consider reformulating model or setting NumericFocus parameter
         to avoid numerical issues.
Found heuristic solution: objective 0.0000000
Presolve removed 785 rows and 81 columns
Presolve time: 0.01s
Presolved: 989 rows, 1169 columns, 3398 nonzeros
Variable types: 0 continuous, 1169 integer (1169 binary)
Found heuristic solution: objective -3035.000000

Root relaxation: objective -2.352101e+04, 1338 iterations, 0.01 seconds (0.01 work units)

    Nodes    |    Current Node    |     Objective Bounds      |     Work
 Expl Unexpl |  Obj  Depth IntInf | Incumbent    BestBd   Gap | It/Node Time

     0     0 -23521.006    0   28 -3035.0000 -23521.006   675%     -    0s
H    0     0                    -23521.00000 -23521.006  0.00%     -    0s
     0     0 -23521.006    0   28 -23521.000 -23521.006  0.00%     -    0s

Explored 1 nodes (1343 simplex iterations) in 0.03 seconds (0.03 work units)
Thread count was 4 (of 56 available processors)

Solution count 3: -23521 -3035 0 
No other solutions better than -23521

Optimal solution found (tolerance 1.00e-04)
Best objective -2.352100000000e+04, best bound -2.352100000000e+04, gap 0.0000%
