
Gurobi 9.5.0 (linux64) logging started Sun Jun 19 06:49:20 2022

Set parameter LogFile to value "/local_workspace/chenrui/LogFiles/MKAP/new2S_R25_M30_N300_seed3_DWcutsCTp6_600.log"
Gurobi Optimizer version 9.5.0 build v9.5.0rc5 (linux64)
Thread count: 56 physical cores, 56 logical processors, using up to 4 threads
Optimize a model with 33295 rows, 9750 columns and 425357 nonzeros
Model fingerprint: 0x2de99a46
Variable types: 0 continuous, 9750 integer (9750 binary)
Coefficient statistics:
  Matrix range     [1e-13, 4e+04]
  Objective range  [2e+01, 1e+03]
  Bounds range     [1e+00, 1e+00]
  RHS range        [1e-05, 1e+00]
Warning: Model contains large matrix coefficient range
         Consider reformulating model or setting NumericFocus parameter
         to avoid numerical issues.
Found heuristic solution: objective 0.0000000
Presolve removed 6975 rows and 1756 columns
Presolve time: 1.06s
Presolved: 26320 rows, 7994 columns, 307801 nonzeros
Found heuristic solution: objective -8324.000000
Variable types: 0 continuous, 7994 integer (7994 binary)

Root simplex log...

Iteration    Objective       Primal Inf.    Dual Inf.      Time
   14344   -9.5962052e+04   2.895027e+03   0.000000e+00      5s
   15596   -9.5958951e+04   0.000000e+00   0.000000e+00      6s

Root relaxation: objective -9.595895e+04, 15596 iterations, 4.56 seconds (10.15 work units)

    Nodes    |    Current Node    |     Objective Bounds      |     Work
 Expl Unexpl |  Obj  Depth IntInf | Incumbent    BestBd   Gap | It/Node Time

     0     0 -95958.951    0  546 -8324.0000 -95958.951  1053%     -    5s
H    0     0                    -94996.00000 -95958.951  1.01%     -    5s
H    0     0                    -95311.00001 -95958.951  0.68%     -    6s
H    0     0                    -95541.00000 -95958.950  0.44%     -    6s
     0     0 -95958.950    0  533 -95541.000 -95958.950  0.44%     -    6s
H    0     0                    -95832.00002 -95958.950  0.13%     -    8s
     0     0 -95958.950    0  535 -95832.000 -95958.950  0.13%     -    8s
H    0     0                    -95838.00000 -95958.950  0.13%     -    9s
     0     0 -95958.947    0  535 -95838.000 -95958.947  0.13%     -    9s
     0     2 -95958.947    0  535 -95838.000 -95958.947  0.13%     -   12s
    11    16 -95957.555    4  523 -95838.000 -95958.742  0.13%   792   15s
    44    67     cutoff   11      -95838.000 -95958.742  0.13%   745   20s
   132   101 -95855.752   27   77 -95838.000 -95958.287  0.13%   620   26s
   171   135 -95945.223   10  462 -95838.000 -95958.283  0.13%   673   31s
   192   163 -95865.120   13  367 -95838.000 -95958.174  0.13%   670   35s
H  209   163                    -95866.00000 -95958.174  0.10%   641   35s
   276   212 -95911.499   17  353 -95866.000 -95957.471  0.10%   644   42s
   324   235 -95949.184    5  476 -95866.000 -95957.471  0.10%   632   46s
   363   269 -95933.271    7  438 -95866.000 -95957.471  0.10%   658   50s
   424   284 -95920.155   11  369 -95866.000 -95957.471  0.10%   658   55s
   541   359 -95943.571   10  588 -95866.000 -95956.197  0.09%   676   64s
   624   398 -95914.459   18  621 -95866.000 -95956.197  0.09%   671   71s
   699   444 -95872.038   26  574 -95866.000 -95954.921  0.09%   684   77s
   781   500 -95874.136   19  306 -95866.000 -95954.496  0.09%   696   85s
   875   587     cutoff   28      -95866.000 -95954.378  0.09%   703   95s
  1057   588 -95930.235   13  535 -95866.000 -95954.118  0.09%   683  104s
  1059   589 -95910.373   16  530 -95866.000 -95954.118  0.09%   682  114s
  1060   590 -95945.666    8  523 -95866.000 -95954.118  0.09%   681  115s
  1061   591 -95949.032   10  523 -95866.000 -95954.118  0.09%   680  120s
  1063   592 -95945.292   10  523 -95866.000 -95954.118  0.09%   679  125s
  1064   596 -95954.118   13  537 -95866.000 -95954.118  0.09%   701  147s
  1066   596 -95948.998   14  613 -95866.000 -95949.692  0.09%   701  172s
  1082   600 -95894.650   16  557 -95866.000 -95947.033  0.08%   698  176s
  1097   601 -95935.045   18  543 -95866.000 -95947.007  0.08%   695  180s
  1131   610 -95939.990   23  492 -95866.000 -95947.007  0.08%   689  185s
  1160   615     cutoff   26      -95866.000 -95947.007  0.08%   688  190s
  1197   622 -95904.222   32  275 -95866.000 -95947.007  0.08%   683  195s
  1235   629 -95908.075   36  243 -95866.000 -95947.007  0.08%   675  200s
  1297   629 -95882.994   41  286 -95866.000 -95947.007  0.08%   669  206s
  1348   634 -95921.766   22  436 -95866.000 -95945.685  0.08%   653  210s
  1405   663     cutoff   22      -95866.000 -95944.610  0.08%   642  216s
  1564   674 -95872.624   20  484 -95866.000 -95938.715  0.08%   611  221s
  1700   695 -95883.115   41  421 -95866.000 -95936.323  0.07%   591  227s
  1764   703 -95878.305   22  535 -95866.000 -95936.233  0.07%   586  230s
  1852   666     cutoff   35      -95866.000 -95934.408  0.07%   576  237s
  1864   696 -95919.302   27  583 -95866.000 -95934.408  0.07%   575  240s
  2049   717     cutoff   25      -95866.000 -95931.279  0.07%   553  246s
  2136   692     cutoff   25      -95866.000 -95931.279  0.07%   546  251s
  2246   699 -95918.823   25  520 -95866.000 -95928.434  0.07%   537  258s
  2312   691 -95887.611   29  498 -95866.000 -95927.816  0.06%   535  262s
  2366   719 -95880.951   34  410 -95866.000 -95926.364  0.06%   532  265s
  2529   720 -95879.621   34  407 -95866.000 -95922.938  0.06%   521  274s
  2655   708 -95876.214   54  318 -95866.000 -95919.906  0.06%   512  279s
  2742   737     cutoff   39      -95866.000 -95919.341  0.06%   507  286s
  2921   738 -95900.604   24  452 -95866.000 -95916.461  0.05%   498  293s
  3028   832 -95894.681   29  377 -95866.000 -95914.151  0.05%   495  301s
  3289   907     cutoff   35      -95866.000 -95911.531  0.05%   482  309s
  3540   936 -95873.567   39  468 -95866.000 -95910.349  0.05%   472  317s
  3765   993 -95874.500   46  342 -95866.000 -95908.849  0.04%   468  326s
  4038  1091 -95876.757   37  415 -95866.000 -95905.876  0.04%   459  336s
  4404  1149 -95868.425   40  318 -95866.000 -95901.448  0.04%   447  349s
  4740  1257     cutoff   28      -95866.000 -95899.317  0.03%   437  362s
  5206  1291     cutoff   53      -95866.000 -95897.357  0.03%   427  376s
  5413  1406 -95879.522   34  567 -95866.000 -95896.100  0.03%   422  390s
  5899  1411 -95873.946   64  443 -95866.000 -95894.903  0.03%   415  405s
  6306  1429 -95878.874   33  568 -95866.000 -95892.571  0.03%   410  422s
  6668  1500     cutoff   50      -95866.000 -95891.083  0.03%   406  438s
  7258  1462 -95877.583   54  447 -95866.000 -95888.763  0.02%   398  454s
  7811  1358 -95881.918   41  419 -95866.000 -95887.041  0.02%   391  470s
  8441  1268     cutoff   36      -95866.000 -95884.648  0.02%   385  496s
  8741  1065 -95874.833   47  441 -95866.000 -95883.891  0.02%   381  513s
  9290   841 -95874.430   42  514 -95866.000 -95881.111  0.02%   376  532s
  9876   641     cutoff   34      -95866.000 -95879.146  0.01%   370  554s
 10337   369     cutoff   40      -95866.000 -95878.104  0.01%   366  567s

Cutting planes:
  Cover: 4
  Clique: 2

Explored 10815 nodes (3904732 simplex iterations) in 567.63 seconds (1618.92 work units)
Thread count was 4 (of 56 available processors)

Solution count 9: -95866 -95838 -95832 ... 0

Optimal solution found (tolerance 1.00e-04)
Best objective -9.586600000000e+04, best bound -9.587400000000e+04, gap 0.0083%
