
Gurobi 9.5.0 (linux64) logging started Tue May  3 13:24:35 2022

Set parameter LogFile to value "/local_workspace/chenrui/LogFiles/MKAP/new2S_R5_M20_N50_seed9_DWcutsCT_600.log"
Gurobi Optimizer version 9.5.0 build v9.5.0rc5 (linux64)
Thread count: 56 physical cores, 56 logical processors, using up to 4 threads
Optimize a model with 270 rows, 1100 columns and 3300 nonzeros
Model fingerprint: 0x200bc88e
Variable types: 0 continuous, 1100 integer (1100 binary)
Coefficient statistics:
  Matrix range     [2e-10, 1e+03]
  Objective range  [9e+01, 1e+03]
  Bounds range     [1e+00, 1e+00]
  RHS range        [5e-11, 1e+00]
Warning: Model contains large matrix coefficient range
         Consider reformulating model or setting NumericFocus parameter
         to avoid numerical issues.
Found heuristic solution: objective 0.0000000
Presolve removed 41 rows and 439 columns
Presolve time: 0.01s
Presolved: 229 rows, 661 columns, 1908 nonzeros
Found heuristic solution: objective -7087.000000
Variable types: 0 continuous, 661 integer (661 binary)

Root relaxation: objective -1.583950e+04, 582 iterations, 0.01 seconds (0.00 work units)

    Nodes    |    Current Node    |     Objective Bounds      |     Work
 Expl Unexpl |  Obj  Depth IntInf | Incumbent    BestBd   Gap | It/Node Time

     0     0 -15839.502    0   27 -7087.0000 -15839.502   124%     -    0s
H    0     0                    -15126.00000 -15839.502  4.72%     -    0s
H    0     0                    -15232.00000 -15839.502  3.99%     -    0s
H    0     0                    -15432.00000 -15839.502  2.64%     -    0s
     0     0 -15839.502    0   66 -15432.000 -15839.502  2.64%     -    0s
H    0     0                    -15493.00000 -15839.502  2.24%     -    0s
H    0     0                    -15601.00000 -15838.032  1.52%     -    0s
     0     0 -15838.032    0   32 -15601.000 -15838.032  1.52%     -    0s
     0     0 -15838.032    0   32 -15601.000 -15838.032  1.52%     -    0s
H    0     0                    -15687.00000 -15838.032  0.96%     -    0s
H    0     0                    -15727.00000 -15838.032  0.71%     -    0s
     0     0 -15838.032    0   77 -15727.000 -15838.032  0.71%     -    0s
     0     0 -15838.032    0   69 -15727.000 -15838.032  0.71%     -    0s
     0     0 -15838.032    0   61 -15727.000 -15838.032  0.71%     -    0s
H    0     0                    -15765.00000 -15838.032  0.46%     -    0s
     0     0 -15838.032    0   62 -15765.000 -15838.032  0.46%     -    0s
     0     0 -15838.032    0   49 -15765.000 -15838.032  0.46%     -    0s
H    0     0                    -15788.00000 -15838.032  0.32%     -    0s
     0     0 -15838.032    0   20 -15788.000 -15838.032  0.32%     -    0s
H    0     0                    -15805.00000 -15838.032  0.21%     -    0s
     0     0 -15838.032    0   27 -15805.000 -15838.032  0.21%     -    0s
     0     0 -15838.032    0   18 -15805.000 -15838.032  0.21%     -    0s
     0     0 -15838.032    0   12 -15805.000 -15838.032  0.21%     -    0s
H    0     0                    -15838.00000 -15838.032  0.00%     -    0s

Cutting planes:
  Gomory: 3
  Cover: 5
  Clique: 9

Explored 1 nodes (2588 simplex iterations) in 0.17 seconds (0.08 work units)
Thread count was 4 (of 56 available processors)

Solution count 10: -15838 -15805 -15788 ... -15232
No other solutions better than -15838

Optimal solution found (tolerance 1.00e-04)
Best objective -1.583800000000e+04, best bound -1.583800000001e+04, gap 0.0000%
