
Gurobi 9.5.0 (linux64) logging started Tue May  3 13:15:04 2022

Set parameter LogFile to value "/local_workspace/chenrui/LogFiles/MKAP/new2S_R5_M10_N50_seed1_DWcutsCT5_600.log"
Gurobi Optimizer version 9.5.0 build v9.5.0rc5 (linux64)
Thread count: 56 physical cores, 56 logical processors, using up to 4 threads
Optimize a model with 992 rows, 550 columns and 10301 nonzeros
Model fingerprint: 0x2fc5de78
Variable types: 0 continuous, 550 integer (550 binary)
Coefficient statistics:
  Matrix range     [1e-13, 6e+03]
  Objective range  [1e+02, 1e+03]
  Bounds range     [1e+00, 1e+00]
  RHS range        [2e-16, 1e+00]
Warning: Model contains large matrix coefficient range
         Consider reformulating model or setting NumericFocus parameter
         to avoid numerical issues.
Found heuristic solution: objective 0.0000000
Presolve removed 454 rows and 123 columns
Presolve time: 0.04s
Presolved: 538 rows, 427 columns, 5330 nonzeros
Found heuristic solution: objective -5896.000000
Variable types: 0 continuous, 427 integer (427 binary)

Root relaxation: objective -1.628250e+04, 702 iterations, 0.02 seconds (0.02 work units)

    Nodes    |    Current Node    |     Objective Bounds      |     Work
 Expl Unexpl |  Obj  Depth IntInf | Incumbent    BestBd   Gap | It/Node Time

     0     0 -16282.500    0   59 -5896.0000 -16282.500   176%     -    0s
H    0     0                    -15069.00000 -16282.500  8.05%     -    0s
H    0     0                    -15394.00000 -16282.500  5.77%     -    0s
     0     0 -16270.827    0  102 -15394.000 -16270.827  5.70%     -    0s
H    0     0                    -15793.00000 -16270.827  3.03%     -    0s
H    0     0                    -15953.00000 -16270.827  1.99%     -    0s
H    0     0                    -16113.00000 -16270.827  0.98%     -    0s
     0     0 -16265.586    0   82 -16113.000 -16265.586  0.95%     -    0s
     0     0 -16256.326    0  112 -16113.000 -16256.326  0.89%     -    0s
     0     0 -16253.060    0  110 -16113.000 -16253.060  0.87%     -    0s
H    0     0                    -16168.00000 -16253.060  0.53%     -    0s
     0     0 -16253.060    0   58 -16168.000 -16253.060  0.53%     -    0s
H    0     0                    -16183.00000 -16253.060  0.43%     -    0s
     0     0 -16253.060    0  103 -16183.000 -16253.060  0.43%     -    0s
     0     0 -16253.060    0   96 -16183.000 -16253.060  0.43%     -    0s
     0     0 -16253.060    0  111 -16183.000 -16253.060  0.43%     -    0s
     0     0 -16253.060    0  108 -16183.000 -16253.060  0.43%     -    0s
     0     2 -16253.060    0  108 -16183.000 -16253.060  0.43%     -    0s
*   13    10               4    -16206.00000 -16253.060  0.29%  40.3    0s

Cutting planes:
  Gomory: 6
  Cover: 5
  MIR: 1
  Zero half: 2

Explored 152 nodes (6021 simplex iterations) in 0.50 seconds (0.49 work units)
Thread count was 4 (of 56 available processors)

Solution count 10: -16206 -16183 -16168 ... -5896
No other solutions better than -16206

Optimal solution found (tolerance 1.00e-04)
Best objective -1.620599999982e+04, best bound -1.620600000004e+04, gap 0.0000%
