
Gurobi 9.5.0 (linux64) logging started Sat Jun 18 19:03:52 2022

Set parameter LogFile to value "/local_workspace/chenrui/LogFiles/MKAP/new2S_R25_M20_N200_seed6_DWcutsCTp1_600.log"
Gurobi Optimizer version 9.5.0 build v9.5.0rc5 (linux64)
Thread count: 56 physical cores, 56 logical processors, using up to 4 threads
Optimize a model with 1706 rows, 4500 columns and 17728 nonzeros
Model fingerprint: 0xf6435b37
Variable types: 0 continuous, 4500 integer (4500 binary)
Coefficient statistics:
  Matrix range     [1e-13, 6e+03]
  Objective range  [2e+01, 1e+03]
  Bounds range     [1e+00, 1e+00]
  RHS range        [1e-05, 1e+00]
Warning: Model contains large matrix coefficient range
         Consider reformulating model or setting NumericFocus parameter
         to avoid numerical issues.
Found heuristic solution: objective 0.0000000
Presolve removed 26 rows and 166 columns
Presolve time: 0.04s
Presolved: 1680 rows, 4334 columns, 16786 nonzeros
Variable types: 0 continuous, 4334 integer (4334 binary)
Found heuristic solution: objective -5125.000000

Root relaxation: objective -6.538136e+04, 6345 iterations, 0.17 seconds (0.16 work units)

    Nodes    |    Current Node    |     Objective Bounds      |     Work
 Expl Unexpl |  Obj  Depth IntInf | Incumbent    BestBd   Gap | It/Node Time

     0     0 -65381.356    0  307 -5125.0000 -65381.356  1176%     -    0s
H    0     0                    -62506.00000 -65381.356  4.60%     -    0s
H    0     0                    -62723.00000 -65381.356  4.24%     -    0s
H    0     0                    -63318.00000 -65381.356  3.26%     -    0s
     0     0 -65381.356    0  308 -63318.000 -65381.356  3.26%     -    0s
H    0     0                    -64024.00000 -65381.356  2.12%     -    0s
     0     0 -65381.356    0  249 -64024.000 -65381.356  2.12%     -    0s
H    0     0                    -64202.00000 -65381.356  1.84%     -    0s
     0     0 -65381.356    0  257 -64202.000 -65381.356  1.84%     -    0s
     0     0 -65381.356    0  253 -64202.000 -65381.356  1.84%     -    0s
     0     0 -65381.356    0  248 -64202.000 -65381.356  1.84%     -    0s
H    0     0                    -64858.00000 -65381.356  0.81%     -    0s
     0     0 -65381.356    0  198 -64858.000 -65381.356  0.81%     -    1s
H    0     0                    -65155.00000 -65381.355  0.35%     -    1s
     0     0 -65381.354    0  169 -65155.000 -65381.354  0.35%     -    1s
     0     0 -65381.354    0  243 -65155.000 -65381.354  0.35%     -    1s
     0     0 -65381.354    0  218 -65155.000 -65381.354  0.35%     -    1s
     0     0 -65381.353    0  267 -65155.000 -65381.353  0.35%     -    1s
     0     0 -65381.353    0  286 -65155.000 -65381.353  0.35%     -    1s
     0     0 -65381.353    0  236 -65155.000 -65381.353  0.35%     -    1s
     0     0 -65381.353    0  242 -65155.000 -65381.353  0.35%     -    2s
     0     0 -65381.353    0  190 -65155.000 -65381.353  0.35%     -    2s
     0     0 -65381.353    0  120 -65155.000 -65381.353  0.35%     -    2s
H    0     0                    -65368.00000 -65381.353  0.02%     -    2s
     0     0 -65381.349    0   98 -65368.000 -65381.349  0.02%     -    2s
     0     0 -65381.349    0   86 -65368.000 -65381.349  0.02%     -    2s
     0     0 -65381.347    0   70 -65368.000 -65381.347  0.02%     -    2s
     0     0     cutoff    0      -65368.000 -65368.000  0.00%     -    2s

Cutting planes:
  Gomory: 1
  Cover: 10
  Clique: 266
  StrongCG: 3
  RLT: 2

Explored 1 nodes (23260 simplex iterations) in 2.31 seconds (1.75 work units)
Thread count was 4 (of 56 available processors)

Solution count 10: -65368 -65155 -64858 ... 0
No other solutions better than -65368

Optimal solution found (tolerance 1.00e-04)
Best objective -6.536800000000e+04, best bound -6.536800000000e+04, gap 0.0000%
