
Gurobi 9.5.0 (linux64) logging started Tue May  3 16:19:36 2022

Set parameter LogFile to value "/local_workspace/chenrui/LogFiles/MKAP/new2S_R5_M40_N50_seed6_original_600.log"
Gurobi Optimizer version 9.5.0 build v9.5.0rc5 (linux64)
Thread count: 56 physical cores, 56 logical processors, using up to 4 threads
Optimize a model with 290 rows, 2200 columns and 4400 nonzeros
Model fingerprint: 0xf513fa38
Variable types: 0 continuous, 2200 integer (2200 binary)
Coefficient statistics:
  Matrix range     [1e+00, 1e+03]
  Objective range  [5e+01, 1e+03]
  Bounds range     [1e+00, 1e+00]
  RHS range        [1e+00, 1e+00]
Found heuristic solution: objective 0.0000000
Presolve removed 152 rows and 1578 columns
Presolve time: 0.01s
Presolved: 138 rows, 622 columns, 1244 nonzeros
Found heuristic solution: objective -9501.000000
Variable types: 0 continuous, 622 integer (622 binary)

Root relaxation: objective -1.102300e+04, 142 iterations, 0.00 seconds (0.00 work units)

    Nodes    |    Current Node    |     Objective Bounds      |     Work
 Expl Unexpl |  Obj  Depth IntInf | Incumbent    BestBd   Gap | It/Node Time

H    0     0                    -11023.00000 -185136.00  1580%     -    0s
     0     0          -    0      -11023.000 -11023.000  0.00%     -    0s

Explored 1 nodes (247 simplex iterations) in 0.01 seconds (0.01 work units)
Thread count was 4 (of 56 available processors)

Solution count 3: -11023 -9501 0 
No other solutions better than -11023

Optimal solution found (tolerance 1.00e-04)
Best objective -1.102300000000e+04, best bound -1.102300000000e+04, gap 0.0000%
