
Gurobi 9.5.0 (linux64) logging started Tue May  3 20:40:22 2022

Set parameter LogFile to value "/local_workspace/chenrui/LogFiles/MKAP/new2S_R25_M40_N100_seed4_DWcutsCT1_600.log"
Gurobi Optimizer version 9.5.0 build v9.5.0rc5 (linux64)
Thread count: 56 physical cores, 56 logical processors, using up to 4 threads
Optimize a model with 2608 rows, 5000 columns and 16183 nonzeros
Model fingerprint: 0x5cc93e74
Variable types: 0 continuous, 5000 integer (5000 binary)
Coefficient statistics:
  Matrix range     [1e-13, 2e+03]
  Objective range  [8e+01, 1e+03]
  Bounds range     [1e+00, 1e+00]
  RHS range        [1e-14, 1e+00]
Warning: Model contains large matrix coefficient range
         Consider reformulating model or setting NumericFocus parameter
         to avoid numerical issues.
Found heuristic solution: objective 0.0000000
Presolve removed 1279 rows and 2046 columns
Presolve time: 0.06s
Presolved: 1329 rows, 2954 columns, 7906 nonzeros
Found heuristic solution: objective -28456.00000
Variable types: 0 continuous, 2954 integer (2954 binary)
Found heuristic solution: objective -28475.00000

Root relaxation: objective -3.260251e+04, 2460 iterations, 0.03 seconds (0.02 work units)

    Nodes    |    Current Node    |     Objective Bounds      |     Work
 Expl Unexpl |  Obj  Depth IntInf | Incumbent    BestBd   Gap | It/Node Time

     0     0 -32602.506    0   61 -28475.000 -32602.506  14.5%     -    0s
H    0     0                    -32411.00000 -32602.506  0.59%     -    0s
H    0     0                    -32471.00000 -32602.506  0.40%     -    0s
     0     0 -32592.000    0    4 -32471.000 -32592.000  0.37%     -    0s
     0     0 -32588.750    0   22 -32471.000 -32588.750  0.36%     -    0s
H    0     0                    -32537.00000 -32588.750  0.16%     -    0s
     0     0 -32583.177    0   38 -32537.000 -32583.177  0.14%     -    0s
     0     0 -32580.000    0    6 -32537.000 -32580.000  0.13%     -    0s
H    0     0                    -32552.00000 -32580.000  0.09%     -    0s
*    0     0               0    -32569.00000 -32569.000  0.00%     -    0s

Cutting planes:
  Gomory: 3
  Zero half: 1

Explored 1 nodes (4123 simplex iterations) in 0.24 seconds (0.16 work units)
Thread count was 4 (of 56 available processors)

Solution count 10: -32569 -32552 -32537 ... 0
No other solutions better than -32569

Optimal solution found (tolerance 1.00e-04)
Best objective -3.256900000631e+04, best bound -3.256900000631e+04, gap 0.0000%
