
Gurobi 9.5.0 (linux64) logging started Tue May  3 16:31:11 2022

Set parameter LogFile to value "/local_workspace/chenrui/LogFiles/MKAP/new2S_R10_M30_N50_seed7_original_600.log"
Gurobi Optimizer version 9.5.0 build v9.5.0rc5 (linux64)
Thread count: 56 physical cores, 56 logical processors, using up to 4 threads
Optimize a model with 380 rows, 1800 columns and 3600 nonzeros
Model fingerprint: 0x48459a71
Variable types: 0 continuous, 1800 integer (1800 binary)
Coefficient statistics:
  Matrix range     [1e+00, 1e+03]
  Objective range  [3e+01, 1e+03]
  Bounds range     [1e+00, 1e+00]
  RHS range        [1e+00, 1e+00]
Found heuristic solution: objective 0.0000000
Presolve removed 210 rows and 1053 columns
Presolve time: 0.01s
Presolved: 170 rows, 747 columns, 1494 nonzeros
Variable types: 0 continuous, 747 integer (747 binary)
Found heuristic solution: objective -12134.00000

Root relaxation: objective -1.441100e+04, 209 iterations, 0.00 seconds (0.00 work units)

    Nodes    |    Current Node    |     Objective Bounds      |     Work
 Expl Unexpl |  Obj  Depth IntInf | Incumbent    BestBd   Gap | It/Node Time

     0     0 -14411.000    0   17 -12134.000 -14411.000  18.8%     -    0s
H    0     0                    -13865.00000 -14411.000  3.94%     -    0s
H    0     0                    -13902.00000 -14411.000  3.66%     -    0s
H    0     0                    -14110.00000 -14411.000  2.13%     -    0s
     0     0 -14411.000    0   22 -14110.000 -14411.000  2.13%     -    0s
H    0     0                    -14411.00000 -14411.000  0.00%     -    0s
     0     0          -    0      -14411.000 -14411.000  0.00%     -    0s

Cutting planes:
  Gomory: 24
  Cover: 14
  Clique: 10
  MIR: 5
  StrongCG: 2

Explored 1 nodes (639 simplex iterations) in 0.04 seconds (0.02 work units)
Thread count was 4 (of 56 available processors)

Solution count 6: -14411 -14110 -13902 ... 0
No other solutions better than -14411

Optimal solution found (tolerance 1.00e-04)
Best objective -1.441100000000e+04, best bound -1.441100000000e+04, gap 0.0000%
