
Gurobi 9.5.0 (linux64) logging started Tue May  3 14:00:38 2022

Set parameter LogFile to value "/local_workspace/chenrui/LogFiles/MKAP/new2S_R25_M20_N100_seed5_DWcutsCT1_600.log"
Gurobi Optimizer version 9.5.0 build v9.5.0rc5 (linux64)
Thread count: 56 physical cores, 56 logical processors, using up to 4 threads
Optimize a model with 1532 rows, 2500 columns and 9019 nonzeros
Model fingerprint: 0x32fb1a57
Variable types: 0 continuous, 2500 integer (2500 binary)
Coefficient statistics:
  Matrix range     [1e-13, 4e+03]
  Objective range  [6e+01, 1e+03]
  Bounds range     [1e+00, 1e+00]
  RHS range        [1e-14, 1e+00]
Warning: Model contains large matrix coefficient range
         Consider reformulating model or setting NumericFocus parameter
         to avoid numerical issues.
Found heuristic solution: objective 0.0000000
Presolve removed 275 rows and 412 columns
Presolve time: 0.03s
Presolved: 1257 rows, 2088 columns, 6692 nonzeros
Found heuristic solution: objective -7952.000000
Variable types: 0 continuous, 2088 integer (2088 binary)
Found heuristic solution: objective -7953.000000

Root relaxation: objective -3.144700e+04, 3136 iterations, 0.07 seconds (0.05 work units)

    Nodes    |    Current Node    |     Objective Bounds      |     Work
 Expl Unexpl |  Obj  Depth IntInf | Incumbent    BestBd   Gap | It/Node Time

     0     0 -31447.003    0   24 -7953.0000 -31447.003   295%     -    0s
H    0     0                    -31010.00000 -31447.003  1.41%     -    0s
H    0     0                    -31127.00000 -31447.003  1.03%     -    0s
H    0     0                    -31226.00000 -31447.003  0.71%     -    0s
H    0     0                    -31447.00000 -31447.000  0.00%     -    0s

Cutting planes:
  Cover: 1
  Clique: 17
  MIR: 4
  StrongCG: 1

Explored 1 nodes (3137 simplex iterations) in 0.13 seconds (0.09 work units)
Thread count was 4 (of 56 available processors)

Solution count 7: -31447 -31226 -31127 ... 0
No other solutions better than -31447

Optimal solution found (tolerance 1.00e-04)
Best objective -3.144699999877e+04, best bound -3.144699999957e+04, gap 0.0000%
