
Gurobi 9.5.0 (linux64) logging started Fri Apr 29 22:06:36 2022

Set parameter LogFile to value "/local_workspace/chenrui/LogFiles/MKAP/new2S_R25_M10_N200_seed7_DWcutsCT4_600.log"
Gurobi Optimizer version 9.5.0 build v9.5.0rc5 (linux64)
Thread count: 56 physical cores, 56 logical processors, using up to 4 threads
Optimize a model with 4073 rows, 2250 columns and 35147 nonzeros
Model fingerprint: 0xc6216f8c
Variable types: 0 continuous, 2250 integer (2250 binary)
Coefficient statistics:
  Matrix range     [1e-13, 1e+04]
  Objective range  [5e+00, 1e+03]
  Bounds range     [1e+00, 1e+00]
  RHS range        [1e-16, 1e+00]
Warning: Model contains large matrix coefficient range
         Consider reformulating model or setting NumericFocus parameter
         to avoid numerical issues.
Found heuristic solution: objective 0.0000000
Presolve removed 137 rows and 140 columns
Presolve time: 0.09s
Presolved: 3936 rows, 2110 columns, 23548 nonzeros
Variable types: 0 continuous, 2110 integer (2110 binary)
Found heuristic solution: objective -6772.000000

Root relaxation: objective -4.749300e+04, 3974 iterations, 0.19 seconds (0.20 work units)

    Nodes    |    Current Node    |     Objective Bounds      |     Work
 Expl Unexpl |  Obj  Depth IntInf | Incumbent    BestBd   Gap | It/Node Time

*    0     0               0    -47493.00000 -47493.000  0.00%     -    0s

Explored 1 nodes (3974 simplex iterations) in 0.30 seconds (0.30 work units)
Thread count was 4 (of 56 available processors)

Solution count 3: -47493 -6772 0 
No other solutions better than -47493

Optimal solution found (tolerance 1.00e-04)
Best objective -4.749300000000e+04, best bound -4.749300000000e+04, gap 0.0000%
