
Gurobi 9.5.0 (linux64) logging started Tue May  3 16:30:35 2022

Set parameter LogFile to value "/local_workspace/chenrui/LogFiles/MKAP/new2S_R10_M30_N50_seed4_objLB_600.log"
Gurobi Optimizer version 9.5.0 build v9.5.0rc5 (linux64)
Thread count: 56 physical cores, 56 logical processors, using up to 4 threads
Optimize a model with 381 rows, 1800 columns and 5100 nonzeros
Model fingerprint: 0xba4a010c
Variable types: 0 continuous, 1800 integer (1800 binary)
Coefficient statistics:
  Matrix range     [1e+00, 1e+03]
  Objective range  [9e+01, 1e+03]
  Bounds range     [1e+00, 1e+00]
  RHS range        [1e+00, 2e+04]
Found heuristic solution: objective 0.0000000
Presolve removed 223 rows and 1136 columns
Presolve time: 0.01s
Presolved: 158 rows, 664 columns, 1884 nonzeros
Variable types: 0 continuous, 664 integer (664 binary)
Found heuristic solution: objective -13121.00000

Root relaxation: objective -1.531700e+04, 270 iterations, 0.00 seconds (0.00 work units)

    Nodes    |    Current Node    |     Objective Bounds      |     Work
 Expl Unexpl |  Obj  Depth IntInf | Incumbent    BestBd   Gap | It/Node Time

     0     0 -15317.000    0   17 -13121.000 -15317.000  16.7%     -    0s
H    0     0                    -14945.00000 -15317.000  2.49%     -    0s
H    0     0                    -15193.00000 -15317.000  0.82%     -    0s
H    0     0                    -15199.00000 -15317.000  0.78%     -    0s
     0     0 -15317.000    0   22 -15199.000 -15317.000  0.78%     -    0s
H    0     0                    -15317.00000 -15317.000  0.00%     -    0s
     0     0 -15317.000    0    5 -15317.000 -15317.000  0.00%     -    0s

Cutting planes:
  Gomory: 16
  Cover: 12
  Clique: 7
  MIR: 8
  StrongCG: 3
  GUB cover: 1

Explored 1 nodes (903 simplex iterations) in 0.06 seconds (0.04 work units)
Thread count was 4 (of 56 available processors)

Solution count 6: -15317 -15199 -15193 ... 0
No other solutions better than -15317

Optimal solution found (tolerance 1.00e-04)
Best objective -1.531700000000e+04, best bound -1.531700000000e+04, gap 0.0000%
