
Gurobi 9.5.0 (linux64) logging started Mon Jun 20 09:36:19 2022

Set parameter LogFile to value "/local_workspace/chenrui/LogFiles/MKAP/new2S_R10_M40_N100_seed1_DWcutsCTp3_600.log"
Gurobi Optimizer version 9.5.0 build v9.5.0rc5 (linux64)
Thread count: 56 physical cores, 56 logical processors, using up to 4 threads
Optimize a model with 2416 rows, 4400 columns and 24251 nonzeros
Model fingerprint: 0xa33784e5
Variable types: 0 continuous, 4400 integer (4400 binary)
Coefficient statistics:
  Matrix range     [1e-13, 3e+03]
  Objective range  [4e+01, 1e+03]
  Bounds range     [1e+00, 1e+00]
  RHS range        [1e-05, 1e+00]
Warning: Model contains large matrix coefficient range
         Consider reformulating model or setting NumericFocus parameter
         to avoid numerical issues.
Found heuristic solution: objective 0.0000000
Presolve removed 642 rows and 1554 columns
Presolve time: 0.05s
Presolved: 1774 rows, 2846 columns, 14182 nonzeros
Found heuristic solution: objective -9116.000000
Variable types: 0 continuous, 2846 integer (2846 binary)

Root relaxation: objective -3.317280e+04, 4069 iterations, 0.11 seconds (0.10 work units)

    Nodes    |    Current Node    |     Objective Bounds      |     Work
 Expl Unexpl |  Obj  Depth IntInf | Incumbent    BestBd   Gap | It/Node Time

     0     0 -33172.800    0  394 -9116.0000 -33172.800   264%     -    0s
H    0     0                    -32775.00000 -33172.800  1.21%     -    0s
H    0     0                    -32950.00000 -33172.800  0.68%     -    0s
H    0     0                    -32988.00002 -33172.800  0.56%     -    0s
H    0     0                    -33000.00000 -33172.793  0.52%     -    0s
     0     0 -33168.886    0  393 -33000.000 -33168.886  0.51%     -    0s
H    0     0                    -33091.00000 -33168.886  0.24%     -    0s
     0     0 -33168.728    0  390 -33091.000 -33168.728  0.23%     -    0s
     0     0 -33168.728    0  349 -33091.000 -33168.728  0.23%     -    0s
     0     0 -33168.728    0  364 -33091.000 -33168.728  0.23%     -    0s
H    0     0                    -33103.00000 -33167.520  0.19%     -    0s
     0     0 -33167.498    0  364 -33103.000 -33167.498  0.19%     -    0s
     0     0 -33167.488    0  348 -33103.000 -33167.488  0.19%     -    0s
     0     0 -33167.488    0  333 -33103.000 -33167.488  0.19%     -    0s
     0     0 -33167.488    0  329 -33103.000 -33167.488  0.19%     -    0s
     0     0 -33167.488    0  329 -33103.000 -33167.488  0.19%     -    0s
H    0     0                    -33152.00014 -33167.488  0.05%     -    0s
H    0     0                    -33157.00001 -33167.488  0.03%     -    1s
     0     0 -33167.488    0  125 -33157.000 -33167.488  0.03%     -    1s
     0     0 -33164.001    0   64 -33157.000 -33164.001  0.02%     -    1s
     0     0 infeasible    0      -33157.000 -33157.000  0.00%     -    1s

Explored 1 nodes (9236 simplex iterations) in 1.07 seconds (0.68 work units)
Thread count was 4 (of 56 available processors)

Solution count 10: -33157 -33157 -33152 ... -9116
No other solutions better than -33157

Optimal solution found (tolerance 1.00e-04)
Warning: max constraint violation (8.5467e-06) exceeds tolerance
Best objective -3.315700001010e+04, best bound -3.315700001107e+04, gap 0.0000%
