
Gurobi 9.5.0 (linux64) logging started Tue May  3 15:19:56 2022

Set parameter LogFile to value "/local_workspace/chenrui/LogFiles/MKAP/new2S_R5_M10_N50_seed4_DWcuts_600.log"
Gurobi Optimizer version 9.5.0 build v9.5.0rc5 (linux64)
Thread count: 56 physical cores, 56 logical processors, using up to 4 threads
Optimize a model with 160 rows, 550 columns and 1650 nonzeros
Model fingerprint: 0x21ba474f
Variable types: 0 continuous, 550 integer (550 binary)
Coefficient statistics:
  Matrix range     [1e+00, 3e+03]
  Objective range  [1e+02, 1e+03]
  Bounds range     [1e+00, 1e+00]
  RHS range        [5e-13, 1e+00]
Found heuristic solution: objective 0.0000000
Presolve removed 20 rows and 134 columns
Presolve time: 0.00s
Presolved: 140 rows, 416 columns, 1239 nonzeros
Found heuristic solution: objective -6309.000000
Variable types: 0 continuous, 416 integer (416 binary)

Root relaxation: objective -1.754143e+04, 376 iterations, 0.00 seconds (0.00 work units)

    Nodes    |    Current Node    |     Objective Bounds      |     Work
 Expl Unexpl |  Obj  Depth IntInf | Incumbent    BestBd   Gap | It/Node Time

     0     0 -17541.426    0   36 -6309.0000 -17541.426   178%     -    0s
H    0     0                    -16271.00000 -17541.426  7.81%     -    0s
H    0     0                    -16405.00000 -17541.426  6.93%     -    0s
H    0     0                    -16487.00000 -17541.426  6.40%     -    0s
H    0     0                    -17015.00000 -17541.426  3.09%     -    0s
     0     0 -17541.426    0   73 -17015.000 -17541.426  3.09%     -    0s
     0     0 -17541.426    0   52 -17015.000 -17541.426  3.09%     -    0s
     0     0 -17541.426    0   35 -17015.000 -17541.426  3.09%     -    0s
H    0     0                    -17019.00000 -17541.426  3.07%     -    0s
H    0     0                    -17024.00000 -17541.426  3.04%     -    0s
     0     0 -17541.426    0   31 -17024.000 -17541.426  3.04%     -    0s
H    0     0                    -17036.00000 -17541.426  2.97%     -    0s
     0     0 -17541.426    0   38 -17036.000 -17541.426  2.97%     -    0s
     0     0 -17541.426    0   32 -17036.000 -17541.426  2.97%     -    0s
     0     2 -17541.426    0   31 -17036.000 -17541.426  2.97%     -    0s
H   38    60                    -17052.00000 -17541.426  2.87%  57.5    0s
H  190   179                    -17163.00000 -17541.426  2.20%  22.7    0s
H  219   236                    -17231.00000 -17541.426  1.80%  24.2    0s
H  271   236                    -17242.00000 -17541.426  1.74%  20.9    0s
H  504   342                    -17316.00000 -17541.426  1.30%  18.4    0s
H  810   399                    -17377.00000 -17541.426  0.95%  15.8    0s
H 3699  1393                    -17434.00000 -17541.426  0.62%  21.1    1s
 37734  8867 -17511.987   34   25 -17434.000 -17517.376  0.48%  17.8    5s
*91375 10137              29    -17446.00000 -17490.041  0.25%  15.9    8s
 109553  5776     cutoff   34      -17446.000 -17474.911  0.17%  15.5   10s

Cutting planes:
  Gomory: 3
  Cover: 29
  Clique: 14
  MIR: 14
  StrongCG: 8
  Flow cover: 2
  RLT: 2

Explored 121221 nodes (1852647 simplex iterations) in 10.70 seconds (10.45 work units)
Thread count was 4 (of 56 available processors)

Solution count 10: -17446 -17434 -17377 ... -17024
No other solutions better than -17446

Optimal solution found (tolerance 1.00e-04)
Best objective -1.744600000000e+04, best bound -1.744600000000e+04, gap 0.0000%
