
Gurobi 9.5.0 (linux64) logging started Wed May  4 01:16:09 2022

Set parameter LogFile to value "/local_workspace/chenrui/LogFiles/MKAP/new2S_R25_M30_N100_seed2_original_600.log"
Gurobi Optimizer version 9.5.0 build v9.5.0rc5 (linux64)
Thread count: 56 physical cores, 56 logical processors, using up to 4 threads
Optimize a model with 880 rows, 3750 columns and 7500 nonzeros
Model fingerprint: 0x19fa02c0
Variable types: 0 continuous, 3750 integer (3750 binary)
Coefficient statistics:
  Matrix range     [1e+00, 2e+03]
  Objective range  [1e+02, 1e+03]
  Bounds range     [1e+00, 1e+00]
  RHS range        [1e+00, 1e+00]
Found heuristic solution: objective 0.0000000
Presolve removed 342 rows and 1334 columns
Presolve time: 0.02s
Presolved: 538 rows, 2416 columns, 4832 nonzeros
Variable types: 0 continuous, 2416 integer (2416 binary)
Found heuristic solution: objective -21597.00000

Root relaxation: objective -3.411355e+04, 2010 iterations, 0.02 seconds (0.01 work units)

    Nodes    |    Current Node    |     Objective Bounds      |     Work
 Expl Unexpl |  Obj  Depth IntInf | Incumbent    BestBd   Gap | It/Node Time

     0     0 -34113.553    0   93 -21597.000 -34113.553  58.0%     -    0s
H    0     0                    -29765.00000 -34113.553  14.6%     -    0s
H    0     0                    -30660.00000 -34113.553  11.3%     -    0s
     0     0 -34021.762    0   97 -30660.000 -34021.762  11.0%     -    0s
     0     0 -34021.541    0   98 -30660.000 -34021.541  11.0%     -    0s
H    0     0                    -31425.00000 -33890.995  7.85%     -    0s
     0     0 -33874.258    0  136 -31425.000 -33874.258  7.79%     -    0s
H    0     0                    -31468.00000 -33874.258  7.65%     -    0s
     0     0 -33851.144    0  135 -31468.000 -33851.144  7.57%     -    0s
     0     0 -33846.015    0  134 -31468.000 -33846.015  7.56%     -    0s
     0     0 -33702.965    0  124 -31468.000 -33702.965  7.10%     -    0s
H    0     0                    -31575.00000 -33702.965  6.74%     -    0s
     0     0 -33687.707    0  131 -31575.000 -33687.707  6.69%     -    0s
     0     0 -33615.250    0  167 -31575.000 -33615.250  6.46%     -    0s
H    0     0                    -31950.00000 -33589.416  5.13%     -    0s
     0     0 -33589.416    0  150 -31950.000 -33589.416  5.13%     -    0s
     0     0 -33589.205    0  160 -31950.000 -33589.205  5.13%     -    0s
     0     0 -33522.835    0  157 -31950.000 -33522.835  4.92%     -    0s
H    0     0                    -32486.00000 -33522.835  3.19%     -    0s
     0     0 -33505.668    0  128 -32486.000 -33505.668  3.14%     -    0s
     0     0 -33501.807    0  129 -32486.000 -33501.807  3.13%     -    0s
     0     0 -33499.529    0  129 -32486.000 -33499.529  3.12%     -    0s
     0     0 -33456.333    0  132 -32486.000 -33456.333  2.99%     -    0s
     0     0 -33454.415    0  131 -32486.000 -33454.415  2.98%     -    0s
     0     0 -33425.468    0  110 -32486.000 -33425.468  2.89%     -    0s
     0     0 -33420.925    0  119 -32486.000 -33420.925  2.88%     -    0s
     0     0 -33420.559    0  119 -32486.000 -33420.559  2.88%     -    0s
     0     0 -33383.715    0  127 -32486.000 -33383.715  2.76%     -    0s
     0     0 -33380.163    0  162 -32486.000 -33380.163  2.75%     -    0s
     0     0 -33365.791    0  131 -32486.000 -33365.791  2.71%     -    0s
     0     0 -33363.626    0  147 -32486.000 -33363.626  2.70%     -    0s
     0     0 -33362.144    0  145 -32486.000 -33362.144  2.70%     -    0s
     0     0 -33362.000    0  137 -32486.000 -33362.000  2.70%     -    0s
     0     0 -33335.520    0  106 -32486.000 -33335.520  2.62%     -    0s
H    0     0                    -32504.00000 -33321.953  2.52%     -    0s
     0     0 -33321.953    0   88 -32504.000 -33321.953  2.52%     -    0s
     0     0 -33321.810    0   91 -32504.000 -33321.810  2.52%     -    0s
     0     0 -33311.573    0  112 -32504.000 -33311.573  2.48%     -    0s
     0     0 -33311.573    0  110 -32504.000 -33311.573  2.48%     -    0s
H    0     0                    -32883.00000 -33311.573  1.30%     -    0s
     0     2 -33311.573    0  109 -32883.000 -33311.573  1.30%     -    0s
H   30    35                    -32889.00000 -33296.385  1.24%  30.2    0s
H   64    68                    -33036.00000 -33296.385  0.79%  26.8    0s
*  143   121              38    -33038.00000 -33296.385  0.78%  21.7    0s
*  144   121              38    -33049.00000 -33296.385  0.75%  21.6    0s
H  188   160                    -33095.00000 -33296.385  0.61%  23.2    1s
*  617   353              39    -33109.00000 -33252.488  0.43%  20.9    1s
* 1420   489              30    -33111.00000 -33215.149  0.31%  21.6    1s

Cutting planes:
  Gomory: 22
  Lift-and-project: 2
  Cover: 317
  Clique: 41
  MIR: 72
  StrongCG: 37
  RLT: 1

Explored 2621 nodes (62236 simplex iterations) in 2.14 seconds (2.89 work units)
Thread count was 4 (of 56 available processors)

Solution count 10: -33111 -33109 -33095 ... -32486
No other solutions better than -33111

Optimal solution found (tolerance 1.00e-04)
Best objective -3.311100000000e+04, best bound -3.311100000000e+04, gap 0.0000%
