
Gurobi 9.5.0 (linux64) logging started Fri Apr 15 03:51:09 2022

Set parameter LogFile to value "/local_workspace/chenrui/LogFiles/MKAP/new2S_R10_M40_N150_seed1_DWcutsT3_600.log"
Gurobi Optimizer version 9.5.0 build v9.5.0rc5 (linux64)
Thread count: 56 physical cores, 56 logical processors, using up to 4 threads
Optimize a model with 3751 rows, 6400 columns and 59492 nonzeros
Model fingerprint: 0x37104a2c
Variable types: 0 continuous, 6400 integer (6400 binary)
Coefficient statistics:
  Matrix range     [1e-13, 3e+03]
  Objective range  [6e+01, 1e+03]
  Bounds range     [1e+00, 1e+00]
  RHS range        [1e-14, 2e+03]
Warning: Model contains large matrix coefficient range
         Consider reformulating model or setting NumericFocus parameter
         to avoid numerical issues.
Found heuristic solution: objective 0.0000000
Presolve removed 965 rows and 1506 columns
Presolve time: 0.26s
Presolved: 2786 rows, 4894 columns, 40719 nonzeros
Found heuristic solution: objective -18007.00000
Variable types: 0 continuous, 4894 integer (4894 binary)

Root relaxation: objective -5.454350e+04, 9563 iterations, 0.92 seconds (0.99 work units)

    Nodes    |    Current Node    |     Objective Bounds      |     Work
 Expl Unexpl |  Obj  Depth IntInf | Incumbent    BestBd   Gap | It/Node Time

     0     0 -54543.495    0  322 -18007.000 -54543.495   203%     -    1s
H    0     0                    -51431.00000 -54543.495  6.05%     -    1s
H    0     0                    -52511.00000 -54543.495  3.87%     -    1s
H    0     0                    -52668.00000 -54543.495  3.56%     -    1s
H    0     0                    -53002.00000 -54543.495  2.91%     -    1s
H    0     0                    -53247.00000 -54543.495  2.43%     -    2s
H    0     0                    -53716.00000 -54541.292  1.54%     -    2s
     0     0 -54541.292    0  321 -53716.000 -54541.292  1.54%     -    2s
H    0     0                    -53770.00000 -54541.292  1.43%     -    3s
H    0     0                    -53829.00000 -54541.292  1.32%     -    3s
     0     0 -54541.292    0  294 -53829.000 -54541.292  1.32%     -    3s
     0     0 -54541.292    0  322 -53829.000 -54541.292  1.32%     -    3s
     0     0 -54541.292    0  327 -53829.000 -54541.292  1.32%     -    3s
     0     0 -54541.292    0  326 -53829.000 -54541.292  1.32%     -    4s
     0     0 -54541.292    0  315 -53829.000 -54541.292  1.32%     -    4s
     0     0 -54541.292    0  313 -53829.000 -54541.292  1.32%     -    4s
     0     0 -54541.292    0  355 -53829.000 -54541.292  1.32%     -    4s
     0     0 -54541.292    0  347 -53829.000 -54541.292  1.32%     -    4s
     0     0 -54541.292    0  347 -53829.000 -54541.292  1.32%     -    5s
     0     2 -54541.292    0  347 -53829.000 -54541.292  1.32%     -    6s
    19    24 -54540.792    5  353 -53829.000 -54541.279  1.32%   781   10s
H   27    32                    -53922.00000 -54541.279  1.15%   682   11s
H   28    32                    -53932.00000 -54541.279  1.13%   669   11s
H   29    32                    -54017.00000 -54541.279  0.97%   654   11s
H   89   166                    -54125.00000 -54541.279  0.77%   355   16s
   165   494 -54534.505   37  272 -54125.000 -54541.279  0.77%   314   20s
H  265   494                    -54221.00000 -54541.279  0.59%   234   20s
  1060  1153 -54537.213   11  260 -54221.000 -54541.223  0.59%   122   25s
  1366  1317 -54526.638   45  270 -54221.000 -54541.223  0.59%   127   30s
  1376  1324 -54533.579   42  375 -54221.000 -54541.223  0.59%   126   35s
  1379  1326 -54387.368  164  344 -54221.000 -54540.864  0.59%   126   41s
  1380  1330 -54540.383   12  331 -54221.000 -54540.864  0.59%   140   47s
  1386  1336 -54538.516   14  367 -54221.000 -54540.693  0.59%   143   50s
  1423  1371 -54534.069   18  345 -54221.000 -54540.468  0.59%   151   55s
  1554  1525 -54522.701   32  284 -54221.000 -54540.468  0.59%   165   60s
  1840  1757 -54514.704   65  211 -54221.000 -54540.468  0.59%   176   65s
  2204  1981 -54507.808   93  224 -54221.000 -54540.468  0.59%   173   70s
  2930  2311 -54513.642   19  352 -54221.000 -54540.083  0.59%   165   78s
  3200  2494 -54461.611   83  298 -54221.000 -54540.019  0.59%   163   82s
  3622  2753 -54446.040   39  282 -54221.000 -54540.019  0.59%   160   86s
  4128  3110 -54500.083   19  368 -54221.000 -54539.229  0.59%   160   91s
  4442  3015 -54263.480   53  232 -54221.000 -54538.703  0.59%   158   96s
  4696  3415 -54474.905   37  323 -54221.000 -54538.696  0.59%   156  101s
  5194  3765 -54527.021   32  406 -54221.000 -54538.618  0.59%   151  106s
  5868  4291 -54502.395   20  369 -54221.000 -54538.180  0.58%   150  112s
  6306  4679 -54527.049   22  368 -54221.000 -54537.965  0.58%   147  115s
  6695  5151 -54343.498  111  301 -54221.000 -54537.964  0.58%   146  124s
  7290  5599 -54500.351   44  354 -54221.000 -54537.709  0.58%   143  127s
  7793  5886 -54492.824   28  280 -54221.000 -54537.565  0.58%   143  131s
  8088  6386 -54462.313   63  233 -54221.000 -54537.565  0.58%   148  135s
  9243  7431 -54502.532   41  279 -54221.000 -54537.212  0.58%   151  143s
  9922  7818 -54512.652   33  276 -54221.000 -54536.734  0.58%   150  147s
 10380  8179 -54362.909   62  257 -54221.000 -54536.539  0.58%   153  153s
 10806  8235 -54403.115   96  238 -54221.000 -54536.502  0.58%   154  163s
H10822  8229                    -54222.00000 -54536.502  0.58%   154  163s
 10874  9434 -54365.323  113  142 -54222.000 -54536.441  0.58%   155  173s
 12253  9667 -54305.669  160  168 -54222.000 -54535.588  0.58%   154  178s
 12539 10174 -54357.285   57  219 -54222.000 -54535.569  0.58%   154  184s
 13173 10778 -54513.855   21  360 -54222.000 -54535.093  0.58%   156  191s
 13802 11133 -54479.527   22  346 -54222.000 -54535.055  0.58%   155  197s
H13913 11075                    -54228.00000 -54535.055  0.57%   155  197s
H14141 10168                    -54275.00000 -54534.968  0.48%   157  197s
 14251 10623 -54391.756   51  310 -54275.000 -54534.783  0.48%   157  203s
H14410 10318                    -54286.00000 -54534.783  0.46%   158  203s
 14912 10955 -54469.862   72  331 -54286.000 -54534.578  0.46%   159  210s
 15651 11498 -54327.965  170  120 -54286.000 -54534.468  0.46%   159  216s
 16294 12059 -54367.792   37  337 -54286.000 -54534.293  0.46%   160  222s
 16937 12740 -54432.679   82  265 -54286.000 -54534.043  0.46%   160  228s
 17726 13107 -54489.634   25  395 -54286.000 -54533.908  0.46%   160  234s
 18155 13588 -54401.053   55  269 -54286.000 -54533.904  0.46%   162  240s
 18748 13774 -54488.051   30  332 -54286.000 -54533.834  0.46%   163  245s
 18974 14353 -54460.094   63  281 -54286.000 -54533.712  0.46%   163  252s
 19660 14733 -54484.270   21  445 -54286.000 -54533.502  0.46%   163  257s
 20118 15185 -54522.227   20  329 -54286.000 -54533.314  0.46%   165  264s
H20257 13530                    -54328.00000 -54533.314  0.38%   165  264s
 20669 13471 -54501.756   34  347 -54328.000 -54533.304  0.38%   165  304s
 20671 13472 -54395.697  100  325 -54328.000 -54533.304  0.38%   165  305s
 20684 13481 -54484.426   49  451 -54328.000 -54533.304  0.38%   165  310s
 20688 13484 -54377.030  170  442 -54328.000 -54533.304  0.38%   165  315s
 20692 13486 -54458.724   43  442 -54328.000 -54533.304  0.38%   165  321s
 20695 13488 -54499.328   40  441 -54328.000 -54533.304  0.38%   165  327s
 20696 13489 -54459.574  102  442 -54328.000 -54533.304  0.38%   165  330s
 20699 13494 -54533.304   23  436 -54328.000 -54533.304  0.38%   165  340s
 20701 13497 -54533.304   24  435 -54328.000 -54533.304  0.38%   166  346s
 20705 13500 -54533.304   25  409 -54328.000 -54533.304  0.38%   166  353s
 20709 13503 -54533.304   25  393 -54328.000 -54533.304  0.38%   166  356s
 20721 13512 -54533.304   27  363 -54328.000 -54533.304  0.38%   166  360s
 20745 13532 -54533.304   30  353 -54328.000 -54533.304  0.38%   166  365s
 20804 13594 -54533.304   36  411 -54328.000 -54533.304  0.38%   167  371s
 20874 13651 -54533.304   43  348 -54328.000 -54533.304  0.38%   167  377s
 20943 13690 -54531.324   46  359 -54328.000 -54533.304  0.38%   167  380s
 21088 13799 -54494.933   57  367 -54328.000 -54533.304  0.38%   168  387s
 21183 13890 -54491.611   67  315 -54328.000 -54533.304  0.38%   169  390s
 21457 14025 -54466.034   87  281 -54328.000 -54533.304  0.38%   170  396s
 21752 14242 -54447.044  125  256 -54328.000 -54533.304  0.38%   170  402s
 21974 14343 -54437.615  147  259 -54328.000 -54533.304  0.38%   170  405s
 22394 14562 -54400.193  209  153 -54328.000 -54533.304  0.38%   170  411s
 22890 14729 -54527.703   50  360 -54328.000 -54533.304  0.38%   170  418s
 23105 15015 -54356.962   97  317 -54328.000 -54533.304  0.38%   170  421s
 23494 15200 -54507.316   56  383 -54328.000 -54533.304  0.38%   169  426s
 24378 15597 -54512.038   74  347 -54328.000 -54533.304  0.38%   166  433s
 24622 15938 -54485.749  141  361 -54328.000 -54533.304  0.38%   166  436s
 25054 16119 -54423.790  265  258 -54328.000 -54533.304  0.38%   165  440s
 25830 16516 -54400.048   60  295 -54328.000 -54533.304  0.38%   166  448s
 26304 16607 -54520.052   32  431 -54328.000 -54533.304  0.38%   166  452s
 26634 16813 -54434.333   72  380 -54328.000 -54533.304  0.38%   167  457s
 27050 16919 -54517.313   30  407 -54328.000 -54533.304  0.38%   167  462s
 27366 17018 -54332.577  101  363 -54328.000 -54533.304  0.38%   168  466s
 27674 17159 -54500.951   47  393 -54328.000 -54533.304  0.38%   169  471s
 28034 17294 -54447.247   69  255 -54328.000 -54533.304  0.38%   171  476s
 28351 17677 -54356.117  152  327 -54328.000 -54533.304  0.38%   171  482s
 28940 18118 -54491.732   49  386 -54328.000 -54533.304  0.38%   171  487s
 29661 18496 -54442.115  152  238 -54328.000 -54533.304  0.38%   171  493s
 30406 18537 -54460.856  113  295 -54328.000 -54533.304  0.38%   170  501s
 30762 19023 -54495.805   37  366 -54328.000 -54533.304  0.38%   171  507s
 31426 19180 -54434.110  172  177 -54328.000 -54533.304  0.38%   171  516s
 31928 19718     cutoff  306      -54328.000 -54532.974  0.38%   170  525s
 32778 20081 -54403.908   86  308 -54328.000 -54532.764  0.38%   171  533s
 33565 19988 -54502.257   43  432 -54328.000 -54532.311  0.38%   172  540s
H33571 16748                    -54374.00000 -54532.311  0.29%   172  540s
 33773 17330 -54515.074   40  362 -54374.000 -54532.299  0.29%   173  547s
 34576 17549 -54502.883   48  397 -54374.000 -54531.636  0.29%   173  554s
 35143 17911 -54452.227   61  266 -54374.000 -54531.493  0.29%   174  561s
 35981 18119 -54390.779   71  343 -54374.000 -54531.319  0.29%   175  567s
 36560 18314 -54502.884   83  226 -54374.000 -54531.119  0.29%   176  573s
 37028 18545     cutoff   51      -54374.000 -54531.034  0.29%   177  580s
 37577 18959 -54515.837   44  411 -54374.000 -54530.872  0.29%   178  586s
 38232 19115 -54439.008  202  247 -54374.000 -54530.837  0.29%   177  597s
 38659 19297 -54481.584  111  321 -54374.000 -54530.767  0.29%   178  600s

Cutting planes:
  Cover: 120
  Clique: 7
  MIR: 297
  StrongCG: 182
  Flow cover: 85
  GUB cover: 5
  Zero half: 2
  RLT: 1

Explored 39019 nodes (6930748 simplex iterations) in 600.01 seconds (1022.00 work units)
Thread count was 4 (of 56 available processors)

Solution count 10: -54374 -54328 -54286 ... -53932

Time limit reached
Best objective -5.437400000000e+04, best bound -5.453000000000e+04, gap 0.2869%
