
Gurobi 9.5.0 (linux64) logging started Sat Jun 18 15:46:52 2022

Set parameter LogFile to value "/local_workspace/chenrui/LogFiles/MKAP/new2S_R10_M10_N100_seed7_DWcutsCTp3_600.log"
Gurobi Optimizer version 9.5.0 build v9.5.0rc5 (linux64)
Thread count: 56 physical cores, 56 logical processors, using up to 4 threads
Optimize a model with 957 rows, 1100 columns and 10022 nonzeros
Model fingerprint: 0x502459e2
Variable types: 0 continuous, 1100 integer (1100 binary)
Coefficient statistics:
  Matrix range     [1e-13, 7e+03]
  Objective range  [1e+02, 1e+03]
  Bounds range     [1e+00, 1e+00]
  RHS range        [1e-05, 1e+00]
Warning: Model contains large matrix coefficient range
         Consider reformulating model or setting NumericFocus parameter
         to avoid numerical issues.
Found heuristic solution: objective 0.0000000
Presolve removed 44 rows and 68 columns
Presolve time: 0.03s
Presolved: 913 rows, 1032 columns, 8946 nonzeros
Found heuristic solution: objective -5763.000000
Variable types: 0 continuous, 1032 integer (1032 binary)

Root relaxation: objective -3.182201e+04, 2060 iterations, 0.07 seconds (0.08 work units)

    Nodes    |    Current Node    |     Objective Bounds      |     Work
 Expl Unexpl |  Obj  Depth IntInf | Incumbent    BestBd   Gap | It/Node Time

     0     0 -31822.005    0  104 -5763.0000 -31822.005   452%     -    0s
H    0     0                    -31638.00000 -31822.005  0.58%     -    0s
H    0     0                    -31775.00001 -31822.005  0.15%     -    0s
     0     0 -31822.001    0  120 -31775.000 -31822.001  0.15%     -    0s
     0     0 -31822.001    0   61 -31775.000 -31822.001  0.15%     -    0s
     0     0 -31816.568    0  103 -31775.000 -31816.568  0.13%     -    0s
     0     0 -31814.030    0   72 -31775.000 -31814.030  0.12%     -    0s
     0     0 -31812.610    0   87 -31775.000 -31812.610  0.12%     -    0s
     0     0 -31812.209    0   87 -31775.000 -31812.209  0.12%     -    0s
     0     0 -31809.372    0   86 -31775.000 -31809.372  0.11%     -    0s
     0     0 -31809.372    0   86 -31775.000 -31809.372  0.11%     -    0s
     0     0 -31809.372    0   38 -31775.000 -31809.372  0.11%     -    0s
     0     0 -31809.372    0  102 -31775.000 -31809.372  0.11%     -    0s
     0     0 -31809.372    0  104 -31775.000 -31809.372  0.11%     -    0s
     0     0 -31809.372    0   86 -31775.000 -31809.372  0.11%     -    0s
     0     0 -31809.372    0   93 -31775.000 -31809.372  0.11%     -    0s
     0     0 -31809.372    0   94 -31775.000 -31809.372  0.11%     -    0s
     0     0 -31809.372    0   94 -31775.000 -31809.372  0.11%     -    0s
     0     0 -31809.372    0   86 -31775.000 -31809.372  0.11%     -    0s
     0     0 -31809.372    0   86 -31775.000 -31809.372  0.11%     -    0s
     0     0 -31809.372    0   33 -31775.000 -31809.372  0.11%     -    0s
     0     0 -31809.372    0   93 -31775.000 -31809.372  0.11%     -    0s
     0     0 -31809.372    0   94 -31775.000 -31809.372  0.11%     -    0s
     0     0 -31809.372    0   84 -31775.000 -31809.372  0.11%     -    0s
     0     0 -31809.372    0   79 -31775.000 -31809.372  0.11%     -    0s
     0     0 -31809.372    0   81 -31775.000 -31809.372  0.11%     -    0s
     0     0 -31809.372    0   80 -31775.000 -31809.372  0.11%     -    0s
     0     0 -31809.372    0   80 -31775.000 -31809.372  0.11%     -    0s
     0     0 -31809.372    0   33 -31775.000 -31809.372  0.11%     -    0s
     0     0 -31809.372    0   88 -31775.000 -31809.372  0.11%     -    0s
     0     0 -31809.372    0   89 -31775.000 -31809.372  0.11%     -    0s
     0     0 -31809.372    0   79 -31775.000 -31809.372  0.11%     -    0s
     0     0 -31809.372    0   74 -31775.000 -31809.372  0.11%     -    0s
     0     0 -31809.372    0   76 -31775.000 -31809.372  0.11%     -    0s
     0     0 -31809.372    0   75 -31775.000 -31809.372  0.11%     -    0s
     0     0 -31809.372    0   75 -31775.000 -31809.372  0.11%     -    0s
     0     0 -31809.372    0   33 -31775.000 -31809.372  0.11%     -    0s
     0     0 -31809.372    0   87 -31775.000 -31809.372  0.11%     -    0s
     0     0 -31809.372    0   88 -31775.000 -31809.372  0.11%     -    0s
     0     0 -31809.372    0   76 -31775.000 -31809.372  0.11%     -    0s
     0     0 -31809.372    0   76 -31775.000 -31809.372  0.11%     -    0s
     0     0 -31809.372    0   75 -31775.000 -31809.372  0.11%     -    0s
     0     0 -31808.083    0   75 -31775.000 -31808.083  0.10%     -    1s
     0     2 -31808.083    0   75 -31775.000 -31808.083  0.10%     -    1s

Cutting planes:
  Gomory: 1
  Cover: 12
  Clique: 11
  MIR: 1

Explored 25 nodes (7782 simplex iterations) in 1.07 seconds (1.02 work units)
Thread count was 4 (of 56 available processors)

Solution count 4: -31775 -31638 -5763 0 
No other solutions better than -31775

Optimal solution found (tolerance 1.00e-04)
Best objective -3.177500000534e+04, best bound -3.177500000534e+04, gap 0.0000%
