
Gurobi 9.5.0 (linux64) logging started Thu Apr 28 15:38:03 2022

Set parameter LogFile to value "/local_workspace/chenrui/LogFiles/MKAP/new2S_R10_M10_N100_seed5_DWcutsCT6_600.log"
Gurobi Optimizer version 9.5.0 build v9.5.0rc5 (linux64)
Thread count: 56 physical cores, 56 logical processors, using up to 4 threads
Optimize a model with 3843 rows, 1100 columns and 37805 nonzeros
Model fingerprint: 0xa2db3a2d
Variable types: 0 continuous, 1100 integer (1100 binary)
Coefficient statistics:
  Matrix range     [1e-13, 2e+04]
  Objective range  [6e+01, 1e+03]
  Bounds range     [1e+00, 1e+00]
  RHS range        [1e+00, 1e+00]
Warning: Model contains large matrix coefficient range
         Consider reformulating model or setting NumericFocus parameter
         to avoid numerical issues.
Found heuristic solution: objective 0.0000000
Presolve removed 1022 rows and 144 columns
Presolve time: 0.11s
Presolved: 2821 rows, 956 columns, 19823 nonzeros
Found heuristic solution: objective -6555.000000
Variable types: 0 continuous, 956 integer (956 binary)

Root relaxation: objective -3.210300e+04, 2231 iterations, 0.12 seconds (0.18 work units)

    Nodes    |    Current Node    |     Objective Bounds      |     Work
 Expl Unexpl |  Obj  Depth IntInf | Incumbent    BestBd   Gap | It/Node Time

*    0     0               0    -32103.00000 -32103.000  0.00%     -    0s

Explored 1 nodes (2231 simplex iterations) in 0.25 seconds (0.30 work units)
Thread count was 4 (of 56 available processors)

Solution count 3: -32103 -6555 0 
No other solutions better than -32103

Optimal solution found (tolerance 1.00e-04)
Best objective -3.210300000000e+04, best bound -3.210300000000e+04, gap 0.0000%

Gurobi 9.5.0 (linux64) logging started Thu Apr 28 17:35:52 2022

Set parameter LogFile to value "/local_workspace/chenrui/LogFiles/MKAP/new2S_R10_M10_N100_seed5_DWcutsCT6_600.log"
Gurobi Optimizer version 9.5.0 build v9.5.0rc5 (linux64)
Thread count: 56 physical cores, 56 logical processors, using up to 4 threads
Optimize a model with 3843 rows, 1100 columns and 37805 nonzeros
Model fingerprint: 0xa2db3a2d
Variable types: 0 continuous, 1100 integer (1100 binary)
Coefficient statistics:
  Matrix range     [1e-13, 2e+04]
  Objective range  [6e+01, 1e+03]
  Bounds range     [1e+00, 1e+00]
  RHS range        [1e+00, 1e+00]
Warning: Model contains large matrix coefficient range
         Consider reformulating model or setting NumericFocus parameter
         to avoid numerical issues.
Found heuristic solution: objective 0.0000000
Presolve removed 1022 rows and 144 columns
Presolve time: 0.11s
Presolved: 2821 rows, 956 columns, 19823 nonzeros
Found heuristic solution: objective -6555.000000
Variable types: 0 continuous, 956 integer (956 binary)

Root relaxation: objective -3.210300e+04, 2231 iterations, 0.12 seconds (0.18 work units)

    Nodes    |    Current Node    |     Objective Bounds      |     Work
 Expl Unexpl |  Obj  Depth IntInf | Incumbent    BestBd   Gap | It/Node Time

*    0     0               0    -32103.00000 -32103.000  0.00%     -    0s

Explored 1 nodes (2231 simplex iterations) in 0.25 seconds (0.30 work units)
Thread count was 4 (of 56 available processors)

Solution count 3: -32103 -6555 0 
No other solutions better than -32103

Optimal solution found (tolerance 1.00e-04)
Best objective -3.210300000000e+04, best bound -3.210300000000e+04, gap 0.0000%

Gurobi 9.5.0 (linux64) logging started Fri Apr 29 21:03:11 2022

Set parameter LogFile to value "/local_workspace/chenrui/LogFiles/MKAP/new2S_R10_M10_N100_seed5_DWcutsCT6_600.log"
Gurobi Optimizer version 9.5.0 build v9.5.0rc5 (linux64)
Thread count: 56 physical cores, 56 logical processors, using up to 4 threads
Optimize a model with 3840 rows, 1100 columns and 37965 nonzeros
Model fingerprint: 0x912fe574
Variable types: 0 continuous, 1100 integer (1100 binary)
Coefficient statistics:
  Matrix range     [1e-13, 2e+04]
  Objective range  [6e+01, 1e+03]
  Bounds range     [1e+00, 1e+00]
  RHS range        [2e-16, 1e+00]
Warning: Model contains large matrix coefficient range
         Consider reformulating model or setting NumericFocus parameter
         to avoid numerical issues.
Found heuristic solution: objective 0.0000000
Presolve removed 1022 rows and 144 columns
Presolve time: 0.11s
Presolved: 2818 rows, 956 columns, 19695 nonzeros
Found heuristic solution: objective -6555.000000
Variable types: 0 continuous, 956 integer (956 binary)

Root relaxation: objective -3.210300e+04, 2137 iterations, 0.12 seconds (0.18 work units)

    Nodes    |    Current Node    |     Objective Bounds      |     Work
 Expl Unexpl |  Obj  Depth IntInf | Incumbent    BestBd   Gap | It/Node Time

*    0     0               0    -32103.00000 -32103.000  0.00%     -    0s

Explored 1 nodes (2137 simplex iterations) in 0.25 seconds (0.29 work units)
Thread count was 4 (of 56 available processors)

Solution count 3: -32103 -6555 0 
No other solutions better than -32103

Optimal solution found (tolerance 1.00e-04)
Best objective -3.210300000000e+04, best bound -3.210300000000e+04, gap 0.0000%
