
Gurobi 9.5.0 (linux64) logging started Sat Jun 18 20:37:24 2022

Set parameter LogFile to value "/local_workspace/chenrui/LogFiles/MKAP/new2S_R25_M20_N300_seed9_DWcutsCTp6_600.log"
Gurobi Optimizer version 9.5.0 build v9.5.0rc5 (linux64)
Thread count: 56 physical cores, 56 logical processors, using up to 4 threads
Optimize a model with 25409 rows, 6500 columns and 320603 nonzeros
Model fingerprint: 0xc2dbe63e
Variable types: 0 continuous, 6500 integer (6500 binary)
Coefficient statistics:
  Matrix range     [1e-13, 2e+04]
  Objective range  [4e+01, 1e+03]
  Bounds range     [1e+00, 1e+00]
  RHS range        [1e-05, 1e+00]
Warning: Model contains large matrix coefficient range
         Consider reformulating model or setting NumericFocus parameter
         to avoid numerical issues.
Found heuristic solution: objective 0.0000000
Presolve removed 2994 rows and 515 columns
Presolve time: 0.73s
Presolved: 22415 rows, 5985 columns, 216355 nonzeros
Variable types: 0 continuous, 5985 integer (5985 binary)
Found heuristic solution: objective -6217.000000

Root simplex log...

Iteration    Objective       Primal Inf.    Dual Inf.      Time
   13232   -9.3897107e+04   4.325392e+04   0.000000e+00      5s
   14493   -9.3614349e+04   0.000000e+00   0.000000e+00      6s

Root relaxation: objective -9.361435e+04, 14493 iterations, 4.75 seconds (10.59 work units)

    Nodes    |    Current Node    |     Objective Bounds      |     Work
 Expl Unexpl |  Obj  Depth IntInf | Incumbent    BestBd   Gap | It/Node Time

     0     0 -93614.349    0  250 -6217.0000 -93614.349  1406%     -    5s
H    0     0                    -93550.00000 -93614.349  0.07%     -    5s
H    0     0                    -93604.00000 -93614.349  0.01%     -    5s
     0     0 -93614.316    0  108 -93604.000 -93614.316  0.01%     -    6s
*    0     0               0    -93610.00001 -93610.000  0.00%     -    7s

Explored 1 nodes (17607 simplex iterations) in 7.92 seconds (14.72 work units)
Thread count was 4 (of 56 available processors)

Solution count 5: -93610 -93604 -93550 ... 0
No other solutions better than -93610

Optimal solution found (tolerance 1.00e-04)
Best objective -9.361000005923e+04, best bound -9.361000005923e+04, gap 0.0000%
