
Gurobi 9.5.0 (linux64) logging started Fri Apr 15 10:59:05 2022

Set parameter LogFile to value "/local_workspace/chenrui/LogFiles/MKAP/new2S_R10_M60_N100_seed1_DWcutsT5_600.log"
Gurobi Optimizer version 9.5.0 build v9.5.0rc5 (linux64)
Thread count: 56 physical cores, 56 logical processors, using up to 4 threads
Optimize a model with 18969 rows, 6600 columns and 150039 nonzeros
Model fingerprint: 0x7a304faa
Variable types: 0 continuous, 6600 integer (6600 binary)
Coefficient statistics:
  Matrix range     [1e-13, 5e+03]
  Objective range  [4e+01, 1e+03]
  Bounds range     [1e+00, 1e+00]
  RHS range        [1e-13, 1e+01]
Warning: Model contains large matrix coefficient range
         Consider reformulating model or setting NumericFocus parameter
         to avoid numerical issues.
Found heuristic solution: objective 0.0000000
Presolve removed 17397 rows and 4007 columns
Presolve time: 0.10s
Presolved: 1572 rows, 2593 columns, 12116 nonzeros
Found heuristic solution: objective -27391.00000
Variable types: 0 continuous, 2593 integer (2593 binary)

Root relaxation: objective -3.552763e+04, 2149 iterations, 0.04 seconds (0.05 work units)

    Nodes    |    Current Node    |     Objective Bounds      |     Work
 Expl Unexpl |  Obj  Depth IntInf | Incumbent    BestBd   Gap | It/Node Time

     0     0 -35527.632    0   41 -27391.000 -35527.632  29.7%     -    0s
H    0     0                    -35078.00000 -35527.632  1.28%     -    0s
H    0     0                    -35186.00000 -35527.632  0.97%     -    0s
     0     0 -35494.844    0   66 -35186.000 -35494.844  0.88%     -    0s
H    0     0                    -35195.00000 -35494.844  0.85%     -    0s
     0     0 -35443.072    0   46 -35195.000 -35443.072  0.70%     -    0s
H    0     0                    -35278.00000 -35443.072  0.47%     -    0s
     0     0 -35393.290    0   58 -35278.000 -35393.290  0.33%     -    0s
H    0     0                    -35300.00000 -35379.912  0.23%     -    0s
     0     0 -35379.912    0   46 -35300.000 -35379.912  0.23%     -    0s
     0     0 -35371.011    0   54 -35300.000 -35371.011  0.20%     -    0s
     0     0 -35365.874    0   40 -35300.000 -35365.874  0.19%     -    0s
     0     0 -35338.063    0   23 -35300.000 -35338.063  0.11%     -    0s
     0     0 -35338.063    0   23 -35300.000 -35338.063  0.11%     -    0s
H    0     0                    -35313.00000 -35338.063  0.07%     -    0s
     0     0 -35325.051    0   34 -35313.000 -35325.051  0.03%     -    0s
     0     0 -35323.250    0    9 -35313.000 -35323.250  0.03%     -    0s

Explored 1 nodes (3748 simplex iterations) in 0.48 seconds (0.35 work units)
Thread count was 4 (of 56 available processors)

Solution count 10: -35313 -35300 -35300 ... 0
No other solutions better than -35313

Optimal solution found (tolerance 1.00e-04)
Best objective -3.531300000000e+04, best bound -3.531300000000e+04, gap 0.0000%
