
Gurobi 9.5.0 (linux64) logging started Fri Apr 29 22:20:23 2022

Set parameter LogFile to value "/local_workspace/chenrui/LogFiles/MKAP/new2S_R25_M10_N300_seed1_DWcutsCT6_600.log"
Gurobi Optimizer version 9.5.0 build v9.5.0rc5 (linux64)
Thread count: 56 physical cores, 56 logical processors, using up to 4 threads
Optimize a model with 16272 rows, 3250 columns and 198292 nonzeros
Model fingerprint: 0x0fb7a556
Variable types: 0 continuous, 3250 integer (3250 binary)
Coefficient statistics:
  Matrix range     [1e-13, 4e+04]
  Objective range  [5e+01, 1e+03]
  Bounds range     [1e+00, 1e+00]
  RHS range        [2e-16, 1e+00]
Warning: Model contains large matrix coefficient range
         Consider reformulating model or setting NumericFocus parameter
         to avoid numerical issues.
Found heuristic solution: objective 0.0000000
Presolve removed 958 rows and 0 columns
Presolve time: 0.46s
Presolved: 15314 rows, 3250 columns, 126926 nonzeros
Variable types: 0 continuous, 3250 integer (3250 binary)
Found heuristic solution: objective -6840.000000

Root relaxation: objective -7.350900e+04, 7531 iterations, 1.92 seconds (3.66 work units)

    Nodes    |    Current Node    |     Objective Bounds      |     Work
 Expl Unexpl |  Obj  Depth IntInf | Incumbent    BestBd   Gap | It/Node Time

*    0     0               0    -73509.00000 -73509.000  0.00%     -    2s

Explored 1 nodes (7531 simplex iterations) in 2.43 seconds (4.25 work units)
Thread count was 4 (of 56 available processors)

Solution count 3: -73509 -6840 0 
No other solutions better than -73509

Optimal solution found (tolerance 1.00e-04)
Best objective -7.350900000000e+04, best bound -7.350900000000e+04, gap 0.0000%
