
Gurobi 9.5.0 (linux64) logging started Sat Jun 18 17:48:22 2022

Set parameter LogFile to value "/local_workspace/chenrui/LogFiles/MKAP/new2S_R25_M10_N100_seed5_DWcutsCTp_600.log"
Gurobi Optimizer version 9.5.0 build v9.5.0rc5 (linux64)
Thread count: 56 physical cores, 56 logical processors, using up to 4 threads
Optimize a model with 610 rows, 1250 columns and 3741 nonzeros
Model fingerprint: 0x16812027
Variable types: 0 continuous, 1250 integer (1250 binary)
Coefficient statistics:
  Matrix range     [1e+00, 7e+03]
  Objective range  [6e+01, 1e+03]
  Bounds range     [1e+00, 1e+00]
  RHS range        [1e-05, 1e+00]
Found heuristic solution: objective 0.0000000
Presolve removed 87 rows and 182 columns
Presolve time: 0.01s
Presolved: 523 rows, 1068 columns, 3126 nonzeros
Found heuristic solution: objective -7003.000000
Variable types: 0 continuous, 1068 integer (1068 binary)

Root relaxation: objective -2.187401e+04, 1282 iterations, 0.01 seconds (0.01 work units)

    Nodes    |    Current Node    |     Objective Bounds      |     Work
 Expl Unexpl |  Obj  Depth IntInf | Incumbent    BestBd   Gap | It/Node Time

     0     0 -21874.006    0   34 -7003.0000 -21874.006   212%     -    0s
H    0     0                    -21594.00000 -21874.006  1.30%     -    0s
H    0     0                    -21874.00000 -21874.006  0.00%     -    0s
     0     0 -21874.006    0   34 -21874.000 -21874.006  0.00%     -    0s

Explored 1 nodes (1306 simplex iterations) in 0.03 seconds (0.02 work units)
Thread count was 4 (of 56 available processors)

Solution count 4: -21874 -21594 -7003 0 
No other solutions better than -21874

Optimal solution found (tolerance 1.00e-04)
Best objective -2.187400000000e+04, best bound -2.187400000000e+04, gap 0.0000%
