
Gurobi 9.5.0 (linux64) logging started Mon Jun 20 11:46:51 2022

Set parameter LogFile to value "/local_workspace/chenrui/LogFiles/MKAP/new2S_R25_M20_N100_seed1_DWcutsCTp2_600.log"
Gurobi Optimizer version 9.5.0 build v9.5.0rc5 (linux64)
Thread count: 56 physical cores, 56 logical processors, using up to 4 threads
Optimize a model with 2040 rows, 2500 columns and 10121 nonzeros
Model fingerprint: 0xee443381
Variable types: 0 continuous, 2500 integer (2500 binary)
Coefficient statistics:
  Matrix range     [1e-13, 8e+03]
  Objective range  [3e+01, 1e+03]
  Bounds range     [1e+00, 1e+00]
  RHS range        [1e-05, 1e+00]
Warning: Model contains large matrix coefficient range
         Consider reformulating model or setting NumericFocus parameter
         to avoid numerical issues.
Found heuristic solution: objective 0.0000000
Presolve removed 496 rows and 506 columns
Presolve time: 0.03s
Presolved: 1544 rows, 1994 columns, 6427 nonzeros
Found heuristic solution: objective -12681.00000
Variable types: 0 continuous, 1994 integer (1994 binary)

Root relaxation: objective -3.032704e+04, 3106 iterations, 0.05 seconds (0.04 work units)

    Nodes    |    Current Node    |     Objective Bounds      |     Work
 Expl Unexpl |  Obj  Depth IntInf | Incumbent    BestBd   Gap | It/Node Time

     0     0 -30327.037    0  138 -12681.000 -30327.037   139%     -    0s
H    0     0                    -30237.00000 -30327.037  0.30%     -    0s
H    0     0                    -30305.00000 -30327.037  0.07%     -    0s
     0     0 -30326.198    0   81 -30305.000 -30326.198  0.07%     -    0s
     0     0 -30326.198    0   81 -30305.000 -30326.198  0.07%     -    0s
H    0     0                    -30326.00000 -30326.198  0.00%     -    0s
     0     0 -30326.198    0   81 -30326.000 -30326.198  0.00%     -    0s

Explored 1 nodes (3174 simplex iterations) in 0.18 seconds (0.11 work units)
Thread count was 4 (of 56 available processors)

Solution count 5: -30326 -30305 -30237 ... 0
No other solutions better than -30326

Optimal solution found (tolerance 1.00e-04)
Best objective -3.032600000000e+04, best bound -3.032600000000e+04, gap 0.0000%
