
Gurobi 9.5.0 (linux64) logging started Wed May  4 00:34:10 2022

Set parameter LogFile to value "/local_workspace/chenrui/LogFiles/MKAP/new2S_R25_M30_N50_seed2_objLB_600.log"
Gurobi Optimizer version 9.5.0 build v9.5.0rc5 (linux64)
Thread count: 56 physical cores, 56 logical processors, using up to 4 threads
Optimize a model with 831 rows, 2250 columns and 6000 nonzeros
Model fingerprint: 0x0db5c51c
Variable types: 0 continuous, 2250 integer (2250 binary)
Coefficient statistics:
  Matrix range     [1e+00, 1e+03]
  Objective range  [7e+01, 1e+03]
  Bounds range     [1e+00, 1e+00]
  RHS range        [1e+00, 1e+04]
Found heuristic solution: objective 0.0000000
Presolve removed 698 rows and 1585 columns
Presolve time: 0.01s
Presolved: 133 rows, 665 columns, 1928 nonzeros
Variable types: 0 continuous, 665 integer (665 binary)
Found heuristic solution: objective -12878.00000

Root relaxation: objective -1.331200e+04, 218 iterations, 0.00 seconds (0.00 work units)

    Nodes    |    Current Node    |     Objective Bounds      |     Work
 Expl Unexpl |  Obj  Depth IntInf | Incumbent    BestBd   Gap | It/Node Time

     0     0 -13312.000    0    6 -12878.000 -13312.000  3.37%     -    0s
H    0     0                    -13108.00000 -13312.000  1.56%     -    0s
H    0     0                    -13123.00000 -13312.000  1.44%     -    0s
H    0     0                    -13191.00000 -13312.000  0.92%     -    0s
H    0     0                    -13300.00000 -13312.000  0.09%     -    0s
     0     0 -13312.000    0   25 -13300.000 -13312.000  0.09%     -    0s
H    0     0                    -13312.00000 -13312.000  0.00%     -    0s
     0     0 -13312.000    0    6 -13312.000 -13312.000  0.00%     -    0s

Cutting planes:
  Gomory: 9
  Cover: 11
  Clique: 3
  MIR: 2
  StrongCG: 1
  Mod-K: 1

Explored 1 nodes (826 simplex iterations) in 0.05 seconds (0.04 work units)
Thread count was 4 (of 56 available processors)

Solution count 7: -13312 -13300 -13191 ... 0
No other solutions better than -13312

Optimal solution found (tolerance 1.00e-04)
Best objective -1.331200000000e+04, best bound -1.331200000000e+04, gap 0.0000%
