
Gurobi 9.5.0 (linux64) logging started Tue May  3 13:22:15 2022

Set parameter LogFile to value "/local_workspace/chenrui/LogFiles/MKAP/new2S_R10_M10_N50_seed5_DWcutsCT_600.log"
Gurobi Optimizer version 9.5.0 build v9.5.0rc5 (linux64)
Thread count: 56 physical cores, 56 logical processors, using up to 4 threads
Optimize a model with 260 rows, 600 columns and 1800 nonzeros
Model fingerprint: 0x7e6c3e1e
Variable types: 0 continuous, 600 integer (600 binary)
Coefficient statistics:
  Matrix range     [1e+00, 3e+03]
  Objective range  [2e+02, 1e+03]
  Bounds range     [1e+00, 1e+00]
  RHS range        [1e+00, 1e+00]
Found heuristic solution: objective 0.0000000
Presolve removed 44 rows and 108 columns
Presolve time: 0.01s
Presolved: 216 rows, 492 columns, 1428 nonzeros
Found heuristic solution: objective -6350.000000
Variable types: 0 continuous, 492 integer (492 binary)

Root relaxation: objective -1.758789e+04, 560 iterations, 0.01 seconds (0.00 work units)

    Nodes    |    Current Node    |     Objective Bounds      |     Work
 Expl Unexpl |  Obj  Depth IntInf | Incumbent    BestBd   Gap | It/Node Time

     0     0 -17587.890    0   33 -6350.0000 -17587.890   177%     -    0s
H    0     0                    -14694.00000 -17587.890  19.7%     -    0s
H    0     0                    -16977.00000 -17587.890  3.60%     -    0s
H    0     0                    -17034.00000 -17587.890  3.25%     -    0s
     0     0 -17587.890    0   31 -17034.000 -17587.890  3.25%     -    0s
H    0     0                    -17377.00000 -17587.890  1.21%     -    0s
H    0     0                    -17573.00000 -17587.890  0.08%     -    0s
     0     0 -17587.890    0    1 -17573.000 -17587.890  0.08%     -    0s
     0     0 -17587.890    0   23 -17573.000 -17587.890  0.08%     -    0s
     0     0 -17587.890    0   40 -17573.000 -17587.890  0.08%     -    0s
     0     0 -17587.890    0    5 -17573.000 -17587.890  0.08%     -    0s
     0     0 -17587.851    0   15 -17573.000 -17587.851  0.08%     -    0s
     0     0 -17573.000    0   16 -17573.000 -17573.000  0.00%     -    0s

Cutting planes:
  Gomory: 1
  Lift-and-project: 1
  Cover: 3
  Clique: 4
  MIR: 2
  RLT: 1

Explored 1 nodes (899 simplex iterations) in 0.05 seconds (0.02 work units)
Thread count was 4 (of 56 available processors)

Solution count 7: -17573 -17377 -17034 ... 0
No other solutions better than -17573

Optimal solution found (tolerance 1.00e-04)
Best objective -1.757300000000e+04, best bound -1.757300000000e+04, gap 0.0000%
