
Gurobi 9.5.0 (linux64) logging started Mon Jun 20 11:44:01 2022

Set parameter LogFile to value "/local_workspace/chenrui/LogFiles/MKAP/new2S_R10_M40_N100_seed10_DWcutsCTp1_600.log"
Gurobi Optimizer version 9.5.0 build v9.5.0rc5 (linux64)
Thread count: 56 physical cores, 56 logical processors, using up to 4 threads
Optimize a model with 1264 rows, 4400 columns and 15901 nonzeros
Model fingerprint: 0x93e9b6b6
Variable types: 0 continuous, 4400 integer (4400 binary)
Coefficient statistics:
  Matrix range     [1e-13, 1e+03]
  Objective range  [5e+01, 1e+03]
  Bounds range     [1e+00, 1e+00]
  RHS range        [1e-05, 1e+00]
Warning: Model contains large matrix coefficient range
         Consider reformulating model or setting NumericFocus parameter
         to avoid numerical issues.
Found heuristic solution: objective 0.0000000
Presolve removed 146 rows and 1612 columns
Presolve time: 0.03s
Presolved: 1118 rows, 2788 columns, 10129 nonzeros
Found heuristic solution: objective -11340.00000
Variable types: 0 continuous, 2788 integer (2788 binary)

Root relaxation: objective -3.048772e+04, 3766 iterations, 0.10 seconds (0.09 work units)

    Nodes    |    Current Node    |     Objective Bounds      |     Work
 Expl Unexpl |  Obj  Depth IntInf | Incumbent    BestBd   Gap | It/Node Time

     0     0 -30487.716    0  250 -11340.000 -30487.716   169%     -    0s
H    0     0                    -28980.00000 -30487.716  5.20%     -    0s
H    0     0                    -29205.00000 -30487.716  4.39%     -    0s
H    0     0                    -29473.00000 -30487.716  3.44%     -    0s
H    0     0                    -29646.00000 -30487.716  2.84%     -    0s
H    0     0                    -30047.00000 -30487.716  1.47%     -    0s
     0     0 -30487.711    0  267 -30047.000 -30487.711  1.47%     -    0s
H    0     0                    -30227.00000 -30487.711  0.86%     -    0s
     0     0 -30487.711    0  260 -30227.000 -30487.711  0.86%     -    0s
     0     0 -30487.711    0  258 -30227.000 -30487.711  0.86%     -    0s
     0     0 -30487.711    0  263 -30227.000 -30487.711  0.86%     -    0s
     0     0 -30487.711    0  258 -30227.000 -30487.711  0.86%     -    0s
     0     0 -30487.711    0  263 -30227.000 -30487.711  0.86%     -    0s
     0     0 -30487.711    0  263 -30227.000 -30487.711  0.86%     -    0s
H    0     0                    -30322.00000 -30487.711  0.55%     -    0s
H    0     2                    -30365.00000 -30487.711  0.40%     -    0s
     0     2 -30487.711    0  263 -30365.000 -30487.711  0.40%     -    0s
H   29    32                    -30475.00000 -30487.704  0.04%   114    1s

Cutting planes:
  Cover: 89
  Clique: 21
  MIR: 17
  StrongCG: 13

Explored 1635 nodes (87948 simplex iterations) in 2.67 seconds (3.24 work units)
Thread count was 4 (of 56 available processors)

Solution count 10: -30475 -30365 -30322 ... -11340

Optimal solution found (tolerance 1.00e-04)
Best objective -3.047500000000e+04, best bound -3.047600000000e+04, gap 0.0033%
