
Gurobi 9.5.0 (linux64) logging started Fri Apr 29 22:01:52 2022

Set parameter LogFile to value "/local_workspace/chenrui/LogFiles/MKAP/new2S_R25_M10_N100_seed7_DWcutsCT_600.log"
Gurobi Optimizer version 9.5.0 build v9.5.0rc5 (linux64)
Thread count: 56 physical cores, 56 logical processors, using up to 4 threads
Optimize a model with 610 rows, 1250 columns and 3750 nonzeros
Model fingerprint: 0x021551df
Variable types: 0 continuous, 1250 integer (1250 binary)
Coefficient statistics:
  Matrix range     [1e+00, 5e+03]
  Objective range  [1e+02, 1e+03]
  Bounds range     [1e+00, 1e+00]
  RHS range        [1e+00, 1e+00]
Found heuristic solution: objective 0.0000000
Presolve removed 33 rows and 82 columns
Presolve time: 0.01s
Presolved: 577 rows, 1168 columns, 3467 nonzeros
Found heuristic solution: objective -3035.000000
Variable types: 0 continuous, 1168 integer (1168 binary)

Root relaxation: objective -2.352100e+04, 1303 iterations, 0.01 seconds (0.01 work units)

    Nodes    |    Current Node    |     Objective Bounds      |     Work
 Expl Unexpl |  Obj  Depth IntInf | Incumbent    BestBd   Gap | It/Node Time

     0     0 -23521.003    0   30 -3035.0000 -23521.003   675%     -    0s
H    0     0                    -20380.00000 -23521.003  15.4%     -    0s
H    0     0                    -23303.00000 -23521.003  0.94%     -    0s
H    0     0                    -23521.00000 -23521.003  0.00%     -    0s

Cutting planes:
  Gomory: 1
  Cover: 13
  Clique: 52
  MIR: 1
  StrongCG: 1

Explored 1 nodes (1346 simplex iterations) in 0.04 seconds (0.03 work units)
Thread count was 4 (of 56 available processors)

Solution count 5: -23521 -23303 -20380 ... 0
No other solutions better than -23521

Optimal solution found (tolerance 1.00e-04)
Best objective -2.352100000000e+04, best bound -2.352100000000e+04, gap 0.0000%
