
Gurobi 9.5.0 (linux64) logging started Wed May  4 00:34:45 2022

Set parameter LogFile to value "/local_workspace/chenrui/LogFiles/MKAP/new2S_R25_M30_N50_seed6_original_600.log"
Gurobi Optimizer version 9.5.0 build v9.5.0rc5 (linux64)
Thread count: 56 physical cores, 56 logical processors, using up to 4 threads
Optimize a model with 830 rows, 2250 columns and 4500 nonzeros
Model fingerprint: 0x88d4e5cf
Variable types: 0 continuous, 2250 integer (2250 binary)
Coefficient statistics:
  Matrix range     [1e+00, 1e+03]
  Objective range  [8e+01, 1e+03]
  Bounds range     [1e+00, 1e+00]
  RHS range        [1e+00, 1e+00]
Found heuristic solution: objective 0.0000000
Presolve removed 668 rows and 1522 columns
Presolve time: 0.01s
Presolved: 162 rows, 728 columns, 1456 nonzeros
Variable types: 0 continuous, 728 integer (728 binary)
Found heuristic solution: objective -14098.00000

Root relaxation: objective -1.522774e+04, 337 iterations, 0.00 seconds (0.00 work units)

    Nodes    |    Current Node    |     Objective Bounds      |     Work
 Expl Unexpl |  Obj  Depth IntInf | Incumbent    BestBd   Gap | It/Node Time

     0     0 -15227.741    0   16 -14098.000 -15227.741  8.01%     -    0s
H    0     0                    -14734.00000 -15227.741  3.35%     -    0s
H    0     0                    -14821.00000 -15227.741  2.74%     -    0s
H    0     0                    -14936.00000 -15171.409  1.58%     -    0s
     0     0 -15171.409    0   22 -14936.000 -15171.409  1.58%     -    0s
H    0     0                    -15115.00000 -15171.409  0.37%     -    0s
     0     0 -15153.807    0   16 -15115.000 -15153.807  0.26%     -    0s
*    0     0               0    -15147.00000 -15147.000  0.00%     -    0s

Explored 1 nodes (571 simplex iterations) in 0.05 seconds (0.02 work units)
Thread count was 4 (of 56 available processors)

Solution count 8: -15147 -15115 -14936 ... 0
No other solutions better than -15147

Optimal solution found (tolerance 1.00e-04)
Best objective -1.514700000000e+04, best bound -1.514700000000e+04, gap 0.0000%
