
Gurobi 9.5.0 (linux64) logging started Tue May  3 13:20:37 2022

Set parameter LogFile to value "/local_workspace/chenrui/LogFiles/MKAP/new2S_R5_M10_N50_seed8_DWcutsCT6_600.log"
Gurobi Optimizer version 9.5.0 build v9.5.0rc5 (linux64)
Thread count: 56 physical cores, 56 logical processors, using up to 4 threads
Optimize a model with 1064 rows, 550 columns and 10935 nonzeros
Model fingerprint: 0xf7004902
Variable types: 0 continuous, 550 integer (550 binary)
Coefficient statistics:
  Matrix range     [1e-13, 2e+04]
  Objective range  [1e+02, 1e+03]
  Bounds range     [1e+00, 1e+00]
  RHS range        [2e-16, 1e+00]
Warning: Model contains large matrix coefficient range
         Consider reformulating model or setting NumericFocus parameter
         to avoid numerical issues.
Found heuristic solution: objective 0.0000000
Presolve removed 528 rows and 95 columns
Presolve time: 0.04s
Presolved: 536 rows, 455 columns, 5221 nonzeros
Found heuristic solution: objective -7517.000000
Variable types: 0 continuous, 455 integer (455 binary)

Root relaxation: objective -1.756583e+04, 891 iterations, 0.02 seconds (0.02 work units)

    Nodes    |    Current Node    |     Objective Bounds      |     Work
 Expl Unexpl |  Obj  Depth IntInf | Incumbent    BestBd   Gap | It/Node Time

     0     0 -17565.833    0   69 -7517.0000 -17565.833   134%     -    0s
H    0     0                    -17187.00000 -17565.833  2.20%     -    0s
H    0     0                    -17192.00000 -17565.833  2.17%     -    0s
     0     0 -17550.832    0   95 -17192.000 -17550.832  2.09%     -    0s
H    0     0                    -17215.00000 -17550.832  1.95%     -    0s
H    0     0                    -17393.00000 -17550.832  0.91%     -    0s
     0     0 -17550.038    0  101 -17393.000 -17550.038  0.90%     -    0s
     0     0 -17549.555    0   94 -17393.000 -17549.555  0.90%     -    0s
     0     0 -17549.555    0  104 -17393.000 -17549.555  0.90%     -    0s
H    0     0                    -17441.00000 -17549.555  0.62%     -    0s
H    0     0                    -17480.00000 -17549.555  0.40%     -    0s
     0     0 -17546.317    0  113 -17480.000 -17546.317  0.38%     -    0s
     0     0 -17545.703    0  115 -17480.000 -17545.703  0.38%     -    0s
     0     0 -17542.919    0  116 -17480.000 -17542.919  0.36%     -    0s
     0     0 -17532.357    0  116 -17480.000 -17532.357  0.30%     -    0s
H    0     0                    -17486.00000 -17532.357  0.27%     -    0s
     0     0 -17532.357    0   71 -17486.000 -17532.357  0.27%     -    0s
     0     0 -17532.357    0  117 -17486.000 -17532.357  0.27%     -    0s
     0     0 -17532.357    0  104 -17486.000 -17532.357  0.27%     -    0s
     0     0 -17532.357    0  109 -17486.000 -17532.357  0.27%     -    0s
     0     0 -17532.357    0  109 -17486.000 -17532.357  0.27%     -    0s
     0     0 -17532.357    0  113 -17486.000 -17532.357  0.27%     -    0s
     0     0 -17532.357    0  118 -17486.000 -17532.357  0.27%     -    0s
     0     0 -17532.357    0  122 -17486.000 -17532.357  0.27%     -    0s
     0     0 -17525.859    0  111 -17486.000 -17525.859  0.23%     -    0s
H    0     0                    -17494.00000 -17524.625  0.18%     -    0s
     0     0 -17524.625    0  113 -17494.000 -17524.625  0.18%     -    0s
     0     0 -17517.057    0  113 -17494.000 -17517.057  0.13%     -    0s
     0     0 -17514.987    0  113 -17494.000 -17514.987  0.12%     -    0s
     0     0 -17514.987    0   59 -17494.000 -17514.987  0.12%     -    0s
     0     0 -17514.987    0  107 -17494.000 -17514.987  0.12%     -    0s
     0     0 -17514.987    0  110 -17494.000 -17514.987  0.12%     -    0s
     0     0 -17514.987    0  111 -17494.000 -17514.987  0.12%     -    0s
     0     0 -17514.987    0  113 -17494.000 -17514.987  0.12%     -    0s
     0     0 -17514.987    0  113 -17494.000 -17514.987  0.12%     -    0s
     0     2 -17514.987    0  113 -17494.000 -17514.987  0.12%     -    0s
H   49     6                    -17498.00000 -17514.987  0.10%  29.3    0s

Cutting planes:
  Gomory: 8
  Cover: 5
  MIR: 2
  Zero half: 2

Explored 87 nodes (5645 simplex iterations) in 0.72 seconds (0.60 work units)
Thread count was 4 (of 56 available processors)

Solution count 10: -17498 -17494 -17486 ... -7517
No other solutions better than -17498

Optimal solution found (tolerance 1.00e-04)
Best objective -1.749799999999e+04, best bound -1.749800000001e+04, gap 0.0000%
