
Gurobi 9.5.0 (linux64) logging started Sat Jun 18 19:04:11 2022

Set parameter LogFile to value "/local_workspace/chenrui/LogFiles/MKAP/new2S_R25_M20_N200_seed6_DWcutsCTp4_600.log"
Gurobi Optimizer version 9.5.0 build v9.5.0rc5 (linux64)
Thread count: 56 physical cores, 56 logical processors, using up to 4 threads
Optimize a model with 7316 rows, 4500 columns and 63127 nonzeros
Model fingerprint: 0x9acc2068
Variable types: 0 continuous, 4500 integer (4500 binary)
Coefficient statistics:
  Matrix range     [1e-13, 1e+04]
  Objective range  [2e+01, 1e+03]
  Bounds range     [1e+00, 1e+00]
  RHS range        [1e-05, 1e+00]
Warning: Model contains large matrix coefficient range
         Consider reformulating model or setting NumericFocus parameter
         to avoid numerical issues.
Found heuristic solution: objective 0.0000000
Presolve removed 1152 rows and 166 columns
Presolve time: 0.16s
Presolved: 6164 rows, 4334 columns, 43180 nonzeros
Variable types: 0 continuous, 4334 integer (4334 binary)
Found heuristic solution: objective -5125.000000

Root relaxation: objective -6.538145e+04, 9950 iterations, 0.83 seconds (0.86 work units)

    Nodes    |    Current Node    |     Objective Bounds      |     Work
 Expl Unexpl |  Obj  Depth IntInf | Incumbent    BestBd   Gap | It/Node Time

     0     0 -65381.452    0  376 -5125.0000 -65381.452  1176%     -    1s
H    0     0                    -62705.00000 -65381.452  4.27%     -    1s
H    0     0                    -64551.00000 -65381.452  1.29%     -    1s
H    0     0                    -64730.00000 -65381.452  1.01%     -    1s
     0     0 -65381.452    0  378 -64730.000 -65381.452  1.01%     -    1s
H    0     0                    -65257.00000 -65381.452  0.19%     -    1s
     0     0 -65372.184    0  357 -65257.000 -65372.184  0.18%     -    2s
     0     0 -65372.184    0  355 -65257.000 -65372.184  0.18%     -    2s
     0     0 -65372.184    0  355 -65257.000 -65372.184  0.18%     -    2s
     0     0 -65372.184    0  322 -65257.000 -65372.184  0.18%     -    3s
     0     0 -65372.184    0  329 -65257.000 -65372.184  0.18%     -    3s
H    0     0                    -65368.00000 -65372.184  0.01%     -    3s

Cutting planes:
  RLT: 1

Explored 1 nodes (19025 simplex iterations) in 3.48 seconds (3.20 work units)
Thread count was 4 (of 56 available processors)

Solution count 9: -65368 -65257 -64730 ... 0

Optimal solution found (tolerance 1.00e-04)
Best objective -6.536800000000e+04, best bound -6.537200000000e+04, gap 0.0061%
