
Gurobi 9.5.0 (linux64) logging started Sun Jun 19 10:20:57 2022

Set parameter LogFile to value "/local_workspace/chenrui/LogFiles/MKAP/new2S_R25_M30_N300_seed4_DWcutsCTp5_600.log"
Gurobi Optimizer version 9.5.0 build v9.5.0rc5 (linux64)
Thread count: 56 physical cores, 56 logical processors, using up to 4 threads
Optimize a model with 18972 rows, 9750 columns and 244063 nonzeros
Model fingerprint: 0xa95a821d
Variable types: 0 continuous, 9750 integer (9750 binary)
Coefficient statistics:
  Matrix range     [1e-13, 1e+04]
  Objective range  [2e+01, 1e+03]
  Bounds range     [1e+00, 1e+00]
  RHS range        [1e-05, 1e+00]
Warning: Model contains large matrix coefficient range
         Consider reformulating model or setting NumericFocus parameter
         to avoid numerical issues.
Found heuristic solution: objective 0.0000000
Presolve removed 2929 rows and 892 columns
Presolve time: 0.68s
Presolved: 16043 rows, 8858 columns, 195437 nonzeros
Found heuristic solution: objective -10311.00000
Variable types: 0 continuous, 8858 integer (8858 binary)

Root simplex log...

Iteration    Objective       Primal Inf.    Dual Inf.      Time
   16907   -9.8937959e+04   4.017854e+04   0.000000e+00      5s
   18660   -9.8934945e+04   0.000000e+00   0.000000e+00      6s

Root relaxation: objective -9.893495e+04, 18660 iterations, 5.05 seconds (8.84 work units)

    Nodes    |    Current Node    |     Objective Bounds      |     Work
 Expl Unexpl |  Obj  Depth IntInf | Incumbent    BestBd   Gap | It/Node Time

     0     0 -98934.945    0  815 -10311.000 -98934.945   860%     -    5s
H    0     0                    -88869.00000 -98934.945  11.3%     -    5s
H    0     0                    -93066.00007 -98934.945  6.31%     -    6s
H    0     0                    -95215.00004 -98934.945  3.91%     -    6s
H    0     0                    -97741.00006 -98934.945  1.22%     -    6s
     0     0 -98934.472    0  782 -97741.000 -98934.472  1.22%     -    7s
H    0     0                    -98250.00002 -98934.472  0.70%     -   11s
H    0     0                    -98365.00000 -98934.472  0.58%     -   11s
     0     0 -98934.472    0  782 -98365.000 -98934.472  0.58%     -   11s
     0     0 -98934.183    0  787 -98365.000 -98934.183  0.58%     -   12s
     0     0 -98933.846    0  790 -98365.000 -98933.846  0.58%     -   14s
     0     0 -98933.601    0  800 -98365.000 -98933.601  0.58%     -   15s
     0     0 -98933.601    0  806 -98365.000 -98933.601  0.58%     -   15s
     0     0 -98933.051    0  844 -98365.000 -98933.051  0.58%     -   15s
     0     0 -98933.050    0  812 -98365.000 -98933.050  0.58%     -   16s
     0     0 -98933.006    0  817 -98365.000 -98933.006  0.58%     -   16s
     0     0 -98933.006    0  817 -98365.000 -98933.006  0.58%     -   16s
     0     2 -98933.006    0  817 -98365.000 -98933.006  0.58%     -   18s
     7    12 -98933.006    3  756 -98365.000 -98933.006  0.58%   697   20s
H   27    32                    -98452.00006 -98933.006  0.49%   809   25s
H   71    79                    -98520.00000 -98933.006  0.42%   677   29s
H   73    79                    -98624.00000 -98933.006  0.31%   683   30s
   197   179 -98897.437    9  601 -98624.000 -98932.660  0.31%   527   36s
   315   279 -98713.388   26  272 -98624.000 -98929.830  0.31%   474   40s
   458   348 -98889.367    8  644 -98624.000 -98929.830  0.31%   439   45s
   561   443 -98922.042    4  808 -98624.000 -98929.641  0.31%   457   51s
   666   501 -98900.636   12  670 -98624.000 -98929.641  0.31%   456   56s
   688   505 -98879.929   20  585 -98624.000 -98929.641  0.31%   472   60s
   772   593 -98919.673    5  760 -98624.000 -98929.155  0.31%   473   66s
   810   629 -98912.617    8  649 -98624.000 -98929.155  0.31%   475   70s
H  838   577                    -98692.00000 -98929.155  0.24%   475   70s
   927   698 -98918.054    5  747 -98692.000 -98928.366  0.24%   480   76s
  1066   735 -98917.863    9  817 -98692.000 -98928.366  0.24%   474   89s
  1068   736 -98922.374    9  808 -98692.000 -98928.366  0.24%   474   97s
  1071   738 -98874.732   14  795 -98692.000 -98928.366  0.24%   472  100s
  1075   741 -98693.277   25  807 -98692.000 -98928.366  0.24%   470  110s
  1078   743 -98896.752   12  806 -98692.000 -98928.349  0.24%   469  124s
  1079   747 -98928.349   11  759 -98692.000 -98928.349  0.24%   495  159s
  1081   750 -98928.349   12  801 -98692.000 -98928.349  0.24%   496  165s
  1093   758 -98915.720   14  761 -98692.000 -98928.349  0.24%   497  170s
  1101   764 -98914.282   15  739 -98692.000 -98928.349  0.24%   499  176s
  1117   774 -98912.895   17  745 -98692.000 -98928.349  0.24%   504  182s
  1139   783 -98904.907   19  778 -98692.000 -98928.349  0.24%   510  187s
  1150   794 -98903.311   20  785 -98692.000 -98928.349  0.24%   512  190s
  1170   801 -98892.765   22  707 -98692.000 -98928.349  0.24%   517  196s
  1193   822 -98872.397   24  638 -98692.000 -98928.349  0.24%   521  200s
  1224   840 -98871.963   30  742 -98692.000 -98928.349  0.24%   526  206s
  1244   855 -98863.901   32  640 -98692.000 -98928.349  0.24%   529  210s
  1280   880 -98858.062   36  728 -98692.000 -98928.349  0.24%   536  215s
  1345   898 -98851.824   43  700 -98692.000 -98928.349  0.24%   542  221s
  1374   921 -98836.422   45  650 -98692.000 -98928.349  0.24%   544  227s
  1427   935 -98828.491   49  671 -98692.000 -98928.349  0.24%   543  231s
  1484   977     cutoff   53      -98692.000 -98928.349  0.24%   548  236s
  1528   976 -98809.046   56  569 -98692.000 -98928.349  0.24%   547  240s
  1597  1016 -98762.973   62  484 -98692.000 -98928.349  0.24%   545  245s
  1726  1060 -98765.423   71  413 -98692.000 -98928.349  0.24%   528  250s
  1941  1080 -98922.115   22  691 -98692.000 -98928.349  0.24%   507  257s
  1963  1117 -98919.043   23  618 -98692.000 -98928.349  0.24%   506  260s
H 1994  1050                    -98712.00000 -98928.349  0.22%   506  260s
  2008  1050 -98876.527   32  610 -98712.000 -98928.349  0.22%   504  270s
  2079  1113 -98835.120   49  538 -98712.000 -98928.349  0.22%   502  276s
  2204  1190 -98789.135   48  630 -98712.000 -98927.021  0.22%   501  282s
  2296  1163 -98925.317   16  824 -98712.000 -98926.576  0.22%   496  288s
  2300  1235 -98913.704   17  790 -98712.000 -98926.576  0.22%   496  291s
  2373  1319 -98881.571   30  728 -98712.000 -98926.576  0.22%   496  295s
  2600  1321 -98903.316   18  727 -98712.000 -98926.551  0.22%   483  303s
  2631  1355 -98813.070   31  574 -98712.000 -98926.551  0.22%   484  307s
H 2642  1101                    -98759.00005 -98926.551  0.17%   485  307s
  2688  1134 -98777.476   42  411 -98759.000 -98925.183  0.17%   485  311s
  2779  1138 -98861.953   32  705 -98759.000 -98923.819  0.17%   486  317s
  2823  1225 -98840.139   38  599 -98759.000 -98922.097  0.17%   483  322s
  2973  1246 -98871.519   31  703 -98759.000 -98921.957  0.17%   477  327s
  3054  1309 -98827.764   51  655 -98759.000 -98921.957  0.17%   479  333s
  3178  1394     cutoff   77      -98759.000 -98920.790  0.16%   471  339s
  3308  1486     cutoff   46      -98759.000 -98920.706  0.16%   472  347s
  3432  1597 -98800.107   49  521 -98759.000 -98919.336  0.16%   471  354s
  3589  1721 -98885.765   36  722 -98759.000 -98918.172  0.16%   469  361s
  3758  1848 -98890.256   23  683 -98759.000 -98917.379  0.16%   469  370s
  3928  1997 -98796.101   31  484 -98759.000 -98916.597  0.16%   470  378s
  4125  2138 -98789.816   55  544 -98759.000 -98916.182  0.16%   470  387s
  4326  2254 -98780.633   36  560 -98759.000 -98915.837  0.16%   470  397s
  4520  2441 -98895.157   25  607 -98759.000 -98915.207  0.16%   470  408s
  4769  2653 -98909.802   29  636 -98759.000 -98914.555  0.16%   468  421s
  5080  2836 -98866.295   30  649 -98759.000 -98913.951  0.16%   467  434s
  5353  3020 -98892.390   31  754 -98759.000 -98913.382  0.16%   468  449s
  5638  3061 -98800.703   32  698 -98759.000 -98913.025  0.16%   473  465s
  5719  3314     cutoff   45      -98759.000 -98912.710  0.16%   474  482s
  6101  3608 -98796.888   37  640 -98759.000 -98910.520  0.15%   475  506s
  6595  3731 -98895.122   30  654 -98759.000 -98909.660  0.15%   471  527s
  6838  3999 -98888.251   28  660 -98759.000 -98909.155  0.15%   469  548s
  7270  4203 -98763.151   92  566 -98759.000 -98908.880  0.15%   468  570s
  7674  4498 -98767.395   36  518 -98759.000 -98908.422  0.15%   468  593s
  8202  4610 -98867.533   41  670 -98759.000 -98907.745  0.15%   465  600s

Cutting planes:
  Lift-and-project: 5
  Cover: 40
  Clique: 18
  MIR: 1
  RLT: 1

Explored 8356 nodes (3905803 simplex iterations) in 600.02 seconds (1363.75 work units)
Thread count was 4 (of 56 available processors)

Solution count 10: -98759 -98712 -98692 ... -95215

Time limit reached
Best objective -9.875900000000e+04, best bound -9.890700000000e+04, gap 0.1499%
