
Gurobi 9.5.0 (linux64) logging started Fri Apr 29 22:51:00 2022

Set parameter LogFile to value "/local_workspace/chenrui/LogFiles/MKAP/new2S_R25_M20_N200_seed5_DWcutsCT1_600.log"
Gurobi Optimizer version 9.5.0 build v9.5.0rc5 (linux64)
Thread count: 56 physical cores, 56 logical processors, using up to 4 threads
Optimize a model with 1708 rows, 4500 columns and 17693 nonzeros
Model fingerprint: 0x0b634c3e
Variable types: 0 continuous, 4500 integer (4500 binary)
Coefficient statistics:
  Matrix range     [1e-13, 5e+03]
  Objective range  [4e+01, 1e+03]
  Bounds range     [1e+00, 1e+00]
  RHS range        [6e-14, 1e+00]
Warning: Model contains large matrix coefficient range
         Consider reformulating model or setting NumericFocus parameter
         to avoid numerical issues.
Found heuristic solution: objective 0.0000000
Presolve removed 40 rows and 232 columns
Presolve time: 0.04s
Presolved: 1668 rows, 4268 columns, 16375 nonzeros
Found heuristic solution: objective -4953.000000
Variable types: 0 continuous, 4268 integer (4268 binary)

Root relaxation: objective -6.110967e+04, 7538 iterations, 0.26 seconds (0.23 work units)

    Nodes    |    Current Node    |     Objective Bounds      |     Work
 Expl Unexpl |  Obj  Depth IntInf | Incumbent    BestBd   Gap | It/Node Time

     0     0 -61109.667    0  252 -4953.0000 -61109.667  1134%     -    0s
H    0     0                    -52097.00000 -61109.667  17.3%     -    0s
H    0     0                    -55932.00000 -61109.667  9.26%     -    0s
H    0     0                    -60786.00000 -61109.667  0.53%     -    0s
H    0     0                    -60863.00000 -61109.667  0.41%     -    0s
     0     0 -61109.667    0  114 -60863.000 -61109.667  0.41%     -    0s
     0     0 -61109.667    0  106 -60863.000 -61109.667  0.41%     -    0s
H    0     0                    -60877.00000 -61109.666  0.38%     -    0s
     0     0 -61109.666    0  147 -60877.000 -61109.666  0.38%     -    0s
     0     0 -61109.666    0  198 -60877.000 -61109.666  0.38%     -    0s
     0     0 -61109.665    0   45 -60877.000 -61109.665  0.38%     -    0s
     0     0 -61109.665    0  153 -60877.000 -61109.665  0.38%     -    0s
H    0     0                    -60953.00000 -61109.665  0.26%     -    0s
     0     0 -61109.664    0  216 -60953.000 -61109.664  0.26%     -    0s
     0     0 -61109.664    0  161 -60953.000 -61109.664  0.26%     -    1s
H    0     0                    -60968.00000 -61109.664  0.23%     -    1s
     0     0 -61109.664    0   42 -60968.000 -61109.664  0.23%     -    1s
H    0     0                    -60977.00000 -61109.664  0.22%     -    1s
     0     0 -61109.664    0   41 -60977.000 -61109.664  0.22%     -    1s
     0     0 -61109.653    0  152 -60977.000 -61109.653  0.22%     -    1s
     0     0 -61109.641    0  158 -60977.000 -61109.641  0.22%     -    1s
     0     0 -61109.618    0  269 -60977.000 -61109.618  0.22%     -    1s
     0     0 -61109.618    0  269 -60977.000 -61109.618  0.22%     -    1s
     0     0 -61109.618    0  170 -60977.000 -61109.618  0.22%     -    2s
     0     0 -61109.618    0  142 -60977.000 -61109.618  0.22%     -    2s
     0     0 -61109.618    0  142 -60977.000 -61109.618  0.22%     -    2s
     0     0 -61109.618    0  225 -60977.000 -61109.618  0.22%     -    2s
     0     0 -61106.970    0  175 -60977.000 -61106.970  0.21%     -    2s
     0     0 -61106.895    0  173 -60977.000 -61106.895  0.21%     -    2s
     0     0 -61106.892    0  178 -60977.000 -61106.892  0.21%     -    2s
     0     0 -61104.830    0  282 -60977.000 -61104.830  0.21%     -    2s
     0     0 -61104.648    0  268 -60977.000 -61104.648  0.21%     -    2s
     0     0 -61104.567    0  282 -60977.000 -61104.567  0.21%     -    2s
     0     0 -61104.566    0  256 -60977.000 -61104.566  0.21%     -    2s
     0     0 -61103.153    0  258 -60977.000 -61103.153  0.21%     -    2s
     0     0 -61102.687    0  263 -60977.000 -61102.687  0.21%     -    2s
     0     0 -61102.674    0  232 -60977.000 -61102.674  0.21%     -    2s
     0     0 -61102.264    0  132 -60977.000 -61102.264  0.21%     -    2s
     0     0 -61102.219    0  191 -60977.000 -61102.219  0.21%     -    2s
     0     0 -61102.173    0  257 -60977.000 -61102.173  0.21%     -    2s
     0     0 -61102.165    0  194 -60977.000 -61102.165  0.21%     -    2s
     0     0 -61101.602    0  241 -60977.000 -61101.602  0.20%     -    2s
     0     0 -61100.906    0  303 -60977.000 -61100.906  0.20%     -    2s
     0     0 -61100.668    0  264 -60977.000 -61100.668  0.20%     -    2s
     0     0 -61100.599    0  264 -60977.000 -61100.599  0.20%     -    2s
     0     0 -61100.518    0  248 -60977.000 -61100.518  0.20%     -    2s
     0     0 -61100.179    0  276 -60977.000 -61100.179  0.20%     -    2s
     0     0 -61100.054    0  253 -60977.000 -61100.054  0.20%     -    2s
     0     0 -61100.044    0  240 -60977.000 -61100.044  0.20%     -    2s
     0     0 -61099.653    0  187 -60977.000 -61099.653  0.20%     -    2s
     0     0 -61099.366    0  220 -60977.000 -61099.366  0.20%     -    2s
     0     0 -61099.365    0  219 -60977.000 -61099.365  0.20%     -    2s
     0     0 -61099.159    0  256 -60977.000 -61099.159  0.20%     -    2s
     0     0 -61099.144    0  246 -60977.000 -61099.144  0.20%     -    2s
     0     0 -61098.985    0  216 -60977.000 -61098.985  0.20%     -    2s
H    0     0                    -61043.00000 -61098.985  0.09%     -    2s
     0     0 -61098.805    0  224 -61043.000 -61098.805  0.09%     -    2s
     0     0 -61098.791    0  229 -61043.000 -61098.791  0.09%     -    2s
     0     0 -61098.526    0  238 -61043.000 -61098.526  0.09%     -    2s
     0     0 -61098.526    0   36 -61043.000 -61098.526  0.09%     -    3s
     0     0 -61098.526    0  136 -61043.000 -61098.526  0.09%     -    3s
     0     0 -61098.526    0  158 -61043.000 -61098.526  0.09%     -    3s
     0     0 -61098.526    0  178 -61043.000 -61098.526  0.09%     -    3s
     0     0 -61098.526    0  182 -61043.000 -61098.526  0.09%     -    3s
     0     0 -61098.526    0  183 -61043.000 -61098.526  0.09%     -    3s
     0     0 -61098.526    0  202 -61043.000 -61098.526  0.09%     -    3s
     0     0 -61098.526    0  204 -61043.000 -61098.526  0.09%     -    3s
     0     0 -61098.526    0  201 -61043.000 -61098.526  0.09%     -    3s
     0     0 -61098.526    0  171 -61043.000 -61098.526  0.09%     -    3s
     0     0 -61098.427    0  180 -61043.000 -61098.427  0.09%     -    3s
     0     0 -61085.189    0  186 -61043.000 -61085.189  0.07%     -    3s
     0     0 -61085.189    0   27 -61043.000 -61085.189  0.07%     -    3s
     0     0 -61085.189    0  156 -61043.000 -61085.189  0.07%     -    3s
     0     0 -61085.189    0   89 -61043.000 -61085.189  0.07%     -    3s
     0     0 -61085.189    0  127 -61043.000 -61085.189  0.07%     -    3s
     0     0 -61085.189    0   98 -61043.000 -61085.189  0.07%     -    3s
     0     0 -61085.189    0  190 -61043.000 -61085.189  0.07%     -    3s
     0     0 -61085.189    0  157 -61043.000 -61085.189  0.07%     -    3s
     0     0 -61085.189    0  122 -61043.000 -61085.189  0.07%     -    3s
     0     0 -61085.189    0  147 -61043.000 -61085.189  0.07%     -    3s
     0     0 -61085.189    0  132 -61043.000 -61085.189  0.07%     -    3s
     0     0 -61085.189    0  163 -61043.000 -61085.189  0.07%     -    3s
     0     0 -61085.189    0  167 -61043.000 -61085.189  0.07%     -    3s
     0     0 -61085.189    0  169 -61043.000 -61085.189  0.07%     -    3s
     0     0 -61084.513    0  110 -61043.000 -61084.513  0.07%     -    3s
     0     0 -61084.513    0  110 -61043.000 -61084.513  0.07%     -    3s
H    0     0                    -61084.00000 -61084.513  0.00%     -    3s
     0     0 -61084.513    0  110 -61084.000 -61084.513  0.00%     -    3s

Cutting planes:
  Gomory: 2
  Cover: 39
  Clique: 32
  MIR: 9
  StrongCG: 1
  RLT: 1

Explored 1 nodes (32454 simplex iterations) in 3.35 seconds (2.50 work units)
Thread count was 4 (of 56 available processors)

Solution count 10: -61084 -61043 -60977 ... -52097
No other solutions better than -61084

Optimal solution found (tolerance 1.00e-04)
Best objective -6.108399999870e+04, best bound -6.108400000010e+04, gap 0.0000%
