
Gurobi 9.5.0 (linux64) logging started Tue May  3 13:26:28 2022

Set parameter LogFile to value "/local_workspace/chenrui/LogFiles/MKAP/new2S_R10_M10_N50_seed8_DWcutsCT3_600.log"
Gurobi Optimizer version 9.5.0 build v9.5.0rc5 (linux64)
Thread count: 56 physical cores, 56 logical processors, using up to 4 threads
Optimize a model with 580 rows, 600 columns and 3050 nonzeros
Model fingerprint: 0x7fa367ef
Variable types: 0 continuous, 600 integer (600 binary)
Coefficient statistics:
  Matrix range     [1e-13, 6e+03]
  Objective range  [1e+02, 1e+03]
  Bounds range     [1e+00, 1e+00]
  RHS range        [1e-16, 1e+00]
Warning: Model contains large matrix coefficient range
         Consider reformulating model or setting NumericFocus parameter
         to avoid numerical issues.
Found heuristic solution: objective 0.0000000
Presolve removed 197 rows and 113 columns
Presolve time: 0.01s
Presolved: 383 rows, 487 columns, 1827 nonzeros
Found heuristic solution: objective -6657.000000
Variable types: 0 continuous, 487 integer (487 binary)

Root relaxation: objective -1.705850e+04, 725 iterations, 0.01 seconds (0.01 work units)

    Nodes    |    Current Node    |     Objective Bounds      |     Work
 Expl Unexpl |  Obj  Depth IntInf | Incumbent    BestBd   Gap | It/Node Time

     0     0 -17058.500    0   48 -6657.0000 -17058.500   156%     -    0s
H    0     0                    -15975.00000 -17058.500  6.78%     -    0s
H    0     0                    -16475.00000 -17058.500  3.54%     -    0s
     0     0 -16977.230    0   14 -16475.000 -16977.230  3.05%     -    0s
H    0     0                    -16874.00000 -16977.230  0.61%     -    0s
*    0     0               0    -16950.00006 -16950.000  0.00%     -    0s

Cutting planes:
  Gomory: 15
  Cover: 2
  Clique: 6
  MIR: 1
  Zero half: 1

Explored 1 nodes (800 simplex iterations) in 0.04 seconds (0.02 work units)
Thread count was 4 (of 56 available processors)

Solution count 6: -16950 -16874 -16475 ... 0
No other solutions better than -16950

Optimal solution found (tolerance 1.00e-04)
Best objective -1.695000006149e+04, best bound -1.695000006149e+04, gap 0.0000%
