
Gurobi 9.5.0 (linux64) logging started Fri Apr 29 22:08:22 2022

Set parameter LogFile to value "/local_workspace/chenrui/LogFiles/MKAP/new2S_R25_M10_N200_seed1_DWcutsCT1_600.log"
Gurobi Optimizer version 9.5.0 build v9.5.0rc5 (linux64)
Thread count: 56 physical cores, 56 logical processors, using up to 4 threads
Optimize a model with 941 rows, 2250 columns and 8762 nonzeros
Model fingerprint: 0x35bea179
Variable types: 0 continuous, 2250 integer (2250 binary)
Coefficient statistics:
  Matrix range     [1e-13, 1e+04]
  Objective range  [2e+01, 1e+03]
  Bounds range     [1e+00, 1e+00]
  RHS range        [2e-13, 1e+00]
Warning: Model contains large matrix coefficient range
         Consider reformulating model or setting NumericFocus parameter
         to avoid numerical issues.
Found heuristic solution: objective 0.0000000
Presolve removed 39 rows and 181 columns
Presolve time: 0.02s
Presolved: 902 rows, 2069 columns, 7888 nonzeros
Variable types: 0 continuous, 2069 integer (2069 binary)
Found heuristic solution: objective -5965.000000

Root relaxation: objective -4.560500e+04, 2690 iterations, 0.04 seconds (0.03 work units)

    Nodes    |    Current Node    |     Objective Bounds      |     Work
 Expl Unexpl |  Obj  Depth IntInf | Incumbent    BestBd   Gap | It/Node Time

H    0     0                    -45605.00000 -1137445.0  2394%     -    0s
     0     0          -    0      -45605.000 -45605.000  0.00%     -    0s

Explored 1 nodes (2806 simplex iterations) in 0.07 seconds (0.06 work units)
Thread count was 4 (of 56 available processors)

Solution count 3: -45605 -5965 0 
No other solutions better than -45605

Optimal solution found (tolerance 1.00e-04)
Best objective -4.560500000000e+04, best bound -4.560500000000e+04, gap 0.0000%
