
Gurobi 9.5.0 (linux64) logging started Fri Apr 15 16:45:24 2022

Set parameter LogFile to value "/local_workspace/chenrui/LogFiles/MKAP/new2S_R25_M20_N100_seed1_original_600.log"
Gurobi Optimizer version 9.5.0 build v9.5.0rc5 (linux64)
Thread count: 56 physical cores, 56 logical processors, using up to 4 threads
Optimize a model with 620 rows, 2500 columns and 5000 nonzeros
Model fingerprint: 0xab1bd8f0
Variable types: 0 continuous, 2500 integer (2500 binary)
Coefficient statistics:
  Matrix range     [1e+00, 3e+03]
  Objective range  [3e+01, 1e+03]
  Bounds range     [1e+00, 1e+00]
  RHS range        [1e+00, 1e+00]
Found heuristic solution: objective 0.0000000
Presolve removed 132 rows and 532 columns
Presolve time: 0.01s
Presolved: 488 rows, 1968 columns, 3936 nonzeros
Variable types: 0 continuous, 1968 integer (1968 binary)
Found heuristic solution: objective -20847.00000

Root relaxation: objective -3.189945e+04, 1421 iterations, 0.01 seconds (0.01 work units)

    Nodes    |    Current Node    |     Objective Bounds      |     Work
 Expl Unexpl |  Obj  Depth IntInf | Incumbent    BestBd   Gap | It/Node Time

     0     0 -31899.449    0   82 -20847.000 -31899.449  53.0%     -    0s
H    0     0                    -28089.00000 -31899.449  13.6%     -    0s
H    0     0                    -28248.00000 -31899.449  12.9%     -    0s
H    0     0                    -28541.00000 -31899.449  11.8%     -    0s
     0     0 -31581.630    0   92 -28541.000 -31581.630  10.7%     -    0s
H    0     0                    -28670.00000 -31581.630  10.2%     -    0s
     0     0 -31539.071    0   91 -28670.000 -31539.071  10.0%     -    0s
     0     0 -31539.071    0   92 -28670.000 -31539.071  10.0%     -    0s
H    0     0                    -28713.00000 -31222.171  8.74%     -    0s
H    0     0                    -28768.00000 -31222.171  8.53%     -    0s
     0     0 -31222.171    0  128 -28768.000 -31222.171  8.53%     -    0s
H    0     0                    -29158.00000 -31222.171  7.08%     -    0s
     0     0 -31186.856    0  125 -29158.000 -31186.856  6.96%     -    0s
     0     0 -31183.748    0  132 -29158.000 -31183.748  6.95%     -    0s
     0     0 -31183.730    0  135 -29158.000 -31183.730  6.95%     -    0s
     0     0 -30973.206    0  172 -29158.000 -30973.206  6.23%     -    0s
H    0     0                    -29321.00000 -30973.206  5.63%     -    0s
H    0     0                    -29552.00000 -30929.839  4.66%     -    0s
     0     0 -30929.839    0  172 -29552.000 -30929.839  4.66%     -    0s
     0     0 -30927.756    0  164 -29552.000 -30927.756  4.66%     -    0s
     0     0 -30927.720    0  165 -29552.000 -30927.720  4.66%     -    0s
     0     0 -30867.833    0  116 -29552.000 -30867.833  4.45%     -    0s
H    0     0                    -29837.00000 -30858.027  3.42%     -    0s
     0     0 -30858.027    0   97 -29837.000 -30858.027  3.42%     -    0s
     0     0 -30857.978    0   95 -29837.000 -30857.978  3.42%     -    0s
     0     0 -30758.517    0  120 -29837.000 -30758.517  3.09%     -    0s
H    0     0                    -29995.00000 -30758.517  2.55%     -    0s
     0     0 -30730.814    0  113 -29995.000 -30730.814  2.45%     -    0s
     0     0 -30730.270    0  119 -29995.000 -30730.270  2.45%     -    0s
     0     0 -30643.392    0   66 -29995.000 -30643.392  2.16%     -    0s
     0     0 -30621.055    0  105 -29995.000 -30621.055  2.09%     -    0s
H    0     0                    -30211.00000 -30621.055  1.36%     -    0s
     0     0 -30609.373    0  114 -30211.000 -30609.373  1.32%     -    0s
     0     0 -30608.618    0  117 -30211.000 -30608.618  1.32%     -    0s
     0     0 -30568.130    0  111 -30211.000 -30568.130  1.18%     -    0s
     0     0 -30557.292    0  101 -30211.000 -30557.292  1.15%     -    0s
     0     0 -30556.770    0  105 -30211.000 -30556.770  1.14%     -    0s
     0     0 -30491.938    0  136 -30211.000 -30491.938  0.93%     -    0s
H    0     0                    -30275.00000 -30491.938  0.72%     -    0s
     0     0 -30491.595    0  110 -30275.000 -30491.595  0.72%     -    0s
     0     0 -30467.475    0   66 -30275.000 -30467.475  0.64%     -    0s
     0     0 -30467.475    0   90 -30275.000 -30467.475  0.64%     -    0s
     0     0 -30467.475    0  123 -30275.000 -30467.475  0.64%     -    0s
     0     0 -30467.475    0   98 -30275.000 -30467.475  0.64%     -    0s
     0     0 -30467.475    0  103 -30275.000 -30467.475  0.64%     -    0s
     0     0 -30428.543    0  142 -30275.000 -30428.543  0.51%     -    0s
     0     0 -30399.295    0   25 -30275.000 -30399.295  0.41%     -    0s
     0     0 -30331.313    0   59 -30275.000 -30331.313  0.19%     -    0s
     0     0 -30328.861    0   56 -30275.000 -30328.861  0.18%     -    0s
     0     0 -30328.861    0   58 -30275.000 -30328.861  0.18%     -    0s
     0     0 -30328.861    0   37 -30275.000 -30328.861  0.18%     -    0s
     0     0 -30328.861    0   51 -30275.000 -30328.861  0.18%     -    0s
     0     0 -30328.861    0   42 -30275.000 -30328.861  0.18%     -    0s
     0     0 -30327.000    0   29 -30275.000 -30327.000  0.17%     -    0s
*    0     0               0    -30326.00000 -30326.000  0.00%     -    0s

Cutting planes:
  Gomory: 14
  Cover: 19
  Clique: 7
  MIR: 8
  StrongCG: 2
  Zero half: 2
  RLT: 1

Explored 1 nodes (6763 simplex iterations) in 0.60 seconds (0.35 work units)
Thread count was 4 (of 56 available processors)

Solution count 10: -30326 -30275 -30211 ... -28713
No other solutions better than -30326

Optimal solution found (tolerance 1.00e-04)
Best objective -3.032600314627e+04, best bound -3.032600314627e+04, gap 0.0000%

Gurobi 9.5.0 (linux64) logging started Tue May  3 22:49:51 2022

Set parameter LogFile to value "/local_workspace/chenrui/LogFiles/MKAP/new2S_R25_M20_N100_seed1_original_600.log"
Gurobi Optimizer version 9.5.0 build v9.5.0rc5 (linux64)
Thread count: 56 physical cores, 56 logical processors, using up to 4 threads
Optimize a model with 620 rows, 2500 columns and 5000 nonzeros
Model fingerprint: 0xab1bd8f0
Variable types: 0 continuous, 2500 integer (2500 binary)
Coefficient statistics:
  Matrix range     [1e+00, 3e+03]
  Objective range  [3e+01, 1e+03]
  Bounds range     [1e+00, 1e+00]
  RHS range        [1e+00, 1e+00]
Found heuristic solution: objective 0.0000000
Presolve removed 132 rows and 532 columns
Presolve time: 0.01s
Presolved: 488 rows, 1968 columns, 3936 nonzeros
Variable types: 0 continuous, 1968 integer (1968 binary)
Found heuristic solution: objective -20847.00000

Root relaxation: objective -3.189945e+04, 1421 iterations, 0.01 seconds (0.01 work units)

    Nodes    |    Current Node    |     Objective Bounds      |     Work
 Expl Unexpl |  Obj  Depth IntInf | Incumbent    BestBd   Gap | It/Node Time

     0     0 -31899.449    0   82 -20847.000 -31899.449  53.0%     -    0s
H    0     0                    -28089.00000 -31899.449  13.6%     -    0s
H    0     0                    -28248.00000 -31899.449  12.9%     -    0s
H    0     0                    -28541.00000 -31899.449  11.8%     -    0s
     0     0 -31581.630    0   92 -28541.000 -31581.630  10.7%     -    0s
H    0     0                    -28670.00000 -31581.630  10.2%     -    0s
     0     0 -31539.071    0   91 -28670.000 -31539.071  10.0%     -    0s
     0     0 -31539.071    0   92 -28670.000 -31539.071  10.0%     -    0s
H    0     0                    -28713.00000 -31222.171  8.74%     -    0s
H    0     0                    -28768.00000 -31222.171  8.53%     -    0s
     0     0 -31222.171    0  128 -28768.000 -31222.171  8.53%     -    0s
H    0     0                    -29158.00000 -31222.171  7.08%     -    0s
     0     0 -31186.856    0  125 -29158.000 -31186.856  6.96%     -    0s
     0     0 -31183.748    0  132 -29158.000 -31183.748  6.95%     -    0s
     0     0 -31183.730    0  135 -29158.000 -31183.730  6.95%     -    0s
     0     0 -30973.206    0  172 -29158.000 -30973.206  6.23%     -    0s
H    0     0                    -29321.00000 -30973.206  5.63%     -    0s
H    0     0                    -29552.00000 -30929.839  4.66%     -    0s
     0     0 -30929.839    0  172 -29552.000 -30929.839  4.66%     -    0s
     0     0 -30927.756    0  164 -29552.000 -30927.756  4.66%     -    0s
     0     0 -30927.720    0  165 -29552.000 -30927.720  4.66%     -    0s
     0     0 -30867.833    0  116 -29552.000 -30867.833  4.45%     -    0s
H    0     0                    -29837.00000 -30858.027  3.42%     -    0s
     0     0 -30858.027    0   97 -29837.000 -30858.027  3.42%     -    0s
     0     0 -30857.978    0   95 -29837.000 -30857.978  3.42%     -    0s
     0     0 -30758.517    0  120 -29837.000 -30758.517  3.09%     -    0s
H    0     0                    -29995.00000 -30758.517  2.55%     -    0s
     0     0 -30730.814    0  113 -29995.000 -30730.814  2.45%     -    0s
     0     0 -30730.270    0  119 -29995.000 -30730.270  2.45%     -    0s
     0     0 -30643.392    0   66 -29995.000 -30643.392  2.16%     -    0s
     0     0 -30621.055    0  105 -29995.000 -30621.055  2.09%     -    0s
H    0     0                    -30211.00000 -30621.055  1.36%     -    0s
     0     0 -30609.373    0  114 -30211.000 -30609.373  1.32%     -    0s
     0     0 -30608.618    0  117 -30211.000 -30608.618  1.32%     -    0s
     0     0 -30568.130    0  111 -30211.000 -30568.130  1.18%     -    0s
     0     0 -30557.292    0  101 -30211.000 -30557.292  1.15%     -    0s
     0     0 -30556.770    0  105 -30211.000 -30556.770  1.14%     -    0s
     0     0 -30491.938    0  136 -30211.000 -30491.938  0.93%     -    0s
H    0     0                    -30275.00000 -30491.938  0.72%     -    0s
     0     0 -30491.595    0  110 -30275.000 -30491.595  0.72%     -    0s
     0     0 -30467.475    0   66 -30275.000 -30467.475  0.64%     -    0s
     0     0 -30467.475    0   90 -30275.000 -30467.475  0.64%     -    0s
     0     0 -30467.475    0  123 -30275.000 -30467.475  0.64%     -    0s
     0     0 -30467.475    0   98 -30275.000 -30467.475  0.64%     -    0s
     0     0 -30467.475    0  103 -30275.000 -30467.475  0.64%     -    0s
     0     0 -30428.543    0  142 -30275.000 -30428.543  0.51%     -    0s
     0     0 -30399.295    0   25 -30275.000 -30399.295  0.41%     -    0s
     0     0 -30331.313    0   59 -30275.000 -30331.313  0.19%     -    0s
     0     0 -30328.861    0   56 -30275.000 -30328.861  0.18%     -    0s
     0     0 -30328.861    0   58 -30275.000 -30328.861  0.18%     -    0s
     0     0 -30328.861    0   37 -30275.000 -30328.861  0.18%     -    0s
     0     0 -30328.861    0   51 -30275.000 -30328.861  0.18%     -    0s
     0     0 -30328.861    0   42 -30275.000 -30328.861  0.18%     -    0s
     0     0 -30327.000    0   29 -30275.000 -30327.000  0.17%     -    0s
*    0     0               0    -30326.00000 -30326.000  0.00%     -    0s

Cutting planes:
  Gomory: 14
  Cover: 19
  Clique: 7
  MIR: 8
  StrongCG: 2
  Zero half: 2
  RLT: 1

Explored 1 nodes (6763 simplex iterations) in 0.59 seconds (0.35 work units)
Thread count was 4 (of 56 available processors)

Solution count 10: -30326 -30275 -30211 ... -28713
No other solutions better than -30326

Optimal solution found (tolerance 1.00e-04)
Best objective -3.032600314627e+04, best bound -3.032600314627e+04, gap 0.0000%
