
Gurobi 9.5.0 (linux64) logging started Sat Jun 18 15:55:54 2022

Set parameter LogFile to value "/local_workspace/chenrui/LogFiles/MKAP/new2S_R10_M10_N200_seed2_DWcutsCTp4_600.log"
Gurobi Optimizer version 9.5.0 build v9.5.0rc5 (linux64)
Thread count: 56 physical cores, 56 logical processors, using up to 4 threads
Optimize a model with 1872 rows, 2100 columns and 36528 nonzeros
Model fingerprint: 0x3518bbca
Variable types: 0 continuous, 2100 integer (2100 binary)
Coefficient statistics:
  Matrix range     [1e-13, 1e+04]
  Objective range  [8e+01, 1e+03]
  Bounds range     [1e+00, 1e+00]
  RHS range        [1e-05, 1e+00]
Warning: Model contains large matrix coefficient range
         Consider reformulating model or setting NumericFocus parameter
         to avoid numerical issues.
Found heuristic solution: objective 0.0000000
Presolve removed 57 rows and 70 columns
Presolve time: 0.10s
Presolved: 1815 rows, 2030 columns, 34604 nonzeros
Variable types: 0 continuous, 2030 integer (2030 binary)
Found heuristic solution: objective -9167.000000

Root relaxation: objective -6.196000e+04, 6705 iterations, 0.67 seconds (1.00 work units)

    Nodes    |    Current Node    |     Objective Bounds      |     Work
 Expl Unexpl |  Obj  Depth IntInf | Incumbent    BestBd   Gap | It/Node Time

     0     0 -61960.001    0  177 -9167.0000 -61960.001   576%     -    0s
H    0     0                    -61960.00000 -61960.001  0.00%     -    0s
     0     0 -61960.001    0  177 -61960.000 -61960.001  0.00%     -    0s

Explored 1 nodes (6706 simplex iterations) in 0.81 seconds (1.15 work units)
Thread count was 4 (of 56 available processors)

Solution count 3: -61960 -9167 0 
No other solutions better than -61960

Optimal solution found (tolerance 1.00e-04)
Best objective -6.196000000000e+04, best bound -6.196000000000e+04, gap 0.0000%
