
Gurobi 9.5.0 (linux64) logging started Fri Apr 29 08:23:17 2022

Set parameter LogFile to value "/local_workspace/chenrui/LogFiles/MKAP/new2S_R25_M10_N100_seed10_DWcuts_600.log"
Gurobi Optimizer version 9.5.0 build v9.5.0rc5 (linux64)
Thread count: 56 physical cores, 56 logical processors, using up to 4 threads
Optimize a model with 610 rows, 1250 columns and 3750 nonzeros
Model fingerprint: 0x82506d24
Variable types: 0 continuous, 1250 integer (1250 binary)
Coefficient statistics:
  Matrix range     [1e+00, 5e+03]
  Objective range  [7e+01, 1e+03]
  Bounds range     [1e+00, 1e+00]
  RHS range        [7e-04, 1e+00]
Found heuristic solution: objective 0.0000000
Presolve removed 79 rows and 187 columns
Presolve time: 0.01s
Presolved: 531 rows, 1063 columns, 3143 nonzeros
Variable types: 0 continuous, 1063 integer (1063 binary)
Found heuristic solution: objective -5585.000000

Root relaxation: objective -2.375700e+04, 1039 iterations, 0.01 seconds (0.01 work units)

    Nodes    |    Current Node    |     Objective Bounds      |     Work
 Expl Unexpl |  Obj  Depth IntInf | Incumbent    BestBd   Gap | It/Node Time

     0     0 -23757.002    0    4 -5585.0000 -23757.002   325%     -    0s
H    0     0                    -23757.00000 -23757.002  0.00%     -    0s
     0     0 -23757.002    0    4 -23757.000 -23757.002  0.00%     -    0s

Explored 1 nodes (1124 simplex iterations) in 0.03 seconds (0.02 work units)
Thread count was 4 (of 56 available processors)

Solution count 3: -23757 -5585 0 
No other solutions better than -23757

Optimal solution found (tolerance 1.00e-04)
Best objective -2.375700000000e+04, best bound -2.375700000000e+04, gap 0.0000%
