
Gurobi 9.5.0 (linux64) logging started Tue May  3 22:48:31 2022

Set parameter LogFile to value "/local_workspace/chenrui/LogFiles/MKAP/new2S_R25_M20_N50_seed2_objLB_600.log"
Gurobi Optimizer version 9.5.0 build v9.5.0rc5 (linux64)
Thread count: 56 physical cores, 56 logical processors, using up to 4 threads
Optimize a model with 571 rows, 1500 columns and 4000 nonzeros
Model fingerprint: 0x43e371e0
Variable types: 0 continuous, 1500 integer (1500 binary)
Coefficient statistics:
  Matrix range     [1e+00, 1e+03]
  Objective range  [4e+01, 1e+03]
  Bounds range     [1e+00, 1e+00]
  RHS range        [1e+00, 1e+04]
Found heuristic solution: objective 0.0000000
Presolve removed 393 rows and 838 columns
Presolve time: 0.01s
Presolved: 178 rows, 662 columns, 1871 nonzeros
Variable types: 0 continuous, 662 integer (662 binary)
Found heuristic solution: objective -12358.00000

Root relaxation: objective -1.392300e+04, 329 iterations, 0.00 seconds (0.00 work units)

    Nodes    |    Current Node    |     Objective Bounds      |     Work
 Expl Unexpl |  Obj  Depth IntInf | Incumbent    BestBd   Gap | It/Node Time

     0     0 -13923.000    0   14 -12358.000 -13923.000  12.7%     -    0s
H    0     0                    -13032.00000 -13923.000  6.84%     -    0s
H    0     0                    -13336.00000 -13923.000  4.40%     -    0s
H    0     0                    -13577.00000 -13923.000  2.55%     -    0s
     0     0 -13923.000    0   16 -13577.000 -13923.000  2.55%     -    0s
H    0     0                    -13716.00000 -13923.000  1.51%     -    0s
H    0     0                    -13794.00000 -13923.000  0.94%     -    0s
H    0     0                    -13807.00000 -13923.000  0.84%     -    0s
     0     0 -13923.000    0    8 -13807.000 -13923.000  0.84%     -    0s
H    0     0                    -13849.00000 -13923.000  0.53%     -    0s
     0     0 -13923.000    0   10 -13849.000 -13923.000  0.53%     -    0s
     0     0 -13923.000    0    5 -13849.000 -13923.000  0.53%     -    0s
H    0     0                    -13857.00000 -13923.000  0.48%     -    0s
H    0     0                    -13887.00000 -13923.000  0.26%     -    0s
     0     0 -13923.000    0    7 -13887.000 -13923.000  0.26%     -    0s
     0     0 -13923.000    0    7 -13887.000 -13923.000  0.26%     -    0s
H    0     0                    -13900.00000 -13923.000  0.17%     -    0s
H    0     0                    -13923.00000 -13923.000  0.00%     -    0s
     0     0 -13923.000    0    7 -13923.000 -13923.000  0.00%     -    0s

Cutting planes:
  Gomory: 6
  Cover: 23
  Clique: 10
  MIR: 11
  StrongCG: 4

Explored 1 nodes (1449 simplex iterations) in 0.11 seconds (0.08 work units)
Thread count was 4 (of 56 available processors)

Solution count 10: -13923 -13900 -13887 ... -13336
No other solutions better than -13923

Optimal solution found (tolerance 1.00e-04)
Best objective -1.392300000000e+04, best bound -1.392300000000e+04, gap 0.0000%
