
Gurobi 9.5.0 (linux64) logging started Mon Jun 20 09:03:28 2022

Set parameter LogFile to value "/local_workspace/chenrui/LogFiles/MKAP/new2S_R2_M20_N50_seed9_DWcutsCTp3_600.log"
Gurobi Optimizer version 9.5.0 build v9.5.0rc5 (linux64)
Thread count: 56 physical cores, 56 logical processors, using up to 4 threads
Optimize a model with 287 rows, 1040 columns and 6182 nonzeros
Model fingerprint: 0xddc2d588
Variable types: 0 continuous, 1040 integer (1040 binary)
Coefficient statistics:
  Matrix range     [1e-13, 1e+03]
  Objective range  [9e+01, 1e+03]
  Bounds range     [1e+00, 1e+00]
  RHS range        [1e-05, 1e+00]
Warning: Model contains large matrix coefficient range
         Consider reformulating model or setting NumericFocus parameter
         to avoid numerical issues.
Found heuristic solution: objective 0.0000000
Presolve removed 47 rows and 442 columns
Presolve time: 0.01s
Presolved: 240 rows, 598 columns, 4001 nonzeros
Found heuristic solution: objective -13020.00000
Variable types: 0 continuous, 598 integer (598 binary)
Found heuristic solution: objective -13146.00000

Root relaxation: objective -1.609157e+04, 982 iterations, 0.02 seconds (0.02 work units)

    Nodes    |    Current Node    |     Objective Bounds      |     Work
 Expl Unexpl |  Obj  Depth IntInf | Incumbent    BestBd   Gap | It/Node Time

     0     0 -16091.574    0   61 -13146.000 -16091.574  22.4%     -    0s
H    0     0                    -15914.00000 -16091.574  1.12%     -    0s
H    0     0                    -15965.00001 -16091.574  0.79%     -    0s
     0     0 -16091.574    0   87 -15965.000 -16091.574  0.79%     -    0s
H    0     0                    -15991.00000 -16091.574  0.63%     -    0s
     0     0 -16091.574    0   66 -15991.000 -16091.574  0.63%     -    0s
     0     0 -16091.573    0   82 -15991.000 -16091.573  0.63%     -    0s
     0     0 -16091.573    0   78 -15991.000 -16091.573  0.63%     -    0s
H    0     0                    -16015.00000 -16091.573  0.48%     -    0s
     0     0 -16091.573    0   69 -16015.000 -16091.573  0.48%     -    0s
     0     0 -16091.573    0   69 -16015.000 -16091.573  0.48%     -    0s
     0     0 -16091.573    0   71 -16015.000 -16091.573  0.48%     -    0s
     0     0 -16091.573    0   79 -16015.000 -16091.573  0.48%     -    0s
     0     0 -16091.573    0   87 -16015.000 -16091.573  0.48%     -    0s
     0     0 -16091.573    0   72 -16015.000 -16091.573  0.48%     -    0s
     0     0 -16091.572    0   81 -16015.000 -16091.572  0.48%     -    0s
     0     0 -16091.572    0   62 -16015.000 -16091.572  0.48%     -    0s
H    0     0                    -16066.00001 -16091.572  0.16%     -    0s
     0     0 -16091.554    0   55 -16066.000 -16091.554  0.16%     -    0s
     0     0 -16091.554    0   82 -16066.000 -16091.554  0.16%     -    0s
     0     0 -16091.489    0   65 -16066.000 -16091.489  0.16%     -    0s
     0     0 -16091.233    0   85 -16066.000 -16091.233  0.16%     -    0s
     0     0 -16091.125    0   74 -16066.000 -16091.125  0.16%     -    0s
     0     0 -16090.754    0   62 -16066.000 -16090.754  0.15%     -    0s
     0     0 -16090.563    0   62 -16066.000 -16090.563  0.15%     -    0s
     0     0 -16090.563    0   62 -16066.000 -16090.563  0.15%     -    0s
     0     2 -16090.563    0   62 -16066.000 -16090.563  0.15%     -    0s

Cutting planes:
  Gomory: 1
  Cover: 15
  Clique: 3
  MIR: 9
  StrongCG: 12
  RLT: 1

Explored 339 nodes (13710 simplex iterations) in 0.45 seconds (0.38 work units)
Thread count was 4 (of 56 available processors)

Solution count 9: -16066 -16015 -15991 ... 0
No other solutions better than -16066

Optimal solution found (tolerance 1.00e-04)
Best objective -1.606600000815e+04, best bound -1.606600000815e+04, gap 0.0000%
