
Gurobi 9.5.0 (linux64) logging started Fri Apr 29 23:17:26 2022

Set parameter LogFile to value "/local_workspace/chenrui/LogFiles/MKAP/new2S_R25_M20_N300_seed3_DWcutsCT2_600.log"
Gurobi Optimizer version 9.5.0 build v9.5.0rc5 (linux64)
Thread count: 56 physical cores, 56 logical processors, using up to 4 threads
Optimize a model with 2791 rows, 6500 columns and 38041 nonzeros
Model fingerprint: 0xcd942e0b
Variable types: 0 continuous, 6500 integer (6500 binary)
Coefficient statistics:
  Matrix range     [1e-13, 1e+04]
  Objective range  [2e+01, 1e+03]
  Bounds range     [1e+00, 1e+00]
  RHS range        [2e-16, 1e+00]
Warning: Model contains large matrix coefficient range
         Consider reformulating model or setting NumericFocus parameter
         to avoid numerical issues.
Found heuristic solution: objective 0.0000000
Presolve removed 45 rows and 240 columns
Presolve time: 0.09s
Presolved: 2746 rows, 6260 columns, 35806 nonzeros
Found heuristic solution: objective -7726.000000
Variable types: 0 continuous, 6260 integer (6260 binary)

Root relaxation: objective -9.161101e+04, 14128 iterations, 1.06 seconds (1.13 work units)

    Nodes    |    Current Node    |     Objective Bounds      |     Work
 Expl Unexpl |  Obj  Depth IntInf | Incumbent    BestBd   Gap | It/Node Time

     0     0 -91611.011    0  439 -7726.0000 -91611.011  1086%     -    1s
H    0     0                    -77228.00000 -91611.011  18.6%     -    1s
H    0     0                    -91611.00000 -91611.011  0.00%     -    1s
     0     0 -91611.011    0  439 -91611.000 -91611.011  0.00%     -    1s

Explored 1 nodes (14130 simplex iterations) in 1.25 seconds (1.29 work units)
Thread count was 4 (of 56 available processors)

Solution count 4: -91611 -77228 -7726 0 
No other solutions better than -91611

Optimal solution found (tolerance 1.00e-04)
Best objective -9.161100000000e+04, best bound -9.161100000000e+04, gap 0.0000%
