
Gurobi 9.5.0 (linux64) logging started Sat Jun 18 17:05:16 2022

Set parameter LogFile to value "/local_workspace/chenrui/LogFiles/MKAP/new2S_R10_M10_N300_seed5_DWcutsCTp4_600.log"
Gurobi Optimizer version 9.5.0 build v9.5.0rc5 (linux64)
Thread count: 56 physical cores, 56 logical processors, using up to 4 threads
Optimize a model with 1938 rows, 3100 columns and 53564 nonzeros
Model fingerprint: 0x874e87d0
Variable types: 0 continuous, 3100 integer (3100 binary)
Coefficient statistics:
  Matrix range     [2e-13, 1e+04]
  Objective range  [4e+01, 1e+03]
  Bounds range     [1e+00, 1e+00]
  RHS range        [1e-05, 1e+00]
Warning: Model contains large matrix coefficient range
         Consider reformulating model or setting NumericFocus parameter
         to avoid numerical issues.
Found heuristic solution: objective 0.0000000
Presolve removed 0 rows and 19 columns
Presolve time: 0.11s
Presolved: 1938 rows, 3081 columns, 53172 nonzeros
Variable types: 0 continuous, 3081 integer (3081 binary)
Found heuristic solution: objective -18950.00000

Root relaxation: objective -9.529801e+04, 13562 iterations, 1.87 seconds (3.31 work units)

    Nodes    |    Current Node    |     Objective Bounds      |     Work
 Expl Unexpl |  Obj  Depth IntInf | Incumbent    BestBd   Gap | It/Node Time

     0     0 -95298.013    0  768 -18950.000 -95298.013   403%     -    2s
H    0     0                    -83243.00000 -95298.013  14.5%     -    2s
H    0     0                    -83254.00000 -95298.013  14.5%     -    2s
H    0     0                    -84579.00000 -95298.013  12.7%     -    2s
     0     0 -95298.013    0  662 -84579.000 -95298.013  12.7%     -    3s
H    0     0                    -84626.00000 -95298.013  12.6%     -    3s
H    0     0                    -94722.00000 -95298.013  0.61%     -    3s
     0     0 -95298.013    0  542 -94722.000 -95298.013  0.61%     -    3s
     0     0 -95298.013    0  561 -94722.000 -95298.013  0.61%     -    4s
H    0     0                    -95223.00000 -95298.013  0.08%     -    4s
H    0     0                    -95253.00001 -95298.013  0.05%     -    4s
H    0     0                    -95298.00001 -95298.013  0.00%     -    4s
     0     0 -95298.013    0  469 -95298.000 -95298.013  0.00%     -    4s

Cutting planes:
  Cover: 41
  Clique: 582
  MIR: 10
  StrongCG: 2

Explored 1 nodes (18816 simplex iterations) in 4.23 seconds (6.01 work units)
Thread count was 4 (of 56 available processors)

Solution count 10: -95298 -95253 -95223 ... 0
No other solutions better than -95298

Optimal solution found (tolerance 1.00e-04)
Best objective -9.529800000107e+04, best bound -9.529800000107e+04, gap 0.0000%
