
Gurobi 9.5.0 (linux64) logging started Mon Jun 20 08:53:07 2022

Set parameter LogFile to value "/local_workspace/chenrui/LogFiles/MKAP/new2S_R2_M20_N50_seed5_DWcutsCTp1_600.log"
Gurobi Optimizer version 9.5.0 build v9.5.0rc5 (linux64)
Thread count: 56 physical cores, 56 logical processors, using up to 4 threads
Optimize a model with 179 rows, 1040 columns and 3863 nonzeros
Model fingerprint: 0x785e4e09
Variable types: 0 continuous, 1040 integer (1040 binary)
Coefficient statistics:
  Matrix range     [3e-11, 1e+03]
  Objective range  [8e+01, 1e+03]
  Bounds range     [1e+00, 1e+00]
  RHS range        [1e-05, 1e+00]
Warning: Model contains large matrix coefficient range
         Consider reformulating model or setting NumericFocus parameter
         to avoid numerical issues.
Found heuristic solution: objective 0.0000000
Presolve removed 29 rows and 405 columns
Presolve time: 0.01s
Presolved: 150 rows, 635 columns, 2389 nonzeros
Found heuristic solution: objective -15472.00000
Variable types: 0 continuous, 635 integer (635 binary)
Found heuristic solution: objective -15503.00000

Root relaxation: objective -1.711001e+04, 870 iterations, 0.01 seconds (0.01 work units)

    Nodes    |    Current Node    |     Objective Bounds      |     Work
 Expl Unexpl |  Obj  Depth IntInf | Incumbent    BestBd   Gap | It/Node Time

     0     0 -17110.006    0   40 -15503.000 -17110.006  10.4%     -    0s
H    0     0                    -16166.00000 -17110.006  5.84%     -    0s
H    0     0                    -16629.00000 -17110.006  2.89%     -    0s
H    0     0                    -16849.00000 -17110.006  1.55%     -    0s
     0     0 -17110.006    0   30 -16849.000 -17110.006  1.55%     -    0s
H    0     0                    -16852.00000 -17110.006  1.53%     -    0s
H    0     0                    -16915.00000 -17110.006  1.15%     -    0s
     0     0 -17110.006    0   61 -16915.000 -17110.006  1.15%     -    0s
     0     0 -17110.006    0   51 -16915.000 -17110.006  1.15%     -    0s
     0     0 -17110.006    0   44 -16915.000 -17110.006  1.15%     -    0s
     0     0 -17110.006    0   41 -16915.000 -17110.006  1.15%     -    0s
     0     2 -17110.006    0   41 -16915.000 -17110.006  1.15%     -    0s
H   71    82                    -16957.00117 -17109.708  0.90%  49.8    0s
H  124   126                    -16979.00000 -17109.708  0.77%  38.8    0s
H  241   224                    -16997.00003 -17109.456  0.66%  32.4    0s
* 3898   930              52    -17045.00001 -17102.990  0.34%  35.7    1s
 20174  1416     cutoff   32      -17045.000 -17063.544  0.11%  38.4    5s

Explored 25604 nodes (908912 simplex iterations) in 5.59 seconds (7.56 work units)
Thread count was 4 (of 56 available processors)

Solution count 10: -17045 -16997 -16979 ... -15503
No other solutions better than -17045

Optimal solution found (tolerance 1.00e-04)
Warning: max constraint violation (4.9117e-06) exceeds tolerance
Best objective -1.704500000996e+04, best bound -1.704500000996e+04, gap 0.0000%
