
Gurobi 9.5.0 (linux64) logging started Mon Jun 20 09:25:45 2022

Set parameter LogFile to value "/local_workspace/chenrui/LogFiles/MKAP/new2S_R10_M20_N50_seed3_DWcutsCTp2_600.log"
Gurobi Optimizer version 9.5.0 build v9.5.0rc5 (linux64)
Thread count: 56 physical cores, 56 logical processors, using up to 4 threads
Optimize a model with 707 rows, 1200 columns and 4292 nonzeros
Model fingerprint: 0x3378725b
Variable types: 0 continuous, 1200 integer (1200 binary)
Coefficient statistics:
  Matrix range     [1e-13, 2e+03]
  Objective range  [6e+01, 1e+03]
  Bounds range     [1e+00, 1e+00]
  RHS range        [1e-05, 1e+00]
Warning: Model contains large matrix coefficient range
         Consider reformulating model or setting NumericFocus parameter
         to avoid numerical issues.
Found heuristic solution: objective 0.0000000
Presolve removed 248 rows and 499 columns
Presolve time: 0.01s
Presolved: 459 rows, 701 columns, 2329 nonzeros
Found heuristic solution: objective -12713.00000
Variable types: 0 continuous, 701 integer (701 binary)

Root relaxation: objective -1.554416e+04, 928 iterations, 0.01 seconds (0.01 work units)

    Nodes    |    Current Node    |     Objective Bounds      |     Work
 Expl Unexpl |  Obj  Depth IntInf | Incumbent    BestBd   Gap | It/Node Time

     0     0 -15544.158    0   99 -12713.000 -15544.158  22.3%     -    0s
H    0     0                    -15314.00000 -15544.158  1.50%     -    0s
H    0     0                    -15350.00000 -15544.158  1.26%     -    0s
H    0     0                    -15390.00000 -15544.158  1.00%     -    0s
     0     0 -15525.101    0  121 -15390.000 -15525.101  0.88%     -    0s
     0     0 -15525.101    0   96 -15390.000 -15525.101  0.88%     -    0s
H    0     0                    -15394.00000 -15525.101  0.85%     -    0s
H    0     0                    -15402.00000 -15525.101  0.80%     -    0s
     0     0 -15521.687    0   95 -15402.000 -15521.687  0.78%     -    0s
H    0     0                    -15439.00000 -15521.687  0.54%     -    0s
     0     0 -15506.993    0  106 -15439.000 -15506.993  0.44%     -    0s
H    0     0                    -15468.00000 -15506.993  0.25%     -    0s
     0     0 -15506.542    0   96 -15468.000 -15506.542  0.25%     -    0s
     0     0 -15506.542    0   57 -15468.000 -15506.542  0.25%     -    0s
     0     0 -15506.542    0   87 -15468.000 -15506.542  0.25%     -    0s
     0     0 -15506.542    0   83 -15468.000 -15506.542  0.25%     -    0s
     0     0 -15506.542    0   64 -15468.000 -15506.542  0.25%     -    0s
     0     0 -15506.542    0   64 -15468.000 -15506.542  0.25%     -    0s
     0     0 -15493.218    0   39 -15468.000 -15493.218  0.16%     -    0s
     0     0 -15493.218    0   56 -15468.000 -15493.218  0.16%     -    0s
     0     0 -15493.218    0   54 -15468.000 -15493.218  0.16%     -    0s
     0     0 -15493.218    0   47 -15468.000 -15493.218  0.16%     -    0s
     0     0 -15492.004    0   63 -15468.000 -15492.004  0.16%     -    0s
     0     0 -15478.840    0   50 -15468.000 -15478.840  0.07%     -    0s
     0     0 -15478.840    0   50 -15468.000 -15478.840  0.07%     -    0s
     0     0 -15478.840    0   39 -15468.000 -15478.840  0.07%     -    0s
     0     0 -15478.840    0   50 -15468.000 -15478.840  0.07%     -    0s
     0     0 -15478.840    0   50 -15468.000 -15478.840  0.07%     -    0s
     0     0 -15478.840    0   50 -15468.000 -15478.840  0.07%     -    0s
     0     2 -15478.840    0   50 -15468.000 -15478.840  0.07%     -    0s

Cutting planes:
  Gomory: 8
  Clique: 1
  StrongCG: 1

Explored 11 nodes (3358 simplex iterations) in 0.27 seconds (0.15 work units)
Thread count was 4 (of 56 available processors)

Solution count 10: -15468 -15439 -15439 ... 0
No other solutions better than -15468

Optimal solution found (tolerance 1.00e-04)
Best objective -1.546800000000e+04, best bound -1.546800000000e+04, gap 0.0000%
