
Gurobi 9.5.0 (linux64) logging started Tue May  3 23:00:11 2022

Set parameter LogFile to value "/local_workspace/chenrui/LogFiles/MKAP/new2S_R25_M20_N100_seed2_original_600.log"
Gurobi Optimizer version 9.5.0 build v9.5.0rc5 (linux64)
Thread count: 56 physical cores, 56 logical processors, using up to 4 threads
Optimize a model with 620 rows, 2500 columns and 5000 nonzeros
Model fingerprint: 0x6c4bacc5
Variable types: 0 continuous, 2500 integer (2500 binary)
Coefficient statistics:
  Matrix range     [1e+00, 3e+03]
  Objective range  [7e+01, 1e+03]
  Bounds range     [1e+00, 1e+00]
  RHS range        [1e+00, 1e+00]
Found heuristic solution: objective 0.0000000
Presolve removed 151 rows and 559 columns
Presolve time: 0.01s
Presolved: 469 rows, 1941 columns, 3882 nonzeros
Found heuristic solution: objective -21533.00000
Variable types: 0 continuous, 1941 integer (1941 binary)

Root relaxation: objective -3.552144e+04, 1418 iterations, 0.01 seconds (0.01 work units)

    Nodes    |    Current Node    |     Objective Bounds      |     Work
 Expl Unexpl |  Obj  Depth IntInf | Incumbent    BestBd   Gap | It/Node Time

     0     0 -35521.444    0   85 -21533.000 -35521.444  65.0%     -    0s
H    0     0                    -31333.00000 -35521.444  13.4%     -    0s
     0     0 -35107.850    0  112 -31333.000 -35107.850  12.0%     -    0s
H    0     0                    -31407.00000 -35107.850  11.8%     -    0s
     0     0 -35101.924    0  114 -31407.000 -35101.924  11.8%     -    0s
     0     0 -35099.026    0  116 -31407.000 -35099.026  11.8%     -    0s
H    0     0                    -32561.00000 -34673.145  6.49%     -    0s
     0     0 -34644.071    0  145 -32561.000 -34644.071  6.40%     -    0s
H    0     0                    -32569.00000 -34644.071  6.37%     -    0s
     0     0 -34583.721    0  148 -32569.000 -34583.721  6.19%     -    0s
     0     0 -34576.591    0  158 -32569.000 -34576.591  6.16%     -    0s
     0     0 -34576.537    0  156 -32569.000 -34576.537  6.16%     -    0s
H    0     0                    -32685.00000 -34576.537  5.79%     -    0s
     0     0 -34370.067    0  159 -32685.000 -34370.067  5.16%     -    0s
H    0     0                    -32932.00000 -34370.067  4.37%     -    0s
     0     0 -34345.784    0  148 -32932.000 -34345.784  4.29%     -    0s
     0     0 -34343.034    0  164 -32932.000 -34343.034  4.28%     -    0s
     0     0 -34342.314    0  169 -32932.000 -34342.314  4.28%     -    0s
     0     0 -34106.672    0  147 -32932.000 -34106.672  3.57%     -    0s
H    0     0                    -32937.00000 -34106.672  3.55%     -    0s
     0     0 -34096.435    0  147 -32937.000 -34096.435  3.52%     -    0s
     0     0 -34094.558    0  147 -32937.000 -34094.558  3.51%     -    0s
     0     0 -34094.438    0  150 -32937.000 -34094.438  3.51%     -    0s
     0     0 -33977.154    0  137 -32937.000 -33977.154  3.16%     -    0s
H    0     0                    -33037.00000 -33977.154  2.85%     -    0s
     0     0 -33972.728    0  147 -33037.000 -33972.728  2.83%     -    0s
     0     0 -33971.375    0  147 -33037.000 -33971.375  2.83%     -    0s
     0     0 -33899.992    0  164 -33037.000 -33899.992  2.61%     -    0s
H    0     0                    -33195.00000 -33899.992  2.12%     -    0s
     0     0 -33889.307    0  164 -33195.000 -33889.307  2.09%     -    0s
     0     0 -33885.697    0  168 -33195.000 -33885.697  2.08%     -    0s
     0     0 -33885.681    0  170 -33195.000 -33885.681  2.08%     -    0s
     0     0 -33772.449    0  131 -33195.000 -33772.449  1.74%     -    0s
H    0     0                    -33267.00000 -33772.449  1.52%     -    0s
     0     0 -33744.312    0  105 -33267.000 -33744.312  1.43%     -    0s
     0     0 -33743.987    0  106 -33267.000 -33743.987  1.43%     -    0s
     0     0 -33695.719    0  142 -33267.000 -33695.719  1.29%     -    0s
     0     0 -33695.628    0  153 -33267.000 -33695.628  1.29%     -    0s
     0     0 -33645.288    0   96 -33267.000 -33645.288  1.14%     -    0s
H    0     0                    -33436.00000 -33645.288  0.63%     -    0s
     0     0 -33644.126    0   59 -33436.000 -33644.126  0.62%     -    0s
     0     0 -33599.899    0   88 -33436.000 -33599.899  0.49%     -    0s
     0     0 -33599.899    0   79 -33436.000 -33599.899  0.49%     -    0s
     0     0 -33599.899    0  122 -33436.000 -33599.899  0.49%     -    0s
     0     0 -33599.899    0  104 -33436.000 -33599.899  0.49%     -    0s
     0     0 -33599.899    0   62 -33436.000 -33599.899  0.49%     -    0s
     0     0 -33599.899    0   68 -33436.000 -33599.899  0.49%     -    0s
     0     0 -33585.165    0   93 -33436.000 -33585.165  0.45%     -    0s
     0     0 -33571.000    0   21 -33436.000 -33571.000  0.40%     -    0s
     0     0 -33568.068    0   58 -33436.000 -33568.068  0.39%     -    0s
     0     0 -33568.068    0   41 -33436.000 -33568.068  0.39%     -    0s
     0     0 -33568.068    0   69 -33436.000 -33568.068  0.39%     -    0s
     0     0 -33568.068    0   57 -33436.000 -33568.068  0.39%     -    0s
     0     0 -33568.068    0   27 -33436.000 -33568.068  0.39%     -    0s
     0     0 -33568.000    0   26 -33436.000 -33568.000  0.39%     -    0s
     0     0 -33556.347    0   46 -33436.000 -33556.347  0.36%     -    0s
     0     0 -33550.954    0   58 -33436.000 -33550.954  0.34%     -    0s
H    0     0                    -33545.00000 -33550.954  0.02%     -    0s

Cutting planes:
  Gomory: 6
  Lift-and-project: 1
  Cover: 31
  Clique: 16
  MIR: 16
  StrongCG: 5

Explored 1 nodes (5476 simplex iterations) in 0.54 seconds (0.31 work units)
Thread count was 4 (of 56 available processors)

Solution count 10: -33545 -33436 -33267 ... -32561
No other solutions better than -33545

Optimal solution found (tolerance 1.00e-04)
Best objective -3.354500000000e+04, best bound -3.354500000000e+04, gap 0.0000%
