
Gurobi 9.5.0 (linux64) logging started Fri Apr 29 08:42:26 2022

Set parameter LogFile to value "/local_workspace/chenrui/LogFiles/MKAP/new2S_R25_M10_N300_seed3_objLB_600.log"
Gurobi Optimizer version 9.5.0 build v9.5.0rc5 (linux64)
Thread count: 56 physical cores, 56 logical processors, using up to 4 threads
Optimize a model with 561 rows, 3250 columns and 9500 nonzeros
Model fingerprint: 0x1df48cc5
Variable types: 0 continuous, 3250 integer (3250 binary)
Coefficient statistics:
  Matrix range     [1e+00, 1e+04]
  Objective range  [2e+01, 1e+03]
  Bounds range     [1e+00, 1e+00]
  RHS range        [1e+00, 7e+04]
Found heuristic solution: objective 0.0000000
Presolve removed 10 rows and 10 columns
Presolve time: 0.01s
Presolved: 551 rows, 3240 columns, 9480 nonzeros
Variable types: 0 continuous, 3240 integer (3240 binary)
Found heuristic solution: objective -58164.00000

Root relaxation: objective -7.378000e+04, 700 iterations, 0.01 seconds (0.01 work units)

    Nodes    |    Current Node    |     Objective Bounds      |     Work
 Expl Unexpl |  Obj  Depth IntInf | Incumbent    BestBd   Gap | It/Node Time

     0     0 -73780.000    0   51 -58164.000 -73780.000  26.8%     -    0s
H    0     0                    -59685.00000 -73780.000  23.6%     -    0s
H    0     0                    -63347.00000 -73780.000  16.5%     -    0s
     0     0 -73780.000    0  209 -63347.000 -73780.000  16.5%     -    0s
H    0     0                    -66993.00000 -73780.000  10.1%     -    0s
     0     0 -73780.000    0  205 -66993.000 -73780.000  10.1%     -    0s
H    0     0                    -70194.00000 -73780.000  5.11%     -    0s
H    0     0                    -71121.00000 -73780.000  3.74%     -    0s
H    0     0                    -71746.00000 -73780.000  2.84%     -    0s
     0     0 -73780.000    0   24 -71746.000 -73780.000  2.84%     -    0s
H    0     0                    -72128.00000 -73780.000  2.29%     -    0s
     0     0 -73780.000    0   40 -72128.000 -73780.000  2.29%     -    0s
H    0     0                    -72160.00000 -73780.000  2.25%     -    0s
     0     0 -73780.000    0   23 -72160.000 -73780.000  2.25%     -    0s
     0     0 -73780.000    0   10 -72160.000 -73780.000  2.25%     -    0s
H    0     0                    -72886.00000 -73780.000  1.23%     -    0s
     0     2 -73780.000    0    9 -72886.000 -73780.000  1.23%     -    0s
H   68    83                    -73200.00000 -73780.000  0.79%   117    0s
H  292   361                    -73373.00000 -73780.000  0.55%  50.2    1s
H 1111   856                    -73670.00000 -73780.000  0.15%  39.3    2s
H 1119   818                    -73691.00000 -73780.000  0.12%  39.1    3s
H 1126   782                    -73694.00000 -73780.000  0.12%  38.8    5s
  1465   896     cutoff   43      -73694.000 -73780.000  0.12%   135   10s
H 1521   837                    -73780.00000 -73780.000  0.00%   139   10s

Cutting planes:
  Gomory: 25
  Cover: 72
  Clique: 49
  MIR: 9
  StrongCG: 19
  Flow cover: 38
  Zero half: 10
  RLT: 1

Explored 1823 nodes (266344 simplex iterations) in 10.91 seconds (21.43 work units)
Thread count was 4 (of 56 available processors)

Solution count 10: -73780 -73694 -73691 ... -71746
No other solutions better than -73780

Optimal solution found (tolerance 1.00e-04)
Best objective -7.378000000000e+04, best bound -7.378000000000e+04, gap 0.0000%
