
Gurobi 9.5.0 (linux64) logging started Fri Apr 29 08:44:09 2022

Set parameter LogFile to value "/local_workspace/chenrui/LogFiles/MKAP/new2S_R25_M10_N300_seed4_objLB_600.log"
Gurobi Optimizer version 9.5.0 build v9.5.0rc5 (linux64)
Thread count: 56 physical cores, 56 logical processors, using up to 4 threads
Optimize a model with 561 rows, 3250 columns and 9500 nonzeros
Model fingerprint: 0x714fb278
Variable types: 0 continuous, 3250 integer (3250 binary)
Coefficient statistics:
  Matrix range     [1e+00, 2e+04]
  Objective range  [2e+01, 1e+03]
  Bounds range     [1e+00, 1e+00]
  RHS range        [1e+00, 7e+04]
Found heuristic solution: objective 0.0000000
Presolve removed 11 rows and 166 columns
Presolve time: 0.02s
Presolved: 550 rows, 3084 columns, 9013 nonzeros
Variable types: 0 continuous, 3084 integer (3084 binary)
Found heuristic solution: objective -46389.00000

Root relaxation: objective -6.601300e+04, 661 iterations, 0.01 seconds (0.01 work units)

    Nodes    |    Current Node    |     Objective Bounds      |     Work
 Expl Unexpl |  Obj  Depth IntInf | Incumbent    BestBd   Gap | It/Node Time

     0     0 -66013.000    0   28 -46389.000 -66013.000  42.3%     -    0s
H    0     0                    -65541.00000 -66013.000  0.72%     -    0s
H    0     0                    -65756.00000 -66013.000  0.39%     -    0s
     0     0 -66013.000    0  162 -65756.000 -66013.000  0.39%     -    0s
     0     0 -66013.000    0  157 -65756.000 -66013.000  0.39%     -    0s
H    0     0                    -65814.00000 -66013.000  0.30%     -    0s
     0     0 -66013.000    0   53 -65814.000 -66013.000  0.30%     -    0s
     0     0 -66013.000    0   36 -65814.000 -66013.000  0.30%     -    0s
     0     2 -66013.000    0   24 -65814.000 -66013.000  0.30%     -    0s
H 1099   639                    -65937.00000 -66013.000  0.12%  18.8    2s
H 1101   608                    -65948.00000 -66013.000  0.10%  18.8    2s
H 1111   584                    -65979.00000 -66013.000  0.05%  18.6    3s
  1140   606 -66013.000   14   25 -65979.000 -66013.000  0.05%  70.5    5s
  5455  1943 -66013.000   96   22 -65979.000 -66013.000  0.05%  57.3   10s
H 8856   387                    -66013.00000 -66013.000  0.00%  55.7   13s

Cutting planes:
  Gomory: 27
  Lift-and-project: 2
  Cover: 92
  Clique: 39
  MIR: 9
  StrongCG: 16
  Flow cover: 24
  Zero half: 7

Explored 9147 nodes (512592 simplex iterations) in 13.40 seconds (25.01 work units)
Thread count was 4 (of 56 available processors)

Solution count 9: -66013 -65979 -65948 ... 0
No other solutions better than -66013

Optimal solution found (tolerance 1.00e-04)
Best objective -6.601300000000e+04, best bound -6.601300000000e+04, gap 0.0000%
