
Gurobi 9.5.0 (linux64) logging started Thu Apr 14 19:34:08 2022

Set parameter LogFile to value "/local_workspace/chenrui/LogFiles/MKAP/new2S_R10_M10_N300_seed1_DWcutsT1_600.log"
Gurobi Optimizer version 9.5.0 build v9.5.0rc5 (linux64)
Thread count: 56 physical cores, 56 logical processors, using up to 4 threads
Optimize a model with 609 rows, 3100 columns and 12369 nonzeros
Model fingerprint: 0xfe0adf9d
Variable types: 0 continuous, 3100 integer (3100 binary)
Coefficient statistics:
  Matrix range     [2e-11, 2e+04]
  Objective range  [5e+01, 1e+03]
  Bounds range     [1e+00, 1e+00]
  RHS range        [5e-13, 6e+01]
Warning: Model contains large matrix coefficient range
         Consider reformulating model or setting NumericFocus parameter
         to avoid numerical issues.
Found heuristic solution: objective 0.0000000
Presolve time: 0.02s
Presolved: 609 rows, 3100 columns, 12368 nonzeros
Variable types: 0 continuous, 3100 integer (3100 binary)
Found heuristic solution: objective -17008.00000

Root relaxation: objective -1.015810e+05, 3814 iterations, 0.08 seconds (0.08 work units)

    Nodes    |    Current Node    |     Objective Bounds      |     Work
 Expl Unexpl |  Obj  Depth IntInf | Incumbent    BestBd   Gap | It/Node Time

     0     0 -101581.01    0  263 -17008.000 -101581.01   497%     -    0s
H    0     0                    -87029.00000 -101581.01  16.7%     -    0s
H    0     0                    -88311.00000 -101581.01  15.0%     -    0s
     0     0 -101581.01    0  535 -88311.000 -101581.01  15.0%     -    0s
H    0     0                    -94624.00000 -101581.01  7.35%     -    0s
     0     0 -101581.01    0  514 -94624.000 -101581.01  7.35%     -    0s
     0     0 -101581.01    0  538 -94624.000 -101581.01  7.35%     -    1s
     0     0 -101581.01    0  514 -94624.000 -101581.01  7.35%     -    1s
H    0     0                    -99605.00000 -101581.01  1.98%     -    1s
H    0     0                    -100258.0000 -101581.01  1.32%     -    1s
H    0     0                    -100349.0000 -101581.01  1.23%     -    1s
H    0     2                    -100445.0000 -101581.01  1.13%     -    1s
     0     2 -101581.01    0  482 -100445.00 -101581.01  1.13%     -    1s
H  104   172                    -100715.0000 -101581.01  0.86%   314    2s
H  137   172                    -100860.0000 -101581.01  0.71%   241    2s
H  171   195                    -100958.0000 -101581.01  0.62%   194    3s
H  172   195                    -100986.0000 -101581.01  0.59%   192    3s
H  322   310                    -101068.0000 -101581.01  0.51%   117    3s
H  408   316                    -101107.0000 -101581.01  0.47%   107    3s
H  919   728                    -101111.0000 -101581.01  0.46%  67.5    4s
   957   768 -101560.61   12  123 -101111.00 -101581.01  0.46%  69.5    5s
H 1081   809                    -101193.0000 -101581.01  0.38%  66.3    8s
H 1081   768                    -101330.0000 -101581.01  0.25%  66.3    8s
  1082   769 -101330.00   91  567 -101330.00 -101581.01  0.25%  66.3   10s
H 1113   753                    -101345.0000 -101581.01  0.23%  92.4   13s
  1239   879 -101581.01   30  200 -101345.00 -101581.01  0.23%   104   15s
  2815  1658 -101450.29   84   13 -101345.00 -101581.01  0.23%   101   22s
H 2958  1092                    -101487.0000 -101581.01  0.09%  97.4   22s
  6539  3538 -101540.58   77   16 -101487.00 -101581.01  0.09%  55.1   25s
 13921  7210 -101553.53   46   19 -101487.00 -101581.01  0.09%  41.9   30s
H16247  6948                    -101512.0000 -101581.01  0.07%  39.2   31s
H17196  4597                    -101537.0000 -101581.01  0.04%  37.5   31s
H17352   476                    -101579.0000 -101581.01  0.00%  38.0   32s

Cutting planes:
  Cover: 183
  Clique: 113
  MIR: 34
  StrongCG: 28
  Flow cover: 29
  Zero half: 2
  RLT: 1

Explored 17421 nodes (678899 simplex iterations) in 32.21 seconds (42.17 work units)
Thread count was 4 (of 56 available processors)

Solution count 10: -101579 -101537 -101512 ... -101068

Optimal solution found (tolerance 1.00e-04)
Best objective -1.015790000000e+05, best bound -1.015810000000e+05, gap 0.0020%
