
Gurobi 9.5.0 (linux64) logging started Tue May  3 22:28:52 2022

Set parameter LogFile to value "/local_workspace/chenrui/LogFiles/MKAP/new2S_R25_M40_N100_seed9_DWcutsCT2_600.log"
Gurobi Optimizer version 9.5.0 build v9.5.0rc5 (linux64)
Thread count: 56 physical cores, 56 logical processors, using up to 4 threads
Optimize a model with 3019 rows, 5000 columns and 16864 nonzeros
Model fingerprint: 0x160be039
Variable types: 0 continuous, 5000 integer (5000 binary)
Coefficient statistics:
  Matrix range     [1e-13, 2e+03]
  Objective range  [4e+01, 1e+03]
  Bounds range     [1e+00, 1e+00]
  RHS range        [7e-15, 1e+00]
Warning: Model contains large matrix coefficient range
         Consider reformulating model or setting NumericFocus parameter
         to avoid numerical issues.
Found heuristic solution: objective 0.0000000
Presolve removed 1511 rows and 2027 columns
Presolve time: 0.05s
Presolved: 1508 rows, 2973 columns, 7307 nonzeros
Found heuristic solution: objective -24135.00000
Variable types: 0 continuous, 2973 integer (2973 binary)

Root relaxation: objective -3.186856e+04, 2574 iterations, 0.03 seconds (0.02 work units)

    Nodes    |    Current Node    |     Objective Bounds      |     Work
 Expl Unexpl |  Obj  Depth IntInf | Incumbent    BestBd   Gap | It/Node Time

     0     0 -31868.556    0  111 -24135.000 -31868.556  32.0%     -    0s
H    0     0                    -30852.00000 -31868.556  3.29%     -    0s
H    0     0                    -31394.00000 -31868.556  1.51%     -    0s
H    0     0                    -31634.00000 -31868.556  0.74%     -    0s
H    0     0                    -31797.00006 -31868.556  0.23%     -    0s
     0     0 -31854.933    0  137 -31797.000 -31854.933  0.18%     -    0s
     0     0 -31854.933    0   61 -31797.000 -31854.933  0.18%     -    0s
     0     0 -31849.700    0   58 -31797.000 -31849.700  0.17%     -    0s
H    0     0                    -31849.00000 -31849.700  0.00%     -    0s

Cutting planes:
  Gomory: 15
  Clique: 4
  Zero half: 6

Explored 1 nodes (3548 simplex iterations) in 0.26 seconds (0.18 work units)
Thread count was 4 (of 56 available processors)

Solution count 7: -31849 -31797 -31634 ... 0
No other solutions better than -31849

Optimal solution found (tolerance 1.00e-04)
Best objective -3.184900000000e+04, best bound -3.184900000000e+04, gap 0.0000%
