
Gurobi 9.5.0 (linux64) logging started Tue May  3 13:26:42 2022

Set parameter LogFile to value "/local_workspace/chenrui/LogFiles/MKAP/new2S_R10_M10_N50_seed10_DWcutsCT3_600.log"
Gurobi Optimizer version 9.5.0 build v9.5.0rc5 (linux64)
Thread count: 56 physical cores, 56 logical processors, using up to 4 threads
Optimize a model with 605 rows, 600 columns and 3194 nonzeros
Model fingerprint: 0x53327cf4
Variable types: 0 continuous, 600 integer (600 binary)
Coefficient statistics:
  Matrix range     [1e-13, 4e+03]
  Objective range  [6e+01, 1e+03]
  Bounds range     [1e+00, 1e+00]
  RHS range        [1e-13, 1e+00]
Warning: Model contains large matrix coefficient range
         Consider reformulating model or setting NumericFocus parameter
         to avoid numerical issues.
Found heuristic solution: objective 0.0000000
Presolve removed 198 rows and 103 columns
Presolve time: 0.01s
Presolved: 407 rows, 497 columns, 1853 nonzeros
Found heuristic solution: objective -5204.000000
Variable types: 0 continuous, 497 integer (497 binary)

Root relaxation: objective -1.650767e+04, 892 iterations, 0.01 seconds (0.01 work units)

    Nodes    |    Current Node    |     Objective Bounds      |     Work
 Expl Unexpl |  Obj  Depth IntInf | Incumbent    BestBd   Gap | It/Node Time

     0     0 -16507.667    0   67 -5204.0000 -16507.667   217%     -    0s
H    0     0                    -15779.00000 -16507.667  4.62%     -    0s
H    0     0                    -16219.00000 -16507.667  1.78%     -    0s
H    0     0                    -16404.00000 -16507.667  0.63%     -    0s
H    0     0                    -16499.00000 -16507.667  0.05%     -    0s
H    0     0                    -16500.00000 -16507.667  0.05%     -    0s

Cutting planes:
  Gomory: 3

Explored 1 nodes (911 simplex iterations) in 0.04 seconds (0.02 work units)
Thread count was 4 (of 56 available processors)

Solution count 7: -16500 -16499 -16404 ... 0
No other solutions better than -16500

Optimal solution found (tolerance 1.00e-04)
Best objective -1.649999999979e+04, best bound -1.650000000002e+04, gap 0.0000%
