
Gurobi 9.5.0 (linux64) logging started Tue May  3 13:51:48 2022

Set parameter LogFile to value "/local_workspace/chenrui/LogFiles/MKAP/new2S_R10_M40_N100_seed4_DWcutsCT1_600.log"
Gurobi Optimizer version 9.5.0 build v9.5.0rc5 (linux64)
Thread count: 56 physical cores, 56 logical processors, using up to 4 threads
Optimize a model with 1223 rows, 4400 columns and 15719 nonzeros
Model fingerprint: 0xd909285d
Variable types: 0 continuous, 4400 integer (4400 binary)
Coefficient statistics:
  Matrix range     [1e-13, 2e+03]
  Objective range  [8e+01, 1e+03]
  Bounds range     [1e+00, 1e+00]
  RHS range        [1e-14, 1e+00]
Warning: Model contains large matrix coefficient range
         Consider reformulating model or setting NumericFocus parameter
         to avoid numerical issues.
Found heuristic solution: objective 0.0000000
Presolve removed 275 rows and 1629 columns
Presolve time: 0.03s
Presolved: 948 rows, 2771 columns, 9599 nonzeros
Found heuristic solution: objective -17256.00000
Variable types: 0 continuous, 2771 integer (2771 binary)
Found heuristic solution: objective -17275.00000

Root relaxation: objective -3.313843e+04, 3430 iterations, 0.08 seconds (0.07 work units)

    Nodes    |    Current Node    |     Objective Bounds      |     Work
 Expl Unexpl |  Obj  Depth IntInf | Incumbent    BestBd   Gap | It/Node Time

     0     0 -33138.428    0  105 -17275.000 -33138.428  91.8%     -    0s
H    0     0                    -31394.00000 -33138.428  5.56%     -    0s
H    0     0                    -32204.00000 -33138.428  2.90%     -    0s
H    0     0                    -32345.00000 -33138.428  2.45%     -    0s
H    0     0                    -32369.00000 -33138.428  2.38%     -    0s
H    0     0                    -32568.00000 -33138.428  1.75%     -    0s
     0     0 -33138.428    0  192 -32568.000 -33138.428  1.75%     -    0s
H    0     0                    -32887.00000 -33134.653  0.75%     -    0s
     0     0 -33134.653    0   81 -32887.000 -33134.653  0.75%     -    0s
H    0     0                    -32966.00000 -33134.653  0.51%     -    0s
     0     0 -33134.653    0  104 -32966.000 -33134.653  0.51%     -    0s
     0     0 -33134.384    0  168 -32966.000 -33134.384  0.51%     -    0s
     0     0 -33134.384    0  141 -32966.000 -33134.384  0.51%     -    0s
     0     0 -33134.384    0  191 -32966.000 -33134.384  0.51%     -    0s
     0     0 -33134.384    0  192 -32966.000 -33134.384  0.51%     -    0s
     0     0 -33134.384    0  146 -32966.000 -33134.384  0.51%     -    0s
     0     0 -33134.384    0  163 -32966.000 -33134.384  0.51%     -    0s
     0     0 -33134.384    0  137 -32966.000 -33134.384  0.51%     -    0s
     0     0 -33134.384    0  137 -32966.000 -33134.384  0.51%     -    0s
H    0     0                    -32972.00000 -33134.384  0.49%     -    0s
     0     0 -33134.384    0   80 -32972.000 -33134.384  0.49%     -    1s
     0     0 -33134.384    0  124 -32972.000 -33134.384  0.49%     -    1s
     0     0 -33134.384    0  149 -32972.000 -33134.384  0.49%     -    1s
     0     0 -33134.384    0  164 -32972.000 -33134.384  0.49%     -    1s
     0     0 -33134.235    0  131 -32972.000 -33134.235  0.49%     -    1s
     0     0 -33134.028    0  148 -32972.000 -33134.028  0.49%     -    1s
     0     0 -33134.028    0  160 -32972.000 -33134.028  0.49%     -    1s
     0     0 -33132.882    0  156 -32972.000 -33132.882  0.49%     -    1s
     0     0 -33132.629    0  176 -32972.000 -33132.629  0.49%     -    1s
     0     0 -33131.606    0  188 -32972.000 -33131.606  0.48%     -    1s
     0     0 -33131.374    0  172 -32972.000 -33131.374  0.48%     -    1s
     0     0 -33131.374    0  162 -32972.000 -33131.374  0.48%     -    1s
     0     0 -33130.147    0  170 -32972.000 -33130.147  0.48%     -    1s
     0     0 -33130.147    0  146 -32972.000 -33130.147  0.48%     -    1s
     0     0 -33129.380    0  168 -32972.000 -33129.380  0.48%     -    1s
     0     0 -33129.179    0  153 -32972.000 -33129.179  0.48%     -    1s
     0     0 -33129.179    0  143 -32972.000 -33129.179  0.48%     -    1s
     0     0 -33125.745    0  175 -32972.000 -33125.745  0.47%     -    1s
     0     0 -33125.538    0  191 -32972.000 -33125.538  0.47%     -    1s
     0     0 -33125.492    0  186 -32972.000 -33125.492  0.47%     -    1s
     0     0 -33125.480    0  193 -32972.000 -33125.480  0.47%     -    1s
     0     0 -33125.478    0  190 -32972.000 -33125.478  0.47%     -    1s
     0     0 -33125.365    0  195 -32972.000 -33125.365  0.47%     -    1s
     0     0 -33125.254    0  202 -32972.000 -33125.254  0.46%     -    1s
     0     0 -33125.213    0  195 -32972.000 -33125.213  0.46%     -    1s
     0     0 -33125.207    0  192 -32972.000 -33125.207  0.46%     -    1s
     0     0 -33123.201    0  194 -32972.000 -33123.201  0.46%     -    1s
     0     0 -33122.916    0  199 -32972.000 -33122.916  0.46%     -    1s
     0     0 -33122.679    0  195 -32972.000 -33122.679  0.46%     -    1s
     0     0 -33122.670    0  192 -32972.000 -33122.670  0.46%     -    1s
     0     0 -33122.614    0  184 -32972.000 -33122.614  0.46%     -    1s
     0     0 -33122.596    0  195 -32972.000 -33122.596  0.46%     -    1s
     0     0 -33122.596    0  196 -32972.000 -33122.596  0.46%     -    1s
     0     0 -33122.588    0  197 -32972.000 -33122.588  0.46%     -    1s
     0     0 -33122.588    0  182 -32972.000 -33122.588  0.46%     -    1s
     0     2 -33122.588    0  182 -32972.000 -33122.588  0.46%     -    1s
H   61    67                    -33038.00000 -33117.318  0.24%   162    2s
  1061   749 -33065.115   33  195 -33038.000 -33114.655  0.23%  66.3    5s
H 2120  1028                    -33042.00000 -33113.942  0.22%  65.7    9s
  2597  1280 -33084.345   32  132 -33042.000 -33111.489  0.21%  65.4   10s
* 4828  1695              37    -33065.00000 -33104.697  0.12%  63.9   13s
  6306  2405 -33073.648   24  149 -33065.000 -33102.637  0.11%  65.4   15s
  9810  4035     cutoff   21      -33065.000 -33099.029  0.10%  66.5   20s
*12543  4808              38    -33068.00000 -33097.327  0.09%  66.6   23s
 14004  5305 -33078.821   36  156 -33068.000 -33096.220  0.09%  66.4   25s
*14026  4719              28    -33072.00000 -33096.220  0.07%  66.4   25s
*14418  2866              34    -33080.00000 -33096.196  0.05%  66.7   25s
 19924  2329 -33083.281   27   27 -33080.000 -33089.769  0.03%  66.5   30s

Cutting planes:
  Gomory: 5
  Cover: 185
  Clique: 17
  MIR: 41
  StrongCG: 25
  Flow cover: 33
  Zero half: 1

Explored 24405 nodes (1567928 simplex iterations) in 33.01 seconds (47.68 work units)
Thread count was 4 (of 56 available processors)

Solution count 10: -33080 -33072 -33068 ... -32568

Optimal solution found (tolerance 1.00e-04)
Best objective -3.308000000000e+04, best bound -3.308300000000e+04, gap 0.0091%
