
Gurobi 9.5.0 (linux64) logging started Fri Apr 29 10:02:26 2022

Set parameter LogFile to value "/local_workspace/chenrui/LogFiles/MKAP/new2S_R25_M20_N200_seed2_DWcuts_600.log"
Gurobi Optimizer version 9.5.0 build v9.5.0rc5 (linux64)
Thread count: 56 physical cores, 56 logical processors, using up to 4 threads
Optimize a model with 1220 rows, 4500 columns and 13500 nonzeros
Model fingerprint: 0x5e2d0656
Variable types: 0 continuous, 4500 integer (4500 binary)
Coefficient statistics:
  Matrix range     [1e+00, 6e+03]
  Objective range  [8e+01, 1e+03]
  Bounds range     [1e+00, 1e+00]
  RHS range        [3e-04, 1e+00]
Found heuristic solution: objective 0.0000000
Presolve removed 137 rows and 664 columns
Presolve time: 0.04s
Presolved: 1083 rows, 3836 columns, 11367 nonzeros
Found heuristic solution: objective -11838.00000
Variable types: 0 continuous, 3836 integer (3836 binary)

Root relaxation: objective -5.930200e+04, 3356 iterations, 0.05 seconds (0.05 work units)

    Nodes    |    Current Node    |     Objective Bounds      |     Work
 Expl Unexpl |  Obj  Depth IntInf | Incumbent    BestBd   Gap | It/Node Time

     0     0 -59302.000    0    3 -11838.000 -59302.000   401%     -    0s
H    0     0                    -59302.00000 -59302.000  0.00%     -    0s
     0     0 -59302.000    0    3 -59302.000 -59302.000  0.00%     -    0s

Explored 1 nodes (3878 simplex iterations) in 0.12 seconds (0.12 work units)
Thread count was 4 (of 56 available processors)

Solution count 3: -59302 -11838 0 
No other solutions better than -59302

Optimal solution found (tolerance 1.00e-04)
Best objective -5.930200000000e+04, best bound -5.930200000000e+04, gap 0.0000%
