
Gurobi 9.5.0 (linux64) logging started Tue May  3 16:19:33 2022

Set parameter LogFile to value "/local_workspace/chenrui/LogFiles/MKAP/new2S_R5_M40_N50_seed5_objLB_600.log"
Gurobi Optimizer version 9.5.0 build v9.5.0rc5 (linux64)
Thread count: 56 physical cores, 56 logical processors, using up to 4 threads
Optimize a model with 291 rows, 2200 columns and 6395 nonzeros
Model fingerprint: 0x496be561
Variable types: 0 continuous, 2200 integer (2200 binary)
Coefficient statistics:
  Matrix range     [1e+00, 1e+03]
  Objective range  [8e+01, 1e+03]
  Bounds range     [1e+00, 1e+00]
  RHS range        [1e+00, 1e+04]
Found heuristic solution: objective 0.0000000
Presolve removed 162 rows and 1566 columns
Presolve time: 0.01s
Presolved: 129 rows, 634 columns, 1841 nonzeros
Variable types: 0 continuous, 634 integer (634 binary)
Found heuristic solution: objective -11057.00000

Root relaxation: objective -1.331800e+04, 200 iterations, 0.00 seconds (0.00 work units)

    Nodes    |    Current Node    |     Objective Bounds      |     Work
 Expl Unexpl |  Obj  Depth IntInf | Incumbent    BestBd   Gap | It/Node Time

H    0     0                    -13318.00000 -194513.00  1361%     -    0s
     0     0          -    0      -13318.000 -13318.000  0.00%     -    0s

Explored 1 nodes (298 simplex iterations) in 0.01 seconds (0.01 work units)
Thread count was 4 (of 56 available processors)

Solution count 3: -13318 -11057 0 
No other solutions better than -13318

Optimal solution found (tolerance 1.00e-04)
Best objective -1.331800000000e+04, best bound -1.331800000000e+04, gap 0.0000%
