
Gurobi 9.5.0 (linux64) logging started Fri Apr 29 21:47:51 2022

Set parameter LogFile to value "/local_workspace/chenrui/LogFiles/MKAP/new2S_R10_M10_N300_seed3_DWcutsCT3_600.log"
Gurobi Optimizer version 9.5.0 build v9.5.0rc5 (linux64)
Thread count: 56 physical cores, 56 logical processors, using up to 4 threads
Optimize a model with 1199 rows, 3100 columns and 30659 nonzeros
Model fingerprint: 0x33e2e4f1
Variable types: 0 continuous, 3100 integer (3100 binary)
Coefficient statistics:
  Matrix range     [3e-12, 1e+04]
  Objective range  [2e+01, 1e+03]
  Bounds range     [1e+00, 1e+00]
  RHS range        [5e-13, 1e+00]
Warning: Model contains large matrix coefficient range
         Consider reformulating model or setting NumericFocus parameter
         to avoid numerical issues.
Found heuristic solution: objective 0.0000000
Presolve removed 2 rows and 0 columns
Presolve time: 0.04s
Presolved: 1197 rows, 3100 columns, 30596 nonzeros
Variable types: 0 continuous, 3100 integer (3100 binary)
Found heuristic solution: objective -20021.00000

Root relaxation: objective -9.689901e+04, 14295 iterations, 1.35 seconds (2.05 work units)

    Nodes    |    Current Node    |     Objective Bounds      |     Work
 Expl Unexpl |  Obj  Depth IntInf | Incumbent    BestBd   Gap | It/Node Time

     0     0 -96899.009    0  530 -20021.000 -96899.009   384%     -    1s
H    0     0                    -70907.00000 -96899.009  36.7%     -    1s
H    0     0                    -77280.00000 -96899.009  25.4%     -    1s
H    0     0                    -92910.00000 -96899.009  4.29%     -    1s
H    0     0                    -93032.00000 -96899.009  4.16%     -    1s
H    0     0                    -93167.00000 -96899.009  4.01%     -    1s
H    0     0                    -94811.00000 -96899.009  2.20%     -    1s
     0     0 -96899.009    0  486 -94811.000 -96899.009  2.20%     -    2s
H    0     0                    -95061.00000 -96899.009  1.93%     -    2s
     0     0 -96899.009    0  478 -95061.000 -96899.009  1.93%     -    2s
H    0     0                    -96180.00000 -96899.009  0.75%     -    3s
     0     0 -96899.009    0  515 -96180.000 -96899.009  0.75%     -    3s
H    0     0                    -96663.00000 -96899.009  0.24%     -    3s
H    0     0                    -96746.00000 -96899.009  0.16%     -    3s
     0     0 -96899.009    0  393 -96746.000 -96899.009  0.16%     -    3s
     0     0 -96899.009    0  382 -96746.000 -96899.009  0.16%     -    4s
H    0     0                    -96848.00000 -96899.009  0.05%     -    4s
H    0     0                    -96899.00000 -96899.009  0.00%     -    4s
     0     0 -96899.009    0  327 -96899.000 -96899.009  0.00%     -    4s

Cutting planes:
  Cover: 68
  Clique: 610
  MIR: 12
  StrongCG: 8

Explored 1 nodes (26409 simplex iterations) in 4.52 seconds (5.59 work units)
Thread count was 4 (of 56 available processors)

Solution count 10: -96899 -96848 -96746 ... -92910
No other solutions better than -96899

Optimal solution found (tolerance 1.00e-04)
Best objective -9.689900000000e+04, best bound -9.689900000000e+04, gap 0.0000%
