
Gurobi 9.5.0 (linux64) logging started Thu Apr 28 23:09:18 2022

Set parameter LogFile to value "/local_workspace/chenrui/LogFiles/MKAP/new2S_R10_M10_N200_seed9_objLB_600.log"
Gurobi Optimizer version 9.5.0 build v9.5.0rc5 (linux64)
Thread count: 56 physical cores, 56 logical processors, using up to 4 threads
Optimize a model with 311 rows, 2100 columns and 6200 nonzeros
Model fingerprint: 0x4d2add49
Variable types: 0 continuous, 2100 integer (2100 binary)
Coefficient statistics:
  Matrix range     [1e+00, 7e+03]
  Objective range  [6e+01, 1e+03]
  Bounds range     [1e+00, 1e+00]
  RHS range        [1e+00, 7e+04]
Found heuristic solution: objective 0.0000000
Presolve removed 11 rows and 175 columns
Presolve time: 0.01s
Presolved: 300 rows, 1925 columns, 5686 nonzeros
Variable types: 0 continuous, 1925 integer (1925 binary)
Found heuristic solution: objective -49991.00000

Root relaxation: objective -6.578800e+04, 522 iterations, 0.01 seconds (0.01 work units)

    Nodes    |    Current Node    |     Objective Bounds      |     Work
 Expl Unexpl |  Obj  Depth IntInf | Incumbent    BestBd   Gap | It/Node Time

     0     0 -65788.000    0   46 -49991.000 -65788.000  31.6%     -    0s
H    0     0                    -53156.00000 -65788.000  23.8%     -    0s
H    0     0                    -61966.00000 -65788.000  6.17%     -    0s
     0     0 -65788.000    0  208 -61966.000 -65788.000  6.17%     -    0s
     0     0 -65788.000    0  202 -61966.000 -65788.000  6.17%     -    0s
H    0     0                    -64425.00000 -65788.000  2.12%     -    0s
H    0     0                    -64648.00000 -65788.000  1.76%     -    0s
     0     0 -65788.000    0   41 -64648.000 -65788.000  1.76%     -    0s
H    0     0                    -64833.00000 -65788.000  1.47%     -    0s
     0     0 -65788.000    0   74 -64833.000 -65788.000  1.47%     -    0s
     0     0 -65788.000    0   46 -64833.000 -65788.000  1.47%     -    0s
     0     0 -65788.000    0   32 -64833.000 -65788.000  1.47%     -    0s
     0     2 -65788.000    0   29 -64833.000 -65788.000  1.47%     -    0s
H   31    36                    -64853.00000 -65788.000  1.44%   163    0s
H   34    36                    -64880.00000 -65788.000  1.40%   154    0s
H   35    36                    -65086.00000 -65788.000  1.08%   150    0s
H   61    77                    -65255.00000 -65788.000  0.82%   113    0s
H 1205   434                    -65391.00000 -65788.000  0.61%  37.7    1s
H 1826   548                    -65438.00000 -65788.000  0.53%  42.2    1s
  3911  1154 -65788.000   75   28 -65438.000 -65788.000  0.53%  53.3    5s
H 3912  1106                    -65477.00000 -65788.000  0.47%  53.3    5s
H 3970  1055                    -65494.00000 -65788.000  0.45%  52.9    6s
H 5914  1626                    -65506.00000 -65788.000  0.43%  44.0    6s
 20450  8120 -65608.931   70    8 -65506.000 -65788.000  0.43%  15.4   10s
 76716 32838 -65617.954   89    8 -65506.000 -65788.000  0.43%   6.3   15s
 117692 50404 -65788.000   57   10 -65506.000 -65788.000  0.43%   5.2   20s
 177480 74040 -65551.349   73    9 -65506.000 -65788.000  0.43%   4.6   25s
H227447 76783                    -65557.00000 -65788.000  0.35%   4.3   29s
 228782 77280 -65788.000   47   16 -65557.000 -65788.000  0.35%   4.3   30s
H232089 69690                    -65576.00000 -65788.000  0.32%   4.3   30s
H233963 53189                    -65615.00000 -65788.000  0.26%   4.3   34s
 237383 53021 -65727.672   58   10 -65615.000 -65788.000  0.26%   4.3   36s
 275316 60870 -65700.731   65   10 -65615.000 -65788.000  0.26%   4.5   40s
 322059 71054 -65788.000   57   10 -65615.000 -65788.000  0.26%   4.6   45s
 380860 83559 -65779.493   68    9 -65615.000 -65788.000  0.26%   4.6   50s
 432311 94181     cutoff   75      -65615.000 -65788.000  0.26%   4.6   55s
 482414 103988 -65788.000   64   10 -65615.000 -65788.000  0.26%   4.6   60s
 540886 115843 -65668.665   62   15 -65615.000 -65788.000  0.26%   4.6   65s
 590434 127126 -65765.697   77    9 -65615.000 -65788.000  0.26%   4.6   70s
 643462 138493 -65788.000   59   11 -65615.000 -65788.000  0.26%   4.6   75s
 688208 148398 -65712.303   78   18 -65615.000 -65788.000  0.26%   4.7   80s
 746864 162523 -65630.876   60   10 -65615.000 -65788.000  0.26%   4.7   85s
 792238 174462 -65739.665   69    9 -65615.000 -65788.000  0.26%   4.7   90s
 846924 187060 -65759.510   81   14 -65615.000 -65788.000  0.26%   4.6   95s
 899711 198320 -65642.749   65    7 -65615.000 -65788.000  0.26%   4.6  100s
 939848 206913 -65788.000   72    9 -65615.000 -65788.000  0.26%   4.6  105s
 996316 221440 -65656.822   60   10 -65615.000 -65788.000  0.26%   4.6  110s
 1038653 230915 -65736.008   67    8 -65615.000 -65788.000  0.26%   4.6  115s
 1089395 243175 -65708.001   75   14 -65615.000 -65788.000  0.26%   4.6  120s
 1139948 254689     cutoff   89      -65615.000 -65788.000  0.26%   4.6  125s
 1170524 261049 -65788.000   65    9 -65615.000 -65788.000  0.26%   4.6  130s
 1222456 273791 infeasible   78      -65615.000 -65788.000  0.26%   4.6  135s
 1262000 282586 -65642.083   76   13 -65615.000 -65788.000  0.26%   4.6  140s
 1308582 295541 -65660.029   75    9 -65615.000 -65788.000  0.26%   4.6  145s
 1357556 307995 -65788.000   78    9 -65615.000 -65788.000  0.26%   4.6  150s
 1410862 319787 -65788.000   63   16 -65615.000 -65788.000  0.26%   4.6  155s
 1453037 328099 -65760.842   72    8 -65615.000 -65788.000  0.26%   4.6  160s
 1502080 338029     cutoff   65      -65615.000 -65788.000  0.26%   4.6  165s
 1553643 352818 -65743.038   63    9 -65615.000 -65788.000  0.26%   4.6  170s
 1599212 363278 -65718.457   92    8 -65615.000 -65788.000  0.26%   4.5  176s
 1626621 368835 -65696.733   75   13 -65615.000 -65788.000  0.26%   4.5  180s
 1683985 381724 -65735.705   67    8 -65615.000 -65788.000  0.26%   4.5  185s
 1734792 392964 -65644.106   75    7 -65615.000 -65788.000  0.26%   4.5  190s
 1789977 406488 -65788.000   60    9 -65615.000 -65788.000  0.26%   4.5  195s
 1824243 414849 -65643.055   65    9 -65615.000 -65788.000  0.26%   4.5  201s
 1851152 422214 -65730.895   76    8 -65615.000 -65788.000  0.26%   4.5  205s
 1908789 436910 -65710.325   62   10 -65615.000 -65788.000  0.26%   4.5  210s
 1957934 449496 -65616.975   85    8 -65615.000 -65788.000  0.26%   4.5  215s
 2005721 463987 -65688.510   78   12 -65615.000 -65788.000  0.26%   4.5  220s
 2064632 480611 -65761.719   61    9 -65615.000 -65788.000  0.26%   4.5  225s
 2124052 495123 -65644.273   78    8 -65615.000 -65788.000  0.26%   4.5  230s
 2173084 505939 -65775.508   60   10 -65615.000 -65788.000  0.26%   4.4  235s
 2197083 511292 -65787.747   60   10 -65615.000 -65788.000  0.26%   4.4  240s
 2243272 523218     cutoff   56      -65615.000 -65788.000  0.26%   4.4  245s
 2291605 535846 -65745.089   57   14 -65615.000 -65788.000  0.26%   4.4  250s
 2336562 547578 -65720.966   79    8 -65615.000 -65788.000  0.26%   4.5  255s
 2385280 557186 -65761.494   73    8 -65615.000 -65788.000  0.26%   4.5  260s
 2436227 568656 -65711.957   71    7 -65615.000 -65788.000  0.26%   4.5  265s
 2479652 579731 -65705.326   68    8 -65615.000 -65788.000  0.26%   4.5  270s
 2523206 589828     cutoff   79      -65615.000 -65788.000  0.26%   4.5  275s
 2536483 591940 -65688.855   75    7 -65615.000 -65788.000  0.26%   4.5  280s
 2589282 604093 infeasible   69      -65615.000 -65788.000  0.26%   4.5  285s
 2638818 615331 -65683.342   87    6 -65615.000 -65788.000  0.26%   4.5  290s
 2685316 624767     cutoff   81      -65615.000 -65788.000  0.26%   4.5  295s
 2739907 635351 -65726.099   60    9 -65615.000 -65788.000  0.26%   4.5  300s
 2787854 645101 -65788.000   54   15 -65615.000 -65788.000  0.26%   4.5  305s
 2836959 654149 -65782.208   72    9 -65615.000 -65788.000  0.26%   4.5  310s
 2844207 655488     cutoff   73      -65615.000 -65788.000  0.26%   4.5  315s
 2879268 661455 -65706.617   92    9 -65615.000 -65788.000  0.26%   4.5  320s
 2933171 673379     cutoff   70      -65615.000 -65788.000  0.26%   4.5  325s
 2977634 684673 -65698.887   65    9 -65615.000 -65788.000  0.26%   4.5  330s
 3023600 694503     cutoff   71      -65615.000 -65788.000  0.26%   4.5  335s
 3070394 705575 -65682.147   59    9 -65615.000 -65788.000  0.26%   4.5  340s
 3115268 716802 -65784.402   49    9 -65615.000 -65788.000  0.26%   4.5  345s
 3170778 730719 -65782.385   60    9 -65615.000 -65788.000  0.26%   4.5  350s
 3219879 740860 -65776.564   57    9 -65615.000 -65788.000  0.26%   4.5  355s
 3261431 750823     cutoff   82      -65615.000 -65788.000  0.26%   4.5  360s
 3319251 761998 -65750.057   65    7 -65615.000 -65788.000  0.26%   4.5  365s
 3369928 772402 -65730.252   70    9 -65615.000 -65788.000  0.26%   4.5  370s
 3412941 780299 -65704.111   86   10 -65615.000 -65788.000  0.26%   4.5  375s
 3463305 792454 -65694.953   70    9 -65615.000 -65788.000  0.26%   4.5  380s
 3508890 803789 -65753.248   75    8 -65615.000 -65788.000  0.26%   4.5  385s
 3546440 811444 -65702.088   67   13 -65615.000 -65788.000  0.26%   4.5  390s
 3587350 820505 -65788.000   65    9 -65615.000 -65788.000  0.26%   4.5  395s
 3631100 830130     cutoff   75      -65615.000 -65788.000  0.26%   4.5  400s
 3656185 834645 -65766.202   68    9 -65615.000 -65788.000  0.26%   4.5  405s
 3712796 846358 -65788.000   82    9 -65615.000 -65788.000  0.26%   4.5  410s
 3759797 856144 -65670.059   66    9 -65615.000 -65788.000  0.26%   4.5  415s
 3813375 865853 -65683.787   84    6 -65615.000 -65788.000  0.26%   4.5  420s
 3868881 875597 -65762.610   62    9 -65615.000 -65788.000  0.26%   4.5  425s
 3918312 883110 -65758.847   97    8 -65615.000 -65788.000  0.26%   4.5  430s
 3938270 885194 -65712.719   88    9 -65615.000 -65788.000  0.26%   4.5  435s
 3988784 893766     cutoff   78      -65615.000 -65788.000  0.26%   4.5  440s
 4044435 902436 -65739.937   68    8 -65615.000 -65788.000  0.26%   4.5  445s
 4095343 910743 -65740.887   90    8 -65615.000 -65788.000  0.26%   4.6  450s
 4143116 918131 -65616.223   80   14 -65615.000 -65788.000  0.26%   4.6  455s
 4178265 923040 -65745.373   68    8 -65615.000 -65788.000  0.26%   4.6  460s
 4234224 932031 -65764.211  101    7 -65615.000 -65788.000  0.26%   4.6  465s
 4290740 942532 -65788.000   84    8 -65615.000 -65788.000  0.26%   4.6  470s
 4322077 948472 -65788.000   65    9 -65615.000 -65788.000  0.26%   4.6  475s
 4357551 954614     cutoff   67      -65615.000 -65788.000  0.26%   4.6  480s
 4413964 965141 -65788.000   69   14 -65615.000 -65788.000  0.26%   4.6  485s
 4461700 973273 -65652.191   63    8 -65615.000 -65788.000  0.26%   4.6  490s
 4517940 983236 -65787.298   65    9 -65615.000 -65788.000  0.26%   4.6  495s
 4569426 992166 -65660.124   73    8 -65615.000 -65788.000  0.26%   4.6  500s
 4615468 1000554 -65674.859   92   15 -65615.000 -65788.000  0.26%   4.6  505s
 4641785 1005119 -65713.621   75    8 -65615.000 -65788.000  0.26%   4.6  510s
 4684438 1012355 -65788.000   60   15 -65615.000 -65788.000  0.26%   4.6  515s
 4742365 1022857     cutoff   80      -65615.000 -65788.000  0.26%   4.6  520s
 4796343 1032758     cutoff   76      -65615.000 -65788.000  0.26%   4.6  525s
 4844343 1040854 -65644.247   75   10 -65615.000 -65788.000  0.26%   4.6  530s
 4886334 1049276 -65658.163   86    7 -65615.000 -65788.000  0.26%   4.6  535s
 4935465 1056865 -65788.000   80   10 -65615.000 -65788.000  0.26%   4.6  540s
 4970084 1062188     cutoff   66      -65615.000 -65788.000  0.26%   4.6  545s
 5025311 1071927 -65788.000   77    9 -65615.000 -65788.000  0.26%   4.6  550s
 5072203 1080385     cutoff   68      -65615.000 -65788.000  0.26%   4.6  555s
 5114486 1088109     cutoff   77      -65615.000 -65788.000  0.26%   4.6  560s
 5158940 1095874 -65722.814   65    9 -65615.000 -65788.000  0.26%   4.6  565s
 5217526 1105378 -65754.554   76    8 -65615.000 -65788.000  0.26%   4.6  570s
 5234166 1108130 -65721.427   74    9 -65615.000 -65788.000  0.26%   4.6  575s
 5290169 1117182 -65682.837   74   14 -65615.000 -65788.000  0.26%   4.6  580s
 5339273 1125208     cutoff   87      -65615.000 -65788.000  0.26%   4.6  585s
 5391964 1132661 -65688.971   69   13 -65615.000 -65788.000  0.26%   4.6  590s
 5432984 1139354     cutoff   69      -65615.000 -65788.000  0.26%   4.6  595s
 5491748 1149216 -65669.173   82    7 -65615.000 -65788.000  0.26%   4.6  600s

Cutting planes:
  Gomory: 4
  Cover: 133
  Clique: 298
  MIR: 7
  StrongCG: 24
  Flow cover: 16
  Zero half: 5

Explored 5491752 nodes (25453776 simplex iterations) in 600.00 seconds (902.95 work units)
Thread count was 4 (of 56 available processors)

Solution count 10: -65615 -65576 -65557 ... -65086

Time limit reached
Best objective -6.561500000000e+04, best bound -6.578799999997e+04, gap 0.2637%
