
Gurobi 9.5.0 (linux64) logging started Thu Apr 14 16:12:09 2022

Set parameter LogFile to value "/local_workspace/chenrui/LogFiles/MKAP/new2S_R10_M40_N50_seed1_DWcuts_600.log"
Gurobi Optimizer version 9.5.0 build v9.5.0rc5 (linux64)
Thread count: 56 physical cores, 56 logical processors, using up to 4 threads
Optimize a model with 890 rows, 2400 columns and 7200 nonzeros
Model fingerprint: 0x5fc25532
Variable types: 0 continuous, 2400 integer (2400 binary)
Coefficient statistics:
  Matrix range     [1e-07, 1e+03]
  Objective range  [6e+01, 1e+03]
  Bounds range     [1e+00, 1e+00]
  RHS range        [8e-07, 9e+01]
Found heuristic solution: objective 0.0000000
Presolve removed 699 rows and 1647 columns
Presolve time: 0.01s
Presolved: 191 rows, 753 columns, 1527 nonzeros
Variable types: 0 continuous, 753 integer (753 binary)
Found heuristic solution: objective -9500.000000

Root relaxation: objective -1.026300e+04, 136 iterations, 0.00 seconds (0.00 work units)

    Nodes    |    Current Node    |     Objective Bounds      |     Work
 Expl Unexpl |  Obj  Depth IntInf | Incumbent    BestBd   Gap | It/Node Time

     0     0 -10263.000    0    2 -9500.0000 -10263.000  8.03%     -    0s
H    0     0                    -10263.00000 -10263.000  0.00%     -    0s
     0     0 -10263.000    0    2 -10263.000 -10263.000  0.00%     -    0s

Explored 1 nodes (311 simplex iterations) in 0.02 seconds (0.01 work units)
Thread count was 4 (of 56 available processors)

Solution count 3: -10263 -9500 0 
No other solutions better than -10263

Optimal solution found (tolerance 1.00e-04)
Best objective -1.026300000000e+04, best bound -1.026300000000e+04, gap 0.0000%

Gurobi 9.5.0 (linux64) logging started Thu Apr 14 16:23:32 2022

Set parameter LogFile to value "/local_workspace/chenrui/LogFiles/MKAP/new2S_R10_M40_N50_seed1_DWcuts_600.log"
Gurobi Optimizer version 9.5.0 build v9.5.0rc5 (linux64)
Thread count: 56 physical cores, 56 logical processors, using up to 4 threads
Optimize a model with 890 rows, 2400 columns and 7200 nonzeros
Model fingerprint: 0x5fc25532
Variable types: 0 continuous, 2400 integer (2400 binary)
Coefficient statistics:
  Matrix range     [1e-07, 1e+03]
  Objective range  [6e+01, 1e+03]
  Bounds range     [1e+00, 1e+00]
  RHS range        [8e-07, 9e+01]
Found heuristic solution: objective 0.0000000
Presolve removed 699 rows and 1647 columns
Presolve time: 0.01s
Presolved: 191 rows, 753 columns, 1527 nonzeros
Variable types: 0 continuous, 753 integer (753 binary)
Found heuristic solution: objective -9500.000000

Root relaxation: objective -1.026300e+04, 136 iterations, 0.00 seconds (0.00 work units)

    Nodes    |    Current Node    |     Objective Bounds      |     Work
 Expl Unexpl |  Obj  Depth IntInf | Incumbent    BestBd   Gap | It/Node Time

     0     0 -10263.000    0    2 -9500.0000 -10263.000  8.03%     -    0s
H    0     0                    -10263.00000 -10263.000  0.00%     -    0s
     0     0 -10263.000    0    2 -10263.000 -10263.000  0.00%     -    0s

Explored 1 nodes (311 simplex iterations) in 0.01 seconds (0.01 work units)
Thread count was 4 (of 56 available processors)

Solution count 3: -10263 -9500 0 
No other solutions better than -10263

Optimal solution found (tolerance 1.00e-04)
Best objective -1.026300000000e+04, best bound -1.026300000000e+04, gap 0.0000%

Gurobi 9.5.0 (linux64) logging started Tue May  3 16:31:39 2022

Set parameter LogFile to value "/local_workspace/chenrui/LogFiles/MKAP/new2S_R10_M40_N50_seed1_DWcuts_600.log"
Gurobi Optimizer version 9.5.0 build v9.5.0rc5 (linux64)
Thread count: 56 physical cores, 56 logical processors, using up to 4 threads
Optimize a model with 890 rows, 2400 columns and 7200 nonzeros
Model fingerprint: 0x5fc25532
Variable types: 0 continuous, 2400 integer (2400 binary)
Coefficient statistics:
  Matrix range     [1e-07, 1e+03]
  Objective range  [6e+01, 1e+03]
  Bounds range     [1e+00, 1e+00]
  RHS range        [8e-07, 9e+01]
Found heuristic solution: objective 0.0000000
Presolve removed 699 rows and 1647 columns
Presolve time: 0.01s
Presolved: 191 rows, 753 columns, 1527 nonzeros
Variable types: 0 continuous, 753 integer (753 binary)
Found heuristic solution: objective -9500.000000

Root relaxation: objective -1.026300e+04, 136 iterations, 0.00 seconds (0.00 work units)

    Nodes    |    Current Node    |     Objective Bounds      |     Work
 Expl Unexpl |  Obj  Depth IntInf | Incumbent    BestBd   Gap | It/Node Time

     0     0 -10263.000    0    2 -9500.0000 -10263.000  8.03%     -    0s
H    0     0                    -10263.00000 -10263.000  0.00%     -    0s
     0     0 -10263.000    0    2 -10263.000 -10263.000  0.00%     -    0s

Explored 1 nodes (311 simplex iterations) in 0.01 seconds (0.01 work units)
Thread count was 4 (of 56 available processors)

Solution count 3: -10263 -9500 0 
No other solutions better than -10263

Optimal solution found (tolerance 1.00e-04)
Best objective -1.026300000000e+04, best bound -1.026300000000e+04, gap 0.0000%
