
Gurobi 9.5.0 (linux64) logging started Sat Apr 30 09:12:43 2022

Set parameter LogFile to value "/local_workspace/chenrui/LogFiles/MKAP/new2S_R25_M30_N300_seed3_DWcutsCT3_600.log"
Gurobi Optimizer version 9.5.0 build v9.5.0rc5 (linux64)
Thread count: 56 physical cores, 56 logical processors, using up to 4 threads
Optimize a model with 5985 rows, 9750 columns and 81024 nonzeros
Model fingerprint: 0x62e6af8a
Variable types: 0 continuous, 9750 integer (9750 binary)
Coefficient statistics:
  Matrix range     [1e-13, 8e+03]
  Objective range  [2e+01, 1e+03]
  Bounds range     [1e+00, 1e+00]
  RHS range        [2e-16, 1e+00]
Warning: Model contains large matrix coefficient range
         Consider reformulating model or setting NumericFocus parameter
         to avoid numerical issues.
Found heuristic solution: objective 0.0000000
Presolve removed 419 rows and 1756 columns
Presolve time: 0.26s
Presolved: 5566 rows, 7994 columns, 71625 nonzeros
Found heuristic solution: objective -8324.000000
Variable types: 0 continuous, 7994 integer (7994 binary)

Root relaxation: objective -9.595893e+04, 18745 iterations, 3.16 seconds (3.36 work units)

    Nodes    |    Current Node    |     Objective Bounds      |     Work
 Expl Unexpl |  Obj  Depth IntInf | Incumbent    BestBd   Gap | It/Node Time

     0     0 -95958.928    0  239 -8324.0000 -95958.928  1053%     -    3s
H    0     0                    -95173.00000 -95958.928  0.83%     -    3s
H    0     0                    -95187.00000 -95958.928  0.81%     -    3s
H    0     0                    -95230.00000 -95958.928  0.77%     -    3s
H    0     0                    -95488.00000 -95958.928  0.49%     -    4s
H    0     0                    -95584.00000 -95958.928  0.39%     -    4s
     0     0 -95958.910    0  404 -95584.000 -95958.910  0.39%     -    4s
H    0     0                    -95601.00000 -95958.910  0.37%     -    4s
     0     0 -95958.910    0  373 -95601.000 -95958.910  0.37%     -    5s
     0     0 -95958.704    0  357 -95601.000 -95958.704  0.37%     -    5s
     0     0 -95958.617    0  548 -95601.000 -95958.617  0.37%     -    6s
H    0     0                    -95629.00000 -95958.617  0.34%     -    6s
     0     0 -95958.617    0  541 -95629.000 -95958.617  0.34%     -    6s
     0     0 -95958.499    0  273 -95629.000 -95958.499  0.34%     -    7s
H    0     0                    -95681.00000 -95958.499  0.29%     -    7s
     0     0 -95958.499    0  291 -95681.000 -95958.499  0.29%     -    7s
     0     0 -95958.366    0  479 -95681.000 -95958.366  0.29%     -    7s
     0     0 -95958.366    0  479 -95681.000 -95958.366  0.29%     -   13s
     0     2 -95958.366    0  479 -95681.000 -95958.366  0.29%     -   13s
     1     3 -95958.005    1  453 -95681.000 -95958.005  0.29%   298   17s
     6    10 -95958.004    3  429 -95681.000 -95958.005  0.29%   338   20s
    22    28 -95957.687    6  387 -95681.000 -95957.989  0.29%   341   25s
H   28    32                    -95789.00000 -95957.989  0.18%   272   25s
    62    68 -95952.165   15  390 -95789.000 -95957.989  0.18%   217   31s
H   69    68                    -95838.00000 -95957.989  0.13%   221   31s
    76   102 -95946.223   19  600 -95838.000 -95957.989  0.13%   228   35s
H  190   190                    -95866.00000 -95957.989  0.10%   220   39s
   215   271 -95923.708   52  449 -95866.000 -95957.989  0.10%   212   43s
   310   309 -95923.490   71  419 -95866.000 -95957.989  0.10%   186   46s
   377   370 -95922.226   86  476 -95866.000 -95957.989  0.10%   189   50s
   562   555 -95918.802  141  421 -95866.000 -95957.989  0.10%   169   56s
   876   746 -95892.899  211  225 -95866.000 -95957.989  0.10%   161   61s
  1038   747 -95918.103  103  479 -95866.000 -95957.989  0.10%   152   65s
  1041   749 -95926.114   27  370 -95866.000 -95957.989  0.10%   151   70s
  1055   758 -95920.790   53  476 -95866.000 -95953.162  0.09%   149   75s
  1071   769 -95946.536   15  362 -95866.000 -95946.536  0.08%   147   80s
  1094   784 -95923.340   51  475 -95866.000 -95937.360  0.07%   144   85s
  1112   797 -95894.997   43  282 -95866.000 -95936.113  0.07%   174   91s
  1124   805 -95921.477  103  286 -95866.000 -95936.113  0.07%   173   95s
  1149   822 -95893.189  165  503 -95866.000 -95934.939  0.07%   169  100s
  1170   837 -95919.407  121  240 -95866.000 -95934.166  0.07%   192  106s
  1184   847 -95896.019  193  480 -95866.000 -95934.166  0.07%   190  110s
  1205   861 -95933.284   16  422 -95866.000 -95933.284  0.07%   187  117s
  1209   866 -95932.086   39  411 -95866.000 -95932.086  0.07%   208  127s
  1211   867 -95931.340   40  410 -95866.000 -95931.340  0.07%   208  131s
  1227   868 -95891.357   42  372 -95866.000 -95929.940  0.07%   210  135s
  1271   871 -95910.154   47  437 -95866.000 -95922.004  0.06%   214  140s
  1389   921 -95897.053   67  368 -95866.000 -95921.245  0.06%   214  145s
  1597   964 -95886.158   70  340 -95866.000 -95918.891  0.06%   206  150s
  1907  1153     cutoff   89      -95866.000 -95917.054  0.05%   202  157s
  2079  1194 -95872.157  122  357 -95866.000 -95915.537  0.05%   200  160s
  2585  1185 -95894.960   56  331 -95866.000 -95913.267  0.05%   195  169s
  2752  1339 -95882.895   53  312 -95866.000 -95912.537  0.05%   197  174s
  3116  1245     cutoff   79      -95866.000 -95911.520  0.05%   196  179s
  3204  1451 -95891.824   67  575 -95866.000 -95911.419  0.05%   198  185s
  3592  1520     cutoff   72      -95866.000 -95910.579  0.05%   199  190s
  4037  1500 -95902.886   58  339 -95866.000 -95910.521  0.05%   194  196s
  4261  1581     cutoff   82      -95866.000 -95909.248  0.05%   196  201s
  4449  1795 -95894.950   55  407 -95866.000 -95907.803  0.04%   195  207s
  4943  1952     cutoff   87      -95866.000 -95906.698  0.04%   193  213s
  5426  2155 -95881.493   64  517 -95866.000 -95904.807  0.04%   192  219s
  5900  2265 -95888.601   59  570 -95866.000 -95904.190  0.04%   192  226s
  6274  2391 -95882.763   60  363 -95866.000 -95903.030  0.04%   195  232s
  6685  2540     cutoff   73      -95866.000 -95902.524  0.04%   194  239s
  7294  2549 -95878.420   65  470 -95866.000 -95900.927  0.04%   193  246s
  7489  2653     cutoff   69      -95866.000 -95899.702  0.04%   194  254s
  8097  2700     cutoff   88      -95866.000 -95898.446  0.03%   194  261s
  8675  2710 -95883.632   64  422 -95866.000 -95896.122  0.03%   195  269s
  8884  2758     cutoff   66      -95866.000 -95895.633  0.03%   196  277s
  9393  2859 -95876.059   68  361 -95866.000 -95894.929  0.03%   197  285s
  9984  2797 -95868.503   83  531 -95866.000 -95893.218  0.03%   196  294s
 10646  2789     cutoff   52      -95866.000 -95891.716  0.03%   196  304s
 11409  2699 -95870.531   63  513 -95866.000 -95890.274  0.03%   195  313s
 12159  2542 -95870.420   74  161 -95866.000 -95887.720  0.02%   196  323s
 12981  2337     cutoff   77      -95866.000 -95885.560  0.02%   195  332s
 13820  2245     cutoff   62      -95866.000 -95883.536  0.02%   192  342s
 13994  1977 -95876.125   45  310 -95866.000 -95883.361  0.02%   192  352s
 14825  1683     cutoff   55      -95866.000 -95880.829  0.02%   192  362s
 15653  1371     cutoff   54      -95866.000 -95878.970  0.01%   191  372s
 16292   979     cutoff   96      -95866.000 -95877.158  0.01%   191  379s

Cutting planes:
  Cover: 289
  Clique: 244
  MIR: 48
  StrongCG: 35
  Flow cover: 130
  Zero half: 6
  RLT: 2

Explored 16965 nodes (3222354 simplex iterations) in 379.13 seconds (581.36 work units)
Thread count was 4 (of 56 available processors)

Solution count 10: -95866 -95838 -95789 ... -95187

Optimal solution found (tolerance 1.00e-04)
Best objective -9.586600000000e+04, best bound -9.587400000000e+04, gap 0.0083%
