
Gurobi 9.5.0 (linux64) logging started Mon Jun 20 09:28:56 2022

Set parameter LogFile to value "/local_workspace/chenrui/LogFiles/MKAP/new2S_R10_M40_N50_seed6_DWcutsCTp4_600.log"
Gurobi Optimizer version 9.5.0 build v9.5.0rc5 (linux64)
Thread count: 56 physical cores, 56 logical processors, using up to 4 threads
Optimize a model with 912 rows, 2400 columns and 7068 nonzeros
Model fingerprint: 0x67149644
Variable types: 0 continuous, 2400 integer (2400 binary)
Coefficient statistics:
  Matrix range     [1e-13, 1e+03]
  Objective range  [5e+01, 1e+03]
  Bounds range     [1e+00, 1e+00]
  RHS range        [1e-05, 1e+00]
Warning: Model contains large matrix coefficient range
         Consider reformulating model or setting NumericFocus parameter
         to avoid numerical issues.
Found heuristic solution: objective 0.0000000
Presolve removed 692 rows and 1669 columns
Presolve time: 0.01s
Presolved: 220 rows, 731 columns, 1595 nonzeros
Found heuristic solution: objective -8097.000000
Variable types: 0 continuous, 731 integer (731 binary)

Root relaxation: objective -1.102300e+04, 130 iterations, 0.00 seconds (0.00 work units)

    Nodes    |    Current Node    |     Objective Bounds      |     Work
 Expl Unexpl |  Obj  Depth IntInf | Incumbent    BestBd   Gap | It/Node Time

*    0     0               0    -11023.00007 -11023.000  0.00%     -    0s

Explored 1 nodes (237 simplex iterations) in 0.02 seconds (0.01 work units)
Thread count was 4 (of 56 available processors)

Solution count 3: -11023 -8097 0 

Optimal solution found (tolerance 1.00e-04)
Best objective -1.102300000000e+04, best bound -1.102300000000e+04, gap 0.0000%
