
Gurobi 9.5.0 (linux64) logging started Thu Apr 28 20:44:30 2022

Set parameter LogFile to value "/local_workspace/chenrui/LogFiles/MKAP/new2S_R10_M10_N200_seed6_objLB_600.log"
Gurobi Optimizer version 9.5.0 build v9.5.0rc5 (linux64)
Thread count: 56 physical cores, 56 logical processors, using up to 4 threads
Optimize a model with 311 rows, 2100 columns and 6200 nonzeros
Model fingerprint: 0x045280c0
Variable types: 0 continuous, 2100 integer (2100 binary)
Coefficient statistics:
  Matrix range     [1e+00, 8e+03]
  Objective range  [2e+01, 1e+03]
  Bounds range     [1e+00, 1e+00]
  RHS range        [1e+00, 7e+04]
Found heuristic solution: objective 0.0000000
Presolve removed 10 rows and 60 columns
Presolve time: 0.01s
Presolved: 301 rows, 2040 columns, 6030 nonzeros
Variable types: 0 continuous, 2040 integer (2040 binary)
Found heuristic solution: objective -46357.00000

Root relaxation: objective -6.523400e+04, 485 iterations, 0.01 seconds (0.01 work units)

    Nodes    |    Current Node    |     Objective Bounds      |     Work
 Expl Unexpl |  Obj  Depth IntInf | Incumbent    BestBd   Gap | It/Node Time

     0     0 -65234.000    0   47 -46357.000 -65234.000  40.7%     -    0s
H    0     0                    -51872.00000 -65234.000  25.8%     -    0s
H    0     0                    -56209.00000 -65234.000  16.1%     -    0s
     0     0 -65234.000    0  179 -56209.000 -65234.000  16.1%     -    0s
H    0     0                    -63352.00000 -65234.000  2.97%     -    0s
     0     0 -65234.000    0  175 -63352.000 -65234.000  2.97%     -    0s
H    0     0                    -63828.00000 -65234.000  2.20%     -    0s
     0     0 -65234.000    0   45 -63828.000 -65234.000  2.20%     -    0s
     0     0 -65234.000    0   37 -63828.000 -65234.000  2.20%     -    0s
     0     2 -65234.000    0   37 -63828.000 -65234.000  2.20%     -    0s
H   31    32                    -64019.00000 -65234.000  1.90%   146    0s
H   33    32                    -64074.00000 -65234.000  1.81%   145    0s
H   34    32                    -64109.00000 -65234.000  1.75%   141    0s
H   94   127                    -64139.00002 -65234.000  1.71%  68.4    0s
H  140   212                    -64163.00000 -65234.000  1.67%  59.9    0s
H  678   590                    -64195.00000 -65234.000  1.62%  45.9    0s
H  727   583                    -64216.00000 -65234.000  1.59%  47.6    0s
H 1716   988                    -64241.00000 -65234.000  1.55%  39.8    1s
H 1955  1188                    -64444.00000 -65234.000  1.23%  46.7    2s
H 3091  1354                    -64504.00000 -65234.000  1.13%  32.9    3s
H 4300  1631                    -64540.00000 -65234.000  1.08%  24.8    4s
H 7328  2480                    -64704.00000 -65234.000  0.82%  16.9    4s
H 9785  3744                    -64738.00000 -65234.000  0.77%  14.6    4s
H10592  3466                    -64864.00000 -65234.000  0.57%  13.9    4s
 11647  3845 -65210.049   45   10 -64864.000 -65234.000  0.57%  13.1    5s
H24125  7623                    -64951.00000 -65234.000  0.44%   8.5    7s
H28317  4252                    -65104.00000 -65234.000  0.20%   8.2    8s
 36990  6183     cutoff   63      -65104.000 -65234.000  0.20%   8.0   10s
 93065 20217 -65230.187   61   10 -65104.000 -65234.000  0.20%   4.7   15s
 146565 33668     cutoff   73      -65104.000 -65234.000  0.20%   4.1   20s
 202487 42083 -65140.072   83    7 -65104.000 -65234.000  0.20%   3.9   25s
 256164 48680     cutoff   79      -65104.000 -65234.000  0.20%   3.9   30s
 313904 55495 -65234.000   69   10 -65104.000 -65234.000  0.20%   3.9   35s
 370676 60396     cutoff   69      -65104.000 -65234.000  0.20%   3.9   40s
 429716 65220 -65234.000   67   10 -65104.000 -65234.000  0.20%   4.0   45s
 483946 71115 -65182.033   74    8 -65104.000 -65234.000  0.20%   4.0   50s
 533558 76955     cutoff   59      -65104.000 -65234.000  0.20%   4.0   55s
 587206 80219     cutoff   71      -65104.000 -65234.000  0.20%   4.1   60s
 639037 82311 -65234.000   75   11 -65104.000 -65234.000  0.20%   4.2   65s
 695734 86281 -65183.094   75    8 -65104.000 -65234.000  0.20%   4.3   70s
 748454 90142     cutoff   67      -65104.000 -65234.000  0.20%   4.3   75s
 804459 94418 -65226.679   65   10 -65104.000 -65234.000  0.20%   4.3   80s
 859590 98028     cutoff   65      -65104.000 -65234.000  0.20%   4.3   85s
 917419 102723 -65211.946   59   10 -65104.000 -65234.000  0.20%   4.3   90s
 971128 108573 -65234.000   67    9 -65104.000 -65234.000  0.20%   4.3   95s
 1032140 116724 -65197.240   75    9 -65104.000 -65234.000  0.20%   4.3  100s
 1084689 123632 -65230.119   68    8 -65104.000 -65234.000  0.20%   4.2  105s
 1143359 129631 -65234.000   77   11 -65104.000 -65234.000  0.20%   4.2  110s
 1192082 133066 -65197.342   56   10 -65104.000 -65234.000  0.20%   4.2  115s
 1248778 139250 -65234.000  100    7 -65104.000 -65234.000  0.20%   4.2  120s
 1310501 145641 -65234.000   74   10 -65104.000 -65234.000  0.20%   4.2  125s
 1365315 149670 -65234.000   54   11 -65104.000 -65234.000  0.20%   4.2  130s
 1410954 154708 -65190.126   67    9 -65104.000 -65234.000  0.20%   4.2  135s
 1463941 160812 -65112.517   59    8 -65104.000 -65234.000  0.20%   4.1  140s
 1518750 166608 -65215.250   70   10 -65104.000 -65234.000  0.20%   4.1  145s
 1577097 172884     cutoff   59      -65104.000 -65234.000  0.20%   4.1  150s
 1631026 180254 -65167.262   73    7 -65104.000 -65234.000  0.20%   4.1  155s
 1686054 186261 -65151.810   77   10 -65104.000 -65234.000  0.20%   4.1  160s
 1744044 193156 -65184.471   65   10 -65104.000 -65234.000  0.20%   4.1  165s
 1791535 199508     cutoff   67      -65104.000 -65234.000  0.20%   4.1  170s
 1845881 203930 -65234.000   60   11 -65104.000 -65234.000  0.20%   4.1  175s
 1894567 207170     cutoff   65      -65104.000 -65234.000  0.20%   4.1  180s
 1953268 211885 -65165.949   58   10 -65104.000 -65234.000  0.20%   4.1  185s
 2006798 215126 -65234.000   59   10 -65104.000 -65234.000  0.20%   4.1  190s
 2061712 220631 -65216.629   87    8 -65104.000 -65234.000  0.20%   4.1  195s
 2115554 227469 -65234.000   57   11 -65104.000 -65234.000  0.20%   4.1  200s
 2165541 233721 -65134.372   60    9 -65104.000 -65234.000  0.20%   4.1  205s
 2219748 242389 -65221.299   60   10 -65104.000 -65234.000  0.20%   4.1  210s
 2263701 248305 -65210.604   57   10 -65104.000 -65234.000  0.20%   4.1  215s
 2308560 253555 -65179.492   62    9 -65104.000 -65234.000  0.20%   4.1  220s
 2366679 261353 -65234.000   60   11 -65104.000 -65234.000  0.20%   4.1  225s
 2424531 269423     cutoff   63      -65104.000 -65234.000  0.20%   4.1  230s
 2479776 278477 -65210.618   56   10 -65104.000 -65234.000  0.20%   4.1  235s
 2537479 288249 -65141.696   56   10 -65104.000 -65234.000  0.20%   4.1  240s
H2568722 217651                    -65147.00000 -65234.000  0.13%   4.1  243s
 2581648 218147     cutoff   69      -65147.000 -65234.000  0.13%   4.1  245s
H2581655 207497                    -65151.00000 -65234.000  0.13%   4.1  245s
 2620214 209225 -65183.307   52    9 -65151.000 -65234.000  0.13%   4.1  250s
 2659724 211601     cutoff   77      -65151.000 -65234.000  0.13%   4.2  255s
 2697399 213388     cutoff   88      -65151.000 -65234.000  0.13%   4.3  260s
 2741522 213657     cutoff   84      -65151.000 -65234.000  0.13%   4.5  265s
 2788314 217352 -65232.598   79   13 -65151.000 -65234.000  0.13%   4.6  270s
 2825300 218098     cutoff   77      -65151.000 -65234.000  0.13%   4.7  275s
 2870028 218341 -65234.000   67   16 -65151.000 -65234.000  0.13%   4.8  280s
 2919858 219725 -65234.000   88   14 -65151.000 -65234.000  0.13%   4.9  285s
 2965739 222462     cutoff   97      -65151.000 -65234.000  0.13%   5.1  290s
 3006706 224992 -65234.000   93   13 -65151.000 -65234.000  0.13%   5.2  295s
 3039872 220119     cutoff   76      -65151.000 -65234.000  0.13%   5.3  300s
 3083220 218266     cutoff   70      -65151.000 -65234.000  0.13%   5.4  305s
 3119374 217949 -65234.000   56   13 -65151.000 -65234.000  0.13%   5.5  310s
 3147821 218109 -65188.156   66   10 -65151.000 -65234.000  0.13%   5.6  315s
 3195569 220945 -65233.387   52   10 -65151.000 -65234.000  0.13%   5.6  320s
 3244161 223627 -65193.187   66    9 -65151.000 -65234.000  0.13%   5.6  325s
 3295237 227199 -65234.000   87   11 -65151.000 -65234.000  0.13%   5.6  330s
 3349050 229087 -65173.781   64   10 -65151.000 -65234.000  0.13%   5.6  335s
 3401245 232018 -65221.482   59    9 -65151.000 -65234.000  0.13%   5.6  340s
 3454017 234698 -65225.159   63   10 -65151.000 -65234.000  0.13%   5.6  345s
 3506522 237753     cutoff   72      -65151.000 -65234.000  0.13%   5.6  350s
 3559270 240537 -65225.450   57    9 -65151.000 -65234.000  0.13%   5.5  355s
 3611669 242888 -65234.000   65    9 -65151.000 -65234.000  0.13%   5.5  360s
 3660505 246341 -65157.322   68    8 -65151.000 -65234.000  0.13%   5.5  365s
 3714351 249646 -65234.000   70    9 -65151.000 -65234.000  0.13%   5.5  370s
 3764681 252121     cutoff   79      -65151.000 -65234.000  0.13%   5.5  375s
 3815734 253716 -65233.553   59    9 -65151.000 -65234.000  0.13%   5.5  380s
 3866613 255244 -65200.776   61   10 -65151.000 -65234.000  0.13%   5.5  385s
 3913632 257667 -65231.072   58    9 -65151.000 -65234.000  0.13%   5.5  390s
 3963053 259597     cutoff   53      -65151.000 -65234.000  0.13%   5.5  395s
 4023920 262151     cutoff   80      -65151.000 -65234.000  0.13%   5.5  400s
 4083872 263803 -65234.000   71   11 -65151.000 -65234.000  0.13%   5.5  405s
 4143023 265619 infeasible   55      -65151.000 -65234.000  0.13%   5.5  410s
 4201826 268609 -65234.000   67   10 -65151.000 -65234.000  0.13%   5.5  415s
 4260393 270952 -65234.000   52   11 -65151.000 -65234.000  0.13%   5.5  420s
 4318922 273296 -65231.818   62   10 -65151.000 -65234.000  0.13%   5.5  425s
 4372036 275141     cutoff   52      -65151.000 -65234.000  0.13%   5.5  430s
 4423849 277557 -65178.145   56   10 -65151.000 -65234.000  0.13%   5.5  435s
 4472816 279866     cutoff   55      -65151.000 -65234.000  0.13%   5.5  440s
 4517286 282447 -65234.000   49   11 -65151.000 -65234.000  0.13%   5.5  445s
 4556093 283419 -65234.000   56   19 -65151.000 -65234.000  0.13%   5.5  450s
 4605220 285701 -65152.283   75    8 -65151.000 -65234.000  0.13%   5.6  455s
 4650128 288294     cutoff   91      -65151.000 -65234.000  0.13%   5.6  460s
 4690289 289563 -65210.572   53   13 -65151.000 -65234.000  0.13%   5.6  465s
 4722796 291677 -65209.859   49   10 -65151.000 -65234.000  0.13%   5.6  470s
 4766998 295037 -65234.000   68   18 -65151.000 -65234.000  0.13%   5.7  475s
 4819737 298449 -65219.393   89    7 -65151.000 -65234.000  0.13%   5.7  480s
 4872315 300562     cutoff   80      -65151.000 -65234.000  0.13%   5.6  485s
 4926052 304422 -65224.782   92    6 -65151.000 -65234.000  0.13%   5.6  490s
 4978586 306487 -65180.634   97    6 -65151.000 -65234.000  0.13%   5.6  495s
 5027707 308207     cutoff   71      -65151.000 -65234.000  0.13%   5.6  500s
 5082076 310929     cutoff   99      -65151.000 -65234.000  0.13%   5.6  505s
 5131161 313002 -65234.000   93   10 -65151.000 -65234.000  0.13%   5.6  510s
 5182974 315616 -65212.544   81   10 -65151.000 -65234.000  0.13%   5.6  515s
 5235836 317863 -65199.784   87   10 -65151.000 -65234.000  0.13%   5.5  520s
 5286002 320017     cutoff   71      -65151.000 -65234.000  0.13%   5.5  525s
 5337171 323168     cutoff   76      -65151.000 -65234.000  0.13%   5.5  530s
 5387558 323922 -65234.000   70   10 -65151.000 -65234.000  0.13%   5.5  535s
 5440166 326809 -65234.000   74   10 -65151.000 -65234.000  0.13%   5.5  540s
 5491238 328314     cutoff   99      -65151.000 -65234.000  0.13%   5.5  545s
 5539990 328450 -65234.000   93    9 -65151.000 -65234.000  0.13%   5.5  550s
 5593931 331295 -65234.000   70   10 -65151.000 -65234.000  0.13%   5.5  555s
 5647189 331833     cutoff   60      -65151.000 -65234.000  0.13%   5.5  560s
 5699106 334382     cutoff   70      -65151.000 -65234.000  0.13%   5.5  565s
 5748128 338953 -65199.099   73    7 -65151.000 -65234.000  0.13%   5.5  570s
 5806340 341114 infeasible   68      -65151.000 -65234.000  0.13%   5.4  575s
 5859750 344458 -65226.675   79    7 -65151.000 -65234.000  0.13%   5.4  580s
 5906902 346707 -65221.212   61   10 -65151.000 -65234.000  0.13%   5.4  585s
 5957293 349838     cutoff   93      -65151.000 -65234.000  0.13%   5.4  590s
 6010199 352588 -65234.000   96   10 -65151.000 -65234.000  0.13%   5.4  595s
 6061951 355366     cutoff   71      -65151.000 -65234.000  0.13%   5.4  600s

Cutting planes:
  Gomory: 5
  Cover: 63
  Clique: 145
  MIR: 5
  StrongCG: 26
  Flow cover: 13
  Zero half: 3

Explored 6061959 nodes (32633809 simplex iterations) in 600.00 seconds (881.75 work units)
Thread count was 4 (of 56 available processors)

Solution count 10: -65151 -65147 -65104 ... -64444

Time limit reached
Best objective -6.515100000000e+04, best bound -6.523400000000e+04, gap 0.1274%
