
Gurobi 9.5.0 (linux64) logging started Mon Jun 20 09:05:33 2022

Set parameter LogFile to value "/local_workspace/chenrui/LogFiles/MKAP/new2S_R2_M30_N50_seed6_DWcutsCTp_600.log"
Gurobi Optimizer version 9.5.0 build v9.5.0rc5 (linux64)
Thread count: 56 physical cores, 56 logical processors, using up to 4 threads
Optimize a model with 200 rows, 1560 columns and 4680 nonzeros
Model fingerprint: 0xff7984b8
Variable types: 0 continuous, 1560 integer (1560 binary)
Coefficient statistics:
  Matrix range     [8e-13, 1e+03]
  Objective range  [8e+01, 1e+03]
  Bounds range     [1e+00, 1e+00]
  RHS range        [1e-05, 1e+00]
Warning: Model contains large matrix coefficient range
         Consider reformulating model or setting NumericFocus parameter
         to avoid numerical issues.
Found heuristic solution: objective 0.0000000
Presolve removed 67 rows and 905 columns
Presolve time: 0.01s
Presolved: 133 rows, 655 columns, 1852 nonzeros
Variable types: 0 continuous, 655 integer (655 binary)
Found heuristic solution: objective -13305.00000

Root relaxation: objective -1.569353e+04, 283 iterations, 0.00 seconds (0.00 work units)

    Nodes    |    Current Node    |     Objective Bounds      |     Work
 Expl Unexpl |  Obj  Depth IntInf | Incumbent    BestBd   Gap | It/Node Time

     0     0 -15693.529    0   48 -13305.000 -15693.529  18.0%     -    0s
H    0     0                    -15328.00000 -15693.529  2.38%     -    0s
H    0     0                    -15413.00000 -15693.529  1.82%     -    0s
H    0     0                    -15479.00000 -15693.529  1.39%     -    0s
     0     0 -15693.529    0   43 -15479.000 -15693.529  1.39%     -    0s
H    0     0                    -15648.00000 -15693.529  0.29%     -    0s
H    0     0                    -15691.00001 -15693.529  0.02%     -    0s
     0     0 -15693.529    0   38 -15691.000 -15693.529  0.02%     -    0s
     0     0 -15693.529    0    1 -15691.000 -15693.529  0.02%     -    0s
     0     0 -15693.529    0   19 -15691.000 -15693.529  0.02%     -    0s
     0     0 -15693.529    0    2 -15691.000 -15693.529  0.02%     -    0s
     0     0 -15693.529    0   29 -15691.000 -15693.529  0.02%     -    0s
     0     0 -15693.475    0   34 -15691.000 -15693.475  0.02%     -    0s
     0     0 -15693.475    0   26 -15691.000 -15693.475  0.02%     -    0s
     0     0 -15693.475    0   15 -15691.000 -15693.475  0.02%     -    0s
     0     0 -15693.475    0    1 -15691.000 -15693.475  0.02%     -    0s
     0     0 -15691.000    0   29 -15691.000 -15691.000  0.00%     -    0s

Cutting planes:
  Gomory: 8
  Cover: 5
  MIR: 3
  StrongCG: 3
  RLT: 2

Explored 1 nodes (1557 simplex iterations) in 0.10 seconds (0.05 work units)
Thread count was 4 (of 56 available processors)

Solution count 8: -15691 -15648 -15479 ... 0
No other solutions better than -15691

Optimal solution found (tolerance 1.00e-04)
Best objective -1.569100001753e+04, best bound -1.569100001753e+04, gap 0.0000%
