
Gurobi 9.5.0 (linux64) logging started Sun Jun 19 13:59:33 2022

Set parameter LogFile to value "/local_workspace/chenrui/LogFiles/MKAP/new2S_R25_M30_N300_seed5_DWcutsCTp5_600.log"
Gurobi Optimizer version 9.5.0 build v9.5.0rc5 (linux64)
Thread count: 56 physical cores, 56 logical processors, using up to 4 threads
Optimize a model with 20067 rows, 9750 columns and 257659 nonzeros
Model fingerprint: 0x4bcdfd86
Variable types: 0 continuous, 9750 integer (9750 binary)
Coefficient statistics:
  Matrix range     [1e-13, 2e+04]
  Objective range  [4e+01, 1e+03]
  Bounds range     [1e+00, 1e+00]
  RHS range        [1e-05, 1e+00]
Warning: Model contains large matrix coefficient range
         Consider reformulating model or setting NumericFocus parameter
         to avoid numerical issues.
Found heuristic solution: objective 0.0000000
Presolve removed 2785 rows and 959 columns
Presolve time: 0.72s
Presolved: 17282 rows, 8791 columns, 211599 nonzeros
Found heuristic solution: objective -10318.00000
Variable types: 0 continuous, 8791 integer (8791 binary)

Root simplex log...

Iteration    Objective       Primal Inf.    Dual Inf.      Time
   16466   -9.4713667e+04   1.033217e+04   0.000000e+00      5s
   20408   -9.4678199e+04   0.000000e+00   0.000000e+00      7s

Root relaxation: objective -9.467820e+04, 20408 iterations, 6.24 seconds (11.23 work units)

    Nodes    |    Current Node    |     Objective Bounds      |     Work
 Expl Unexpl |  Obj  Depth IntInf | Incumbent    BestBd   Gap | It/Node Time

     0     0 -94678.199    0  839 -10318.000 -94678.199   818%     -    7s
H    0     0                    -83597.00000 -94678.199  13.3%     -    7s
H    0     0                    -90486.00001 -94678.199  4.63%     -    8s
H    0     0                    -93188.00000 -94678.199  1.60%     -    9s
     0     0 -94678.197    0  853 -93188.000 -94678.197  1.60%     -   10s
H    0     0                    -93247.00000 -94678.197  1.53%     -   16s
H    0     0                    -94172.00003 -94678.197  0.54%     -   16s
     0     0 -94678.197    0  853 -94172.000 -94678.197  0.54%     -   16s
H    0     0                    -94205.00000 -94678.197  0.50%     -   17s
     0     0 -94678.197    0  856 -94205.000 -94678.197  0.50%     -   17s
     0     0 -94678.049    0  858 -94205.000 -94678.049  0.50%     -   18s
     0     0 -94678.049    0  858 -94205.000 -94678.049  0.50%     -   18s
     0     2 -94678.049    0  858 -94205.000 -94678.049  0.50%     -   20s
    19    24 -94645.038    5  748 -94205.000 -94674.859  0.50%  1212   25s
H   28    32                    -94267.00007 -94674.859  0.43%  1132   27s
    58    63 -94619.774   11  539 -94267.000 -94674.859  0.43%   912   31s
H   90    96                    -94363.00000 -94674.859  0.33%   748   34s
   133   140 -94501.682   25  278 -94363.000 -94674.859  0.33%   617   35s
   189   162 -94652.966    7  868 -94363.000 -94671.789  0.33%   588   40s
   215   192 -94625.308   12  638 -94363.000 -94671.789  0.33%   654   45s
   328   287 -94553.784   22  466 -94363.000 -94671.789  0.33%   577   50s
   410   340 -94388.668   41  295 -94363.000 -94671.789  0.33%   545   55s
   506   359 -94660.591    5  828 -94363.000 -94667.475  0.32%   492   61s
H  509   357                    -94389.00000 -94667.475  0.30%   493   61s
   542   395 -94643.010    6  693 -94389.000 -94667.057  0.29%   521   67s
   557   439 -94635.419    8  798 -94389.000 -94667.057  0.29%   531   70s
   659   503 -94565.855   14  681 -94389.000 -94667.057  0.29%   530   75s
   753   609 -94523.749   22  575 -94389.000 -94667.057  0.29%   544   82s
   821   692 -94390.244   34  356 -94389.000 -94664.268  0.29%   540   88s
   925   743 -94590.714    9  696 -94389.000 -94663.890  0.29%   528   92s
  1014   798 -94509.025   22  353 -94389.000 -94663.470  0.29%   523   96s
  1085   799 -94489.846   35  858 -94389.000 -94663.099  0.29%   526  110s
  1087   800 -94628.584   12  854 -94389.000 -94663.099  0.29%   525  118s
  1088   801 -94623.248   10  865 -94389.000 -94663.099  0.29%   524  123s
  1091   803 -94660.446    8  872 -94389.000 -94663.099  0.29%   523  134s
  1092   804 -94494.710   25  872 -94389.000 -94663.099  0.29%   522  135s
  1093   804 -94662.543    5  872 -94389.000 -94663.099  0.29%   522  143s
  1094   808 -94663.099   12  897 -94389.000 -94663.099  0.29%   544  186s
  1096   811 -94663.099   13  931 -94389.000 -94663.099  0.29%   544  193s
  1100   814 -94663.099   14  923 -94389.000 -94663.099  0.29%   546  202s
  1104   815 -94658.559   14  903 -94389.000 -94663.099  0.29%   546  206s
  1112   820 -94663.099   15  897 -94389.000 -94663.099  0.29%   551  210s
  1123   828 -94663.099   17 1014 -94389.000 -94663.099  0.29%   554  215s
  1140   845 -94663.099   19  925 -94389.000 -94663.099  0.29%   559  220s
  1166   867 -94660.751   22  828 -94389.000 -94663.099  0.29%   565  226s
  1203   911 -94656.239   27  804 -94389.000 -94663.099  0.29%   570  232s
  1239   917 -94648.189   31  772 -94389.000 -94663.099  0.29%   573  236s
  1285   952 -94627.754   37  734 -94389.000 -94663.099  0.29%   576  243s
  1313   975 -94620.432   40  740 -94389.000 -94663.099  0.29%   581  246s
  1409  1012 -94611.751   52  743 -94389.000 -94663.099  0.29%   576  252s
  1439  1041 -94606.515   57  694 -94389.000 -94663.099  0.29%   579  256s
  1549  1118 -94595.056   70  606 -94389.000 -94663.099  0.29%   576  262s
  1611  1159 -94579.294   76  552 -94389.000 -94663.099  0.29%   571  266s
  1798  1285 -94479.147  101  354 -94389.000 -94663.099  0.29%   546  272s
  1930  1309 -94455.710  115  301 -94389.000 -94663.099  0.29%   526  275s
  2137  1279 -94652.486   20  766 -94389.000 -94663.099  0.29%   501  280s
  2195  1339 -94608.180   37  563 -94389.000 -94663.099  0.29%   505  285s
  2242  1341 -94595.911   44  556 -94389.000 -94663.099  0.29%   505  291s
  2315  1448 -94526.786   49  573 -94389.000 -94663.099  0.29%   504  297s
  2397  1485 -94570.072   56  491 -94389.000 -94663.099  0.29%   500  301s
  2571  1568 -94515.744   78  355 -94389.000 -94663.099  0.29%   494  308s
  2672  1629 -94443.976  104  348 -94389.000 -94663.099  0.29%   489  312s
  2822  1653 -94643.569   18  704 -94389.000 -94663.099  0.29%   478  315s
  2990  1673 -94457.785   46  463 -94389.000 -94663.099  0.29%   478  325s
  2995  1735 -94542.081   48  490 -94389.000 -94663.099  0.29%   477  330s
  3228  1857 -94430.792   90  276 -94389.000 -94663.099  0.29%   471  338s
  3356  1850 -94621.284   28  643 -94389.000 -94663.099  0.29%   468  343s
  3403  1946 -94595.081   36  449 -94389.000 -94663.099  0.29%   469  347s
  3523  2000 -94493.512   68  498 -94389.000 -94663.099  0.29%   466  352s
  3624  2075 -94395.773   99  355 -94389.000 -94663.099  0.29%   461  357s
  3730  2136 -94628.541   31  762 -94389.000 -94663.099  0.29%   461  363s
  3799  2282 -94558.613   49  644 -94389.000 -94663.099  0.29%   462  369s
  3996  2374 -94531.132   30  606 -94389.000 -94663.099  0.29%   457  377s
  4124  2455 -94631.217   27  868 -94389.000 -94663.099  0.29%   454  383s
  4244  2572 -94599.888   33  801 -94389.000 -94663.099  0.29%   455  391s
  4401  2663     cutoff   47      -94389.000 -94663.099  0.29%   453  398s
  4535  2784 -94479.986   46  588 -94389.000 -94663.099  0.29%   454  406s
  4714  2904 -94655.324   26  815 -94389.000 -94663.099  0.29%   453  414s
  4853  3062 -94610.201   45  786 -94389.000 -94663.099  0.29%   454  424s
  5035  3147 -94410.844   98  601 -94389.000 -94663.099  0.29%   454  433s
  5191  3228     cutoff   33      -94389.000 -94663.099  0.29%   459  444s
  5387  3421 -94642.345   26  776 -94389.000 -94663.099  0.29%   460  456s
  5717  3666 -94462.951   88  485 -94389.000 -94661.522  0.29%   456  468s
  6043  3981 -94582.626   51  760 -94389.000 -94661.139  0.29%   452  481s
  6387  4222 -94407.491  158  304 -94389.000 -94661.122  0.29%   446  495s
  6737  4531 -94636.593   26  696 -94389.000 -94660.503  0.29%   443  510s
  7151  4804 -94534.652   19  890 -94389.000 -94660.405  0.29%   439  524s
  7481  4951 -94627.912   30  842 -94389.000 -94660.108  0.29%   440  541s
  7651  5327 -94573.208   64  814 -94389.000 -94660.004  0.29%   439  557s
  8096  5694 -94604.266   43  682 -94389.000 -94659.462  0.29%   433  575s
  8529  5826 -94619.870   33  852 -94389.000 -94658.847  0.29%   432  594s
  8687  5913 -94637.582   23  840 -94389.000 -94658.847  0.29%   432  600s

Cutting planes:
  Cover: 13
  Clique: 3

Explored 8802 nodes (3834812 simplex iterations) in 600.00 seconds (1440.77 work units)
Thread count was 4 (of 56 available processors)

Solution count 10: -94389 -94363 -94267 ... -10318

Time limit reached
Best objective -9.438900000000e+04, best bound -9.465800000000e+04, gap 0.2850%
