
Gurobi 9.5.0 (linux64) logging started Tue May  3 13:16:20 2022

Set parameter LogFile to value "/local_workspace/chenrui/LogFiles/MKAP/new2S_R2_M20_N50_seed10_DWcutsCT_600.log"
Gurobi Optimizer version 9.5.0 build v9.5.0rc5 (linux64)
Thread count: 56 physical cores, 56 logical processors, using up to 4 threads
Optimize a model with 150 rows, 1040 columns and 3078 nonzeros
Model fingerprint: 0x90e5d5d0
Variable types: 0 continuous, 1040 integer (1040 binary)
Coefficient statistics:
  Matrix range     [1e+00, 2e+03]
  Objective range  [6e+01, 1e+03]
  Bounds range     [1e+00, 1e+00]
  RHS range        [6e-14, 1e+00]
Found heuristic solution: objective 0.0000000
Presolve removed 23 rows and 441 columns
Presolve time: 0.01s
Presolved: 127 rows, 599 columns, 1744 nonzeros
Found heuristic solution: objective -14878.00000
Variable types: 0 continuous, 599 integer (599 binary)

Root relaxation: objective -1.767400e+04, 260 iterations, 0.00 seconds (0.00 work units)

    Nodes    |    Current Node    |     Objective Bounds      |     Work
 Expl Unexpl |  Obj  Depth IntInf | Incumbent    BestBd   Gap | It/Node Time

     0     0 -17674.003    0   15 -14878.000 -17674.003  18.8%     -    0s
H    0     0                    -17283.00000 -17674.003  2.26%     -    0s
H    0     0                    -17389.00000 -17674.003  1.64%     -    0s
     0     0 -17674.003    0   45 -17389.000 -17674.003  1.64%     -    0s
H    0     0                    -17406.00000 -17674.003  1.54%     -    0s
H    0     0                    -17418.00000 -17674.003  1.47%     -    0s
     0     0 -17674.003    0   25 -17418.000 -17674.003  1.47%     -    0s
H    0     0                    -17419.00000 -17674.003  1.46%     -    0s
     0     0 -17674.003    0   25 -17419.000 -17674.003  1.46%     -    0s
H    0     0                    -17532.00001 -17674.003  0.81%     -    0s
     0     0 -17674.003    0   19 -17532.000 -17674.003  0.81%     -    0s
     0     0 -17674.003    0   42 -17532.000 -17674.003  0.81%     -    0s
     0     0 -17673.905    0   42 -17532.000 -17673.905  0.81%     -    0s
H    0     0                    -17592.00000 -17673.905  0.47%     -    0s
     0     0 -17672.990    0   50 -17592.000 -17672.990  0.46%     -    0s
     0     0 -17672.956    0   50 -17592.000 -17672.956  0.46%     -    0s
     0     0 -17672.954    0   50 -17592.000 -17672.954  0.46%     -    0s
     0     0 -17672.630    0   59 -17592.000 -17672.630  0.46%     -    0s
     0     0 -17672.545    0   69 -17592.000 -17672.545  0.46%     -    0s
     0     0 -17672.536    0   68 -17592.000 -17672.536  0.46%     -    0s
     0     0 -17672.292    0   72 -17592.000 -17672.292  0.46%     -    0s
     0     0 -17672.292    0   65 -17592.000 -17672.292  0.46%     -    0s
     0     0 -17672.292    0   15 -17592.000 -17672.292  0.46%     -    0s
     0     0 -17672.292    0   38 -17592.000 -17672.292  0.46%     -    0s
     0     0 -17672.292    0   53 -17592.000 -17672.292  0.46%     -    0s
     0     0 -17672.292    0   66 -17592.000 -17672.292  0.46%     -    0s
     0     0 -17672.292    0   71 -17592.000 -17672.292  0.46%     -    0s
     0     0 -17672.267    0   68 -17592.000 -17672.267  0.46%     -    0s
     0     0 -17672.222    0   73 -17592.000 -17672.222  0.46%     -    0s
     0     0 -17672.202    0   75 -17592.000 -17672.202  0.46%     -    0s
     0     0 -17672.202    0   77 -17592.000 -17672.202  0.46%     -    0s
     0     0 -17671.891    0   72 -17592.000 -17671.891  0.45%     -    0s
     0     0 -17671.679    0   72 -17592.000 -17671.679  0.45%     -    0s
     0     0 -17671.675    0   74 -17592.000 -17671.675  0.45%     -    0s
     0     0 -17671.559    0   72 -17592.000 -17671.559  0.45%     -    0s
     0     0 -17671.477    0   72 -17592.000 -17671.477  0.45%     -    0s
     0     0 -17671.476    0   73 -17592.000 -17671.476  0.45%     -    0s
     0     0 -17671.451    0   76 -17592.000 -17671.451  0.45%     -    0s
     0     0 -17671.451    0   72 -17592.000 -17671.451  0.45%     -    0s
     0     2 -17671.451    0   72 -17592.000 -17671.451  0.45%     -    0s
H  323   215                    -17594.00000 -17662.784  0.39%  20.6    0s
H  882   388                    -17609.00000 -17654.027  0.26%  19.6    0s
* 1025   395              19    -17615.00000 -17653.812  0.22%  19.4    0s
* 1518   391              18    -17623.00000 -17649.968  0.15%  19.3    0s
* 3009   206               7    -17626.00000 -17634.046  0.05%  19.1    0s

Cutting planes:
  Gomory: 5
  Cover: 63
  Clique: 11
  MIR: 29
  StrongCG: 18
  Inf proof: 3
  Mod-K: 1

Explored 3524 nodes (66398 simplex iterations) in 0.99 seconds (0.97 work units)
Thread count was 4 (of 56 available processors)

Solution count 10: -17626 -17623 -17615 ... -17406
No other solutions better than -17626

Optimal solution found (tolerance 1.00e-04)
Best objective -1.762599999983e+04, best bound -1.762599999983e+04, gap 0.0000%
