
Gurobi 9.5.0 (linux64) logging started Fri Apr 29 22:12:20 2022

Set parameter LogFile to value "/local_workspace/chenrui/LogFiles/MKAP/new2S_R25_M10_N200_seed3_DWcutsCT4_600.log"
Gurobi Optimizer version 9.5.0 build v9.5.0rc5 (linux64)
Thread count: 56 physical cores, 56 logical processors, using up to 4 threads
Optimize a model with 3779 rows, 2250 columns and 32531 nonzeros
Model fingerprint: 0xcd41214b
Variable types: 0 continuous, 2250 integer (2250 binary)
Coefficient statistics:
  Matrix range     [1e-13, 1e+04]
  Objective range  [3e+01, 1e+03]
  Bounds range     [1e+00, 1e+00]
  RHS range        [2e-16, 1e+00]
Warning: Model contains large matrix coefficient range
         Consider reformulating model or setting NumericFocus parameter
         to avoid numerical issues.
Found heuristic solution: objective 0.0000000
Presolve removed 237 rows and 138 columns
Presolve time: 0.08s
Presolved: 3542 rows, 2112 columns, 20365 nonzeros
Variable types: 0 continuous, 2112 integer (2112 binary)
Found heuristic solution: objective -5231.000000

Root relaxation: objective -4.409300e+04, 4546 iterations, 0.20 seconds (0.22 work units)

    Nodes    |    Current Node    |     Objective Bounds      |     Work
 Expl Unexpl |  Obj  Depth IntInf | Incumbent    BestBd   Gap | It/Node Time

*    0     0               0    -44093.00000 -44093.000  0.00%     -    0s

Explored 1 nodes (4546 simplex iterations) in 0.30 seconds (0.31 work units)
Thread count was 4 (of 56 available processors)

Solution count 3: -44093 -5231 0 
No other solutions better than -44093

Optimal solution found (tolerance 1.00e-04)
Best objective -4.409300000000e+04, best bound -4.409300000000e+04, gap 0.0000%
