
Gurobi 9.5.0 (linux64) logging started Thu Apr 28 15:38:05 2022

Set parameter LogFile to value "/local_workspace/chenrui/LogFiles/MKAP/new2S_R10_M10_N100_seed7_DWcutsCT3_600.log"
Gurobi Optimizer version 9.5.0 build v9.5.0rc5 (linux64)
Thread count: 56 physical cores, 56 logical processors, using up to 4 threads
Optimize a model with 957 rows, 1100 columns and 10013 nonzeros
Model fingerprint: 0x2317ae27
Variable types: 0 continuous, 1100 integer (1100 binary)
Coefficient statistics:
  Matrix range     [1e-13, 7e+03]
  Objective range  [1e+02, 1e+03]
  Bounds range     [1e+00, 1e+00]
  RHS range        [1e+00, 1e+00]
Warning: Model contains large matrix coefficient range
         Consider reformulating model or setting NumericFocus parameter
         to avoid numerical issues.
Found heuristic solution: objective 0.0000000
Presolve removed 49 rows and 68 columns
Presolve time: 0.03s
Presolved: 908 rows, 1032 columns, 8915 nonzeros
Found heuristic solution: objective -5763.000000
Variable types: 0 continuous, 1032 integer (1032 binary)

Root relaxation: objective -3.182200e+04, 2020 iterations, 0.08 seconds (0.08 work units)

    Nodes    |    Current Node    |     Objective Bounds      |     Work
 Expl Unexpl |  Obj  Depth IntInf | Incumbent    BestBd   Gap | It/Node Time

     0     0 -31822.000    0   38 -5763.0000 -31822.000   452%     -    0s
H    0     0                    -31775.00000 -31822.000  0.15%     -    0s
     0     0 -31821.987    0   38 -31775.000 -31821.987  0.15%     -    0s
     0     0 -31821.987    0   38 -31775.000 -31821.987  0.15%     -    0s
     0     0 -31821.728    0   38 -31775.000 -31821.728  0.15%     -    0s
     0     0 -31817.918    0   37 -31775.000 -31817.918  0.14%     -    0s
     0     0 -31816.371    0   37 -31775.000 -31816.371  0.13%     -    0s
     0     2 -31816.371    0   37 -31775.000 -31816.371  0.13%     -    0s

Explored 23 nodes (5024 simplex iterations) in 0.66 seconds (0.80 work units)
Thread count was 4 (of 56 available processors)

Solution count 3: -31775 -5763 0 
No other solutions better than -31775

Optimal solution found (tolerance 1.00e-04)
Best objective -3.177500000000e+04, best bound -3.177500000000e+04, gap 0.0000%

Gurobi 9.5.0 (linux64) logging started Thu Apr 28 17:32:36 2022

Set parameter LogFile to value "/local_workspace/chenrui/LogFiles/MKAP/new2S_R10_M10_N100_seed7_DWcutsCT3_600.log"
Gurobi Optimizer version 9.5.0 build v9.5.0rc5 (linux64)
Thread count: 56 physical cores, 56 logical processors, using up to 4 threads
Optimize a model with 957 rows, 1100 columns and 10013 nonzeros
Model fingerprint: 0x2317ae27
Variable types: 0 continuous, 1100 integer (1100 binary)
Coefficient statistics:
  Matrix range     [1e-13, 7e+03]
  Objective range  [1e+02, 1e+03]
  Bounds range     [1e+00, 1e+00]
  RHS range        [1e+00, 1e+00]
Warning: Model contains large matrix coefficient range
         Consider reformulating model or setting NumericFocus parameter
         to avoid numerical issues.
Found heuristic solution: objective 0.0000000
Presolve removed 49 rows and 68 columns
Presolve time: 0.03s
Presolved: 908 rows, 1032 columns, 8915 nonzeros
Found heuristic solution: objective -5763.000000
Variable types: 0 continuous, 1032 integer (1032 binary)

Root relaxation: objective -3.182200e+04, 2020 iterations, 0.08 seconds (0.08 work units)

    Nodes    |    Current Node    |     Objective Bounds      |     Work
 Expl Unexpl |  Obj  Depth IntInf | Incumbent    BestBd   Gap | It/Node Time

     0     0 -31822.000    0   38 -5763.0000 -31822.000   452%     -    0s
H    0     0                    -31775.00000 -31822.000  0.15%     -    0s
     0     0 -31821.987    0   38 -31775.000 -31821.987  0.15%     -    0s
     0     0 -31821.987    0   38 -31775.000 -31821.987  0.15%     -    0s
     0     0 -31821.728    0   38 -31775.000 -31821.728  0.15%     -    0s
     0     0 -31817.918    0   37 -31775.000 -31817.918  0.14%     -    0s
     0     0 -31816.371    0   37 -31775.000 -31816.371  0.13%     -    0s
     0     2 -31816.371    0   37 -31775.000 -31816.371  0.13%     -    0s

Explored 23 nodes (5024 simplex iterations) in 0.65 seconds (0.80 work units)
Thread count was 4 (of 56 available processors)

Solution count 3: -31775 -5763 0 
No other solutions better than -31775

Optimal solution found (tolerance 1.00e-04)
Best objective -3.177500000000e+04, best bound -3.177500000000e+04, gap 0.0000%

Gurobi 9.5.0 (linux64) logging started Thu Apr 28 23:31:13 2022

Set parameter LogFile to value "/local_workspace/chenrui/LogFiles/MKAP/new2S_R10_M10_N100_seed7_DWcutsCT3_600.log"
Gurobi Optimizer version 9.5.0 build v9.5.0rc5 (linux64)
Thread count: 56 physical cores, 56 logical processors, using up to 4 threads
Optimize a model with 957 rows, 1100 columns and 10022 nonzeros
Model fingerprint: 0x6ece3e53
Variable types: 0 continuous, 1100 integer (1100 binary)
Coefficient statistics:
  Matrix range     [1e-13, 7e+03]
  Objective range  [1e+02, 1e+03]
  Bounds range     [1e+00, 1e+00]
  RHS range        [2e-16, 1e+00]
Warning: Model contains large matrix coefficient range
         Consider reformulating model or setting NumericFocus parameter
         to avoid numerical issues.
Found heuristic solution: objective 0.0000000
Presolve removed 49 rows and 68 columns
Presolve time: 0.03s
Presolved: 908 rows, 1032 columns, 8912 nonzeros
Found heuristic solution: objective -5763.000000
Variable types: 0 continuous, 1032 integer (1032 binary)

Root relaxation: objective -3.182200e+04, 2345 iterations, 0.09 seconds (0.09 work units)

    Nodes    |    Current Node    |     Objective Bounds      |     Work
 Expl Unexpl |  Obj  Depth IntInf | Incumbent    BestBd   Gap | It/Node Time

     0     0 -31822.000    0   38 -5763.0000 -31822.000   452%     -    0s
H    0     0                    -31628.00000 -31822.000  0.61%     -    0s
H    0     0                    -31775.00000 -31822.000  0.15%     -    0s
     0     0 -31821.567    0   38 -31775.000 -31821.567  0.15%     -    0s
     0     0 -31821.567    0   38 -31775.000 -31821.567  0.15%     -    0s
     0     0 -31821.567    0   38 -31775.000 -31821.567  0.15%     -    0s
     0     0 -31819.208    0   36 -31775.000 -31819.208  0.14%     -    0s
     0     0 -31817.266    0   36 -31775.000 -31817.266  0.13%     -    0s
     0     2 -31817.266    0   36 -31775.000 -31817.266  0.13%     -    0s

Explored 22 nodes (5573 simplex iterations) in 0.71 seconds (0.85 work units)
Thread count was 4 (of 56 available processors)

Solution count 5: -31775 -31628 -31506 ... 0
No other solutions better than -31775

Optimal solution found (tolerance 1.00e-04)
Best objective -3.177500000000e+04, best bound -3.177500000000e+04, gap 0.0000%

Gurobi 9.5.0 (linux64) logging started Fri Apr 29 21:00:15 2022

Set parameter LogFile to value "/local_workspace/chenrui/LogFiles/MKAP/new2S_R10_M10_N100_seed7_DWcutsCT3_600.log"
Gurobi Optimizer version 9.5.0 build v9.5.0rc5 (linux64)
Thread count: 56 physical cores, 56 logical processors, using up to 4 threads
Optimize a model with 957 rows, 1100 columns and 10022 nonzeros
Model fingerprint: 0x6ece3e53
Variable types: 0 continuous, 1100 integer (1100 binary)
Coefficient statistics:
  Matrix range     [1e-13, 7e+03]
  Objective range  [1e+02, 1e+03]
  Bounds range     [1e+00, 1e+00]
  RHS range        [2e-16, 1e+00]
Warning: Model contains large matrix coefficient range
         Consider reformulating model or setting NumericFocus parameter
         to avoid numerical issues.
Found heuristic solution: objective 0.0000000
Presolve removed 49 rows and 68 columns
Presolve time: 0.03s
Presolved: 908 rows, 1032 columns, 8912 nonzeros
Found heuristic solution: objective -5763.000000
Variable types: 0 continuous, 1032 integer (1032 binary)

Root relaxation: objective -3.182200e+04, 2345 iterations, 0.09 seconds (0.09 work units)

    Nodes    |    Current Node    |     Objective Bounds      |     Work
 Expl Unexpl |  Obj  Depth IntInf | Incumbent    BestBd   Gap | It/Node Time

     0     0 -31822.000    0   38 -5763.0000 -31822.000   452%     -    0s
H    0     0                    -31628.00000 -31822.000  0.61%     -    0s
H    0     0                    -31775.00000 -31822.000  0.15%     -    0s
     0     0 -31821.567    0   38 -31775.000 -31821.567  0.15%     -    0s
     0     0 -31821.567    0   38 -31775.000 -31821.567  0.15%     -    0s
     0     0 -31821.567    0   38 -31775.000 -31821.567  0.15%     -    0s
     0     0 -31819.208    0   36 -31775.000 -31819.208  0.14%     -    0s
     0     0 -31817.266    0   36 -31775.000 -31817.266  0.13%     -    0s
     0     2 -31817.266    0   36 -31775.000 -31817.266  0.13%     -    0s

Explored 22 nodes (5573 simplex iterations) in 0.72 seconds (0.85 work units)
Thread count was 4 (of 56 available processors)

Solution count 5: -31775 -31628 -31506 ... 0
No other solutions better than -31775

Optimal solution found (tolerance 1.00e-04)
Best objective -3.177500000000e+04, best bound -3.177500000000e+04, gap 0.0000%
