
Gurobi 9.5.0 (linux64) logging started Fri Apr 29 08:22:33 2022

Set parameter LogFile to value "/local_workspace/chenrui/LogFiles/MKAP/new2S_R25_M10_N100_seed5_original_600.log"
Gurobi Optimizer version 9.5.0 build v9.5.0rc5 (linux64)
Thread count: 56 physical cores, 56 logical processors, using up to 4 threads
Optimize a model with 360 rows, 1250 columns and 2500 nonzeros
Model fingerprint: 0xa194d29f
Variable types: 0 continuous, 1250 integer (1250 binary)
Coefficient statistics:
  Matrix range     [1e+00, 7e+03]
  Objective range  [6e+01, 1e+03]
  Bounds range     [1e+00, 1e+00]
  RHS range        [1e+00, 1e+00]
Found heuristic solution: objective 0.0000000
Presolve removed 55 rows and 195 columns
Presolve time: 0.01s
Presolved: 305 rows, 1055 columns, 2110 nonzeros
Variable types: 0 continuous, 1055 integer (1055 binary)
Found heuristic solution: objective -12364.00000

Root relaxation: objective -2.336227e+04, 748 iterations, 0.01 seconds (0.00 work units)

    Nodes    |    Current Node    |     Objective Bounds      |     Work
 Expl Unexpl |  Obj  Depth IntInf | Incumbent    BestBd   Gap | It/Node Time

     0     0 -23362.269    0   35 -12364.000 -23362.269  89.0%     -    0s
H    0     0                    -20804.00000 -23362.269  12.3%     -    0s
H    0     0                    -20876.00000 -23362.269  11.9%     -    0s
H    0     0                    -20897.00000 -23038.107  10.2%     -    0s
     0     0 -23038.107    0   63 -20897.000 -23038.107  10.2%     -    0s
H    0     0                    -21470.00000 -23038.107  7.30%     -    0s
     0     0 -23035.022    0   62 -21470.000 -23035.022  7.29%     -    0s
H    0     0                    -21475.00000 -22943.248  6.84%     -    0s
     0     0 -22943.248    0   60 -21475.000 -22943.248  6.84%     -    0s
H    0     0                    -21535.00000 -22943.248  6.54%     -    0s
     0     0 -22942.667    0   59 -21535.000 -22942.667  6.54%     -    0s
     0     0 -22942.307    0   51 -21535.000 -22942.307  6.53%     -    0s
     0     0 -22918.890    0   42 -21535.000 -22918.890  6.43%     -    0s
H    0     0                    -21633.00000 -22918.890  5.94%     -    0s
     0     0 -22918.890    0   43 -21633.000 -22918.890  5.94%     -    0s
     0     0 -22918.890    0   44 -21633.000 -22918.890  5.94%     -    0s
     0     0 -22918.890    0   31 -21633.000 -22918.890  5.94%     -    0s
     0     0 -22905.097    0   41 -21633.000 -22905.097  5.88%     -    0s
     0     0 -22905.097    0   37 -21633.000 -22905.097  5.88%     -    0s
     0     2 -22905.097    0   36 -21633.000 -22905.097  5.88%     -    0s
H   68    76                    -21874.00000 -22729.040  3.91%   8.4    0s

Cutting planes:
  Gomory: 20
  Cover: 120
  Clique: 64
  MIR: 32
  StrongCG: 28

Explored 1732 nodes (23940 simplex iterations) in 0.60 seconds (0.63 work units)
Thread count was 4 (of 56 available processors)

Solution count 10: -21874 -21633 -21535 ... 0
No other solutions better than -21874

Optimal solution found (tolerance 1.00e-04)
Best objective -2.187400000000e+04, best bound -2.187400000000e+04, gap 0.0000%
