
Gurobi 9.5.0 (linux64) logging started Tue May  3 16:30:06 2022

Set parameter LogFile to value "/local_workspace/chenrui/LogFiles/MKAP/new2S_R10_M20_N50_seed10_objLB_600.log"
Gurobi Optimizer version 9.5.0 build v9.5.0rc5 (linux64)
Thread count: 56 physical cores, 56 logical processors, using up to 4 threads
Optimize a model with 271 rows, 1200 columns and 3400 nonzeros
Model fingerprint: 0x84d595ff
Variable types: 0 continuous, 1200 integer (1200 binary)
Coefficient statistics:
  Matrix range     [1e+00, 1e+03]
  Objective range  [6e+01, 1e+03]
  Bounds range     [1e+00, 1e+00]
  RHS range        [1e+00, 2e+04]
Found heuristic solution: objective 0.0000000
Presolve removed 108 rows and 528 columns
Presolve time: 0.01s
Presolved: 163 rows, 672 columns, 1924 nonzeros
Variable types: 0 continuous, 672 integer (672 binary)
Found heuristic solution: objective -13103.00000

Root relaxation: objective -1.731500e+04, 335 iterations, 0.00 seconds (0.00 work units)

    Nodes    |    Current Node    |     Objective Bounds      |     Work
 Expl Unexpl |  Obj  Depth IntInf | Incumbent    BestBd   Gap | It/Node Time

     0     0 -17315.000    0   23 -13103.000 -17315.000  32.1%     -    0s
H    0     0                    -15838.00000 -17315.000  9.33%     -    0s
H    0     0                    -15855.00000 -17315.000  9.21%     -    0s
H    0     0                    -15960.00000 -17315.000  8.49%     -    0s
H    0     0                    -16002.00000 -17315.000  8.21%     -    0s
H    0     0                    -16295.00000 -17315.000  6.26%     -    0s
     0     0 -17315.000    0   37 -16295.000 -17315.000  6.26%     -    0s
H    0     0                    -16404.00000 -17315.000  5.55%     -    0s
H    0     0                    -16923.00000 -17315.000  2.32%     -    0s
H    0     0                    -16993.00000 -17315.000  1.89%     -    0s
     0     0 -17315.000    0   18 -16993.000 -17315.000  1.89%     -    0s
     0     0 -17315.000    0   31 -16993.000 -17315.000  1.89%     -    0s
H    0     0                    -17005.00000 -17315.000  1.82%     -    0s
     0     0 -17315.000    0   17 -17005.000 -17315.000  1.82%     -    0s
     0     0 -17315.000    0   17 -17005.000 -17315.000  1.82%     -    0s
H    0     0                    -17166.00000 -17315.000  0.87%     -    0s
H    0     0                    -17181.00000 -17315.000  0.78%     -    0s
     0     2 -17315.000    0   17 -17181.000 -17315.000  0.78%     -    0s
H   35    29                    -17294.00000 -17315.000  0.12%  55.8    0s

Cutting planes:
  Gomory: 20
  Cover: 99
  Clique: 19
  MIR: 28
  StrongCG: 17

Explored 431 nodes (48385 simplex iterations) in 0.53 seconds (0.65 work units)
Thread count was 4 (of 56 available processors)

Solution count 10: -17294 -17181 -17166 ... -15960
No other solutions better than -17294

Optimal solution found (tolerance 1.00e-04)
Best objective -1.729400000000e+04, best bound -1.729400000000e+04, gap 0.0000%
