
Gurobi 9.5.0 (linux64) logging started Tue May  3 13:28:02 2022

Set parameter LogFile to value "/local_workspace/chenrui/LogFiles/MKAP/new2S_R10_M30_N50_seed9_DWcutsCT_600.log"
Gurobi Optimizer version 9.5.0 build v9.5.0rc5 (linux64)
Thread count: 56 physical cores, 56 logical processors, using up to 4 threads
Optimize a model with 680 rows, 1800 columns and 5395 nonzeros
Model fingerprint: 0x3a9fff7e
Variable types: 0 continuous, 1800 integer (1800 binary)
Coefficient statistics:
  Matrix range     [8e-11, 1e+03]
  Objective range  [8e+01, 1e+03]
  Bounds range     [1e+00, 1e+00]
  RHS range        [3e-12, 1e+00]
Warning: Model contains large matrix coefficient range
         Consider reformulating model or setting NumericFocus parameter
         to avoid numerical issues.
Found heuristic solution: objective 0.0000000
Presolve removed 322 rows and 1050 columns
Presolve time: 0.01s
Presolved: 358 rows, 750 columns, 2042 nonzeros
Found heuristic solution: objective -6808.000000
Variable types: 0 continuous, 750 integer (750 binary)

Root relaxation: objective -1.451000e+04, 633 iterations, 0.01 seconds (0.00 work units)

    Nodes    |    Current Node    |     Objective Bounds      |     Work
 Expl Unexpl |  Obj  Depth IntInf | Incumbent    BestBd   Gap | It/Node Time

     0     0 -14510.000    0   34 -6808.0000 -14510.000   113%     -    0s
H    0     0                    -13483.00000 -14510.000  7.62%     -    0s
H    0     0                    -13847.00000 -14510.000  4.79%     -    0s
H    0     0                    -14153.00000 -14510.000  2.52%     -    0s
     0     0 -14510.000    0   27 -14153.000 -14510.000  2.52%     -    0s
H    0     0                    -14387.00000 -14510.000  0.85%     -    0s
     0     0 -14508.041    0   37 -14387.000 -14508.041  0.84%     -    0s
     0     0 -14508.041    0   11 -14387.000 -14508.041  0.84%     -    0s
     0     0 -14484.500    0   41 -14387.000 -14484.500  0.68%     -    0s
H    0     0                    -14474.00000 -14484.500  0.07%     -    0s
     0     0     cutoff    0      -14474.000 -14474.000  0.00%     -    0s

Cutting planes:
  Gomory: 6
  Lift-and-project: 9
  Cover: 2
  Clique: 1

Explored 1 nodes (1617 simplex iterations) in 0.09 seconds (0.05 work units)
Thread count was 4 (of 56 available processors)

Solution count 8: -14474 -14387 -14153 ... 0
No other solutions better than -14474

Optimal solution found (tolerance 1.00e-04)
Best objective -1.447400000000e+04, best bound -1.447400000000e+04, gap 0.0000%
