
Gurobi 9.5.0 (linux64) logging started Tue May  3 16:22:07 2022

Set parameter LogFile to value "/local_workspace/chenrui/LogFiles/MKAP/new2S_R10_M20_N50_seed5_original_600.log"
Gurobi Optimizer version 9.5.0 build v9.5.0rc5 (linux64)
Thread count: 56 physical cores, 56 logical processors, using up to 4 threads
Optimize a model with 270 rows, 1200 columns and 2400 nonzeros
Model fingerprint: 0x0d2779d2
Variable types: 0 continuous, 1200 integer (1200 binary)
Coefficient statistics:
  Matrix range     [1e+00, 1e+03]
  Objective range  [8e+01, 1e+03]
  Bounds range     [1e+00, 1e+00]
  RHS range        [1e+00, 1e+00]
Found heuristic solution: objective 0.0000000
Presolve removed 98 rows and 481 columns
Presolve time: 0.01s
Presolved: 172 rows, 719 columns, 1438 nonzeros
Variable types: 0 continuous, 719 integer (719 binary)
Found heuristic solution: objective -13380.00000

Root relaxation: objective -1.701415e+04, 434 iterations, 0.00 seconds (0.00 work units)

    Nodes    |    Current Node    |     Objective Bounds      |     Work
 Expl Unexpl |  Obj  Depth IntInf | Incumbent    BestBd   Gap | It/Node Time

     0     0 -17014.153    0   54 -13380.000 -17014.153  27.2%     -    0s
H    0     0                    -14935.00000 -17014.153  13.9%     -    0s
H    0     0                    -15317.00000 -17014.153  11.1%     -    0s
H    0     0                    -15470.00000 -17012.582  10.0%     -    0s
     0     0 -16905.954    0   77 -15470.000 -16905.954  9.28%     -    0s
     0     0 -16905.415    0   80 -15470.000 -16905.415  9.28%     -    0s
H    0     0                    -16284.00000 -16810.383  3.23%     -    0s
     0     0 -16808.552    0   87 -16284.000 -16808.552  3.22%     -    0s
     0     0 -16737.854    0   83 -16284.000 -16737.854  2.79%     -    0s
H    0     0                    -16315.00000 -16733.817  2.57%     -    0s
     0     0 -16733.817    0  102 -16315.000 -16733.817  2.57%     -    0s
H    0     0                    -16515.00000 -16733.263  1.32%     -    0s
     0     0 -16733.263    0   85 -16515.000 -16733.263  1.32%     -    0s
H    0     0                    -16568.00000 -16733.263  1.00%     -    0s
     0     0 -16717.582    0   57 -16568.000 -16717.582  0.90%     -    0s
     0     0 -16717.582    0   42 -16568.000 -16717.582  0.90%     -    0s
     0     0 -16717.582    0   72 -16568.000 -16717.582  0.90%     -    0s
     0     0 -16713.080    0   50 -16568.000 -16713.080  0.88%     -    0s
     0     0 -16695.643    0   68 -16568.000 -16695.643  0.77%     -    0s
     0     0 -16693.106    0   67 -16568.000 -16693.106  0.76%     -    0s
     0     0 -16677.958    0   69 -16568.000 -16677.958  0.66%     -    0s
     0     0 -16647.695    0   70 -16568.000 -16647.695  0.48%     -    0s
     0     0 -16640.389    0   72 -16568.000 -16640.389  0.44%     -    0s
     0     0 -16619.296    0   64 -16568.000 -16619.296  0.31%     -    0s
     0     0 -16619.296    0   26 -16568.000 -16619.296  0.31%     -    0s
     0     0 -16619.296    0   56 -16568.000 -16619.296  0.31%     -    0s
     0     0 -16619.296    0   60 -16568.000 -16619.296  0.31%     -    0s
     0     0 -16613.819    0   39 -16568.000 -16613.819  0.28%     -    0s
     0     0 -16612.518    0   53 -16568.000 -16612.518  0.27%     -    0s
     0     0 -16601.357    0   59 -16568.000 -16601.357  0.20%     -    0s
H    0     0                    -16594.00000 -16601.357  0.04%     -    0s
     0     0     cutoff    0      -16594.000 -16594.000  0.00%     -    0s

Cutting planes:
  Gomory: 8
  Cover: 17
  Clique: 2
  MIR: 4
  StrongCG: 3
  Zero half: 1

Explored 1 nodes (2307 simplex iterations) in 0.21 seconds (0.09 work units)
Thread count was 4 (of 56 available processors)

Solution count 10: -16594 -16568 -16515 ... -13380
No other solutions better than -16594

Optimal solution found (tolerance 1.00e-04)
Best objective -1.659400000000e+04, best bound -1.659400000000e+04, gap 0.0000%
