
Gurobi 9.5.0 (linux64) logging started Tue May  3 16:19:55 2022

Set parameter LogFile to value "/local_workspace/chenrui/LogFiles/MKAP/new2S_R5_M40_N50_seed10_DWcuts_600.log"
Gurobi Optimizer version 9.5.0 build v9.5.0rc5 (linux64)
Thread count: 56 physical cores, 56 logical processors, using up to 4 threads
Optimize a model with 490 rows, 2200 columns and 6600 nonzeros
Model fingerprint: 0xa3b64f69
Variable types: 0 continuous, 2200 integer (2200 binary)
Coefficient statistics:
  Matrix range     [3e-10, 1e+03]
  Objective range  [1e+02, 1e+03]
  Bounds range     [1e+00, 1e+00]
  RHS range        [2e-11, 1e+00]
Warning: Model contains large matrix coefficient range
         Consider reformulating model or setting NumericFocus parameter
         to avoid numerical issues.
Found heuristic solution: objective 0.0000000
Presolve removed 281 rows and 1486 columns
Presolve time: 0.01s
Presolved: 209 rows, 714 columns, 1697 nonzeros
Found heuristic solution: objective -11963.00000
Variable types: 0 continuous, 714 integer (714 binary)

Root relaxation: objective -1.295000e+04, 239 iterations, 0.00 seconds (0.00 work units)

    Nodes    |    Current Node    |     Objective Bounds      |     Work
 Expl Unexpl |  Obj  Depth IntInf | Incumbent    BestBd   Gap | It/Node Time

H    0     0                    -12950.00000 -196813.00  1420%     -    0s
     0     0          -    0      -12950.000 -12950.000  0.00%     -    0s

Explored 1 nodes (313 simplex iterations) in 0.01 seconds (0.01 work units)
Thread count was 4 (of 56 available processors)

Solution count 3: -12950 -11963 0 
No other solutions better than -12950

Optimal solution found (tolerance 1.00e-04)
Best objective -1.295000000000e+04, best bound -1.295000000000e+04, gap 0.0000%
