
Gurobi 9.5.0 (linux64) logging started Mon Jun 20 16:00:00 2022

Set parameter LogFile to value "/local_workspace/chenrui/LogFiles/MKAP/new2S_R25_M30_N200_seed3_DWcutsCTp1_600.log"
Gurobi Optimizer version 9.5.0 build v9.5.0rc5 (linux64)
Thread count: 56 physical cores, 56 logical processors, using up to 4 threads
Optimize a model with 2394 rows, 6750 columns and 25781 nonzeros
Model fingerprint: 0x1aea5c89
Variable types: 0 continuous, 6750 integer (6750 binary)
Coefficient statistics:
  Matrix range     [1e-13, 4e+03]
  Objective range  [3e+01, 1e+03]
  Bounds range     [1e+00, 1e+00]
  RHS range        [1e-05, 1e+00]
Warning: Model contains large matrix coefficient range
         Consider reformulating model or setting NumericFocus parameter
         to avoid numerical issues.
Found heuristic solution: objective 0.0000000
Presolve removed 161 rows and 986 columns
Presolve time: 0.06s
Presolved: 2233 rows, 5764 columns, 22060 nonzeros
Found heuristic solution: objective -6953.000000
Variable types: 0 continuous, 5764 integer (5764 binary)

Root relaxation: objective -6.422999e+04, 8992 iterations, 0.31 seconds (0.30 work units)

    Nodes    |    Current Node    |     Objective Bounds      |     Work
 Expl Unexpl |  Obj  Depth IntInf | Incumbent    BestBd   Gap | It/Node Time

     0     0 -64229.988    0  350 -6953.0000 -64229.988   824%     -    0s
H    0     0                    -57740.00000 -64229.988  11.2%     -    0s
H    0     0                    -58918.00000 -64229.988  9.02%     -    0s
H    0     0                    -61747.00000 -64229.988  4.02%     -    0s
     0     0 -64229.984    0  363 -61747.000 -64229.984  4.02%     -    0s
H    0     0                    -61844.00000 -64229.984  3.86%     -    0s
H    0     0                    -62175.00000 -64229.984  3.31%     -    0s
     0     0 -64229.984    0  337 -62175.000 -64229.984  3.31%     -    0s
     0     0 -64229.984    0  366 -62175.000 -64229.984  3.31%     -    1s
H    0     0                    -62679.00000 -64229.984  2.47%     -    1s
     0     0 -64229.984    0  358 -62679.000 -64229.984  2.47%     -    1s
     0     0 -64229.984    0  380 -62679.000 -64229.984  2.47%     -    1s
     0     0 -64229.984    0  380 -62679.000 -64229.984  2.47%     -    1s
     0     2 -64229.984    0  380 -62679.000 -64229.984  2.47%     -    2s
    19    24 -64229.983    6  345 -62679.000 -64229.984  2.47%   594    5s
H   28    33                    -63288.00000 -64229.984  1.49%   503    5s
H   76    91                    -63314.00000 -64229.984  1.45%   394    6s
H  135   185                    -63378.00000 -64229.984  1.34%   338    8s
   184   335 -64226.293   38  297 -63378.000 -64229.984  1.34%   325   10s
H  187   335                    -63602.00000 -64229.984  0.99%   321   10s
H  216   335                    -63835.00000 -64229.984  0.62%   309   10s
H  342   719                    -63871.00000 -64229.984  0.56%   258   12s
H 1349  1202                    -63942.00000 -64229.983  0.45%   122   14s
  1369  1203 -64199.130   62  380 -63942.000 -64229.983  0.45%   127   16s
  1381  1214 -64229.983   10  342 -63942.000 -64229.983  0.45%   140   24s
  1383  1217 -64229.981   11  322 -63942.000 -64229.981  0.45%   140   26s
  1414  1236 -64229.979   15  289 -63942.000 -64229.979  0.45%   150   30s
H 1477  1215                    -63958.00015 -64229.979  0.43%   167   33s
  1528  1272 -64223.894   27  226 -63958.000 -64229.979  0.43%   171   35s
  1616  1377 -64219.808   36  296 -63958.000 -64229.979  0.43%   176   40s
H 1704  1289                    -64003.00000 -64229.979  0.35%   177   40s
  1799  1410 -64154.432   52  227 -64003.000 -64229.979  0.35%   176   45s
H 1863  1329                    -64019.00000 -64229.979  0.33%   176   45s
H 1897  1259                    -64055.00000 -64229.979  0.27%   175   46s
  2409  1435     cutoff  125      -64055.000 -64229.979  0.27%   168   50s
  3049  1636 -64207.287   15  360 -64055.000 -64229.979  0.27%   159   55s
  3712  2017 -64093.602   24  420 -64055.000 -64229.979  0.27%   159   60s
  4365  2089 -64159.833   22  419 -64055.000 -64229.979  0.27%   158   66s
  4631  2578 -64206.625   28  369 -64055.000 -64229.847  0.27%   158   70s
  5497  3127 -64186.695   33  380 -64055.000 -64229.276  0.27%   150   75s
  5707  3155 -64132.538   52  276 -64055.000 -64229.276  0.27%   151   82s
  6022  3428 -64214.576   19  389 -64055.000 -64228.800  0.27%   151   85s
  6509  3832 -64126.659   32  309 -64055.000 -64228.372  0.27%   154   90s
  7447  4457 -64062.770   30  335 -64055.000 -64227.561  0.27%   153   96s
  8358  5101 -64131.548   84  266 -64055.000 -64226.076  0.27%   155  102s
  9143  5609 -64097.162   98  265 -64055.000 -64224.981  0.27%   155  106s
  9931  6113 -64102.712   44  294 -64055.000 -64221.057  0.26%   157  111s
 10379  6117 -64095.805   49  384 -64055.000 -64219.951  0.26%   158  115s
 10386  6121 -64171.082   49  379 -64055.000 -64219.898  0.26%   158  122s
 10387  6125 -64219.898   19  363 -64055.000 -64219.898  0.26%   159  126s
 10389  6128 -64219.898   20  361 -64055.000 -64219.898  0.26%   159  131s
 10397  6131 -64216.420   21  323 -64055.000 -64219.898  0.26%   160  136s
 10420  6135 -64219.898   25  315 -64055.000 -64219.898  0.26%   160  140s
 10464  6159 -64219.898   30  361 -64055.000 -64219.898  0.26%   162  145s
 10590  6222 -64213.593   41  311 -64055.000 -64219.898  0.26%   165  150s
 10701  6289 -64199.292   49  305 -64055.000 -64219.898  0.26%   167  155s
 11067  6492 -64207.387   84  329 -64055.000 -64219.898  0.26%   168  160s
 11556  6651 -64180.797  150  179 -64055.000 -64219.898  0.26%   168  165s
 12646  7109 -64085.274  101  195 -64055.000 -64218.883  0.26%   164  170s
 13723  7509 -64091.736   83  254 -64055.000 -64215.850  0.25%   160  178s
 14295  7637 -64115.841  138  124 -64055.000 -64213.218  0.25%   158  184s
H14422  7269                    -64057.00000 -64213.218  0.24%   157  184s
 14485  7260 -64117.985   43  358 -64057.000 -64213.218  0.24%   157  187s
 15042  7655 -64115.436  110  171 -64057.000 -64211.100  0.24%   157  191s
 15844  7868 -64183.409   25  430 -64057.000 -64207.972  0.24%   157  196s
 16381  8060 -64078.203   79  268 -64057.000 -64205.967  0.23%   156  200s
 17152  8359 -64106.366   44  292 -64057.000 -64203.563  0.23%   158  207s
 17988  8648 -64182.232   50  335 -64057.000 -64202.716  0.23%   158  212s
 18941  9091 -64065.794   89  233 -64057.000 -64201.650  0.23%   158  217s
 19411  9277 -64171.470   62  231 -64057.000 -64200.544  0.22%   159  220s
 20623 10135 -64141.613   60  341 -64057.000 -64198.544  0.22%   158  228s
 21550 10249 -64171.977   42  385 -64057.000 -64197.651  0.22%   158  230s
 22516 10482 -64159.180   42  420 -64057.000 -64197.066  0.22%   158  236s
 23581 10924 -64081.481   44  367 -64057.000 -64196.238  0.22%   159  241s
 24106 10938     cutoff   91      -64057.000 -64195.832  0.22%   159  246s
H24110 10552                    -64061.00000 -64195.832  0.21%   159  246s
 24765 10685 -64095.189   58  273 -64061.000 -64195.036  0.21%   159  252s
 24874 11024     cutoff   49      -64061.000 -64194.962  0.21%   159  255s
 25672 11268 -64105.180   64  339 -64061.000 -64193.700  0.21%   159  262s
 26291 11468 -64175.211   36  392 -64061.000 -64192.984  0.21%   159  265s
 27357 12121 -64155.937   43  391 -64061.000 -64191.972  0.20%   160  272s
 28030 12476 -64151.902   60  199 -64061.000 -64191.367  0.20%   160  275s
 29051 13214 -64178.574   49  349 -64061.000 -64189.896  0.20%   161  282s
 29623 13574 -64123.671   41  393 -64061.000 -64189.470  0.20%   161  286s
 30349 13893 -64172.908   52  250 -64061.000 -64188.835  0.20%   161  293s
 30865 13894 -64093.629   84  380 -64061.000 -64188.651  0.20%   161  344s
 30868 13896 -64077.000  135  431 -64061.000 -64188.651  0.20%   161  345s
 30889 13910 -64078.292  105  629 -64061.000 -64188.651  0.20%   161  350s
 30904 13920 -64124.399  111  547 -64061.000 -64188.651  0.20%   161  356s
 30912 13925 -64133.670   61  550 -64061.000 -64188.651  0.20%   161  360s
 30916 13928 -64066.946  119  535 -64061.000 -64188.651  0.20%   161  365s
 30919 13933 -64188.651   31  518 -64061.000 -64188.651  0.20%   162  376s
 30921 13935 -64188.651   32  512 -64061.000 -64188.651  0.20%   162  384s
 30925 13938 -64188.651   33  531 -64061.000 -64188.651  0.20%   162  391s
 30929 13940 -64188.651   33  465 -64061.000 -64188.651  0.20%   162  396s
 30941 13944 -64188.651   35  462 -64061.000 -64188.651  0.20%   162  401s
 30961 13942 -64113.989   37  300 -64061.000 -64188.651  0.20%   162  405s
 31030 13944 -64099.728   42  361 -64061.000 -64188.651  0.20%   162  410s
 31134 13925 -64138.161   50  308 -64061.000 -64188.651  0.20%   162  415s
 31301 13994 -64174.159   51  484 -64061.000 -64188.651  0.20%   162  420s
 31567 14082 -64130.970  107  400 -64061.000 -64188.651  0.20%   162  425s
 31966 14166 -64080.403   54  279 -64061.000 -64185.380  0.19%   162  430s
 32552 14325 -64065.445   61  373 -64061.000 -64179.771  0.19%   161  435s
 33215 14474     cutoff  114      -64061.000 -64176.047  0.18%   161  441s
 33792 14655 -64160.296   53  329 -64061.000 -64173.322  0.18%   162  446s
 34255 14915 -64122.253   75  430 -64061.000 -64170.949  0.17%   162  451s
 34983 15022 -64117.724   95  308 -64061.000 -64168.765  0.17%   161  456s
 35678 15219 -64117.085   78  353 -64061.000 -64166.604  0.16%   161  461s
 36418 15425 -64080.184   84  361 -64061.000 -64165.268  0.16%   161  466s
 36896 15521 -64100.942   62  342 -64061.000 -64163.886  0.16%   161  470s
 37611 15715 -64070.392   61  382 -64061.000 -64161.836  0.16%   161  476s
 38145 15885 -64130.248   65  385 -64061.000 -64160.821  0.16%   161  480s
 39218 16084 -64134.913   65  310 -64061.000 -64158.572  0.15%   161  488s
 39745 16250 -64070.354  121  363 -64061.000 -64157.708  0.15%   161  492s
 40355 16354     cutoff   73      -64061.000 -64156.698  0.15%   161  496s
 41019 16453 -64073.720   88  264 -64061.000 -64155.440  0.15%   161  501s
 41696 16690 infeasible   70      -64061.000 -64153.897  0.15%   162  507s
 42676 16543 -64087.582   56  283 -64061.000 -64151.532  0.14%   162  511s
 43116 16692 -64113.654   53  429 -64061.000 -64150.610  0.14%   162  516s
 43695 16798 -64115.028   69  434 -64061.000 -64149.928  0.14%   162  521s
 44455 16798 -64091.281   86  280 -64061.000 -64148.447  0.14%   162  525s
 45035 16898 -64078.507   77  400 -64061.000 -64147.514  0.14%   162  530s
 46409 16842 -64091.763   59  292 -64061.000 -64146.106  0.13%   162  538s
 47119 16841 -64106.116   50  436 -64061.000 -64145.133  0.13%   163  542s
 47682 16944 -64104.409   67  385 -64061.000 -64144.578  0.13%   163  546s
 48319 16999 -64068.635  127  338 -64061.000 -64143.687  0.13%   163  550s
 48982 17045 -64088.775   56  414 -64061.000 -64143.073  0.13%   163  556s
 49640 17150     cutoff   63      -64061.000 -64141.801  0.13%   163  560s
 50908 17211 -64084.251   67  419 -64061.000 -64140.625  0.12%   163  568s
 51561 17204 -64102.859   70  305 -64061.000 -64139.368  0.12%   163  572s
 52086 17186 -64101.054   70  414 -64061.000 -64138.697  0.12%   164  577s
 52647 17391     cutoff   83      -64061.000 -64138.109  0.12%   164  583s
 53565 17327     cutoff   62      -64061.000 -64137.329  0.12%   164  587s
H53918 16109                    -64067.00000 -64137.311  0.11%   164  587s
 54204 16149 -64109.739   62  389 -64067.000 -64136.423  0.11%   164  592s
 54588 16251 -64122.810   81  383 -64067.000 -64135.921  0.11%   164  597s
 55198 16172 -64111.686   61  316 -64067.000 -64135.335  0.11%   164  600s

Cutting planes:
  Gomory: 13
  Lift-and-project: 2
  Cover: 719
  Clique: 216
  MIR: 158
  StrongCG: 62
  Flow cover: 279
  Zero half: 40
  RLT: 15

Explored 55551 nodes (9134938 simplex iterations) in 600.01 seconds (985.38 work units)
Thread count was 4 (of 56 available processors)

Solution count 10: -64067 -64061 -64057 ... -63835

Time limit reached
Best objective -6.406700000000e+04, best bound -6.413496116207e+04, gap 0.1061%
