
Gurobi 9.5.0 (linux64) logging started Mon Jun 20 09:23:17 2022

Set parameter LogFile to value "/local_workspace/chenrui/LogFiles/MKAP/new2S_R5_M40_N50_seed1_DWcutsCTp2_600.log"
Gurobi Optimizer version 9.5.0 build v9.5.0rc5 (linux64)
Thread count: 56 physical cores, 56 logical processors, using up to 4 threads
Optimize a model with 490 rows, 2200 columns and 6600 nonzeros
Model fingerprint: 0x6e6fd503
Variable types: 0 continuous, 2200 integer (2200 binary)
Coefficient statistics:
  Matrix range     [7e-09, 1e+03]
  Objective range  [6e+01, 1e+03]
  Bounds range     [1e+00, 1e+00]
  RHS range        [1e-05, 1e+00]
Found heuristic solution: objective 0.0000000
Presolve removed 304 rows and 1464 columns
Presolve time: 0.01s
Presolved: 186 rows, 736 columns, 1601 nonzeros
Variable types: 0 continuous, 736 integer (736 binary)
Found heuristic solution: objective -8738.000000

Root relaxation: objective -1.026300e+04, 119 iterations, 0.00 seconds (0.00 work units)

    Nodes    |    Current Node    |     Objective Bounds      |     Work
 Expl Unexpl |  Obj  Depth IntInf | Incumbent    BestBd   Gap | It/Node Time

     0     0 -10263.000    0    2 -8738.0000 -10263.000  17.5%     -    0s
H    0     0                    -10263.00000 -10263.000  0.00%     -    0s
     0     0 -10263.000    0    2 -10263.000 -10263.000  0.00%     -    0s

Explored 1 nodes (285 simplex iterations) in 0.01 seconds (0.01 work units)
Thread count was 4 (of 56 available processors)

Solution count 3: -10263 -8738 0 
No other solutions better than -10263

Optimal solution found (tolerance 1.00e-04)
Best objective -1.026300000000e+04, best bound -1.026300000000e+04, gap 0.0000%
