
Gurobi 9.5.0 (linux64) logging started Thu Apr 28 15:41:00 2022

Set parameter LogFile to value "/local_workspace/chenrui/LogFiles/MKAP/new2S_R10_M10_N100_seed10_DWcutsCT3_600.log"
Gurobi Optimizer version 9.5.0 build v9.5.0rc5 (linux64)
Thread count: 56 physical cores, 56 logical processors, using up to 4 threads
Optimize a model with 892 rows, 1100 columns and 9526 nonzeros
Model fingerprint: 0x04c9170c
Variable types: 0 continuous, 1100 integer (1100 binary)
Coefficient statistics:
  Matrix range     [1e-13, 7e+03]
  Objective range  [7e+01, 1e+03]
  Bounds range     [1e+00, 1e+00]
  RHS range        [1e+00, 1e+00]
Warning: Model contains large matrix coefficient range
         Consider reformulating model or setting NumericFocus parameter
         to avoid numerical issues.
Found heuristic solution: objective 0.0000000
Presolve removed 31 rows and 156 columns
Presolve time: 0.03s
Presolved: 861 rows, 944 columns, 8609 nonzeros
Found heuristic solution: objective -6747.000000
Variable types: 0 continuous, 944 integer (944 binary)

Root relaxation: objective -3.156300e+04, 1828 iterations, 0.06 seconds (0.06 work units)

    Nodes    |    Current Node    |     Objective Bounds      |     Work
 Expl Unexpl |  Obj  Depth IntInf | Incumbent    BestBd   Gap | It/Node Time

*    0     0               0    -31563.00000 -31563.000  0.00%     -    0s

Explored 1 nodes (1828 simplex iterations) in 0.09 seconds (0.09 work units)
Thread count was 4 (of 56 available processors)

Solution count 3: -31563 -6747 0 
No other solutions better than -31563

Optimal solution found (tolerance 1.00e-04)
Best objective -3.156299999996e+04, best bound -3.156299999996e+04, gap 0.0000%

Gurobi 9.5.0 (linux64) logging started Thu Apr 28 17:35:28 2022

Set parameter LogFile to value "/local_workspace/chenrui/LogFiles/MKAP/new2S_R10_M10_N100_seed10_DWcutsCT3_600.log"
Gurobi Optimizer version 9.5.0 build v9.5.0rc5 (linux64)
Thread count: 56 physical cores, 56 logical processors, using up to 4 threads
Optimize a model with 892 rows, 1100 columns and 9526 nonzeros
Model fingerprint: 0x04c9170c
Variable types: 0 continuous, 1100 integer (1100 binary)
Coefficient statistics:
  Matrix range     [1e-13, 7e+03]
  Objective range  [7e+01, 1e+03]
  Bounds range     [1e+00, 1e+00]
  RHS range        [1e+00, 1e+00]
Warning: Model contains large matrix coefficient range
         Consider reformulating model or setting NumericFocus parameter
         to avoid numerical issues.
Found heuristic solution: objective 0.0000000
Presolve removed 31 rows and 156 columns
Presolve time: 0.03s
Presolved: 861 rows, 944 columns, 8609 nonzeros
Found heuristic solution: objective -6747.000000
Variable types: 0 continuous, 944 integer (944 binary)

Root relaxation: objective -3.156300e+04, 1828 iterations, 0.06 seconds (0.06 work units)

    Nodes    |    Current Node    |     Objective Bounds      |     Work
 Expl Unexpl |  Obj  Depth IntInf | Incumbent    BestBd   Gap | It/Node Time

*    0     0               0    -31563.00000 -31563.000  0.00%     -    0s

Explored 1 nodes (1828 simplex iterations) in 0.09 seconds (0.09 work units)
Thread count was 4 (of 56 available processors)

Solution count 3: -31563 -6747 0 
No other solutions better than -31563

Optimal solution found (tolerance 1.00e-04)
Best objective -3.156299999996e+04, best bound -3.156299999996e+04, gap 0.0000%

Gurobi 9.5.0 (linux64) logging started Thu Apr 28 23:34:05 2022

Set parameter LogFile to value "/local_workspace/chenrui/LogFiles/MKAP/new2S_R10_M10_N100_seed10_DWcutsCT3_600.log"
Gurobi Optimizer version 9.5.0 build v9.5.0rc5 (linux64)
Thread count: 56 physical cores, 56 logical processors, using up to 4 threads
Optimize a model with 892 rows, 1100 columns and 9531 nonzeros
Model fingerprint: 0x32976bb5
Variable types: 0 continuous, 1100 integer (1100 binary)
Coefficient statistics:
  Matrix range     [1e-13, 7e+03]
  Objective range  [7e+01, 1e+03]
  Bounds range     [1e+00, 1e+00]
  RHS range        [6e-14, 1e+00]
Warning: Model contains large matrix coefficient range
         Consider reformulating model or setting NumericFocus parameter
         to avoid numerical issues.
Found heuristic solution: objective 0.0000000
Presolve removed 31 rows and 156 columns
Presolve time: 0.03s
Presolved: 861 rows, 944 columns, 8607 nonzeros
Found heuristic solution: objective -6747.000000
Variable types: 0 continuous, 944 integer (944 binary)

Root relaxation: objective -3.156300e+04, 1845 iterations, 0.06 seconds (0.07 work units)

    Nodes    |    Current Node    |     Objective Bounds      |     Work
 Expl Unexpl |  Obj  Depth IntInf | Incumbent    BestBd   Gap | It/Node Time

*    0     0               0    -31563.00000 -31563.000  0.00%     -    0s

Explored 1 nodes (1845 simplex iterations) in 0.10 seconds (0.10 work units)
Thread count was 4 (of 56 available processors)

Solution count 3: -31563 -6747 0 
No other solutions better than -31563

Optimal solution found (tolerance 1.00e-04)
Best objective -3.156300000015e+04, best bound -3.156300000040e+04, gap 0.0000%

Gurobi 9.5.0 (linux64) logging started Fri Apr 29 21:03:14 2022

Set parameter LogFile to value "/local_workspace/chenrui/LogFiles/MKAP/new2S_R10_M10_N100_seed10_DWcutsCT3_600.log"
Gurobi Optimizer version 9.5.0 build v9.5.0rc5 (linux64)
Thread count: 56 physical cores, 56 logical processors, using up to 4 threads
Optimize a model with 892 rows, 1100 columns and 9531 nonzeros
Model fingerprint: 0x32976bb5
Variable types: 0 continuous, 1100 integer (1100 binary)
Coefficient statistics:
  Matrix range     [1e-13, 7e+03]
  Objective range  [7e+01, 1e+03]
  Bounds range     [1e+00, 1e+00]
  RHS range        [6e-14, 1e+00]
Warning: Model contains large matrix coefficient range
         Consider reformulating model or setting NumericFocus parameter
         to avoid numerical issues.
Found heuristic solution: objective 0.0000000
Presolve removed 31 rows and 156 columns
Presolve time: 0.03s
Presolved: 861 rows, 944 columns, 8607 nonzeros
Found heuristic solution: objective -6747.000000
Variable types: 0 continuous, 944 integer (944 binary)

Root relaxation: objective -3.156300e+04, 1845 iterations, 0.06 seconds (0.07 work units)

    Nodes    |    Current Node    |     Objective Bounds      |     Work
 Expl Unexpl |  Obj  Depth IntInf | Incumbent    BestBd   Gap | It/Node Time

*    0     0               0    -31563.00000 -31563.000  0.00%     -    0s

Explored 1 nodes (1845 simplex iterations) in 0.10 seconds (0.10 work units)
Thread count was 4 (of 56 available processors)

Solution count 3: -31563 -6747 0 
No other solutions better than -31563

Optimal solution found (tolerance 1.00e-04)
Best objective -3.156300000015e+04, best bound -3.156300000040e+04, gap 0.0000%
