
Gurobi 9.5.0 (linux64) logging started Thu Apr 14 22:08:21 2022

Set parameter LogFile to value "/local_workspace/chenrui/LogFiles/MKAP/new2S_R25_M15_N100_seed1_DWcutsT1_600.log"
Gurobi Optimizer version 9.5.0 build v9.5.0rc5 (linux64)
Thread count: 56 physical cores, 56 logical processors, using up to 4 threads
Optimize a model with 1240 rows, 1875 columns and 7342 nonzeros
Model fingerprint: 0xe4459489
Variable types: 0 continuous, 1875 integer (1875 binary)
Coefficient statistics:
  Matrix range     [1e-06, 4e+03]
  Objective range  [3e+01, 1e+03]
  Bounds range     [1e+00, 1e+00]
  RHS range        [2e-08, 1e+00]
Found heuristic solution: objective 0.0000000
Presolve removed 226 rows and 318 columns
Presolve time: 0.02s
Presolved: 1014 rows, 1557 columns, 5263 nonzeros
Found heuristic solution: objective -4503.000000
Variable types: 0 continuous, 1557 integer (1557 binary)

Root relaxation: objective -2.808400e+04, 2511 iterations, 0.04 seconds (0.03 work units)

    Nodes    |    Current Node    |     Objective Bounds      |     Work
 Expl Unexpl |  Obj  Depth IntInf | Incumbent    BestBd   Gap | It/Node Time

     0     0 -28084.003    0   25 -4503.0000 -28084.003   524%     -    0s
H    0     0                    -27976.00000 -28084.003  0.39%     -    0s
     0     0 -28084.003    0   27 -27976.000 -28084.003  0.39%     -    0s
     0     0 -28084.001    0    5 -27976.000 -28084.001  0.39%     -    0s
H    0     0                    -28084.00000 -28084.001  0.00%     -    0s
     0     0 -28084.001    0    5 -28084.000 -28084.001  0.00%     -    0s

Explored 1 nodes (3552 simplex iterations) in 0.13 seconds (0.09 work units)
Thread count was 4 (of 56 available processors)

Solution count 4: -28084 -27976 -4503 0 
No other solutions better than -28084

Optimal solution found (tolerance 1.00e-04)
Best objective -2.808400000000e+04, best bound -2.808400000000e+04, gap 0.0000%
