
Gurobi 9.5.0 (linux64) logging started Tue May  3 13:18:23 2022

Set parameter LogFile to value "/local_workspace/chenrui/LogFiles/MKAP/new2S_R5_M10_N50_seed6_DWcutsCT3_600.log"
Gurobi Optimizer version 9.5.0 build v9.5.0rc5 (linux64)
Thread count: 56 physical cores, 56 logical processors, using up to 4 threads
Optimize a model with 375 rows, 550 columns and 3879 nonzeros
Model fingerprint: 0xbadc3b8a
Variable types: 0 continuous, 550 integer (550 binary)
Coefficient statistics:
  Matrix range     [1e-13, 3e+03]
  Objective range  [1e+02, 1e+03]
  Bounds range     [1e+00, 1e+00]
  RHS range        [2e-16, 1e+00]
Warning: Model contains large matrix coefficient range
         Consider reformulating model or setting NumericFocus parameter
         to avoid numerical issues.
Found heuristic solution: objective 0.0000000
Presolve removed 39 rows and 135 columns
Presolve time: 0.01s
Presolved: 336 rows, 415 columns, 3239 nonzeros
Found heuristic solution: objective -6257.000000
Variable types: 0 continuous, 415 integer (415 binary)
Found heuristic solution: objective -6470.000000

Root relaxation: objective -1.624592e+04, 812 iterations, 0.02 seconds (0.02 work units)

    Nodes    |    Current Node    |     Objective Bounds      |     Work
 Expl Unexpl |  Obj  Depth IntInf | Incumbent    BestBd   Gap | It/Node Time

     0     0 -16245.917    0  108 -6470.0000 -16245.917   151%     -    0s
H    0     0                    -14119.00000 -16245.917  15.1%     -    0s
H    0     0                    -15342.00000 -16245.917  5.89%     -    0s
H    0     0                    -15826.00000 -16245.917  2.65%     -    0s
     0     0 -16245.830    0  114 -15826.000 -16245.830  2.65%     -    0s
     0     0 -16245.335    0  111 -15826.000 -16245.335  2.65%     -    0s
     0     0 -16245.162    0  121 -15826.000 -16245.162  2.65%     -    0s
H    0     0                    -15934.00000 -16245.076  1.95%     -    0s
     0     0 -16243.294    0  106 -15934.000 -16243.294  1.94%     -    0s
H    0     0                    -15967.00000 -16242.510  1.73%     -    0s
     0     0 -16241.069    0  103 -15967.000 -16241.069  1.72%     -    0s
     0     0 -16240.657    0  105 -15967.000 -16240.657  1.71%     -    0s
     0     0 -16239.227    0  106 -15967.000 -16239.227  1.70%     -    0s
     0     0 -16237.602    0  106 -15967.000 -16237.602  1.69%     -    0s
H    0     0                    -15982.00000 -16234.901  1.58%     -    0s
     0     0 -16234.901    0  106 -15982.000 -16234.901  1.58%     -    0s
     0     0 -16234.901    0  105 -15982.000 -16234.901  1.58%     -    0s
     0     2 -16234.901    0  105 -15982.000 -16234.901  1.58%     -    0s
H   35    39                    -16013.00000 -16234.901  1.39%  37.4    0s
H  398   273                    -16036.00000 -16234.901  1.24%  21.3    0s
* 1248   689              45    -16044.00000 -16224.605  1.13%  23.8    1s
H 1304   669                    -16082.00001 -16224.605  0.89%  24.3    1s
H 4391   847                    -16087.00000 -16168.343  0.51%  20.4    1s
* 5423   879              29    -16095.00000 -16153.433  0.36%  19.6    1s
* 5576   503              30    -16123.00000 -16151.310  0.18%  19.4    1s

Cutting planes:
  Cover: 6
  StrongCG: 1

Explored 6328 nodes (119128 simplex iterations) in 1.97 seconds (2.50 work units)
Thread count was 4 (of 56 available processors)

Solution count 10: -16123 -16095 -16087 ... -15934
No other solutions better than -16123

Optimal solution found (tolerance 1.00e-04)
Best objective -1.612299999996e+04, best bound -1.612299999996e+04, gap 0.0000%
