
Gurobi 9.5.0 (linux64) logging started Tue May  3 22:26:50 2022

Set parameter LogFile to value "/local_workspace/chenrui/LogFiles/MKAP/new2S_R25_M40_N100_seed6_DWcutsCT5_600.log"
Gurobi Optimizer version 9.5.0 build v9.5.0rc5 (linux64)
Thread count: 56 physical cores, 56 logical processors, using up to 4 threads
Optimize a model with 3071 rows, 5000 columns and 17152 nonzeros
Model fingerprint: 0x3e8e1e53
Variable types: 0 continuous, 5000 integer (5000 binary)
Coefficient statistics:
  Matrix range     [1e-13, 2e+03]
  Objective range  [2e+01, 1e+03]
  Bounds range     [1e+00, 1e+00]
  RHS range        [7e-15, 1e+00]
Warning: Model contains large matrix coefficient range
         Consider reformulating model or setting NumericFocus parameter
         to avoid numerical issues.
Found heuristic solution: objective 0.0000000
Presolve removed 1641 rows and 2002 columns
Presolve time: 0.04s
Presolved: 1430 rows, 2998 columns, 7440 nonzeros
Found heuristic solution: objective -27197.00000
Variable types: 0 continuous, 2998 integer (2998 binary)

Root relaxation: objective -3.319050e+04, 2773 iterations, 0.03 seconds (0.03 work units)

    Nodes    |    Current Node    |     Objective Bounds      |     Work
 Expl Unexpl |  Obj  Depth IntInf | Incumbent    BestBd   Gap | It/Node Time

     0     0 -33190.500    0   27 -27197.000 -33190.500  22.0%     -    0s
H    0     0                    -33133.00000 -33190.500  0.17%     -    0s
H    0     0                    -33138.00000 -33190.500  0.16%     -    0s
     0     0 -33190.500    0   21 -33138.000 -33190.500  0.16%     -    0s
     0     0 -33190.500    0   10 -33138.000 -33190.500  0.16%     -    0s
H    0     0                    -33177.00000 -33190.500  0.04%     -    0s

Cutting planes:
  Zero half: 1

Explored 1 nodes (3189 simplex iterations) in 0.15 seconds (0.11 work units)
Thread count was 4 (of 56 available processors)

Solution count 6: -33177 -33138 -33133 ... 0

Optimal solution found (tolerance 1.00e-04)
Best objective -3.317699999992e+04, best bound -3.317900000000e+04, gap 0.0060%
