
Gurobi 9.5.0 (linux64) logging started Tue May  3 16:13:13 2022

Set parameter LogFile to value "/local_workspace/chenrui/LogFiles/MKAP/new2S_R25_M30_N200_seed7_DWcutsCT3_600.log"
Gurobi Optimizer version 9.5.0 build v9.5.0rc5 (linux64)
Thread count: 56 physical cores, 56 logical processors, using up to 4 threads
Optimize a model with 5401 rows, 6750 columns and 49816 nonzeros
Model fingerprint: 0x44d2795b
Variable types: 0 continuous, 6750 integer (6750 binary)
Coefficient statistics:
  Matrix range     [1e-13, 7e+03]
  Objective range  [5e+00, 1e+03]
  Bounds range     [1e+00, 1e+00]
  RHS range        [2e-16, 1e+00]
Warning: Model contains large matrix coefficient range
         Consider reformulating model or setting NumericFocus parameter
         to avoid numerical issues.
Found heuristic solution: objective 0.0000000
Presolve removed 618 rows and 1355 columns
Presolve time: 0.14s
Presolved: 4783 rows, 5395 columns, 39162 nonzeros
Found heuristic solution: objective -7496.000000
Variable types: 0 continuous, 5395 integer (5395 binary)
Found heuristic solution: objective -7564.000000

Root relaxation: objective -6.365266e+04, 11468 iterations, 0.94 seconds (0.88 work units)

    Nodes    |    Current Node    |     Objective Bounds      |     Work
 Expl Unexpl |  Obj  Depth IntInf | Incumbent    BestBd   Gap | It/Node Time

     0     0 -63652.663    0  200 -7564.0000 -63652.663   742%     -    1s
H    0     0                    -55478.00000 -63652.663  14.7%     -    1s
H    0     0                    -62999.00000 -63652.663  1.04%     -    1s
H    0     0                    -63132.00000 -63652.663  0.82%     -    1s
H    0     0                    -63395.00000 -63649.309  0.40%     -    1s
     0     0 -63649.309    0  266 -63395.000 -63649.309  0.40%     -    1s
H    0     0                    -63529.00000 -63649.156  0.19%     -    1s
     0     0 -63648.260    0  239 -63529.000 -63648.260  0.19%     -    1s
     0     0 -63648.207    0  239 -63529.000 -63648.207  0.19%     -    1s
     0     0 -63648.207    0  238 -63529.000 -63648.207  0.19%     -    3s
     0     0 -63648.207    0  184 -63529.000 -63648.207  0.19%     -    4s
     0     0 -63648.207    0  252 -63529.000 -63648.207  0.19%     -    4s
     0     0 -63648.207    0  215 -63529.000 -63648.207  0.19%     -    4s
     0     0 -63648.207    0  206 -63529.000 -63648.207  0.19%     -    4s
     0     0 -63648.207    0  206 -63529.000 -63648.207  0.19%     -    4s
     0     0 -63648.121    0  205 -63529.000 -63648.121  0.19%     -    5s
H    0     0                    -63549.00000 -63648.121  0.16%     -    6s
     0     0 -63648.121    0  169 -63549.000 -63648.121  0.16%     -    6s
     0     0 -63648.121    0  225 -63549.000 -63648.121  0.16%     -    6s
     0     0 -63648.121    0  210 -63549.000 -63648.121  0.16%     -    6s
     0     0 -63648.121    0  205 -63549.000 -63648.121  0.16%     -    6s
     0     0 -63648.121    0  205 -63549.000 -63648.121  0.16%     -    6s
     0     0 -63647.939    0  202 -63549.000 -63647.939  0.16%     -    7s
     0     2 -63644.874    0  191 -63549.000 -63644.874  0.15%     -    7s
*   27    22               7    -63618.00000 -63639.062  0.03%  93.3    9s

Cutting planes:
  Gomory: 1
  Cover: 14
  Clique: 22

Explored 59 nodes (30310 simplex iterations) in 9.19 seconds (8.00 work units)
Thread count was 4 (of 56 available processors)

Solution count 10: -63618 -63549 -63529 ... 0

Optimal solution found (tolerance 1.00e-04)
Best objective -6.361799999862e+04, best bound -6.362200000000e+04, gap 0.0063%
