
Gurobi 9.5.0 (linux64) logging started Tue May  3 13:12:24 2022

Set parameter LogFile to value "/local_workspace/chenrui/LogFiles/MKAP/new2S_R2_M20_N50_seed7_DWcutsCT1_600.log"
Gurobi Optimizer version 9.5.0 build v9.5.0rc5 (linux64)
Thread count: 56 physical cores, 56 logical processors, using up to 4 threads
Optimize a model with 186 rows, 1040 columns and 3890 nonzeros
Model fingerprint: 0x5fbc326c
Variable types: 0 continuous, 1040 integer (1040 binary)
Coefficient statistics:
  Matrix range     [1e-13, 1e+03]
  Objective range  [8e+01, 1e+03]
  Bounds range     [1e+00, 1e+00]
  RHS range        [6e-14, 1e+00]
Warning: Model contains large matrix coefficient range
         Consider reformulating model or setting NumericFocus parameter
         to avoid numerical issues.
Found heuristic solution: objective 0.0000000
Presolve removed 33 rows and 428 columns
Presolve time: 0.01s
Presolved: 153 rows, 612 columns, 2395 nonzeros
Variable types: 0 continuous, 612 integer (612 binary)
Found heuristic solution: objective -14111.00000

Root relaxation: objective -1.690621e+04, 587 iterations, 0.01 seconds (0.01 work units)

    Nodes    |    Current Node    |     Objective Bounds      |     Work
 Expl Unexpl |  Obj  Depth IntInf | Incumbent    BestBd   Gap | It/Node Time

     0     0 -16906.213    0   43 -14111.000 -16906.213  19.8%     -    0s
H    0     0                    -16206.00000 -16906.213  4.32%     -    0s
H    0     0                    -16311.00000 -16906.213  3.65%     -    0s
H    0     0                    -16430.00000 -16906.213  2.90%     -    0s
H    0     0                    -16480.00000 -16906.213  2.59%     -    0s
     0     0 -16906.213    0   45 -16480.000 -16906.213  2.59%     -    0s
H    0     0                    -16572.00000 -16906.213  2.02%     -    0s
H    0     0                    -16799.00000 -16906.213  0.64%     -    0s
     0     0 -16906.213    0   45 -16799.000 -16906.213  0.64%     -    0s
H    0     0                    -16808.00000 -16906.213  0.58%     -    0s
     0     0 -16906.213    0   53 -16808.000 -16906.213  0.58%     -    0s
     0     0 -16906.213    0   55 -16808.000 -16906.213  0.58%     -    0s
     0     0 -16906.213    0   49 -16808.000 -16906.213  0.58%     -    0s
H    0     0                    -16816.00000 -16906.213  0.54%     -    0s
     0     0 -16906.213    0   32 -16816.000 -16906.213  0.54%     -    0s
     0     0 -16906.213    0   42 -16816.000 -16906.213  0.54%     -    0s
     0     0 -16906.213    0   32 -16816.000 -16906.213  0.54%     -    0s
     0     0 -16906.213    0   47 -16816.000 -16906.213  0.54%     -    0s
     0     0 -16906.213    0   49 -16816.000 -16906.213  0.54%     -    0s
     0     0 -16906.213    0   36 -16816.000 -16906.213  0.54%     -    0s
     0     0 -16906.213    0   36 -16816.000 -16906.213  0.54%     -    0s
     0     2 -16906.213    0   36 -16816.000 -16906.213  0.54%     -    0s
H   33    40                    -16843.00000 -16905.224  0.37%  36.2    0s
H  106    96                    -16896.00000 -16905.224  0.05%  21.1    0s
*  405    85              15    -16898.00000 -16903.521  0.03%  16.2    0s

Cutting planes:
  Lift-and-project: 2
  Cover: 32
  Clique: 2
  MIR: 27
  StrongCG: 16
  Inf proof: 1
  RLT: 1

Explored 542 nodes (9130 simplex iterations) in 0.39 seconds (0.29 work units)
Thread count was 4 (of 56 available processors)

Solution count 10: -16898 -16896 -16843 ... -16311
No other solutions better than -16898

Optimal solution found (tolerance 1.00e-04)
Best objective -1.689800000000e+04, best bound -1.689800000000e+04, gap 0.0000%
