
Gurobi 9.5.0 (linux64) logging started Mon Apr 11 09:19:34 2022

Set parameter LogFile to value "/local_workspace/chenrui/LogFiles/MKAP/probT1_10e3_0U_R50_T002_M010_N0040_seed07_DWcutsT1_600.log"
Gurobi Optimizer version 9.5.0 build v9.5.0rc5 (linux64)
Thread count: 56 physical cores, 56 logical processors, using up to 4 threads
Optimize a model with 110 rows, 420 columns and 1678 nonzeros
Model fingerprint: 0x44d38892
Variable types: 0 continuous, 420 integer (420 binary)
Coefficient statistics:
  Matrix range     [4e-12, 1e+03]
  Objective range  [4e+01, 1e+03]
  Bounds range     [1e+00, 1e+00]
  RHS range        [2e-12, 1e+02]
Warning: Model contains large matrix coefficient range
         Consider reformulating model or setting NumericFocus parameter
         to avoid numerical issues.
Found heuristic solution: objective 0.0000000
Presolve removed 16 rows and 95 columns
Presolve time: 0.00s
Presolved: 94 rows, 325 columns, 1315 nonzeros
Variable types: 0 continuous, 325 integer (325 binary)
Found heuristic solution: objective -11353.00000

Root relaxation: objective -1.446483e+04, 440 iterations, 0.00 seconds (0.00 work units)

    Nodes    |    Current Node    |     Objective Bounds      |     Work
 Expl Unexpl |  Obj  Depth IntInf | Incumbent    BestBd   Gap | It/Node Time

     0     0 -14464.834    0   17 -11353.000 -14464.834  27.4%     -    0s
H    0     0                    -14070.00000 -14464.834  2.81%     -    0s
H    0     0                    -14129.00000 -14464.834  2.38%     -    0s
     0     0 -14464.834    0   40 -14129.000 -14464.834  2.38%     -    0s
     0     0 -14464.834    0   33 -14129.000 -14464.834  2.38%     -    0s
     0     0 -14464.834    0   36 -14129.000 -14464.834  2.38%     -    0s
     0     0 -14464.834    0   42 -14129.000 -14464.834  2.38%     -    0s
     0     0 -14464.834    0   44 -14129.000 -14464.834  2.38%     -    0s
     0     0 -14464.834    0   30 -14129.000 -14464.834  2.38%     -    0s
     0     2 -14464.834    0   26 -14129.000 -14464.834  2.38%     -    0s
H   88   178                    -14233.00000 -14464.834  1.63%  22.3    0s
* 4996  2153              57    -14245.00000 -14464.832  1.54%  12.0    0s
H12703  3425                    -14366.00000 -14464.832  0.69%  11.1    1s
H15871  3132                    -14421.00000 -14464.831  0.30%  11.5    1s

Cutting planes:
  Gomory: 8
  Cover: 20
  Clique: 4
  MIR: 44
  StrongCG: 23
  Flow cover: 15
  Zero half: 3
  RLT: 4

Explored 30587 nodes (568082 simplex iterations) in 4.64 seconds (5.09 work units)
Thread count was 4 (of 56 available processors)

Solution count 10: -14421 -14366 -14245 ... 0
No other solutions better than -14421

Optimal solution found (tolerance 1.00e-04)
Best objective -1.442100000000e+04, best bound -1.442100000000e+04, gap 0.0000%
