
Gurobi 9.5.0 (linux64) logging started Tue Apr 12 00:54:47 2022

Set parameter LogFile to value "/local_workspace/chenrui/LogFiles/MKAP/probT1_10e3_0U_R50_T002_M020_N0060_seed04_DWcutsT5_600.log"
Gurobi Optimizer version 9.5.0 build v9.5.0rc5 (linux64)
Thread count: 56 physical cores, 56 logical processors, using up to 4 threads
Optimize a model with 1300 rows, 1240 columns and 37263 nonzeros
Model fingerprint: 0xa9febcd3
Variable types: 0 continuous, 1240 integer (1240 binary)
Coefficient statistics:
  Matrix range     [1e-13, 1e+03]
  Objective range  [6e+01, 1e+03]
  Bounds range     [1e+00, 1e+00]
  RHS range        [6e-14, 1e+02]
Warning: Model contains large matrix coefficient range
         Consider reformulating model or setting NumericFocus parameter
         to avoid numerical issues.
Found heuristic solution: objective 0.0000000
Presolve removed 271 rows and 379 columns
Presolve time: 0.13s
Presolved: 1029 rows, 861 columns, 24738 nonzeros
Variable types: 0 continuous, 861 integer (861 binary)
Found heuristic solution: objective -21999.00000

Root relaxation: objective -2.442915e+04, 1442 iterations, 0.06 seconds (0.09 work units)

    Nodes    |    Current Node    |     Objective Bounds      |     Work
 Expl Unexpl |  Obj  Depth IntInf | Incumbent    BestBd   Gap | It/Node Time

     0     0 -24429.155    0  130 -21999.000 -24429.155  11.0%     -    0s
H    0     0                    -23553.00000 -24429.155  3.72%     -    0s
H    0     0                    -23815.00000 -24429.155  2.58%     -    0s
H    0     0                    -24082.00000 -24429.155  1.44%     -    0s
     0     0 -24421.487    0  132 -24082.000 -24421.487  1.41%     -    0s
H    0     0                    -24084.00000 -24421.487  1.40%     -    0s
     0     0 -24421.487    0   90 -24084.000 -24421.487  1.40%     -    0s
H    0     0                    -24125.00000 -24421.487  1.23%     -    0s
     0     0 -24421.487    0  129 -24125.000 -24421.487  1.23%     -    0s
     0     0 -24421.487    0  118 -24125.000 -24421.487  1.23%     -    0s
H    0     0                    -24173.00000 -24421.487  1.03%     -    0s
     0     0 -24421.487    0  112 -24173.000 -24421.487  1.03%     -    0s
     0     0 -24421.487    0  114 -24173.000 -24421.487  1.03%     -    0s
H    0     0                    -24237.00000 -24421.487  0.76%     -    0s
     0     0 -24421.487    0  108 -24237.000 -24421.487  0.76%     -    0s
     0     2 -24421.487    0  106 -24237.000 -24421.487  0.76%     -    1s
H 1010   837                    -24242.00000 -24421.452  0.74%  50.2    3s
H 1160   926                    -24244.00000 -24421.452  0.73%  50.1    4s
  1163   928 -24420.422    9   77 -24244.000 -24421.452  0.73%  50.0    5s
  1278  1009 -24417.309   26  113 -24244.000 -24420.907  0.73%  64.1   10s
H 1280   961                    -24312.00000 -24420.907  0.45%  64.3   10s
* 3291  1746              66    -24327.00000 -24419.159  0.38%  66.5   14s
H 3498  1194                    -24380.00000 -24419.159  0.16%  67.8   14s
  3501  1246     cutoff   35      -24380.000 -24419.086  0.16%  67.8   15s
  6531  3253 -24412.615   24  105 -24380.000 -24416.255  0.15%  76.4   20s
  9302  4671 -24389.566   34  114 -24380.000 -24414.087  0.14%  81.6   25s
 10351  4955 -24413.422   31   98 -24380.000 -24413.422  0.14%  82.9   30s
 11238  5281 -24401.040   88   82 -24380.000 -24413.422  0.14%  82.9   35s
 15170  6474 -24402.945   40   97 -24380.000 -24413.411  0.14%  82.7   40s
 19278  7227 -24396.772   44  154 -24380.000 -24410.280  0.12%  83.5   45s
 23569  7589 -24384.750   50   68 -24380.000 -24407.753  0.11%  84.9   50s
 27682  8478 -24404.123   41  100 -24380.000 -24405.767  0.11%  86.0   55s
 31192  9301 -24394.836   46  108 -24380.000 -24404.332  0.10%  86.9   61s
 31205  9313 -24404.332   41   97 -24380.000 -24404.332  0.10%  87.0   65s
 31287  9364 -24404.332   50  137 -24380.000 -24404.332  0.10%  87.2   70s
 33369 10124 -24404.332   50  145 -24380.000 -24404.332  0.10%  86.9   76s
 36103 10813 -24401.150   61  118 -24380.000 -24404.332  0.10%  86.9   80s
 40278 11410     cutoff   61      -24380.000 -24404.332  0.10%  87.9   85s
 44570 11267 -24386.869   69   61 -24380.000 -24404.332  0.10%  88.8   90s
 48818 10927 -24391.995   62   87 -24380.000 -24404.329  0.10%  89.4   95s
 53082 10385     cutoff   57      -24380.000 -24402.554  0.09%  90.2  100s
 56544  9728     cutoff   61      -24380.000 -24401.146  0.09%  91.2  105s
 60967  9381 -24395.048   54  136 -24380.000 -24399.595  0.08%  91.6  110s
 65428  9749 -24382.349   76   66 -24380.000 -24398.248  0.07%  92.0  115s
 69648  9989     cutoff   54      -24380.000 -24397.022  0.07%  92.2  120s
 74035  9950 -24385.620   57  111 -24380.000 -24395.733  0.06%  92.4  125s
 78164  9787     cutoff   59      -24380.000 -24394.562  0.06%  92.5  130s
 82496  9592     cutoff   64      -24380.000 -24393.440  0.06%  92.5  135s
 86847  9162     cutoff   64      -24380.000 -24392.369  0.05%  92.4  140s
 91510  8432     cutoff   58      -24380.000 -24391.238  0.05%  92.1  145s
 96768  7204 -24383.825   62   63 -24380.000 -24389.946  0.04%  91.8  150s
 101969  5598     cutoff   65      -24380.000 -24388.435  0.03%  91.1  155s
 107161  3014 -24385.767   65   77 -24380.000 -24386.549  0.03%  90.1  160s

Cutting planes:
  Cover: 158
  Clique: 2
  MIR: 302
  StrongCG: 141
  Flow cover: 31
  Inf proof: 1
  RLT: 1
  Relax-and-lift: 1

Explored 112444 nodes (9901961 simplex iterations) in 162.77 seconds (378.52 work units)
Thread count was 4 (of 56 available processors)

Solution count 10: -24380 -24327 -24312 ... -24084

Optimal solution found (tolerance 1.00e-04)
Best objective -2.438000000000e+04, best bound -2.438100000000e+04, gap 0.0041%

Gurobi 9.5.0 (linux64) logging started Tue Apr 12 14:14:35 2022

Set parameter LogFile to value "/local_workspace/chenrui/LogFiles/MKAP/probT1_10e3_0U_R50_T002_M020_N0060_seed04_DWcutsT5_600.log"
Gurobi Optimizer version 9.5.0 build v9.5.0rc5 (linux64)
Thread count: 56 physical cores, 56 logical processors, using up to 4 threads
Optimize a model with 1300 rows, 1240 columns and 37263 nonzeros
Model fingerprint: 0xa9febcd3
Variable types: 0 continuous, 1240 integer (1240 binary)
Coefficient statistics:
  Matrix range     [1e-13, 1e+03]
  Objective range  [6e+01, 1e+03]
  Bounds range     [1e+00, 1e+00]
  RHS range        [6e-14, 1e+02]
Warning: Model contains large matrix coefficient range
         Consider reformulating model or setting NumericFocus parameter
         to avoid numerical issues.
Found heuristic solution: objective 0.0000000
Presolve removed 271 rows and 379 columns
Presolve time: 0.13s
Presolved: 1029 rows, 861 columns, 24738 nonzeros
Variable types: 0 continuous, 861 integer (861 binary)
Found heuristic solution: objective -21999.00000

Root relaxation: objective -2.442915e+04, 1442 iterations, 0.06 seconds (0.09 work units)

    Nodes    |    Current Node    |     Objective Bounds      |     Work
 Expl Unexpl |  Obj  Depth IntInf | Incumbent    BestBd   Gap | It/Node Time

     0     0 -24429.155    0  130 -21999.000 -24429.155  11.0%     -    0s
H    0     0                    -23553.00000 -24429.155  3.72%     -    0s
H    0     0                    -23815.00000 -24429.155  2.58%     -    0s
H    0     0                    -24082.00000 -24429.155  1.44%     -    0s
     0     0 -24421.487    0  132 -24082.000 -24421.487  1.41%     -    0s
H    0     0                    -24084.00000 -24421.487  1.40%     -    0s
     0     0 -24421.487    0   90 -24084.000 -24421.487  1.40%     -    0s
H    0     0                    -24125.00000 -24421.487  1.23%     -    0s
     0     0 -24421.487    0  129 -24125.000 -24421.487  1.23%     -    0s
     0     0 -24421.487    0  118 -24125.000 -24421.487  1.23%     -    0s
H    0     0                    -24173.00000 -24421.487  1.03%     -    0s
     0     0 -24421.487    0  112 -24173.000 -24421.487  1.03%     -    0s
     0     0 -24421.487    0  114 -24173.000 -24421.487  1.03%     -    0s
H    0     0                    -24237.00000 -24421.487  0.76%     -    0s
     0     0 -24421.487    0  108 -24237.000 -24421.487  0.76%     -    0s
     0     2 -24421.487    0  106 -24237.000 -24421.487  0.76%     -    1s
H 1010   837                    -24242.00000 -24421.452  0.74%  50.2    3s
H 1160   926                    -24244.00000 -24421.452  0.73%  50.1    4s
  1163   928 -24420.422    9   77 -24244.000 -24421.452  0.73%  50.0    5s
  1278  1009 -24417.309   26  113 -24244.000 -24420.907  0.73%  64.1   10s
H 1280   961                    -24312.00000 -24420.907  0.45%  64.3   10s
* 3291  1746              66    -24327.00000 -24419.159  0.38%  66.5   14s
H 3498  1194                    -24380.00000 -24419.159  0.16%  67.8   14s
  3501  1246     cutoff   35      -24380.000 -24419.086  0.16%  67.8   15s
  6531  3253 -24412.615   24  105 -24380.000 -24416.255  0.15%  76.4   20s
  9302  4671 -24389.566   34  114 -24380.000 -24414.087  0.14%  81.6   25s
 10347  4953 -24413.422   30   97 -24380.000 -24413.422  0.14%  82.8   30s
 11238  5281 -24401.040   88   82 -24380.000 -24413.422  0.14%  82.9   35s
 15170  6474 -24402.945   40   97 -24380.000 -24413.411  0.14%  82.7   40s
 19278  7227 -24396.772   44  154 -24380.000 -24410.280  0.12%  83.5   45s
 23569  7589 -24384.750   50   68 -24380.000 -24407.753  0.11%  84.9   50s
 27682  8478 -24404.123   41  100 -24380.000 -24405.767  0.11%  86.0   55s
 31192  9301 -24394.836   46  108 -24380.000 -24404.332  0.10%  86.9   61s
 31205  9313 -24404.332   41   97 -24380.000 -24404.332  0.10%  87.0   65s
 31287  9364 -24404.332   50  137 -24380.000 -24404.332  0.10%  87.2   70s
 33141 10051 -24402.123   57  139 -24380.000 -24404.332  0.10%  86.9   75s
 36103 10813 -24401.150   61  118 -24380.000 -24404.332  0.10%  86.9   80s
 40278 11410     cutoff   61      -24380.000 -24404.332  0.10%  87.9   85s
 43887 11281 -24388.483   61   81 -24380.000 -24404.332  0.10%  88.8   90s
 48818 10927 -24391.995   62   87 -24380.000 -24404.329  0.10%  89.4   95s
 53082 10385     cutoff   57      -24380.000 -24402.554  0.09%  90.2  100s
 56544  9728     cutoff   61      -24380.000 -24401.146  0.09%  91.2  105s
 60967  9381 -24395.048   54  136 -24380.000 -24399.595  0.08%  91.6  110s
 64826  9683 -24384.024   55   96 -24380.000 -24398.426  0.08%  92.0  115s
 69016  9948 -24388.392   55  126 -24380.000 -24397.209  0.07%  92.2  120s
 73334  9993 -24393.640   73   59 -24380.000 -24395.981  0.07%  92.4  125s
 78031  9809 -24388.569   63  123 -24380.000 -24394.572  0.06%  92.5  130s
 82496  9592     cutoff   64      -24380.000 -24393.440  0.06%  92.5  135s
 86847  9162     cutoff   64      -24380.000 -24392.369  0.05%  92.4  140s
 91510  8432     cutoff   58      -24380.000 -24391.238  0.05%  92.1  145s
 96081  7396 -24382.436   58  121 -24380.000 -24390.146  0.04%  91.9  150s
 101083  5874 -24385.019   62   59 -24380.000 -24388.697  0.04%  91.3  155s
 107161  3014 -24385.767   65   77 -24380.000 -24386.549  0.03%  90.1  160s

Cutting planes:
  Cover: 158
  Clique: 2
  MIR: 302
  StrongCG: 141
  Flow cover: 31
  Inf proof: 1
  RLT: 1
  Relax-and-lift: 1

Explored 112444 nodes (9901961 simplex iterations) in 163.05 seconds (378.52 work units)
Thread count was 4 (of 56 available processors)

Solution count 10: -24380 -24327 -24312 ... -24084

Optimal solution found (tolerance 1.00e-04)
Best objective -2.438000000000e+04, best bound -2.438100000000e+04, gap 0.0041%
