
Gurobi 9.5.0 (linux64) logging started Mon Apr 11 23:17:22 2022

Set parameter LogFile to value "/local_workspace/chenrui/LogFiles/MKAP/probT1_10e3_2S_R50_T002_M020_N0060_seed09_original_600.log"
Gurobi Optimizer version 9.5.0 build v9.5.0rc5 (linux64)
Thread count: 56 physical cores, 56 logical processors, using up to 4 threads
Optimize a model with 120 rows, 1240 columns and 2480 nonzeros
Model fingerprint: 0x70aef26d
Variable types: 0 continuous, 1240 integer (1240 binary)
Coefficient statistics:
  Matrix range     [1e+00, 1e+03]
  Objective range  [2e+02, 1e+03]
  Bounds range     [1e+00, 1e+00]
  RHS range        [1e+00, 1e+00]
Found heuristic solution: objective 0.0000000
Presolve removed 20 rows and 386 columns
Presolve time: 0.01s
Presolved: 100 rows, 854 columns, 1708 nonzeros
Variable types: 0 continuous, 854 integer (854 binary)
Found heuristic solution: objective -20909.00000

Root relaxation: objective -2.379911e+04, 263 iterations, 0.00 seconds (0.00 work units)

    Nodes    |    Current Node    |     Objective Bounds      |     Work
 Expl Unexpl |  Obj  Depth IntInf | Incumbent    BestBd   Gap | It/Node Time

     0     0 -23799.111    0   46 -20909.000 -23799.111  13.8%     -    0s
H    0     0                    -21224.00000 -23799.111  12.1%     -    0s
H    0     0                    -21510.00000 -23799.111  10.6%     -    0s
H    0     0                    -21694.00000 -23799.111  9.70%     -    0s
H    0     0                    -22101.00000 -23780.788  7.60%     -    0s
     0     0 -23780.788    0   82 -22101.000 -23780.788  7.60%     -    0s
     0     0 -23778.761    0   76 -22101.000 -23778.761  7.59%     -    0s
     0     0 -23778.621    0   77 -22101.000 -23778.621  7.59%     -    0s
     0     0 -23778.621    0   76 -22101.000 -23778.621  7.59%     -    0s
H    0     0                    -22212.00000 -23758.630  6.96%     -    0s
H    0     0                    -22379.00000 -23758.630  6.16%     -    0s
     0     0 -23758.630    0   68 -22379.000 -23758.630  6.16%     -    0s
     0     0 -23757.316    0   80 -22379.000 -23757.316  6.16%     -    0s
     0     0 -23756.571    0   66 -22379.000 -23756.571  6.16%     -    0s
     0     0 -23756.321    0   68 -22379.000 -23756.321  6.15%     -    0s
     0     0 -23756.294    0   69 -22379.000 -23756.294  6.15%     -    0s
H    0     0                    -22653.00000 -23741.617  4.81%     -    0s
     0     0 -23741.617    0   85 -22653.000 -23741.617  4.81%     -    0s
H    0     0                    -22725.00000 -23741.617  4.47%     -    0s
     0     0 -23741.446    0   87 -22725.000 -23741.446  4.47%     -    0s
     0     0 -23741.446    0   78 -22725.000 -23741.446  4.47%     -    0s
H    0     0                    -22880.00000 -23733.290  3.73%     -    0s
H    0     0                    -23007.00000 -23733.290  3.16%     -    0s
H    0     0                    -23072.00000 -23733.290  2.87%     -    0s
     0     0 -23733.290    0  100 -23072.000 -23733.290  2.87%     -    0s
H    0     0                    -23111.00000 -23733.290  2.69%     -    0s
     0     0 -23732.295    0   81 -23111.000 -23732.295  2.69%     -    0s
     0     0 -23732.168    0   87 -23111.000 -23732.168  2.69%     -    0s
     0     0 -23732.168    0   84 -23111.000 -23732.168  2.69%     -    0s
     0     0 -23728.758    0   86 -23111.000 -23728.758  2.67%     -    0s
     0     0 -23728.723    0  101 -23111.000 -23728.723  2.67%     -    0s
     0     0 -23728.300    0  107 -23111.000 -23728.300  2.67%     -    0s
     0     0 -23728.300    0   89 -23111.000 -23728.300  2.67%     -    0s
     0     2 -23728.300    0   82 -23111.000 -23728.300  2.67%     -    0s
H   31    49                    -23343.00000 -23727.961  1.65%  82.0    0s
H  108   185                    -23354.00000 -23727.961  1.60%  47.5    0s
H  124   185                    -23370.00000 -23727.961  1.53%  45.4    0s
H  274   364                    -23377.00000 -23727.961  1.50%  31.8    0s
H  397   437                    -23397.00000 -23727.961  1.41%  26.8    0s
H  467   485                    -23402.00000 -23727.961  1.39%  26.3    0s
H  472   483                    -23404.00000 -23727.961  1.38%  26.1    0s
H  490   480                    -23417.00000 -23727.961  1.33%  26.3    0s
H  496   480                    -23420.00000 -23727.961  1.31%  27.1    0s
H  528   543                    -23427.00000 -23727.961  1.28%  26.2    0s
H 1174   958                    -23600.00000 -23658.751  0.25%  25.0    1s
H 1217   937                    -23639.00000 -23653.706  0.06%  24.1    2s
  2177  1129 -23641.520   55  120 -23639.000 -23646.742  0.03%  47.9    5s

Cutting planes:
  Gomory: 8
  Cover: 29
  Clique: 5
  MIR: 116
  StrongCG: 78
  Flow cover: 33
  Zero half: 4

Explored 4743 nodes (257982 simplex iterations) in 6.70 seconds (8.27 work units)
Thread count was 4 (of 56 available processors)

Solution count 10: -23639 -23600 -23427 ... -23370

Optimal solution found (tolerance 1.00e-04)
Best objective -2.363900000000e+04, best bound -2.364100000000e+04, gap 0.0085%
