
Gurobi 9.5.0 (linux64) logging started Sun Apr 10 21:16:32 2022

Set parameter LogFile to value "/local_workspace/chenrui/LogFiles/MKAP/probT1_10e3_2S_R50_T005_M010_N0060_seed05_DWcutsT2_600.log"
Gurobi Optimizer version 9.5.0 build v9.5.0rc5 (linux64)
Thread count: 56 physical cores, 56 logical processors, using up to 4 threads
Optimize a model with 318 rows, 650 columns and 3782 nonzeros
Model fingerprint: 0xc2ca8942
Variable types: 0 continuous, 650 integer (650 binary)
Coefficient statistics:
  Matrix range     [1e-13, 6e+03]
  Objective range  [2e+02, 1e+03]
  Bounds range     [1e+00, 1e+00]
  RHS range        [1e-13, 1e+02]
Warning: Model contains large matrix coefficient range
         Consider reformulating model or setting NumericFocus parameter
         to avoid numerical issues.
Found heuristic solution: objective 0.0000000
Presolve removed 48 rows and 161 columns
Presolve time: 0.01s
Presolved: 270 rows, 489 columns, 2659 nonzeros
Found heuristic solution: objective -8468.000000
Variable types: 0 continuous, 489 integer (489 binary)

Root relaxation: objective -2.308062e+04, 1095 iterations, 0.02 seconds (0.02 work units)

    Nodes    |    Current Node    |     Objective Bounds      |     Work
 Expl Unexpl |  Obj  Depth IntInf | Incumbent    BestBd   Gap | It/Node Time

     0     0 -23080.615    0   58 -8468.0000 -23080.615   173%     -    0s
H    0     0                    -20424.00000 -23080.615  13.0%     -    0s
H    0     0                    -21365.00000 -23080.615  8.03%     -    0s
H    0     0                    -21560.00000 -23080.615  7.05%     -    0s
H    0     0                    -22038.00000 -23080.615  4.73%     -    0s
     0     0 -23080.615    0   75 -22038.000 -23080.615  4.73%     -    0s
H    0     0                    -22394.00000 -23080.615  3.07%     -    0s
     0     0 -23080.615    0   72 -22394.000 -23080.615  3.07%     -    0s
H    0     0                    -22748.00000 -23080.615  1.46%     -    0s
     0     0 -23080.615    0   79 -22748.000 -23080.615  1.46%     -    0s
     0     0 -23080.615    0   40 -22748.000 -23080.615  1.46%     -    0s
     0     0 -23080.615    0   54 -22748.000 -23080.615  1.46%     -    0s
     0     0 -23080.615    0   51 -22748.000 -23080.615  1.46%     -    0s
     0     2 -23080.615    0   51 -22748.000 -23080.615  1.46%     -    0s
H  146   172                    -22844.00000 -23080.615  1.04%  41.0    0s
H  300   257                    -22857.00000 -23080.615  0.98%  34.7    0s
H  466   343                    -22872.00000 -23080.581  0.91%  29.6    0s
H 2030   860                    -22887.00000 -23077.207  0.83%  27.8    2s
H 9359  3862                    -22912.00000 -23067.472  0.68%  21.7    3s
 21269  7995 -22947.816   44   51 -22912.000 -23054.056  0.62%  19.6    6s
 29192  8799 -23026.480   30  101 -22912.000 -23036.048  0.54%  20.5   10s
H42109  7507                    -22925.99845 -23020.515  0.41%  20.2   11s
*42110  7098              55    -22926.00000 -23020.515  0.41%  20.2   11s
 68099 10697     cutoff   38      -22926.000 -23001.303  0.33%  19.0   15s
 114508 12837 -22975.974   43   89 -22926.000 -22980.214  0.24%  17.6   20s
H153120  8702                    -22931.00000 -22962.050  0.14%  16.9   23s
 162842  5724     cutoff   53      -22931.000 -22954.822  0.10%  16.7   25s

Cutting planes:
  Cover: 44
  Clique: 40
  MIR: 22
  StrongCG: 14
  Flow cover: 18
  Zero half: 5
  RLT: 3

Explored 174592 nodes (2870110 simplex iterations) in 25.94 seconds (32.96 work units)
Thread count was 4 (of 56 available processors)

Solution count 10: -22931 -22926 -22912 ... -22038
No other solutions better than -22931

Optimal solution found (tolerance 1.00e-04)
Best objective -2.293100000000e+04, best bound -2.293100000000e+04, gap 0.0000%
