
Gurobi 9.5.0 (linux64) logging started Sun Apr 10 23:20:09 2022

Set parameter LogFile to value "/local_workspace/chenrui/LogFiles/MKAP/probT1_10e3_0U_R50_T002_M020_N0060_seed01_DWcuts_600.log"
Gurobi Optimizer version 9.5.0 build v9.5.0rc5 (linux64)
Thread count: 56 physical cores, 56 logical processors, using up to 4 threads
Optimize a model with 160 rows, 1240 columns and 3720 nonzeros
Model fingerprint: 0x79606835
Variable types: 0 continuous, 1240 integer (1240 binary)
Coefficient statistics:
  Matrix range     [2e-05, 2e+03]
  Objective range  [2e+01, 1e+03]
  Bounds range     [1e+00, 1e+00]
  RHS range        [3e-07, 2e+01]
Found heuristic solution: objective 0.0000000
Presolve removed 22 rows and 438 columns
Presolve time: 0.01s
Presolved: 138 rows, 802 columns, 2425 nonzeros
Variable types: 0 continuous, 802 integer (802 binary)
Found heuristic solution: objective -23228.00000

Root relaxation: objective -2.667133e+04, 1090 iterations, 0.01 seconds (0.01 work units)

    Nodes    |    Current Node    |     Objective Bounds      |     Work
 Expl Unexpl |  Obj  Depth IntInf | Incumbent    BestBd   Gap | It/Node Time

     0     0 -26671.330    0   60 -23228.000 -26671.330  14.8%     -    0s
H    0     0                    -24712.00000 -26671.330  7.93%     -    0s
H    0     0                    -24961.00000 -26671.330  6.85%     -    0s
H    0     0                    -25071.00000 -26671.330  6.38%     -    0s
H    0     0                    -25411.00000 -26671.330  4.96%     -    0s
H    0     0                    -25846.00000 -26671.330  3.19%     -    0s
     0     0 -26671.330    0   76 -25846.000 -26671.330  3.19%     -    0s
     0     0 -26671.330    0   79 -25846.000 -26671.330  3.19%     -    0s
     0     0 -26671.330    0   79 -25846.000 -26671.330  3.19%     -    0s
H    0     0                    -26274.00000 -26671.330  1.51%     -    0s
H    0     0                    -26365.00000 -26671.330  1.16%     -    0s
     0     2 -26671.330    0   79 -26365.000 -26671.330  1.16%     -    0s
H   42    52                    -26432.00000 -26671.330  0.91%  65.5    0s
H  555   602                    -26433.00000 -26671.330  0.90%  39.0    0s
H  926   962                    -26483.00000 -26671.330  0.71%  36.0    0s
H 1524  1142                    -26500.00000 -26671.330  0.65%  33.1    1s
H 1533  1097                    -26502.00010 -26671.330  0.64%  33.2    1s
 20092 13268 -26630.778   48   48 -26502.000 -26671.330  0.64%  26.9    5s
 42195 23255 -26637.822   83   28 -26502.000 -26671.330  0.64%  21.5   10s
 75327 34388 -26660.152   58   68 -26502.000 -26671.330  0.64%  21.6   15s
 107109 52947 -26667.093   65   58 -26502.000 -26671.303  0.64%  21.7   20s
H133128 40394                    -26593.00000 -26671.197  0.29%  22.4   24s
 134398 41275 -26661.269   50   41 -26593.000 -26671.181  0.29%  22.5   25s
 156683 48429 -26659.226   79   47 -26593.000 -26671.130  0.29%  22.7   30s
 183714 54100 -26660.780   76   39 -26593.000 -26671.130  0.29%  23.7   35s
 212545 60653 -26650.270   74   39 -26593.000 -26670.846  0.29%  24.2   40s
 238100 64678 -26657.658   84   43 -26593.000 -26670.378  0.29%  24.7   45s
 263582 67192 -26665.581   68   52 -26593.000 -26669.921  0.29%  25.9   50s
 293821 81160 -26640.415   84   32 -26593.000 -26669.493  0.29%  26.3   55s
 324088 95606 infeasible  104      -26593.000 -26669.275  0.29%  26.6   60s
 354803 110306 -26641.363   72   44 -26593.000 -26669.020  0.29%  26.7   65s
 379910 121668 infeasible   93      -26593.000 -26668.807  0.29%  26.9   70s
 407318 134030 -26656.165   68   42 -26593.000 -26668.500  0.28%  27.1   75s
 435617 146109     cutoff   85      -26593.000 -26668.184  0.28%  27.3   80s
 457157 152502 -26663.443   78   50 -26593.000 -26667.781  0.28%  27.8   85s
 475648 158004     cutoff   81      -26593.000 -26667.468  0.28%  28.2   90s
 497844 163474 -26660.218   63   46 -26593.000 -26667.030  0.28%  28.8   95s
 517217 167105 -26628.168   75   37 -26593.000 -26666.648  0.28%  29.6  100s
 536376 170677 -26629.307   72   45 -26593.000 -26666.373  0.28%  30.4  105s
 556059 173505     cutoff   74      -26593.000 -26665.906  0.27%  31.1  110s
 576304 176061     cutoff   72      -26593.000 -26665.407  0.27%  31.7  115s
 596756 178443 -26664.732   81   50 -26593.000 -26664.842  0.27%  32.2  120s
 616603 181003 -26663.492   69   32 -26593.000 -26664.413  0.27%  32.8  125s
 635850 182673 -26661.134   84   34 -26593.000 -26664.065  0.27%  33.3  130s
 655563 184502 -26660.051   61   35 -26593.000 -26663.667  0.27%  33.8  135s
 674366 185450 infeasible   80      -26593.000 -26663.311  0.26%  34.3  140s
 693185 186712 -26653.374   82   39 -26593.000 -26662.981  0.26%  34.8  145s
 712236 187535 -26656.414   72   49 -26593.000 -26662.686  0.26%  35.2  150s
 731494 188483 -26629.128   77   47 -26593.000 -26662.359  0.26%  35.5  155s
 750716 188829 -26661.940   78   58 -26593.000 -26661.954  0.26%  35.9  160s
 770635 189270 -26641.870   71   42 -26593.000 -26661.575  0.26%  36.2  165s
 790062 190753 -26648.116   78   46 -26593.000 -26661.269  0.26%  36.5  170s
 809534 191737 -26659.611   60   36 -26593.000 -26660.938  0.26%  36.8  175s
 830207 191855 -26639.248   61   48 -26593.000 -26660.556  0.25%  37.1  180s
 849930 191941 -26659.747   62   48 -26593.000 -26660.224  0.25%  37.4  185s
 869567 192133 -26657.993   79   56 -26593.000 -26659.835  0.25%  37.6  190s
 889545 192095 -26638.340   81   46 -26593.000 -26659.423  0.25%  37.8  195s
 910092 191876     cutoff   69      -26593.000 -26659.007  0.25%  38.1  200s
 929334 191600     cutoff   75      -26593.000 -26658.606  0.25%  38.3  205s
 949692 190646 -26654.412   65   44 -26593.000 -26658.210  0.25%  38.5  210s
 969676 189912 infeasible   65      -26593.000 -26657.821  0.24%  38.7  215s
 990493 188967 -26646.411   84   57 -26593.000 -26657.376  0.24%  38.8  220s
 1010909 187422 -26654.607   68   44 -26593.000 -26656.858  0.24%  39.0  225s
 1032259 185820 -26645.763   70   50 -26593.000 -26656.325  0.24%  39.1  230s
 1053312 184143 -26649.609   85   44 -26593.000 -26655.807  0.24%  39.2  235s
 1074770 182761     cutoff   59      -26593.000 -26655.299  0.23%  39.4  240s
 1095639 181444     cutoff   55      -26593.000 -26654.847  0.23%  39.5  245s
 1113471 179460 -26633.601   82   37 -26593.000 -26654.391  0.23%  39.5  250s
 1135033 177044 -26640.409   65   53 -26593.000 -26653.805  0.23%  39.6  255s
 1156675 174423 -26645.595   77   37 -26593.000 -26653.160  0.23%  39.7  260s
 1178324 172028 -26627.759   79   37 -26593.000 -26652.571  0.22%  39.8  265s
 1199457 169953     cutoff   77      -26593.000 -26652.127  0.22%  39.9  270s
 1221365 167068 -26614.635   91   31 -26593.000 -26651.579  0.22%  40.0  275s
 1243725 163462 -26643.224   83   36 -26593.000 -26650.920  0.22%  40.0  280s
 1265972 159781 -26639.772   80   50 -26593.000 -26650.237  0.22%  40.1  285s
 1288134 155944     cutoff   77      -26593.000 -26649.537  0.21%  40.1  290s
 1310742 151523 infeasible   88      -26593.000 -26648.788  0.21%  40.1  295s
 1333275 146988     cutoff  123      -26593.000 -26647.997  0.21%  40.2  300s
 1357095 141217     cutoff   71      -26593.000 -26647.082  0.20%  40.2  305s
 1377966 136428 -26630.110   87   40 -26593.000 -26646.231  0.20%  40.2  310s
 1401729 130252     cutoff   79      -26593.000 -26645.169  0.20%  40.2  315s
 1426346 123860     cutoff   90      -26593.000 -26643.998  0.19%  40.2  320s
 1450060 118510     cutoff   82      -26593.000 -26642.859  0.19%  40.2  325s
 1474670 112773 -26623.672  110   34 -26593.000 -26641.517  0.18%  40.1  330s
 1496376 106538 -26634.583   86   38 -26593.000 -26640.191  0.18%  40.1  335s
 1520848 98780     cutoff   69      -26593.000 -26638.381  0.17%  40.1  340s
 1546007 93053     cutoff   74      -26593.000 -26636.748  0.16%  40.1  345s
 1570355 86672 -26625.129   67   55 -26593.000 -26634.918  0.16%  40.1  350s
 1594129 80570 -26602.494   73   39 -26593.000 -26633.114  0.15%  40.0  355s
 1621171 77517 -26631.451   57   39 -26593.000 -26631.451  0.14%  39.9  360s
 1652317 74340     cutoff   89      -26593.000 -26629.924  0.14%  39.7  365s
 1680513 71464 -26612.636   75   38 -26593.000 -26628.494  0.13%  39.6  370s
 1711833 68007 -26605.007   83   40 -26593.000 -26626.855  0.13%  39.3  375s
 1743643 65077     cutoff   70      -26593.000 -26625.244  0.12%  39.1  380s
 1771168 61751 -26609.087   83   26 -26593.000 -26623.711  0.12%  38.9  385s
 1804629 58498 -26611.482   95   35 -26593.000 -26621.821  0.11%  38.7  390s
 1837907 54108     cutoff   73      -26593.000 -26619.712  0.10%  38.4  395s
 1871364 49230     cutoff   68      -26593.000 -26617.374  0.09%  38.2  400s
 1908898 43486 -26614.400   72   33 -26593.000 -26614.434  0.08%  37.9  405s
 1945288 38173 -26599.384   83   41 -26593.000 -26611.727  0.07%  37.6  410s
 1986186 32097 -26608.729   95   34 -26593.000 -26608.779  0.06%  37.2  415s
 2030530 25183 infeasible   83      -26593.000 -26605.583  0.05%  36.8  420s
 2076834 16494 -26601.223   87   24 -26593.000 -26602.002  0.03%  36.4  425s
 2118437  6547     cutoff   84      -26593.000 -26598.413  0.02%  36.0  430s

Cutting planes:
  Cover: 2
  MIR: 6
  StrongCG: 3
  Flow cover: 3
  Zero half: 1
  RLT: 2

Explored 2143391 nodes (76873755 simplex iterations) in 433.54 seconds (467.33 work units)
Thread count was 4 (of 56 available processors)

Solution count 10: -26593 -26502 -26500 ... -25411

Optimal solution found (tolerance 1.00e-04)
Best objective -2.659300000000e+04, best bound -2.659500000000e+04, gap 0.0075%
