
Gurobi 9.5.0 (linux64) logging started Tue Apr 12 01:46:04 2022

Set parameter LogFile to value "/local_workspace/chenrui/LogFiles/MKAP/probT1_10e3_0U_R50_T005_M010_N0040_seed10_DWcutsT5_600.log"
Gurobi Optimizer version 9.5.0 build v9.5.0rc5 (linux64)
Thread count: 56 physical cores, 56 logical processors, using up to 4 threads
Optimize a model with 1632 rows, 450 columns and 11200 nonzeros
Model fingerprint: 0xee013e5e
Variable types: 0 continuous, 450 integer (450 binary)
Coefficient statistics:
  Matrix range     [1e-13, 4e+03]
  Objective range  [7e+01, 1e+03]
  Bounds range     [1e+00, 1e+00]
  RHS range        [1e-13, 1e+02]
Warning: Model contains large matrix coefficient range
         Consider reformulating model or setting NumericFocus parameter
         to avoid numerical issues.
Found heuristic solution: objective 0.0000000
Presolve removed 951 rows and 57 columns
Presolve time: 0.04s
Presolved: 681 rows, 393 columns, 4926 nonzeros
Found heuristic solution: objective -5697.000000
Variable types: 0 continuous, 393 integer (393 binary)

Root relaxation: objective -1.730249e+04, 1340 iterations, 0.04 seconds (0.04 work units)

    Nodes    |    Current Node    |     Objective Bounds      |     Work
 Expl Unexpl |  Obj  Depth IntInf | Incumbent    BestBd   Gap | It/Node Time

     0     0 -17302.493    0   69 -5697.0000 -17302.493   204%     -    0s
H    0     0                    -16165.00000 -17302.493  7.04%     -    0s
H    0     0                    -16368.00000 -17302.493  5.71%     -    0s
H    0     0                    -16410.00000 -17266.547  5.22%     -    0s
     0     0 -17266.547    0  101 -16410.000 -17266.547  5.22%     -    0s
H    0     0                    -17024.00000 -17260.011  1.39%     -    0s
     0     0 -17260.011    0  103 -17024.000 -17260.011  1.39%     -    0s
     0     0 -17248.044    0  107 -17024.000 -17248.044  1.32%     -    0s
     0     0 -17246.459    0  107 -17024.000 -17246.459  1.31%     -    0s
     0     0 -17236.191    0  108 -17024.000 -17236.191  1.25%     -    0s
     0     0 -17236.191    0  108 -17024.000 -17236.191  1.25%     -    0s
     0     0 -17236.191    0   64 -17024.000 -17236.191  1.25%     -    0s
     0     0 -17236.191    0   96 -17024.000 -17236.191  1.25%     -    0s
     0     0 -17236.191    0   92 -17024.000 -17236.191  1.25%     -    0s
     0     0 -17236.191    0   91 -17024.000 -17236.191  1.25%     -    0s
     0     0 -17236.191    0   98 -17024.000 -17236.191  1.25%     -    0s
     0     0 -17236.191    0   99 -17024.000 -17236.191  1.25%     -    0s
     0     0 -17234.115    0   94 -17024.000 -17234.115  1.23%     -    0s
     0     0 -17232.903    0  100 -17024.000 -17232.903  1.23%     -    0s
     0     0 -17224.134    0  100 -17024.000 -17224.134  1.18%     -    0s
     0     2 -17224.134    0  100 -17024.000 -17224.134  1.18%     -    0s
*  732   190              13    -17066.00000 -17146.993  0.47%  27.6    0s
H  733   190                    -17078.00000 -17146.993  0.40%  27.5    0s

Cutting planes:
  Gomory: 19
  Cover: 13
  Clique: 4
  MIR: 4
  StrongCG: 1
  Zero half: 1
  Mod-K: 1

Explored 1129 nodes (30289 simplex iterations) in 0.82 seconds (0.89 work units)
Thread count was 4 (of 56 available processors)

Solution count 8: -17078 -17066 -17024 ... 0
No other solutions better than -17078

Optimal solution found (tolerance 1.00e-04)
Best objective -1.707800000000e+04, best bound -1.707800000000e+04, gap 0.0000%

Gurobi 9.5.0 (linux64) logging started Tue Apr 12 18:12:31 2022

Set parameter LogFile to value "/local_workspace/chenrui/LogFiles/MKAP/probT1_10e3_0U_R50_T005_M010_N0040_seed10_DWcutsT5_600.log"
Gurobi Optimizer version 9.5.0 build v9.5.0rc5 (linux64)
Thread count: 56 physical cores, 56 logical processors, using up to 4 threads
Optimize a model with 1632 rows, 450 columns and 11200 nonzeros
Model fingerprint: 0xee013e5e
Variable types: 0 continuous, 450 integer (450 binary)
Coefficient statistics:
  Matrix range     [1e-13, 4e+03]
  Objective range  [7e+01, 1e+03]
  Bounds range     [1e+00, 1e+00]
  RHS range        [1e-13, 1e+02]
Warning: Model contains large matrix coefficient range
         Consider reformulating model or setting NumericFocus parameter
         to avoid numerical issues.
Found heuristic solution: objective 0.0000000
Presolve removed 951 rows and 57 columns
Presolve time: 0.04s
Presolved: 681 rows, 393 columns, 4926 nonzeros
Found heuristic solution: objective -5697.000000
Variable types: 0 continuous, 393 integer (393 binary)

Root relaxation: objective -1.730249e+04, 1340 iterations, 0.04 seconds (0.04 work units)

    Nodes    |    Current Node    |     Objective Bounds      |     Work
 Expl Unexpl |  Obj  Depth IntInf | Incumbent    BestBd   Gap | It/Node Time

     0     0 -17302.493    0   69 -5697.0000 -17302.493   204%     -    0s
H    0     0                    -16165.00000 -17302.493  7.04%     -    0s
H    0     0                    -16368.00000 -17302.493  5.71%     -    0s
H    0     0                    -16410.00000 -17266.547  5.22%     -    0s
     0     0 -17266.547    0  101 -16410.000 -17266.547  5.22%     -    0s
H    0     0                    -17024.00000 -17260.011  1.39%     -    0s
     0     0 -17260.011    0  103 -17024.000 -17260.011  1.39%     -    0s
     0     0 -17248.044    0  107 -17024.000 -17248.044  1.32%     -    0s
     0     0 -17246.459    0  107 -17024.000 -17246.459  1.31%     -    0s
     0     0 -17236.191    0  108 -17024.000 -17236.191  1.25%     -    0s
     0     0 -17236.191    0  108 -17024.000 -17236.191  1.25%     -    0s
     0     0 -17236.191    0   64 -17024.000 -17236.191  1.25%     -    0s
     0     0 -17236.191    0   96 -17024.000 -17236.191  1.25%     -    0s
     0     0 -17236.191    0   92 -17024.000 -17236.191  1.25%     -    0s
     0     0 -17236.191    0   91 -17024.000 -17236.191  1.25%     -    0s
     0     0 -17236.191    0   98 -17024.000 -17236.191  1.25%     -    0s
     0     0 -17236.191    0   99 -17024.000 -17236.191  1.25%     -    0s
     0     0 -17234.115    0   94 -17024.000 -17234.115  1.23%     -    0s
     0     0 -17232.903    0  100 -17024.000 -17232.903  1.23%     -    0s
     0     0 -17224.134    0  100 -17024.000 -17224.134  1.18%     -    0s
     0     2 -17224.134    0  100 -17024.000 -17224.134  1.18%     -    0s
*  732   190              13    -17066.00000 -17146.993  0.47%  27.6    0s
H  733   190                    -17078.00000 -17146.993  0.40%  27.5    0s

Cutting planes:
  Gomory: 19
  Cover: 13
  Clique: 4
  MIR: 4
  StrongCG: 1
  Zero half: 1
  Mod-K: 1

Explored 1129 nodes (30289 simplex iterations) in 0.81 seconds (0.89 work units)
Thread count was 4 (of 56 available processors)

Solution count 8: -17078 -17066 -17024 ... 0
No other solutions better than -17078

Optimal solution found (tolerance 1.00e-04)
Best objective -1.707800000000e+04, best bound -1.707800000000e+04, gap 0.0000%
