
Gurobi 9.5.0 (linux64) logging started Mon Apr 11 01:25:10 2022

Set parameter LogFile to value "/local_workspace/chenrui/LogFiles/MKAP/probT1_10e3_1W_R50_T005_M020_N0060_seed05_DWcutsT2_600.log"
Gurobi Optimizer version 9.5.0 build v9.5.0rc5 (linux64)
Thread count: 56 physical cores, 56 logical processors, using up to 4 threads
Optimize a model with 580 rows, 1300 columns and 7524 nonzeros
Model fingerprint: 0x171f7804
Variable types: 0 continuous, 1300 integer (1300 binary)
Coefficient statistics:
  Matrix range     [1e-13, 2e+03]
  Objective range  [4e+01, 1e+03]
  Bounds range     [1e+00, 1e+00]
  RHS range        [1e-06, 2e+01]
Warning: Model contains large matrix coefficient range
         Consider reformulating model or setting NumericFocus parameter
         to avoid numerical issues.
Found heuristic solution: objective 0.0000000
Presolve removed 124 rows and 375 columns
Presolve time: 0.03s
Presolved: 456 rows, 925 columns, 4783 nonzeros
Found heuristic solution: objective -6773.000000
Variable types: 0 continuous, 925 integer (925 binary)

Root relaxation: objective -1.839421e+04, 1544 iterations, 0.03 seconds (0.03 work units)

    Nodes    |    Current Node    |     Objective Bounds      |     Work
 Expl Unexpl |  Obj  Depth IntInf | Incumbent    BestBd   Gap | It/Node Time

     0     0 -18394.213    0   71 -6773.0000 -18394.213   172%     -    0s
H    0     0                    -17889.00000 -18394.213  2.82%     -    0s
H    0     0                    -17898.00000 -18394.213  2.77%     -    0s
H    0     0                    -18004.00000 -18394.213  2.17%     -    0s
     0     0 -18394.213    0  108 -18004.000 -18394.213  2.17%     -    0s
     0     0 -18394.213    0  113 -18004.000 -18394.213  2.17%     -    0s
     0     0 -18394.211    0  114 -18004.000 -18394.211  2.17%     -    0s
     0     0 -18394.211    0  109 -18004.000 -18394.211  2.17%     -    0s
     0     0 -18394.211    0   95 -18004.000 -18394.211  2.17%     -    0s
     0     0 -18394.211    0   95 -18004.000 -18394.211  2.17%     -    0s
     0     2 -18394.211    0   95 -18004.000 -18394.211  2.17%     -    0s
H   31    38                    -18166.00000 -18394.135  1.26%  69.7    0s
H   67    69                    -18167.00000 -18394.135  1.25%  48.7    0s
H   98   103                    -18169.00000 -18394.135  1.24%  41.4    0s
H  207   208                    -18213.00001 -18394.135  0.99%  38.1    0s
H  351   321                    -18249.00000 -18394.134  0.80%  35.7    0s
H  688   222                    -18387.00000 -18392.683  0.03%  35.9    1s

Cutting planes:
  Cover: 67
  Clique: 11
  MIR: 6
  StrongCG: 5
  Mod-K: 1
  RLT: 1

Explored 838 nodes (28318 simplex iterations) in 1.13 seconds (1.29 work units)
Thread count was 4 (of 56 available processors)

Solution count 10: -18387 -18249 -18213 ... -6773
No other solutions better than -18387

Optimal solution found (tolerance 1.00e-04)
Best objective -1.838700000000e+04, best bound -1.838700000000e+04, gap 0.0000%
