
Gurobi 9.5.0 (linux64) logging started Mon Apr 11 20:24:09 2022

Set parameter LogFile to value "/local_workspace/chenrui/LogFiles/MKAP/probT1_10e3_0U_R50_T005_M010_N0060_seed09_DWcutsT2_600.log"
Gurobi Optimizer version 9.5.0 build v9.5.0rc5 (linux64)
Thread count: 56 physical cores, 56 logical processors, using up to 4 threads
Optimize a model with 316 rows, 650 columns and 3764 nonzeros
Model fingerprint: 0x3c4c1a3f
Variable types: 0 continuous, 650 integer (650 binary)
Coefficient statistics:
  Matrix range     [1e-13, 4e+03]
  Objective range  [6e+01, 1e+03]
  Bounds range     [1e+00, 1e+00]
  RHS range        [7e-12, 1e+02]
Warning: Model contains large matrix coefficient range
         Consider reformulating model or setting NumericFocus parameter
         to avoid numerical issues.
Found heuristic solution: objective 0.0000000
Presolve removed 28 rows and 103 columns
Presolve time: 0.01s
Presolved: 288 rows, 547 columns, 2946 nonzeros
Variable types: 0 continuous, 547 integer (547 binary)
Found heuristic solution: objective -7327.000000

Root relaxation: objective -2.434420e+04, 1249 iterations, 0.03 seconds (0.02 work units)

    Nodes    |    Current Node    |     Objective Bounds      |     Work
 Expl Unexpl |  Obj  Depth IntInf | Incumbent    BestBd   Gap | It/Node Time

     0     0 -24344.202    0   93 -7327.0000 -24344.202   232%     -    0s
H    0     0                    -21878.00000 -24344.202  11.3%     -    0s
H    0     0                    -22730.00000 -24344.202  7.10%     -    0s
     0     0 -24344.202    0  101 -22730.000 -24344.202  7.10%     -    0s
H    0     0                    -22990.00000 -24344.202  5.89%     -    0s
H    0     0                    -23062.00000 -24344.202  5.56%     -    0s
     0     0 -24344.202    0   98 -23062.000 -24344.202  5.56%     -    0s
H    0     0                    -23067.00000 -24344.202  5.54%     -    0s
     0     0 -24344.202    0  100 -23067.000 -24344.202  5.54%     -    0s
H    0     0                    -23251.00000 -24344.202  4.70%     -    0s
     0     0 -24344.202    0   97 -23251.000 -24344.202  4.70%     -    0s
     0     0 -24344.202    0  113 -23251.000 -24344.202  4.70%     -    0s
     0     0 -24344.202    0  113 -23251.000 -24344.202  4.70%     -    0s
H    0     0                    -23405.00000 -24344.202  4.01%     -    0s
     0     2 -24344.202    0  113 -23405.000 -24344.202  4.01%     -    0s
H   31    40                    -23664.00000 -24344.202  2.87%   108    0s
H   37    40                    -23723.00000 -24344.202  2.62%  94.3    0s
H   75    88                    -23784.00000 -24344.202  2.36%  56.1    0s
H  230   175                    -23907.00000 -24344.202  1.83%  34.7    0s
H  326   217                    -23910.00000 -24344.202  1.82%  32.5    0s
H  353   215                    -23971.00000 -24344.202  1.56%  31.3    0s
*  961   535              25    -24011.00001 -24335.165  1.35%  25.8    0s
H 1098   575                    -24032.00000 -24333.867  1.26%  29.2    1s
* 5114  2006              66    -24079.00000 -24333.867  1.06%  22.8    1s
H 9278  3578                    -24083.00000 -24327.301  1.01%  21.6    2s
*11383  3775              35    -24095.00001 -24325.479  0.96%  22.2    3s
H16923  3971                    -24119.00000 -24325.269  0.86%  21.4    4s
 19765  4073 -24280.579   37   69 -24119.000 -24319.297  0.83%  21.3    5s
 31170  6379 -24294.277   34  178 -24119.000 -24294.277  0.73%  20.4   10s
H31314  6085                    -24141.00000 -24285.341  0.60%  20.6   11s

Cutting planes:
  Gomory: 2
  Cover: 51
  Clique: 51
  MIR: 71
  StrongCG: 34
  Flow cover: 28
  GUB cover: 1
  Zero half: 6
  RLT: 1

Explored 34427 nodes (737995 simplex iterations) in 12.90 seconds (15.86 work units)
Thread count was 4 (of 56 available processors)

Solution count 10: -24141 -24119 -24095 ... -23907
No other solutions better than -24141

Optimal solution found (tolerance 1.00e-04)
Best objective -2.414100000000e+04, best bound -2.414100000000e+04, gap 0.0000%
