
Gurobi 9.5.0 (linux64) logging started Tue Apr 12 01:46:36 2022

Set parameter LogFile to value "/local_workspace/chenrui/LogFiles/MKAP/probT1_10e3_1W_R50_T005_M010_N0040_seed10_DWcutsT1_600.log"
Gurobi Optimizer version 9.5.0 build v9.5.0rc5 (linux64)
Thread count: 56 physical cores, 56 logical processors, using up to 4 threads
Optimize a model with 200 rows, 450 columns and 1782 nonzeros
Model fingerprint: 0x08258001
Variable types: 0 continuous, 450 integer (450 binary)
Coefficient statistics:
  Matrix range     [3e-13, 2e+03]
  Objective range  [2e+02, 9e+02]
  Bounds range     [1e+00, 1e+00]
  RHS range        [3e-13, 1e+00]
Warning: Model contains large matrix coefficient range
         Consider reformulating model or setting NumericFocus parameter
         to avoid numerical issues.
Found heuristic solution: objective 0.0000000
Presolve removed 21 rows and 55 columns
Presolve time: 0.01s
Presolved: 179 rows, 395 columns, 1489 nonzeros
Variable types: 0 continuous, 395 integer (395 binary)
Found heuristic solution: objective -4255.000000

Root relaxation: objective -1.260903e+04, 708 iterations, 0.01 seconds (0.01 work units)

    Nodes    |    Current Node    |     Objective Bounds      |     Work
 Expl Unexpl |  Obj  Depth IntInf | Incumbent    BestBd   Gap | It/Node Time

     0     0 -12609.026    0   47 -4255.0000 -12609.026   196%     -    0s
H    0     0                    -11794.00000 -12609.026  6.91%     -    0s
H    0     0                    -12096.00000 -12609.026  4.24%     -    0s
     0     0 -12609.026    0   69 -12096.000 -12609.026  4.24%     -    0s
     0     0 -12609.026    0   62 -12096.000 -12609.026  4.24%     -    0s
H    0     0                    -12214.00000 -12608.050  3.23%     -    0s
     0     0 -12608.050    0   38 -12214.000 -12608.050  3.23%     -    0s
     0     0 -12607.271    0   72 -12214.000 -12607.271  3.22%     -    0s
     0     0 -12606.772    0   54 -12214.000 -12606.772  3.22%     -    0s
     0     0 -12606.348    0   61 -12214.000 -12606.348  3.21%     -    0s
     0     0 -12605.434    0   77 -12214.000 -12605.434  3.20%     -    0s
     0     0 -12605.434    0   69 -12214.000 -12605.434  3.20%     -    0s
     0     2 -12605.434    0   65 -12214.000 -12605.434  3.20%     -    0s
H   21    24                    -12452.00000 -12605.434  1.23%  77.5    0s
H  116   110                    -12459.00000 -12605.434  1.18%  32.8    0s

Cutting planes:
  Gomory: 7
  Cover: 111
  Clique: 53
  MIR: 19
  StrongCG: 10
  GUB cover: 2
  Inf proof: 1
  RLT: 5

Explored 7552 nodes (152339 simplex iterations) in 1.47 seconds (1.72 work units)
Thread count was 4 (of 56 available processors)

Solution count 7: -12459 -12452 -12214 ... 0
No other solutions better than -12459

Optimal solution found (tolerance 1.00e-04)
Best objective -1.245900000000e+04, best bound -1.245900000000e+04, gap 0.0000%

Gurobi 9.5.0 (linux64) logging started Tue Apr 12 18:12:40 2022

Set parameter LogFile to value "/local_workspace/chenrui/LogFiles/MKAP/probT1_10e3_1W_R50_T005_M010_N0040_seed10_DWcutsT1_600.log"
Gurobi Optimizer version 9.5.0 build v9.5.0rc5 (linux64)
Thread count: 56 physical cores, 56 logical processors, using up to 4 threads
Optimize a model with 200 rows, 450 columns and 1782 nonzeros
Model fingerprint: 0x08258001
Variable types: 0 continuous, 450 integer (450 binary)
Coefficient statistics:
  Matrix range     [3e-13, 2e+03]
  Objective range  [2e+02, 9e+02]
  Bounds range     [1e+00, 1e+00]
  RHS range        [3e-13, 1e+00]
Warning: Model contains large matrix coefficient range
         Consider reformulating model or setting NumericFocus parameter
         to avoid numerical issues.
Found heuristic solution: objective 0.0000000
Presolve removed 21 rows and 55 columns
Presolve time: 0.01s
Presolved: 179 rows, 395 columns, 1489 nonzeros
Variable types: 0 continuous, 395 integer (395 binary)
Found heuristic solution: objective -4255.000000

Root relaxation: objective -1.260903e+04, 708 iterations, 0.01 seconds (0.01 work units)

    Nodes    |    Current Node    |     Objective Bounds      |     Work
 Expl Unexpl |  Obj  Depth IntInf | Incumbent    BestBd   Gap | It/Node Time

     0     0 -12609.026    0   47 -4255.0000 -12609.026   196%     -    0s
H    0     0                    -11794.00000 -12609.026  6.91%     -    0s
H    0     0                    -12096.00000 -12609.026  4.24%     -    0s
     0     0 -12609.026    0   69 -12096.000 -12609.026  4.24%     -    0s
     0     0 -12609.026    0   62 -12096.000 -12609.026  4.24%     -    0s
H    0     0                    -12214.00000 -12608.050  3.23%     -    0s
     0     0 -12608.050    0   38 -12214.000 -12608.050  3.23%     -    0s
     0     0 -12607.271    0   72 -12214.000 -12607.271  3.22%     -    0s
     0     0 -12606.772    0   54 -12214.000 -12606.772  3.22%     -    0s
     0     0 -12606.348    0   61 -12214.000 -12606.348  3.21%     -    0s
     0     0 -12605.434    0   77 -12214.000 -12605.434  3.20%     -    0s
     0     0 -12605.434    0   69 -12214.000 -12605.434  3.20%     -    0s
     0     2 -12605.434    0   65 -12214.000 -12605.434  3.20%     -    0s
H   21    24                    -12452.00000 -12605.434  1.23%  77.5    0s
H  116   110                    -12459.00000 -12605.434  1.18%  32.8    0s

Cutting planes:
  Gomory: 7
  Cover: 111
  Clique: 53
  MIR: 19
  StrongCG: 10
  GUB cover: 2
  Inf proof: 1
  RLT: 5

Explored 7552 nodes (152339 simplex iterations) in 1.49 seconds (1.72 work units)
Thread count was 4 (of 56 available processors)

Solution count 7: -12459 -12452 -12214 ... 0
No other solutions better than -12459

Optimal solution found (tolerance 1.00e-04)
Best objective -1.245900000000e+04, best bound -1.245900000000e+04, gap 0.0000%
