
Gurobi 9.5.0 (linux64) logging started Sun Apr 10 17:22:39 2022

Set parameter LogFile to value "/local_workspace/chenrui/LogFiles/MKAP/probT1_10e3_1W_R50_T002_M010_N0020_seed05_DWcutsT4_600.log"
Gurobi Optimizer version 9.5.0 build v9.5.0rc5 (linux64)
Thread count: 56 physical cores, 56 logical processors, using up to 4 threads
Optimize a model with 363 rows, 220 columns and 2938 nonzeros
Model fingerprint: 0xb5789130
Variable types: 0 continuous, 220 integer (220 binary)
Coefficient statistics:
  Matrix range     [1e-13, 2e+03]
  Objective range  [4e+01, 8e+02]
  Bounds range     [1e+00, 1e+00]
  RHS range        [4e-10, 2e+02]
Warning: Model contains large matrix coefficient range
         Consider reformulating model or setting NumericFocus parameter
         to avoid numerical issues.
Found heuristic solution: objective 0.0000000
Presolve removed 278 rows and 121 columns
Presolve time: 0.01s
Presolved: 85 rows, 99 columns, 560 nonzeros
Found heuristic solution: objective -4065.000000
Variable types: 0 continuous, 99 integer (99 binary)

Root relaxation: objective -5.688000e+03, 129 iterations, 0.00 seconds (0.00 work units)

    Nodes    |    Current Node    |     Objective Bounds      |     Work
 Expl Unexpl |  Obj  Depth IntInf | Incumbent    BestBd   Gap | It/Node Time

     0     0 -5688.0000    0    9 -4065.0000 -5688.0000  39.9%     -    0s
H    0     0                    -5266.000000 -5688.0000  8.01%     -    0s
H    0     0                    -5450.000000 -5688.0000  4.37%     -    0s
H    0     0                    -5688.000000 -5688.0000  0.00%     -    0s

Cutting planes:
  Gomory: 2
  Cover: 2
  Clique: 5
  MIR: 1
  Mod-K: 4

Explored 1 nodes (139 simplex iterations) in 0.02 seconds (0.01 work units)
Thread count was 4 (of 56 available processors)

Solution count 5: -5688 -5450 -5266 ... 0
No other solutions better than -5688

Optimal solution found (tolerance 1.00e-04)
Best objective -5.688000000000e+03, best bound -5.688000000000e+03, gap 0.0000%
