
Gurobi 9.5.0 (linux64) logging started Mon Apr 11 03:26:34 2022

Set parameter LogFile to value "/local_workspace/chenrui/LogFiles/MKAP/probT1_10e3_1W_R50_T002_M010_N0020_seed02_DWcutsT2_600.log"
Gurobi Optimizer version 9.5.0 build v9.5.0rc5 (linux64)
Thread count: 56 physical cores, 56 logical processors, using up to 4 threads
Optimize a model with 130 rows, 220 columns and 1215 nonzeros
Model fingerprint: 0xdf71348a
Variable types: 0 continuous, 220 integer (220 binary)
Coefficient statistics:
  Matrix range     [3e-09, 1e+03]
  Objective range  [1e+02, 9e+02]
  Bounds range     [1e+00, 1e+00]
  RHS range        [9e-04, 2e+02]
Found heuristic solution: objective 0.0000000
Presolve removed 75 rows and 121 columns
Presolve time: 0.00s
Presolved: 55 rows, 99 columns, 392 nonzeros
Found heuristic solution: objective -4807.000000
Variable types: 0 continuous, 99 integer (99 binary)

Root relaxation: objective -5.626000e+03, 82 iterations, 0.00 seconds (0.00 work units)

    Nodes    |    Current Node    |     Objective Bounds      |     Work
 Expl Unexpl |  Obj  Depth IntInf | Incumbent    BestBd   Gap | It/Node Time

*    0     0               0    -5626.000000 -5626.0000  0.00%     -    0s

Explored 1 nodes (82 simplex iterations) in 0.01 seconds (0.00 work units)
Thread count was 4 (of 56 available processors)

Solution count 3: -5626 -4807 0 
No other solutions better than -5626

Optimal solution found (tolerance 1.00e-04)
Best objective -5.626000000000e+03, best bound -5.626000000000e+03, gap 0.0000%
