
Gurobi 9.5.0 (linux64) logging started Mon Apr 11 21:13:42 2022

Set parameter LogFile to value "/local_workspace/chenrui/LogFiles/MKAP/probT1_10e3_2S_R50_T005_M010_N0060_seed09_DWcutsT4_600.log"
Gurobi Optimizer version 9.5.0 build v9.5.0rc5 (linux64)
Thread count: 56 physical cores, 56 logical processors, using up to 4 threads
Optimize a model with 918 rows, 650 columns and 10958 nonzeros
Model fingerprint: 0xd2ffeb30
Variable types: 0 continuous, 650 integer (650 binary)
Coefficient statistics:
  Matrix range     [1e-13, 4e+03]
  Objective range  [2e+02, 1e+03]
  Bounds range     [1e+00, 1e+00]
  RHS range        [5e-09, 1e+00]
Warning: Model contains large matrix coefficient range
         Consider reformulating model or setting NumericFocus parameter
         to avoid numerical issues.
Found heuristic solution: objective 0.0000000
Presolve removed 144 rows and 60 columns
Presolve time: 0.05s
Presolved: 774 rows, 590 columns, 8936 nonzeros
Variable types: 0 continuous, 590 integer (590 binary)
Found heuristic solution: objective -10441.00000

Root relaxation: objective -2.373892e+04, 2176 iterations, 0.09 seconds (0.11 work units)

    Nodes    |    Current Node    |     Objective Bounds      |     Work
 Expl Unexpl |  Obj  Depth IntInf | Incumbent    BestBd   Gap | It/Node Time

     0     0 -23738.921    0  181 -10441.000 -23738.921   127%     -    0s
H    0     0                    -22547.00000 -23738.921  5.29%     -    0s
H    0     0                    -22818.00000 -23738.921  4.04%     -    0s
H    0     0                    -22826.00000 -23738.921  4.00%     -    0s
     0     0 -23727.697    0  159 -22826.000 -23727.697  3.95%     -    0s
     0     0 -23725.807    0  170 -22826.000 -23725.807  3.94%     -    0s
H    0     0                    -22866.00000 -23725.807  3.76%     -    0s
     0     0 -23722.604    0  177 -22866.000 -23722.604  3.75%     -    0s
     0     0 -23721.684    0  184 -22866.000 -23721.684  3.74%     -    0s
H    0     0                    -23056.00000 -23721.684  2.89%     -    0s
H    0     0                    -23078.00000 -23721.446  2.79%     -    0s
     0     0 -23721.446    0  184 -23078.000 -23721.446  2.79%     -    0s
     0     0 -23721.229    0  185 -23078.000 -23721.229  2.79%     -    0s
     0     0 -23721.229    0  187 -23078.000 -23721.229  2.79%     -    0s
     0     0 -23720.958    0  169 -23078.000 -23720.958  2.79%     -    0s
     0     0 -23720.951    0  168 -23078.000 -23720.951  2.79%     -    0s
     0     0 -23720.934    0  178 -23078.000 -23720.934  2.79%     -    0s
     0     0 -23720.934    0  178 -23078.000 -23720.934  2.79%     -    0s
H    0     0                    -23194.00000 -23720.934  2.27%     -    0s
     0     0 -23720.934    0  179 -23194.000 -23720.934  2.27%     -    0s
     0     0 -23720.934    0  179 -23194.000 -23720.934  2.27%     -    0s
H    0     0                    -23195.00000 -23720.934  2.27%     -    0s
     0     2 -23720.934    0  179 -23195.000 -23720.934  2.27%     -    0s
H   35    37                    -23235.00000 -23720.820  2.09%  94.1    0s
H  199   166                    -23306.00000 -23720.372  1.78%  44.2    1s
H 1202   782                    -23314.00000 -23716.266  1.73%  42.7    4s
  1229   802 -23576.027   38   26 -23314.000 -23716.266  1.73%  42.7    5s
H 6335  3141                    -23434.00000 -23696.763  1.12%  43.1    8s
H 7635  3561                    -23478.00000 -23692.421  0.91%  43.0    9s
H 8095  3569                    -23499.00000 -23688.978  0.81%  44.0    9s
  8139  3689     cutoff   25      -23499.000 -23688.823  0.81%  43.9   10s
 15452  7128 -23596.913   23   47 -23499.000 -23662.566  0.70%  49.0   15s
H20925  9087                    -23500.00000 -23652.135  0.65%  51.7   25s
 20964  9117 -23652.135   23  206 -23500.000 -23652.135  0.65%  51.9   30s
 23540  9895 -23621.092   31  143 -23500.000 -23643.251  0.61%  52.9   35s
H24705  9420                    -23521.00000 -23636.932  0.49%  53.3   35s
 29398  9999     cutoff   47      -23521.000 -23619.685  0.42%  55.3   40s
 36107  9910 -23531.329   43  146 -23521.000 -23606.285  0.36%  56.8   45s
 42621  9313 -23572.055   41   87 -23521.000 -23597.805  0.33%  57.1   50s
 50229  9136     cutoff   44      -23521.000 -23589.600  0.29%  57.3   55s
 58030 10343 -23545.754   51  103 -23521.000 -23583.123  0.26%  57.4   60s
 66007 11105     cutoff   48      -23521.000 -23577.459  0.24%  57.5   65s
 74475 11635 -23560.115   47   90 -23521.000 -23572.522  0.22%  56.9   70s
 82735 11911     cutoff   37      -23521.000 -23567.976  0.20%  56.6   75s
 92036 11730     cutoff   39      -23521.000 -23563.263  0.18%  55.9   80s
 101131 11367     cutoff   49      -23521.000 -23559.094  0.16%  55.1   85s
 110673 10599     cutoff   50      -23521.000 -23554.828  0.14%  54.3   90s
 120708  9192     cutoff   45      -23521.000 -23549.953  0.12%  53.5   95s
 131548  6981 -23531.329   29   93 -23521.000 -23544.139  0.10%  52.3  100s
 143711  2808     cutoff   49      -23521.000 -23535.362  0.06%  50.7  105s

Cutting planes:
  Cover: 138
  Clique: 6
  MIR: 352
  StrongCG: 190
  Flow cover: 63
  GUB cover: 13
  Zero half: 45
  RLT: 2

Explored 149445 nodes (7416294 simplex iterations) in 106.54 seconds (202.33 work units)
Thread count was 4 (of 56 available processors)

Solution count 10: -23521 -23500 -23499 ... -23194
No other solutions better than -23521

Optimal solution found (tolerance 1.00e-04)
Best objective -2.352100000000e+04, best bound -2.352100000000e+04, gap 0.0000%
