
Gurobi 9.5.0 (linux64) logging started Mon Apr 11 06:57:49 2022

Set parameter LogFile to value "/local_workspace/chenrui/LogFiles/MKAP/probT1_10e3_1W_R50_T002_M020_N0060_seed06_DWcutsT3_600.log"
Gurobi Optimizer version 9.5.0 build v9.5.0rc5 (linux64)
Thread count: 56 physical cores, 56 logical processors, using up to 4 threads
Optimize a model with 414 rows, 1240 columns and 11347 nonzeros
Model fingerprint: 0x80b01812
Variable types: 0 continuous, 1240 integer (1240 binary)
Coefficient statistics:
  Matrix range     [1e-13, 1e+03]
  Objective range  [1e+02, 9e+02]
  Bounds range     [1e+00, 1e+00]
  RHS range        [1e-12, 2e+02]
Warning: Model contains large matrix coefficient range
         Consider reformulating model or setting NumericFocus parameter
         to avoid numerical issues.
Found heuristic solution: objective 0.0000000
Presolve removed 59 rows and 407 columns
Presolve time: 0.04s
Presolved: 355 rows, 833 columns, 7434 nonzeros
Variable types: 0 continuous, 833 integer (833 binary)
Found heuristic solution: objective -16616.00000

Root relaxation: objective -1.968590e+04, 1737 iterations, 0.04 seconds (0.04 work units)

    Nodes    |    Current Node    |     Objective Bounds      |     Work
 Expl Unexpl |  Obj  Depth IntInf | Incumbent    BestBd   Gap | It/Node Time

     0     0 -19685.901    0   51 -16616.000 -19685.901  18.5%     -    0s
H    0     0                    -19346.00000 -19685.901  1.76%     -    0s
H    0     0                    -19527.00000 -19685.901  0.81%     -    0s
     0     0 -19685.901    0   46 -19527.000 -19685.901  0.81%     -    0s
     0     0 -19685.901    0   49 -19527.000 -19685.901  0.81%     -    0s
     0     0 -19685.901    0   41 -19527.000 -19685.901  0.81%     -    0s
     0     0 -19685.901    0   77 -19527.000 -19685.901  0.81%     -    0s
     0     0 -19685.901    0   24 -19527.000 -19685.901  0.81%     -    0s
     0     0 -19685.901    0   57 -19527.000 -19685.901  0.81%     -    0s
     0     0 -19685.901    0   81 -19527.000 -19685.901  0.81%     -    0s
     0     0 -19685.901    0   57 -19527.000 -19685.901  0.81%     -    0s
     0     0 -19685.901    0   18 -19527.000 -19685.901  0.81%     -    0s
     0     0 -19685.901    0   36 -19527.000 -19685.901  0.81%     -    0s
     0     0 -19685.901    0   54 -19527.000 -19685.901  0.81%     -    0s
     0     0 -19685.901    0   54 -19527.000 -19685.901  0.81%     -    0s
     0     2 -19685.901    0   53 -19527.000 -19685.901  0.81%     -    0s
H  492   475                    -19581.00005 -19685.901  0.54%  45.5    1s
  2848  1688 -19672.787   94   63 -19581.000 -19685.901  0.54%  39.2    5s
 13995  9676 -19665.404   40   71 -19581.000 -19685.864  0.54%  32.5   10s
 21123 14267 -19631.151   64   54 -19581.000 -19685.759  0.54%  32.5   17s
H21133 13560                    -19626.00000 -19685.759  0.30%  32.4   19s
 21135 13564 -19685.756   27   77 -19626.000 -19685.756  0.30%  32.6   20s
 23004 14380 -19666.235   71   80 -19626.000 -19685.600  0.30%  34.5   25s
 31640 17713 -19670.547   62   88 -19626.000 -19683.883  0.29%  36.7   30s
 42000 20602 -19665.402   37   74 -19626.000 -19683.240  0.29%  38.2   35s
 52502 23258 -19642.245   56   55 -19626.000 -19682.913  0.29%  39.3   40s
 65542 27243     cutoff   67      -19626.000 -19682.467  0.29%  39.9   45s
 78511 34085     cutoff   52      -19626.000 -19682.008  0.29%  40.5   50s
 91207 40373 -19654.379   47   80 -19626.000 -19681.622  0.28%  41.0   55s
 104094 46703 -19674.595   57   66 -19626.000 -19681.266  0.28%  41.3   60s
 116277 52730 -19677.085   51   67 -19626.000 -19680.973  0.28%  41.6   65s
 126340 59287 -19637.435   52   83 -19626.000 -19680.739  0.28%  41.7   70s
 141328 65005 -19634.992   52   58 -19626.000 -19680.405  0.28%  41.7   75s
 153941 70860 -19677.595   66   73 -19626.000 -19680.144  0.28%  41.7   80s
 166085 76435 -19630.102   54   67 -19626.000 -19679.934  0.27%  41.9   85s
 180712 83182 -19647.679   74   86 -19626.000 -19679.665  0.27%  41.8   90s
 195342 89763 -19642.103   66   59 -19626.000 -19679.402  0.27%  41.7   95s
 210167 97040     cutoff   61      -19626.000 -19679.140  0.27%  41.6  100s
 223837 102818 -19658.580   70   65 -19626.000 -19678.901  0.27%  41.6  105s
 239178 109713 -19648.913   72   42 -19626.000 -19678.649  0.27%  41.5  110s
 253748 115903 -19664.690   60   61 -19626.000 -19678.437  0.27%  41.4  115s
 268963 122362 -19650.587   74   73 -19626.000 -19678.209  0.27%  41.3  120s
 283321 128360     cutoff   59      -19626.000 -19677.999  0.26%  41.3  125s
 297335 134245 -19662.231   50   76 -19626.000 -19677.796  0.26%  41.2  130s
 311180 139863 -19674.288   54   79 -19626.000 -19677.640  0.26%  41.2  135s
 322438 144407 -19644.352   43   56 -19626.000 -19677.474  0.26%  41.2  140s
 332914 148518 -19641.533   68   73 -19626.000 -19677.336  0.26%  41.2  145s
 343379 152979 -19655.971   58   79 -19626.000 -19677.200  0.26%  41.2  150s
 353326 156778 -19667.220   51   89 -19626.000 -19677.073  0.26%  41.1  155s
 363413 160853 -19672.967   55   56 -19626.000 -19676.953  0.26%  41.1  160s
 373683 164994 -19653.405   60   64 -19626.000 -19676.828  0.26%  41.1  165s
 383639 169237 -19639.562   56   56 -19626.000 -19676.710  0.26%  41.0  170s
 394128 173398 -19638.766   51   70 -19626.000 -19676.585  0.26%  41.0  175s
 403913 177210 -19664.548   52   84 -19626.000 -19676.465  0.26%  41.0  180s
 414110 181219     cutoff   73      -19626.000 -19676.349  0.26%  40.9  185s
 424193 185142 -19646.293   55   74 -19626.000 -19676.224  0.26%  40.9  190s
 433663 188733 -19652.143   69   30 -19626.000 -19676.110  0.26%  40.9  195s
 444506 193368 -19652.850   53   73 -19626.000 -19676.021  0.25%  40.9  200s
 453361 196245 -19643.783   62   97 -19626.000 -19675.940  0.25%  41.0  205s
 463800 200236     cutoff   54      -19626.000 -19675.832  0.25%  41.0  210s
 472935 203537 -19634.851   49   73 -19626.000 -19675.737  0.25%  41.0  215s
 483453 207360 -19630.867   67   50 -19626.000 -19675.621  0.25%  41.0  220s
 492416 210746 -19662.714   59   86 -19626.000 -19675.524  0.25%  41.0  225s
 502304 214175 -19630.492   54   70 -19626.000 -19675.421  0.25%  41.0  230s
 512572 218038 -19629.538   52   49 -19626.000 -19675.317  0.25%  41.0  235s
 522241 221740 -19643.445   56   80 -19626.000 -19675.219  0.25%  41.0  240s
 532484 225520 -19643.853   53   90 -19626.000 -19675.119  0.25%  41.0  245s
 542244 229043 -19639.341   64   90 -19626.000 -19675.027  0.25%  40.9  250s
 552638 232930 infeasible   73      -19626.000 -19674.925  0.25%  40.9  255s
 562844 236531 -19634.168   48   83 -19626.000 -19674.829  0.25%  40.9  260s
 573574 240514 -19658.759   49   66 -19626.000 -19674.723  0.25%  40.9  265s
 583281 244044 -19642.270   68   74 -19626.000 -19674.628  0.25%  40.9  270s
 593288 247662 -19650.488   64   91 -19626.000 -19674.534  0.25%  40.9  275s
 603264 251197 -19664.859   54   77 -19626.000 -19674.433  0.25%  40.9  280s
 613880 254984 infeasible   72      -19626.000 -19674.330  0.25%  40.8  285s
 623044 258037 -19659.049   51   61 -19626.000 -19674.236  0.25%  40.8  290s
H624072 256963                    -19628.00000 -19674.227  0.24%  40.8  290s
 636861 261200 -19631.488   53   74 -19628.000 -19674.103  0.23%  40.8  295s
 651362 265702 -19652.766   55   88 -19628.000 -19673.967  0.23%  40.8  300s
 666057 270348 -19641.047   55   60 -19628.000 -19673.828  0.23%  40.8  305s
 678467 274048 -19636.806   59   53 -19628.000 -19673.717  0.23%  40.8  310s
 692571 278284 -19668.121   40   88 -19628.000 -19673.592  0.23%  40.8  315s
 706672 282958 -19646.755   60   88 -19628.000 -19673.464  0.23%  40.8  320s
 721262 287696     cutoff   55      -19628.000 -19673.342  0.23%  40.7  325s
 735415 292067 -19635.068   62   90 -19628.000 -19673.205  0.23%  40.7  330s
 749574 296417 -19658.147   55   50 -19628.000 -19673.070  0.23%  40.7  335s
 764310 300942 -19662.974   68   81 -19628.000 -19672.946  0.23%  40.7  340s
 778526 305598 -19641.759   56   74 -19628.000 -19672.838  0.23%  40.7  345s
 793122 310172 -19661.652   52   58 -19628.000 -19672.722  0.23%  40.7  350s
 807128 314321     cutoff   62      -19628.000 -19672.613  0.23%  40.6  355s
 820327 318236 -19645.131   54   67 -19628.000 -19672.509  0.23%  40.6  360s
 834425 322614 -19633.185   67   86 -19628.000 -19672.401  0.23%  40.6  365s
 849307 327087 -19667.994   48   77 -19628.000 -19672.300  0.23%  40.6  370s
 862798 331030 -19665.327   58   58 -19628.000 -19672.199  0.23%  40.6  375s
 877876 335747 -19631.844   74   77 -19628.000 -19672.086  0.22%  40.6  380s
 891294 339731 -19646.417   48   62 -19628.000 -19671.993  0.22%  40.6  385s
 906032 344203 -19662.440   60   92 -19628.000 -19671.892  0.22%  40.5  390s
 920117 348277     cutoff   50      -19628.000 -19671.794  0.22%  40.5  395s
 934834 352438 -19637.533   56   69 -19628.000 -19671.691  0.22%  40.5  400s
 948303 356284     cutoff   66      -19628.000 -19671.590  0.22%  40.5  405s
 961803 360291 -19663.366   54   62 -19628.000 -19671.502  0.22%  40.5  410s
 976756 364317 -19654.555   72   66 -19628.000 -19671.398  0.22%  40.5  415s
 990180 368112 -19664.989   50  100 -19628.000 -19671.326  0.22%  40.5  420s
 1005319 372389     cutoff   61      -19628.000 -19671.223  0.22%  40.5  425s
 1019838 376428 -19656.445   50   71 -19628.000 -19671.122  0.22%  40.4  430s
 1034025 380430 -19656.321   63   79 -19628.000 -19671.033  0.22%  40.4  435s
 1048310 384203 -19666.375   47   91 -19628.000 -19670.934  0.22%  40.4  440s
 1061940 388051 -19649.564   51   71 -19628.000 -19670.846  0.22%  40.4  445s
 1076502 391866 -19635.902   72   72 -19628.000 -19670.744  0.22%  40.4  450s
 1091551 395417 -19659.985   51   49 -19628.000 -19670.633  0.22%  40.4  455s
 1102647 398540 -19634.853   51   75 -19628.000 -19670.568  0.22%  40.4  460s
 1117628 402239 -19635.127   73   49 -19628.000 -19670.471  0.22%  40.3  465s
 1132663 406000 -19668.948   51   53 -19628.000 -19670.374  0.22%  40.3  470s
 1144561 409449 -19632.063   68   59 -19628.000 -19670.328  0.22%  40.4  475s
 1158658 412745 -19658.398   57   85 -19628.000 -19670.230  0.22%  40.4  480s
 1172520 416200 -19668.356   37   81 -19628.000 -19670.144  0.21%  40.4  485s
 1187625 419574     cutoff   67      -19628.000 -19670.043  0.21%  40.4  490s
 1200341 422182 -19634.068   58   89 -19628.000 -19669.957  0.21%  40.4  495s
 1215166 425736 -19632.630   59   80 -19628.000 -19669.865  0.21%  40.4  500s
 1229268 429029 -19663.751   45   74 -19628.000 -19669.774  0.21%  40.4  505s
 1243577 432251 -19653.651   60   62 -19628.000 -19669.682  0.21%  40.4  510s
 1258095 435442 -19635.024   49   76 -19628.000 -19669.582  0.21%  40.4  515s
 1271624 438535     cutoff   67      -19628.000 -19669.492  0.21%  40.3  520s
 1281240 440536 -19658.274   47   80 -19628.000 -19669.432  0.21%  40.4  525s
 1291529 442832     cutoff   52      -19628.000 -19669.367  0.21%  40.3  530s
 1301189 445002 -19666.318   55   67 -19628.000 -19669.314  0.21%  40.4  535s
 1311329 447098     cutoff   74      -19628.000 -19669.249  0.21%  40.4  540s
 1321145 449152     cutoff   50      -19628.000 -19669.184  0.21%  40.4  545s
 1331293 451171     cutoff   75      -19628.000 -19669.123  0.21%  40.4  550s
 1341470 453330 -19654.970   51   84 -19628.000 -19669.060  0.21%  40.3  555s
 1351867 455476 -19663.146   49   34 -19628.000 -19668.995  0.21%  40.3  560s
 1361601 457864     cutoff   62      -19628.000 -19668.937  0.21%  40.3  565s
 1372541 460322     cutoff   73      -19628.000 -19668.873  0.21%  40.3  570s
 1382347 462518     cutoff   81      -19628.000 -19668.814  0.21%  40.3  575s
 1392416 464548 -19640.516   47   70 -19628.000 -19668.759  0.21%  40.3  580s
 1402437 466458 -19647.631   56   58 -19628.000 -19668.701  0.21%  40.3  585s
 1413175 468658 -19656.075   49   73 -19628.000 -19668.637  0.21%  40.3  590s
 1422987 470886     cutoff   68      -19628.000 -19668.581  0.21%  40.3  595s
 1433598 473072 -19668.339   54   54 -19628.000 -19668.515  0.21%  40.3  600s

Cutting planes:
  Gomory: 2
  Cover: 23
  Clique: 8
  MIR: 168
  StrongCG: 93
  Flow cover: 80
  Zero half: 18
  RLT: 3

Explored 1433868 nodes (57752624 simplex iterations) in 600.00 seconds (997.26 work units)
Thread count was 4 (of 56 available processors)

Solution count 7: -19628 -19626 -19581 ... 0

Time limit reached
Best objective -1.962800000000e+04, best bound -1.966800000000e+04, gap 0.2038%
