
Gurobi 9.5.0 (linux64) logging started Mon Apr 11 21:19:57 2022

Set parameter LogFile to value "/local_workspace/chenrui/LogFiles/MKAP/probT1_10e3_1W_R50_T002_M020_N0040_seed09_original_600.log"
Gurobi Optimizer version 9.5.0 build v9.5.0rc5 (linux64)
Thread count: 56 physical cores, 56 logical processors, using up to 4 threads
Optimize a model with 100 rows, 840 columns and 1680 nonzeros
Model fingerprint: 0x32f837fe
Variable types: 0 continuous, 840 integer (840 binary)
Coefficient statistics:
  Matrix range     [1e+00, 1e+03]
  Objective range  [2e+02, 9e+02]
  Bounds range     [1e+00, 1e+00]
  RHS range        [1e+00, 1e+00]
Found heuristic solution: objective 0.0000000
Presolve removed 31 rows and 467 columns
Presolve time: 0.00s
Presolved: 69 rows, 373 columns, 746 nonzeros
Found heuristic solution: objective -10462.00000
Variable types: 0 continuous, 373 integer (373 binary)

Root relaxation: objective -1.220932e+04, 206 iterations, 0.00 seconds (0.00 work units)

    Nodes    |    Current Node    |     Objective Bounds      |     Work
 Expl Unexpl |  Obj  Depth IntInf | Incumbent    BestBd   Gap | It/Node Time

     0     0 -12209.323    0   22 -10462.000 -12209.323  16.7%     -    0s
H    0     0                    -10957.00000 -12209.323  11.4%     -    0s
H    0     0                    -10970.00000 -12209.323  11.3%     -    0s
H    0     0                    -11176.00000 -12208.539  9.24%     -    0s
     0     0 -12020.901    0   37 -11176.000 -12020.901  7.56%     -    0s
H    0     0                    -11313.00000 -12020.901  6.26%     -    0s
H    0     0                    -11587.00000 -12020.901  3.74%     -    0s
H    0     0                    -11602.00000 -12020.901  3.61%     -    0s
H    0     0                    -11632.00000 -11910.322  2.39%     -    0s
H    0     0                    -11697.00000 -11910.322  1.82%     -    0s
     0     0 -11909.184    0   28 -11697.000 -11909.184  1.81%     -    0s
     0     0 -11909.184    0   29 -11697.000 -11909.184  1.81%     -    0s
H    0     0                    -11722.00000 -11909.184  1.60%     -    0s
H    0     0                    -11826.00000 -11876.839  0.43%     -    0s
     0     0 -11876.839    0   36 -11826.000 -11876.839  0.43%     -    0s
     0     0 -11876.092    0   36 -11826.000 -11876.092  0.42%     -    0s
     0     0 -11872.472    0   32 -11826.000 -11872.472  0.39%     -    0s
     0     0 -11872.472    0   17 -11826.000 -11872.472  0.39%     -    0s
     0     0 -11872.472    0   30 -11826.000 -11872.472  0.39%     -    0s
     0     0 -11867.649    0   15 -11826.000 -11867.649  0.35%     -    0s
     0     0 -11867.618    0   16 -11826.000 -11867.618  0.35%     -    0s
     0     0 -11867.346    0   40 -11826.000 -11867.346  0.35%     -    0s
H    0     0                    -11861.00000 -11867.346  0.05%     -    0s
     0     0     cutoff    0      -11861.000 -11861.000  0.00%     -    0s

Cutting planes:
  Gomory: 5
  Lift-and-project: 1
  Cover: 15
  Clique: 1
  MIR: 11
  StrongCG: 8
  RLT: 1

Explored 1 nodes (723 simplex iterations) in 0.07 seconds (0.02 work units)
Thread count was 4 (of 56 available processors)

Solution count 10: -11861 -11826 -11826 ... -11250
No other solutions better than -11861

Optimal solution found (tolerance 1.00e-04)
Best objective -1.186100000000e+04, best bound -1.186100000000e+04, gap 0.0000%
