
Gurobi 9.5.0 (linux64) logging started Sun Apr 10 17:22:36 2022

Set parameter LogFile to value "/local_workspace/chenrui/LogFiles/MKAP/probT1_10e3_0U_R50_T002_M010_N0020_seed05_DWcutsT4_600.log"
Gurobi Optimizer version 9.5.0 build v9.5.0rc5 (linux64)
Thread count: 56 physical cores, 56 logical processors, using up to 4 threads
Optimize a model with 334 rows, 220 columns and 2718 nonzeros
Model fingerprint: 0xaa7bd087
Variable types: 0 continuous, 220 integer (220 binary)
Coefficient statistics:
  Matrix range     [1e-13, 2e+03]
  Objective range  [4e+01, 1e+03]
  Bounds range     [1e+00, 1e+00]
  RHS range        [4e-10, 2e+02]
Warning: Model contains large matrix coefficient range
         Consider reformulating model or setting NumericFocus parameter
         to avoid numerical issues.
Found heuristic solution: objective 0.0000000
Presolve removed 235 rows and 110 columns
Presolve time: 0.01s
Presolved: 99 rows, 110 columns, 637 nonzeros
Found heuristic solution: objective -6144.000000
Variable types: 0 continuous, 110 integer (110 binary)

Root relaxation: objective -6.850032e+03, 56 iterations, 0.00 seconds (0.00 work units)

    Nodes    |    Current Node    |     Objective Bounds      |     Work
 Expl Unexpl |  Obj  Depth IntInf | Incumbent    BestBd   Gap | It/Node Time

     0     0 -6850.0321    0    8 -6144.0000 -6850.0321  11.5%     -    0s
H    0     0                    -6782.000000 -6850.0321  1.00%     -    0s

Cutting planes:
  Gomory: 3
  Cover: 1

Explored 1 nodes (78 simplex iterations) in 0.01 seconds (0.01 work units)
Thread count was 4 (of 56 available processors)

Solution count 3: -6782 -6144 0 
No other solutions better than -6782

Optimal solution found (tolerance 1.00e-04)
Best objective -6.782000000000e+03, best bound -6.782000000000e+03, gap 0.0000%
