
Gurobi 9.5.0 (linux64) logging started Thu Apr 14 01:06:22 2022

Set parameter LogFile to value "/local_workspace/chenrui/LogFiles/MKAP/probT2_10e3_0U_R50_T002_M010_N0100_seed01_DWcutsT6_600.log"
Gurobi Optimizer version 9.5.0 build v9.5.0rc5 (linux64)
Thread count: 56 physical cores, 56 logical processors, using up to 4 threads
Optimize a model with 1409 rows, 1020 columns and 66801 nonzeros
Model fingerprint: 0x3ac80082
Variable types: 0 continuous, 1020 integer (1020 binary)
Coefficient statistics:
  Matrix range     [6e-02, 4e+03]
  Objective range  [2e+01, 1e+03]
  Bounds range     [1e+00, 1e+00]
  RHS range        [4e-05, 1e+00]
Found heuristic solution: objective 0.0000000
Presolve removed 51 rows and 83 columns
Presolve time: 0.19s
Presolved: 1358 rows, 937 columns, 61421 nonzeros
Variable types: 0 continuous, 937 integer (936 binary)
Found heuristic solution: objective -28321.00000

Root relaxation: objective -4.252791e+04, 331 iterations, 0.01 seconds (0.03 work units)

    Nodes    |    Current Node    |     Objective Bounds      |     Work
 Expl Unexpl |  Obj  Depth IntInf | Incumbent    BestBd   Gap | It/Node Time

     0     0 -42527.908    0   27 -28321.000 -42527.908  50.2%     -    0s
H    0     0                    -41884.00000 -42527.908  1.54%     -    0s
H    0     0                    -42153.00000 -42527.908  0.89%     -    0s
     0     0 -42527.908    0   57 -42153.000 -42527.908  0.89%     -    0s
     0     0 -42527.908    0   51 -42153.000 -42527.908  0.89%     -    0s
     0     0 -42512.901    0   13 -42153.000 -42512.901  0.85%     -    0s
     0     0 -42512.901    0   25 -42153.000 -42512.901  0.85%     -    0s
     0     0 -42512.901    0   20 -42153.000 -42512.901  0.85%     -    0s
     0     0 -42512.901    0   59 -42153.000 -42512.901  0.85%     -    0s
     0     0 -42512.901    0   51 -42153.000 -42512.901  0.85%     -    0s
     0     0 -42512.901    0   54 -42153.000 -42512.901  0.85%     -    0s
     0     0 -42512.901    0   25 -42153.000 -42512.901  0.85%     -    0s
     0     0 -42512.901    0   24 -42153.000 -42512.901  0.85%     -    1s
     0     2 -42512.901    0   20 -42153.000 -42512.901  0.85%     -    1s
H   65    79                    -42259.00000 -42512.901  0.60%  18.3    1s
H  948   960                    -42260.00000 -42512.901  0.60%   5.8    2s
H 1160   871                    -42292.00000 -42512.901  0.52%   5.6    2s
H 1174   836                    -42312.00000 -42502.954  0.45%   5.5    4s
  1175   836 -42502.954   42   30 -42312.000 -42502.954  0.45%   5.5    5s
H 1191   806                    -42405.00000 -42502.954  0.23%  10.7    7s
  1363   929 -42501.515   42   15 -42405.000 -42502.954  0.23%  14.5   10s
  6744  4232 -42502.634   35   23 -42405.000 -42502.634  0.23%   8.4   15s
 21071 13244 -42497.453   66   15 -42405.000 -42501.890  0.23%   6.8   20s
H21083 12589                    -42434.00000 -42501.708  0.16%   6.8   21s
 22770 13527 -42498.887   53   25 -42434.000 -42500.612  0.16%   7.7   25s
 31906 14817 -42493.726   56   24 -42434.000 -42500.612  0.16%   9.0   38s
 31914 14822 -42499.987   51   30 -42434.000 -42500.326  0.16%   9.0   40s
H31919 14084                    -42453.00000 -42499.989  0.11%   9.0   42s
 31928 14090 -42496.454   53   25 -42453.000 -42499.989  0.11%   9.0   45s
 34948 15154 -42479.148   85   20 -42453.000 -42499.375  0.11%   9.2   50s
 53867 21477 -42486.386  111    9 -42453.000 -42498.388  0.11%   7.8   55s
 73690 24939 -42470.906  116   30 -42453.000 -42498.388  0.11%   6.8   60s
 90790 32422 -42498.388  101   18 -42453.000 -42498.388  0.11%   6.5   65s
 106188 38429 -42498.388   98   23 -42453.000 -42498.388  0.11%   6.5   70s
 123570 45271     cutoff  127      -42453.000 -42498.388  0.11%   6.3   75s
 136727 49792 -42454.575  121   28 -42453.000 -42498.388  0.11%   6.3   80s
 154099 56616 -42497.879  112   23 -42453.000 -42498.388  0.11%   6.3   85s
 169848 62297 -42464.281  107   15 -42453.000 -42498.388  0.11%   6.3   90s
 189344 72293 -42498.388  101   20 -42453.000 -42498.388  0.11%   6.1   95s
 207579 80936 -42466.602  116   22 -42453.000 -42498.388  0.11%   6.0  100s
 224738 88615 -42455.308  108   23 -42453.000 -42498.388  0.11%   6.0  105s
H226599 83815                    -42456.00000 -42498.388  0.10%   6.0  105s
H227992 42936                    -42488.00000 -42498.388  0.02%   6.0  106s
 232944 44667 -42490.177  120   24 -42488.000 -42498.388  0.02%   6.0  115s
 232960 44678 -42492.598   95   62 -42488.000 -42498.388  0.02%   6.0  120s

Cutting planes:
  Gomory: 5
  Cover: 45
  Implied bound: 1
  Clique: 83
  MIR: 144
  StrongCG: 78
  Flow cover: 203
  Zero half: 1
  Relax-and-lift: 2

Explored 234614 nodes (1424387 simplex iterations) in 124.43 seconds (247.97 work units)
Thread count was 4 (of 56 available processors)

Solution count 10: -42488 -42456 -42453 ... -42153

Optimal solution found (tolerance 1.00e-04)
Best objective -4.248800000000e+04, best bound -4.249200000000e+04, gap 0.0094%
