
Gurobi 9.5.0 (linux64) logging started Mon Apr 11 16:52:04 2022

Set parameter LogFile to value "/local_workspace/chenrui/LogFiles/MKAP/probT1_10e3_0U_R50_T002_M010_N0060_seed09_DWcutsT2_600.log"
Gurobi Optimizer version 9.5.0 build v9.5.0rc5 (linux64)
Thread count: 56 physical cores, 56 logical processors, using up to 4 threads
Optimize a model with 168 rows, 620 columns and 3652 nonzeros
Model fingerprint: 0x0460d7ad
Variable types: 0 continuous, 620 integer (620 binary)
Coefficient statistics:
  Matrix range     [3e-01, 4e+03]
  Objective range  [6e+01, 1e+03]
  Bounds range     [1e+00, 1e+00]
  RHS range        [6e-14, 4e+00]
Found heuristic solution: objective 0.0000000
Presolve removed 10 rows and 113 columns
Presolve time: 0.01s
Presolved: 158 rows, 507 columns, 3010 nonzeros
Variable types: 0 continuous, 507 integer (507 binary)
Found heuristic solution: objective -19458.00000

Root relaxation: objective -2.449451e+04, 876 iterations, 0.01 seconds (0.01 work units)

    Nodes    |    Current Node    |     Objective Bounds      |     Work
 Expl Unexpl |  Obj  Depth IntInf | Incumbent    BestBd   Gap | It/Node Time

     0     0 -24494.506    0   51 -19458.000 -24494.506  25.9%     -    0s
H    0     0                    -23788.00000 -24494.506  2.97%     -    0s
H    0     0                    -23809.00000 -24494.506  2.88%     -    0s
H    0     0                    -23969.00000 -24494.506  2.19%     -    0s
     0     0 -24494.506    0   88 -23969.000 -24494.506  2.19%     -    0s
H    0     0                    -24123.00000 -24494.506  1.54%     -    0s
     0     0 -24494.506    0   71 -24123.000 -24494.506  1.54%     -    0s
     0     0 -24494.506    0   64 -24123.000 -24494.506  1.54%     -    0s
H    0     0                    -24159.00000 -24494.506  1.39%     -    0s
     0     0 -24494.506    0   64 -24159.000 -24494.506  1.39%     -    0s
     0     0 -24494.506    0   58 -24159.000 -24494.506  1.39%     -    0s
     0     2 -24494.506    0   40 -24159.000 -24494.506  1.39%     -    0s
H  874   839                    -24303.00000 -24494.506  0.79%  17.2    0s
H10381  6104                    -24330.00000 -24494.506  0.68%  13.7    2s
H13023  6874                    -24367.00000 -24494.506  0.52%  13.2    2s
 21044 11329 -24494.506   43   27 -24367.000 -24494.506  0.52%  15.1    5s
 34322 16267 -24475.279   53   64 -24367.000 -24475.884  0.45%  20.3   10s
 49046 20435 -24460.365   54   46 -24367.000 -24475.816  0.45%  25.3   15s
 69546 24899 -24472.579   70   37 -24367.000 -24475.736  0.45%  26.9   20s
 91944 34404 -24458.619   69   38 -24367.000 -24475.659  0.45%  27.2   25s
 114118 45553 -24474.196   68   43 -24367.000 -24475.565  0.45%  27.1   30s
 136680 56112 -24472.236   65   61 -24367.000 -24475.460  0.45%  27.0   35s
 159090 67342 -24474.534   67   56 -24367.000 -24475.358  0.44%  27.2   40s
 180243 77008 -24438.511   70   62 -24367.000 -24475.240  0.44%  27.2   45s
 202331 88059 -24421.158   64   52 -24367.000 -24475.135  0.44%  27.2   50s
 222580 98590 -24450.977   66   43 -24367.000 -24475.091  0.44%  27.3   55s
 243731 109020 -24472.706   64   58 -24367.000 -24475.033  0.44%  27.5   60s
 263197 118781 -24455.329   63   55 -24367.000 -24474.992  0.44%  27.6   65s
 283918 129140 -24397.121   78   34 -24367.000 -24474.940  0.44%  27.7   70s
 304463 138888 -24474.373   55   44 -24367.000 -24474.896  0.44%  27.7   75s
 322365 148184 -24450.940   65   43 -24367.000 -24474.868  0.44%  27.8   80s
 344944 158727     cutoff   82      -24367.000 -24474.830  0.44%  27.8   85s
 366776 168869 -24470.564   80   48 -24367.000 -24474.788  0.44%  27.8   90s
 389384 179809 -24438.115  100   42 -24367.000 -24474.746  0.44%  27.7   95s
 409863 189102 -24439.524   78   43 -24367.000 -24474.714  0.44%  27.6  100s
 428319 197810 -24447.734   77   29 -24367.000 -24474.694  0.44%  27.8  105s
 452032 207749 -24389.262   68   47 -24367.000 -24474.659  0.44%  27.6  110s
 478070 217385 -24410.738   70   23 -24367.000 -24474.622  0.44%  27.2  115s
 507133 227738 -24466.013   65   29 -24367.000 -24474.575  0.44%  26.8  120s
 532417 238815 -24445.923   67   38 -24367.000 -24474.566  0.44%  26.5  125s
 560613 249515 -24387.827   77   18 -24367.000 -24474.546  0.44%  26.1  130s
 587962 260212 -24473.524   70   26 -24367.000 -24474.543  0.44%  25.7  135s
 615243 269723 -24415.752   72   42 -24367.000 -24474.526  0.44%  25.4  140s
 644290 279676 -24463.507   69   37 -24367.000 -24474.504  0.44%  25.0  145s
 672279 288783 -24453.141   70   43 -24367.000 -24474.481  0.44%  24.7  150s
 699774 297679 -24445.666   66   43 -24367.000 -24474.450  0.44%  24.5  155s
 723872 305502 -24384.669   85   11 -24367.000 -24474.418  0.44%  24.3  160s
 753131 314281 -24457.593   68   41 -24367.000 -24474.370  0.44%  24.2  165s
 778293 322159 -24374.083   67   21 -24367.000 -24474.321  0.44%  24.1  170s
 805291 330457 -24386.298   78   41 -24367.000 -24474.293  0.44%  23.9  175s
 832040 338214 -24455.546   65   36 -24367.000 -24474.257  0.44%  23.7  180s
 853655 344416 -24420.585   70   21 -24367.000 -24474.211  0.44%  23.7  185s
 877016 350801 -24396.820   73   39 -24367.000 -24474.155  0.44%  23.6  190s
 902744 358110 -24422.439   57   46 -24367.000 -24474.091  0.44%  23.6  195s
 925678 364270 -24413.749   70   38 -24367.000 -24474.032  0.44%  23.5  200s
 949916 370834 -24375.754   78   24 -24367.000 -24473.965  0.44%  23.5  205s
 975664 377454     cutoff   77      -24367.000 -24473.892  0.44%  23.5  210s
 997304 383321 -24445.143   65   36 -24367.000 -24473.829  0.44%  23.4  215s
 1023269 390851 -24465.238   65   41 -24367.000 -24473.762  0.44%  23.4  220s
 1046360 396871 -24418.140   72   24 -24367.000 -24473.701  0.44%  23.3  225s
 1068246 402843 -24405.396   74   44 -24367.000 -24473.639  0.44%  23.3  230s
 1096707 410168 -24445.761   67   41 -24367.000 -24473.579  0.44%  23.2  235s
 1121841 414509 -24441.561   69   32 -24367.000 -24473.551  0.44%  23.1  240s
 1152335 418599 -24414.241   67   33 -24367.000 -24473.524  0.44%  22.9  245s
 1179936 423114 -24456.119   71   34 -24367.000 -24473.492  0.44%  22.8  250s
 1204742 427840 -24408.298   71   19 -24367.000 -24473.465  0.44%  22.7  255s
 1233403 431944 -24440.830   72   42 -24367.000 -24473.457  0.44%  22.6  260s
 1257035 436561 -24469.652   76   25 -24367.000 -24473.407  0.44%  22.6  265s
 1280739 441810 -24467.326   66   39 -24367.000 -24473.369  0.44%  22.5  270s
 1306665 446095 -24452.690   73   47 -24367.000 -24473.304  0.44%  22.5  275s
*1313760 441247             106    -24371.00000 -24473.285  0.42%  22.5  276s
 1330830 444379 -24449.455   64   38 -24371.000 -24473.238  0.42%  22.5  280s
 1361698 449036 -24473.052   59   43 -24371.000 -24473.152  0.42%  22.4  285s
 1392281 453682 -24436.590   77   45 -24371.000 -24473.065  0.42%  22.3  290s
 1419265 458986 -24472.631   70   51 -24371.000 -24472.996  0.42%  22.3  295s
 1447999 463494     cutoff   70      -24371.000 -24472.913  0.42%  22.3  300s
 1475527 467743     cutoff   77      -24371.000 -24472.824  0.42%  22.3  305s
 1503300 472301 -24394.206   68   24 -24371.000 -24472.742  0.42%  22.3  310s
 1530697 476145 -24469.373   68   62 -24371.000 -24472.670  0.42%  22.3  315s
 1558242 480132 -24386.414   74   22 -24371.000 -24472.587  0.42%  22.2  320s
 1585400 485073 -24470.733   59   47 -24371.000 -24472.499  0.42%  22.2  325s
 1614788 490299     cutoff   76      -24371.000 -24472.410  0.42%  22.2  330s
 1643872 495060 -24380.017   70   33 -24371.000 -24472.303  0.42%  22.2  335s
 1671886 499994 -24409.050   68   23 -24371.000 -24472.206  0.42%  22.2  340s
 1699342 504703 -24375.410   81   27 -24371.000 -24472.104  0.41%  22.2  345s
 1727117 509238     cutoff   69      -24371.000 -24471.995  0.41%  22.2  350s
 1755073 514828 -24469.405   73   57 -24371.000 -24471.900  0.41%  22.2  355s
 1780793 519653 -24470.326   73   52 -24371.000 -24471.796  0.41%  22.2  360s
 1807565 524934     cutoff   77      -24371.000 -24471.692  0.41%  22.2  365s
 1833013 530606     cutoff   71      -24371.000 -24471.589  0.41%  22.2  370s
 1857759 535907 -24375.410   87   26 -24371.000 -24471.484  0.41%  22.2  375s
 1883273 541825 -24413.452   68   33 -24371.000 -24471.386  0.41%  22.3  380s
 1910110 548536 -24375.410   86   24 -24371.000 -24471.277  0.41%  22.3  385s
 1936778 555421 -24387.971   68   38 -24371.000 -24471.163  0.41%  22.3  390s
 1962737 563291 -24455.485   79   23 -24371.000 -24471.091  0.41%  22.3  395s
 1989399 570657 -24375.410   85   33 -24371.000 -24470.981  0.41%  22.3  400s
 2014879 577884 -24444.580   72   47 -24371.000 -24470.880  0.41%  22.4  405s
 2041190 585704     cutoff   86      -24371.000 -24470.779  0.41%  22.4  410s
 2066690 592793 -24464.405   66   67 -24371.000 -24470.666  0.41%  22.4  415s
 2092358 600190 -24384.733   90   29 -24371.000 -24470.572  0.41%  22.4  420s
 2117398 607442 -24463.128   74   27 -24371.000 -24470.473  0.41%  22.4  425s
 2142707 614841 -24389.336   67   43 -24371.000 -24470.370  0.41%  22.5  430s
 2167960 622093 -24467.851   76   28 -24371.000 -24470.283  0.41%  22.5  435s
 2194085 629865 -24458.631   71   51 -24371.000 -24470.178  0.41%  22.5  440s
 2219754 637365     cutoff   77      -24371.000 -24470.067  0.41%  22.5  445s
 2245365 644882 -24375.171   77   35 -24371.000 -24469.967  0.41%  22.5  450s
 2271165 652402 -24435.772   69   32 -24371.000 -24469.856  0.41%  22.6  455s
 2297472 660976 -24396.284   78   41 -24371.000 -24469.756  0.41%  22.6  460s
 2323772 671176     cutoff   71      -24371.000 -24469.706  0.41%  22.6  465s
 2349530 679428 -24463.084   79   43 -24371.000 -24469.632  0.40%  22.6  470s
 2375410 687707 -24425.966   68   47 -24371.000 -24469.535  0.40%  22.6  475s
 2400119 697502 -24402.894   78   46 -24371.000 -24469.501  0.40%  22.6  480s
 2425874 705595 -24425.906   72   31 -24371.000 -24469.459  0.40%  22.5  485s
 2451678 713126 -24460.349   69   38 -24371.000 -24469.362  0.40%  22.6  490s
 2476611 720500 -24375.410   85   23 -24371.000 -24469.266  0.40%  22.6  495s
 2503366 728698     cutoff   68      -24371.000 -24469.171  0.40%  22.6  500s
 2529062 738168 -24468.953   78   57 -24371.000 -24469.131  0.40%  22.6  505s
 2553993 748068     cutoff   95      -24371.000 -24469.131  0.40%  22.5  510s
 2579185 757593 -24453.041   80   45 -24371.000 -24469.131  0.40%  22.5  515s
 2604139 766904 -24459.691   77   44 -24371.000 -24469.131  0.40%  22.5  520s
 2628298 775506 -24468.220   76   55 -24371.000 -24469.129  0.40%  22.5  525s
 2654487 781844 -24444.806   73   39 -24371.000 -24469.122  0.40%  22.5  530s
 2679488 786640     cutoff   79      -24371.000 -24469.122  0.40%  22.5  535s
 2705752 791044 -24454.000   77   43 -24371.000 -24469.122  0.40%  22.5  540s
 2729256 794755     cutoff   73      -24371.000 -24469.122  0.40%  22.5  545s
 2754972 800307 -24444.219   73   45 -24371.000 -24469.102  0.40%  22.5  550s
 2781484 805801 -24447.843   74   41 -24371.000 -24469.078  0.40%  22.4  555s
 2806738 810638 -24465.156   77   40 -24371.000 -24469.054  0.40%  22.4  560s
 2833388 815951 -24468.996   68   48 -24371.000 -24469.028  0.40%  22.4  565s
 2861308 822433 -24448.238   74   38 -24371.000 -24469.002  0.40%  22.4  570s
 2887127 827129 -24398.481   77   58 -24371.000 -24468.969  0.40%  22.4  575s
 2912986 831586 -24456.788   83   38 -24371.000 -24468.934  0.40%  22.4  580s
 2938651 836928 -24468.598   72   46 -24371.000 -24468.894  0.40%  22.4  585s
 2963333 841687 -24467.742   77   44 -24371.000 -24468.851  0.40%  22.4  590s
 2991336 851556 -24462.458   78   39 -24371.000 -24468.828  0.40%  22.3  595s
 3018624 856571 -24455.241   76   43 -24371.000 -24468.824  0.40%  22.3  600s

Cutting planes:
  Gomory: 6
  Cover: 133
  Clique: 57
  MIR: 190
  StrongCG: 158
  Flow cover: 98
  Inf proof: 38
  Zero half: 7
  RLT: 10

Explored 3018939 nodes (67298693 simplex iterations) in 600.01 seconds (1047.20 work units)
Thread count was 4 (of 56 available processors)

Solution count 10: -24371 -24367 -24330 ... -19458

Time limit reached
Best objective -2.437100000000e+04, best bound -2.446800000000e+04, gap 0.3980%
