
Gurobi 9.5.0 (linux64) logging started Sun Apr 10 18:28:32 2022

Set parameter LogFile to value "/local_workspace/chenrui/LogFiles/MKAP/probT1_10e3_0U_R50_T002_M010_N0060_seed01_DWcutsT6_600.log"
Gurobi Optimizer version 9.5.0 build v9.5.0rc5 (linux64)
Thread count: 56 physical cores, 56 logical processors, using up to 4 threads
Optimize a model with 1305 rows, 620 columns and 37284 nonzeros
Model fingerprint: 0x33844671
Variable types: 0 continuous, 620 integer (620 binary)
Coefficient statistics:
  Matrix range     [1e-13, 3e+03]
  Objective range  [2e+01, 1e+03]
  Bounds range     [1e+00, 1e+00]
  RHS range        [9e-12, 8e+00]
Warning: Model contains large matrix coefficient range
         Consider reformulating model or setting NumericFocus parameter
         to avoid numerical issues.
Found heuristic solution: objective 0.0000000
Presolve removed 134 rows and 94 columns
Presolve time: 0.10s
Presolved: 1171 rows, 526 columns, 31751 nonzeros
Variable types: 0 continuous, 526 integer (526 binary)
Found heuristic solution: objective -25046.00000

Root relaxation: objective -2.671633e+04, 1624 iterations, 0.10 seconds (0.19 work units)

    Nodes    |    Current Node    |     Objective Bounds      |     Work
 Expl Unexpl |  Obj  Depth IntInf | Incumbent    BestBd   Gap | It/Node Time

     0     0 -26716.330    0  132 -25046.000 -26716.330  6.67%     -    0s
H    0     0                    -25355.00000 -26716.330  5.37%     -    0s
H    0     0                    -25470.00000 -26716.330  4.89%     -    0s
H    0     0                    -25989.00000 -26716.330  2.80%     -    0s
     0     0 -26716.327    0  140 -25989.000 -26716.327  2.80%     -    0s
H    0     0                    -26147.00000 -26716.327  2.18%     -    0s
     0     0 -26716.325    0  151 -26147.000 -26716.325  2.18%     -    0s
H    0     0                    -26483.00000 -26716.324  0.88%     -    0s
     0     0 -26716.324    0  147 -26483.000 -26716.324  0.88%     -    0s
     0     0 -26716.323    0  133 -26483.000 -26716.323  0.88%     -    0s
H    0     0                    -26526.00000 -26716.323  0.72%     -    0s
     0     0 -26716.321    0  142 -26526.000 -26716.321  0.72%     -    0s
     0     0 -26716.321    0  152 -26526.000 -26716.321  0.72%     -    1s
     0     0 -26716.321    0  152 -26526.000 -26716.321  0.72%     -    1s
     0     2 -26716.321    0  152 -26526.000 -26716.321  0.72%     -    1s
  1161   802 -26703.988   18  140 -26526.000 -26716.231  0.72%  44.3    5s
  2259  1307 -26716.231   17  113 -26526.000 -26716.231  0.72%  55.1   10s
  5602  3667 -26715.985   29   73 -26526.000 -26716.231  0.72%  48.8   15s
 10377  7149     cutoff   54      -26526.000 -26716.183  0.72%  43.5   20s
H13170  7922                    -26542.00000 -26716.127  0.66%  43.1   23s
 13849  8725 -26706.804   25   79 -26542.000 -26716.120  0.66%  42.5   25s
H16059  6887                    -26593.00000 -26716.097  0.46%  41.4   26s
 18165  7835     cutoff   30      -26593.000 -26716.048  0.46%  42.5   30s
 21265  8962 -26616.374   57  152 -26593.000 -26715.965  0.46%  43.0   45s
 21277  8973 -26715.965   26  161 -26593.000 -26715.965  0.46%  43.2   50s
 21500  9025 -26714.675   35   76 -26593.000 -26715.965  0.46%  44.2   56s
 22092  9198 -26707.227   42   46 -26593.000 -26715.965  0.46%  44.8   60s
 28397 10158 -26712.297   33  118 -26593.000 -26712.465  0.45%  47.3   65s
 37227 10528 -26702.591   40   54 -26593.000 -26711.233  0.44%  46.6   70s
 47961 11410 -26612.411   82   19 -26593.000 -26709.554  0.44%  43.4   75s
 60167 16220 -26642.158   85   20 -26593.000 -26707.834  0.43%  40.1   80s
 72359 19191 -26654.631   45   39 -26593.000 -26704.425  0.42%  38.5   85s
 85973 21005 -26630.465   46   20 -26593.000 -26696.526  0.39%  36.3   90s
 101900 22321     cutoff   73      -26593.000 -26688.031  0.36%  33.9   95s
 115948 23303     cutoff   52      -26593.000 -26677.488  0.32%  32.5  100s
 131342 23936     cutoff   73      -26593.000 -26675.119  0.31%  31.1  105s
 143871 27426     cutoff   61      -26593.000 -26674.292  0.31%  30.9  110s
 156733 30370 -26672.334   68   27 -26593.000 -26674.292  0.31%  30.6  115s
 169028 33319 -26673.028   71   25 -26593.000 -26674.292  0.31%  30.5  120s
 183826 36254     cutoff   68      -26593.000 -26674.292  0.31%  29.9  125s
 196596 39432 -26672.377   70   17 -26593.000 -26674.292  0.31%  29.7  130s
 212442 43793 -26673.216   69   31 -26593.000 -26674.292  0.31%  29.1  135s
 228461 48425 -26672.530   65   22 -26593.000 -26674.292  0.31%  28.6  140s
 243895 52261 infeasible   64      -26593.000 -26674.292  0.31%  28.3  145s
 258481 56204 -26669.024   60   19 -26593.000 -26674.292  0.31%  28.2  150s
 273606 61236 -26674.292   54   34 -26593.000 -26674.292  0.31%  28.0  155s
 291797 67408 -26630.242   63   18 -26593.000 -26674.292  0.31%  27.3  160s
 309985 73956 -26674.292   57   18 -26593.000 -26674.292  0.31%  26.8  165s
 331395 73931     cutoff   57      -26593.000 -26674.134  0.31%  26.1  170s
 351955 68515 -26672.343   55   26 -26593.000 -26673.619  0.30%  25.5  175s
 366131 62678     cutoff   58      -26593.000 -26673.259  0.30%  25.4  180s
 382723 54319 -26672.173   55   24 -26593.000 -26672.173  0.30%  25.1  185s
 401242 46389 -26600.479   70   23 -26593.000 -26669.459  0.29%  24.7  190s
 420109 38213     cutoff   55      -26593.000 -26666.380  0.28%  24.3  195s
 439413 43315 -26616.505   69   16 -26593.000 -26660.800  0.25%  23.8  200s
 459297 49470 -26634.127   67   40 -26593.000 -26660.800  0.25%  23.3  205s
 476591 55994     cutoff   88      -26593.000 -26660.792  0.25%  23.0  210s
 497821 63557 -26601.341   80    5 -26593.000 -26660.792  0.25%  22.5  215s
 523243 74359 -26600.385   61   19 -26593.000 -26660.785  0.25%  22.0  220s
 552861 86386     cutoff   63      -26593.000 -26660.785  0.25%  21.3  225s
 583273 97904 -26658.862   57   28 -26593.000 -26660.785  0.25%  20.6  230s
 613159 107706     cutoff   73      -26593.000 -26660.785  0.25%  20.0  235s
 639497 114879 -26600.385   57   16 -26593.000 -26660.785  0.25%  19.5  240s
 668770 124708     cutoff   64      -26593.000 -26660.773  0.25%  19.1  245s
 686983 133113 -26651.895   69   43 -26593.000 -26660.762  0.25%  19.0  250s
 709670 142857 -26603.769   75   25 -26593.000 -26660.737  0.25%  18.8  255s
 729217 149580     cutoff   68      -26593.000 -26660.670  0.25%  18.6  260s
 751906 154964 infeasible   70      -26593.000 -26660.531  0.25%  18.4  265s
 775489 160611     cutoff   63      -26593.000 -26660.348  0.25%  18.2  270s
 799465 165526 -26648.224   64   40 -26593.000 -26659.865  0.25%  18.0  275s
 819447 169598 infeasible   67      -26593.000 -26659.458  0.25%  17.8  280s
 840166 174392 -26650.658   68   35 -26593.000 -26658.911  0.25%  17.7  285s
 859401 177436 -26596.676   66   22 -26593.000 -26657.092  0.24%  17.6  290s
 882414 171017 -26629.113   66    5 -26593.000 -26655.247  0.23%  17.4  295s
 904667 168072 -26605.615   68   19 -26593.000 -26653.385  0.23%  17.3  300s
 932298 176036 -26646.375   69   44 -26593.000 -26652.458  0.22%  17.0  305s
 952577 177898 -26610.166   76   27 -26593.000 -26651.923  0.22%  16.9  310s
 971181 179813 -26651.907   68   48 -26593.000 -26651.916  0.22%  16.9  315s
 988452 181391     cutoff   65      -26593.000 -26651.893  0.22%  16.9  320s
 1011379 188563 infeasible   88      -26593.000 -26651.889  0.22%  16.9  325s
 1034517 197397 -26610.538   66   26 -26593.000 -26651.881  0.22%  16.8  330s
 1058470 203432 -26629.113   67   11 -26593.000 -26651.873  0.22%  16.7  335s
 1079043 208515 -26651.813   71   38 -26593.000 -26651.837  0.22%  16.6  340s
 1093093 208776 -26601.222   76   12 -26593.000 -26651.813  0.22%  16.6  345s
 1111233 211082     cutoff   74      -26593.000 -26651.726  0.22%  16.6  350s
 1126440 208520     cutoff   62      -26593.000 -26651.524  0.22%  16.7  355s
 1145893 207861 -26629.113   72   17 -26593.000 -26651.213  0.22%  16.7  360s
 1159130 201365 -26629.113   74   16 -26593.000 -26650.677  0.22%  16.8  365s
 1174449 197561     cutoff   64      -26593.000 -26650.179  0.22%  16.8  370s
 1191050 194714 -26607.366   64   13 -26593.000 -26648.745  0.21%  16.8  375s
 1209815 196637 -26629.113   68   14 -26593.000 -26647.863  0.21%  16.8  380s
 1230496 197509 -26610.526   78   24 -26593.000 -26646.652  0.20%  16.7  385s
 1252513 201977 -26622.719   64   16 -26593.000 -26645.687  0.20%  16.7  390s
 1274008 208326     cutoff   80      -26593.000 -26644.591  0.19%  16.6  395s
 1295752 214887 -26624.158   42   17 -26593.000 -26643.741  0.19%  16.5  400s
 1315971 214301     cutoff   71      -26593.000 -26641.934  0.18%  16.5  405s
 1336065 213063 -26619.769   54   21 -26593.000 -26639.253  0.17%  16.5  410s
 1358212 220609 -26620.657   70   30 -26593.000 -26638.878  0.17%  16.4  415s
 1383882 226243 -26618.619   54   20 -26593.000 -26637.886  0.17%  16.3  420s
 1409081 233187 -26594.369   82   25 -26593.000 -26637.024  0.17%  16.2  425s
 1434058 233238 -26634.385   60   39 -26593.000 -26634.964  0.16%  16.1  430s
 1449396 231553 infeasible   66      -26593.000 -26634.377  0.16%  16.1  435s
 1457385 229707 -26629.113   65   18 -26593.000 -26634.350  0.16%  16.2  440s
 1472956 223797     cutoff   58      -26593.000 -26634.292  0.16%  16.3  445s
 1492637 222873 -26631.051   60   21 -26593.000 -26632.390  0.15%  16.3  450s
 1517453 232088 -26617.308   75   16 -26593.000 -26631.977  0.15%  16.2  455s
 1539296 240737 -26631.977   72   35 -26593.000 -26631.977  0.15%  16.1  460s
 1565296 250989 -26607.054   69   29 -26593.000 -26631.977  0.15%  16.0  465s
 1591722 261894 -26606.916   75   28 -26593.000 -26631.977  0.15%  15.9  470s
 1618128 273552 -26607.054   75   28 -26593.000 -26631.977  0.15%  15.8  475s
 1645099 284850 -26606.635   83   23 -26593.000 -26631.977  0.15%  15.7  480s
 1663109 293269 infeasible   88      -26593.000 -26631.977  0.15%  15.7  485s
 1695017 306402 -26631.555   71   39 -26593.000 -26631.977  0.15%  15.6  490s
 1721333 316993 -26631.672   74   33 -26593.000 -26631.977  0.15%  15.5  495s
 1744037 324343 -26631.919   72   53 -26593.000 -26631.969  0.15%  15.4  500s
 1767765 332741 -26626.231   75   24 -26593.000 -26631.930  0.15%  15.4  505s
 1794091 343163 -26606.957   82   30 -26593.000 -26631.880  0.15%  15.3  510s
 1820032 355305 -26604.877   85   19 -26593.000 -26631.869  0.15%  15.3  515s
 1842942 361632 -26606.925   76   26 -26593.000 -26631.848  0.15%  15.2  520s
 1862681 366209     cutoff   68      -26593.000 -26631.814  0.15%  15.2  525s
 1878183 367145     cutoff   83      -26593.000 -26631.776  0.15%  15.3  530s
 1893256 368590 infeasible   78      -26593.000 -26631.688  0.15%  15.3  535s
 1917437 375001 -26631.605   70   35 -26593.000 -26631.605  0.15%  15.3  540s
 1941734 382226 -26631.266   65   51 -26593.000 -26631.456  0.14%  15.2  545s
 1971673 393495     cutoff   76      -26593.000 -26631.362  0.14%  15.1  550s
 1997921 402641 infeasible   87      -26593.000 -26631.054  0.14%  15.0  555s
 2028581 416092 -26596.897   56   23 -26593.000 -26631.051  0.14%  14.9  560s
 2053895 427105 -26606.031   72   13 -26593.000 -26631.049  0.14%  14.9  565s
 2081570 433965 -26596.873   66   21 -26593.000 -26630.709  0.14%  14.8  570s
 2106612 442586 -26630.235   62   29 -26593.000 -26630.709  0.14%  14.8  575s
 2129567 449111 -26601.515   81   35 -26593.000 -26630.579  0.14%  14.8  580s
 2157453 454744 -26630.380   69   37 -26593.000 -26630.383  0.14%  14.7  585s
 2179790 456311 -26600.835   80   33 -26593.000 -26630.157  0.14%  14.7  590s
 2206325 461044 -26603.529   53   40 -26593.000 -26629.870  0.14%  14.6  595s
 2230252 470945 -26596.897   63   17 -26593.000 -26629.820  0.14%  14.6  600s

Cutting planes:
  Gomory: 1
  Cover: 5
  MIR: 27
  StrongCG: 6
  Flow cover: 2

Explored 2230661 nodes (32467877 simplex iterations) in 600.01 seconds (1067.22 work units)
Thread count was 4 (of 56 available processors)

Solution count 10: -26593 -26542 -26526 ... 0

Time limit reached
Best objective -2.659300000000e+04, best bound -2.662900000000e+04, gap 0.1354%
