
Gurobi 9.5.0 (linux64) logging started Sun Apr 10 21:11:15 2022

Set parameter LogFile to value "/local_workspace/chenrui/LogFiles/MKAP/probT1_10e3_1W_R50_T005_M010_N0060_seed05_DWcutsT4_600.log"
Gurobi Optimizer version 9.5.0 build v9.5.0rc5 (linux64)
Thread count: 56 physical cores, 56 logical processors, using up to 4 threads
Optimize a model with 897 rows, 650 columns and 10662 nonzeros
Model fingerprint: 0x54089308
Variable types: 0 continuous, 650 integer (650 binary)
Coefficient statistics:
  Matrix range     [1e-13, 4e+03]
  Objective range  [4e+01, 1e+03]
  Bounds range     [1e+00, 1e+00]
  RHS range        [7e-13, 2e+02]
Warning: Model contains large matrix coefficient range
         Consider reformulating model or setting NumericFocus parameter
         to avoid numerical issues.
Found heuristic solution: objective 0.0000000
Presolve removed 167 rows and 88 columns
Presolve time: 0.05s
Presolved: 730 rows, 562 columns, 8292 nonzeros
Variable types: 0 continuous, 562 integer (562 binary)
Found heuristic solution: objective -6074.000000

Root relaxation: objective -1.848678e+04, 2060 iterations, 0.08 seconds (0.11 work units)

    Nodes    |    Current Node    |     Objective Bounds      |     Work
 Expl Unexpl |  Obj  Depth IntInf | Incumbent    BestBd   Gap | It/Node Time

     0     0 -18486.782    0  119 -6074.0000 -18486.782   204%     -    0s
H    0     0                    -16535.00000 -18486.782  11.8%     -    0s
H    0     0                    -17351.00000 -18486.782  6.55%     -    0s
H    0     0                    -17354.00000 -18486.782  6.53%     -    0s
     0     0 -18486.520    0  122 -17354.000 -18486.520  6.53%     -    0s
H    0     0                    -17898.00000 -18486.520  3.29%     -    0s
     0     0 -18486.520    0  127 -17898.000 -18486.520  3.29%     -    0s
     0     0 -18486.520    0  144 -17898.000 -18486.520  3.29%     -    0s
     0     0 -18486.520    0  129 -17898.000 -18486.520  3.29%     -    0s
     0     0 -18486.520    0  110 -17898.000 -18486.520  3.29%     -    0s
     0     0 -18486.476    0  127 -17898.000 -18486.476  3.29%     -    0s
     0     0 -18486.108    0  122 -17898.000 -18486.108  3.29%     -    0s
     0     0 -18486.108    0  130 -17898.000 -18486.108  3.29%     -    0s
H    0     0                    -17934.00000 -18486.108  3.08%     -    0s
     0     0 -18486.108    0  124 -17934.000 -18486.108  3.08%     -    0s
     0     0 -18486.108    0  124 -17934.000 -18486.108  3.08%     -    0s
H    0     0                    -18107.00000 -18486.108  2.09%     -    0s
     0     2 -18486.108    0  122 -18107.000 -18486.108  2.09%     -    0s
H   34    36                    -18113.00000 -18486.108  2.06%   121    0s
H  198   151                    -18151.00000 -18485.598  1.84%  49.2    0s
H  455   251                    -18257.00000 -18484.029  1.24%  35.4    1s
H 1521   639                    -18282.00000 -18479.214  1.08%  46.4    4s
  2931  1117 -18468.169   26  113 -18282.000 -18479.214  1.08%  49.0    5s
H 9474  4144                    -18298.00000 -18470.242  0.94%  42.6    7s
 15665  6409 -18322.133   32   82 -18298.000 -18463.583  0.90%  40.1   10s
*19731  6101              43    -18351.00000 -18460.600  0.60%  38.8   11s
 20839  6192 -18416.728   31  124 -18351.000 -18459.457  0.59%  38.6   16s
 20866  6215 -18459.457   27  175 -18351.000 -18459.457  0.59%  38.8   20s
H23893  6003                    -18356.00000 -18454.822  0.54%  39.6   23s
 28682  5344 -18430.605   34  114 -18356.000 -18441.878  0.47%  39.6   25s
H39291  2049                    -18367.00000 -18415.970  0.27%  38.6   28s

Cutting planes:
  Cover: 19
  Clique: 5
  MIR: 24
  StrongCG: 22
  Flow cover: 22
  GUB cover: 3
  Zero half: 4

Explored 45356 nodes (1674041 simplex iterations) in 29.88 seconds (48.53 work units)
Thread count was 4 (of 56 available processors)

Solution count 10: -18367 -18356 -18351 ... -17934
No other solutions better than -18367

Optimal solution found (tolerance 1.00e-04)
Best objective -1.836700000000e+04, best bound -1.836700000000e+04, gap 0.0000%
