
Gurobi 9.5.0 (linux64) logging started Mon Apr 11 15:25:55 2022

Set parameter LogFile to value "/local_workspace/chenrui/LogFiles/MKAP/probT1_10e3_1W_R50_T002_M020_N0040_seed07_original_600.log"
Gurobi Optimizer version 9.5.0 build v9.5.0rc5 (linux64)
Thread count: 56 physical cores, 56 logical processors, using up to 4 threads
Optimize a model with 100 rows, 840 columns and 1680 nonzeros
Model fingerprint: 0xb8b06f30
Variable types: 0 continuous, 840 integer (840 binary)
Coefficient statistics:
  Matrix range     [1e+00, 1e+03]
  Objective range  [1e+02, 9e+02]
  Bounds range     [1e+00, 1e+00]
  RHS range        [1e+00, 1e+00]
Found heuristic solution: objective 0.0000000
Presolve removed 34 rows and 420 columns
Presolve time: 0.00s
Presolved: 66 rows, 420 columns, 840 nonzeros
Found heuristic solution: objective -8212.000000
Variable types: 0 continuous, 420 integer (420 binary)

Root relaxation: objective -1.087621e+04, 197 iterations, 0.00 seconds (0.00 work units)

    Nodes    |    Current Node    |     Objective Bounds      |     Work
 Expl Unexpl |  Obj  Depth IntInf | Incumbent    BestBd   Gap | It/Node Time

     0     0 -10876.209    0   32 -8212.0000 -10876.209  32.4%     -    0s
H    0     0                    -9863.000000 -10876.209  10.3%     -    0s
H    0     0                    -9948.000000 -10876.209  9.33%     -    0s
H    0     0                    -10201.00000 -10821.751  6.09%     -    0s
     0     0 -10821.751    0   49 -10201.000 -10821.751  6.09%     -    0s
H    0     0                    -10275.00000 -10821.751  5.32%     -    0s
H    0     0                    -10454.00000 -10818.434  3.49%     -    0s
     0     0 -10818.434    0   51 -10454.000 -10818.434  3.49%     -    0s
     0     0 -10818.434    0   53 -10454.000 -10818.434  3.49%     -    0s
     0     0 -10799.919    0   64 -10454.000 -10799.919  3.31%     -    0s
     0     0 -10792.989    0   63 -10454.000 -10792.989  3.24%     -    0s
     0     0 -10791.200    0   69 -10454.000 -10791.200  3.23%     -    0s
H    0     0                    -10581.00000 -10791.200  1.99%     -    0s
     0     0 -10791.159    0   70 -10581.000 -10791.159  1.99%     -    0s
     0     0 -10786.743    0   78 -10581.000 -10786.743  1.94%     -    0s
H    0     0                    -10647.00000 -10786.743  1.31%     -    0s
     0     0 -10785.941    0   73 -10647.000 -10785.941  1.30%     -    0s
     0     0 -10785.659    0   78 -10647.000 -10785.659  1.30%     -    0s
     0     0 -10785.539    0   78 -10647.000 -10785.539  1.30%     -    0s
     0     0 -10776.770    0   78 -10647.000 -10776.770  1.22%     -    0s
     0     0 -10775.583    0   79 -10647.000 -10775.583  1.21%     -    0s
     0     0 -10767.686    0   60 -10647.000 -10767.686  1.13%     -    0s
     0     0 -10767.261    0   71 -10647.000 -10767.261  1.13%     -    0s
     0     0 -10767.255    0   71 -10647.000 -10767.255  1.13%     -    0s
     0     0 -10762.348    0   72 -10647.000 -10762.348  1.08%     -    0s
     0     0 -10758.298    0   63 -10647.000 -10758.298  1.05%     -    0s
     0     0 -10758.181    0   65 -10647.000 -10758.181  1.04%     -    0s
     0     0 -10752.531    0   61 -10647.000 -10752.531  0.99%     -    0s
     0     0 -10752.076    0   58 -10647.000 -10752.076  0.99%     -    0s
     0     0 -10750.643    0   58 -10647.000 -10750.643  0.97%     -    0s
     0     0 -10750.643    0   51 -10647.000 -10750.643  0.97%     -    0s
H    0     0                    -10707.00000 -10748.316  0.39%     -    0s
     0     0 -10748.316    0   32 -10707.000 -10748.316  0.39%     -    0s
     0     0 -10748.316    0   59 -10707.000 -10748.316  0.39%     -    0s
     0     0 -10748.316    0   62 -10707.000 -10748.316  0.39%     -    0s
     0     0 -10748.316    0   36 -10707.000 -10748.316  0.39%     -    0s
     0     0 -10748.316    0   64 -10707.000 -10748.316  0.39%     -    0s
     0     0 -10748.316    0   57 -10707.000 -10748.316  0.39%     -    0s
     0     0 -10748.316    0   60 -10707.000 -10748.316  0.39%     -    0s
     0     0 -10748.316    0   56 -10707.000 -10748.316  0.39%     -    0s
     0     0 -10748.316    0   51 -10707.000 -10748.316  0.39%     -    0s
     0     2 -10746.750    0   51 -10707.000 -10746.750  0.37%     -    0s
H   30    27                    -10727.00000 -10744.057  0.16%  25.6    0s

Cutting planes:
  Gomory: 9
  Cover: 33
  Clique: 5
  MIR: 31
  StrongCG: 25
  Zero half: 1

Explored 102 nodes (3721 simplex iterations) in 0.31 seconds (0.19 work units)
Thread count was 4 (of 56 available processors)

Solution count 10: -10727 -10707 -10647 ... -8212
No other solutions better than -10727

Optimal solution found (tolerance 1.00e-04)
Best objective -1.072700000000e+04, best bound -1.072700000000e+04, gap 0.0000%
