
Gurobi 9.5.0 (linux64) logging started Tue Apr 12 00:30:14 2022

Set parameter LogFile to value "/local_workspace/chenrui/LogFiles/MKAP/probT1_10e3_2S_R50_T002_M020_N0040_seed04_objLB_600.log"
Gurobi Optimizer version 9.5.0 build v9.5.0rc5 (linux64)
Thread count: 56 physical cores, 56 logical processors, using up to 4 threads
Optimize a model with 101 rows, 840 columns and 2480 nonzeros
Model fingerprint: 0xd1e758c0
Variable types: 0 continuous, 840 integer (840 binary)
Coefficient statistics:
  Matrix range     [1e+00, 1e+03]
  Objective range  [3e+02, 1e+03]
  Bounds range     [1e+00, 1e+00]
  RHS range        [1e+00, 1e+04]
Found heuristic solution: objective 0.0000000
Presolve removed 22 rows and 417 columns
Presolve time: 0.00s
Presolved: 79 rows, 423 columns, 1251 nonzeros
Variable types: 0 continuous, 423 integer (423 binary)
Found heuristic solution: objective -12340.00000

Root relaxation: objective -1.497300e+04, 151 iterations, 0.00 seconds (0.00 work units)

    Nodes    |    Current Node    |     Objective Bounds      |     Work
 Expl Unexpl |  Obj  Depth IntInf | Incumbent    BestBd   Gap | It/Node Time

     0     0 -14973.000    0    8 -12340.000 -14973.000  21.3%     -    0s
H    0     0                    -14240.00000 -14973.000  5.15%     -    0s
     0     0 -14973.000    0   15 -14240.000 -14973.000  5.15%     -    0s
H    0     0                    -14480.00000 -14973.000  3.40%     -    0s
H    0     0                    -14778.00000 -14973.000  1.32%     -    0s
H    0     0                    -14794.00000 -14973.000  1.21%     -    0s
     0     0 -14973.000    0    6 -14794.000 -14973.000  1.21%     -    0s
     0     0 -14973.000    0    7 -14794.000 -14973.000  1.21%     -    0s
H    0     0                    -14888.00000 -14973.000  0.57%     -    0s
     0     0 -14973.000    0    1 -14888.000 -14973.000  0.57%     -    0s
H    0     0                    -14955.00000 -14973.000  0.12%     -    0s
     0     0 -14973.000    0    4 -14955.000 -14973.000  0.12%     -    0s
     0     0 -14973.000    0    4 -14955.000 -14973.000  0.12%     -    0s
     0     2 -14973.000    0    4 -14955.000 -14973.000  0.12%     -    0s
*   46    33               7    -14963.00000 -14973.000  0.07%  10.6    0s
*  106    38              10    -14973.00000 -14973.000  0.00%  14.1    0s

Cutting planes:
  Gomory: 13
  Cover: 30
  Clique: 2
  MIR: 13
  StrongCG: 16
  GUB cover: 1
  Zero half: 1

Explored 131 nodes (3165 simplex iterations) in 0.11 seconds (0.06 work units)
Thread count was 4 (of 56 available processors)

Solution count 10: -14973 -14963 -14955 ... 0
No other solutions better than -14973

Optimal solution found (tolerance 1.00e-04)
Best objective -1.497300000000e+04, best bound -1.497300000000e+04, gap 0.0000%
