
Gurobi 9.5.0 (linux64) logging started Sun Apr 10 17:49:04 2022

Set parameter LogFile to value "/local_workspace/chenrui/LogFiles/MKAP/probT1_10e3_2S_R50_T005_M010_N0040_seed01_DWcutsT2_600.log"
Gurobi Optimizer version 9.5.0 build v9.5.0rc5 (linux64)
Thread count: 56 physical cores, 56 logical processors, using up to 4 threads
Optimize a model with 300 rows, 450 columns and 2548 nonzeros
Model fingerprint: 0x342ccc89
Variable types: 0 continuous, 450 integer (450 binary)
Coefficient statistics:
  Matrix range     [1e-13, 4e+03]
  Objective range  [2e+02, 1e+03]
  Bounds range     [1e+00, 1e+00]
  RHS range        [1e-13, 5e+01]
Warning: Model contains large matrix coefficient range
         Consider reformulating model or setting NumericFocus parameter
         to avoid numerical issues.
Found heuristic solution: objective 0.0000000
Presolve removed 63 rows and 118 columns
Presolve time: 0.01s
Presolved: 237 rows, 332 columns, 1668 nonzeros
Variable types: 0 continuous, 332 integer (332 binary)
Found heuristic solution: objective -6489.000000

Root relaxation: objective -1.492524e+04, 616 iterations, 0.01 seconds (0.01 work units)

    Nodes    |    Current Node    |     Objective Bounds      |     Work
 Expl Unexpl |  Obj  Depth IntInf | Incumbent    BestBd   Gap | It/Node Time

     0     0 -14925.243    0   37 -6489.0000 -14925.243   130%     -    0s
H    0     0                    -13920.00000 -14925.243  7.22%     -    0s
H    0     0                    -14520.00000 -14925.243  2.79%     -    0s
     0     0 -14922.607    0   80 -14520.000 -14922.607  2.77%     -    0s
H    0     0                    -14620.00000 -14922.607  2.07%     -    0s
     0     0 -14922.607    0   91 -14620.000 -14922.607  2.07%     -    0s
H    0     0                    -14638.00000 -14922.607  1.94%     -    0s
     0     0 -14922.607    0   89 -14638.000 -14922.607  1.94%     -    0s
     0     0 -14922.607    0   94 -14638.000 -14922.607  1.94%     -    0s
     0     0 -14921.328    0   86 -14638.000 -14921.328  1.94%     -    0s
H    0     0                    -14696.00000 -14921.124  1.53%     -    0s
     0     0 -14921.124    0   95 -14696.000 -14921.124  1.53%     -    0s
     0     0 -14919.585    0   92 -14696.000 -14919.585  1.52%     -    0s
     0     0 -14919.585    0   89 -14696.000 -14919.585  1.52%     -    0s
     0     2 -14919.102    0   87 -14696.000 -14919.102  1.52%     -    0s
*  539   272              17    -14708.00000 -14877.572  1.15%  20.5    0s
*  727   356              15    -14715.00000 -14873.050  1.07%  21.4    0s
* 2354   547              24    -14716.00000 -14828.856  0.77%  20.7    0s

Cutting planes:
  Cover: 78
  Clique: 40
  MIR: 14
  StrongCG: 7
  GUB cover: 1
  RLT: 3

Explored 5412 nodes (104941 simplex iterations) in 1.09 seconds (1.24 work units)
Thread count was 4 (of 56 available processors)

Solution count 10: -14716 -14715 -14708 ... 0
No other solutions better than -14716

Optimal solution found (tolerance 1.00e-04)
Best objective -1.471600000000e+04, best bound -1.471600000000e+04, gap 0.0000%
