
Gurobi 9.5.0 (linux64) logging started Sun Apr 10 17:22:35 2022

Set parameter LogFile to value "/local_workspace/chenrui/LogFiles/MKAP/probT1_10e3_0U_R50_T002_M010_N0020_seed05_DWcutsT1_600.log"
Gurobi Optimizer version 9.5.0 build v9.5.0rc5 (linux64)
Thread count: 56 physical cores, 56 logical processors, using up to 4 threads
Optimize a model with 88 rows, 220 columns and 847 nonzeros
Model fingerprint: 0xee085728
Variable types: 0 continuous, 220 integer (220 binary)
Coefficient statistics:
  Matrix range     [8e-11, 1e+03]
  Objective range  [4e+01, 1e+03]
  Bounds range     [1e+00, 1e+00]
  RHS range        [2e-10, 2e+02]
Warning: Model contains large matrix coefficient range
         Consider reformulating model or setting NumericFocus parameter
         to avoid numerical issues.
Found heuristic solution: objective 0.0000000
Presolve removed 26 rows and 110 columns
Presolve time: 0.00s
Presolved: 62 rows, 110 columns, 373 nonzeros
Found heuristic solution: objective -5584.000000
Variable types: 0 continuous, 110 integer (110 binary)

Root relaxation: objective -6.782099e+03, 66 iterations, 0.00 seconds (0.00 work units)

    Nodes    |    Current Node    |     Objective Bounds      |     Work
 Expl Unexpl |  Obj  Depth IntInf | Incumbent    BestBd   Gap | It/Node Time

     0     0 -6782.0989    0    2 -5584.0000 -6782.0989  21.5%     -    0s
H    0     0                    -6068.000000 -6782.0989  11.8%     -    0s
H    0     0                    -6782.000000 -6782.0989  0.00%     -    0s

Cutting planes:
  Cover: 2

Explored 1 nodes (66 simplex iterations) in 0.01 seconds (0.00 work units)
Thread count was 4 (of 56 available processors)

Solution count 4: -6782 -6068 -5584 0 
No other solutions better than -6782

Optimal solution found (tolerance 1.00e-04)
Best objective -6.781999999996e+03, best bound -6.781999999996e+03, gap 0.0000%
