
Gurobi 9.5.0 (linux64) logging started Mon Apr 11 14:56:05 2022

Set parameter LogFile to value "/local_workspace/chenrui/LogFiles/MKAP/probT1_10e3_2S_R50_T005_M010_N0060_seed07_DWcutsT1_600.log"
Gurobi Optimizer version 9.5.0 build v9.5.0rc5 (linux64)
Thread count: 56 physical cores, 56 logical processors, using up to 4 threads
Optimize a model with 220 rows, 650 columns and 2586 nonzeros
Model fingerprint: 0x8f9ea7da
Variable types: 0 continuous, 650 integer (650 binary)
Coefficient statistics:
  Matrix range     [2e-13, 4e+03]
  Objective range  [2e+02, 1e+03]
  Bounds range     [1e+00, 1e+00]
  RHS range        [1e-13, 1e+00]
Warning: Model contains large matrix coefficient range
         Consider reformulating model or setting NumericFocus parameter
         to avoid numerical issues.
Found heuristic solution: objective 0.0000000
Presolve removed 18 rows and 121 columns
Presolve time: 0.01s
Presolved: 202 rows, 529 columns, 2058 nonzeros
Variable types: 0 continuous, 529 integer (529 binary)
Found heuristic solution: objective -8085.000000

Root relaxation: objective -2.256237e+04, 737 iterations, 0.01 seconds (0.01 work units)

    Nodes    |    Current Node    |     Objective Bounds      |     Work
 Expl Unexpl |  Obj  Depth IntInf | Incumbent    BestBd   Gap | It/Node Time

     0     0 -22562.366    0   62 -8085.0000 -22562.366   179%     -    0s
H    0     0                    -20797.00000 -22562.366  8.49%     -    0s
H    0     0                    -21077.00000 -22562.366  7.05%     -    0s
H    0     0                    -21339.00000 -22562.366  5.73%     -    0s
H    0     0                    -21590.00000 -22562.366  4.50%     -    0s
     0     0 -22562.366    0  114 -21590.000 -22562.366  4.50%     -    0s
     0     0 -22562.366    0   80 -21590.000 -22562.366  4.50%     -    0s
     0     0 -22562.366    0   71 -21590.000 -22562.366  4.50%     -    0s
H    0     0                    -21945.00000 -22562.366  2.81%     -    0s
     0     0 -22562.366    0   63 -21945.000 -22562.366  2.81%     -    0s
     0     0 -22562.366    0   30 -21945.000 -22562.366  2.81%     -    0s
H    0     0                    -22063.00000 -22562.366  2.26%     -    0s
     0     0 -22562.366    0   56 -22063.000 -22562.366  2.26%     -    0s
     0     0 -22562.366    0   40 -22063.000 -22562.366  2.26%     -    0s
     0     0 -22562.366    0   40 -22063.000 -22562.366  2.26%     -    0s
     0     2 -22562.366    0   40 -22063.000 -22562.366  2.26%     -    0s
H   49    51                    -22094.00000 -22562.366  2.12%  85.1    0s
H  149   133                    -22204.00000 -22562.366  1.61%  43.1    0s
H  176   186                    -22275.00000 -22562.366  1.29%  38.6    0s
H  531   369                    -22280.00000 -22562.366  1.27%  27.3    0s
* 1688   869              50    -22329.00000 -22561.920  1.04%  28.8    1s
H 2876  1041                    -22334.00000 -22561.920  1.02%  25.3    1s
H 4850  2052                    -22348.00000 -22561.920  0.96%  24.3    1s
H 6672  2780                    -22355.00000 -22561.920  0.93%  23.0    2s
H 7395  3056                    -22360.00000 -22561.920  0.90%  22.4    2s
 20476  8143 -22433.061   42   25 -22360.000 -22555.861  0.88%  18.1    5s
 86205 34952     cutoff   45      -22360.000 -22541.764  0.81%  14.6   10s
 161690 58250 -22372.539   38   37 -22360.000 -22528.825  0.76%  13.3   15s
 243222 80602 -22436.288   52   34 -22360.000 -22518.292  0.71%  12.0   20s
 334473 104782 -22373.187   57    7 -22360.000 -22510.714  0.67%  11.2   25s
 418307 125585     cutoff   42      -22360.000 -22505.853  0.65%  10.6   30s
 503825 145861     cutoff   41      -22360.000 -22501.919  0.63%  10.1   35s
 593885 164743 -22395.724   53   23 -22360.000 -22497.962  0.62%   9.7   40s
 681908 182329     cutoff   50      -22360.000 -22494.767  0.60%   9.4   45s
 777071 200059 -22489.377   35   41 -22360.000 -22491.609  0.59%   9.1   50s
 869982 218185 -22487.016   63    8 -22360.000 -22488.904  0.58%   8.8   55s
 966412 237046 -22386.799   42   32 -22360.000 -22486.498  0.57%   8.6   60s
 1061171 253602 -22363.514   40   29 -22360.000 -22484.102  0.56%   8.4   65s
 1151512 268894 -22402.824   50   13 -22360.000 -22481.845  0.54%   8.3   70s
 1249819 285557 -22373.544   60   17 -22360.000 -22479.635  0.54%   8.1   75s
 1345254 302050 -22453.889   60   23 -22360.000 -22477.741  0.53%   8.0   80s
 1444783 318127     cutoff   48      -22360.000 -22475.833  0.52%   7.9   85s
 1546078 333358     cutoff   51      -22360.000 -22473.881  0.51%   7.8   90s
 1644062 348885 -22425.517   64   13 -22360.000 -22472.175  0.50%   7.7   95s
 1738884 363580     cutoff   56      -22360.000 -22470.594  0.49%   7.6  100s
 1837477 378130 -22396.947   46   23 -22360.000 -22468.991  0.49%   7.5  105s
 1935456 392303 -22388.826   58   13 -22360.000 -22467.447  0.48%   7.4  110s
 2034042 406321 -22453.605   41   31 -22360.000 -22465.929  0.47%   7.4  115s
 2133612 419285 -22431.109   55   24 -22360.000 -22464.407  0.47%   7.3  120s
 2229674 431684 -22404.080   53   22 -22360.000 -22462.996  0.46%   7.3  125s
 2334372 445110 -22419.522   49   43 -22360.000 -22461.570  0.45%   7.2  130s
 2447665 459088     cutoff   54      -22360.000 -22460.036  0.45%   7.2  135s
 2560575 473559 -22452.235   34   29 -22360.000 -22458.603  0.44%   7.1  140s
 2668598 486005     cutoff   47      -22360.000 -22457.147  0.43%   7.1  145s
 2781261 497961 -22364.781   59   11 -22360.000 -22455.783  0.43%   7.0  150s
 2895336 510976     cutoff   54      -22360.000 -22454.495  0.42%   7.0  155s
 3012080 523458     cutoff   63      -22360.000 -22453.134  0.42%   6.9  160s
 3124267 535120 -22374.942   48   35 -22360.000 -22451.851  0.41%   6.9  165s
 3240773 546435 -22377.980   44   12 -22360.000 -22450.563  0.41%   6.8  170s
 3355451 557191 -22406.631   67   20 -22360.000 -22449.300  0.40%   6.8  175s
 3465683 567369 -22363.943   48   25 -22360.000 -22448.115  0.39%   6.8  180s
 3578576 577483     cutoff   53      -22360.000 -22446.937  0.39%   6.7  185s
 3694220 588099 -22383.927   56   14 -22360.000 -22445.755  0.38%   6.7  190s
 3809356 597987 -22373.463   49   17 -22360.000 -22444.593  0.38%   6.7  195s
 3923753 606740 -22394.391   45   21 -22360.000 -22443.451  0.37%   6.7  200s
 4040521 616871 -22423.362   49   23 -22360.000 -22442.330  0.37%   6.6  205s
 4149629 625258 -22438.332   49   18 -22360.000 -22441.314  0.36%   6.6  210s
 4262242 634743 -22370.482   44   28 -22360.000 -22440.329  0.36%   6.6  215s
 4365473 641980 -22392.180   63    4 -22360.000 -22439.389  0.36%   6.6  220s
 4481209 650430 -22373.452   52   12 -22360.000 -22438.397  0.35%   6.5  225s
 4594228 657909 -22418.577   56   33 -22360.000 -22437.417  0.35%   6.5  230s
 4697363 664210 -22388.348   55    8 -22360.000 -22436.500  0.34%   6.5  235s
 4808673 672214 -22377.884   50   14 -22360.000 -22435.597  0.34%   6.5  240s
 4927669 680342 -22401.004   62   14 -22360.000 -22434.615  0.33%   6.5  245s
 5041633 686917 -22424.363   55   19 -22360.000 -22433.699  0.33%   6.5  250s
 5153973 694020     cutoff   53      -22360.000 -22432.870  0.33%   6.4  255s
 5262126 700119     cutoff   52      -22360.000 -22432.035  0.32%   6.4  260s
 5377965 705745 -22427.134   55   12 -22360.000 -22431.120  0.32%   6.4  265s
 5495209 712425 infeasible   57      -22360.000 -22430.252  0.31%   6.4  270s
 5606515 718004 -22413.555   43   27 -22360.000 -22429.422  0.31%   6.4  275s
 5724426 724713 -22418.653   54   25 -22360.000 -22428.574  0.31%   6.4  280s
 5838953 729013 -22384.588   46   26 -22360.000 -22427.718  0.30%   6.3  285s
 5955994 733450 -22423.941   49   28 -22360.000 -22426.864  0.30%   6.3  290s
 6062826 736466 -22375.608   57   21 -22360.000 -22426.062  0.30%   6.3  295s
 6174374 741311 -22411.114   30   26 -22360.000 -22425.318  0.29%   6.3  300s
 6287666 745352 -22390.389   48   37 -22360.000 -22424.574  0.29%   6.3  305s
 6404868 748988     cutoff   52      -22360.000 -22423.773  0.29%   6.3  310s
 6517868 751583 -22385.180   50   13 -22360.000 -22422.995  0.28%   6.3  315s
 6628297 754561 -22372.891   45   22 -22360.000 -22422.300  0.28%   6.3  320s
 6739560 757422 -22419.412   48   34 -22360.000 -22421.569  0.28%   6.3  325s
 6857696 760206 -22369.533   61    7 -22360.000 -22420.786  0.27%   6.3  330s
 6973815 762880 -22364.133   57   14 -22360.000 -22420.031  0.27%   6.3  335s
 7073322 763450 -22411.748   47   32 -22360.000 -22419.375  0.27%   6.2  340s
 7189980 764654 -22410.544   58   23 -22360.000 -22418.598  0.26%   6.2  345s
 7302875 765433     cutoff   50      -22360.000 -22417.864  0.26%   6.2  350s
 7415511 765708 -22417.118   54   19 -22360.000 -22417.120  0.26%   6.2  355s
 7529989 765377 -22416.254   64   19 -22360.000 -22416.370  0.25%   6.2  360s
 7647394 764934 -22371.377   42   25 -22360.000 -22415.604  0.25%   6.2  365s
 7756786 763855     cutoff   54      -22360.000 -22414.896  0.25%   6.2  370s
 7875263 762344     cutoff   61      -22360.000 -22414.129  0.24%   6.2  375s
 7987815 760445 -22396.363   54   12 -22360.000 -22413.378  0.24%   6.2  380s
 8104354 758297 -22395.575   65   12 -22360.000 -22412.619  0.24%   6.2  385s
 8219000 756160     cutoff   39      -22360.000 -22411.884  0.23%   6.2  390s
 8329343 754306 -22408.431   47   22 -22360.000 -22411.217  0.23%   6.2  395s
 8443682 751247 -22391.573   60   25 -22360.000 -22410.487  0.23%   6.2  400s
 8559312 748836 -22408.257   50   15 -22360.000 -22409.777  0.22%   6.2  405s
 8675093 744881 -22384.709   48   28 -22360.000 -22409.037  0.22%   6.2  410s
 8779961 741166 -22393.861   55   32 -22360.000 -22408.393  0.22%   6.2  415s
 8893166 737366     cutoff   48      -22360.000 -22407.696  0.21%   6.2  420s
 9009260 732413 -22381.777   59    6 -22360.000 -22406.958  0.21%   6.1  425s
 9122859 727023     cutoff   48      -22360.000 -22406.234  0.21%   6.1  430s
 9238715 720684     cutoff   51      -22360.000 -22405.464  0.20%   6.1  435s
 9353984 714502 -22378.118   49   16 -22360.000 -22404.721  0.20%   6.1  440s
 9468502 708873 -22367.755   32   29 -22360.000 -22403.997  0.20%   6.1  445s
 9574990 702272     cutoff   58      -22360.000 -22403.304  0.19%   6.1  450s
 9689453 694694 -22387.983   51   28 -22360.000 -22402.553  0.19%   6.1  455s
 9804733 686921     cutoff   51      -22360.000 -22401.797  0.19%   6.1  460s
 9918280 678876 -22369.867   55   15 -22360.000 -22401.063  0.18%   6.1  465s
 10034132 671007 -22391.972   61   24 -22360.000 -22400.308  0.18%   6.1  470s
 10150768 662687 -22388.144   36   33 -22360.000 -22399.542  0.18%   6.1  475s
 10266200 653252     cutoff   53      -22360.000 -22398.769  0.17%   6.1  480s
 10372685 642590     cutoff   58      -22360.000 -22398.009  0.17%   6.1  485s
 10486635 631494     cutoff   41      -22360.000 -22397.200  0.17%   6.1  490s
 10601613 619374 -22388.605   72   16 -22360.000 -22396.374  0.16%   6.1  495s
 10711173 608519 -22384.183   68    7 -22360.000 -22395.616  0.16%   6.1  500s
 10829126 595140     cutoff   43      -22360.000 -22394.766  0.16%   6.1  505s
 10941880 584730 -22384.569   57   23 -22360.000 -22394.022  0.15%   6.1  510s
 11059479 572937 -22387.660   55    4 -22360.000 -22393.229  0.15%   6.1  515s
 11171800 559874 -22386.141   48   22 -22360.000 -22392.414  0.14%   6.1  520s
 11277379 545275 -22383.966   57   13 -22360.000 -22391.578  0.14%   6.1  525s
 11391854 529408     cutoff   53      -22360.000 -22390.690  0.14%   6.1  530s
 11506844 512894     cutoff   55      -22360.000 -22389.784  0.13%   6.1  535s
 11619893 496772     cutoff   55      -22360.000 -22388.904  0.13%   6.1  540s
 11726853 479732 -22388.011   43   22 -22360.000 -22388.015  0.13%   6.1  545s
 11841102 460684     cutoff   56      -22360.000 -22387.041  0.12%   6.1  550s
 11954541 441399 -22379.402   60   16 -22360.000 -22386.048  0.12%   6.1  555s
 12065711 419513 -22371.111   46   23 -22360.000 -22385.000  0.11%   6.1  560s
 12176149 395971     cutoff   56      -22360.000 -22383.900  0.11%   6.1  565s
 12270598 373907 -22373.172   52   12 -22360.000 -22382.888  0.10%   6.1  570s
 12380630 349959 -22369.908   51   34 -22360.000 -22381.749  0.10%   6.1  575s
 12492126 322302     cutoff   59      -22360.000 -22380.478  0.09%   6.1  580s
 12600113 295062 -22371.806   49   36 -22360.000 -22379.180  0.09%   6.1  585s
 12713086 267197 -22370.228   58    6 -22360.000 -22377.845  0.08%   6.1  590s
 12818720 235098 -22376.301   55   10 -22360.000 -22376.306  0.07%   6.1  595s
 12922908 198778     cutoff   51      -22360.000 -22374.524  0.06%   6.1  600s

Cutting planes:
  Cover: 7
  Implied bound: 1
  Clique: 14
  MIR: 5
  StrongCG: 4
  Flow cover: 6
  RLT: 1

Explored 12923330 nodes (78232544 simplex iterations) in 600.00 seconds (629.42 work units)
Thread count was 4 (of 56 available processors)

Solution count 10: -22360 -22355 -22348 ... -22063

Time limit reached
Best objective -2.236000000000e+04, best bound -2.237400000000e+04, gap 0.0626%
