
Gurobi 9.5.0 (linux64) logging started Sun Apr 10 23:07:59 2022

Set parameter LogFile to value "/local_workspace/chenrui/LogFiles/MKAP/probT1_10e3_2S_R50_T002_M020_N0040_seed01_DWcutsT5_600.log"
Gurobi Optimizer version 9.5.0 build v9.5.0rc5 (linux64)
Thread count: 56 physical cores, 56 logical processors, using up to 4 threads
Optimize a model with 1285 rows, 840 columns and 24043 nonzeros
Model fingerprint: 0x7033accc
Variable types: 0 continuous, 840 integer (840 binary)
Coefficient statistics:
  Matrix range     [1e-13, 2e+03]
  Objective range  [2e+02, 1e+03]
  Bounds range     [1e+00, 1e+00]
  RHS range        [2e-13, 2e+02]
Warning: Model contains large matrix coefficient range
         Consider reformulating model or setting NumericFocus parameter
         to avoid numerical issues.
Found heuristic solution: objective 0.0000000
Presolve removed 512 rows and 423 columns
Presolve time: 0.06s
Presolved: 773 rows, 417 columns, 9945 nonzeros
Found heuristic solution: objective -11722.00000
Variable types: 0 continuous, 417 integer (417 binary)

Root relaxation: objective -1.478440e+04, 798 iterations, 0.03 seconds (0.04 work units)

    Nodes    |    Current Node    |     Objective Bounds      |     Work
 Expl Unexpl |  Obj  Depth IntInf | Incumbent    BestBd   Gap | It/Node Time

     0     0 -14784.396    0   69 -11722.000 -14784.396  26.1%     -    0s
H    0     0                    -14318.00000 -14784.396  3.26%     -    0s
H    0     0                    -14573.00000 -14784.396  1.45%     -    0s
     0     0 -14783.975    0   90 -14573.000 -14783.975  1.45%     -    0s
     0     0 -14783.975    0   87 -14573.000 -14783.975  1.45%     -    0s
     0     0 -14783.967    0   85 -14573.000 -14783.967  1.45%     -    0s
     0     0 -14783.964    0   77 -14573.000 -14783.964  1.45%     -    0s
     0     0 -14781.136    0   91 -14573.000 -14781.136  1.43%     -    0s
     0     0 -14780.844    0   91 -14573.000 -14780.844  1.43%     -    0s
     0     0 -14780.844    0   92 -14573.000 -14780.844  1.43%     -    0s
     0     0 -14780.108    0   82 -14573.000 -14780.108  1.42%     -    0s
     0     0 -14780.108    0   82 -14573.000 -14780.108  1.42%     -    0s
H    0     0                    -14606.00000 -14780.108  1.19%     -    0s
     0     2 -14780.108    0   82 -14606.000 -14780.108  1.19%     -    0s
H   35    40                    -14608.00000 -14779.848  1.18%  67.6    0s
 11637  3221 -14709.998   32    5 -14608.000 -14735.719  0.87%  30.8    5s
*14147  3808              37    -14611.00000 -14731.029  0.82%  30.6    5s
H14363  3748                    -14632.00000 -14731.022  0.68%  30.6    5s
*19322  4351              40    -14640.00000 -14722.435  0.56%  30.2    6s
 21153  4569 -14698.989   38   82 -14640.000 -14719.856  0.55%  30.1   10s
 28099  4340     cutoff   44      -14640.000 -14719.856  0.55%  30.0   15s

Cutting planes:
  Cover: 16
  Clique: 2
  MIR: 33
  StrongCG: 10
  Flow cover: 23
  GUB cover: 1
  Zero half: 2
  RLT: 4

Explored 48872 nodes (1321759 simplex iterations) in 19.73 seconds (35.39 work units)
Thread count was 4 (of 56 available processors)

Solution count 10: -14640 -14632 -14611 ... 0

Optimal solution found (tolerance 1.00e-04)
Best objective -1.464000000000e+04, best bound -1.464100000000e+04, gap 0.0068%
