
Gurobi 9.5.0 (linux64) logging started Mon Apr 11 21:50:57 2022

Set parameter LogFile to value "/local_workspace/chenrui/LogFiles/MKAP/probT1_10e3_2S_R50_T002_M010_N0060_seed04_DWcutsT2_600.log"
Gurobi Optimizer version 9.5.0 build v9.5.0rc5 (linux64)
Thread count: 56 physical cores, 56 logical processors, using up to 4 threads
Optimize a model with 146 rows, 620 columns and 2973 nonzeros
Model fingerprint: 0x3a11bdd4
Variable types: 0 continuous, 620 integer (620 binary)
Coefficient statistics:
  Matrix range     [2e-13, 4e+03]
  Objective range  [3e+02, 1e+03]
  Bounds range     [1e+00, 1e+00]
  RHS range        [1e-10, 6e+00]
Warning: Model contains large matrix coefficient range
         Consider reformulating model or setting NumericFocus parameter
         to avoid numerical issues.
Found heuristic solution: objective 0.0000000
Presolve removed 10 rows and 42 columns
Presolve time: 0.01s
Presolved: 136 rows, 578 columns, 2755 nonzeros
Variable types: 0 continuous, 578 integer (578 binary)
Found heuristic solution: objective -22800.00000

Root relaxation: objective -2.403218e+04, 355 iterations, 0.00 seconds (0.00 work units)

    Nodes    |    Current Node    |     Objective Bounds      |     Work
 Expl Unexpl |  Obj  Depth IntInf | Incumbent    BestBd   Gap | It/Node Time

     0     0 -24032.176    0   23 -22800.000 -24032.176  5.40%     -    0s
H    0     0                    -23091.00000 -24032.176  4.08%     -    0s
H    0     0                    -23155.00000 -24032.176  3.79%     -    0s
     0     0 -24032.176    0   39 -23155.000 -24032.176  3.79%     -    0s
H    0     0                    -23337.00000 -24032.176  2.98%     -    0s
     0     0 -24032.176    0   43 -23337.000 -24032.176  2.98%     -    0s
H    0     0                    -23351.00000 -24032.176  2.92%     -    0s
     0     0 -24032.176    0   54 -23351.000 -24032.176  2.92%     -    0s
     0     0 -24032.176    0   38 -23351.000 -24032.176  2.92%     -    0s
     0     2 -24032.176    0   33 -23351.000 -24032.176  2.92%     -    0s
H   43    55                    -23488.00000 -24032.176  2.32%  16.9    0s
H  654   605                    -23644.00000 -24032.176  1.64%   4.8    0s
H 1415  1132                    -23668.00000 -24032.176  1.54%   5.0    0s
H 1420  1078                    -23705.00000 -24032.176  1.38%   4.9    0s
H 1455  1051                    -23712.00000 -24032.176  1.35%   6.0    0s
H 2553  1578                    -23745.00000 -24032.176  1.21%   6.0    0s
H22048 14369                    -23751.00000 -24032.176  1.18%   4.7    2s
H26949 17409                    -23754.00000 -24032.176  1.17%   4.7    2s
H73628 40305                    -23782.00007 -24032.176  1.05%   4.7    4s
 73863 41475 -23862.070   51   10 -23782.000 -24032.176  1.05%   4.7    5s
 176308 97840 -23888.441   90   10 -23782.000 -24032.176  1.05%   4.9   10s
 259381 148719 -23917.457   57   11 -23782.000 -24032.176  1.05%   5.1   15s
 342280 199750 -24010.277   55   19 -23782.000 -24032.176  1.05%   5.4   20s
H409649 239241                    -23783.00000 -24032.176  1.05%   5.5   24s
 422978 247522 -24031.420   55   25 -23783.000 -24032.176  1.05%   5.5   25s
 503647 297284     cutoff   75      -23783.000 -24032.176  1.05%   5.6   30s
H547837 323027                    -23784.00000 -24032.176  1.04%   5.6   32s
 579705 342392 -23938.697   56   24 -23784.000 -24032.176  1.04%   5.6   35s
 661140 391266 -23878.778   64   25 -23784.000 -24032.176  1.04%   5.7   40s
 745778 443652 -23949.225   72   16 -23784.000 -24032.176  1.04%   5.7   45s
H771941 457342                    -23785.00000 -24032.176  1.04%   5.6   46s
 831318 495449 -23821.582  106   10 -23785.000 -24032.176  1.04%   5.6   50s
H868996 337993                    -23866.00000 -24032.176  0.70%   5.6   52s
 913674 365320 -23926.545   44   15 -23866.000 -24032.176  0.70%   5.6   55s
H973148 184016                    -23949.00000 -24032.176  0.35%   5.6   59s
 988158 191058     cutoff   50      -23949.000 -24032.176  0.35%   5.6   60s
H998374 150806                    -23967.00000 -24032.176  0.27%   5.6   61s
 1027686 158441 -23995.000   82   16 -23967.000 -23995.000  0.12%   5.7   65s
 1091394 165522 -23985.582  100   15 -23967.000 -23995.000  0.12%   5.8   70s
 1144053 171756     cutoff   82      -23967.000 -23995.000  0.12%   5.9   75s
 1189223 174939 -23995.000   80   18 -23967.000 -23995.000  0.12%   6.1   80s
 1233649 174783     cutoff  104      -23967.000 -23995.000  0.12%   6.3   85s
 1277936 177010     cutoff   69      -23967.000 -23995.000  0.12%   6.5   90s
H1298665 135387                    -23985.00000 -23995.000  0.04%   6.5   92s
 1309645 135481     cutoff   91      -23985.000 -23995.000  0.04%   6.6   95s
 1360255 133678 -23995.000   84   13 -23985.000 -23995.000  0.04%   6.7  100s
 1405970 126663     cutoff  101      -23985.000 -23995.000  0.04%   6.9  105s
 1457389 119470 -23991.411   77   37 -23985.000 -23995.000  0.04%   6.9  110s
 1500965 112746 -23992.000   93   16 -23985.000 -23995.000  0.04%   7.1  115s
 1540095 104945     cutoff   99      -23985.000 -23995.000  0.04%   7.2  120s
 1581043 98846     cutoff   86      -23985.000 -23995.000  0.04%   7.3  125s
 1626668 96572 -23995.000   97   18 -23985.000 -23995.000  0.04%   7.3  130s
 1669675 89686 -23993.772  115   22 -23985.000 -23995.000  0.04%   7.4  135s
 1707650 83670 -23994.889  102   14 -23985.000 -23995.000  0.04%   7.5  140s
 1747664 91212 -23994.922  112   34 -23985.000 -23995.000  0.04%   7.6  145s
 1784573 98422 -23995.000   85   34 -23985.000 -23995.000  0.04%   7.7  150s
 1819952 105434 -23995.000   98   13 -23985.000 -23995.000  0.04%   7.8  155s
 1859332 111487 -23995.000   81   32 -23985.000 -23995.000  0.04%   7.9  160s
 1894341 113719 -23995.000   83   27 -23985.000 -23995.000  0.04%   8.0  165s
 1926698 118269 -23995.000   86   26 -23985.000 -23995.000  0.04%   8.1  170s
 1964915 127499     cutoff  107      -23985.000 -23995.000  0.04%   8.1  175s
 2000955 135616 -23986.669  105   26 -23985.000 -23995.000  0.04%   8.2  180s
 2037939 143751 -23994.504   98   32 -23985.000 -23995.000  0.04%   8.2  185s
 2073531 149663 -23991.485  101   40 -23985.000 -23995.000  0.04%   8.3  190s
 2102399 151728     cutoff  113      -23985.000 -23995.000  0.04%   8.4  195s
 2134472 153658     cutoff   86      -23985.000 -23995.000  0.04%   8.4  200s
 2164598 155722 -23995.000   86   27 -23985.000 -23995.000  0.04%   8.5  205s
 2197360 159544 -23995.000   86   31 -23985.000 -23995.000  0.04%   8.5  210s
 2235011 165163 -23989.168   82   37 -23985.000 -23995.000  0.04%   8.6  215s
 2269729 171927     cutoff  113      -23985.000 -23995.000  0.04%   8.6  220s
 2303989 177664     cutoff   98      -23985.000 -23995.000  0.04%   8.7  225s
 2337873 182390 -23994.935   95   17 -23985.000 -23995.000  0.04%   8.7  230s
 2370798 188024 -23995.000   93   24 -23985.000 -23995.000  0.04%   8.8  235s
 2401503 193298     cutoff   96      -23985.000 -23995.000  0.04%   8.8  240s
 2433834 200925 -23994.346  102   24 -23985.000 -23995.000  0.04%   8.9  245s
 2469388 208786     cutoff   94      -23985.000 -23995.000  0.04%   8.9  250s
 2506785 220206     cutoff   94      -23985.000 -23995.000  0.04%   9.0  255s
 2543505 227130     cutoff  104      -23985.000 -23995.000  0.04%   9.0  260s
 2583596 232380 -23995.000  109   26 -23985.000 -23995.000  0.04%   9.0  265s
 2613577 238890 -23992.753  121   40 -23985.000 -23995.000  0.04%   9.0  270s
 2650579 245426 -23995.000  107   13 -23985.000 -23995.000  0.04%   9.0  275s
 2688925 251946     cutoff  112      -23985.000 -23995.000  0.04%   9.0  280s
 2728956 257754     cutoff  113      -23985.000 -23995.000  0.04%   9.0  285s
 2774061 263815 -23994.780  102   22 -23985.000 -23995.000  0.04%   9.0  290s
 2815575 270722 -23991.870  113   26 -23985.000 -23995.000  0.04%   9.0  295s
 2852464 277504 -23994.509  107   21 -23985.000 -23995.000  0.04%   9.0  300s
 2892138 285259 infeasible  108      -23985.000 -23995.000  0.04%   9.0  305s
 2922303 293899     cutoff  113      -23985.000 -23995.000  0.04%   9.0  310s
 2956203 302535 -23987.984   95   20 -23985.000 -23995.000  0.04%   9.0  315s
 2991064 312960     cutoff  106      -23985.000 -23995.000  0.04%   9.1  320s
 3023762 319849     cutoff  108      -23985.000 -23995.000  0.04%   9.1  325s
 3063539 327059 -23986.000  109   22 -23985.000 -23995.000  0.04%   9.1  330s
 3096954 331994     cutoff  107      -23985.000 -23995.000  0.04%   9.1  335s
 3126754 337258 -23993.000  116   17 -23985.000 -23995.000  0.04%   9.2  340s
 3158172 344728 -23995.000   82   23 -23985.000 -23995.000  0.04%   9.2  345s
 3196194 351756 -23992.622  108   32 -23985.000 -23995.000  0.04%   9.2  350s
 3226365 357653 -23992.225  118   33 -23985.000 -23995.000  0.04%   9.2  355s
 3261979 366861 -23995.000  104   34 -23985.000 -23995.000  0.04%   9.3  360s
 3294609 374663     cutoff   94      -23985.000 -23995.000  0.04%   9.3  365s
 3326166 383767 -23994.901  114   33 -23985.000 -23995.000  0.04%   9.3  370s
 3355913 390308     cutoff  106      -23985.000 -23995.000  0.04%   9.3  375s
 3391722 398546 -23995.000  106   31 -23985.000 -23995.000  0.04%   9.4  380s
 3424178 406260     cutoff  110      -23985.000 -23995.000  0.04%   9.4  385s
 3450674 411825     cutoff  104      -23985.000 -23995.000  0.04%   9.4  390s
 3483835 420462     cutoff   80      -23985.000 -23995.000  0.04%   9.4  395s
 3514815 427595 -23993.370  106   33 -23985.000 -23995.000  0.04%   9.5  400s
 3546638 437578 -23991.921  125   21 -23985.000 -23995.000  0.04%   9.5  405s
 3582613 444320 -23994.451  100   34 -23985.000 -23995.000  0.04%   9.5  410s
 3615185 449839     cutoff  109      -23985.000 -23995.000  0.04%   9.5  415s
 3651006 458053 -23995.000   98   21 -23985.000 -23995.000  0.04%   9.5  420s
 3685061 466770 -23994.645   97   35 -23985.000 -23995.000  0.04%   9.5  425s
 3719317 474909     cutoff  101      -23985.000 -23995.000  0.04%   9.6  430s
 3752400 482864 -23995.000  114   15 -23985.000 -23995.000  0.04%   9.6  435s
 3783507 490029 -23992.071  103   26 -23985.000 -23995.000  0.04%   9.6  440s
 3817611 497545 -23995.000   95   29 -23985.000 -23995.000  0.04%   9.6  445s
 3851479 505401     cutoff  109      -23985.000 -23995.000  0.04%   9.6  450s
 3889729 514348 -23994.797  105   30 -23985.000 -23995.000  0.04%   9.6  455s
 3923931 523412 -23991.053  103   33 -23985.000 -23995.000  0.04%   9.7  460s
 3958158 532740     cutoff  105      -23985.000 -23995.000  0.04%   9.7  465s
 3993114 541479 -23994.902  105   21 -23985.000 -23995.000  0.04%   9.7  470s
 4023762 548241 -23995.000   93   19 -23985.000 -23995.000  0.04%   9.7  475s
 4057310 555899 -23991.591   95   23 -23985.000 -23995.000  0.04%   9.7  480s
 4091461 564706 -23995.000  104   32 -23985.000 -23995.000  0.04%   9.7  485s
 4125428 571500 -23991.297  102   36 -23985.000 -23995.000  0.04%   9.7  490s
 4157789 577039     cutoff  109      -23985.000 -23995.000  0.04%   9.7  495s
 4188580 583986     cutoff  113      -23985.000 -23995.000  0.04%   9.7  500s
 4219405 589722 -23994.925  101   35 -23985.000 -23995.000  0.04%   9.8  505s
 4250167 594803     cutoff  113      -23985.000 -23995.000  0.04%   9.8  510s
 4282267 600698 -23991.000  103   21 -23985.000 -23995.000  0.04%   9.8  515s
 4314420 605708 -23994.138  111   20 -23985.000 -23995.000  0.04%   9.8  520s
 4342816 611979 -23987.067  117   16 -23985.000 -23995.000  0.04%   9.8  525s
 4378302 619739     cutoff  106      -23985.000 -23995.000  0.04%   9.8  530s
 4412481 626912 -23988.639  125   31 -23985.000 -23995.000  0.04%   9.8  535s
 4445519 633035     cutoff  101      -23985.000 -23995.000  0.04%   9.9  540s
 4474644 637787     cutoff   92      -23985.000 -23995.000  0.04%   9.9  545s
 4505109 642487 -23995.000  120   30 -23985.000 -23995.000  0.04%   9.9  550s
 4540583 649540     cutoff  100      -23985.000 -23995.000  0.04%   9.9  555s
 4576474 656961 -23995.000   91   24 -23985.000 -23995.000  0.04%   9.9  560s
 4604902 660656     cutoff   71      -23985.000 -23995.000  0.04%   9.9  565s
 4635469 664708     cutoff  107      -23985.000 -23995.000  0.04%  10.0  570s
 4670076 669590     cutoff  121      -23985.000 -23995.000  0.04%  10.0  575s
 4702341 674926 -23991.586   94   21 -23985.000 -23995.000  0.04%  10.0  580s
 4739598 682601 -23991.093  106   13 -23985.000 -23995.000  0.04%  10.0  585s
 4772520 688939 -23994.807  119   18 -23985.000 -23995.000  0.04%  10.0  590s
 4807652 695199     cutoff   97      -23985.000 -23995.000  0.04%  10.0  595s
 4839927 700005 -23995.000  117   14 -23985.000 -23995.000  0.04%  10.0  600s

Cutting planes:
  Gomory: 16
  Lift-and-project: 3
  Cover: 63
  Clique: 16
  MIR: 116
  StrongCG: 87
  Flow cover: 24
  Zero half: 8
  RLT: 5

Explored 4840488 nodes (48477330 simplex iterations) in 600.01 seconds (864.02 work units)
Thread count was 4 (of 56 available processors)

Solution count 10: -23985 -23967 -23949 ... -23751

Time limit reached
Best objective -2.398500000000e+04, best bound -2.399500000000e+04, gap 0.0417%
