
Gurobi 9.5.0 (linux64) logging started Mon Apr 11 21:19:44 2022

Set parameter LogFile to value "/local_workspace/chenrui/LogFiles/MKAP/probT1_10e3_0U_R50_T005_M020_N0020_seed09_DWcutsT2_600.log"
Gurobi Optimizer version 9.5.0 build v9.5.0rc5 (linux64)
Thread count: 56 physical cores, 56 logical processors, using up to 4 threads
Optimize a model with 525 rows, 500 columns and 2368 nonzeros
Model fingerprint: 0x8a9d4f5b
Variable types: 0 continuous, 500 integer (500 binary)
Coefficient statistics:
  Matrix range     [4e-10, 1e+03]
  Objective range  [8e+01, 1e+03]
  Bounds range     [1e+00, 1e+00]
  RHS range        [1e+00, 1e+02]
Warning: Model contains large matrix coefficient range
         Consider reformulating model or setting NumericFocus parameter
         to avoid numerical issues.
Found heuristic solution: objective 0.0000000
Presolve removed 521 rows and 496 columns
Presolve time: 0.00s
Presolved: 4 rows, 4 columns, 8 nonzeros
Found heuristic solution: objective -3978.000000
Variable types: 0 continuous, 4 integer (4 binary)

Root relaxation: cutoff, 0 iterations, 0.00 seconds (0.00 work units)

Explored 1 nodes (0 simplex iterations) in 0.00 seconds (0.00 work units)
Thread count was 4 (of 56 available processors)

Solution count 2: -3978 0 
No other solutions better than -3978

Optimal solution found (tolerance 1.00e-04)
Best objective -3.978000000000e+03, best bound -3.978000000000e+03, gap 0.0000%
