
Gurobi 9.5.0 (linux64) logging started Mon Apr 11 09:49:27 2022

Set parameter LogFile to value "/local_workspace/chenrui/LogFiles/MKAP/probT1_10e3_0U_R50_T005_M010_N0020_seed03_DWcutsT1_600.log"
Gurobi Optimizer version 9.5.0 build v9.5.0rc5 (linux64)
Thread count: 56 physical cores, 56 logical processors, using up to 4 threads
Optimize a model with 180 rows, 250 columns and 962 nonzeros
Model fingerprint: 0x9ce0c2a1
Variable types: 0 continuous, 250 integer (250 binary)
Coefficient statistics:
  Matrix range     [7e-06, 1e+03]
  Objective range  [2e+01, 1e+03]
  Bounds range     [1e+00, 1e+00]
  RHS range        [2e-05, 3e+02]
Found heuristic solution: objective 0.0000000
Presolve removed 92 rows and 124 columns
Presolve time: 0.00s
Presolved: 88 rows, 126 columns, 336 nonzeros
Found heuristic solution: objective -4721.000000
Variable types: 0 continuous, 126 integer (126 binary)

Root relaxation: objective -6.346000e+03, 103 iterations, 0.00 seconds (0.00 work units)

    Nodes    |    Current Node    |     Objective Bounds      |     Work
 Expl Unexpl |  Obj  Depth IntInf | Incumbent    BestBd   Gap | It/Node Time

*    0     0               0    -6346.000074 -6346.0001  0.00%     -    0s

Explored 1 nodes (103 simplex iterations) in 0.00 seconds (0.00 work units)
Thread count was 4 (of 56 available processors)

Solution count 3: -6346 -4721 0 
No other solutions better than -6346

Optimal solution found (tolerance 1.00e-04)
Best objective -6.346000073813e+03, best bound -6.346000073971e+03, gap 0.0000%
