
Gurobi 9.5.0 (linux64) logging started Wed Apr 13 23:28:45 2022

Set parameter LogFile to value "/local_workspace/chenrui/LogFiles/MKAP/probT2_10e3_2S_R50_T002_M010_N0080_seed01_DWcutsT1_600.log"
Gurobi Optimizer version 9.5.0 build v9.5.0rc5 (linux64)
Thread count: 56 physical cores, 56 logical processors, using up to 4 threads
Optimize a model with 150 rows, 820 columns and 3280 nonzeros
Model fingerprint: 0x0dfc7907
Variable types: 0 continuous, 820 integer (820 binary)
Coefficient statistics:
  Matrix range     [7e-05, 4e+03]
  Objective range  [2e+02, 1e+03]
  Bounds range     [1e+00, 1e+00]
  RHS range        [7e-04, 1e+00]
Found heuristic solution: objective 0.0000000
Presolve removed 10 rows and 158 columns
Presolve time: 0.01s
Presolved: 140 rows, 662 columns, 2665 nonzeros
Variable types: 0 continuous, 662 integer (662 binary)
Found heuristic solution: objective -26146.00000

Root relaxation: objective -3.044328e+04, 676 iterations, 0.01 seconds (0.01 work units)

    Nodes    |    Current Node    |     Objective Bounds      |     Work
 Expl Unexpl |  Obj  Depth IntInf | Incumbent    BestBd   Gap | It/Node Time

     0     0 -30443.281    0   15 -26146.000 -30443.281  16.4%     -    0s
H    0     0                    -29671.00000 -30443.281  2.60%     -    0s
H    0     0                    -29789.00000 -30443.281  2.20%     -    0s
H    0     0                    -29991.00000 -30443.281  1.51%     -    0s
     0     0 -30443.281    0   36 -29991.000 -30443.281  1.51%     -    0s
     0     0 -30443.281    0   64 -29991.000 -30443.281  1.51%     -    0s
     0     0 -30443.281    0   20 -29991.000 -30443.281  1.51%     -    0s
     0     0 -30443.281    0   15 -29991.000 -30443.281  1.51%     -    0s
H    0     0                    -30188.00000 -30443.281  0.85%     -    0s
     0     2 -30443.281    0   11 -30188.000 -30443.281  0.85%     -    0s
H 1038   877                    -30201.00000 -30443.281  0.80%   4.6    0s
H 1081   864                    -30208.00000 -30443.273  0.78%   7.2    0s
H 1082   822                    -30212.00000 -30443.273  0.77%   7.2    0s
H 1644  1113                    -30213.00000 -30443.273  0.76%   7.0    1s
 71577 49613     cutoff   71      -30213.000 -30443.273  0.76%   3.8    5s
H127886 81469                    -30220.00000 -30443.273  0.74%   3.8    7s
 173664 109953     cutoff   74      -30220.000 -30443.273  0.74%   3.8   10s
H201326 126533                    -30221.00000 -30443.273  0.74%   3.8   11s
H270820 170410                    -30222.00000 -30443.273  0.73%   3.8   14s
 281409 177390 -30439.956   72   15 -30222.000 -30443.273  0.73%   3.8   15s
 380200 239169 -30405.279   59   23 -30222.000 -30443.273  0.73%   3.8   20s
 483864 302163 -30301.878   90    7 -30222.000 -30443.273  0.73%   3.8   25s
 590041 367975 -30443.067   58   21 -30222.000 -30443.273  0.73%   3.8   30s
 685777 427977 -30432.005   60   13 -30222.000 -30443.273  0.73%   3.8   35s
 778974 487333 -30396.998   89   11 -30222.000 -30443.273  0.73%   3.9   40s
 866724 539813 infeasible   85      -30222.000 -30443.273  0.73%   3.9   45s
 957394 598869 -30309.790  136   15 -30222.000 -30443.273  0.73%   3.9   50s
 1051565 665243 -30369.247   84    9 -30222.000 -30443.273  0.73%   3.8   55s
 1145987 731984 -30247.453  133    8 -30222.000 -30443.273  0.73%   3.8   60s
 1236603 788436 -30398.601   78   11 -30222.000 -30443.273  0.73%   3.8   65s
 1324440 843623 -30424.591   78   21 -30222.000 -30443.273  0.73%   3.9   70s
 1409532 898421 -30388.079   81   13 -30222.000 -30443.273  0.73%   3.9   75s
 1490740 948090 -30229.458  134    7 -30222.000 -30443.273  0.73%   3.9   80s
 1572227 996912 -30404.194   99   10 -30222.000 -30443.273  0.73%   3.9   85s
 1656081 1046498     cutoff  116      -30222.000 -30443.273  0.73%   4.0   90s
 1734564 1092548 -30440.856   82   19 -30222.000 -30443.273  0.73%   4.0   95s
 1817323 1142647     cutoff  110      -30222.000 -30443.273  0.73%   4.0  100s
 1898706 1192555 -30433.838   65   18 -30222.000 -30443.273  0.73%   4.1  105s
 1981269 1244374 infeasible   76      -30222.000 -30443.273  0.73%   4.1  110s
 2063430 1293286 -30432.005   66   13 -30222.000 -30443.273  0.73%   4.1  115s
 2147983 1346720 -30231.457   80   15 -30222.000 -30443.273  0.73%   4.1  120s
 2229718 1397006 -30414.806   67    8 -30222.000 -30443.273  0.73%   4.1  125s
 2314756 1448610 -30318.252   98   17 -30222.000 -30443.273  0.73%   4.1  130s
 2395558 1498387 -30433.014   72   16 -30222.000 -30443.273  0.73%   4.1  135s
 2477963 1551589 -30398.396   86   16 -30222.000 -30443.273  0.73%   4.2  140s
 2561483 1604467 infeasible   90      -30222.000 -30443.273  0.73%   4.2  145s
 2646005 1656855 -30443.273   67   22 -30222.000 -30443.273  0.73%   4.2  150s
 2741806 1717029 -30259.274   80   10 -30222.000 -30443.273  0.73%   4.2  155s
 2829918 1770788 -30432.437   73   21 -30222.000 -30443.273  0.73%   4.1  160s
 2925672 1829010 -30441.889   63   22 -30222.000 -30443.273  0.73%   4.1  165s
 3021933 1886706 -30229.712  110    8 -30222.000 -30443.273  0.73%   4.1  170s
 3115993 1942704 -30395.145   76   10 -30222.000 -30443.273  0.73%   4.1  175s
 3215016 2003718 -30439.568   62   12 -30222.000 -30443.273  0.73%   4.1  180s
 3307349 2058514 -30439.245   66   23 -30222.000 -30443.273  0.73%   4.1  185s
 3398674 2114065 -30312.754   70   12 -30222.000 -30443.273  0.73%   4.0  190s
 3490892 2169380 -30356.582   68   11 -30222.000 -30443.273  0.73%   4.0  195s
 3580024 2224515 -30356.312   81   22 -30222.000 -30443.273  0.73%   4.0  200s
 3678998 2286009 -30247.813  129   11 -30222.000 -30443.273  0.73%   4.0  205s
 3768749 2342603 -30385.417   75   10 -30222.000 -30443.273  0.73%   4.0  210s
 3859443 2399684 -30248.675  151    7 -30222.000 -30443.273  0.73%   4.0  215s
 3954828 2458910 -30272.763   64   11 -30222.000 -30443.273  0.73%   4.0  220s
 4044806 2515818     cutoff   89      -30222.000 -30443.273  0.73%   4.0  225s
 4129435 2568676 -30329.826   73   11 -30222.000 -30443.273  0.73%   4.0  230s
 4220079 2622849 -30284.085   86    6 -30222.000 -30443.273  0.73%   4.0  235s
 4312224 2681009 -30442.384   61   16 -30222.000 -30443.273  0.73%   4.0  240s
 4400211 2736507 -30256.375   71   16 -30222.000 -30443.273  0.73%   4.0  245s
H4468051 2740860                    -30224.00000 -30443.273  0.73%   4.0  249s
H4469094 2622680                    -30232.00000 -30443.273  0.70%   4.0  249s
 4471952 2624757 -30233.489  134    8 -30232.000 -30443.273  0.70%   4.0  250s
H4483247 2577536                    -30237.00000 -30443.273  0.68%   4.0  250s
 4549296 2617074 -30443.068   67   22 -30237.000 -30443.273  0.68%   4.0  255s
H4579658 2599283                    -30240.00025 -30443.273  0.67%   4.0  256s
 4625140 2627514 -30430.062   75   12 -30240.000 -30443.273  0.67%   4.0  260s
 4704015 2677161 -30313.467   96    8 -30240.000 -30443.273  0.67%   4.0  265s
 4786441 2725469 -30435.548   64   14 -30240.000 -30443.273  0.67%   4.0  270s
 4874743 2778023 -30318.425   99   24 -30240.000 -30443.273  0.67%   4.0  275s
 4955284 2829321 -30433.757   63   16 -30240.000 -30443.273  0.67%   4.0  280s
 5042092 2884455 -30443.273   49   18 -30240.000 -30443.273  0.67%   4.0  285s
 5124775 2936645 -30288.931   68   16 -30240.000 -30443.273  0.67%   4.0  290s
H5124777 2924111                    -30241.00000 -30443.273  0.67%   4.0  290s
 5194919 2966097 -30397.071   52   21 -30241.000 -30443.273  0.67%   4.0  295s
 5279023 3014175 -30407.248   77   15 -30241.000 -30443.273  0.67%   4.0  300s
 5362540 3062845 -30424.521   71   21 -30241.000 -30443.273  0.67%   4.0  305s
 5446186 3113521 -30426.179   71   12 -30241.000 -30443.273  0.67%   4.1  310s
 5531680 3164211 -30427.149   60   13 -30241.000 -30443.273  0.67%   4.1  315s
 5618867 3216169 -30303.574   91    7 -30241.000 -30443.273  0.67%   4.1  320s
 5704245 3266519     cutoff   78      -30241.000 -30443.273  0.67%   4.1  325s
 5795007 3320390 -30437.531   59   14 -30241.000 -30443.273  0.67%   4.1  330s
 5877585 3369238 -30424.645   71   33 -30241.000 -30443.273  0.67%   4.1  335s
 5957400 3416251     cutoff   51      -30241.000 -30443.273  0.67%   4.1  340s
 6036650 3463144 -30384.770   70   15 -30241.000 -30443.273  0.67%   4.1  345s
 6126217 3517772     cutoff  109      -30241.000 -30443.273  0.67%   4.1  350s
 6210843 3568815 -30295.232  109   15 -30241.000 -30443.273  0.67%   4.1  355s
 6296337 3619395 -30366.629  133    9 -30241.000 -30443.273  0.67%   4.1  360s
 6385517 3671232     cutoff   98      -30241.000 -30443.273  0.67%   4.1  365s
 6465693 3717077 -30443.273   58   18 -30241.000 -30443.273  0.67%   4.1  370s
 6546362 3764216 -30326.291   74   10 -30241.000 -30443.273  0.67%   4.1  375s
 6625809 3813405 -30392.171   82    8 -30241.000 -30443.273  0.67%   4.1  380s
 6706560 3862147 -30271.605  121    6 -30241.000 -30443.273  0.67%   4.1  385s
 6789154 3911473 -30372.775   72   12 -30241.000 -30443.273  0.67%   4.1  390s
 6873496 3961795 -30252.014   79   10 -30241.000 -30443.273  0.67%   4.1  395s
 6955148 4011003 -30252.014   85    9 -30241.000 -30443.273  0.67%   4.1  400s
 7038296 4062645 -30243.141  114   11 -30241.000 -30443.273  0.67%   4.1  405s
 7115143 4108524 -30435.548   69   13 -30241.000 -30443.273  0.67%   4.2  410s
 7200623 4157103 -30382.278   94   16 -30241.000 -30443.273  0.67%   4.2  415s
 7277540 4202300 -30435.170   71   14 -30241.000 -30443.273  0.67%   4.2  420s
 7359930 4250583 -30432.005   66   12 -30241.000 -30443.273  0.67%   4.2  425s
 7445108 4301192 -30249.887  104   10 -30241.000 -30443.273  0.67%   4.2  430s
 7528058 4351802 -30430.062   72   14 -30241.000 -30443.273  0.67%   4.2  435s
 7603229 4397273 -30252.014   84    9 -30241.000 -30443.273  0.67%   4.2  440s
 7689546 4449986 -30265.107   78   10 -30241.000 -30443.273  0.67%   4.2  445s
 7770598 4497403 -30420.393   89   17 -30241.000 -30443.273  0.67%   4.2  450s
 7857197 4546760 -30360.526   86    8 -30241.000 -30443.273  0.67%   4.2  455s
 7933636 4592135     cutoff   70      -30241.000 -30443.273  0.67%   4.2  460s
H8013618 4623097                    -30242.00000 -30443.273  0.67%   4.2  465s
 8085753 4666819 -30273.136   71   25 -30242.000 -30443.273  0.67%   4.2  470s
 8166704 4715658 -30423.262   76   20 -30242.000 -30443.273  0.67%   4.2  475s
 8249197 4766969 -30365.157   85   14 -30242.000 -30443.273  0.67%   4.2  480s
 8332820 4815990 -30308.949   73   13 -30242.000 -30443.273  0.67%   4.2  485s
 8414064 4863651 -30313.804   88   10 -30242.000 -30443.273  0.67%   4.2  490s
 8493259 4910890 -30331.789   66   15 -30242.000 -30443.273  0.67%   4.2  495s
 8578120 4961418 -30301.784   57   19 -30242.000 -30443.273  0.67%   4.2  500s
 8658541 5009225 -30295.732   82   20 -30242.000 -30443.273  0.67%   4.2  505s
 8741275 5058028 -30435.548   73   13 -30242.000 -30443.273  0.67%   4.2  510s
 8819891 5106097 -30435.373   75   12 -30242.000 -30443.273  0.67%   4.2  515s
 8901630 5156097 -30432.005   65   12 -30242.000 -30443.273  0.67%   4.2  520s
 8983803 5205733 -30257.698  136    6 -30242.000 -30443.273  0.67%   4.2  525s
 9065787 5254272 -30278.692  131    6 -30242.000 -30443.273  0.67%   4.2  530s
 9144741 5301816     cutoff   92      -30242.000 -30443.273  0.67%   4.3  535s
 9219051 5345251 -30442.760   55   21 -30242.000 -30443.273  0.67%   4.3  540s
 9299870 5394004 -30303.186   75   14 -30242.000 -30443.273  0.67%   4.3  545s
 9385655 5444152 -30381.986   90   12 -30242.000 -30443.273  0.67%   4.3  550s
 9466362 5493581 -30431.730   65   18 -30242.000 -30443.273  0.67%   4.3  555s
 9544433 5541534 -30427.737   69   11 -30242.000 -30443.273  0.67%   4.3  560s
 9625692 5591344     cutoff   93      -30242.000 -30443.273  0.67%   4.3  565s
 9701975 5636694 -30423.720   58   22 -30242.000 -30443.273  0.67%   4.3  570s
 9788892 5686341 -30362.754   61   12 -30242.000 -30443.273  0.67%   4.3  575s
 9870185 5733282 -30246.584  104   25 -30242.000 -30443.273  0.67%   4.3  580s
 9946385 5776726 -30269.439   65   10 -30242.000 -30443.273  0.67%   4.3  585s
 10027667 5823912 -30443.273   48   24 -30242.000 -30443.273  0.67%   4.3  590s
 10103085 5869506     cutoff   82      -30242.000 -30443.273  0.67%   4.3  595s
 10182262 5916258 -30367.298   54   19 -30242.000 -30443.273  0.67%   4.3  600s

Cutting planes:
  Gomory: 5
  Cover: 14
  Clique: 43
  MIR: 7
  StrongCG: 9
  Flow cover: 15
  RLT: 2

Explored 10182457 nodes (43749076 simplex iterations) in 600.00 seconds (615.83 work units)
Thread count was 4 (of 56 available processors)

Solution count 10: -30242 -30241 -30240 ... -30213

Time limit reached
Best objective -3.024200000000e+04, best bound -3.044300000000e+04, gap 0.6646%
