
Gurobi 9.5.0 (linux64) logging started Mon Apr 11 17:22:09 2022

Set parameter LogFile to value "/local_workspace/chenrui/LogFiles/MKAP/probT1_10e3_1W_R50_T005_M010_N0020_seed04_DWcutsT3_600.log"
Gurobi Optimizer version 9.5.0 build v9.5.0rc5 (linux64)
Thread count: 56 physical cores, 56 logical processors, using up to 4 threads
Optimize a model with 480 rows, 250 columns and 1501 nonzeros
Model fingerprint: 0x279f6373
Variable types: 0 continuous, 250 integer (250 binary)
Coefficient statistics:
  Matrix range     [1e+00, 1e+03]
  Objective range  [6e+01, 9e+02]
  Bounds range     [1e+00, 1e+00]
  RHS range        [1e+00, 6e+01]
Found heuristic solution: objective 0.0000000
Presolve removed 426 rows and 130 columns
Presolve time: 0.00s
Presolved: 54 rows, 120 columns, 274 nonzeros
Found heuristic solution: objective -4130.000000
Variable types: 0 continuous, 120 integer (120 binary)

Root relaxation: objective -6.043000e+03, 83 iterations, 0.00 seconds (0.00 work units)

    Nodes    |    Current Node    |     Objective Bounds      |     Work
 Expl Unexpl |  Obj  Depth IntInf | Incumbent    BestBd   Gap | It/Node Time

     0     0 -6043.0000    0    6 -4130.0000 -6043.0000  46.3%     -    0s
H    0     0                    -5519.000000 -6043.0000  9.49%     -    0s
H    0     0                    -5893.000000 -6043.0000  2.55%     -    0s
H    0     0                    -6043.000000 -6043.0000  0.00%     -    0s
     0     0 -6043.0000    0    6 -6043.0000 -6043.0000  0.00%     -    0s

Explored 1 nodes (83 simplex iterations) in 0.00 seconds (0.00 work units)
Thread count was 4 (of 56 available processors)

Solution count 5: -6043 -5893 -5519 ... 0
No other solutions better than -6043

Optimal solution found (tolerance 1.00e-04)
Best objective -6.043000000000e+03, best bound -6.043000000000e+03, gap 0.0000%
