
Gurobi 9.5.0 (linux64) logging started Sun Apr 10 21:18:49 2022

Set parameter LogFile to value "/local_workspace/chenrui/LogFiles/MKAP/probT1_10e3_2S_R50_T002_M020_N0040_seed05_DWcuts_600.log"
Gurobi Optimizer version 9.5.0 build v9.5.0rc5 (linux64)
Thread count: 56 physical cores, 56 logical processors, using up to 4 threads
Optimize a model with 140 rows, 840 columns and 2520 nonzeros
Model fingerprint: 0x24bd9890
Variable types: 0 continuous, 840 integer (840 binary)
Coefficient statistics:
  Matrix range     [3e-11, 1e+03]
  Objective range  [2e+02, 1e+03]
  Bounds range     [1e+00, 1e+00]
  RHS range        [2e-11, 2e+01]
Warning: Model contains large matrix coefficient range
         Consider reformulating model or setting NumericFocus parameter
         to avoid numerical issues.
Found heuristic solution: objective 0.0000000
Presolve removed 31 rows and 422 columns
Presolve time: 0.00s
Presolved: 109 rows, 418 columns, 1179 nonzeros
Found heuristic solution: objective -12216.00000
Variable types: 0 continuous, 418 integer (418 binary)

Root relaxation: objective -1.450000e+04, 225 iterations, 0.00 seconds (0.00 work units)

    Nodes    |    Current Node    |     Objective Bounds      |     Work
 Expl Unexpl |  Obj  Depth IntInf | Incumbent    BestBd   Gap | It/Node Time

     0     0 -14500.002    0   23 -12216.000 -14500.002  18.7%     -    0s
H    0     0                    -13919.00000 -14500.002  4.17%     -    0s
H    0     0                    -14106.00000 -14500.002  2.79%     -    0s
H    0     0                    -14342.00000 -14500.002  1.10%     -    0s
     0     0 -14500.002    0   37 -14342.000 -14500.002  1.10%     -    0s
     0     0 -14500.002    0   36 -14342.000 -14500.002  1.10%     -    0s
     0     0 -14500.000    0    9 -14342.000 -14500.000  1.10%     -    0s
     0     0 -14500.000    0    7 -14342.000 -14500.000  1.10%     -    0s
     0     0 -14500.000    0   11 -14342.000 -14500.000  1.10%     -    0s
H    0     0                    -14348.00000 -14500.000  1.06%     -    0s
     0     0 -14500.000    0   24 -14348.000 -14500.000  1.06%     -    0s
     0     0 -14500.000    0   24 -14348.000 -14500.000  1.06%     -    0s
     0     2 -14500.000    0   22 -14348.000 -14500.000  1.06%     -    0s
*  160   191               4    -14500.00000 -14500.000  0.00%   9.5    0s

Cutting planes:
  Gomory: 2
  Cover: 25
  MIR: 25
  StrongCG: 13
  Mod-K: 1
  RLT: 1

Explored 235 nodes (2418 simplex iterations) in 0.13 seconds (0.08 work units)
Thread count was 4 (of 56 available processors)

Solution count 7: -14500 -14348 -14342 ... 0
No other solutions better than -14500

Optimal solution found (tolerance 1.00e-04)
Best objective -1.450000000273e+04, best bound -1.450000000280e+04, gap 0.0000%
