
Gurobi 9.5.0 (linux64) logging started Tue Apr 12 03:10:58 2022

Set parameter LogFile to value "/local_workspace/chenrui/LogFiles/MKAP/probT1_10e3_2S_R50_T002_M020_N0060_seed04_DWcutsT3_600.log"
Gurobi Optimizer version 9.5.0 build v9.5.0rc5 (linux64)
Thread count: 56 physical cores, 56 logical processors, using up to 4 threads
Optimize a model with 438 rows, 1240 columns and 12142 nonzeros
Model fingerprint: 0x1c60ffbc
Variable types: 0 continuous, 1240 integer (1240 binary)
Coefficient statistics:
  Matrix range     [1e-13, 2e+03]
  Objective range  [3e+02, 1e+03]
  Bounds range     [1e+00, 1e+00]
  RHS range        [2e-13, 1e+02]
Warning: Model contains large matrix coefficient range
         Consider reformulating model or setting NumericFocus parameter
         to avoid numerical issues.
Found heuristic solution: objective 0.0000000
Presolve removed 62 rows and 433 columns
Presolve time: 0.03s
Presolved: 376 rows, 807 columns, 7759 nonzeros
Found heuristic solution: objective -21423.00000
Variable types: 0 continuous, 807 integer (807 binary)
Found heuristic solution: objective -21984.00000

Root relaxation: objective -2.395458e+04, 1523 iterations, 0.04 seconds (0.05 work units)

    Nodes    |    Current Node    |     Objective Bounds      |     Work
 Expl Unexpl |  Obj  Depth IntInf | Incumbent    BestBd   Gap | It/Node Time

     0     0 -23954.576    0   58 -21984.000 -23954.576  8.96%     -    0s
H    0     0                    -22121.00000 -23954.576  8.29%     -    0s
H    0     0                    -22651.00000 -23954.576  5.76%     -    0s
H    0     0                    -23342.00000 -23954.576  2.62%     -    0s
     0     0 -23954.576    0   66 -23342.000 -23954.576  2.62%     -    0s
H    0     0                    -23346.00000 -23954.576  2.61%     -    0s
H    0     0                    -23412.00000 -23954.576  2.32%     -    0s
H    0     0                    -23424.00000 -23954.576  2.27%     -    0s
     0     0 -23954.576    0   63 -23424.000 -23954.576  2.27%     -    0s
H    0     0                    -23584.00000 -23954.576  1.57%     -    0s
     0     0 -23954.576    0   68 -23584.000 -23954.576  1.57%     -    0s
     0     0 -23954.576    0   71 -23584.000 -23954.576  1.57%     -    0s
     0     0 -23954.576    0   62 -23584.000 -23954.576  1.57%     -    0s
     0     0 -23954.576    0   59 -23584.000 -23954.576  1.57%     -    0s
     0     2 -23954.576    0   59 -23584.000 -23954.576  1.57%     -    0s
H   29    33                    -23653.00000 -23954.576  1.28%   133    0s
H   71    80                    -23679.00000 -23954.576  1.16%  98.3    0s
H  537   554                    -23866.00000 -23954.576  0.37%  36.9    1s
H  805   835                    -23902.00000 -23954.576  0.22%  37.2    1s
H 1241   787                    -23911.00000 -23954.576  0.18%  38.4    3s
H 1281   792                    -23923.00000 -23954.576  0.13%  41.6    3s
  3889  2033 -23954.576   35   10 -23923.000 -23954.576  0.13%  35.5    5s
 12667  8035 -23953.242   38   72 -23923.000 -23954.576  0.13%  30.5   10s
 21233 13701 -23945.996   46   59 -23923.000 -23954.576  0.13%  33.8   15s
 21345 13784 -23948.614   92  158 -23923.000 -23948.614  0.11%  34.8   20s
 25057 15297 -23942.393  118  110 -23923.000 -23944.883  0.09%  38.1   25s
 31406 16917 -23943.118  102  126 -23923.000 -23944.309  0.09%  41.8   30s
 32064 16718 -23943.513  121  171 -23923.000 -23944.268  0.09%  42.2   35s
 32104 16741 -23939.170  109  138 -23923.000 -23944.268  0.09%  42.5   40s
 34533 17921 -23929.616  160  105 -23923.000 -23944.137  0.09%  45.0   45s
 39781 19413 -23940.381  134  137 -23923.000 -23943.029  0.08%  49.1   50s
 44558 20616 -23937.672  163  127 -23923.000 -23942.444  0.08%  52.8   55s
 49786 21668 -23938.560  132  115 -23923.000 -23941.925  0.08%  56.4   60s
 54502 22678 -23940.163  126  134 -23923.000 -23941.579  0.08%  58.8   65s
 59360 23244 -23938.357  142  142 -23923.000 -23941.253  0.08%  61.5   70s
 64221 23936 -23924.050  177   88 -23923.000 -23940.971  0.08%  63.6   75s
 69173 24720 -23937.450  134  129 -23923.000 -23940.756  0.07%  65.0   80s
 73678 25252 -23939.878  127  117 -23923.000 -23940.528  0.07%  66.4   85s
 78717 25913 -23937.879  138  140 -23923.000 -23940.375  0.07%  67.6   90s
 83856 27365 -23933.977  158  123 -23923.000 -23940.218  0.07%  68.7   95s
 88570 29734 -23934.422  162  122 -23923.000 -23940.088  0.07%  69.5  100s
 93879 32169 -23927.132  158   90 -23923.000 -23939.948  0.07%  70.4  105s
 99152 34570 -23939.222  131  121 -23923.000 -23939.815  0.07%  71.2  110s
 104103 36933 -23937.866  129  136 -23923.000 -23939.712  0.07%  71.7  115s
 109252 39423 -23935.708  165  119 -23923.000 -23939.592  0.07%  72.3  120s
 114242 41499     cutoff  146      -23923.000 -23939.492  0.07%  72.8  125s
 119794 44066 -23928.324  158   87 -23923.000 -23939.371  0.07%  73.3  130s
 125049 46229 -23937.180  167  106 -23923.000 -23939.272  0.07%  73.8  135s
 129777 48346 -23929.349  123  129 -23923.000 -23939.191  0.07%  74.2  140s
 134531 50629 -23928.838  154  115 -23923.000 -23939.102  0.07%  74.4  145s
 140013 53179 -23934.640  183  108 -23923.000 -23938.999  0.07%  74.8  150s
 145342 55579     cutoff  160      -23923.000 -23938.924  0.07%  75.1  155s
 150125 57580     cutoff  134      -23923.000 -23938.846  0.07%  75.3  160s
 155500 59854 -23935.656  154  135 -23923.000 -23938.768  0.07%  75.6  165s
 160863 62163     cutoff  152      -23923.000 -23938.697  0.07%  75.8  170s
 166078 64494 -23928.804  147   90 -23923.000 -23938.624  0.07%  76.0  175s
 170844 66739 -23932.958  166  118 -23923.000 -23938.559  0.07%  76.1  180s
 176213 69064 -23927.730  133  106 -23923.000 -23938.491  0.06%  76.1  185s
 181891 71500 -23930.419  144   92 -23923.000 -23938.421  0.06%  76.2  190s
 187489 74017 -23928.612  153  144 -23923.000 -23938.354  0.06%  76.3  195s
 192455 76077 -23926.456  155  125 -23923.000 -23938.293  0.06%  76.5  200s
 197816 78320 -23929.623  146  112 -23923.000 -23938.238  0.06%  76.6  205s
 203155 80407 -23928.609  147  127 -23923.000 -23938.171  0.06%  76.7  210s
 208854 82679 -23937.245  144  124 -23923.000 -23938.111  0.06%  76.8  215s
 214403 84923 -23925.566  129  119 -23923.000 -23938.053  0.06%  76.8  220s
 219959 87425 -23925.497  161  107 -23923.000 -23937.995  0.06%  76.8  225s
 225217 89685 -23935.919  142  133 -23923.000 -23937.945  0.06%  76.9  230s
 230445 91612 -23933.047  134  100 -23923.000 -23937.890  0.06%  76.9  235s
 236082 94069 -23933.994  168  109 -23923.000 -23937.833  0.06%  77.0  240s
 241368 96226 -23928.470  178  142 -23923.000 -23937.774  0.06%  77.1  245s
 246993 98634 -23927.063  166   75 -23923.000 -23937.717  0.06%  77.1  250s
 252994 101330 -23924.885  136   83 -23923.000 -23937.663  0.06%  77.1  255s
 257739 103184 -23935.014  131  135 -23923.000 -23937.622  0.06%  77.1  260s
 263781 105687     cutoff  162      -23923.000 -23937.572  0.06%  77.1  265s
 269114 107735 -23934.690  132  130 -23923.000 -23937.523  0.06%  77.1  270s
 274861 109943 -23926.096  167  113 -23923.000 -23937.471  0.06%  77.1  275s
 280339 112257 -23925.222  178  113 -23923.000 -23937.427  0.06%  77.1  280s
 286212 114503     cutoff  153      -23923.000 -23937.382  0.06%  77.1  285s
 291175 116361 -23928.479  174  126 -23923.000 -23937.342  0.06%  77.1  290s
 297248 118711 -23925.451  152  127 -23923.000 -23937.290  0.06%  77.1  295s
 303264 121061 -23930.177  133  108 -23923.000 -23937.241  0.06%  77.1  300s
 308706 123397 -23935.743  133  130 -23923.000 -23937.200  0.06%  77.0  305s
 314345 125326 -23924.400  194   84 -23923.000 -23937.159  0.06%  77.0  310s
 319846 127437 -23926.928  149   90 -23923.000 -23937.117  0.06%  77.0  315s
 325657 129530 -23925.774  163  114 -23923.000 -23937.074  0.06%  77.0  320s
 330815 131439     cutoff  160      -23923.000 -23937.037  0.06%  77.0  325s
 336857 133661 -23928.319  149  118 -23923.000 -23936.989  0.06%  77.0  330s
 342205 135748 -23934.030  182   97 -23923.000 -23936.948  0.06%  77.0  335s
 348266 138051     cutoff  143      -23923.000 -23936.908  0.06%  76.9  340s
 353759 139856 -23926.213  165  129 -23923.000 -23936.867  0.06%  76.9  345s
 358897 141854 -23924.048  150  123 -23923.000 -23936.834  0.06%  76.9  350s
 365170 144195 -23935.892  155  135 -23923.000 -23936.793  0.06%  76.8  355s
 370940 146216     cutoff  184      -23923.000 -23936.753  0.06%  76.8  360s
 377298 148499 -23933.076  167  129 -23923.000 -23936.716  0.06%  76.7  365s
 383245 150685 -23932.997  186  104 -23923.000 -23936.674  0.06%  76.6  370s
 389151 152950 -23931.172  130   84 -23923.000 -23936.635  0.06%  76.6  375s
 394742 155042     cutoff  169      -23923.000 -23936.595  0.06%  76.6  380s
 400468 157171 -23929.628  161  110 -23923.000 -23936.563  0.06%  76.5  385s
 406824 159628 -23924.827  116  112 -23923.000 -23936.526  0.06%  76.5  390s
 412785 161890 -23929.442  144   86 -23923.000 -23936.491  0.06%  76.4  395s
 418548 163981     cutoff  182      -23923.000 -23936.458  0.06%  76.3  400s
 424769 166156 -23936.070  167  145 -23923.000 -23936.421  0.06%  76.3  405s
 431318 168679     cutoff  153      -23923.000 -23936.385  0.06%  76.2  410s
 436594 170526 -23928.857  147  140 -23923.000 -23936.358  0.06%  76.2  415s
 442976 172925 -23929.050  165  134 -23923.000 -23936.320  0.06%  76.1  420s
 448346 174684 -23929.083  173  104 -23923.000 -23936.295  0.06%  76.1  425s
 453976 176728 -23928.615  178  104 -23923.000 -23936.264  0.06%  76.1  430s
 460048 178790     cutoff  199      -23923.000 -23936.230  0.06%  76.0  435s
 465905 180998     cutoff  126      -23923.000 -23936.203  0.06%  76.0  440s
 471456 182949     cutoff  149      -23923.000 -23936.174  0.06%  75.9  445s
 477038 184829 -23930.177  142  101 -23923.000 -23936.143  0.05%  75.9  450s
 482678 186811 -23931.131  148  116 -23923.000 -23936.111  0.05%  75.9  455s
 488913 188825 -23932.673  162  116 -23923.000 -23936.082  0.05%  75.9  460s
 494303 190709     cutoff  144      -23923.000 -23936.052  0.05%  75.9  465s
 500952 193003 -23930.101  154  122 -23923.000 -23936.020  0.05%  75.8  470s
 506310 194804 -23927.506  169   85 -23923.000 -23935.994  0.05%  75.8  475s
 512210 196800 -23927.900  139  147 -23923.000 -23935.966  0.05%  75.8  480s
 517864 198854 -23929.826  126  122 -23923.000 -23935.936  0.05%  75.7  485s
 522884 200548 -23927.180  193  120 -23923.000 -23935.913  0.05%  75.7  490s
 528575 202523     cutoff  206      -23923.000 -23935.888  0.05%  75.7  495s
 534548 204436 -23934.370  145  114 -23923.000 -23935.860  0.05%  75.7  500s
 540631 206426     cutoff  171      -23923.000 -23935.833  0.05%  75.6  505s
 547027 208682 -23928.078  144   75 -23923.000 -23935.806  0.05%  75.6  510s
 552631 210551 -23931.266  165  122 -23923.000 -23935.778  0.05%  75.5  515s
 558668 212452 -23924.287  149   90 -23923.000 -23935.750  0.05%  75.5  520s
 564158 214191 -23924.552  141   83 -23923.000 -23935.726  0.05%  75.5  525s
 570530 216356 -23928.750  165   71 -23923.000 -23935.699  0.05%  75.4  530s
 576716 218482     cutoff  170      -23923.000 -23935.672  0.05%  75.4  535s
 582699 220410 -23933.177  148   89 -23923.000 -23935.647  0.05%  75.4  540s
 587957 222142 -23930.160  166  129 -23923.000 -23935.622  0.05%  75.4  545s
 594213 224031 -23932.947  162  105 -23923.000 -23935.597  0.05%  75.3  550s
 600928 226262 -23931.101  132  114 -23923.000 -23935.571  0.05%  75.3  555s
 606909 228216 -23931.723  155   77 -23923.000 -23935.543  0.05%  75.2  560s
 611902 229766 -23933.588  157  112 -23923.000 -23935.522  0.05%  75.2  565s
 617725 231623 -23933.372  150   97 -23923.000 -23935.497  0.05%  75.2  570s
 623714 233412     cutoff  158      -23923.000 -23935.470  0.05%  75.2  575s
 629822 235374 -23930.626  147  103 -23923.000 -23935.447  0.05%  75.1  580s
 635911 237099 -23928.939  169  131 -23923.000 -23935.422  0.05%  75.1  585s
 641386 238726 -23929.151  167  140 -23923.000 -23935.401  0.05%  75.1  590s
 647433 240477 -23925.449  138  143 -23923.000 -23935.374  0.05%  75.0  595s
 653881 242281 -23933.982  171  131 -23923.000 -23935.350  0.05%  75.0  600s

Cutting planes:
  Gomory: 1
  Cover: 71
  Clique: 11
  MIR: 334
  StrongCG: 188
  Flow cover: 44
  Inf proof: 1
  Zero half: 1
  RLT: 5

Explored 654070 nodes (49055604 simplex iterations) in 600.00 seconds (1408.71 work units)
Thread count was 4 (of 56 available processors)

Solution count 10: -23923 -23911 -23902 ... -23346

Time limit reached
Best objective -2.392300000000e+04, best bound -2.393500000000e+04, gap 0.0502%

Gurobi 9.5.0 (linux64) logging started Tue Apr 12 15:41:33 2022

Set parameter LogFile to value "/local_workspace/chenrui/LogFiles/MKAP/probT1_10e3_2S_R50_T002_M020_N0060_seed04_DWcutsT3_600.log"
Gurobi Optimizer version 9.5.0 build v9.5.0rc5 (linux64)
Thread count: 56 physical cores, 56 logical processors, using up to 4 threads
Optimize a model with 438 rows, 1240 columns and 12142 nonzeros
Model fingerprint: 0x1c60ffbc
Variable types: 0 continuous, 1240 integer (1240 binary)
Coefficient statistics:
  Matrix range     [1e-13, 2e+03]
  Objective range  [3e+02, 1e+03]
  Bounds range     [1e+00, 1e+00]
  RHS range        [2e-13, 1e+02]
Warning: Model contains large matrix coefficient range
         Consider reformulating model or setting NumericFocus parameter
         to avoid numerical issues.
Found heuristic solution: objective 0.0000000
Presolve removed 62 rows and 433 columns
Presolve time: 0.03s
Presolved: 376 rows, 807 columns, 7759 nonzeros
Found heuristic solution: objective -21423.00000
Variable types: 0 continuous, 807 integer (807 binary)
Found heuristic solution: objective -21984.00000

Root relaxation: objective -2.395458e+04, 1523 iterations, 0.04 seconds (0.05 work units)

    Nodes    |    Current Node    |     Objective Bounds      |     Work
 Expl Unexpl |  Obj  Depth IntInf | Incumbent    BestBd   Gap | It/Node Time

     0     0 -23954.576    0   58 -21984.000 -23954.576  8.96%     -    0s
H    0     0                    -22121.00000 -23954.576  8.29%     -    0s
H    0     0                    -22651.00000 -23954.576  5.76%     -    0s
H    0     0                    -23342.00000 -23954.576  2.62%     -    0s
     0     0 -23954.576    0   66 -23342.000 -23954.576  2.62%     -    0s
H    0     0                    -23346.00000 -23954.576  2.61%     -    0s
H    0     0                    -23412.00000 -23954.576  2.32%     -    0s
H    0     0                    -23424.00000 -23954.576  2.27%     -    0s
     0     0 -23954.576    0   63 -23424.000 -23954.576  2.27%     -    0s
H    0     0                    -23584.00000 -23954.576  1.57%     -    0s
     0     0 -23954.576    0   68 -23584.000 -23954.576  1.57%     -    0s
     0     0 -23954.576    0   71 -23584.000 -23954.576  1.57%     -    0s
     0     0 -23954.576    0   62 -23584.000 -23954.576  1.57%     -    0s
     0     0 -23954.576    0   59 -23584.000 -23954.576  1.57%     -    0s
     0     2 -23954.576    0   59 -23584.000 -23954.576  1.57%     -    0s
H   29    33                    -23653.00000 -23954.576  1.28%   133    0s
H   71    80                    -23679.00000 -23954.576  1.16%  98.3    0s
H  537   554                    -23866.00000 -23954.576  0.37%  36.9    1s
H  805   835                    -23902.00000 -23954.576  0.22%  37.2    1s
H 1241   787                    -23911.00000 -23954.576  0.18%  38.4    3s
H 1281   792                    -23923.00000 -23954.576  0.13%  41.6    3s
  3889  2033 -23954.576   35   10 -23923.000 -23954.576  0.13%  35.5    5s
 12667  8035 -23953.242   38   72 -23923.000 -23954.576  0.13%  30.5   10s
 21233 13701 -23945.996   46   59 -23923.000 -23954.576  0.13%  33.8   15s
 21345 13784 -23948.614   92  158 -23923.000 -23948.614  0.11%  34.8   20s
 25057 15297 -23942.393  118  110 -23923.000 -23944.883  0.09%  38.1   25s
 31406 16917 -23943.118  102  126 -23923.000 -23944.309  0.09%  41.8   30s
 32064 16718 -23943.513  121  171 -23923.000 -23944.268  0.09%  42.2   35s
 32104 16741 -23939.170  109  138 -23923.000 -23944.268  0.09%  42.5   40s
 34533 17921 -23929.616  160  105 -23923.000 -23944.137  0.09%  45.0   45s
 39781 19413 -23940.381  134  137 -23923.000 -23943.029  0.08%  49.1   50s
 44558 20616 -23937.672  163  127 -23923.000 -23942.444  0.08%  52.8   55s
 49786 21668 -23938.560  132  115 -23923.000 -23941.925  0.08%  56.4   60s
 54502 22678 -23940.163  126  134 -23923.000 -23941.579  0.08%  58.8   65s
 59360 23244 -23938.357  142  142 -23923.000 -23941.253  0.08%  61.5   70s
 64221 23936 -23924.050  177   88 -23923.000 -23940.971  0.08%  63.6   75s
 69173 24720 -23937.450  134  129 -23923.000 -23940.756  0.07%  65.0   80s
 73034 25100 -23933.709  158  109 -23923.000 -23940.552  0.07%  66.2   85s
 78717 25913 -23937.879  138  140 -23923.000 -23940.375  0.07%  67.6   90s
 83193 27096 -23936.701  163  133 -23923.000 -23940.243  0.07%  68.6   95s
 88570 29734 -23934.422  162  122 -23923.000 -23940.088  0.07%  69.5  100s
 93879 32169 -23927.132  158   90 -23923.000 -23939.948  0.07%  70.4  105s
 99152 34570 -23939.222  131  121 -23923.000 -23939.815  0.07%  71.2  110s
 104103 36933 -23937.866  129  136 -23923.000 -23939.712  0.07%  71.7  115s
 109252 39423 -23935.708  165  119 -23923.000 -23939.592  0.07%  72.3  120s
 114242 41499     cutoff  146      -23923.000 -23939.492  0.07%  72.8  125s
 119794 44066 -23928.324  158   87 -23923.000 -23939.371  0.07%  73.3  130s
 125049 46229 -23937.180  167  106 -23923.000 -23939.272  0.07%  73.8  135s
 129777 48346 -23929.349  123  129 -23923.000 -23939.191  0.07%  74.2  140s
 134531 50629 -23928.838  154  115 -23923.000 -23939.102  0.07%  74.4  145s
 140013 53179 -23934.640  183  108 -23923.000 -23938.999  0.07%  74.8  150s
 144982 55371     cutoff  136      -23923.000 -23938.927  0.07%  75.0  155s
 150125 57580     cutoff  134      -23923.000 -23938.846  0.07%  75.3  160s
 155500 59854 -23935.656  154  135 -23923.000 -23938.768  0.07%  75.6  165s
 160863 62163     cutoff  152      -23923.000 -23938.697  0.07%  75.8  170s
 166078 64494 -23928.804  147   90 -23923.000 -23938.624  0.07%  76.0  175s
 171508 67090 -23932.982  149   69 -23923.000 -23938.553  0.07%  76.1  180s
 176213 69064 -23927.730  133  106 -23923.000 -23938.491  0.06%  76.1  185s
 181891 71500 -23930.419  144   92 -23923.000 -23938.421  0.06%  76.2  190s
 187489 74017 -23928.612  153  144 -23923.000 -23938.354  0.06%  76.3  195s
 192455 76077 -23926.456  155  125 -23923.000 -23938.293  0.06%  76.5  200s
 197816 78320 -23929.623  146  112 -23923.000 -23938.238  0.06%  76.6  205s
 203155 80407 -23928.609  147  127 -23923.000 -23938.171  0.06%  76.7  210s
 208854 82679 -23937.245  144  124 -23923.000 -23938.111  0.06%  76.8  215s
 214403 84923 -23925.566  129  119 -23923.000 -23938.053  0.06%  76.8  220s
 219959 87425 -23925.497  161  107 -23923.000 -23937.995  0.06%  76.8  225s
 225217 89685 -23935.919  142  133 -23923.000 -23937.945  0.06%  76.9  230s
 230445 91612 -23933.047  134  100 -23923.000 -23937.890  0.06%  76.9  235s
 236082 94069 -23933.994  168  109 -23923.000 -23937.833  0.06%  77.0  240s
 241368 96226 -23928.470  178  142 -23923.000 -23937.774  0.06%  77.1  245s
 246993 98634 -23927.063  166   75 -23923.000 -23937.717  0.06%  77.1  250s
 252994 101330 -23924.885  136   83 -23923.000 -23937.663  0.06%  77.1  255s
 257739 103184 -23935.014  131  135 -23923.000 -23937.622  0.06%  77.1  260s
 263781 105687     cutoff  162      -23923.000 -23937.572  0.06%  77.1  265s
 269114 107735 -23934.690  132  130 -23923.000 -23937.523  0.06%  77.1  270s
 274861 109943 -23926.096  167  113 -23923.000 -23937.471  0.06%  77.1  275s
 280339 112257 -23925.222  178  113 -23923.000 -23937.427  0.06%  77.1  280s
 286212 114503     cutoff  153      -23923.000 -23937.382  0.06%  77.1  285s
 291175 116361 -23928.479  174  126 -23923.000 -23937.342  0.06%  77.1  290s
 297248 118711 -23925.451  152  127 -23923.000 -23937.290  0.06%  77.1  295s
 303264 121061 -23930.177  133  108 -23923.000 -23937.241  0.06%  77.1  300s
 308706 123397 -23935.743  133  130 -23923.000 -23937.200  0.06%  77.0  305s
 314345 125326 -23924.400  194   84 -23923.000 -23937.159  0.06%  77.0  310s
 319846 127437 -23926.928  149   90 -23923.000 -23937.117  0.06%  77.0  315s
 325657 129530 -23925.774  163  114 -23923.000 -23937.074  0.06%  77.0  320s
 330815 131439     cutoff  160      -23923.000 -23937.037  0.06%  77.0  325s
 336228 133512 -23931.990  148  111 -23923.000 -23936.994  0.06%  77.0  330s
 342205 135748 -23934.030  182   97 -23923.000 -23936.948  0.06%  77.0  335s
 348266 138051     cutoff  143      -23923.000 -23936.908  0.06%  76.9  340s
 353759 139856 -23926.213  165  129 -23923.000 -23936.867  0.06%  76.9  345s
 358897 141854 -23924.048  150  123 -23923.000 -23936.834  0.06%  76.9  350s
 365170 144195 -23935.892  155  135 -23923.000 -23936.793  0.06%  76.8  355s
 370940 146216     cutoff  184      -23923.000 -23936.753  0.06%  76.8  360s
 377298 148499 -23933.076  167  129 -23923.000 -23936.716  0.06%  76.7  365s
 383245 150685 -23932.997  186  104 -23923.000 -23936.674  0.06%  76.6  370s
 389151 152950 -23931.172  130   84 -23923.000 -23936.635  0.06%  76.6  375s
 394064 154795 -23925.591  147   87 -23923.000 -23936.602  0.06%  76.6  380s
 400468 157171 -23929.628  161  110 -23923.000 -23936.563  0.06%  76.5  385s
 406824 159628 -23924.827  116  112 -23923.000 -23936.526  0.06%  76.5  390s
 412785 161890 -23929.442  144   86 -23923.000 -23936.491  0.06%  76.4  395s
 418548 163981     cutoff  182      -23923.000 -23936.458  0.06%  76.3  400s
 424769 166156 -23936.070  167  145 -23923.000 -23936.421  0.06%  76.3  405s
 430738 168413 -23931.209  155  113 -23923.000 -23936.389  0.06%  76.2  410s
 436594 170526 -23928.857  147  140 -23923.000 -23936.358  0.06%  76.2  415s
 442976 172925 -23929.050  165  134 -23923.000 -23936.320  0.06%  76.1  420s
 448346 174684 -23929.083  173  104 -23923.000 -23936.295  0.06%  76.1  425s
 453976 176728 -23928.615  178  104 -23923.000 -23936.264  0.06%  76.1  430s
 460048 178790     cutoff  199      -23923.000 -23936.230  0.06%  76.0  435s
 465299 180776 -23924.682  199   90 -23923.000 -23936.205  0.06%  76.0  440s
 471456 182949     cutoff  149      -23923.000 -23936.174  0.06%  75.9  445s
 477038 184829 -23930.177  142  101 -23923.000 -23936.143  0.05%  75.9  450s
 482678 186811 -23931.131  148  116 -23923.000 -23936.111  0.05%  75.9  455s
 488330 188699 -23933.374  132   99 -23923.000 -23936.086  0.05%  75.9  460s
 494303 190709     cutoff  144      -23923.000 -23936.052  0.05%  75.9  465s
 500393 192800     cutoff  162      -23923.000 -23936.023  0.05%  75.8  470s
 506310 194804 -23927.506  169   85 -23923.000 -23935.994  0.05%  75.8  475s
 512210 196800 -23927.900  139  147 -23923.000 -23935.966  0.05%  75.8  480s
 517864 198854 -23929.826  126  122 -23923.000 -23935.936  0.05%  75.7  485s
 522292 200353     cutoff  161      -23923.000 -23935.916  0.05%  75.7  490s
 528575 202523     cutoff  206      -23923.000 -23935.888  0.05%  75.7  495s
 534548 204436 -23934.370  145  114 -23923.000 -23935.860  0.05%  75.7  500s
 540631 206426     cutoff  171      -23923.000 -23935.833  0.05%  75.6  505s
 546740 208461     cutoff  181      -23923.000 -23935.808  0.05%  75.6  510s
 552631 210551 -23931.266  165  122 -23923.000 -23935.778  0.05%  75.5  515s
 558668 212452 -23924.287  149   90 -23923.000 -23935.750  0.05%  75.5  520s
 564158 214191 -23924.552  141   83 -23923.000 -23935.726  0.05%  75.5  525s
 570530 216356 -23928.750  165   71 -23923.000 -23935.699  0.05%  75.4  530s
 576716 218482     cutoff  170      -23923.000 -23935.672  0.05%  75.4  535s
 582699 220410 -23933.177  148   89 -23923.000 -23935.647  0.05%  75.4  540s
 587957 222142 -23930.160  166  129 -23923.000 -23935.622  0.05%  75.4  545s
 594213 224031 -23932.947  162  105 -23923.000 -23935.597  0.05%  75.3  550s
 600322 226085 -23929.180  157   97 -23923.000 -23935.572  0.05%  75.3  555s
 606365 228004     cutoff  163      -23923.000 -23935.545  0.05%  75.2  560s
 611902 229766 -23933.588  157  112 -23923.000 -23935.522  0.05%  75.2  565s
 617102 231450     cutoff  128      -23923.000 -23935.500  0.05%  75.2  570s
 623114 233199     cutoff  156      -23923.000 -23935.472  0.05%  75.2  575s
 629325 235207 infeasible  174      -23923.000 -23935.449  0.05%  75.1  580s
 634668 236761     cutoff  137      -23923.000 -23935.427  0.05%  75.1  585s
 640720 238555 -23932.381  153   91 -23923.000 -23935.403  0.05%  75.1  590s
 646816 240327 -23928.260  154   98 -23923.000 -23935.377  0.05%  75.0  595s

Cutting planes:
  Gomory: 1
  Cover: 71
  Clique: 11
  MIR: 334
  StrongCG: 188
  Flow cover: 44
  Inf proof: 1
  Zero half: 1
  RLT: 5

Explored 653241 nodes (48997640 simplex iterations) in 600.00 seconds (1407.22 work units)
Thread count was 4 (of 56 available processors)

Solution count 10: -23923 -23911 -23902 ... -23346

Time limit reached
Best objective -2.392300000000e+04, best bound -2.393500000000e+04, gap 0.0502%
