
Gurobi 9.5.0 (linux64) logging started Mon Apr 11 13:34:34 2022

Set parameter LogFile to value "/local_workspace/chenrui/LogFiles/MKAP/probT1_10e3_2S_R50_T002_M010_N0060_seed07_DWcutsT2_600.log"
Gurobi Optimizer version 9.5.0 build v9.5.0rc5 (linux64)
Thread count: 56 physical cores, 56 logical processors, using up to 4 threads
Optimize a model with 153 rows, 620 columns and 3175 nonzeros
Model fingerprint: 0x08d61eef
Variable types: 0 continuous, 620 integer (620 binary)
Coefficient statistics:
  Matrix range     [2e-13, 3e+03]
  Objective range  [2e+02, 1e+03]
  Bounds range     [1e+00, 1e+00]
  RHS range        [5e-13, 1e+00]
Warning: Model contains large matrix coefficient range
         Consider reformulating model or setting NumericFocus parameter
         to avoid numerical issues.
Found heuristic solution: objective 0.0000000
Presolve removed 32 rows and 127 columns
Presolve time: 0.01s
Presolved: 121 rows, 493 columns, 2054 nonzeros
Found heuristic solution: objective -20618.00000
Variable types: 0 continuous, 493 integer (493 binary)
Found heuristic solution: objective -20880.00000

Root relaxation: objective -2.264709e+04, 428 iterations, 0.00 seconds (0.00 work units)

    Nodes    |    Current Node    |     Objective Bounds      |     Work
 Expl Unexpl |  Obj  Depth IntInf | Incumbent    BestBd   Gap | It/Node Time

     0     0 -22647.092    0    9 -20880.000 -22647.092  8.46%     -    0s
H    0     0                    -21799.00000 -22647.092  3.89%     -    0s
H    0     0                    -21897.00000 -22647.092  3.43%     -    0s
H    0     0                    -22306.00000 -22647.092  1.53%     -    0s
     0     0 -22647.092    0   30 -22306.000 -22647.092  1.53%     -    0s
     0     0 -22647.092    0   25 -22306.000 -22647.092  1.53%     -    0s
H    0     0                    -22331.00000 -22647.092  1.42%     -    0s
     0     0 -22647.092    0   17 -22331.000 -22647.092  1.42%     -    0s
     0     0 -22647.092    0   19 -22331.000 -22647.092  1.42%     -    0s
     0     0 -22647.092    0   20 -22331.000 -22647.092  1.42%     -    0s
     0     0 -22647.092    0   17 -22331.000 -22647.092  1.42%     -    0s
     0     0 -22647.092    0   17 -22331.000 -22647.092  1.42%     -    0s
     0     2 -22647.092    0   16 -22331.000 -22647.092  1.42%     -    0s
H 1191   995                    -22336.00000 -22647.092  1.39%   5.8    0s
H 1238   981                    -22342.00000 -22647.092  1.37%   8.3    0s
H 2700  1884                    -22348.00000 -22647.092  1.34%   7.4    0s
H 7225  4978                    -22356.00000 -22647.092  1.30%   5.8    1s
H 7228  4898                    -22365.00000 -22647.092  1.26%   5.8    1s
H21183 14851                    -22373.00000 -22643.219  1.21%   5.4    4s
 30019 18802 -22600.040   76   24 -22373.000 -22643.219  1.21%   5.6    5s
H30347 18081                    -22381.00000 -22643.219  1.17%   5.6    5s
H33962 19109                    -22382.00000 -22643.219  1.17%   5.7    5s
H66709 35204                    -22386.00000 -22643.219  1.15%   6.0    8s
H84218 39130                    -22456.00000 -22643.219  0.83%   6.0    9s
H85589 36158                    -22485.00000 -22643.219  0.70%   6.0    9s
 86191 36818     cutoff   78      -22485.000 -22643.219  0.70%   5.9   10s
H118112 47496                    -22526.00000 -22643.219  0.52%   5.9   12s
H119176 44866                    -22538.00000 -22643.219  0.47%   5.9   12s
H125264 46089                    -22553.00003 -22596.000  0.19%   5.9   14s
 125267 46091 -22596.000   67    6 -22553.000 -22596.000  0.19%   5.9   15s
H136007 46011                    -22565.00000 -22596.000  0.14%   6.1   17s
 156028 50997 -22595.650  114   13 -22565.000 -22596.000  0.14%   6.2   20s
H166949 50640                    -22567.00000 -22596.000  0.13%   6.2   20s
 235118 61161 -22596.000  105   27 -22567.000 -22596.000  0.13%   6.2   25s
 313028 83447 -22596.000  106   33 -22567.000 -22596.000  0.13%   6.3   30s
 377128 106590 -22574.819  102   40 -22567.000 -22596.000  0.13%   6.5   35s
 437772 128482     cutoff  111      -22567.000 -22596.000  0.13%   6.9   40s
*444450 122644             177    -22568.00000 -22596.000  0.12%   6.9   40s
 466729 127413 infeasible  145      -22568.000 -22596.000  0.12%   7.1   45s
 507523 127094 -22591.222  128   12 -22568.000 -22596.000  0.12%   7.3   50s
H511655 113761                    -22583.00000 -22596.000  0.06%   7.3   50s
H512585 105276                    -22589.00000 -22596.000  0.03%   7.3   50s
 556312 105531     cutoff  125      -22589.000 -22596.000  0.03%   7.3   55s
 653746 102893     cutoff  151      -22589.000 -22596.000  0.03%   7.4   60s
 763148 91713     cutoff  130      -22589.000 -22596.000  0.03%   7.3   65s
 890645 93951 -22596.000  125   17 -22589.000 -22596.000  0.03%   7.0   70s
 1016973 107224 -22596.000  131   26 -22589.000 -22596.000  0.03%   6.8   75s
 1135116 122182     cutoff  122      -22589.000 -22596.000  0.03%   6.8   80s
 1254008 136462 -22595.622  121   20 -22589.000 -22596.000  0.03%   6.7   85s
 1371159 154924 -22596.000  127   12 -22589.000 -22596.000  0.03%   6.6   90s
 1487293 174161 -22596.000  112    8 -22589.000 -22596.000  0.03%   6.6   95s
 1605775 198404 -22593.000  139   11 -22589.000 -22596.000  0.03%   6.6  100s
 1715490 219018 -22594.154  133   19 -22589.000 -22596.000  0.03%   6.6  105s
 1833815 237281 -22593.335  140   13 -22589.000 -22596.000  0.03%   6.6  110s
 1966476 262441 -22591.893  139   16 -22589.000 -22596.000  0.03%   6.5  115s
 2086058 281472 -22592.126  129   25 -22589.000 -22596.000  0.03%   6.5  120s
 2212454 302956 -22593.320  140   10 -22589.000 -22596.000  0.03%   6.4  125s
 2336223 323808 -22592.385  122   12 -22589.000 -22596.000  0.03%   6.4  130s
 2465962 342736     cutoff  133      -22589.000 -22596.000  0.03%   6.3  135s
 2582888 361680 -22594.343  140   29 -22589.000 -22596.000  0.03%   6.3  140s
 2709174 387812 -22590.295  146   15 -22589.000 -22596.000  0.03%   6.3  145s
 2824730 407395     cutoff  126      -22589.000 -22596.000  0.03%   6.3  150s
 2961060 430424     cutoff  129      -22589.000 -22596.000  0.03%   6.2  155s
 3083354 453795 -22596.000  135   14 -22589.000 -22596.000  0.03%   6.2  160s
 3207258 477510 -22595.449  124   15 -22589.000 -22596.000  0.03%   6.2  165s
 3330622 497618 -22596.000  114   12 -22589.000 -22596.000  0.03%   6.1  170s
 3441769 517804     cutoff  114      -22589.000 -22596.000  0.03%   6.1  175s
 3565236 535929 -22596.000  116   20 -22589.000 -22596.000  0.03%   6.1  180s
 3664921 548510 -22590.063  125   10 -22589.000 -22596.000  0.03%   6.1  185s
 3776897 563087 -22593.199  132   20 -22589.000 -22596.000  0.03%   6.1  190s
 3900364 581497     cutoff  139      -22589.000 -22596.000  0.03%   6.1  195s
 4020939 598113 -22596.000  117   12 -22589.000 -22596.000  0.03%   6.1  200s
 4134991 614835 -22596.000  133   33 -22589.000 -22596.000  0.03%   6.1  205s
 4257702 638189     cutoff  148      -22589.000 -22596.000  0.03%   6.0  210s
 4376091 660992 -22596.000  112   22 -22589.000 -22596.000  0.03%   6.0  215s
 4495294 678285 -22596.000  113   21 -22589.000 -22596.000  0.03%   6.0  220s
 4608613 696904 -22596.000  134   11 -22589.000 -22596.000  0.03%   6.0  225s
 4741669 718393 -22596.000  122   16 -22589.000 -22596.000  0.03%   6.0  230s
 4867814 739983 -22592.720  149   17 -22589.000 -22596.000  0.03%   5.9  235s
 4991473 760970 -22592.906  148   27 -22589.000 -22596.000  0.03%   5.9  240s
 5115506 781345     cutoff  129      -22589.000 -22596.000  0.03%   5.9  245s
 5237023 800920 -22595.622  119   20 -22589.000 -22596.000  0.03%   5.8  250s
 5363495 823499 -22590.574  123   21 -22589.000 -22596.000  0.03%   5.8  255s
 5491143 843256 -22591.625  139   16 -22589.000 -22596.000  0.03%   5.8  260s
 5619984 864449 -22596.000  126   10 -22589.000 -22596.000  0.03%   5.8  265s
 5755488 885146 -22596.000  110   23 -22589.000 -22596.000  0.03%   5.8  270s
 5879974 904140 -22596.000  131   23 -22589.000 -22596.000  0.03%   5.7  275s
 6001904 926137     cutoff  125      -22589.000 -22596.000  0.03%   5.7  280s
 6121055 955872     cutoff  136      -22589.000 -22596.000  0.03%   5.7  285s
 6242899 976432     cutoff  119      -22589.000 -22596.000  0.03%   5.7  290s
 6348222 989520 -22596.000  130   14 -22589.000 -22596.000  0.03%   5.7  295s
 6461923 1008700 -22590.724  132   16 -22589.000 -22596.000  0.03%   5.7  300s
 6587231 1029725 -22596.000  113   18 -22589.000 -22596.000  0.03%   5.7  305s
 6717356 1053075     cutoff  130      -22589.000 -22596.000  0.03%   5.7  310s
 6849144 1068377     cutoff  138      -22589.000 -22596.000  0.03%   5.7  315s
 6982316 1083501 -22596.000  124   20 -22589.000 -22596.000  0.03%   5.6  320s
 7109884 1098864 -22591.971  121   31 -22589.000 -22596.000  0.03%   5.6  325s
 7235173 1116067     cutoff  142      -22589.000 -22596.000  0.03%   5.6  330s
 7358151 1134096     cutoff  117      -22589.000 -22596.000  0.03%   5.6  335s
 7463450 1146698 -22592.842  135   20 -22589.000 -22596.000  0.03%   5.6  340s
 7574594 1164175 -22596.000  122   11 -22589.000 -22596.000  0.03%   5.6  345s
 7687992 1180352 -22596.000  130   20 -22589.000 -22596.000  0.03%   5.6  350s
 7810123 1194018 -22593.917  123   21 -22589.000 -22596.000  0.03%   5.6  355s
 7917554 1209150 -22592.988  135   10 -22589.000 -22596.000  0.03%   5.6  360s
 8032196 1229283 -22596.000  133   21 -22589.000 -22596.000  0.03%   5.6  365s
 8136717 1244331     cutoff  141      -22589.000 -22596.000  0.03%   5.7  370s
 8238246 1258113     cutoff  137      -22589.000 -22596.000  0.03%   5.7  375s
 8347737 1272837     cutoff  134      -22589.000 -22596.000  0.03%   5.7  380s
 8451899 1285219 -22591.920  136   10 -22589.000 -22596.000  0.03%   5.7  385s
 8557861 1299249 -22596.000  141   15 -22589.000 -22596.000  0.03%   5.7  390s
 8674130 1314800 -22596.000  136   22 -22589.000 -22596.000  0.03%   5.7  395s
 8786503 1331630 -22596.000  129   11 -22589.000 -22596.000  0.03%   5.8  400s
 8889081 1346096 -22596.000  140   13 -22589.000 -22596.000  0.03%   5.8  405s
 9002165 1360780 -22596.000  127   13 -22589.000 -22596.000  0.03%   5.8  410s
 9114178 1375740 -22596.000  142    9 -22589.000 -22596.000  0.03%   5.8  415s
 9228181 1389532 -22596.000  124   37 -22589.000 -22596.000  0.03%   5.8  420s
 9343773 1401418     cutoff  147      -22589.000 -22596.000  0.03%   5.8  425s
 9454199 1416134 -22596.000  107    7 -22589.000 -22596.000  0.03%   5.8  430s
 9572947 1435097     cutoff  134      -22589.000 -22596.000  0.03%   5.8  435s
 9684707 1452773 -22596.000  142   10 -22589.000 -22596.000  0.03%   5.8  440s
 9791839 1465307 -22593.369  141    9 -22589.000 -22596.000  0.03%   5.8  445s
 9894905 1475722     cutoff  143      -22589.000 -22596.000  0.03%   5.8  450s
 10001023 1487773     cutoff  128      -22589.000 -22596.000  0.03%   5.8  455s
 10102160 1495682     cutoff  139      -22589.000 -22596.000  0.03%   5.9  460s
 10228817 1512371 -22596.000  146    9 -22589.000 -22596.000  0.03%   5.9  465s
 10340773 1526511 -22590.275  121   10 -22589.000 -22596.000  0.03%   5.9  470s
 10457873 1539195 -22596.000  129   15 -22589.000 -22596.000  0.03%   5.9  475s
 10564330 1553700 -22596.000  122   14 -22589.000 -22596.000  0.03%   5.9  480s
 10700259 1578800 -22596.000  122   11 -22589.000 -22596.000  0.03%   5.9  485s
 10831019 1594678 infeasible  126      -22589.000 -22596.000  0.03%   5.8  490s
 10956995 1609220 -22593.369  141   11 -22589.000 -22596.000  0.03%   5.8  495s
 11089745 1623238     cutoff  134      -22589.000 -22596.000  0.03%   5.8  500s
 11194375 1635237     cutoff  129      -22589.000 -22596.000  0.03%   5.8  505s
 11303386 1648627     cutoff  130      -22589.000 -22596.000  0.03%   5.8  510s
 11416125 1665360     cutoff  120      -22589.000 -22596.000  0.03%   5.8  515s
 11537250 1681329 -22596.000  125   12 -22589.000 -22596.000  0.03%   5.8  520s
 11652602 1702123 -22596.000  110   18 -22589.000 -22596.000  0.03%   5.8  525s
 11775861 1724240     cutoff  124      -22589.000 -22596.000  0.03%   5.8  530s
 11902360 1745861 -22591.574  131   21 -22589.000 -22596.000  0.03%   5.8  535s
 12036725 1769638 -22596.000  114   10 -22589.000 -22596.000  0.03%   5.8  540s
 12171203 1788143     cutoff  144      -22589.000 -22596.000  0.03%   5.8  545s
 12279646 1804142 -22591.101  136    9 -22589.000 -22596.000  0.03%   5.8  550s
 12388454 1820526 -22596.000  131   25 -22589.000 -22596.000  0.03%   5.8  555s
 12498144 1834593 -22594.003  143   12 -22589.000 -22596.000  0.03%   5.8  560s
 12591966 1845459 -22594.185  132   14 -22589.000 -22596.000  0.03%   5.8  565s
 12696807 1861075 -22596.000  118   24 -22589.000 -22596.000  0.03%   5.8  570s
 12799473 1875351     cutoff  134      -22589.000 -22596.000  0.03%   5.8  575s
 12911866 1889131     cutoff  132      -22589.000 -22596.000  0.03%   5.8  580s
 13016670 1906583 -22592.909  124   29 -22589.000 -22596.000  0.03%   5.8  585s
 13123465 1915398 -22593.000  144   20 -22589.000 -22596.000  0.03%   5.8  590s
 13226374 1922228 -22593.000  145   11 -22589.000 -22596.000  0.03%   5.8  595s
 13329253 1930672     cutoff  140      -22589.000 -22596.000  0.03%   5.9  600s

Cutting planes:
  Gomory: 7
  Cover: 43
  Implied bound: 2
  Clique: 64
  MIR: 28
  StrongCG: 16
  Flow cover: 22
  Zero half: 1
  RLT: 2

Explored 13329754 nodes (78061677 simplex iterations) in 600.00 seconds (786.11 work units)
Thread count was 4 (of 56 available processors)

Solution count 10: -22589 -22583 -22568 ... -22456

Time limit reached
Best objective -2.258900000000e+04, best bound -2.259600000000e+04, gap 0.0310%
