
Gurobi 9.5.0 (linux64) logging started Sun Apr 10 19:38:30 2022

Set parameter LogFile to value "/local_workspace/chenrui/LogFiles/MKAP/probT1_10e3_1W_R50_T002_M010_N0060_seed08_DWcutsT4_600.log"
Gurobi Optimizer version 9.5.0 build v9.5.0rc5 (linux64)
Thread count: 56 physical cores, 56 logical processors, using up to 4 threads
Optimize a model with 410 rows, 620 columns and 11138 nonzeros
Model fingerprint: 0x965d3cd5
Variable types: 0 continuous, 620 integer (620 binary)
Coefficient statistics:
  Matrix range     [1e-13, 2e+03]
  Objective range  [4e+01, 9e+02]
  Bounds range     [1e+00, 1e+00]
  RHS range        [2e-05, 4e+01]
Warning: Model contains large matrix coefficient range
         Consider reformulating model or setting NumericFocus parameter
         to avoid numerical issues.
Found heuristic solution: objective 0.0000000
Presolve removed 11 rows and 39 columns
Presolve time: 0.03s
Presolved: 399 rows, 581 columns, 10577 nonzeros
Variable types: 0 continuous, 581 integer (581 binary)
Found heuristic solution: objective -14074.00000

Root relaxation: objective -1.812101e+04, 3280 iterations, 0.14 seconds (0.21 work units)

    Nodes    |    Current Node    |     Objective Bounds      |     Work
 Expl Unexpl |  Obj  Depth IntInf | Incumbent    BestBd   Gap | It/Node Time

     0     0 -18121.006    0  154 -14074.000 -18121.006  28.8%     -    0s
H    0     0                    -17228.00000 -18121.006  5.18%     -    0s
H    0     0                    -17397.00000 -18121.006  4.16%     -    0s
H    0     0                    -17551.00000 -18121.006  3.25%     -    0s
H    0     0                    -17828.00000 -18121.006  1.64%     -    0s
     0     0 -18121.006    0  156 -17828.000 -18121.006  1.64%     -    0s
     0     0 -18121.006    0  166 -17828.000 -18121.006  1.64%     -    0s
     0     0 -18121.006    0  168 -17828.000 -18121.006  1.64%     -    0s
H    0     0                    -17881.00000 -18121.006  1.34%     -    0s
     0     0 -18121.006    0  161 -17881.000 -18121.006  1.34%     -    0s
     0     0 -18121.006    0  165 -17881.000 -18121.006  1.34%     -    0s
     0     0 -18121.006    0  165 -17881.000 -18121.006  1.34%     -    0s
     0     0 -18121.006    0  165 -17881.000 -18121.006  1.34%     -    0s
H    0     0                    -17977.00000 -18121.006  0.80%     -    1s
     0     2 -18121.006    0  165 -17977.000 -18121.006  0.80%     -    1s
H   91   309                    -17979.00000 -18121.006  0.79%   166    1s
H  946   843                    -17995.00000 -18121.006  0.70%  49.0    2s
  1346  1337 -18120.240   39   55 -17995.000 -18121.006  0.70%  54.9    5s
* 6450  4232             111    -18018.00000 -18121.006  0.57%  42.7    9s
  6933  4537 -18120.891   28   45 -18018.000 -18121.006  0.57%  41.9   10s
H 7864  4536                    -18058.00000 -18121.006  0.35%  42.2   10s
H 9711  5340                    -18064.00000 -18121.005  0.32%  43.2   12s
 12918  7668 -18121.004   26   91 -18064.000 -18121.005  0.32%  43.1   15s
 19395 12112 -18120.921   36   78 -18064.000 -18121.005  0.32%  43.0   20s
 20788 12566 -18107.901   38  165 -18064.000 -18121.005  0.32%  42.7   25s
 21399 13383 -18120.233   68   70 -18064.000 -18121.005  0.32%  44.5   30s
 26712 15305 -18120.133   41   72 -18064.000 -18121.004  0.32%  46.9   35s
 34046 17356 -18119.235   48   62 -18064.000 -18121.003  0.32%  47.3   40s
 42189 19150 -18116.212   44  158 -18064.000 -18121.002  0.32%  46.2   45s
 42263 19253 -18121.002   54  116 -18064.000 -18121.002  0.32%  46.7   50s
 45014 20566 -18120.614   56   64 -18064.000 -18121.002  0.32%  48.3   55s
 52738 23279 -18092.111   86   30 -18064.000 -18121.002  0.32%  48.1   60s
 62376 25580 -18107.397   66   47 -18064.000 -18121.002  0.32%  47.4   65s
 63292 25317 -18121.002   61   94 -18064.000 -18121.002  0.32%  47.5   70s
 64982 26315 -18068.254  109   30 -18064.000 -18121.002  0.32%  48.1   75s
 74383 31084 -18121.002   69   94 -18064.000 -18121.002  0.32%  46.8   80s
H76682 27713                    -18077.00000 -18121.002  0.24%  46.4   80s
 84895 30009 -18090.492  110  146 -18077.000 -18120.999  0.24%  45.4   85s
 86090 30631 -18120.999   74  104 -18077.000 -18120.999  0.24%  45.7   90s
 90871 32963     cutoff  118      -18077.000 -18120.999  0.24%  45.5   95s
 101105 35633     cutoff  121      -18077.000 -18120.996  0.24%  44.8  100s
 109346 37225 -18095.298  101   27 -18077.000 -18120.982  0.24%  44.5  105s
 118119 39027 -18106.962   99   66 -18077.000 -18120.965  0.24%  44.3  110s
 126556 41343 -18114.434   88   55 -18077.000 -18120.947  0.24%  43.9  115s
 136181 42740 infeasible   96      -18077.000 -18120.926  0.24%  43.4  120s
 146244 44483 -18112.143  101   25 -18077.000 -18120.904  0.24%  42.9  125s
 155450 45955 -18117.050   86   83 -18077.000 -18120.883  0.24%  42.5  130s
 164179 47172     cutoff   86      -18077.000 -18120.862  0.24%  42.1  135s
 175086 49104 -18098.049   94   67 -18077.000 -18120.843  0.24%  41.6  140s
 185882 54275 -18114.438   86   49 -18077.000 -18120.820  0.24%  41.3  145s
 199628 60530 -18108.036   98   31 -18077.000 -18120.805  0.24%  40.3  150s
 209821 64891 -18107.265   94   63 -18077.000 -18120.787  0.24%  40.0  155s
 221513 70251 -18105.286  113   31 -18077.000 -18120.771  0.24%  39.5  160s
 232986 75153 -18107.671  113   23 -18077.000 -18120.752  0.24%  39.1  165s
 243180 79322     cutoff   94      -18077.000 -18120.736  0.24%  38.8  170s
 254817 83905 -18114.179   88   76 -18077.000 -18120.717  0.24%  38.5  175s
 266412 88916 -18119.682   96   49 -18077.000 -18120.699  0.24%  38.2  180s
 276617 93000 -18093.033   94   56 -18077.000 -18120.685  0.24%  38.0  185s
 286056 97663 -18120.655   89   56 -18077.000 -18120.675  0.24%  37.9  190s
 296675 101967 -18101.436  100   16 -18077.000 -18120.675  0.24%  37.9  195s
 306607 106204     cutoff   97      -18077.000 -18120.675  0.24%  37.9  200s
 316582 111154 -18120.378  100   60 -18077.000 -18120.675  0.24%  37.8  205s
 327525 114777 -18119.411   90   81 -18077.000 -18120.668  0.24%  37.6  210s
 339445 119388 -18114.881   74   79 -18077.000 -18120.654  0.24%  37.4  215s
 351547 124280 -18101.649   88   46 -18077.000 -18120.642  0.24%  37.2  220s
 361345 128268 -18114.032   93   58 -18077.000 -18120.631  0.24%  37.0  225s
 374027 133153 infeasible  100      -18077.000 -18120.617  0.24%  36.9  230s
 385755 137395 -18114.107   97   31 -18077.000 -18120.604  0.24%  36.7  235s
 396936 141663 infeasible   99      -18077.000 -18120.593  0.24%  36.5  240s
 408522 145869     cutoff   94      -18077.000 -18120.582  0.24%  36.4  245s
 422252 151298 infeasible   91      -18077.000 -18120.568  0.24%  36.2  250s
 436782 156643 -18115.921   84   87 -18077.000 -18120.562  0.24%  36.2  255s
 452165 162339     cutoff  107      -18077.000 -18120.547  0.24%  36.0  260s
 466208 167258 -18120.103  101   60 -18077.000 -18120.535  0.24%  35.9  265s
 481252 172623     cutoff   89      -18077.000 -18120.521  0.24%  35.7  270s
 497152 178715 -18118.619   97   50 -18077.000 -18120.510  0.24%  35.6  275s
 513240 184308 -18119.969   90   57 -18077.000 -18120.496  0.24%  35.4  280s
 528366 189490 -18105.560  104   52 -18077.000 -18120.484  0.24%  35.3  285s
 544499 194871 -18118.668   93   62 -18077.000 -18120.470  0.24%  35.2  290s
 559660 199852 -18096.600  113   20 -18077.000 -18120.457  0.24%  35.1  295s
 575573 205080     cutoff   88      -18077.000 -18120.445  0.24%  35.0  300s
 591264 209905 -18097.642  101   33 -18077.000 -18120.431  0.24%  34.9  305s
 607194 214760 -18119.812   93   58 -18077.000 -18120.419  0.24%  34.7  310s
 622789 219117 -18119.432   97   64 -18077.000 -18120.406  0.24%  34.7  315s
 637240 223618     cutoff   95      -18077.000 -18120.397  0.24%  34.6  320s
 652477 227722 -18120.251  104   78 -18077.000 -18120.384  0.24%  34.6  325s
 666749 231938 -18085.285   98   33 -18077.000 -18120.372  0.24%  34.5  330s
 683509 236727 -18084.182   89   31 -18077.000 -18120.359  0.24%  34.4  335s
 699817 241874 -18085.903  110   53 -18077.000 -18120.347  0.24%  34.3  340s
 716181 246525 -18110.667   98   49 -18077.000 -18120.335  0.24%  34.2  345s
 730819 250650 -18103.720  112   18 -18077.000 -18120.322  0.24%  34.2  350s
 747143 254576 -18088.097   90   36 -18077.000 -18120.308  0.24%  34.1  355s
 762028 258592 -18087.855   98   19 -18077.000 -18120.296  0.24%  34.1  360s
 777259 262268 -18082.156  121   41 -18077.000 -18120.282  0.24%  34.0  365s
 792739 266067     cutoff  115      -18077.000 -18120.266  0.24%  34.0  370s
 808021 269848     cutoff  108      -18077.000 -18120.253  0.24%  33.9  375s
 820559 272647     cutoff  105      -18077.000 -18120.242  0.24%  33.9  380s
 835362 276484 -18120.179   94   46 -18077.000 -18120.229  0.24%  33.9  385s
 851030 280253 -18094.096   96   57 -18077.000 -18120.216  0.24%  33.9  390s
 866949 284325 -18118.867   97   55 -18077.000 -18120.203  0.24%  33.8  395s
 882759 288496     cutoff   95      -18077.000 -18120.191  0.24%  33.7  400s
 898309 294262 -18112.786  113   41 -18077.000 -18120.184  0.24%  33.7  405s
 913158 300195 -18095.182  118   44 -18077.000 -18120.184  0.24%  33.8  410s
 926535 306098 -18112.870  105   26 -18077.000 -18120.184  0.24%  33.8  415s
 938886 310910 -18079.209  134   20 -18077.000 -18120.184  0.24%  33.9  420s
 951791 316494 -18104.918  111   24 -18077.000 -18120.184  0.24%  33.9  425s
 964780 321992 -18112.429  106   56 -18077.000 -18120.184  0.24%  34.0  430s
 978392 327792 -18119.808   95   66 -18077.000 -18120.184  0.24%  34.0  435s
 991404 332465     cutoff  105      -18077.000 -18120.184  0.24%  34.0  440s
 1004570 338502 -18103.194  110   22 -18077.000 -18120.184  0.24%  34.0  445s
 1018577 344284 -18106.527  108   51 -18077.000 -18120.184  0.24%  34.1  450s
 1031623 348286 -18094.972  118   12 -18077.000 -18120.184  0.24%  34.0  455s
 1044200 352526     cutoff  106      -18077.000 -18120.184  0.24%  34.0  460s
 1060732 358302 -18094.972  122   16 -18077.000 -18120.183  0.24%  33.9  465s
 1075231 362885 -18119.850  100   54 -18077.000 -18120.183  0.24%  33.8  470s
 1093818 367082 -18092.402  112   50 -18077.000 -18120.174  0.24%  33.6  475s
 1108116 370801 -18115.141   99   65 -18077.000 -18120.171  0.24%  33.6  480s
 1121902 373946     cutoff   98      -18077.000 -18120.160  0.24%  33.6  485s
 1136845 377486 -18095.855   86   60 -18077.000 -18120.151  0.24%  33.5  490s
 1151232 380885     cutoff  101      -18077.000 -18120.141  0.24%  33.5  495s
 1162596 383444 -18107.616  107   20 -18077.000 -18120.132  0.24%  33.5  500s
 1176653 386626     cutoff   95      -18077.000 -18120.122  0.24%  33.4  505s
 1189879 389553 -18099.014  104   30 -18077.000 -18120.112  0.24%  33.4  510s
 1203679 392744 -18120.103   81   62 -18077.000 -18120.103  0.24%  33.4  515s
 1212336 397913 -18108.204  111   26 -18077.000 -18120.103  0.24%  33.5  520s
 1225954 402460 -18091.389   92   64 -18077.000 -18120.097  0.24%  33.5  525s
 1240140 405690     cutoff  104      -18077.000 -18120.087  0.24%  33.5  530s
 1257359 410818 -18116.699  104   51 -18077.000 -18120.078  0.24%  33.4  535s
 1271932 414097 infeasible  102      -18077.000 -18120.067  0.24%  33.3  540s
 1285535 416636 -18112.844   98   24 -18077.000 -18120.057  0.24%  33.3  545s
 1300127 419379 -18116.180   78   42 -18077.000 -18120.046  0.24%  33.3  550s
 1312973 421701     cutoff   99      -18077.000 -18120.036  0.24%  33.3  555s
 1326061 424383     cutoff  100      -18077.000 -18120.025  0.24%  33.2  560s
 1340551 427043 -18113.228   98   37 -18077.000 -18120.014  0.24%  33.2  565s
 1354466 429655 -18114.213   94   60 -18077.000 -18120.002  0.24%  33.2  570s
H1357147 410088                    -18083.00000 -18120.000  0.20%  33.2  571s
 1370638 413674 -18114.499   90  165 -18083.000 -18119.994  0.20%  33.1  575s
 1370682 413711 -18119.994   81  116 -18083.000 -18119.994  0.20%  33.1  580s
 1372172 414574 -18110.804  106   39 -18083.000 -18119.994  0.20%  33.2  585s
 1383642 418357 -18119.270   92  100 -18083.000 -18119.994  0.20%  33.2  590s
 1396385 421753 -18112.987  112   32 -18083.000 -18119.994  0.20%  33.3  595s
 1409428 424657 -18115.026   95   30 -18083.000 -18119.994  0.20%  33.3  600s

Cutting planes:
  Cover: 10
  MIR: 8
  Flow cover: 14

Explored 1409578 nodes (46966120 simplex iterations) in 600.00 seconds (1004.89 work units)
Thread count was 4 (of 56 available processors)

Solution count 10: -18083 -18077 -18064 ... -17828

Time limit reached
Best objective -1.808300000000e+04, best bound -1.811999414193e+04, gap 0.2046%
