
Gurobi 9.5.0 (linux64) logging started Mon Apr 11 21:32:44 2022

Set parameter LogFile to value "/local_workspace/chenrui/LogFiles/MKAP/probT1_10e3_0U_R50_T002_M020_N0060_seed09_DWcutsT1_600.log"
Gurobi Optimizer version 9.5.0 build v9.5.0rc5 (linux64)
Thread count: 56 physical cores, 56 logical processors, using up to 4 threads
Optimize a model with 195 rows, 1240 columns and 4801 nonzeros
Model fingerprint: 0x3b010bbc
Variable types: 0 continuous, 1240 integer (1240 binary)
Coefficient statistics:
  Matrix range     [5e-12, 2e+03]
  Objective range  [6e+01, 1e+03]
  Bounds range     [1e+00, 1e+00]
  RHS range        [6e-13, 1e+02]
Warning: Model contains large matrix coefficient range
         Consider reformulating model or setting NumericFocus parameter
         to avoid numerical issues.
Found heuristic solution: objective 0.0000000
Presolve removed 22 rows and 459 columns
Presolve time: 0.01s
Presolved: 173 rows, 781 columns, 2972 nonzeros
Variable types: 0 continuous, 781 integer (781 binary)
Found heuristic solution: objective -19628.00000

Root relaxation: objective -2.426665e+04, 914 iterations, 0.01 seconds (0.01 work units)

    Nodes    |    Current Node    |     Objective Bounds      |     Work
 Expl Unexpl |  Obj  Depth IntInf | Incumbent    BestBd   Gap | It/Node Time

     0     0 -24266.647    0   37 -19628.000 -24266.647  23.6%     -    0s
H    0     0                    -23563.00000 -24266.647  2.99%     -    0s
     0     0 -24266.647    0   59 -23563.000 -24266.647  2.99%     -    0s
H    0     0                    -23593.00000 -24266.647  2.86%     -    0s
     0     0 -24266.647    0   50 -23593.000 -24266.647  2.86%     -    0s
H    0     0                    -23793.00000 -24266.647  1.99%     -    0s
     0     0 -24266.647    0   68 -23793.000 -24266.647  1.99%     -    0s
     0     0 -24266.647    0   52 -23793.000 -24266.647  1.99%     -    0s
H    0     0                    -23794.00000 -24266.647  1.99%     -    0s
H    0     0                    -23878.00000 -24266.647  1.63%     -    0s
     0     0 -24266.647    0   36 -23878.000 -24266.647  1.63%     -    0s
     0     0 -24266.647    0   33 -23878.000 -24266.647  1.63%     -    0s
H    0     0                    -23947.00000 -24266.647  1.33%     -    0s
     0     2 -24266.647    0   28 -23947.000 -24266.647  1.33%     -    0s
H   51    58                    -23971.00000 -24266.647  1.23%  32.0    0s
H  361   388                    -24086.00000 -24266.647  0.75%  25.9    0s
H 1812  1091                    -24159.00000 -24266.647  0.45%  24.4    1s
H 2404  1328                    -24160.00000 -24266.647  0.44%  23.1    1s
 12937  7289 -24239.299   59   14 -24160.000 -24266.647  0.44%  23.1    5s
H15289  6854                    -24217.00000 -24266.647  0.21%  23.2    5s
 21198  8629 -24262.215  100   89 -24217.000 -24266.183  0.20%  24.6   10s
 28455 10196 -24240.245  116   39 -24217.000 -24259.336  0.17%  34.2   15s
 38136 10948     cutoff  128      -24217.000 -24253.695  0.15%  41.4   20s
 46234 10751 -24241.500  119   94 -24217.000 -24251.372  0.14%  45.6   25s
 53850 12396     cutoff  124      -24217.000 -24249.298  0.13%  49.0   30s
 62439 14110 -24227.273  106   39 -24217.000 -24247.215  0.12%  52.1   35s
 70756 15665 -24233.235  127   89 -24217.000 -24245.671  0.12%  54.3   40s
 78913 16906 -24240.033  123   61 -24217.000 -24244.123  0.11%  56.1   45s
 86447 17754     cutoff  127      -24217.000 -24242.920  0.11%  57.5   50s
 95544 18565 -24224.340  118   85 -24217.000 -24241.462  0.10%  58.4   55s
 103591 19160 -24233.995  118   96 -24217.000 -24240.229  0.10%  59.3   60s
 111844 19327 -24226.984  114   69 -24217.000 -24239.046  0.09%  60.1   65s
 120764 19394 -24234.144  123   93 -24217.000 -24237.819  0.09%  60.6   70s
 129759 19220 -24232.502  128   65 -24217.000 -24236.575  0.08%  61.1   75s
 137985 18948 -24225.817  122   44 -24217.000 -24235.566  0.08%  61.4   80s
 146617 18234     cutoff  112      -24217.000 -24234.404  0.07%  61.7   85s
 155707 17049     cutoff  124      -24217.000 -24233.224  0.07%  61.9   90s
 164851 15646     cutoff  120      -24217.000 -24231.967  0.06%  62.1   95s
 174343 13985     cutoff  134      -24217.000 -24230.617  0.06%  62.2  100s
 183593 11436     cutoff  126      -24217.000 -24229.106  0.05%  62.2  105s
 192882  8430     cutoff  126      -24217.000 -24227.394  0.04%  62.1  110s
 203146  3322     cutoff  130      -24217.000 -24224.559  0.03%  61.6  115s

Cutting planes:
  Gomory: 7
  Cover: 103
  Clique: 13
  MIR: 237
  StrongCG: 162
  Flow cover: 53
  Zero half: 11
  RLT: 4

Explored 209061 nodes (12768904 simplex iterations) in 116.63 seconds (227.36 work units)
Thread count was 4 (of 56 available processors)

Solution count 10: -24217 -24160 -24159 ... -23593
No other solutions better than -24217

Optimal solution found (tolerance 1.00e-04)
Best objective -2.421700000000e+04, best bound -2.421700000000e+04, gap 0.0000%
