
Gurobi 9.5.0 (linux64) logging started Tue Apr 12 01:05:27 2022

Set parameter LogFile to value "/local_workspace/chenrui/LogFiles/MKAP/probT1_10e3_2S_R50_T002_M010_N0040_seed10_DWcutsT3_600.log"
Gurobi Optimizer version 9.5.0 build v9.5.0rc5 (linux64)
Thread count: 56 physical cores, 56 logical processors, using up to 4 threads
Optimize a model with 222 rows, 420 columns and 3897 nonzeros
Model fingerprint: 0x1fb4198e
Variable types: 0 continuous, 420 integer (420 binary)
Coefficient statistics:
  Matrix range     [1e-13, 3e+03]
  Objective range  [2e+02, 1e+03]
  Bounds range     [1e+00, 1e+00]
  RHS range        [6e-10, 1e+02]
Warning: Model contains large matrix coefficient range
         Consider reformulating model or setting NumericFocus parameter
         to avoid numerical issues.
Found heuristic solution: objective 0.0000000
Presolve removed 55 rows and 118 columns
Presolve time: 0.01s
Presolved: 167 rows, 302 columns, 2698 nonzeros
Variable types: 0 continuous, 302 integer (302 binary)
Found heuristic solution: objective -14032.00000

Root relaxation: objective -1.598471e+04, 617 iterations, 0.01 seconds (0.01 work units)

    Nodes    |    Current Node    |     Objective Bounds      |     Work
 Expl Unexpl |  Obj  Depth IntInf | Incumbent    BestBd   Gap | It/Node Time

     0     0 -15984.706    0   36 -14032.000 -15984.706  13.9%     -    0s
H    0     0                    -15143.00000 -15984.706  5.56%     -    0s
H    0     0                    -15213.00000 -15984.706  5.07%     -    0s
H    0     0                    -15379.00000 -15984.706  3.94%     -    0s
H    0     0                    -15415.00000 -15984.706  3.70%     -    0s
     0     0 -15972.992    0   41 -15415.000 -15972.992  3.62%     -    0s
H    0     0                    -15481.00000 -15972.992  3.18%     -    0s
     0     0 -15972.992    0   55 -15481.000 -15972.992  3.18%     -    0s
H    0     0                    -15511.00000 -15972.992  2.98%     -    0s
     0     0 -15972.992    0   48 -15511.000 -15972.992  2.98%     -    0s
     0     0 -15972.992    0   32 -15511.000 -15972.992  2.98%     -    0s
     0     0 -15972.992    0   31 -15511.000 -15972.992  2.98%     -    0s
     0     0 -15972.992    0   32 -15511.000 -15972.992  2.98%     -    0s
     0     0 -15972.992    0   34 -15511.000 -15972.992  2.98%     -    0s
     0     0 -15972.992    0   30 -15511.000 -15972.992  2.98%     -    0s
     0     0 -15972.992    0   30 -15511.000 -15972.992  2.98%     -    0s
H    0     2                    -15529.00000 -15972.992  2.86%     -    0s
     0     2 -15972.992    0   30 -15529.000 -15972.992  2.86%     -    0s
H   31    39                    -15715.00000 -15972.992  1.64%  42.0    0s
H  175   159                    -15734.00000 -15972.992  1.52%  25.5    0s
H  177   159                    -15757.00000 -15972.992  1.37%  25.4    0s
H 1038   701                    -15760.00000 -15972.767  1.35%  20.0    0s
H 1379   852                    -15778.00000 -15972.767  1.23%  24.3    1s
H 1387   816                    -15788.00000 -15972.767  1.17%  24.5    1s
H 1549   806                    -15825.00000 -15972.767  0.93%  24.2    1s
H 1960   878                    -15828.00000 -15972.767  0.91%  27.0    1s
  5191  2740 -15862.425   44   27 -15828.000 -15972.242  0.91%  36.2    5s
 11272  6153 -15842.450   36   49 -15828.000 -15968.172  0.89%  42.3   10s
 17165  9032 -15885.939   23   57 -15828.000 -15962.871  0.85%  44.0   15s
 24411 11995 -15947.430   29   80 -15828.000 -15956.526  0.81%  44.2   20s
 33539 15767 -15900.131   30   69 -15828.000 -15949.900  0.77%  43.5   25s
 43313 19864 -15933.149   24   78 -15828.000 -15944.882  0.74%  42.2   30s
 53956 24188 -15881.447   28   65 -15828.000 -15940.767  0.71%  41.1   35s
 64748 28345 -15853.761   39   50 -15828.000 -15937.039  0.69%  40.1   40s
 75783 32611 -15862.947   36   62 -15828.000 -15933.902  0.67%  39.1   45s
 86781 36770 -15856.464   39   52 -15828.000 -15931.419  0.65%  38.2   50s
 97384 40619     cutoff   37      -15828.000 -15929.098  0.64%  37.5   55s
 108935 44713 -15911.605   25   65 -15828.000 -15926.899  0.62%  36.9   60s
 120471 48578     cutoff   35      -15828.000 -15924.893  0.61%  36.2   65s
 132228 52542 -15844.061   48   61 -15828.000 -15923.226  0.60%  35.7   70s
 144502 56784 -15855.626   37   40 -15828.000 -15921.447  0.59%  35.1   75s
 156224 60644 -15892.252   31   23 -15828.000 -15919.813  0.58%  34.6   80s
 167473 63960 -15845.064   38   55 -15828.000 -15918.475  0.57%  34.3   85s
 179284 67483 -15887.240   37   52 -15828.000 -15917.244  0.56%  33.9   90s
 190970 70897 -15893.721   31   74 -15828.000 -15916.038  0.56%  33.7   95s
 202996 74810 -15846.836   43   38 -15828.000 -15914.847  0.55%  33.3  100s
 216301 78576 -15865.178   35   31 -15828.000 -15913.583  0.54%  33.0  105s
 229338 82203 -15869.849   43   43 -15828.000 -15912.411  0.53%  32.7  110s
 242134 85698 -15878.750   40   58 -15828.000 -15911.390  0.53%  32.4  115s
 256160 89365 -15893.000   46   51 -15828.000 -15910.230  0.52%  32.1  120s
 268933 92796 -15900.718   34   39 -15828.000 -15909.262  0.51%  31.8  125s
 282016 96376 -15877.794   36   20 -15828.000 -15908.354  0.51%  31.5  130s
 294967 99650 -15902.599   34   34 -15828.000 -15907.467  0.50%  31.3  135s
 308834 102786     cutoff   40      -15828.000 -15906.514  0.50%  31.0  140s
 322484 106202 -15833.170   36   46 -15828.000 -15905.652  0.49%  30.8  145s
 336191 109419     cutoff   35      -15828.000 -15904.869  0.49%  30.6  150s
 350126 112815 -15872.179   34   53 -15828.000 -15904.130  0.48%  30.3  155s
 363873 116014 -15894.750   42   11 -15828.000 -15903.437  0.48%  30.2  160s
 377780 119237 -15874.671   33   54 -15828.000 -15902.770  0.47%  30.0  165s
 391359 122166     cutoff   33      -15828.000 -15902.064  0.47%  29.8  170s
 405142 125098 -15861.012   36   57 -15828.000 -15901.425  0.46%  29.6  175s
 419881 128414 -15882.514   31   25 -15828.000 -15900.752  0.46%  29.4  180s
 433654 131266 -15844.477   41   45 -15828.000 -15900.210  0.46%  29.3  185s
 448599 134405 -15883.815   40   33 -15828.000 -15899.576  0.45%  29.1  190s
 461857 137235 -15835.476   39   36 -15828.000 -15899.035  0.45%  28.9  195s
 476345 140148 -15857.518   37   56 -15828.000 -15898.428  0.44%  28.8  200s
 491057 143399     cutoff   40      -15828.000 -15897.884  0.44%  28.6  205s
 505283 146186     cutoff   41      -15828.000 -15897.349  0.44%  28.5  210s
 520289 148880     cutoff   35      -15828.000 -15896.757  0.43%  28.4  215s
 535230 151340 infeasible   40      -15828.000 -15896.202  0.43%  28.2  220s
 550581 154074 -15873.233   44   36 -15828.000 -15895.624  0.43%  28.1  225s
 564724 156824     cutoff   33      -15828.000 -15895.123  0.42%  28.0  230s
 580511 159511 -15879.611   37   36 -15828.000 -15894.595  0.42%  27.8  235s
 594738 161820 -15847.739   32   35 -15828.000 -15894.115  0.42%  27.7  240s
 609435 164266 -15844.426   35   51 -15828.000 -15893.636  0.41%  27.6  245s
 624055 166678 -15836.664   34   37 -15828.000 -15893.182  0.41%  27.5  250s
 639138 169068 -15856.674   46   28 -15828.000 -15892.694  0.41%  27.4  255s
 653451 171202     cutoff   42      -15828.000 -15892.212  0.41%  27.3  260s
 668690 173680     cutoff   42      -15828.000 -15891.764  0.40%  27.2  265s
 684112 175956 -15854.525   46   27 -15828.000 -15891.287  0.40%  27.1  270s
 698536 177949 -15864.421   32   70 -15828.000 -15890.858  0.40%  27.0  275s
 712839 179978 -15854.516   34   28 -15828.000 -15890.473  0.39%  27.0  280s
 726648 182007 -15855.195   33   68 -15828.000 -15890.071  0.39%  26.9  285s
 741885 184170 -15861.652   42   21 -15828.000 -15889.624  0.39%  26.8  290s
 757905 186389 -15854.500   48    1 -15828.000 -15889.208  0.39%  26.7  295s
 772507 188481     cutoff   42      -15828.000 -15888.819  0.38%  26.6  300s
 788356 190913     cutoff   40      -15828.000 -15888.434  0.38%  26.5  305s
 804684 193086 -15860.118   41   46 -15828.000 -15888.027  0.38%  26.4  310s
 820078 195009     cutoff   41      -15828.000 -15887.642  0.38%  26.4  315s
 835999 197018 infeasible   32      -15828.000 -15887.304  0.37%  26.3  320s
 851511 198740 -15837.182   35   34 -15828.000 -15886.998  0.37%  26.2  325s
 865740 200534     cutoff   40      -15828.000 -15886.681  0.37%  26.1  330s
 881106 202456     cutoff   34      -15828.000 -15886.333  0.37%  26.0  335s
 897145 204523 -15870.466   37   27 -15828.000 -15886.000  0.37%  25.9  340s
 913592 206480     cutoff   54      -15828.000 -15885.679  0.36%  25.9  345s
 929960 208509     cutoff   37      -15828.000 -15885.357  0.36%  25.8  350s
 945510 210339 -15864.686   36   28 -15828.000 -15885.042  0.36%  25.7  355s
 960877 212019 -15859.129   30   31 -15828.000 -15884.686  0.36%  25.7  360s
 976864 213674 -15871.146   45   25 -15828.000 -15884.351  0.36%  25.6  365s
 992502 215257 -15868.413   39   50 -15828.000 -15884.020  0.35%  25.5  370s
 1009859 217292 -15849.268   31   44 -15828.000 -15883.682  0.35%  25.5  375s
 1026278 219061 -15840.550   38   56 -15828.000 -15883.383  0.35%  25.4  380s
 1041191 220484 -15834.719   36   42 -15828.000 -15883.103  0.35%  25.3  385s
 1056178 221658 -15871.951   48   29 -15828.000 -15882.846  0.35%  25.3  390s
 1072483 223361     cutoff   41      -15828.000 -15882.552  0.34%  25.2  395s
 1089158 224905 -15855.401   34   21 -15828.000 -15882.244  0.34%  25.1  400s
 1105474 226209 -15841.682   43   41 -15828.000 -15881.928  0.34%  25.1  405s
 1121096 227609 -15846.362   43   24 -15828.000 -15881.644  0.34%  25.0  410s
H1127186 225483                    -15831.00000 -15881.528  0.32%  25.0  411s
 1136093 226030 -15860.665   40   21 -15831.000 -15881.347  0.32%  25.0  415s
 1153417 227274 -15848.490   42   26 -15831.000 -15881.031  0.32%  24.9  420s
 1170405 228361 -15871.483   36   52 -15831.000 -15880.719  0.31%  24.9  425s
 1186978 229467 -15852.963   41   41 -15831.000 -15880.408  0.31%  24.8  430s
 1203990 230549     cutoff   46      -15831.000 -15880.118  0.31%  24.7  435s
 1220120 231491     cutoff   40      -15831.000 -15879.819  0.31%  24.7  440s
 1236734 232490 -15863.298   50   30 -15831.000 -15879.529  0.31%  24.6  445s
 1252260 233151     cutoff   45      -15831.000 -15879.220  0.30%  24.6  450s
 1268752 233912 -15850.412   40   41 -15831.000 -15878.921  0.30%  24.5  455s
 1285867 234554     cutoff   34      -15831.000 -15878.626  0.30%  24.5  460s
 1301793 235222     cutoff   39      -15831.000 -15878.342  0.30%  24.4  465s
 1318228 235698 -15863.413   41   33 -15831.000 -15878.033  0.30%  24.4  470s
 1334926 236338 -15869.601   38   54 -15831.000 -15877.749  0.30%  24.4  475s
 1350065 236843 -15845.513   37   22 -15831.000 -15877.492  0.29%  24.3  480s
 1366253 237383     cutoff   41      -15831.000 -15877.213  0.29%  24.3  485s
 1383146 237788 -15842.186   31   12 -15831.000 -15876.902  0.29%  24.2  490s
 1400404 238400 -15832.149   33   43 -15831.000 -15876.606  0.29%  24.2  495s
 1416601 238828     cutoff   34      -15831.000 -15876.337  0.29%  24.1  500s
 1432556 239130     cutoff   40      -15831.000 -15876.075  0.28%  24.1  505s
 1449996 239424 -15840.494   38   28 -15831.000 -15875.804  0.28%  24.1  510s
 1467061 240052 -15836.102   40   28 -15831.000 -15875.532  0.28%  24.0  515s
 1483890 240367     cutoff   42      -15831.000 -15875.260  0.28%  24.0  520s
 1501043 240477 -15852.016   37   46 -15831.000 -15874.977  0.28%  23.9  525s
 1517460 240498 -15853.083   42   20 -15831.000 -15874.704  0.28%  23.9  530s
 1534645 240558 -15862.661   36   54 -15831.000 -15874.421  0.27%  23.8  535s
 1551547 240732     cutoff   32      -15831.000 -15874.147  0.27%  23.8  540s
 1566724 240753     cutoff   46      -15831.000 -15873.904  0.27%  23.8  545s
 1583978 240823     cutoff   45      -15831.000 -15873.611  0.27%  23.7  550s
 1599639 240876 -15848.147   43   43 -15831.000 -15873.354  0.27%  23.7  555s
 1616992 240797     cutoff   40      -15831.000 -15873.066  0.27%  23.7  560s
 1633545 240545 -15870.531   31   58 -15831.000 -15872.792  0.26%  23.6  565s
 1650736 240390 -15854.498   37   21 -15831.000 -15872.519  0.26%  23.6  570s
 1667807 240164     cutoff   45      -15831.000 -15872.253  0.26%  23.6  575s
 1682550 239942     cutoff   44      -15831.000 -15872.002  0.26%  23.5  580s
 1699732 239651 -15870.293   44   26 -15831.000 -15871.722  0.26%  23.5  585s
 1716947 239471 -15844.906   43   45 -15831.000 -15871.466  0.26%  23.5  590s
 1733716 239132 -15839.481   41   26 -15831.000 -15871.200  0.25%  23.4  595s
 1751403 238766 -15832.086   43   44 -15831.000 -15870.905  0.25%  23.4  600s

Cutting planes:
  Gomory: 4
  Cover: 210
  Clique: 31
  MIR: 966
  StrongCG: 694
  Flow cover: 194
  Zero half: 5
  RLT: 1

Explored 1751411 nodes (40997730 simplex iterations) in 600.00 seconds (1427.88 work units)
Thread count was 4 (of 56 available processors)

Solution count 10: -15831 -15828 -15825 ... -15529

Time limit reached
Best objective -1.583100000000e+04, best bound -1.587000000000e+04, gap 0.2464%

Gurobi 9.5.0 (linux64) logging started Tue Apr 12 17:32:12 2022

Set parameter LogFile to value "/local_workspace/chenrui/LogFiles/MKAP/probT1_10e3_2S_R50_T002_M010_N0040_seed10_DWcutsT3_600.log"
Gurobi Optimizer version 9.5.0 build v9.5.0rc5 (linux64)
Thread count: 56 physical cores, 56 logical processors, using up to 4 threads
Optimize a model with 222 rows, 420 columns and 3897 nonzeros
Model fingerprint: 0x1fb4198e
Variable types: 0 continuous, 420 integer (420 binary)
Coefficient statistics:
  Matrix range     [1e-13, 3e+03]
  Objective range  [2e+02, 1e+03]
  Bounds range     [1e+00, 1e+00]
  RHS range        [6e-10, 1e+02]
Warning: Model contains large matrix coefficient range
         Consider reformulating model or setting NumericFocus parameter
         to avoid numerical issues.
Found heuristic solution: objective 0.0000000
Presolve removed 55 rows and 118 columns
Presolve time: 0.01s
Presolved: 167 rows, 302 columns, 2698 nonzeros
Variable types: 0 continuous, 302 integer (302 binary)
Found heuristic solution: objective -14032.00000

Root relaxation: objective -1.598471e+04, 617 iterations, 0.01 seconds (0.01 work units)

    Nodes    |    Current Node    |     Objective Bounds      |     Work
 Expl Unexpl |  Obj  Depth IntInf | Incumbent    BestBd   Gap | It/Node Time

     0     0 -15984.706    0   36 -14032.000 -15984.706  13.9%     -    0s
H    0     0                    -15143.00000 -15984.706  5.56%     -    0s
H    0     0                    -15213.00000 -15984.706  5.07%     -    0s
H    0     0                    -15379.00000 -15984.706  3.94%     -    0s
H    0     0                    -15415.00000 -15984.706  3.70%     -    0s
     0     0 -15972.992    0   41 -15415.000 -15972.992  3.62%     -    0s
H    0     0                    -15481.00000 -15972.992  3.18%     -    0s
     0     0 -15972.992    0   55 -15481.000 -15972.992  3.18%     -    0s
H    0     0                    -15511.00000 -15972.992  2.98%     -    0s
     0     0 -15972.992    0   48 -15511.000 -15972.992  2.98%     -    0s
     0     0 -15972.992    0   32 -15511.000 -15972.992  2.98%     -    0s
     0     0 -15972.992    0   31 -15511.000 -15972.992  2.98%     -    0s
     0     0 -15972.992    0   32 -15511.000 -15972.992  2.98%     -    0s
     0     0 -15972.992    0   34 -15511.000 -15972.992  2.98%     -    0s
     0     0 -15972.992    0   30 -15511.000 -15972.992  2.98%     -    0s
     0     0 -15972.992    0   30 -15511.000 -15972.992  2.98%     -    0s
H    0     2                    -15529.00000 -15972.992  2.86%     -    0s
     0     2 -15972.992    0   30 -15529.000 -15972.992  2.86%     -    0s
H   31    39                    -15715.00000 -15972.992  1.64%  42.0    0s
H  175   159                    -15734.00000 -15972.992  1.52%  25.5    0s
H  177   159                    -15757.00000 -15972.992  1.37%  25.4    0s
H 1038   701                    -15760.00000 -15972.767  1.35%  20.0    0s
H 1379   852                    -15778.00000 -15972.767  1.23%  24.3    1s
H 1387   816                    -15788.00000 -15972.767  1.17%  24.5    1s
H 1549   806                    -15825.00000 -15972.767  0.93%  24.2    1s
H 1960   878                    -15828.00000 -15972.767  0.91%  27.0    1s
  5191  2740 -15862.425   44   27 -15828.000 -15972.242  0.91%  36.2    5s
 11272  6153 -15842.450   36   49 -15828.000 -15968.172  0.89%  42.3   10s
 17801  9197 -15950.866   28   72 -15828.000 -15962.473  0.85%  44.0   15s
 25046 12159 -15906.059   32   63 -15828.000 -15956.052  0.81%  44.0   20s
 34047 16061 -15907.633   30   58 -15828.000 -15949.593  0.77%  43.5   25s
 43944 20112 -15839.764   36   43 -15828.000 -15944.658  0.74%  42.1   30s
 54560 24469     cutoff   33      -15828.000 -15940.553  0.71%  41.1   35s
 65242 28627 -15830.191   55   49 -15828.000 -15936.885  0.69%  40.1   40s
 76325 32763 -15834.208   39   23 -15828.000 -15933.748  0.67%  39.1   45s
 87307 36984 -15880.846   30   14 -15828.000 -15931.228  0.65%  38.2   50s
 97668 40801 -15924.724   21   63 -15828.000 -15929.064  0.64%  37.5   55s
 109581 44867     cutoff   40      -15828.000 -15926.728  0.62%  36.8   60s
 121720 49020 -15864.736   38   28 -15828.000 -15924.723  0.61%  36.2   65s
 133142 52843 -15841.694   41   25 -15828.000 -15923.129  0.60%  35.6   70s
 145778 57246 -15848.983   28   59 -15828.000 -15921.206  0.59%  35.0   75s
 158083 61135     cutoff   33      -15828.000 -15919.582  0.58%  34.6   80s
 169531 64527     cutoff   30      -15828.000 -15918.244  0.57%  34.2   85s
 180593 67881 -15864.870   30   51 -15828.000 -15917.111  0.56%  33.9   90s
 192561 71465 -15900.029   39   60 -15828.000 -15915.840  0.55%  33.6   95s
 204823 75319     cutoff   29      -15828.000 -15914.680  0.55%  33.3  100s
 218379 79175     cutoff   46      -15828.000 -15913.399  0.54%  32.9  105s
 231302 82664 -15842.667   28   44 -15828.000 -15912.231  0.53%  32.6  110s
 244264 86215     cutoff   30      -15828.000 -15911.171  0.53%  32.3  115s
 257625 89753 -15909.365   30   60 -15828.000 -15910.103  0.52%  32.1  120s
 271251 93456 -15860.803   27   68 -15828.000 -15909.088  0.51%  31.8  125s
 284693 97010 -15864.619   38   43 -15828.000 -15908.155  0.51%  31.5  130s
 298108 100339 -15881.444   41   35 -15828.000 -15907.253  0.50%  31.2  135s
 310975 103343 -15840.363   40   36 -15828.000 -15906.368  0.50%  31.0  140s
 325593 106886 -15872.366   31   33 -15828.000 -15905.454  0.49%  30.7  145s
 339420 110158 -15894.406   27   57 -15828.000 -15904.709  0.48%  30.5  150s
 352745 113366 -15879.203   34   49 -15828.000 -15903.977  0.48%  30.3  155s
 366835 116663     cutoff   37      -15828.000 -15903.304  0.48%  30.1  160s
 381430 120048 -15895.020   36   45 -15828.000 -15902.603  0.47%  29.9  165s
 395062 122905     cutoff   42      -15828.000 -15901.888  0.47%  29.7  170s
 408583 125981 -15871.509   37   46 -15828.000 -15901.265  0.46%  29.6  175s
 422822 129085 -15877.929   28   62 -15828.000 -15900.617  0.46%  29.4  180s
 437231 132118     cutoff   36      -15828.000 -15900.064  0.46%  29.2  185s
 451636 135142 -15874.190   36   39 -15828.000 -15899.465  0.45%  29.1  190s
 465477 137878 -15887.587   26   30 -15828.000 -15898.878  0.45%  28.9  195s
 480456 141044     cutoff   41      -15828.000 -15898.263  0.44%  28.7  200s
 494902 144215 -15875.824   27   62 -15828.000 -15897.744  0.44%  28.6  205s
 509904 147047 -15865.131   29   44 -15828.000 -15897.153  0.44%  28.5  210s
 525137 149725 -15869.995   36   51 -15828.000 -15896.575  0.43%  28.3  215s
 540043 152134     cutoff   38      -15828.000 -15896.016  0.43%  28.2  220s
 554471 154866 -15845.307   38   34 -15828.000 -15895.498  0.43%  28.1  225s
 569747 157688 -15852.863   43   17 -15828.000 -15894.952  0.42%  27.9  230s
 585254 160340 -15887.652   32   75 -15828.000 -15894.448  0.42%  27.8  235s
 600415 162838     cutoff   40      -15828.000 -15893.945  0.42%  27.7  240s
 613684 165026 -15851.682   37   50 -15828.000 -15893.511  0.41%  27.6  245s
 628653 167402     cutoff   39      -15828.000 -15893.025  0.41%  27.5  250s
 644465 169934 -15862.565   36   54 -15828.000 -15892.506  0.41%  27.4  255s
 659381 172147     cutoff   38      -15828.000 -15892.027  0.40%  27.3  260s
 674833 174609 -15857.716   30   48 -15828.000 -15891.566  0.40%  27.2  265s
 689947 176829 -15839.951   34   27 -15828.000 -15891.121  0.40%  27.1  270s
 704486 178860 -15849.202   35   27 -15828.000 -15890.708  0.40%  27.0  275s
 717893 180738 -15879.851   38   54 -15828.000 -15890.336  0.39%  26.9  280s
 734046 182993     cutoff   43      -15828.000 -15889.848  0.39%  26.8  285s
 749120 185086     cutoff   45      -15828.000 -15889.434  0.39%  26.7  290s
 764694 187405 -15833.894   33   56 -15828.000 -15889.013  0.39%  26.7  295s
 780133 189603 -15866.264   35   17 -15828.000 -15888.625  0.38%  26.6  300s
 795497 191873 -15835.212   39   51 -15828.000 -15888.255  0.38%  26.5  305s
 811365 193815 -15834.979   39   41 -15828.000 -15887.852  0.38%  26.4  310s
 827035 195946 -15875.840   39   17 -15828.000 -15887.484  0.38%  26.3  315s
 843436 197939 -15848.024   39   23 -15828.000 -15887.150  0.37%  26.2  320s
 859812 199685     cutoff   34      -15828.000 -15886.819  0.37%  26.1  325s
 872986 201343 -15864.212   38   59 -15828.000 -15886.508  0.37%  26.1  330s
 888823 203516 -15856.652   44   44 -15828.000 -15886.161  0.37%  26.0  335s
 905754 205325 -15871.519   36   34 -15828.000 -15885.821  0.37%  25.9  340s
 921070 207418 -15843.785   36   25 -15828.000 -15885.509  0.36%  25.8  345s
 937866 209438     cutoff   41      -15828.000 -15885.193  0.36%  25.7  350s
 953788 211215 -15877.668   34   41 -15828.000 -15884.845  0.36%  25.7  355s
 969660 212930     cutoff   41      -15828.000 -15884.508  0.36%  25.6  360s
 984830 214502 -15856.245   36   31 -15828.000 -15884.180  0.35%  25.6  365s
 1002082 216396     cutoff   42      -15828.000 -15883.820  0.35%  25.5  370s
 1018619 218209 -15849.830   45   20 -15828.000 -15883.514  0.35%  25.4  375s
 1034511 219781 -15871.467   27   30 -15828.000 -15883.230  0.35%  25.4  380s
 1048493 221118     cutoff   31      -15828.000 -15882.959  0.35%  25.3  385s
 1065469 222560 -15864.757   44   38 -15828.000 -15882.668  0.35%  25.2  390s
 1081580 224331 -15871.176   35   22 -15828.000 -15882.368  0.34%  25.2  395s
 1098377 225630 -15862.104   38   39 -15828.000 -15882.064  0.34%  25.1  400s
 1114087 227049 -15829.150   32   44 -15828.000 -15881.778  0.34%  25.1  405s
H1127186 225483                    -15831.00000 -15881.528  0.32%  25.0  408s
 1129645 225611 -15848.586   36   33 -15831.000 -15881.478  0.32%  25.0  410s
 1146472 226843 -15856.562   39   47 -15831.000 -15881.159  0.32%  24.9  415s
 1163294 227983 -15840.851   40   47 -15831.000 -15880.847  0.31%  24.9  420s
 1179852 228936     cutoff   36      -15831.000 -15880.537  0.31%  24.8  425s
 1196466 230088 -15854.329   39   38 -15831.000 -15880.244  0.31%  24.8  430s
 1212820 230992 -15837.482   34   46 -15831.000 -15879.951  0.31%  24.7  435s
 1230275 232148     cutoff   36      -15831.000 -15879.647  0.31%  24.7  440s
 1244795 232873     cutoff   42      -15831.000 -15879.372  0.31%  24.6  445s
 1261275 233529 -15855.259   38   35 -15831.000 -15879.057  0.30%  24.6  450s
 1279327 234207 -15855.829   36   31 -15831.000 -15878.737  0.30%  24.5  455s
 1294860 234964     cutoff   37      -15831.000 -15878.474  0.30%  24.5  460s
 1312023 235516 -15860.880   36   65 -15831.000 -15878.148  0.30%  24.4  465s
 1328880 236070     cutoff   39      -15831.000 -15877.860  0.30%  24.4  470s
 1344804 236776     cutoff   38      -15831.000 -15877.582  0.29%  24.3  475s
 1359674 237097 -15832.347   37   37 -15831.000 -15877.319  0.29%  24.3  480s
 1376513 237671     cutoff   27      -15831.000 -15877.015  0.29%  24.2  485s
 1393788 238112 -15873.371   39   54 -15831.000 -15876.717  0.29%  24.2  490s
 1410437 238684 -15840.805   32   48 -15831.000 -15876.441  0.29%  24.1  495s
 1426852 238932     cutoff   37      -15831.000 -15876.167  0.29%  24.1  500s
 1444040 239305 -15872.101   39   27 -15831.000 -15875.894  0.28%  24.1  505s
 1460445 239780     cutoff   39      -15831.000 -15875.632  0.28%  24.0  510s
 1477321 240201 -15857.252   37   18 -15831.000 -15875.374  0.28%  24.0  515s
 1494674 240511 -15843.982   40   21 -15831.000 -15875.082  0.28%  23.9  520s
 1511519 240379     cutoff   37      -15831.000 -15874.789  0.28%  23.9  525s
 1528986 240609     cutoff   38      -15831.000 -15874.511  0.27%  23.9  530s
 1545305 240686     cutoff   46      -15831.000 -15874.257  0.27%  23.8  535s
 1560974 240784     cutoff   39      -15831.000 -15873.996  0.27%  23.8  540s
 1578408 240789 -15853.856   34   52 -15831.000 -15873.702  0.27%  23.8  545s
 1593599 240913     cutoff   38      -15831.000 -15873.449  0.27%  23.7  550s
 1611142 240888 -15867.253   34   62 -15831.000 -15873.163  0.27%  23.7  555s
 1627540 240557     cutoff   39      -15831.000 -15872.895  0.26%  23.6  560s
 1644082 240558 -15858.841   40   32 -15831.000 -15872.633  0.26%  23.6  565s
 1661445 240241     cutoff   43      -15831.000 -15872.345  0.26%  23.6  570s
 1676218 240004 -15836.278   44   34 -15831.000 -15872.106  0.26%  23.6  575s
 1693012 239768 -15868.317   41   52 -15831.000 -15871.830  0.26%  23.5  580s
 1710319 239578     cutoff   39      -15831.000 -15871.567  0.26%  23.5  585s
 1727497 239264     cutoff   40      -15831.000 -15871.302  0.25%  23.5  590s
 1744638 238877     cutoff   44      -15831.000 -15871.025  0.25%  23.4  595s
 1762049 238648 -15856.133   38   32 -15831.000 -15870.740  0.25%  23.4  600s

Cutting planes:
  Gomory: 4
  Cover: 210
  Clique: 31
  MIR: 966
  StrongCG: 694
  Flow cover: 194
  Zero half: 5
  RLT: 1

Explored 1762208 nodes (41214141 simplex iterations) in 600.00 seconds (1435.36 work units)
Thread count was 4 (of 56 available processors)

Solution count 10: -15831 -15828 -15825 ... -15529

Time limit reached
Best objective -1.583100000000e+04, best bound -1.587000000000e+04, gap 0.2464%
