
Gurobi 9.5.0 (linux64) logging started Mon Apr 11 08:00:40 2022

Set parameter LogFile to value "/local_workspace/chenrui/LogFiles/MKAP/probT1_10e3_1W_R50_T002_M020_N0060_seed02_DWcutsT2_600.log"
Gurobi Optimizer version 9.5.0 build v9.5.0rc5 (linux64)
Thread count: 56 physical cores, 56 logical processors, using up to 4 threads
Optimize a model with 277 rows, 1240 columns and 7289 nonzeros
Model fingerprint: 0x939cc6b3
Variable types: 0 continuous, 1240 integer (1240 binary)
Coefficient statistics:
  Matrix range     [4e-13, 2e+03]
  Objective range  [5e+01, 9e+02]
  Bounds range     [1e+00, 1e+00]
  RHS range        [3e-15, 4e+02]
Warning: Model contains large matrix coefficient range
         Consider reformulating model or setting NumericFocus parameter
         to avoid numerical issues.
Found heuristic solution: objective 0.0000000
Presolve removed 50 rows and 428 columns
Presolve time: 0.02s
Presolved: 227 rows, 812 columns, 4681 nonzeros
Variable types: 0 continuous, 812 integer (812 binary)
Found heuristic solution: objective -15877.00000

Root relaxation: objective -1.793909e+04, 1184 iterations, 0.02 seconds (0.02 work units)

    Nodes    |    Current Node    |     Objective Bounds      |     Work
 Expl Unexpl |  Obj  Depth IntInf | Incumbent    BestBd   Gap | It/Node Time

     0     0 -17939.093    0   61 -15877.000 -17939.093  13.0%     -    0s
H    0     0                    -16739.00000 -17939.093  7.17%     -    0s
H    0     0                    -16909.00000 -17939.093  6.09%     -    0s
H    0     0                    -17146.00000 -17939.093  4.63%     -    0s
H    0     0                    -17333.00000 -17939.093  3.50%     -    0s
     0     0 -17939.093    0   75 -17333.000 -17939.093  3.50%     -    0s
H    0     0                    -17728.00000 -17939.093  1.19%     -    0s
     0     0 -17939.093    0   67 -17728.000 -17939.093  1.19%     -    0s
     0     0 -17939.093    0   67 -17728.000 -17939.093  1.19%     -    0s
H    0     2                    -17770.00000 -17939.093  0.95%     -    0s
     0     2 -17939.093    0   67 -17770.000 -17939.093  0.95%     -    0s
H  115   136                    -17781.00000 -17939.093  0.89%  55.0    0s
H  284   360                    -17836.00000 -17939.093  0.58%  49.3    0s
H  821   798                    -17847.00000 -17939.093  0.52%  37.4    1s
  6936  4178 -17850.724   52   57 -17847.000 -17939.093  0.52%  32.2    5s
 21056 13075 -17939.093   31   28 -17847.000 -17939.093  0.52%  29.8   10s
 31437 17600 -17938.959   53   45 -17847.000 -17939.093  0.52%  29.4   15s
 48770 23725 -17913.254   50   27 -17847.000 -17939.093  0.52%  30.3   20s
 67123 32342 -17867.154   53   39 -17847.000 -17939.093  0.52%  30.6   25s
H69703 33516                    -17850.00000 -17939.093  0.50%  30.6   25s
H73555 17429                    -17913.00000 -17939.093  0.15%  30.9   26s
 75554 17728 -17939.093   47   16 -17913.000 -17939.093  0.15%  31.0   30s
 89392 20591 -17939.081   53   60 -17913.000 -17939.093  0.15%  31.3   35s
 104253 22348 -17934.096   71   42 -17913.000 -17939.086  0.15%  31.6   40s
 119671 23125     cutoff   73      -17913.000 -17939.063  0.15%  31.6   45s
 134486 26012 -17938.126   78   48 -17913.000 -17939.014  0.15%  31.8   50s
 149318 30459 -17914.832   69   49 -17913.000 -17938.963  0.14%  32.1   55s
 163098 35054 -17916.620   60   72 -17913.000 -17938.900  0.14%  32.1   60s
 179927 41618 -17937.267   65   57 -17913.000 -17938.814  0.14%  32.1   65s
 202898 51214     cutoff   53      -17913.000 -17938.762  0.14%  32.0   70s
 220980 57783 -17938.328   73   64 -17913.000 -17938.704  0.14%  31.9   75s
 238127 64230 -17935.932   52   57 -17913.000 -17938.643  0.14%  31.8   80s
 255428 70274 -17927.828   68   51 -17913.000 -17938.597  0.14%  31.6   85s
 272000 76386 -17935.221   53   58 -17913.000 -17938.570  0.14%  31.5   90s
 288312 81942     cutoff   54      -17913.000 -17938.531  0.14%  31.5   95s
 305369 87649 -17921.878   56   46 -17913.000 -17938.484  0.14%  31.5  100s
 322813 93832 -17937.117   77   40 -17913.000 -17938.441  0.14%  31.3  105s
 338609 99235 -17938.239   60   46 -17913.000 -17938.398  0.14%  31.2  110s
 354606 104992 -17918.108   78   58 -17913.000 -17938.353  0.14%  31.0  115s
 371709 111474     cutoff   93      -17913.000 -17938.318  0.14%  30.8  120s
 389100 118124 -17926.397   53   11 -17913.000 -17938.282  0.14%  30.6  125s
 406392 123701     cutoff   67      -17913.000 -17938.250  0.14%  30.4  130s
 423591 129562     cutoff   77      -17913.000 -17938.220  0.14%  30.2  135s
 440745 135097 -17929.813   81   64 -17913.000 -17938.187  0.14%  30.1  140s
 458679 140623 -17926.146   80   52 -17913.000 -17938.152  0.14%  29.9  145s
 476067 145734 -17926.681   88   46 -17913.000 -17938.109  0.14%  29.7  150s
 492464 150747     cutoff   51      -17913.000 -17938.070  0.14%  29.6  155s
 509765 156046 -17937.212   62   63 -17913.000 -17938.025  0.14%  29.5  160s
 527168 161138 -17923.420   78   34 -17913.000 -17937.983  0.14%  29.4  165s
 544677 166179 -17920.063   82   50 -17913.000 -17937.940  0.14%  29.2  170s
 560636 170887     cutoff   67      -17913.000 -17937.896  0.14%  29.1  175s
 578831 175936     cutoff   92      -17913.000 -17937.864  0.14%  29.0  180s
 595236 181150     cutoff   65      -17913.000 -17937.831  0.14%  29.0  185s
 614418 186954     cutoff   71      -17913.000 -17937.778  0.14%  28.9  190s
 633916 193042 -17930.172   71   39 -17913.000 -17937.731  0.14%  28.8  195s
 653548 198806 -17927.433   80   53 -17913.000 -17937.679  0.14%  28.7  200s
 672965 204284     cutoff   64      -17913.000 -17937.624  0.14%  28.6  205s
 691127 209281 -17916.722   72   56 -17913.000 -17937.574  0.14%  28.5  210s
 710104 214444     cutoff   53      -17913.000 -17937.515  0.14%  28.5  215s
 729178 219627 -17937.295   65   38 -17913.000 -17937.451  0.14%  28.4  220s
 748866 224178 -17929.955   78   46 -17913.000 -17937.378  0.14%  28.3  225s
 764066 226022 -17920.636   51   37 -17913.000 -17937.347  0.14%  28.4  230s
 783737 230111 -17924.434   65   45 -17913.000 -17937.274  0.14%  28.4  235s
 802247 233086 -17936.564   74   57 -17913.000 -17937.199  0.14%  28.3  240s
 820416 236183     cutoff   63      -17913.000 -17937.125  0.13%  28.3  245s
 836223 238789 -17928.482   70   41 -17913.000 -17937.080  0.13%  28.3  250s
 852782 241277 -17934.996   52   62 -17913.000 -17937.017  0.13%  28.3  255s
 870324 244054 -17931.841   58   74 -17913.000 -17936.941  0.13%  28.3  260s
 887987 246529 -17936.592   62   61 -17913.000 -17936.859  0.13%  28.3  265s
 905170 248964 -17931.014   64   35 -17913.000 -17936.775  0.13%  28.3  270s
 924206 252618     cutoff   60      -17913.000 -17936.739  0.13%  28.3  275s
 942100 255220     cutoff   63      -17913.000 -17936.684  0.13%  28.3  280s
 958309 256679     cutoff   84      -17913.000 -17936.662  0.13%  28.4  285s
 975160 258570 -17914.071   48   55 -17913.000 -17936.642  0.13%  28.4  290s
 993140 260958 -17929.407   62   39 -17913.000 -17936.605  0.13%  28.4  295s
 1010503 262552 -17934.533   61   46 -17913.000 -17936.553  0.13%  28.4  300s
 1029048 264677 -17922.863   65   63 -17913.000 -17936.482  0.13%  28.4  305s
 1046520 266115 -17928.819   84   64 -17913.000 -17936.404  0.13%  28.4  310s
 1062746 267005 -17930.095  100   52 -17913.000 -17936.341  0.13%  28.5  315s
 1080751 269093 -17934.145   61   59 -17913.000 -17936.273  0.13%  28.5  320s
 1098324 271172 -17918.642   52   48 -17913.000 -17936.199  0.13%  28.5  325s
 1115764 272890 -17923.291   56   41 -17913.000 -17936.125  0.13%  28.5  330s
 1130920 274383 -17920.758   58   63 -17913.000 -17936.099  0.13%  28.5  335s
 1149565 276260 -17933.102   58   57 -17913.000 -17936.014  0.13%  28.5  340s
 1167912 278281     cutoff   63      -17913.000 -17935.934  0.13%  28.5  345s
 1185812 280474 -17922.738   83   42 -17913.000 -17935.862  0.13%  28.5  350s
 1203656 282498     cutoff   61      -17913.000 -17935.790  0.13%  28.5  355s
 1221725 284393     cutoff   89      -17913.000 -17935.731  0.13%  28.5  360s
 1237692 286226 -17923.203   67   52 -17913.000 -17935.698  0.13%  28.5  365s
 1255821 288259     cutoff   82      -17913.000 -17935.626  0.13%  28.5  370s
 1274273 290215 -17932.044   63   46 -17913.000 -17935.555  0.13%  28.5  375s
 1292774 292534     cutoff   57      -17913.000 -17935.487  0.13%  28.5  380s
 1311878 294934 -17934.522   52   64 -17913.000 -17935.420  0.13%  28.4  385s
 1330954 296921 -17933.229   81   35 -17913.000 -17935.345  0.12%  28.4  390s
 1350417 298688 -17928.334   62   42 -17913.000 -17935.267  0.12%  28.3  395s
 1370160 301197 -17920.998   69   47 -17913.000 -17935.196  0.12%  28.3  400s
 1389767 302724     cutoff   62      -17913.000 -17935.117  0.12%  28.2  405s
 1409080 304419     cutoff   79      -17913.000 -17935.038  0.12%  28.2  410s
 1428173 305769 -17932.942   63   33 -17913.000 -17934.958  0.12%  28.2  415s
 1447400 307248 -17924.015   61   39 -17913.000 -17934.884  0.12%  28.1  420s
 1467223 308592 -17918.902   77   67 -17913.000 -17934.794  0.12%  28.1  425s
 1486561 310290 -17914.344   60   40 -17913.000 -17934.715  0.12%  28.0  430s
 1505479 311929 -17922.460   69   47 -17913.000 -17934.665  0.12%  28.0  435s
 1523495 313016 -17932.401   64   56 -17913.000 -17934.621  0.12%  28.0  440s
 1542508 314048     cutoff   78      -17913.000 -17934.539  0.12%  28.0  445s
 1561175 315221     cutoff   70      -17913.000 -17934.464  0.12%  28.0  450s
 1579944 318537 -17934.444   64   42 -17913.000 -17934.449  0.12%  28.0  455s
 1599336 319854     cutoff   57      -17913.000 -17934.401  0.12%  28.0  460s
 1618822 321106     cutoff   68      -17913.000 -17934.335  0.12%  27.9  465s
 1638018 322347     cutoff   49      -17913.000 -17934.260  0.12%  27.9  470s
 1656616 323190     cutoff   69      -17913.000 -17934.184  0.12%  27.9  475s
 1676515 323973     cutoff   70      -17913.000 -17934.101  0.12%  27.8  480s
 1696933 325161 -17932.062   56   70 -17913.000 -17934.014  0.12%  27.8  485s
 1717223 326406 -17925.409   57   40 -17913.000 -17933.932  0.12%  27.7  490s
 1737114 327465 -17929.041  105   49 -17913.000 -17933.850  0.12%  27.7  495s
 1757239 328221 -17932.426   56   56 -17913.000 -17933.765  0.12%  27.7  500s
 1776714 329173 -17927.186   61   55 -17913.000 -17933.682  0.12%  27.6  505s
 1797194 329868     cutoff   69      -17913.000 -17933.586  0.11%  27.6  510s
 1817097 330917     cutoff   65      -17913.000 -17933.499  0.11%  27.6  515s
 1836785 331141 -17924.887   69   61 -17913.000 -17933.402  0.11%  27.5  520s
 1856713 331324 -17933.289   62   38 -17913.000 -17933.298  0.11%  27.5  525s
 1876769 331482 -17924.695   61   54 -17913.000 -17933.196  0.11%  27.5  530s
 1896627 331430     cutoff   67      -17913.000 -17933.086  0.11%  27.4  535s
 1917105 331113 -17929.067   58   49 -17913.000 -17932.966  0.11%  27.4  540s
 1936051 330724     cutoff  107      -17913.000 -17932.875  0.11%  27.4  545s
 1956219 330511     cutoff   62      -17913.000 -17932.758  0.11%  27.4  550s
 1975765 328825 -17930.409   62   39 -17913.000 -17932.657  0.11%  27.4  555s
 1995343 328318     cutoff   71      -17913.000 -17932.545  0.11%  27.3  560s
 2015780 328330 -17926.524   66   47 -17913.000 -17932.434  0.11%  27.3  565s
 2035521 328746 -17929.563   64   58 -17913.000 -17932.375  0.11%  27.3  570s
 2051995 330030     cutoff   75      -17913.000 -17932.369  0.11%  27.3  575s
 2069395 331423     cutoff   77      -17913.000 -17932.369  0.11%  27.3  580s
 2087446 332813     cutoff   50      -17913.000 -17932.353  0.11%  27.3  585s
 2107038 333155 -17925.281   75   51 -17913.000 -17932.271  0.11%  27.3  590s
 2126932 333147     cutoff   65      -17913.000 -17932.180  0.11%  27.3  595s
 2148950 334225 -17928.807   70   33 -17913.000 -17932.127  0.11%  27.3  600s

Cutting planes:
  Gomory: 1
  Cover: 17
  Clique: 2
  MIR: 51
  StrongCG: 25
  Flow cover: 47
  GUB cover: 2
  Zero half: 2

Explored 2149490 nodes (58571164 simplex iterations) in 600.00 seconds (767.20 work units)
Thread count was 4 (of 56 available processors)

Solution count 10: -17913 -17850 -17847 ... -16909

Time limit reached
Best objective -1.791300000000e+04, best bound -1.793200000000e+04, gap 0.1061%
