
Gurobi 9.5.0 (linux64) logging started Mon Apr 11 03:27:36 2022

Set parameter LogFile to value "/local_workspace/chenrui/LogFiles/MKAP/probT1_10e3_1W_R50_T002_M010_N0040_seed02_DWcutsT5_600.log"
Gurobi Optimizer version 9.5.0 build v9.5.0rc5 (linux64)
Thread count: 56 physical cores, 56 logical processors, using up to 4 threads
Optimize a model with 704 rows, 420 columns and 12811 nonzeros
Model fingerprint: 0xcb7b385a
Variable types: 0 continuous, 420 integer (420 binary)
Coefficient statistics:
  Matrix range     [1e-13, 3e+03]
  Objective range  [5e+01, 9e+02]
  Bounds range     [1e+00, 1e+00]
  RHS range        [5e-05, 4e+01]
Warning: Model contains large matrix coefficient range
         Consider reformulating model or setting NumericFocus parameter
         to avoid numerical issues.
Found heuristic solution: objective 0.0000000
Presolve removed 198 rows and 73 columns
Presolve time: 0.06s
Presolved: 506 rows, 347 columns, 8983 nonzeros
Variable types: 0 continuous, 347 integer (347 binary)
Found heuristic solution: objective -9342.000000

Root relaxation: objective -1.200000e+04, 771 iterations, 0.02 seconds (0.03 work units)

    Nodes    |    Current Node    |     Objective Bounds      |     Work
 Expl Unexpl |  Obj  Depth IntInf | Incumbent    BestBd   Gap | It/Node Time

     0     0 -12000.001    0   37 -9342.0000 -12000.001  28.5%     -    0s
H    0     0                    -11868.00072 -12000.001  1.11%     -    0s
H    0     0                    -12000.00000 -12000.001  0.00%     -    0s

Cutting planes:
  Cover: 2
  Clique: 1
  StrongCG: 1

Explored 1 nodes (771 simplex iterations) in 0.10 seconds (0.11 work units)
Thread count was 4 (of 56 available processors)

Solution count 4: -12000 -11868 -9342 0 
No other solutions better than -12000

Optimal solution found (tolerance 1.00e-04)
Best objective -1.200000000000e+04, best bound -1.200000000000e+04, gap 0.0000%
