
Gurobi 9.5.0 (linux64) logging started Mon Apr 11 01:53:47 2022

Set parameter LogFile to value "/local_workspace/chenrui/LogFiles/MKAP/probT1_10e3_2S_R50_T002_M010_N0020_seed06_DWcuts_600.log"
Gurobi Optimizer version 9.5.0 build v9.5.0rc5 (linux64)
Thread count: 56 physical cores, 56 logical processors, using up to 4 threads
Optimize a model with 70 rows, 220 columns and 660 nonzeros
Model fingerprint: 0xc5cb2921
Variable types: 0 continuous, 220 integer (220 binary)
Coefficient statistics:
  Matrix range     [1e-09, 1e+03]
  Objective range  [2e+02, 1e+03]
  Bounds range     [1e+00, 1e+00]
  RHS range        [3e-09, 1e+00]
Found heuristic solution: objective 0.0000000
Presolve removed 28 rows and 116 columns
Presolve time: 0.00s
Presolved: 42 rows, 104 columns, 277 nonzeros
Variable types: 0 continuous, 104 integer (104 binary)
Found heuristic solution: objective -6485.000000

Root relaxation: objective -6.836000e+03, 54 iterations, 0.00 seconds (0.00 work units)

    Nodes    |    Current Node    |     Objective Bounds      |     Work
 Expl Unexpl |  Obj  Depth IntInf | Incumbent    BestBd   Gap | It/Node Time

*    0     0               0    -6836.000000 -6836.0000  0.00%     -    0s

Explored 1 nodes (54 simplex iterations) in 0.00 seconds (0.00 work units)
Thread count was 4 (of 56 available processors)

Solution count 3: -6836 -6485 0 
No other solutions better than -6836

Optimal solution found (tolerance 1.00e-04)
Best objective -6.835999999993e+03, best bound -6.835999999993e+03, gap 0.0000%
