
Gurobi 9.5.0 (linux64) logging started Thu Apr 14 11:18:00 2022

Set parameter LogFile to value "/local_workspace/chenrui/LogFiles/MKAP/probT2_10e3_0U_R50_T002_M010_N0200_seed01_objLB_600.log"
Gurobi Optimizer version 9.5.0 build v9.5.0rc5 (linux64)
Thread count: 56 physical cores, 56 logical processors, using up to 4 threads
Optimize a model with 231 rows, 2020 columns and 6040 nonzeros
Model fingerprint: 0xc0217859
Variable types: 0 continuous, 2020 integer (2020 binary)
Coefficient statistics:
  Matrix range     [1e+00, 1e+04]
  Objective range  [1e+00, 1e+03]
  Bounds range     [1e+00, 1e+00]
  RHS range        [1e+00, 8e+04]
Found heuristic solution: objective 0.0000000
Presolve removed 10 rows and 190 columns
Presolve time: 0.01s
Presolved: 221 rows, 1830 columns, 5480 nonzeros
Variable types: 0 continuous, 1830 integer (1830 binary)
Found heuristic solution: objective -56366.00000

Root relaxation: objective -8.162400e+04, 382 iterations, 0.01 seconds (0.01 work units)

    Nodes    |    Current Node    |     Objective Bounds      |     Work
 Expl Unexpl |  Obj  Depth IntInf | Incumbent    BestBd   Gap | It/Node Time

     0     0 -81624.000    0   24 -56366.000 -81624.000  44.8%     -    0s
H    0     0                    -78277.00000 -81624.000  4.28%     -    0s
H    0     0                    -81123.00000 -81624.000  0.62%     -    0s
     0     0 -81624.000    0  197 -81123.000 -81624.000  0.62%     -    0s
     0     0 -81624.000    0  193 -81123.000 -81624.000  0.62%     -    0s
     0     0 -81624.000    0   39 -81123.000 -81624.000  0.62%     -    0s
     0     0 -81624.000    0   39 -81123.000 -81624.000  0.62%     -    0s
H    0     0                    -81215.00000 -81624.000  0.50%     -    0s
     0     2 -81624.000    0   17 -81215.000 -81624.000  0.50%     -    0s
H   33    36                    -81226.00000 -81624.000  0.49%  93.6    0s
H   97   137                    -81297.00000 -81624.000  0.40%  47.5    0s
H  884  1136                    -81454.00000 -81624.000  0.21%  17.0    0s
H 1802  1321                    -81518.00004 -81624.000  0.13%  12.8    1s
H 1872  1225                    -81529.00000 -81624.000  0.12%  12.5    1s
 18752 13330 -81590.510   44   21 -81529.000 -81624.000  0.12%   7.0    5s
 37936 23314 -81529.925  128   17 -81529.000 -81623.566  0.12%   6.1   10s
 93170 57037 -81622.907   70   16 -81529.000 -81622.907  0.12%   4.5   15s
 180309 121169 -81558.373  119   16 -81529.000 -81622.273  0.11%   3.6   20s
 254974 171989 -81564.447   76   17 -81529.000 -81622.273  0.11%   3.2   25s
 324533 213399 -81558.588   74   17 -81529.000 -81621.954  0.11%   3.0   30s
 398628 252365 -81558.588   80   16 -81529.000 -81621.707  0.11%   2.9   35s
 470508 289250 -81564.447   74   18 -81529.000 -81621.707  0.11%   2.8   40s
 554005 316010 -81554.411   92   15 -81529.000 -81621.707  0.11%   2.7   45s
 642589 341528 -81564.447   86   17 -81529.000 -81621.707  0.11%   2.7   50s
 728906 364931 -81571.239   78   17 -81529.000 -81620.835  0.11%   2.6   55s
 817018 382562 -81562.514   84   16 -81529.000 -81620.835  0.11%   2.6   60s
 906077 399205 -81620.835   81   16 -81529.000 -81620.835  0.11%   2.5   65s
 987422 414413 -81571.239   83   18 -81529.000 -81620.835  0.11%   2.5   70s
 1067782 429075 -81564.447   86   18 -81529.000 -81620.835  0.11%   2.5   75s
 1158734 445735 -81562.514   86   17 -81529.000 -81620.835  0.11%   2.4   80s
 1239274 492138 -81556.157   74   17 -81529.000 -81618.930  0.11%   2.4   85s
 1308181 537759 -81538.589   81   16 -81529.000 -81618.296  0.11%   2.5   90s
 1384207 581721 -81560.078   68   17 -81529.000 -81618.296  0.11%   2.5   95s
 1470518 621146 -81554.957   77   17 -81529.000 -81617.730  0.11%   2.5  100s
 1556093 654957 -81560.713   83   17 -81529.000 -81617.101  0.11%   2.5  105s
 1636273 708424 -81601.342   94   17 -81529.000 -81614.995  0.11%   2.5  110s
 1723698 775718 -81601.015   95   17 -81529.000 -81613.635  0.10%   2.5  115s
 1817794 848700 -81611.931  109   14 -81529.000 -81612.688  0.10%   2.5  120s
 1922067 919859 -81607.283   88   18 -81529.000 -81612.501  0.10%   2.5  125s
 2025752 1003607 -81612.387   87   13 -81529.000 -81612.387  0.10%   2.5  130s
 2122379 1074749 -81542.071   94   13 -81529.000 -81612.387  0.10%   2.5  135s
 2210400 1139811 -81601.772  115   15 -81529.000 -81612.387  0.10%   2.5  140s
 2296594 1195493 infeasible  116      -81529.000 -81612.387  0.10%   2.5  145s
*2315187 742105             287    -81559.00000 -81612.387  0.07%   2.5  146s
 2375117 781863 -81601.261   94   14 -81559.000 -81612.387  0.07%   2.5  150s
 2472881 842775 -81611.757  125   10 -81559.000 -81612.387  0.07%   2.5  155s
 2575727 900581 -81589.123  137   10 -81559.000 -81612.387  0.07%   2.5  160s
 2684559 960306 -81573.331  125   10 -81559.000 -81612.387  0.07%   2.5  165s
 2786802 1014555 -81561.689  181    8 -81559.000 -81612.387  0.07%   2.5  170s
 2893478 1071704 -81592.163  132   13 -81559.000 -81612.387  0.07%   2.5  175s
H2981458 694051                    -81570.00000 -81612.387  0.05%   2.4  179s
 2985384 695600 -81584.205  156   10 -81570.000 -81612.387  0.05%   2.4  180s
 3089406 746188 -81587.855  146    8 -81570.000 -81612.387  0.05%   2.4  185s
 3196422 798011 -81595.694  116   14 -81570.000 -81612.387  0.05%   2.4  190s
 3289478 841996 -81609.471  109   12 -81570.000 -81612.387  0.05%   2.4  195s
 3378861 891758 -81582.956  120   12 -81570.000 -81612.387  0.05%   2.4  200s
 3469895 942493 -81585.855  130   10 -81570.000 -81612.387  0.05%   2.4  205s
 3562974 995688 -81571.086  126   10 -81570.000 -81612.387  0.05%   2.4  210s
 3667737 1051224 -81599.355  111   11 -81570.000 -81612.387  0.05%   2.4  215s
 3768357 1108148 -81607.500   99   11 -81570.000 -81612.387  0.05%   2.4  220s
 3852846 1150706 -81591.247  113   11 -81570.000 -81612.387  0.05%   2.4  225s
 3936813 1189341 -81591.042  122   12 -81570.000 -81612.387  0.05%   2.4  230s
 4019521 1223494     cutoff  127      -81570.000 -81612.387  0.05%   2.4  235s
 4100357 1260317 -81591.247  123   12 -81570.000 -81612.387  0.05%   2.5  240s
 4181674 1298762     cutoff  114      -81570.000 -81612.387  0.05%   2.5  245s
 4263241 1335868 -81588.801  117   10 -81570.000 -81612.387  0.05%   2.5  250s
 4322054 1362777 -81572.065  121   11 -81570.000 -81612.387  0.05%   2.5  255s
 4385984 1393747 -81580.828  116   11 -81570.000 -81612.387  0.05%   2.5  260s
 4453374 1423005 infeasible  115      -81570.000 -81612.387  0.05%   2.5  265s
 4529981 1459625 -81579.585  114    9 -81570.000 -81612.387  0.05%   2.5  270s
 4603772 1494445 -81585.738  119   10 -81570.000 -81612.387  0.05%   2.5  275s
 4678009 1531253 -81574.516  109   11 -81570.000 -81612.387  0.05%   2.5  280s
 4750039 1566187 -81577.397  189   11 -81570.000 -81612.387  0.05%   2.6  285s
 4820831 1604047 -81600.984  127   10 -81570.000 -81612.387  0.05%   2.6  290s
 4904982 1634172 -81585.855  173    7 -81570.000 -81612.387  0.05%   2.6  295s
 4989843 1666430 -81575.504  170   10 -81570.000 -81612.387  0.05%   2.6  300s
 5068711 1696399 -81584.791  170    9 -81570.000 -81612.387  0.05%   2.6  305s
 5148951 1728194 -81604.175  138   10 -81570.000 -81612.387  0.05%   2.6  310s
 5229735 1771381 -81598.640  104   15 -81570.000 -81612.387  0.05%   2.6  315s
 5309204 1816732 -81585.569  108   11 -81570.000 -81612.387  0.05%   2.6  320s
 5385039 1859891 -81586.179  122   12 -81570.000 -81612.387  0.05%   2.6  325s
 5456155 1899011     cutoff  123      -81570.000 -81612.387  0.05%   2.6  330s
 5537437 1944825 -81582.772  119   12 -81570.000 -81612.387  0.05%   2.6  335s
 5623464 1994672 -81591.247  103   12 -81570.000 -81612.387  0.05%   2.6  340s
 5704051 2040431 -81584.785  110   11 -81570.000 -81612.387  0.05%   2.6  345s
 5782820 2086991 -81594.879  110   12 -81570.000 -81612.387  0.05%   2.6  350s
 5861517 2133634 -81609.750  104   12 -81570.000 -81612.387  0.05%   2.6  355s
 5941192 2180173 -81602.936  109   11 -81570.000 -81612.387  0.05%   2.6  360s
 6016799 2223520     cutoff  121      -81570.000 -81612.387  0.05%   2.6  365s
 6093044 2267323 -81599.004  111   10 -81570.000 -81612.387  0.05%   2.6  370s
 6170124 2309184 -81612.387   92   14 -81570.000 -81612.387  0.05%   2.6  375s
 6251849 2356890 -81608.951  105   12 -81570.000 -81612.387  0.05%   2.6  380s
 6332398 2403099 -81584.205  156   13 -81570.000 -81612.387  0.05%   2.6  385s
 6413618 2451111 -81607.343  110   11 -81570.000 -81612.387  0.05%   2.6  390s
 6488850 2493467 -81583.921   98   12 -81570.000 -81612.387  0.05%   2.6  395s
 6565747 2538279 -81607.822  112   11 -81570.000 -81612.387  0.05%   2.6  400s
 6646917 2586536 -81583.878  139   11 -81570.000 -81612.387  0.05%   2.6  405s
 6724904 2632406     cutoff  115      -81570.000 -81612.387  0.05%   2.6  410s
 6801755 2677292 -81574.855  125   10 -81570.000 -81612.387  0.05%   2.6  415s
 6875581 2719548     cutoff  117      -81570.000 -81612.387  0.05%   2.6  420s
 6951780 2759288 -81612.387  119   14 -81570.000 -81612.387  0.05%   2.7  425s
 7027209 2801538 -81603.005  129   10 -81570.000 -81612.387  0.05%   2.7  430s
 7106008 2846788 -81595.197  126   12 -81570.000 -81612.387  0.05%   2.7  435s
 7184787 2892357 -81584.577  118   11 -81570.000 -81612.387  0.05%   2.7  440s
 7261677 2936966 -81604.386  110   11 -81570.000 -81612.387  0.05%   2.7  445s
 7340506 2981879 -81579.990  112   12 -81570.000 -81612.387  0.05%   2.7  450s
 7413090 3022586 -81573.185  126   12 -81570.000 -81612.387  0.05%   2.7  455s
 7483208 3063999 -81585.532  120   10 -81570.000 -81612.387  0.05%   2.7  460s
 7559423 3106126 -81597.021  116    9 -81570.000 -81612.387  0.05%   2.7  465s
 7638813 3147681 -81583.690  142   10 -81570.000 -81612.387  0.05%   2.7  470s
 7715401 3189411 -81578.047  153   10 -81570.000 -81612.387  0.05%   2.7  475s
 7797345 3230546 -81571.458  126   10 -81570.000 -81612.387  0.05%   2.7  480s
 7878271 3275639 -81572.878  118   11 -81570.000 -81612.387  0.05%   2.7  485s
 7959017 3323761 -81583.342  116   12 -81570.000 -81612.387  0.05%   2.7  490s
 8033998 3367242 -81581.546  123   10 -81570.000 -81612.387  0.05%   2.7  495s
 8118922 3412550 -81572.878  136   10 -81570.000 -81612.387  0.05%   2.7  500s
 8197559 3453335     cutoff  153      -81570.000 -81612.387  0.05%   2.7  505s
 8273215 3493921 -81611.943  103   15 -81570.000 -81612.387  0.05%   2.7  510s
 8343213 3531096 -81612.387   98   13 -81570.000 -81612.387  0.05%   2.7  515s
 8419227 3572270 -81602.053  105   14 -81570.000 -81612.387  0.05%   2.7  520s
 8497717 3616461 -81573.205  173   10 -81570.000 -81612.387  0.05%   2.7  525s
 8579670 3658880 -81573.416  111   11 -81570.000 -81612.387  0.05%   2.7  530s
 8661698 3699185 -81590.807  112   12 -81570.000 -81612.387  0.05%   2.7  535s
 8739603 3744023 -81612.387   95   14 -81570.000 -81612.387  0.05%   2.7  540s
 8820900 3796077 -81612.387   99   13 -81570.000 -81612.387  0.05%   2.7  545s
 8904157 3846641 -81585.374  124   10 -81570.000 -81612.387  0.05%   2.7  550s
 8979123 3886903 -81603.005  117   11 -81570.000 -81612.387  0.05%   2.7  555s
 9050996 3921641 -81588.494  118   12 -81570.000 -81612.387  0.05%   2.7  560s
 9124757 3958994 -81609.129   97   11 -81570.000 -81612.387  0.05%   2.7  565s
 9195173 3995355 -81606.761  113   11 -81570.000 -81612.387  0.05%   2.7  570s
 9265768 4031151 -81588.183  105   11 -81570.000 -81612.387  0.05%   2.7  575s
 9336196 4066513 -81585.883  124   11 -81570.000 -81612.387  0.05%   2.7  580s
 9408687 4103678 -81576.977  127   10 -81570.000 -81612.387  0.05%   2.7  585s
 9484551 4137856 -81576.684  118   12 -81570.000 -81612.387  0.05%   2.7  590s
 9560823 4179643 -81580.585  111   11 -81570.000 -81612.387  0.05%   2.7  595s
 9639368 4224789 -81607.343  114   12 -81570.000 -81612.387  0.05%   2.7  600s

Cutting planes:
  Cover: 17
  Clique: 152
  MIR: 3
  StrongCG: 1
  Flow cover: 8

Explored 9639695 nodes (26017538 simplex iterations) in 600.00 seconds (801.43 work units)
Thread count was 4 (of 56 available processors)

Solution count 10: -81570 -81559 -81529 ... -78277

Time limit reached
Best objective -8.157000000000e+04, best bound -8.161200000000e+04, gap 0.0515%
