
Gurobi 9.5.0 (linux64) logging started Tue Apr 12 00:29:25 2022

Set parameter LogFile to value "/local_workspace/chenrui/LogFiles/MKAP/probT1_10e3_2S_R50_T002_M010_N0020_seed10_objLB_600.log"
Gurobi Optimizer version 9.5.0 build v9.5.0rc5 (linux64)
Thread count: 56 physical cores, 56 logical processors, using up to 4 threads
Optimize a model with 51 rows, 220 columns and 640 nonzeros
Model fingerprint: 0x7f0a4f94
Variable types: 0 continuous, 220 integer (220 binary)
Coefficient statistics:
  Matrix range     [1e+00, 1e+03]
  Objective range  [3e+02, 1e+03]
  Bounds range     [1e+00, 1e+00]
  RHS range        [1e+00, 7e+03]
Found heuristic solution: objective 0.0000000
Presolve removed 15 rows and 110 columns
Presolve time: 0.00s
Presolved: 36 rows, 110 columns, 319 nonzeros
Variable types: 0 continuous, 110 integer (110 binary)
Found heuristic solution: objective -4876.000000

Root relaxation: objective -7.437000e+03, 44 iterations, 0.00 seconds (0.00 work units)

    Nodes    |    Current Node    |     Objective Bounds      |     Work
 Expl Unexpl |  Obj  Depth IntInf | Incumbent    BestBd   Gap | It/Node Time

     0     0 -7437.0000    0    5 -4876.0000 -7437.0000  52.5%     -    0s
H    0     0                    -6739.000000 -7437.0000  10.4%     -    0s
H    0     0                    -7087.000000 -7437.0000  4.94%     -    0s
     0     0 -7437.0000    0   18 -7087.0000 -7437.0000  4.94%     -    0s
H    0     0                    -7120.000000 -7437.0000  4.45%     -    0s
*    0     0               0    -7437.000000 -7437.0000  0.00%     -    0s

Cutting planes:
  Gomory: 12
  Cover: 9
  Clique: 3
  MIR: 4
  StrongCG: 3
  GUB cover: 2

Explored 1 nodes (137 simplex iterations) in 0.01 seconds (0.00 work units)
Thread count was 4 (of 56 available processors)

Solution count 6: -7437 -7120 -7087 ... 0
No other solutions better than -7437

Optimal solution found (tolerance 1.00e-04)
Best objective -7.437000000000e+03, best bound -7.437000000000e+03, gap 0.0000%
