
Gurobi 9.5.0 (linux64) logging started Sun Apr 10 18:22:00 2022

Set parameter LogFile to value "/local_workspace/chenrui/LogFiles/MKAP/probT1_10e3_0U_R50_T002_M010_N0060_seed08_DWcutsT5_600.log"
Gurobi Optimizer version 9.5.0 build v9.5.0rc5 (linux64)
Thread count: 56 physical cores, 56 logical processors, using up to 4 threads
Optimize a model with 688 rows, 620 columns and 19718 nonzeros
Model fingerprint: 0x8321998d
Variable types: 0 continuous, 620 integer (620 binary)
Coefficient statistics:
  Matrix range     [1e-13, 2e+03]
  Objective range  [5e+00, 1e+03]
  Bounds range     [1e+00, 1e+00]
  RHS range        [3e-13, 4e+00]
Warning: Model contains large matrix coefficient range
         Consider reformulating model or setting NumericFocus parameter
         to avoid numerical issues.
Found heuristic solution: objective 0.0000000
Presolve removed 10 rows and 44 columns
Presolve time: 0.06s
Presolved: 678 rows, 576 columns, 18536 nonzeros
Variable types: 0 continuous, 576 integer (576 binary)
Found heuristic solution: objective -20960.00000

Root relaxation: objective -2.424343e+04, 1875 iterations, 0.10 seconds (0.17 work units)

    Nodes    |    Current Node    |     Objective Bounds      |     Work
 Expl Unexpl |  Obj  Depth IntInf | Incumbent    BestBd   Gap | It/Node Time

     0     0 -24243.432    0  112 -20960.000 -24243.432  15.7%     -    0s
H    0     0                    -23330.00000 -24243.432  3.92%     -    0s
     0     0 -24243.432    0  132 -23330.000 -24243.432  3.92%     -    0s
H    0     0                    -23825.00000 -24243.432  1.76%     -    0s
     0     0 -24243.432    0  124 -23825.000 -24243.432  1.76%     -    0s
     0     0 -24243.432    0  128 -23825.000 -24243.432  1.76%     -    0s
     0     0 -24243.432    0  118 -23825.000 -24243.432  1.76%     -    0s
     0     0 -24243.432    0  133 -23825.000 -24243.432  1.76%     -    0s
H    0     0                    -24057.00000 -24243.432  0.77%     -    0s
     0     0 -24243.432    0  114 -24057.000 -24243.432  0.77%     -    0s
     0     0 -24243.432    0  114 -24057.000 -24243.432  0.77%     -    0s
     0     2 -24243.432    0  114 -24057.000 -24243.432  0.77%     -    1s
  1128   824 -24243.432   17  118 -24057.000 -24243.432  0.77%  60.8    5s
H 3653  1807                    -24125.00000 -24243.432  0.49%  45.9    7s
  6554  3964 -24242.752   25   61 -24125.000 -24243.431  0.49%  41.8   10s
 14796  8687 -24146.648   68   16 -24125.000 -24243.419  0.49%  37.2   15s
H15309  8466                    -24132.00000 -24243.418  0.46%  37.2   16s
 21066 12257 -24212.915   26   64 -24132.000 -24243.396  0.46%  37.1   26s
 27512 15543 -24241.437   33   63 -24132.000 -24243.236  0.46%  37.2   30s
 38571 21552 -24242.592   22   82 -24132.000 -24242.984  0.46%  34.9   35s
 52163 28389     cutoff   36      -24132.000 -24242.772  0.46%  32.9   40s
 70251 36521 -24159.838   42   37 -24132.000 -24242.650  0.46%  32.9   45s
 81605 41702     cutoff   34      -24132.000 -24242.560  0.46%  32.5   50s
 93238 47407 -24189.531   55   38 -24132.000 -24242.467  0.46%  31.9   55s
 104427 52995     cutoff   42      -24132.000 -24242.420  0.46%  31.3   60s
 113124 57218 -24137.545   49   26 -24132.000 -24242.353  0.46%  31.2   65s
 126543 63933 -24197.293   49   29 -24132.000 -24242.254  0.46%  31.1   70s
 139882 69929 -24153.810   44   27 -24132.000 -24242.184  0.46%  31.3   75s
 153017 75733 -24239.959   34   61 -24132.000 -24242.138  0.46%  31.4   80s
 167474 82080 -24136.592   46   24 -24132.000 -24242.037  0.46%  31.2   85s
 181797 88486     cutoff   43      -24132.000 -24241.858  0.46%  31.1   90s
 197012 95542 -24223.993   37   47 -24132.000 -24241.674  0.45%  30.9   95s
 211979 102262 -24211.491   45   69 -24132.000 -24241.538  0.45%  30.8  100s
 224461 107855 -24196.965   38   30 -24132.000 -24241.440  0.45%  31.0  105s
 237527 113230     cutoff   58      -24132.000 -24241.339  0.45%  31.2  110s
 249097 118158 -24165.759   25   57 -24132.000 -24241.280  0.45%  31.5  115s
 260250 122235 infeasible   37      -24132.000 -24241.176  0.45%  31.8  120s
 272054 126612 -24220.467   60   40 -24132.000 -24240.977  0.45%  32.0  125s
 282518 130799 -24240.901   33   48 -24132.000 -24240.901  0.45%  32.4  130s
 293151 135440 -24188.624   43   47 -24132.000 -24240.781  0.45%  32.7  135s
 302368 139121 -24219.976   40   25 -24132.000 -24240.548  0.45%  32.8  140s
 314655 144109 -24143.226   36   34 -24132.000 -24240.372  0.45%  32.9  145s
 324370 147591     cutoff   38      -24132.000 -24240.227  0.45%  33.0  150s
 336605 152452 -24187.469   44   39 -24132.000 -24240.034  0.45%  33.0  155s
 348622 157420 -24136.827   33   32 -24132.000 -24239.929  0.45%  32.9  160s
 358649 161266 -24198.254   35   45 -24132.000 -24239.838  0.45%  32.9  165s
 368126 164659 -24215.714   47   42 -24132.000 -24239.781  0.45%  33.1  170s
 376507 167433 -24238.345   40   92 -24132.000 -24239.749  0.45%  33.5  175s
 386103 170671 -24170.847   42   26 -24132.000 -24239.673  0.45%  33.7  180s
 395955 175099 -24153.607   58   37 -24132.000 -24239.564  0.45%  33.7  185s
 411518 181622     cutoff   47      -24132.000 -24239.336  0.44%  33.4  190s
 422011 184877 -24236.093   28   43 -24132.000 -24239.103  0.44%  33.6  195s
 431750 188528     cutoff   42      -24132.000 -24239.005  0.44%  33.5  200s
*435821 156857              62    -24146.00000 -24238.961  0.38%  33.5  201s
 444864 158005     cutoff   42      -24146.000 -24238.825  0.38%  33.5  205s
 454238 159756 -24167.236   41   34 -24146.000 -24238.611  0.38%  33.5  210s
 466727 162823 infeasible   43      -24146.000 -24238.289  0.38%  33.4  215s
 479191 164696 -24213.363   38   46 -24146.000 -24237.781  0.38%  33.5  220s
 491965 166934 -24209.758   51   26 -24146.000 -24237.225  0.38%  33.4  225s
 504767 169605 -24235.773   30   42 -24146.000 -24236.721  0.38%  33.4  230s
 517065 171869     cutoff   37      -24146.000 -24236.147  0.37%  33.4  235s
 528763 173294 -24206.250   39   35 -24146.000 -24235.453  0.37%  33.4  240s
 539484 175179     cutoff   39      -24146.000 -24234.973  0.37%  33.4  245s
 553806 178859 -24196.101   54   35 -24146.000 -24234.167  0.37%  33.3  250s
 567837 182834     cutoff   40      -24146.000 -24233.380  0.36%  33.1  255s
 585389 187975 -24201.808   45   44 -24146.000 -24232.762  0.36%  32.8  260s
 602234 192558     cutoff   42      -24146.000 -24232.176  0.36%  32.5  265s
 618340 195479     cutoff   27      -24146.000 -24231.214  0.35%  32.3  270s
 633774 197798 -24192.321   46   40 -24146.000 -24230.280  0.35%  32.1  275s
 648856 199724 -24208.664   37   66 -24146.000 -24229.134  0.34%  32.0  280s
 665128 202353 -24174.003   64   46 -24146.000 -24228.084  0.34%  31.8  285s
 681490 205652 -24226.896   36   36 -24146.000 -24226.965  0.34%  31.7  290s
 703149 210649     cutoff   64      -24146.000 -24225.964  0.33%  31.3  295s
 721530 213335     cutoff   32      -24146.000 -24224.796  0.33%  31.0  300s
 736887 214683     cutoff   37      -24146.000 -24223.823  0.32%  30.9  305s
 757472 219928 -24217.800   54   31 -24146.000 -24222.899  0.32%  30.6  310s
 775951 223453 -24206.436   32   53 -24146.000 -24221.834  0.31%  30.4  315s
 794566 228079     cutoff   59      -24146.000 -24221.420  0.31%  30.2  320s
 812464 231433 -24177.226   52   43 -24146.000 -24220.930  0.31%  30.0  325s
 828895 233435 -24192.932   58   35 -24146.000 -24220.286  0.31%  29.9  330s
 840010 237612 infeasible   56      -24146.000 -24220.225  0.31%  30.0  335s
H850703 127170                    -24177.00000 -24219.868  0.18%  29.9  338s
 862852 124359     cutoff   63      -24177.000 -24218.960  0.17%  29.7  340s
 902204 95481     cutoff   46      -24177.000 -24205.813  0.12%  28.9  345s
 927242 78732 -24190.616   36   35 -24177.000 -24201.049  0.10%  28.5  350s
 956468 60141     cutoff   41      -24177.000 -24195.106  0.07%  28.0  355s
 984555 40532 infeasible   49      -24177.000 -24187.943  0.05%  27.5  360s

Cutting planes:
  Cover: 17
  Clique: 1
  MIR: 76
  StrongCG: 40
  Flow cover: 1
  Zero half: 1

Explored 1022332 nodes (27339918 simplex iterations) in 364.07 seconds (675.99 work units)
Thread count was 4 (of 56 available processors)

Solution count 9: -24177 -24146 -24132 ... 0

Optimal solution found (tolerance 1.00e-04)
Best objective -2.417700000000e+04, best bound -2.417900000000e+04, gap 0.0083%
