
Gurobi 9.5.0 (linux64) logging started Sun Apr 10 21:39:15 2022

Set parameter LogFile to value "/local_workspace/chenrui/LogFiles/MKAP/probT1_10e3_1W_R50_T005_M010_N0060_seed08_original_600.log"
Gurobi Optimizer version 9.5.0 build v9.5.0rc5 (linux64)
Thread count: 56 physical cores, 56 logical processors, using up to 4 threads
Optimize a model with 120 rows, 650 columns and 1300 nonzeros
Model fingerprint: 0x8d533a87
Variable types: 0 continuous, 650 integer (650 binary)
Coefficient statistics:
  Matrix range     [1e+00, 2e+03]
  Objective range  [4e+01, 9e+02]
  Bounds range     [1e+00, 1e+00]
  RHS range        [1e+00, 1e+00]
Found heuristic solution: objective 0.0000000
Presolve removed 10 rows and 39 columns
Presolve time: 0.00s
Presolved: 110 rows, 611 columns, 1222 nonzeros
Variable types: 0 continuous, 611 integer (611 binary)
Found heuristic solution: objective -12668.00000

Root relaxation: objective -1.812145e+04, 341 iterations, 0.00 seconds (0.00 work units)

    Nodes    |    Current Node    |     Objective Bounds      |     Work
 Expl Unexpl |  Obj  Depth IntInf | Incumbent    BestBd   Gap | It/Node Time

     0     0 -18121.448    0   29 -12668.000 -18121.448  43.0%     -    0s
H    0     0                    -16882.00000 -18121.448  7.34%     -    0s
H    0     0                    -17222.00000 -18121.448  5.22%     -    0s
     0     0 -18110.933    0   63 -17222.000 -18110.933  5.16%     -    0s
     0     0 -18110.933    0   63 -17222.000 -18110.933  5.16%     -    0s
H    0     0                    -17322.00000 -18110.933  4.55%     -    0s
     0     0 -18110.933    0   84 -17322.000 -18110.933  4.55%     -    0s
     0     0 -18110.933    0   48 -17322.000 -18110.933  4.55%     -    0s
     0     2 -18110.933    0   31 -17322.000 -18110.933  4.55%     -    0s
H   37    40                    -17331.00000 -18110.557  4.50%  41.9    0s
H   78   111                    -17579.00000 -18110.557  3.02%  29.5    0s
H  600   555                    -17589.00000 -18110.131  2.96%  13.4    0s
H  633   598                    -17650.00000 -18110.131  2.61%  12.9    0s
H  731   646                    -17689.00000 -18109.993  2.38%  13.5    0s
H 1398  1026                    -17804.00000 -18066.546  1.47%  22.6    2s
H 3693  1515                    -17863.00000 -18060.686  1.11%  24.6    3s
H 4385  1738                    -17886.00000 -18059.252  0.97%  25.3    3s
 10289  4704 -18022.411   47   69 -17886.000 -18049.676  0.92%  28.1    5s
H13931  6039                    -17895.00000 -18045.087  0.84%  28.4    6s
 20698  8510 -18015.060   51   48 -17895.000 -18038.744  0.80%  28.8   10s
 21045  8636 -17935.222   59   48 -17895.000 -18038.744  0.80%  29.2   15s
H26488  8979                    -17912.00000 -18010.464  0.55%  31.5   17s
H26491  8469                    -17918.00000 -18010.464  0.52%  31.6   17s
 30976  8929     cutoff   79      -17918.000 -18002.368  0.47%  33.0   20s
 43289  8027 -17938.700   68   85 -17918.000 -17990.628  0.41%  35.6   25s
 54669  9769 -17949.929   67  117 -17918.000 -17982.887  0.36%  37.1   30s
*60749   581              65    -17976.00000 -17979.410  0.02%  37.6   32s

Cutting planes:
  Gomory: 12
  Cover: 253
  Clique: 37
  MIR: 224
  StrongCG: 115
  Flow cover: 105
  Inf proof: 5
  Zero half: 20
  RLT: 12
  Relax-and-lift: 3

Explored 61483 nodes (2308113 simplex iterations) in 32.50 seconds (47.93 work units)
Thread count was 4 (of 56 available processors)

Solution count 10: -17976 -17918 -17912 ... -17589

Optimal solution found (tolerance 1.00e-04)
Best objective -1.797600000000e+04, best bound -1.797700000000e+04, gap 0.0056%
