
Gurobi 9.5.0 (linux64) logging started Mon Apr 11 11:24:53 2022

Set parameter LogFile to value "/local_workspace/chenrui/LogFiles/MKAP/probT1_10e3_0U_R50_T002_M020_N0040_seed08_original_600.log"
Gurobi Optimizer version 9.5.0 build v9.5.0rc5 (linux64)
Thread count: 56 physical cores, 56 logical processors, using up to 4 threads
Optimize a model with 100 rows, 840 columns and 1680 nonzeros
Model fingerprint: 0xbef6107f
Variable types: 0 continuous, 840 integer (840 binary)
Coefficient statistics:
  Matrix range     [1e+00, 1e+03]
  Objective range  [1e+01, 1e+03]
  Bounds range     [1e+00, 1e+00]
  RHS range        [1e+00, 1e+00]
Found heuristic solution: objective 0.0000000
Presolve removed 31 rows and 417 columns
Presolve time: 0.00s
Presolved: 69 rows, 423 columns, 846 nonzeros
Variable types: 0 continuous, 423 integer (423 binary)
Found heuristic solution: objective -11803.00000

Root relaxation: objective -1.481327e+04, 135 iterations, 0.00 seconds (0.00 work units)

    Nodes    |    Current Node    |     Objective Bounds      |     Work
 Expl Unexpl |  Obj  Depth IntInf | Incumbent    BestBd   Gap | It/Node Time

     0     0 -14813.267    0   16 -11803.000 -14813.267  25.5%     -    0s
H    0     0                    -14452.00000 -14813.267  2.50%     -    0s
H    0     0                    -14662.00000 -14813.267  1.03%     -    0s
     0     0 -14782.471    0   11 -14662.000 -14782.471  0.82%     -    0s
     0     0 -14692.187    0    6 -14662.000 -14692.187  0.21%     -    0s

Cutting planes:
  Gomory: 3
  Cover: 15
  MIR: 9
  StrongCG: 12
  Mod-K: 1

Explored 1 nodes (357 simplex iterations) in 0.03 seconds (0.01 work units)
Thread count was 4 (of 56 available processors)

Solution count 4: -14662 -14452 -11803 0 
No other solutions better than -14662

Optimal solution found (tolerance 1.00e-04)
Best objective -1.466200000000e+04, best bound -1.466200000000e+04, gap 0.0000%
