
Gurobi 9.5.0 (linux64) logging started Mon Apr 11 09:50:21 2022

Set parameter LogFile to value "/local_workspace/chenrui/LogFiles/MKAP/probT1_10e3_0U_R50_T002_M010_N0040_seed03_DWcutsT1_600.log"
Gurobi Optimizer version 9.5.0 build v9.5.0rc5 (linux64)
Thread count: 56 physical cores, 56 logical processors, using up to 4 threads
Optimize a model with 107 rows, 420 columns and 1615 nonzeros
Model fingerprint: 0xc5b0bcae
Variable types: 0 continuous, 420 integer (420 binary)
Coefficient statistics:
  Matrix range     [1e-12, 2e+03]
  Objective range  [2e+01, 1e+03]
  Bounds range     [1e+00, 1e+00]
  RHS range        [6e-12, 1e+02]
Warning: Model contains large matrix coefficient range
         Consider reformulating model or setting NumericFocus parameter
         to avoid numerical issues.
Found heuristic solution: objective 0.0000000
Presolve removed 17 rows and 111 columns
Presolve time: 0.00s
Presolved: 90 rows, 309 columns, 1144 nonzeros
Variable types: 0 continuous, 309 integer (309 binary)
Found heuristic solution: objective -12994.00000

Root relaxation: objective -1.545731e+04, 404 iterations, 0.00 seconds (0.00 work units)

    Nodes    |    Current Node    |     Objective Bounds      |     Work
 Expl Unexpl |  Obj  Depth IntInf | Incumbent    BestBd   Gap | It/Node Time

     0     0 -15457.315    0   10 -12994.000 -15457.315  19.0%     -    0s
H    0     0                    -14343.00000 -15457.315  7.77%     -    0s
H    0     0                    -14566.00000 -15457.315  6.12%     -    0s
H    0     0                    -14809.00000 -15457.315  4.38%     -    0s
H    0     0                    -15168.00000 -15446.662  1.84%     -    0s
     0     0 -15446.662    0   44 -15168.000 -15446.662  1.84%     -    0s
     0     0 -15446.503    0   52 -15168.000 -15446.503  1.84%     -    0s
     0     0 -15446.488    0   58 -15168.000 -15446.488  1.84%     -    0s
     0     0 -15446.377    0   64 -15168.000 -15446.377  1.84%     -    0s
     0     0 -15446.372    0   64 -15168.000 -15446.372  1.84%     -    0s
H    0     0                    -15256.00000 -15446.372  1.25%     -    0s
     0     0 -15445.676    0   56 -15256.000 -15445.676  1.24%     -    0s
     0     0 -15445.516    0   61 -15256.000 -15445.516  1.24%     -    0s
     0     0 -15445.190    0   56 -15256.000 -15445.190  1.24%     -    0s
     0     0 -15445.028    0   43 -15256.000 -15445.028  1.24%     -    0s
     0     0 -15445.021    0   46 -15256.000 -15445.021  1.24%     -    0s
     0     0 -15444.947    0   41 -15256.000 -15444.947  1.24%     -    0s
     0     0 -15444.908    0   59 -15256.000 -15444.908  1.24%     -    0s
     0     0 -15444.597    0   38 -15256.000 -15444.597  1.24%     -    0s
     0     0 -15444.596    0   39 -15256.000 -15444.596  1.24%     -    0s
     0     0 -15444.081    0   43 -15256.000 -15444.081  1.23%     -    0s
     0     0 -15444.070    0   49 -15256.000 -15444.070  1.23%     -    0s
     0     0 -15444.038    0   56 -15256.000 -15444.038  1.23%     -    0s
     0     0 -15444.007    0   62 -15256.000 -15444.007  1.23%     -    0s
     0     0 -15443.998    0   61 -15256.000 -15443.998  1.23%     -    0s
     0     0 -15443.998    0   62 -15256.000 -15443.998  1.23%     -    0s
     0     0 -15443.805    0   66 -15256.000 -15443.805  1.23%     -    0s
     0     0 -15443.465    0   63 -15256.000 -15443.465  1.23%     -    0s
     0     0 -15443.371    0   66 -15256.000 -15443.371  1.23%     -    0s
     0     0 -15443.356    0   65 -15256.000 -15443.356  1.23%     -    0s
     0     0 -15443.342    0   65 -15256.000 -15443.342  1.23%     -    0s
     0     0 -15443.337    0   67 -15256.000 -15443.337  1.23%     -    0s
     0     0 -15442.920    0   74 -15256.000 -15442.920  1.23%     -    0s
     0     0 -15442.353    0   62 -15256.000 -15442.353  1.22%     -    0s
     0     0 -15442.332    0   77 -15256.000 -15442.332  1.22%     -    0s
     0     0 -15442.332    0   77 -15256.000 -15442.332  1.22%     -    0s
     0     0 -15440.771    0   67 -15256.000 -15440.771  1.21%     -    0s
     0     0 -15439.949    0   69 -15256.000 -15439.949  1.21%     -    0s
     0     0 -15439.908    0   70 -15256.000 -15439.908  1.21%     -    0s
     0     0 -15439.896    0   71 -15256.000 -15439.896  1.21%     -    0s
H    0     0                    -15257.00000 -15438.990  1.19%     -    0s
     0     0 -15438.990    0   61 -15257.000 -15438.990  1.19%     -    0s
     0     0 -15438.969    0   62 -15257.000 -15438.969  1.19%     -    0s
     0     0 -15438.852    0   63 -15257.000 -15438.852  1.19%     -    0s
     0     0 -15438.840    0   62 -15257.000 -15438.840  1.19%     -    0s
     0     0 -15438.202    0   57 -15257.000 -15438.202  1.19%     -    0s
     0     0 -15437.462    0   57 -15257.000 -15437.462  1.18%     -    0s
     0     0 -15437.363    0   58 -15257.000 -15437.363  1.18%     -    0s
     0     0 -15437.308    0   57 -15257.000 -15437.308  1.18%     -    0s
     0     0 -15437.302    0   63 -15257.000 -15437.302  1.18%     -    0s
     0     0 -15436.918    0   60 -15257.000 -15436.918  1.18%     -    0s
     0     0 -15436.819    0   61 -15257.000 -15436.819  1.18%     -    0s
     0     0 -15436.819    0   62 -15257.000 -15436.819  1.18%     -    0s
     0     0 -15434.211    0   62 -15257.000 -15434.211  1.16%     -    0s
     0     0 -15433.314    0   65 -15257.000 -15433.314  1.16%     -    0s
     0     0 -15433.310    0   65 -15257.000 -15433.310  1.16%     -    0s
     0     0 -15433.286    0   66 -15257.000 -15433.286  1.16%     -    0s
     0     0 -15433.286    0   64 -15257.000 -15433.286  1.16%     -    0s
     0     0 -15430.671    0    7 -15257.000 -15430.671  1.14%     -    0s
     0     0 -15430.671    0   50 -15257.000 -15430.671  1.14%     -    0s
     0     0 -15430.671    0   48 -15257.000 -15430.671  1.14%     -    0s
     0     0 -15430.671    0   57 -15257.000 -15430.671  1.14%     -    0s
     0     0 -15430.671    0   61 -15257.000 -15430.671  1.14%     -    0s
     0     0 -15430.671    0   59 -15257.000 -15430.671  1.14%     -    0s
     0     0 -15430.671    0   46 -15257.000 -15430.671  1.14%     -    0s
     0     0 -15430.671    0   54 -15257.000 -15430.671  1.14%     -    0s
     0     0 -15430.671    0   55 -15257.000 -15430.671  1.14%     -    0s
     0     0 -15419.741    0   68 -15257.000 -15419.741  1.07%     -    0s
     0     0 -15419.695    0   64 -15257.000 -15419.695  1.07%     -    0s
     0     0 -15419.306    0   64 -15257.000 -15419.306  1.06%     -    0s
     0     0 -15419.222    0   62 -15257.000 -15419.222  1.06%     -    0s
     0     0 -15419.214    0   63 -15257.000 -15419.214  1.06%     -    0s
     0     0 -15418.978    0   64 -15257.000 -15418.978  1.06%     -    0s
     0     0 -15418.978    0   62 -15257.000 -15418.978  1.06%     -    0s
     0     2 -15416.523    0   60 -15257.000 -15416.523  1.05%     -    0s
H  501   277                    -15306.00000 -15407.174  0.66%  15.7    0s
H 2350   886                    -15336.00000 -15394.432  0.38%  17.5    0s

Cutting planes:
  Gomory: 8
  Cover: 77
  Clique: 7
  MIR: 54
  StrongCG: 31
  Flow cover: 14
  Inf proof: 4
  Zero half: 2

Explored 7051 nodes (132475 simplex iterations) in 1.72 seconds (2.18 work units)
Thread count was 4 (of 56 available processors)

Solution count 10: -15336 -15306 -15257 ... 0
No other solutions better than -15336

Optimal solution found (tolerance 1.00e-04)
Best objective -1.533600000000e+04, best bound -1.533600000000e+04, gap 0.0000%
