
Gurobi 9.5.0 (linux64) logging started Mon Apr 11 18:25:18 2022

Set parameter LogFile to value "/local_workspace/chenrui/LogFiles/MKAP/probT1_10e3_1W_R50_T002_M010_N0060_seed09_DWcutsT4_600.log"
Gurobi Optimizer version 9.5.0 build v9.5.0rc5 (linux64)
Thread count: 56 physical cores, 56 logical processors, using up to 4 threads
Optimize a model with 407 rows, 620 columns and 10886 nonzeros
Model fingerprint: 0x86e9ca3a
Variable types: 0 continuous, 620 integer (620 binary)
Coefficient statistics:
  Matrix range     [2e-13, 4e+03]
  Objective range  [1e+02, 9e+02]
  Bounds range     [1e+00, 1e+00]
  RHS range        [1e-05, 2e+02]
Warning: Model contains large matrix coefficient range
         Consider reformulating model or setting NumericFocus parameter
         to avoid numerical issues.
Found heuristic solution: objective 0.0000000
Presolve removed 49 rows and 117 columns
Presolve time: 0.04s
Presolved: 358 rows, 503 columns, 8586 nonzeros
Variable types: 0 continuous, 503 integer (503 binary)
Found heuristic solution: objective -15568.00000

Root relaxation: objective -1.898126e+04, 1636 iterations, 0.04 seconds (0.06 work units)

    Nodes    |    Current Node    |     Objective Bounds      |     Work
 Expl Unexpl |  Obj  Depth IntInf | Incumbent    BestBd   Gap | It/Node Time

     0     0 -18981.259    0   90 -15568.000 -18981.259  21.9%     -    0s
H    0     0                    -18541.00000 -18981.259  2.37%     -    0s
     0     0 -18981.259    0   85 -18541.000 -18981.259  2.37%     -    0s
     0     0 -18981.259    0   87 -18541.000 -18981.259  2.37%     -    0s
     0     0 -18981.259    0   91 -18541.000 -18981.259  2.37%     -    0s
     0     0 -18981.259    0   91 -18541.000 -18981.259  2.37%     -    0s
H    0     0                    -18795.00000 -18981.259  0.99%     -    0s
     0     2 -18981.259    0   91 -18795.000 -18981.259  0.99%     -    0s
H   37    42                    -18801.00000 -18981.259  0.96%   115    0s
H  100   114                    -18843.00000 -18981.259  0.73%  60.9    0s
 11816  8443 -18981.226   29   54 -18843.000 -18981.258  0.73%  16.0    5s
 21061 14571 -18977.260   24   97 -18843.000 -18981.258  0.73%  16.2   10s
 27664 17536 -18958.280   58   30 -18843.000 -18981.258  0.73%  17.3   15s
 43393 24129 -18890.746   67   10 -18843.000 -18981.258  0.73%  17.7   20s
 59735 31172 -18964.702   52   46 -18843.000 -18981.258  0.73%  17.4   25s
H75358 36906                    -18863.00000 -18981.258  0.63%  17.3   29s
 79925 40023 -18954.159   65   35 -18863.000 -18981.258  0.63%  17.3   30s
H81193 35150                    -18892.00000 -18981.258  0.47%  17.3   30s
 84210 36493 -18941.428   62  127 -18892.000 -18979.466  0.46%  17.6   35s
 94572 40538 -18970.516   80   55 -18892.000 -18976.426  0.45%  18.2   40s
 132078 50688 -18920.551   97   46 -18892.000 -18975.471  0.44%  17.4   45s
 173257 58967 -18929.364   88   26 -18892.000 -18975.206  0.44%  16.8   50s
H178642 50957                    -18906.00000 -18975.188  0.37%  16.8   50s
 216890 64704 -18974.221   87   45 -18906.000 -18975.011  0.37%  16.7   55s
 260094 83054     cutoff   90      -18906.000 -18974.827  0.36%  16.8   60s
H281140 62067                    -18941.00000 -18974.733  0.18%  16.9   62s
 283517 62600 -18963.944   92  119 -18941.000 -18974.720  0.18%  16.9   65s
 288639 63996 -18967.334   90   48 -18941.000 -18974.720  0.18%  17.2   70s
 309974 65941 -18943.253   92   37 -18941.000 -18974.720  0.18%  17.8   75s
 329167 66925 -18954.419   78   17 -18941.000 -18974.720  0.18%  18.5   80s
 347400 68536 -18946.493  102   14 -18941.000 -18974.720  0.18%  19.1   85s
 368030 70032 -18955.233  109   35 -18941.000 -18974.689  0.18%  19.5   90s
 391288 71041 -18944.317   92   21 -18941.000 -18974.250  0.18%  19.9   95s
 416734 71681 -18965.834  105   50 -18941.000 -18973.879  0.17%  20.0  100s
 444577 72738 -18961.710  130   16 -18941.000 -18973.539  0.17%  20.1  105s
 475146 74220     cutoff  125      -18941.000 -18973.205  0.17%  20.1  110s
 504909 83198 -18960.550   89   62 -18941.000 -18972.947  0.17%  20.0  115s
 535370 91869 -18960.912  107   39 -18941.000 -18972.699  0.17%  19.9  120s
 567598 101166 -18972.354  105   34 -18941.000 -18972.464  0.17%  19.8  125s
 598765 110074     cutoff  108      -18941.000 -18972.249  0.16%  19.7  130s
 630095 118836 -18945.200  105   36 -18941.000 -18972.027  0.16%  19.6  135s
H646642 74654                    -18955.00000 -18971.910  0.09%  19.6  137s
 660041 75987     cutoff   91      -18955.000 -18971.752  0.09%  19.6  140s
 688931 78274 -18970.746  114   41 -18955.000 -18971.369  0.09%  19.6  145s
 718541 81410     cutoff  103      -18955.000 -18971.009  0.08%  19.5  150s
 749163 84333 -18962.588  109   29 -18955.000 -18970.640  0.08%  19.4  155s
 779980 87211 -18957.889  105   21 -18955.000 -18970.276  0.08%  19.4  160s
 810681 90483     cutoff  106      -18955.000 -18969.959  0.08%  19.3  165s
 840459 94165 -18969.567   93   21 -18955.000 -18969.693  0.08%  19.3  170s
 871500 97201 -18969.143  100   41 -18955.000 -18969.413  0.08%  19.2  175s
 903408 100140 -18965.202   90   35 -18955.000 -18969.140  0.07%  19.1  180s
 935774 102241     cutoff  101      -18955.000 -18968.870  0.07%  19.1  185s
 967118 104233     cutoff   96      -18955.000 -18968.589  0.07%  19.0  190s
 999393 106640 -18967.575  103   52 -18955.000 -18968.312  0.07%  18.9  195s
 1032562 108633 -18961.621  105   24 -18955.000 -18968.000  0.07%  18.8  200s
 1063314 110249 -18957.669  116   35 -18955.000 -18967.723  0.07%  18.8  205s
 1095690 111821 -18965.093   97   43 -18955.000 -18967.418  0.07%  18.7  210s
 1125479 112789     cutoff  109      -18955.000 -18967.120  0.06%  18.7  215s
 1157864 114471 -18964.915  116   15 -18955.000 -18966.835  0.06%  18.6  220s
 1186155 113757 -18960.208  113   26 -18955.000 -18966.582  0.06%  18.6  225s
 1215121 112966 -18966.165  113   48 -18955.000 -18966.280  0.06%  18.6  230s
 1245108 111925     cutoff  102      -18955.000 -18965.969  0.06%  18.6  235s
 1275105 111017 -18962.472  119   34 -18955.000 -18965.665  0.06%  18.5  240s
 1304439 110096 -18960.790   97   55 -18955.000 -18965.380  0.05%  18.5  245s
 1333476 108938     cutoff  104      -18955.000 -18965.080  0.05%  18.5  250s
 1365283 107174     cutoff   92      -18955.000 -18964.752  0.05%  18.4  255s
 1396119 104988     cutoff   95      -18955.000 -18964.420  0.05%  18.4  260s
 1429919 104083     cutoff  115      -18955.000 -18964.115  0.05%  18.3  265s
 1462544 104417 -18961.818  111   42 -18955.000 -18963.879  0.05%  18.2  270s
 1496694 103002     cutoff  119      -18955.000 -18963.596  0.05%  18.1  275s
 1530415 101385     cutoff  110      -18955.000 -18963.314  0.04%  18.1  280s
 1563735 98330 -18960.311  116   36 -18955.000 -18962.979  0.04%  18.0  285s
 1598231 94281 -18957.775   95   43 -18955.000 -18962.597  0.04%  17.9  290s
 1632002 89968     cutoff  113      -18955.000 -18962.253  0.04%  17.8  295s
 1665949 90158 infeasible  120      -18955.000 -18962.007  0.04%  17.8  300s
 1701934 86750     cutoff  112      -18955.000 -18961.667  0.04%  17.7  305s
 1738849 84548     cutoff  111      -18955.000 -18961.393  0.03%  17.6  310s
 1776249 81695 -18957.240  106   46 -18955.000 -18961.074  0.03%  17.5  315s
 1812897 79001     cutoff  107      -18955.000 -18960.801  0.03%  17.4  320s
 1850715 75863     cutoff  111      -18955.000 -18960.515  0.03%  17.3  325s
 1891173 73326 -18956.659  110   15 -18955.000 -18960.231  0.03%  17.2  330s
 1936741 69858     cutoff  124      -18955.000 -18959.944  0.03%  17.0  335s
 1944993 70209 infeasible  101      -18955.000 -18959.944  0.03%  17.0  340s
 1967346 69786 -18959.944  101   41 -18955.000 -18959.944  0.03%  17.1  345s
 1990888 65401     cutoff  102      -18955.000 -18959.944  0.03%  17.2  350s
 2021513 58937     cutoff  103      -18955.000 -18959.944  0.03%  17.1  355s
 2061770 49357     cutoff  107      -18955.000 -18959.944  0.03%  17.0  360s
 2107447 38350     cutoff  124      -18955.000 -18959.944  0.03%  16.9  365s
 2151947 28604     cutoff  112      -18955.000 -18959.944  0.03%  16.8  370s
 2193634 31762     cutoff  107      -18955.000 -18959.944  0.03%  16.7  375s
 2234002 31631 -18959.944  124   24 -18955.000 -18959.944  0.03%  16.6  380s
 2278520 30737     cutoff  119      -18955.000 -18959.944  0.03%  16.5  385s
 2331287 31109 -18957.653  101   33 -18955.000 -18959.856  0.03%  16.3  390s
 2377341 29205     cutoff   97      -18955.000 -18959.325  0.02%  16.2  395s
 2429676 26954 -18958.997  119    9 -18955.000 -18958.997  0.02%  16.0  400s
 2481047 24613 -18957.903  104   42 -18955.000 -18958.642  0.02%  15.9  405s
 2530101 20315 -18957.754  105   43 -18955.000 -18958.067  0.02%  15.8  410s
 2578354 13529 -18956.091  108   35 -18955.000 -18957.487  0.01%  15.6  415s

Cutting planes:
  Gomory: 1
  Cover: 7
  Clique: 9
  MIR: 22
  StrongCG: 11
  Flow cover: 3

Explored 2614391 nodes (40628800 simplex iterations) in 418.59 seconds (617.62 work units)
Thread count was 4 (of 56 available processors)

Solution count 10: -18955 -18941 -18906 ... -15568

Optimal solution found (tolerance 1.00e-04)
Best objective -1.895500000000e+04, best bound -1.895600000000e+04, gap 0.0053%
