
Gurobi 9.5.0 (linux64) logging started Tue Apr 12 06:38:20 2022

Set parameter LogFile to value "/local_workspace/chenrui/LogFiles/MKAP/probT1_10e3_2S_R50_T002_M020_N0040_seed10_DWcutsT2_600.log"
Gurobi Optimizer version 9.5.0 build v9.5.0rc5 (linux64)
Thread count: 56 physical cores, 56 logical processors, using up to 4 threads
Optimize a model with 257 rows, 840 columns and 4878 nonzeros
Model fingerprint: 0x979d082e
Variable types: 0 continuous, 840 integer (840 binary)
Coefficient statistics:
  Matrix range     [1e-13, 2e+03]
  Objective range  [2e+02, 1e+03]
  Bounds range     [1e+00, 1e+00]
  RHS range        [5e-15, 4e+02]
Warning: Model contains large matrix coefficient range
         Consider reformulating model or setting NumericFocus parameter
         to avoid numerical issues.
Found heuristic solution: objective 0.0000000
Presolve removed 71 rows and 424 columns
Presolve time: 0.02s
Presolved: 186 rows, 416 columns, 2181 nonzeros
Found heuristic solution: objective -12717.00000
Variable types: 0 continuous, 416 integer (416 binary)

Root relaxation: objective -1.549503e+04, 444 iterations, 0.00 seconds (0.00 work units)

    Nodes    |    Current Node    |     Objective Bounds      |     Work
 Expl Unexpl |  Obj  Depth IntInf | Incumbent    BestBd   Gap | It/Node Time

     0     0 -15495.027    0    1 -12717.000 -15495.027  21.8%     -    0s
H    0     0                    -15213.00000 -15495.027  1.85%     -    0s
     0     0 -15495.027    0   28 -15213.000 -15495.027  1.85%     -    0s
H    0     0                    -15354.00000 -15495.027  0.92%     -    0s
H    0     0                    -15495.00000 -15495.027  0.00%     -    0s
     0     0 -15495.000    0    6 -15495.000 -15495.000  0.00%     -    0s

Cutting planes:
  Gomory: 3
  Cover: 10
  Clique: 1
  MIR: 5
  StrongCG: 6

Explored 1 nodes (602 simplex iterations) in 0.05 seconds (0.03 work units)
Thread count was 4 (of 56 available processors)

Solution count 5: -15495 -15354 -15213 ... 0
No other solutions better than -15495

Optimal solution found (tolerance 1.00e-04)
Best objective -1.549500000000e+04, best bound -1.549500000000e+04, gap 0.0000%

Gurobi 9.5.0 (linux64) logging started Tue Apr 12 21:31:02 2022

Set parameter LogFile to value "/local_workspace/chenrui/LogFiles/MKAP/probT1_10e3_2S_R50_T002_M020_N0040_seed10_DWcutsT2_600.log"
Gurobi Optimizer version 9.5.0 build v9.5.0rc5 (linux64)
Thread count: 56 physical cores, 56 logical processors, using up to 4 threads
Optimize a model with 257 rows, 840 columns and 4878 nonzeros
Model fingerprint: 0x979d082e
Variable types: 0 continuous, 840 integer (840 binary)
Coefficient statistics:
  Matrix range     [1e-13, 2e+03]
  Objective range  [2e+02, 1e+03]
  Bounds range     [1e+00, 1e+00]
  RHS range        [5e-15, 4e+02]
Warning: Model contains large matrix coefficient range
         Consider reformulating model or setting NumericFocus parameter
         to avoid numerical issues.
Found heuristic solution: objective 0.0000000
Presolve removed 71 rows and 424 columns
Presolve time: 0.01s
Presolved: 186 rows, 416 columns, 2181 nonzeros
Found heuristic solution: objective -12717.00000
Variable types: 0 continuous, 416 integer (416 binary)

Root relaxation: objective -1.549503e+04, 444 iterations, 0.00 seconds (0.00 work units)

    Nodes    |    Current Node    |     Objective Bounds      |     Work
 Expl Unexpl |  Obj  Depth IntInf | Incumbent    BestBd   Gap | It/Node Time

     0     0 -15495.027    0    1 -12717.000 -15495.027  21.8%     -    0s
H    0     0                    -15213.00000 -15495.027  1.85%     -    0s
     0     0 -15495.027    0   28 -15213.000 -15495.027  1.85%     -    0s
H    0     0                    -15354.00000 -15495.027  0.92%     -    0s
H    0     0                    -15495.00000 -15495.027  0.00%     -    0s
     0     0 -15495.000    0    6 -15495.000 -15495.000  0.00%     -    0s

Cutting planes:
  Gomory: 3
  Cover: 10
  Clique: 1
  MIR: 5
  StrongCG: 6

Explored 1 nodes (602 simplex iterations) in 0.05 seconds (0.03 work units)
Thread count was 4 (of 56 available processors)

Solution count 5: -15495 -15354 -15213 ... 0
No other solutions better than -15495

Optimal solution found (tolerance 1.00e-04)
Best objective -1.549500000000e+04, best bound -1.549500000000e+04, gap 0.0000%
