
Gurobi 9.5.0 (linux64) logging started Wed Apr 13 17:48:48 2022

Set parameter LogFile to value "/local_workspace/chenrui/LogFiles/MKAP/probT2_10e3_0U_R50_T002_M010_N0060_seed01_objLB_600.log"
Gurobi Optimizer version 9.5.0 build v9.5.0rc5 (linux64)
Thread count: 56 physical cores, 56 logical processors, using up to 4 threads
Optimize a model with 91 rows, 620 columns and 1840 nonzeros
Model fingerprint: 0x5f4f0b48
Variable types: 0 continuous, 620 integer (620 binary)
Coefficient statistics:
  Matrix range     [1e+00, 3e+03]
  Objective range  [2e+01, 1e+03]
  Bounds range     [1e+00, 1e+00]
  RHS range        [1e+00, 3e+04]
Found heuristic solution: objective 0.0000000
Presolve removed 10 rows and 94 columns
Presolve time: 0.00s
Presolved: 81 rows, 526 columns, 1568 nonzeros
Variable types: 0 continuous, 526 integer (526 binary)
Found heuristic solution: objective -17868.00000

Root relaxation: objective -2.671600e+04, 155 iterations, 0.00 seconds (0.00 work units)

    Nodes    |    Current Node    |     Objective Bounds      |     Work
 Expl Unexpl |  Obj  Depth IntInf | Incumbent    BestBd   Gap | It/Node Time

     0     0 -26716.000    0   21 -17868.000 -26716.000  49.5%     -    0s
H    0     0                    -25390.00000 -26716.000  5.22%     -    0s
H    0     0                    -25724.00000 -26716.000  3.86%     -    0s
H    0     0                    -25990.00000 -26716.000  2.79%     -    0s
     0     0 -26709.749    0   55 -25990.000 -26709.749  2.77%     -    0s
     0     0 -26709.749    0   43 -25990.000 -26709.749  2.77%     -    0s
     0     0 -26705.247    0   38 -25990.000 -26705.247  2.75%     -    0s
     0     0 -26705.247    0   43 -25990.000 -26705.247  2.75%     -    0s
     0     0 -26699.804    0   45 -25990.000 -26699.804  2.73%     -    0s
     0     0 -26699.372    0   46 -25990.000 -26699.372  2.73%     -    0s
     0     0 -26699.372    0   48 -25990.000 -26699.372  2.73%     -    0s
H    0     0                    -26341.00000 -26699.372  1.36%     -    0s
     0     0 -26699.372    0   43 -26341.000 -26699.372  1.36%     -    0s
     0     0 -26699.372    0   23 -26341.000 -26699.372  1.36%     -    0s
     0     2 -26699.372    0   21 -26341.000 -26699.372  1.36%     -    0s
H   35    39                    -26432.00000 -26699.372  1.01%  10.6    0s
H 1319  1012                    -26435.00000 -26695.898  0.99%   4.6    0s
H 1324   964                    -26502.00000 -26660.045  0.60%   4.6    0s
H 4966  2354                    -26526.00000 -26644.156  0.45%   7.8    1s
H14733  4167                    -26593.00000 -26644.156  0.19%   7.3    1s
 32011  6542 -26595.954   54   30 -26593.000 -26611.577  0.07%  11.7    5s
 53113  6047 -26607.053   96   26 -26593.000 -26607.521  0.05%  17.0   10s
 68345  6549 -26594.694   83   29 -26593.000 -26604.200  0.04%  20.4   15s
 84058  7459 -26602.905   59   57 -26593.000 -26602.915  0.04%  21.2   20s
 102048  9889 -26598.874   87   39 -26593.000 -26602.207  0.03%  20.4   25s
 130530  9131 -26601.805  101   27 -26593.000 -26601.805  0.03%  18.3   30s
 163048  8598 -26601.326   87   24 -26593.000 -26601.326  0.03%  16.4   35s
 195252  7696 -26599.889   93   21 -26593.000 -26599.889  0.03%  15.3   40s
 227024 12311 -26599.305   93   30 -26593.000 -26599.411  0.02%  14.4   45s
 264604 18702 -26598.932   93   17 -26593.000 -26598.932  0.02%  13.4   50s
 311465 18370     cutoff   98      -26593.000 -26598.932  0.02%  12.3   55s
 353331 19597 -26594.621   95   20 -26593.000 -26598.179  0.02%  11.6   60s
 388011 19611 -26597.974   96   24 -26593.000 -26597.974  0.02%  11.2   65s
 435008 17216 -26595.007  103   24 -26593.000 -26597.791  0.02%  10.6   70s
 476613 15655 -26597.289   90   21 -26593.000 -26597.290  0.02%  10.3   75s
 518495 14932 -26595.436   95   21 -26593.000 -26597.016  0.02%  10.1   80s
 554417 14659 -26596.071   97   15 -26593.000 -26596.728  0.01%  10.0   85s
 592365 14462     cutoff  103      -26593.000 -26596.660  0.01%   9.8   90s
 628400 13405     cutoff  101      -26593.000 -26596.071  0.01%   9.8   95s
 650638 13286 -26595.477   64   44 -26593.000 -26596.049  0.01%  10.0  100s

Cutting planes:
  Gomory: 30
  Cover: 1182
  Clique: 46
  MIR: 96
  StrongCG: 69
  Flow cover: 40
  GUB cover: 2
  Inf proof: 19
  Zero half: 9
  RLT: 11

Explored 657391 nodes (6565079 simplex iterations) in 101.34 seconds (214.27 work units)
Thread count was 4 (of 56 available processors)

Solution count 10: -26593 -26526 -26502 ... -17868

Optimal solution found (tolerance 1.00e-04)
Best objective -2.659300000000e+04, best bound -2.659500000000e+04, gap 0.0075%
