
Gurobi 9.5.0 (linux64) logging started Mon Apr 11 10:02:26 2022

Set parameter LogFile to value "/local_workspace/chenrui/LogFiles/MKAP/probT1_10e3_2S_R50_T005_M010_N0040_seed03_DWcutsT4_600.log"
Gurobi Optimizer version 9.5.0 build v9.5.0rc5 (linux64)
Thread count: 56 physical cores, 56 logical processors, using up to 4 threads
Optimize a model with 858 rows, 450 columns and 6478 nonzeros
Model fingerprint: 0x548b05f6
Variable types: 0 continuous, 450 integer (450 binary)
Coefficient statistics:
  Matrix range     [1e-13, 3e+03]
  Objective range  [2e+02, 1e+03]
  Bounds range     [1e+00, 1e+00]
  RHS range        [2e-13, 6e+02]
Warning: Model contains large matrix coefficient range
         Consider reformulating model or setting NumericFocus parameter
         to avoid numerical issues.
Found heuristic solution: objective 0.0000000
Presolve removed 370 rows and 119 columns
Presolve time: 0.02s
Presolved: 488 rows, 331 columns, 3273 nonzeros
Variable types: 0 continuous, 331 integer (331 binary)
Found heuristic solution: objective -7022.000000

Root relaxation: objective -1.537309e+04, 652 iterations, 0.01 seconds (0.01 work units)

    Nodes    |    Current Node    |     Objective Bounds      |     Work
 Expl Unexpl |  Obj  Depth IntInf | Incumbent    BestBd   Gap | It/Node Time

     0     0 -15373.094    0   71 -7022.0000 -15373.094   119%     -    0s
H    0     0                    -14039.00000 -15373.094  9.50%     -    0s
H    0     0                    -14184.00000 -15373.094  8.38%     -    0s
H    0     0                    -14305.00000 -15373.094  7.47%     -    0s
H    0     0                    -15005.00000 -15373.094  2.45%     -    0s
     0     0 -15301.622    0  103 -15005.000 -15301.622  1.98%     -    0s
H    0     0                    -15072.00000 -15294.115  1.47%     -    0s
     0     0 -15294.115    0  104 -15072.000 -15294.115  1.47%     -    0s
H    0     0                    -15074.00000 -15294.115  1.46%     -    0s
     0     0 -15293.949    0  108 -15074.000 -15293.949  1.46%     -    0s
H    0     0                    -15187.00000 -15293.949  0.70%     -    0s
     0     0 -15293.949    0  110 -15187.000 -15293.949  0.70%     -    0s
     0     0 -15289.792    0  110 -15187.000 -15289.792  0.68%     -    0s
     0     0 -15289.792    0  112 -15187.000 -15289.792  0.68%     -    0s
     0     0 -15289.792    0  113 -15187.000 -15289.792  0.68%     -    0s
     0     0 -15289.792    0  113 -15187.000 -15289.792  0.68%     -    0s
     0     0 -15289.278    0  111 -15187.000 -15289.278  0.67%     -    0s
     0     0 -15289.248    0  112 -15187.000 -15289.248  0.67%     -    0s
     0     0 -15289.248    0  109 -15187.000 -15289.248  0.67%     -    0s
     0     2 -15289.248    0  109 -15187.000 -15289.248  0.67%     -    0s
*   99    29               7    -15211.00000 -15263.576  0.35%  25.7    0s

Cutting planes:
  Gomory: 10
  Cover: 9
  Clique: 10
  MIR: 5
  StrongCG: 2
  GUB cover: 1

Explored 182 nodes (5229 simplex iterations) in 0.27 seconds (0.23 work units)
Thread count was 4 (of 56 available processors)

Solution count 10: -15211 -15187 -15074 ... 0
No other solutions better than -15211

Optimal solution found (tolerance 1.00e-04)
Best objective -1.521100000000e+04, best bound -1.521100000000e+04, gap 0.0000%
