
Gurobi 9.5.0 (linux64) logging started Sun Apr 10 17:24:57 2022

Set parameter LogFile to value "/local_workspace/chenrui/LogFiles/MKAP/probT1_10e3_1W_R50_T002_M010_N0040_seed05_original_600.log"
Gurobi Optimizer version 9.5.0 build v9.5.0rc5 (linux64)
Thread count: 56 physical cores, 56 logical processors, using up to 4 threads
Optimize a model with 70 rows, 420 columns and 840 nonzeros
Model fingerprint: 0x4f6da65e
Variable types: 0 continuous, 420 integer (420 binary)
Coefficient statistics:
  Matrix range     [1e+00, 2e+03]
  Objective range  [4e+01, 9e+02]
  Bounds range     [1e+00, 1e+00]
  RHS range        [1e+00, 1e+00]
Found heuristic solution: objective 0.0000000
Presolve removed 11 rows and 121 columns
Presolve time: 0.00s
Presolved: 59 rows, 299 columns, 598 nonzeros
Variable types: 0 continuous, 299 integer (299 binary)
Found heuristic solution: objective -9690.000000

Root relaxation: objective -1.188723e+04, 90 iterations, 0.00 seconds (0.00 work units)

    Nodes    |    Current Node    |     Objective Bounds      |     Work
 Expl Unexpl |  Obj  Depth IntInf | Incumbent    BestBd   Gap | It/Node Time

     0     0 -11887.229    0   18 -9690.0000 -11887.229  22.7%     -    0s
H    0     0                    -10962.00000 -11887.229  8.44%     -    0s
H    0     0                    -10976.00000 -11868.000  8.13%     -    0s
H    0     0                    -11193.00000 -11868.000  6.03%     -    0s
     0     0 -11868.000    0   27 -11193.000 -11868.000  6.03%     -    0s
     0     0 -11868.000    0   29 -11193.000 -11868.000  6.03%     -    0s
H    0     0                    -11409.00000 -11868.000  4.02%     -    0s
     0     0 -11868.000    0   21 -11409.000 -11868.000  4.02%     -    0s
     0     0 -11868.000    0   33 -11409.000 -11868.000  4.02%     -    0s
H    0     0                    -11615.00000 -11868.000  2.18%     -    0s
     0     0 -11868.000    0   20 -11615.000 -11868.000  2.18%     -    0s
     0     0 -11868.000    0   20 -11615.000 -11868.000  2.18%     -    0s
     0     2 -11868.000    0   20 -11615.000 -11868.000  2.18%     -    0s
H   37    40                    -11667.00000 -11868.000  1.72%  61.3    0s
H 1068   721                    -11672.00000 -11865.305  1.66%  12.2    0s
H 1180   754                    -11748.00000 -11847.749  0.85%  11.0    1s
H 3718  1002                    -11749.00000 -11797.151  0.41%  27.4    3s
 10273  1511 -11759.342  116   15 -11749.000 -11775.299  0.22%  27.8    5s

Cutting planes:
  Gomory: 11
  Cover: 55
  Clique: 3
  MIR: 168
  StrongCG: 127
  Flow cover: 28
  Zero half: 2

Explored 17544 nodes (463258 simplex iterations) in 6.29 seconds (7.59 work units)
Thread count was 4 (of 56 available processors)

Solution count 10: -11749 -11748 -11672 ... -9690
No other solutions better than -11749

Optimal solution found (tolerance 1.00e-04)
Best objective -1.174900000000e+04, best bound -1.174900000000e+04, gap 0.0000%
