
Gurobi 9.5.0 (linux64) logging started Mon Apr 11 00:51:59 2022

Set parameter LogFile to value "/local_workspace/chenrui/LogFiles/MKAP/probT1_10e3_0U_R50_T005_M020_N0060_seed05_objLB_600.log"
Gurobi Optimizer version 9.5.0 build v9.5.0rc5 (linux64)
Thread count: 56 physical cores, 56 logical processors, using up to 4 threads
Optimize a model with 181 rows, 1300 columns and 3800 nonzeros
Model fingerprint: 0xdc4cfc4a
Variable types: 0 continuous, 1300 integer (1300 binary)
Coefficient statistics:
  Matrix range     [1e+00, 1e+03]
  Objective range  [4e+01, 1e+03]
  Bounds range     [1e+00, 1e+00]
  RHS range        [1e+00, 2e+04]
Found heuristic solution: objective 0.0000000
Presolve removed 29 rows and 389 columns
Presolve time: 0.01s
Presolved: 152 rows, 911 columns, 2662 nonzeros
Variable types: 0 continuous, 911 integer (911 binary)
Found heuristic solution: objective -17078.00000

Root relaxation: objective -2.454000e+04, 353 iterations, 0.00 seconds (0.00 work units)

    Nodes    |    Current Node    |     Objective Bounds      |     Work
 Expl Unexpl |  Obj  Depth IntInf | Incumbent    BestBd   Gap | It/Node Time

     0     0 -24540.000    0   36 -17078.000 -24540.000  43.7%     -    0s
H    0     0                    -23153.00000 -24540.000  5.99%     -    0s
H    0     0                    -23611.00000 -24540.000  3.93%     -    0s
     0     0 -24540.000    0  107 -23611.000 -24540.000  3.93%     -    0s
     0     0 -24540.000    0   95 -23611.000 -24540.000  3.93%     -    0s
H    0     0                    -23657.00000 -24540.000  3.73%     -    0s
     0     0 -24540.000    0   32 -23657.000 -24540.000  3.73%     -    0s
H    0     0                    -23892.00000 -24540.000  2.71%     -    0s
     0     0 -24540.000    0   34 -23892.000 -24540.000  2.71%     -    0s
H    0     0                    -24001.00000 -24540.000  2.25%     -    0s
     0     0 -24540.000    0   29 -24001.000 -24540.000  2.25%     -    0s
     0     0 -24540.000    0   29 -24001.000 -24540.000  2.25%     -    0s
     0     2 -24540.000    0   29 -24001.000 -24540.000  2.25%     -    0s
H  289   309                    -24020.00000 -24540.000  2.16%  63.6    0s
H  326   297                    -24133.00000 -24540.000  1.69%  66.2    0s
H  466   407                    -24182.00000 -24540.000  1.48%  61.7    0s
H 1172   749                    -24210.00000 -24540.000  1.36%  66.1    1s
H 4396  2180                    -24215.00000 -24540.000  1.34%  44.2    3s
  8826  5112 -24472.560   47   59 -24215.000 -24540.000  1.34%  39.8    5s
H13636  7651                    -24273.00000 -24540.000  1.10%  36.8    6s
H18394 10154                    -24284.00000 -24540.000  1.05%  35.7    8s
H19690 10305                    -24319.00000 -24540.000  0.91%  36.2    8s
 21931 11580 -24435.450   48   54 -24319.000 -24540.000  0.91%  36.2   10s
H26786 10806                    -24396.00000 -24540.000  0.59%  37.5   12s
 33640 13889 -24412.489   50   50 -24396.000 -24540.000  0.59%  39.8   15s
 44774 19067 -24540.000   37   68 -24396.000 -24540.000  0.59%  41.8   20s
 56479 24826 -24540.000   35   64 -24396.000 -24540.000  0.59%  43.2   25s
 68167 29970 -24448.753   49   70 -24396.000 -24540.000  0.59%  44.2   30s
 80529 35540 -24455.498   57   69 -24396.000 -24540.000  0.59%  44.5   35s
 92088 41041 -24539.244   44   67 -24396.000 -24540.000  0.59%  44.7   40s
 104670 46459 -24513.774   53   72 -24396.000 -24540.000  0.59%  44.7   45s
 117143 52390     cutoff   69      -24396.000 -24540.000  0.59%  44.7   50s
 130103 57946     cutoff   39      -24396.000 -24540.000  0.59%  44.3   55s
 141737 63024     cutoff   52      -24396.000 -24540.000  0.59%  44.9   60s
 153427 67870     cutoff   61      -24396.000 -24540.000  0.59%  45.3   65s
 164257 72706 -24521.063   45   83 -24396.000 -24540.000  0.59%  45.9   70s
 176038 77901 -24452.722   50   49 -24396.000 -24540.000  0.59%  46.3   75s
 186934 82754 -24540.000   53   74 -24396.000 -24540.000  0.59%  46.6   80s
 197704 87852     cutoff   53      -24396.000 -24540.000  0.59%  46.9   85s
 209749 93448 -24540.000   50   57 -24396.000 -24540.000  0.59%  46.9   90s
 220475 98582 -24522.112   46   79 -24396.000 -24540.000  0.59%  47.1   95s
 233124 104038 -24448.318   42   35 -24396.000 -24540.000  0.59%  47.2  100s
 245618 109470 -24540.000   48   72 -24396.000 -24540.000  0.59%  47.2  105s
 256693 114347 -24540.000   33   62 -24396.000 -24540.000  0.59%  47.3  110s
 268493 119474 -24517.239   57   99 -24396.000 -24540.000  0.59%  47.4  115s
 280577 124694 -24540.000   71   38 -24396.000 -24540.000  0.59%  47.4  120s
 293129 130290 -24424.386   42   54 -24396.000 -24540.000  0.59%  47.4  125s
 303937 134863 -24419.715   46   50 -24396.000 -24540.000  0.59%  47.5  130s
 315628 139812 -24535.338   50   91 -24396.000 -24540.000  0.59%  47.5  135s
 327891 145071 -24491.991   51   40 -24396.000 -24540.000  0.59%  47.6  140s
 338682 150011 -24540.000   53   64 -24396.000 -24540.000  0.59%  47.7  145s
 351159 155321 -24453.511   64   14 -24396.000 -24540.000  0.59%  47.7  150s
 363543 160286 -24417.078   74   56 -24396.000 -24540.000  0.59%  47.7  155s
 375148 165461 -24540.000   58   73 -24396.000 -24540.000  0.59%  47.7  160s
 386640 170825 -24540.000   42   59 -24396.000 -24540.000  0.59%  47.7  165s
 399615 176349 -24439.209   38   56 -24396.000 -24540.000  0.59%  47.5  170s
 411547 181361 -24527.937   73   71 -24396.000 -24540.000  0.59%  47.4  175s
 423588 186146 -24526.268   45   67 -24396.000 -24540.000  0.59%  47.4  180s
 434594 190834 -24493.860   47   66 -24396.000 -24540.000  0.59%  47.3  185s
 446515 195467 -24535.528   43   88 -24396.000 -24540.000  0.59%  47.3  190s
 457361 200603     cutoff   48      -24396.000 -24540.000  0.59%  47.4  195s
 467606 205237 -24540.000   54   51 -24396.000 -24540.000  0.59%  47.5  200s
 479201 210256 -24500.636   52   75 -24396.000 -24540.000  0.59%  47.4  205s
 490242 215159 -24529.840   52   70 -24396.000 -24540.000  0.59%  47.4  210s
 502057 220436     cutoff   53      -24396.000 -24540.000  0.59%  47.4  215s
 513511 225043     cutoff   54      -24396.000 -24540.000  0.59%  47.4  220s
 524379 229653 -24535.355   39   83 -24396.000 -24540.000  0.59%  47.4  225s
 535458 234032 -24490.151   45   59 -24396.000 -24540.000  0.59%  47.4  230s
 547064 238738 -24540.000   42   67 -24396.000 -24540.000  0.59%  47.4  235s
 557234 243727 -24537.963   58   56 -24396.000 -24540.000  0.59%  47.4  240s
 570258 249600 -24429.608   46   47 -24396.000 -24540.000  0.59%  47.3  245s
 582837 254948 infeasible   60      -24396.000 -24540.000  0.59%  47.3  250s
 594669 259837 -24501.671   54   58 -24396.000 -24540.000  0.59%  47.2  255s
 606045 264981 -24540.000   50   71 -24396.000 -24540.000  0.59%  47.2  260s
 616696 269625 -24540.000   43   62 -24396.000 -24540.000  0.59%  47.2  265s
 628455 274868 -24491.333   40   75 -24396.000 -24540.000  0.59%  47.2  270s
 638484 279591 -24481.106   40   82 -24396.000 -24540.000  0.59%  47.2  275s
 649134 284733 -24510.726   41   87 -24396.000 -24540.000  0.59%  47.3  280s
 659825 289782 -24491.702   72   52 -24396.000 -24540.000  0.59%  47.3  285s
 670205 294413 -24524.516   42   48 -24396.000 -24540.000  0.59%  47.3  290s
 681755 299476 -24540.000   62   67 -24396.000 -24540.000  0.59%  47.4  295s
 692292 303855 -24493.048   47   34 -24396.000 -24540.000  0.59%  47.4  300s
 703894 308554 -24540.000   54   76 -24396.000 -24540.000  0.59%  47.4  305s
 715065 312938 -24540.000   51   44 -24396.000 -24540.000  0.59%  47.4  310s
 726100 317134     cutoff   43      -24396.000 -24540.000  0.59%  47.4  315s
 736851 321203 -24511.696   46   61 -24396.000 -24540.000  0.59%  47.4  320s
 748417 325726 -24524.374   34   78 -24396.000 -24540.000  0.59%  47.4  325s
 759467 330296 -24493.914   54   84 -24396.000 -24540.000  0.59%  47.4  330s
 770479 334686 -24540.000   50   63 -24396.000 -24540.000  0.59%  47.4  335s
 781161 339405 -24501.311   51   68 -24396.000 -24540.000  0.59%  47.4  340s
 791455 343970     cutoff   58      -24396.000 -24540.000  0.59%  47.5  345s
 800442 348966 -24398.577   55   48 -24396.000 -24540.000  0.59%  47.6  350s
 810483 354210 -24440.725   61   88 -24396.000 -24540.000  0.59%  47.6  355s
 820177 358777 -24455.979   61   80 -24396.000 -24540.000  0.59%  47.6  360s
 830056 363598 -24402.649   61   30 -24396.000 -24540.000  0.59%  47.7  365s
 839888 368068 -24540.000   43   53 -24396.000 -24540.000  0.59%  47.8  370s
 850520 372647 -24438.200   47   61 -24396.000 -24540.000  0.59%  47.8  375s
 860836 377118 -24505.718   41   54 -24396.000 -24540.000  0.59%  47.8  380s
 871540 382229 -24434.858   48   51 -24396.000 -24540.000  0.59%  47.8  385s
 881092 386933 -24540.000   36   79 -24396.000 -24540.000  0.59%  47.9  390s
 891209 391373 -24418.278   66   35 -24396.000 -24540.000  0.59%  47.9  395s
 901186 396134 -24418.392   76   43 -24396.000 -24540.000  0.59%  47.9  400s
 911801 400654 -24517.563   48   57 -24396.000 -24540.000  0.59%  47.9  405s
 921826 405035     cutoff   52      -24396.000 -24540.000  0.59%  48.0  410s
 931554 409876 -24470.997   45   69 -24396.000 -24540.000  0.59%  48.0  415s
 940562 414283 -24540.000   43   51 -24396.000 -24540.000  0.59%  48.1  420s
 951595 419582 -24462.842   46   61 -24396.000 -24540.000  0.59%  48.2  425s
 961232 424196 -24540.000   35   64 -24396.000 -24540.000  0.59%  48.2  430s
 971394 429067 -24540.000   43   48 -24396.000 -24540.000  0.59%  48.3  435s
 982192 433737 -24540.000   38   72 -24396.000 -24540.000  0.59%  48.3  440s
 992018 438165 -24515.210   57   71 -24396.000 -24540.000  0.59%  48.3  445s
 1003635 443354 -24520.377   43   87 -24396.000 -24540.000  0.59%  48.3  450s
 1015153 448190 -24507.014   43   93 -24396.000 -24540.000  0.59%  48.3  455s
 1025917 452764     cutoff   64      -24396.000 -24540.000  0.59%  48.2  460s
 1036870 457816 -24469.331   61   77 -24396.000 -24540.000  0.59%  48.2  465s
 1047797 462766 -24454.053   51   55 -24396.000 -24540.000  0.59%  48.2  470s
 1059472 467936 -24540.000   48   72 -24396.000 -24540.000  0.59%  48.2  475s
 1070219 472712 -24441.307   59   78 -24396.000 -24540.000  0.59%  48.2  480s
 1080494 477474 -24446.998   54   85 -24396.000 -24540.000  0.59%  48.2  485s
 1091439 482445 -24540.000   38   86 -24396.000 -24540.000  0.59%  48.2  490s
 1102003 487261 -24540.000   42   76 -24396.000 -24540.000  0.59%  48.2  495s
 1112900 492230 -24426.195   58   57 -24396.000 -24540.000  0.59%  48.2  500s
 1123054 497155     cutoff   66      -24396.000 -24540.000  0.59%  48.2  505s
 1132761 501494 -24494.303   56   67 -24396.000 -24540.000  0.59%  48.3  510s
 1144361 506251 -24471.217   49   53 -24396.000 -24539.829  0.59%  48.2  515s
 1162270 513642 -24510.381   49   68 -24396.000 -24539.222  0.59%  47.8  520s
 1179444 520179 -24416.600   65   55 -24396.000 -24538.709  0.58%  47.5  525s
 1201340 528943 -24484.094   45   76 -24396.000 -24538.110  0.58%  47.1  530s
 1224861 538094     cutoff   68      -24396.000 -24537.471  0.58%  46.7  535s
 1248365 547145     cutoff   67      -24396.000 -24536.909  0.58%  46.3  540s
 1271846 556274     cutoff   76      -24396.000 -24536.397  0.58%  45.9  545s
 1295234 565473     cutoff   80      -24396.000 -24535.934  0.57%  45.6  550s
 1319191 574470 -24510.166   46   68 -24396.000 -24535.437  0.57%  45.2  555s
 1343318 583473     cutoff   62      -24396.000 -24535.001  0.57%  44.9  560s
 1367673 592652 -24472.831   41   71 -24396.000 -24534.553  0.57%  44.5  565s
 1392672 601852 -24468.161   47   68 -24396.000 -24534.080  0.57%  44.2  570s
 1416123 610492 -24503.822   71   80 -24396.000 -24533.651  0.56%  43.9  575s
 1440711 619679 -24451.839   39   96 -24396.000 -24533.200  0.56%  43.5  580s
 1464840 628702 -24407.603   48   35 -24396.000 -24532.788  0.56%  43.2  585s
 1489211 637729 -24530.069   47   44 -24396.000 -24532.373  0.56%  43.0  590s
 1512903 646588     cutoff   74      -24396.000 -24531.997  0.56%  42.7  595s
 1537327 655353 -24457.770   36   56 -24396.000 -24531.607  0.56%  42.4  600s

Cutting planes:
  Gomory: 17
  Cover: 64
  Clique: 18
  MIR: 51
  StrongCG: 43
  Flow cover: 37
  GUB cover: 1
  Zero half: 26

Explored 1537502 nodes (65199402 simplex iterations) in 600.00 seconds (902.01 work units)
Thread count was 4 (of 56 available processors)

Solution count 10: -24396 -24319 -24284 ... -24001

Time limit reached
Best objective -2.439600000000e+04, best bound -2.453100000000e+04, gap 0.5534%
