
Gurobi 9.5.0 (linux64) logging started Mon Apr 11 21:21:34 2022

Set parameter LogFile to value "/local_workspace/chenrui/LogFiles/MKAP/probT1_10e3_2S_R50_T005_M020_N0040_seed09_DWcuts_600.log"
Gurobi Optimizer version 9.5.0 build v9.5.0rc5 (linux64)
Thread count: 56 physical cores, 56 logical processors, using up to 4 threads
Optimize a model with 260 rows, 900 columns and 2700 nonzeros
Model fingerprint: 0x9a6b352d
Variable types: 0 continuous, 900 integer (900 binary)
Coefficient statistics:
  Matrix range     [1e-12, 1e+03]
  Objective range  [2e+02, 1e+03]
  Bounds range     [1e+00, 1e+00]
  RHS range        [1e-13, 6e+01]
Warning: Model contains large matrix coefficient range
         Consider reformulating model or setting NumericFocus parameter
         to avoid numerical issues.
Found heuristic solution: objective 0.0000000
Presolve removed 111 rows and 490 columns
Presolve time: 0.00s
Presolved: 149 rows, 410 columns, 1175 nonzeros
Found heuristic solution: objective -13513.00000
Variable types: 0 continuous, 410 integer (410 binary)

Root relaxation: objective -1.574585e+04, 368 iterations, 0.00 seconds (0.00 work units)

    Nodes    |    Current Node    |     Objective Bounds      |     Work
 Expl Unexpl |  Obj  Depth IntInf | Incumbent    BestBd   Gap | It/Node Time

     0     0 -15745.852    0   19 -13513.000 -15745.852  16.5%     -    0s
H    0     0                    -15434.00000 -15745.852  2.02%     -    0s
H    0     0                    -15476.00000 -15745.852  1.74%     -    0s
H    0     0                    -15502.00000 -15745.852  1.57%     -    0s
H    0     0                    -15560.00000 -15745.852  1.19%     -    0s
H    0     0                    -15586.00000 -15745.852  1.03%     -    0s
     0     0 -15745.852    0   41 -15586.000 -15745.852  1.03%     -    0s
H    0     0                    -15604.00000 -15745.852  0.91%     -    0s
     0     0 -15745.852    0   31 -15604.000 -15745.852  0.91%     -    0s
     0     0 -15745.852    0   37 -15604.000 -15745.852  0.91%     -    0s
     0     0 -15745.852    0   51 -15604.000 -15745.852  0.91%     -    0s
     0     0 -15745.852    0   50 -15604.000 -15745.852  0.91%     -    0s
     0     0 -15745.852    0   50 -15604.000 -15745.852  0.91%     -    0s
     0     0 -15745.852    0   44 -15604.000 -15745.852  0.91%     -    0s
     0     0 -15681.919    0   36 -15604.000 -15681.919  0.50%     -    0s
     0     0 -15670.713    0   58 -15604.000 -15670.713  0.43%     -    0s
     0     0 -15670.158    0   41 -15604.000 -15670.158  0.42%     -    0s
     0     0 -15670.158    0   40 -15604.000 -15670.158  0.42%     -    0s
     0     0 -15667.150    0   46 -15604.000 -15667.150  0.40%     -    0s
     0     0 -15666.746    0   37 -15604.000 -15666.746  0.40%     -    0s
     0     0 -15664.713    0   52 -15604.000 -15664.713  0.39%     -    0s
     0     0 -15664.589    0   38 -15604.000 -15664.589  0.39%     -    0s
     0     0 -15664.429    0   40 -15604.000 -15664.429  0.39%     -    0s
     0     0 -15664.264    0   52 -15604.000 -15664.264  0.39%     -    0s
     0     0 -15664.166    0   55 -15604.000 -15664.166  0.39%     -    0s
     0     0 -15664.085    0   42 -15604.000 -15664.085  0.39%     -    0s
     0     0 -15664.085    0   34 -15604.000 -15664.085  0.39%     -    0s
H    0     0                    -15654.00006 -15664.085  0.06%     -    0s

Cutting planes:
  Gomory: 2
  Cover: 19
  Clique: 10
  MIR: 10
  StrongCG: 6
  RLT: 1

Explored 1 nodes (1476 simplex iterations) in 0.13 seconds (0.06 work units)
Thread count was 4 (of 56 available processors)

Solution count 9: -15654 -15604 -15586 ... 0
No other solutions better than -15654

Optimal solution found (tolerance 1.00e-04)
Warning: max constraint violation (3.0188e-06) exceeds tolerance
Best objective -1.565400151239e+04, best bound -1.565400151239e+04, gap 0.0000%
