
Gurobi 9.5.0 (linux64) logging started Mon Apr 11 01:59:42 2022

Set parameter LogFile to value "/local_workspace/chenrui/LogFiles/MKAP/probT1_10e3_2S_R50_T005_M010_N0040_seed06_original_600.log"
Gurobi Optimizer version 9.5.0 build v9.5.0rc5 (linux64)
Thread count: 56 physical cores, 56 logical processors, using up to 4 threads
Optimize a model with 100 rows, 450 columns and 900 nonzeros
Model fingerprint: 0xfc982964
Variable types: 0 continuous, 450 integer (450 binary)
Coefficient statistics:
  Matrix range     [1e+00, 2e+03]
  Objective range  [2e+02, 1e+03]
  Bounds range     [1e+00, 1e+00]
  RHS range        [1e+00, 1e+00]
Found heuristic solution: objective 0.0000000
Presolve removed 16 rows and 132 columns
Presolve time: 0.00s
Presolved: 84 rows, 318 columns, 636 nonzeros
Variable types: 0 continuous, 318 integer (318 binary)
Found heuristic solution: objective -12054.00000

Root relaxation: objective -1.588197e+04, 219 iterations, 0.00 seconds (0.00 work units)

    Nodes    |    Current Node    |     Objective Bounds      |     Work
 Expl Unexpl |  Obj  Depth IntInf | Incumbent    BestBd   Gap | It/Node Time

     0     0 -15881.972    0   26 -12054.000 -15881.972  31.8%     -    0s
H    0     0                    -14619.00000 -15881.972  8.64%     -    0s
H    0     0                    -14675.00000 -15881.972  8.22%     -    0s
H    0     0                    -14902.00000 -15881.972  6.58%     -    0s
H    0     0                    -14924.00000 -15881.972  6.42%     -    0s
     0     0 -15850.547    0   43 -14924.000 -15850.547  6.21%     -    0s
     0     0 -15843.436    0   37 -14924.000 -15843.436  6.16%     -    0s
     0     0 -15843.436    0   31 -14924.000 -15843.436  6.16%     -    0s
H    0     0                    -15006.00000 -15796.292  5.27%     -    0s
     0     0 -15796.292    0   70 -15006.000 -15796.292  5.27%     -    0s
H    0     0                    -15011.00000 -15784.345  5.15%     -    0s
     0     0 -15784.345    0   53 -15011.000 -15784.345  5.15%     -    0s
     0     0 -15783.896    0   56 -15011.000 -15783.896  5.15%     -    0s
     0     0 -15783.790    0   58 -15011.000 -15783.790  5.15%     -    0s
     0     0 -15746.319    0   73 -15011.000 -15746.319  4.90%     -    0s
     0     0 -15734.999    0   64 -15011.000 -15734.999  4.82%     -    0s
     0     0 -15733.041    0   52 -15011.000 -15733.041  4.81%     -    0s
     0     0 -15715.347    0   65 -15011.000 -15715.347  4.69%     -    0s
H    0     0                    -15043.00000 -15715.347  4.47%     -    0s
     0     0 -15712.605    0   91 -15043.000 -15712.605  4.45%     -    0s
H    0     0                    -15052.00000 -15711.719  4.38%     -    0s
     0     0 -15711.719    0   84 -15052.000 -15711.719  4.38%     -    0s
     0     0 -15710.900    0   81 -15052.000 -15710.900  4.38%     -    0s
     0     0 -15710.140    0   67 -15052.000 -15710.140  4.37%     -    0s
     0     0 -15710.049    0   72 -15052.000 -15710.049  4.37%     -    0s
H    0     0                    -15097.00000 -15687.625  3.91%     -    0s
     0     0 -15687.625    0   79 -15097.000 -15687.625  3.91%     -    0s
H    0     0                    -15149.00000 -15682.274  3.52%     -    0s
     0     0 -15682.274    0   72 -15149.000 -15682.274  3.52%     -    0s
     0     0 -15677.890    0   75 -15149.000 -15677.890  3.49%     -    0s
     0     0 -15676.991    0   91 -15149.000 -15676.991  3.49%     -    0s
H    0     0                    -15156.00000 -15676.991  3.44%     -    0s
     0     0 -15666.904    0  104 -15156.000 -15666.904  3.37%     -    0s
     0     0 -15665.849    0   79 -15156.000 -15665.849  3.36%     -    0s
     0     0 -15663.868    0   99 -15156.000 -15663.868  3.35%     -    0s
     0     0 -15663.863    0  100 -15156.000 -15663.863  3.35%     -    0s
     0     0 -15648.802    0   88 -15156.000 -15648.802  3.25%     -    0s
     0     0 -15647.948    0  109 -15156.000 -15647.948  3.25%     -    0s
     0     0 -15647.174    0  111 -15156.000 -15647.174  3.24%     -    0s
     0     0 -15647.063    0  108 -15156.000 -15647.063  3.24%     -    0s
     0     0 -15637.991    0   99 -15156.000 -15637.991  3.18%     -    0s
H    0     0                    -15216.00000 -15637.991  2.77%     -    0s
     0     0 -15632.015    0  110 -15216.000 -15632.015  2.73%     -    0s
     0     0 -15631.683    0  124 -15216.000 -15631.683  2.73%     -    0s
     0     0 -15631.586    0  115 -15216.000 -15631.586  2.73%     -    0s
H    0     0                    -15357.00000 -15629.306  1.77%     -    0s
     0     0 -15629.306    0  105 -15357.000 -15629.306  1.77%     -    0s
     0     0 -15629.139    0  112 -15357.000 -15629.139  1.77%     -    0s
     0     0 -15628.090    0  102 -15357.000 -15628.090  1.77%     -    0s
     0     0 -15628.090    0  102 -15357.000 -15628.090  1.77%     -    0s
H    0     0                    -15399.00000 -15628.090  1.49%     -    0s
     0     2 -15628.090    0  102 -15399.000 -15628.090  1.49%     -    0s
H   33    40                    -15448.00000 -15618.734  1.11%  29.6    0s
H   84    74                    -15461.00000 -15618.734  1.02%  19.8    0s
H  159   143                    -15535.00000 -15615.537  0.52%  21.0    0s

Cutting planes:
  Gomory: 1
  Cover: 86
  Clique: 28
  MIR: 42
  StrongCG: 27

Explored 918 nodes (16998 simplex iterations) in 0.31 seconds (0.25 work units)
Thread count was 4 (of 56 available processors)

Solution count 10: -15535 -15461 -15448 ... -15052
No other solutions better than -15535

Optimal solution found (tolerance 1.00e-04)
Best objective -1.553500000000e+04, best bound -1.553500000000e+04, gap 0.0000%
