
Gurobi 9.5.0 (linux64) logging started Mon Apr 11 03:53:05 2022

Set parameter LogFile to value "/local_workspace/chenrui/LogFiles/MKAP/probT1_10e3_1W_R50_T005_M010_N0040_seed02_DWcutsT6_600.log"
Gurobi Optimizer version 9.5.0 build v9.5.0rc5 (linux64)
Thread count: 56 physical cores, 56 logical processors, using up to 4 threads
Optimize a model with 3156 rows, 450 columns and 17273 nonzeros
Model fingerprint: 0x88bcdd59
Variable types: 0 continuous, 450 integer (450 binary)
Coefficient statistics:
  Matrix range     [1e-13, 4e+03]
  Objective range  [5e+01, 9e+02]
  Bounds range     [1e+00, 1e+00]
  RHS range        [4e-04, 3e+01]
Warning: Model contains large matrix coefficient range
         Consider reformulating model or setting NumericFocus parameter
         to avoid numerical issues.
Found heuristic solution: objective 0.0000000
Presolve removed 2404 rows and 71 columns
Presolve time: 0.04s
Presolved: 752 rows, 379 columns, 5233 nonzeros
Variable types: 0 continuous, 379 integer (379 binary)
Found heuristic solution: objective -6396.000000

Root relaxation: objective -1.190875e+04, 821 iterations, 0.02 seconds (0.02 work units)

    Nodes    |    Current Node    |     Objective Bounds      |     Work
 Expl Unexpl |  Obj  Depth IntInf | Incumbent    BestBd   Gap | It/Node Time

     0     0 -11908.749    0   31 -6396.0000 -11908.749  86.2%     -    0s
H    0     0                    -11389.00000 -11908.749  4.56%     -    0s
H    0     0                    -11513.00000 -11908.749  3.44%     -    0s
H    0     0                    -11766.00000 -11908.345  1.21%     -    0s
     0     0 -11887.877    0   56 -11766.000 -11887.877  1.04%     -    0s
H    0     0                    -11769.00000 -11887.877  1.01%     -    0s
     0     0 -11874.134    0   71 -11769.000 -11874.134  0.89%     -    0s
     0     0 -11864.400    0   60 -11769.000 -11864.400  0.81%     -    0s
     0     0 -11862.800    0   60 -11769.000 -11862.800  0.80%     -    0s
H    0     0                    -11790.00001 -11862.800  0.62%     -    0s
     0     0 -11862.800    0   29 -11790.000 -11862.800  0.62%     -    0s
     0     0 -11862.800    0   69 -11790.000 -11862.800  0.62%     -    0s
     0     0 -11862.800    0   68 -11790.000 -11862.800  0.62%     -    0s
     0     0 -11862.800    0   73 -11790.000 -11862.800  0.62%     -    0s
     0     0 -11862.800    0   71 -11790.000 -11862.800  0.62%     -    0s
     0     0 -11862.800    0   61 -11790.000 -11862.800  0.62%     -    0s
     0     0 -11862.800    0   60 -11790.000 -11862.800  0.62%     -    0s
     0     0 -11862.800    0   63 -11790.000 -11862.800  0.62%     -    0s
     0     0 -11862.800    0   63 -11790.000 -11862.800  0.62%     -    0s
     0     2 -11862.800    0   58 -11790.000 -11862.800  0.62%     -    0s
*   45     4              11    -11795.00000 -11833.945  0.33%  17.5    0s

Cutting planes:
  Gomory: 6
  Cover: 10
  Clique: 3
  MIR: 2

Explored 60 nodes (2727 simplex iterations) in 0.41 seconds (0.43 work units)
Thread count was 4 (of 56 available processors)

Solution count 8: -11795 -11790 -11769 ... 0
No other solutions better than -11795

Optimal solution found (tolerance 1.00e-04)
Best objective -1.179500000000e+04, best bound -1.179500000000e+04, gap 0.0000%
