
Gurobi 9.5.0 (linux64) logging started Mon Apr 11 01:53:51 2022

Set parameter LogFile to value "/local_workspace/chenrui/LogFiles/MKAP/probT1_10e3_1W_R50_T005_M010_N0020_seed06_DWcutsT3_600.log"
Gurobi Optimizer version 9.5.0 build v9.5.0rc5 (linux64)
Thread count: 56 physical cores, 56 logical processors, using up to 4 threads
Optimize a model with 477 rows, 250 columns and 1685 nonzeros
Model fingerprint: 0xe0f5933e
Variable types: 0 continuous, 250 integer (250 binary)
Coefficient statistics:
  Matrix range     [1e-13, 1e+03]
  Objective range  [1e+02, 8e+02]
  Bounds range     [1e+00, 1e+00]
  RHS range        [1e+00, 1e+00]
Warning: Model contains large matrix coefficient range
         Consider reformulating model or setting NumericFocus parameter
         to avoid numerical issues.
Found heuristic solution: objective 0.0000000
Presolve removed 423 rows and 162 columns
Presolve time: 0.00s
Presolved: 54 rows, 88 columns, 224 nonzeros
Found heuristic solution: objective -4725.000000
Variable types: 0 continuous, 88 integer (88 binary)
Found heuristic solution: objective -5089.000000

Root relaxation: objective -5.187000e+03, 62 iterations, 0.00 seconds (0.00 work units)

    Nodes    |    Current Node    |     Objective Bounds      |     Work
 Expl Unexpl |  Obj  Depth IntInf | Incumbent    BestBd   Gap | It/Node Time

     0     0 -5187.0000    0   10 -5089.0000 -5187.0000  1.93%     -    0s
H    0     0                    -5173.000000 -5187.0000  0.27%     -    0s

Cutting planes:
  Zero half: 1

Explored 1 nodes (67 simplex iterations) in 0.01 seconds (0.00 work units)
Thread count was 4 (of 56 available processors)

Solution count 4: -5173 -5089 -4725 0 
No other solutions better than -5173

Optimal solution found (tolerance 1.00e-04)
Best objective -5.173000000000e+03, best bound -5.173000000000e+03, gap 0.0000%
