
Gurobi 9.5.0 (linux64) logging started Mon Apr 11 01:57:43 2022

Set parameter LogFile to value "/local_workspace/chenrui/LogFiles/MKAP/probT1_10e3_2S_R50_T002_M010_N0040_seed06_DWcutsT3_600.log"
Gurobi Optimizer version 9.5.0 build v9.5.0rc5 (linux64)
Thread count: 56 physical cores, 56 logical processors, using up to 4 threads
Optimize a model with 212 rows, 420 columns and 3739 nonzeros
Model fingerprint: 0xc3c50a22
Variable types: 0 continuous, 420 integer (420 binary)
Coefficient statistics:
  Matrix range     [1e-13, 2e+03]
  Objective range  [2e+02, 1e+03]
  Bounds range     [1e+00, 1e+00]
  RHS range        [2e-10, 8e+01]
Warning: Model contains large matrix coefficient range
         Consider reformulating model or setting NumericFocus parameter
         to avoid numerical issues.
Found heuristic solution: objective 0.0000000
Presolve removed 28 rows and 126 columns
Presolve time: 0.01s
Presolved: 184 rows, 294 columns, 2541 nonzeros
Variable types: 0 continuous, 294 integer (294 binary)
Found heuristic solution: objective -14770.00000

Root relaxation: objective -1.588322e+04, 528 iterations, 0.01 seconds (0.01 work units)

    Nodes    |    Current Node    |     Objective Bounds      |     Work
 Expl Unexpl |  Obj  Depth IntInf | Incumbent    BestBd   Gap | It/Node Time

     0     0 -15883.218    0   33 -14770.000 -15883.218  7.54%     -    0s
H    0     0                    -14871.00000 -15883.218  6.81%     -    0s
H    0     0                    -14957.00000 -15883.218  6.19%     -    0s
H    0     0                    -15402.00000 -15883.218  3.12%     -    0s
     0     0 -15876.623    0   53 -15402.000 -15876.623  3.08%     -    0s
     0     0 -15876.623    0   45 -15402.000 -15876.623  3.08%     -    0s
     0     0 -15876.623    0   48 -15402.000 -15876.623  3.08%     -    0s
     0     0 -15876.623    0   43 -15402.000 -15876.623  3.08%     -    0s
H    0     0                    -15494.00000 -15876.623  2.47%     -    0s
     0     0 -15876.623    0   35 -15494.000 -15876.623  2.47%     -    0s
     0     0 -15876.623    0   32 -15494.000 -15876.623  2.47%     -    0s
     0     0 -15876.623    0   34 -15494.000 -15876.623  2.47%     -    0s
     0     0 -15876.623    0   33 -15494.000 -15876.623  2.47%     -    0s
H    0     0                    -15553.00000 -15876.623  2.08%     -    0s
     0     2 -15876.623    0   28 -15553.000 -15876.623  2.08%     -    0s
H   33    39                    -15664.00000 -15876.623  1.36%  47.0    0s
H 1980   754                    -15814.00000 -15876.623  0.40%  28.4    1s
  8145  2157 -15834.782   21   50 -15814.000 -15859.066  0.28%  37.7    5s

Cutting planes:
  Cover: 154
  Clique: 15
  MIR: 635
  StrongCG: 468
  Flow cover: 134
  Zero half: 8
  RLT: 3

Explored 20966 nodes (723077 simplex iterations) in 9.75 seconds (20.20 work units)
Thread count was 4 (of 56 available processors)

Solution count 9: -15814 -15664 -15553 ... 0
No other solutions better than -15814

Optimal solution found (tolerance 1.00e-04)
Best objective -1.581400000000e+04, best bound -1.581400000000e+04, gap 0.0000%
