
Gurobi 9.5.0 (linux64) logging started Tue Apr 12 06:37:54 2022

Set parameter LogFile to value "/local_workspace/chenrui/LogFiles/MKAP/probT1_10e3_0U_R50_T002_M020_N0040_seed10_DWcutsT4_600.log"
Gurobi Optimizer version 9.5.0 build v9.5.0rc5 (linux64)
Thread count: 56 physical cores, 56 logical processors, using up to 4 threads
Optimize a model with 665 rows, 840 columns and 12330 nonzeros
Model fingerprint: 0x4e60e666
Variable types: 0 continuous, 840 integer (840 binary)
Coefficient statistics:
  Matrix range     [1e-13, 2e+03]
  Objective range  [7e+01, 1e+03]
  Bounds range     [1e+00, 1e+00]
  RHS range        [1e-11, 4e+02]
Warning: Model contains large matrix coefficient range
         Consider reformulating model or setting NumericFocus parameter
         to avoid numerical issues.
Found heuristic solution: objective 0.0000000
Presolve removed 331 rows and 441 columns
Presolve time: 0.03s
Presolved: 334 rows, 399 columns, 4241 nonzeros
Found heuristic solution: objective -14968.00000
Variable types: 0 continuous, 399 integer (399 binary)

Root relaxation: objective -1.672500e+04, 610 iterations, 0.01 seconds (0.01 work units)

    Nodes    |    Current Node    |     Objective Bounds      |     Work
 Expl Unexpl |  Obj  Depth IntInf | Incumbent    BestBd   Gap | It/Node Time

     0     0 -16725.000    0   37 -14968.000 -16725.000  11.7%     -    0s
H    0     0                    -15548.00000 -16725.000  7.57%     -    0s
H    0     0                    -15552.00000 -16725.000  7.54%     -    0s
H    0     0                    -16096.00000 -16725.000  3.91%     -    0s
H    0     0                    -16181.00000 -16725.000  3.36%     -    0s
     0     0 -16725.000    0   50 -16181.000 -16725.000  3.36%     -    0s
H    0     0                    -16208.00000 -16725.000  3.19%     -    0s
H    0     0                    -16455.00000 -16725.000  1.64%     -    0s
H    0     0                    -16489.00000 -16725.000  1.43%     -    0s
     0     0 -16725.000    0   29 -16489.000 -16725.000  1.43%     -    0s
H    0     0                    -16725.00000 -16725.000  0.00%     -    0s
     0     0 -16725.000    0   22 -16725.000 -16725.000  0.00%     -    0s

Cutting planes:
  Gomory: 6
  Cover: 17
  Clique: 4
  MIR: 27
  StrongCG: 24
  GUB cover: 2
  Zero half: 2

Explored 1 nodes (891 simplex iterations) in 0.10 seconds (0.07 work units)
Thread count was 4 (of 56 available processors)

Solution count 10: -16725 -16489 -16455 ... 0
No other solutions better than -16725

Optimal solution found (tolerance 1.00e-04)
Best objective -1.672499999995e+04, best bound -1.672499999995e+04, gap 0.0000%

Gurobi 9.5.0 (linux64) logging started Tue Apr 12 21:30:40 2022

Set parameter LogFile to value "/local_workspace/chenrui/LogFiles/MKAP/probT1_10e3_0U_R50_T002_M020_N0040_seed10_DWcutsT4_600.log"
Gurobi Optimizer version 9.5.0 build v9.5.0rc5 (linux64)
Thread count: 56 physical cores, 56 logical processors, using up to 4 threads
Optimize a model with 665 rows, 840 columns and 12330 nonzeros
Model fingerprint: 0x4e60e666
Variable types: 0 continuous, 840 integer (840 binary)
Coefficient statistics:
  Matrix range     [1e-13, 2e+03]
  Objective range  [7e+01, 1e+03]
  Bounds range     [1e+00, 1e+00]
  RHS range        [1e-11, 4e+02]
Warning: Model contains large matrix coefficient range
         Consider reformulating model or setting NumericFocus parameter
         to avoid numerical issues.
Found heuristic solution: objective 0.0000000
Presolve removed 331 rows and 441 columns
Presolve time: 0.03s
Presolved: 334 rows, 399 columns, 4241 nonzeros
Found heuristic solution: objective -14968.00000
Variable types: 0 continuous, 399 integer (399 binary)

Root relaxation: objective -1.672500e+04, 610 iterations, 0.01 seconds (0.01 work units)

    Nodes    |    Current Node    |     Objective Bounds      |     Work
 Expl Unexpl |  Obj  Depth IntInf | Incumbent    BestBd   Gap | It/Node Time

     0     0 -16725.000    0   37 -14968.000 -16725.000  11.7%     -    0s
H    0     0                    -15548.00000 -16725.000  7.57%     -    0s
H    0     0                    -15552.00000 -16725.000  7.54%     -    0s
H    0     0                    -16096.00000 -16725.000  3.91%     -    0s
H    0     0                    -16181.00000 -16725.000  3.36%     -    0s
     0     0 -16725.000    0   50 -16181.000 -16725.000  3.36%     -    0s
H    0     0                    -16208.00000 -16725.000  3.19%     -    0s
H    0     0                    -16455.00000 -16725.000  1.64%     -    0s
H    0     0                    -16489.00000 -16725.000  1.43%     -    0s
     0     0 -16725.000    0   29 -16489.000 -16725.000  1.43%     -    0s
H    0     0                    -16725.00000 -16725.000  0.00%     -    0s
     0     0 -16725.000    0   22 -16725.000 -16725.000  0.00%     -    0s

Cutting planes:
  Gomory: 6
  Cover: 17
  Clique: 4
  MIR: 27
  StrongCG: 24
  GUB cover: 2
  Zero half: 2

Explored 1 nodes (891 simplex iterations) in 0.10 seconds (0.07 work units)
Thread count was 4 (of 56 available processors)

Solution count 10: -16725 -16489 -16455 ... 0
No other solutions better than -16725

Optimal solution found (tolerance 1.00e-04)
Best objective -1.672499999995e+04, best bound -1.672499999995e+04, gap 0.0000%
