
Gurobi 9.5.0 (linux64) logging started Mon Apr 11 17:22:06 2022

Set parameter LogFile to value "/local_workspace/chenrui/LogFiles/MKAP/probT1_10e3_2S_R50_T002_M010_N0020_seed04_DWcutsT1_600.log"
Gurobi Optimizer version 9.5.0 build v9.5.0rc5 (linux64)
Thread count: 56 physical cores, 56 logical processors, using up to 4 threads
Optimize a model with 90 rows, 220 columns and 867 nonzeros
Model fingerprint: 0xd263b24c
Variable types: 0 continuous, 220 integer (220 binary)
Coefficient statistics:
  Matrix range     [1e-09, 1e+03]
  Objective range  [3e+02, 1e+03]
  Bounds range     [1e+00, 1e+00]
  RHS range        [3e-08, 3e+01]
Found heuristic solution: objective 0.0000000
Presolve removed 42 rows and 129 columns
Presolve time: 0.00s
Presolved: 48 rows, 91 columns, 343 nonzeros
Found heuristic solution: objective -6470.000000
Variable types: 0 continuous, 91 integer (91 binary)

Root relaxation: objective -7.396501e+03, 74 iterations, 0.00 seconds (0.00 work units)

    Nodes    |    Current Node    |     Objective Bounds      |     Work
 Expl Unexpl |  Obj  Depth IntInf | Incumbent    BestBd   Gap | It/Node Time

     0     0 -7396.5008    0   11 -6470.0000 -7396.5008  14.3%     -    0s
H    0     0                    -7252.000000 -7396.5008  1.99%     -    0s
     0     0 -7391.8834    0   23 -7252.0000 -7391.8834  1.93%     -    0s
     0     0 -7376.0956    0   22 -7252.0000 -7376.0956  1.71%     -    0s
     0     0 -7340.8974    0   34 -7252.0000 -7340.8974  1.23%     -    0s
H    0     0                    -7337.000020 -7340.8974  0.05%     -    0s

Cutting planes:
  Gomory: 2
  Cover: 4
  Clique: 2
  MIR: 3
  StrongCG: 2

Explored 1 nodes (121 simplex iterations) in 0.02 seconds (0.01 work units)
Thread count was 4 (of 56 available processors)

Solution count 4: -7337 -7252 -6470 0 
No other solutions better than -7337

Optimal solution found (tolerance 1.00e-04)
Best objective -7.337000122709e+03, best bound -7.337000122709e+03, gap 0.0000%
