
Gurobi 9.5.0 (linux64) logging started Tue Apr 12 01:45:57 2022

Set parameter LogFile to value "/local_workspace/chenrui/LogFiles/MKAP/probT1_10e3_0U_R50_T005_M010_N0040_seed10_DWcutsT2_600.log"
Gurobi Optimizer version 9.5.0 build v9.5.0rc5 (linux64)
Thread count: 56 physical cores, 56 logical processors, using up to 4 threads
Optimize a model with 297 rows, 450 columns and 2580 nonzeros
Model fingerprint: 0x6175a08c
Variable types: 0 continuous, 450 integer (450 binary)
Coefficient statistics:
  Matrix range     [1e-13, 2e+03]
  Objective range  [7e+01, 1e+03]
  Bounds range     [1e+00, 1e+00]
  RHS range        [1e-13, 7e+00]
Warning: Model contains large matrix coefficient range
         Consider reformulating model or setting NumericFocus parameter
         to avoid numerical issues.
Found heuristic solution: objective 0.0000000
Presolve removed 41 rows and 56 columns
Presolve time: 0.01s
Presolved: 256 rows, 394 columns, 2019 nonzeros
Found heuristic solution: objective -5697.000000
Variable types: 0 continuous, 394 integer (394 binary)

Root relaxation: objective -1.730250e+04, 1004 iterations, 0.01 seconds (0.01 work units)

    Nodes    |    Current Node    |     Objective Bounds      |     Work
 Expl Unexpl |  Obj  Depth IntInf | Incumbent    BestBd   Gap | It/Node Time

     0     0 -17302.496    0   51 -5697.0000 -17302.496   204%     -    0s
H    0     0                    -16165.00000 -17302.496  7.04%     -    0s
H    0     0                    -16498.00000 -17302.496  4.88%     -    0s
     0     0 -17302.496    0   42 -16498.000 -17302.496  4.88%     -    0s
     0     0 -17301.821    0   62 -16498.000 -17301.821  4.87%     -    0s
     0     0 -17294.508    0   87 -16498.000 -17294.508  4.83%     -    0s
     0     0 -17294.508    0   86 -16498.000 -17294.508  4.83%     -    0s
     0     0 -17294.508    0   86 -16498.000 -17294.508  4.83%     -    0s
H    0     0                    -16778.00000 -17294.508  3.08%     -    0s
H    0     2                    -16820.00000 -17294.508  2.82%     -    0s
     0     2 -17294.508    0   86 -16820.000 -17294.508  2.82%     -    0s
H   75    70                    -16830.00000 -17286.995  2.72%  31.9    0s
H   79    70                    -16842.00000 -17286.995  2.64%  31.1    0s
H  165   126                    -17066.00000 -17281.567  1.26%  26.7    0s
H 5858   731                    -17078.00000 -17152.621  0.44%  19.9    1s

Explored 10363 nodes (183367 simplex iterations) in 2.22 seconds (3.26 work units)
Thread count was 4 (of 56 available processors)

Solution count 10: -17078 -17066 -16842 ... 0
No other solutions better than -17078

Optimal solution found (tolerance 1.00e-04)
Best objective -1.707800000000e+04, best bound -1.707800000000e+04, gap 0.0000%

Gurobi 9.5.0 (linux64) logging started Tue Apr 12 18:12:23 2022

Set parameter LogFile to value "/local_workspace/chenrui/LogFiles/MKAP/probT1_10e3_0U_R50_T005_M010_N0040_seed10_DWcutsT2_600.log"
Gurobi Optimizer version 9.5.0 build v9.5.0rc5 (linux64)
Thread count: 56 physical cores, 56 logical processors, using up to 4 threads
Optimize a model with 297 rows, 450 columns and 2580 nonzeros
Model fingerprint: 0x6175a08c
Variable types: 0 continuous, 450 integer (450 binary)
Coefficient statistics:
  Matrix range     [1e-13, 2e+03]
  Objective range  [7e+01, 1e+03]
  Bounds range     [1e+00, 1e+00]
  RHS range        [1e-13, 7e+00]
Warning: Model contains large matrix coefficient range
         Consider reformulating model or setting NumericFocus parameter
         to avoid numerical issues.
Found heuristic solution: objective 0.0000000
Presolve removed 41 rows and 56 columns
Presolve time: 0.01s
Presolved: 256 rows, 394 columns, 2019 nonzeros
Found heuristic solution: objective -5697.000000
Variable types: 0 continuous, 394 integer (394 binary)

Root relaxation: objective -1.730250e+04, 1004 iterations, 0.01 seconds (0.01 work units)

    Nodes    |    Current Node    |     Objective Bounds      |     Work
 Expl Unexpl |  Obj  Depth IntInf | Incumbent    BestBd   Gap | It/Node Time

     0     0 -17302.496    0   51 -5697.0000 -17302.496   204%     -    0s
H    0     0                    -16165.00000 -17302.496  7.04%     -    0s
H    0     0                    -16498.00000 -17302.496  4.88%     -    0s
     0     0 -17302.496    0   42 -16498.000 -17302.496  4.88%     -    0s
     0     0 -17301.821    0   62 -16498.000 -17301.821  4.87%     -    0s
     0     0 -17294.508    0   87 -16498.000 -17294.508  4.83%     -    0s
     0     0 -17294.508    0   86 -16498.000 -17294.508  4.83%     -    0s
     0     0 -17294.508    0   86 -16498.000 -17294.508  4.83%     -    0s
H    0     0                    -16778.00000 -17294.508  3.08%     -    0s
H    0     2                    -16820.00000 -17294.508  2.82%     -    0s
     0     2 -17294.508    0   86 -16820.000 -17294.508  2.82%     -    0s
H   75    70                    -16830.00000 -17286.995  2.72%  31.9    0s
H   79    70                    -16842.00000 -17286.995  2.64%  31.1    0s
H  165   126                    -17066.00000 -17281.567  1.26%  26.7    0s
H 5858   731                    -17078.00000 -17152.621  0.44%  19.9    1s

Explored 10363 nodes (183367 simplex iterations) in 2.23 seconds (3.26 work units)
Thread count was 4 (of 56 available processors)

Solution count 10: -17078 -17066 -16842 ... 0
No other solutions better than -17078

Optimal solution found (tolerance 1.00e-04)
Best objective -1.707800000000e+04, best bound -1.707800000000e+04, gap 0.0000%
