
Gurobi 9.5.0 (linux64) logging started Mon Apr 11 10:32:17 2022

Set parameter LogFile to value "/local_workspace/chenrui/LogFiles/MKAP/probT1_10e3_0U_R50_T002_M010_N0060_seed07_DWcutsT1_600.log"
Gurobi Optimizer version 9.5.0 build v9.5.0rc5 (linux64)
Thread count: 56 physical cores, 56 logical processors, using up to 4 threads
Optimize a model with 130 rows, 620 columns and 2480 nonzeros
Model fingerprint: 0xd42b1d04
Variable types: 0 continuous, 620 integer (620 binary)
Coefficient statistics:
  Matrix range     [8e-01, 2e+03]
  Objective range  [6e+00, 1e+03]
  Bounds range     [1e+00, 1e+00]
  RHS range        [2e-10, 1e+01]
Found heuristic solution: objective 0.0000000
Presolve removed 10 rows and 52 columns
Presolve time: 0.01s
Presolved: 120 rows, 568 columns, 2292 nonzeros
Variable types: 0 continuous, 568 integer (568 binary)
Found heuristic solution: objective -16762.00000

Root relaxation: objective -2.370895e+04, 466 iterations, 0.01 seconds (0.00 work units)

    Nodes    |    Current Node    |     Objective Bounds      |     Work
 Expl Unexpl |  Obj  Depth IntInf | Incumbent    BestBd   Gap | It/Node Time

     0     0 -23708.948    0   39 -16762.000 -23708.948  41.4%     -    0s
H    0     0                    -22558.00000 -23708.948  5.10%     -    0s
H    0     0                    -22627.00000 -23708.948  4.78%     -    0s
H    0     0                    -22715.00000 -23708.948  4.38%     -    0s
     0     0 -23708.948    0   45 -22715.000 -23708.948  4.38%     -    0s
H    0     0                    -23173.00000 -23708.948  2.31%     -    0s
     0     0 -23708.948    0   46 -23173.000 -23708.948  2.31%     -    0s
     0     0 -23708.948    0   33 -23173.000 -23708.948  2.31%     -    0s
     0     0 -23708.948    0   38 -23173.000 -23708.948  2.31%     -    0s
     0     0 -23708.948    0   64 -23173.000 -23708.948  2.31%     -    0s
     0     0 -23708.948    0   59 -23173.000 -23708.948  2.31%     -    0s
     0     0 -23708.948    0   54 -23173.000 -23708.948  2.31%     -    0s
     0     0 -23708.948    0   46 -23173.000 -23708.948  2.31%     -    0s
H    0     0                    -23224.00000 -23708.948  2.09%     -    0s
     0     2 -23708.948    0   46 -23224.000 -23708.948  2.09%     -    0s
H   40    57                    -23277.00000 -23708.948  1.86%  57.3    0s
H 1116   794                    -23333.00000 -23708.948  1.61%  16.0    0s
H 1117   754                    -23457.00000 -23708.948  1.07%  16.0    0s
H 1159   749                    -23513.00000 -23708.948  0.83%  18.6    0s
 34246 20066 -23624.223   51   30 -23513.000 -23708.948  0.83%  12.8    5s
H63050 25477                    -23625.00000 -23708.948  0.36%  12.9    7s
 80658 30494 -23705.857   51   29 -23625.000 -23706.589  0.35%  12.5   10s
 175514 61861 -23657.510   71   20 -23625.000 -23699.552  0.32%  10.4   15s
 276588 110829 -23653.950   96   19 -23625.000 -23694.037  0.29%   9.7   20s
 389795 164199 -23665.759   73   25 -23625.000 -23693.925  0.29%   9.0   25s
 504838 212406     cutoff   91      -23625.000 -23693.921  0.29%   8.4   30s
 619943 269783 -23635.823   86   23 -23625.000 -23693.921  0.29%   8.0   35s
 739237 322886 -23627.163  107   11 -23625.000 -23693.920  0.29%   7.7   40s
H813291 291032                    -23644.00000 -23693.919  0.21%   7.6   43s
 848907 305815     cutoff   81      -23644.000 -23693.919  0.21%   7.5   45s
 971531 355648 -23693.894   81   30 -23644.000 -23693.918  0.21%   7.4   50s
 1083955 398655 -23666.224   80   32 -23644.000 -23693.917  0.21%   7.3   55s
 1193728 437918     cutoff   82      -23644.000 -23693.917  0.21%   7.3   60s
 1290668 472004 -23693.889   83   22 -23644.000 -23693.916  0.21%   7.3   65s
 1396133 507394 -23683.377   82   25 -23644.000 -23693.915  0.21%   7.3   70s
 1503843 541720 -23693.912   77   30 -23644.000 -23693.915  0.21%   7.3   75s
 1609916 575151 -23683.750   92   17 -23644.000 -23693.914  0.21%   7.3   80s
 1710420 606821 -23688.836   71   24 -23644.000 -23693.914  0.21%   7.3   85s
 1819308 641194 -23692.201   88   22 -23644.000 -23693.913  0.21%   7.3   90s
 1928191 675240 -23692.600   85   24 -23644.000 -23693.913  0.21%   7.3   95s
 2028053 705528 -23678.935   91   30 -23644.000 -23693.912  0.21%   7.3  100s
 2137243 738886     cutoff   80      -23644.000 -23693.912  0.21%   7.3  105s
 2226721 764772 -23667.609   75   26 -23644.000 -23693.912  0.21%   7.4  110s
 2326995 795925 -23687.661   84   26 -23644.000 -23693.912  0.21%   7.4  115s
 2432789 825531 -23680.655   81   22 -23644.000 -23693.911  0.21%   7.4  120s
 2539636 857420 -23688.831   77   23 -23644.000 -23693.911  0.21%   7.4  125s
 2641300 886318     cutoff   89      -23644.000 -23693.910  0.21%   7.4  130s
 2747086 914661 -23666.227   75   30 -23644.000 -23693.910  0.21%   7.4  135s
 2854571 943546     cutoff   82      -23644.000 -23693.910  0.21%   7.4  140s
 2959747 971928     cutoff   86      -23644.000 -23693.909  0.21%   7.4  145s
 3068799 1000213     cutoff   84      -23644.000 -23693.909  0.21%   7.4  150s
 3176260 1028367 -23692.211   78   23 -23644.000 -23693.908  0.21%   7.4  155s
 3279813 1054860 -23679.833  100   20 -23644.000 -23693.908  0.21%   7.4  160s
 3383121 1080143 -23693.903   76   19 -23644.000 -23693.907  0.21%   7.4  165s
 3489806 1106599 -23693.900   86   26 -23644.000 -23693.907  0.21%   7.4  170s
 3594550 1132328 -23678.688   85   26 -23644.000 -23693.907  0.21%   7.4  175s
 3697713 1156905     cutoff   90      -23644.000 -23693.906  0.21%   7.4  180s
 3800413 1181024 -23655.734   84   25 -23644.000 -23693.906  0.21%   7.4  185s
 3907553 1205685     cutoff   97      -23644.000 -23693.906  0.21%   7.4  190s
 4014360 1229715     cutoff   82      -23644.000 -23693.905  0.21%   7.4  195s
 4117095 1252757     cutoff   86      -23644.000 -23693.905  0.21%   7.4  200s
 4211387 1275818     cutoff   79      -23644.000 -23693.905  0.21%   7.4  205s
 4319961 1299886 -23692.206   90   21 -23644.000 -23693.905  0.21%   7.4  210s
 4426326 1322482 -23689.685   91   25 -23644.000 -23693.904  0.21%   7.4  215s
 4533255 1345570 -23668.178   84   21 -23644.000 -23693.904  0.21%   7.4  220s
 4638359 1369332 -23663.544   82   26 -23644.000 -23693.904  0.21%   7.4  225s
 4743235 1393376 -23693.068   91   28 -23644.000 -23693.903  0.21%   7.4  230s
 4842619 1415264 -23648.924   80   21 -23644.000 -23693.903  0.21%   7.4  235s
 4948130 1437370 -23659.537   84   22 -23644.000 -23693.903  0.21%   7.4  240s
 5050868 1458192     cutoff   91      -23644.000 -23693.902  0.21%   7.4  245s
 5149080 1478720 -23660.242   82   37 -23644.000 -23693.902  0.21%   7.4  250s
 5253774 1501156 -23647.287   70   29 -23644.000 -23693.902  0.21%   7.4  255s
 5363605 1525838     cutoff   83      -23644.000 -23693.902  0.21%   7.4  260s
 5472548 1550268 -23693.902   80   29 -23644.000 -23693.902  0.21%   7.4  265s
 5586079 1580080 -23686.677   84   22 -23644.000 -23693.902  0.21%   7.4  270s
 5680481 1601185     cutoff   86      -23644.000 -23693.902  0.21%   7.4  275s
 5778613 1623696     cutoff   86      -23644.000 -23693.901  0.21%   7.5  280s
 5884853 1644670 -23683.934   82   26 -23644.000 -23693.901  0.21%   7.5  285s
 5985237 1664323     cutoff   98      -23644.000 -23693.901  0.21%   7.5  290s
 6091144 1684155 -23665.749   90   27 -23644.000 -23693.901  0.21%   7.5  295s
 6206266 1711986     cutoff   86      -23644.000 -23693.900  0.21%   7.4  300s
 6312206 1733335 -23667.605   88   24 -23644.000 -23693.900  0.21%   7.4  305s
 6411931 1751187 -23678.688   81   22 -23644.000 -23693.900  0.21%   7.4  310s
 6507601 1769310     cutoff   95      -23644.000 -23693.900  0.21%   7.4  315s
 6596275 1785835     cutoff   97      -23644.000 -23693.899  0.21%   7.4  320s
 6680118 1801610 -23693.224   81   27 -23644.000 -23693.899  0.21%   7.4  325s
 6772986 1817811 -23660.896   76   20 -23644.000 -23693.899  0.21%   7.4  330s
 6866303 1835664 -23662.981   85   16 -23644.000 -23693.899  0.21%   7.4  335s
 6955034 1850520     cutoff   83      -23644.000 -23693.898  0.21%   7.4  340s
 7046248 1865896 infeasible   92      -23644.000 -23693.898  0.21%   7.4  345s
 7140154 1882792 -23668.524   83   18 -23644.000 -23693.898  0.21%   7.4  350s
 7232205 1898259     cutoff   72      -23644.000 -23693.898  0.21%   7.4  355s
 7319095 1912778 -23645.320   86   20 -23644.000 -23693.897  0.21%   7.4  360s
 7410528 1928135     cutoff   80      -23644.000 -23693.897  0.21%   7.4  365s
 7502783 1944728 -23693.897   70   27 -23644.000 -23693.897  0.21%   7.4  370s
 7603931 1968453     cutoff   94      -23644.000 -23693.897  0.21%   7.4  375s
 7698187 1983613 -23680.386   84   17 -23644.000 -23693.897  0.21%   7.4  380s
 7792035 1999124     cutoff   87      -23644.000 -23693.896  0.21%   7.4  385s
 7884303 2014794 -23666.103   82   28 -23644.000 -23693.896  0.21%   7.4  390s
 7973906 2028950 -23692.017   80   20 -23644.000 -23693.896  0.21%   7.4  395s
 8068046 2042119 -23655.194   85   30 -23644.000 -23693.896  0.21%   7.4  400s
 8157709 2055633 -23666.968   86   18 -23644.000 -23693.895  0.21%   7.4  405s
 8249715 2069403     cutoff   82      -23644.000 -23693.895  0.21%   7.4  410s
 8344719 2084066 -23688.829   81   25 -23644.000 -23693.895  0.21%   7.4  415s
 8431782 2096439 -23665.566   91   20 -23644.000 -23693.895  0.21%   7.4  420s
 8525963 2110054 -23672.545   79   25 -23644.000 -23693.894  0.21%   7.4  425s
 8620858 2123452     cutoff   89      -23644.000 -23693.894  0.21%   7.4  430s
 8715551 2137110     cutoff   90      -23644.000 -23693.894  0.21%   7.4  435s
 8805528 2149436     cutoff   91      -23644.000 -23693.893  0.21%   7.4  440s
 8905239 2164441     cutoff   87      -23644.000 -23693.893  0.21%   7.4  445s
 9011346 2181614 -23676.028   88   19 -23644.000 -23693.893  0.21%   7.4  450s
 9119506 2199197 -23693.888   73   20 -23644.000 -23693.893  0.21%   7.4  455s
 9230498 2217539     cutoff   82      -23644.000 -23693.892  0.21%   7.4  460s
 9342003 2235616     cutoff   81      -23644.000 -23693.892  0.21%   7.3  465s
 9449665 2253068 -23693.892   83   24 -23644.000 -23693.892  0.21%   7.3  470s
 9552596 2268101     cutoff   79      -23644.000 -23693.891  0.21%   7.3  475s
 9660115 2283158     cutoff   88      -23644.000 -23693.891  0.21%   7.3  480s
 9769042 2299953     cutoff   90      -23644.000 -23693.891  0.21%   7.3  485s
 9872697 2315159 -23667.581   78   20 -23644.000 -23693.890  0.21%   7.3  490s
 9981756 2331377 infeasible   72      -23644.000 -23693.890  0.21%   7.2  495s
 10092223 2347700 -23693.889   80   33 -23644.000 -23693.890  0.21%   7.2  500s
 10194360 2362071 -23693.872   82   26 -23644.000 -23693.889  0.21%   7.2  505s
 10304008 2377318     cutoff   95      -23644.000 -23693.889  0.21%   7.2  510s
 10410189 2390848 -23693.876   86   28 -23644.000 -23693.889  0.21%   7.2  515s
 10521522 2405872 -23652.409   81   23 -23644.000 -23693.888  0.21%   7.2  520s
 10632972 2420723 -23692.196   92   23 -23644.000 -23693.888  0.21%   7.1  525s
 10744723 2435706 -23693.885   82   28 -23644.000 -23693.888  0.21%   7.1  530s
 10844197 2448002 -23688.811   86   23 -23644.000 -23693.887  0.21%   7.1  535s
 10947522 2460749 -23693.830   75   28 -23644.000 -23693.887  0.21%   7.1  540s
 11058865 2474245 infeasible   77      -23644.000 -23693.886  0.21%   7.1  545s
 11167951 2486496     cutoff   86      -23644.000 -23693.886  0.21%   7.1  550s
 11279342 2499053 -23688.831   87   20 -23644.000 -23693.885  0.21%   7.1  555s
 11389499 2512455 infeasible   93      -23644.000 -23693.885  0.21%   7.0  560s
 11502168 2526704 -23648.460   93   20 -23644.000 -23693.885  0.21%   7.0  565s
 11608250 2539063 -23688.513   90   27 -23644.000 -23693.884  0.21%   7.0  570s
 11717102 2551450 -23683.089   84   25 -23644.000 -23693.884  0.21%   7.0  575s
 11832867 2568618 -23664.377   79   21 -23644.000 -23693.883  0.21%   7.0  580s
 11959085 2583420     cutoff   83      -23644.000 -23693.883  0.21%   7.0  585s
 12073732 2595051 -23692.476   79   28 -23644.000 -23693.882  0.21%   7.0  590s
 12196863 2609656 -23666.217   79   21 -23644.000 -23693.882  0.21%   7.0  595s
 12324174 2624200     cutoff   87      -23644.000 -23693.881  0.21%   6.9  600s

Cutting planes:
  Cover: 13
  Clique: 18
  MIR: 19
  StrongCG: 9
  Flow cover: 14
  Zero half: 1
  RLT: 2

Explored 12324243 nodes (85508933 simplex iterations) in 600.00 seconds (549.10 work units)
Thread count was 4 (of 56 available processors)

Solution count 10: -23644 -23625 -23513 ... -22627

Time limit reached
Best objective -2.364400000000e+04, best bound -2.369300000000e+04, gap 0.2072%
