
Gurobi 9.5.0 (linux64) logging started Mon Apr 11 04:17:16 2022

Set parameter LogFile to value "/local_workspace/chenrui/LogFiles/MKAP/probT1_10e3_1W_R50_T002_M010_N0060_seed02_DWcuts_600.log"
Gurobi Optimizer version 9.5.0 build v9.5.0rc5 (linux64)
Thread count: 56 physical cores, 56 logical processors, using up to 4 threads
Optimize a model with 110 rows, 620 columns and 1860 nonzeros
Model fingerprint: 0x09c3b5b2
Variable types: 0 continuous, 620 integer (620 binary)
Coefficient statistics:
  Matrix range     [1e+00, 3e+03]
  Objective range  [5e+01, 9e+02]
  Bounds range     [1e+00, 1e+00]
  RHS range        [5e-13, 2e+01]
Found heuristic solution: objective 0.0000000
Presolve removed 14 rows and 149 columns
Presolve time: 0.00s
Presolved: 96 rows, 471 columns, 1299 nonzeros
Variable types: 0 continuous, 471 integer (471 binary)
Found heuristic solution: objective -14407.00000

Root relaxation: objective -1.816444e+04, 268 iterations, 0.00 seconds (0.00 work units)

    Nodes    |    Current Node    |     Objective Bounds      |     Work
 Expl Unexpl |  Obj  Depth IntInf | Incumbent    BestBd   Gap | It/Node Time

     0     0 -18164.439    0   11 -14407.000 -18164.439  26.1%     -    0s
H    0     0                    -17616.00000 -18164.439  3.11%     -    0s
H    0     0                    -17713.00000 -18164.439  2.55%     -    0s
     0     0 -18164.439    0   24 -17713.000 -18164.439  2.55%     -    0s
     0     0 -18164.439    0   22 -17713.000 -18164.439  2.55%     -    0s
H    0     0                    -17913.00000 -18152.327  1.34%     -    0s
     0     0 -18152.327    0   13 -17913.000 -18152.327  1.34%     -    0s
     0     0 -18152.327    0   29 -17913.000 -18152.327  1.34%     -    0s
     0     0 -18152.327    0   16 -17913.000 -18152.327  1.34%     -    0s
     0     2 -18152.327    0   15 -17913.000 -18152.327  1.34%     -    0s
H   36    38                    -17951.00000 -18152.327  1.12%  17.9    0s
H  189   211                    -18070.00029 -18152.327  0.46%   7.9    0s
 18808  9214 -18081.244   54   35 -18070.000 -18138.704  0.38%  14.7    5s
 31393 11262 -18106.811   65   23 -18070.000 -18128.255  0.32%  17.8   10s
 41530 11929 -18098.723   57   38 -18070.000 -18127.517  0.32%  22.8   15s
 52805 13010 -18072.989   71   18 -18070.000 -18125.634  0.31%  26.4   20s
 63873 16698 -18098.555   62   58 -18070.000 -18124.120  0.30%  29.4   25s
 73296 19558     cutoff   65      -18070.000 -18122.681  0.29%  32.0   30s
 84402 23095 -18078.930   66   47 -18070.000 -18120.653  0.28%  33.7   35s
 95093 26242 -18093.692   66   36 -18070.000 -18118.969  0.27%  35.2   40s
 106778 29326 -18110.358   63   35 -18070.000 -18117.329  0.26%  36.1   45s
 122332 34146     cutoff   70      -18070.000 -18116.467  0.26%  35.2   50s
H130299 22073                    -18090.00000 -18116.083  0.14%  34.6   52s
 138859 23319     cutoff   66      -18090.000 -18115.501  0.14%  33.9   55s
 156874 24523 -18092.488   68   17 -18090.000 -18113.687  0.13%  33.1   60s
 173523 25595     cutoff   69      -18090.000 -18111.896  0.12%  32.8   65s
 191241 28546 -18110.757   81   33 -18090.000 -18110.758  0.11%  32.0   70s
 207044 30006 -18105.035   85   28 -18090.000 -18109.477  0.11%  31.8   75s
 226562 33235 -18104.870   98   11 -18090.000 -18108.000  0.10%  31.1   80s
 241287 39214 -18096.988   94   39 -18090.000 -18108.000  0.10%  30.5   85s
 259406 41266     cutoff   83      -18090.000 -18108.000  0.10%  30.2   90s
 269094 41021 -18108.000   72   67 -18090.000 -18108.000  0.10%  30.8   95s
 278413 39787 -18091.914   83   57 -18090.000 -18108.000  0.10%  31.4  100s
 287565 38092     cutoff   78      -18090.000 -18108.000  0.10%  31.9  105s
 296957 36160 -18100.499   65   65 -18090.000 -18108.000  0.10%  32.5  110s
 315928 34616     cutoff  107      -18090.000 -18108.000  0.10%  32.0  115s
 326912 33991 -18108.000  107   17 -18090.000 -18108.000  0.10%  32.2  120s
 342353 31786 -18105.417   77   29 -18090.000 -18108.000  0.10%  32.2  125s
 355488 30311 -18108.000   69   86 -18090.000 -18108.000  0.10%  32.3  130s
 367188 32887 -18093.823   76   24 -18090.000 -18108.000  0.10%  32.5  135s
 380978 35560 -18108.000  104   26 -18090.000 -18108.000  0.10%  32.5  140s
 392302 37768     cutoff   79      -18090.000 -18108.000  0.10%  32.6  145s
 405522 41293     cutoff   84      -18090.000 -18108.000  0.10%  32.7  150s
 418419 43630 -18107.437   76   53 -18090.000 -18108.000  0.10%  32.8  155s
 435906 47571     cutoff   83      -18090.000 -18108.000  0.10%  32.5  160s
 451535 49978 -18103.671   77   37 -18090.000 -18108.000  0.10%  32.4  165s
 465031 51633 -18098.525   84   47 -18090.000 -18108.000  0.10%  32.4  170s
 475104 53335     cutoff  110      -18090.000 -18108.000  0.10%  32.5  175s
 491475 55520     cutoff  105      -18090.000 -18108.000  0.10%  32.3  180s
 504377 56905     cutoff   85      -18090.000 -18108.000  0.10%  32.3  185s
 517777 58422     cutoff   91      -18090.000 -18108.000  0.10%  32.3  190s
 531024 59779 -18099.916   94   28 -18090.000 -18108.000  0.10%  32.3  195s
 544435 61500 -18095.845   85   50 -18090.000 -18108.000  0.10%  32.3  200s
 556720 63061 -18098.440   92   31 -18090.000 -18108.000  0.10%  32.3  205s
 569618 64447 -18103.324   79   57 -18090.000 -18108.000  0.10%  32.3  210s
 586138 65754 -18108.000   82   70 -18090.000 -18108.000  0.10%  32.2  215s
 601224 67145 -18097.548   77   41 -18090.000 -18108.000  0.10%  32.2  220s
 614369 68241 -18106.406   77   53 -18090.000 -18108.000  0.10%  32.2  225s
 629313 69090     cutoff  100      -18090.000 -18108.000  0.10%  32.1  230s
 643957 70120 -18103.575   80   50 -18090.000 -18108.000  0.10%  32.1  235s
 657436 70409 -18095.861   68   47 -18090.000 -18108.000  0.10%  32.1  240s
 669543 71032 -18106.563   71   43 -18090.000 -18108.000  0.10%  32.1  245s
 683347 71406 -18101.193   86   40 -18090.000 -18108.000  0.10%  32.1  250s
 699222 71656 -18106.054   91   35 -18090.000 -18108.000  0.10%  32.0  255s
 712281 72388 -18108.000   81   41 -18090.000 -18108.000  0.10%  32.0  260s
 727303 72692 -18095.870   86   43 -18090.000 -18108.000  0.10%  32.0  265s
 743196 72895     cutoff   85      -18090.000 -18108.000  0.10%  31.9  270s
 757209 72793     cutoff   87      -18090.000 -18108.000  0.10%  31.8  275s
 771307 72824 -18091.162   87   37 -18090.000 -18108.000  0.10%  31.8  280s
 786904 72746 -18104.699   73   46 -18090.000 -18108.000  0.10%  31.7  285s
 800925 72810 infeasible   84      -18090.000 -18108.000  0.10%  31.7  290s
*809718   387             116    -18108.00005 -18108.000  0.00%  31.6  292s

Cutting planes:
  Gomory: 9
  Cover: 218
  Clique: 46
  MIR: 555
  StrongCG: 483
  Flow cover: 101
  Zero half: 1
  RLT: 5

Explored 810320 nodes (25598328 simplex iterations) in 292.74 seconds (638.60 work units)
Thread count was 4 (of 56 available processors)

Solution count 10: -18108 -18090 -18070 ... 0

Optimal solution found (tolerance 1.00e-04)
Best objective -1.810800000000e+04, best bound -1.810800000000e+04, gap 0.0000%
