
Gurobi 9.5.0 (linux64) logging started Tue Apr 12 00:30:21 2022

Set parameter LogFile to value "/local_workspace/chenrui/LogFiles/MKAP/probT1_10e3_2S_R50_T002_M020_N0040_seed04_DWcutsT4_600.log"
Gurobi Optimizer version 9.5.0 build v9.5.0rc5 (linux64)
Thread count: 56 physical cores, 56 logical processors, using up to 4 threads
Optimize a model with 569 rows, 840 columns and 10276 nonzeros
Model fingerprint: 0xcf8d2038
Variable types: 0 continuous, 840 integer (840 binary)
Coefficient statistics:
  Matrix range     [1e-13, 5e+03]
  Objective range  [3e+02, 1e+03]
  Bounds range     [1e+00, 1e+00]
  RHS range        [5e-12, 2e+03]
Warning: Model contains large matrix coefficient range
         Consider reformulating model or setting NumericFocus parameter
         to avoid numerical issues.
Found heuristic solution: objective 0.0000000
Presolve removed 241 rows and 417 columns
Presolve time: 0.03s
Presolved: 328 rows, 423 columns, 4311 nonzeros
Found heuristic solution: objective -11687.00000
Variable types: 0 continuous, 423 integer (423 binary)
Found heuristic solution: objective -12346.00000

Root relaxation: objective -1.497312e+04, 449 iterations, 0.01 seconds (0.01 work units)

    Nodes    |    Current Node    |     Objective Bounds      |     Work
 Expl Unexpl |  Obj  Depth IntInf | Incumbent    BestBd   Gap | It/Node Time

     0     0 -14973.118    0   20 -12346.000 -14973.118  21.3%     -    0s
H    0     0                    -14924.00000 -14973.118  0.33%     -    0s
H    0     0                    -14973.00000 -14973.118  0.00%     -    0s

Cutting planes:
  Cover: 4
  MIR: 1
  RLT: 1

Explored 1 nodes (491 simplex iterations) in 0.05 seconds (0.04 work units)
Thread count was 4 (of 56 available processors)

Solution count 5: -14973 -14924 -12346 ... 0
No other solutions better than -14973

Optimal solution found (tolerance 1.00e-04)
Best objective -1.497300000000e+04, best bound -1.497300000000e+04, gap 0.0000%
