
Gurobi 9.5.0 (linux64) logging started Sun Apr 10 18:00:12 2022

Set parameter LogFile to value "/local_workspace/chenrui/LogFiles/MKAP/probT1_10e3_2S_R50_T002_M010_N0040_seed05_DWcutsT5_600.log"
Gurobi Optimizer version 9.5.0 build v9.5.0rc5 (linux64)
Thread count: 56 physical cores, 56 logical processors, using up to 4 threads
Optimize a model with 649 rows, 420 columns and 12285 nonzeros
Model fingerprint: 0x39d50df1
Variable types: 0 continuous, 420 integer (420 binary)
Coefficient statistics:
  Matrix range     [1e-13, 2e+03]
  Objective range  [2e+02, 1e+03]
  Bounds range     [1e+00, 1e+00]
  RHS range        [4e-12, 6e+01]
Warning: Model contains large matrix coefficient range
         Consider reformulating model or setting NumericFocus parameter
         to avoid numerical issues.
Found heuristic solution: objective 0.0000000
Presolve removed 158 rows and 103 columns
Presolve time: 0.05s
Presolved: 491 rows, 317 columns, 8478 nonzeros
Variable types: 0 continuous, 317 integer (317 binary)
Found heuristic solution: objective -14222.00000

Root relaxation: objective -1.529169e+04, 1088 iterations, 0.03 seconds (0.04 work units)

    Nodes    |    Current Node    |     Objective Bounds      |     Work
 Expl Unexpl |  Obj  Depth IntInf | Incumbent    BestBd   Gap | It/Node Time

     0     0 -15291.689    0   69 -14222.000 -15291.689  7.52%     -    0s
H    0     0                    -14707.00000 -15291.689  3.98%     -    0s
H    0     0                    -14770.00000 -15291.689  3.53%     -    0s
H    0     0                    -14935.00000 -15291.689  2.39%     -    0s
     0     0 -15288.925    0   72 -14935.000 -15288.925  2.37%     -    0s
     0     0 -15288.925    0   73 -14935.000 -15288.925  2.37%     -    0s
     0     0 -15288.925    0   65 -14935.000 -15288.925  2.37%     -    0s
     0     0 -15288.925    0   65 -14935.000 -15288.925  2.37%     -    0s
     0     0 -15288.925    0   67 -14935.000 -15288.925  2.37%     -    0s
     0     0 -15288.925    0   82 -14935.000 -15288.925  2.37%     -    0s
     0     0 -15288.925    0   82 -14935.000 -15288.925  2.37%     -    0s
H    0     0                    -15017.00000 -15288.925  1.81%     -    0s
     0     2 -15288.925    0   82 -15017.000 -15288.925  1.81%     -    0s
H 1040   651                    -15084.00000 -15287.000  1.35%  25.5    1s
H 1078   648                    -15090.00000 -15287.000  1.31%  29.5    1s
 11873  7368 -15268.523   36   41 -15090.000 -15285.515  1.30%  23.0    5s
 24662 14583 -15245.119   26   44 -15090.000 -15283.256  1.28%  21.4   10s
 50905 28976 -15243.224   41   39 -15090.000 -15280.709  1.26%  20.9   15s
 78553 43916     cutoff   45      -15090.000 -15279.023  1.25%  20.7   20s
 111119 60189 -15213.151   32   41 -15090.000 -15277.572  1.24%  20.5   25s
 145454 76862 -15260.930   35   52 -15090.000 -15276.431  1.24%  20.3   30s
 178853 92493     cutoff   41      -15090.000 -15275.376  1.23%  20.2   35s
 207901 105959 -15166.210   39   36 -15090.000 -15274.622  1.22%  20.0   40s
 239327 120131     cutoff   39      -15090.000 -15273.931  1.22%  19.9   45s
 270119 133785 -15101.329   28   37 -15090.000 -15273.277  1.21%  19.8   50s
 304062 148191 -15141.661   36   20 -15090.000 -15272.621  1.21%  19.7   55s
 333991 160793 -15200.715   42   18 -15090.000 -15272.132  1.21%  19.7   60s
 366468 174262 -15263.730   43   46 -15090.000 -15271.598  1.20%  19.6   65s
 400572 187911     cutoff   34      -15090.000 -15271.058  1.20%  19.6   70s
 429988 200107 -15198.895   35   44 -15090.000 -15270.623  1.20%  19.5   75s
 463904 213725 -15091.803   31   43 -15090.000 -15270.129  1.19%  19.5   80s
 496818 226650 -15184.951   46   27 -15090.000 -15269.658  1.19%  19.4   85s
 528007 238623 -15182.658   36   30 -15090.000 -15269.263  1.19%  19.4   90s
 564242 252394 -15264.997   26   42 -15090.000 -15268.803  1.18%  19.4   95s
 601853 266799     cutoff   35      -15090.000 -15268.322  1.18%  19.3  100s
 637309 279958 -15249.987   35   44 -15090.000 -15267.906  1.18%  19.3  105s
 675493 293975 -15259.539   32   43 -15090.000 -15267.474  1.18%  19.3  110s
 713608 307832     cutoff   40      -15090.000 -15267.062  1.17%  19.2  115s
 751723 321911 -15193.055   39   55 -15090.000 -15266.650  1.17%  19.2  120s
 790335 335401 -15095.538   38   29 -15090.000 -15266.253  1.17%  19.2  125s
 828202 349107 -15163.783   30   26 -15090.000 -15265.847  1.17%  19.1  130s
 866664 362792 -15260.986   32   48 -15090.000 -15265.473  1.16%  19.1  135s
 902519 374877 -15091.224   49   24 -15090.000 -15265.133  1.16%  19.1  140s
 939763 388173 -15113.150   40   66 -15090.000 -15264.779  1.16%  19.1  145s
 976502 400938 -15259.852   35   50 -15090.000 -15264.446  1.16%  19.0  150s
 1014809 414241     cutoff   54      -15090.000 -15264.108  1.15%  19.0  155s
 1051760 426731 -15262.518   31   57 -15090.000 -15263.766  1.15%  19.0  160s
 1077501 435557 -15150.792   48   27 -15090.000 -15263.539  1.15%  19.0  165s
 1102178 443613 -15199.094   46   39 -15090.000 -15263.329  1.15%  19.0  170s
 1127680 452277 -15123.276   42   48 -15090.000 -15263.120  1.15%  18.9  175s
 1152683 460779 -15174.184   41   52 -15090.000 -15262.914  1.15%  18.9  180s
 1177808 468945 -15210.807   35   46 -15090.000 -15262.708  1.14%  18.9  185s
 1202734 477057 -15241.681   36   50 -15090.000 -15262.512  1.14%  18.9  190s
 1226611 484931 -15213.636   44   53 -15090.000 -15262.335  1.14%  18.9  195s
 1251600 492941 -15191.000   44   42 -15090.000 -15262.132  1.14%  18.9  200s
 1276362 501024     cutoff   44      -15090.000 -15261.933  1.14%  18.9  205s
 1300401 508947 -15220.656   47   37 -15090.000 -15261.750  1.14%  18.8  210s
 1325334 516918 -15106.884   44   23 -15090.000 -15261.544  1.14%  18.8  215s
 1350732 525265 -15246.454   42   45 -15090.000 -15261.342  1.14%  18.8  220s
 1374176 532643 -15155.378   44   36 -15090.000 -15261.156  1.13%  18.8  225s
 1400118 540926 -15226.880   37   46 -15090.000 -15260.967  1.13%  18.8  230s
 1425005 549040 -15234.767   34   44 -15090.000 -15260.779  1.13%  18.8  235s
 1449534 556777 -15199.242   40   39 -15090.000 -15260.600  1.13%  18.8  240s
 1473247 563937 -15218.669   35   41 -15090.000 -15260.427  1.13%  18.8  245s
 1497498 571583     cutoff   37      -15090.000 -15260.247  1.13%  18.8  250s
 1523050 579270 -15253.532   31   55 -15090.000 -15260.059  1.13%  18.7  255s
 1548594 587146 -15245.822   33   45 -15090.000 -15259.880  1.13%  18.7  260s
 1573671 595055 -15181.057   39   43 -15090.000 -15259.699  1.12%  18.7  265s
 1597734 602527     cutoff   42      -15090.000 -15259.548  1.12%  18.7  270s
 1622758 610379 -15158.365   34   42 -15090.000 -15259.372  1.12%  18.7  275s
 1647138 617818     cutoff   38      -15090.000 -15259.199  1.12%  18.7  280s
 1672552 625669 -15225.029   44   20 -15090.000 -15259.025  1.12%  18.7  285s
 1698514 633455     cutoff   47      -15090.000 -15258.847  1.12%  18.7  290s
 1723955 641145 -15171.148   34   36 -15090.000 -15258.676  1.12%  18.6  295s
 1749749 648699     cutoff   28      -15090.000 -15258.496  1.12%  18.6  300s
 1774328 656188 -15160.105   36   32 -15090.000 -15258.337  1.12%  18.6  305s
 1800663 664308 -15097.340   45   32 -15090.000 -15258.166  1.11%  18.6  310s
 1826137 672083 -15234.628   37   36 -15090.000 -15257.996  1.11%  18.6  315s
 1851753 679675     cutoff   39      -15090.000 -15257.826  1.11%  18.6  320s
 1875450 686407 -15109.153   52   21 -15090.000 -15257.680  1.11%  18.6  325s
 1901854 694263 -15222.689   34   19 -15090.000 -15257.511  1.11%  18.6  330s
 1927023 701649 -15095.804   43   20 -15090.000 -15257.348  1.11%  18.5  335s
 1953338 709276 -15245.018   38   37 -15090.000 -15257.176  1.11%  18.5  340s
 1979145 716818 -15113.133   46   17 -15090.000 -15257.014  1.11%  18.5  345s
 2005073 724648 -15246.496   33   34 -15090.000 -15256.860  1.11%  18.5  350s
 2030601 732065     cutoff   39      -15090.000 -15256.701  1.10%  18.5  355s
 2055790 739497 -15242.105   34   21 -15090.000 -15256.548  1.10%  18.5  360s
 2081609 746500 -15237.167   38   38 -15090.000 -15256.384  1.10%  18.5  365s
 2107276 754200 -15130.381   35   28 -15090.000 -15256.233  1.10%  18.5  370s
 2133858 761999     cutoff   39      -15090.000 -15256.083  1.10%  18.5  375s
 2160122 769523 -15236.513   31   43 -15090.000 -15255.924  1.10%  18.5  380s
 2183766 776076 -15134.376   38   34 -15090.000 -15255.787  1.10%  18.4  385s
 2207228 782765     cutoff   43      -15090.000 -15255.642  1.10%  18.4  390s
 2232942 790152 -15235.069   30   26 -15090.000 -15255.485  1.10%  18.4  395s
 2258930 797541 -15203.170   25   16 -15090.000 -15255.336  1.10%  18.4  400s
 2284362 805119 -15224.752   35   35 -15090.000 -15255.199  1.09%  18.4  405s
 2309459 812170 -15189.746   38   35 -15090.000 -15255.045  1.09%  18.4  410s
 2335767 819398     cutoff   38      -15090.000 -15254.896  1.09%  18.4  415s
 2362287 826754     cutoff   41      -15090.000 -15254.754  1.09%  18.4  420s
 2388879 834289 -15240.970   35   44 -15090.000 -15254.602  1.09%  18.4  425s
 2413913 841148     cutoff   41      -15090.000 -15254.457  1.09%  18.4  430s
 2440508 848714     cutoff   51      -15090.000 -15254.307  1.09%  18.3  435s
 2464116 855297 -15105.867   28   39 -15090.000 -15254.170  1.09%  18.3  440s
 2491990 863103     cutoff   37      -15090.000 -15254.014  1.09%  18.3  445s
 2517166 870019 -15103.857   40   31 -15090.000 -15253.877  1.09%  18.3  450s
 2543254 877449 -15231.780   36   56 -15090.000 -15253.738  1.09%  18.3  455s
 2568904 884416 -15230.550   35   35 -15090.000 -15253.599  1.08%  18.3  460s
 2594384 891525     cutoff   40      -15090.000 -15253.460  1.08%  18.3  465s
 2621299 898851 -15212.688   37   32 -15090.000 -15253.304  1.08%  18.3  470s
 2648192 906416 -15225.051   39   44 -15090.000 -15253.160  1.08%  18.3  475s
 2674155 913128 -15122.956   44   46 -15090.000 -15253.015  1.08%  18.2  480s
 2699750 920029     cutoff   39      -15090.000 -15252.881  1.08%  18.2  485s
 2725607 927303     cutoff   42      -15090.000 -15252.740  1.08%  18.2  490s
 2752485 934752 -15225.640   38   17 -15090.000 -15252.593  1.08%  18.2  495s
 2778986 941760     cutoff   47      -15090.000 -15252.449  1.08%  18.2  500s
 2806199 949539 -15137.772   40   35 -15090.000 -15252.307  1.08%  18.2  505s
 2832153 956341 -15168.113   44    5 -15090.000 -15252.174  1.07%  18.2  510s
 2858807 963901 -15162.146   37   36 -15090.000 -15252.040  1.07%  18.2  515s
 2882108 969924 -15185.576   39   30 -15090.000 -15251.915  1.07%  18.2  520s
 2909242 977411 -15224.915   36   52 -15090.000 -15251.769  1.07%  18.1  525s
 2935140 984163     cutoff   45      -15090.000 -15251.637  1.07%  18.1  530s
 2961381 991245 -15191.959   49   42 -15090.000 -15251.500  1.07%  18.1  535s
 2988019 998479     cutoff   36      -15090.000 -15251.356  1.07%  18.1  540s
 3015272 1005627 -15131.234   33   19 -15090.000 -15251.213  1.07%  18.1  545s
 3040126 1012184 -15171.133   40   32 -15090.000 -15251.084  1.07%  18.1  550s
 3065243 1018764 -15221.561   46   24 -15090.000 -15250.949  1.07%  18.1  555s
 3091729 1025939     cutoff   39      -15090.000 -15250.817  1.07%  18.1  560s
 3118230 1032740 -15146.716   37   19 -15090.000 -15250.678  1.06%  18.1  565s
 3144773 1039978 -15169.021   42   24 -15090.000 -15250.545  1.06%  18.1  570s
 3171568 1046644 -15233.745   41   39 -15090.000 -15250.407  1.06%  18.1  575s
 3198500 1053764 -15165.800   34   26 -15090.000 -15250.270  1.06%  18.0  580s
 3224822 1060353     cutoff   40      -15090.000 -15250.146  1.06%  18.0  585s
 3251517 1067562 -15233.910   32   41 -15090.000 -15250.020  1.06%  18.0  590s
 3278010 1074628 -15216.872   41   30 -15090.000 -15249.896  1.06%  18.0  595s
 3305028 1081803 -15112.133   44   38 -15090.000 -15249.767  1.06%  18.0  600s

Cutting planes:
  Cover: 7
  MIR: 41
  StrongCG: 25
  Flow cover: 1

Explored 3305453 nodes (59528878 simplex iterations) in 600.00 seconds (999.33 work units)
Thread count was 4 (of 56 available processors)

Solution count 8: -15090 -15084 -15017 ... 0

Time limit reached
Best objective -1.509000000000e+04, best bound -1.524900000000e+04, gap 1.0537%
