
Gurobi 9.5.0 (linux64) logging started Mon Apr 11 12:02:48 2022

Set parameter LogFile to value "/local_workspace/chenrui/LogFiles/MKAP/probT1_10e3_1W_R50_T002_M010_N0060_seed07_DWcutsT1_600.log"
Gurobi Optimizer version 9.5.0 build v9.5.0rc5 (linux64)
Thread count: 56 physical cores, 56 logical processors, using up to 4 threads
Optimize a model with 129 rows, 620 columns and 2448 nonzeros
Model fingerprint: 0xbdd7ed1d
Variable types: 0 continuous, 620 integer (620 binary)
Coefficient statistics:
  Matrix range     [5e-01, 3e+03]
  Objective range  [1e+02, 9e+02]
  Bounds range     [1e+00, 1e+00]
  RHS range        [3e-13, 7e+01]
Found heuristic solution: objective 0.0000000
Presolve removed 10 rows and 55 columns
Presolve time: 0.01s
Presolved: 119 rows, 565 columns, 2248 nonzeros
Variable types: 0 continuous, 565 integer (565 binary)
Found heuristic solution: objective -13664.00000

Root relaxation: objective -1.862761e+04, 540 iterations, 0.01 seconds (0.01 work units)

    Nodes    |    Current Node    |     Objective Bounds      |     Work
 Expl Unexpl |  Obj  Depth IntInf | Incumbent    BestBd   Gap | It/Node Time

     0     0 -18627.608    0   27 -13664.000 -18627.608  36.3%     -    0s
H    0     0                    -17966.00000 -18627.608  3.68%     -    0s
H    0     0                    -18023.00000 -18627.608  3.35%     -    0s
H    0     0                    -18114.00000 -18627.608  2.84%     -    0s
     0     0 -18627.608    0   55 -18114.000 -18627.608  2.84%     -    0s
H    0     0                    -18179.00000 -18627.608  2.47%     -    0s
     0     0 -18627.608    0   49 -18179.000 -18627.608  2.47%     -    0s
     0     0 -18627.608    0   38 -18179.000 -18627.608  2.47%     -    0s
     0     0 -18627.608    0   42 -18179.000 -18627.608  2.47%     -    0s
     0     0 -18627.608    0   40 -18179.000 -18627.608  2.47%     -    0s
     0     0 -18627.608    0   35 -18179.000 -18627.608  2.47%     -    0s
     0     2 -18627.608    0   35 -18179.000 -18627.608  2.47%     -    0s
H   31    73                    -18262.00000 -18627.608  2.00%  48.4    0s
H  199   369                    -18350.00000 -18627.608  1.51%  15.1    0s
H 1266   979                    -18361.00058 -18627.608  1.45%  16.0    0s
H 6428  4241                    -18367.00000 -18627.608  1.42%   9.9    1s
H21154 14474                    -18384.00000 -18627.233  1.32%   9.5    4s
H21158 13752                    -18430.00000 -18627.233  1.07%   9.5    4s
 21166 13757 -18590.299   48   76 -18430.000 -18627.208  1.07%   9.5    5s
 21258 13819 -18471.877  105  148 -18430.000 -18605.900  0.95%   9.4   10s
 21359 13890 -18592.720   64  136 -18430.000 -18605.850  0.95%  10.2   15s
 25006 15628 -18492.755  110   30 -18430.000 -18601.977  0.93%  13.2   20s
H30789 13985                    -18543.00000 -18601.858  0.32%  15.8   21s
 31700 13799 -18580.301  103  172 -18543.000 -18601.834  0.32%  16.3   25s
 32172 14125 -18599.742  110   96 -18543.000 -18599.997  0.31%  17.9   30s
 45698 18170 -18595.635  124   53 -18543.000 -18599.200  0.30%  23.9   35s
 59838 21957 -18591.112  132   48 -18543.000 -18598.797  0.30%  28.0   40s
 74414 26547 -18592.077  130   74 -18543.000 -18598.663  0.30%  31.0   45s
 88846 34911 -18594.525  127   50 -18543.000 -18598.578  0.30%  33.1   50s
 102036 42216 -18578.178  144   60 -18543.000 -18598.525  0.30%  34.5   55s
 115378 49657 -18595.664  136   73 -18543.000 -18598.478  0.30%  35.7   60s
 127948 56251 -18587.865  120   65 -18543.000 -18598.445  0.30%  36.4   65s
 140851 62737 -18592.666  136   70 -18543.000 -18598.417  0.30%  37.1   70s
 154195 69515 -18583.594  135   42 -18543.000 -18598.389  0.30%  37.6   75s
 167803 76131 -18586.659  136   65 -18543.000 -18598.366  0.30%  38.1   80s
 180905 82377 -18582.517  132   62 -18543.000 -18598.346  0.30%  38.6   85s
 193506 87915     cutoff  133      -18543.000 -18598.329  0.30%  39.0   90s
 205462 93455     cutoff  149      -18543.000 -18598.313  0.30%  39.4   95s
 219273 99696 -18591.256  131   54 -18543.000 -18598.295  0.30%  39.7  100s
 232016 105034 infeasible  144      -18543.000 -18598.278  0.30%  40.1  105s
 244573 110132 -18555.467  142   64 -18543.000 -18598.264  0.30%  40.4  110s
 258235 115851 -18596.637  139   67 -18543.000 -18598.247  0.30%  40.7  115s
 269503 120541 -18598.043  136   75 -18543.000 -18598.233  0.30%  41.0  120s
 280541 124881 -18598.171  126   77 -18543.000 -18598.219  0.30%  41.2  125s
 292546 129599 -18585.999  146   40 -18543.000 -18598.205  0.30%  41.5  130s
 304287 134052 -18574.672  135   69 -18543.000 -18598.190  0.30%  41.7  135s
 315906 138756     cutoff  132      -18543.000 -18598.176  0.30%  42.0  140s
 329215 143936 -18564.606  143   55 -18543.000 -18598.159  0.30%  42.2  145s
 341313 148891 -18597.757  135   56 -18543.000 -18598.144  0.30%  42.4  150s
 353532 153726 -18570.318  133   70 -18543.000 -18598.129  0.30%  42.5  155s
 365183 158504 -18571.187  136   38 -18543.000 -18598.113  0.30%  42.7  160s
 375561 162582 -18596.306  124   78 -18543.000 -18598.101  0.30%  42.8  165s
 387827 167652 -18596.756  133   62 -18543.000 -18598.085  0.30%  43.0  170s
 398950 171967 -18559.971  140   43 -18543.000 -18598.072  0.30%  43.1  175s
 409817 176187 -18597.598  134   59 -18543.000 -18598.059  0.30%  43.3  180s
 420512 180572 -18587.024  135   43 -18543.000 -18598.047  0.30%  43.4  185s
 432256 185030 -18556.245  123   54 -18543.000 -18598.034  0.30%  43.6  190s
 442959 190503 -18597.423  119   65 -18543.000 -18598.022  0.30%  43.6  195s
 454878 193817 -18549.596  132   41 -18543.000 -18598.010  0.30%  43.8  200s
 466911 198414     cutoff  137      -18543.000 -18597.997  0.30%  43.9  205s
 477321 202282 -18556.222  130   27 -18543.000 -18597.986  0.30%  44.0  210s
 485197 206487 -18553.653  128   35 -18543.000 -18597.979  0.30%  44.1  215s
 499455 210490 -18556.857  137   34 -18543.000 -18597.966  0.30%  44.2  220s
 510576 214426 -18581.639  132   29 -18543.000 -18597.956  0.30%  44.3  225s
 520296 218005 -18586.811  134   40 -18543.000 -18597.946  0.30%  44.4  230s
 531690 222276 -18594.430  136   69 -18543.000 -18597.935  0.30%  44.5  235s
 543851 226417 -18560.763  132   44 -18543.000 -18597.923  0.30%  44.6  240s
 553131 229965 -18582.248  139   30 -18543.000 -18597.915  0.30%  44.7  245s
 564645 234079 -18593.470  136   66 -18543.000 -18597.905  0.30%  44.8  250s
 574952 237715 -18570.209  132   35 -18543.000 -18597.895  0.30%  44.9  255s
 585733 241417 -18550.542  137   35 -18543.000 -18597.885  0.30%  45.0  260s
 595993 245131 -18597.279  137   66 -18543.000 -18597.876  0.30%  45.1  265s
 607990 249656 -18597.570  122   80 -18543.000 -18597.866  0.30%  45.1  270s
 618480 253493 -18597.833  129   77 -18543.000 -18597.857  0.30%  45.2  275s
 628573 257178 -18582.248  127   62 -18543.000 -18597.849  0.30%  45.3  280s
 639697 261202 -18549.752  131   48 -18543.000 -18597.839  0.30%  45.4  285s
 650965 265225 -18592.718  131   61 -18543.000 -18597.829  0.30%  45.4  290s
 661398 269174 -18594.306  123   63 -18543.000 -18597.820  0.30%  45.5  295s
 673153 273513 -18585.764  137   30 -18543.000 -18597.810  0.30%  45.5  300s
 684291 278006 -18559.739  133   31 -18543.000 -18597.801  0.30%  45.6  305s
 695637 282575 -18589.768  138   64 -18543.000 -18597.791  0.30%  45.6  310s
 706787 287105 -18590.391  129   73 -18543.000 -18597.782  0.30%  45.7  315s
 717271 291350     cutoff  144      -18543.000 -18597.773  0.30%  45.7  320s
 729046 296074 -18586.703  121   60 -18543.000 -18597.765  0.30%  45.8  325s
 740199 300290     cutoff  142      -18543.000 -18597.755  0.30%  45.8  330s
 750796 304516 -18575.249  142   48 -18543.000 -18597.747  0.30%  45.8  335s
 762781 309478     cutoff  146      -18543.000 -18597.738  0.30%  45.9  340s
 772802 313505 -18582.084  130   57 -18543.000 -18597.730  0.30%  45.9  345s
 784672 318405 -18581.517  151   67 -18543.000 -18597.720  0.30%  45.9  350s
 796005 323020 -18593.910  129   65 -18543.000 -18597.711  0.30%  46.0  355s
 806609 327427 -18576.414  138   48 -18543.000 -18597.703  0.30%  46.0  360s
 817026 331639 -18555.263  144   30 -18543.000 -18597.695  0.29%  46.1  365s
 828550 336738 -18585.646  138   34 -18543.000 -18597.686  0.29%  46.1  370s
 839175 341074     cutoff  141      -18543.000 -18597.678  0.29%  46.1  375s
 850435 345761 -18553.162  128   36 -18543.000 -18597.669  0.29%  46.1  380s
 860569 350098     cutoff  142      -18543.000 -18597.661  0.29%  46.1  385s
 871475 354815 -18592.111  126   55 -18543.000 -18597.654  0.29%  46.2  390s
 882873 359601     cutoff  136      -18543.000 -18597.645  0.29%  46.2  395s
 894210 364590 -18574.655  132   49 -18543.000 -18597.637  0.29%  46.2  400s
 904738 369149 -18560.640  133   47 -18543.000 -18597.630  0.29%  46.3  405s
 915413 373574 -18597.599  128   75 -18543.000 -18597.621  0.29%  46.3  410s
 927589 379015 -18596.775  124   77 -18543.000 -18597.612  0.29%  46.3  415s
 938844 382817 -18570.995  136   71 -18543.000 -18597.608  0.29%  46.3  420s
 949808 387391 -18596.592  126   74 -18543.000 -18597.600  0.29%  46.3  425s
 961668 392454 -18593.388  125   42 -18543.000 -18597.591  0.29%  46.3  430s
 972036 397039     cutoff  138      -18543.000 -18597.583  0.29%  46.3  435s
 987657 399342 -18581.603  137   47 -18543.000 -18597.583  0.29%  46.3  440s
 999082 402112 -18547.286  158   12 -18543.000 -18597.583  0.29%  46.2  445s
 1010147 405790     cutoff  148      -18543.000 -18597.581  0.29%  46.2  450s
 1021203 410117 -18597.509  132   62 -18543.000 -18597.574  0.29%  46.2  455s
 1033616 415374 -18593.931  128   73 -18543.000 -18597.565  0.29%  46.2  460s
 1043962 419821 -18595.060  129   71 -18543.000 -18597.558  0.29%  46.2  465s
 1056327 424911 -18597.322  126   78 -18543.000 -18597.549  0.29%  46.2  470s
 1068892 430030 -18589.662  133   49 -18543.000 -18597.540  0.29%  46.2  475s
 1079751 434485 -18562.426  140   33 -18543.000 -18597.533  0.29%  46.2  480s
 1092086 439326 -18595.906  138   63 -18543.000 -18597.524  0.29%  46.2  485s
 1103756 443998 -18576.373  124   48 -18543.000 -18597.515  0.29%  46.2  490s
 1115522 448945 -18591.634  142   53 -18543.000 -18597.506  0.29%  46.2  495s
 1127313 453956 -18561.618  131   88 -18543.000 -18597.498  0.29%  46.2  500s
 1137931 458645 -18566.177  131   46 -18543.000 -18597.490  0.29%  46.2  505s
 1150960 463667 -18562.804  132   38 -18543.000 -18597.481  0.29%  46.1  510s
 1161817 468317 -18555.726  143   52 -18543.000 -18597.473  0.29%  46.1  515s
 1174476 473361 -18560.349  133   48 -18543.000 -18597.464  0.29%  46.1  520s
 1186275 478297     cutoff  133      -18543.000 -18597.455  0.29%  46.1  525s
 1198876 483515     cutoff  132      -18543.000 -18597.446  0.29%  46.1  530s
 1210397 488303 -18586.250  130   71 -18543.000 -18597.438  0.29%  46.1  535s
 1223221 493825 -18595.463  128   64 -18543.000 -18597.430  0.29%  46.1  540s
 1235491 498700 -18583.447  120   46 -18543.000 -18597.420  0.29%  46.0  545s
 1246391 502942 infeasible  131      -18543.000 -18597.412  0.29%  46.0  550s
 1257927 507971     cutoff  139      -18543.000 -18597.404  0.29%  46.0  555s
 1270962 513242 -18557.911  126   69 -18543.000 -18597.394  0.29%  46.0  560s
 1282092 517719 -18593.273  127   54 -18543.000 -18597.386  0.29%  46.0  565s
 1294683 522781 -18594.460  139   67 -18543.000 -18597.377  0.29%  46.0  570s
 1307015 527857 -18589.284  134   44 -18543.000 -18597.367  0.29%  46.0  575s
 1319425 532857 -18596.728  130   76 -18543.000 -18597.358  0.29%  45.9  580s
 1332628 538337 -18555.690  132   46 -18543.000 -18597.348  0.29%  45.9  585s
 1344929 543170 -18584.791  126   57 -18543.000 -18597.338  0.29%  45.9  590s
 1355989 547846     cutoff  124      -18543.000 -18597.330  0.29%  45.9  595s
 1368445 552590     cutoff  142      -18543.000 -18597.320  0.29%  45.9  600s

Cutting planes:
  Gomory: 9
  Cover: 70
  Implied bound: 1
  Clique: 24
  MIR: 289
  StrongCG: 154
  Flow cover: 88
  RLT: 14

Explored 1368593 nodes (62777249 simplex iterations) in 600.00 seconds (1284.58 work units)
Thread count was 4 (of 56 available processors)

Solution count 10: -18543 -18430 -18384 ... -18023

Time limit reached
Best objective -1.854300000000e+04, best bound -1.859700000000e+04, gap 0.2912%
