
Gurobi 9.5.0 (linux64) logging started Mon Apr 11 13:22:13 2022

Set parameter LogFile to value "/local_workspace/chenrui/LogFiles/MKAP/probT1_10e3_0U_R50_T005_M010_N0060_seed03_original_600.log"
Gurobi Optimizer version 9.5.0 build v9.5.0rc5 (linux64)
Thread count: 56 physical cores, 56 logical processors, using up to 4 threads
Optimize a model with 120 rows, 650 columns and 1300 nonzeros
Model fingerprint: 0x6d42ee03
Variable types: 0 continuous, 650 integer (650 binary)
Coefficient statistics:
  Matrix range     [1e+00, 2e+03]
  Objective range  [2e+01, 1e+03]
  Bounds range     [1e+00, 1e+00]
  RHS range        [1e+00, 1e+00]
Found heuristic solution: objective 0.0000000
Presolve removed 16 rows and 146 columns
Presolve time: 0.00s
Presolved: 104 rows, 504 columns, 1008 nonzeros
Variable types: 0 continuous, 504 integer (504 binary)
Found heuristic solution: objective -11494.00000

Root relaxation: objective -2.376331e+04, 326 iterations, 0.00 seconds (0.00 work units)

    Nodes    |    Current Node    |     Objective Bounds      |     Work
 Expl Unexpl |  Obj  Depth IntInf | Incumbent    BestBd   Gap | It/Node Time

     0     0 -23763.313    0   22 -11494.000 -23763.313   107%     -    0s
H    0     0                    -21191.00000 -23763.313  12.1%     -    0s
H    0     0                    -21899.00000 -23763.313  8.51%     -    0s
H    0     0                    -22291.00000 -23763.313  6.60%     -    0s
     0     0 -23682.546    0   46 -22291.000 -23682.546  6.24%     -    0s
     0     0 -23682.546    0   44 -22291.000 -23682.546  6.24%     -    0s
     0     0 -23680.110    0   64 -22291.000 -23680.110  6.23%     -    0s
H    0     0                    -22470.00000 -23679.182  5.38%     -    0s
     0     0 -23679.182    0   57 -22470.000 -23679.182  5.38%     -    0s
     0     0 -23679.182    0   59 -22470.000 -23679.182  5.38%     -    0s
H    0     0                    -22631.00000 -23677.984  4.63%     -    0s
H    0     0                    -22852.00000 -23677.984  3.61%     -    0s
     0     0 -23677.984    0   59 -22852.000 -23677.984  3.61%     -    0s
     0     0 -23677.984    0   49 -22852.000 -23677.984  3.61%     -    0s
     0     0 -23672.465    0   38 -22852.000 -23672.465  3.59%     -    0s
H    0     0                    -22923.00000 -23672.465  3.27%     -    0s
     0     0 -23672.463    0   50 -22923.000 -23672.463  3.27%     -    0s
     0     0 -23670.813    0   54 -22923.000 -23670.813  3.26%     -    0s
     0     0 -23670.795    0   46 -22923.000 -23670.795  3.26%     -    0s
     0     0 -23668.089    0   40 -22923.000 -23668.089  3.25%     -    0s
     0     0 -23666.806    0   45 -22923.000 -23666.806  3.24%     -    0s
     0     0 -23663.947    0   52 -22923.000 -23663.947  3.23%     -    0s
     0     0 -23663.947    0   69 -22923.000 -23663.947  3.23%     -    0s
     0     0 -23659.842    0   47 -22923.000 -23659.842  3.21%     -    0s
     0     0 -23659.776    0   46 -22923.000 -23659.776  3.21%     -    0s
     0     0 -23656.880    0   63 -22923.000 -23656.880  3.20%     -    0s
     0     0 -23656.540    0   73 -22923.000 -23656.540  3.20%     -    0s
     0     0 -23656.469    0   65 -22923.000 -23656.469  3.20%     -    0s
     0     0 -23653.047    0   67 -22923.000 -23653.047  3.18%     -    0s
     0     0 -23651.779    0   65 -22923.000 -23651.779  3.18%     -    0s
     0     0 -23651.648    0   80 -22923.000 -23651.648  3.18%     -    0s
     0     0 -23651.648    0   73 -22923.000 -23651.648  3.18%     -    0s
     0     0 -23649.129    0   73 -22923.000 -23649.129  3.17%     -    0s
     0     0 -23649.080    0   84 -22923.000 -23649.080  3.17%     -    0s
     0     0 -23643.142    0   62 -22923.000 -23643.142  3.14%     -    0s
     0     0 -23641.311    0   60 -22923.000 -23641.311  3.13%     -    0s
     0     0 -23641.304    0   69 -22923.000 -23641.304  3.13%     -    0s
     0     0 -23640.146    0   53 -22923.000 -23640.146  3.13%     -    0s
     0     0 -23640.120    0   60 -22923.000 -23640.120  3.13%     -    0s
     0     0 -23636.448    0   56 -22923.000 -23636.448  3.11%     -    0s
     0     0 -23623.527    0   82 -22923.000 -23623.527  3.06%     -    0s
     0     0 -23623.527    0   85 -22923.000 -23623.527  3.06%     -    0s
     0     0 -23622.311    0   77 -22923.000 -23622.311  3.05%     -    0s
     0     0 -23620.819    0   46 -22923.000 -23620.819  3.04%     -    0s
     0     0 -23620.819    0   44 -22923.000 -23620.819  3.04%     -    0s
     0     0 -23620.819    0   49 -22923.000 -23620.819  3.04%     -    0s
     0     0 -23620.819    0   53 -22923.000 -23620.819  3.04%     -    0s
     0     0 -23620.819    0   56 -22923.000 -23620.819  3.04%     -    0s
     0     0 -23620.819    0   31 -22923.000 -23620.819  3.04%     -    0s
     0     2 -23618.017    0   23 -22923.000 -23618.017  3.03%     -    0s
H   31    40                    -23011.00000 -23613.538  2.62%  39.4    0s
H  255   213                    -23303.00000 -23609.668  1.32%  14.8    0s

Cutting planes:
  Gomory: 28
  Cover: 183
  Clique: 38
  MIR: 78
  StrongCG: 55
  Flow cover: 22
  Inf proof: 4
  Zero half: 5
  RLT: 11

Explored 15228 nodes (265447 simplex iterations) in 4.07 seconds (5.56 work units)
Thread count was 4 (of 56 available processors)

Solution count 10: -23303 -23011 -22923 ... -11494
No other solutions better than -23303

Optimal solution found (tolerance 1.00e-04)
Best objective -2.330300000000e+04, best bound -2.330300000000e+04, gap 0.0000%
