
Gurobi 9.5.0 (linux64) logging started Wed Apr 13 21:54:56 2022

Set parameter LogFile to value "/local_workspace/chenrui/LogFiles/MKAP/probT2_10e3_0U_R50_T002_M010_N0080_seed01_DWcutsT6_600.log"
Gurobi Optimizer version 9.5.0 build v9.5.0rc5 (linux64)
Thread count: 56 physical cores, 56 logical processors, using up to 4 threads
Optimize a model with 1380 rows, 820 columns and 53067 nonzeros
Model fingerprint: 0xdf84cba0
Variable types: 0 continuous, 820 integer (820 binary)
Coefficient statistics:
  Matrix range     [2e-01, 3e+03]
  Objective range  [2e+01, 1e+03]
  Bounds range     [1e+00, 1e+00]
  RHS range        [2e-05, 1e+00]
Found heuristic solution: objective 0.0000000
Presolve removed 131 rows and 106 columns
Presolve time: 0.14s
Presolved: 1249 rows, 714 columns, 47041 nonzeros
Variable types: 0 continuous, 714 integer (714 binary)
Found heuristic solution: objective -24589.00000

Root relaxation: objective -3.393383e+04, 348 iterations, 0.01 seconds (0.03 work units)

    Nodes    |    Current Node    |     Objective Bounds      |     Work
 Expl Unexpl |  Obj  Depth IntInf | Incumbent    BestBd   Gap | It/Node Time

     0     0 -33933.826    0   17 -24589.000 -33933.826  38.0%     -    0s
H    0     0                    -32910.00000 -33933.826  3.11%     -    0s
H    0     0                    -33013.00000 -33933.826  2.79%     -    0s
H    0     0                    -33714.00000 -33933.826  0.65%     -    0s
     0     0 -33933.826    0   40 -33714.000 -33933.826  0.65%     -    0s
     0     0 -33933.826    0   50 -33714.000 -33933.826  0.65%     -    0s
     0     0 -33927.533    0   27 -33714.000 -33927.533  0.63%     -    0s
     0     0 -33927.533    0   19 -33714.000 -33927.533  0.63%     -    0s
H    0     0                    -33824.00021 -33925.251  0.30%     -    0s
     0     0 -33925.251    0   33 -33824.000 -33925.251  0.30%     -    0s
     0     0 -33925.251    0   50 -33824.000 -33925.251  0.30%     -    0s
     0     0 -33925.251    0   55 -33824.000 -33925.251  0.30%     -    0s
     0     0 -33925.251    0   45 -33824.000 -33925.251  0.30%     -    0s
     0     0 -33925.251    0   21 -33824.000 -33925.251  0.30%     -    0s
     0     0 -33925.251    0   42 -33824.000 -33925.251  0.30%     -    0s
     0     0 -33925.251    0   25 -33824.000 -33925.251  0.30%     -    0s
     0     0 -33925.251    0   28 -33824.000 -33925.251  0.30%     -    0s
     0     0 -33925.251    0   26 -33824.000 -33925.251  0.30%     -    0s
     0     0 -33925.251    0   21 -33824.000 -33925.251  0.30%     -    1s
     0     0 -33925.251    0   22 -33824.000 -33925.251  0.30%     -    1s
     0     0 -33925.251    0   57 -33824.000 -33925.251  0.30%     -    1s
     0     0 -33925.251    0   50 -33824.000 -33925.251  0.30%     -    1s
     0     0 -33925.251    0   65 -33824.000 -33925.251  0.30%     -    1s
     0     0 -33925.251    0   50 -33824.000 -33925.251  0.30%     -    1s
     0     0 -33924.384    0   37 -33824.000 -33924.384  0.30%     -    1s
     0     0 -33924.384    0   40 -33824.000 -33924.384  0.30%     -    1s
     0     0 -33924.384    0   52 -33824.000 -33924.384  0.30%     -    1s
     0     0 -33924.384    0   46 -33824.000 -33924.384  0.30%     -    1s
     0     0 -33924.384    0   35 -33824.000 -33924.384  0.30%     -    1s
     0     0 -33924.384    0   24 -33824.000 -33924.384  0.30%     -    1s
     0     2 -33924.384    0   24 -33824.000 -33924.384  0.30%     -    1s
  1090   742 -33854.374   42   37 -33824.000 -33914.088  0.27%  19.2    5s
H 1100   711                    -33848.00000 -33913.057  0.19%  19.0    6s
  7874  2860     cutoff   45      -33848.000 -33912.048  0.19%  15.1   10s
 17766  5659 -33884.800   45   16 -33848.000 -33899.940  0.15%  15.9   15s
 20916  5892 -33893.643   39   21 -33848.000 -33897.526  0.15%  15.6   21s
 20934  5904 -33887.536   46   55 -33848.000 -33897.526  0.15%  15.6   25s
 21871  6206 -33853.422   57   17 -33848.000 -33897.526  0.15%  15.9   30s
 35335  5632 -33871.804   50   25 -33848.000 -33897.526  0.15%  14.6   35s
 56541  8404 -33879.644   63   14 -33848.000 -33889.632  0.12%  12.4   40s
 80049 12568 -33885.423   70   22 -33848.000 -33886.844  0.11%  10.5   45s
 102834 12668     cutoff   64      -33848.000 -33884.800  0.11%   9.0   50s
 124833 12149 -33879.211   72   18 -33848.000 -33879.311  0.09%   8.2   55s
 148605 11203 -33868.955   71   20 -33848.000 -33868.955  0.06%   7.7   60s
 170378 18066 -33868.306   83   21 -33848.000 -33868.955  0.06%   7.5   65s
 188074 21296 -33868.851   79   26 -33848.000 -33868.851  0.06%   7.4   70s
 208956 24661     cutoff   80      -33848.000 -33868.306  0.06%   7.4   75s
 223409 26536 -33867.967   75   20 -33848.000 -33868.147  0.06%   7.3   80s
 248858 31155 -33867.967   72   19 -33848.000 -33867.967  0.06%   7.0   85s
 273774 37199 -33866.636   90   11 -33848.000 -33867.967  0.06%   6.8   90s
 294231 41226 -33867.967   79   23 -33848.000 -33867.967  0.06%   6.7   95s
 316551 46404 -33867.967   84   29 -33848.000 -33867.967  0.06%   6.6  100s
 336683 50237 -33867.317   80   21 -33848.000 -33867.967  0.06%   6.5  105s
 355400 54600 -33856.150   75   20 -33848.000 -33867.967  0.06%   6.6  110s
 377254 59371 -33867.967   84   29 -33848.000 -33867.967  0.06%   6.5  115s
 395735 61405 -33867.966   71   20 -33848.000 -33867.966  0.06%   6.5  120s
 414863 63219 -33856.847   69   22 -33848.000 -33867.835  0.06%   6.5  125s
 434674 63713 -33867.317   83   19 -33848.000 -33867.317  0.06%   6.4  130s
 455588 66183 -33867.317   83   21 -33848.000 -33867.317  0.06%   6.4  135s
 473254 67173 -33867.317   87   27 -33848.000 -33867.317  0.06%   6.4  140s
 493930 66017     cutoff   71      -33848.000 -33867.285  0.06%   6.3  145s
 514944 59770 -33867.235   88   14 -33848.000 -33867.235  0.06%   6.3  150s
 533274 59030 infeasible   87      -33848.000 -33866.667  0.06%   6.2  155s
 560357 43718 -33860.594   85   22 -33848.000 -33866.065  0.05%   6.2  160s
*576176  1874             110    -33865.00000 -33865.222  0.00%   6.2  163s

Cutting planes:
  Gomory: 9
  Cover: 156
  Clique: 54
  MIR: 101
  StrongCG: 49
  Flow cover: 355
  Inf proof: 4
  Zero half: 2
  RLT: 3

Explored 578607 nodes (3569309 simplex iterations) in 163.97 seconds (320.29 work units)
Thread count was 4 (of 56 available processors)

Solution count 8: -33865 -33848 -33824 ... 0
No other solutions better than -33865

Optimal solution found (tolerance 1.00e-04)
Best objective -3.386500000000e+04, best bound -3.386500000000e+04, gap 0.0000%
