
Gurobi 9.5.0 (linux64) logging started Tue Apr 12 07:39:29 2022

Set parameter LogFile to value "/local_workspace/chenrui/LogFiles/MKAP/probT1_10e3_0U_R50_T002_M020_N0060_seed10_DWcutsT4_600.log"
Gurobi Optimizer version 9.5.0 build v9.5.0rc5 (linux64)
Thread count: 56 physical cores, 56 logical processors, using up to 4 threads
Optimize a model with 745 rows, 1240 columns and 21216 nonzeros
Model fingerprint: 0x2584a3a4
Variable types: 0 continuous, 1240 integer (1240 binary)
Coefficient statistics:
  Matrix range     [1e-13, 1e+03]
  Objective range  [5e+00, 1e+03]
  Bounds range     [1e+00, 1e+00]
  RHS range        [2e-13, 8e+01]
Warning: Model contains large matrix coefficient range
         Consider reformulating model or setting NumericFocus parameter
         to avoid numerical issues.
Found heuristic solution: objective 0.0000000
Presolve removed 191 rows and 467 columns
Presolve time: 0.07s
Presolved: 554 rows, 773 columns, 12798 nonzeros
Found heuristic solution: objective -23977.00000
Variable types: 0 continuous, 773 integer (773 binary)

Root relaxation: objective -2.695322e+04, 1729 iterations, 0.05 seconds (0.07 work units)

    Nodes    |    Current Node    |     Objective Bounds      |     Work
 Expl Unexpl |  Obj  Depth IntInf | Incumbent    BestBd   Gap | It/Node Time

     0     0 -26953.216    0   64 -23977.000 -26953.216  12.4%     -    0s
H    0     0                    -26122.00000 -26953.216  3.18%     -    0s
H    0     0                    -26190.00022 -26938.282  2.86%     -    0s
     0     0 -26938.282    0   90 -26190.000 -26938.282  2.86%     -    0s
     0     0 -26938.282    0   91 -26190.000 -26938.282  2.86%     -    0s
H    0     0                    -26198.00000 -26938.282  2.83%     -    0s
     0     0 -26938.282    0   79 -26198.000 -26938.282  2.83%     -    0s
H    0     0                    -26280.00000 -26938.282  2.50%     -    0s
     0     0 -26938.282    0   55 -26280.000 -26938.282  2.50%     -    0s
     0     0 -26938.282    0   73 -26280.000 -26938.282  2.50%     -    0s
     0     0 -26938.282    0   56 -26280.000 -26938.282  2.50%     -    0s
H    0     0                    -26632.00000 -26938.282  1.15%     -    0s
     0     0 -26938.282    0   89 -26632.000 -26938.282  1.15%     -    0s
     0     0 -26938.282    0   44 -26632.000 -26938.282  1.15%     -    0s
     0     0 -26938.282    0   42 -26632.000 -26938.282  1.15%     -    0s
     0     0 -26938.282    0   45 -26632.000 -26938.282  1.15%     -    0s
     0     0 -26938.282    0   45 -26632.000 -26938.282  1.15%     -    0s
     0     2 -26938.282    0   38 -26632.000 -26938.282  1.15%     -    0s
H   52   101                    -26782.00000 -26938.282  0.58%   167    1s
  1222   941 -26909.553   23  161 -26782.000 -26909.553  0.48%  45.7    5s
  1357  1038 -26906.964   50  175 -26782.000 -26906.964  0.47%  62.8   10s
  4997  2922 -26856.862   78   75 -26782.000 -26900.724  0.44%  60.9   15s
 10252  6676 -26858.495   65  122 -26782.000 -26896.312  0.43%  65.9   20s
 14617  9714 -26840.667   71  104 -26782.000 -26893.660  0.42%  72.0   25s
 19181 12738 -26873.800   73  105 -26782.000 -26891.702  0.41%  75.5   30s
 20971 13523 -26785.352   99   45 -26782.000 -26890.979  0.41%  76.5   35s
 21005 13551 -26890.979   61  143 -26782.000 -26890.979  0.41%  76.7   40s
 22217 14078 -26890.979   65  151 -26782.000 -26890.979  0.41%  76.9   45s
 25922 15638 -26854.833  108   90 -26782.000 -26890.979  0.41%  79.4   50s
 29266 16955 -26855.992   82  109 -26782.000 -26888.237  0.40%  81.2   55s
 33761 18300 -26882.895   76  142 -26782.000 -26886.219  0.39%  81.9   60s
 37822 19578 -26857.953   71  120 -26782.000 -26884.875  0.38%  83.3   65s
 41749 20718 -26857.405   79  133 -26782.000 -26883.990  0.38%  84.3   70s
 46162 21842 -26840.059   85  114 -26782.000 -26883.129  0.38%  85.0   75s
 50180 23027 -26831.030   80  106 -26782.000 -26882.468  0.38%  85.8   80s
 54152 24056 -26870.436   76  106 -26782.000 -26881.738  0.37%  86.2   85s
 58342 25051 -26793.376   83  110 -26782.000 -26881.143  0.37%  86.3   90s
 63019 26848 -26815.538   80  110 -26782.000 -26880.448  0.37%  86.5   95s
 66781 29107 -26865.822   82  121 -26782.000 -26880.005  0.37%  86.7  100s
 70848 31533 -26795.224   85  121 -26782.000 -26879.527  0.36%  86.9  105s
 75068 33704     cutoff   85      -26782.000 -26879.107  0.36%  87.2  110s
 79190 36159 -26859.404   79   99 -26782.000 -26878.704  0.36%  87.4  115s
 83108 38482 -26835.059   92  108 -26782.000 -26878.346  0.36%  87.9  120s
 87482 40945 -26844.037   92  129 -26782.000 -26877.957  0.36%  88.1  125s
 91593 43239 -26821.371   87   97 -26782.000 -26877.595  0.36%  88.3  130s
 95823 45624 -26804.930  111   74 -26782.000 -26877.215  0.36%  88.5  135s
 99567 47813 -26847.042   79  130 -26782.000 -26876.938  0.35%  88.7  140s
 104107 50139     cutoff   91      -26782.000 -26876.563  0.35%  88.7  145s
 107599 52083 -26851.480   84  102 -26782.000 -26876.298  0.35%  88.7  150s
 111839 54645 -26862.240   82   94 -26782.000 -26875.982  0.35%  89.1  155s
 115443 56642 -26859.140   72  110 -26782.000 -26875.751  0.35%  89.3  160s
 119563 58796 -26807.646   94  128 -26782.000 -26875.464  0.35%  89.4  165s
 123057 60814 -26843.319   83  113 -26782.000 -26875.229  0.35%  89.6  170s
 127209 63012 -26859.639   84  119 -26782.000 -26874.992  0.35%  89.8  175s
 130826 64921     cutoff   88      -26782.000 -26874.793  0.35%  89.9  180s
 135049 66950 -26802.815   94   93 -26782.000 -26874.555  0.35%  90.0  185s
 138895 69118 -26863.628   88  129 -26782.000 -26874.378  0.34%  90.1  190s
 142481 70998 -26824.951   78  125 -26782.000 -26874.208  0.34%  90.2  195s
 146649 73248     cutoff   92      -26782.000 -26874.024  0.34%  90.3  200s
 149991 75212 -26861.315   82  117 -26782.000 -26873.866  0.34%  90.5  205s
 154278 77479     cutoff   90      -26782.000 -26873.651  0.34%  90.5  210s
 158012 79185 -26856.120   84  124 -26782.000 -26873.504  0.34%  90.6  215s
 161637 81131 -26804.584   90  114 -26782.000 -26873.349  0.34%  90.7  220s
 165797 83353     cutoff   92      -26782.000 -26873.169  0.34%  90.8  225s
 169389 85106 -26796.864   82   60 -26782.000 -26873.021  0.34%  90.8  230s
 173180 87011 -26865.692   82  115 -26782.000 -26872.855  0.34%  90.9  235s
 177276 89120     cutoff   92      -26782.000 -26872.698  0.34%  91.0  240s
 180913 91024 -26807.921   94  105 -26782.000 -26872.537  0.34%  91.0  245s
 184270 92841 -26862.986   74   78 -26782.000 -26872.417  0.34%  91.2  250s
 188559 95128 -26797.466   83   88 -26782.000 -26872.249  0.34%  91.2  255s
 191420 96554 -26869.077   83  120 -26782.000 -26872.140  0.34%  91.2  260s
 195180 98370 -26800.435   92  132 -26782.000 -26872.012  0.34%  91.3  265s
 198937 100378 -26861.025   81  116 -26782.000 -26871.875  0.34%  91.3  270s
 203146 102421 -26857.925   77  132 -26782.000 -26871.745  0.34%  91.3  275s
 206548 104180 -26851.484   84   91 -26782.000 -26871.619  0.33%  91.4  280s
 210873 106365 -26785.784   81   93 -26782.000 -26871.486  0.33%  91.4  285s
 214522 108036 -26808.582   92  122 -26782.000 -26871.368  0.33%  91.3  290s
 218097 109918 -26855.708   93   78 -26782.000 -26871.244  0.33%  91.3  295s
 222169 111865 -26787.038   95  117 -26782.000 -26871.133  0.33%  91.4  301s
 225182 113546 -26863.693   83  114 -26782.000 -26871.032  0.33%  91.4  305s
 229123 115453 -26802.177   91  120 -26782.000 -26870.906  0.33%  91.4  310s
 233550 117601     cutoff   87      -26782.000 -26870.764  0.33%  91.4  315s
 237504 119624 -26835.751   82  102 -26782.000 -26870.653  0.33%  91.3  320s
 241583 121705 -26828.232   88  100 -26782.000 -26870.547  0.33%  91.3  325s
 245181 123644 -26836.317   87   96 -26782.000 -26870.443  0.33%  91.3  330s
 248874 125453 -26831.484   90  113 -26782.000 -26870.344  0.33%  91.2  335s
 253012 127517     cutoff   92      -26782.000 -26870.238  0.33%  91.2  340s
 256014 128847 -26855.890   79  124 -26782.000 -26870.155  0.33%  91.3  345s
 259869 130624     cutoff   83      -26782.000 -26870.062  0.33%  91.3  350s
 263392 132136 -26864.941   88  114 -26782.000 -26869.967  0.33%  91.3  355s
 267061 133955 -26859.625   81   81 -26782.000 -26869.862  0.33%  91.3  360s
 270600 135634 -26859.172   82  120 -26782.000 -26869.782  0.33%  91.4  365s
 273992 137073 -26857.581   73  122 -26782.000 -26869.704  0.33%  91.5  370s
 277538 138854 -26863.273   73  131 -26782.000 -26869.607  0.33%  91.5  375s
 280596 140290 -26798.917   87   71 -26782.000 -26869.522  0.33%  91.6  380s
 284200 141880     cutoff   92      -26782.000 -26869.425  0.33%  91.6  385s
 287526 143291 -26797.559   83  102 -26782.000 -26869.340  0.33%  91.6  390s
 290923 144971 -26857.740   83  104 -26782.000 -26869.253  0.33%  91.7  395s
 294579 146536 -26848.049   81  114 -26782.000 -26869.157  0.33%  91.7  400s
 297637 148006 -26833.340   87  102 -26782.000 -26869.079  0.33%  91.7  405s
 300613 149467 -26844.578   95   71 -26782.000 -26869.012  0.32%  91.8  410s
H303607 94875                    -26827.00000 -26868.934  0.16%  91.9  414s
 303943 94875     cutoff   91      -26827.000 -26868.923  0.16%  91.9  415s
 306053 95344 -26862.406   71  110 -26827.000 -26868.822  0.16%  91.9  420s
 309185 96137 -26840.070   84  107 -26827.000 -26868.713  0.16%  92.0  425s
 312248 96896 -26860.497   91   85 -26827.000 -26868.608  0.16%  92.1  430s
 315272 97562 -26854.243   87   82 -26827.000 -26868.479  0.15%  92.2  435s
 317898 98202 -26853.268   81  100 -26827.000 -26868.381  0.15%  92.3  440s
 321069 98988 -26846.289   74   97 -26827.000 -26868.270  0.15%  92.4  445s
 323472 99407 -26836.367   96  107 -26827.000 -26868.171  0.15%  92.5  450s
 326354 100031 -26840.764   84   99 -26827.000 -26868.058  0.15%  92.6  455s
 329457 100810 -26831.951   91   81 -26827.000 -26867.944  0.15%  92.7  460s
 332218 101388 -26830.782   90   78 -26827.000 -26867.843  0.15%  92.9  465s
 335260 102035 -26851.959   87  111 -26827.000 -26867.719  0.15%  93.0  471s
 337598 102543 -26839.671   82   95 -26827.000 -26867.633  0.15%  93.1  475s
 340707 103225 -26842.668   89  115 -26827.000 -26867.505  0.15%  93.1  480s
 343541 103947 -26829.080   90  114 -26827.000 -26867.397  0.15%  93.2  485s
 346527 104628 -26855.067   86  129 -26827.000 -26867.291  0.15%  93.3  490s
 349340 105175 -26829.622   75  101 -26827.000 -26867.188  0.15%  93.4  495s
 351734 105660 -26849.815   84   92 -26827.000 -26867.102  0.15%  93.5  500s
 354646 106208     cutoff   78      -26827.000 -26867.004  0.15%  93.6  505s
 357134 106828 -26845.829   85  119 -26827.000 -26866.911  0.15%  93.6  510s
 360025 107426 -26828.849   85   75 -26827.000 -26866.801  0.15%  93.7  515s
 363025 108133     cutoff   87      -26827.000 -26866.708  0.15%  93.8  520s
 365510 108628     cutoff   84      -26827.000 -26866.616  0.15%  93.9  525s
 368513 109164 -26833.788   92   94 -26827.000 -26866.508  0.15%  93.9  530s
 370794 109675     cutoff   88      -26827.000 -26866.421  0.15%  94.0  535s
 373800 110294 -26834.641   79   88 -26827.000 -26866.294  0.15%  94.1  540s
 376402 110850     cutoff   82      -26827.000 -26866.197  0.15%  94.1  545s
 379251 111375 -26828.343   84  101 -26827.000 -26866.088  0.15%  94.2  550s
 381618 111891 -26838.423   86   85 -26827.000 -26866.007  0.15%  94.2  555s
 384531 112453 -26832.779   95   67 -26827.000 -26865.911  0.15%  94.3  560s
 387448 113007     cutoff   82      -26827.000 -26865.799  0.14%  94.3  565s
 390178 113495 -26864.850   74   66 -26827.000 -26865.707  0.14%  94.4  570s
 392651 113876 -26847.862   77  122 -26827.000 -26865.621  0.14%  94.5  575s
 395472 114363 -26852.286   89   94 -26827.000 -26865.509  0.14%  94.6  580s
 398016 114883 -26846.094   85   85 -26827.000 -26865.412  0.14%  94.6  585s
 400898 115366 -26831.578   93  106 -26827.000 -26865.310  0.14%  94.7  590s
 403354 115833 -26830.430   90  108 -26827.000 -26865.213  0.14%  94.7  595s
 405855 116278 -26843.744   82  108 -26827.000 -26865.124  0.14%  94.8  600s

Cutting planes:
  Gomory: 5
  Cover: 504
  Clique: 9
  MIR: 872
  StrongCG: 673
  Flow cover: 49
  Inf proof: 3
  Zero half: 9

Explored 406352 nodes (38530013 simplex iterations) in 600.01 seconds (1459.91 work units)
Thread count was 4 (of 56 available processors)

Solution count 9: -26827 -26782 -26632 ... 0

Time limit reached
Best objective -2.682700000000e+04, best bound -2.686500000000e+04, gap 0.1416%

Gurobi 9.5.0 (linux64) logging started Tue Apr 12 22:01:59 2022

Set parameter LogFile to value "/local_workspace/chenrui/LogFiles/MKAP/probT1_10e3_0U_R50_T002_M020_N0060_seed10_DWcutsT4_600.log"
Gurobi Optimizer version 9.5.0 build v9.5.0rc5 (linux64)
Thread count: 56 physical cores, 56 logical processors, using up to 4 threads
Optimize a model with 745 rows, 1240 columns and 21216 nonzeros
Model fingerprint: 0x2584a3a4
Variable types: 0 continuous, 1240 integer (1240 binary)
Coefficient statistics:
  Matrix range     [1e-13, 1e+03]
  Objective range  [5e+00, 1e+03]
  Bounds range     [1e+00, 1e+00]
  RHS range        [2e-13, 8e+01]
Warning: Model contains large matrix coefficient range
         Consider reformulating model or setting NumericFocus parameter
         to avoid numerical issues.
Found heuristic solution: objective 0.0000000
Presolve removed 191 rows and 467 columns
Presolve time: 0.06s
Presolved: 554 rows, 773 columns, 12798 nonzeros
Found heuristic solution: objective -23977.00000
Variable types: 0 continuous, 773 integer (773 binary)

Root relaxation: objective -2.695322e+04, 1729 iterations, 0.05 seconds (0.07 work units)

    Nodes    |    Current Node    |     Objective Bounds      |     Work
 Expl Unexpl |  Obj  Depth IntInf | Incumbent    BestBd   Gap | It/Node Time

     0     0 -26953.216    0   64 -23977.000 -26953.216  12.4%     -    0s
H    0     0                    -26122.00000 -26953.216  3.18%     -    0s
H    0     0                    -26190.00022 -26938.282  2.86%     -    0s
     0     0 -26938.282    0   90 -26190.000 -26938.282  2.86%     -    0s
     0     0 -26938.282    0   91 -26190.000 -26938.282  2.86%     -    0s
H    0     0                    -26198.00000 -26938.282  2.83%     -    0s
     0     0 -26938.282    0   79 -26198.000 -26938.282  2.83%     -    0s
H    0     0                    -26280.00000 -26938.282  2.50%     -    0s
     0     0 -26938.282    0   55 -26280.000 -26938.282  2.50%     -    0s
     0     0 -26938.282    0   73 -26280.000 -26938.282  2.50%     -    0s
     0     0 -26938.282    0   56 -26280.000 -26938.282  2.50%     -    0s
H    0     0                    -26632.00000 -26938.282  1.15%     -    0s
     0     0 -26938.282    0   89 -26632.000 -26938.282  1.15%     -    0s
     0     0 -26938.282    0   44 -26632.000 -26938.282  1.15%     -    0s
     0     0 -26938.282    0   42 -26632.000 -26938.282  1.15%     -    0s
     0     0 -26938.282    0   45 -26632.000 -26938.282  1.15%     -    0s
     0     0 -26938.282    0   45 -26632.000 -26938.282  1.15%     -    0s
     0     2 -26938.282    0   38 -26632.000 -26938.282  1.15%     -    0s
H   52   101                    -26782.00000 -26938.282  0.58%   167    1s
  1244   955 -26908.188   19  174 -26782.000 -26908.188  0.47%  44.9    5s
  1447  1075 -26904.820   59  132 -26782.000 -26904.957  0.46%  69.0   10s
  6101  3723 -26869.063   68   87 -26782.000 -26899.745  0.44%  61.6   15s
 11555  7717 -26820.020   85   91 -26782.000 -26895.103  0.42%  68.5   20s
 15753 10434 -26784.777   81   67 -26782.000 -26893.125  0.41%  73.0   25s
 20971 13523 -26785.352   99   45 -26782.000 -26890.979  0.41%  76.5   33s
 20993 13538 -26845.199  101  186 -26782.000 -26890.979  0.41%  76.4   35s
 21099 13616 -26886.286   69  113 -26782.000 -26890.979  0.41%  77.2   40s
 24751 15078 -26878.037   71  145 -26782.000 -26890.979  0.41%  78.0   45s
 28428 16462 -26792.345   98  138 -26782.000 -26888.830  0.40%  80.5   50s
 33178 18165 -26862.765   79   84 -26782.000 -26886.442  0.39%  81.8   55s
 37146 19400 -26806.384  100  116 -26782.000 -26885.041  0.38%  83.2   60s
 41749 20718 -26857.405   79  133 -26782.000 -26883.990  0.38%  84.3   65s
 46162 21842 -26840.059   85  114 -26782.000 -26883.129  0.38%  85.0   70s
 50811 23151     cutoff   90      -26782.000 -26882.360  0.37%  85.9   75s
 54752 24212 -26867.571   80  108 -26782.000 -26881.617  0.37%  86.3   80s
 59495 25386 -26865.111   75  141 -26782.000 -26880.950  0.37%  86.4   85s
 63715 27219 -26856.068   88   87 -26782.000 -26880.359  0.37%  86.5   90s
 68544 30064 -26845.388   74   99 -26782.000 -26879.795  0.37%  86.8   95s
 72645 32449 -26835.499   91  108 -26782.000 -26879.354  0.36%  87.0  100s
 77404 35115 -26864.778   79   79 -26782.000 -26878.891  0.36%  87.4  105s
 81484 37437 -26869.164   78   89 -26782.000 -26878.479  0.36%  87.7  110s
 85653 39927 -26844.582   81   95 -26782.000 -26878.107  0.36%  88.0  115s
 90455 42577 -26868.583   99  114 -26782.000 -26877.698  0.36%  88.2  120s
 94684 44954 -26826.496   76  109 -26782.000 -26877.308  0.36%  88.4  125s
 99099 47480     cutoff   90      -26782.000 -26876.969  0.35%  88.6  130s
 103425 49784 -26852.675   99   91 -26782.000 -26876.618  0.35%  88.7  135s
 107599 52083 -26851.480   84  102 -26782.000 -26876.298  0.35%  88.7  140s
 111839 54645 -26862.240   82   94 -26782.000 -26875.982  0.35%  89.1  145s
 115443 56642 -26859.140   72  110 -26782.000 -26875.751  0.35%  89.3  150s
 120138 59136     cutoff   88      -26782.000 -26875.410  0.35%  89.5  155s
 124166 61428 -26800.349  114   75 -26782.000 -26875.173  0.35%  89.7  160s
 128337 63661 -26789.852   85   98 -26782.000 -26874.919  0.35%  89.9  165s
 132540 65813 -26806.271   87  117 -26782.000 -26874.703  0.35%  90.0  170s
 136557 67860 -26808.312   90   89 -26782.000 -26874.486  0.35%  90.0  175s
 140708 70075 -26866.839   84  114 -26782.000 -26874.318  0.34%  90.1  180s
 144832 72371 -26823.377   78   73 -26782.000 -26874.109  0.34%  90.3  185s
 148800 74514 -26810.557  111   85 -26782.000 -26873.911  0.34%  90.4  190s
 152399 76433     cutoff   90      -26782.000 -26873.743  0.34%  90.6  195s
 156820 78603 -26823.323   79  102 -26782.000 -26873.544  0.34%  90.6  200s
 161042 80839 -26815.794   94   95 -26782.000 -26873.367  0.34%  90.7  205s
 164716 82850 -26866.105   81  104 -26782.000 -26873.215  0.34%  90.8  210s
 168848 84791 -26789.802   84  126 -26782.000 -26873.044  0.34%  90.8  215s
 173180 87011 -26865.692   82  115 -26782.000 -26872.855  0.34%  90.9  220s
 177276 89120     cutoff   92      -26782.000 -26872.698  0.34%  91.0  225s
 180913 91024 -26807.921   94  105 -26782.000 -26872.537  0.34%  91.0  230s
 184881 93168 -26844.230   90   98 -26782.000 -26872.387  0.34%  91.2  235s
 189220 95404 -26791.475  108   68 -26782.000 -26872.230  0.34%  91.2  240s
 192695 97299 -26847.601  103   87 -26782.000 -26872.103  0.34%  91.2  245s
 196447 99030 -26797.609   85   96 -26782.000 -26871.968  0.34%  91.3  250s
 200923 101202     cutoff   93      -26782.000 -26871.804  0.34%  91.3  255s
 204742 103265 -26862.501   85  125 -26782.000 -26871.697  0.33%  91.4  260s
 209011 105468     cutoff   86      -26782.000 -26871.543  0.33%  91.4  265s
 212994 107271 -26840.900   90   74 -26782.000 -26871.422  0.33%  91.3  270s
 216886 109289 -26786.489  102   82 -26782.000 -26871.284  0.33%  91.3  275s
 220955 111374 -26831.654   89  120 -26782.000 -26871.163  0.33%  91.4  280s
 223877 112920 -26840.268   74   99 -26782.000 -26871.077  0.33%  91.4  285s
 228480 115123 -26818.960  108   96 -26782.000 -26870.941  0.33%  91.4  290s
 232880 117337 -26836.821   97  107 -26782.000 -26870.783  0.33%  91.4  295s
 236930 119354 -26837.895   89  124 -26782.000 -26870.673  0.33%  91.3  300s
 241038 121402 -26807.934   75  112 -26782.000 -26870.557  0.33%  91.2  305s
 245181 123644 -26836.317   87   96 -26782.000 -26870.443  0.33%  91.3  310s
 249518 125759 -26828.488   79  112 -26782.000 -26870.318  0.33%  91.2  315s
 253672 127843     cutoff   95      -26782.000 -26870.221  0.33%  91.3  320s
 257392 129442 -26807.913   85   79 -26782.000 -26870.127  0.33%  91.3  325s
 261086 131161 -26829.978   91  117 -26782.000 -26870.032  0.33%  91.2  330s
 264610 132800 -26827.004   84  101 -26782.000 -26869.932  0.33%  91.3  335s
 268213 134543 -26806.070  105   64 -26782.000 -26869.829  0.33%  91.4  340s
 272419 136293 -26846.786   72   98 -26782.000 -26869.735  0.33%  91.5  345s
 275715 137930     cutoff   84      -26782.000 -26869.660  0.33%  91.5  350s
 279432 139757 -26844.447   83   93 -26782.000 -26869.554  0.33%  91.5  355s
 283077 141420 -26821.665   94  109 -26782.000 -26869.451  0.33%  91.6  360s
 286964 143087 -26796.255   90  104 -26782.000 -26869.350  0.33%  91.6  365s
 290397 144618 -26841.422   83  117 -26782.000 -26869.267  0.33%  91.6  370s
 294037 146343 -26804.573   85   92 -26782.000 -26869.167  0.33%  91.7  375s
 296921 147821 -26798.989   88   63 -26782.000 -26869.090  0.33%  91.7  380s
 300613 149467 -26844.578   95   71 -26782.000 -26869.012  0.32%  91.8  385s
H303607 94875                    -26827.00000 -26868.934  0.16%  91.9  389s
 303943 94875     cutoff   91      -26827.000 -26868.923  0.16%  91.9  390s
 306792 95491 -26844.662   90   61 -26827.000 -26868.797  0.16%  91.9  395s
 309843 96304 -26858.793   86  105 -26827.000 -26868.693  0.16%  92.0  400s
 312945 97018     cutoff   78      -26827.000 -26868.580  0.15%  92.1  405s
 315761 97681 -26833.542   85   91 -26827.000 -26868.465  0.15%  92.2  410s
 318502 98387 -26849.962   80  118 -26827.000 -26868.360  0.15%  92.3  415s
 321702 99095 -26846.762   92   96 -26827.000 -26868.238  0.15%  92.4  420s
 325302 99770 -26856.164   78   50 -26827.000 -26868.096  0.15%  92.6  425s
 328279 100513 -26861.160   72   85 -26827.000 -26867.981  0.15%  92.7  430s
 331188 101169     cutoff   84      -26827.000 -26867.880  0.15%  92.8  435s
 333978 101802 -26828.670   76  103 -26827.000 -26867.777  0.15%  92.9  440s
 336997 102461 -26851.638   87  101 -26827.000 -26867.654  0.15%  93.0  445s
 340088 103049     cutoff   82      -26827.000 -26867.533  0.15%  93.1  450s
 343070 103794 -26849.498   87  109 -26827.000 -26867.414  0.15%  93.2  455s
 346527 104628 -26855.067   86  129 -26827.000 -26867.291  0.15%  93.3  460s
 349340 105175 -26829.622   75  101 -26827.000 -26867.188  0.15%  93.4  465s
 351734 105660 -26849.815   84   92 -26827.000 -26867.102  0.15%  93.5  470s
 354646 106208     cutoff   78      -26827.000 -26867.004  0.15%  93.6  475s
 357745 106907 -26833.997   77   78 -26827.000 -26866.891  0.15%  93.6  480s
 360570 107572     cutoff   77      -26827.000 -26866.789  0.15%  93.8  485s
 363609 108255 -26857.457   94  108 -26827.000 -26866.688  0.15%  93.8  490s
 366065 108706     cutoff   79      -26827.000 -26866.593  0.15%  93.9  495s
 368942 109273     cutoff   86      -26827.000 -26866.491  0.15%  94.0  500s
 371739 109925 -26842.757   85   97 -26827.000 -26866.387  0.15%  94.0  505s
 374988 110519 -26829.499   84   85 -26827.000 -26866.243  0.15%  94.1  510s
 377629 111087 -26858.130   86  103 -26827.000 -26866.158  0.15%  94.1  515s
 381037 111749 -26854.360   82  141 -26827.000 -26866.030  0.15%  94.2  520s
 383910 112323 -26848.609   78   97 -26827.000 -26865.927  0.15%  94.3  525s
 386869 112883 -26839.549   78  122 -26827.000 -26865.814  0.14%  94.3  530s
 389628 113368 -26856.480   69  110 -26827.000 -26865.724  0.14%  94.4  535s
 392651 113876 -26847.862   77  122 -26827.000 -26865.621  0.14%  94.5  540s
 395472 114363 -26852.286   89   94 -26827.000 -26865.509  0.14%  94.6  545s
 398016 114883 -26846.094   85   85 -26827.000 -26865.412  0.14%  94.6  550s
 400898 115366 -26831.578   93  106 -26827.000 -26865.310  0.14%  94.7  555s
 403956 115946 -26847.365   95   93 -26827.000 -26865.187  0.14%  94.8  561s
 406487 116338     cutoff   86      -26827.000 -26865.102  0.14%  94.8  565s
 409386 116832 -26834.037   87   94 -26827.000 -26865.004  0.14%  94.9  570s
 411639 117251     cutoff   76      -26827.000 -26864.919  0.14%  95.0  575s
 414702 117834 -26840.595   87   99 -26827.000 -26864.810  0.14%  95.0  580s
 417148 118253 -26839.998   78   86 -26827.000 -26864.715  0.14%  95.1  585s
 420210 118754 -26846.171   73   92 -26827.000 -26864.602  0.14%  95.2  590s
 423087 119296 -26856.902   86  117 -26827.000 -26864.507  0.14%  95.2  595s
 425561 119768 -26831.585   95  115 -26827.000 -26864.411  0.14%  95.3  600s

Cutting planes:
  Gomory: 5
  Cover: 508
  Clique: 9
  MIR: 884
  StrongCG: 689
  Flow cover: 49
  Inf proof: 3
  Zero half: 9

Explored 425949 nodes (40599282 simplex iterations) in 600.00 seconds (1556.84 work units)
Thread count was 4 (of 56 available processors)

Solution count 9: -26827 -26782 -26632 ... 0

Time limit reached
Best objective -2.682700000000e+04, best bound -2.686400000000e+04, gap 0.1379%
