
Gurobi 9.5.0 (linux64) logging started Sun Apr 10 17:22:36 2022

Set parameter LogFile to value "/local_workspace/chenrui/LogFiles/MKAP/probT1_10e3_1W_R50_T002_M010_N0020_seed05_objLB_600.log"
Gurobi Optimizer version 9.5.0 build v9.5.0rc5 (linux64)
Thread count: 56 physical cores, 56 logical processors, using up to 4 threads
Optimize a model with 51 rows, 220 columns and 640 nonzeros
Model fingerprint: 0xeee17038
Variable types: 0 continuous, 220 integer (220 binary)
Coefficient statistics:
  Matrix range     [1e+00, 1e+03]
  Objective range  [4e+01, 8e+02]
  Bounds range     [1e+00, 1e+00]
  RHS range        [1e+00, 6e+03]
Found heuristic solution: objective 0.0000000
Presolve removed 18 rows and 119 columns
Presolve time: 0.00s
Presolved: 33 rows, 101 columns, 295 nonzeros
Variable types: 0 continuous, 101 integer (101 binary)
Found heuristic solution: objective -4907.000000

Root relaxation: objective -5.688000e+03, 48 iterations, 0.00 seconds (0.00 work units)

    Nodes    |    Current Node    |     Objective Bounds      |     Work
 Expl Unexpl |  Obj  Depth IntInf | Incumbent    BestBd   Gap | It/Node Time

     0     0 -5688.0000    0    6 -4907.0000 -5688.0000  15.9%     -    0s
H    0     0                    -5558.000000 -5688.0000  2.34%     -    0s
H    0     0                    -5688.000000 -5688.0000  0.00%     -    0s
     0     0 -5688.0000    0    8 -5688.0000 -5688.0000  0.00%     -    0s

Cutting planes:
  Gomory: 5
  Cover: 2
  Clique: 4
  MIR: 4
  StrongCG: 3
  GUB cover: 1
  RLT: 1

Explored 1 nodes (75 simplex iterations) in 0.01 seconds (0.00 work units)
Thread count was 4 (of 56 available processors)

Solution count 4: -5688 -5558 -4907 0 
No other solutions better than -5688

Optimal solution found (tolerance 1.00e-04)
Best objective -5.688000000000e+03, best bound -5.688000000000e+03, gap 0.0000%
