
Gurobi 9.5.0 (linux64) logging started Mon Apr 11 09:54:14 2022

Set parameter LogFile to value "/local_workspace/chenrui/LogFiles/MKAP/probT1_10e3_2S_R50_T002_M010_N0040_seed03_DWcutsT3_600.log"
Gurobi Optimizer version 9.5.0 build v9.5.0rc5 (linux64)
Thread count: 56 physical cores, 56 logical processors, using up to 4 threads
Optimize a model with 213 rows, 420 columns and 3759 nonzeros
Model fingerprint: 0xed548249
Variable types: 0 continuous, 420 integer (420 binary)
Coefficient statistics:
  Matrix range     [1e-13, 2e+03]
  Objective range  [2e+02, 1e+03]
  Bounds range     [1e+00, 1e+00]
  RHS range        [2e-13, 1e+01]
Warning: Model contains large matrix coefficient range
         Consider reformulating model or setting NumericFocus parameter
         to avoid numerical issues.
Found heuristic solution: objective 0.0000000
Presolve removed 39 rows and 119 columns
Presolve time: 0.01s
Presolved: 174 rows, 301 columns, 2638 nonzeros
Variable types: 0 continuous, 301 integer (301 binary)
Found heuristic solution: objective -13507.00000

Root relaxation: objective -1.553961e+04, 704 iterations, 0.01 seconds (0.01 work units)

    Nodes    |    Current Node    |     Objective Bounds      |     Work
 Expl Unexpl |  Obj  Depth IntInf | Incumbent    BestBd   Gap | It/Node Time

     0     0 -15539.606    0   37 -13507.000 -15539.606  15.0%     -    0s
H    0     0                    -14528.00000 -15539.606  6.96%     -    0s
H    0     0                    -14623.00000 -15539.606  6.27%     -    0s
H    0     0                    -14948.00000 -15539.606  3.96%     -    0s
     0     0 -15539.606    0   52 -14948.000 -15539.606  3.96%     -    0s
H    0     0                    -15184.00000 -15539.606  2.34%     -    0s
     0     0 -15539.606    0   46 -15184.000 -15539.606  2.34%     -    0s
     0     0 -15539.606    0   33 -15184.000 -15539.606  2.34%     -    0s
     0     0 -15539.606    0   35 -15184.000 -15539.606  2.34%     -    0s
H    0     0                    -15323.00000 -15539.606  1.41%     -    0s
     0     0 -15539.606    0   45 -15323.000 -15539.606  1.41%     -    0s
     0     0 -15539.606    0   43 -15323.000 -15539.606  1.41%     -    0s
     0     0 -15539.606    0   43 -15323.000 -15539.606  1.41%     -    0s
     0     0 -15539.606    0   41 -15323.000 -15539.606  1.41%     -    0s
     0     2 -15539.606    0   38 -15323.000 -15539.606  1.41%     -    0s
H 2906  1324                    -15343.00000 -15431.000  0.57%  30.9    2s
H 3631  1660                    -15348.00000 -15431.000  0.54%  30.7    2s
H 4366  1450                    -15415.00000 -15430.981  0.10%  30.1    2s
 12576  5740     cutoff   62      -15415.000 -15430.696  0.10%  32.5    5s
 21219  9354 -15428.826   49  101 -15415.000 -15430.558  0.10%  32.4   10s
 25378 10170 -15424.022   52   75 -15415.000 -15428.972  0.09%  36.8   15s
H28459  9320                    -15418.00000 -15428.609  0.07%  39.0   16s
 35255  8378     cutoff   77      -15418.000 -15426.859  0.06%  42.4   20s
 45446  5683     cutoff   69      -15418.000 -15425.000  0.05%  45.4   25s
 57611  3011     cutoff   57      -15418.000 -15423.000  0.03%  45.7   30s

Cutting planes:
  Gomory: 2
  Cover: 250
  Clique: 12
  MIR: 277
  StrongCG: 147
  Flow cover: 30
  Zero half: 8
  RLT: 2

Explored 63638 nodes (2907284 simplex iterations) in 32.87 seconds (62.40 work units)
Thread count was 4 (of 56 available processors)

Solution count 10: -15418 -15415 -15348 ... -13507

Optimal solution found (tolerance 1.00e-04)
Best objective -1.541800000000e+04, best bound -1.541900000000e+04, gap 0.0065%
