
Gurobi 9.5.0 (linux64) logging started Tue Apr 12 05:09:30 2022

Set parameter LogFile to value "/local_workspace/chenrui/LogFiles/MKAP/probT1_10e3_1W_R50_T005_M010_N0060_seed10_DWcutsT2_600.log"
Gurobi Optimizer version 9.5.0 build v9.5.0rc5 (linux64)
Thread count: 56 physical cores, 56 logical processors, using up to 4 threads
Optimize a model with 314 rows, 650 columns and 3749 nonzeros
Model fingerprint: 0x3364f842
Variable types: 0 continuous, 650 integer (650 binary)
Coefficient statistics:
  Matrix range     [1e-13, 3e+03]
  Objective range  [2e+02, 9e+02]
  Bounds range     [1e+00, 1e+00]
  RHS range        [5e-11, 6e+01]
Warning: Model contains large matrix coefficient range
         Consider reformulating model or setting NumericFocus parameter
         to avoid numerical issues.
Found heuristic solution: objective 0.0000000
Presolve removed 40 rows and 119 columns
Presolve time: 0.01s
Presolved: 274 rows, 531 columns, 2876 nonzeros
Found heuristic solution: objective -6897.000000
Variable types: 0 continuous, 531 integer (531 binary)

Root relaxation: objective -1.960626e+04, 1496 iterations, 0.03 seconds (0.03 work units)

    Nodes    |    Current Node    |     Objective Bounds      |     Work
 Expl Unexpl |  Obj  Depth IntInf | Incumbent    BestBd   Gap | It/Node Time

     0     0 -19606.258    0   86 -6897.0000 -19606.258   184%     -    0s
H    0     0                    -18657.00000 -19606.258  5.09%     -    0s
H    0     0                    -18716.00000 -19606.258  4.76%     -    0s
H    0     0                    -18831.00000 -19606.258  4.12%     -    0s
     0     0 -19606.258    0   90 -18831.000 -19606.258  4.12%     -    0s
     0     0 -19606.258    0   68 -18831.000 -19606.258  4.12%     -    0s
     0     0 -19606.258    0   73 -18831.000 -19606.258  4.12%     -    0s
     0     0 -19606.258    0  101 -18831.000 -19606.258  4.12%     -    0s
     0     0 -19606.258    0  119 -18831.000 -19606.258  4.12%     -    0s
H    0     0                    -18881.00000 -19606.258  3.84%     -    0s
H    0     0                    -19146.00000 -19606.258  2.40%     -    0s
     0     0 -19606.258    0  109 -19146.000 -19606.258  2.40%     -    0s
H    0     0                    -19247.00000 -19606.258  1.87%     -    0s
     0     0 -19606.258    0   99 -19247.000 -19606.258  1.87%     -    0s
     0     0 -19606.258    0  102 -19247.000 -19606.258  1.87%     -    0s
     0     0 -19606.258    0   96 -19247.000 -19606.258  1.87%     -    0s
     0     0 -19606.258    0   96 -19247.000 -19606.258  1.87%     -    0s
     0     2 -19606.258    0   95 -19247.000 -19606.258  1.87%     -    0s
H 1707   891                    -19306.00000 -19606.217  1.56%  25.9    1s
H 2937  1188                    -19322.00000 -19606.217  1.47%  24.2    1s
H 4051  1370                    -19434.00000 -19606.217  0.89%  23.1    2s
H 4802  1789                    -19438.00000 -19606.210  0.87%  23.0    2s
 19951  6833 -19450.547   42   38 -19438.000 -19598.898  0.83%  22.3    5s
 21027  6961 -19597.023   28  130 -19438.000 -19597.023  0.82%  22.5   10s
 48158  7135 -19465.359   40   50 -19438.000 -19548.147  0.57%  22.5   15s
H61182  8079                    -19455.00000 -19535.919  0.42%  21.6   16s
 87618  6880 -19492.423   36   99 -19455.000 -19509.469  0.28%  20.5   20s

Cutting planes:
  Gomory: 2
  Cover: 40
  Clique: 24
  MIR: 27
  StrongCG: 15
  Flow cover: 33
  GUB cover: 1
  Zero half: 3
  RLT: 5
  Relax-and-lift: 1

Explored 114832 nodes (2255262 simplex iterations) in 23.27 seconds (27.68 work units)
Thread count was 4 (of 56 available processors)

Solution count 10: -19455 -19438 -19434 ... -18716
No other solutions better than -19455

Optimal solution found (tolerance 1.00e-04)
Best objective -1.945500000000e+04, best bound -1.945500000000e+04, gap 0.0000%

Gurobi 9.5.0 (linux64) logging started Tue Apr 12 20:28:09 2022

Set parameter LogFile to value "/local_workspace/chenrui/LogFiles/MKAP/probT1_10e3_1W_R50_T005_M010_N0060_seed10_DWcutsT2_600.log"
Gurobi Optimizer version 9.5.0 build v9.5.0rc5 (linux64)
Thread count: 56 physical cores, 56 logical processors, using up to 4 threads
Optimize a model with 314 rows, 650 columns and 3749 nonzeros
Model fingerprint: 0x3364f842
Variable types: 0 continuous, 650 integer (650 binary)
Coefficient statistics:
  Matrix range     [1e-13, 3e+03]
  Objective range  [2e+02, 9e+02]
  Bounds range     [1e+00, 1e+00]
  RHS range        [5e-11, 6e+01]
Warning: Model contains large matrix coefficient range
         Consider reformulating model or setting NumericFocus parameter
         to avoid numerical issues.
Found heuristic solution: objective 0.0000000
Presolve removed 40 rows and 119 columns
Presolve time: 0.01s
Presolved: 274 rows, 531 columns, 2876 nonzeros
Found heuristic solution: objective -6897.000000
Variable types: 0 continuous, 531 integer (531 binary)

Root relaxation: objective -1.960626e+04, 1496 iterations, 0.03 seconds (0.03 work units)

    Nodes    |    Current Node    |     Objective Bounds      |     Work
 Expl Unexpl |  Obj  Depth IntInf | Incumbent    BestBd   Gap | It/Node Time

     0     0 -19606.258    0   86 -6897.0000 -19606.258   184%     -    0s
H    0     0                    -18657.00000 -19606.258  5.09%     -    0s
H    0     0                    -18716.00000 -19606.258  4.76%     -    0s
H    0     0                    -18831.00000 -19606.258  4.12%     -    0s
     0     0 -19606.258    0   90 -18831.000 -19606.258  4.12%     -    0s
     0     0 -19606.258    0   68 -18831.000 -19606.258  4.12%     -    0s
     0     0 -19606.258    0   73 -18831.000 -19606.258  4.12%     -    0s
     0     0 -19606.258    0  101 -18831.000 -19606.258  4.12%     -    0s
     0     0 -19606.258    0  119 -18831.000 -19606.258  4.12%     -    0s
H    0     0                    -18881.00000 -19606.258  3.84%     -    0s
H    0     0                    -19146.00000 -19606.258  2.40%     -    0s
     0     0 -19606.258    0  109 -19146.000 -19606.258  2.40%     -    0s
H    0     0                    -19247.00000 -19606.258  1.87%     -    0s
     0     0 -19606.258    0   99 -19247.000 -19606.258  1.87%     -    0s
     0     0 -19606.258    0  102 -19247.000 -19606.258  1.87%     -    0s
     0     0 -19606.258    0   96 -19247.000 -19606.258  1.87%     -    0s
     0     0 -19606.258    0   96 -19247.000 -19606.258  1.87%     -    0s
     0     2 -19606.258    0   95 -19247.000 -19606.258  1.87%     -    0s
H 1707   891                    -19306.00000 -19606.217  1.56%  25.9    1s
H 2937  1188                    -19322.00000 -19606.217  1.47%  24.2    1s
H 4051  1370                    -19434.00000 -19606.217  0.89%  23.1    2s
H 4802  1789                    -19438.00000 -19606.210  0.87%  23.0    2s
 19951  6833 -19450.547   42   38 -19438.000 -19598.898  0.83%  22.3    5s
 21035  6970 -19597.023   29  131 -19438.000 -19597.023  0.82%  22.5   10s
 48760  7225 -19460.837   48   36 -19438.000 -19547.484  0.56%  22.5   15s
H61182  8079                    -19455.00000 -19535.919  0.42%  21.6   16s
 88261  6780 -19490.606   43   59 -19455.000 -19508.544  0.28%  20.4   20s

Cutting planes:
  Gomory: 2
  Cover: 40
  Clique: 24
  MIR: 27
  StrongCG: 15
  Flow cover: 33
  GUB cover: 1
  Zero half: 3
  RLT: 5
  Relax-and-lift: 1

Explored 114832 nodes (2255262 simplex iterations) in 23.16 seconds (27.68 work units)
Thread count was 4 (of 56 available processors)

Solution count 10: -19455 -19438 -19434 ... -18716
No other solutions better than -19455

Optimal solution found (tolerance 1.00e-04)
Best objective -1.945500000000e+04, best bound -1.945500000000e+04, gap 0.0000%
