
Gurobi 9.5.0 (linux64) logging started Mon Apr 11 05:50:29 2022

Set parameter LogFile to value "/local_workspace/chenrui/LogFiles/MKAP/probT1_10e3_0U_R50_T002_M020_N0020_seed06_DWcutsT5_600.log"
Gurobi Optimizer version 9.5.0 build v9.5.0rc5 (linux64)
Thread count: 56 physical cores, 56 logical processors, using up to 4 threads
Optimize a model with 1345 rows, 440 columns and 10289 nonzeros
Model fingerprint: 0x6d144869
Variable types: 0 continuous, 440 integer (440 binary)
Coefficient statistics:
  Matrix range     [1e-13, 2e+03]
  Objective range  [1e+01, 9e+02]
  Bounds range     [1e+00, 1e+00]
  RHS range        [1e+00, 7e+02]
Warning: Model contains large matrix coefficient range
         Consider reformulating model or setting NumericFocus parameter
         to avoid numerical issues.
Found heuristic solution: objective 0.0000000
Presolve removed 1310 rows and 347 columns
Presolve time: 0.00s
Presolved: 35 rows, 93 columns, 187 nonzeros
Found heuristic solution: objective -4300.000000
Variable types: 0 continuous, 93 integer (93 binary)

Root relaxation: objective -5.137000e+03, 17 iterations, 0.00 seconds (0.00 work units)

    Nodes    |    Current Node    |     Objective Bounds      |     Work
 Expl Unexpl |  Obj  Depth IntInf | Incumbent    BestBd   Gap | It/Node Time

     0     0 -5137.0000    0    2 -4300.0000 -5137.0000  19.5%     -    0s
H    0     0                    -5137.000000 -5137.0000  0.00%     -    0s
     0     0 -5137.0000    0    2 -5137.0000 -5137.0000  0.00%     -    0s

Explored 1 nodes (17 simplex iterations) in 0.00 seconds (0.00 work units)
Thread count was 4 (of 56 available processors)

Solution count 3: -5137 -4300 0 
No other solutions better than -5137

Optimal solution found (tolerance 1.00e-04)
Best objective -5.137000000000e+03, best bound -5.137000000000e+03, gap 0.0000%
