
Gurobi 9.5.0 (linux64) logging started Sun Apr 10 21:33:19 2022

Set parameter LogFile to value "/local_workspace/chenrui/LogFiles/MKAP/probT1_10e3_0U_R50_T005_M010_N0060_seed08_objLB_600.log"
Gurobi Optimizer version 9.5.0 build v9.5.0rc5 (linux64)
Thread count: 56 physical cores, 56 logical processors, using up to 4 threads
Optimize a model with 121 rows, 650 columns and 1900 nonzeros
Model fingerprint: 0x950ac792
Variable types: 0 continuous, 650 integer (650 binary)
Coefficient statistics:
  Matrix range     [1e+00, 2e+03]
  Objective range  [5e+00, 1e+03]
  Bounds range     [1e+00, 1e+00]
  RHS range        [1e+00, 2e+04]
Found heuristic solution: objective 0.0000000
Presolve removed 10 rows and 44 columns
Presolve time: 0.00s
Presolved: 111 rows, 606 columns, 1778 nonzeros
Variable types: 0 continuous, 606 integer (606 binary)
Found heuristic solution: objective -13258.00000

Root relaxation: objective -2.416300e+04, 200 iterations, 0.00 seconds (0.00 work units)

    Nodes    |    Current Node    |     Objective Bounds      |     Work
 Expl Unexpl |  Obj  Depth IntInf | Incumbent    BestBd   Gap | It/Node Time

     0     0 -24163.000    0   24 -13258.000 -24163.000  82.3%     -    0s
H    0     0                    -18935.00000 -24163.000  27.6%     -    0s
H    0     0                    -21941.00000 -24163.000  10.1%     -    0s
     0     0 -24163.000    0   59 -21941.000 -24163.000  10.1%     -    0s
H    0     0                    -22001.00000 -24163.000  9.83%     -    0s
H    0     0                    -22773.00000 -24163.000  6.10%     -    0s
     0     0 -24163.000    0   58 -22773.000 -24163.000  6.10%     -    0s
H    0     0                    -22875.00000 -24163.000  5.63%     -    0s
     0     0 -24163.000    0   41 -22875.000 -24163.000  5.63%     -    0s
H    0     0                    -23109.00000 -24163.000  4.56%     -    0s
     0     0 -24163.000    0   40 -23109.000 -24163.000  4.56%     -    0s
H    0     0                    -23169.00000 -24163.000  4.29%     -    0s
     0     2 -24163.000    0   26 -23169.000 -24163.000  4.29%     -    0s
H   55    80                    -23357.00000 -24163.000  3.45%  41.2    0s
H  134   175                    -23446.00000 -24163.000  3.06%  28.8    0s
H  428   290                    -23513.00000 -24163.000  2.76%  17.5    0s
H  432   248                    -23796.00000 -24163.000  1.54%  17.4    0s
H 1033   370                    -23854.00000 -24163.000  1.30%  23.0    0s
H14227  2827                    -23901.00000 -24163.000  1.10%  19.0    3s
H16255  3261                    -23927.00000 -24163.000  0.99%  19.2    3s
 25530  5075     cutoff   30      -23927.000 -24163.000  0.99%  19.2    5s
H25531  4090                    -23999.00000 -24163.000  0.68%  19.2    5s
 60006  8426 -24098.951   37   26 -23999.000 -24163.000  0.68%  21.9   10s
 99075 14028     cutoff   51      -23999.000 -24163.000  0.68%  22.2   15s
 134445 18585 -24130.360   43   25 -23999.000 -24163.000  0.68%  22.5   20s
 171903 23950 -24068.813   36   40 -23999.000 -24163.000  0.68%  22.3   25s
 210815 28849 -24075.517   41   19 -23999.000 -24163.000  0.68%  22.4   30s
 249872 33831 -24163.000   32   32 -23999.000 -24163.000  0.68%  22.3   35s
 291071 37386     cutoff   59      -23999.000 -24163.000  0.68%  22.6   40s
 357448 44761     cutoff   54      -23999.000 -24154.055  0.65%  20.7   45s
 447089 53237 -24139.877   32   29 -23999.000 -24142.641  0.60%  18.5   50s
 535331 57736 -24030.599   32   24 -23999.000 -24129.510  0.54%  17.0   55s
 626213 58529 -24077.249   43   15 -23999.000 -24113.747  0.48%  15.8   60s
 719848 55000 -24056.218   53   19 -23999.000 -24096.041  0.40%  15.0   65s
 813788 47278 infeasible   39      -23999.000 -24076.924  0.32%  14.3   70s
 910943 34812     cutoff   53      -23999.000 -24054.491  0.23%  13.7   75s
 1007087  1987     cutoff   41      -23999.000 -24008.380  0.04%  13.1   80s

Cutting planes:
  Gomory: 10
  Cover: 66
  Clique: 35
  MIR: 16
  StrongCG: 13
  Flow cover: 10
  Zero half: 4

Explored 1010687 nodes (13254122 simplex iterations) in 80.15 seconds (99.31 work units)
Thread count was 4 (of 56 available processors)

Solution count 10: -23999 -23927 -23901 ... -23109
No other solutions better than -23999

Optimal solution found (tolerance 1.00e-04)
Best objective -2.399900000000e+04, best bound -2.399900000000e+04, gap 0.0000%
