
Gurobi 9.5.0 (linux64) logging started Mon Apr 11 22:41:07 2022

Set parameter LogFile to value "/local_workspace/chenrui/LogFiles/MKAP/probT1_10e3_0U_R50_T005_M010_N0060_seed04_original_600.log"
Gurobi Optimizer version 9.5.0 build v9.5.0rc5 (linux64)
Thread count: 56 physical cores, 56 logical processors, using up to 4 threads
Optimize a model with 120 rows, 650 columns and 1300 nonzeros
Model fingerprint: 0xec461599
Variable types: 0 continuous, 650 integer (650 binary)
Coefficient statistics:
  Matrix range     [1e+00, 2e+03]
  Objective range  [6e+01, 1e+03]
  Bounds range     [1e+00, 1e+00]
  RHS range        [1e+00, 1e+00]
Found heuristic solution: objective 0.0000000
Presolve removed 12 rows and 51 columns
Presolve time: 0.00s
Presolved: 108 rows, 599 columns, 1198 nonzeros
Variable types: 0 continuous, 599 integer (599 binary)
Found heuristic solution: objective -11902.00000

Root relaxation: objective -2.451906e+04, 273 iterations, 0.00 seconds (0.00 work units)

    Nodes    |    Current Node    |     Objective Bounds      |     Work
 Expl Unexpl |  Obj  Depth IntInf | Incumbent    BestBd   Gap | It/Node Time

     0     0 -24519.056    0   27 -11902.000 -24519.056   106%     -    0s
H    0     0                    -23087.00000 -24519.056  6.20%     -    0s
H    0     0                    -23202.00000 -24519.056  5.68%     -    0s
H    0     0                    -23267.00000 -24519.056  5.38%     -    0s
     0     0 -24481.896    0   50 -23267.000 -24481.896  5.22%     -    0s
H    0     0                    -23330.00000 -24481.896  4.94%     -    0s
     0     0 -24481.896    0   52 -23330.000 -24481.896  4.94%     -    0s
H    0     0                    -23362.00000 -24478.310  4.78%     -    0s
     0     0 -24478.310    0   54 -23362.000 -24478.310  4.78%     -    0s
H    0     0                    -23604.00000 -24478.310  3.70%     -    0s
     0     0 -24478.310    0   54 -23604.000 -24478.310  3.70%     -    0s
     0     0 -24478.310    0   67 -23604.000 -24478.310  3.70%     -    0s
     0     0 -24478.310    0   24 -23604.000 -24478.310  3.70%     -    0s
     0     2 -24478.310    0   24 -23604.000 -24478.310  3.70%     -    0s
H   31    54                    -23873.00000 -24478.310  2.54%  29.0    0s
H  498   505                    -23935.00000 -24478.310  2.27%  10.7    0s
H 1234   916                    -23962.00000 -24470.460  2.12%  13.8    0s
H 1269   891                    -24002.00000 -24466.074  1.93%  13.4    1s
H 1273   848                    -24015.00000 -24465.637  1.88%  13.4    1s
H 1339   845                    -24095.00000 -24462.822  1.53%  12.7    1s
H 1777  1074                    -24097.00000 -24457.784  1.50%  33.2    4s
  1841  1125 -24444.834   67   92 -24097.000 -24457.784  1.50%  34.5    5s
H 1863  1068                    -24184.00000 -24457.784  1.13%  34.9    5s
H 5339  2080                    -24189.00000 -24450.121  1.08%  41.3    7s
  9336  3741 -24351.580   64   84 -24189.000 -24439.890  1.04%  45.0   10s
H12574  4271                    -24236.00000 -24430.662  0.80%  45.0   12s
 17253  5201 -24379.905   62  119 -24236.000 -24417.875  0.75%  45.6   15s
H19019  5349                    -24243.00000 -24412.537  0.70%  46.2   16s
 21328  5691 -24277.031   64  164 -24243.000 -24406.680  0.68%  46.3   20s
 23039  5973 -24305.797   79   92 -24243.000 -24406.680  0.68%  46.7   25s
 33721  5167 -24359.647   69  129 -24243.000 -24388.444  0.60%  45.8   30s
*35819  3857              75    -24277.00004 -24379.107  0.42%  45.8   31s
 45054  1651     cutoff   82      -24277.000 -24326.376  0.20%  45.1   35s

Cutting planes:
  Gomory: 18
  Cover: 182
  Clique: 51
  MIR: 342
  StrongCG: 214
  Flow cover: 123
  Zero half: 7
  RLT: 2

Explored 48836 nodes (2119095 simplex iterations) in 35.81 seconds (57.72 work units)
Thread count was 4 (of 56 available processors)

Solution count 10: -24277 -24243 -24236 ... -23962

Optimal solution found (tolerance 1.00e-04)
Best objective -2.427700000000e+04, best bound -2.427700003956e+04, gap 0.0000%
