
Gurobi 9.5.0 (linux64) logging started Sun Apr 10 19:07:22 2022

Set parameter LogFile to value "/local_workspace/chenrui/LogFiles/MKAP/probT1_10e3_1W_R50_T002_M010_N0060_seed05_DWcutsT2_600.log"
Gurobi Optimizer version 9.5.0 build v9.5.0rc5 (linux64)
Thread count: 56 physical cores, 56 logical processors, using up to 4 threads
Optimize a model with 170 rows, 620 columns and 3708 nonzeros
Model fingerprint: 0xf3ea9269
Variable types: 0 continuous, 620 integer (620 binary)
Coefficient statistics:
  Matrix range     [2e-13, 3e+03]
  Objective range  [4e+01, 1e+03]
  Bounds range     [1e+00, 1e+00]
  RHS range        [4e-05, 3e+01]
Warning: Model contains large matrix coefficient range
         Consider reformulating model or setting NumericFocus parameter
         to avoid numerical issues.
Found heuristic solution: objective 0.0000000
Presolve removed 15 rows and 93 columns
Presolve time: 0.01s
Presolved: 155 rows, 527 columns, 3178 nonzeros
Found heuristic solution: objective -14540.00000
Variable types: 0 continuous, 527 integer (527 binary)

Root relaxation: objective -1.860684e+04, 1527 iterations, 0.02 seconds (0.03 work units)

    Nodes    |    Current Node    |     Objective Bounds      |     Work
 Expl Unexpl |  Obj  Depth IntInf | Incumbent    BestBd   Gap | It/Node Time

     0     0 -18606.838    0   63 -14540.000 -18606.838  28.0%     -    0s
H    0     0                    -17910.00000 -18606.838  3.89%     -    0s
H    0     0                    -18141.00000 -18606.838  2.57%     -    0s
     0     0 -18606.838    0   61 -18141.000 -18606.838  2.57%     -    0s
H    0     0                    -18151.00000 -18606.838  2.51%     -    0s
     0     0 -18606.838    0   53 -18151.000 -18606.838  2.51%     -    0s
H    0     0                    -18174.00000 -18606.838  2.38%     -    0s
     0     0 -18606.838    0   71 -18174.000 -18606.838  2.38%     -    0s
H    0     0                    -18251.00000 -18606.838  1.95%     -    0s
H    0     0                    -18256.00000 -18606.838  1.92%     -    0s
     0     0 -18606.838    0   58 -18256.000 -18606.838  1.92%     -    0s
     0     0 -18606.838    0   64 -18256.000 -18606.838  1.92%     -    0s
     0     0 -18606.838    0   64 -18256.000 -18606.838  1.92%     -    0s
H    0     0                    -18289.00000 -18606.838  1.74%     -    0s
     0     2 -18606.838    0   64 -18289.000 -18606.838  1.74%     -    0s
H   70    75                    -18296.00000 -18606.838  1.70%  98.4    0s
H 1132   874                    -18397.00000 -18606.838  1.14%  18.9    0s
H 1410  1003                    -18501.00027 -18606.838  0.57%  24.8    1s
 20745 13193 -18601.987   22   64 -18501.000 -18606.831  0.57%  16.6    5s
 28192 14940 -18547.969   75   27 -18501.000 -18599.413  0.53%  16.3   10s
 56912 21383 -18527.709   61   40 -18501.000 -18599.202  0.53%  19.5   15s
 75960 32491 -18511.245   70   69 -18501.000 -18599.139  0.53%  23.0   20s
 95027 44221     cutoff   72      -18501.000 -18599.084  0.53%  25.2   25s
 116653 56419     cutoff   59      -18501.000 -18599.053  0.53%  26.5   30s
 140345 69973 -18598.375   61   53 -18501.000 -18599.000  0.53%  26.7   35s
 165566 84073 -18572.985   74   26 -18501.000 -18598.994  0.53%  26.5   40s
 192135 98021     cutoff   61      -18501.000 -18598.992  0.53%  26.3   45s
H202357 53529                    -18550.00000 -18598.992  0.26%  26.3   47s
 209719 55481 -18598.977   48   74 -18550.000 -18598.977  0.26%  26.6   50s
 237383 60756 -18596.439   92   21 -18550.000 -18598.028  0.26%  26.0   55s
 299123 68183     cutoff   59      -18550.000 -18596.891  0.25%  23.5   60s
 350286 70686 -18593.866   75   26 -18550.000 -18596.658  0.25%  22.3   65s
H373632 65971                    -18552.00000 -18596.565  0.24%  21.9   66s
 404586 77253 -18588.978   71   36 -18552.000 -18596.477  0.24%  21.3   70s
 460886 97774     cutoff   88      -18552.000 -18596.370  0.24%  20.3   75s
 522870 119845 -18594.117   77   27 -18552.000 -18596.266  0.24%  19.5   80s
 584117 143378 -18588.187   82   25 -18552.000 -18596.166  0.24%  18.9   85s
 640404 163164 -18582.814   89   37 -18552.000 -18596.080  0.24%  18.5   90s
 698933 184663 -18589.846   85   18 -18552.000 -18596.005  0.24%  18.1   95s
 757818 202842 -18578.558   88   19 -18552.000 -18595.887  0.24%  17.8  100s
 817570 221272 -18594.079   81   25 -18552.000 -18595.762  0.24%  17.4  105s
 874800 240157     cutoff   62      -18552.000 -18595.685  0.24%  17.1  110s
 936746 257952 -18587.091   77   16 -18552.000 -18595.544  0.23%  16.8  115s
 992326 272772     cutoff   71      -18552.000 -18595.433  0.23%  16.6  120s
 1047413 290731     cutoff  100      -18552.000 -18595.373  0.23%  16.5  125s
 1103513 306757 -18554.116   88   22 -18552.000 -18595.280  0.23%  16.4  130s
 1161635 324324 -18592.450   81   24 -18552.000 -18595.198  0.23%  16.3  135s
 1224651 342352     cutoff   84      -18552.000 -18595.098  0.23%  16.1  140s
 1291632 361271 -18587.486   89   17 -18552.000 -18595.001  0.23%  15.9  145s
 1352557 377032     cutoff   74      -18552.000 -18594.908  0.23%  15.8  150s
 1415239 391066 -18587.152   75   26 -18552.000 -18594.807  0.23%  15.7  155s
 1476568 404217 -18592.441   80   24 -18552.000 -18594.720  0.23%  15.7  160s
 1533212 417111     cutoff   81      -18552.000 -18594.648  0.23%  15.6  165s
 1591567 430619 -18591.384   75   31 -18552.000 -18594.609  0.23%  15.6  170s
 1654215 442537 infeasible   81      -18552.000 -18594.506  0.23%  15.5  175s
 1713035 455207 -18577.739   71   24 -18552.000 -18594.426  0.23%  15.5  180s
 1775083 464120 -18572.843   85   14 -18552.000 -18594.366  0.23%  15.4  185s
 1836938 474244 -18586.373   76   31 -18552.000 -18594.275  0.23%  15.3  190s
 1896688 487274 -18574.763   90   19 -18552.000 -18594.202  0.23%  15.3  195s
 1953880 502032 -18584.586   99   20 -18552.000 -18594.143  0.23%  15.2  200s
 2006333 518711 -18580.315   89   31 -18552.000 -18594.114  0.23%  15.2  205s
 2071073 536305 -18559.474   79   25 -18552.000 -18594.062  0.23%  15.1  210s
 2128917 554176     cutoff   78      -18552.000 -18594.029  0.23%  15.1  215s
 2187094 570159 -18590.631   76   24 -18552.000 -18593.979  0.23%  15.1  220s
 2243403 582752     cutoff   71      -18552.000 -18593.925  0.23%  15.0  225s
 2299328 594265 -18584.329   91   37 -18552.000 -18593.868  0.23%  15.0  230s
 2358143 607673 -18587.828   83   33 -18552.000 -18593.812  0.23%  15.0  235s
 2408581 622097 -18586.704   92   24 -18552.000 -18593.782  0.23%  14.9  240s
 2456558 637151 -18593.757   77   23 -18552.000 -18593.757  0.23%  15.0  245s
 2511931 650394     cutoff   91      -18552.000 -18593.710  0.22%  15.0  250s
 2562046 659957     cutoff   78      -18552.000 -18593.673  0.22%  15.0  255s
 2619337 670502 -18579.733   97   38 -18552.000 -18593.626  0.22%  14.9  260s
 2670145 684129 -18587.226   88   24 -18552.000 -18593.597  0.22%  14.9  265s
 2726377 693550 -18585.402   74   23 -18552.000 -18593.546  0.22%  14.9  270s
 2782323 702736     cutoff   87      -18552.000 -18593.502  0.22%  14.9  275s
 2843483 713199     cutoff   83      -18552.000 -18593.446  0.22%  14.9  280s
 2896245 726746     cutoff   79      -18552.000 -18593.424  0.22%  14.9  285s
 2952141 737545 -18573.127   99   25 -18552.000 -18593.384  0.22%  14.9  290s
 3000000 750342 infeasible   90      -18552.000 -18593.369  0.22%  14.9  295s
 3054238 760948 -18589.144   73   29 -18552.000 -18593.333  0.22%  14.9  300s
 3097234 772692 -18560.065   84   16 -18552.000 -18593.333  0.22%  14.9  305s
 3154863 786057 -18560.638   73   25 -18552.000 -18593.306  0.22%  14.8  310s
 3200431 795595 -18593.306   79   26 -18552.000 -18593.306  0.22%  14.8  315s
 3253669 806399 -18592.327   74   18 -18552.000 -18593.274  0.22%  14.8  320s
 3297219 821051 -18587.592   80   26 -18552.000 -18593.261  0.22%  14.8  325s
 3348012 832166 -18559.175  100   20 -18552.000 -18593.235  0.22%  14.8  330s
 3407604 842187 -18576.649   81   20 -18552.000 -18593.192  0.22%  14.7  335s
 3466276 851096 -18583.145   81   24 -18552.000 -18593.149  0.22%  14.7  340s
 3515671 866295     cutoff   98      -18552.000 -18593.141  0.22%  14.7  345s
 3568200 874754 -18585.972   88   23 -18552.000 -18593.102  0.22%  14.7  350s
 3617456 882559 infeasible   76      -18552.000 -18593.068  0.22%  14.7  355s
 3669642 892107 infeasible   99      -18552.000 -18593.049  0.22%  14.7  360s
 3723043 901208 -18583.120   70   30 -18552.000 -18593.008  0.22%  14.7  365s
 3773784 911197     cutoff   81      -18552.000 -18592.986  0.22%  14.7  370s
 3833049 919004     cutoff   76      -18552.000 -18592.934  0.22%  14.7  375s
 3887541 927023     cutoff   89      -18552.000 -18592.902  0.22%  14.7  380s
 3947110 934377 -18592.752   84   27 -18552.000 -18592.850  0.22%  14.7  385s
 4007340 941607 -18588.944   82   42 -18552.000 -18592.793  0.22%  14.6  390s
 4059772 949668     cutoff   78      -18552.000 -18592.751  0.22%  14.6  395s
 4117037 956399 -18579.234   71   15 -18552.000 -18592.696  0.22%  14.6  400s
 4176127 964507 -18592.611   69   27 -18552.000 -18592.651  0.22%  14.6  405s
 4232937 972412 -18561.449   83   25 -18552.000 -18592.604  0.22%  14.6  410s
 4290346 987591 -18555.871  100   21 -18552.000 -18592.585  0.22%  14.6  415s
 4347476 994605 -18566.790   86   34 -18552.000 -18592.533  0.22%  14.6  420s
 4398987 1004266 -18578.995   76   26 -18552.000 -18592.493  0.22%  14.6  425s
 4455343 1012355 infeasible   73      -18552.000 -18592.450  0.22%  14.5  430s
 4499959 1025551 -18578.254   82   16 -18552.000 -18592.438  0.22%  14.6  435s
 4549541 1036060     cutoff  112      -18552.000 -18592.404  0.22%  14.6  440s
 4607464 1045900 -18573.806   90   25 -18552.000 -18592.355  0.22%  14.6  445s
 4661522 1056369     cutoff   83      -18552.000 -18592.323  0.22%  14.6  450s
 4700579 1069191 infeasible   98      -18552.000 -18592.314  0.22%  14.6  455s
 4739676 1078947     cutoff   82      -18552.000 -18592.304  0.22%  14.6  460s
 4780429 1087234     cutoff   82      -18552.000 -18592.285  0.22%  14.6  465s
 4819491 1089540     cutoff  100      -18552.000 -18592.232  0.22%  14.6  470s
 4854575 1094078     cutoff   84      -18552.000 -18592.205  0.22%  14.7  475s
 4900932 1101587 -18591.902   81   30 -18552.000 -18592.178  0.22%  14.7  480s
 4957829 1104688     cutoff   90      -18552.000 -18592.098  0.22%  14.6  485s
 5010359 1109665 -18584.080   67   37 -18552.000 -18592.038  0.22%  14.6  490s
 5067871 1111904 -18557.183   95   17 -18552.000 -18591.948  0.22%  14.6  495s
 5122692 1117523 -18591.892   68   31 -18552.000 -18591.893  0.22%  14.6  500s
 5174880 1122362     cutoff   77      -18552.000 -18591.828  0.21%  14.6  505s
 5225807 1128549 -18591.794   83   23 -18552.000 -18591.794  0.21%  14.6  510s
 5281938 1133565 -18580.314   80   29 -18552.000 -18591.747  0.21%  14.6  515s
 5334233 1138437 -18591.530   83   29 -18552.000 -18591.689  0.21%  14.6  520s
 5386669 1142689 -18571.378   97   35 -18552.000 -18591.630  0.21%  14.6  525s
 5442773 1146559     cutoff   82      -18552.000 -18591.578  0.21%  14.6  530s
 5500009 1149269 -18591.369   80   26 -18552.000 -18591.519  0.21%  14.6  535s
 5555839 1151699 -18564.061   84   26 -18552.000 -18591.441  0.21%  14.6  540s
 5613769 1155578 -18554.821   71   20 -18552.000 -18591.351  0.21%  14.6  545s
 5669472 1164824 -18581.971   74   21 -18552.000 -18591.314  0.21%  14.5  550s
 5722263 1164472     cutoff   83      -18552.000 -18591.275  0.21%  14.5  555s
 5779242 1166552 -18588.336   82   28 -18552.000 -18591.197  0.21%  14.5  560s
 5836318 1168352     cutoff   82      -18552.000 -18591.116  0.21%  14.5  565s
 5892717 1171387 -18555.480   79   24 -18552.000 -18591.027  0.21%  14.5  570s
 5951846 1172203 -18578.999   96   25 -18552.000 -18590.932  0.21%  14.5  575s
 6005763 1173916 -18590.664   99   22 -18552.000 -18590.850  0.21%  14.5  580s
 6055851 1176351 -18586.103   81   23 -18552.000 -18590.772  0.21%  14.5  585s
 6113647 1177409 -18587.975   82   16 -18552.000 -18590.670  0.21%  14.5  590s
 6167698 1179444 -18578.870   83   20 -18552.000 -18590.574  0.21%  14.5  595s
 6225968 1182927 -18581.806   88   35 -18552.000 -18590.487  0.21%  14.4  600s

Cutting planes:
  Gomory: 2
  Cover: 39
  Clique: 10
  MIR: 74
  StrongCG: 60
  Flow cover: 24
  GUB cover: 2
  Zero half: 1
  RLT: 4

Explored 6226617 nodes (89975338 simplex iterations) in 600.00 seconds (965.50 work units)
Thread count was 4 (of 56 available processors)

Solution count 10: -18552 -18550 -18501 ... -18151

Time limit reached
Best objective -1.855200000000e+04, best bound -1.859000000000e+04, gap 0.2048%
