
Gurobi 9.5.0 (linux64) logging started Sun Apr 10 23:17:04 2022

Set parameter LogFile to value "/local_workspace/chenrui/LogFiles/MKAP/probT1_10e3_2S_R50_T002_M020_N0020_seed08_DWcutsT1_600.log"
Gurobi Optimizer version 9.5.0 build v9.5.0rc5 (linux64)
Thread count: 56 physical cores, 56 logical processors, using up to 4 threads
Optimize a model with 160 rows, 440 columns and 1725 nonzeros
Model fingerprint: 0x8164216a
Variable types: 0 continuous, 440 integer (440 binary)
Coefficient statistics:
  Matrix range     [3e-09, 1e+03]
  Objective range  [3e+02, 1e+03]
  Bounds range     [1e+00, 1e+00]
  RHS range        [9e-07, 1e+00]
Found heuristic solution: objective 0.0000000
Presolve removed 99 rows and 339 columns
Presolve time: 0.00s
Presolved: 61 rows, 101 columns, 343 nonzeros
Found heuristic solution: objective -4373.000000
Variable types: 0 continuous, 101 integer (101 binary)

Root relaxation: cutoff, 0 iterations, 0.00 seconds (0.00 work units)

Explored 1 nodes (0 simplex iterations) in 0.00 seconds (0.00 work units)
Thread count was 4 (of 56 available processors)

Solution count 2: -4373 0 
No other solutions better than -4373

Optimal solution found (tolerance 1.00e-04)
Best objective -4.373000000000e+03, best bound -4.373000000000e+03, gap 0.0000%
