
Gurobi 9.5.0 (linux64) logging started Tue Apr 12 00:40:46 2022

Set parameter LogFile to value "/local_workspace/chenrui/LogFiles/MKAP/probT1_10e3_1W_R50_T002_M010_N0040_seed10_DWcutsT1_600.log"
Gurobi Optimizer version 9.5.0 build v9.5.0rc5 (linux64)
Thread count: 56 physical cores, 56 logical processors, using up to 4 threads
Optimize a model with 109 rows, 420 columns and 1657 nonzeros
Model fingerprint: 0x9373f992
Variable types: 0 continuous, 420 integer (420 binary)
Coefficient statistics:
  Matrix range     [1e+00, 1e+03]
  Objective range  [2e+02, 9e+02]
  Bounds range     [1e+00, 1e+00]
  RHS range        [1e-13, 3e+02]
Found heuristic solution: objective 0.0000000
Presolve removed 16 rows and 61 columns
Presolve time: 0.00s
Presolved: 93 rows, 359 columns, 1433 nonzeros
Variable types: 0 continuous, 359 integer (359 binary)
Found heuristic solution: objective -9819.000000

Root relaxation: objective -1.284302e+04, 451 iterations, 0.00 seconds (0.00 work units)

    Nodes    |    Current Node    |     Objective Bounds      |     Work
 Expl Unexpl |  Obj  Depth IntInf | Incumbent    BestBd   Gap | It/Node Time

     0     0 -12843.021    0   12 -9819.0000 -12843.021  30.8%     -    0s
H    0     0                    -12268.00000 -12843.021  4.69%     -    0s
H    0     0                    -12343.00000 -12843.021  4.05%     -    0s
H    0     0                    -12474.00000 -12843.021  2.96%     -    0s
     0     0 -12843.021    0   46 -12474.000 -12843.021  2.96%     -    0s
H    0     0                    -12530.00000 -12843.021  2.50%     -    0s
     0     0 -12843.021    0   30 -12530.000 -12843.021  2.50%     -    0s
     0     0 -12843.021    0   23 -12530.000 -12843.021  2.50%     -    0s
     0     0 -12843.021    0   30 -12530.000 -12843.021  2.50%     -    0s
     0     0 -12843.021    0   25 -12530.000 -12843.021  2.50%     -    0s
     0     2 -12843.021    0   21 -12530.000 -12843.021  2.50%     -    0s
H  161   183                    -12556.00000 -12843.021  2.29%  27.8    0s
H  423   486                    -12557.00000 -12843.021  2.28%  17.4    0s
H  512   478                    -12615.00000 -12843.021  1.81%  16.7    0s
H  652   489                    -12707.00000 -12843.021  1.07%  15.3    0s
H19397  9877                    -12745.00000 -12839.392  0.74%  17.0    2s
H20677  8120                    -12774.00000 -12839.169  0.51%  17.0    3s
 20757  8148 -12779.715   50   96 -12774.000 -12827.972  0.42%  17.1    5s
 50733  8111 -12780.730   65   22 -12774.000 -12811.734  0.30%  16.6   10s
 124965 12817 -12791.962   62   32 -12774.000 -12798.473  0.19%  14.4   15s
H194038   124                    -12784.00000 -12784.226  0.00%  13.7   19s

Cutting planes:
  Gomory: 6
  Cover: 19
  Clique: 4
  MIR: 39
  StrongCG: 15
  Flow cover: 16
  RLT: 2

Explored 194791 nodes (2659761 simplex iterations) in 19.59 seconds (26.12 work units)
Thread count was 4 (of 56 available processors)

Solution count 10: -12784 -12774 -12745 ... -12343
No other solutions better than -12784

Optimal solution found (tolerance 1.00e-04)
Best objective -1.278400000000e+04, best bound -1.278400000000e+04, gap 0.0000%

Gurobi 9.5.0 (linux64) logging started Tue Apr 12 17:08:27 2022

Set parameter LogFile to value "/local_workspace/chenrui/LogFiles/MKAP/probT1_10e3_1W_R50_T002_M010_N0040_seed10_DWcutsT1_600.log"
Gurobi Optimizer version 9.5.0 build v9.5.0rc5 (linux64)
Thread count: 56 physical cores, 56 logical processors, using up to 4 threads
Optimize a model with 109 rows, 420 columns and 1657 nonzeros
Model fingerprint: 0x9373f992
Variable types: 0 continuous, 420 integer (420 binary)
Coefficient statistics:
  Matrix range     [1e+00, 1e+03]
  Objective range  [2e+02, 9e+02]
  Bounds range     [1e+00, 1e+00]
  RHS range        [1e-13, 3e+02]
Found heuristic solution: objective 0.0000000
Presolve removed 16 rows and 61 columns
Presolve time: 0.00s
Presolved: 93 rows, 359 columns, 1433 nonzeros
Variable types: 0 continuous, 359 integer (359 binary)
Found heuristic solution: objective -9819.000000

Root relaxation: objective -1.284302e+04, 451 iterations, 0.00 seconds (0.00 work units)

    Nodes    |    Current Node    |     Objective Bounds      |     Work
 Expl Unexpl |  Obj  Depth IntInf | Incumbent    BestBd   Gap | It/Node Time

     0     0 -12843.021    0   12 -9819.0000 -12843.021  30.8%     -    0s
H    0     0                    -12268.00000 -12843.021  4.69%     -    0s
H    0     0                    -12343.00000 -12843.021  4.05%     -    0s
H    0     0                    -12474.00000 -12843.021  2.96%     -    0s
     0     0 -12843.021    0   46 -12474.000 -12843.021  2.96%     -    0s
H    0     0                    -12530.00000 -12843.021  2.50%     -    0s
     0     0 -12843.021    0   30 -12530.000 -12843.021  2.50%     -    0s
     0     0 -12843.021    0   23 -12530.000 -12843.021  2.50%     -    0s
     0     0 -12843.021    0   30 -12530.000 -12843.021  2.50%     -    0s
     0     0 -12843.021    0   25 -12530.000 -12843.021  2.50%     -    0s
     0     2 -12843.021    0   21 -12530.000 -12843.021  2.50%     -    0s
H  161   183                    -12556.00000 -12843.021  2.29%  27.8    0s
H  423   486                    -12557.00000 -12843.021  2.28%  17.4    0s
H  512   478                    -12615.00000 -12843.021  1.81%  16.7    0s
H  652   489                    -12707.00000 -12843.021  1.07%  15.3    0s
H19397  9877                    -12745.00000 -12839.392  0.74%  17.0    2s
H20677  8120                    -12774.00000 -12839.169  0.51%  17.0    3s
 20757  8148 -12779.715   50   96 -12774.000 -12827.972  0.42%  17.1    5s
 51335  8236 -12804.470   51   39 -12774.000 -12811.625  0.29%  16.6   10s
 125563 12868     cutoff   66      -12774.000 -12798.406  0.19%  14.3   15s
H194038   124                    -12784.00000 -12784.226  0.00%  13.7   19s

Cutting planes:
  Gomory: 6
  Cover: 19
  Clique: 4
  MIR: 39
  StrongCG: 15
  Flow cover: 16
  RLT: 2

Explored 194791 nodes (2659761 simplex iterations) in 19.57 seconds (26.12 work units)
Thread count was 4 (of 56 available processors)

Solution count 10: -12784 -12774 -12745 ... -12343
No other solutions better than -12784

Optimal solution found (tolerance 1.00e-04)
Best objective -1.278400000000e+04, best bound -1.278400000000e+04, gap 0.0000%
