
Gurobi 9.5.0 (linux64) logging started Sun Apr 10 22:46:24 2022

Set parameter LogFile to value "/local_workspace/chenrui/LogFiles/MKAP/probT1_10e3_2S_R50_T005_M010_N0060_seed01_DWcutsT5_600.log"
Gurobi Optimizer version 9.5.0 build v9.5.0rc5 (linux64)
Thread count: 56 physical cores, 56 logical processors, using up to 4 threads
Optimize a model with 1715 rows, 650 columns and 20348 nonzeros
Model fingerprint: 0xb752eb05
Variable types: 0 continuous, 650 integer (650 binary)
Coefficient statistics:
  Matrix range     [1e-13, 4e+03]
  Objective range  [2e+02, 1e+03]
  Bounds range     [1e+00, 1e+00]
  RHS range        [1e-07, 4e+01]
Warning: Model contains large matrix coefficient range
         Consider reformulating model or setting NumericFocus parameter
         to avoid numerical issues.
Found heuristic solution: objective 0.0000000
Presolve removed 321 rows and 70 columns
Presolve time: 0.09s
Presolved: 1394 rows, 580 columns, 16002 nonzeros
Found heuristic solution: objective -8623.000000
Variable types: 0 continuous, 580 integer (580 binary)

Root relaxation: objective -2.230966e+04, 2036 iterations, 0.13 seconds (0.19 work units)

    Nodes    |    Current Node    |     Objective Bounds      |     Work
 Expl Unexpl |  Obj  Depth IntInf | Incumbent    BestBd   Gap | It/Node Time

     0     0 -22309.656    0  183 -8623.0000 -22309.656   159%     -    0s
H    0     0                    -18768.00000 -22309.656  18.9%     -    0s
H    0     0                    -19802.00000 -22309.656  12.7%     -    0s
H    0     0                    -21075.00000 -22309.656  5.86%     -    0s
H    0     0                    -21348.00000 -22309.656  4.50%     -    0s
H    0     0                    -21481.00000 -22309.656  3.86%     -    0s
     0     0 -22309.656    0  197 -21481.000 -22309.656  3.86%     -    0s
     0     0 -22309.656    0  194 -21481.000 -22309.656  3.86%     -    0s
     0     0 -22309.400    0  198 -21481.000 -22309.400  3.86%     -    0s
     0     0 -22309.400    0  198 -21481.000 -22309.400  3.86%     -    0s
     0     0 -22309.146    0  198 -21481.000 -22309.146  3.86%     -    0s
     0     0 -22309.098    0  191 -21481.000 -22309.098  3.86%     -    0s
H    0     0                    -21710.00000 -22309.098  2.76%     -    0s
     0     2 -22309.098    0  191 -21710.000 -22309.098  2.76%     -    0s
H   32    36                    -21792.00000 -22309.098  2.37%   145    1s
H   33    36                    -21840.00000 -22309.098  2.15%   143    1s
H   65    70                    -21845.00000 -22309.098  2.12%  97.5    1s
H   66    70                    -21900.00000 -22309.098  1.87%  96.1    1s
H  649   446                    -21908.00000 -22306.349  1.82%  46.9    2s
  1075   687 -22302.875   10  190 -21908.000 -22302.875  1.80%  42.3    5s
H 1250   767                    -21916.00000 -22302.875  1.77%  53.0    6s
H 2059  1013                    -21960.00000 -22302.875  1.56%  54.3    7s
H 3144  1163                    -22098.00000 -22302.875  0.93%  56.1    9s
H 3719  1428                    -22131.00002 -22301.509  0.77%  57.6    9s
  4073  1682 -22154.512   29  108 -22131.000 -22300.509  0.77%  58.1   10s
 10964  5364 -22262.852   24  150 -22131.000 -22291.823  0.73%  58.0   15s
H11052  5120                    -22150.00000 -22291.823  0.64%  58.0   15s
 17451  8444 -22269.430   20  154 -22150.000 -22286.216  0.61%  57.1   20s
 21079  9826 -22250.969   27  191 -22150.000 -22284.279  0.61%  56.2   25s
 21094  9841 -22284.279   25  238 -22150.000 -22284.279  0.61%  56.3   30s
 22670 10265 -22271.873   34  172 -22150.000 -22284.279  0.61%  57.9   35s
 29290 11732 -22231.678   47  141 -22150.000 -22281.831  0.60%  58.1   40s
 37916 12883 -22166.699   48  127 -22150.000 -22274.818  0.56%  56.9   45s
 47554 13481 -22162.763   51   61 -22150.000 -22268.373  0.53%  55.5   50s
 58003 16324     cutoff   44      -22150.000 -22262.715  0.51%  54.0   55s
 67667 19629 -22182.998   49   98 -22150.000 -22258.748  0.49%  52.9   60s
 79109 23370     cutoff   64      -22150.000 -22255.220  0.48%  51.6   65s
 89974 27108     cutoff   47      -22150.000 -22252.500  0.46%  50.5   70s
 101769 30615     cutoff   45      -22150.000 -22250.342  0.45%  49.6   75s
 113445 34111 -22228.848   38   59 -22150.000 -22248.215  0.44%  48.8   80s
 125359 37632 -22197.343   48  108 -22150.000 -22246.239  0.43%  48.1   85s
 136910 41043 -22226.669   40  119 -22150.000 -22244.621  0.43%  47.6   90s
 148375 44136 -22220.149   50   58 -22150.000 -22243.059  0.42%  47.2   95s
 161005 47401 -22212.986   49   68 -22150.000 -22241.600  0.41%  46.5  100s
 174038 50867 -22205.510   49   52 -22150.000 -22240.096  0.41%  45.9  105s
 185612 53767 -22234.268   50   51 -22150.000 -22238.950  0.40%  45.3  110s
 194563 55826 -22173.415   47   64 -22150.000 -22238.065  0.40%  44.9  115s
 204173 58012 -22160.608   43   83 -22150.000 -22237.168  0.39%  44.6  120s
 213778 60266 -22185.481   57   46 -22150.000 -22236.213  0.39%  44.2  125s
 223187 62485 -22160.081   47   56 -22150.000 -22235.327  0.39%  43.8  130s
 233198 64936 -22192.535   44  115 -22150.000 -22234.518  0.38%  43.5  135s
 242942 67157 -22228.474   48  137 -22150.000 -22233.753  0.38%  43.2  140s
 253466 69375     cutoff   51      -22150.000 -22232.928  0.37%  42.8  145s
 263837 71692 -22186.154   58   61 -22150.000 -22232.191  0.37%  42.5  150s
 273555 73779 -22225.490   52   49 -22150.000 -22231.441  0.37%  42.2  155s
 283570 75753 -22156.313   48   96 -22150.000 -22230.742  0.36%  42.0  160s
 293462 77530 -22206.116   42  121 -22150.000 -22230.050  0.36%  41.8  165s
 303109 79459 -22159.089   55   55 -22150.000 -22229.394  0.36%  41.5  170s
 314126 81572 -22208.487   49   56 -22150.000 -22228.685  0.36%  41.3  175s
 323142 83116     cutoff   43      -22150.000 -22228.129  0.35%  41.1  180s
 333545 85206 -22169.748   58   55 -22150.000 -22227.478  0.35%  40.8  185s
 344418 87153 infeasible   44      -22150.000 -22226.791  0.35%  40.6  190s
 355138 89265     cutoff   49      -22150.000 -22226.160  0.34%  40.4  195s
 366183 91260 -22158.225   53   64 -22150.000 -22225.530  0.34%  40.2  200s
 376859 93139 -22186.205   51   75 -22150.000 -22224.950  0.34%  40.0  205s
 387162 94941 -22199.420   57   48 -22150.000 -22224.350  0.34%  39.8  210s
 398261 96897 -22220.530   44  108 -22150.000 -22223.771  0.33%  39.6  215s
 407973 98627 -22180.823   48  113 -22150.000 -22223.300  0.33%  39.5  220s
 419088 100221 -22187.863   40  146 -22150.000 -22222.696  0.33%  39.3  225s
 429896 102001     cutoff   54      -22150.000 -22222.159  0.33%  39.1  230s
 441146 103844     cutoff   55      -22150.000 -22221.576  0.32%  39.0  235s
 451619 105519     cutoff   67      -22150.000 -22221.074  0.32%  38.8  240s
 463076 107062 -22212.156   41  110 -22150.000 -22220.509  0.32%  38.6  245s
 472997 108685 -22162.776   45   44 -22150.000 -22219.998  0.32%  38.5  250s
 483626 110077 -22194.673   50   85 -22150.000 -22219.493  0.31%  38.4  255s
 495196 111660 -22187.555   46   99 -22150.000 -22218.965  0.31%  38.2  260s
 506348 113132     cutoff   56      -22150.000 -22218.431  0.31%  38.1  265s
 517525 114569 -22190.131   55   47 -22150.000 -22217.911  0.31%  38.0  270s
 528559 115836 -22158.632   46   77 -22150.000 -22217.424  0.30%  37.8  275s
 539603 117022 -22215.892   51   49 -22150.000 -22216.926  0.30%  37.7  280s
 550980 118410 -22213.750   44   60 -22150.000 -22216.440  0.30%  37.6  285s
 562289 119512     cutoff   44      -22150.000 -22215.957  0.30%  37.5  290s
 573310 120737 -22152.228   46   56 -22150.000 -22215.452  0.30%  37.3  295s
 584808 122006 -22161.177   50   82 -22150.000 -22214.950  0.29%  37.2  300s
 596230 123251 -22202.514   46   95 -22150.000 -22214.488  0.29%  37.1  305s
 607895 124368 -22188.659   68   42 -22150.000 -22214.005  0.29%  37.0  310s
 619528 125655 -22208.990   50   45 -22150.000 -22213.536  0.29%  36.9  315s
 630764 126747     cutoff   45      -22150.000 -22213.122  0.28%  36.8  320s
 642464 127923 -22209.011   52   66 -22150.000 -22212.674  0.28%  36.6  325s
 653913 129054     cutoff   60      -22150.000 -22212.227  0.28%  36.5  330s
 665822 130153 -22174.532   49   85 -22150.000 -22211.745  0.28%  36.4  335s
 677953 131200 -22211.145   67   73 -22150.000 -22211.302  0.28%  36.3  340s
 689537 132104     cutoff   64      -22150.000 -22210.852  0.27%  36.2  345s
 700826 132910 -22203.966   42   77 -22150.000 -22210.409  0.27%  36.1  350s
 712087 133839     cutoff   38      -22150.000 -22210.008  0.27%  36.0  355s
 723963 134654 -22151.387   51   92 -22150.000 -22209.572  0.27%  35.9  360s
 735978 135558 -22171.656   62   23 -22150.000 -22209.118  0.27%  35.8  365s
 747814 136423 -22156.841   51   84 -22150.000 -22208.697  0.26%  35.7  370s
 759832 137310 -22160.842   58   73 -22150.000 -22208.256  0.26%  35.6  375s
 771515 138166     cutoff   59      -22150.000 -22207.853  0.26%  35.5  380s
 783562 138954 -22189.066   40   94 -22150.000 -22207.437  0.26%  35.5  385s
 795267 139831     cutoff   51      -22150.000 -22207.043  0.26%  35.4  390s
 807764 140601     cutoff   49      -22150.000 -22206.600  0.26%  35.3  395s
 819133 141456 -22170.917   44  125 -22150.000 -22206.242  0.25%  35.2  400s
 832027 142151     cutoff   57      -22150.000 -22205.817  0.25%  35.1  405s
 843635 142811     cutoff   60      -22150.000 -22205.443  0.25%  35.0  410s
 856179 143445     cutoff   52      -22150.000 -22205.029  0.25%  35.0  415s
 868393 144021 -22193.668   56   80 -22150.000 -22204.624  0.25%  34.9  420s
 880468 144599 -22185.917   47  112 -22150.000 -22204.240  0.24%  34.8  425s
 892951 145196 -22153.714   47   98 -22150.000 -22203.831  0.24%  34.7  430s
 904378 145580 -22197.698   44   74 -22150.000 -22203.463  0.24%  34.7  435s
 916652 146037 -22184.117   41  123 -22150.000 -22203.073  0.24%  34.6  440s
 929332 146540 -22162.165   46   59 -22150.000 -22202.674  0.24%  34.5  445s
 941111 146824 -22198.785   46   87 -22150.000 -22202.301  0.24%  34.4  450s
 953600 147149 -22182.950   44   85 -22150.000 -22201.877  0.23%  34.4  455s
 965357 147351 -22176.556   65   31 -22150.000 -22201.503  0.23%  34.3  460s
 977424 147612     cutoff   61      -22150.000 -22201.134  0.23%  34.2  465s
 990143 147853 -22153.916   40   82 -22150.000 -22200.743  0.23%  34.2  470s
 1002547 147964     cutoff   53      -22150.000 -22200.354  0.23%  34.1  475s
 1015349 148340 -22181.346   38   79 -22150.000 -22199.991  0.23%  34.0  480s
 1028117 148440 -22161.139   62   42 -22150.000 -22199.584  0.22%  34.0  485s
 1039978 148433 -22186.021   55   58 -22150.000 -22199.222  0.22%  33.9  490s
 1052170 148467 -22181.550   62   43 -22150.000 -22198.835  0.22%  33.8  495s
 1063991 148543     cutoff   66      -22150.000 -22198.469  0.22%  33.8  500s
 1076058 148415 -22173.246   49   72 -22150.000 -22198.097  0.22%  33.7  505s
 1088788 148297 -22170.910   62   48 -22150.000 -22197.726  0.22%  33.7  510s
 1101360 148147 -22195.921   55   50 -22150.000 -22197.340  0.21%  33.6  515s
 1114404 147903     cutoff   49      -22150.000 -22196.929  0.21%  33.6  520s
 1127392 147700     cutoff   45      -22150.000 -22196.538  0.21%  33.5  525s
 1139735 147395 -22159.694   42   81 -22150.000 -22196.159  0.21%  33.4  530s
 1150230 146969 -22169.980   56  101 -22150.000 -22195.840  0.21%  33.4  535s
 1163727 146382 -22161.910   54   76 -22150.000 -22195.421  0.21%  33.3  540s
 1176382 146037 -22155.334   58   69 -22150.000 -22195.047  0.20%  33.3  545s
 1189623 145568     cutoff   51      -22150.000 -22194.646  0.20%  33.2  550s
 1202680 145068 -22157.895   46   95 -22150.000 -22194.247  0.20%  33.2  555s
 1215497 144542 -22160.796   55   72 -22150.000 -22193.868  0.20%  33.1  560s
 1228120 143945 -22156.429   70   33 -22150.000 -22193.486  0.20%  33.1  565s
 1240921 143224 -22185.113   65   67 -22150.000 -22193.087  0.19%  33.0  570s
 1253372 142534     cutoff   67      -22150.000 -22192.694  0.19%  32.9  575s
 1267204 141908 -22179.569   41   70 -22150.000 -22192.295  0.19%  32.9  580s
 1280309 141174 -22154.735   44   62 -22150.000 -22191.894  0.19%  32.8  585s
 1292343 140469 -22179.440   44  108 -22150.000 -22191.518  0.19%  32.8  590s
 1305455 139698 -22188.798   58   72 -22150.000 -22191.115  0.19%  32.7  595s
 1318782 138720     cutoff   53      -22150.000 -22190.681  0.18%  32.7  600s

Cutting planes:
  Cover: 5
  Clique: 1
  MIR: 9
  StrongCG: 2
  Flow cover: 5
  Zero half: 1
  RLT: 1

Explored 1319236 nodes (43106766 simplex iterations) in 600.00 seconds (887.21 work units)
Thread count was 4 (of 56 available processors)

Solution count 10: -22150 -22131 -22098 ... -21792

Time limit reached
Best objective -2.215000000000e+04, best bound -2.219000000000e+04, gap 0.1806%
