
Gurobi 9.5.0 (linux64) logging started Mon Apr 11 23:08:15 2022

Set parameter LogFile to value "/local_workspace/chenrui/LogFiles/MKAP/probT1_10e3_2S_R50_T005_M010_N0060_seed04_objLB_600.log"
Gurobi Optimizer version 9.5.0 build v9.5.0rc5 (linux64)
Thread count: 56 physical cores, 56 logical processors, using up to 4 threads
Optimize a model with 121 rows, 650 columns and 1900 nonzeros
Model fingerprint: 0x69099bcd
Variable types: 0 continuous, 650 integer (650 binary)
Coefficient statistics:
  Matrix range     [1e+00, 3e+03]
  Objective range  [3e+02, 1e+03]
  Bounds range     [1e+00, 1e+00]
  RHS range        [1e+00, 2e+04]
Found heuristic solution: objective 0.0000000
Presolve removed 10 rows and 42 columns
Presolve time: 0.00s
Presolved: 111 rows, 608 columns, 1784 nonzeros
Variable types: 0 continuous, 608 integer (608 binary)
Found heuristic solution: objective -18439.00000

Root relaxation: objective -2.395300e+04, 263 iterations, 0.00 seconds (0.00 work units)

    Nodes    |    Current Node    |     Objective Bounds      |     Work
 Expl Unexpl |  Obj  Depth IntInf | Incumbent    BestBd   Gap | It/Node Time

     0     0 -23953.000    0   22 -18439.000 -23953.000  29.9%     -    0s
H    0     0                    -21569.00000 -23953.000  11.1%     -    0s
H    0     0                    -21924.00000 -23953.000  9.25%     -    0s
H    0     0                    -22863.00000 -23953.000  4.77%     -    0s
     0     0 -23953.000    0   69 -22863.000 -23953.000  4.77%     -    0s
H    0     0                    -22866.00000 -23953.000  4.75%     -    0s
     0     0 -23953.000    0   48 -22866.000 -23953.000  4.75%     -    0s
     0     0 -23953.000    0   17 -22866.000 -23953.000  4.75%     -    0s
H    0     0                    -23005.00000 -23953.000  4.12%     -    0s
     0     0 -23953.000    0   32 -23005.000 -23953.000  4.12%     -    0s
     0     0 -23953.000    0   25 -23005.000 -23953.000  4.12%     -    0s
     0     0 -23953.000    0   24 -23005.000 -23953.000  4.12%     -    0s
     0     2 -23953.000    0   24 -23005.000 -23953.000  4.12%     -    0s
H   47    69                    -23249.00000 -23953.000  3.03%  46.9    0s
H  187   219                    -23377.00000 -23953.000  2.46%  30.1    0s
H  546   416                    -23398.00000 -23953.000  2.37%  17.7    0s
H  812   478                    -23505.00000 -23953.000  1.91%  17.2    0s
H 1051   545                    -23526.00000 -23953.000  1.82%  16.9    0s
H 1061   525                    -23591.00000 -23953.000  1.53%  19.8    0s
H 1146   575                    -23638.00000 -23953.000  1.33%  21.5    0s
H 1987   835                    -23677.00000 -23953.000  1.17%  17.0    1s
H 3209  1333                    -23703.00000 -23953.000  1.05%  14.6    1s
H 3214  1333                    -23706.00000 -23953.000  1.04%  14.5    1s
H16136  6943                    -23717.00000 -23953.000  1.00%  11.9    3s
 30453 12849     cutoff   44      -23717.000 -23953.000  1.00%  11.9    5s
 87226 36176 -23751.492   36   36 -23717.000 -23953.000  1.00%  11.4   10s
 152389 65594 -23953.000   30   32 -23717.000 -23953.000  1.00%  10.7   15s
 213199 93041 -23859.186   38   26 -23717.000 -23953.000  1.00%  10.8   20s
H217478 94832                    -23719.00000 -23953.000  0.99%  10.8   20s
 270791 118081 -23844.360   43   22 -23719.000 -23953.000  0.99%  10.7   25s
H278526 118356                    -23734.00000 -23953.000  0.92%  10.7   26s
 320729 136502 -23899.299   44   56 -23734.000 -23953.000  0.92%  10.8   30s
 380211 162257 -23881.476   54   15 -23734.000 -23953.000  0.92%  10.9   35s
H402661 163502                    -23750.00000 -23953.000  0.85%  11.0   37s
 430381 174096 -23773.301   48   25 -23750.000 -23953.000  0.85%  11.1   40s
 480720 193202 -23853.318   47    9 -23750.000 -23953.000  0.85%  11.2   45s
 533243 213712 -23889.321   43   28 -23750.000 -23953.000  0.85%  11.3   50s
 594018 238712 -23848.113   49   25 -23750.000 -23953.000  0.85%  11.3   55s
 648990 259567 -23801.158   53   23 -23750.000 -23953.000  0.85%  11.3   60s
 696287 277122 -23755.094   33   33 -23750.000 -23953.000  0.85%  11.3   65s
 752685 297215 -23824.196   39   32 -23750.000 -23953.000  0.85%  11.4   70s
 807166 317979 -23953.000   44   26 -23750.000 -23953.000  0.85%  11.4   75s
 858882 336791     cutoff   42      -23750.000 -23953.000  0.85%  11.5   80s
 912859 355501 -23863.720   47   20 -23750.000 -23953.000  0.85%  11.5   85s
 973885 374222 -23878.649   47   13 -23750.000 -23953.000  0.85%  11.4   90s
 1017622 393208     cutoff   52      -23750.000 -23953.000  0.85%  11.5   95s
 1078412 416758 -23842.807   46   39 -23750.000 -23953.000  0.85%  11.5  100s
 1138974 440780 -23926.165   36   32 -23750.000 -23953.000  0.85%  11.5  105s
 1191777 461210 -23818.700   41   47 -23750.000 -23953.000  0.85%  11.5  110s
 1252091 484416 -23953.000   36   28 -23750.000 -23953.000  0.85%  11.5  115s
 1307566 507357 -23913.062   39   29 -23750.000 -23953.000  0.85%  11.5  120s
 1358487 528260 -23904.563   50   28 -23750.000 -23953.000  0.85%  11.5  125s
 1409658 548675 -23920.564   43   36 -23750.000 -23953.000  0.85%  11.5  130s
 1459885 568536 -23953.000   28   26 -23750.000 -23953.000  0.85%  11.6  135s
 1505539 585498     cutoff   27      -23750.000 -23953.000  0.85%  11.6  140s
 1557634 605197 -23920.479   41   29 -23750.000 -23953.000  0.85%  11.7  145s
 1606334 622015 -23798.252   40   24 -23750.000 -23953.000  0.85%  11.7  150s
 1659927 639696 -23938.740   42   34 -23750.000 -23953.000  0.85%  11.7  155s
 1713002 657434 -23772.149   40   37 -23750.000 -23953.000  0.85%  11.7  160s
 1764469 677712 -23791.986   68   23 -23750.000 -23953.000  0.85%  11.8  165s
 1818711 699490 -23865.630   50   26 -23750.000 -23953.000  0.85%  11.8  170s
 1867774 716535 -23921.893   49   28 -23750.000 -23953.000  0.85%  11.8  175s
 1932023 736634 -23891.576   56   30 -23750.000 -23953.000  0.85%  11.8  180s
 1985676 756456 -23863.155   39   30 -23750.000 -23953.000  0.85%  11.8  185s
 2039956 775172 -23910.125   49   23 -23750.000 -23953.000  0.85%  11.7  190s
 2098933 797279 -23805.715   63    8 -23750.000 -23953.000  0.85%  11.7  195s
 2154496 818907 -23953.000   33   41 -23750.000 -23953.000  0.85%  11.7  200s
 2216170 840705 -23895.353   48   25 -23750.000 -23953.000  0.85%  11.7  205s
 2275976 863928 -23949.115   58   40 -23750.000 -23953.000  0.85%  11.7  210s
 2329905 883074 -23789.689   43   15 -23750.000 -23953.000  0.85%  11.7  215s
 2383127 903768 -23953.000   40   32 -23750.000 -23953.000  0.85%  11.7  220s
 2434040 922979 -23953.000   33   36 -23750.000 -23953.000  0.85%  11.7  225s
 2490186 942469 -23800.747   56   32 -23750.000 -23953.000  0.85%  11.7  230s
 2546365 961360 -23837.021   59   22 -23750.000 -23953.000  0.85%  11.7  235s
 2598363 978103     cutoff   50      -23750.000 -23953.000  0.85%  11.7  240s
 2660938 999028 -23836.437   36   20 -23750.000 -23953.000  0.85%  11.7  245s
 2714714 1017820 -23877.831   46   19 -23750.000 -23953.000  0.85%  11.7  250s
 2769649 1038094 -23939.324   36   24 -23750.000 -23953.000  0.85%  11.7  255s
 2823956 1058501     cutoff   47      -23750.000 -23953.000  0.85%  11.7  260s
 2875561 1077094 -23901.754   39   23 -23750.000 -23953.000  0.85%  11.7  265s
 2928771 1097383 -23788.544   46   17 -23750.000 -23953.000  0.85%  11.7  270s
 2998764 1123731 -23869.059   36   30 -23750.000 -23951.371  0.85%  11.6  275s
 3091010 1158776 -23948.750   42   44 -23750.000 -23949.909  0.84%  11.5  280s
 3192758 1196886 -23881.776   59   10 -23750.000 -23948.527  0.84%  11.4  285s
 3292644 1233800 -23921.926   44   22 -23750.000 -23947.345  0.83%  11.2  290s
 3395395 1272244 -23924.907   44   29 -23750.000 -23946.209  0.83%  11.1  295s
 3500994 1310369 -23891.241   35   34 -23750.000 -23945.118  0.82%  11.0  300s
 3606963 1348708     cutoff   50      -23750.000 -23944.038  0.82%  10.9  305s
 3711755 1386265 -23902.752   40   27 -23750.000 -23943.055  0.81%  10.8  310s
 3817018 1423569     cutoff   57      -23750.000 -23942.117  0.81%  10.6  315s
 3918775 1458951 -23851.677   46   16 -23750.000 -23941.242  0.81%  10.6  320s
 4025523 1495918 -23917.266   39   41 -23750.000 -23940.317  0.80%  10.4  325s
 4131504 1532891     cutoff   51      -23750.000 -23939.461  0.80%  10.4  330s
 4238590 1569350 -23860.602   37   22 -23750.000 -23938.595  0.79%  10.3  335s
 4345966 1606006 -23862.817   53   23 -23750.000 -23937.752  0.79%  10.2  340s
 4452746 1641916 -23852.968   51   40 -23750.000 -23936.956  0.79%  10.1  345s
 4557449 1677280 -23845.449   50    9 -23750.000 -23936.182  0.78%  10.0  350s
 4664380 1713174 -23795.431   47   14 -23750.000 -23935.411  0.78%   9.9  355s
 4773154 1749344 -23919.840   41   33 -23750.000 -23934.657  0.78%   9.8  360s
 4880957 1784416 -23780.054   44   11 -23750.000 -23933.929  0.77%   9.8  365s
 4988885 1819599 -23781.126   34   29 -23750.000 -23933.204  0.77%   9.7  370s
 5095862 1854086 -23903.213   37   28 -23750.000 -23932.515  0.77%   9.6  375s
 5215567 1893090 -23836.159   42   26 -23750.000 -23931.771  0.77%   9.6  380s
 5336340 1932012 -23804.409   45   26 -23750.000 -23931.027  0.76%   9.5  385s
 5458048 1970653     cutoff   66      -23750.000 -23930.307  0.76%   9.4  390s
 5578156 2009161 -23897.635   46   34 -23750.000 -23929.595  0.76%   9.3  395s
 5700944 2047570 -23879.983   46   22 -23750.000 -23928.897  0.75%   9.3  400s
 5820572 2085875 -23798.064   52   12 -23750.000 -23928.227  0.75%   9.2  405s
 5942052 2123989     cutoff   66      -23750.000 -23927.562  0.75%   9.1  410s
 6056827 2159881 -23925.805   38   34 -23750.000 -23926.969  0.75%   9.1  415s
 6176398 2197091 -23881.148   42   27 -23750.000 -23926.341  0.74%   9.0  420s
 6299326 2235390 -23893.414   62   23 -23750.000 -23925.718  0.74%   9.0  425s
 6420022 2272945 -23902.662   43   25 -23750.000 -23925.123  0.74%   8.9  430s
 6542028 2310640 -23805.414   56   18 -23750.000 -23924.532  0.73%   8.9  435s
 6652981 2344192     cutoff   39      -23750.000 -23923.985  0.73%   8.8  440s
 6773862 2380837 -23902.284   44   12 -23750.000 -23923.403  0.73%   8.8  445s
 6897228 2418660     cutoff   51      -23750.000 -23922.826  0.73%   8.7  450s
 7020750 2456165     cutoff   44      -23750.000 -23922.265  0.73%   8.7  455s
 7142377 2493092 -23793.604   47   18 -23750.000 -23921.716  0.72%   8.6  460s
 7264872 2530650     cutoff   42      -23750.000 -23921.188  0.72%   8.6  465s
 7388848 2567293     cutoff   37      -23750.000 -23920.666  0.72%   8.5  470s
 7512645 2604161 -23754.433   70   15 -23750.000 -23920.150  0.72%   8.5  475s
 7637040 2640491 -23760.707   49   20 -23750.000 -23919.645  0.71%   8.5  480s
 7761997 2677354     cutoff   45      -23750.000 -23919.135  0.71%   8.4  485s
 7887820 2714090 -23828.374   49   19 -23750.000 -23918.630  0.71%   8.4  490s
 8014532 2751262 -23868.315   38   18 -23750.000 -23918.126  0.71%   8.3  495s
 8131034 2785147 -23877.237   34   50 -23750.000 -23917.672  0.71%   8.3  500s
 8251990 2820033 -23826.920   57   30 -23750.000 -23917.218  0.70%   8.3  505s
 8371809 2854269 -23751.157   41   23 -23750.000 -23916.769  0.70%   8.2  510s
 8490175 2888084 -23863.026   31   10 -23750.000 -23916.321  0.70%   8.2  515s
 8610916 2922461 -23764.256   72   23 -23750.000 -23915.867  0.70%   8.2  520s
 8732712 2957055 -23900.650   49   36 -23750.000 -23915.429  0.70%   8.1  525s
 8842230 2987741 -23868.366   37   29 -23750.000 -23915.033  0.69%   8.1  530s
 8962139 3020948 -23820.440   46   43 -23750.000 -23914.603  0.69%   8.1  535s
 9083258 3054856 -23784.034   44   21 -23750.000 -23914.176  0.69%   8.0  540s
 9204926 3088884     cutoff   63      -23750.000 -23913.758  0.69%   8.0  545s
 9326028 3122708     cutoff   57      -23750.000 -23913.345  0.69%   8.0  550s
 9448378 3156582 -23894.880   50   36 -23750.000 -23912.934  0.69%   8.0  555s
 9570282 3190454 -23840.590   56    8 -23750.000 -23912.527  0.68%   7.9  560s
 9691837 3223592 -23853.884   50   23 -23750.000 -23912.131  0.68%   7.9  565s
 9815249 3257327 -23797.213   54   10 -23750.000 -23911.733  0.68%   7.9  570s
 9937519 3290419     cutoff   43      -23750.000 -23911.333  0.68%   7.8  575s
 10059173 3323094 -23910.943   29   30 -23750.000 -23910.943  0.68%   7.8  580s
 10181974 3356486     cutoff   61      -23750.000 -23910.549  0.68%   7.8  585s
 10305713 3390278 -23844.965   46   24 -23750.000 -23910.173  0.67%   7.8  590s
 10429415 3423158 -23802.967   56   17 -23750.000 -23909.789  0.67%   7.7  595s
 10546208 3454338 -23815.552   50   22 -23750.000 -23909.436  0.67%   7.7  600s

Cutting planes:
  Gomory: 11
  Cover: 51
  Clique: 28
  MIR: 13
  StrongCG: 17
  Flow cover: 18
  Zero half: 3
  RLT: 1

Explored 10546212 nodes (81417157 simplex iterations) in 600.00 seconds (734.45 work units)
Thread count was 4 (of 56 available processors)

Solution count 10: -23750 -23734 -23719 ... -23526

Time limit reached
Best objective -2.375000000000e+04, best bound -2.390900000000e+04, gap 0.6695%
