
Gurobi 9.5.0 (linux64) logging started Sun Apr 10 17:40:05 2022

Set parameter LogFile to value "/local_workspace/chenrui/LogFiles/MKAP/probT1_10e3_2S_R50_T002_M010_N0040_seed05_DWcutsT3_600.log"
Gurobi Optimizer version 9.5.0 build v9.5.0rc5 (linux64)
Thread count: 56 physical cores, 56 logical processors, using up to 4 threads
Optimize a model with 218 rows, 420 columns and 3844 nonzeros
Model fingerprint: 0x43476231
Variable types: 0 continuous, 420 integer (420 binary)
Coefficient statistics:
  Matrix range     [1e-13, 2e+03]
  Objective range  [2e+02, 1e+03]
  Bounds range     [1e+00, 1e+00]
  RHS range        [4e-12, 6e+01]
Warning: Model contains large matrix coefficient range
         Consider reformulating model or setting NumericFocus parameter
         to avoid numerical issues.
Found heuristic solution: objective 0.0000000
Presolve removed 28 rows and 103 columns
Presolve time: 0.01s
Presolved: 190 rows, 317 columns, 2827 nonzeros
Variable types: 0 continuous, 317 integer (317 binary)
Found heuristic solution: objective -14138.00000

Root relaxation: objective -1.528892e+04, 828 iterations, 0.01 seconds (0.01 work units)

    Nodes    |    Current Node    |     Objective Bounds      |     Work
 Expl Unexpl |  Obj  Depth IntInf | Incumbent    BestBd   Gap | It/Node Time

     0     0 -15288.925    0   29 -14138.000 -15288.925  8.14%     -    0s
H    0     0                    -14535.00000 -15288.925  5.19%     -    0s
H    0     0                    -14970.00000 -15288.925  2.13%     -    0s
     0     0 -15288.925    0   54 -14970.000 -15288.925  2.13%     -    0s
     0     0 -15288.925    0   38 -14970.000 -15288.925  2.13%     -    0s
     0     0 -15288.925    0   58 -14970.000 -15288.925  2.13%     -    0s
     0     0 -15288.925    0   30 -14970.000 -15288.925  2.13%     -    0s
     0     0 -15288.925    0   32 -14970.000 -15288.925  2.13%     -    0s
     0     0 -15288.925    0   50 -14970.000 -15288.925  2.13%     -    0s
     0     0 -15288.835    0   57 -14970.000 -15288.835  2.13%     -    0s
     0     0 -15288.835    0   53 -14970.000 -15288.835  2.13%     -    0s
     0     2 -15288.835    0   53 -14970.000 -15288.835  2.13%     -    0s
H  178   180                    -14990.00000 -15288.835  1.99%  27.7    0s
H  292   250                    -15018.00000 -15288.835  1.80%  27.8    0s
H  359   293                    -15020.00017 -15288.835  1.79%  25.2    0s
H  367   293                    -15024.00000 -15288.835  1.76%  25.6    0s
H 1512   934                    -15034.00066 -15287.138  1.68%  23.8    0s
H 9048  5798                    -15043.00000 -15287.138  1.62%  14.3    1s
H11740  7414                    -15055.00000 -15287.138  1.54%  13.9    2s
H13151  8028                    -15070.00000 -15287.138  1.44%  13.7    2s
H26406 15972                    -15074.00000 -15286.328  1.41%  13.4    4s
 27641 16909 -15279.263   36   48 -15074.000 -15286.228  1.41%  13.5    5s
H65815 36810                    -15080.00000 -15284.622  1.36%  14.7    8s
 77580 42708 -15279.417   31   31 -15080.000 -15284.211  1.35%  14.8   10s
H102648 54229                    -15084.00000 -15283.462  1.32%  14.9   12s
 127033 65345 -15282.726   34   55 -15084.000 -15282.844  1.32%  14.9   15s
 173227 87060 -15265.532   34   28 -15084.000 -15281.892  1.31%  15.1   20s
 227568 110955 -15198.954   38   43 -15084.000 -15280.989  1.31%  15.0   25s
 278437 132847 -15277.182   29   49 -15084.000 -15280.319  1.30%  15.0   30s
 330245 155040     cutoff   46      -15084.000 -15279.787  1.30%  15.1   35s
 377284 174436 -15161.491   42   31 -15084.000 -15279.294  1.29%  15.2   40s
 426416 194078 -15271.191   28   31 -15084.000 -15278.836  1.29%  15.3   45s
 485512 217612 -15177.452   46   23 -15084.000 -15278.269  1.29%  15.3   50s
 546844 241095 -15109.913   42   21 -15084.000 -15277.779  1.28%  15.3   55s
 608862 264617 -15110.042   40   29 -15084.000 -15277.358  1.28%  15.2   60s
 671176 288115 -15096.380   38   20 -15084.000 -15276.959  1.28%  15.2   65s
 730606 310253 -15271.433   32   45 -15084.000 -15276.559  1.28%  15.2   70s
 792680 333516 -15241.076   42   42 -15084.000 -15276.161  1.27%  15.1   75s
 852753 354723 -15219.728   40   30 -15084.000 -15275.789  1.27%  15.1   80s
 914666 376888 -15155.847   39   17 -15084.000 -15275.413  1.27%  15.1   85s
 974930 398352 -15179.445   37   34 -15084.000 -15275.053  1.27%  15.1   90s
 1034605 419557 -15133.310   45   27 -15084.000 -15274.714  1.26%  15.1   95s
 1088693 438018 -15266.204   40   42 -15084.000 -15274.462  1.26%  15.1  100s
 1148693 458164 -15178.457   45   36 -15084.000 -15274.136  1.26%  15.1  105s
 1206474 478129 -15267.167   44   40 -15084.000 -15273.822  1.26%  15.0  110s
 1262286 496956 -15107.920   39   25 -15084.000 -15273.525  1.26%  15.0  115s
H1291493 502915                    -15089.00000 -15273.375  1.22%  15.0  117s
 1317444 511863 -15120.147   47   10 -15089.000 -15273.238  1.22%  15.0  120s
 1376343 531012 -15204.365   48   34 -15089.000 -15272.941  1.22%  15.0  125s
 1435395 550599 -15202.023   41   38 -15089.000 -15272.675  1.22%  15.0  130s
H1440713 548310                    -15093.00048 -15272.652  1.19%  15.0  130s
 1493372 565041 -15123.464   50   19 -15093.000 -15272.398  1.19%  15.0  135s
 1551634 583280     cutoff   47      -15093.000 -15272.103  1.19%  15.0  140s
 1595813 597374 -15264.519   30   32 -15093.000 -15271.885  1.19%  15.0  145s
 1641802 611636     cutoff   43      -15093.000 -15271.657  1.18%  15.0  150s
 1685434 625385 -15218.496   34   11 -15093.000 -15271.447  1.18%  15.0  155s
 1731892 639691 -15257.161   40   46 -15093.000 -15271.227  1.18%  15.0  160s
 1777206 653864 -15198.859   49   36 -15093.000 -15271.015  1.18%  15.0  165s
 1820663 667135     cutoff   45      -15093.000 -15270.817  1.18%  15.0  170s
 1868425 681647 -15199.131   44   33 -15093.000 -15270.613  1.18%  14.9  175s
 1911431 694760 -15197.175   34   33 -15093.000 -15270.418  1.18%  14.9  180s
 1957428 708715 -15118.472   46   40 -15093.000 -15270.220  1.17%  14.9  185s
 2002205 721857 -15152.539   46   17 -15093.000 -15270.025  1.17%  14.9  190s
 2049688 736274 -15178.797   44   40 -15093.000 -15269.824  1.17%  14.9  195s
 2094287 749752 -15199.263   43   41 -15093.000 -15269.631  1.17%  14.9  200s
 2139105 762733 -15117.812   42   25 -15093.000 -15269.449  1.17%  14.9  205s
 2189743 777912 -15267.169   48   40 -15093.000 -15269.250  1.17%  14.9  210s
 2241179 792575 -15237.342   35   51 -15093.000 -15269.031  1.17%  14.9  215s
 2292521 807765     cutoff   37      -15093.000 -15268.818  1.16%  14.9  220s
 2340352 821296 -15266.183   34   31 -15093.000 -15268.619  1.16%  14.9  225s
 2391686 836201 -15194.328   48   29 -15093.000 -15268.402  1.16%  14.9  230s
 2442235 850724 -15134.565   46   35 -15093.000 -15268.188  1.16%  14.8  235s
 2493567 865787 -15203.479   43   18 -15093.000 -15267.981  1.16%  14.8  240s
 2544831 880010 infeasible   42      -15093.000 -15267.768  1.16%  14.8  245s
 2595840 894582 -15206.092   47   20 -15093.000 -15267.570  1.16%  14.8  250s
 2646877 909049 -15162.760   46   35 -15093.000 -15267.369  1.16%  14.8  255s
 2697248 922997 -15250.898   39   37 -15093.000 -15267.169  1.15%  14.8  260s
 2748160 937242     cutoff   45      -15093.000 -15266.956  1.15%  14.8  265s
 2798511 951691 -15222.776   35   26 -15093.000 -15266.759  1.15%  14.8  270s
 2848792 965817 -15246.088   42   35 -15093.000 -15266.567  1.15%  14.8  275s
 2898433 979683 -15147.041   45   37 -15093.000 -15266.366  1.15%  14.8  280s
 2948296 993432 -15215.016   44   14 -15093.000 -15266.167  1.15%  14.8  285s
 2998988 1007080 -15143.666   51   26 -15093.000 -15265.972  1.15%  14.8  290s
 3047448 1020632 -15168.646   37   33 -15093.000 -15265.775  1.14%  14.7  295s
 3098812 1034507 -15245.572   33   21 -15093.000 -15265.572  1.14%  14.7  300s
 3149645 1048374     cutoff   51      -15093.000 -15265.370  1.14%  14.7  305s
 3200576 1062878 -15185.323   43   30 -15093.000 -15265.181  1.14%  14.7  310s
 3251596 1076443     cutoff   46      -15093.000 -15264.980  1.14%  14.7  315s
 3302942 1090550     cutoff   37      -15093.000 -15264.782  1.14%  14.7  320s
 3352669 1104386     cutoff   44      -15093.000 -15264.596  1.14%  14.7  325s
 3403380 1118393 -15122.105   53   24 -15093.000 -15264.397  1.14%  14.7  330s
 3455160 1132694     cutoff   41      -15093.000 -15264.202  1.13%  14.7  335s
 3507399 1146973     cutoff   46      -15093.000 -15264.013  1.13%  14.7  340s
 3557581 1160596 -15178.962   49   20 -15093.000 -15263.835  1.13%  14.6  345s
 3609615 1174303 -15178.514   36   18 -15093.000 -15263.647  1.13%  14.6  350s
 3663413 1190355 -15231.095   41   38 -15093.000 -15263.480  1.13%  14.6  355s
 3716278 1205075 -15165.496   41   44 -15093.000 -15263.294  1.13%  14.6  360s
 3768976 1219506     cutoff   48      -15093.000 -15263.107  1.13%  14.6  365s
 3821030 1233425 -15143.202   50   26 -15093.000 -15262.925  1.13%  14.6  370s
 3872985 1249285 -15114.069   38   17 -15093.000 -15262.795  1.12%  14.6  375s
 3924717 1263412 -15244.430   46   27 -15093.000 -15262.631  1.12%  14.6  380s
 3977049 1277068 -15253.508   41   54 -15093.000 -15262.457  1.12%  14.5  385s
 4028177 1290915 -15232.740   43   28 -15093.000 -15262.286  1.12%  14.5  390s
 4079500 1304482     cutoff   37      -15093.000 -15262.111  1.12%  14.5  395s
 4131280 1318459     cutoff   48      -15093.000 -15261.945  1.12%  14.5  400s
 4183779 1333136 -15254.953   30   37 -15093.000 -15261.787  1.12%  14.5  405s
 4236772 1346964 -15204.085   48   41 -15093.000 -15261.608  1.12%  14.5  410s
 4290452 1361663     cutoff   46      -15093.000 -15261.436  1.12%  14.5  415s
 4341917 1375365 -15145.177   43   36 -15093.000 -15261.270  1.11%  14.5  420s
 4391604 1388593     cutoff   57      -15093.000 -15261.106  1.11%  14.4  425s
 4444078 1402494 -15202.198   51   33 -15093.000 -15260.936  1.11%  14.4  430s
 4497465 1416620     cutoff   46      -15093.000 -15260.761  1.11%  14.4  435s
 4550140 1430199     cutoff   54      -15093.000 -15260.583  1.11%  14.4  440s
 4602361 1443806 -15211.317   45   46 -15093.000 -15260.415  1.11%  14.4  445s
 4653748 1456865 -15169.950   35   39 -15093.000 -15260.243  1.11%  14.4  450s
 4703364 1469706     cutoff   39      -15093.000 -15260.081  1.11%  14.4  455s
 4755548 1483204 -15125.319   49    6 -15093.000 -15259.915  1.11%  14.4  460s
 4806782 1495979     cutoff   47      -15093.000 -15259.746  1.10%  14.4  465s
 4859472 1509692 -15163.093   51   31 -15093.000 -15259.582  1.10%  14.4  470s
 4911673 1522829 -15242.790   23   44 -15093.000 -15259.420  1.10%  14.3  475s
 4963562 1536346     cutoff   40      -15093.000 -15259.253  1.10%  14.3  480s
 5014278 1548727     cutoff   45      -15093.000 -15259.131  1.10%  14.3  485s
 5067220 1562263 -15210.499   44   30 -15093.000 -15258.964  1.10%  14.3  490s
 5119284 1575715 -15212.330   50   10 -15093.000 -15258.805  1.10%  14.3  495s
 5172008 1589288 -15103.087   47   36 -15093.000 -15258.639  1.10%  14.3  500s
 5224415 1602920     cutoff   49      -15093.000 -15258.475  1.10%  14.3  505s
 5274932 1616236 -15247.468   46   22 -15093.000 -15258.326  1.10%  14.3  510s
 5327974 1629708 -15171.118   56   12 -15093.000 -15258.165  1.09%  14.3  515s
 5381779 1643244 -15168.954   34   20 -15093.000 -15257.998  1.09%  14.3  520s
 5434228 1656436 -15110.272   71   17 -15093.000 -15257.845  1.09%  14.2  525s
 5485625 1669654 -15103.320   51   27 -15093.000 -15257.690  1.09%  14.2  530s
 5539381 1683356 -15124.403   53   26 -15093.000 -15257.534  1.09%  14.2  535s
 5590957 1696940 -15095.724   46   21 -15093.000 -15257.383  1.09%  14.2  540s
 5644467 1710474 -15097.698   43   29 -15093.000 -15257.223  1.09%  14.2  545s
 5697305 1723527     cutoff   41      -15093.000 -15257.064  1.09%  14.2  550s
 5751081 1737188 -15196.323   50   41 -15093.000 -15256.907  1.09%  14.2  555s
 5803925 1750286 -15097.758   31   10 -15093.000 -15256.747  1.08%  14.2  560s
 5854751 1763237     cutoff   51      -15093.000 -15256.603  1.08%  14.2  565s
 5908357 1777210 -15203.567   50   36 -15093.000 -15256.450  1.08%  14.2  570s
 5959480 1789776 -15231.694   41   12 -15093.000 -15256.298  1.08%  14.2  575s
 6012504 1802969 -15193.649   53   29 -15093.000 -15256.148  1.08%  14.1  580s
 6066515 1816098 -15167.072   45   31 -15093.000 -15255.994  1.08%  14.1  585s
 6120342 1829318     cutoff   46      -15093.000 -15255.843  1.08%  14.1  590s
 6174758 1842926 -15198.894   33   17 -15093.000 -15255.687  1.08%  14.1  595s
 6228604 1856372 -15133.432   43   25 -15093.000 -15255.535  1.08%  14.1  600s

Cutting planes:
  Cover: 4
  Clique: 1
  MIR: 18
  StrongCG: 6
  Flow cover: 10

Explored 6229115 nodes (87862894 simplex iterations) in 600.00 seconds (724.09 work units)
Thread count was 4 (of 56 available processors)

Solution count 10: -15093 -15089 -15084 ... -15024

Time limit reached
Best objective -1.509300000000e+04, best bound -1.525500000000e+04, gap 1.0733%
