
Gurobi 9.5.0 (linux64) logging started Sun Apr 10 21:18:22 2022

Set parameter LogFile to value "/local_workspace/chenrui/LogFiles/MKAP/probT1_10e3_2S_R50_T005_M020_N0020_seed05_DWcutsT3_600.log"
Gurobi Optimizer version 9.5.0 build v9.5.0rc5 (linux64)
Thread count: 56 physical cores, 56 logical processors, using up to 4 threads
Optimize a model with 940 rows, 500 columns and 3460 nonzeros
Model fingerprint: 0xaa2b3783
Variable types: 0 continuous, 500 integer (500 binary)
Coefficient statistics:
  Matrix range     [4e-09, 1e+03]
  Objective range  [2e+02, 1e+03]
  Bounds range     [1e+00, 1e+00]
  RHS range        [1e+00, 1e+00]
Found heuristic solution: objective 0.0000000
Presolve removed 940 rows and 500 columns
Presolve time: 0.00s
Presolve: All rows and columns removed

Explored 0 nodes (0 simplex iterations) in 0.00 seconds (0.00 work units)
Thread count was 1 (of 56 available processors)

Solution count 2: -4814 0 
No other solutions better than -4814

Optimal solution found (tolerance 1.00e-04)
Best objective -4.814000000000e+03, best bound -4.814000000000e+03, gap 0.0000%
