
Gurobi 9.5.0 (linux64) logging started Sun Apr 10 18:32:38 2022

Set parameter LogFile to value "/local_workspace/chenrui/LogFiles/MKAP/probT1_10e3_0U_R50_T002_M010_N0060_seed05_DWcuts_600.log"
Gurobi Optimizer version 9.5.0 build v9.5.0rc5 (linux64)
Thread count: 56 physical cores, 56 logical processors, using up to 4 threads
Optimize a model with 110 rows, 620 columns and 1860 nonzeros
Model fingerprint: 0xafed53d1
Variable types: 0 continuous, 620 integer (620 binary)
Coefficient statistics:
  Matrix range     [1e+00, 3e+03]
  Objective range  [4e+01, 1e+03]
  Bounds range     [1e+00, 1e+00]
  RHS range        [1e-13, 1e+00]
Found heuristic solution: objective 0.0000000
Presolve removed 28 rows and 96 columns
Presolve time: 0.00s
Presolved: 82 rows, 524 columns, 1059 nonzeros
Variable types: 0 continuous, 524 integer (524 binary)
Found heuristic solution: objective -16342.00000

Root relaxation: objective -2.468565e+04, 152 iterations, 0.00 seconds (0.00 work units)

    Nodes    |    Current Node    |     Objective Bounds      |     Work
 Expl Unexpl |  Obj  Depth IntInf | Incumbent    BestBd   Gap | It/Node Time

     0     0 -24685.651    0   12 -16342.000 -24685.651  51.1%     -    0s
H    0     0                    -23517.00000 -24685.651  4.97%     -    0s
H    0     0                    -23674.00000 -24685.651  4.27%     -    0s
H    0     0                    -23850.00000 -24685.651  3.50%     -    0s
H    0     0                    -24319.00000 -24685.651  1.51%     -    0s
     0     0 -24685.651    0   29 -24319.000 -24685.651  1.51%     -    0s
     0     0 -24685.651    0   32 -24319.000 -24685.651  1.51%     -    0s
     0     0 -24685.651    0   20 -24319.000 -24685.651  1.51%     -    0s
     0     0 -24685.651    0   15 -24319.000 -24685.651  1.51%     -    0s
     0     2 -24685.651    0   10 -24319.000 -24685.651  1.51%     -    0s
H   67    80                    -24396.00000 -24685.651  1.19%  10.0    0s
H 1645  1340                    -24401.00000 -24611.000  0.86%   7.3    0s
H 2861  1738                    -24415.00000 -24611.000  0.80%   6.5    0s
H 2862  1600                    -24457.00000 -24611.000  0.63%   6.5    0s
H 2867  1504                    -24495.00005 -24611.000  0.47%   6.5    1s
H10289  5189                    -24534.00000 -24611.000  0.31%   5.8    1s
 39199 10091 -24576.000  108   12 -24534.000 -24611.000  0.31%   9.4    5s
H43742 10531                    -24538.00011 -24611.000  0.30%   9.3    7s
 60438 13133 -24546.770   86   19 -24538.000 -24611.000  0.30%  10.7   10s
 80010 18402 -24542.867   81   15 -24538.000 -24611.000  0.30%  12.9   15s
*85580 18809              96    -24556.00000 -24611.000  0.22%  13.4   16s
H86814 16421                    -24576.00000 -24611.000  0.14%  13.4   16s
H94078   684                    -24611.00000 -24611.000  0.00%  14.1   19s

Cutting planes:
  Gomory: 12
  Lift-and-project: 2
  Cover: 341
  Clique: 27
  MIR: 64
  StrongCG: 48
  Flow cover: 45
  Inf proof: 9
  Zero half: 4
  RLT: 3

Explored 94927 nodes (1341791 simplex iterations) in 19.38 seconds (27.59 work units)
Thread count was 4 (of 56 available processors)

Solution count 10: -24611 -24576 -24556 ... -24396
No other solutions better than -24611

Optimal solution found (tolerance 1.00e-04)
Best objective -2.461100000000e+04, best bound -2.461100000000e+04, gap 0.0000%
