
Gurobi 9.5.0 (linux64) logging started Tue Apr 12 00:29:25 2022

Set parameter LogFile to value "/local_workspace/chenrui/LogFiles/MKAP/probT1_10e3_2S_R50_T002_M010_N0020_seed10_original_600.log"
Gurobi Optimizer version 9.5.0 build v9.5.0rc5 (linux64)
Thread count: 56 physical cores, 56 logical processors, using up to 4 threads
Optimize a model with 50 rows, 220 columns and 440 nonzeros
Model fingerprint: 0x6d292e55
Variable types: 0 continuous, 220 integer (220 binary)
Coefficient statistics:
  Matrix range     [1e+00, 1e+03]
  Objective range  [3e+02, 1e+03]
  Bounds range     [1e+00, 1e+00]
  RHS range        [1e+00, 1e+00]
Found heuristic solution: objective 0.0000000
Presolve removed 16 rows and 111 columns
Presolve time: 0.00s
Presolved: 34 rows, 109 columns, 214 nonzeros
Found heuristic solution: objective -4876.000000
Variable types: 0 continuous, 109 integer (109 binary)

Root relaxation: objective -7.957816e+03, 52 iterations, 0.00 seconds (0.00 work units)

    Nodes    |    Current Node    |     Objective Bounds      |     Work
 Expl Unexpl |  Obj  Depth IntInf | Incumbent    BestBd   Gap | It/Node Time

     0     0 -7957.8160    0   16 -4876.0000 -7957.8160  63.2%     -    0s
H    0     0                    -7045.000000 -7957.8160  13.0%     -    0s
H    0     0                    -7294.000000 -7527.0022  3.19%     -    0s
     0     0 -7527.0022    0    5 -7294.0000 -7527.0022  3.19%     -    0s
H    0     0                    -7437.000000 -7469.2985  0.43%     -    0s
     0     0 -7466.2115    0    4 -7437.0000 -7466.2115  0.39%     -    0s

Cutting planes:
  Gomory: 12
  Cover: 12
  Clique: 2
  MIR: 6
  StrongCG: 7
  GUB cover: 1

Explored 1 nodes (122 simplex iterations) in 0.01 seconds (0.00 work units)
Thread count was 4 (of 56 available processors)

Solution count 5: -7437 -7294 -7045 ... 0
No other solutions better than -7437

Optimal solution found (tolerance 1.00e-04)
Best objective -7.437000000000e+03, best bound -7.437000000000e+03, gap 0.0000%
