
Gurobi 9.5.0 (linux64) logging started Sun Apr 10 17:22:01 2022

Set parameter LogFile to value "/local_workspace/chenrui/LogFiles/MKAP/probT1_10e3_0U_R50_T005_M010_N0020_seed01_DWcutsT2_600.log"
Gurobi Optimizer version 9.5.0 build v9.5.0rc5 (linux64)
Thread count: 56 physical cores, 56 logical processors, using up to 4 threads
Optimize a model with 280 rows, 250 columns and 1199 nonzeros
Model fingerprint: 0x50f7899f
Variable types: 0 continuous, 250 integer (250 binary)
Coefficient statistics:
  Matrix range     [1e-13, 1e+03]
  Objective range  [2e+01, 9e+02]
  Bounds range     [1e+00, 1e+00]
  RHS range        [2e-08, 3e+01]
Warning: Model contains large matrix coefficient range
         Consider reformulating model or setting NumericFocus parameter
         to avoid numerical issues.
Found heuristic solution: objective 0.0000000
Presolve removed 184 rows and 117 columns
Presolve time: 0.00s
Presolved: 96 rows, 133 columns, 320 nonzeros
Found heuristic solution: objective -5709.000000
Variable types: 0 continuous, 133 integer (133 binary)

Root relaxation: objective -9.114308e+03, 99 iterations, 0.00 seconds (0.00 work units)

    Nodes    |    Current Node    |     Objective Bounds      |     Work
 Expl Unexpl |  Obj  Depth IntInf | Incumbent    BestBd   Gap | It/Node Time

     0     0 -9114.3083    0    7 -5709.0000 -9114.3083  59.6%     -    0s
H    0     0                    -9114.000000 -9114.3083  0.00%     -    0s
     0     0 -9114.3083    0    7 -9114.0000 -9114.3083  0.00%     -    0s

Explored 1 nodes (99 simplex iterations) in 0.00 seconds (0.00 work units)
Thread count was 4 (of 56 available processors)

Solution count 3: -9114 -5709 0 
No other solutions better than -9114

Optimal solution found (tolerance 1.00e-04)
Best objective -9.114000000000e+03, best bound -9.114000000000e+03, gap 0.0000%
