
Gurobi 9.5.0 (linux64) logging started Mon Apr 11 16:34:32 2022

Set parameter LogFile to value "/local_workspace/chenrui/LogFiles/MKAP/probT1_10e3_0U_R50_T005_M010_N0040_seed09_DWcutsT4_600.log"
Gurobi Optimizer version 9.5.0 build v9.5.0rc5 (linux64)
Thread count: 56 physical cores, 56 logical processors, using up to 4 threads
Optimize a model with 844 rows, 450 columns and 5893 nonzeros
Model fingerprint: 0xfa92bf6a
Variable types: 0 continuous, 450 integer (450 binary)
Coefficient statistics:
  Matrix range     [1e-13, 4e+03]
  Objective range  [6e+01, 1e+03]
  Bounds range     [1e+00, 1e+00]
  RHS range        [2e-12, 1e+00]
Warning: Model contains large matrix coefficient range
         Consider reformulating model or setting NumericFocus parameter
         to avoid numerical issues.
Found heuristic solution: objective 0.0000000
Presolve removed 524 rows and 161 columns
Presolve time: 0.02s
Presolved: 320 rows, 289 columns, 2034 nonzeros
Variable types: 0 continuous, 289 integer (289 binary)
Found heuristic solution: objective -8329.000000

Root relaxation: objective -1.616752e+04, 563 iterations, 0.01 seconds (0.01 work units)

    Nodes    |    Current Node    |     Objective Bounds      |     Work
 Expl Unexpl |  Obj  Depth IntInf | Incumbent    BestBd   Gap | It/Node Time

     0     0 -16167.521    0   34 -8329.0000 -16167.521  94.1%     -    0s
H    0     0                    -15235.00000 -16167.521  6.12%     -    0s
H    0     0                    -15824.00000 -16167.521  2.17%     -    0s
     0     0 -16159.001    0   26 -15824.000 -16159.001  2.12%     -    0s
     0     0 -16149.745    0   32 -15824.000 -16149.745  2.06%     -    0s
     0     0 -16140.885    0   41 -15824.000 -16140.885  2.00%     -    0s
     0     0 -16120.322    0   44 -15824.000 -16120.322  1.87%     -    0s
     0     0 -16100.582    0   41 -15824.000 -16100.582  1.75%     -    0s
H    0     0                    -15871.00000 -16100.582  1.45%     -    0s
     0     0 -16072.864    0   44 -15871.000 -16072.864  1.27%     -    0s
     0     0 -16072.864    0   44 -15871.000 -16072.864  1.27%     -    0s
     0     2 -16072.864    0   44 -15871.000 -16072.864  1.27%     -    0s
H   82    57                    -15873.00000 -16072.864  1.26%  18.3    0s
H  176    78                    -15892.00000 -16072.864  1.14%  16.1    0s

Cutting planes:
  Cover: 15
  Clique: 15
  MIR: 8
  StrongCG: 4
  GUB cover: 1
  Zero half: 5

Explored 683 nodes (13004 simplex iterations) in 0.37 seconds (0.41 work units)
Thread count was 4 (of 56 available processors)

Solution count 7: -15892 -15873 -15871 ... 0
No other solutions better than -15892

Optimal solution found (tolerance 1.00e-04)
Best objective -1.589200000000e+04, best bound -1.589200000000e+04, gap 0.0000%
