
Gurobi 9.5.0 (linux64) logging started Tue Apr 12 06:38:36 2022

Set parameter LogFile to value "/local_workspace/chenrui/LogFiles/MKAP/probT1_10e3_0U_R50_T005_M020_N0040_seed10_DWcutsT6_600.log"
Gurobi Optimizer version 9.5.0 build v9.5.0rc5 (linux64)
Thread count: 56 physical cores, 56 logical processors, using up to 4 threads
Optimize a model with 6046 rows, 900 columns and 31030 nonzeros
Model fingerprint: 0xf75754a3
Variable types: 0 continuous, 900 integer (900 binary)
Coefficient statistics:
  Matrix range     [1e-13, 3e+03]
  Objective range  [7e+01, 1e+03]
  Bounds range     [1e+00, 1e+00]
  RHS range        [7e-13, 1e+00]
Warning: Model contains large matrix coefficient range
         Consider reformulating model or setting NumericFocus parameter
         to avoid numerical issues.
Found heuristic solution: objective 0.0000000
Presolve removed 5852 rows and 512 columns
Presolve time: 0.01s
Presolved: 194 rows, 388 columns, 1452 nonzeros
Found heuristic solution: objective -12354.00000
Variable types: 0 continuous, 388 integer (388 binary)
Found heuristic solution: objective -12745.00000

Root relaxation: objective -1.666588e+04, 352 iterations, 0.00 seconds (0.00 work units)

    Nodes    |    Current Node    |     Objective Bounds      |     Work
 Expl Unexpl |  Obj  Depth IntInf | Incumbent    BestBd   Gap | It/Node Time

     0     0 -16665.880    0   19 -12745.000 -16665.880  30.8%     -    0s
H    0     0                    -16133.00000 -16665.880  3.30%     -    0s
H    0     0                    -16455.00000 -16665.880  1.28%     -    0s
     0     0 -16610.337    0   32 -16455.000 -16610.337  0.94%     -    0s
H    0     0                    -16489.00000 -16610.337  0.74%     -    0s
H    0     0                    -16516.00000 -16610.337  0.57%     -    0s
     0     0 -16591.439    0   45 -16516.000 -16591.439  0.46%     -    0s
     0     0 -16591.439    0    8 -16516.000 -16591.439  0.46%     -    0s
     0     0 -16558.986    0   40 -16516.000 -16558.986  0.26%     -    0s

Cutting planes:
  Gomory: 22
  Cover: 8
  Clique: 7
  MIR: 3
  StrongCG: 1
  Zero half: 2

Explored 1 nodes (894 simplex iterations) in 0.08 seconds (0.04 work units)
Thread count was 4 (of 56 available processors)

Solution count 7: -16516 -16489 -16455 ... 0
No other solutions better than -16516

Optimal solution found (tolerance 1.00e-04)
Best objective -1.651600000000e+04, best bound -1.651600000000e+04, gap 0.0000%

Gurobi 9.5.0 (linux64) logging started Tue Apr 12 21:31:16 2022

Set parameter LogFile to value "/local_workspace/chenrui/LogFiles/MKAP/probT1_10e3_0U_R50_T005_M020_N0040_seed10_DWcutsT6_600.log"
Gurobi Optimizer version 9.5.0 build v9.5.0rc5 (linux64)
Thread count: 56 physical cores, 56 logical processors, using up to 4 threads
Optimize a model with 6046 rows, 900 columns and 31030 nonzeros
Model fingerprint: 0xf75754a3
Variable types: 0 continuous, 900 integer (900 binary)
Coefficient statistics:
  Matrix range     [1e-13, 3e+03]
  Objective range  [7e+01, 1e+03]
  Bounds range     [1e+00, 1e+00]
  RHS range        [7e-13, 1e+00]
Warning: Model contains large matrix coefficient range
         Consider reformulating model or setting NumericFocus parameter
         to avoid numerical issues.
Found heuristic solution: objective 0.0000000
Presolve removed 5852 rows and 512 columns
Presolve time: 0.01s
Presolved: 194 rows, 388 columns, 1452 nonzeros
Found heuristic solution: objective -12354.00000
Variable types: 0 continuous, 388 integer (388 binary)
Found heuristic solution: objective -12745.00000

Root relaxation: objective -1.666588e+04, 352 iterations, 0.00 seconds (0.00 work units)

    Nodes    |    Current Node    |     Objective Bounds      |     Work
 Expl Unexpl |  Obj  Depth IntInf | Incumbent    BestBd   Gap | It/Node Time

     0     0 -16665.880    0   19 -12745.000 -16665.880  30.8%     -    0s
H    0     0                    -16133.00000 -16665.880  3.30%     -    0s
H    0     0                    -16455.00000 -16665.880  1.28%     -    0s
     0     0 -16610.337    0   32 -16455.000 -16610.337  0.94%     -    0s
H    0     0                    -16489.00000 -16610.337  0.74%     -    0s
H    0     0                    -16516.00000 -16610.337  0.57%     -    0s
     0     0 -16591.439    0   45 -16516.000 -16591.439  0.46%     -    0s
     0     0 -16591.439    0    8 -16516.000 -16591.439  0.46%     -    0s
     0     0 -16558.986    0   40 -16516.000 -16558.986  0.26%     -    0s

Cutting planes:
  Gomory: 22
  Cover: 8
  Clique: 7
  MIR: 3
  StrongCG: 1
  Zero half: 2

Explored 1 nodes (894 simplex iterations) in 0.08 seconds (0.04 work units)
Thread count was 4 (of 56 available processors)

Solution count 7: -16516 -16489 -16455 ... 0
No other solutions better than -16516

Optimal solution found (tolerance 1.00e-04)
Best objective -1.651600000000e+04, best bound -1.651600000000e+04, gap 0.0000%
