
Gurobi 9.5.0 (linux64) logging started Mon Apr 11 01:53:43 2022

Set parameter LogFile to value "/local_workspace/chenrui/LogFiles/MKAP/probT1_10e3_0U_R50_T002_M010_N0020_seed06_DWcutsT4_600.log"
Gurobi Optimizer version 9.5.0 build v9.5.0rc5 (linux64)
Thread count: 56 physical cores, 56 logical processors, using up to 4 threads
Optimize a model with 367 rows, 220 columns and 2917 nonzeros
Model fingerprint: 0x043b49ea
Variable types: 0 continuous, 220 integer (220 binary)
Coefficient statistics:
  Matrix range     [1e-13, 2e+03]
  Objective range  [1e+01, 9e+02]
  Bounds range     [1e+00, 1e+00]
  RHS range        [4e-04, 4e+01]
Warning: Model contains large matrix coefficient range
         Consider reformulating model or setting NumericFocus parameter
         to avoid numerical issues.
Found heuristic solution: objective 0.0000000
Presolve removed 283 rows and 108 columns
Presolve time: 0.01s
Presolved: 84 rows, 112 columns, 528 nonzeros
Variable types: 0 continuous, 112 integer (112 binary)
Found heuristic solution: objective -5364.000000

Root relaxation: objective -6.590000e+03, 63 iterations, 0.00 seconds (0.00 work units)

    Nodes    |    Current Node    |     Objective Bounds      |     Work
 Expl Unexpl |  Obj  Depth IntInf | Incumbent    BestBd   Gap | It/Node Time

     0     0 -6590.0000    0    2 -5364.0000 -6590.0000  22.9%     -    0s
H    0     0                    -6590.000000 -6590.0000  0.00%     -    0s
     0     0 -6590.0000    0    2 -6590.0000 -6590.0000  0.00%     -    0s

Explored 1 nodes (63 simplex iterations) in 0.01 seconds (0.01 work units)
Thread count was 4 (of 56 available processors)

Solution count 3: -6590 -5364 0 
No other solutions better than -6590

Optimal solution found (tolerance 1.00e-04)
Best objective -6.590000000000e+03, best bound -6.590000000000e+03, gap 0.0000%
