
Gurobi 9.5.0 (linux64) logging started Mon Apr 11 15:28:57 2022

Set parameter LogFile to value "/local_workspace/chenrui/LogFiles/MKAP/probT1_10e3_2S_R50_T005_M020_N0040_seed07_DWcuts_600.log"
Gurobi Optimizer version 9.5.0 build v9.5.0rc5 (linux64)
Thread count: 56 physical cores, 56 logical processors, using up to 4 threads
Optimize a model with 260 rows, 900 columns and 2700 nonzeros
Model fingerprint: 0x9f5c7aa4
Variable types: 0 continuous, 900 integer (900 binary)
Coefficient statistics:
  Matrix range     [1e-11, 1e+03]
  Objective range  [3e+02, 1e+03]
  Bounds range     [1e+00, 1e+00]
  RHS range        [5e-12, 1e+00]
Warning: Model contains large matrix coefficient range
         Consider reformulating model or setting NumericFocus parameter
         to avoid numerical issues.
Found heuristic solution: objective 0.0000000
Presolve removed 79 rows and 412 columns
Presolve time: 0.01s
Presolved: 181 rows, 488 columns, 1373 nonzeros
Found heuristic solution: objective -8816.000000
Variable types: 0 continuous, 488 integer (488 binary)

Root relaxation: objective -1.426845e+04, 487 iterations, 0.00 seconds (0.00 work units)

    Nodes    |    Current Node    |     Objective Bounds      |     Work
 Expl Unexpl |  Obj  Depth IntInf | Incumbent    BestBd   Gap | It/Node Time

     0     0 -14268.446    0    1 -8816.0000 -14268.446  61.8%     -    0s
H    0     0                    -14081.00000 -14268.446  1.33%     -    0s
     0     0 -14268.446    0   19 -14081.000 -14268.446  1.33%     -    0s
     0     0 -14268.446    0    1 -14081.000 -14268.446  1.33%     -    0s
     0     0 -14268.446    0   48 -14081.000 -14268.446  1.33%     -    0s
     0     0 -14268.446    0   51 -14081.000 -14268.446  1.33%     -    0s
     0     0 -14268.446    0   12 -14081.000 -14268.446  1.33%     -    0s
     0     0 -14268.446    0   12 -14081.000 -14268.446  1.33%     -    0s
     0     2 -14268.446    0   12 -14081.000 -14268.446  1.33%     -    0s
H   75    75                    -14093.00000 -14268.446  1.24%  24.2    0s
H  122   108                    -14111.00000 -14268.446  1.12%  21.4    0s
H  170   128                    -14117.00000 -14268.446  1.07%  19.3    0s
H  231   224                    -14122.00000 -14268.446  1.04%  19.4    0s
* 1061   633              16    -14128.00000 -14263.987  0.96%  17.0    0s
H 1099   600                    -14142.00000 -14263.987  0.86%  16.8    0s
H 1193   617                    -14148.00000 -14263.768  0.82%  18.7    0s
H 2819   815                    -14151.00000 -14251.997  0.71%  14.9    0s
H 3582  1075                    -14162.00000 -14248.579  0.61%  13.8    1s

Cutting planes:
  Cover: 27
  Clique: 1

Explored 27903 nodes (297663 simplex iterations) in 2.92 seconds (3.15 work units)
Thread count was 4 (of 56 available processors)

Solution count 10: -14162 -14151 -14148 ... -14081
No other solutions better than -14162

Optimal solution found (tolerance 1.00e-04)
Best objective -1.416200000000e+04, best bound -1.416200000000e+04, gap 0.0000%
