
Gurobi 9.5.0 (linux64) logging started Mon Apr 11 07:24:28 2022

Set parameter LogFile to value "/local_workspace/chenrui/LogFiles/MKAP/probT1_10e3_0U_R50_T002_M020_N0040_seed02_DWcutsT5_600.log"
Gurobi Optimizer version 9.5.0 build v9.5.0rc5 (linux64)
Thread count: 56 physical cores, 56 logical processors, using up to 4 threads
Optimize a model with 1369 rows, 840 columns and 23181 nonzeros
Model fingerprint: 0x20e1b582
Variable types: 0 continuous, 840 integer (840 binary)
Coefficient statistics:
  Matrix range     [1e-13, 4e+03]
  Objective range  [3e+01, 1e+03]
  Bounds range     [1e+00, 1e+00]
  RHS range        [3e-05, 1e+00]
Warning: Model contains large matrix coefficient range
         Consider reformulating model or setting NumericFocus parameter
         to avoid numerical issues.
Found heuristic solution: objective 0.0000000
Presolve removed 683 rows and 418 columns
Presolve time: 0.07s
Presolved: 686 rows, 422 columns, 7216 nonzeros
Found heuristic solution: objective -11600.00000
Variable types: 0 continuous, 422 integer (422 binary)
Warning: Markowitz tolerance tightened to 0.03125

Root relaxation: objective -1.470200e+04, 271 iterations, 0.00 seconds (0.00 work units)

    Nodes    |    Current Node    |     Objective Bounds      |     Work
 Expl Unexpl |  Obj  Depth IntInf | Incumbent    BestBd   Gap | It/Node Time

     0     0 -14702.000    0   18 -11600.000 -14702.000  26.7%     -    0s
H    0     0                    -14427.00000 -14702.000  1.91%     -    0s
H    0     0                    -14702.00000 -14702.000  0.00%     -    0s
     0     0 -14702.000    0   18 -14702.000 -14702.000  0.00%     -    0s

Explored 1 nodes (486 simplex iterations) in 0.09 seconds (0.08 work units)
Thread count was 4 (of 56 available processors)

Solution count 4: -14702 -14427 -11600 0 
No other solutions better than -14702

Optimal solution found (tolerance 1.00e-04)
Best objective -1.470200000000e+04, best bound -1.470200000000e+04, gap 0.0000%
