
Gurobi 9.5.0 (linux64) logging started Mon Apr 11 09:40:38 2022

Set parameter LogFile to value "/local_workspace/chenrui/LogFiles/MKAP/probT1_10e3_0U_R50_T005_M020_N0060_seed02_DWcuts_600.log"
Gurobi Optimizer version 9.5.0 build v9.5.0rc5 (linux64)
Thread count: 56 physical cores, 56 logical processors, using up to 4 threads
Optimize a model with 280 rows, 1300 columns and 3900 nonzeros
Model fingerprint: 0x2425b08f
Variable types: 0 continuous, 1300 integer (1300 binary)
Coefficient statistics:
  Matrix range     [9e-13, 2e+03]
  Objective range  [3e+01, 1e+03]
  Bounds range     [1e+00, 1e+00]
  RHS range        [3e-14, 2e+01]
Warning: Model contains large matrix coefficient range
         Consider reformulating model or setting NumericFocus parameter
         to avoid numerical issues.
Found heuristic solution: objective 0.0000000
Presolve removed 44 rows and 425 columns
Presolve time: 0.01s
Presolved: 236 rows, 875 columns, 2527 nonzeros
Found heuristic solution: objective -10666.00000
Variable types: 0 continuous, 875 integer (875 binary)

Root relaxation: objective -2.283297e+04, 1078 iterations, 0.01 seconds (0.01 work units)

    Nodes    |    Current Node    |     Objective Bounds      |     Work
 Expl Unexpl |  Obj  Depth IntInf | Incumbent    BestBd   Gap | It/Node Time

     0     0 -22832.973    0   31 -10666.000 -22832.973   114%     -    0s
H    0     0                    -22070.00000 -22832.973  3.46%     -    0s
H    0     0                    -22206.00000 -22832.973  2.82%     -    0s
H    0     0                    -22459.00000 -22832.973  1.67%     -    0s
     0     0 -22832.973    0   79 -22459.000 -22832.973  1.67%     -    0s
H    0     0                    -22468.00000 -22832.973  1.62%     -    0s
     0     0 -22832.973    0   75 -22468.000 -22832.973  1.62%     -    0s
     0     0 -22832.973    0   58 -22468.000 -22832.973  1.62%     -    0s
     0     0 -22832.973    0   49 -22468.000 -22832.973  1.62%     -    0s
     0     0 -22832.973    0   68 -22468.000 -22832.973  1.62%     -    0s
     0     0 -22832.973    0   68 -22468.000 -22832.973  1.62%     -    0s
     0     2 -22832.973    0   68 -22468.000 -22832.973  1.62%     -    0s
H   40    45                    -22604.00000 -22832.973  1.01%   106    0s
H  297   319                    -22632.00000 -22832.973  0.89%  37.3    0s
H  591   577                    -22768.00000 -22832.973  0.29%  27.7    0s

Cutting planes:
  Gomory: 5
  Cover: 48
  Clique: 9
  MIR: 38
  StrongCG: 19
  Flow cover: 25
  Zero half: 2
  RLT: 1

Explored 1965 nodes (91262 simplex iterations) in 3.03 seconds (3.18 work units)
Thread count was 4 (of 56 available processors)

Solution count 10: -22768 -22632 -22604 ... 0
No other solutions better than -22768

Optimal solution found (tolerance 1.00e-04)
Best objective -2.276800000000e+04, best bound -2.276800000000e+04, gap 0.0000%
