
Gurobi 9.5.0 (linux64) logging started Mon Apr 11 07:25:01 2022

Set parameter LogFile to value "/local_workspace/chenrui/LogFiles/MKAP/probT1_10e3_0U_R50_T005_M020_N0040_seed02_DWcutsT1_600.log"
Gurobi Optimizer version 9.5.0 build v9.5.0rc5 (linux64)
Thread count: 56 physical cores, 56 logical processors, using up to 4 threads
Optimize a model with 358 rows, 900 columns and 3519 nonzeros
Model fingerprint: 0x8f6d9db2
Variable types: 0 continuous, 900 integer (900 binary)
Coefficient statistics:
  Matrix range     [7e-12, 2e+03]
  Objective range  [3e+01, 1e+03]
  Bounds range     [1e+00, 1e+00]
  RHS range        [7e-12, 1e+00]
Warning: Model contains large matrix coefficient range
         Consider reformulating model or setting NumericFocus parameter
         to avoid numerical issues.
Found heuristic solution: objective 0.0000000
Presolve removed 136 rows and 436 columns
Presolve time: 0.01s
Presolved: 222 rows, 464 columns, 1473 nonzeros
Found heuristic solution: objective -12099.00000
Variable types: 0 continuous, 464 integer (464 binary)

Root relaxation: objective -1.470200e+04, 263 iterations, 0.00 seconds (0.00 work units)

    Nodes    |    Current Node    |     Objective Bounds      |     Work
 Expl Unexpl |  Obj  Depth IntInf | Incumbent    BestBd   Gap | It/Node Time

H    0     0                    -14702.00000 -196320.00  1235%     -    0s
     0     0          -    0      -14702.000 -14702.000  0.00%     -    0s

Explored 1 nodes (381 simplex iterations) in 0.01 seconds (0.01 work units)
Thread count was 4 (of 56 available processors)

Solution count 3: -14702 -12099 0 
No other solutions better than -14702

Optimal solution found (tolerance 1.00e-04)
Best objective -1.470200000000e+04, best bound -1.470200000000e+04, gap 0.0000%
