
Gurobi 9.5.0 (linux64) logging started Mon Apr 11 02:13:16 2022

Set parameter LogFile to value "/local_workspace/chenrui/LogFiles/MKAP/probT1_10e3_0U_R50_T002_M010_N0060_seed06_DWcutsT6_600.log"
Gurobi Optimizer version 9.5.0 build v9.5.0rc5 (linux64)
Thread count: 56 physical cores, 56 logical processors, using up to 4 threads
Optimize a model with 1272 rows, 620 columns and 37016 nonzeros
Model fingerprint: 0xbf47bdb9
Variable types: 0 continuous, 620 integer (620 binary)
Coefficient statistics:
  Matrix range     [1e-13, 3e+03]
  Objective range  [1e+01, 9e+02]
  Bounds range     [1e+00, 1e+00]
  RHS range        [3e-18, 8e+00]
Warning: Model contains large matrix coefficient range
         Consider reformulating model or setting NumericFocus parameter
         to avoid numerical issues.
Found heuristic solution: objective 0.0000000
Presolve removed 158 rows and 86 columns
Presolve time: 0.11s
Presolved: 1114 rows, 534 columns, 31606 nonzeros
Variable types: 0 continuous, 534 integer (534 binary)
Found heuristic solution: objective -22492.00000

Root relaxation: objective -2.565296e+04, 1165 iterations, 0.06 seconds (0.11 work units)

    Nodes    |    Current Node    |     Objective Bounds      |     Work
 Expl Unexpl |  Obj  Depth IntInf | Incumbent    BestBd   Gap | It/Node Time

     0     0 -25652.957    0   89 -22492.000 -25652.957  14.1%     -    0s
H    0     0                    -24142.00000 -25652.957  6.26%     -    0s
H    0     0                    -25122.00000 -25652.957  2.11%     -    0s
     0     0 -25651.511    0  116 -25122.000 -25651.511  2.11%     -    0s
     0     0 -25651.361    0  134 -25122.000 -25651.361  2.11%     -    0s
     0     0 -25651.191    0  124 -25122.000 -25651.191  2.11%     -    0s
     0     0 -25651.191    0  124 -25122.000 -25651.191  2.11%     -    0s
     0     0 -25651.191    0  127 -25122.000 -25651.191  2.11%     -    0s
     0     0 -25651.191    0  125 -25122.000 -25651.191  2.11%     -    0s
     0     0 -25651.191    0  122 -25122.000 -25651.191  2.11%     -    0s
     0     0 -25651.191    0  121 -25122.000 -25651.191  2.11%     -    0s
     0     0 -25651.191    0  126 -25122.000 -25651.191  2.11%     -    1s
     0     0 -25651.191    0  124 -25122.000 -25651.191  2.11%     -    1s
     0     0 -25651.191    0  125 -25122.000 -25651.191  2.11%     -    1s
     0     0 -25651.191    0  128 -25122.000 -25651.191  2.11%     -    1s
H    0     0                    -25262.00000 -25651.191  1.54%     -    1s
     0     0 -25651.191    0  126 -25262.000 -25651.191  1.54%     -    1s
     0     0 -25651.191    0  126 -25262.000 -25651.191  1.54%     -    1s
H    0     0                    -25549.00000 -25651.191  0.40%     -    1s
     0     0 -25651.191    0  143 -25549.000 -25651.191  0.40%     -    1s
     0     0 -25651.191    0  120 -25549.000 -25651.191  0.40%     -    1s
     0     0 -25651.191    0  121 -25549.000 -25651.191  0.40%     -    2s
     0     0 -25651.191    0  122 -25549.000 -25651.191  0.40%     -    2s
     0     0 -25651.191    0  121 -25549.000 -25651.191  0.40%     -    2s
     0     0 -25651.191    0  124 -25549.000 -25651.191  0.40%     -    2s
     0     0 -25651.191    0  122 -25549.000 -25651.191  0.40%     -    2s
     0     0 -25651.191    0  121 -25549.000 -25651.191  0.40%     -    2s
     0     0 -25651.191    0  123 -25549.000 -25651.191  0.40%     -    2s
     0     0 -25651.191    0  121 -25549.000 -25651.191  0.40%     -    2s
     0     0 -25648.711    0   62 -25549.000 -25648.711  0.39%     -    2s
     0     0 -25648.711    0   64 -25549.000 -25648.711  0.39%     -    2s
     0     0 -25648.711    0   68 -25549.000 -25648.711  0.39%     -    2s
     0     0 -25648.711    0   87 -25549.000 -25648.711  0.39%     -    2s
     0     0 -25648.711    0   47 -25549.000 -25648.711  0.39%     -    2s
     0     0 -25648.711    0   65 -25549.000 -25648.711  0.39%     -    2s
     0     0 -25648.711    0   53 -25549.000 -25648.711  0.39%     -    2s
     0     0 -25648.711    0   81 -25549.000 -25648.711  0.39%     -    2s
     0     0 -25648.711    0   88 -25549.000 -25648.711  0.39%     -    2s
     0     0 -25648.711    0   77 -25549.000 -25648.711  0.39%     -    2s
     0     0 -25648.711    0   77 -25549.000 -25648.711  0.39%     -    2s
     0     0 -25648.711    0   68 -25549.000 -25648.711  0.39%     -    3s
     0     2 -25648.711    0   60 -25549.000 -25648.711  0.39%     -    3s
   375   293 -25648.437   11   90 -25549.000 -25648.710  0.39%   105    5s
  1300   752 -25647.125   13   80 -25549.000 -25648.695  0.39%  85.5   10s
  2959  1158     cutoff   26      -25549.000 -25648.557  0.39%  74.1   15s
* 6511  1139              65    -25586.00000 -25643.075  0.22%  74.2   19s
  7269  1214 -25591.543   32   29 -25586.000 -25638.212  0.20%  69.9   20s
 19460  3636     cutoff   38      -25586.000 -25622.626  0.14%  42.7   25s
 21088  3693 -25619.322   43  126 -25586.000 -25621.838  0.14%  41.2   36s
 21100  3704 -25621.838   26   90 -25586.000 -25621.838  0.14%  41.6   40s
 21484  3842 -25621.838   33  115 -25586.000 -25621.838  0.14%  43.8   45s

Cutting planes:
  Cover: 157
  Clique: 4
  MIR: 208
  StrongCG: 178
  Flow cover: 38
  Inf proof: 4
  Zero half: 1
  RLT: 1

Explored 25533 nodes (1207082 simplex iterations) in 49.49 seconds (99.70 work units)
Thread count was 4 (of 56 available processors)

Solution count 8: -25586 -25549 -25262 ... 0
No other solutions better than -25586

Optimal solution found (tolerance 1.00e-04)
Best objective -2.558600000000e+04, best bound -2.558600000000e+04, gap 0.0000%
