
Gurobi 9.5.0 (linux64) logging started Mon Apr 11 05:50:29 2022

Set parameter LogFile to value "/local_workspace/chenrui/LogFiles/MKAP/probT1_10e3_1W_R50_T002_M020_N0020_seed06_DWcuts_600.log"
Gurobi Optimizer version 9.5.0 build v9.5.0rc5 (linux64)
Thread count: 56 physical cores, 56 logical processors, using up to 4 threads
Optimize a model with 120 rows, 440 columns and 1320 nonzeros
Model fingerprint: 0x47ceb553
Variable types: 0 continuous, 440 integer (440 binary)
Coefficient statistics:
  Matrix range     [1e-08, 9e+02]
  Objective range  [1e+02, 8e+02]
  Bounds range     [1e+00, 1e+00]
  RHS range        [9e-10, 1e+00]
Found heuristic solution: objective 0.0000000
Presolve removed 83 rows and 371 columns
Presolve time: 0.00s
Presolved: 37 rows, 69 columns, 207 nonzeros
Found heuristic solution: objective -3376.000000
Variable types: 0 continuous, 69 integer (69 binary)

Root relaxation: cutoff, 0 iterations, 0.00 seconds (0.00 work units)

Explored 1 nodes (0 simplex iterations) in 0.00 seconds (0.00 work units)
Thread count was 4 (of 56 available processors)

Solution count 2: -3376 0 
No other solutions better than -3376

Optimal solution found (tolerance 1.00e-04)
Best objective -3.376000000000e+03, best bound -3.376000000000e+03, gap 0.0000%
