
Gurobi 9.5.0 (linux64) logging started Sun Apr 10 23:55:57 2022

Set parameter LogFile to value "/local_workspace/chenrui/LogFiles/MKAP/probT1_10e3_1W_R50_T002_M020_N0060_seed01_DWcuts_600.log"
Gurobi Optimizer version 9.5.0 build v9.5.0rc5 (linux64)
Thread count: 56 physical cores, 56 logical processors, using up to 4 threads
Optimize a model with 160 rows, 1240 columns and 3720 nonzeros
Model fingerprint: 0x01ccefb8
Variable types: 0 continuous, 1240 integer (1240 binary)
Coefficient statistics:
  Matrix range     [1e+00, 2e+03]
  Objective range  [8e+01, 1e+03]
  Bounds range     [1e+00, 1e+00]
  RHS range        [6e-14, 1e+01]
Found heuristic solution: objective 0.0000000
Presolve removed 20 rows and 441 columns
Presolve time: 0.01s
Presolved: 140 rows, 799 columns, 2417 nonzeros
Variable types: 0 continuous, 799 integer (799 binary)
Found heuristic solution: objective -15271.00000

Root relaxation: objective -1.895339e+04, 820 iterations, 0.01 seconds (0.01 work units)

    Nodes    |    Current Node    |     Objective Bounds      |     Work
 Expl Unexpl |  Obj  Depth IntInf | Incumbent    BestBd   Gap | It/Node Time

     0     0 -18953.392    0   30 -15271.000 -18953.392  24.1%     -    0s
H    0     0                    -18143.00000 -18953.392  4.47%     -    0s
H    0     0                    -18399.00000 -18953.392  3.01%     -    0s
H    0     0                    -18564.00000 -18953.392  2.10%     -    0s
H    0     0                    -18610.00000 -18953.392  1.85%     -    0s
     0     0 -18953.392    0   62 -18610.000 -18953.392  1.85%     -    0s
     0     0 -18953.392    0   60 -18610.000 -18953.392  1.85%     -    0s
     0     0 -18953.392    0   32 -18610.000 -18953.392  1.85%     -    0s
     0     0 -18953.392    0   32 -18610.000 -18953.392  1.85%     -    0s
H    0     0                    -18740.00000 -18953.392  1.14%     -    0s
H    0     0                    -18784.00000 -18953.392  0.90%     -    0s
     0     2 -18953.392    0   32 -18784.000 -18953.392  0.90%     -    0s
H   90    96                    -18858.00000 -18953.392  0.51%  81.7    0s
H  812   757                    -18885.00000 -18953.392  0.36%  36.9    0s
 12744  8345 -18888.449   56   34 -18885.000 -18953.392  0.36%  34.5    5s
 32832 22326 -18953.392   34   24 -18885.000 -18953.392  0.36%  28.4   10s
 52617 35947 -18953.392   49   42 -18885.000 -18953.392  0.36%  29.9   15s
 73814 49827 -18953.323   80   31 -18885.000 -18953.392  0.36%  30.3   20s
H81226 54182                    -18886.00000 -18953.392  0.36%  30.4   21s
 95090 63092 -18950.735   58   53 -18886.000 -18953.392  0.36%  30.2   25s
 115529 76833 -18894.797   50   48 -18886.000 -18953.392  0.36%  30.3   30s
 136581 90619 -18935.289   70   49 -18886.000 -18953.392  0.36%  30.5   35s
 156474 103350 -18945.992   59   48 -18886.000 -18953.392  0.36%  30.8   40s
 174230 115433 -18947.058   59   54 -18886.000 -18953.392  0.36%  31.3   45s
 191676 126549 -18942.312   48   83 -18886.000 -18953.392  0.36%  31.9   50s
 211539 139854     cutoff   57      -18886.000 -18953.392  0.36%  32.0   55s
 231305 153194 -18915.546   47   29 -18886.000 -18953.392  0.36%  32.0   60s
 251572 166223     cutoff   43      -18886.000 -18953.392  0.36%  32.0   65s
 269807 178474 -18951.408   42   62 -18886.000 -18953.392  0.36%  32.3   70s
 285845 188881 -18952.875   47   57 -18886.000 -18953.392  0.36%  32.5   75s
 304160 200915 -18941.891   51   54 -18886.000 -18953.392  0.36%  32.7   80s
 319617 211439 -18910.820  115   40 -18886.000 -18953.392  0.36%  33.0   85s
 341292 225148 -18896.441   88   23 -18886.000 -18953.384  0.36%  32.8   90s
 362753 238770 -18950.835   73   55 -18886.000 -18953.374  0.36%  32.5   95s
 384271 252792 -18923.760   52   59 -18886.000 -18953.367  0.36%  32.4  100s
 403590 265155 -18931.387   46   61 -18886.000 -18953.359  0.36%  32.3  105s
 424382 277891 -18953.316   45   27 -18886.000 -18953.351  0.36%  32.1  110s
 447481 292228 -18900.725   96   56 -18886.000 -18953.341  0.36%  31.9  115s
 467860 304902 -18953.151   58   47 -18886.000 -18953.330  0.36%  31.8  120s
 490888 318564 -18919.306   65   52 -18886.000 -18953.318  0.36%  31.5  125s
 511126 330716 -18930.596   65   56 -18886.000 -18953.304  0.36%  31.4  130s
 533990 344806 -18904.751   58   39 -18886.000 -18953.288  0.36%  31.2  135s
 554787 357179 -18950.513   50   80 -18886.000 -18953.271  0.36%  31.1  140s
 576145 370462 -18946.410   53   83 -18886.000 -18953.250  0.36%  31.0  145s
 598542 383122 -18921.071   49   35 -18886.000 -18953.232  0.36%  30.9  150s
 616797 394681 -18946.377   55   54 -18886.000 -18953.228  0.36%  31.0  155s
 638574 407313     cutoff   87      -18886.000 -18953.211  0.36%  30.9  160s
 661323 420660 -18920.542   63   42 -18886.000 -18953.197  0.36%  30.8  165s
 681223 433227 -18910.096   50   56 -18886.000 -18953.197  0.36%  30.9  170s
 701451 445520 -18931.773   38   44 -18886.000 -18953.187  0.36%  30.8  175s
 721106 457225 -18953.096   48   56 -18886.000 -18953.183  0.36%  30.8  180s
 742135 469498 -18941.525   46   31 -18886.000 -18953.175  0.36%  30.8  185s
 763630 482251 -18908.460   77   41 -18886.000 -18953.164  0.36%  30.8  190s
 784247 494238 -18894.388   64   43 -18886.000 -18953.155  0.36%  30.7  195s
 805551 506509     cutoff   67      -18886.000 -18953.146  0.36%  30.7  200s
 825958 518928 -18943.072   52   61 -18886.000 -18953.132  0.36%  30.7  205s
 847372 530973 -18948.246   47   55 -18886.000 -18953.119  0.36%  30.7  210s
 868162 542947 -18930.191   62   57 -18886.000 -18953.102  0.36%  30.6  215s
 888464 554955     cutoff  102      -18886.000 -18953.088  0.36%  30.6  220s
 910386 566940 -18936.438   71   74 -18886.000 -18953.074  0.36%  30.6  225s
 931845 579525 -18916.333   72   39 -18886.000 -18953.057  0.36%  30.6  230s
 952397 590916 -18927.424   51   48 -18886.000 -18953.040  0.35%  30.5  235s
 972018 601118 -18920.791   59   44 -18886.000 -18953.025  0.35%  30.5  240s
 991936 612130 -18925.630   62   55 -18886.000 -18953.021  0.35%  30.6  245s
 1014167 624485 -18923.084   59   61 -18886.000 -18953.001  0.35%  30.5  250s
 1034437 635741 -18939.115   41   46 -18886.000 -18952.984  0.35%  30.5  255s
 1056015 648080 -18888.519   76   21 -18886.000 -18952.966  0.35%  30.5  260s
 1076778 659777 -18902.634   69   26 -18886.000 -18952.951  0.35%  30.5  265s
 1093306 668001 -18897.659   46   56 -18886.000 -18952.951  0.35%  30.7  270s
 1112015 677761 -18952.948   43   41 -18886.000 -18952.948  0.35%  30.7  275s
 1131157 687886 -18914.648   61   60 -18886.000 -18952.940  0.35%  30.7  280s
 1152028 699243 -18917.078   53   62 -18886.000 -18952.929  0.35%  30.7  285s
 1174491 711234 -18926.797   35   58 -18886.000 -18952.911  0.35%  30.7  290s
 1195253 722921 -18952.872   63   33 -18886.000 -18952.895  0.35%  30.7  295s
 1216856 734494 -18902.828   64   59 -18886.000 -18952.878  0.35%  30.6  300s
 1239028 746573 -18911.839   63   31 -18886.000 -18952.863  0.35%  30.6  305s
 1260651 759451 -18933.304   55   48 -18886.000 -18952.862  0.35%  30.6  310s
 1279548 771055 -18950.451   35   37 -18886.000 -18952.862  0.35%  30.6  315s
 1298976 782585     cutoff   78      -18886.000 -18952.861  0.35%  30.6  320s
 1321036 794791 -18939.125   49   76 -18886.000 -18952.847  0.35%  30.6  325s
 1342614 806929 -18952.705   65   40 -18886.000 -18952.838  0.35%  30.6  330s
 1364084 818627 -18951.181   64   42 -18886.000 -18952.824  0.35%  30.5  335s
 1385965 830754 -18906.105   96   61 -18886.000 -18952.810  0.35%  30.5  340s
 1407950 842872 -18939.064   47   45 -18886.000 -18952.796  0.35%  30.5  345s
 1428900 854376 -18948.924   45   66 -18886.000 -18952.782  0.35%  30.4  350s
 1452117 866432     cutoff   56      -18886.000 -18952.764  0.35%  30.4  355s
 1473714 878647 -18919.652   67   29 -18886.000 -18952.749  0.35%  30.3  360s
 1496535 890439 -18951.624   37   46 -18886.000 -18952.732  0.35%  30.3  365s
 1523430 905040 -18925.908   49   37 -18886.000 -18952.714  0.35%  30.2  370s
 1555107 922448 -18936.412   53   73 -18886.000 -18952.698  0.35%  30.2  375s
 1585392 939236 -18912.579   82   39 -18886.000 -18952.679  0.35%  30.1  380s
 1617130 956037 -18907.137   59   69 -18886.000 -18952.662  0.35%  30.1  385s
 1649185 973638 -18918.056   93   58 -18886.000 -18952.642  0.35%  30.0  390s
 1679887 990132 -18908.685   55   37 -18886.000 -18952.627  0.35%  30.0  395s
 1710528 1006619 -18945.982   56   58 -18886.000 -18952.614  0.35%  29.9  400s
 1741607 1023536 -18904.326   68   40 -18886.000 -18952.594  0.35%  29.9  405s
 1773714 1040618 -18891.238   55   38 -18886.000 -18952.573  0.35%  29.8  410s
 1806737 1057845 -18916.993   57   39 -18886.000 -18952.552  0.35%  29.8  415s
 1839212 1075221 -18945.377   47   59 -18886.000 -18952.532  0.35%  29.7  420s
 1871044 1091897     cutoff   58      -18886.000 -18952.511  0.35%  29.7  425s
 1902518 1108147 -18910.569   55   51 -18886.000 -18952.489  0.35%  29.6  430s
 1934910 1124729 -18920.238   58   69 -18886.000 -18952.466  0.35%  29.6  435s
 1966064 1141291     cutoff   56      -18886.000 -18952.443  0.35%  29.5  440s
 1997735 1157397 infeasible   71      -18886.000 -18952.420  0.35%  29.5  445s
 2030020 1173640 -18933.381   69   34 -18886.000 -18952.396  0.35%  29.4  450s
 2062285 1190069     cutoff   63      -18886.000 -18952.371  0.35%  29.4  455s
 2091188 1206128 -18894.838   69   42 -18886.000 -18952.371  0.35%  29.4  460s
 2124143 1225868 -18940.901   46   67 -18886.000 -18952.371  0.35%  29.4  465s
 2155299 1243194 -18914.199   64   55 -18886.000 -18952.363  0.35%  29.3  470s
 2188185 1260177 -18900.974   69   34 -18886.000 -18952.341  0.35%  29.3  475s
 2218024 1275760 -18914.916   70   70 -18886.000 -18952.326  0.35%  29.3  480s
 2250556 1292706 -18930.346   61   53 -18886.000 -18952.302  0.35%  29.2  485s
 2282440 1309211 -18928.463   67   63 -18886.000 -18952.280  0.35%  29.2  490s
 2314801 1325935 -18905.677   70   55 -18886.000 -18952.263  0.35%  29.2  495s
 2346029 1341873 -18924.020   59   45 -18886.000 -18952.249  0.35%  29.1  500s
 2377949 1358243 -18932.852   50   64 -18886.000 -18952.230  0.35%  29.1  505s
 2411180 1375042 -18948.608   67   46 -18886.000 -18952.209  0.35%  29.0  510s
 2442513 1390952 -18921.066   69   66 -18886.000 -18952.189  0.35%  29.0  515s
 2474642 1407285 -18933.512   81   42 -18886.000 -18952.169  0.35%  29.0  520s
 2504348 1422709 -18914.812   45   56 -18886.000 -18952.151  0.35%  29.0  525s
 2537273 1439444 -18927.313   68   60 -18886.000 -18952.128  0.35%  28.9  530s
 2569343 1455445 -18937.668   56   60 -18886.000 -18952.105  0.35%  28.9  535s
 2601681 1471027 -18917.607   53   57 -18886.000 -18952.089  0.35%  28.9  540s
 2634347 1487190 -18950.116   62   46 -18886.000 -18952.065  0.35%  28.9  545s
 2666195 1503089 -18948.507   54   53 -18886.000 -18952.043  0.35%  28.8  550s
 2698892 1519467 -18930.436   65   62 -18886.000 -18952.020  0.35%  28.8  555s
 2731787 1535604     cutoff   58      -18886.000 -18951.998  0.35%  28.8  560s
 2763889 1551124 -18947.440   51   60 -18886.000 -18951.973  0.35%  28.7  565s
 2797092 1567370 -18947.134   54   48 -18886.000 -18951.954  0.35%  28.7  570s
 2827432 1582330 -18909.780   70   41 -18886.000 -18951.945  0.35%  28.7  575s
 2860877 1598990     cutoff   50      -18886.000 -18951.922  0.35%  28.7  580s
 2893342 1615199 -18950.307   54   27 -18886.000 -18951.901  0.35%  28.6  585s
 2927096 1632735 -18904.086   72   49 -18886.000 -18951.881  0.35%  28.6  590s
 2958420 1648613 -18915.011   42   23 -18886.000 -18951.862  0.35%  28.6  595s
 2990609 1665051     cutoff   76      -18886.000 -18951.841  0.35%  28.6  600s

Cutting planes:
  Gomory: 1
  Cover: 26
  Clique: 10
  MIR: 20
  StrongCG: 19
  Flow cover: 19
  Zero half: 1

Explored 2991232 nodes (85447620 simplex iterations) in 600.00 seconds (798.22 work units)
Thread count was 4 (of 56 available processors)

Solution count 10: -18886 -18885 -18858 ... -15271

Time limit reached
Best objective -1.888600000000e+04, best bound -1.895100000000e+04, gap 0.3442%
