
Gurobi 9.5.0 (linux64) logging started Mon Apr 11 17:34:58 2022

Set parameter LogFile to value "/local_workspace/chenrui/LogFiles/MKAP/probT1_10e3_2S_R50_T002_M010_N0040_seed04_objLB_600.log"
Gurobi Optimizer version 9.5.0 build v9.5.0rc5 (linux64)
Thread count: 56 physical cores, 56 logical processors, using up to 4 threads
Optimize a model with 71 rows, 420 columns and 1240 nonzeros
Model fingerprint: 0xdd11ba4c
Variable types: 0 continuous, 420 integer (420 binary)
Coefficient statistics:
  Matrix range     [1e+00, 2e+03]
  Objective range  [3e+02, 1e+03]
  Bounds range     [1e+00, 1e+00]
  RHS range        [1e+00, 2e+04]
Found heuristic solution: objective 0.0000000
Presolve removed 11 rows and 71 columns
Presolve time: 0.00s
Presolved: 60 rows, 349 columns, 1038 nonzeros
Variable types: 0 continuous, 349 integer (349 binary)
Found heuristic solution: objective -12886.00000

Root relaxation: objective -1.591600e+04, 176 iterations, 0.00 seconds (0.00 work units)

    Nodes    |    Current Node    |     Objective Bounds      |     Work
 Expl Unexpl |  Obj  Depth IntInf | Incumbent    BestBd   Gap | It/Node Time

     0     0 -15916.000    0   18 -12886.000 -15916.000  23.5%     -    0s
H    0     0                    -15112.00000 -15916.000  5.32%     -    0s
H    0     0                    -15148.00000 -15916.000  5.07%     -    0s
     0     0 -15842.929    0   38 -15148.000 -15842.929  4.59%     -    0s
H    0     0                    -15403.00000 -15842.929  2.86%     -    0s
     0     0 -15842.929    0   34 -15403.000 -15842.929  2.86%     -    0s
     0     0 -15830.000    0   34 -15403.000 -15830.000  2.77%     -    0s
     0     0 -15830.000    0   30 -15403.000 -15830.000  2.77%     -    0s
     0     0 -15830.000    0   48 -15403.000 -15830.000  2.77%     -    0s
     0     0 -15830.000    0   14 -15403.000 -15830.000  2.77%     -    0s
     0     2 -15830.000    0   10 -15403.000 -15830.000  2.77%     -    0s
H   55    80                    -15604.00000 -15830.000  1.45%  17.6    0s
H  135   180                    -15655.00000 -15830.000  1.12%  11.7    0s
H  214   363                    -15675.00000 -15830.000  0.99%  12.8    0s
H  332   363                    -15691.00000 -15830.000  0.89%  11.7    0s
H  495   370                    -15737.00000 -15830.000  0.59%  12.4    0s
H  993   534                    -15780.00000 -15830.000  0.32%  12.6    0s
H 1171   625                    -15789.00000 -15827.249  0.24%  12.5    0s
H 2397   839                    -15806.00000 -15825.007  0.12%  27.4    2s
H 2928   740                    -15816.00000 -15824.507  0.05%  28.9    2s

Cutting planes:
  Gomory: 4
  Cover: 41
  Clique: 2
  MIR: 116
  StrongCG: 113
  Flow cover: 20
  GUB cover: 2
  Zero half: 3

Explored 8477 nodes (323633 simplex iterations) in 4.37 seconds (5.90 work units)
Thread count was 4 (of 56 available processors)

Solution count 10: -15816 -15806 -15789 ... -15403

Optimal solution found (tolerance 1.00e-04)
Best objective -1.581600000000e+04, best bound -1.581700000000e+04, gap 0.0063%
