
Gurobi 9.5.0 (linux64) logging started Mon Apr 11 14:22:01 2022

Set parameter LogFile to value "/local_workspace/chenrui/LogFiles/MKAP/probT1_10e3_0U_R50_T005_M010_N0060_seed07_DWcutsT4_600.log"
Gurobi Optimizer version 9.5.0 build v9.5.0rc5 (linux64)
Thread count: 56 physical cores, 56 logical processors, using up to 4 threads
Optimize a model with 888 rows, 650 columns and 10469 nonzeros
Model fingerprint: 0x5039e257
Variable types: 0 continuous, 650 integer (650 binary)
Coefficient statistics:
  Matrix range     [1e-13, 4e+03]
  Objective range  [6e+00, 1e+03]
  Bounds range     [1e+00, 1e+00]
  RHS range        [3e-13, 1e+02]
Warning: Model contains large matrix coefficient range
         Consider reformulating model or setting NumericFocus parameter
         to avoid numerical issues.
Found heuristic solution: objective 0.0000000
Presolve removed 133 rows and 42 columns
Presolve time: 0.07s
Presolved: 755 rows, 608 columns, 8467 nonzeros
Variable types: 0 continuous, 608 integer (608 binary)
Found heuristic solution: objective -5950.000000

Root relaxation: objective -2.363818e+04, 2027 iterations, 0.08 seconds (0.09 work units)

    Nodes    |    Current Node    |     Objective Bounds      |     Work
 Expl Unexpl |  Obj  Depth IntInf | Incumbent    BestBd   Gap | It/Node Time

     0     0 -23638.179    0  124 -5950.0000 -23638.179   297%     -    0s
H    0     0                    -22672.00000 -23638.179  4.26%     -    0s
H    0     0                    -22971.00000 -23638.179  2.90%     -    0s
     0     0 -23638.097    0  139 -22971.000 -23638.097  2.90%     -    0s
     0     0 -23638.081    0  141 -22971.000 -23638.081  2.90%     -    0s
     0     0 -23638.043    0  130 -22971.000 -23638.043  2.90%     -    0s
     0     0 -23638.043    0  132 -22971.000 -23638.043  2.90%     -    0s
     0     0 -23638.040    0  129 -22971.000 -23638.040  2.90%     -    0s
     0     0 -23637.726    0  139 -22971.000 -23637.726  2.90%     -    0s
     0     0 -23637.657    0  144 -22971.000 -23637.657  2.90%     -    0s
     0     0 -23637.657    0  143 -22971.000 -23637.657  2.90%     -    0s
     0     0 -23637.657    0  130 -22971.000 -23637.657  2.90%     -    0s
H    0     0                    -23090.00000 -23637.657  2.37%     -    0s
     0     0 -23637.657    0  135 -23090.000 -23637.657  2.37%     -    0s
     0     0 -23637.489    0  127 -23090.000 -23637.489  2.37%     -    0s
     0     0 -23637.489    0  130 -23090.000 -23637.489  2.37%     -    0s
     0     0 -23637.488    0  128 -23090.000 -23637.488  2.37%     -    0s
     0     0 -23637.488    0  128 -23090.000 -23637.488  2.37%     -    0s
     0     2 -23637.488    0  128 -23090.000 -23637.488  2.37%     -    0s
H   35    37                    -23170.00000 -23637.488  2.02%   116    0s
H  145   129                    -23241.00000 -23637.488  1.71%  49.8    0s
H 2801   972                    -23360.00000 -23630.111  1.16%  40.7    4s
H 2975   972                    -23380.00000 -23630.111  1.07%  40.7    4s
  3145  1143 -23630.111   25  139 -23380.000 -23630.111  1.07%  41.1    5s
 12907  5161     cutoff   40      -23380.000 -23619.058  1.02%  43.7   10s
H14559  4923                    -23429.00000 -23617.252  0.80%  43.5   10s
 21231  6603 -23576.337   33  128 -23429.000 -23609.543  0.77%  41.8   17s
 21268  6631 -23609.543   29  191 -23429.000 -23609.543  0.77%  41.9   20s
H22828  6428                    -23480.00000 -23607.505  0.54%  41.9   24s
 23886  6543 -23532.344   54   84 -23480.000 -23599.294  0.51%  41.6   25s
 39334  4762 -23501.158   51   92 -23480.000 -23560.001  0.34%  37.5   30s
 57322  6021     cutoff   53      -23480.000 -23538.805  0.25%  35.1   35s
 76473  4614     cutoff   53      -23480.000 -23517.228  0.16%  33.7   40s

Cutting planes:
  Gomory: 7
  Cover: 6
  Clique: 3
  MIR: 36
  StrongCG: 18
  Flow cover: 6
  GUB cover: 1
  RLT: 1

Explored 91935 nodes (2945194 simplex iterations) in 43.26 seconds (73.09 work units)
Thread count was 4 (of 56 available processors)

Solution count 10: -23480 -23429 -23380 ... -5950
No other solutions better than -23480

Optimal solution found (tolerance 1.00e-04)
Best objective -2.348000000000e+04, best bound -2.348000000000e+04, gap 0.0000%
