
Gurobi 9.5.0 (linux64) logging started Mon Apr 11 23:58:48 2022

Set parameter LogFile to value "/local_workspace/chenrui/LogFiles/MKAP/probT1_10e3_2S_R50_T005_M010_N0060_seed04_DWcutsT4_600.log"
Gurobi Optimizer version 9.5.0 build v9.5.0rc5 (linux64)
Thread count: 56 physical cores, 56 logical processors, using up to 4 threads
Optimize a model with 906 rows, 650 columns and 10972 nonzeros
Model fingerprint: 0x6035d588
Variable types: 0 continuous, 650 integer (650 binary)
Coefficient statistics:
  Matrix range     [1e-13, 4e+03]
  Objective range  [3e+02, 1e+03]
  Bounds range     [1e+00, 1e+00]
  RHS range        [3e-13, 6e+01]
Warning: Model contains large matrix coefficient range
         Consider reformulating model or setting NumericFocus parameter
         to avoid numerical issues.
Found heuristic solution: objective 0.0000000
Presolve removed 114 rows and 32 columns
Presolve time: 0.07s
Presolved: 792 rows, 618 columns, 9273 nonzeros
Variable types: 0 continuous, 618 integer (618 binary)
Found heuristic solution: objective -9653.000000

Root relaxation: objective -2.395380e+04, 2134 iterations, 0.09 seconds (0.12 work units)

    Nodes    |    Current Node    |     Objective Bounds      |     Work
 Expl Unexpl |  Obj  Depth IntInf | Incumbent    BestBd   Gap | It/Node Time

     0     0 -23953.804    0  186 -9653.0000 -23953.804   148%     -    0s
H    0     0                    -22050.00000 -23953.804  8.63%     -    0s
H    0     0                    -22800.00000 -23953.804  5.06%     -    0s
H    0     0                    -22812.00000 -23953.804  5.01%     -    0s
H    0     0                    -23109.00000 -23953.804  3.66%     -    0s
     0     0 -23953.804    0  177 -23109.000 -23953.804  3.66%     -    0s
     0     0 -23953.804    0  167 -23109.000 -23953.804  3.66%     -    0s
     0     0 -23953.804    0  166 -23109.000 -23953.804  3.66%     -    0s
     0     0 -23953.804    0  170 -23109.000 -23953.804  3.66%     -    0s
     0     0 -23953.804    0  166 -23109.000 -23953.804  3.66%     -    0s
H    0     0                    -23142.00000 -23953.804  3.51%     -    0s
     0     0 -23953.804    0  166 -23142.000 -23953.804  3.51%     -    0s
     0     0 -23953.370    0  178 -23142.000 -23953.370  3.51%     -    0s
     0     0 -23953.370    0  192 -23142.000 -23953.370  3.51%     -    0s
     0     0 -23953.246    0  188 -23142.000 -23953.246  3.51%     -    0s
     0     0 -23953.196    0  182 -23142.000 -23953.196  3.51%     -    0s
     0     0 -23953.195    0  175 -23142.000 -23953.195  3.51%     -    0s
     0     0 -23953.097    0  175 -23142.000 -23953.097  3.50%     -    0s
     0     2 -23953.097    0  175 -23142.000 -23953.097  3.50%     -    0s
H   32    37                    -23240.00000 -23953.097  3.07%   109    0s
H   34    37                    -23414.00000 -23953.097  2.30%   103    0s
H  265   230                    -23527.00000 -23953.097  1.81%  31.2    1s
H  271   232                    -23587.00000 -23953.097  1.55%  30.9    1s
H  957   597                    -23621.00000 -23949.842  1.39%  27.5    1s
H  960   596                    -23626.00000 -23949.842  1.37%  27.7    1s
H 1046   612                    -23628.00000 -23949.842  1.36%  28.5    2s
H 1046   582                    -23662.00000 -23949.842  1.22%  28.5    2s
H 1168   641                    -23674.00000 -23949.842  1.17%  37.7    3s
  2423  1092 -23946.730   25  151 -23674.000 -23949.842  1.17%  38.0    5s
H 3919  2019                    -23692.00000 -23949.252  1.09%  37.1    6s
 11643  7071 -23898.332   32   98 -23692.000 -23943.433  1.06%  33.9   10s
 20906 12704 -23858.452   25   90 -23692.000 -23939.723  1.05%  33.7   17s
 29442 17190 -23884.070   38   54 -23692.000 -23937.448  1.04%  33.2   20s
 43554 25082 -23906.966   37  118 -23692.000 -23934.048  1.02%  32.6   25s
 56727 31896 -23902.547   32  125 -23692.000 -23931.657  1.01%  32.1   30s
 69491 38504 -23713.841   45   24 -23692.000 -23929.528  1.00%  31.8   35s
 85621 47078 -23901.721   31   89 -23692.000 -23927.014  0.99%  31.4   40s
 102038 55359 -23855.146   35   59 -23692.000 -23925.080  0.98%  31.0   45s
 118004 62936 -23753.509   42   51 -23692.000 -23923.490  0.98%  30.6   50s
H134750 69484                    -23709.00000 -23921.733  0.90%  30.3   54s
 135528 69970 -23753.208   43   74 -23709.000 -23921.621  0.90%  30.3   55s
 152088 77074 -23763.353   49   62 -23709.000 -23920.064  0.89%  30.0   60s
 169571 84697     cutoff   55      -23709.000 -23918.562  0.88%  29.8   65s
 187206 91902     cutoff   43      -23709.000 -23917.184  0.88%  29.6   70s
 203955 99286 -23895.990   35   90 -23709.000 -23915.976  0.87%  29.3   75s
 220977 106588 -23880.464   31  127 -23709.000 -23914.759  0.87%  29.1   80s
 238754 114114 -23868.232   34   83 -23709.000 -23913.631  0.86%  28.9   85s
 256068 121464 -23885.424   36  115 -23709.000 -23912.439  0.86%  28.7   90s
 273814 128878 -23779.404   38   79 -23709.000 -23911.407  0.85%  28.6   95s
 291329 135892     cutoff   54      -23709.000 -23910.403  0.85%  28.4  100s
 310325 143542 -23894.818   34  105 -23709.000 -23909.383  0.85%  28.2  105s
 328051 150488 -23761.443   39   92 -23709.000 -23908.484  0.84%  28.0  110s
 346888 158062     cutoff   35      -23709.000 -23907.523  0.84%  27.9  115s
 366844 165594     cutoff   47      -23709.000 -23906.591  0.83%  27.7  120s
 385043 172862 -23895.429   33  114 -23709.000 -23905.758  0.83%  27.6  125s
 404810 180560 -23869.693   41   95 -23709.000 -23904.877  0.83%  27.4  130s
 424699 188161 -23819.393   45   63 -23709.000 -23904.039  0.82%  27.2  135s
 443695 195375 -23833.917   47   59 -23709.000 -23903.287  0.82%  27.1  140s
 462657 202718 -23863.392   33   68 -23709.000 -23902.516  0.82%  27.0  145s
 483539 210448 -23717.728   34   94 -23709.000 -23901.720  0.81%  26.8  150s
 503367 217590     cutoff   41      -23709.000 -23901.039  0.81%  26.7  155s
 524024 225226 -23765.913   44   46 -23709.000 -23900.338  0.81%  26.6  160s
 543278 232202 -23837.704   53   92 -23709.000 -23899.710  0.80%  26.5  165s
 562998 239587 -23727.980   34   65 -23709.000 -23899.087  0.80%  26.4  170s
 583161 247144     cutoff   45      -23709.000 -23898.373  0.80%  26.3  175s
 604206 254884 -23881.451   41   92 -23709.000 -23897.721  0.80%  26.2  180s
 623768 262146 -23852.912   40   67 -23709.000 -23897.161  0.79%  26.0  185s
 644830 269662 -23741.087   34   56 -23709.000 -23896.543  0.79%  25.9  190s
 665918 276988 -23806.115   33  112 -23709.000 -23895.959  0.79%  25.8  195s
 687696 284798 -23884.523   36   96 -23709.000 -23895.306  0.79%  25.7  200s
 707424 291792     cutoff   41      -23709.000 -23894.778  0.78%  25.6  205s
 727011 298903 -23790.491   46   63 -23709.000 -23894.261  0.78%  25.6  210s
 748652 306137 -23852.550   35  110 -23709.000 -23893.715  0.78%  25.5  215s
 770895 313617     cutoff   30      -23709.000 -23893.159  0.78%  25.4  220s
 790531 320419 -23812.147   28   77 -23709.000 -23892.669  0.77%  25.3  225s
 811963 328019 -23872.435   41   85 -23709.000 -23892.140  0.77%  25.2  230s
 834320 335581 -23752.270   44   89 -23709.000 -23891.613  0.77%  25.2  235s
 855956 342825 -23853.198   35   99 -23709.000 -23891.122  0.77%  25.1  240s
 874806 349137 -23855.293   44   78 -23709.000 -23890.698  0.77%  25.0  245s
 897869 356875 -23871.117   29   97 -23709.000 -23890.191  0.76%  24.9  250s
 919676 363950     cutoff   46      -23709.000 -23889.717  0.76%  24.8  255s
 941890 371213     cutoff   38      -23709.000 -23889.236  0.76%  24.8  260s
 963401 378165     cutoff   45      -23709.000 -23888.773  0.76%  24.7  265s
 985552 385353 -23880.598   34   74 -23709.000 -23888.298  0.76%  24.6  270s
 1007791 392463     cutoff   39      -23709.000 -23887.847  0.75%  24.6  275s
 1027948 398793 -23766.958   36   92 -23709.000 -23887.448  0.75%  24.5  280s
 1049497 405882 -23852.191   29  102 -23709.000 -23887.005  0.75%  24.5  285s
 1071076 412655 -23828.669   32  102 -23709.000 -23886.596  0.75%  24.4  290s
 1094209 420024     cutoff   33      -23709.000 -23886.135  0.75%  24.3  295s
 1115615 426909 -23800.681   35   75 -23709.000 -23885.708  0.75%  24.3  300s
 1138651 434017 -23760.028   38   77 -23709.000 -23885.285  0.74%  24.2  305s
 1160693 440763 -23865.649   37  101 -23709.000 -23884.876  0.74%  24.2  310s
 1180950 447190 -23726.263   46   46 -23709.000 -23884.511  0.74%  24.1  315s
 1202780 453925 -23837.132   45   82 -23709.000 -23884.131  0.74%  24.1  320s
 1225612 461029 -23756.687   44   65 -23709.000 -23883.731  0.74%  24.0  325s
 1248660 468024     cutoff   49      -23709.000 -23883.304  0.74%  23.9  330s
 1268891 474279 -23762.905   47   53 -23709.000 -23882.959  0.73%  23.9  335s
 1291773 481080 -23845.771   42   70 -23709.000 -23882.557  0.73%  23.8  340s
 1313216 487356     cutoff   44      -23709.000 -23882.192  0.73%  23.8  345s
 1335316 493901 -23811.530   30   97 -23709.000 -23881.831  0.73%  23.8  350s
 1355613 499699 -23717.680   48   74 -23709.000 -23881.504  0.73%  23.7  355s
 1378318 506576 -23784.593   48   49 -23709.000 -23881.134  0.73%  23.7  360s
 1401060 513308 -23802.224   46   90 -23709.000 -23880.780  0.72%  23.6  365s
 1424253 520092 -23738.678   50   73 -23709.000 -23880.410  0.72%  23.6  370s
 1447642 526977 -23727.392   43   78 -23709.000 -23880.025  0.72%  23.5  375s
 1468949 533185 -23858.506   35  108 -23709.000 -23879.675  0.72%  23.5  380s
 1491397 539812 -23853.420   37  113 -23709.000 -23879.334  0.72%  23.4  385s
 1515241 546531 -23729.932   40  115 -23709.000 -23878.994  0.72%  23.4  390s
 1538288 553277     cutoff   43      -23709.000 -23878.641  0.72%  23.4  395s
 1560085 559488 -23815.252   38   55 -23709.000 -23878.315  0.71%  23.3  400s
 1583117 565985     cutoff   45      -23709.000 -23877.994  0.71%  23.3  405s
 1606408 572620 -23854.437   36   88 -23709.000 -23877.646  0.71%  23.2  410s
 1629224 578833     cutoff   33      -23709.000 -23877.317  0.71%  23.2  415s
 1652908 585983 -23858.388   39   64 -23709.000 -23876.976  0.71%  23.1  420s
 1676788 592567 -23765.348   45   40 -23709.000 -23876.636  0.71%  23.1  425s
 1700002 599082 -23840.580   41   83 -23709.000 -23876.315  0.71%  23.1  430s
H1700044 598445                    -23710.00000 -23876.315  0.70%  23.1  430s
 1722195 604268 -23771.012   48   28 -23710.000 -23876.006  0.70%  23.0  435s
 1743474 610251 -23805.412   37   97 -23710.000 -23875.732  0.70%  23.0  440s
 1766609 616455 -23811.628   43   76 -23710.000 -23875.390  0.70%  23.0  445s
 1789771 622945 -23854.713   34   87 -23710.000 -23875.102  0.70%  22.9  450s
 1812640 629295 -23852.924   33   84 -23710.000 -23874.807  0.70%  22.9  455s
 1836312 635915 -23795.978   40   85 -23710.000 -23874.487  0.69%  22.9  460s
 1860123 642271     cutoff   41      -23710.000 -23874.193  0.69%  22.8  465s
H1870991 634412                    -23721.00000 -23874.053  0.65%  22.8  467s
 1881257 637079 -23788.513   41   72 -23721.000 -23873.918  0.64%  22.8  470s
 1904164 642641 -23797.554   43   87 -23721.000 -23873.632  0.64%  22.8  475s
 1926334 648191 -23795.881   37  109 -23721.000 -23873.347  0.64%  22.8  480s
 1949635 654258 -23780.599   49   38 -23721.000 -23873.036  0.64%  22.7  485s
 1972854 659699 -23845.344   39   48 -23721.000 -23872.737  0.64%  22.7  490s
 1995657 665554 -23727.585   47   42 -23721.000 -23872.448  0.64%  22.7  495s
 2018531 670780 -23758.332   43   87 -23721.000 -23872.176  0.64%  22.7  500s
 2042364 676629 -23795.684   37   59 -23721.000 -23871.876  0.64%  22.6  505s
 2066095 682343 -23799.570   39   46 -23721.000 -23871.581  0.63%  22.6  510s
 2089871 688397 -23799.549   31   59 -23721.000 -23871.283  0.63%  22.6  515s
 2112841 693817     cutoff   37      -23721.000 -23871.009  0.63%  22.6  520s
 2134987 699278 -23725.898   48   18 -23721.000 -23870.746  0.63%  22.5  525s
H2141051 647472                    -23743.00000 -23870.674  0.54%  22.5  526s
 2154722 650272 -23793.117   39   61 -23743.000 -23870.500  0.54%  22.5  530s
H2168499 628759                    -23750.00000 -23870.302  0.51%  22.5  532s
 2177208 630297 -23781.616   27   88 -23750.000 -23870.173  0.51%  22.5  535s
 2200872 634433 -23843.735   39   76 -23750.000 -23869.866  0.50%  22.5  540s
 2224504 638803 -23830.270   39   64 -23750.000 -23869.552  0.50%  22.4  545s
 2248075 642815 -23802.543   38  106 -23750.000 -23869.240  0.50%  22.4  550s
 2270350 646755 -23762.132   38   59 -23750.000 -23868.943  0.50%  22.4  555s
 2293728 650596     cutoff   52      -23750.000 -23868.648  0.50%  22.4  560s
 2315910 654477     cutoff   37      -23750.000 -23868.374  0.50%  22.4  565s
 2339373 658488     cutoff   42      -23750.000 -23868.068  0.50%  22.3  570s
 2362824 662423 -23805.558   38   43 -23750.000 -23867.776  0.50%  22.3  575s
 2386049 666327     cutoff   43      -23750.000 -23867.482  0.49%  22.3  580s
 2408853 670305     cutoff   43      -23750.000 -23867.202  0.49%  22.3  585s
 2433238 674265     cutoff   48      -23750.000 -23866.902  0.49%  22.3  590s
 2456459 678023 -23820.276   28  128 -23750.000 -23866.617  0.49%  22.3  595s
 2480222 682103     cutoff   39      -23750.000 -23866.341  0.49%  22.2  600s

Cutting planes:
  Cover: 11
  Clique: 2
  MIR: 4
  StrongCG: 4
  Flow cover: 8

Explored 2480225 nodes (55158129 simplex iterations) in 600.00 seconds (1153.25 work units)
Thread count was 4 (of 56 available processors)

Solution count 10: -23750 -23743 -23721 ... -23626

Time limit reached
Best objective -2.375000000000e+04, best bound -2.386600000000e+04, gap 0.4884%
