
Gurobi 9.5.0 (linux64) logging started Mon Apr 11 09:06:23 2022

Set parameter LogFile to value "/local_workspace/chenrui/LogFiles/MKAP/probT1_10e3_2S_R50_T005_M020_N0060_seed06_objLB_600.log"
Gurobi Optimizer version 9.5.0 build v9.5.0rc5 (linux64)
Thread count: 56 physical cores, 56 logical processors, using up to 4 threads
Optimize a model with 181 rows, 1300 columns and 3800 nonzeros
Model fingerprint: 0x488b4949
Variable types: 0 continuous, 1300 integer (1300 binary)
Coefficient statistics:
  Matrix range     [1e+00, 1e+03]
  Objective range  [2e+02, 1e+03]
  Bounds range     [1e+00, 1e+00]
  RHS range        [1e+00, 2e+04]
Found heuristic solution: objective 0.0000000
Presolve removed 39 rows and 418 columns
Presolve time: 0.01s
Presolved: 142 rows, 882 columns, 2585 nonzeros
Variable types: 0 continuous, 882 integer (882 binary)
Found heuristic solution: objective -17495.00000

Root relaxation: objective -2.346900e+04, 367 iterations, 0.00 seconds (0.00 work units)

    Nodes    |    Current Node    |     Objective Bounds      |     Work
 Expl Unexpl |  Obj  Depth IntInf | Incumbent    BestBd   Gap | It/Node Time

     0     0 -23469.000    0   20 -17495.000 -23469.000  34.1%     -    0s
H    0     0                    -22181.00000 -23469.000  5.81%     -    0s
H    0     0                    -22227.00000 -23469.000  5.59%     -    0s
     0     0 -23469.000    0   64 -22227.000 -23469.000  5.59%     -    0s
H    0     0                    -22273.00000 -23469.000  5.37%     -    0s
     0     0 -23469.000    0   55 -22273.000 -23469.000  5.37%     -    0s
H    0     0                    -22328.00000 -23469.000  5.11%     -    0s
H    0     0                    -22334.00000 -23469.000  5.08%     -    0s
H    0     0                    -22733.00000 -23469.000  3.24%     -    0s
     0     0 -23469.000    0   32 -22733.000 -23469.000  3.24%     -    0s
     0     0 -23469.000    0   29 -22733.000 -23469.000  3.24%     -    0s
     0     2 -23469.000    0   29 -22733.000 -23469.000  3.24%     -    0s
H   31    53                    -22789.00000 -23469.000  2.98%   102    0s
H  124   171                    -22813.00000 -23469.000  2.88%  65.1    0s
H  240   261                    -22906.00000 -23469.000  2.46%  61.2    0s
H  761   660                    -22918.00000 -23469.000  2.40%  46.0    0s
H 1143   810                    -22929.00000 -23469.000  2.36%  46.7    0s
H 1145   771                    -22963.00000 -23469.000  2.20%  46.6    0s
H 1281   885                    -22980.00000 -23469.000  2.13%  54.8    1s
H 1433   967                    -22986.00002 -23469.000  2.10%  50.9    1s
H 1498   910                    -23182.00000 -23469.000  1.24%  50.1    1s
H 1647   906                    -23193.00000 -23469.000  1.19%  50.3    2s
H 1927  1046                    -23204.00000 -23469.000  1.14%  46.8    2s
H 3101  1637                    -23211.00000 -23469.000  1.11%  43.6    2s
H 4055  2046                    -23218.00000 -23469.000  1.08%  41.4    3s
  8309  5286 -23461.972   32   66 -23218.000 -23469.000  1.08%  37.2    5s
H 9731  4765                    -23318.00000 -23469.000  0.65%  36.5    5s
H10723  5325                    -23326.00000 -23469.000  0.61%  36.5    5s
H17937  8567                    -23359.00000 -23469.000  0.47%  37.2    8s
 21126 10673 -23368.397   53   44 -23359.000 -23469.000  0.47%  37.5   10s
 31523 17960 -23367.605   60   25 -23359.000 -23469.000  0.47%  37.1   16s
 44070 23068 -23440.137   55   55 -23359.000 -23469.000  0.47%  37.5   20s
H58750 20356                    -23421.00000 -23469.000  0.20%  37.5   24s
 60219 21072 -23469.000   36   65 -23421.000 -23469.000  0.20%  37.8   25s
 71460 24950 -23440.335   50   41 -23421.000 -23469.000  0.20%  40.1   30s
 80774 27887 -23444.902   38   64 -23421.000 -23469.000  0.20%  42.5   35s
 89787 31582 -23467.978   40   58 -23421.000 -23469.000  0.20%  44.2   40s
 101038 36161 -23469.000   30   47 -23421.000 -23469.000  0.20%  45.1   45s
 111565 40303 -23439.773   37   61 -23421.000 -23469.000  0.20%  45.8   50s
 120070 43477     cutoff   91      -23421.000 -23469.000  0.20%  46.2   55s
 134662 49138     cutoff   42      -23421.000 -23469.000  0.20%  46.5   60s
 145666 53355 -23469.000   39   59 -23421.000 -23469.000  0.20%  46.6   65s
 157814 57883 -23444.756   56   54 -23421.000 -23469.000  0.20%  46.6   70s
 168391 62200 -23464.348   58   47 -23421.000 -23469.000  0.20%  47.0   75s
 179857 65885     cutoff   53      -23421.000 -23469.000  0.20%  47.3   80s
 191732 69527 -23463.138   58   52 -23421.000 -23469.000  0.20%  47.3   85s
 202693 73814 -23463.745   72   62 -23421.000 -23469.000  0.20%  47.3   90s
 214440 78043     cutoff   66      -23421.000 -23469.000  0.20%  47.5   95s
 225459 82590 -23467.506   48   52 -23421.000 -23469.000  0.20%  47.5  100s
 238495 87463 -23427.689   51   63 -23421.000 -23469.000  0.20%  47.3  106s
 249829 92096 -23425.768   38   57 -23421.000 -23469.000  0.20%  47.3  110s
 263201 97195     cutoff   50      -23421.000 -23469.000  0.20%  47.3  115s
 273518 100500 -23468.206   52   52 -23421.000 -23469.000  0.20%  47.4  120s
 286841 105062 -23443.953   54   50 -23421.000 -23469.000  0.20%  47.3  125s
 299598 109816 -23461.969   49   47 -23421.000 -23469.000  0.20%  47.2  130s
 311440 113981 -23439.679   66   22 -23421.000 -23469.000  0.20%  47.1  135s
 322892 117980 -23469.000   30   63 -23421.000 -23469.000  0.20%  46.9  140s
 339064 123481 -23458.320   37   62 -23421.000 -23469.000  0.20%  46.7  146s
 349153 127758 -23464.477   56   70 -23421.000 -23469.000  0.20%  46.7  150s
 361645 132170 -23429.161   46   61 -23421.000 -23469.000  0.20%  46.7  155s
 373654 136560 -23469.000   46   52 -23421.000 -23469.000  0.20%  46.7  160s
 385562 141143 -23446.014   48   45 -23421.000 -23469.000  0.20%  46.9  165s
 399237 146113 -23449.360   35   65 -23421.000 -23469.000  0.20%  46.8  171s
 410646 150493 -23466.746   40   76 -23421.000 -23469.000  0.20%  46.9  175s
 422573 154386 -23460.203   50   54 -23421.000 -23469.000  0.20%  46.9  181s
 434030 158603     cutoff   48      -23421.000 -23469.000  0.20%  46.9  185s
 446941 163042 -23438.940   86   33 -23421.000 -23469.000  0.20%  46.9  190s
 459881 167537     cutoff   62      -23421.000 -23469.000  0.20%  46.9  195s
 471954 171826 -23455.772   50   57 -23421.000 -23469.000  0.20%  46.9  200s
 482341 175296 -23467.171   59   64 -23421.000 -23469.000  0.20%  47.0  205s
 494994 179936 -23457.422   34   51 -23421.000 -23469.000  0.20%  47.1  210s
 507476 184184 -23435.217   48   64 -23421.000 -23469.000  0.20%  47.0  215s
 518447 187992 -23469.000   42   54 -23421.000 -23469.000  0.20%  47.0  220s
 528358 191460 -23464.458   62   60 -23421.000 -23469.000  0.20%  46.9  225s
 542145 196326     cutoff   52      -23421.000 -23469.000  0.20%  47.0  230s
 555900 201275 -23469.000   34   61 -23421.000 -23469.000  0.20%  47.0  235s
 566593 205169 -23468.734   46   46 -23421.000 -23469.000  0.20%  46.9  241s
 577718 209286     cutoff   54      -23421.000 -23469.000  0.20%  46.9  245s
 589865 213855 -23466.175   38   55 -23421.000 -23469.000  0.20%  46.9  250s
 601970 218055 -23454.689   58   44 -23421.000 -23469.000  0.20%  46.9  255s
 613208 221926 -23466.975   40   58 -23421.000 -23469.000  0.20%  46.9  260s
 625668 227120 -23465.212   39   59 -23421.000 -23469.000  0.20%  47.0  265s
 638137 231903 -23447.893   46   67 -23421.000 -23469.000  0.20%  46.9  270s
 650569 236435 -23452.561   61   70 -23421.000 -23469.000  0.20%  46.9  275s
 663412 241057     cutoff   50      -23421.000 -23469.000  0.20%  46.9  280s
 674986 245526 -23466.680   48   58 -23421.000 -23469.000  0.20%  46.8  285s
 690140 250065 -23461.304   70   43 -23421.000 -23469.000  0.20%  46.9  290s
 701187 253331     cutoff   84      -23421.000 -23469.000  0.20%  46.9  295s
 714198 257813 -23466.205   47   44 -23421.000 -23469.000  0.20%  46.9  301s
 726310 261930     cutoff   67      -23421.000 -23469.000  0.20%  46.9  305s
 739199 265996 -23463.869   29   56 -23421.000 -23469.000  0.20%  46.9  310s
 749571 269264 -23450.113   56   73 -23421.000 -23469.000  0.20%  46.9  315s
 759208 273491     cutoff   85      -23421.000 -23469.000  0.20%  46.9  320s
 776028 277638 -23444.359   52   65 -23421.000 -23469.000  0.20%  46.9  325s
 788908 281872     cutoff   57      -23421.000 -23469.000  0.20%  46.9  330s
 798133 285004 -23469.000   59   65 -23421.000 -23469.000  0.20%  46.9  335s
 812540 289383     cutoff   67      -23421.000 -23469.000  0.20%  46.9  340s
 826090 293936 -23461.271   64   47 -23421.000 -23469.000  0.20%  46.9  345s
 838583 297906     cutoff   57      -23421.000 -23469.000  0.20%  46.9  350s
 850702 301585 -23466.047   55   47 -23421.000 -23469.000  0.20%  46.9  355s
 863402 305210 -23448.774   41   76 -23421.000 -23469.000  0.20%  47.0  360s
 873644 308014 -23469.000   49   39 -23421.000 -23469.000  0.20%  47.0  365s
 886253 313133 -23468.773   34   57 -23421.000 -23469.000  0.20%  47.1  370s
 897554 317280 -23464.215   36   52 -23421.000 -23469.000  0.20%  47.0  375s
 909234 321222 -23431.810   77   34 -23421.000 -23469.000  0.20%  47.1  380s
 920990 325522 -23469.000   61   28 -23421.000 -23469.000  0.20%  47.2  385s
 932684 329500     cutoff   36      -23421.000 -23469.000  0.20%  47.2  390s
 944348 333082 -23469.000   72   53 -23421.000 -23469.000  0.20%  47.2  395s
 957973 337096 -23464.180   50   57 -23421.000 -23469.000  0.20%  47.2  400s
 968081 340106 -23459.881   68   45 -23421.000 -23469.000  0.20%  47.2  405s
 984136 344784 -23453.739   53   73 -23421.000 -23469.000  0.20%  47.2  410s
 994921 347918     cutoff   74      -23421.000 -23469.000  0.20%  47.2  415s
 1005137 350375 -23468.104   57   41 -23421.000 -23469.000  0.20%  47.2  420s
 1018443 354596 -23446.981   66   44 -23421.000 -23469.000  0.20%  47.2  425s
 1031394 358781 -23449.068   77   39 -23421.000 -23469.000  0.20%  47.2  430s
 1043588 363499 -23469.000   59   40 -23421.000 -23469.000  0.20%  47.2  436s
 1055805 366680 -23451.499   72   55 -23421.000 -23469.000  0.20%  47.2  440s
 1064113 369779 -23466.233   92   38 -23421.000 -23469.000  0.20%  47.2  445s
 1078952 372703 -23469.000   60   35 -23421.000 -23469.000  0.20%  47.2  450s
 1092644 376398 -23469.000   58   34 -23421.000 -23469.000  0.20%  47.1  455s
 1104765 380504 -23456.881   43   54 -23421.000 -23469.000  0.20%  47.3  460s
 1118102 384486     cutoff   51      -23421.000 -23469.000  0.20%  47.3  465s
 1129758 387886 -23469.000   61   52 -23421.000 -23469.000  0.20%  47.3  470s
 1142366 391938 -23432.422   39   30 -23421.000 -23469.000  0.20%  47.4  475s
 1153204 395145 -23469.000   31   38 -23421.000 -23469.000  0.20%  47.4  480s
 1169080 399800 -23435.812   58   53 -23421.000 -23469.000  0.20%  47.4  485s
 1181810 403219 -23445.934   59   53 -23421.000 -23469.000  0.20%  47.4  490s
 1194287 407271 -23428.457   51   54 -23421.000 -23469.000  0.20%  47.4  495s
 1203688 410315 -23463.950   48   39 -23421.000 -23469.000  0.20%  47.4  500s
 1220165 414943 -23469.000   37   31 -23421.000 -23469.000  0.20%  47.4  505s
 1231659 418600 -23469.000   49   38 -23421.000 -23469.000  0.20%  47.4  510s
 1242243 421820     cutoff   22      -23421.000 -23469.000  0.20%  47.4  515s
 1253915 425355 -23453.082   42   53 -23421.000 -23469.000  0.20%  47.4  520s
 1266534 429536 -23438.059   45   36 -23421.000 -23469.000  0.20%  47.5  525s
 1276501 432735 -23463.026   46   45 -23421.000 -23469.000  0.20%  47.5  530s
 1288082 436118 -23444.376   66   45 -23421.000 -23469.000  0.20%  47.5  535s
 1305049 441673 -23464.141   41   51 -23421.000 -23469.000  0.20%  47.5  540s
 1315721 444724     cutoff   44      -23421.000 -23469.000  0.20%  47.5  545s
 1329952 448629 -23442.232   67   39 -23421.000 -23469.000  0.20%  47.5  550s
 1347262 454103 -23426.156   97   54 -23421.000 -23468.780  0.20%  47.2  555s
 1371876 462185 -23445.469   72   38 -23421.000 -23468.570  0.20%  46.7  560s
 1400615 471465 -23454.581   54   40 -23421.000 -23468.373  0.20%  46.2  565s
 1429872 480100 -23444.703   64   42 -23421.000 -23468.195  0.20%  45.7  570s
 1458493 488993     cutoff   54      -23421.000 -23468.024  0.20%  45.2  575s
 1486409 497529     cutoff   53      -23421.000 -23467.870  0.20%  44.8  580s
 1515434 505972     cutoff   56      -23421.000 -23467.713  0.20%  44.4  585s
 1544558 514927 -23458.647   46   47 -23421.000 -23467.572  0.20%  43.9  590s
 1573052 523342     cutoff   95      -23421.000 -23467.432  0.20%  43.5  595s
 1602506 531750 -23439.257   64   32 -23421.000 -23467.294  0.20%  43.1  600s

Cutting planes:
  Gomory: 26
  Cover: 61
  Clique: 25
  MIR: 54
  StrongCG: 44
  Flow cover: 34
  GUB cover: 1
  Zero half: 14

Explored 1602551 nodes (69121424 simplex iterations) in 600.00 seconds (953.44 work units)
Thread count was 4 (of 56 available processors)

Solution count 10: -23421 -23359 -23326 ... -22986

Time limit reached
Best objective -2.342100000000e+04, best bound -2.346700000000e+04, gap 0.1964%
