
Gurobi 9.5.0 (linux64) logging started Sun Apr 10 17:22:54 2022

Set parameter LogFile to value "/local_workspace/chenrui/LogFiles/MKAP/probT1_10e3_0U_R50_T002_M010_N0040_seed05_objLB_600.log"
Gurobi Optimizer version 9.5.0 build v9.5.0rc5 (linux64)
Thread count: 56 physical cores, 56 logical processors, using up to 4 threads
Optimize a model with 71 rows, 420 columns and 1240 nonzeros
Model fingerprint: 0x8c6bc392
Variable types: 0 continuous, 420 integer (420 binary)
Coefficient statistics:
  Matrix range     [1e+00, 2e+03]
  Objective range  [4e+01, 1e+03]
  Bounds range     [1e+00, 1e+00]
  RHS range        [1e+00, 2e+04]
Found heuristic solution: objective 0.0000000
Presolve removed 10 rows and 113 columns
Presolve time: 0.00s
Presolved: 61 rows, 307 columns, 911 nonzeros
Variable types: 0 continuous, 307 integer (307 binary)
Found heuristic solution: objective -12493.00000

Root relaxation: objective -1.559200e+04, 115 iterations, 0.00 seconds (0.00 work units)

    Nodes    |    Current Node    |     Objective Bounds      |     Work
 Expl Unexpl |  Obj  Depth IntInf | Incumbent    BestBd   Gap | It/Node Time

     0     0 -15592.000    0   17 -12493.000 -15592.000  24.8%     -    0s
H    0     0                    -14254.00000 -15592.000  9.39%     -    0s
H    0     0                    -14654.00000 -15592.000  6.40%     -    0s
H    0     0                    -15031.00000 -15592.000  3.73%     -    0s
     0     0 -15578.549    0   33 -15031.000 -15578.549  3.64%     -    0s
     0     0 -15578.549    0   38 -15031.000 -15578.549  3.64%     -    0s
H    0     0                    -15192.00000 -15552.065  2.37%     -    0s
     0     0 -15552.065    0   43 -15192.000 -15552.065  2.37%     -    0s
     0     0 -15551.847    0   44 -15192.000 -15551.847  2.37%     -    0s
     0     0 -15551.704    0   48 -15192.000 -15551.704  2.37%     -    0s
     0     0 -15551.704    0   50 -15192.000 -15551.704  2.37%     -    0s
     0     0 -15550.538    0   36 -15192.000 -15550.538  2.36%     -    0s
H    0     0                    -15431.00000 -15550.507  0.77%     -    0s
     0     0 -15550.507    0   47 -15431.000 -15550.507  0.77%     -    0s
     0     0 -15550.327    0   53 -15431.000 -15550.327  0.77%     -    0s
     0     0 -15550.327    0   48 -15431.000 -15550.327  0.77%     -    0s
     0     0 -15550.044    0   47 -15431.000 -15550.044  0.77%     -    0s
     0     0 -15549.984    0   52 -15431.000 -15549.984  0.77%     -    0s
     0     0 -15549.918    0   61 -15431.000 -15549.918  0.77%     -    0s
     0     0 -15549.918    0   58 -15431.000 -15549.918  0.77%     -    0s
     0     0 -15549.729    0   55 -15431.000 -15549.729  0.77%     -    0s
     0     0 -15549.589    0   54 -15431.000 -15549.589  0.77%     -    0s
     0     0 -15549.367    0   54 -15431.000 -15549.367  0.77%     -    0s
     0     0 -15549.367    0   57 -15431.000 -15549.367  0.77%     -    0s
     0     0 -15549.337    0   61 -15431.000 -15549.337  0.77%     -    0s
     0     0 -15549.337    0   54 -15431.000 -15549.337  0.77%     -    0s
     0     0 -15549.297    0   53 -15431.000 -15549.297  0.77%     -    0s
     0     0 -15549.273    0   58 -15431.000 -15549.273  0.77%     -    0s
     0     0 -15549.117    0   62 -15431.000 -15549.117  0.77%     -    0s
     0     0 -15549.117    0   50 -15431.000 -15549.117  0.77%     -    0s
     0     0 -15548.308    0   17 -15431.000 -15548.308  0.76%     -    0s
     0     0 -15548.308    0   39 -15431.000 -15548.308  0.76%     -    0s
     0     0 -15548.308    0   41 -15431.000 -15548.308  0.76%     -    0s
     0     0 -15548.308    0   51 -15431.000 -15548.308  0.76%     -    0s
     0     0 -15548.308    0   55 -15431.000 -15548.308  0.76%     -    0s
     0     0 -15548.308    0   54 -15431.000 -15548.308  0.76%     -    0s
     0     0 -15548.308    0   55 -15431.000 -15548.308  0.76%     -    0s
     0     0 -15548.308    0   58 -15431.000 -15548.308  0.76%     -    0s
     0     0 -15548.308    0   59 -15431.000 -15548.308  0.76%     -    0s
     0     0 -15548.308    0   61 -15431.000 -15548.308  0.76%     -    0s
     0     0 -15548.308    0   47 -15431.000 -15548.308  0.76%     -    0s
     0     2 -15548.308    0   47 -15431.000 -15548.308  0.76%     -    0s
H 1387   725                    -15440.00000 -15522.973  0.54%  15.7    0s
 15735  1611 -15471.996   37   87 -15440.000 -15479.421  0.26%  30.3    5s

Cutting planes:
  Gomory: 9
  Cover: 329
  Clique: 11
  MIR: 106
  StrongCG: 58
  Flow cover: 25
  GUB cover: 2
  Inf proof: 6
  Zero half: 4
  RLT: 1

Explored 27522 nodes (679338 simplex iterations) in 6.85 seconds (9.63 work units)
Thread count was 4 (of 56 available processors)

Solution count 8: -15440 -15431 -15192 ... 0
No other solutions better than -15440

Optimal solution found (tolerance 1.00e-04)
Best objective -1.544000000000e+04, best bound -1.544000000000e+04, gap 0.0000%
