
Gurobi 9.5.0 (linux64) logging started Mon Apr 11 09:05:58 2022

Set parameter LogFile to value "/local_workspace/chenrui/LogFiles/MKAP/probT1_10e3_1W_R50_T005_M020_N0060_seed06_DWcutsT4_600.log"
Gurobi Optimizer version 9.5.0 build v9.5.0rc5 (linux64)
Thread count: 56 physical cores, 56 logical processors, using up to 4 threads
Optimize a model with 1715 rows, 1300 columns and 19349 nonzeros
Model fingerprint: 0x43145d48
Variable types: 0 continuous, 1300 integer (1300 binary)
Coefficient statistics:
  Matrix range     [1e-13, 3e+03]
  Objective range  [1e+02, 9e+02]
  Bounds range     [1e+00, 1e+00]
  RHS range        [1e-13, 4e+02]
Warning: Model contains large matrix coefficient range
         Consider reformulating model or setting NumericFocus parameter
         to avoid numerical issues.
Found heuristic solution: objective 0.0000000
Presolve removed 761 rows and 401 columns
Presolve time: 0.08s
Presolved: 954 rows, 899 columns, 9757 nonzeros
Variable types: 0 continuous, 899 integer (899 binary)
Found heuristic solution: objective -10213.00000

Root relaxation: objective -1.963654e+04, 1591 iterations, 0.05 seconds (0.05 work units)

    Nodes    |    Current Node    |     Objective Bounds      |     Work
 Expl Unexpl |  Obj  Depth IntInf | Incumbent    BestBd   Gap | It/Node Time

     0     0 -19636.539    0  126 -10213.000 -19636.539  92.3%     -    0s
H    0     0                    -18356.00000 -19636.539  6.98%     -    0s
H    0     0                    -18493.00000 -19636.539  6.18%     -    0s
H    0     0                    -19235.00000 -19636.539  2.09%     -    0s
     0     0 -19602.702    0  141 -19235.000 -19602.702  1.91%     -    0s
     0     0 -19599.548    0  119 -19235.000 -19599.548  1.90%     -    0s
     0     0 -19599.548    0  121 -19235.000 -19599.548  1.90%     -    0s
     0     0 -19599.548    0  124 -19235.000 -19599.548  1.90%     -    0s
H    0     0                    -19296.00000 -19599.548  1.57%     -    0s
H    0     0                    -19356.00000 -19599.548  1.26%     -    0s
     0     0 -19599.548    0  124 -19356.000 -19599.548  1.26%     -    0s
     0     0 -19599.548    0  124 -19356.000 -19599.548  1.26%     -    0s
     0     0 -19599.548    0  124 -19356.000 -19599.548  1.26%     -    0s
H    0     2                    -19372.00000 -19599.548  1.17%     -    0s
     0     2 -19599.548    0  124 -19372.000 -19599.548  1.17%     -    0s
H   24    30                    -19462.00000 -19598.525  0.70%  81.1    0s
* 1192   815              31    -19527.00000 -19579.948  0.27%  56.6    3s
  2571   664 -19544.499   24   88 -19527.000 -19563.099  0.18%  59.2    5s

Cutting planes:
  Gomory: 2
  Cover: 13
  Clique: 1
  MIR: 18
  StrongCG: 9
  Flow cover: 10
  Zero half: 1
  RLT: 1

Explored 4459 nodes (246026 simplex iterations) in 6.12 seconds (9.40 work units)
Thread count was 4 (of 56 available processors)

Solution count 10: -19527 -19462 -19372 ... 0
No other solutions better than -19527

Optimal solution found (tolerance 1.00e-04)
Best objective -1.952700000000e+04, best bound -1.952700000000e+04, gap 0.0000%
