
Gurobi 9.5.0 (linux64) logging started Mon Apr 11 09:50:34 2022

Set parameter LogFile to value "/local_workspace/chenrui/LogFiles/MKAP/probT1_10e3_0U_R50_T002_M010_N0040_seed03_DWcutsT4_600.log"
Gurobi Optimizer version 9.5.0 build v9.5.0rc5 (linux64)
Thread count: 56 physical cores, 56 logical processors, using up to 4 threads
Optimize a model with 296 rows, 420 columns and 5254 nonzeros
Model fingerprint: 0x4e6cd7ac
Variable types: 0 continuous, 420 integer (420 binary)
Coefficient statistics:
  Matrix range     [1e-13, 2e+03]
  Objective range  [2e+01, 1e+03]
  Bounds range     [1e+00, 1e+00]
  RHS range        [6e-12, 1e+02]
Warning: Model contains large matrix coefficient range
         Consider reformulating model or setting NumericFocus parameter
         to avoid numerical issues.
Found heuristic solution: objective 0.0000000
Presolve removed 83 rows and 111 columns
Presolve time: 0.02s
Presolved: 213 rows, 309 columns, 3344 nonzeros
Variable types: 0 continuous, 309 integer (309 binary)
Found heuristic solution: objective -14173.00000

Root relaxation: objective -1.551185e+04, 649 iterations, 0.01 seconds (0.01 work units)

    Nodes    |    Current Node    |     Objective Bounds      |     Work
 Expl Unexpl |  Obj  Depth IntInf | Incumbent    BestBd   Gap | It/Node Time

     0     0 -15511.852    0   14 -14173.000 -15511.852  9.45%     -    0s
H    0     0                    -15168.00000 -15511.852  2.27%     -    0s
     0     0 -15457.315    0   33 -15168.000 -15457.315  1.91%     -    0s
     0     0 -15457.315    0   32 -15168.000 -15457.315  1.91%     -    0s
     0     0 -15457.315    0   37 -15168.000 -15457.315  1.91%     -    0s
     0     0 -15457.315    0   35 -15168.000 -15457.315  1.91%     -    0s
H    0     0                    -15256.00000 -15457.315  1.32%     -    0s
     0     0 -15457.315    0   44 -15256.000 -15457.315  1.32%     -    0s
     0     0 -15457.315    0   44 -15256.000 -15457.315  1.32%     -    0s
     0     2 -15457.315    0   44 -15256.000 -15457.315  1.32%     -    0s
H  139   127                    -15336.00000 -15457.315  0.79%  24.7    0s

Cutting planes:
  Gomory: 2
  Cover: 28
  Clique: 1
  MIR: 67
  StrongCG: 39
  Flow cover: 11

Explored 6213 nodes (136509 simplex iterations) in 2.84 seconds (3.47 work units)
Thread count was 4 (of 56 available processors)

Solution count 5: -15336 -15256 -15168 ... 0
No other solutions better than -15336

Optimal solution found (tolerance 1.00e-04)
Best objective -1.533600000000e+04, best bound -1.533600000000e+04, gap 0.0000%
