
Gurobi 9.5.0 (linux64) logging started Mon Apr 11 13:22:42 2022

Set parameter LogFile to value "/local_workspace/chenrui/LogFiles/MKAP/probT1_10e3_0U_R50_T005_M010_N0060_seed03_DWcutsT1_600.log"
Gurobi Optimizer version 9.5.0 build v9.5.0rc5 (linux64)
Thread count: 56 physical cores, 56 logical processors, using up to 4 threads
Optimize a model with 220 rows, 650 columns and 2581 nonzeros
Model fingerprint: 0x809a96ee
Variable types: 0 continuous, 650 integer (650 binary)
Coefficient statistics:
  Matrix range     [1e-13, 3e+03]
  Objective range  [2e+01, 1e+03]
  Bounds range     [1e+00, 1e+00]
  RHS range        [1e-13, 1e+00]
Warning: Model contains large matrix coefficient range
         Consider reformulating model or setting NumericFocus parameter
         to avoid numerical issues.
Found heuristic solution: objective 0.0000000
Presolve removed 23 rows and 137 columns
Presolve time: 0.01s
Presolved: 197 rows, 513 columns, 1980 nonzeros
Found heuristic solution: objective -8824.000000
Variable types: 0 continuous, 513 integer (513 binary)

Root relaxation: objective -2.357077e+04, 1222 iterations, 0.02 seconds (0.01 work units)

    Nodes    |    Current Node    |     Objective Bounds      |     Work
 Expl Unexpl |  Obj  Depth IntInf | Incumbent    BestBd   Gap | It/Node Time

     0     0 -23570.773    0   74 -8824.0000 -23570.773   167%     -    0s
H    0     0                    -21606.00000 -23570.773  9.09%     -    0s
H    0     0                    -22001.00000 -23570.773  7.14%     -    0s
     0     0 -23570.773    0  104 -22001.000 -23570.773  7.14%     -    0s
     0     0 -23570.773    0   94 -22001.000 -23570.773  7.14%     -    0s
     0     0 -23570.773    0   68 -22001.000 -23570.773  7.14%     -    0s
H    0     0                    -22412.00000 -23570.773  5.17%     -    0s
     0     0 -23570.773    0   70 -22412.000 -23570.773  5.17%     -    0s
H    0     0                    -22664.00000 -23570.773  4.00%     -    0s
     0     0 -23570.773    0   78 -22664.000 -23570.773  4.00%     -    0s
     0     0 -23570.773    0   75 -22664.000 -23570.773  4.00%     -    0s
     0     2 -23570.773    0   75 -22664.000 -23570.773  4.00%     -    0s
H   31    60                    -22912.00000 -23570.773  2.88%  69.5    0s
H   45    60                    -23094.00000 -23570.773  2.06%  51.3    0s
H 1028   549                    -23177.00000 -23569.629  1.69%  26.5    0s
H10798  1947                    -23303.00000 -23518.153  0.92%  16.5    2s

Explored 36989 nodes (424455 simplex iterations) in 3.73 seconds (3.76 work units)
Thread count was 4 (of 56 available processors)

Solution count 10: -23303 -23177 -23094 ... 0
No other solutions better than -23303

Optimal solution found (tolerance 1.00e-04)
Best objective -2.330300000000e+04, best bound -2.330300000000e+04, gap 0.0000%
