
Gurobi 9.5.0 (linux64) logging started Mon Apr 11 21:17:53 2022

Set parameter LogFile to value "/local_workspace/chenrui/LogFiles/MKAP/probT1_10e3_2S_R50_T005_M010_N0060_seed09_DWcutsT6_600.log"
Gurobi Optimizer version 9.5.0 build v9.5.0rc5 (linux64)
Thread count: 56 physical cores, 56 logical processors, using up to 4 threads
Optimize a model with 3302 rows, 650 columns and 37955 nonzeros
Model fingerprint: 0x3571a57f
Variable types: 0 continuous, 650 integer (650 binary)
Coefficient statistics:
  Matrix range     [1e-13, 6e+03]
  Objective range  [2e+02, 1e+03]
  Bounds range     [1e+00, 1e+00]
  RHS range        [5e-09, 2e+01]
Warning: Model contains large matrix coefficient range
         Consider reformulating model or setting NumericFocus parameter
         to avoid numerical issues.
Found heuristic solution: objective 0.0000000
Presolve removed 952 rows and 60 columns
Presolve time: 0.21s
Presolved: 2350 rows, 590 columns, 27784 nonzeros
Variable types: 0 continuous, 590 integer (590 binary)
Found heuristic solution: objective -10441.00000

Root relaxation: objective -2.373838e+04, 1809 iterations, 0.14 seconds (0.24 work units)

    Nodes    |    Current Node    |     Objective Bounds      |     Work
 Expl Unexpl |  Obj  Depth IntInf | Incumbent    BestBd   Gap | It/Node Time

     0     0 -23738.382    0  160 -10441.000 -23738.382   127%     -    0s
H    0     0                    -22188.00000 -23738.382  6.99%     -    0s
H    0     0                    -22392.00000 -23738.382  6.01%     -    0s
H    0     0                    -22904.00000 -23738.382  3.64%     -    0s
     0     0 -23727.696    0  171 -22904.000 -23727.696  3.60%     -    0s
     0     0 -23717.947    0  176 -22904.000 -23717.947  3.55%     -    0s
H    0     0                    -23146.00000 -23717.947  2.47%     -    0s
     0     0 -23717.355    0  191 -23146.000 -23717.355  2.47%     -    0s
     0     0 -23717.198    0  191 -23146.000 -23717.198  2.47%     -    0s
     0     0 -23717.193    0  191 -23146.000 -23717.193  2.47%     -    0s
     0     0 -23717.138    0  190 -23146.000 -23717.138  2.47%     -    0s
     0     0 -23717.138    0  190 -23146.000 -23717.138  2.47%     -    1s
H    0     0                    -23233.00000 -23717.138  2.08%     -    1s
     0     2 -23717.138    0  190 -23233.000 -23717.138  2.08%     -    1s
H   28    33                    -23277.00000 -23712.154  1.87%   161    1s
H  153   136                    -23435.00000 -23712.154  1.18%  51.2    1s
H  340   218                    -23473.00000 -23706.268  0.99%  50.9    1s
  1033   525 -23645.022   11  192 -23473.000 -23695.681  0.95%  46.5    5s
H 1093   542                    -23508.00000 -23695.681  0.80%  56.2    7s
  1958   757 -23600.001   19  131 -23508.000 -23682.905  0.74%  65.1   10s
  4780  2012     cutoff   18      -23508.000 -23656.880  0.63%  68.2   15s
  8513  3477 -23515.118   26  103 -23508.000 -23635.122  0.54%  65.9   20s
* 9299  3839              40    -23511.00000 -23632.800  0.52%  66.0   20s
H11726  4616                    -23513.00000 -23624.021  0.47%  64.3   22s
H13125  4938                    -23521.00000 -23621.251  0.43%  62.9   24s
 14326  5417 -23543.059   25   87 -23521.000 -23618.306  0.41%  62.4   25s
 20757  7198     cutoff   36      -23521.000 -23606.869  0.37%  58.5   42s
 24174  7768 -23567.358   25  107 -23521.000 -23602.102  0.34%  58.0   45s
 29229  8546 -23524.256   26   47 -23521.000 -23595.437  0.32%  58.0   50s
 35852  9246     cutoff   31      -23521.000 -23588.611  0.29%  57.6   55s
 42331  9690 infeasible   33      -23521.000 -23582.593  0.26%  56.9   60s
 48921 10014 -23556.518   28  145 -23521.000 -23577.787  0.24%  56.3   65s
 55871 10211 -23557.624   23  104 -23521.000 -23572.926  0.22%  55.3   70s
 63278 10127     cutoff   30      -23521.000 -23567.860  0.20%  54.3   75s
 71033  9519     cutoff   25      -23521.000 -23562.275  0.18%  53.6   80s
 77832  8450 -23540.273   28    3 -23521.000 -23556.954  0.15%  53.0   85s
 86276  6459     cutoff   48      -23521.000 -23549.695  0.12%  52.0   90s
 95578  2621     cutoff   34      -23521.000 -23538.761  0.08%  50.6   95s

Cutting planes:
  Gomory: 6
  Cover: 79
  MIR: 205
  StrongCG: 97
  Flow cover: 48
  GUB cover: 12
  Zero half: 15

Explored 100192 nodes (4951531 simplex iterations) in 96.85 seconds (214.63 work units)
Thread count was 4 (of 56 available processors)

Solution count 10: -23521 -23513 -23511 ... -22904
No other solutions better than -23521

Optimal solution found (tolerance 1.00e-04)
Best objective -2.352100000000e+04, best bound -2.352100000000e+04, gap 0.0000%
