
Gurobi 9.5.0 (linux64) logging started Wed Apr 13 17:51:22 2022

Set parameter LogFile to value "/local_workspace/chenrui/LogFiles/MKAP/probT2_10e3_0U_R50_T002_M010_N0060_seed01_DWcutsT1_600.log"
Gurobi Optimizer version 9.5.0 build v9.5.0rc5 (linux64)
Thread count: 56 physical cores, 56 logical processors, using up to 4 threads
Optimize a model with 130 rows, 620 columns and 2479 nonzeros
Model fingerprint: 0xa5e1fde4
Variable types: 0 continuous, 620 integer (620 binary)
Coefficient statistics:
  Matrix range     [6e-11, 3e+03]
  Objective range  [2e+01, 1e+03]
  Bounds range     [1e+00, 1e+00]
  RHS range        [9e-12, 8e+00]
Warning: Model contains large matrix coefficient range
         Consider reformulating model or setting NumericFocus parameter
         to avoid numerical issues.
Found heuristic solution: objective 0.0000000
Presolve removed 10 rows and 94 columns
Presolve time: 0.01s
Presolved: 120 rows, 526 columns, 2118 nonzeros
Variable types: 0 continuous, 526 integer (526 binary)
Found heuristic solution: objective -17868.00000

Root relaxation: objective -2.671637e+04, 454 iterations, 0.01 seconds (0.01 work units)

    Nodes    |    Current Node    |     Objective Bounds      |     Work
 Expl Unexpl |  Obj  Depth IntInf | Incumbent    BestBd   Gap | It/Node Time

     0     0 -26716.365    0   41 -17868.000 -26716.365  49.5%     -    0s
H    0     0                    -25947.00000 -26716.365  2.97%     -    0s
H    0     0                    -26047.00000 -26716.365  2.57%     -    0s
H    0     0                    -26432.00000 -26716.365  1.08%     -    0s
     0     0 -26716.365    0   71 -26432.000 -26716.365  1.08%     -    0s
     0     0 -26716.365    0   54 -26432.000 -26716.365  1.08%     -    0s
     0     0 -26716.365    0   48 -26432.000 -26716.365  1.08%     -    0s
     0     0 -26716.365    0   49 -26432.000 -26716.365  1.08%     -    0s
     0     0 -26716.365    0   54 -26432.000 -26716.365  1.08%     -    0s
     0     0 -26716.365    0   54 -26432.000 -26716.365  1.08%     -    0s
     0     0 -26716.365    0   53 -26432.000 -26716.365  1.08%     -    0s
     0     2 -26716.365    0   49 -26432.000 -26716.365  1.08%     -    0s
H  805   750                    -26502.00000 -26716.237  0.81%  14.0    0s
*58254 16631              94    -26593.00000 -26712.041  0.45%  10.1    4s
 61388 17081 -26621.054   35   18 -26593.000 -26711.912  0.45%  10.2    5s
 151459 20603 -26599.110   49   17 -26593.000 -26672.020  0.30%  12.3   10s
 300096 74534     cutoff   45      -26593.000 -26647.409  0.20%   9.1   15s
 453012 135004 -26599.450   60   15 -26593.000 -26643.966  0.19%   7.9   20s
 589157 133057 -26627.154   57   17 -26593.000 -26631.051  0.14%   7.5   25s
 727087 156023 -26598.395   60   21 -26593.000 -26626.225  0.12%   7.2   30s
 848906 142770 -26600.101   31   18 -26593.000 -26617.915  0.09%   7.1   35s
 968643 137279 -26598.240   61   20 -26593.000 -26605.638  0.05%   7.0   40s
 1096865 129329 -26602.748   49   31 -26593.000 -26602.748  0.04%   6.8   45s
 1217154 130423 -26601.805   49   14 -26593.000 -26601.805  0.03%   6.8   50s
 1324479 126676     cutoff   63      -26593.000 -26601.326  0.03%   6.8   55s
 1433638 127374 -26600.847   62   17 -26593.000 -26601.326  0.03%   6.9   60s
 1542021 120201     cutoff   65      -26593.000 -26600.513  0.03%   7.0   65s
 1645494 118601     cutoff   46      -26593.000 -26599.889  0.03%   7.0   70s
 1758879 112681 infeasible   62      -26593.000 -26599.411  0.02%   7.0   75s
 1873835 110151 -26599.014   60   19 -26593.000 -26599.411  0.02%   7.0   80s
 1982898 101091     cutoff   58      -26593.000 -26599.019  0.02%   7.0   85s
 2084535 91360 -26598.453   68   13 -26593.000 -26598.453  0.02%   7.0   90s
 2212814 83647 infeasible   62      -26593.000 -26598.247  0.02%   7.0   95s
 2337374 75559 -26595.964   53   19 -26593.000 -26597.887  0.02%   6.9  100s
 2456863 64002 -26597.495   54   15 -26593.000 -26597.495  0.02%   6.8  105s
 2585288 41894 -26596.628   68   21 -26593.000 -26596.633  0.01%   6.8  110s

Cutting planes:
  Cover: 7
  MIR: 7
  StrongCG: 2
  Flow cover: 5
  Zero half: 1
  RLT: 1
  Relax-and-lift: 2

Explored 2682610 nodes (18018496 simplex iterations) in 113.63 seconds (119.95 work units)
Thread count was 4 (of 56 available processors)

Solution count 7: -26593 -26502 -26432 ... 0

Optimal solution found (tolerance 1.00e-04)
Best objective -2.659300000000e+04, best bound -2.659500000000e+04, gap 0.0075%
