
Gurobi 9.5.0 (linux64) logging started Tue Apr 12 05:08:15 2022

Set parameter LogFile to value "/local_workspace/chenrui/LogFiles/MKAP/probT1_10e3_2S_R50_T005_M020_N0060_seed04_DWcutsT5_600.log"
Gurobi Optimizer version 9.5.0 build v9.5.0rc5 (linux64)
Thread count: 56 physical cores, 56 logical processors, using up to 4 threads
Optimize a model with 3326 rows, 1300 columns and 34944 nonzeros
Model fingerprint: 0x56bd0018
Variable types: 0 continuous, 1300 integer (1300 binary)
Coefficient statistics:
  Matrix range     [1e-13, 5e+03]
  Objective range  [3e+02, 1e+03]
  Bounds range     [1e+00, 1e+00]
  RHS range        [1e-13, 3e+02]
Warning: Model contains large matrix coefficient range
         Consider reformulating model or setting NumericFocus parameter
         to avoid numerical issues.
Found heuristic solution: objective 0.0000000
Presolve removed 1895 rows and 434 columns
Presolve time: 0.17s
Presolved: 1431 rows, 866 columns, 16360 nonzeros
Variable types: 0 continuous, 866 integer (866 binary)
Found heuristic solution: objective -13514.00000

Root relaxation: objective -2.388422e+04, 1815 iterations, 0.08 seconds (0.10 work units)

    Nodes    |    Current Node    |     Objective Bounds      |     Work
 Expl Unexpl |  Obj  Depth IntInf | Incumbent    BestBd   Gap | It/Node Time

     0     0 -23884.219    0  107 -13514.000 -23884.219  76.7%     -    0s
H    0     0                    -22530.00000 -23884.219  6.01%     -    0s
H    0     0                    -22782.00000 -23884.219  4.84%     -    0s
H    0     0                    -22818.00000 -23884.219  4.67%     -    0s
H    0     0                    -23138.00000 -23844.093  3.05%     -    0s
     0     0 -23844.093    0  164 -23138.000 -23844.093  3.05%     -    0s
     0     0 -23840.673    0  168 -23138.000 -23840.673  3.04%     -    0s
H    0     0                    -23266.00000 -23840.673  2.47%     -    0s
H    0     0                    -23283.00000 -23840.673  2.40%     -    0s
H    0     0                    -23289.00000 -23840.621  2.37%     -    0s
     0     0 -23840.621    0  167 -23289.000 -23840.621  2.37%     -    0s
     0     0 -23840.405    0  172 -23289.000 -23840.405  2.37%     -    0s
     0     0 -23840.401    0  177 -23289.000 -23840.401  2.37%     -    0s
     0     0 -23840.401    0  177 -23289.000 -23840.401  2.37%     -    0s
H    0     0                    -23493.00000 -23840.401  1.48%     -    0s
     0     2 -23840.401    0  177 -23493.000 -23840.401  1.48%     -    0s
H   62    66                    -23585.00000 -23834.116  1.06%   127    1s
H  132   136                    -23614.00000 -23834.116  0.93%  85.8    1s
H  309   271                    -23618.00000 -23832.324  0.91%  66.5    1s
H  390   333                    -23633.00000 -23832.324  0.84%  64.9    1s
H 1071   762                    -23662.00000 -23822.138  0.68%  59.4    3s
  1117   799 -23799.902   17  106 -23662.000 -23822.138  0.68%  65.1    5s
H 1167   787                    -23669.00000 -23822.138  0.65%  67.8    5s
  4806  2412 -23793.683   20  121 -23669.000 -23803.358  0.57%  63.9   10s
  9322  5059 -23719.220   29   95 -23669.000 -23793.337  0.53%  63.3   15s
*12397  6661              28    -23675.00000 -23788.315  0.48%  62.1   17s
 14764  7749 -23677.187   35   37 -23675.000 -23784.302  0.46%  62.4   20s
 21033 10266 -23677.205   30  177 -23675.000 -23776.608  0.43%  61.8   28s
 21042 10275 -23776.608   25  149 -23675.000 -23776.608  0.43%  61.9   30s
 21260 10352 -23776.608   30  140 -23675.000 -23776.608  0.43%  62.3   35s
 25110 11550 -23707.038   46  101 -23675.000 -23776.608  0.43%  62.3   40s
 30594 12739 -23759.465   42   94 -23675.000 -23776.608  0.43%  62.2   45s
 36795 13428 -23762.493   34   92 -23675.000 -23776.342  0.43%  62.3   50s
 42787 13833 -23690.477   49   27 -23675.000 -23770.625  0.40%  62.1   55s
 48965 13999     cutoff   55      -23675.000 -23765.768  0.38%  61.8   60s
 55162 15041 -23751.685   45   93 -23675.000 -23761.693  0.37%  61.6   65s
 61819 17103 -23735.074   43  117 -23675.000 -23757.691  0.35%  61.3   70s
*65599 17973              42    -23680.00000 -23755.744  0.32%  61.1   73s
 67696 18586 -23695.927   48   91 -23680.000 -23754.859  0.32%  61.0   75s
 74400 20213 -23723.354   38   74 -23680.000 -23751.816  0.30%  60.7   80s
 80833 21608 -23726.727   38  127 -23680.000 -23749.013  0.29%  60.5   85s
 88297 22988 -23710.017   47  118 -23680.000 -23746.410  0.28%  60.3   90s
 94922 24141 -23732.806   44   40 -23680.000 -23744.257  0.27%  60.1   95s
 101916 25317     cutoff   43      -23680.000 -23742.281  0.26%  59.9  100s
 108692 26366 -23700.748   37   80 -23680.000 -23740.449  0.26%  59.7  105s
 115050 27289 -23721.424   39  142 -23680.000 -23738.860  0.25%  59.4  110s
 122295 28214 -23697.375   47   49 -23680.000 -23737.085  0.24%  59.1  115s
 129474 29125 -23708.540   36   74 -23680.000 -23735.347  0.23%  58.8  120s
 137117 29867 -23711.169   48   59 -23680.000 -23733.719  0.23%  58.6  125s
 144394 30576 -23703.060   44  100 -23680.000 -23732.226  0.22%  58.3  130s
 151437 31105 -23703.129   46  113 -23680.000 -23730.662  0.21%  58.1  135s
 158204 31531 -23685.516   51   75 -23680.000 -23729.411  0.21%  58.0  140s
 165653 31906 -23688.375   50   41 -23680.000 -23727.974  0.20%  57.7  145s
 172911 32249     cutoff   39      -23680.000 -23726.734  0.20%  57.4  150s
 179822 32426     cutoff   52      -23680.000 -23725.624  0.19%  57.3  155s
 187723 32548     cutoff   47      -23680.000 -23724.331  0.19%  57.0  160s
 195395 32586 -23703.494   44   66 -23680.000 -23723.074  0.18%  56.8  165s
 202280 32443     cutoff   41      -23680.000 -23721.980  0.18%  56.6  170s
 210285 32154 -23697.267   47   92 -23680.000 -23720.574  0.17%  56.4  175s
 217377 31706     cutoff   52      -23680.000 -23719.371  0.17%  56.3  180s
 225172 31045 -23699.917   42  107 -23680.000 -23718.018  0.16%  56.1  185s
 232652 30286 -23686.444   36  114 -23680.000 -23716.639  0.15%  56.1  190s
 239959 29493 -23703.092   43   86 -23680.000 -23715.475  0.15%  55.9  195s
 247824 28428 -23688.819   42   61 -23680.000 -23713.995  0.14%  55.8  200s
 255428 26969 -23692.428   36  101 -23680.000 -23712.507  0.14%  55.7  205s
 263265 25538     cutoff   52      -23680.000 -23711.058  0.13%  55.6  210s
 271024 23879 -23685.955   45   88 -23680.000 -23709.433  0.12%  55.4  215s
 278412 22100     cutoff   48      -23680.000 -23707.904  0.12%  55.3  220s
 286563 19826 -23691.495   46  120 -23680.000 -23706.102  0.11%  55.1  225s
 295690 16846 -23682.537   48  108 -23680.000 -23703.792  0.10%  54.9  230s
 303798 13391     cutoff   52      -23680.000 -23701.373  0.09%  54.6  235s
 312393  8873 -23691.534   42   73 -23680.000 -23697.939  0.08%  54.3  240s
 324464     0     cutoff   44      -23680.000 -23686.591  0.03%  53.5  245s

Cutting planes:
  Cover: 100
  MIR: 307
  StrongCG: 115
  Flow cover: 99
  GUB cover: 1
  Zero half: 11
  RLT: 1

Explored 325939 nodes (17396374 simplex iterations) in 245.02 seconds (494.37 work units)
Thread count was 4 (of 56 available processors)

Solution count 10: -23680 -23675 -23669 ... -23289
No other solutions better than -23680

Optimal solution found (tolerance 1.00e-04)
Best objective -2.368000000000e+04, best bound -2.368000000000e+04, gap 0.0000%

Gurobi 9.5.0 (linux64) logging started Tue Apr 12 16:56:31 2022

Set parameter LogFile to value "/local_workspace/chenrui/LogFiles/MKAP/probT1_10e3_2S_R50_T005_M020_N0060_seed04_DWcutsT5_600.log"
Gurobi Optimizer version 9.5.0 build v9.5.0rc5 (linux64)
Thread count: 56 physical cores, 56 logical processors, using up to 4 threads
Optimize a model with 3326 rows, 1300 columns and 34944 nonzeros
Model fingerprint: 0x56bd0018
Variable types: 0 continuous, 1300 integer (1300 binary)
Coefficient statistics:
  Matrix range     [1e-13, 5e+03]
  Objective range  [3e+02, 1e+03]
  Bounds range     [1e+00, 1e+00]
  RHS range        [1e-13, 3e+02]
Warning: Model contains large matrix coefficient range
         Consider reformulating model or setting NumericFocus parameter
         to avoid numerical issues.
Found heuristic solution: objective 0.0000000
Presolve removed 1895 rows and 434 columns
Presolve time: 0.16s
Presolved: 1431 rows, 866 columns, 16360 nonzeros
Variable types: 0 continuous, 866 integer (866 binary)
Found heuristic solution: objective -13514.00000

Root relaxation: objective -2.388422e+04, 1815 iterations, 0.08 seconds (0.10 work units)

    Nodes    |    Current Node    |     Objective Bounds      |     Work
 Expl Unexpl |  Obj  Depth IntInf | Incumbent    BestBd   Gap | It/Node Time

     0     0 -23884.219    0  107 -13514.000 -23884.219  76.7%     -    0s
H    0     0                    -22530.00000 -23884.219  6.01%     -    0s
H    0     0                    -22782.00000 -23884.219  4.84%     -    0s
H    0     0                    -22818.00000 -23884.219  4.67%     -    0s
H    0     0                    -23138.00000 -23844.093  3.05%     -    0s
     0     0 -23844.093    0  164 -23138.000 -23844.093  3.05%     -    0s
     0     0 -23840.673    0  168 -23138.000 -23840.673  3.04%     -    0s
H    0     0                    -23266.00000 -23840.673  2.47%     -    0s
H    0     0                    -23283.00000 -23840.673  2.40%     -    0s
H    0     0                    -23289.00000 -23840.621  2.37%     -    0s
     0     0 -23840.621    0  167 -23289.000 -23840.621  2.37%     -    0s
     0     0 -23840.405    0  172 -23289.000 -23840.405  2.37%     -    0s
     0     0 -23840.401    0  177 -23289.000 -23840.401  2.37%     -    0s
     0     0 -23840.401    0  177 -23289.000 -23840.401  2.37%     -    0s
H    0     0                    -23493.00000 -23840.401  1.48%     -    0s
     0     2 -23840.401    0  177 -23493.000 -23840.401  1.48%     -    0s
H   62    66                    -23585.00000 -23834.116  1.06%   127    1s
H  132   136                    -23614.00000 -23834.116  0.93%  85.8    1s
H  309   271                    -23618.00000 -23832.324  0.91%  66.5    1s
H  390   333                    -23633.00000 -23832.324  0.84%  64.9    1s
H 1071   762                    -23662.00000 -23822.138  0.68%  59.4    3s
  1123   804 -23795.536   18  104 -23662.000 -23822.138  0.68%  65.5    5s
H 1167   787                    -23669.00000 -23822.138  0.65%  67.8    5s
  4806  2412 -23793.683   20  121 -23669.000 -23803.358  0.57%  63.9   10s
  9322  5059 -23719.220   29   95 -23669.000 -23793.337  0.53%  63.3   15s
*12397  6661              28    -23675.00000 -23788.315  0.48%  62.1   17s
 15203  7998 -23715.108   30   89 -23675.000 -23783.745  0.46%  62.4   20s
 21033 10266 -23677.205   30  177 -23675.000 -23776.608  0.43%  61.8   28s
 21042 10275 -23776.608   25  149 -23675.000 -23776.608  0.43%  61.9   30s
 21275 10361 -23776.608   31  120 -23675.000 -23776.608  0.43%  62.3   35s
 25373 11625 -23760.268   35  140 -23675.000 -23776.608  0.43%  62.3   40s
 31078 12812 -23697.210   36  111 -23675.000 -23776.608  0.43%  62.3   45s
 36795 13428 -23762.493   34   92 -23675.000 -23776.342  0.43%  62.3   50s
 43341 13872 -23728.194   40  120 -23675.000 -23769.951  0.40%  62.0   55s
 49618 13988 -23710.301   38   79 -23675.000 -23765.245  0.38%  61.8   60s
 55827 15207 -23678.486   46   78 -23675.000 -23761.290  0.36%  61.5   65s
 62382 17300 -23688.656   42   84 -23675.000 -23757.518  0.35%  61.2   70s
*65599 17973              42    -23680.00000 -23755.744  0.32%  61.1   72s
 67696 18586 -23695.927   48   91 -23680.000 -23754.859  0.32%  61.0   75s
 75002 20354 -23686.868   45  115 -23680.000 -23751.607  0.30%  60.7   80s
 81460 21761 -23731.093   40   62 -23680.000 -23748.734  0.29%  60.5   85s
 88868 23106     cutoff   43      -23680.000 -23746.195  0.28%  60.2   90s
 95482 24250 -23692.306   47  119 -23680.000 -23744.057  0.27%  60.1   95s
 102541 25418     cutoff   47      -23680.000 -23742.144  0.26%  59.9  100s
 109162 26463     cutoff   46      -23680.000 -23740.353  0.25%  59.7  105s
 115663 27379 -23703.207   47  100 -23680.000 -23738.685  0.25%  59.4  110s
 122891 28296     cutoff   43      -23680.000 -23736.929  0.24%  59.0  115s
 130076 29146     cutoff   49      -23680.000 -23735.228  0.23%  58.8  120s
 137117 29867 -23711.169   48   59 -23680.000 -23733.719  0.23%  58.6  125s
 145009 30623     cutoff   50      -23680.000 -23732.078  0.22%  58.3  130s
 152102 31148     cutoff   44      -23680.000 -23730.547  0.21%  58.1  135s
 159534 31599 -23690.080   40   89 -23680.000 -23729.109  0.21%  57.9  140s
 166182 31939 -23685.455   51   54 -23680.000 -23727.881  0.20%  57.7  145s
 174083 32275     cutoff   44      -23680.000 -23726.592  0.20%  57.4  150s
 181029 32458 -23704.511   46   87 -23680.000 -23725.397  0.19%  57.2  155s
 188805 32598 -23716.021   50   61 -23680.000 -23724.175  0.19%  57.0  160s
 196621 32582 -23686.958   48   28 -23680.000 -23722.870  0.18%  56.8  165s
 203514 32356 -23694.839   45   63 -23680.000 -23721.700  0.18%  56.6  170s
 211243 32076 -23700.005   41  110 -23680.000 -23720.378  0.17%  56.4  175s
 219159 31554 -23689.391   48   74 -23680.000 -23719.018  0.16%  56.3  180s
 226360 30953 -23698.915   44   96 -23680.000 -23717.786  0.16%  56.1  185s
 233885 30121 -23681.470   45   19 -23680.000 -23716.417  0.15%  56.0  190s
 241805 29273 -23693.465   49  101 -23680.000 -23715.115  0.15%  55.9  195s
 249254 28129     cutoff   44      -23680.000 -23713.725  0.14%  55.8  200s
 257200 26700 -23709.274   40   84 -23680.000 -23712.177  0.14%  55.7  205s
 265177 25174 -23699.157   45   89 -23680.000 -23710.718  0.13%  55.5  210s
 272735 23497     cutoff   50      -23680.000 -23709.088  0.12%  55.4  215s
 280494 21555     cutoff   46      -23680.000 -23707.491  0.12%  55.3  220s
 288790 19135 -23689.982   44   86 -23680.000 -23705.576  0.11%  55.1  225s
 297038 16200 -23692.957   37   91 -23680.000 -23703.403  0.10%  54.8  230s
 305739 12434     cutoff   47      -23680.000 -23700.636  0.09%  54.6  235s
 314986  7228     cutoff   41      -23680.000 -23696.604  0.07%  54.2  240s

Cutting planes:
  Cover: 100
  MIR: 307
  StrongCG: 115
  Flow cover: 99
  GUB cover: 1
  Zero half: 11
  RLT: 1

Explored 325939 nodes (17396374 simplex iterations) in 243.83 seconds (494.37 work units)
Thread count was 4 (of 56 available processors)

Solution count 10: -23680 -23675 -23669 ... -23289
No other solutions better than -23680

Optimal solution found (tolerance 1.00e-04)
Best objective -2.368000000000e+04, best bound -2.368000000000e+04, gap 0.0000%
